<?xml version="1.0" encoding="UTF-8"?>
<testsuite xmlns:xsi="http://www.w3.org/2001/XMLSchema-instance" xsi:noNamespaceSchemaLocation="https://maven.apache.org/surefire/maven-surefire-plugin/xsd/surefire-test-report.xsd" name="org.finos.legend.engine.server.test.pureClient.stores.dbSpecific.Test_Relational_DbSpecific_Snowflake_UsingPureClientTestSuite" time="101.987" tests="188" errors="81" skipped="3" failures="0">
  <properties>
    <property name="awt.toolkit" value="sun.awt.X11.XToolkit"/>
    <property name="java.specification.version" value="11"/>
    <property name="sun.cpu.isalist" value=""/>
    <property name="sun.jnu.encoding" value="UTF-8"/>
    <property name="java.class.path" value="/home/runner/.m2/repository/org/apache/maven/surefire/surefire-booter/2.22.2/surefire-booter-2.22.2.jar:/home/runner/.m2/repository/org/apache/maven/surefire/surefire-api/2.22.2/surefire-api-2.22.2.jar:/home/runner/.m2/repository/org/apache/maven/surefire/surefire-logger-api/2.22.2/surefire-logger-api-2.22.2.jar:/home/runner/work/legend-engine/legend-engine/legend-engine-xt-relationalStore-test-server/target/test-classes:/home/runner/work/legend-engine/legend-engine/legend-engine-xt-relationalStore-test-server/target/classes:/home/runner/.m2/repository/org/finos/legend/pure/legend-pure-m4/4.1.0/legend-pure-m4-4.1.0.jar:/home/runner/.m2/repository/commons-codec/commons-codec/1.15/commons-codec-1.15.jar:/home/runner/.m2/repository/org/apache/commons/commons-lang3/3.7/commons-lang3-3.7.jar:/home/runner/.m2/repository/org/antlr/antlr4-runtime/4.8-1/antlr4-runtime-4.8-1.jar:/home/runner/.m2/repository/org/finos/legend/pure/legend-pure-runtime-java-engine-compiled/4.1.0/legend-pure-runtime-java-engine-compiled-4.1.0.jar:/home/runner/.m2/repository/org/finos/legend/pure/legend-pure-m3-bootstrap-generator/4.1.0/legend-pure-m3-bootstrap-generator-4.1.0.jar:/home/runner/.m2/repository/org/finos/legend/pure/legend-pure-runtime-java-engine-shared/4.1.0/legend-pure-runtime-java-engine-shared-4.1.0.jar:/home/runner/.m2/repository/org/bouncycastle/bcprov-jdk15on/1.67/bcprov-jdk15on-1.67.jar:/home/runner/.m2/repository/com/googlecode/json-simple/json-simple/1.1.1/json-simple-1.1.1.jar:/home/runner/.m2/repository/io/github/classgraph/classgraph/4.8.25/classgraph-4.8.25.jar:/home/runner/.m2/repository/io/opentracing/opentracing-api/0.32.0/opentracing-api-0.32.0.jar:/home/runner/.m2/repository/io/opentracing/opentracing-util/0.32.0/opentracing-util-0.32.0.jar:/home/runner/.m2/repository/io/opentracing/opentracing-noop/0.32.0/opentracing-noop-0.32.0.jar:/home/runner/.m2/repository/org/finos/legend/engine/legend-engine-executionPlan-execution/4.1.1-SNAPSHOT/legend-engine-executionPlan-execution-4.1.1-SNAPSHOT.jar:/home/runner/.m2/repository/org/finos/legend/engine/legend-engine-protocol/4.1.1-SNAPSHOT/legend-engine-protocol-4.1.1-SNAPSHOT.jar:/home/runner/.m2/repository/org/finos/legend/engine/legend-engine-shared-javaCompiler/4.1.1-SNAPSHOT/legend-engine-shared-javaCompiler-4.1.1-SNAPSHOT.jar:/home/runner/.m2/repository/org/codehaus/janino/janino/3.1.0/janino-3.1.0.jar:/home/runner/.m2/repository/org/finos/legend/engine/legend-engine-executionPlan-dependencies/4.1.1-SNAPSHOT/legend-engine-executionPlan-dependencies-4.1.1-SNAPSHOT.jar:/home/runner/.m2/repository/com/fasterxml/jackson/dataformat/jackson-dataformat-xml/2.10.5/jackson-dataformat-xml-2.10.5.jar:/home/runner/.m2/repository/org/codehaus/woodstox/stax2-api/4.2.1/stax2-api-4.2.1.jar:/home/runner/.m2/repository/com/fasterxml/woodstox/woodstox-core/6.2.1/woodstox-core-6.2.1.jar:/home/runner/.m2/repository/org/openjdk/jol/jol-core/0.9/jol-core-0.9.jar:/home/runner/.m2/repository/commons-lang/commons-lang/2.6/commons-lang-2.6.jar:/home/runner/.m2/repository/org/freemarker/freemarker/2.3.30/freemarker-2.3.30.jar:/home/runner/.m2/repository/org/apache/commons/commons-csv/1.5/commons-csv-1.5.jar:/home/runner/.m2/repository/com/google/guava/guava/30.0-jre/guava-30.0-jre.jar:/home/runner/.m2/repository/com/google/guava/failureaccess/1.0.1/failureaccess-1.0.1.jar:/home/runner/.m2/repository/com/google/guava/listenablefuture/9999.0-empty-to-avoid-conflict-with-guava/listenablefuture-9999.0-empty-to-avoid-conflict-with-guava.jar:/home/runner/.m2/repository/com/google/code/findbugs/jsr305/3.0.2/jsr305-3.0.2.jar:/home/runner/.m2/repository/org/checkerframework/checker-qual/3.5.0/checker-qual-3.5.0.jar:/home/runner/.m2/repository/com/google/errorprone/error_prone_annotations/2.3.4/error_prone_annotations-2.3.4.jar:/home/runner/.m2/repository/com/google/j2objc/j2objc-annotations/1.3/j2objc-annotations-1.3.jar:/home/runner/.m2/repository/org/codehaus/janino/commons-compiler/3.1.0/commons-compiler-3.1.0.jar:/home/runner/.m2/repository/org/finos/legend/engine/legend-engine-executionPlan-execution-api/4.1.1-SNAPSHOT/legend-engine-executionPlan-execution-api-4.1.1-SNAPSHOT.jar:/home/runner/.m2/repository/org/finos/legend/engine/legend-engine-executionPlan-execution-authorizer/4.1.1-SNAPSHOT/legend-engine-executionPlan-execution-authorizer-4.1.1-SNAPSHOT.jar:/home/runner/.m2/repository/org/finos/legend/engine/legend-engine-xt-relationalStore-executionPlan-connection/4.1.1-SNAPSHOT/legend-engine-xt-relationalStore-executionPlan-connection-4.1.1-SNAPSHOT.jar:/home/runner/.m2/repository/com/zaxxer/HikariCP/4.0.3/HikariCP-4.0.3.jar:/home/runner/.m2/repository/io/dropwizard/metrics/metrics-core/4.1.16/metrics-core-4.1.16.jar:/home/runner/.m2/repository/net/snowflake/snowflake-jdbc/3.13.5/snowflake-jdbc-3.13.5.jar:/home/runner/.m2/repository/com/databricks/databricks-jdbc/2.6.27/databricks-jdbc-2.6.27.jar:/home/runner/.m2/repository/com/microsoft/sqlserver/mssql-jdbc/6.2.1.jre7/mssql-jdbc-6.2.1.jre7.jar:/home/runner/.m2/repository/com/amazon/redshift/redshift-jdbc42/2.0.0.3/redshift-jdbc42-2.0.0.3.jar:/home/runner/.m2/repository/org/postgresql/postgresql/9.4.1208.jre7/postgresql-9.4.1208.jre7.jar:/home/runner/.m2/repository/org/finos/legend/engine/legend-engine-xt-relationalStore-executionPlan/4.1.1-SNAPSHOT/legend-engine-xt-relationalStore-executionPlan-4.1.1-SNAPSHOT.jar:/home/runner/.m2/repository/org/apache/poi/poi-ooxml/4.1.1/poi-ooxml-4.1.1.jar:/home/runner/.m2/repository/org/apache/poi/poi/4.1.1/poi-4.1.1.jar:/home/runner/.m2/repository/org/apache/commons/commons-collections4/4.4/commons-collections4-4.4.jar:/home/runner/.m2/repository/org/apache/commons/commons-math3/3.6.1/commons-math3-3.6.1.jar:/home/runner/.m2/repository/org/apache/poi/poi-ooxml-schemas/4.1.1/poi-ooxml-schemas-4.1.1.jar:/home/runner/.m2/repository/org/apache/xmlbeans/xmlbeans/3.1.0/xmlbeans-3.1.0.jar:/home/runner/.m2/repository/com/github/virtuald/curvesapi/1.06/curvesapi-1.06.jar:/home/runner/.m2/repository/org/finos/legend/engine/legend-engine-shared-core/4.1.1-SNAPSHOT/legend-engine-shared-core-4.1.1-SNAPSHOT.jar:/home/runner/.m2/repository/io/zipkin/reporter2/zipkin-reporter/2.15.0/zipkin-reporter-2.15.0.jar:/home/runner/.m2/repository/io/zipkin/zipkin2/zipkin/2.21.1/zipkin-2.21.1.jar:/home/runner/.m2/repository/io/prometheus/simpleclient/0.8.1/simpleclient-0.8.1.jar:/home/runner/.m2/repository/org/apache/httpcomponents/httpclient/4.5.13/httpclient-4.5.13.jar:/home/runner/.m2/repository/org/apache/httpcomponents/httpcore/4.4.13/httpcore-4.4.13.jar:/home/runner/.m2/repository/org/finos/legend/shared/legend-shared-pac4j-kerberos/0.22.5/legend-shared-pac4j-kerberos-0.22.5.jar:/home/runner/.m2/repository/org/pac4j/pac4j-kerberos/3.8.3/pac4j-kerberos-3.8.3.jar:/home/runner/.m2/repository/org/finos/legend/engine/legend-engine-protocol-pure/4.1.1-SNAPSHOT/legend-engine-protocol-pure-4.1.1-SNAPSHOT.jar:/home/runner/.m2/repository/org/mongodb/bson/3.12.8/bson-3.12.8.jar:/home/runner/.m2/repository/org/finos/legend/engine/legend-engine-xt-relationalStore-protocol/4.1.1-SNAPSHOT/legend-engine-xt-relationalStore-protocol-4.1.1-SNAPSHOT.jar:/home/runner/.m2/repository/org/finos/legend/engine/legend-engine-test-server-shared/4.1.1-SNAPSHOT/legend-engine-test-server-shared-4.1.1-SNAPSHOT.jar:/home/runner/.m2/repository/org/finos/legend/shared/legend-shared-pac4j/0.22.5/legend-shared-pac4j-0.22.5.jar:/home/runner/.m2/repository/org/pac4j/dropwizard-pac4j/3.0.0/dropwizard-pac4j-3.0.0.jar:/home/runner/.m2/repository/org/pac4j/pac4j-config/3.0.0/pac4j-config-3.0.0.jar:/home/runner/.m2/repository/org/pac4j/jersey225-pac4j/3.0.0/jersey225-pac4j-3.0.0.jar:/home/runner/.m2/repository/org/pac4j/j2e-pac4j/4.0.0/j2e-pac4j-4.0.0.jar:/home/runner/.m2/repository/org/commonjava/mimeparse/mimeparse/0.1.3.3/mimeparse-0.1.3.3.jar:/home/runner/.m2/repository/com/fasterxml/jackson/dataformat/jackson-dataformat-yaml/2.10.5/jackson-dataformat-yaml-2.10.5.jar:/home/runner/.m2/repository/org/yaml/snakeyaml/1.26/snakeyaml-1.26.jar:/home/runner/.m2/repository/org/mongodb/mongo-java-driver/3.12.8/mongo-java-driver-3.12.8.jar:/home/runner/.m2/repository/io/dropwizard/dropwizard-jetty/1.3.29/dropwizard-jetty-1.3.29.jar:/home/runner/.m2/repository/io/dropwizard/metrics/metrics-jetty9/4.1.16/metrics-jetty9-4.1.16.jar:/home/runner/.m2/repository/org/eclipse/jetty/jetty-servlet/9.4.44.v20210927/jetty-servlet-9.4.44.v20210927.jar:/home/runner/.m2/repository/org/eclipse/jetty/jetty-security/9.4.44.v20210927/jetty-security-9.4.44.v20210927.jar:/home/runner/.m2/repository/org/eclipse/jetty/jetty-util-ajax/9.4.44.v20210927/jetty-util-ajax-9.4.44.v20210927.jar:/home/runner/.m2/repository/org/eclipse/jetty/jetty-servlets/9.4.44.v20210927/jetty-servlets-9.4.44.v20210927.jar:/home/runner/.m2/repository/org/eclipse/jetty/jetty-http/9.4.44.v20210927/jetty-http-9.4.44.v20210927.jar:/home/runner/.m2/repository/org/eclipse/jetty/jetty-server/9.4.44.v20210927/jetty-server-9.4.44.v20210927.jar:/home/runner/.m2/repository/org/eclipse/jetty/jetty-io/9.4.44.v20210927/jetty-io-9.4.44.v20210927.jar:/home/runner/.m2/repository/com/fasterxml/jackson/core/jackson-core/2.10.5/jackson-core-2.10.5.jar:/home/runner/.m2/repository/com/fasterxml/jackson/core/jackson-annotations/2.10.5/jackson-annotations-2.10.5.jar:/home/runner/.m2/repository/com/fasterxml/jackson/core/jackson-databind/2.10.5.1/jackson-databind-2.10.5.1.jar:/home/runner/.m2/repository/org/eclipse/collections/eclipse-collections-api/10.2.0/eclipse-collections-api-10.2.0.jar:/home/runner/.m2/repository/org/eclipse/collections/eclipse-collections/10.2.0/eclipse-collections-10.2.0.jar:/home/runner/.m2/repository/io/dropwizard/dropwizard-core/1.3.29/dropwizard-core-1.3.29.jar:/home/runner/.m2/repository/io/dropwizard/dropwizard-util/1.3.29/dropwizard-util-1.3.29.jar:/home/runner/.m2/repository/io/dropwizard/dropwizard-jackson/1.3.29/dropwizard-jackson-1.3.29.jar:/home/runner/.m2/repository/com/fasterxml/jackson/datatype/jackson-datatype-guava/2.9.10/jackson-datatype-guava-2.9.10.jar:/home/runner/.m2/repository/com/fasterxml/jackson/datatype/jackson-datatype-jsr310/2.9.10/jackson-datatype-jsr310-2.9.10.jar:/home/runner/.m2/repository/com/fasterxml/jackson/datatype/jackson-datatype-jdk8/2.9.10/jackson-datatype-jdk8-2.9.10.jar:/home/runner/.m2/repository/com/fasterxml/jackson/module/jackson-module-parameter-names/2.9.10/jackson-module-parameter-names-2.9.10.jar:/home/runner/.m2/repository/com/fasterxml/jackson/module/jackson-module-afterburner/2.9.10/jackson-module-afterburner-2.9.10.jar:/home/runner/.m2/repository/com/fasterxml/jackson/datatype/jackson-datatype-joda/2.9.10/jackson-datatype-joda-2.9.10.jar:/home/runner/.m2/repository/io/dropwizard/dropwizard-validation/1.3.29/dropwizard-validation-1.3.29.jar:/home/runner/.m2/repository/org/hibernate/hibernate-validator/5.4.3.Final/hibernate-validator-5.4.3.Final.jar:/home/runner/.m2/repository/org/jboss/logging/jboss-logging/3.3.0.Final/jboss-logging-3.3.0.Final.jar:/home/runner/.m2/repository/com/fasterxml/classmate/1.3.1/classmate-1.3.1.jar:/home/runner/.m2/repository/org/glassfish/javax.el/3.0.0/javax.el-3.0.0.jar:/home/runner/.m2/repository/org/javassist/javassist/3.27.0-GA/javassist-3.27.0-GA.jar:/home/runner/.m2/repository/io/dropwizard/dropwizard-configuration/1.3.29/dropwizard-configuration-1.3.29.jar:/home/runner/.m2/repository/org/apache/commons/commons-text/1.10.0/commons-text-1.10.0.jar:/home/runner/.m2/repository/io/dropwizard/dropwizard-logging/1.3.29/dropwizard-logging-1.3.29.jar:/home/runner/.m2/repository/io/dropwizard/metrics/metrics-logback/4.1.16/metrics-logback-4.1.16.jar:/home/runner/.m2/repository/ch/qos/logback/logback-core/1.2.3/logback-core-1.2.3.jar:/home/runner/.m2/repository/ch/qos/logback/logback-classic/1.2.3/logback-classic-1.2.3.jar:/home/runner/.m2/repository/org/eclipse/jetty/jetty-util/9.4.44.v20210927/jetty-util-9.4.44.v20210927.jar:/home/runner/.m2/repository/io/dropwizard/dropwizard-metrics/1.3.29/dropwizard-metrics-1.3.29.jar:/home/runner/.m2/repository/io/dropwizard/dropwizard-servlets/1.3.29/dropwizard-servlets-1.3.29.jar:/home/runner/.m2/repository/io/dropwizard/metrics/metrics-annotation/4.1.16/metrics-annotation-4.1.16.jar:/home/runner/.m2/repository/io/dropwizard/dropwizard-lifecycle/1.3.29/dropwizard-lifecycle-1.3.29.jar:/home/runner/.m2/repository/io/dropwizard/metrics/metrics-jvm/4.1.16/metrics-jvm-4.1.16.jar:/home/runner/.m2/repository/io/dropwizard/metrics/metrics-jmx/4.1.16/metrics-jmx-4.1.16.jar:/home/runner/.m2/repository/io/dropwizard/metrics/metrics-servlets/4.1.16/metrics-servlets-4.1.16.jar:/home/runner/.m2/repository/io/dropwizard/metrics/metrics-json/4.1.16/metrics-json-4.1.16.jar:/home/runner/.m2/repository/com/helger/profiler/1.1.1/profiler-1.1.1.jar:/home/runner/.m2/repository/io/dropwizard/metrics/metrics-healthchecks/4.1.16/metrics-healthchecks-4.1.16.jar:/home/runner/.m2/repository/io/dropwizard/dropwizard-request-logging/1.3.29/dropwizard-request-logging-1.3.29.jar:/home/runner/.m2/repository/ch/qos/logback/logback-access/1.2.3/logback-access-1.2.3.jar:/home/runner/.m2/repository/net/sourceforge/argparse4j/argparse4j/0.8.1/argparse4j-0.8.1.jar:/home/runner/.m2/repository/org/eclipse/jetty/toolchain/setuid/jetty-setuid-java/1.0.4/jetty-setuid-java-1.0.4.jar:/home/runner/.m2/repository/io/dropwizard/dropwizard-jersey/1.3.29/dropwizard-jersey-1.3.29.jar:/home/runner/.m2/repository/javax/xml/bind/jaxb-api/2.3.1/jaxb-api-2.3.1.jar:/home/runner/.m2/repository/javax/activation/javax.activation-api/1.2.0/javax.activation-api-1.2.0.jar:/home/runner/.m2/repository/org/glassfish/jersey/core/jersey-server/2.25.1/jersey-server-2.25.1.jar:/home/runner/.m2/repository/org/glassfish/jersey/core/jersey-common/2.25.1/jersey-common-2.25.1.jar:/home/runner/.m2/repository/org/glassfish/jersey/bundles/repackaged/jersey-guava/2.25.1/jersey-guava-2.25.1.jar:/home/runner/.m2/repository/org/glassfish/hk2/osgi-resource-locator/1.0.1/osgi-resource-locator-1.0.1.jar:/home/runner/.m2/repository/org/glassfish/jersey/core/jersey-client/2.25.1/jersey-client-2.25.1.jar:/home/runner/.m2/repository/org/glassfish/jersey/media/jersey-media-jaxb/2.25.1/jersey-media-jaxb-2.25.1.jar:/home/runner/.m2/repository/javax/annotation/javax.annotation-api/1.2/javax.annotation-api-1.2.jar:/home/runner/.m2/repository/org/glassfish/hk2/hk2-api/2.5.0-b32/hk2-api-2.5.0-b32.jar:/home/runner/.m2/repository/org/glassfish/hk2/hk2-utils/2.5.0-b32/hk2-utils-2.5.0-b32.jar:/home/runner/.m2/repository/org/glassfish/hk2/external/aopalliance-repackaged/2.5.0-b32/aopalliance-repackaged-2.5.0-b32.jar:/home/runner/.m2/repository/org/glassfish/hk2/external/javax.inject/2.5.0-b32/javax.inject-2.5.0-b32.jar:/home/runner/.m2/repository/org/glassfish/hk2/hk2-locator/2.5.0-b32/hk2-locator-2.5.0-b32.jar:/home/runner/.m2/repository/javax/validation/validation-api/1.1.0.Final/validation-api-1.1.0.Final.jar:/home/runner/.m2/repository/org/glassfish/jersey/ext/jersey-metainf-services/2.25.1/jersey-metainf-services-2.25.1.jar:/home/runner/.m2/repository/org/glassfish/jersey/ext/jersey-bean-validation/2.25.1/jersey-bean-validation-2.25.1.jar:/home/runner/.m2/repository/io/dropwizard/metrics/metrics-jersey2/4.1.16/metrics-jersey2-4.1.16.jar:/home/runner/.m2/repository/com/fasterxml/jackson/jaxrs/jackson-jaxrs-json-provider/2.10.5/jackson-jaxrs-json-provider-2.10.5.jar:/home/runner/.m2/repository/com/fasterxml/jackson/jaxrs/jackson-jaxrs-base/2.10.5/jackson-jaxrs-base-2.10.5.jar:/home/runner/.m2/repository/com/fasterxml/jackson/module/jackson-module-jaxb-annotations/2.10.5/jackson-module-jaxb-annotations-2.10.5.jar:/home/runner/.m2/repository/jakarta/xml/bind/jakarta.xml.bind-api/2.3.2/jakarta.xml.bind-api-2.3.2.jar:/home/runner/.m2/repository/jakarta/activation/jakarta.activation-api/1.2.1/jakarta.activation-api-1.2.1.jar:/home/runner/.m2/repository/org/glassfish/jersey/containers/jersey-container-servlet/2.25.1/jersey-container-servlet-2.25.1.jar:/home/runner/.m2/repository/org/glassfish/jersey/containers/jersey-container-servlet-core/2.25.1/jersey-container-servlet-core-2.25.1.jar:/home/runner/.m2/repository/org/eclipse/jetty/jetty-webapp/9.4.44.v20210927/jetty-webapp-9.4.44.v20210927.jar:/home/runner/.m2/repository/org/eclipse/jetty/jetty-xml/9.4.44.v20210927/jetty-xml-9.4.44.v20210927.jar:/home/runner/.m2/repository/org/eclipse/jetty/jetty-continuation/9.4.44.v20210927/jetty-continuation-9.4.44.v20210927.jar:/home/runner/.m2/repository/javax/servlet/javax.servlet-api/3.1.0/javax.servlet-api-3.1.0.jar:/home/runner/.m2/repository/org/pac4j/jax-rs/core/3.0.0/core-3.0.0.jar:/home/runner/.m2/repository/javax/inject/javax.inject/1/javax.inject-1.jar:/home/runner/.m2/repository/org/pac4j/pac4j-core/3.7.0/pac4j-core-3.7.0.jar:/home/runner/.m2/repository/org/finos/legend/shared/legend-shared-pac4j-gitlab/0.22.5/legend-shared-pac4j-gitlab-0.22.5.jar:/home/runner/.m2/repository/com/nimbusds/nimbus-jose-jwt/8.0/nimbus-jose-jwt-8.0.jar:/home/runner/.m2/repository/com/github/stephenc/jcip/jcip-annotations/1.0-1/jcip-annotations-1.0-1.jar:/home/runner/.m2/repository/net/minidev/json-smart/2.4.7/json-smart-2.4.7.jar:/home/runner/.m2/repository/net/minidev/accessors-smart/2.4.7/accessors-smart-2.4.7.jar:/home/runner/.m2/repository/org/ow2/asm/asm/9.1/asm-9.1.jar:/home/runner/.m2/repository/org/pac4j/pac4j-oidc/3.8.3/pac4j-oidc-3.8.3.jar:/home/runner/.m2/repository/com/nimbusds/oauth2-oidc-sdk/6.5/oauth2-oidc-sdk-6.5.jar:/home/runner/.m2/repository/com/sun/mail/javax.mail/1.6.1/javax.mail-1.6.1.jar:/home/runner/.m2/repository/com/nimbusds/lang-tag/1.7/lang-tag-1.7.jar:/home/runner/.m2/repository/org/mockito/mockito-core/4.4.0/mockito-core-4.4.0.jar:/home/runner/.m2/repository/net/bytebuddy/byte-buddy/1.11.20/byte-buddy-1.11.20.jar:/home/runner/.m2/repository/net/bytebuddy/byte-buddy-agent/1.11.20/byte-buddy-agent-1.11.20.jar:/home/runner/.m2/repository/org/objenesis/objenesis/3.2/objenesis-3.2.jar:/home/runner/.m2/repository/org/finos/legend/pure/legend-pure-m3-core/4.1.0/legend-pure-m3-core-4.1.0.jar:/home/runner/.m2/repository/commons-io/commons-io/2.7/commons-io-2.7.jar:/home/runner/.m2/repository/org/slf4j/slf4j-api/1.7.25/slf4j-api-1.7.25.jar:/home/runner/.m2/repository/org/slf4j/jcl-over-slf4j/1.7.25/jcl-over-slf4j-1.7.25.jar:/home/runner/.m2/repository/org/slf4j/jul-to-slf4j/1.7.25/jul-to-slf4j-1.7.25.jar:/home/runner/.m2/repository/log4j/log4j/1.2.17/log4j-1.2.17.jar:/home/runner/.m2/repository/javax/ws/rs/javax.ws.rs-api/2.0.1/javax.ws.rs-api-2.0.1.jar:/home/runner/.m2/repository/io/swagger/swagger-annotations/1.5.20/swagger-annotations-1.5.20.jar:/home/runner/.m2/repository/joda-time/joda-time/2.10.6/joda-time-2.10.6.jar:/home/runner/.m2/repository/junit/junit/4.13.1/junit-4.13.1.jar:/home/runner/.m2/repository/org/hamcrest/hamcrest-core/1.3/hamcrest-core-1.3.jar:/home/runner/.m2/repository/org/finos/legend/engine/legend-engine-xt-relationalStore-executionPlan-connection-authentication/4.1.1-SNAPSHOT/legend-engine-xt-relationalStore-executionPlan-connection-authentication-4.1.1-SNAPSHOT.jar:/home/runner/.m2/repository/org/finos/legend/engine/legend-engine-xt-relationalStore-executionPlan-connection-authentication-default/4.1.1-SNAPSHOT/legend-engine-xt-relationalStore-executionPlan-connection-authentication-default-4.1.1-SNAPSHOT.jar:/home/runner/.m2/repository/org/finos/legend/engine/legend-engine-xt-relationalStore-sqlserver-execution/4.1.1-SNAPSHOT/legend-engine-xt-relationalStore-sqlserver-execution-4.1.1-SNAPSHOT.jar:/home/runner/.m2/repository/org/finos/legend/engine/legend-engine-xt-relationalStore-bigquery-execution/4.1.1-SNAPSHOT/legend-engine-xt-relationalStore-bigquery-execution-4.1.1-SNAPSHOT.jar:/home/runner/.m2/repository/software/amazon/awssdk/sts/2.17.129/sts-2.17.129.jar:/home/runner/.m2/repository/software/amazon/awssdk/aws-query-protocol/2.17.129/aws-query-protocol-2.17.129.jar:/home/runner/.m2/repository/software/amazon/awssdk/protocol-core/2.17.129/protocol-core-2.17.129.jar:/home/runner/.m2/repository/software/amazon/awssdk/profiles/2.17.129/profiles-2.17.129.jar:/home/runner/.m2/repository/software/amazon/awssdk/sdk-core/2.17.129/sdk-core-2.17.129.jar:/home/runner/.m2/repository/software/amazon/awssdk/annotations/2.17.129/annotations-2.17.129.jar:/home/runner/.m2/repository/software/amazon/awssdk/aws-core/2.17.129/aws-core-2.17.129.jar:/home/runner/.m2/repository/software/amazon/awssdk/metrics-spi/2.17.129/metrics-spi-2.17.129.jar:/home/runner/.m2/repository/software/amazon/awssdk/apache-client/2.17.129/apache-client-2.17.129.jar:/home/runner/.m2/repository/software/amazon/awssdk/netty-nio-client/2.17.129/netty-nio-client-2.17.129.jar:/home/runner/.m2/repository/com/typesafe/netty/netty-reactive-streams-http/2.0.5/netty-reactive-streams-http-2.0.5.jar:/home/runner/.m2/repository/com/typesafe/netty/netty-reactive-streams/2.0.5/netty-reactive-streams-2.0.5.jar:/home/runner/.m2/repository/software/amazon/awssdk/http-client-spi/2.17.129/http-client-spi-2.17.129.jar:/home/runner/.m2/repository/org/reactivestreams/reactive-streams/1.0.3/reactive-streams-1.0.3.jar:/home/runner/.m2/repository/software/amazon/awssdk/regions/2.17.129/regions-2.17.129.jar:/home/runner/.m2/repository/software/amazon/awssdk/json-utils/2.17.129/json-utils-2.17.129.jar:/home/runner/.m2/repository/software/amazon/awssdk/third-party-jackson-core/2.17.129/third-party-jackson-core-2.17.129.jar:/home/runner/.m2/repository/software/amazon/awssdk/auth/2.17.129/auth-2.17.129.jar:/home/runner/.m2/repository/software/amazon/eventstream/eventstream/1.0.1/eventstream-1.0.1.jar:/home/runner/.m2/repository/software/amazon/awssdk/utils/2.17.129/utils-2.17.129.jar:/home/runner/.m2/repository/org/finos/legend/engine/legend-engine-xt-relationalStore-bigquery-protocol/4.1.1-SNAPSHOT/legend-engine-xt-relationalStore-bigquery-protocol-4.1.1-SNAPSHOT.jar:/home/runner/.m2/repository/org/finos/legend/engine/legend-engine-xt-relationalStore-spanner-execution/4.1.1-SNAPSHOT/legend-engine-xt-relationalStore-spanner-execution-4.1.1-SNAPSHOT.jar:/home/runner/.m2/repository/org/finos/legend/engine/legend-engine-xt-relationalStore-spanner-jdbc-shaded/4.1.1-SNAPSHOT/legend-engine-xt-relationalStore-spanner-jdbc-shaded-4.1.1-SNAPSHOT.jar:/home/runner/.m2/repository/org/finos/legend/engine/legend-engine-xt-relationalStore-spanner-protocol/4.1.1-SNAPSHOT/legend-engine-xt-relationalStore-spanner-protocol-4.1.1-SNAPSHOT.jar:/home/runner/.m2/repository/org/finos/legend/engine/legend-engine-xt-relationalStore-pure/4.1.1-SNAPSHOT/legend-engine-xt-relationalStore-pure-4.1.1-SNAPSHOT.jar:/home/runner/.m2/repository/org/finos/legend/pure/legend-pure-m2-dsl-mapping-pure/4.1.0/legend-pure-m2-dsl-mapping-pure-4.1.0.jar:/home/runner/.m2/repository/org/finos/legend/pure/legend-pure-m2-functions-pure/4.1.0/legend-pure-m2-functions-pure-4.1.0.jar:/home/runner/.m2/repository/org/finos/legend/pure/legend-pure-m2-dsl-path-pure/4.1.0/legend-pure-m2-dsl-path-pure-4.1.0.jar:/home/runner/.m2/repository/org/finos/legend/pure/legend-pure-m2-dsl-graph-pure/4.1.0/legend-pure-m2-dsl-graph-pure-4.1.0.jar:/home/runner/.m2/repository/org/finos/legend/pure/legend-pure-m2-store-relational-pure/4.1.0/legend-pure-m2-store-relational-pure-4.1.0.jar:/home/runner/.m2/repository/org/finos/legend/pure/legend-pure-m2-dsl-mapping-grammar/4.1.0/legend-pure-m2-dsl-mapping-grammar-4.1.0.jar:/home/runner/.m2/repository/org/finos/legend/pure/legend-pure-m2-dsl-path-grammar/4.1.0/legend-pure-m2-dsl-path-grammar-4.1.0.jar:/home/runner/.m2/repository/org/finos/legend/pure/legend-pure-m2-dsl-graph-grammar/4.1.0/legend-pure-m2-dsl-graph-grammar-4.1.0.jar:/home/runner/.m2/repository/org/finos/legend/pure/legend-pure-m2-store-relational-grammar/4.1.0/legend-pure-m2-store-relational-grammar-4.1.0.jar:/home/runner/.m2/repository/org/finos/legend/engine/legend-engine-pure-code-compiled-core/4.1.1-SNAPSHOT/legend-engine-pure-code-compiled-core-4.1.1-SNAPSHOT.jar:/home/runner/.m2/repository/org/finos/legend/engine/legend-engine-pure-platform-dsl-diagram-java/4.1.1-SNAPSHOT/legend-engine-pure-platform-dsl-diagram-java-4.1.1-SNAPSHOT.jar:/home/runner/.m2/repository/org/finos/legend/engine/legend-engine-pure-platform-dsl-path-java/4.1.1-SNAPSHOT/legend-engine-pure-platform-dsl-path-java-4.1.1-SNAPSHOT.jar:/home/runner/.m2/repository/org/finos/legend/engine/legend-engine-pure-platform-java/4.1.1-SNAPSHOT/legend-engine-pure-platform-java-4.1.1-SNAPSHOT.jar:/home/runner/.m2/repository/org/finos/legend/engine/legend-engine-pure-platform-store-relational-java/4.1.1-SNAPSHOT/legend-engine-pure-platform-store-relational-java-4.1.1-SNAPSHOT.jar:/home/runner/.m2/repository/org/finos/legend/engine/legend-engine-pure-platform-functions-java/4.1.1-SNAPSHOT/legend-engine-pure-platform-functions-java-4.1.1-SNAPSHOT.jar:/home/runner/.m2/repository/org/finos/legend/engine/legend-engine-pure-platform-functions-json-java/4.1.1-SNAPSHOT/legend-engine-pure-platform-functions-json-java-4.1.1-SNAPSHOT.jar:/home/runner/.m2/repository/org/finos/legend/pure/legend-pure-runtime-java-extension-functions-shared-conversion/4.1.0/legend-pure-runtime-java-extension-functions-shared-conversion-4.1.0.jar:/home/runner/.m2/repository/org/finos/legend/engine/legend-engine-pure-platform-dsl-mapping-java/4.1.1-SNAPSHOT/legend-engine-pure-platform-dsl-mapping-java-4.1.1-SNAPSHOT.jar:/home/runner/.m2/repository/org/finos/legend/engine/legend-engine-pure-platform-dsl-graph-java/4.1.1-SNAPSHOT/legend-engine-pure-platform-dsl-graph-java-4.1.1-SNAPSHOT.jar:/home/runner/.m2/repository/org/finos/legend/pure/legend-pure-runtime-java-extension-store-relational/4.1.0/legend-pure-runtime-java-extension-store-relational-4.1.0.jar:/home/runner/.m2/repository/org/finos/legend/pure/legend-pure-runtime-java-engine-interpreted/4.1.0/legend-pure-runtime-java-engine-interpreted-4.1.0.jar:/home/runner/.m2/repository/org/apache/tomcat/tomcat-dbcp/10.0.4/tomcat-dbcp-10.0.4.jar:/home/runner/.m2/repository/org/apache/tomcat/tomcat-juli/10.0.4/tomcat-juli-10.0.4.jar:/home/runner/.m2/repository/org/finos/legend/pure/legend-pure-runtime-java-extension-functions-json/4.1.0/legend-pure-runtime-java-extension-functions-json-4.1.0.jar:/home/runner/.m2/repository/org/finos/legend/pure/legend-pure-m2-functions-json-pure/4.1.0/legend-pure-m2-functions-json-pure-4.1.0.jar:/home/runner/.m2/repository/org/finos/legend/pure/legend-pure-runtime-java-extension-functions/4.1.0/legend-pure-runtime-java-extension-functions-4.1.0.jar:/home/runner/.m2/repository/org/finos/legend/pure/legend-pure-runtime-java-extension-dsl-mapping/4.1.0/legend-pure-runtime-java-extension-dsl-mapping-4.1.0.jar:/home/runner/.m2/repository/org/finos/legend/pure/legend-pure-runtime-java-extension-dsl-diagram/4.1.0/legend-pure-runtime-java-extension-dsl-diagram-4.1.0.jar:/home/runner/.m2/repository/org/finos/legend/pure/legend-pure-m2-dsl-diagram-pure/4.1.0/legend-pure-m2-dsl-diagram-pure-4.1.0.jar:/home/runner/.m2/repository/org/finos/legend/pure/legend-pure-runtime-java-extension-dsl-path/4.1.0/legend-pure-runtime-java-extension-dsl-path-4.1.0.jar:/home/runner/.m2/repository/org/finos/legend/pure/legend-pure-runtime-java-extension-dsl-graph/4.1.0/legend-pure-runtime-java-extension-dsl-graph-4.1.0.jar:/home/runner/.m2/repository/org/finos/legend/engine/legend-engine-xt-relationalStore-javaPlatformBinding-pure/4.1.1-SNAPSHOT/legend-engine-xt-relationalStore-javaPlatformBinding-pure-4.1.1-SNAPSHOT.jar:/home/runner/.m2/repository/org/finos/legend/engine/legend-engine-xt-javaGeneration-pure/4.1.1-SNAPSHOT/legend-engine-xt-javaGeneration-pure-4.1.1-SNAPSHOT.jar:/home/runner/.m2/repository/org/finos/legend/engine/legend-engine-xt-javaPlatformBinding-pure/4.1.1-SNAPSHOT/legend-engine-xt-javaPlatformBinding-pure-4.1.1-SNAPSHOT.jar:/home/runner/.m2/repository/org/testcontainers/testcontainers/1.17.6/testcontainers-1.17.6.jar:/home/runner/.m2/repository/org/apache/commons/commons-compress/1.21/commons-compress-1.21.jar:/home/runner/.m2/repository/org/rnorth/duct-tape/duct-tape/1.0.8/duct-tape-1.0.8.jar:/home/runner/.m2/repository/org/jetbrains/annotations/17.0.0/annotations-17.0.0.jar:/home/runner/.m2/repository/com/github/docker-java/docker-java-api/3.2.13/docker-java-api-3.2.13.jar:/home/runner/.m2/repository/com/github/docker-java/docker-java-transport-zerodep/3.2.13/docker-java-transport-zerodep-3.2.13.jar:/home/runner/.m2/repository/com/github/docker-java/docker-java-transport/3.2.13/docker-java-transport-3.2.13.jar:/home/runner/.m2/repository/net/java/dev/jna/jna/5.8.0/jna-5.8.0.jar:/home/runner/.m2/repository/com/h2database/h2/1.4.200/h2-1.4.200.jar:/home/runner/.m2/repository/org/testcontainers/postgresql/1.17.6/postgresql-1.17.6.jar:/home/runner/.m2/repository/org/testcontainers/jdbc/1.17.6/jdbc-1.17.6.jar:/home/runner/.m2/repository/org/testcontainers/database-commons/1.17.6/database-commons-1.17.6.jar:/home/runner/.m2/repository/org/apache/maven/surefire/surefire-junit4/2.22.2/surefire-junit4-2.22.2.jar"/>
    <property name="java.vm.vendor" value="Azul Systems, Inc."/>
    <property name="sun.arch.data.model" value="64"/>
    <property name="java.vendor.url" value="http://www.azul.com/"/>
    <property name="user.timezone" value=""/>
    <property name="java.vm.specification.version" value="11"/>
    <property name="os.name" value="Linux"/>
    <property name="sun.java.launcher" value="SUN_STANDARD"/>
    <property name="sun.boot.library.path" value="/opt/hostedtoolcache/jdk/11.0.18/x64/lib"/>
    <property name="sun.java.command" value="org.apache.maven.surefire.booter.ForkedBooter /home/runner/work/legend-engine/legend-engine/legend-engine-xt-relationalStore-test-server/target/surefire 2023-02-23T01-30-18_520-jvmRun1 surefire2942435439266056827tmp surefire_0799239219079356674tmp"/>
    <property name="jdk.debug" value="release"/>
    <property name="test" value="Test_Relational_DbSpecific_Snowflake_UsingPureClientTestSuite"/>
    <property name="surefire.test.class.path" value="/home/runner/work/legend-engine/legend-engine/legend-engine-xt-relationalStore-test-server/target/test-classes:/home/runner/work/legend-engine/legend-engine/legend-engine-xt-relationalStore-test-server/target/classes:/home/runner/.m2/repository/org/finos/legend/pure/legend-pure-m4/4.1.0/legend-pure-m4-4.1.0.jar:/home/runner/.m2/repository/commons-codec/commons-codec/1.15/commons-codec-1.15.jar:/home/runner/.m2/repository/org/apache/commons/commons-lang3/3.7/commons-lang3-3.7.jar:/home/runner/.m2/repository/org/antlr/antlr4-runtime/4.8-1/antlr4-runtime-4.8-1.jar:/home/runner/.m2/repository/org/finos/legend/pure/legend-pure-runtime-java-engine-compiled/4.1.0/legend-pure-runtime-java-engine-compiled-4.1.0.jar:/home/runner/.m2/repository/org/finos/legend/pure/legend-pure-m3-bootstrap-generator/4.1.0/legend-pure-m3-bootstrap-generator-4.1.0.jar:/home/runner/.m2/repository/org/finos/legend/pure/legend-pure-runtime-java-engine-shared/4.1.0/legend-pure-runtime-java-engine-shared-4.1.0.jar:/home/runner/.m2/repository/org/bouncycastle/bcprov-jdk15on/1.67/bcprov-jdk15on-1.67.jar:/home/runner/.m2/repository/com/googlecode/json-simple/json-simple/1.1.1/json-simple-1.1.1.jar:/home/runner/.m2/repository/io/github/classgraph/classgraph/4.8.25/classgraph-4.8.25.jar:/home/runner/.m2/repository/io/opentracing/opentracing-api/0.32.0/opentracing-api-0.32.0.jar:/home/runner/.m2/repository/io/opentracing/opentracing-util/0.32.0/opentracing-util-0.32.0.jar:/home/runner/.m2/repository/io/opentracing/opentracing-noop/0.32.0/opentracing-noop-0.32.0.jar:/home/runner/.m2/repository/org/finos/legend/engine/legend-engine-executionPlan-execution/4.1.1-SNAPSHOT/legend-engine-executionPlan-execution-4.1.1-SNAPSHOT.jar:/home/runner/.m2/repository/org/finos/legend/engine/legend-engine-protocol/4.1.1-SNAPSHOT/legend-engine-protocol-4.1.1-SNAPSHOT.jar:/home/runner/.m2/repository/org/finos/legend/engine/legend-engine-shared-javaCompiler/4.1.1-SNAPSHOT/legend-engine-shared-javaCompiler-4.1.1-SNAPSHOT.jar:/home/runner/.m2/repository/org/codehaus/janino/janino/3.1.0/janino-3.1.0.jar:/home/runner/.m2/repository/org/finos/legend/engine/legend-engine-executionPlan-dependencies/4.1.1-SNAPSHOT/legend-engine-executionPlan-dependencies-4.1.1-SNAPSHOT.jar:/home/runner/.m2/repository/com/fasterxml/jackson/dataformat/jackson-dataformat-xml/2.10.5/jackson-dataformat-xml-2.10.5.jar:/home/runner/.m2/repository/org/codehaus/woodstox/stax2-api/4.2.1/stax2-api-4.2.1.jar:/home/runner/.m2/repository/com/fasterxml/woodstox/woodstox-core/6.2.1/woodstox-core-6.2.1.jar:/home/runner/.m2/repository/org/openjdk/jol/jol-core/0.9/jol-core-0.9.jar:/home/runner/.m2/repository/commons-lang/commons-lang/2.6/commons-lang-2.6.jar:/home/runner/.m2/repository/org/freemarker/freemarker/2.3.30/freemarker-2.3.30.jar:/home/runner/.m2/repository/org/apache/commons/commons-csv/1.5/commons-csv-1.5.jar:/home/runner/.m2/repository/com/google/guava/guava/30.0-jre/guava-30.0-jre.jar:/home/runner/.m2/repository/com/google/guava/failureaccess/1.0.1/failureaccess-1.0.1.jar:/home/runner/.m2/repository/com/google/guava/listenablefuture/9999.0-empty-to-avoid-conflict-with-guava/listenablefuture-9999.0-empty-to-avoid-conflict-with-guava.jar:/home/runner/.m2/repository/com/google/code/findbugs/jsr305/3.0.2/jsr305-3.0.2.jar:/home/runner/.m2/repository/org/checkerframework/checker-qual/3.5.0/checker-qual-3.5.0.jar:/home/runner/.m2/repository/com/google/errorprone/error_prone_annotations/2.3.4/error_prone_annotations-2.3.4.jar:/home/runner/.m2/repository/com/google/j2objc/j2objc-annotations/1.3/j2objc-annotations-1.3.jar:/home/runner/.m2/repository/org/codehaus/janino/commons-compiler/3.1.0/commons-compiler-3.1.0.jar:/home/runner/.m2/repository/org/finos/legend/engine/legend-engine-executionPlan-execution-api/4.1.1-SNAPSHOT/legend-engine-executionPlan-execution-api-4.1.1-SNAPSHOT.jar:/home/runner/.m2/repository/org/finos/legend/engine/legend-engine-executionPlan-execution-authorizer/4.1.1-SNAPSHOT/legend-engine-executionPlan-execution-authorizer-4.1.1-SNAPSHOT.jar:/home/runner/.m2/repository/org/finos/legend/engine/legend-engine-xt-relationalStore-executionPlan-connection/4.1.1-SNAPSHOT/legend-engine-xt-relationalStore-executionPlan-connection-4.1.1-SNAPSHOT.jar:/home/runner/.m2/repository/com/zaxxer/HikariCP/4.0.3/HikariCP-4.0.3.jar:/home/runner/.m2/repository/io/dropwizard/metrics/metrics-core/4.1.16/metrics-core-4.1.16.jar:/home/runner/.m2/repository/net/snowflake/snowflake-jdbc/3.13.5/snowflake-jdbc-3.13.5.jar:/home/runner/.m2/repository/com/databricks/databricks-jdbc/2.6.27/databricks-jdbc-2.6.27.jar:/home/runner/.m2/repository/com/microsoft/sqlserver/mssql-jdbc/6.2.1.jre7/mssql-jdbc-6.2.1.jre7.jar:/home/runner/.m2/repository/com/amazon/redshift/redshift-jdbc42/2.0.0.3/redshift-jdbc42-2.0.0.3.jar:/home/runner/.m2/repository/org/postgresql/postgresql/9.4.1208.jre7/postgresql-9.4.1208.jre7.jar:/home/runner/.m2/repository/org/finos/legend/engine/legend-engine-xt-relationalStore-executionPlan/4.1.1-SNAPSHOT/legend-engine-xt-relationalStore-executionPlan-4.1.1-SNAPSHOT.jar:/home/runner/.m2/repository/org/apache/poi/poi-ooxml/4.1.1/poi-ooxml-4.1.1.jar:/home/runner/.m2/repository/org/apache/poi/poi/4.1.1/poi-4.1.1.jar:/home/runner/.m2/repository/org/apache/commons/commons-collections4/4.4/commons-collections4-4.4.jar:/home/runner/.m2/repository/org/apache/commons/commons-math3/3.6.1/commons-math3-3.6.1.jar:/home/runner/.m2/repository/org/apache/poi/poi-ooxml-schemas/4.1.1/poi-ooxml-schemas-4.1.1.jar:/home/runner/.m2/repository/org/apache/xmlbeans/xmlbeans/3.1.0/xmlbeans-3.1.0.jar:/home/runner/.m2/repository/com/github/virtuald/curvesapi/1.06/curvesapi-1.06.jar:/home/runner/.m2/repository/org/finos/legend/engine/legend-engine-shared-core/4.1.1-SNAPSHOT/legend-engine-shared-core-4.1.1-SNAPSHOT.jar:/home/runner/.m2/repository/io/zipkin/reporter2/zipkin-reporter/2.15.0/zipkin-reporter-2.15.0.jar:/home/runner/.m2/repository/io/zipkin/zipkin2/zipkin/2.21.1/zipkin-2.21.1.jar:/home/runner/.m2/repository/io/prometheus/simpleclient/0.8.1/simpleclient-0.8.1.jar:/home/runner/.m2/repository/org/apache/httpcomponents/httpclient/4.5.13/httpclient-4.5.13.jar:/home/runner/.m2/repository/org/apache/httpcomponents/httpcore/4.4.13/httpcore-4.4.13.jar:/home/runner/.m2/repository/org/finos/legend/shared/legend-shared-pac4j-kerberos/0.22.5/legend-shared-pac4j-kerberos-0.22.5.jar:/home/runner/.m2/repository/org/pac4j/pac4j-kerberos/3.8.3/pac4j-kerberos-3.8.3.jar:/home/runner/.m2/repository/org/finos/legend/engine/legend-engine-protocol-pure/4.1.1-SNAPSHOT/legend-engine-protocol-pure-4.1.1-SNAPSHOT.jar:/home/runner/.m2/repository/org/mongodb/bson/3.12.8/bson-3.12.8.jar:/home/runner/.m2/repository/org/finos/legend/engine/legend-engine-xt-relationalStore-protocol/4.1.1-SNAPSHOT/legend-engine-xt-relationalStore-protocol-4.1.1-SNAPSHOT.jar:/home/runner/.m2/repository/org/finos/legend/engine/legend-engine-test-server-shared/4.1.1-SNAPSHOT/legend-engine-test-server-shared-4.1.1-SNAPSHOT.jar:/home/runner/.m2/repository/org/finos/legend/shared/legend-shared-pac4j/0.22.5/legend-shared-pac4j-0.22.5.jar:/home/runner/.m2/repository/org/pac4j/dropwizard-pac4j/3.0.0/dropwizard-pac4j-3.0.0.jar:/home/runner/.m2/repository/org/pac4j/pac4j-config/3.0.0/pac4j-config-3.0.0.jar:/home/runner/.m2/repository/org/pac4j/jersey225-pac4j/3.0.0/jersey225-pac4j-3.0.0.jar:/home/runner/.m2/repository/org/pac4j/j2e-pac4j/4.0.0/j2e-pac4j-4.0.0.jar:/home/runner/.m2/repository/org/commonjava/mimeparse/mimeparse/0.1.3.3/mimeparse-0.1.3.3.jar:/home/runner/.m2/repository/com/fasterxml/jackson/dataformat/jackson-dataformat-yaml/2.10.5/jackson-dataformat-yaml-2.10.5.jar:/home/runner/.m2/repository/org/yaml/snakeyaml/1.26/snakeyaml-1.26.jar:/home/runner/.m2/repository/org/mongodb/mongo-java-driver/3.12.8/mongo-java-driver-3.12.8.jar:/home/runner/.m2/repository/io/dropwizard/dropwizard-jetty/1.3.29/dropwizard-jetty-1.3.29.jar:/home/runner/.m2/repository/io/dropwizard/metrics/metrics-jetty9/4.1.16/metrics-jetty9-4.1.16.jar:/home/runner/.m2/repository/org/eclipse/jetty/jetty-servlet/9.4.44.v20210927/jetty-servlet-9.4.44.v20210927.jar:/home/runner/.m2/repository/org/eclipse/jetty/jetty-security/9.4.44.v20210927/jetty-security-9.4.44.v20210927.jar:/home/runner/.m2/repository/org/eclipse/jetty/jetty-util-ajax/9.4.44.v20210927/jetty-util-ajax-9.4.44.v20210927.jar:/home/runner/.m2/repository/org/eclipse/jetty/jetty-servlets/9.4.44.v20210927/jetty-servlets-9.4.44.v20210927.jar:/home/runner/.m2/repository/org/eclipse/jetty/jetty-http/9.4.44.v20210927/jetty-http-9.4.44.v20210927.jar:/home/runner/.m2/repository/org/eclipse/jetty/jetty-server/9.4.44.v20210927/jetty-server-9.4.44.v20210927.jar:/home/runner/.m2/repository/org/eclipse/jetty/jetty-io/9.4.44.v20210927/jetty-io-9.4.44.v20210927.jar:/home/runner/.m2/repository/com/fasterxml/jackson/core/jackson-core/2.10.5/jackson-core-2.10.5.jar:/home/runner/.m2/repository/com/fasterxml/jackson/core/jackson-annotations/2.10.5/jackson-annotations-2.10.5.jar:/home/runner/.m2/repository/com/fasterxml/jackson/core/jackson-databind/2.10.5.1/jackson-databind-2.10.5.1.jar:/home/runner/.m2/repository/org/eclipse/collections/eclipse-collections-api/10.2.0/eclipse-collections-api-10.2.0.jar:/home/runner/.m2/repository/org/eclipse/collections/eclipse-collections/10.2.0/eclipse-collections-10.2.0.jar:/home/runner/.m2/repository/io/dropwizard/dropwizard-core/1.3.29/dropwizard-core-1.3.29.jar:/home/runner/.m2/repository/io/dropwizard/dropwizard-util/1.3.29/dropwizard-util-1.3.29.jar:/home/runner/.m2/repository/io/dropwizard/dropwizard-jackson/1.3.29/dropwizard-jackson-1.3.29.jar:/home/runner/.m2/repository/com/fasterxml/jackson/datatype/jackson-datatype-guava/2.9.10/jackson-datatype-guava-2.9.10.jar:/home/runner/.m2/repository/com/fasterxml/jackson/datatype/jackson-datatype-jsr310/2.9.10/jackson-datatype-jsr310-2.9.10.jar:/home/runner/.m2/repository/com/fasterxml/jackson/datatype/jackson-datatype-jdk8/2.9.10/jackson-datatype-jdk8-2.9.10.jar:/home/runner/.m2/repository/com/fasterxml/jackson/module/jackson-module-parameter-names/2.9.10/jackson-module-parameter-names-2.9.10.jar:/home/runner/.m2/repository/com/fasterxml/jackson/module/jackson-module-afterburner/2.9.10/jackson-module-afterburner-2.9.10.jar:/home/runner/.m2/repository/com/fasterxml/jackson/datatype/jackson-datatype-joda/2.9.10/jackson-datatype-joda-2.9.10.jar:/home/runner/.m2/repository/io/dropwizard/dropwizard-validation/1.3.29/dropwizard-validation-1.3.29.jar:/home/runner/.m2/repository/org/hibernate/hibernate-validator/5.4.3.Final/hibernate-validator-5.4.3.Final.jar:/home/runner/.m2/repository/org/jboss/logging/jboss-logging/3.3.0.Final/jboss-logging-3.3.0.Final.jar:/home/runner/.m2/repository/com/fasterxml/classmate/1.3.1/classmate-1.3.1.jar:/home/runner/.m2/repository/org/glassfish/javax.el/3.0.0/javax.el-3.0.0.jar:/home/runner/.m2/repository/org/javassist/javassist/3.27.0-GA/javassist-3.27.0-GA.jar:/home/runner/.m2/repository/io/dropwizard/dropwizard-configuration/1.3.29/dropwizard-configuration-1.3.29.jar:/home/runner/.m2/repository/org/apache/commons/commons-text/1.10.0/commons-text-1.10.0.jar:/home/runner/.m2/repository/io/dropwizard/dropwizard-logging/1.3.29/dropwizard-logging-1.3.29.jar:/home/runner/.m2/repository/io/dropwizard/metrics/metrics-logback/4.1.16/metrics-logback-4.1.16.jar:/home/runner/.m2/repository/ch/qos/logback/logback-core/1.2.3/logback-core-1.2.3.jar:/home/runner/.m2/repository/ch/qos/logback/logback-classic/1.2.3/logback-classic-1.2.3.jar:/home/runner/.m2/repository/org/eclipse/jetty/jetty-util/9.4.44.v20210927/jetty-util-9.4.44.v20210927.jar:/home/runner/.m2/repository/io/dropwizard/dropwizard-metrics/1.3.29/dropwizard-metrics-1.3.29.jar:/home/runner/.m2/repository/io/dropwizard/dropwizard-servlets/1.3.29/dropwizard-servlets-1.3.29.jar:/home/runner/.m2/repository/io/dropwizard/metrics/metrics-annotation/4.1.16/metrics-annotation-4.1.16.jar:/home/runner/.m2/repository/io/dropwizard/dropwizard-lifecycle/1.3.29/dropwizard-lifecycle-1.3.29.jar:/home/runner/.m2/repository/io/dropwizard/metrics/metrics-jvm/4.1.16/metrics-jvm-4.1.16.jar:/home/runner/.m2/repository/io/dropwizard/metrics/metrics-jmx/4.1.16/metrics-jmx-4.1.16.jar:/home/runner/.m2/repository/io/dropwizard/metrics/metrics-servlets/4.1.16/metrics-servlets-4.1.16.jar:/home/runner/.m2/repository/io/dropwizard/metrics/metrics-json/4.1.16/metrics-json-4.1.16.jar:/home/runner/.m2/repository/com/helger/profiler/1.1.1/profiler-1.1.1.jar:/home/runner/.m2/repository/io/dropwizard/metrics/metrics-healthchecks/4.1.16/metrics-healthchecks-4.1.16.jar:/home/runner/.m2/repository/io/dropwizard/dropwizard-request-logging/1.3.29/dropwizard-request-logging-1.3.29.jar:/home/runner/.m2/repository/ch/qos/logback/logback-access/1.2.3/logback-access-1.2.3.jar:/home/runner/.m2/repository/net/sourceforge/argparse4j/argparse4j/0.8.1/argparse4j-0.8.1.jar:/home/runner/.m2/repository/org/eclipse/jetty/toolchain/setuid/jetty-setuid-java/1.0.4/jetty-setuid-java-1.0.4.jar:/home/runner/.m2/repository/io/dropwizard/dropwizard-jersey/1.3.29/dropwizard-jersey-1.3.29.jar:/home/runner/.m2/repository/javax/xml/bind/jaxb-api/2.3.1/jaxb-api-2.3.1.jar:/home/runner/.m2/repository/javax/activation/javax.activation-api/1.2.0/javax.activation-api-1.2.0.jar:/home/runner/.m2/repository/org/glassfish/jersey/core/jersey-server/2.25.1/jersey-server-2.25.1.jar:/home/runner/.m2/repository/org/glassfish/jersey/core/jersey-common/2.25.1/jersey-common-2.25.1.jar:/home/runner/.m2/repository/org/glassfish/jersey/bundles/repackaged/jersey-guava/2.25.1/jersey-guava-2.25.1.jar:/home/runner/.m2/repository/org/glassfish/hk2/osgi-resource-locator/1.0.1/osgi-resource-locator-1.0.1.jar:/home/runner/.m2/repository/org/glassfish/jersey/core/jersey-client/2.25.1/jersey-client-2.25.1.jar:/home/runner/.m2/repository/org/glassfish/jersey/media/jersey-media-jaxb/2.25.1/jersey-media-jaxb-2.25.1.jar:/home/runner/.m2/repository/javax/annotation/javax.annotation-api/1.2/javax.annotation-api-1.2.jar:/home/runner/.m2/repository/org/glassfish/hk2/hk2-api/2.5.0-b32/hk2-api-2.5.0-b32.jar:/home/runner/.m2/repository/org/glassfish/hk2/hk2-utils/2.5.0-b32/hk2-utils-2.5.0-b32.jar:/home/runner/.m2/repository/org/glassfish/hk2/external/aopalliance-repackaged/2.5.0-b32/aopalliance-repackaged-2.5.0-b32.jar:/home/runner/.m2/repository/org/glassfish/hk2/external/javax.inject/2.5.0-b32/javax.inject-2.5.0-b32.jar:/home/runner/.m2/repository/org/glassfish/hk2/hk2-locator/2.5.0-b32/hk2-locator-2.5.0-b32.jar:/home/runner/.m2/repository/javax/validation/validation-api/1.1.0.Final/validation-api-1.1.0.Final.jar:/home/runner/.m2/repository/org/glassfish/jersey/ext/jersey-metainf-services/2.25.1/jersey-metainf-services-2.25.1.jar:/home/runner/.m2/repository/org/glassfish/jersey/ext/jersey-bean-validation/2.25.1/jersey-bean-validation-2.25.1.jar:/home/runner/.m2/repository/io/dropwizard/metrics/metrics-jersey2/4.1.16/metrics-jersey2-4.1.16.jar:/home/runner/.m2/repository/com/fasterxml/jackson/jaxrs/jackson-jaxrs-json-provider/2.10.5/jackson-jaxrs-json-provider-2.10.5.jar:/home/runner/.m2/repository/com/fasterxml/jackson/jaxrs/jackson-jaxrs-base/2.10.5/jackson-jaxrs-base-2.10.5.jar:/home/runner/.m2/repository/com/fasterxml/jackson/module/jackson-module-jaxb-annotations/2.10.5/jackson-module-jaxb-annotations-2.10.5.jar:/home/runner/.m2/repository/jakarta/xml/bind/jakarta.xml.bind-api/2.3.2/jakarta.xml.bind-api-2.3.2.jar:/home/runner/.m2/repository/jakarta/activation/jakarta.activation-api/1.2.1/jakarta.activation-api-1.2.1.jar:/home/runner/.m2/repository/org/glassfish/jersey/containers/jersey-container-servlet/2.25.1/jersey-container-servlet-2.25.1.jar:/home/runner/.m2/repository/org/glassfish/jersey/containers/jersey-container-servlet-core/2.25.1/jersey-container-servlet-core-2.25.1.jar:/home/runner/.m2/repository/org/eclipse/jetty/jetty-webapp/9.4.44.v20210927/jetty-webapp-9.4.44.v20210927.jar:/home/runner/.m2/repository/org/eclipse/jetty/jetty-xml/9.4.44.v20210927/jetty-xml-9.4.44.v20210927.jar:/home/runner/.m2/repository/org/eclipse/jetty/jetty-continuation/9.4.44.v20210927/jetty-continuation-9.4.44.v20210927.jar:/home/runner/.m2/repository/javax/servlet/javax.servlet-api/3.1.0/javax.servlet-api-3.1.0.jar:/home/runner/.m2/repository/org/pac4j/jax-rs/core/3.0.0/core-3.0.0.jar:/home/runner/.m2/repository/javax/inject/javax.inject/1/javax.inject-1.jar:/home/runner/.m2/repository/org/pac4j/pac4j-core/3.7.0/pac4j-core-3.7.0.jar:/home/runner/.m2/repository/org/finos/legend/shared/legend-shared-pac4j-gitlab/0.22.5/legend-shared-pac4j-gitlab-0.22.5.jar:/home/runner/.m2/repository/com/nimbusds/nimbus-jose-jwt/8.0/nimbus-jose-jwt-8.0.jar:/home/runner/.m2/repository/com/github/stephenc/jcip/jcip-annotations/1.0-1/jcip-annotations-1.0-1.jar:/home/runner/.m2/repository/net/minidev/json-smart/2.4.7/json-smart-2.4.7.jar:/home/runner/.m2/repository/net/minidev/accessors-smart/2.4.7/accessors-smart-2.4.7.jar:/home/runner/.m2/repository/org/ow2/asm/asm/9.1/asm-9.1.jar:/home/runner/.m2/repository/org/pac4j/pac4j-oidc/3.8.3/pac4j-oidc-3.8.3.jar:/home/runner/.m2/repository/com/nimbusds/oauth2-oidc-sdk/6.5/oauth2-oidc-sdk-6.5.jar:/home/runner/.m2/repository/com/sun/mail/javax.mail/1.6.1/javax.mail-1.6.1.jar:/home/runner/.m2/repository/com/nimbusds/lang-tag/1.7/lang-tag-1.7.jar:/home/runner/.m2/repository/org/mockito/mockito-core/4.4.0/mockito-core-4.4.0.jar:/home/runner/.m2/repository/net/bytebuddy/byte-buddy/1.11.20/byte-buddy-1.11.20.jar:/home/runner/.m2/repository/net/bytebuddy/byte-buddy-agent/1.11.20/byte-buddy-agent-1.11.20.jar:/home/runner/.m2/repository/org/objenesis/objenesis/3.2/objenesis-3.2.jar:/home/runner/.m2/repository/org/finos/legend/pure/legend-pure-m3-core/4.1.0/legend-pure-m3-core-4.1.0.jar:/home/runner/.m2/repository/commons-io/commons-io/2.7/commons-io-2.7.jar:/home/runner/.m2/repository/org/slf4j/slf4j-api/1.7.25/slf4j-api-1.7.25.jar:/home/runner/.m2/repository/org/slf4j/jcl-over-slf4j/1.7.25/jcl-over-slf4j-1.7.25.jar:/home/runner/.m2/repository/org/slf4j/jul-to-slf4j/1.7.25/jul-to-slf4j-1.7.25.jar:/home/runner/.m2/repository/log4j/log4j/1.2.17/log4j-1.2.17.jar:/home/runner/.m2/repository/javax/ws/rs/javax.ws.rs-api/2.0.1/javax.ws.rs-api-2.0.1.jar:/home/runner/.m2/repository/io/swagger/swagger-annotations/1.5.20/swagger-annotations-1.5.20.jar:/home/runner/.m2/repository/joda-time/joda-time/2.10.6/joda-time-2.10.6.jar:/home/runner/.m2/repository/junit/junit/4.13.1/junit-4.13.1.jar:/home/runner/.m2/repository/org/hamcrest/hamcrest-core/1.3/hamcrest-core-1.3.jar:/home/runner/.m2/repository/org/finos/legend/engine/legend-engine-xt-relationalStore-executionPlan-connection-authentication/4.1.1-SNAPSHOT/legend-engine-xt-relationalStore-executionPlan-connection-authentication-4.1.1-SNAPSHOT.jar:/home/runner/.m2/repository/org/finos/legend/engine/legend-engine-xt-relationalStore-executionPlan-connection-authentication-default/4.1.1-SNAPSHOT/legend-engine-xt-relationalStore-executionPlan-connection-authentication-default-4.1.1-SNAPSHOT.jar:/home/runner/.m2/repository/org/finos/legend/engine/legend-engine-xt-relationalStore-sqlserver-execution/4.1.1-SNAPSHOT/legend-engine-xt-relationalStore-sqlserver-execution-4.1.1-SNAPSHOT.jar:/home/runner/.m2/repository/org/finos/legend/engine/legend-engine-xt-relationalStore-bigquery-execution/4.1.1-SNAPSHOT/legend-engine-xt-relationalStore-bigquery-execution-4.1.1-SNAPSHOT.jar:/home/runner/.m2/repository/software/amazon/awssdk/sts/2.17.129/sts-2.17.129.jar:/home/runner/.m2/repository/software/amazon/awssdk/aws-query-protocol/2.17.129/aws-query-protocol-2.17.129.jar:/home/runner/.m2/repository/software/amazon/awssdk/protocol-core/2.17.129/protocol-core-2.17.129.jar:/home/runner/.m2/repository/software/amazon/awssdk/profiles/2.17.129/profiles-2.17.129.jar:/home/runner/.m2/repository/software/amazon/awssdk/sdk-core/2.17.129/sdk-core-2.17.129.jar:/home/runner/.m2/repository/software/amazon/awssdk/annotations/2.17.129/annotations-2.17.129.jar:/home/runner/.m2/repository/software/amazon/awssdk/aws-core/2.17.129/aws-core-2.17.129.jar:/home/runner/.m2/repository/software/amazon/awssdk/metrics-spi/2.17.129/metrics-spi-2.17.129.jar:/home/runner/.m2/repository/software/amazon/awssdk/apache-client/2.17.129/apache-client-2.17.129.jar:/home/runner/.m2/repository/software/amazon/awssdk/netty-nio-client/2.17.129/netty-nio-client-2.17.129.jar:/home/runner/.m2/repository/com/typesafe/netty/netty-reactive-streams-http/2.0.5/netty-reactive-streams-http-2.0.5.jar:/home/runner/.m2/repository/com/typesafe/netty/netty-reactive-streams/2.0.5/netty-reactive-streams-2.0.5.jar:/home/runner/.m2/repository/software/amazon/awssdk/http-client-spi/2.17.129/http-client-spi-2.17.129.jar:/home/runner/.m2/repository/org/reactivestreams/reactive-streams/1.0.3/reactive-streams-1.0.3.jar:/home/runner/.m2/repository/software/amazon/awssdk/regions/2.17.129/regions-2.17.129.jar:/home/runner/.m2/repository/software/amazon/awssdk/json-utils/2.17.129/json-utils-2.17.129.jar:/home/runner/.m2/repository/software/amazon/awssdk/third-party-jackson-core/2.17.129/third-party-jackson-core-2.17.129.jar:/home/runner/.m2/repository/software/amazon/awssdk/auth/2.17.129/auth-2.17.129.jar:/home/runner/.m2/repository/software/amazon/eventstream/eventstream/1.0.1/eventstream-1.0.1.jar:/home/runner/.m2/repository/software/amazon/awssdk/utils/2.17.129/utils-2.17.129.jar:/home/runner/.m2/repository/org/finos/legend/engine/legend-engine-xt-relationalStore-bigquery-protocol/4.1.1-SNAPSHOT/legend-engine-xt-relationalStore-bigquery-protocol-4.1.1-SNAPSHOT.jar:/home/runner/.m2/repository/org/finos/legend/engine/legend-engine-xt-relationalStore-spanner-execution/4.1.1-SNAPSHOT/legend-engine-xt-relationalStore-spanner-execution-4.1.1-SNAPSHOT.jar:/home/runner/.m2/repository/org/finos/legend/engine/legend-engine-xt-relationalStore-spanner-jdbc-shaded/4.1.1-SNAPSHOT/legend-engine-xt-relationalStore-spanner-jdbc-shaded-4.1.1-SNAPSHOT.jar:/home/runner/.m2/repository/org/finos/legend/engine/legend-engine-xt-relationalStore-spanner-protocol/4.1.1-SNAPSHOT/legend-engine-xt-relationalStore-spanner-protocol-4.1.1-SNAPSHOT.jar:/home/runner/.m2/repository/org/finos/legend/engine/legend-engine-xt-relationalStore-pure/4.1.1-SNAPSHOT/legend-engine-xt-relationalStore-pure-4.1.1-SNAPSHOT.jar:/home/runner/.m2/repository/org/finos/legend/pure/legend-pure-m2-dsl-mapping-pure/4.1.0/legend-pure-m2-dsl-mapping-pure-4.1.0.jar:/home/runner/.m2/repository/org/finos/legend/pure/legend-pure-m2-functions-pure/4.1.0/legend-pure-m2-functions-pure-4.1.0.jar:/home/runner/.m2/repository/org/finos/legend/pure/legend-pure-m2-dsl-path-pure/4.1.0/legend-pure-m2-dsl-path-pure-4.1.0.jar:/home/runner/.m2/repository/org/finos/legend/pure/legend-pure-m2-dsl-graph-pure/4.1.0/legend-pure-m2-dsl-graph-pure-4.1.0.jar:/home/runner/.m2/repository/org/finos/legend/pure/legend-pure-m2-store-relational-pure/4.1.0/legend-pure-m2-store-relational-pure-4.1.0.jar:/home/runner/.m2/repository/org/finos/legend/pure/legend-pure-m2-dsl-mapping-grammar/4.1.0/legend-pure-m2-dsl-mapping-grammar-4.1.0.jar:/home/runner/.m2/repository/org/finos/legend/pure/legend-pure-m2-dsl-path-grammar/4.1.0/legend-pure-m2-dsl-path-grammar-4.1.0.jar:/home/runner/.m2/repository/org/finos/legend/pure/legend-pure-m2-dsl-graph-grammar/4.1.0/legend-pure-m2-dsl-graph-grammar-4.1.0.jar:/home/runner/.m2/repository/org/finos/legend/pure/legend-pure-m2-store-relational-grammar/4.1.0/legend-pure-m2-store-relational-grammar-4.1.0.jar:/home/runner/.m2/repository/org/finos/legend/engine/legend-engine-pure-code-compiled-core/4.1.1-SNAPSHOT/legend-engine-pure-code-compiled-core-4.1.1-SNAPSHOT.jar:/home/runner/.m2/repository/org/finos/legend/engine/legend-engine-pure-platform-dsl-diagram-java/4.1.1-SNAPSHOT/legend-engine-pure-platform-dsl-diagram-java-4.1.1-SNAPSHOT.jar:/home/runner/.m2/repository/org/finos/legend/engine/legend-engine-pure-platform-dsl-path-java/4.1.1-SNAPSHOT/legend-engine-pure-platform-dsl-path-java-4.1.1-SNAPSHOT.jar:/home/runner/.m2/repository/org/finos/legend/engine/legend-engine-pure-platform-java/4.1.1-SNAPSHOT/legend-engine-pure-platform-java-4.1.1-SNAPSHOT.jar:/home/runner/.m2/repository/org/finos/legend/engine/legend-engine-pure-platform-store-relational-java/4.1.1-SNAPSHOT/legend-engine-pure-platform-store-relational-java-4.1.1-SNAPSHOT.jar:/home/runner/.m2/repository/org/finos/legend/engine/legend-engine-pure-platform-functions-java/4.1.1-SNAPSHOT/legend-engine-pure-platform-functions-java-4.1.1-SNAPSHOT.jar:/home/runner/.m2/repository/org/finos/legend/engine/legend-engine-pure-platform-functions-json-java/4.1.1-SNAPSHOT/legend-engine-pure-platform-functions-json-java-4.1.1-SNAPSHOT.jar:/home/runner/.m2/repository/org/finos/legend/pure/legend-pure-runtime-java-extension-functions-shared-conversion/4.1.0/legend-pure-runtime-java-extension-functions-shared-conversion-4.1.0.jar:/home/runner/.m2/repository/org/finos/legend/engine/legend-engine-pure-platform-dsl-mapping-java/4.1.1-SNAPSHOT/legend-engine-pure-platform-dsl-mapping-java-4.1.1-SNAPSHOT.jar:/home/runner/.m2/repository/org/finos/legend/engine/legend-engine-pure-platform-dsl-graph-java/4.1.1-SNAPSHOT/legend-engine-pure-platform-dsl-graph-java-4.1.1-SNAPSHOT.jar:/home/runner/.m2/repository/org/finos/legend/pure/legend-pure-runtime-java-extension-store-relational/4.1.0/legend-pure-runtime-java-extension-store-relational-4.1.0.jar:/home/runner/.m2/repository/org/finos/legend/pure/legend-pure-runtime-java-engine-interpreted/4.1.0/legend-pure-runtime-java-engine-interpreted-4.1.0.jar:/home/runner/.m2/repository/org/apache/tomcat/tomcat-dbcp/10.0.4/tomcat-dbcp-10.0.4.jar:/home/runner/.m2/repository/org/apache/tomcat/tomcat-juli/10.0.4/tomcat-juli-10.0.4.jar:/home/runner/.m2/repository/org/finos/legend/pure/legend-pure-runtime-java-extension-functions-json/4.1.0/legend-pure-runtime-java-extension-functions-json-4.1.0.jar:/home/runner/.m2/repository/org/finos/legend/pure/legend-pure-m2-functions-json-pure/4.1.0/legend-pure-m2-functions-json-pure-4.1.0.jar:/home/runner/.m2/repository/org/finos/legend/pure/legend-pure-runtime-java-extension-functions/4.1.0/legend-pure-runtime-java-extension-functions-4.1.0.jar:/home/runner/.m2/repository/org/finos/legend/pure/legend-pure-runtime-java-extension-dsl-mapping/4.1.0/legend-pure-runtime-java-extension-dsl-mapping-4.1.0.jar:/home/runner/.m2/repository/org/finos/legend/pure/legend-pure-runtime-java-extension-dsl-diagram/4.1.0/legend-pure-runtime-java-extension-dsl-diagram-4.1.0.jar:/home/runner/.m2/repository/org/finos/legend/pure/legend-pure-m2-dsl-diagram-pure/4.1.0/legend-pure-m2-dsl-diagram-pure-4.1.0.jar:/home/runner/.m2/repository/org/finos/legend/pure/legend-pure-runtime-java-extension-dsl-path/4.1.0/legend-pure-runtime-java-extension-dsl-path-4.1.0.jar:/home/runner/.m2/repository/org/finos/legend/pure/legend-pure-runtime-java-extension-dsl-graph/4.1.0/legend-pure-runtime-java-extension-dsl-graph-4.1.0.jar:/home/runner/.m2/repository/org/finos/legend/engine/legend-engine-xt-relationalStore-javaPlatformBinding-pure/4.1.1-SNAPSHOT/legend-engine-xt-relationalStore-javaPlatformBinding-pure-4.1.1-SNAPSHOT.jar:/home/runner/.m2/repository/org/finos/legend/engine/legend-engine-xt-javaGeneration-pure/4.1.1-SNAPSHOT/legend-engine-xt-javaGeneration-pure-4.1.1-SNAPSHOT.jar:/home/runner/.m2/repository/org/finos/legend/engine/legend-engine-xt-javaPlatformBinding-pure/4.1.1-SNAPSHOT/legend-engine-xt-javaPlatformBinding-pure-4.1.1-SNAPSHOT.jar:/home/runner/.m2/repository/org/testcontainers/testcontainers/1.17.6/testcontainers-1.17.6.jar:/home/runner/.m2/repository/org/apache/commons/commons-compress/1.21/commons-compress-1.21.jar:/home/runner/.m2/repository/org/rnorth/duct-tape/duct-tape/1.0.8/duct-tape-1.0.8.jar:/home/runner/.m2/repository/org/jetbrains/annotations/17.0.0/annotations-17.0.0.jar:/home/runner/.m2/repository/com/github/docker-java/docker-java-api/3.2.13/docker-java-api-3.2.13.jar:/home/runner/.m2/repository/com/github/docker-java/docker-java-transport-zerodep/3.2.13/docker-java-transport-zerodep-3.2.13.jar:/home/runner/.m2/repository/com/github/docker-java/docker-java-transport/3.2.13/docker-java-transport-3.2.13.jar:/home/runner/.m2/repository/net/java/dev/jna/jna/5.8.0/jna-5.8.0.jar:/home/runner/.m2/repository/com/h2database/h2/1.4.200/h2-1.4.200.jar:/home/runner/.m2/repository/org/testcontainers/postgresql/1.17.6/postgresql-1.17.6.jar:/home/runner/.m2/repository/org/testcontainers/jdbc/1.17.6/jdbc-1.17.6.jar:/home/runner/.m2/repository/org/testcontainers/database-commons/1.17.6/database-commons-1.17.6.jar:"/>
    <property name="sun.cpu.endian" value="little"/>
    <property name="user.home" value="/home/runner"/>
    <property name="user.language" value="en"/>
    <property name="java.specification.vendor" value="Oracle Corporation"/>
    <property name="java.version.date" value="2023-01-17"/>
    <property name="java.home" value="/opt/hostedtoolcache/jdk/11.0.18/x64"/>
    <property name="file.separator" value="/"/>
    <property name="basedir" value="/home/runner/work/legend-engine/legend-engine/legend-engine-xt-relationalStore-test-server"/>
    <property name="java.vm.compressedOopsMode" value="32-bit"/>
    <property name="line.separator" value="&#10;"/>
    <property name="java.specification.name" value="Java Platform API Specification"/>
    <property name="java.vm.specification.vendor" value="Oracle Corporation"/>
    <property name="jdk.vendor.version" value="Zulu11.62+17-CA"/>
    <property name="java.awt.graphicsenv" value="sun.awt.X11GraphicsEnvironment"/>
    <property name="sun.management.compiler" value="HotSpot 64-Bit Tiered Compilers"/>
    <property name="java.runtime.version" value="11.0.18+10-LTS"/>
    <property name="user.name" value="runner"/>
    <property name="path.separator" value=":"/>
    <property name="os.version" value="5.15.0-1033-azure"/>
    <property name="java.runtime.name" value="OpenJDK Runtime Environment"/>
    <property name="file.encoding" value="UTF-8"/>
    <property name="java.vm.name" value="OpenJDK 64-Bit Server VM"/>
    <property name="java.vendor.version" value="Zulu11.62+17-CA"/>
    <property name="localRepository" value="/home/runner/.m2/repository"/>
    <property name="java.vendor.url.bug" value="http://www.azul.com/support/"/>
    <property name="java.io.tmpdir" value="/tmp"/>
    <property name="java.version" value="11.0.18"/>
    <property name="user.dir" value="/home/runner/work/legend-engine/legend-engine/legend-engine-xt-relationalStore-test-server"/>
    <property name="os.arch" value="amd64"/>
    <property name="java.vm.specification.name" value="Java Virtual Machine Specification"/>
    <property name="java.awt.printerjob" value="sun.print.PSPrinterJob"/>
    <property name="sun.os.patch.level" value="unknown"/>
    <property name="java.library.path" value="/usr/java/packages/lib:/usr/lib64:/lib64:/lib:/usr/lib"/>
    <property name="java.vm.info" value="mixed mode"/>
    <property name="java.vendor" value="Azul Systems, Inc."/>
    <property name="java.vm.version" value="11.0.18+10-LTS"/>
    <property name="sun.io.unicode.encoding" value="UnicodeLittle"/>
    <property name="java.class.version" value="55.0"/>
  </properties>
  <testcase name="testDecimal[Snowflake]" classname="org.finos.legend.engine.server.test.shared.Relational_DbSpecific_UsingPureClientTestSuite$2" time="8.996"/>
  <testcase name="testDecimal[Snowflake]" classname="org.finos.legend.engine.server.test.shared.Relational_DbSpecific_UsingPureClientTestSuite$2" time="0.484"/>
  <testcase name="testDecimal[Snowflake]" classname="org.finos.legend.engine.server.test.shared.Relational_DbSpecific_UsingPureClientTestSuite$2" time="0.157"/>
  <testcase name="testDecimal[Snowflake]" classname="org.finos.legend.engine.server.test.shared.Relational_DbSpecific_UsingPureClientTestSuite$2" time="0.16"/>
  <testcase name="testDecimal[Snowflake]" classname="org.finos.legend.engine.server.test.shared.Relational_DbSpecific_UsingPureClientTestSuite$2" time="0.146"/>
  <testcase name="testDecimal[Snowflake]" classname="org.finos.legend.engine.server.test.shared.Relational_DbSpecific_UsingPureClientTestSuite$2" time="0.273">
    <error message="Assert failure at (resource:/platform/pure/basics/tests/assertEq.pure line:34 column:5), &quot;500 &apos;{&quot;code&quot;:-1,&quot;message&quot;:&quot;SnowflakeSQLException: SQL compilation error:&#10;Unknown function CEILING&quot;,&quot;status&quot;:&quot;error&quot;,&quot;trace&quot;:&quot;java.lang.RuntimeException: net.snowflake.client.jdbc.SnowflakeSQLException: SQL compilation error:&#10;Unknown function CEILING&#10;at org.finos.legend.engine.plan.execution.stores.relational.result.SQLExecutionResult.&lt;init&gt;(SQLExecutionResult.java:123)&#10;at org.finos.legend.engine.plan.execution.stores.relational.RelationalExecutor.execute(RelationalExecutor.java:241)&#10;at org.finos.legend.engine.plan.execution.stores.relational.plugin.RelationalExecutionNodeExecutor.visit(RelationalExecutionNodeExecutor.java:238)&#10;at org.finos.legend.engine.plan.execution.stores.relational.plugin.RelationalExecutionNodeExecutor.visit(RelationalExecutionNodeExecutor.java:346)&#10;at org.finos.legend.engine.plan.execution.stores.relational.plugin.RelationalExecutionNodeExecutor.visit(RelationalExecutionNodeExecutor.java:92)&#10;at org.finos.legend.engine.protocol.pure.v1.model.executionPlan.nodes.RelationalDataTypeInstantiationExecutionNode.accept(RelationalDataTypeInstantiationExecutionNode.java:22)&#10;at org.finos.legend.engine.plan.execution.stores.relational.RelationalExecutionExtension.lambda$getExtraNodeExecutors$fbe53481$1(RelationalExecutionExtension.java:50)&#10;at org.finos.legend.engine.plan.execution.nodes.ExecutionNodeExecutor.lambda$visit$0(ExecutionNodeExecutor.java:164)&#10;at java.base/java.util.stream.ReferencePipeline$3$1.accept(ReferencePipeline.java:195)&#10;at java.base/java.util.Spliterators$ArraySpliterator.tryAdvance(Spliterators.java:958)&#10;at java.base/java.util.stream.ReferencePipeline.forEachWithCancel(ReferencePipeline.java:127)&#10;at java.base/java.util.stream.AbstractPipeline.copyIntoWithCancel(AbstractPipeline.java:502)&#10;at java.base/java.util.stream.AbstractPipeline.copyInto(AbstractPipeline.java:488)&#10;at java.base/java.util.stream.AbstractPipeline.wrapAndCopyInto(AbstractPipeline.java:474)&#10;at java.base/java.util.stream.FindOps$FindOp.evaluateSequential(FindOps.java:150)&#10;at java.base/java.util.stream.AbstractPipeline.evaluate(AbstractPipeline.java:234)&#10;at java.base/java.util.stream.ReferencePipeline.findFirst(ReferencePipeline.java:543)&#10;at org.finos.legend.engine.plan.execution.nodes.ExecutionNodeExecutor.visit(ExecutionNodeExecutor.java:164)&#10;at org.finos.legend.engine.plan.execution.nodes.ExecutionNodeExecutor.visit(ExecutionNodeExecutor.java:107)&#10;at org.finos.legend.engine.protocol.pure.v1.model.executionPlan.nodes.RelationalDataTypeInstantiationExecutionNode.accept(RelationalDataTypeInstantiationExecutionNode.java:22)&#10;at org.finos.legend.engine.plan.execution.PlanExecutor.execute(PlanExecutor.java:238)&#10;at org.finos.legend.engine.plan.execution.PlanExecutor.execute(PlanExecutor.java:225)&#10;at org.finos.legend.engine.plan.execution.api.ExecutePlan.doExecutePlanLegacy(ExecutePlan.java:102)&#10;at org.finos.legend.engine.plan.execution.api.ExecutePlan.doExecutePlan(ExecutePlan.java:84)&#10;at org.finos.legend.engine.plan.execution.api.ExecutePlanLegacy.executePlan(ExecutePlanLegacy.java:56)&#10;at java.base/jdk.internal.reflect.NativeMethodAccessorImpl.invoke0(Native Method)&#10;at java.base/jdk.internal.reflect.NativeMethodAccessorImpl.invoke(NativeMethodAccessorImpl.java:62)&#10;at java.base/jdk.internal.reflect.DelegatingMethodAccessorImpl.invoke(DelegatingMethodAccessorImpl.java:43)&#10;at java.base/java.lang.reflect.Method.invoke(Method.java:566)&#10;at org.glassfish.jersey.server.model.internal.ResourceMethodInvocationHandlerFactory$1.invoke(ResourceMethodInvocationHandlerFactory.java:81)&#10;at org.glassfish.jersey.server.model.internal.AbstractJavaResourceMethodDispatcher$1.run(AbstractJavaResourceMethodDispatcher.java:144)&#10;at org.glassfish.jersey.server.model.internal.AbstractJavaResourceMethodDispatcher.invoke(AbstractJavaResourceMethodDispatcher.java:161)&#10;at org.glassfish.jersey.server.model.internal.JavaResourceMethodDispatcherProvider$ResponseOutInvoker.doDispatch(JavaResourceMethodDispatcherProvider.java:160)&#10;at org.glassfish.jersey.server.model.internal.AbstractJavaResourceMethodDispatcher.dispatch(AbstractJavaResourceMethodDispatcher.java:99)&#10;at org.glassfish.jersey.server.model.ResourceMethodInvoker.invoke(ResourceMethodInvoker.java:389)&#10;at org.glassfish.jersey.server.model.ResourceMethodInvoker.apply(ResourceMethodInvoker.java:347)&#10;at org.glassfish.jersey.server.model.ResourceMethodInvoker.apply(ResourceMethodInvoker.java:102)&#10;at org.glassfish.jersey.server.ServerRuntime$2.run(ServerRuntime.java:326)&#10;at org.glassfish.jersey.internal.Errors$1.call(Errors.java:271)&#10;at org.glassfish.jersey.internal.Errors$1.call(Errors.java:267)&#10;at org.glassfish.jersey.internal.Errors.process(Errors.java:315)&#10;at org.glassfish.jersey.internal.Errors.process(Errors.java:297)&#10;at org.glassfish.jersey.internal.Errors.process(Errors.java:267)&#10;at org.glassfish.jersey.process.internal.RequestScope.runInScope(RequestScope.java:317)&#10;at org.glassfish.jersey.server.ServerRuntime.process(ServerRuntime.java:305)&#10;at org.glassfish.jersey.server.ApplicationHandler.handle(ApplicationHandler.java:1154)&#10;at org.glassfish.jersey.servlet.WebComponent.serviceImpl(WebComponent.java:473)&#10;at org.glassfish.jersey.servlet.WebComponent.service(WebComponent.java:427)&#10;at org.glassfish.jersey.servlet.ServletContainer.service(ServletContainer.java:388)&#10;at org.glassfish.jersey.servlet.ServletContainer.service(ServletContainer.java:341)&#10;at org.glassfish.jersey.servlet.ServletContainer.service(ServletContainer.java:228)&#10;at org.eclipse.jetty.servlet.ServletHolder.handle(ServletHolder.java:799)&#10;at org.eclipse.jetty.servlet.ServletHandler$ChainEnd.doFilter(ServletHandler.java:1631)&#10;at io.dropwizard.servlets.ThreadNameFilter.doFilter(ThreadNameFilter.java:35)&#10;at org.eclipse.jetty.servlet.FilterHolder.doFilter(FilterHolder.java:193)&#10;at org.eclipse.jetty.servlet.ServletHandler$Chain.doFilter(ServletHandler.java:1601)&#10;at io.dropwizard.jersey.filter.AllowedMethodsFilter.handle(AllowedMethodsFilter.java:45)&#10;at io.dropwizard.jersey.filter.AllowedMethodsFilter.doFilter(AllowedMethodsFilter.java:39)&#10;at org.eclipse.jetty.servlet.FilterHolder.doFilter(FilterHolder.java:193)&#10;at org.eclipse.jetty.servlet.ServletHandler$Chain.doFilter(ServletHandler.java:1601)&#10;at org.finos.legend.server.pac4j.internal.UsernameFilter.doFilter(UsernameFilter.java:51)&#10;at org.eclipse.jetty.servlet.FilterHolder.doFilter(FilterHolder.java:193)&#10;at org.eclipse.jetty.servlet.ServletHandler$Chain.doFilter(ServletHandler.java:1601)&#10;at org.pac4j.j2e.filter.SecurityFilter.lambda$internalFilter$0(SecurityFilter.java:95)&#10;at org.pac4j.core.engine.DefaultSecurityLogic.perform(DefaultSecurityLogic.java:140)&#10;at org.pac4j.j2e.filter.SecurityFilter.internalFilter(SecurityFilter.java:93)&#10;at org.pac4j.j2e.filter.AbstractConfigFilter.doFilter(AbstractConfigFilter.java:81)&#10;at org.eclipse.jetty.servlet.FilterHolder.doFilter(FilterHolder.java:193)&#10;at org.eclipse.jetty.servlet.ServletHandler$Chain.doFilter(ServletHandler.java:1601)&#10;at org.eclipse.jetty.servlet.ServletHandler.doHandle(ServletHandler.java:548)&#10;at org.eclipse.jetty.server.handler.ScopedHandler.nextHandle(ScopedHandler.java:233)&#10;at org.eclipse.jetty.server.session.SessionHandler.doHandle(SessionHandler.java:1624)&#10;at org.eclipse.jetty.server.handler.ScopedHandler.nextHandle(ScopedHandler.java:233)&#10;at org.eclipse.jetty.server.handler.ContextHandler.doHandle(ContextHandler.java:1434)&#10;at org.eclipse.jetty.server.handler.ScopedHandler.nextScope(ScopedHandler.java:188)&#10;at org.eclipse.jetty.servlet.ServletHandler.doScope(ServletHandler.java:501)&#10;at org.eclipse.jetty.server.session.SessionHandler.doScope(SessionHandler.java:1594)&#10;at org.eclipse.jetty.server.handler.ScopedHandler.nextScope(ScopedHandler.java:186)&#10;at org.eclipse.jetty.server.handler.ContextHandler.doScope(ContextHandler.java:1349)&#10;at org.eclipse.jetty.server.handler.ScopedHandler.handle(ScopedHandler.java:141)&#10;at org.eclipse.jetty.server.handler.HandlerWrapper.handle(HandlerWrapper.java:127)&#10;at com.codahale.metrics.jetty9.InstrumentedHandler.handle(InstrumentedHandler.java:313)&#10;at io.dropwizard.jetty.ContextRoutingHandler.handle(ContextRoutingHandler.java:37)&#10;at org.eclipse.jetty.server.handler.gzip.GzipHandler.handle(GzipHandler.java:713)&#10;at io.dropwizard.jetty.BiDiGzipHandler.handle(BiDiGzipHandler.java:67)&#10;at org.eclipse.jetty.server.handler.StatisticsHandler.handle(StatisticsHandler.java:179)&#10;at org.eclipse.jetty.server.handler.HandlerWrapper.handle(HandlerWrapper.java:127)&#10;at org.eclipse.jetty.server.Server.handle(Server.java:516)&#10;at org.eclipse.jetty.server.HttpChannel.lambda$handle$1(HttpChannel.java:400)&#10;at org.eclipse.jetty.server.HttpChannel.dispatch(HttpChannel.java:645)&#10;at org.eclipse.jetty.server.HttpChannel.handle(HttpChannel.java:392)&#10;at org.eclipse.jetty.server.HttpConnection.onFillable(HttpConnection.java:277)&#10;at org.eclipse.jetty.io.AbstractConnection$ReadCallback.succeeded(AbstractConnection.java:311)&#10;at org.eclipse.jetty.io.FillInterest.fillable(FillInterest.java:105)&#10;at org.eclipse.jetty.io.ChannelEndPoint$1.run(ChannelEndPoint.java:104)&#10;at org.eclipse.jetty.util.thread.strategy.EatWhatYouKill.runTask(EatWhatYouKill.java:338)&#10;at org.eclipse.jetty.util.thread.strategy.EatWhatYouKill.doProduce(EatWhatYouKill.java:315)&#10;at org.eclipse.jetty.util.thread.strategy.EatWhatYouKill.tryProduce(EatWhatYouKill.java:173)&#10;at org.eclipse.jetty.util.thread.strategy.EatWhatYouKill.run(EatWhatYouKill.java:131)&#10;at org.eclipse.jetty.util.thread.ReservedThreadExecutor$ReservedThread.run(ReservedThreadExecutor.java:409)&#10;at org.eclipse.jetty.util.thread.QueuedThreadPool.runJob(QueuedThreadPool.java:883)&#10;at org.eclipse.jetty.util.thread.QueuedThreadPool$Runner.run(QueuedThreadPool.java:1034)&#10;at java.base/java.lang.Thread.run(Thread.java:829)&#10;Caused by: net.snowflake.client.jdbc.SnowflakeSQLException: SQL compilation error:&#10;Unknown function CEILING&#10;at net.snowflake.client.jdbc.SnowflakeUtil.checkErrorAndThrowExceptionSub(SnowflakeUtil.java:127)&#10;at net.snowflake.client.jdbc.SnowflakeUtil.checkErrorAndThrowException(SnowflakeUtil.java:67)&#10;at net.snowflake.client.core.StmtUtil.pollForOutput(StmtUtil.java:442)&#10;at net.snowflake.client.core.StmtUtil.execute(StmtUtil.java:345)&#10;at net.snowflake.client.core.SFStatement.executeHelper(SFStatement.java:486)&#10;at net.snowflake.client.core.SFStatement.executeQueryInternal(SFStatement.java:197)&#10;at net.snowflake.client.core.SFStatement.executeQuery(SFStatement.java:134)&#10;at net.snowflake.client.core.SFStatement.execute(SFStatement.java:743)&#10;at net.snowflake.client.core.SFStatement.execute(SFStatement.java:639)&#10;at net.snowflake.client.jdbc.SnowflakeStatementV1.executeQueryInternal(SnowflakeStatementV1.java:238)&#10;at net.snowflake.client.jdbc.SnowflakeStatementV1.executeQuery(SnowflakeStatementV1.java:133)&#10;at com.zaxxer.hikari.pool.ProxyStatement.executeQuery(ProxyStatement.java:110)&#10;at com.zaxxer.hikari.pool.HikariProxyStatement.executeQuery(HikariProxyStatement.java)&#10;at org.finos.legend.engine.plan.execution.stores.relational.result.SQLExecutionResult.&lt;init&gt;(SQLExecutionResult.java:95)&#10;... 102 more&#10;&quot;}&apos;&quot;" type="Assert failure at (resource"><![CDATA[Assert failure at (resource:/platform/pure/basics/tests/assertEq.pure line:34 column:5), "500 '{"code":-1,"message":"SnowflakeSQLException: SQL compilation error:
Unknown function CEILING","status":"error","trace":"java.lang.RuntimeException: net.snowflake.client.jdbc.SnowflakeSQLException: SQL compilation error:
Unknown function CEILING
at org.finos.legend.engine.plan.execution.stores.relational.result.SQLExecutionResult.<init>(SQLExecutionResult.java:123)
at org.finos.legend.engine.plan.execution.stores.relational.RelationalExecutor.execute(RelationalExecutor.java:241)
at org.finos.legend.engine.plan.execution.stores.relational.plugin.RelationalExecutionNodeExecutor.visit(RelationalExecutionNodeExecutor.java:238)
at org.finos.legend.engine.plan.execution.stores.relational.plugin.RelationalExecutionNodeExecutor.visit(RelationalExecutionNodeExecutor.java:346)
at org.finos.legend.engine.plan.execution.stores.relational.plugin.RelationalExecutionNodeExecutor.visit(RelationalExecutionNodeExecutor.java:92)
at org.finos.legend.engine.protocol.pure.v1.model.executionPlan.nodes.RelationalDataTypeInstantiationExecutionNode.accept(RelationalDataTypeInstantiationExecutionNode.java:22)
at org.finos.legend.engine.plan.execution.stores.relational.RelationalExecutionExtension.lambda$getExtraNodeExecutors$fbe53481$1(RelationalExecutionExtension.java:50)
at org.finos.legend.engine.plan.execution.nodes.ExecutionNodeExecutor.lambda$visit$0(ExecutionNodeExecutor.java:164)
at java.base/java.util.stream.ReferencePipeline$3$1.accept(ReferencePipeline.java:195)
at java.base/java.util.Spliterators$ArraySpliterator.tryAdvance(Spliterators.java:958)
at java.base/java.util.stream.ReferencePipeline.forEachWithCancel(ReferencePipeline.java:127)
at java.base/java.util.stream.AbstractPipeline.copyIntoWithCancel(AbstractPipeline.java:502)
at java.base/java.util.stream.AbstractPipeline.copyInto(AbstractPipeline.java:488)
at java.base/java.util.stream.AbstractPipeline.wrapAndCopyInto(AbstractPipeline.java:474)
at java.base/java.util.stream.FindOps$FindOp.evaluateSequential(FindOps.java:150)
at java.base/java.util.stream.AbstractPipeline.evaluate(AbstractPipeline.java:234)
at java.base/java.util.stream.ReferencePipeline.findFirst(ReferencePipeline.java:543)
at org.finos.legend.engine.plan.execution.nodes.ExecutionNodeExecutor.visit(ExecutionNodeExecutor.java:164)
at org.finos.legend.engine.plan.execution.nodes.ExecutionNodeExecutor.visit(ExecutionNodeExecutor.java:107)
at org.finos.legend.engine.protocol.pure.v1.model.executionPlan.nodes.RelationalDataTypeInstantiationExecutionNode.accept(RelationalDataTypeInstantiationExecutionNode.java:22)
at org.finos.legend.engine.plan.execution.PlanExecutor.execute(PlanExecutor.java:238)
at org.finos.legend.engine.plan.execution.PlanExecutor.execute(PlanExecutor.java:225)
at org.finos.legend.engine.plan.execution.api.ExecutePlan.doExecutePlanLegacy(ExecutePlan.java:102)
at org.finos.legend.engine.plan.execution.api.ExecutePlan.doExecutePlan(ExecutePlan.java:84)
at org.finos.legend.engine.plan.execution.api.ExecutePlanLegacy.executePlan(ExecutePlanLegacy.java:56)
at java.base/jdk.internal.reflect.NativeMethodAccessorImpl.invoke0(Native Method)
at java.base/jdk.internal.reflect.NativeMethodAccessorImpl.invoke(NativeMethodAccessorImpl.java:62)
at java.base/jdk.internal.reflect.DelegatingMethodAccessorImpl.invoke(DelegatingMethodAccessorImpl.java:43)
at java.base/java.lang.reflect.Method.invoke(Method.java:566)
at org.glassfish.jersey.server.model.internal.ResourceMethodInvocationHandlerFactory$1.invoke(ResourceMethodInvocationHandlerFactory.java:81)
at org.glassfish.jersey.server.model.internal.AbstractJavaResourceMethodDispatcher$1.run(AbstractJavaResourceMethodDispatcher.java:144)
at org.glassfish.jersey.server.model.internal.AbstractJavaResourceMethodDispatcher.invoke(AbstractJavaResourceMethodDispatcher.java:161)
at org.glassfish.jersey.server.model.internal.JavaResourceMethodDispatcherProvider$ResponseOutInvoker.doDispatch(JavaResourceMethodDispatcherProvider.java:160)
at org.glassfish.jersey.server.model.internal.AbstractJavaResourceMethodDispatcher.dispatch(AbstractJavaResourceMethodDispatcher.java:99)
at org.glassfish.jersey.server.model.ResourceMethodInvoker.invoke(ResourceMethodInvoker.java:389)
at org.glassfish.jersey.server.model.ResourceMethodInvoker.apply(ResourceMethodInvoker.java:347)
at org.glassfish.jersey.server.model.ResourceMethodInvoker.apply(ResourceMethodInvoker.java:102)
at org.glassfish.jersey.server.ServerRuntime$2.run(ServerRuntime.java:326)
at org.glassfish.jersey.internal.Errors$1.call(Errors.java:271)
at org.glassfish.jersey.internal.Errors$1.call(Errors.java:267)
at org.glassfish.jersey.internal.Errors.process(Errors.java:315)
at org.glassfish.jersey.internal.Errors.process(Errors.java:297)
at org.glassfish.jersey.internal.Errors.process(Errors.java:267)
at org.glassfish.jersey.process.internal.RequestScope.runInScope(RequestScope.java:317)
at org.glassfish.jersey.server.ServerRuntime.process(ServerRuntime.java:305)
at org.glassfish.jersey.server.ApplicationHandler.handle(ApplicationHandler.java:1154)
at org.glassfish.jersey.servlet.WebComponent.serviceImpl(WebComponent.java:473)
at org.glassfish.jersey.servlet.WebComponent.service(WebComponent.java:427)
at org.glassfish.jersey.servlet.ServletContainer.service(ServletContainer.java:388)
at org.glassfish.jersey.servlet.ServletContainer.service(ServletContainer.java:341)
at org.glassfish.jersey.servlet.ServletContainer.service(ServletContainer.java:228)
at org.eclipse.jetty.servlet.ServletHolder.handle(ServletHolder.java:799)
at org.eclipse.jetty.servlet.ServletHandler$ChainEnd.doFilter(ServletHandler.java:1631)
at io.dropwizard.servlets.ThreadNameFilter.doFilter(ThreadNameFilter.java:35)
at org.eclipse.jetty.servlet.FilterHolder.doFilter(FilterHolder.java:193)
at org.eclipse.jetty.servlet.ServletHandler$Chain.doFilter(ServletHandler.java:1601)
at io.dropwizard.jersey.filter.AllowedMethodsFilter.handle(AllowedMethodsFilter.java:45)
at io.dropwizard.jersey.filter.AllowedMethodsFilter.doFilter(AllowedMethodsFilter.java:39)
at org.eclipse.jetty.servlet.FilterHolder.doFilter(FilterHolder.java:193)
at org.eclipse.jetty.servlet.ServletHandler$Chain.doFilter(ServletHandler.java:1601)
at org.finos.legend.server.pac4j.internal.UsernameFilter.doFilter(UsernameFilter.java:51)
at org.eclipse.jetty.servlet.FilterHolder.doFilter(FilterHolder.java:193)
at org.eclipse.jetty.servlet.ServletHandler$Chain.doFilter(ServletHandler.java:1601)
at org.pac4j.j2e.filter.SecurityFilter.lambda$internalFilter$0(SecurityFilter.java:95)
at org.pac4j.core.engine.DefaultSecurityLogic.perform(DefaultSecurityLogic.java:140)
at org.pac4j.j2e.filter.SecurityFilter.internalFilter(SecurityFilter.java:93)
at org.pac4j.j2e.filter.AbstractConfigFilter.doFilter(AbstractConfigFilter.java:81)
at org.eclipse.jetty.servlet.FilterHolder.doFilter(FilterHolder.java:193)
at org.eclipse.jetty.servlet.ServletHandler$Chain.doFilter(ServletHandler.java:1601)
at org.eclipse.jetty.servlet.ServletHandler.doHandle(ServletHandler.java:548)
at org.eclipse.jetty.server.handler.ScopedHandler.nextHandle(ScopedHandler.java:233)
at org.eclipse.jetty.server.session.SessionHandler.doHandle(SessionHandler.java:1624)
at org.eclipse.jetty.server.handler.ScopedHandler.nextHandle(ScopedHandler.java:233)
at org.eclipse.jetty.server.handler.ContextHandler.doHandle(ContextHandler.java:1434)
at org.eclipse.jetty.server.handler.ScopedHandler.nextScope(ScopedHandler.java:188)
at org.eclipse.jetty.servlet.ServletHandler.doScope(ServletHandler.java:501)
at org.eclipse.jetty.server.session.SessionHandler.doScope(SessionHandler.java:1594)
at org.eclipse.jetty.server.handler.ScopedHandler.nextScope(ScopedHandler.java:186)
at org.eclipse.jetty.server.handler.ContextHandler.doScope(ContextHandler.java:1349)
at org.eclipse.jetty.server.handler.ScopedHandler.handle(ScopedHandler.java:141)
at org.eclipse.jetty.server.handler.HandlerWrapper.handle(HandlerWrapper.java:127)
at com.codahale.metrics.jetty9.InstrumentedHandler.handle(InstrumentedHandler.java:313)
at io.dropwizard.jetty.ContextRoutingHandler.handle(ContextRoutingHandler.java:37)
at org.eclipse.jetty.server.handler.gzip.GzipHandler.handle(GzipHandler.java:713)
at io.dropwizard.jetty.BiDiGzipHandler.handle(BiDiGzipHandler.java:67)
at org.eclipse.jetty.server.handler.StatisticsHandler.handle(StatisticsHandler.java:179)
at org.eclipse.jetty.server.handler.HandlerWrapper.handle(HandlerWrapper.java:127)
at org.eclipse.jetty.server.Server.handle(Server.java:516)
at org.eclipse.jetty.server.HttpChannel.lambda$handle$1(HttpChannel.java:400)
at org.eclipse.jetty.server.HttpChannel.dispatch(HttpChannel.java:645)
at org.eclipse.jetty.server.HttpChannel.handle(HttpChannel.java:392)
at org.eclipse.jetty.server.HttpConnection.onFillable(HttpConnection.java:277)
at org.eclipse.jetty.io.AbstractConnection$ReadCallback.succeeded(AbstractConnection.java:311)
at org.eclipse.jetty.io.FillInterest.fillable(FillInterest.java:105)
at org.eclipse.jetty.io.ChannelEndPoint$1.run(ChannelEndPoint.java:104)
at org.eclipse.jetty.util.thread.strategy.EatWhatYouKill.runTask(EatWhatYouKill.java:338)
at org.eclipse.jetty.util.thread.strategy.EatWhatYouKill.doProduce(EatWhatYouKill.java:315)
at org.eclipse.jetty.util.thread.strategy.EatWhatYouKill.tryProduce(EatWhatYouKill.java:173)
at org.eclipse.jetty.util.thread.strategy.EatWhatYouKill.run(EatWhatYouKill.java:131)
at org.eclipse.jetty.util.thread.ReservedThreadExecutor$ReservedThread.run(ReservedThreadExecutor.java:409)
at org.eclipse.jetty.util.thread.QueuedThreadPool.runJob(QueuedThreadPool.java:883)
at org.eclipse.jetty.util.thread.QueuedThreadPool$Runner.run(QueuedThreadPool.java:1034)
at java.base/java.lang.Thread.run(Thread.java:829)
Caused by: net.snowflake.client.jdbc.SnowflakeSQLException: SQL compilation error:
Unknown function CEILING
at net.snowflake.client.jdbc.SnowflakeUtil.checkErrorAndThrowExceptionSub(SnowflakeUtil.java:127)
at net.snowflake.client.jdbc.SnowflakeUtil.checkErrorAndThrowException(SnowflakeUtil.java:67)
at net.snowflake.client.core.StmtUtil.pollForOutput(StmtUtil.java:442)
at net.snowflake.client.core.StmtUtil.execute(StmtUtil.java:345)
at net.snowflake.client.core.SFStatement.executeHelper(SFStatement.java:486)
at net.snowflake.client.core.SFStatement.executeQueryInternal(SFStatement.java:197)
at net.snowflake.client.core.SFStatement.executeQuery(SFStatement.java:134)
at net.snowflake.client.core.SFStatement.execute(SFStatement.java:743)
at net.snowflake.client.core.SFStatement.execute(SFStatement.java:639)
at net.snowflake.client.jdbc.SnowflakeStatementV1.executeQueryInternal(SnowflakeStatementV1.java:238)
at net.snowflake.client.jdbc.SnowflakeStatementV1.executeQuery(SnowflakeStatementV1.java:133)
at com.zaxxer.hikari.pool.ProxyStatement.executeQuery(ProxyStatement.java:110)
at com.zaxxer.hikari.pool.HikariProxyStatement.executeQuery(HikariProxyStatement.java)
at org.finos.legend.engine.plan.execution.stores.relational.result.SQLExecutionResult.<init>(SQLExecutionResult.java:95)
... 102 more
"}'"
	at org.finos.legend.pure.runtime.java.compiled.generation.processors.support.CompiledSupport.pureAssert(CompiledSupport.java:1994)
	at org.finos.legend.pure.generated.platform_pure_basics_tests_assertEq.Root_meta_pure_functions_asserts_assertEq_Any_1__Any_1__Function_1__Boolean_1_(platform_pure_basics_tests_assertEq.java:44)
	at org.finos.legend.pure.generated.core_pure_protocol_vX_X_X_invocations_execution.Root_meta_protocols_pure_vX_X_X_invocation_execution_execute_executePlan_String_1__String_1__Integer_1__String_1_(core_pure_protocol_vX_X_X_invocations_execution.java:751)
	at org.finos.legend.pure.generated.core_pure_protocol_vX_X_X_invocations_execution.Root_meta_protocols_pure_vX_X_X_invocation_execution_execute_executePlan_ExecutionPlan_1__String_1__Integer_1__Extension_MANY__String_1_(core_pure_protocol_vX_X_X_invocations_execution.java:745)
	at org.finos.legend.pure.generated.core_pure_protocol_vX_X_X_invocations_execution.Root_meta_protocols_pure_vX_X_X_invocation_execution_execute_executePlan_ExecutionPlan_1__ExecutionContext_$0_1$__String_1__Integer_1__Extension_MANY__Result_1_(core_pure_protocol_vX_X_X_invocations_execution.java:738)
	at java.base/jdk.internal.reflect.NativeMethodAccessorImpl.invoke0(Native Method)
	at java.base/jdk.internal.reflect.NativeMethodAccessorImpl.invoke(NativeMethodAccessorImpl.java:62)
	at java.base/jdk.internal.reflect.DelegatingMethodAccessorImpl.invoke(DelegatingMethodAccessorImpl.java:43)
	at java.base/java.lang.reflect.Method.invoke(Method.java:566)
	at org.finos.legend.pure.runtime.java.compiled.metadata.JavaMethodWithParamsSharedPureFunction.execute(JavaMethodWithParamsSharedPureFunction.java:59)
	at org.finos.legend.pure.runtime.java.compiled.generation.processors.support.Pure._evaluateToMany(Pure.java:546)
	at org.finos.legend.pure.generated.CoreGen.evaluateToMany(CoreGen.java:147)
	at org.finos.legend.pure.generated.CoreGen.evaluateToMany(CoreGen.java:134)
	at org.finos.legend.pure.generated.core_pure_router_router_entry$9$1.value(core_pure_router_router_entry.java:318)
	at org.finos.legend.pure.generated.core_pure_router_router_entry$9$1.execute(core_pure_router_router_entry.java:311)
	at org.finos.legend.pure.generated.core_pure_router_router_entry$9$1.execute(core_pure_router_router_entry.java:307)
	at org.finos.legend.pure.runtime.java.compiled.generation.processors.support.Pure.evaluate(Pure.java:485)
	at org.finos.legend.pure.runtime.java.compiled.generation.processors.support.Pure.legendTest(Pure.java:216)
	at org.finos.legend.pure.generated.CoreGen.legendTest(CoreGen.java:61)
	at org.finos.legend.pure.generated.core_pure_router_router_entry$9.valueOf(core_pure_router_router_entry.java:303)
	at org.finos.legend.pure.generated.core_pure_router_router_entry$9.execute(core_pure_router_router_entry.java:298)
	at org.finos.legend.pure.generated.core_pure_router_router_entry$9.execute(core_pure_router_router_entry.java:294)
	at org.finos.legend.pure.runtime.java.compiled.generation.processors.support.Pure.evaluate(Pure.java:485)
	at org.finos.legend.pure.runtime.java.compiled.generation.processors.support.Pure.traceSpan(Pure.java:1482)
	at org.finos.legend.pure.generated.CoreGen.traceSpan(CoreGen.java:203)
	at org.finos.legend.pure.generated.core_pure_router_router_entry.Root_meta_pure_router_executePlan_ExecutionPlan_1__ExecutionContext_1__Extension_MANY__Result_$0_1$_(core_pure_router_router_entry.java:290)
	at org.finos.legend.pure.generated.core_pure_router_router_entry.Root_meta_pure_router_executePlan_ExecutionPlan_1__Extension_MANY__Result_$0_1$_(core_pure_router_router_entry.java:285)
	at org.finos.legend.pure.generated.core_relational_relational_sqlQueryToString_dbTestRunner_testRunner$20.execute(core_relational_relational_sqlQueryToString_dbTestRunner_testRunner.java:386)
	at org.finos.legend.pure.generated.core_relational_relational_sqlQueryToString_dbTestRunner_testRunner.Root_meta_relational_dbTestRunner_runSqlQueryTest_SQLQuery_1__Literal_$1_MANY$__Pair_MANY__Function_$0_1$__DbTestConfig_1__Boolean_1_(core_relational_relational_sqlQueryToString_dbTestRunner_testRunner.java:424)
	at org.finos.legend.pure.generated.core_relational_relational_sqlQueryToString_dbTestRunner_testRunner.Root_meta_relational_dbTestRunner_runSqlQueryTest_SQLQuery_1__Literal_$1_MANY$__Function_$0_1$__DbTestConfig_1__Boolean_1_(core_relational_relational_sqlQueryToString_dbTestRunner_testRunner.java:374)
	at org.finos.legend.pure.generated.core_relational_relational_sqlQueryToString_dbTestRunner_dynaFunctionTestRunner.Root_meta_relational_dbTestRunner_runDynaFunctionDatabaseTest_DynaFunction_1__Literal_$1_MANY$__Function_$0_1$__DbTestConfig_1__Boolean_1_(core_relational_relational_sqlQueryToString_dbTestRunner_dynaFunctionTestRunner.java:64)
	at org.finos.legend.pure.generated.core_relational_relational_sqlQueryToString_dbTestRunner_dynaFunctionTestRunner.Root_meta_relational_dbTestRunner_runDynaFunctionDatabaseTest_DynaFunction_1__Literal_$1_MANY$__DbTestConfig_1__Boolean_1_(core_relational_relational_sqlQueryToString_dbTestRunner_dynaFunctionTestRunner.java:58)
	at org.finos.legend.pure.generated.core_relational_relational_sqlQueryToString_testSuite_dynaFunctions_numeric.Root_meta_relational_tests_dbSpecificTests_sqlQueryTests_dynaFunctions_ceiling_testDecimal_DbTestConfig_1__Boolean_1_(core_relational_relational_sqlQueryToString_testSuite_dynaFunctions_numeric.java:246)
	at java.base/jdk.internal.reflect.NativeMethodAccessorImpl.invoke0(Native Method)
	at java.base/jdk.internal.reflect.NativeMethodAccessorImpl.invoke(NativeMethodAccessorImpl.java:62)
	at java.base/jdk.internal.reflect.DelegatingMethodAccessorImpl.invoke(DelegatingMethodAccessorImpl.java:43)
	at java.base/java.lang.reflect.Method.invoke(Method.java:566)
	at org.finos.legend.pure.runtime.java.compiled.testHelper.PureTestBuilderCompiled.executeFn(PureTestBuilderCompiled.java:113)
	at org.finos.legend.pure.runtime.java.compiled.testHelper.PureTestBuilderCompiled.lambda$buildSuite$0(PureTestBuilderCompiled.java:79)
	at org.finos.legend.pure.m3.execution.test.PureTestBuilder$PureTestCase.runTest(PureTestBuilder.java:95)
	at junit.framework.TestCase.runBare(TestCase.java:142)
	at org.finos.legend.engine.server.test.shared.Relational_DbSpecific_UsingPureClientTestSuite$2.runTest(Relational_DbSpecific_UsingPureClientTestSuite.java:90)
	at junit.framework.TestCase.runBare(TestCase.java:142)
	at junit.framework.TestResult$1.protect(TestResult.java:122)
	at junit.framework.TestResult.runProtected(TestResult.java:142)
	at junit.framework.TestResult.run(TestResult.java:125)
	at junit.framework.TestCase.run(TestCase.java:130)
	at junit.framework.TestSuite.runTest(TestSuite.java:241)
	at junit.framework.TestSuite.run(TestSuite.java:236)
	at junit.framework.TestSuite.runTest(TestSuite.java:241)
	at junit.framework.TestSuite.run(TestSuite.java:236)
	at junit.framework.TestSuite.runTest(TestSuite.java:241)
	at junit.framework.TestSuite.run(TestSuite.java:236)
	at junit.framework.TestSuite.runTest(TestSuite.java:241)
	at junit.framework.TestSuite.run(TestSuite.java:236)
	at junit.framework.TestSuite.runTest(TestSuite.java:241)
	at junit.framework.TestSuite.run(TestSuite.java:236)
	at junit.extensions.TestDecorator.basicRun(TestDecorator.java:24)
	at junit.extensions.TestSetup$1.protect(TestSetup.java:23)
	at junit.framework.TestResult.runProtected(TestResult.java:142)
	at junit.extensions.TestSetup.run(TestSetup.java:27)
	at org.junit.internal.runners.JUnit38ClassRunner.run(JUnit38ClassRunner.java:90)
	at org.apache.maven.surefire.junit4.JUnit4Provider.execute(JUnit4Provider.java:365)
	at org.apache.maven.surefire.junit4.JUnit4Provider.executeWithRerun(JUnit4Provider.java:273)
	at org.apache.maven.surefire.junit4.JUnit4Provider.executeTestSet(JUnit4Provider.java:238)
	at org.apache.maven.surefire.junit4.JUnit4Provider.invoke(JUnit4Provider.java:159)
	at org.apache.maven.surefire.booter.ForkedBooter.invokeProviderInSameClassLoader(ForkedBooter.java:384)
	at org.apache.maven.surefire.booter.ForkedBooter.runSuitesInProcess(ForkedBooter.java:345)
	at org.apache.maven.surefire.booter.ForkedBooter.execute(ForkedBooter.java:126)
	at org.apache.maven.surefire.booter.ForkedBooter.main(ForkedBooter.java:418)
]]></error>
    <system-out><![CDATA[Running db test dynaFunctions::ceiling::testDecimal
{"duration":0.0,"eventType":"EXECUTION_PLAN_EXEC_ERROR","info":{"code":-1,"message":"SnowflakeSQLException: SQL compilation error:\nUnknown function CEILING","status":"error","trace":"java.lang.RuntimeException: net.snowflake.client.jdbc.SnowflakeSQLException: SQL compilation error:\nUnknown function CEILING\n\tat org.finos.legend.engine.plan.execution.stores.relational.result.SQLExecutionResult.<init>(SQLExecutionResult.java:123)\n\tat org.finos.legend.engine.plan.execution.stores.relational.RelationalExecutor.execute(RelationalExecutor.java:241)\n\tat org.finos.legend.engine.plan.execution.stores.relational.plugin.RelationalExecutionNodeExecutor.visit(RelationalExecutionNodeExecutor.java:238)\n\tat org.finos.legend.engine.plan.execution.stores.relational.plugin.RelationalExecutionNodeExecutor.visit(RelationalExecutionNodeExecutor.java:346)\n\tat org.finos.legend.engine.plan.execution.stores.relational.plugin.RelationalExecutionNodeExecutor.visit(RelationalExecutionNodeExecutor.java:92)\n\tat org.finos.legend.engine.protocol.pure.v1.model.executionPlan.nodes.RelationalDataTypeInstantiationExecutionNode.accept(RelationalDataTypeInstantiationExecutionNode.java:22)\n\tat org.finos.legend.engine.plan.execution.stores.relational.RelationalExecutionExtension.lambda$getExtraNodeExecutors$fbe53481$1(RelationalExecutionExtension.java:50)\n\tat org.finos.legend.engine.plan.execution.nodes.ExecutionNodeExecutor.lambda$visit$0(ExecutionNodeExecutor.java:164)\n\tat java.base/java.util.stream.ReferencePipeline$3$1.accept(ReferencePipeline.java:195)\n\tat java.base/java.util.Spliterators$ArraySpliterator.tryAdvance(Spliterators.java:958)\n\tat java.base/java.util.stream.ReferencePipeline.forEachWithCancel(ReferencePipeline.java:127)\n\tat java.base/java.util.stream.AbstractPipeline.copyIntoWithCancel(AbstractPipeline.java:502)\n\tat java.base/java.util.stream.AbstractPipeline.copyInto(AbstractPipeline.java:488)\n\tat java.base/java.util.stream.AbstractPipeline.wrapAndCopyInto(AbstractPipeline.java:474)\n\tat java.base/java.util.stream.FindOps$FindOp.evaluateSequential(FindOps.java:150)\n\tat java.base/java.util.stream.AbstractPipeline.evaluate(AbstractPipeline.java:234)\n\tat java.base/java.util.stream.ReferencePipeline.findFirst(ReferencePipeline.java:543)\n\tat org.finos.legend.engine.plan.execution.nodes.ExecutionNodeExecutor.visit(ExecutionNodeExecutor.java:164)\n\tat org.finos.legend.engine.plan.execution.nodes.ExecutionNodeExecutor.visit(ExecutionNodeExecutor.java:107)\n\tat org.finos.legend.engine.protocol.pure.v1.model.executionPlan.nodes.RelationalDataTypeInstantiationExecutionNode.accept(RelationalDataTypeInstantiationExecutionNode.java:22)\n\tat org.finos.legend.engine.plan.execution.PlanExecutor.execute(PlanExecutor.java:238)\n\tat org.finos.legend.engine.plan.execution.PlanExecutor.execute(PlanExecutor.java:225)\n\tat org.finos.legend.engine.plan.execution.api.ExecutePlan.doExecutePlanLegacy(ExecutePlan.java:102)\n\tat org.finos.legend.engine.plan.execution.api.ExecutePlan.doExecutePlan(ExecutePlan.java:84)\n\tat org.finos.legend.engine.plan.execution.api.ExecutePlanLegacy.executePlan(ExecutePlanLegacy.java:56)\n\tat java.base/jdk.internal.reflect.NativeMethodAccessorImpl.invoke0(Native Method)\n\tat java.base/jdk.internal.reflect.NativeMethodAccessorImpl.invoke(NativeMethodAccessorImpl.java:62)\n\tat java.base/jdk.internal.reflect.DelegatingMethodAccessorImpl.invoke(DelegatingMethodAccessorImpl.java:43)\n\tat java.base/java.lang.reflect.Method.invoke(Method.java:566)\n\tat org.glassfish.jersey.server.model.internal.ResourceMethodInvocationHandlerFactory$1.invoke(ResourceMethodInvocationHandlerFactory.java:81)\n\tat org.glassfish.jersey.server.model.internal.AbstractJavaResourceMethodDispatcher$1.run(AbstractJavaResourceMethodDispatcher.java:144)\n\tat org.glassfish.jersey.server.model.internal.AbstractJavaResourceMethodDispatcher.invoke(AbstractJavaResourceMethodDispatcher.java:161)\n\tat org.glassfish.jersey.server.model.internal.JavaResourceMethodDispatcherProvider$ResponseOutInvoker.doDispatch(JavaResourceMethodDispatcherProvider.java:160)\n\tat org.glassfish.jersey.server.model.internal.AbstractJavaResourceMethodDispatcher.dispatch(AbstractJavaResourceMethodDispatcher.java:99)\n\tat org.glassfish.jersey.server.model.ResourceMethodInvoker.invoke(ResourceMethodInvoker.java:389)\n\tat org.glassfish.jersey.server.model.ResourceMethodInvoker.apply(ResourceMethodInvoker.java:347)\n\tat org.glassfish.jersey.server.model.ResourceMethodInvoker.apply(ResourceMethodInvoker.java:102)\n\tat org.glassfish.jersey.server.ServerRuntime$2.run(ServerRuntime.java:326)\n\tat org.glassfish.jersey.internal.Errors$1.call(Errors.java:271)\n\tat org.glassfish.jersey.internal.Errors$1.call(Errors.java:267)\n\tat org.glassfish.jersey.internal.Errors.process(Errors.java:315)\n\tat org.glassfish.jersey.internal.Errors.process(Errors.java:297)\n\tat org.glassfish.jersey.internal.Errors.process(Errors.java:267)\n\tat org.glassfish.jersey.process.internal.RequestScope.runInScope(RequestScope.java:317)\n\tat org.glassfish.jersey.server.ServerRuntime.process(ServerRuntime.java:305)\n\tat org.glassfish.jersey.server.ApplicationHandler.handle(ApplicationHandler.java:1154)\n\tat org.glassfish.jersey.servlet.WebComponent.serviceImpl(WebComponent.java:473)\n\tat org.glassfish.jersey.servlet.WebComponent.service(WebComponent.java:427)\n\tat org.glassfish.jersey.servlet.ServletContainer.service(ServletContainer.java:388)\n\tat org.glassfish.jersey.servlet.ServletContainer.service(ServletContainer.java:341)\n\tat org.glassfish.jersey.servlet.ServletContainer.service(ServletContainer.java:228)\n\tat org.eclipse.jetty.servlet.ServletHolder.handle(ServletHolder.java:799)\n\tat org.eclipse.jetty.servlet.ServletHandler$ChainEnd.doFilter(ServletHandler.java:1631)\n\tat io.dropwizard.servlets.ThreadNameFilter.doFilter(ThreadNameFilter.java:35)\n\tat org.eclipse.jetty.servlet.FilterHolder.doFilter(FilterHolder.java:193)\n\tat org.eclipse.jetty.servlet.ServletHandler$Chain.doFilter(ServletHandler.java:1601)\n\tat io.dropwizard.jersey.filter.AllowedMethodsFilter.handle(AllowedMethodsFilter.java:45)\n\tat io.dropwizard.jersey.filter.AllowedMethodsFilter.doFilter(AllowedMethodsFilter.java:39)\n\tat org.eclipse.jetty.servlet.FilterHolder.doFilter(FilterHolder.java:193)\n\tat org.eclipse.jetty.servlet.ServletHandler$Chain.doFilter(ServletHandler.java:1601)\n\tat org.finos.legend.server.pac4j.internal.UsernameFilter.doFilter(UsernameFilter.java:51)\n\tat org.eclipse.jetty.servlet.FilterHolder.doFilter(FilterHolder.java:193)\n\tat org.eclipse.jetty.servlet.ServletHandler$Chain.doFilter(ServletHandler.java:1601)\n\tat org.pac4j.j2e.filter.SecurityFilter.lambda$internalFilter$0(SecurityFilter.java:95)\n\tat org.pac4j.core.engine.DefaultSecurityLogic.perform(DefaultSecurityLogic.java:140)\n\tat org.pac4j.j2e.filter.SecurityFilter.internalFilter(SecurityFilter.java:93)\n\tat org.pac4j.j2e.filter.AbstractConfigFilter.doFilter(AbstractConfigFilter.java:81)\n\tat org.eclipse.jetty.servlet.FilterHolder.doFilter(FilterHolder.java:193)\n\tat org.eclipse.jetty.servlet.ServletHandler$Chain.doFilter(ServletHandler.java:1601)\n\tat org.eclipse.jetty.servlet.ServletHandler.doHandle(ServletHandler.java:548)\n\tat org.eclipse.jetty.server.handler.ScopedHandler.nextHandle(ScopedHandler.java:233)\n\tat org.eclipse.jetty.server.session.SessionHandler.doHandle(SessionHandler.java:1624)\n\tat org.eclipse.jetty.server.handler.ScopedHandler.nextHandle(ScopedHandler.java:233)\n\tat org.eclipse.jetty.server.handler.ContextHandler.doHandle(ContextHandler.java:1434)\n\tat org.eclipse.jetty.server.handler.ScopedHandler.nextScope(ScopedHandler.java:188)\n\tat org.eclipse.jetty.servlet.ServletHandler.doScope(ServletHandler.java:501)\n\tat org.eclipse.jetty.server.session.SessionHandler.doScope(SessionHandler.java:1594)\n\tat org.eclipse.jetty.server.handler.ScopedHandler.nextScope(ScopedHandler.java:186)\n\tat org.eclipse.jetty.server.handler.ContextHandler.doScope(ContextHandler.java:1349)\n\tat org.eclipse.jetty.server.handler.ScopedHandler.handle(ScopedHandler.java:141)\n\tat org.eclipse.jetty.server.handler.HandlerWrapper.handle(HandlerWrapper.java:127)\n\tat com.codahale.metrics.jetty9.InstrumentedHandler.handle(InstrumentedHandler.java:313)\n\tat io.dropwizard.jetty.ContextRoutingHandler.handle(ContextRoutingHandler.java:37)\n\tat org.eclipse.jetty.server.handler.gzip.GzipHandler.handle(GzipHandler.java:713)\n\tat io.dropwizard.jetty.BiDiGzipHandler.handle(BiDiGzipHandler.java:67)\n\tat org.eclipse.jetty.server.handler.StatisticsHandler.handle(StatisticsHandler.java:179)\n\tat org.eclipse.jetty.server.handler.HandlerWrapper.handle(HandlerWrapper.java:127)\n\tat org.eclipse.jetty.server.Server.handle(Server.java:516)\n\tat org.eclipse.jetty.server.HttpChannel.lambda$handle$1(HttpChannel.java:400)\n\tat org.eclipse.jetty.server.HttpChannel.dispatch(HttpChannel.java:645)\n\tat org.eclipse.jetty.server.HttpChannel.handle(HttpChannel.java:392)\n\tat org.eclipse.jetty.server.HttpConnection.onFillable(HttpConnection.java:277)\n\tat org.eclipse.jetty.io.AbstractConnection$ReadCallback.succeeded(AbstractConnection.java:311)\n\tat org.eclipse.jetty.io.FillInterest.fillable(FillInterest.java:105)\n\tat org.eclipse.jetty.io.ChannelEndPoint$1.run(ChannelEndPoint.java:104)\n\tat org.eclipse.jetty.util.thread.strategy.EatWhatYouKill.runTask(EatWhatYouKill.java:338)\n\tat org.eclipse.jetty.util.thread.strategy.EatWhatYouKill.doProduce(EatWhatYouKill.java:315)\n\tat org.eclipse.jetty.util.thread.strategy.EatWhatYouKill.tryProduce(EatWhatYouKill.java:173)\n\tat org.eclipse.jetty.util.thread.strategy.EatWhatYouKill.run(EatWhatYouKill.java:131)\n\tat org.eclipse.jetty.util.thread.ReservedThreadExecutor$ReservedThread.run(ReservedThreadExecutor.java:409)\n\tat org.eclipse.jetty.util.thread.QueuedThreadPool.runJob(QueuedThreadPool.java:883)\n\tat org.eclipse.jetty.util.thread.QueuedThreadPool$Runner.run(QueuedThreadPool.java:1034)\n\tat java.base/java.lang.Thread.run(Thread.java:829)\nCaused by: net.snowflake.client.jdbc.SnowflakeSQLException: SQL compilation error:\nUnknown function CEILING\n\tat net.snowflake.client.jdbc.SnowflakeUtil.checkErrorAndThrowExceptionSub(SnowflakeUtil.java:127)\n\tat net.snowflake.client.jdbc.SnowflakeUtil.checkErrorAndThrowException(SnowflakeUtil.java:67)\n\tat net.snowflake.client.core.StmtUtil.pollForOutput(StmtUtil.java:442)\n\tat net.snowflake.client.core.StmtUtil.execute(StmtUtil.java:345)\n\tat net.snowflake.client.core.SFStatement.executeHelper(SFStatement.java:486)\n\tat net.snowflake.client.core.SFStatement.executeQueryInternal(SFStatement.java:197)\n\tat net.snowflake.client.core.SFStatement.executeQuery(SFStatement.java:134)\n\tat net.snowflake.client.core.SFStatement.execute(SFStatement.java:743)\n\tat net.snowflake.client.core.SFStatement.execute(SFStatement.java:639)\n\tat net.snowflake.client.jdbc.SnowflakeStatementV1.executeQueryInternal(SnowflakeStatementV1.java:238)\n\tat net.snowflake.client.jdbc.SnowflakeStatementV1.executeQuery(SnowflakeStatementV1.java:133)\n\tat com.zaxxer.hikari.pool.ProxyStatement.executeQuery(ProxyStatement.java:110)\n\tat com.zaxxer.hikari.pool.HikariProxyStatement.executeQuery(HikariProxyStatement.java)\n\tat org.finos.legend.engine.plan.execution.stores.relational.result.SQLExecutionResult.<init>(SQLExecutionResult.java:95)\n\t... 102 more\n"},"mode":"DEV","timeStamp":"2023-02-23 01:30:49.797","user":"_UNKNOWN_"}
| **dynaFunctions::ceiling::testDecimal** | failing :x: |
]]></system-out>
  </testcase>
  <testcase name="testDecimal[Snowflake]" classname="org.finos.legend.engine.server.test.shared.Relational_DbSpecific_UsingPureClientTestSuite$2" time="0.137"/>
  <testcase name="testDecimal[Snowflake]" classname="org.finos.legend.engine.server.test.shared.Relational_DbSpecific_UsingPureClientTestSuite$2" time="0.149"/>
  <testcase name="testDecimal[Snowflake]" classname="org.finos.legend.engine.server.test.shared.Relational_DbSpecific_UsingPureClientTestSuite$2" time="0.125"/>
  <testcase name="testDecimal[Snowflake]" classname="org.finos.legend.engine.server.test.shared.Relational_DbSpecific_UsingPureClientTestSuite$2" time="0.216"/>
  <testcase name="testDecimal[Snowflake]" classname="org.finos.legend.engine.server.test.shared.Relational_DbSpecific_UsingPureClientTestSuite$2" time="0.164"/>
  <testcase name="testDecimal[Snowflake]" classname="org.finos.legend.engine.server.test.shared.Relational_DbSpecific_UsingPureClientTestSuite$2" time="0.143"/>
  <testcase name="testDecimal[Snowflake]" classname="org.finos.legend.engine.server.test.shared.Relational_DbSpecific_UsingPureClientTestSuite$2" time="0.149"/>
  <testcase name="testNegative[Snowflake]" classname="org.finos.legend.engine.server.test.shared.Relational_DbSpecific_UsingPureClientTestSuite$2" time="0.334"/>
  <testcase name="testPositive[Snowflake]" classname="org.finos.legend.engine.server.test.shared.Relational_DbSpecific_UsingPureClientTestSuite$2" time="0.258"/>
  <testcase name="testZero[Snowflake]" classname="org.finos.legend.engine.server.test.shared.Relational_DbSpecific_UsingPureClientTestSuite$2" time="0.238"/>
  <testcase name="testDecimal1[Snowflake]" classname="org.finos.legend.engine.server.test.shared.Relational_DbSpecific_UsingPureClientTestSuite$2" time="0.281"/>
  <testcase name="testDecimal1[Snowflake]" classname="org.finos.legend.engine.server.test.shared.Relational_DbSpecific_UsingPureClientTestSuite$2" time="0.154"/>
  <testcase name="testDecimal1[Snowflake]" classname="org.finos.legend.engine.server.test.shared.Relational_DbSpecific_UsingPureClientTestSuite$2" time="0.163"/>
  <testcase name="testDecimal1[Snowflake]" classname="org.finos.legend.engine.server.test.shared.Relational_DbSpecific_UsingPureClientTestSuite$2" time="0.168"/>
  <testcase name="testDecimal1[Snowflake]" classname="org.finos.legend.engine.server.test.shared.Relational_DbSpecific_UsingPureClientTestSuite$2" time="0.178"/>
  <testcase name="testDecimal1[Snowflake]" classname="org.finos.legend.engine.server.test.shared.Relational_DbSpecific_UsingPureClientTestSuite$2" time="0.157"/>
  <testcase name="testDecimal1[Snowflake]" classname="org.finos.legend.engine.server.test.shared.Relational_DbSpecific_UsingPureClientTestSuite$2" time="0.149"/>
  <testcase name="testDecimal1[Snowflake]" classname="org.finos.legend.engine.server.test.shared.Relational_DbSpecific_UsingPureClientTestSuite$2" time="0.183"/>
  <testcase name="testDecimal1[Snowflake]" classname="org.finos.legend.engine.server.test.shared.Relational_DbSpecific_UsingPureClientTestSuite$2" time="0.133"/>
  <testcase name="testDecimal1[Snowflake]" classname="org.finos.legend.engine.server.test.shared.Relational_DbSpecific_UsingPureClientTestSuite$2" time="0.131"/>
  <testcase name="testAdjustWithMicroseconds[Snowflake]" classname="org.finos.legend.engine.server.test.shared.Relational_DbSpecific_UsingPureClientTestSuite$2" time="0.38"/>
  <testcase name="testAdjust[Snowflake]" classname="org.finos.legend.engine.server.test.shared.Relational_DbSpecific_UsingPureClientTestSuite$2" time="0.247"/>
  <testcase name="testAndwithConditions[Snowflake]" classname="org.finos.legend.engine.server.test.shared.Relational_DbSpecific_UsingPureClientTestSuite$2" time="0.196"/>
  <testcase name="testIntAsFloat[Snowflake]" classname="org.finos.legend.engine.server.test.shared.Relational_DbSpecific_UsingPureClientTestSuite$2" time="0.198">
    <error message="Assert failure at (resource:/platform/pure/basics/tests/assertEq.pure line:34 column:5), &quot;500 &apos;{&quot;code&quot;:-1,&quot;message&quot;:&quot;SnowflakeSQLException: SQL compilation error:&#10;Unknown function CEILING&quot;,&quot;status&quot;:&quot;error&quot;,&quot;trace&quot;:&quot;java.lang.RuntimeException: net.snowflake.client.jdbc.SnowflakeSQLException: SQL compilation error:&#10;Unknown function CEILING&#10;at org.finos.legend.engine.plan.execution.stores.relational.result.SQLExecutionResult.&lt;init&gt;(SQLExecutionResult.java:123)&#10;at org.finos.legend.engine.plan.execution.stores.relational.RelationalExecutor.execute(RelationalExecutor.java:241)&#10;at org.finos.legend.engine.plan.execution.stores.relational.plugin.RelationalExecutionNodeExecutor.visit(RelationalExecutionNodeExecutor.java:238)&#10;at org.finos.legend.engine.plan.execution.stores.relational.plugin.RelationalExecutionNodeExecutor.visit(RelationalExecutionNodeExecutor.java:346)&#10;at org.finos.legend.engine.plan.execution.stores.relational.plugin.RelationalExecutionNodeExecutor.visit(RelationalExecutionNodeExecutor.java:92)&#10;at org.finos.legend.engine.protocol.pure.v1.model.executionPlan.nodes.RelationalDataTypeInstantiationExecutionNode.accept(RelationalDataTypeInstantiationExecutionNode.java:22)&#10;at org.finos.legend.engine.plan.execution.stores.relational.RelationalExecutionExtension.lambda$getExtraNodeExecutors$fbe53481$1(RelationalExecutionExtension.java:50)&#10;at org.finos.legend.engine.plan.execution.nodes.ExecutionNodeExecutor.lambda$visit$0(ExecutionNodeExecutor.java:164)&#10;at java.base/java.util.stream.ReferencePipeline$3$1.accept(ReferencePipeline.java:195)&#10;at java.base/java.util.Spliterators$ArraySpliterator.tryAdvance(Spliterators.java:958)&#10;at java.base/java.util.stream.ReferencePipeline.forEachWithCancel(ReferencePipeline.java:127)&#10;at java.base/java.util.stream.AbstractPipeline.copyIntoWithCancel(AbstractPipeline.java:502)&#10;at java.base/java.util.stream.AbstractPipeline.copyInto(AbstractPipeline.java:488)&#10;at java.base/java.util.stream.AbstractPipeline.wrapAndCopyInto(AbstractPipeline.java:474)&#10;at java.base/java.util.stream.FindOps$FindOp.evaluateSequential(FindOps.java:150)&#10;at java.base/java.util.stream.AbstractPipeline.evaluate(AbstractPipeline.java:234)&#10;at java.base/java.util.stream.ReferencePipeline.findFirst(ReferencePipeline.java:543)&#10;at org.finos.legend.engine.plan.execution.nodes.ExecutionNodeExecutor.visit(ExecutionNodeExecutor.java:164)&#10;at org.finos.legend.engine.plan.execution.nodes.ExecutionNodeExecutor.visit(ExecutionNodeExecutor.java:107)&#10;at org.finos.legend.engine.protocol.pure.v1.model.executionPlan.nodes.RelationalDataTypeInstantiationExecutionNode.accept(RelationalDataTypeInstantiationExecutionNode.java:22)&#10;at org.finos.legend.engine.plan.execution.PlanExecutor.execute(PlanExecutor.java:238)&#10;at org.finos.legend.engine.plan.execution.PlanExecutor.execute(PlanExecutor.java:225)&#10;at org.finos.legend.engine.plan.execution.api.ExecutePlan.doExecutePlanLegacy(ExecutePlan.java:102)&#10;at org.finos.legend.engine.plan.execution.api.ExecutePlan.doExecutePlan(ExecutePlan.java:84)&#10;at org.finos.legend.engine.plan.execution.api.ExecutePlanLegacy.executePlan(ExecutePlanLegacy.java:56)&#10;at jdk.internal.reflect.GeneratedMethodAccessor100.invoke(Unknown Source)&#10;at java.base/jdk.internal.reflect.DelegatingMethodAccessorImpl.invoke(DelegatingMethodAccessorImpl.java:43)&#10;at java.base/java.lang.reflect.Method.invoke(Method.java:566)&#10;at org.glassfish.jersey.server.model.internal.ResourceMethodInvocationHandlerFactory$1.invoke(ResourceMethodInvocationHandlerFactory.java:81)&#10;at org.glassfish.jersey.server.model.internal.AbstractJavaResourceMethodDispatcher$1.run(AbstractJavaResourceMethodDispatcher.java:144)&#10;at org.glassfish.jersey.server.model.internal.AbstractJavaResourceMethodDispatcher.invoke(AbstractJavaResourceMethodDispatcher.java:161)&#10;at org.glassfish.jersey.server.model.internal.JavaResourceMethodDispatcherProvider$ResponseOutInvoker.doDispatch(JavaResourceMethodDispatcherProvider.java:160)&#10;at org.glassfish.jersey.server.model.internal.AbstractJavaResourceMethodDispatcher.dispatch(AbstractJavaResourceMethodDispatcher.java:99)&#10;at org.glassfish.jersey.server.model.ResourceMethodInvoker.invoke(ResourceMethodInvoker.java:389)&#10;at org.glassfish.jersey.server.model.ResourceMethodInvoker.apply(ResourceMethodInvoker.java:347)&#10;at org.glassfish.jersey.server.model.ResourceMethodInvoker.apply(ResourceMethodInvoker.java:102)&#10;at org.glassfish.jersey.server.ServerRuntime$2.run(ServerRuntime.java:326)&#10;at org.glassfish.jersey.internal.Errors$1.call(Errors.java:271)&#10;at org.glassfish.jersey.internal.Errors$1.call(Errors.java:267)&#10;at org.glassfish.jersey.internal.Errors.process(Errors.java:315)&#10;at org.glassfish.jersey.internal.Errors.process(Errors.java:297)&#10;at org.glassfish.jersey.internal.Errors.process(Errors.java:267)&#10;at org.glassfish.jersey.process.internal.RequestScope.runInScope(RequestScope.java:317)&#10;at org.glassfish.jersey.server.ServerRuntime.process(ServerRuntime.java:305)&#10;at org.glassfish.jersey.server.ApplicationHandler.handle(ApplicationHandler.java:1154)&#10;at org.glassfish.jersey.servlet.WebComponent.serviceImpl(WebComponent.java:473)&#10;at org.glassfish.jersey.servlet.WebComponent.service(WebComponent.java:427)&#10;at org.glassfish.jersey.servlet.ServletContainer.service(ServletContainer.java:388)&#10;at org.glassfish.jersey.servlet.ServletContainer.service(ServletContainer.java:341)&#10;at org.glassfish.jersey.servlet.ServletContainer.service(ServletContainer.java:228)&#10;at org.eclipse.jetty.servlet.ServletHolder.handle(ServletHolder.java:799)&#10;at org.eclipse.jetty.servlet.ServletHandler$ChainEnd.doFilter(ServletHandler.java:1631)&#10;at io.dropwizard.servlets.ThreadNameFilter.doFilter(ThreadNameFilter.java:35)&#10;at org.eclipse.jetty.servlet.FilterHolder.doFilter(FilterHolder.java:193)&#10;at org.eclipse.jetty.servlet.ServletHandler$Chain.doFilter(ServletHandler.java:1601)&#10;at io.dropwizard.jersey.filter.AllowedMethodsFilter.handle(AllowedMethodsFilter.java:45)&#10;at io.dropwizard.jersey.filter.AllowedMethodsFilter.doFilter(AllowedMethodsFilter.java:39)&#10;at org.eclipse.jetty.servlet.FilterHolder.doFilter(FilterHolder.java:193)&#10;at org.eclipse.jetty.servlet.ServletHandler$Chain.doFilter(ServletHandler.java:1601)&#10;at org.finos.legend.server.pac4j.internal.UsernameFilter.doFilter(UsernameFilter.java:51)&#10;at org.eclipse.jetty.servlet.FilterHolder.doFilter(FilterHolder.java:193)&#10;at org.eclipse.jetty.servlet.ServletHandler$Chain.doFilter(ServletHandler.java:1601)&#10;at org.pac4j.j2e.filter.SecurityFilter.lambda$internalFilter$0(SecurityFilter.java:95)&#10;at org.pac4j.core.engine.DefaultSecurityLogic.perform(DefaultSecurityLogic.java:140)&#10;at org.pac4j.j2e.filter.SecurityFilter.internalFilter(SecurityFilter.java:93)&#10;at org.pac4j.j2e.filter.AbstractConfigFilter.doFilter(AbstractConfigFilter.java:81)&#10;at org.eclipse.jetty.servlet.FilterHolder.doFilter(FilterHolder.java:193)&#10;at org.eclipse.jetty.servlet.ServletHandler$Chain.doFilter(ServletHandler.java:1601)&#10;at org.eclipse.jetty.servlet.ServletHandler.doHandle(ServletHandler.java:548)&#10;at org.eclipse.jetty.server.handler.ScopedHandler.nextHandle(ScopedHandler.java:233)&#10;at org.eclipse.jetty.server.session.SessionHandler.doHandle(SessionHandler.java:1624)&#10;at org.eclipse.jetty.server.handler.ScopedHandler.nextHandle(ScopedHandler.java:233)&#10;at org.eclipse.jetty.server.handler.ContextHandler.doHandle(ContextHandler.java:1434)&#10;at org.eclipse.jetty.server.handler.ScopedHandler.nextScope(ScopedHandler.java:188)&#10;at org.eclipse.jetty.servlet.ServletHandler.doScope(ServletHandler.java:501)&#10;at org.eclipse.jetty.server.session.SessionHandler.doScope(SessionHandler.java:1594)&#10;at org.eclipse.jetty.server.handler.ScopedHandler.nextScope(ScopedHandler.java:186)&#10;at org.eclipse.jetty.server.handler.ContextHandler.doScope(ContextHandler.java:1349)&#10;at org.eclipse.jetty.server.handler.ScopedHandler.handle(ScopedHandler.java:141)&#10;at org.eclipse.jetty.server.handler.HandlerWrapper.handle(HandlerWrapper.java:127)&#10;at com.codahale.metrics.jetty9.InstrumentedHandler.handle(InstrumentedHandler.java:313)&#10;at io.dropwizard.jetty.ContextRoutingHandler.handle(ContextRoutingHandler.java:37)&#10;at org.eclipse.jetty.server.handler.gzip.GzipHandler.handle(GzipHandler.java:713)&#10;at io.dropwizard.jetty.BiDiGzipHandler.handle(BiDiGzipHandler.java:67)&#10;at org.eclipse.jetty.server.handler.StatisticsHandler.handle(StatisticsHandler.java:179)&#10;at org.eclipse.jetty.server.handler.HandlerWrapper.handle(HandlerWrapper.java:127)&#10;at org.eclipse.jetty.server.Server.handle(Server.java:516)&#10;at org.eclipse.jetty.server.HttpChannel.lambda$handle$1(HttpChannel.java:400)&#10;at org.eclipse.jetty.server.HttpChannel.dispatch(HttpChannel.java:645)&#10;at org.eclipse.jetty.server.HttpChannel.handle(HttpChannel.java:392)&#10;at org.eclipse.jetty.server.HttpConnection.onFillable(HttpConnection.java:277)&#10;at org.eclipse.jetty.io.AbstractConnection$ReadCallback.succeeded(AbstractConnection.java:311)&#10;at org.eclipse.jetty.io.FillInterest.fillable(FillInterest.java:105)&#10;at org.eclipse.jetty.io.ChannelEndPoint$1.run(ChannelEndPoint.java:104)&#10;at org.eclipse.jetty.util.thread.strategy.EatWhatYouKill.runTask(EatWhatYouKill.java:338)&#10;at org.eclipse.jetty.util.thread.strategy.EatWhatYouKill.doProduce(EatWhatYouKill.java:315)&#10;at org.eclipse.jetty.util.thread.strategy.EatWhatYouKill.tryProduce(EatWhatYouKill.java:173)&#10;at org.eclipse.jetty.util.thread.strategy.EatWhatYouKill.run(EatWhatYouKill.java:131)&#10;at org.eclipse.jetty.util.thread.ReservedThreadExecutor$ReservedThread.run(ReservedThreadExecutor.java:409)&#10;at org.eclipse.jetty.util.thread.QueuedThreadPool.runJob(QueuedThreadPool.java:883)&#10;at org.eclipse.jetty.util.thread.QueuedThreadPool$Runner.run(QueuedThreadPool.java:1034)&#10;at java.base/java.lang.Thread.run(Thread.java:829)&#10;Caused by: net.snowflake.client.jdbc.SnowflakeSQLException: SQL compilation error:&#10;Unknown function CEILING&#10;at net.snowflake.client.jdbc.SnowflakeUtil.checkErrorAndThrowExceptionSub(SnowflakeUtil.java:127)&#10;at net.snowflake.client.jdbc.SnowflakeUtil.checkErrorAndThrowException(SnowflakeUtil.java:67)&#10;at net.snowflake.client.core.StmtUtil.pollForOutput(StmtUtil.java:442)&#10;at net.snowflake.client.core.StmtUtil.execute(StmtUtil.java:345)&#10;at net.snowflake.client.core.SFStatement.executeHelper(SFStatement.java:486)&#10;at net.snowflake.client.core.SFStatement.executeQueryInternal(SFStatement.java:197)&#10;at net.snowflake.client.core.SFStatement.executeQuery(SFStatement.java:134)&#10;at net.snowflake.client.core.SFStatement.execute(SFStatement.java:743)&#10;at net.snowflake.client.core.SFStatement.execute(SFStatement.java:639)&#10;at net.snowflake.client.jdbc.SnowflakeStatementV1.executeQueryInternal(SnowflakeStatementV1.java:238)&#10;at net.snowflake.client.jdbc.SnowflakeStatementV1.executeQuery(SnowflakeStatementV1.java:133)&#10;at com.zaxxer.hikari.pool.ProxyStatement.executeQuery(ProxyStatement.java:110)&#10;at com.zaxxer.hikari.pool.HikariProxyStatement.executeQuery(HikariProxyStatement.java)&#10;at org.finos.legend.engine.plan.execution.stores.relational.result.SQLExecutionResult.&lt;init&gt;(SQLExecutionResult.java:95)&#10;... 101 more&#10;&quot;}&apos;&quot;" type="Assert failure at (resource"><![CDATA[Assert failure at (resource:/platform/pure/basics/tests/assertEq.pure line:34 column:5), "500 '{"code":-1,"message":"SnowflakeSQLException: SQL compilation error:
Unknown function CEILING","status":"error","trace":"java.lang.RuntimeException: net.snowflake.client.jdbc.SnowflakeSQLException: SQL compilation error:
Unknown function CEILING
at org.finos.legend.engine.plan.execution.stores.relational.result.SQLExecutionResult.<init>(SQLExecutionResult.java:123)
at org.finos.legend.engine.plan.execution.stores.relational.RelationalExecutor.execute(RelationalExecutor.java:241)
at org.finos.legend.engine.plan.execution.stores.relational.plugin.RelationalExecutionNodeExecutor.visit(RelationalExecutionNodeExecutor.java:238)
at org.finos.legend.engine.plan.execution.stores.relational.plugin.RelationalExecutionNodeExecutor.visit(RelationalExecutionNodeExecutor.java:346)
at org.finos.legend.engine.plan.execution.stores.relational.plugin.RelationalExecutionNodeExecutor.visit(RelationalExecutionNodeExecutor.java:92)
at org.finos.legend.engine.protocol.pure.v1.model.executionPlan.nodes.RelationalDataTypeInstantiationExecutionNode.accept(RelationalDataTypeInstantiationExecutionNode.java:22)
at org.finos.legend.engine.plan.execution.stores.relational.RelationalExecutionExtension.lambda$getExtraNodeExecutors$fbe53481$1(RelationalExecutionExtension.java:50)
at org.finos.legend.engine.plan.execution.nodes.ExecutionNodeExecutor.lambda$visit$0(ExecutionNodeExecutor.java:164)
at java.base/java.util.stream.ReferencePipeline$3$1.accept(ReferencePipeline.java:195)
at java.base/java.util.Spliterators$ArraySpliterator.tryAdvance(Spliterators.java:958)
at java.base/java.util.stream.ReferencePipeline.forEachWithCancel(ReferencePipeline.java:127)
at java.base/java.util.stream.AbstractPipeline.copyIntoWithCancel(AbstractPipeline.java:502)
at java.base/java.util.stream.AbstractPipeline.copyInto(AbstractPipeline.java:488)
at java.base/java.util.stream.AbstractPipeline.wrapAndCopyInto(AbstractPipeline.java:474)
at java.base/java.util.stream.FindOps$FindOp.evaluateSequential(FindOps.java:150)
at java.base/java.util.stream.AbstractPipeline.evaluate(AbstractPipeline.java:234)
at java.base/java.util.stream.ReferencePipeline.findFirst(ReferencePipeline.java:543)
at org.finos.legend.engine.plan.execution.nodes.ExecutionNodeExecutor.visit(ExecutionNodeExecutor.java:164)
at org.finos.legend.engine.plan.execution.nodes.ExecutionNodeExecutor.visit(ExecutionNodeExecutor.java:107)
at org.finos.legend.engine.protocol.pure.v1.model.executionPlan.nodes.RelationalDataTypeInstantiationExecutionNode.accept(RelationalDataTypeInstantiationExecutionNode.java:22)
at org.finos.legend.engine.plan.execution.PlanExecutor.execute(PlanExecutor.java:238)
at org.finos.legend.engine.plan.execution.PlanExecutor.execute(PlanExecutor.java:225)
at org.finos.legend.engine.plan.execution.api.ExecutePlan.doExecutePlanLegacy(ExecutePlan.java:102)
at org.finos.legend.engine.plan.execution.api.ExecutePlan.doExecutePlan(ExecutePlan.java:84)
at org.finos.legend.engine.plan.execution.api.ExecutePlanLegacy.executePlan(ExecutePlanLegacy.java:56)
at jdk.internal.reflect.GeneratedMethodAccessor100.invoke(Unknown Source)
at java.base/jdk.internal.reflect.DelegatingMethodAccessorImpl.invoke(DelegatingMethodAccessorImpl.java:43)
at java.base/java.lang.reflect.Method.invoke(Method.java:566)
at org.glassfish.jersey.server.model.internal.ResourceMethodInvocationHandlerFactory$1.invoke(ResourceMethodInvocationHandlerFactory.java:81)
at org.glassfish.jersey.server.model.internal.AbstractJavaResourceMethodDispatcher$1.run(AbstractJavaResourceMethodDispatcher.java:144)
at org.glassfish.jersey.server.model.internal.AbstractJavaResourceMethodDispatcher.invoke(AbstractJavaResourceMethodDispatcher.java:161)
at org.glassfish.jersey.server.model.internal.JavaResourceMethodDispatcherProvider$ResponseOutInvoker.doDispatch(JavaResourceMethodDispatcherProvider.java:160)
at org.glassfish.jersey.server.model.internal.AbstractJavaResourceMethodDispatcher.dispatch(AbstractJavaResourceMethodDispatcher.java:99)
at org.glassfish.jersey.server.model.ResourceMethodInvoker.invoke(ResourceMethodInvoker.java:389)
at org.glassfish.jersey.server.model.ResourceMethodInvoker.apply(ResourceMethodInvoker.java:347)
at org.glassfish.jersey.server.model.ResourceMethodInvoker.apply(ResourceMethodInvoker.java:102)
at org.glassfish.jersey.server.ServerRuntime$2.run(ServerRuntime.java:326)
at org.glassfish.jersey.internal.Errors$1.call(Errors.java:271)
at org.glassfish.jersey.internal.Errors$1.call(Errors.java:267)
at org.glassfish.jersey.internal.Errors.process(Errors.java:315)
at org.glassfish.jersey.internal.Errors.process(Errors.java:297)
at org.glassfish.jersey.internal.Errors.process(Errors.java:267)
at org.glassfish.jersey.process.internal.RequestScope.runInScope(RequestScope.java:317)
at org.glassfish.jersey.server.ServerRuntime.process(ServerRuntime.java:305)
at org.glassfish.jersey.server.ApplicationHandler.handle(ApplicationHandler.java:1154)
at org.glassfish.jersey.servlet.WebComponent.serviceImpl(WebComponent.java:473)
at org.glassfish.jersey.servlet.WebComponent.service(WebComponent.java:427)
at org.glassfish.jersey.servlet.ServletContainer.service(ServletContainer.java:388)
at org.glassfish.jersey.servlet.ServletContainer.service(ServletContainer.java:341)
at org.glassfish.jersey.servlet.ServletContainer.service(ServletContainer.java:228)
at org.eclipse.jetty.servlet.ServletHolder.handle(ServletHolder.java:799)
at org.eclipse.jetty.servlet.ServletHandler$ChainEnd.doFilter(ServletHandler.java:1631)
at io.dropwizard.servlets.ThreadNameFilter.doFilter(ThreadNameFilter.java:35)
at org.eclipse.jetty.servlet.FilterHolder.doFilter(FilterHolder.java:193)
at org.eclipse.jetty.servlet.ServletHandler$Chain.doFilter(ServletHandler.java:1601)
at io.dropwizard.jersey.filter.AllowedMethodsFilter.handle(AllowedMethodsFilter.java:45)
at io.dropwizard.jersey.filter.AllowedMethodsFilter.doFilter(AllowedMethodsFilter.java:39)
at org.eclipse.jetty.servlet.FilterHolder.doFilter(FilterHolder.java:193)
at org.eclipse.jetty.servlet.ServletHandler$Chain.doFilter(ServletHandler.java:1601)
at org.finos.legend.server.pac4j.internal.UsernameFilter.doFilter(UsernameFilter.java:51)
at org.eclipse.jetty.servlet.FilterHolder.doFilter(FilterHolder.java:193)
at org.eclipse.jetty.servlet.ServletHandler$Chain.doFilter(ServletHandler.java:1601)
at org.pac4j.j2e.filter.SecurityFilter.lambda$internalFilter$0(SecurityFilter.java:95)
at org.pac4j.core.engine.DefaultSecurityLogic.perform(DefaultSecurityLogic.java:140)
at org.pac4j.j2e.filter.SecurityFilter.internalFilter(SecurityFilter.java:93)
at org.pac4j.j2e.filter.AbstractConfigFilter.doFilter(AbstractConfigFilter.java:81)
at org.eclipse.jetty.servlet.FilterHolder.doFilter(FilterHolder.java:193)
at org.eclipse.jetty.servlet.ServletHandler$Chain.doFilter(ServletHandler.java:1601)
at org.eclipse.jetty.servlet.ServletHandler.doHandle(ServletHandler.java:548)
at org.eclipse.jetty.server.handler.ScopedHandler.nextHandle(ScopedHandler.java:233)
at org.eclipse.jetty.server.session.SessionHandler.doHandle(SessionHandler.java:1624)
at org.eclipse.jetty.server.handler.ScopedHandler.nextHandle(ScopedHandler.java:233)
at org.eclipse.jetty.server.handler.ContextHandler.doHandle(ContextHandler.java:1434)
at org.eclipse.jetty.server.handler.ScopedHandler.nextScope(ScopedHandler.java:188)
at org.eclipse.jetty.servlet.ServletHandler.doScope(ServletHandler.java:501)
at org.eclipse.jetty.server.session.SessionHandler.doScope(SessionHandler.java:1594)
at org.eclipse.jetty.server.handler.ScopedHandler.nextScope(ScopedHandler.java:186)
at org.eclipse.jetty.server.handler.ContextHandler.doScope(ContextHandler.java:1349)
at org.eclipse.jetty.server.handler.ScopedHandler.handle(ScopedHandler.java:141)
at org.eclipse.jetty.server.handler.HandlerWrapper.handle(HandlerWrapper.java:127)
at com.codahale.metrics.jetty9.InstrumentedHandler.handle(InstrumentedHandler.java:313)
at io.dropwizard.jetty.ContextRoutingHandler.handle(ContextRoutingHandler.java:37)
at org.eclipse.jetty.server.handler.gzip.GzipHandler.handle(GzipHandler.java:713)
at io.dropwizard.jetty.BiDiGzipHandler.handle(BiDiGzipHandler.java:67)
at org.eclipse.jetty.server.handler.StatisticsHandler.handle(StatisticsHandler.java:179)
at org.eclipse.jetty.server.handler.HandlerWrapper.handle(HandlerWrapper.java:127)
at org.eclipse.jetty.server.Server.handle(Server.java:516)
at org.eclipse.jetty.server.HttpChannel.lambda$handle$1(HttpChannel.java:400)
at org.eclipse.jetty.server.HttpChannel.dispatch(HttpChannel.java:645)
at org.eclipse.jetty.server.HttpChannel.handle(HttpChannel.java:392)
at org.eclipse.jetty.server.HttpConnection.onFillable(HttpConnection.java:277)
at org.eclipse.jetty.io.AbstractConnection$ReadCallback.succeeded(AbstractConnection.java:311)
at org.eclipse.jetty.io.FillInterest.fillable(FillInterest.java:105)
at org.eclipse.jetty.io.ChannelEndPoint$1.run(ChannelEndPoint.java:104)
at org.eclipse.jetty.util.thread.strategy.EatWhatYouKill.runTask(EatWhatYouKill.java:338)
at org.eclipse.jetty.util.thread.strategy.EatWhatYouKill.doProduce(EatWhatYouKill.java:315)
at org.eclipse.jetty.util.thread.strategy.EatWhatYouKill.tryProduce(EatWhatYouKill.java:173)
at org.eclipse.jetty.util.thread.strategy.EatWhatYouKill.run(EatWhatYouKill.java:131)
at org.eclipse.jetty.util.thread.ReservedThreadExecutor$ReservedThread.run(ReservedThreadExecutor.java:409)
at org.eclipse.jetty.util.thread.QueuedThreadPool.runJob(QueuedThreadPool.java:883)
at org.eclipse.jetty.util.thread.QueuedThreadPool$Runner.run(QueuedThreadPool.java:1034)
at java.base/java.lang.Thread.run(Thread.java:829)
Caused by: net.snowflake.client.jdbc.SnowflakeSQLException: SQL compilation error:
Unknown function CEILING
at net.snowflake.client.jdbc.SnowflakeUtil.checkErrorAndThrowExceptionSub(SnowflakeUtil.java:127)
at net.snowflake.client.jdbc.SnowflakeUtil.checkErrorAndThrowException(SnowflakeUtil.java:67)
at net.snowflake.client.core.StmtUtil.pollForOutput(StmtUtil.java:442)
at net.snowflake.client.core.StmtUtil.execute(StmtUtil.java:345)
at net.snowflake.client.core.SFStatement.executeHelper(SFStatement.java:486)
at net.snowflake.client.core.SFStatement.executeQueryInternal(SFStatement.java:197)
at net.snowflake.client.core.SFStatement.executeQuery(SFStatement.java:134)
at net.snowflake.client.core.SFStatement.execute(SFStatement.java:743)
at net.snowflake.client.core.SFStatement.execute(SFStatement.java:639)
at net.snowflake.client.jdbc.SnowflakeStatementV1.executeQueryInternal(SnowflakeStatementV1.java:238)
at net.snowflake.client.jdbc.SnowflakeStatementV1.executeQuery(SnowflakeStatementV1.java:133)
at com.zaxxer.hikari.pool.ProxyStatement.executeQuery(ProxyStatement.java:110)
at com.zaxxer.hikari.pool.HikariProxyStatement.executeQuery(HikariProxyStatement.java)
at org.finos.legend.engine.plan.execution.stores.relational.result.SQLExecutionResult.<init>(SQLExecutionResult.java:95)
... 101 more
"}'"
	at org.finos.legend.pure.runtime.java.compiled.generation.processors.support.CompiledSupport.pureAssert(CompiledSupport.java:1994)
	at org.finos.legend.pure.generated.platform_pure_basics_tests_assertEq.Root_meta_pure_functions_asserts_assertEq_Any_1__Any_1__Function_1__Boolean_1_(platform_pure_basics_tests_assertEq.java:44)
	at org.finos.legend.pure.generated.core_pure_protocol_vX_X_X_invocations_execution.Root_meta_protocols_pure_vX_X_X_invocation_execution_execute_executePlan_String_1__String_1__Integer_1__String_1_(core_pure_protocol_vX_X_X_invocations_execution.java:751)
	at org.finos.legend.pure.generated.core_pure_protocol_vX_X_X_invocations_execution.Root_meta_protocols_pure_vX_X_X_invocation_execution_execute_executePlan_ExecutionPlan_1__String_1__Integer_1__Extension_MANY__String_1_(core_pure_protocol_vX_X_X_invocations_execution.java:745)
	at org.finos.legend.pure.generated.core_pure_protocol_vX_X_X_invocations_execution.Root_meta_protocols_pure_vX_X_X_invocation_execution_execute_executePlan_ExecutionPlan_1__ExecutionContext_$0_1$__String_1__Integer_1__Extension_MANY__Result_1_(core_pure_protocol_vX_X_X_invocations_execution.java:738)
	at jdk.internal.reflect.GeneratedMethodAccessor96.invoke(Unknown Source)
	at java.base/jdk.internal.reflect.DelegatingMethodAccessorImpl.invoke(DelegatingMethodAccessorImpl.java:43)
	at java.base/java.lang.reflect.Method.invoke(Method.java:566)
	at org.finos.legend.pure.runtime.java.compiled.metadata.JavaMethodWithParamsSharedPureFunction.execute(JavaMethodWithParamsSharedPureFunction.java:59)
	at org.finos.legend.pure.runtime.java.compiled.generation.processors.support.Pure._evaluateToMany(Pure.java:546)
	at org.finos.legend.pure.generated.CoreGen.evaluateToMany(CoreGen.java:147)
	at org.finos.legend.pure.generated.CoreGen.evaluateToMany(CoreGen.java:134)
	at org.finos.legend.pure.generated.core_pure_router_router_entry$9$1.value(core_pure_router_router_entry.java:318)
	at org.finos.legend.pure.generated.core_pure_router_router_entry$9$1.execute(core_pure_router_router_entry.java:311)
	at org.finos.legend.pure.generated.core_pure_router_router_entry$9$1.execute(core_pure_router_router_entry.java:307)
	at org.finos.legend.pure.runtime.java.compiled.generation.processors.support.Pure.evaluate(Pure.java:485)
	at org.finos.legend.pure.runtime.java.compiled.generation.processors.support.Pure.legendTest(Pure.java:216)
	at org.finos.legend.pure.generated.CoreGen.legendTest(CoreGen.java:61)
	at org.finos.legend.pure.generated.core_pure_router_router_entry$9.valueOf(core_pure_router_router_entry.java:303)
	at org.finos.legend.pure.generated.core_pure_router_router_entry$9.execute(core_pure_router_router_entry.java:298)
	at org.finos.legend.pure.generated.core_pure_router_router_entry$9.execute(core_pure_router_router_entry.java:294)
	at org.finos.legend.pure.runtime.java.compiled.generation.processors.support.Pure.evaluate(Pure.java:485)
	at org.finos.legend.pure.runtime.java.compiled.generation.processors.support.Pure.traceSpan(Pure.java:1482)
	at org.finos.legend.pure.generated.CoreGen.traceSpan(CoreGen.java:203)
	at org.finos.legend.pure.generated.core_pure_router_router_entry.Root_meta_pure_router_executePlan_ExecutionPlan_1__ExecutionContext_1__Extension_MANY__Result_$0_1$_(core_pure_router_router_entry.java:290)
	at org.finos.legend.pure.generated.core_pure_router_router_entry.Root_meta_pure_router_executePlan_ExecutionPlan_1__Extension_MANY__Result_$0_1$_(core_pure_router_router_entry.java:285)
	at org.finos.legend.pure.generated.core_relational_relational_sqlQueryToString_dbTestRunner_testRunner$20.execute(core_relational_relational_sqlQueryToString_dbTestRunner_testRunner.java:386)
	at org.finos.legend.pure.generated.core_relational_relational_sqlQueryToString_dbTestRunner_testRunner.Root_meta_relational_dbTestRunner_runSqlQueryTest_SQLQuery_1__Literal_$1_MANY$__Pair_MANY__Function_$0_1$__DbTestConfig_1__Boolean_1_(core_relational_relational_sqlQueryToString_dbTestRunner_testRunner.java:424)
	at org.finos.legend.pure.generated.core_relational_relational_sqlQueryToString_dbTestRunner_testRunner.Root_meta_relational_dbTestRunner_runSqlQueryTest_SQLQuery_1__Literal_$1_MANY$__Function_$0_1$__DbTestConfig_1__Boolean_1_(core_relational_relational_sqlQueryToString_dbTestRunner_testRunner.java:374)
	at org.finos.legend.pure.generated.core_relational_relational_sqlQueryToString_dbTestRunner_dynaFunctionTestRunner.Root_meta_relational_dbTestRunner_runDynaFunctionDatabaseTest_DynaFunction_1__Literal_$1_MANY$__Function_$0_1$__DbTestConfig_1__Boolean_1_(core_relational_relational_sqlQueryToString_dbTestRunner_dynaFunctionTestRunner.java:64)
	at org.finos.legend.pure.generated.core_relational_relational_sqlQueryToString_dbTestRunner_dynaFunctionTestRunner.Root_meta_relational_dbTestRunner_runDynaFunctionDatabaseTest_DynaFunction_1__Literal_$1_MANY$__DbTestConfig_1__Boolean_1_(core_relational_relational_sqlQueryToString_dbTestRunner_dynaFunctionTestRunner.java:58)
	at org.finos.legend.pure.generated.core_relational_relational_sqlQueryToString_testSuite_dynaFunctions_numeric.Root_meta_relational_tests_dbSpecificTests_sqlQueryTests_dynaFunctions_ceiling_testIntAsFloat_DbTestConfig_1__Boolean_1_(core_relational_relational_sqlQueryToString_testSuite_dynaFunctions_numeric.java:260)
	at java.base/jdk.internal.reflect.NativeMethodAccessorImpl.invoke0(Native Method)
	at java.base/jdk.internal.reflect.NativeMethodAccessorImpl.invoke(NativeMethodAccessorImpl.java:62)
	at java.base/jdk.internal.reflect.DelegatingMethodAccessorImpl.invoke(DelegatingMethodAccessorImpl.java:43)
	at java.base/java.lang.reflect.Method.invoke(Method.java:566)
	at org.finos.legend.pure.runtime.java.compiled.testHelper.PureTestBuilderCompiled.executeFn(PureTestBuilderCompiled.java:113)
	at org.finos.legend.pure.runtime.java.compiled.testHelper.PureTestBuilderCompiled.lambda$buildSuite$0(PureTestBuilderCompiled.java:79)
	at org.finos.legend.pure.m3.execution.test.PureTestBuilder$PureTestCase.runTest(PureTestBuilder.java:95)
	at junit.framework.TestCase.runBare(TestCase.java:142)
	at org.finos.legend.engine.server.test.shared.Relational_DbSpecific_UsingPureClientTestSuite$2.runTest(Relational_DbSpecific_UsingPureClientTestSuite.java:90)
	at junit.framework.TestCase.runBare(TestCase.java:142)
	at junit.framework.TestResult$1.protect(TestResult.java:122)
	at junit.framework.TestResult.runProtected(TestResult.java:142)
	at junit.framework.TestResult.run(TestResult.java:125)
	at junit.framework.TestCase.run(TestCase.java:130)
	at junit.framework.TestSuite.runTest(TestSuite.java:241)
	at junit.framework.TestSuite.run(TestSuite.java:236)
	at junit.framework.TestSuite.runTest(TestSuite.java:241)
	at junit.framework.TestSuite.run(TestSuite.java:236)
	at junit.framework.TestSuite.runTest(TestSuite.java:241)
	at junit.framework.TestSuite.run(TestSuite.java:236)
	at junit.framework.TestSuite.runTest(TestSuite.java:241)
	at junit.framework.TestSuite.run(TestSuite.java:236)
	at junit.framework.TestSuite.runTest(TestSuite.java:241)
	at junit.framework.TestSuite.run(TestSuite.java:236)
	at junit.extensions.TestDecorator.basicRun(TestDecorator.java:24)
	at junit.extensions.TestSetup$1.protect(TestSetup.java:23)
	at junit.framework.TestResult.runProtected(TestResult.java:142)
	at junit.extensions.TestSetup.run(TestSetup.java:27)
	at org.junit.internal.runners.JUnit38ClassRunner.run(JUnit38ClassRunner.java:90)
	at org.apache.maven.surefire.junit4.JUnit4Provider.execute(JUnit4Provider.java:365)
	at org.apache.maven.surefire.junit4.JUnit4Provider.executeWithRerun(JUnit4Provider.java:273)
	at org.apache.maven.surefire.junit4.JUnit4Provider.executeTestSet(JUnit4Provider.java:238)
	at org.apache.maven.surefire.junit4.JUnit4Provider.invoke(JUnit4Provider.java:159)
	at org.apache.maven.surefire.booter.ForkedBooter.invokeProviderInSameClassLoader(ForkedBooter.java:384)
	at org.apache.maven.surefire.booter.ForkedBooter.runSuitesInProcess(ForkedBooter.java:345)
	at org.apache.maven.surefire.booter.ForkedBooter.execute(ForkedBooter.java:126)
	at org.apache.maven.surefire.booter.ForkedBooter.main(ForkedBooter.java:418)
]]></error>
    <system-out><![CDATA[Running db test dynaFunctions::ceiling::testIntAsFloat
{"duration":0.0,"eventType":"EXECUTION_PLAN_EXEC_ERROR","info":{"code":-1,"message":"SnowflakeSQLException: SQL compilation error:\nUnknown function CEILING","status":"error","trace":"java.lang.RuntimeException: net.snowflake.client.jdbc.SnowflakeSQLException: SQL compilation error:\nUnknown function CEILING\n\tat org.finos.legend.engine.plan.execution.stores.relational.result.SQLExecutionResult.<init>(SQLExecutionResult.java:123)\n\tat org.finos.legend.engine.plan.execution.stores.relational.RelationalExecutor.execute(RelationalExecutor.java:241)\n\tat org.finos.legend.engine.plan.execution.stores.relational.plugin.RelationalExecutionNodeExecutor.visit(RelationalExecutionNodeExecutor.java:238)\n\tat org.finos.legend.engine.plan.execution.stores.relational.plugin.RelationalExecutionNodeExecutor.visit(RelationalExecutionNodeExecutor.java:346)\n\tat org.finos.legend.engine.plan.execution.stores.relational.plugin.RelationalExecutionNodeExecutor.visit(RelationalExecutionNodeExecutor.java:92)\n\tat org.finos.legend.engine.protocol.pure.v1.model.executionPlan.nodes.RelationalDataTypeInstantiationExecutionNode.accept(RelationalDataTypeInstantiationExecutionNode.java:22)\n\tat org.finos.legend.engine.plan.execution.stores.relational.RelationalExecutionExtension.lambda$getExtraNodeExecutors$fbe53481$1(RelationalExecutionExtension.java:50)\n\tat org.finos.legend.engine.plan.execution.nodes.ExecutionNodeExecutor.lambda$visit$0(ExecutionNodeExecutor.java:164)\n\tat java.base/java.util.stream.ReferencePipeline$3$1.accept(ReferencePipeline.java:195)\n\tat java.base/java.util.Spliterators$ArraySpliterator.tryAdvance(Spliterators.java:958)\n\tat java.base/java.util.stream.ReferencePipeline.forEachWithCancel(ReferencePipeline.java:127)\n\tat java.base/java.util.stream.AbstractPipeline.copyIntoWithCancel(AbstractPipeline.java:502)\n\tat java.base/java.util.stream.AbstractPipeline.copyInto(AbstractPipeline.java:488)\n\tat java.base/java.util.stream.AbstractPipeline.wrapAndCopyInto(AbstractPipeline.java:474)\n\tat java.base/java.util.stream.FindOps$FindOp.evaluateSequential(FindOps.java:150)\n\tat java.base/java.util.stream.AbstractPipeline.evaluate(AbstractPipeline.java:234)\n\tat java.base/java.util.stream.ReferencePipeline.findFirst(ReferencePipeline.java:543)\n\tat org.finos.legend.engine.plan.execution.nodes.ExecutionNodeExecutor.visit(ExecutionNodeExecutor.java:164)\n\tat org.finos.legend.engine.plan.execution.nodes.ExecutionNodeExecutor.visit(ExecutionNodeExecutor.java:107)\n\tat org.finos.legend.engine.protocol.pure.v1.model.executionPlan.nodes.RelationalDataTypeInstantiationExecutionNode.accept(RelationalDataTypeInstantiationExecutionNode.java:22)\n\tat org.finos.legend.engine.plan.execution.PlanExecutor.execute(PlanExecutor.java:238)\n\tat org.finos.legend.engine.plan.execution.PlanExecutor.execute(PlanExecutor.java:225)\n\tat org.finos.legend.engine.plan.execution.api.ExecutePlan.doExecutePlanLegacy(ExecutePlan.java:102)\n\tat org.finos.legend.engine.plan.execution.api.ExecutePlan.doExecutePlan(ExecutePlan.java:84)\n\tat org.finos.legend.engine.plan.execution.api.ExecutePlanLegacy.executePlan(ExecutePlanLegacy.java:56)\n\tat jdk.internal.reflect.GeneratedMethodAccessor100.invoke(Unknown Source)\n\tat java.base/jdk.internal.reflect.DelegatingMethodAccessorImpl.invoke(DelegatingMethodAccessorImpl.java:43)\n\tat java.base/java.lang.reflect.Method.invoke(Method.java:566)\n\tat org.glassfish.jersey.server.model.internal.ResourceMethodInvocationHandlerFactory$1.invoke(ResourceMethodInvocationHandlerFactory.java:81)\n\tat org.glassfish.jersey.server.model.internal.AbstractJavaResourceMethodDispatcher$1.run(AbstractJavaResourceMethodDispatcher.java:144)\n\tat org.glassfish.jersey.server.model.internal.AbstractJavaResourceMethodDispatcher.invoke(AbstractJavaResourceMethodDispatcher.java:161)\n\tat org.glassfish.jersey.server.model.internal.JavaResourceMethodDispatcherProvider$ResponseOutInvoker.doDispatch(JavaResourceMethodDispatcherProvider.java:160)\n\tat org.glassfish.jersey.server.model.internal.AbstractJavaResourceMethodDispatcher.dispatch(AbstractJavaResourceMethodDispatcher.java:99)\n\tat org.glassfish.jersey.server.model.ResourceMethodInvoker.invoke(ResourceMethodInvoker.java:389)\n\tat org.glassfish.jersey.server.model.ResourceMethodInvoker.apply(ResourceMethodInvoker.java:347)\n\tat org.glassfish.jersey.server.model.ResourceMethodInvoker.apply(ResourceMethodInvoker.java:102)\n\tat org.glassfish.jersey.server.ServerRuntime$2.run(ServerRuntime.java:326)\n\tat org.glassfish.jersey.internal.Errors$1.call(Errors.java:271)\n\tat org.glassfish.jersey.internal.Errors$1.call(Errors.java:267)\n\tat org.glassfish.jersey.internal.Errors.process(Errors.java:315)\n\tat org.glassfish.jersey.internal.Errors.process(Errors.java:297)\n\tat org.glassfish.jersey.internal.Errors.process(Errors.java:267)\n\tat org.glassfish.jersey.process.internal.RequestScope.runInScope(RequestScope.java:317)\n\tat org.glassfish.jersey.server.ServerRuntime.process(ServerRuntime.java:305)\n\tat org.glassfish.jersey.server.ApplicationHandler.handle(ApplicationHandler.java:1154)\n\tat org.glassfish.jersey.servlet.WebComponent.serviceImpl(WebComponent.java:473)\n\tat org.glassfish.jersey.servlet.WebComponent.service(WebComponent.java:427)\n\tat org.glassfish.jersey.servlet.ServletContainer.service(ServletContainer.java:388)\n\tat org.glassfish.jersey.servlet.ServletContainer.service(ServletContainer.java:341)\n\tat org.glassfish.jersey.servlet.ServletContainer.service(ServletContainer.java:228)\n\tat org.eclipse.jetty.servlet.ServletHolder.handle(ServletHolder.java:799)\n\tat org.eclipse.jetty.servlet.ServletHandler$ChainEnd.doFilter(ServletHandler.java:1631)\n\tat io.dropwizard.servlets.ThreadNameFilter.doFilter(ThreadNameFilter.java:35)\n\tat org.eclipse.jetty.servlet.FilterHolder.doFilter(FilterHolder.java:193)\n\tat org.eclipse.jetty.servlet.ServletHandler$Chain.doFilter(ServletHandler.java:1601)\n\tat io.dropwizard.jersey.filter.AllowedMethodsFilter.handle(AllowedMethodsFilter.java:45)\n\tat io.dropwizard.jersey.filter.AllowedMethodsFilter.doFilter(AllowedMethodsFilter.java:39)\n\tat org.eclipse.jetty.servlet.FilterHolder.doFilter(FilterHolder.java:193)\n\tat org.eclipse.jetty.servlet.ServletHandler$Chain.doFilter(ServletHandler.java:1601)\n\tat org.finos.legend.server.pac4j.internal.UsernameFilter.doFilter(UsernameFilter.java:51)\n\tat org.eclipse.jetty.servlet.FilterHolder.doFilter(FilterHolder.java:193)\n\tat org.eclipse.jetty.servlet.ServletHandler$Chain.doFilter(ServletHandler.java:1601)\n\tat org.pac4j.j2e.filter.SecurityFilter.lambda$internalFilter$0(SecurityFilter.java:95)\n\tat org.pac4j.core.engine.DefaultSecurityLogic.perform(DefaultSecurityLogic.java:140)\n\tat org.pac4j.j2e.filter.SecurityFilter.internalFilter(SecurityFilter.java:93)\n\tat org.pac4j.j2e.filter.AbstractConfigFilter.doFilter(AbstractConfigFilter.java:81)\n\tat org.eclipse.jetty.servlet.FilterHolder.doFilter(FilterHolder.java:193)\n\tat org.eclipse.jetty.servlet.ServletHandler$Chain.doFilter(ServletHandler.java:1601)\n\tat org.eclipse.jetty.servlet.ServletHandler.doHandle(ServletHandler.java:548)\n\tat org.eclipse.jetty.server.handler.ScopedHandler.nextHandle(ScopedHandler.java:233)\n\tat org.eclipse.jetty.server.session.SessionHandler.doHandle(SessionHandler.java:1624)\n\tat org.eclipse.jetty.server.handler.ScopedHandler.nextHandle(ScopedHandler.java:233)\n\tat org.eclipse.jetty.server.handler.ContextHandler.doHandle(ContextHandler.java:1434)\n\tat org.eclipse.jetty.server.handler.ScopedHandler.nextScope(ScopedHandler.java:188)\n\tat org.eclipse.jetty.servlet.ServletHandler.doScope(ServletHandler.java:501)\n\tat org.eclipse.jetty.server.session.SessionHandler.doScope(SessionHandler.java:1594)\n\tat org.eclipse.jetty.server.handler.ScopedHandler.nextScope(ScopedHandler.java:186)\n\tat org.eclipse.jetty.server.handler.ContextHandler.doScope(ContextHandler.java:1349)\n\tat org.eclipse.jetty.server.handler.ScopedHandler.handle(ScopedHandler.java:141)\n\tat org.eclipse.jetty.server.handler.HandlerWrapper.handle(HandlerWrapper.java:127)\n\tat com.codahale.metrics.jetty9.InstrumentedHandler.handle(InstrumentedHandler.java:313)\n\tat io.dropwizard.jetty.ContextRoutingHandler.handle(ContextRoutingHandler.java:37)\n\tat org.eclipse.jetty.server.handler.gzip.GzipHandler.handle(GzipHandler.java:713)\n\tat io.dropwizard.jetty.BiDiGzipHandler.handle(BiDiGzipHandler.java:67)\n\tat org.eclipse.jetty.server.handler.StatisticsHandler.handle(StatisticsHandler.java:179)\n\tat org.eclipse.jetty.server.handler.HandlerWrapper.handle(HandlerWrapper.java:127)\n\tat org.eclipse.jetty.server.Server.handle(Server.java:516)\n\tat org.eclipse.jetty.server.HttpChannel.lambda$handle$1(HttpChannel.java:400)\n\tat org.eclipse.jetty.server.HttpChannel.dispatch(HttpChannel.java:645)\n\tat org.eclipse.jetty.server.HttpChannel.handle(HttpChannel.java:392)\n\tat org.eclipse.jetty.server.HttpConnection.onFillable(HttpConnection.java:277)\n\tat org.eclipse.jetty.io.AbstractConnection$ReadCallback.succeeded(AbstractConnection.java:311)\n\tat org.eclipse.jetty.io.FillInterest.fillable(FillInterest.java:105)\n\tat org.eclipse.jetty.io.ChannelEndPoint$1.run(ChannelEndPoint.java:104)\n\tat org.eclipse.jetty.util.thread.strategy.EatWhatYouKill.runTask(EatWhatYouKill.java:338)\n\tat org.eclipse.jetty.util.thread.strategy.EatWhatYouKill.doProduce(EatWhatYouKill.java:315)\n\tat org.eclipse.jetty.util.thread.strategy.EatWhatYouKill.tryProduce(EatWhatYouKill.java:173)\n\tat org.eclipse.jetty.util.thread.strategy.EatWhatYouKill.run(EatWhatYouKill.java:131)\n\tat org.eclipse.jetty.util.thread.ReservedThreadExecutor$ReservedThread.run(ReservedThreadExecutor.java:409)\n\tat org.eclipse.jetty.util.thread.QueuedThreadPool.runJob(QueuedThreadPool.java:883)\n\tat org.eclipse.jetty.util.thread.QueuedThreadPool$Runner.run(QueuedThreadPool.java:1034)\n\tat java.base/java.lang.Thread.run(Thread.java:829)\nCaused by: net.snowflake.client.jdbc.SnowflakeSQLException: SQL compilation error:\nUnknown function CEILING\n\tat net.snowflake.client.jdbc.SnowflakeUtil.checkErrorAndThrowExceptionSub(SnowflakeUtil.java:127)\n\tat net.snowflake.client.jdbc.SnowflakeUtil.checkErrorAndThrowException(SnowflakeUtil.java:67)\n\tat net.snowflake.client.core.StmtUtil.pollForOutput(StmtUtil.java:442)\n\tat net.snowflake.client.core.StmtUtil.execute(StmtUtil.java:345)\n\tat net.snowflake.client.core.SFStatement.executeHelper(SFStatement.java:486)\n\tat net.snowflake.client.core.SFStatement.executeQueryInternal(SFStatement.java:197)\n\tat net.snowflake.client.core.SFStatement.executeQuery(SFStatement.java:134)\n\tat net.snowflake.client.core.SFStatement.execute(SFStatement.java:743)\n\tat net.snowflake.client.core.SFStatement.execute(SFStatement.java:639)\n\tat net.snowflake.client.jdbc.SnowflakeStatementV1.executeQueryInternal(SnowflakeStatementV1.java:238)\n\tat net.snowflake.client.jdbc.SnowflakeStatementV1.executeQuery(SnowflakeStatementV1.java:133)\n\tat com.zaxxer.hikari.pool.ProxyStatement.executeQuery(ProxyStatement.java:110)\n\tat com.zaxxer.hikari.pool.HikariProxyStatement.executeQuery(HikariProxyStatement.java)\n\tat org.finos.legend.engine.plan.execution.stores.relational.result.SQLExecutionResult.<init>(SQLExecutionResult.java:95)\n\t... 101 more\n"},"mode":"DEV","timeStamp":"2023-02-23 01:30:50.041","user":"_UNKNOWN_"}
| **dynaFunctions::ceiling::testIntAsFloat** | failing :x: |
]]></system-out>
  </testcase>
  <testcase name="testIntAsFloat[Snowflake]" classname="org.finos.legend.engine.server.test.shared.Relational_DbSpecific_UsingPureClientTestSuite$2" time="0.118"/>
  <testcase name="testInt[Snowflake]" classname="org.finos.legend.engine.server.test.shared.Relational_DbSpecific_UsingPureClientTestSuite$2" time="0.169">
    <error message="Assert failure at (resource:/platform/pure/basics/tests/assertEq.pure line:34 column:5), &quot;500 &apos;{&quot;code&quot;:-1,&quot;message&quot;:&quot;SnowflakeSQLException: SQL compilation error:&#10;Unknown function CEILING&quot;,&quot;status&quot;:&quot;error&quot;,&quot;trace&quot;:&quot;java.lang.RuntimeException: net.snowflake.client.jdbc.SnowflakeSQLException: SQL compilation error:&#10;Unknown function CEILING&#10;at org.finos.legend.engine.plan.execution.stores.relational.result.SQLExecutionResult.&lt;init&gt;(SQLExecutionResult.java:123)&#10;at org.finos.legend.engine.plan.execution.stores.relational.RelationalExecutor.execute(RelationalExecutor.java:241)&#10;at org.finos.legend.engine.plan.execution.stores.relational.plugin.RelationalExecutionNodeExecutor.visit(RelationalExecutionNodeExecutor.java:238)&#10;at org.finos.legend.engine.plan.execution.stores.relational.plugin.RelationalExecutionNodeExecutor.visit(RelationalExecutionNodeExecutor.java:346)&#10;at org.finos.legend.engine.plan.execution.stores.relational.plugin.RelationalExecutionNodeExecutor.visit(RelationalExecutionNodeExecutor.java:92)&#10;at org.finos.legend.engine.protocol.pure.v1.model.executionPlan.nodes.RelationalDataTypeInstantiationExecutionNode.accept(RelationalDataTypeInstantiationExecutionNode.java:22)&#10;at org.finos.legend.engine.plan.execution.stores.relational.RelationalExecutionExtension.lambda$getExtraNodeExecutors$fbe53481$1(RelationalExecutionExtension.java:50)&#10;at org.finos.legend.engine.plan.execution.nodes.ExecutionNodeExecutor.lambda$visit$0(ExecutionNodeExecutor.java:164)&#10;at java.base/java.util.stream.ReferencePipeline$3$1.accept(ReferencePipeline.java:195)&#10;at java.base/java.util.Spliterators$ArraySpliterator.tryAdvance(Spliterators.java:958)&#10;at java.base/java.util.stream.ReferencePipeline.forEachWithCancel(ReferencePipeline.java:127)&#10;at java.base/java.util.stream.AbstractPipeline.copyIntoWithCancel(AbstractPipeline.java:502)&#10;at java.base/java.util.stream.AbstractPipeline.copyInto(AbstractPipeline.java:488)&#10;at java.base/java.util.stream.AbstractPipeline.wrapAndCopyInto(AbstractPipeline.java:474)&#10;at java.base/java.util.stream.FindOps$FindOp.evaluateSequential(FindOps.java:150)&#10;at java.base/java.util.stream.AbstractPipeline.evaluate(AbstractPipeline.java:234)&#10;at java.base/java.util.stream.ReferencePipeline.findFirst(ReferencePipeline.java:543)&#10;at org.finos.legend.engine.plan.execution.nodes.ExecutionNodeExecutor.visit(ExecutionNodeExecutor.java:164)&#10;at org.finos.legend.engine.plan.execution.nodes.ExecutionNodeExecutor.visit(ExecutionNodeExecutor.java:107)&#10;at org.finos.legend.engine.protocol.pure.v1.model.executionPlan.nodes.RelationalDataTypeInstantiationExecutionNode.accept(RelationalDataTypeInstantiationExecutionNode.java:22)&#10;at org.finos.legend.engine.plan.execution.PlanExecutor.execute(PlanExecutor.java:238)&#10;at org.finos.legend.engine.plan.execution.PlanExecutor.execute(PlanExecutor.java:225)&#10;at org.finos.legend.engine.plan.execution.api.ExecutePlan.doExecutePlanLegacy(ExecutePlan.java:102)&#10;at org.finos.legend.engine.plan.execution.api.ExecutePlan.doExecutePlan(ExecutePlan.java:84)&#10;at org.finos.legend.engine.plan.execution.api.ExecutePlanLegacy.executePlan(ExecutePlanLegacy.java:56)&#10;at jdk.internal.reflect.GeneratedMethodAccessor100.invoke(Unknown Source)&#10;at java.base/jdk.internal.reflect.DelegatingMethodAccessorImpl.invoke(DelegatingMethodAccessorImpl.java:43)&#10;at java.base/java.lang.reflect.Method.invoke(Method.java:566)&#10;at org.glassfish.jersey.server.model.internal.ResourceMethodInvocationHandlerFactory$1.invoke(ResourceMethodInvocationHandlerFactory.java:81)&#10;at org.glassfish.jersey.server.model.internal.AbstractJavaResourceMethodDispatcher$1.run(AbstractJavaResourceMethodDispatcher.java:144)&#10;at org.glassfish.jersey.server.model.internal.AbstractJavaResourceMethodDispatcher.invoke(AbstractJavaResourceMethodDispatcher.java:161)&#10;at org.glassfish.jersey.server.model.internal.JavaResourceMethodDispatcherProvider$ResponseOutInvoker.doDispatch(JavaResourceMethodDispatcherProvider.java:160)&#10;at org.glassfish.jersey.server.model.internal.AbstractJavaResourceMethodDispatcher.dispatch(AbstractJavaResourceMethodDispatcher.java:99)&#10;at org.glassfish.jersey.server.model.ResourceMethodInvoker.invoke(ResourceMethodInvoker.java:389)&#10;at org.glassfish.jersey.server.model.ResourceMethodInvoker.apply(ResourceMethodInvoker.java:347)&#10;at org.glassfish.jersey.server.model.ResourceMethodInvoker.apply(ResourceMethodInvoker.java:102)&#10;at org.glassfish.jersey.server.ServerRuntime$2.run(ServerRuntime.java:326)&#10;at org.glassfish.jersey.internal.Errors$1.call(Errors.java:271)&#10;at org.glassfish.jersey.internal.Errors$1.call(Errors.java:267)&#10;at org.glassfish.jersey.internal.Errors.process(Errors.java:315)&#10;at org.glassfish.jersey.internal.Errors.process(Errors.java:297)&#10;at org.glassfish.jersey.internal.Errors.process(Errors.java:267)&#10;at org.glassfish.jersey.process.internal.RequestScope.runInScope(RequestScope.java:317)&#10;at org.glassfish.jersey.server.ServerRuntime.process(ServerRuntime.java:305)&#10;at org.glassfish.jersey.server.ApplicationHandler.handle(ApplicationHandler.java:1154)&#10;at org.glassfish.jersey.servlet.WebComponent.serviceImpl(WebComponent.java:473)&#10;at org.glassfish.jersey.servlet.WebComponent.service(WebComponent.java:427)&#10;at org.glassfish.jersey.servlet.ServletContainer.service(ServletContainer.java:388)&#10;at org.glassfish.jersey.servlet.ServletContainer.service(ServletContainer.java:341)&#10;at org.glassfish.jersey.servlet.ServletContainer.service(ServletContainer.java:228)&#10;at org.eclipse.jetty.servlet.ServletHolder.handle(ServletHolder.java:799)&#10;at org.eclipse.jetty.servlet.ServletHandler$ChainEnd.doFilter(ServletHandler.java:1631)&#10;at io.dropwizard.servlets.ThreadNameFilter.doFilter(ThreadNameFilter.java:35)&#10;at org.eclipse.jetty.servlet.FilterHolder.doFilter(FilterHolder.java:193)&#10;at org.eclipse.jetty.servlet.ServletHandler$Chain.doFilter(ServletHandler.java:1601)&#10;at io.dropwizard.jersey.filter.AllowedMethodsFilter.handle(AllowedMethodsFilter.java:45)&#10;at io.dropwizard.jersey.filter.AllowedMethodsFilter.doFilter(AllowedMethodsFilter.java:39)&#10;at org.eclipse.jetty.servlet.FilterHolder.doFilter(FilterHolder.java:193)&#10;at org.eclipse.jetty.servlet.ServletHandler$Chain.doFilter(ServletHandler.java:1601)&#10;at org.finos.legend.server.pac4j.internal.UsernameFilter.doFilter(UsernameFilter.java:51)&#10;at org.eclipse.jetty.servlet.FilterHolder.doFilter(FilterHolder.java:193)&#10;at org.eclipse.jetty.servlet.ServletHandler$Chain.doFilter(ServletHandler.java:1601)&#10;at org.pac4j.j2e.filter.SecurityFilter.lambda$internalFilter$0(SecurityFilter.java:95)&#10;at org.pac4j.core.engine.DefaultSecurityLogic.perform(DefaultSecurityLogic.java:140)&#10;at org.pac4j.j2e.filter.SecurityFilter.internalFilter(SecurityFilter.java:93)&#10;at org.pac4j.j2e.filter.AbstractConfigFilter.doFilter(AbstractConfigFilter.java:81)&#10;at org.eclipse.jetty.servlet.FilterHolder.doFilter(FilterHolder.java:193)&#10;at org.eclipse.jetty.servlet.ServletHandler$Chain.doFilter(ServletHandler.java:1601)&#10;at org.eclipse.jetty.servlet.ServletHandler.doHandle(ServletHandler.java:548)&#10;at org.eclipse.jetty.server.handler.ScopedHandler.nextHandle(ScopedHandler.java:233)&#10;at org.eclipse.jetty.server.session.SessionHandler.doHandle(SessionHandler.java:1624)&#10;at org.eclipse.jetty.server.handler.ScopedHandler.nextHandle(ScopedHandler.java:233)&#10;at org.eclipse.jetty.server.handler.ContextHandler.doHandle(ContextHandler.java:1434)&#10;at org.eclipse.jetty.server.handler.ScopedHandler.nextScope(ScopedHandler.java:188)&#10;at org.eclipse.jetty.servlet.ServletHandler.doScope(ServletHandler.java:501)&#10;at org.eclipse.jetty.server.session.SessionHandler.doScope(SessionHandler.java:1594)&#10;at org.eclipse.jetty.server.handler.ScopedHandler.nextScope(ScopedHandler.java:186)&#10;at org.eclipse.jetty.server.handler.ContextHandler.doScope(ContextHandler.java:1349)&#10;at org.eclipse.jetty.server.handler.ScopedHandler.handle(ScopedHandler.java:141)&#10;at org.eclipse.jetty.server.handler.HandlerWrapper.handle(HandlerWrapper.java:127)&#10;at com.codahale.metrics.jetty9.InstrumentedHandler.handle(InstrumentedHandler.java:313)&#10;at io.dropwizard.jetty.ContextRoutingHandler.handle(ContextRoutingHandler.java:37)&#10;at org.eclipse.jetty.server.handler.gzip.GzipHandler.handle(GzipHandler.java:713)&#10;at io.dropwizard.jetty.BiDiGzipHandler.handle(BiDiGzipHandler.java:67)&#10;at org.eclipse.jetty.server.handler.StatisticsHandler.handle(StatisticsHandler.java:179)&#10;at org.eclipse.jetty.server.handler.HandlerWrapper.handle(HandlerWrapper.java:127)&#10;at org.eclipse.jetty.server.Server.handle(Server.java:516)&#10;at org.eclipse.jetty.server.HttpChannel.lambda$handle$1(HttpChannel.java:400)&#10;at org.eclipse.jetty.server.HttpChannel.dispatch(HttpChannel.java:645)&#10;at org.eclipse.jetty.server.HttpChannel.handle(HttpChannel.java:392)&#10;at org.eclipse.jetty.server.HttpConnection.onFillable(HttpConnection.java:277)&#10;at org.eclipse.jetty.io.AbstractConnection$ReadCallback.succeeded(AbstractConnection.java:311)&#10;at org.eclipse.jetty.io.FillInterest.fillable(FillInterest.java:105)&#10;at org.eclipse.jetty.io.ChannelEndPoint$1.run(ChannelEndPoint.java:104)&#10;at org.eclipse.jetty.util.thread.strategy.EatWhatYouKill.runTask(EatWhatYouKill.java:338)&#10;at org.eclipse.jetty.util.thread.strategy.EatWhatYouKill.doProduce(EatWhatYouKill.java:315)&#10;at org.eclipse.jetty.util.thread.strategy.EatWhatYouKill.tryProduce(EatWhatYouKill.java:173)&#10;at org.eclipse.jetty.util.thread.strategy.EatWhatYouKill.run(EatWhatYouKill.java:131)&#10;at org.eclipse.jetty.util.thread.ReservedThreadExecutor$ReservedThread.run(ReservedThreadExecutor.java:409)&#10;at org.eclipse.jetty.util.thread.QueuedThreadPool.runJob(QueuedThreadPool.java:883)&#10;at org.eclipse.jetty.util.thread.QueuedThreadPool$Runner.run(QueuedThreadPool.java:1034)&#10;at java.base/java.lang.Thread.run(Thread.java:829)&#10;Caused by: net.snowflake.client.jdbc.SnowflakeSQLException: SQL compilation error:&#10;Unknown function CEILING&#10;at net.snowflake.client.jdbc.SnowflakeUtil.checkErrorAndThrowExceptionSub(SnowflakeUtil.java:127)&#10;at net.snowflake.client.jdbc.SnowflakeUtil.checkErrorAndThrowException(SnowflakeUtil.java:67)&#10;at net.snowflake.client.core.StmtUtil.pollForOutput(StmtUtil.java:442)&#10;at net.snowflake.client.core.StmtUtil.execute(StmtUtil.java:345)&#10;at net.snowflake.client.core.SFStatement.executeHelper(SFStatement.java:486)&#10;at net.snowflake.client.core.SFStatement.executeQueryInternal(SFStatement.java:197)&#10;at net.snowflake.client.core.SFStatement.executeQuery(SFStatement.java:134)&#10;at net.snowflake.client.core.SFStatement.execute(SFStatement.java:743)&#10;at net.snowflake.client.core.SFStatement.execute(SFStatement.java:639)&#10;at net.snowflake.client.jdbc.SnowflakeStatementV1.executeQueryInternal(SnowflakeStatementV1.java:238)&#10;at net.snowflake.client.jdbc.SnowflakeStatementV1.executeQuery(SnowflakeStatementV1.java:133)&#10;at com.zaxxer.hikari.pool.ProxyStatement.executeQuery(ProxyStatement.java:110)&#10;at com.zaxxer.hikari.pool.HikariProxyStatement.executeQuery(HikariProxyStatement.java)&#10;at org.finos.legend.engine.plan.execution.stores.relational.result.SQLExecutionResult.&lt;init&gt;(SQLExecutionResult.java:95)&#10;... 101 more&#10;&quot;}&apos;&quot;" type="Assert failure at (resource"><![CDATA[Assert failure at (resource:/platform/pure/basics/tests/assertEq.pure line:34 column:5), "500 '{"code":-1,"message":"SnowflakeSQLException: SQL compilation error:
Unknown function CEILING","status":"error","trace":"java.lang.RuntimeException: net.snowflake.client.jdbc.SnowflakeSQLException: SQL compilation error:
Unknown function CEILING
at org.finos.legend.engine.plan.execution.stores.relational.result.SQLExecutionResult.<init>(SQLExecutionResult.java:123)
at org.finos.legend.engine.plan.execution.stores.relational.RelationalExecutor.execute(RelationalExecutor.java:241)
at org.finos.legend.engine.plan.execution.stores.relational.plugin.RelationalExecutionNodeExecutor.visit(RelationalExecutionNodeExecutor.java:238)
at org.finos.legend.engine.plan.execution.stores.relational.plugin.RelationalExecutionNodeExecutor.visit(RelationalExecutionNodeExecutor.java:346)
at org.finos.legend.engine.plan.execution.stores.relational.plugin.RelationalExecutionNodeExecutor.visit(RelationalExecutionNodeExecutor.java:92)
at org.finos.legend.engine.protocol.pure.v1.model.executionPlan.nodes.RelationalDataTypeInstantiationExecutionNode.accept(RelationalDataTypeInstantiationExecutionNode.java:22)
at org.finos.legend.engine.plan.execution.stores.relational.RelationalExecutionExtension.lambda$getExtraNodeExecutors$fbe53481$1(RelationalExecutionExtension.java:50)
at org.finos.legend.engine.plan.execution.nodes.ExecutionNodeExecutor.lambda$visit$0(ExecutionNodeExecutor.java:164)
at java.base/java.util.stream.ReferencePipeline$3$1.accept(ReferencePipeline.java:195)
at java.base/java.util.Spliterators$ArraySpliterator.tryAdvance(Spliterators.java:958)
at java.base/java.util.stream.ReferencePipeline.forEachWithCancel(ReferencePipeline.java:127)
at java.base/java.util.stream.AbstractPipeline.copyIntoWithCancel(AbstractPipeline.java:502)
at java.base/java.util.stream.AbstractPipeline.copyInto(AbstractPipeline.java:488)
at java.base/java.util.stream.AbstractPipeline.wrapAndCopyInto(AbstractPipeline.java:474)
at java.base/java.util.stream.FindOps$FindOp.evaluateSequential(FindOps.java:150)
at java.base/java.util.stream.AbstractPipeline.evaluate(AbstractPipeline.java:234)
at java.base/java.util.stream.ReferencePipeline.findFirst(ReferencePipeline.java:543)
at org.finos.legend.engine.plan.execution.nodes.ExecutionNodeExecutor.visit(ExecutionNodeExecutor.java:164)
at org.finos.legend.engine.plan.execution.nodes.ExecutionNodeExecutor.visit(ExecutionNodeExecutor.java:107)
at org.finos.legend.engine.protocol.pure.v1.model.executionPlan.nodes.RelationalDataTypeInstantiationExecutionNode.accept(RelationalDataTypeInstantiationExecutionNode.java:22)
at org.finos.legend.engine.plan.execution.PlanExecutor.execute(PlanExecutor.java:238)
at org.finos.legend.engine.plan.execution.PlanExecutor.execute(PlanExecutor.java:225)
at org.finos.legend.engine.plan.execution.api.ExecutePlan.doExecutePlanLegacy(ExecutePlan.java:102)
at org.finos.legend.engine.plan.execution.api.ExecutePlan.doExecutePlan(ExecutePlan.java:84)
at org.finos.legend.engine.plan.execution.api.ExecutePlanLegacy.executePlan(ExecutePlanLegacy.java:56)
at jdk.internal.reflect.GeneratedMethodAccessor100.invoke(Unknown Source)
at java.base/jdk.internal.reflect.DelegatingMethodAccessorImpl.invoke(DelegatingMethodAccessorImpl.java:43)
at java.base/java.lang.reflect.Method.invoke(Method.java:566)
at org.glassfish.jersey.server.model.internal.ResourceMethodInvocationHandlerFactory$1.invoke(ResourceMethodInvocationHandlerFactory.java:81)
at org.glassfish.jersey.server.model.internal.AbstractJavaResourceMethodDispatcher$1.run(AbstractJavaResourceMethodDispatcher.java:144)
at org.glassfish.jersey.server.model.internal.AbstractJavaResourceMethodDispatcher.invoke(AbstractJavaResourceMethodDispatcher.java:161)
at org.glassfish.jersey.server.model.internal.JavaResourceMethodDispatcherProvider$ResponseOutInvoker.doDispatch(JavaResourceMethodDispatcherProvider.java:160)
at org.glassfish.jersey.server.model.internal.AbstractJavaResourceMethodDispatcher.dispatch(AbstractJavaResourceMethodDispatcher.java:99)
at org.glassfish.jersey.server.model.ResourceMethodInvoker.invoke(ResourceMethodInvoker.java:389)
at org.glassfish.jersey.server.model.ResourceMethodInvoker.apply(ResourceMethodInvoker.java:347)
at org.glassfish.jersey.server.model.ResourceMethodInvoker.apply(ResourceMethodInvoker.java:102)
at org.glassfish.jersey.server.ServerRuntime$2.run(ServerRuntime.java:326)
at org.glassfish.jersey.internal.Errors$1.call(Errors.java:271)
at org.glassfish.jersey.internal.Errors$1.call(Errors.java:267)
at org.glassfish.jersey.internal.Errors.process(Errors.java:315)
at org.glassfish.jersey.internal.Errors.process(Errors.java:297)
at org.glassfish.jersey.internal.Errors.process(Errors.java:267)
at org.glassfish.jersey.process.internal.RequestScope.runInScope(RequestScope.java:317)
at org.glassfish.jersey.server.ServerRuntime.process(ServerRuntime.java:305)
at org.glassfish.jersey.server.ApplicationHandler.handle(ApplicationHandler.java:1154)
at org.glassfish.jersey.servlet.WebComponent.serviceImpl(WebComponent.java:473)
at org.glassfish.jersey.servlet.WebComponent.service(WebComponent.java:427)
at org.glassfish.jersey.servlet.ServletContainer.service(ServletContainer.java:388)
at org.glassfish.jersey.servlet.ServletContainer.service(ServletContainer.java:341)
at org.glassfish.jersey.servlet.ServletContainer.service(ServletContainer.java:228)
at org.eclipse.jetty.servlet.ServletHolder.handle(ServletHolder.java:799)
at org.eclipse.jetty.servlet.ServletHandler$ChainEnd.doFilter(ServletHandler.java:1631)
at io.dropwizard.servlets.ThreadNameFilter.doFilter(ThreadNameFilter.java:35)
at org.eclipse.jetty.servlet.FilterHolder.doFilter(FilterHolder.java:193)
at org.eclipse.jetty.servlet.ServletHandler$Chain.doFilter(ServletHandler.java:1601)
at io.dropwizard.jersey.filter.AllowedMethodsFilter.handle(AllowedMethodsFilter.java:45)
at io.dropwizard.jersey.filter.AllowedMethodsFilter.doFilter(AllowedMethodsFilter.java:39)
at org.eclipse.jetty.servlet.FilterHolder.doFilter(FilterHolder.java:193)
at org.eclipse.jetty.servlet.ServletHandler$Chain.doFilter(ServletHandler.java:1601)
at org.finos.legend.server.pac4j.internal.UsernameFilter.doFilter(UsernameFilter.java:51)
at org.eclipse.jetty.servlet.FilterHolder.doFilter(FilterHolder.java:193)
at org.eclipse.jetty.servlet.ServletHandler$Chain.doFilter(ServletHandler.java:1601)
at org.pac4j.j2e.filter.SecurityFilter.lambda$internalFilter$0(SecurityFilter.java:95)
at org.pac4j.core.engine.DefaultSecurityLogic.perform(DefaultSecurityLogic.java:140)
at org.pac4j.j2e.filter.SecurityFilter.internalFilter(SecurityFilter.java:93)
at org.pac4j.j2e.filter.AbstractConfigFilter.doFilter(AbstractConfigFilter.java:81)
at org.eclipse.jetty.servlet.FilterHolder.doFilter(FilterHolder.java:193)
at org.eclipse.jetty.servlet.ServletHandler$Chain.doFilter(ServletHandler.java:1601)
at org.eclipse.jetty.servlet.ServletHandler.doHandle(ServletHandler.java:548)
at org.eclipse.jetty.server.handler.ScopedHandler.nextHandle(ScopedHandler.java:233)
at org.eclipse.jetty.server.session.SessionHandler.doHandle(SessionHandler.java:1624)
at org.eclipse.jetty.server.handler.ScopedHandler.nextHandle(ScopedHandler.java:233)
at org.eclipse.jetty.server.handler.ContextHandler.doHandle(ContextHandler.java:1434)
at org.eclipse.jetty.server.handler.ScopedHandler.nextScope(ScopedHandler.java:188)
at org.eclipse.jetty.servlet.ServletHandler.doScope(ServletHandler.java:501)
at org.eclipse.jetty.server.session.SessionHandler.doScope(SessionHandler.java:1594)
at org.eclipse.jetty.server.handler.ScopedHandler.nextScope(ScopedHandler.java:186)
at org.eclipse.jetty.server.handler.ContextHandler.doScope(ContextHandler.java:1349)
at org.eclipse.jetty.server.handler.ScopedHandler.handle(ScopedHandler.java:141)
at org.eclipse.jetty.server.handler.HandlerWrapper.handle(HandlerWrapper.java:127)
at com.codahale.metrics.jetty9.InstrumentedHandler.handle(InstrumentedHandler.java:313)
at io.dropwizard.jetty.ContextRoutingHandler.handle(ContextRoutingHandler.java:37)
at org.eclipse.jetty.server.handler.gzip.GzipHandler.handle(GzipHandler.java:713)
at io.dropwizard.jetty.BiDiGzipHandler.handle(BiDiGzipHandler.java:67)
at org.eclipse.jetty.server.handler.StatisticsHandler.handle(StatisticsHandler.java:179)
at org.eclipse.jetty.server.handler.HandlerWrapper.handle(HandlerWrapper.java:127)
at org.eclipse.jetty.server.Server.handle(Server.java:516)
at org.eclipse.jetty.server.HttpChannel.lambda$handle$1(HttpChannel.java:400)
at org.eclipse.jetty.server.HttpChannel.dispatch(HttpChannel.java:645)
at org.eclipse.jetty.server.HttpChannel.handle(HttpChannel.java:392)
at org.eclipse.jetty.server.HttpConnection.onFillable(HttpConnection.java:277)
at org.eclipse.jetty.io.AbstractConnection$ReadCallback.succeeded(AbstractConnection.java:311)
at org.eclipse.jetty.io.FillInterest.fillable(FillInterest.java:105)
at org.eclipse.jetty.io.ChannelEndPoint$1.run(ChannelEndPoint.java:104)
at org.eclipse.jetty.util.thread.strategy.EatWhatYouKill.runTask(EatWhatYouKill.java:338)
at org.eclipse.jetty.util.thread.strategy.EatWhatYouKill.doProduce(EatWhatYouKill.java:315)
at org.eclipse.jetty.util.thread.strategy.EatWhatYouKill.tryProduce(EatWhatYouKill.java:173)
at org.eclipse.jetty.util.thread.strategy.EatWhatYouKill.run(EatWhatYouKill.java:131)
at org.eclipse.jetty.util.thread.ReservedThreadExecutor$ReservedThread.run(ReservedThreadExecutor.java:409)
at org.eclipse.jetty.util.thread.QueuedThreadPool.runJob(QueuedThreadPool.java:883)
at org.eclipse.jetty.util.thread.QueuedThreadPool$Runner.run(QueuedThreadPool.java:1034)
at java.base/java.lang.Thread.run(Thread.java:829)
Caused by: net.snowflake.client.jdbc.SnowflakeSQLException: SQL compilation error:
Unknown function CEILING
at net.snowflake.client.jdbc.SnowflakeUtil.checkErrorAndThrowExceptionSub(SnowflakeUtil.java:127)
at net.snowflake.client.jdbc.SnowflakeUtil.checkErrorAndThrowException(SnowflakeUtil.java:67)
at net.snowflake.client.core.StmtUtil.pollForOutput(StmtUtil.java:442)
at net.snowflake.client.core.StmtUtil.execute(StmtUtil.java:345)
at net.snowflake.client.core.SFStatement.executeHelper(SFStatement.java:486)
at net.snowflake.client.core.SFStatement.executeQueryInternal(SFStatement.java:197)
at net.snowflake.client.core.SFStatement.executeQuery(SFStatement.java:134)
at net.snowflake.client.core.SFStatement.execute(SFStatement.java:743)
at net.snowflake.client.core.SFStatement.execute(SFStatement.java:639)
at net.snowflake.client.jdbc.SnowflakeStatementV1.executeQueryInternal(SnowflakeStatementV1.java:238)
at net.snowflake.client.jdbc.SnowflakeStatementV1.executeQuery(SnowflakeStatementV1.java:133)
at com.zaxxer.hikari.pool.ProxyStatement.executeQuery(ProxyStatement.java:110)
at com.zaxxer.hikari.pool.HikariProxyStatement.executeQuery(HikariProxyStatement.java)
at org.finos.legend.engine.plan.execution.stores.relational.result.SQLExecutionResult.<init>(SQLExecutionResult.java:95)
... 101 more
"}'"
	at org.finos.legend.pure.runtime.java.compiled.generation.processors.support.CompiledSupport.pureAssert(CompiledSupport.java:1994)
	at org.finos.legend.pure.generated.platform_pure_basics_tests_assertEq.Root_meta_pure_functions_asserts_assertEq_Any_1__Any_1__Function_1__Boolean_1_(platform_pure_basics_tests_assertEq.java:44)
	at org.finos.legend.pure.generated.core_pure_protocol_vX_X_X_invocations_execution.Root_meta_protocols_pure_vX_X_X_invocation_execution_execute_executePlan_String_1__String_1__Integer_1__String_1_(core_pure_protocol_vX_X_X_invocations_execution.java:751)
	at org.finos.legend.pure.generated.core_pure_protocol_vX_X_X_invocations_execution.Root_meta_protocols_pure_vX_X_X_invocation_execution_execute_executePlan_ExecutionPlan_1__String_1__Integer_1__Extension_MANY__String_1_(core_pure_protocol_vX_X_X_invocations_execution.java:745)
	at org.finos.legend.pure.generated.core_pure_protocol_vX_X_X_invocations_execution.Root_meta_protocols_pure_vX_X_X_invocation_execution_execute_executePlan_ExecutionPlan_1__ExecutionContext_$0_1$__String_1__Integer_1__Extension_MANY__Result_1_(core_pure_protocol_vX_X_X_invocations_execution.java:738)
	at jdk.internal.reflect.GeneratedMethodAccessor96.invoke(Unknown Source)
	at java.base/jdk.internal.reflect.DelegatingMethodAccessorImpl.invoke(DelegatingMethodAccessorImpl.java:43)
	at java.base/java.lang.reflect.Method.invoke(Method.java:566)
	at org.finos.legend.pure.runtime.java.compiled.metadata.JavaMethodWithParamsSharedPureFunction.execute(JavaMethodWithParamsSharedPureFunction.java:59)
	at org.finos.legend.pure.runtime.java.compiled.generation.processors.support.Pure._evaluateToMany(Pure.java:546)
	at org.finos.legend.pure.generated.CoreGen.evaluateToMany(CoreGen.java:147)
	at org.finos.legend.pure.generated.CoreGen.evaluateToMany(CoreGen.java:134)
	at org.finos.legend.pure.generated.core_pure_router_router_entry$9$1.value(core_pure_router_router_entry.java:318)
	at org.finos.legend.pure.generated.core_pure_router_router_entry$9$1.execute(core_pure_router_router_entry.java:311)
	at org.finos.legend.pure.generated.core_pure_router_router_entry$9$1.execute(core_pure_router_router_entry.java:307)
	at org.finos.legend.pure.runtime.java.compiled.generation.processors.support.Pure.evaluate(Pure.java:485)
	at org.finos.legend.pure.runtime.java.compiled.generation.processors.support.Pure.legendTest(Pure.java:216)
	at org.finos.legend.pure.generated.CoreGen.legendTest(CoreGen.java:61)
	at org.finos.legend.pure.generated.core_pure_router_router_entry$9.valueOf(core_pure_router_router_entry.java:303)
	at org.finos.legend.pure.generated.core_pure_router_router_entry$9.execute(core_pure_router_router_entry.java:298)
	at org.finos.legend.pure.generated.core_pure_router_router_entry$9.execute(core_pure_router_router_entry.java:294)
	at org.finos.legend.pure.runtime.java.compiled.generation.processors.support.Pure.evaluate(Pure.java:485)
	at org.finos.legend.pure.runtime.java.compiled.generation.processors.support.Pure.traceSpan(Pure.java:1482)
	at org.finos.legend.pure.generated.CoreGen.traceSpan(CoreGen.java:203)
	at org.finos.legend.pure.generated.core_pure_router_router_entry.Root_meta_pure_router_executePlan_ExecutionPlan_1__ExecutionContext_1__Extension_MANY__Result_$0_1$_(core_pure_router_router_entry.java:290)
	at org.finos.legend.pure.generated.core_pure_router_router_entry.Root_meta_pure_router_executePlan_ExecutionPlan_1__Extension_MANY__Result_$0_1$_(core_pure_router_router_entry.java:285)
	at org.finos.legend.pure.generated.core_relational_relational_sqlQueryToString_dbTestRunner_testRunner$20.execute(core_relational_relational_sqlQueryToString_dbTestRunner_testRunner.java:386)
	at org.finos.legend.pure.generated.core_relational_relational_sqlQueryToString_dbTestRunner_testRunner.Root_meta_relational_dbTestRunner_runSqlQueryTest_SQLQuery_1__Literal_$1_MANY$__Pair_MANY__Function_$0_1$__DbTestConfig_1__Boolean_1_(core_relational_relational_sqlQueryToString_dbTestRunner_testRunner.java:424)
	at org.finos.legend.pure.generated.core_relational_relational_sqlQueryToString_dbTestRunner_testRunner.Root_meta_relational_dbTestRunner_runSqlQueryTest_SQLQuery_1__Literal_$1_MANY$__Function_$0_1$__DbTestConfig_1__Boolean_1_(core_relational_relational_sqlQueryToString_dbTestRunner_testRunner.java:374)
	at org.finos.legend.pure.generated.core_relational_relational_sqlQueryToString_dbTestRunner_dynaFunctionTestRunner.Root_meta_relational_dbTestRunner_runDynaFunctionDatabaseTest_DynaFunction_1__Literal_$1_MANY$__Function_$0_1$__DbTestConfig_1__Boolean_1_(core_relational_relational_sqlQueryToString_dbTestRunner_dynaFunctionTestRunner.java:64)
	at org.finos.legend.pure.generated.core_relational_relational_sqlQueryToString_dbTestRunner_dynaFunctionTestRunner.Root_meta_relational_dbTestRunner_runDynaFunctionDatabaseTest_DynaFunction_1__Literal_$1_MANY$__DbTestConfig_1__Boolean_1_(core_relational_relational_sqlQueryToString_dbTestRunner_dynaFunctionTestRunner.java:58)
	at org.finos.legend.pure.generated.core_relational_relational_sqlQueryToString_testSuite_dynaFunctions_numeric.Root_meta_relational_tests_dbSpecificTests_sqlQueryTests_dynaFunctions_ceiling_testInt_DbTestConfig_1__Boolean_1_(core_relational_relational_sqlQueryToString_testSuite_dynaFunctions_numeric.java:253)
	at java.base/jdk.internal.reflect.NativeMethodAccessorImpl.invoke0(Native Method)
	at java.base/jdk.internal.reflect.NativeMethodAccessorImpl.invoke(NativeMethodAccessorImpl.java:62)
	at java.base/jdk.internal.reflect.DelegatingMethodAccessorImpl.invoke(DelegatingMethodAccessorImpl.java:43)
	at java.base/java.lang.reflect.Method.invoke(Method.java:566)
	at org.finos.legend.pure.runtime.java.compiled.testHelper.PureTestBuilderCompiled.executeFn(PureTestBuilderCompiled.java:113)
	at org.finos.legend.pure.runtime.java.compiled.testHelper.PureTestBuilderCompiled.lambda$buildSuite$0(PureTestBuilderCompiled.java:79)
	at org.finos.legend.pure.m3.execution.test.PureTestBuilder$PureTestCase.runTest(PureTestBuilder.java:95)
	at junit.framework.TestCase.runBare(TestCase.java:142)
	at org.finos.legend.engine.server.test.shared.Relational_DbSpecific_UsingPureClientTestSuite$2.runTest(Relational_DbSpecific_UsingPureClientTestSuite.java:90)
	at junit.framework.TestCase.runBare(TestCase.java:142)
	at junit.framework.TestResult$1.protect(TestResult.java:122)
	at junit.framework.TestResult.runProtected(TestResult.java:142)
	at junit.framework.TestResult.run(TestResult.java:125)
	at junit.framework.TestCase.run(TestCase.java:130)
	at junit.framework.TestSuite.runTest(TestSuite.java:241)
	at junit.framework.TestSuite.run(TestSuite.java:236)
	at junit.framework.TestSuite.runTest(TestSuite.java:241)
	at junit.framework.TestSuite.run(TestSuite.java:236)
	at junit.framework.TestSuite.runTest(TestSuite.java:241)
	at junit.framework.TestSuite.run(TestSuite.java:236)
	at junit.framework.TestSuite.runTest(TestSuite.java:241)
	at junit.framework.TestSuite.run(TestSuite.java:236)
	at junit.framework.TestSuite.runTest(TestSuite.java:241)
	at junit.framework.TestSuite.run(TestSuite.java:236)
	at junit.extensions.TestDecorator.basicRun(TestDecorator.java:24)
	at junit.extensions.TestSetup$1.protect(TestSetup.java:23)
	at junit.framework.TestResult.runProtected(TestResult.java:142)
	at junit.extensions.TestSetup.run(TestSetup.java:27)
	at org.junit.internal.runners.JUnit38ClassRunner.run(JUnit38ClassRunner.java:90)
	at org.apache.maven.surefire.junit4.JUnit4Provider.execute(JUnit4Provider.java:365)
	at org.apache.maven.surefire.junit4.JUnit4Provider.executeWithRerun(JUnit4Provider.java:273)
	at org.apache.maven.surefire.junit4.JUnit4Provider.executeTestSet(JUnit4Provider.java:238)
	at org.apache.maven.surefire.junit4.JUnit4Provider.invoke(JUnit4Provider.java:159)
	at org.apache.maven.surefire.booter.ForkedBooter.invokeProviderInSameClassLoader(ForkedBooter.java:384)
	at org.apache.maven.surefire.booter.ForkedBooter.runSuitesInProcess(ForkedBooter.java:345)
	at org.apache.maven.surefire.booter.ForkedBooter.execute(ForkedBooter.java:126)
	at org.apache.maven.surefire.booter.ForkedBooter.main(ForkedBooter.java:418)
]]></error>
    <system-out><![CDATA[Running db test dynaFunctions::ceiling::testInt
{"duration":0.0,"eventType":"EXECUTION_PLAN_EXEC_ERROR","info":{"code":-1,"message":"SnowflakeSQLException: SQL compilation error:\nUnknown function CEILING","status":"error","trace":"java.lang.RuntimeException: net.snowflake.client.jdbc.SnowflakeSQLException: SQL compilation error:\nUnknown function CEILING\n\tat org.finos.legend.engine.plan.execution.stores.relational.result.SQLExecutionResult.<init>(SQLExecutionResult.java:123)\n\tat org.finos.legend.engine.plan.execution.stores.relational.RelationalExecutor.execute(RelationalExecutor.java:241)\n\tat org.finos.legend.engine.plan.execution.stores.relational.plugin.RelationalExecutionNodeExecutor.visit(RelationalExecutionNodeExecutor.java:238)\n\tat org.finos.legend.engine.plan.execution.stores.relational.plugin.RelationalExecutionNodeExecutor.visit(RelationalExecutionNodeExecutor.java:346)\n\tat org.finos.legend.engine.plan.execution.stores.relational.plugin.RelationalExecutionNodeExecutor.visit(RelationalExecutionNodeExecutor.java:92)\n\tat org.finos.legend.engine.protocol.pure.v1.model.executionPlan.nodes.RelationalDataTypeInstantiationExecutionNode.accept(RelationalDataTypeInstantiationExecutionNode.java:22)\n\tat org.finos.legend.engine.plan.execution.stores.relational.RelationalExecutionExtension.lambda$getExtraNodeExecutors$fbe53481$1(RelationalExecutionExtension.java:50)\n\tat org.finos.legend.engine.plan.execution.nodes.ExecutionNodeExecutor.lambda$visit$0(ExecutionNodeExecutor.java:164)\n\tat java.base/java.util.stream.ReferencePipeline$3$1.accept(ReferencePipeline.java:195)\n\tat java.base/java.util.Spliterators$ArraySpliterator.tryAdvance(Spliterators.java:958)\n\tat java.base/java.util.stream.ReferencePipeline.forEachWithCancel(ReferencePipeline.java:127)\n\tat java.base/java.util.stream.AbstractPipeline.copyIntoWithCancel(AbstractPipeline.java:502)\n\tat java.base/java.util.stream.AbstractPipeline.copyInto(AbstractPipeline.java:488)\n\tat java.base/java.util.stream.AbstractPipeline.wrapAndCopyInto(AbstractPipeline.java:474)\n\tat java.base/java.util.stream.FindOps$FindOp.evaluateSequential(FindOps.java:150)\n\tat java.base/java.util.stream.AbstractPipeline.evaluate(AbstractPipeline.java:234)\n\tat java.base/java.util.stream.ReferencePipeline.findFirst(ReferencePipeline.java:543)\n\tat org.finos.legend.engine.plan.execution.nodes.ExecutionNodeExecutor.visit(ExecutionNodeExecutor.java:164)\n\tat org.finos.legend.engine.plan.execution.nodes.ExecutionNodeExecutor.visit(ExecutionNodeExecutor.java:107)\n\tat org.finos.legend.engine.protocol.pure.v1.model.executionPlan.nodes.RelationalDataTypeInstantiationExecutionNode.accept(RelationalDataTypeInstantiationExecutionNode.java:22)\n\tat org.finos.legend.engine.plan.execution.PlanExecutor.execute(PlanExecutor.java:238)\n\tat org.finos.legend.engine.plan.execution.PlanExecutor.execute(PlanExecutor.java:225)\n\tat org.finos.legend.engine.plan.execution.api.ExecutePlan.doExecutePlanLegacy(ExecutePlan.java:102)\n\tat org.finos.legend.engine.plan.execution.api.ExecutePlan.doExecutePlan(ExecutePlan.java:84)\n\tat org.finos.legend.engine.plan.execution.api.ExecutePlanLegacy.executePlan(ExecutePlanLegacy.java:56)\n\tat jdk.internal.reflect.GeneratedMethodAccessor100.invoke(Unknown Source)\n\tat java.base/jdk.internal.reflect.DelegatingMethodAccessorImpl.invoke(DelegatingMethodAccessorImpl.java:43)\n\tat java.base/java.lang.reflect.Method.invoke(Method.java:566)\n\tat org.glassfish.jersey.server.model.internal.ResourceMethodInvocationHandlerFactory$1.invoke(ResourceMethodInvocationHandlerFactory.java:81)\n\tat org.glassfish.jersey.server.model.internal.AbstractJavaResourceMethodDispatcher$1.run(AbstractJavaResourceMethodDispatcher.java:144)\n\tat org.glassfish.jersey.server.model.internal.AbstractJavaResourceMethodDispatcher.invoke(AbstractJavaResourceMethodDispatcher.java:161)\n\tat org.glassfish.jersey.server.model.internal.JavaResourceMethodDispatcherProvider$ResponseOutInvoker.doDispatch(JavaResourceMethodDispatcherProvider.java:160)\n\tat org.glassfish.jersey.server.model.internal.AbstractJavaResourceMethodDispatcher.dispatch(AbstractJavaResourceMethodDispatcher.java:99)\n\tat org.glassfish.jersey.server.model.ResourceMethodInvoker.invoke(ResourceMethodInvoker.java:389)\n\tat org.glassfish.jersey.server.model.ResourceMethodInvoker.apply(ResourceMethodInvoker.java:347)\n\tat org.glassfish.jersey.server.model.ResourceMethodInvoker.apply(ResourceMethodInvoker.java:102)\n\tat org.glassfish.jersey.server.ServerRuntime$2.run(ServerRuntime.java:326)\n\tat org.glassfish.jersey.internal.Errors$1.call(Errors.java:271)\n\tat org.glassfish.jersey.internal.Errors$1.call(Errors.java:267)\n\tat org.glassfish.jersey.internal.Errors.process(Errors.java:315)\n\tat org.glassfish.jersey.internal.Errors.process(Errors.java:297)\n\tat org.glassfish.jersey.internal.Errors.process(Errors.java:267)\n\tat org.glassfish.jersey.process.internal.RequestScope.runInScope(RequestScope.java:317)\n\tat org.glassfish.jersey.server.ServerRuntime.process(ServerRuntime.java:305)\n\tat org.glassfish.jersey.server.ApplicationHandler.handle(ApplicationHandler.java:1154)\n\tat org.glassfish.jersey.servlet.WebComponent.serviceImpl(WebComponent.java:473)\n\tat org.glassfish.jersey.servlet.WebComponent.service(WebComponent.java:427)\n\tat org.glassfish.jersey.servlet.ServletContainer.service(ServletContainer.java:388)\n\tat org.glassfish.jersey.servlet.ServletContainer.service(ServletContainer.java:341)\n\tat org.glassfish.jersey.servlet.ServletContainer.service(ServletContainer.java:228)\n\tat org.eclipse.jetty.servlet.ServletHolder.handle(ServletHolder.java:799)\n\tat org.eclipse.jetty.servlet.ServletHandler$ChainEnd.doFilter(ServletHandler.java:1631)\n\tat io.dropwizard.servlets.ThreadNameFilter.doFilter(ThreadNameFilter.java:35)\n\tat org.eclipse.jetty.servlet.FilterHolder.doFilter(FilterHolder.java:193)\n\tat org.eclipse.jetty.servlet.ServletHandler$Chain.doFilter(ServletHandler.java:1601)\n\tat io.dropwizard.jersey.filter.AllowedMethodsFilter.handle(AllowedMethodsFilter.java:45)\n\tat io.dropwizard.jersey.filter.AllowedMethodsFilter.doFilter(AllowedMethodsFilter.java:39)\n\tat org.eclipse.jetty.servlet.FilterHolder.doFilter(FilterHolder.java:193)\n\tat org.eclipse.jetty.servlet.ServletHandler$Chain.doFilter(ServletHandler.java:1601)\n\tat org.finos.legend.server.pac4j.internal.UsernameFilter.doFilter(UsernameFilter.java:51)\n\tat org.eclipse.jetty.servlet.FilterHolder.doFilter(FilterHolder.java:193)\n\tat org.eclipse.jetty.servlet.ServletHandler$Chain.doFilter(ServletHandler.java:1601)\n\tat org.pac4j.j2e.filter.SecurityFilter.lambda$internalFilter$0(SecurityFilter.java:95)\n\tat org.pac4j.core.engine.DefaultSecurityLogic.perform(DefaultSecurityLogic.java:140)\n\tat org.pac4j.j2e.filter.SecurityFilter.internalFilter(SecurityFilter.java:93)\n\tat org.pac4j.j2e.filter.AbstractConfigFilter.doFilter(AbstractConfigFilter.java:81)\n\tat org.eclipse.jetty.servlet.FilterHolder.doFilter(FilterHolder.java:193)\n\tat org.eclipse.jetty.servlet.ServletHandler$Chain.doFilter(ServletHandler.java:1601)\n\tat org.eclipse.jetty.servlet.ServletHandler.doHandle(ServletHandler.java:548)\n\tat org.eclipse.jetty.server.handler.ScopedHandler.nextHandle(ScopedHandler.java:233)\n\tat org.eclipse.jetty.server.session.SessionHandler.doHandle(SessionHandler.java:1624)\n\tat org.eclipse.jetty.server.handler.ScopedHandler.nextHandle(ScopedHandler.java:233)\n\tat org.eclipse.jetty.server.handler.ContextHandler.doHandle(ContextHandler.java:1434)\n\tat org.eclipse.jetty.server.handler.ScopedHandler.nextScope(ScopedHandler.java:188)\n\tat org.eclipse.jetty.servlet.ServletHandler.doScope(ServletHandler.java:501)\n\tat org.eclipse.jetty.server.session.SessionHandler.doScope(SessionHandler.java:1594)\n\tat org.eclipse.jetty.server.handler.ScopedHandler.nextScope(ScopedHandler.java:186)\n\tat org.eclipse.jetty.server.handler.ContextHandler.doScope(ContextHandler.java:1349)\n\tat org.eclipse.jetty.server.handler.ScopedHandler.handle(ScopedHandler.java:141)\n\tat org.eclipse.jetty.server.handler.HandlerWrapper.handle(HandlerWrapper.java:127)\n\tat com.codahale.metrics.jetty9.InstrumentedHandler.handle(InstrumentedHandler.java:313)\n\tat io.dropwizard.jetty.ContextRoutingHandler.handle(ContextRoutingHandler.java:37)\n\tat org.eclipse.jetty.server.handler.gzip.GzipHandler.handle(GzipHandler.java:713)\n\tat io.dropwizard.jetty.BiDiGzipHandler.handle(BiDiGzipHandler.java:67)\n\tat org.eclipse.jetty.server.handler.StatisticsHandler.handle(StatisticsHandler.java:179)\n\tat org.eclipse.jetty.server.handler.HandlerWrapper.handle(HandlerWrapper.java:127)\n\tat org.eclipse.jetty.server.Server.handle(Server.java:516)\n\tat org.eclipse.jetty.server.HttpChannel.lambda$handle$1(HttpChannel.java:400)\n\tat org.eclipse.jetty.server.HttpChannel.dispatch(HttpChannel.java:645)\n\tat org.eclipse.jetty.server.HttpChannel.handle(HttpChannel.java:392)\n\tat org.eclipse.jetty.server.HttpConnection.onFillable(HttpConnection.java:277)\n\tat org.eclipse.jetty.io.AbstractConnection$ReadCallback.succeeded(AbstractConnection.java:311)\n\tat org.eclipse.jetty.io.FillInterest.fillable(FillInterest.java:105)\n\tat org.eclipse.jetty.io.ChannelEndPoint$1.run(ChannelEndPoint.java:104)\n\tat org.eclipse.jetty.util.thread.strategy.EatWhatYouKill.runTask(EatWhatYouKill.java:338)\n\tat org.eclipse.jetty.util.thread.strategy.EatWhatYouKill.doProduce(EatWhatYouKill.java:315)\n\tat org.eclipse.jetty.util.thread.strategy.EatWhatYouKill.tryProduce(EatWhatYouKill.java:173)\n\tat org.eclipse.jetty.util.thread.strategy.EatWhatYouKill.run(EatWhatYouKill.java:131)\n\tat org.eclipse.jetty.util.thread.ReservedThreadExecutor$ReservedThread.run(ReservedThreadExecutor.java:409)\n\tat org.eclipse.jetty.util.thread.QueuedThreadPool.runJob(QueuedThreadPool.java:883)\n\tat org.eclipse.jetty.util.thread.QueuedThreadPool$Runner.run(QueuedThreadPool.java:1034)\n\tat java.base/java.lang.Thread.run(Thread.java:829)\nCaused by: net.snowflake.client.jdbc.SnowflakeSQLException: SQL compilation error:\nUnknown function CEILING\n\tat net.snowflake.client.jdbc.SnowflakeUtil.checkErrorAndThrowExceptionSub(SnowflakeUtil.java:127)\n\tat net.snowflake.client.jdbc.SnowflakeUtil.checkErrorAndThrowException(SnowflakeUtil.java:67)\n\tat net.snowflake.client.core.StmtUtil.pollForOutput(StmtUtil.java:442)\n\tat net.snowflake.client.core.StmtUtil.execute(StmtUtil.java:345)\n\tat net.snowflake.client.core.SFStatement.executeHelper(SFStatement.java:486)\n\tat net.snowflake.client.core.SFStatement.executeQueryInternal(SFStatement.java:197)\n\tat net.snowflake.client.core.SFStatement.executeQuery(SFStatement.java:134)\n\tat net.snowflake.client.core.SFStatement.execute(SFStatement.java:743)\n\tat net.snowflake.client.core.SFStatement.execute(SFStatement.java:639)\n\tat net.snowflake.client.jdbc.SnowflakeStatementV1.executeQueryInternal(SnowflakeStatementV1.java:238)\n\tat net.snowflake.client.jdbc.SnowflakeStatementV1.executeQuery(SnowflakeStatementV1.java:133)\n\tat com.zaxxer.hikari.pool.ProxyStatement.executeQuery(ProxyStatement.java:110)\n\tat com.zaxxer.hikari.pool.HikariProxyStatement.executeQuery(HikariProxyStatement.java)\n\tat org.finos.legend.engine.plan.execution.stores.relational.result.SQLExecutionResult.<init>(SQLExecutionResult.java:95)\n\t... 101 more\n"},"mode":"DEV","timeStamp":"2023-02-23 01:30:50.222","user":"_UNKNOWN_"}
| **dynaFunctions::ceiling::testInt** | failing :x: |
]]></system-out>
  </testcase>
  <testcase name="testInt[Snowflake]" classname="org.finos.legend.engine.server.test.shared.Relational_DbSpecific_UsingPureClientTestSuite$2" time="0.14"/>
  <testcase name="testInt[Snowflake]" classname="org.finos.legend.engine.server.test.shared.Relational_DbSpecific_UsingPureClientTestSuite$2" time="0.167"/>
  <testcase name="testCoalesce[Snowflake]" classname="org.finos.legend.engine.server.test.shared.Relational_DbSpecific_UsingPureClientTestSuite$2" time="0.176"/>
  <testcase name="testNoSpace[Snowflake]" classname="org.finos.legend.engine.server.test.shared.Relational_DbSpecific_UsingPureClientTestSuite$2" time="0.144"/>
  <testcase name="testNoSpace[Snowflake]" classname="org.finos.legend.engine.server.test.shared.Relational_DbSpecific_UsingPureClientTestSuite$2" time="0.154"/>
  <testcase name="testNoSpace[Snowflake]" classname="org.finos.legend.engine.server.test.shared.Relational_DbSpecific_UsingPureClientTestSuite$2" time="0.162"/>
  <testcase name="testNoSpace[Snowflake]" classname="org.finos.legend.engine.server.test.shared.Relational_DbSpecific_UsingPureClientTestSuite$2" time="0.138"/>
  <testcase name="testNoSpace[Snowflake]" classname="org.finos.legend.engine.server.test.shared.Relational_DbSpecific_UsingPureClientTestSuite$2" time="0.218"/>
  <testcase name="testNoSpace[Snowflake]" classname="org.finos.legend.engine.server.test.shared.Relational_DbSpecific_UsingPureClientTestSuite$2" time="0.125"/>
  <testcase name="testNoSpace[Snowflake]" classname="org.finos.legend.engine.server.test.shared.Relational_DbSpecific_UsingPureClientTestSuite$2" time="0.143"/>
  <testcase name="testNoSpace[Snowflake]" classname="org.finos.legend.engine.server.test.shared.Relational_DbSpecific_UsingPureClientTestSuite$2" time="0.114"/>
  <testcase name="testSpaceBeforeSecondString[Snowflake]" classname="org.finos.legend.engine.server.test.shared.Relational_DbSpecific_UsingPureClientTestSuite$2" time="0.148"/>
  <testcase name="testSpaceFalse[Snowflake]" classname="org.finos.legend.engine.server.test.shared.Relational_DbSpecific_UsingPureClientTestSuite$2" time="0.126"/>
  <testcase name="testSpace[Snowflake]" classname="org.finos.legend.engine.server.test.shared.Relational_DbSpecific_UsingPureClientTestSuite$2" time="0.149"/>
  <testcase name="testSpace[Snowflake]" classname="org.finos.legend.engine.server.test.shared.Relational_DbSpecific_UsingPureClientTestSuite$2" time="0.167"/>
  <testcase name="testSpace[Snowflake]" classname="org.finos.legend.engine.server.test.shared.Relational_DbSpecific_UsingPureClientTestSuite$2" time="0.145"/>
  <testcase name="testSpace[Snowflake]" classname="org.finos.legend.engine.server.test.shared.Relational_DbSpecific_UsingPureClientTestSuite$2" time="0.222"/>
  <testcase name="testDaysDiff[Snowflake]" classname="org.finos.legend.engine.server.test.shared.Relational_DbSpecific_UsingPureClientTestSuite$2" time="0.153"/>
  <testcase name="testHoursDiff[Snowflake]" classname="org.finos.legend.engine.server.test.shared.Relational_DbSpecific_UsingPureClientTestSuite$2" time="0.146"/>
  <testcase name="testMilliSecondsDiff[Snowflake]" classname="org.finos.legend.engine.server.test.shared.Relational_DbSpecific_UsingPureClientTestSuite$2" time="0.166">
    <error message="Assert failure at (resource:/platform/pure/basics/tests/assertEq.pure line:34 column:5), &quot;500 &apos;{&quot;code&quot;:-1,&quot;message&quot;:&quot;SnowflakeSQLException: SQL compilation error:&#10;syntax error line 1 at position 16 unexpected &apos;,&apos;.&#10;syntax error line 1 at position 15 unexpected &apos;(&apos;.&quot;,&quot;status&quot;:&quot;error&quot;,&quot;trace&quot;:&quot;java.lang.RuntimeException: net.snowflake.client.jdbc.SnowflakeSQLException: SQL compilation error:&#10;syntax error line 1 at position 16 unexpected &apos;,&apos;.&#10;syntax error line 1 at position 15 unexpected &apos;(&apos;.&#10;at org.finos.legend.engine.plan.execution.stores.relational.result.SQLExecutionResult.&lt;init&gt;(SQLExecutionResult.java:123)&#10;at org.finos.legend.engine.plan.execution.stores.relational.RelationalExecutor.execute(RelationalExecutor.java:241)&#10;at org.finos.legend.engine.plan.execution.stores.relational.plugin.RelationalExecutionNodeExecutor.visit(RelationalExecutionNodeExecutor.java:238)&#10;at org.finos.legend.engine.plan.execution.stores.relational.plugin.RelationalExecutionNodeExecutor.visit(RelationalExecutionNodeExecutor.java:346)&#10;at org.finos.legend.engine.plan.execution.stores.relational.plugin.RelationalExecutionNodeExecutor.visit(RelationalExecutionNodeExecutor.java:92)&#10;at org.finos.legend.engine.protocol.pure.v1.model.executionPlan.nodes.RelationalDataTypeInstantiationExecutionNode.accept(RelationalDataTypeInstantiationExecutionNode.java:22)&#10;at org.finos.legend.engine.plan.execution.stores.relational.RelationalExecutionExtension.lambda$getExtraNodeExecutors$fbe53481$1(RelationalExecutionExtension.java:50)&#10;at org.finos.legend.engine.plan.execution.nodes.ExecutionNodeExecutor.lambda$visit$0(ExecutionNodeExecutor.java:164)&#10;at java.base/java.util.stream.ReferencePipeline$3$1.accept(ReferencePipeline.java:195)&#10;at java.base/java.util.Spliterators$ArraySpliterator.tryAdvance(Spliterators.java:958)&#10;at java.base/java.util.stream.ReferencePipeline.forEachWithCancel(ReferencePipeline.java:127)&#10;at java.base/java.util.stream.AbstractPipeline.copyIntoWithCancel(AbstractPipeline.java:502)&#10;at java.base/java.util.stream.AbstractPipeline.copyInto(AbstractPipeline.java:488)&#10;at java.base/java.util.stream.AbstractPipeline.wrapAndCopyInto(AbstractPipeline.java:474)&#10;at java.base/java.util.stream.FindOps$FindOp.evaluateSequential(FindOps.java:150)&#10;at java.base/java.util.stream.AbstractPipeline.evaluate(AbstractPipeline.java:234)&#10;at java.base/java.util.stream.ReferencePipeline.findFirst(ReferencePipeline.java:543)&#10;at org.finos.legend.engine.plan.execution.nodes.ExecutionNodeExecutor.visit(ExecutionNodeExecutor.java:164)&#10;at org.finos.legend.engine.plan.execution.nodes.ExecutionNodeExecutor.visit(ExecutionNodeExecutor.java:107)&#10;at org.finos.legend.engine.protocol.pure.v1.model.executionPlan.nodes.RelationalDataTypeInstantiationExecutionNode.accept(RelationalDataTypeInstantiationExecutionNode.java:22)&#10;at org.finos.legend.engine.plan.execution.PlanExecutor.execute(PlanExecutor.java:238)&#10;at org.finos.legend.engine.plan.execution.PlanExecutor.execute(PlanExecutor.java:225)&#10;at org.finos.legend.engine.plan.execution.api.ExecutePlan.doExecutePlanLegacy(ExecutePlan.java:102)&#10;at org.finos.legend.engine.plan.execution.api.ExecutePlan.doExecutePlan(ExecutePlan.java:84)&#10;at org.finos.legend.engine.plan.execution.api.ExecutePlanLegacy.executePlan(ExecutePlanLegacy.java:56)&#10;at jdk.internal.reflect.GeneratedMethodAccessor100.invoke(Unknown Source)&#10;at java.base/jdk.internal.reflect.DelegatingMethodAccessorImpl.invoke(DelegatingMethodAccessorImpl.java:43)&#10;at java.base/java.lang.reflect.Method.invoke(Method.java:566)&#10;at org.glassfish.jersey.server.model.internal.ResourceMethodInvocationHandlerFactory$1.invoke(ResourceMethodInvocationHandlerFactory.java:81)&#10;at org.glassfish.jersey.server.model.internal.AbstractJavaResourceMethodDispatcher$1.run(AbstractJavaResourceMethodDispatcher.java:144)&#10;at org.glassfish.jersey.server.model.internal.AbstractJavaResourceMethodDispatcher.invoke(AbstractJavaResourceMethodDispatcher.java:161)&#10;at org.glassfish.jersey.server.model.internal.JavaResourceMethodDispatcherProvider$ResponseOutInvoker.doDispatch(JavaResourceMethodDispatcherProvider.java:160)&#10;at org.glassfish.jersey.server.model.internal.AbstractJavaResourceMethodDispatcher.dispatch(AbstractJavaResourceMethodDispatcher.java:99)&#10;at org.glassfish.jersey.server.model.ResourceMethodInvoker.invoke(ResourceMethodInvoker.java:389)&#10;at org.glassfish.jersey.server.model.ResourceMethodInvoker.apply(ResourceMethodInvoker.java:347)&#10;at org.glassfish.jersey.server.model.ResourceMethodInvoker.apply(ResourceMethodInvoker.java:102)&#10;at org.glassfish.jersey.server.ServerRuntime$2.run(ServerRuntime.java:326)&#10;at org.glassfish.jersey.internal.Errors$1.call(Errors.java:271)&#10;at org.glassfish.jersey.internal.Errors$1.call(Errors.java:267)&#10;at org.glassfish.jersey.internal.Errors.process(Errors.java:315)&#10;at org.glassfish.jersey.internal.Errors.process(Errors.java:297)&#10;at org.glassfish.jersey.internal.Errors.process(Errors.java:267)&#10;at org.glassfish.jersey.process.internal.RequestScope.runInScope(RequestScope.java:317)&#10;at org.glassfish.jersey.server.ServerRuntime.process(ServerRuntime.java:305)&#10;at org.glassfish.jersey.server.ApplicationHandler.handle(ApplicationHandler.java:1154)&#10;at org.glassfish.jersey.servlet.WebComponent.serviceImpl(WebComponent.java:473)&#10;at org.glassfish.jersey.servlet.WebComponent.service(WebComponent.java:427)&#10;at org.glassfish.jersey.servlet.ServletContainer.service(ServletContainer.java:388)&#10;at org.glassfish.jersey.servlet.ServletContainer.service(ServletContainer.java:341)&#10;at org.glassfish.jersey.servlet.ServletContainer.service(ServletContainer.java:228)&#10;at org.eclipse.jetty.servlet.ServletHolder.handle(ServletHolder.java:799)&#10;at org.eclipse.jetty.servlet.ServletHandler$ChainEnd.doFilter(ServletHandler.java:1631)&#10;at io.dropwizard.servlets.ThreadNameFilter.doFilter(ThreadNameFilter.java:35)&#10;at org.eclipse.jetty.servlet.FilterHolder.doFilter(FilterHolder.java:193)&#10;at org.eclipse.jetty.servlet.ServletHandler$Chain.doFilter(ServletHandler.java:1601)&#10;at io.dropwizard.jersey.filter.AllowedMethodsFilter.handle(AllowedMethodsFilter.java:45)&#10;at io.dropwizard.jersey.filter.AllowedMethodsFilter.doFilter(AllowedMethodsFilter.java:39)&#10;at org.eclipse.jetty.servlet.FilterHolder.doFilter(FilterHolder.java:193)&#10;at org.eclipse.jetty.servlet.ServletHandler$Chain.doFilter(ServletHandler.java:1601)&#10;at org.finos.legend.server.pac4j.internal.UsernameFilter.doFilter(UsernameFilter.java:51)&#10;at org.eclipse.jetty.servlet.FilterHolder.doFilter(FilterHolder.java:193)&#10;at org.eclipse.jetty.servlet.ServletHandler$Chain.doFilter(ServletHandler.java:1601)&#10;at org.pac4j.j2e.filter.SecurityFilter.lambda$internalFilter$0(SecurityFilter.java:95)&#10;at org.pac4j.core.engine.DefaultSecurityLogic.perform(DefaultSecurityLogic.java:140)&#10;at org.pac4j.j2e.filter.SecurityFilter.internalFilter(SecurityFilter.java:93)&#10;at org.pac4j.j2e.filter.AbstractConfigFilter.doFilter(AbstractConfigFilter.java:81)&#10;at org.eclipse.jetty.servlet.FilterHolder.doFilter(FilterHolder.java:193)&#10;at org.eclipse.jetty.servlet.ServletHandler$Chain.doFilter(ServletHandler.java:1601)&#10;at org.eclipse.jetty.servlet.ServletHandler.doHandle(ServletHandler.java:548)&#10;at org.eclipse.jetty.server.handler.ScopedHandler.nextHandle(ScopedHandler.java:233)&#10;at org.eclipse.jetty.server.session.SessionHandler.doHandle(SessionHandler.java:1624)&#10;at org.eclipse.jetty.server.handler.ScopedHandler.nextHandle(ScopedHandler.java:233)&#10;at org.eclipse.jetty.server.handler.ContextHandler.doHandle(ContextHandler.java:1434)&#10;at org.eclipse.jetty.server.handler.ScopedHandler.nextScope(ScopedHandler.java:188)&#10;at org.eclipse.jetty.servlet.ServletHandler.doScope(ServletHandler.java:501)&#10;at org.eclipse.jetty.server.session.SessionHandler.doScope(SessionHandler.java:1594)&#10;at org.eclipse.jetty.server.handler.ScopedHandler.nextScope(ScopedHandler.java:186)&#10;at org.eclipse.jetty.server.handler.ContextHandler.doScope(ContextHandler.java:1349)&#10;at org.eclipse.jetty.server.handler.ScopedHandler.handle(ScopedHandler.java:141)&#10;at org.eclipse.jetty.server.handler.HandlerWrapper.handle(HandlerWrapper.java:127)&#10;at com.codahale.metrics.jetty9.InstrumentedHandler.handle(InstrumentedHandler.java:313)&#10;at io.dropwizard.jetty.ContextRoutingHandler.handle(ContextRoutingHandler.java:37)&#10;at org.eclipse.jetty.server.handler.gzip.GzipHandler.handle(GzipHandler.java:713)&#10;at io.dropwizard.jetty.BiDiGzipHandler.handle(BiDiGzipHandler.java:67)&#10;at org.eclipse.jetty.server.handler.StatisticsHandler.handle(StatisticsHandler.java:179)&#10;at org.eclipse.jetty.server.handler.HandlerWrapper.handle(HandlerWrapper.java:127)&#10;at org.eclipse.jetty.server.Server.handle(Server.java:516)&#10;at org.eclipse.jetty.server.HttpChannel.lambda$handle$1(HttpChannel.java:400)&#10;at org.eclipse.jetty.server.HttpChannel.dispatch(HttpChannel.java:645)&#10;at org.eclipse.jetty.server.HttpChannel.handle(HttpChannel.java:392)&#10;at org.eclipse.jetty.server.HttpConnection.onFillable(HttpConnection.java:277)&#10;at org.eclipse.jetty.io.AbstractConnection$ReadCallback.succeeded(AbstractConnection.java:311)&#10;at org.eclipse.jetty.io.FillInterest.fillable(FillInterest.java:105)&#10;at org.eclipse.jetty.io.ChannelEndPoint$1.run(ChannelEndPoint.java:104)&#10;at org.eclipse.jetty.util.thread.strategy.EatWhatYouKill.runTask(EatWhatYouKill.java:338)&#10;at org.eclipse.jetty.util.thread.strategy.EatWhatYouKill.doProduce(EatWhatYouKill.java:315)&#10;at org.eclipse.jetty.util.thread.strategy.EatWhatYouKill.tryProduce(EatWhatYouKill.java:173)&#10;at org.eclipse.jetty.util.thread.strategy.EatWhatYouKill.run(EatWhatYouKill.java:131)&#10;at org.eclipse.jetty.util.thread.ReservedThreadExecutor$ReservedThread.run(ReservedThreadExecutor.java:409)&#10;at org.eclipse.jetty.util.thread.QueuedThreadPool.runJob(QueuedThreadPool.java:883)&#10;at org.eclipse.jetty.util.thread.QueuedThreadPool$Runner.run(QueuedThreadPool.java:1034)&#10;at java.base/java.lang.Thread.run(Thread.java:829)&#10;Caused by: net.snowflake.client.jdbc.SnowflakeSQLException: SQL compilation error:&#10;syntax error line 1 at position 16 unexpected &apos;,&apos;.&#10;syntax error line 1 at position 15 unexpected &apos;(&apos;.&#10;at net.snowflake.client.jdbc.SnowflakeUtil.checkErrorAndThrowExceptionSub(SnowflakeUtil.java:127)&#10;at net.snowflake.client.jdbc.SnowflakeUtil.checkErrorAndThrowException(SnowflakeUtil.java:67)&#10;at net.snowflake.client.core.StmtUtil.pollForOutput(StmtUtil.java:442)&#10;at net.snowflake.client.core.StmtUtil.execute(StmtUtil.java:345)&#10;at net.snowflake.client.core.SFStatement.executeHelper(SFStatement.java:486)&#10;at net.snowflake.client.core.SFStatement.executeQueryInternal(SFStatement.java:197)&#10;at net.snowflake.client.core.SFStatement.executeQuery(SFStatement.java:134)&#10;at net.snowflake.client.core.SFStatement.execute(SFStatement.java:743)&#10;at net.snowflake.client.core.SFStatement.execute(SFStatement.java:639)&#10;at net.snowflake.client.jdbc.SnowflakeStatementV1.executeQueryInternal(SnowflakeStatementV1.java:238)&#10;at net.snowflake.client.jdbc.SnowflakeStatementV1.executeQuery(SnowflakeStatementV1.java:133)&#10;at com.zaxxer.hikari.pool.ProxyStatement.executeQuery(ProxyStatement.java:110)&#10;at com.zaxxer.hikari.pool.HikariProxyStatement.executeQuery(HikariProxyStatement.java)&#10;at org.finos.legend.engine.plan.execution.stores.relational.result.SQLExecutionResult.&lt;init&gt;(SQLExecutionResult.java:95)&#10;... 101 more&#10;&quot;}&apos;&quot;" type="Assert failure at (resource"><![CDATA[Assert failure at (resource:/platform/pure/basics/tests/assertEq.pure line:34 column:5), "500 '{"code":-1,"message":"SnowflakeSQLException: SQL compilation error:
syntax error line 1 at position 16 unexpected ','.
syntax error line 1 at position 15 unexpected '('.","status":"error","trace":"java.lang.RuntimeException: net.snowflake.client.jdbc.SnowflakeSQLException: SQL compilation error:
syntax error line 1 at position 16 unexpected ','.
syntax error line 1 at position 15 unexpected '('.
at org.finos.legend.engine.plan.execution.stores.relational.result.SQLExecutionResult.<init>(SQLExecutionResult.java:123)
at org.finos.legend.engine.plan.execution.stores.relational.RelationalExecutor.execute(RelationalExecutor.java:241)
at org.finos.legend.engine.plan.execution.stores.relational.plugin.RelationalExecutionNodeExecutor.visit(RelationalExecutionNodeExecutor.java:238)
at org.finos.legend.engine.plan.execution.stores.relational.plugin.RelationalExecutionNodeExecutor.visit(RelationalExecutionNodeExecutor.java:346)
at org.finos.legend.engine.plan.execution.stores.relational.plugin.RelationalExecutionNodeExecutor.visit(RelationalExecutionNodeExecutor.java:92)
at org.finos.legend.engine.protocol.pure.v1.model.executionPlan.nodes.RelationalDataTypeInstantiationExecutionNode.accept(RelationalDataTypeInstantiationExecutionNode.java:22)
at org.finos.legend.engine.plan.execution.stores.relational.RelationalExecutionExtension.lambda$getExtraNodeExecutors$fbe53481$1(RelationalExecutionExtension.java:50)
at org.finos.legend.engine.plan.execution.nodes.ExecutionNodeExecutor.lambda$visit$0(ExecutionNodeExecutor.java:164)
at java.base/java.util.stream.ReferencePipeline$3$1.accept(ReferencePipeline.java:195)
at java.base/java.util.Spliterators$ArraySpliterator.tryAdvance(Spliterators.java:958)
at java.base/java.util.stream.ReferencePipeline.forEachWithCancel(ReferencePipeline.java:127)
at java.base/java.util.stream.AbstractPipeline.copyIntoWithCancel(AbstractPipeline.java:502)
at java.base/java.util.stream.AbstractPipeline.copyInto(AbstractPipeline.java:488)
at java.base/java.util.stream.AbstractPipeline.wrapAndCopyInto(AbstractPipeline.java:474)
at java.base/java.util.stream.FindOps$FindOp.evaluateSequential(FindOps.java:150)
at java.base/java.util.stream.AbstractPipeline.evaluate(AbstractPipeline.java:234)
at java.base/java.util.stream.ReferencePipeline.findFirst(ReferencePipeline.java:543)
at org.finos.legend.engine.plan.execution.nodes.ExecutionNodeExecutor.visit(ExecutionNodeExecutor.java:164)
at org.finos.legend.engine.plan.execution.nodes.ExecutionNodeExecutor.visit(ExecutionNodeExecutor.java:107)
at org.finos.legend.engine.protocol.pure.v1.model.executionPlan.nodes.RelationalDataTypeInstantiationExecutionNode.accept(RelationalDataTypeInstantiationExecutionNode.java:22)
at org.finos.legend.engine.plan.execution.PlanExecutor.execute(PlanExecutor.java:238)
at org.finos.legend.engine.plan.execution.PlanExecutor.execute(PlanExecutor.java:225)
at org.finos.legend.engine.plan.execution.api.ExecutePlan.doExecutePlanLegacy(ExecutePlan.java:102)
at org.finos.legend.engine.plan.execution.api.ExecutePlan.doExecutePlan(ExecutePlan.java:84)
at org.finos.legend.engine.plan.execution.api.ExecutePlanLegacy.executePlan(ExecutePlanLegacy.java:56)
at jdk.internal.reflect.GeneratedMethodAccessor100.invoke(Unknown Source)
at java.base/jdk.internal.reflect.DelegatingMethodAccessorImpl.invoke(DelegatingMethodAccessorImpl.java:43)
at java.base/java.lang.reflect.Method.invoke(Method.java:566)
at org.glassfish.jersey.server.model.internal.ResourceMethodInvocationHandlerFactory$1.invoke(ResourceMethodInvocationHandlerFactory.java:81)
at org.glassfish.jersey.server.model.internal.AbstractJavaResourceMethodDispatcher$1.run(AbstractJavaResourceMethodDispatcher.java:144)
at org.glassfish.jersey.server.model.internal.AbstractJavaResourceMethodDispatcher.invoke(AbstractJavaResourceMethodDispatcher.java:161)
at org.glassfish.jersey.server.model.internal.JavaResourceMethodDispatcherProvider$ResponseOutInvoker.doDispatch(JavaResourceMethodDispatcherProvider.java:160)
at org.glassfish.jersey.server.model.internal.AbstractJavaResourceMethodDispatcher.dispatch(AbstractJavaResourceMethodDispatcher.java:99)
at org.glassfish.jersey.server.model.ResourceMethodInvoker.invoke(ResourceMethodInvoker.java:389)
at org.glassfish.jersey.server.model.ResourceMethodInvoker.apply(ResourceMethodInvoker.java:347)
at org.glassfish.jersey.server.model.ResourceMethodInvoker.apply(ResourceMethodInvoker.java:102)
at org.glassfish.jersey.server.ServerRuntime$2.run(ServerRuntime.java:326)
at org.glassfish.jersey.internal.Errors$1.call(Errors.java:271)
at org.glassfish.jersey.internal.Errors$1.call(Errors.java:267)
at org.glassfish.jersey.internal.Errors.process(Errors.java:315)
at org.glassfish.jersey.internal.Errors.process(Errors.java:297)
at org.glassfish.jersey.internal.Errors.process(Errors.java:267)
at org.glassfish.jersey.process.internal.RequestScope.runInScope(RequestScope.java:317)
at org.glassfish.jersey.server.ServerRuntime.process(ServerRuntime.java:305)
at org.glassfish.jersey.server.ApplicationHandler.handle(ApplicationHandler.java:1154)
at org.glassfish.jersey.servlet.WebComponent.serviceImpl(WebComponent.java:473)
at org.glassfish.jersey.servlet.WebComponent.service(WebComponent.java:427)
at org.glassfish.jersey.servlet.ServletContainer.service(ServletContainer.java:388)
at org.glassfish.jersey.servlet.ServletContainer.service(ServletContainer.java:341)
at org.glassfish.jersey.servlet.ServletContainer.service(ServletContainer.java:228)
at org.eclipse.jetty.servlet.ServletHolder.handle(ServletHolder.java:799)
at org.eclipse.jetty.servlet.ServletHandler$ChainEnd.doFilter(ServletHandler.java:1631)
at io.dropwizard.servlets.ThreadNameFilter.doFilter(ThreadNameFilter.java:35)
at org.eclipse.jetty.servlet.FilterHolder.doFilter(FilterHolder.java:193)
at org.eclipse.jetty.servlet.ServletHandler$Chain.doFilter(ServletHandler.java:1601)
at io.dropwizard.jersey.filter.AllowedMethodsFilter.handle(AllowedMethodsFilter.java:45)
at io.dropwizard.jersey.filter.AllowedMethodsFilter.doFilter(AllowedMethodsFilter.java:39)
at org.eclipse.jetty.servlet.FilterHolder.doFilter(FilterHolder.java:193)
at org.eclipse.jetty.servlet.ServletHandler$Chain.doFilter(ServletHandler.java:1601)
at org.finos.legend.server.pac4j.internal.UsernameFilter.doFilter(UsernameFilter.java:51)
at org.eclipse.jetty.servlet.FilterHolder.doFilter(FilterHolder.java:193)
at org.eclipse.jetty.servlet.ServletHandler$Chain.doFilter(ServletHandler.java:1601)
at org.pac4j.j2e.filter.SecurityFilter.lambda$internalFilter$0(SecurityFilter.java:95)
at org.pac4j.core.engine.DefaultSecurityLogic.perform(DefaultSecurityLogic.java:140)
at org.pac4j.j2e.filter.SecurityFilter.internalFilter(SecurityFilter.java:93)
at org.pac4j.j2e.filter.AbstractConfigFilter.doFilter(AbstractConfigFilter.java:81)
at org.eclipse.jetty.servlet.FilterHolder.doFilter(FilterHolder.java:193)
at org.eclipse.jetty.servlet.ServletHandler$Chain.doFilter(ServletHandler.java:1601)
at org.eclipse.jetty.servlet.ServletHandler.doHandle(ServletHandler.java:548)
at org.eclipse.jetty.server.handler.ScopedHandler.nextHandle(ScopedHandler.java:233)
at org.eclipse.jetty.server.session.SessionHandler.doHandle(SessionHandler.java:1624)
at org.eclipse.jetty.server.handler.ScopedHandler.nextHandle(ScopedHandler.java:233)
at org.eclipse.jetty.server.handler.ContextHandler.doHandle(ContextHandler.java:1434)
at org.eclipse.jetty.server.handler.ScopedHandler.nextScope(ScopedHandler.java:188)
at org.eclipse.jetty.servlet.ServletHandler.doScope(ServletHandler.java:501)
at org.eclipse.jetty.server.session.SessionHandler.doScope(SessionHandler.java:1594)
at org.eclipse.jetty.server.handler.ScopedHandler.nextScope(ScopedHandler.java:186)
at org.eclipse.jetty.server.handler.ContextHandler.doScope(ContextHandler.java:1349)
at org.eclipse.jetty.server.handler.ScopedHandler.handle(ScopedHandler.java:141)
at org.eclipse.jetty.server.handler.HandlerWrapper.handle(HandlerWrapper.java:127)
at com.codahale.metrics.jetty9.InstrumentedHandler.handle(InstrumentedHandler.java:313)
at io.dropwizard.jetty.ContextRoutingHandler.handle(ContextRoutingHandler.java:37)
at org.eclipse.jetty.server.handler.gzip.GzipHandler.handle(GzipHandler.java:713)
at io.dropwizard.jetty.BiDiGzipHandler.handle(BiDiGzipHandler.java:67)
at org.eclipse.jetty.server.handler.StatisticsHandler.handle(StatisticsHandler.java:179)
at org.eclipse.jetty.server.handler.HandlerWrapper.handle(HandlerWrapper.java:127)
at org.eclipse.jetty.server.Server.handle(Server.java:516)
at org.eclipse.jetty.server.HttpChannel.lambda$handle$1(HttpChannel.java:400)
at org.eclipse.jetty.server.HttpChannel.dispatch(HttpChannel.java:645)
at org.eclipse.jetty.server.HttpChannel.handle(HttpChannel.java:392)
at org.eclipse.jetty.server.HttpConnection.onFillable(HttpConnection.java:277)
at org.eclipse.jetty.io.AbstractConnection$ReadCallback.succeeded(AbstractConnection.java:311)
at org.eclipse.jetty.io.FillInterest.fillable(FillInterest.java:105)
at org.eclipse.jetty.io.ChannelEndPoint$1.run(ChannelEndPoint.java:104)
at org.eclipse.jetty.util.thread.strategy.EatWhatYouKill.runTask(EatWhatYouKill.java:338)
at org.eclipse.jetty.util.thread.strategy.EatWhatYouKill.doProduce(EatWhatYouKill.java:315)
at org.eclipse.jetty.util.thread.strategy.EatWhatYouKill.tryProduce(EatWhatYouKill.java:173)
at org.eclipse.jetty.util.thread.strategy.EatWhatYouKill.run(EatWhatYouKill.java:131)
at org.eclipse.jetty.util.thread.ReservedThreadExecutor$ReservedThread.run(ReservedThreadExecutor.java:409)
at org.eclipse.jetty.util.thread.QueuedThreadPool.runJob(QueuedThreadPool.java:883)
at org.eclipse.jetty.util.thread.QueuedThreadPool$Runner.run(QueuedThreadPool.java:1034)
at java.base/java.lang.Thread.run(Thread.java:829)
Caused by: net.snowflake.client.jdbc.SnowflakeSQLException: SQL compilation error:
syntax error line 1 at position 16 unexpected ','.
syntax error line 1 at position 15 unexpected '('.
at net.snowflake.client.jdbc.SnowflakeUtil.checkErrorAndThrowExceptionSub(SnowflakeUtil.java:127)
at net.snowflake.client.jdbc.SnowflakeUtil.checkErrorAndThrowException(SnowflakeUtil.java:67)
at net.snowflake.client.core.StmtUtil.pollForOutput(StmtUtil.java:442)
at net.snowflake.client.core.StmtUtil.execute(StmtUtil.java:345)
at net.snowflake.client.core.SFStatement.executeHelper(SFStatement.java:486)
at net.snowflake.client.core.SFStatement.executeQueryInternal(SFStatement.java:197)
at net.snowflake.client.core.SFStatement.executeQuery(SFStatement.java:134)
at net.snowflake.client.core.SFStatement.execute(SFStatement.java:743)
at net.snowflake.client.core.SFStatement.execute(SFStatement.java:639)
at net.snowflake.client.jdbc.SnowflakeStatementV1.executeQueryInternal(SnowflakeStatementV1.java:238)
at net.snowflake.client.jdbc.SnowflakeStatementV1.executeQuery(SnowflakeStatementV1.java:133)
at com.zaxxer.hikari.pool.ProxyStatement.executeQuery(ProxyStatement.java:110)
at com.zaxxer.hikari.pool.HikariProxyStatement.executeQuery(HikariProxyStatement.java)
at org.finos.legend.engine.plan.execution.stores.relational.result.SQLExecutionResult.<init>(SQLExecutionResult.java:95)
... 101 more
"}'"
	at org.finos.legend.pure.runtime.java.compiled.generation.processors.support.CompiledSupport.pureAssert(CompiledSupport.java:1994)
	at org.finos.legend.pure.generated.platform_pure_basics_tests_assertEq.Root_meta_pure_functions_asserts_assertEq_Any_1__Any_1__Function_1__Boolean_1_(platform_pure_basics_tests_assertEq.java:44)
	at org.finos.legend.pure.generated.core_pure_protocol_vX_X_X_invocations_execution.Root_meta_protocols_pure_vX_X_X_invocation_execution_execute_executePlan_String_1__String_1__Integer_1__String_1_(core_pure_protocol_vX_X_X_invocations_execution.java:751)
	at org.finos.legend.pure.generated.core_pure_protocol_vX_X_X_invocations_execution.Root_meta_protocols_pure_vX_X_X_invocation_execution_execute_executePlan_ExecutionPlan_1__String_1__Integer_1__Extension_MANY__String_1_(core_pure_protocol_vX_X_X_invocations_execution.java:745)
	at org.finos.legend.pure.generated.core_pure_protocol_vX_X_X_invocations_execution.Root_meta_protocols_pure_vX_X_X_invocation_execution_execute_executePlan_ExecutionPlan_1__ExecutionContext_$0_1$__String_1__Integer_1__Extension_MANY__Result_1_(core_pure_protocol_vX_X_X_invocations_execution.java:738)
	at jdk.internal.reflect.GeneratedMethodAccessor96.invoke(Unknown Source)
	at java.base/jdk.internal.reflect.DelegatingMethodAccessorImpl.invoke(DelegatingMethodAccessorImpl.java:43)
	at java.base/java.lang.reflect.Method.invoke(Method.java:566)
	at org.finos.legend.pure.runtime.java.compiled.metadata.JavaMethodWithParamsSharedPureFunction.execute(JavaMethodWithParamsSharedPureFunction.java:59)
	at org.finos.legend.pure.runtime.java.compiled.generation.processors.support.Pure._evaluateToMany(Pure.java:546)
	at org.finos.legend.pure.generated.CoreGen.evaluateToMany(CoreGen.java:147)
	at org.finos.legend.pure.generated.CoreGen.evaluateToMany(CoreGen.java:134)
	at org.finos.legend.pure.generated.core_pure_router_router_entry$9$1.value(core_pure_router_router_entry.java:318)
	at org.finos.legend.pure.generated.core_pure_router_router_entry$9$1.execute(core_pure_router_router_entry.java:311)
	at org.finos.legend.pure.generated.core_pure_router_router_entry$9$1.execute(core_pure_router_router_entry.java:307)
	at org.finos.legend.pure.runtime.java.compiled.generation.processors.support.Pure.evaluate(Pure.java:485)
	at org.finos.legend.pure.runtime.java.compiled.generation.processors.support.Pure.legendTest(Pure.java:216)
	at org.finos.legend.pure.generated.CoreGen.legendTest(CoreGen.java:61)
	at org.finos.legend.pure.generated.core_pure_router_router_entry$9.valueOf(core_pure_router_router_entry.java:303)
	at org.finos.legend.pure.generated.core_pure_router_router_entry$9.execute(core_pure_router_router_entry.java:298)
	at org.finos.legend.pure.generated.core_pure_router_router_entry$9.execute(core_pure_router_router_entry.java:294)
	at org.finos.legend.pure.runtime.java.compiled.generation.processors.support.Pure.evaluate(Pure.java:485)
	at org.finos.legend.pure.runtime.java.compiled.generation.processors.support.Pure.traceSpan(Pure.java:1482)
	at org.finos.legend.pure.generated.CoreGen.traceSpan(CoreGen.java:203)
	at org.finos.legend.pure.generated.core_pure_router_router_entry.Root_meta_pure_router_executePlan_ExecutionPlan_1__ExecutionContext_1__Extension_MANY__Result_$0_1$_(core_pure_router_router_entry.java:290)
	at org.finos.legend.pure.generated.core_pure_router_router_entry.Root_meta_pure_router_executePlan_ExecutionPlan_1__Extension_MANY__Result_$0_1$_(core_pure_router_router_entry.java:285)
	at org.finos.legend.pure.generated.core_relational_relational_sqlQueryToString_dbTestRunner_testRunner$20.execute(core_relational_relational_sqlQueryToString_dbTestRunner_testRunner.java:386)
	at org.finos.legend.pure.generated.core_relational_relational_sqlQueryToString_dbTestRunner_testRunner.Root_meta_relational_dbTestRunner_runSqlQueryTest_SQLQuery_1__Literal_$1_MANY$__Pair_MANY__Function_$0_1$__DbTestConfig_1__Boolean_1_(core_relational_relational_sqlQueryToString_dbTestRunner_testRunner.java:424)
	at org.finos.legend.pure.generated.core_relational_relational_sqlQueryToString_dbTestRunner_testRunner.Root_meta_relational_dbTestRunner_runSqlQueryTest_SQLQuery_1__Literal_$1_MANY$__Function_$0_1$__DbTestConfig_1__Boolean_1_(core_relational_relational_sqlQueryToString_dbTestRunner_testRunner.java:374)
	at org.finos.legend.pure.generated.core_relational_relational_sqlQueryToString_dbTestRunner_dynaFunctionTestRunner.Root_meta_relational_dbTestRunner_runDynaFunctionDatabaseTest_DynaFunction_1__Literal_$1_MANY$__Function_$0_1$__DbTestConfig_1__Boolean_1_(core_relational_relational_sqlQueryToString_dbTestRunner_dynaFunctionTestRunner.java:64)
	at org.finos.legend.pure.generated.core_relational_relational_sqlQueryToString_dbTestRunner_dynaFunctionTestRunner.Root_meta_relational_dbTestRunner_runDynaFunctionDatabaseTest_DynaFunction_1__Literal_$1_MANY$__DbTestConfig_1__Boolean_1_(core_relational_relational_sqlQueryToString_dbTestRunner_dynaFunctionTestRunner.java:58)
	at org.finos.legend.pure.generated.core_relational_relational_sqlQueryToString_testSuite_dynaFunctions_date.Root_meta_relational_tests_dbSpecificTests_sqlQueryTests_dynaFunctions_dateDiff_testMilliSecondsDiff_DbTestConfig_1__Boolean_1_(core_relational_relational_sqlQueryToString_testSuite_dynaFunctions_date.java:221)
	at java.base/jdk.internal.reflect.NativeMethodAccessorImpl.invoke0(Native Method)
	at java.base/jdk.internal.reflect.NativeMethodAccessorImpl.invoke(NativeMethodAccessorImpl.java:62)
	at java.base/jdk.internal.reflect.DelegatingMethodAccessorImpl.invoke(DelegatingMethodAccessorImpl.java:43)
	at java.base/java.lang.reflect.Method.invoke(Method.java:566)
	at org.finos.legend.pure.runtime.java.compiled.testHelper.PureTestBuilderCompiled.executeFn(PureTestBuilderCompiled.java:113)
	at org.finos.legend.pure.runtime.java.compiled.testHelper.PureTestBuilderCompiled.lambda$buildSuite$0(PureTestBuilderCompiled.java:79)
	at org.finos.legend.pure.m3.execution.test.PureTestBuilder$PureTestCase.runTest(PureTestBuilder.java:95)
	at junit.framework.TestCase.runBare(TestCase.java:142)
	at org.finos.legend.engine.server.test.shared.Relational_DbSpecific_UsingPureClientTestSuite$2.runTest(Relational_DbSpecific_UsingPureClientTestSuite.java:90)
	at junit.framework.TestCase.runBare(TestCase.java:142)
	at junit.framework.TestResult$1.protect(TestResult.java:122)
	at junit.framework.TestResult.runProtected(TestResult.java:142)
	at junit.framework.TestResult.run(TestResult.java:125)
	at junit.framework.TestCase.run(TestCase.java:130)
	at junit.framework.TestSuite.runTest(TestSuite.java:241)
	at junit.framework.TestSuite.run(TestSuite.java:236)
	at junit.framework.TestSuite.runTest(TestSuite.java:241)
	at junit.framework.TestSuite.run(TestSuite.java:236)
	at junit.framework.TestSuite.runTest(TestSuite.java:241)
	at junit.framework.TestSuite.run(TestSuite.java:236)
	at junit.framework.TestSuite.runTest(TestSuite.java:241)
	at junit.framework.TestSuite.run(TestSuite.java:236)
	at junit.framework.TestSuite.runTest(TestSuite.java:241)
	at junit.framework.TestSuite.run(TestSuite.java:236)
	at junit.extensions.TestDecorator.basicRun(TestDecorator.java:24)
	at junit.extensions.TestSetup$1.protect(TestSetup.java:23)
	at junit.framework.TestResult.runProtected(TestResult.java:142)
	at junit.extensions.TestSetup.run(TestSetup.java:27)
	at org.junit.internal.runners.JUnit38ClassRunner.run(JUnit38ClassRunner.java:90)
	at org.apache.maven.surefire.junit4.JUnit4Provider.execute(JUnit4Provider.java:365)
	at org.apache.maven.surefire.junit4.JUnit4Provider.executeWithRerun(JUnit4Provider.java:273)
	at org.apache.maven.surefire.junit4.JUnit4Provider.executeTestSet(JUnit4Provider.java:238)
	at org.apache.maven.surefire.junit4.JUnit4Provider.invoke(JUnit4Provider.java:159)
	at org.apache.maven.surefire.booter.ForkedBooter.invokeProviderInSameClassLoader(ForkedBooter.java:384)
	at org.apache.maven.surefire.booter.ForkedBooter.runSuitesInProcess(ForkedBooter.java:345)
	at org.apache.maven.surefire.booter.ForkedBooter.execute(ForkedBooter.java:126)
	at org.apache.maven.surefire.booter.ForkedBooter.main(ForkedBooter.java:418)
]]></error>
    <system-out><![CDATA[Running db test dynaFunctions::dateDiff::testMilliSecondsDiff
{"duration":0.0,"eventType":"EXECUTION_PLAN_EXEC_ERROR","info":{"code":-1,"message":"SnowflakeSQLException: SQL compilation error:\nsyntax error line 1 at position 16 unexpected ','.\nsyntax error line 1 at position 15 unexpected '('.","status":"error","trace":"java.lang.RuntimeException: net.snowflake.client.jdbc.SnowflakeSQLException: SQL compilation error:\nsyntax error line 1 at position 16 unexpected ','.\nsyntax error line 1 at position 15 unexpected '('.\n\tat org.finos.legend.engine.plan.execution.stores.relational.result.SQLExecutionResult.<init>(SQLExecutionResult.java:123)\n\tat org.finos.legend.engine.plan.execution.stores.relational.RelationalExecutor.execute(RelationalExecutor.java:241)\n\tat org.finos.legend.engine.plan.execution.stores.relational.plugin.RelationalExecutionNodeExecutor.visit(RelationalExecutionNodeExecutor.java:238)\n\tat org.finos.legend.engine.plan.execution.stores.relational.plugin.RelationalExecutionNodeExecutor.visit(RelationalExecutionNodeExecutor.java:346)\n\tat org.finos.legend.engine.plan.execution.stores.relational.plugin.RelationalExecutionNodeExecutor.visit(RelationalExecutionNodeExecutor.java:92)\n\tat org.finos.legend.engine.protocol.pure.v1.model.executionPlan.nodes.RelationalDataTypeInstantiationExecutionNode.accept(RelationalDataTypeInstantiationExecutionNode.java:22)\n\tat org.finos.legend.engine.plan.execution.stores.relational.RelationalExecutionExtension.lambda$getExtraNodeExecutors$fbe53481$1(RelationalExecutionExtension.java:50)\n\tat org.finos.legend.engine.plan.execution.nodes.ExecutionNodeExecutor.lambda$visit$0(ExecutionNodeExecutor.java:164)\n\tat java.base/java.util.stream.ReferencePipeline$3$1.accept(ReferencePipeline.java:195)\n\tat java.base/java.util.Spliterators$ArraySpliterator.tryAdvance(Spliterators.java:958)\n\tat java.base/java.util.stream.ReferencePipeline.forEachWithCancel(ReferencePipeline.java:127)\n\tat java.base/java.util.stream.AbstractPipeline.copyIntoWithCancel(AbstractPipeline.java:502)\n\tat java.base/java.util.stream.AbstractPipeline.copyInto(AbstractPipeline.java:488)\n\tat java.base/java.util.stream.AbstractPipeline.wrapAndCopyInto(AbstractPipeline.java:474)\n\tat java.base/java.util.stream.FindOps$FindOp.evaluateSequential(FindOps.java:150)\n\tat java.base/java.util.stream.AbstractPipeline.evaluate(AbstractPipeline.java:234)\n\tat java.base/java.util.stream.ReferencePipeline.findFirst(ReferencePipeline.java:543)\n\tat org.finos.legend.engine.plan.execution.nodes.ExecutionNodeExecutor.visit(ExecutionNodeExecutor.java:164)\n\tat org.finos.legend.engine.plan.execution.nodes.ExecutionNodeExecutor.visit(ExecutionNodeExecutor.java:107)\n\tat org.finos.legend.engine.protocol.pure.v1.model.executionPlan.nodes.RelationalDataTypeInstantiationExecutionNode.accept(RelationalDataTypeInstantiationExecutionNode.java:22)\n\tat org.finos.legend.engine.plan.execution.PlanExecutor.execute(PlanExecutor.java:238)\n\tat org.finos.legend.engine.plan.execution.PlanExecutor.execute(PlanExecutor.java:225)\n\tat org.finos.legend.engine.plan.execution.api.ExecutePlan.doExecutePlanLegacy(ExecutePlan.java:102)\n\tat org.finos.legend.engine.plan.execution.api.ExecutePlan.doExecutePlan(ExecutePlan.java:84)\n\tat org.finos.legend.engine.plan.execution.api.ExecutePlanLegacy.executePlan(ExecutePlanLegacy.java:56)\n\tat jdk.internal.reflect.GeneratedMethodAccessor100.invoke(Unknown Source)\n\tat java.base/jdk.internal.reflect.DelegatingMethodAccessorImpl.invoke(DelegatingMethodAccessorImpl.java:43)\n\tat java.base/java.lang.reflect.Method.invoke(Method.java:566)\n\tat org.glassfish.jersey.server.model.internal.ResourceMethodInvocationHandlerFactory$1.invoke(ResourceMethodInvocationHandlerFactory.java:81)\n\tat org.glassfish.jersey.server.model.internal.AbstractJavaResourceMethodDispatcher$1.run(AbstractJavaResourceMethodDispatcher.java:144)\n\tat org.glassfish.jersey.server.model.internal.AbstractJavaResourceMethodDispatcher.invoke(AbstractJavaResourceMethodDispatcher.java:161)\n\tat org.glassfish.jersey.server.model.internal.JavaResourceMethodDispatcherProvider$ResponseOutInvoker.doDispatch(JavaResourceMethodDispatcherProvider.java:160)\n\tat org.glassfish.jersey.server.model.internal.AbstractJavaResourceMethodDispatcher.dispatch(AbstractJavaResourceMethodDispatcher.java:99)\n\tat org.glassfish.jersey.server.model.ResourceMethodInvoker.invoke(ResourceMethodInvoker.java:389)\n\tat org.glassfish.jersey.server.model.ResourceMethodInvoker.apply(ResourceMethodInvoker.java:347)\n\tat org.glassfish.jersey.server.model.ResourceMethodInvoker.apply(ResourceMethodInvoker.java:102)\n\tat org.glassfish.jersey.server.ServerRuntime$2.run(ServerRuntime.java:326)\n\tat org.glassfish.jersey.internal.Errors$1.call(Errors.java:271)\n\tat org.glassfish.jersey.internal.Errors$1.call(Errors.java:267)\n\tat org.glassfish.jersey.internal.Errors.process(Errors.java:315)\n\tat org.glassfish.jersey.internal.Errors.process(Errors.java:297)\n\tat org.glassfish.jersey.internal.Errors.process(Errors.java:267)\n\tat org.glassfish.jersey.process.internal.RequestScope.runInScope(RequestScope.java:317)\n\tat org.glassfish.jersey.server.ServerRuntime.process(ServerRuntime.java:305)\n\tat org.glassfish.jersey.server.ApplicationHandler.handle(ApplicationHandler.java:1154)\n\tat org.glassfish.jersey.servlet.WebComponent.serviceImpl(WebComponent.java:473)\n\tat org.glassfish.jersey.servlet.WebComponent.service(WebComponent.java:427)\n\tat org.glassfish.jersey.servlet.ServletContainer.service(ServletContainer.java:388)\n\tat org.glassfish.jersey.servlet.ServletContainer.service(ServletContainer.java:341)\n\tat org.glassfish.jersey.servlet.ServletContainer.service(ServletContainer.java:228)\n\tat org.eclipse.jetty.servlet.ServletHolder.handle(ServletHolder.java:799)\n\tat org.eclipse.jetty.servlet.ServletHandler$ChainEnd.doFilter(ServletHandler.java:1631)\n\tat io.dropwizard.servlets.ThreadNameFilter.doFilter(ThreadNameFilter.java:35)\n\tat org.eclipse.jetty.servlet.FilterHolder.doFilter(FilterHolder.java:193)\n\tat org.eclipse.jetty.servlet.ServletHandler$Chain.doFilter(ServletHandler.java:1601)\n\tat io.dropwizard.jersey.filter.AllowedMethodsFilter.handle(AllowedMethodsFilter.java:45)\n\tat io.dropwizard.jersey.filter.AllowedMethodsFilter.doFilter(AllowedMethodsFilter.java:39)\n\tat org.eclipse.jetty.servlet.FilterHolder.doFilter(FilterHolder.java:193)\n\tat org.eclipse.jetty.servlet.ServletHandler$Chain.doFilter(ServletHandler.java:1601)\n\tat org.finos.legend.server.pac4j.internal.UsernameFilter.doFilter(UsernameFilter.java:51)\n\tat org.eclipse.jetty.servlet.FilterHolder.doFilter(FilterHolder.java:193)\n\tat org.eclipse.jetty.servlet.ServletHandler$Chain.doFilter(ServletHandler.java:1601)\n\tat org.pac4j.j2e.filter.SecurityFilter.lambda$internalFilter$0(SecurityFilter.java:95)\n\tat org.pac4j.core.engine.DefaultSecurityLogic.perform(DefaultSecurityLogic.java:140)\n\tat org.pac4j.j2e.filter.SecurityFilter.internalFilter(SecurityFilter.java:93)\n\tat org.pac4j.j2e.filter.AbstractConfigFilter.doFilter(AbstractConfigFilter.java:81)\n\tat org.eclipse.jetty.servlet.FilterHolder.doFilter(FilterHolder.java:193)\n\tat org.eclipse.jetty.servlet.ServletHandler$Chain.doFilter(ServletHandler.java:1601)\n\tat org.eclipse.jetty.servlet.ServletHandler.doHandle(ServletHandler.java:548)\n\tat org.eclipse.jetty.server.handler.ScopedHandler.nextHandle(ScopedHandler.java:233)\n\tat org.eclipse.jetty.server.session.SessionHandler.doHandle(SessionHandler.java:1624)\n\tat org.eclipse.jetty.server.handler.ScopedHandler.nextHandle(ScopedHandler.java:233)\n\tat org.eclipse.jetty.server.handler.ContextHandler.doHandle(ContextHandler.java:1434)\n\tat org.eclipse.jetty.server.handler.ScopedHandler.nextScope(ScopedHandler.java:188)\n\tat org.eclipse.jetty.servlet.ServletHandler.doScope(ServletHandler.java:501)\n\tat org.eclipse.jetty.server.session.SessionHandler.doScope(SessionHandler.java:1594)\n\tat org.eclipse.jetty.server.handler.ScopedHandler.nextScope(ScopedHandler.java:186)\n\tat org.eclipse.jetty.server.handler.ContextHandler.doScope(ContextHandler.java:1349)\n\tat org.eclipse.jetty.server.handler.ScopedHandler.handle(ScopedHandler.java:141)\n\tat org.eclipse.jetty.server.handler.HandlerWrapper.handle(HandlerWrapper.java:127)\n\tat com.codahale.metrics.jetty9.InstrumentedHandler.handle(InstrumentedHandler.java:313)\n\tat io.dropwizard.jetty.ContextRoutingHandler.handle(ContextRoutingHandler.java:37)\n\tat org.eclipse.jetty.server.handler.gzip.GzipHandler.handle(GzipHandler.java:713)\n\tat io.dropwizard.jetty.BiDiGzipHandler.handle(BiDiGzipHandler.java:67)\n\tat org.eclipse.jetty.server.handler.StatisticsHandler.handle(StatisticsHandler.java:179)\n\tat org.eclipse.jetty.server.handler.HandlerWrapper.handle(HandlerWrapper.java:127)\n\tat org.eclipse.jetty.server.Server.handle(Server.java:516)\n\tat org.eclipse.jetty.server.HttpChannel.lambda$handle$1(HttpChannel.java:400)\n\tat org.eclipse.jetty.server.HttpChannel.dispatch(HttpChannel.java:645)\n\tat org.eclipse.jetty.server.HttpChannel.handle(HttpChannel.java:392)\n\tat org.eclipse.jetty.server.HttpConnection.onFillable(HttpConnection.java:277)\n\tat org.eclipse.jetty.io.AbstractConnection$ReadCallback.succeeded(AbstractConnection.java:311)\n\tat org.eclipse.jetty.io.FillInterest.fillable(FillInterest.java:105)\n\tat org.eclipse.jetty.io.ChannelEndPoint$1.run(ChannelEndPoint.java:104)\n\tat org.eclipse.jetty.util.thread.strategy.EatWhatYouKill.runTask(EatWhatYouKill.java:338)\n\tat org.eclipse.jetty.util.thread.strategy.EatWhatYouKill.doProduce(EatWhatYouKill.java:315)\n\tat org.eclipse.jetty.util.thread.strategy.EatWhatYouKill.tryProduce(EatWhatYouKill.java:173)\n\tat org.eclipse.jetty.util.thread.strategy.EatWhatYouKill.run(EatWhatYouKill.java:131)\n\tat org.eclipse.jetty.util.thread.ReservedThreadExecutor$ReservedThread.run(ReservedThreadExecutor.java:409)\n\tat org.eclipse.jetty.util.thread.QueuedThreadPool.runJob(QueuedThreadPool.java:883)\n\tat org.eclipse.jetty.util.thread.QueuedThreadPool$Runner.run(QueuedThreadPool.java:1034)\n\tat java.base/java.lang.Thread.run(Thread.java:829)\nCaused by: net.snowflake.client.jdbc.SnowflakeSQLException: SQL compilation error:\nsyntax error line 1 at position 16 unexpected ','.\nsyntax error line 1 at position 15 unexpected '('.\n\tat net.snowflake.client.jdbc.SnowflakeUtil.checkErrorAndThrowExceptionSub(SnowflakeUtil.java:127)\n\tat net.snowflake.client.jdbc.SnowflakeUtil.checkErrorAndThrowException(SnowflakeUtil.java:67)\n\tat net.snowflake.client.core.StmtUtil.pollForOutput(StmtUtil.java:442)\n\tat net.snowflake.client.core.StmtUtil.execute(StmtUtil.java:345)\n\tat net.snowflake.client.core.SFStatement.executeHelper(SFStatement.java:486)\n\tat net.snowflake.client.core.SFStatement.executeQueryInternal(SFStatement.java:197)\n\tat net.snowflake.client.core.SFStatement.executeQuery(SFStatement.java:134)\n\tat net.snowflake.client.core.SFStatement.execute(SFStatement.java:743)\n\tat net.snowflake.client.core.SFStatement.execute(SFStatement.java:639)\n\tat net.snowflake.client.jdbc.SnowflakeStatementV1.executeQueryInternal(SnowflakeStatementV1.java:238)\n\tat net.snowflake.client.jdbc.SnowflakeStatementV1.executeQuery(SnowflakeStatementV1.java:133)\n\tat com.zaxxer.hikari.pool.ProxyStatement.executeQuery(ProxyStatement.java:110)\n\tat com.zaxxer.hikari.pool.HikariProxyStatement.executeQuery(HikariProxyStatement.java)\n\tat org.finos.legend.engine.plan.execution.stores.relational.result.SQLExecutionResult.<init>(SQLExecutionResult.java:95)\n\t... 101 more\n"},"mode":"DEV","timeStamp":"2023-02-23 01:30:51.907","user":"_UNKNOWN_"}
| **dynaFunctions::dateDiff::testMilliSecondsDiff** | failing :x: |
]]></system-out>
  </testcase>
  <testcase name="testMinutesDiff[Snowflake]" classname="org.finos.legend.engine.server.test.shared.Relational_DbSpecific_UsingPureClientTestSuite$2" time="0.148"/>
  <testcase name="testMonthsDiff[Snowflake]" classname="org.finos.legend.engine.server.test.shared.Relational_DbSpecific_UsingPureClientTestSuite$2" time="0.195"/>
  <testcase name="testSecondsDiff[Snowflake]" classname="org.finos.legend.engine.server.test.shared.Relational_DbSpecific_UsingPureClientTestSuite$2" time="0.152"/>
  <testcase name="testYearsDiffNegative[Snowflake]" classname="org.finos.legend.engine.server.test.shared.Relational_DbSpecific_UsingPureClientTestSuite$2" time="0.154"/>
  <testcase name="testYearsDiffPositive[Snowflake]" classname="org.finos.legend.engine.server.test.shared.Relational_DbSpecific_UsingPureClientTestSuite$2" time="0.141"/>
  <testcase name="testYearsDiffZero[Snowflake]" classname="org.finos.legend.engine.server.test.shared.Relational_DbSpecific_UsingPureClientTestSuite$2" time="0.184"/>
  <testcase name="testDatePartWithDateTime[Snowflake]" classname="org.finos.legend.engine.server.test.shared.Relational_DbSpecific_UsingPureClientTestSuite$2" time="0.186">
    <error message="Assert failure at (resource:/platform/pure/basics/tests/assert.pure line:26 column:5), &quot;Result assert failed, expected Values : [2014-12-04T00:00:00+0000], actual Values : [2014-12-04T08:00:00.000000000+0000]&quot;" type="Assert failure at (resource">Assert failure at (resource:/platform/pure/basics/tests/assert.pure line:26 column:5), "Result assert failed, expected Values : [2014-12-04T00:00:00+0000], actual Values : [2014-12-04T08:00:00.000000000+0000]"
	at org.finos.legend.pure.runtime.java.compiled.generation.processors.support.CompiledSupport.pureAssert(CompiledSupport.java:1994)
	at org.finos.legend.pure.generated.platform_pure_basics_tests_assert.Root_meta_pure_functions_asserts_assert_Boolean_1__String_1__Boolean_1_(platform_pure_basics_tests_assert.java:74)
	at org.finos.legend.pure.generated.core_relational_relational_sqlQueryToString_dbTestRunner_testRunner$20$1.valueOf(core_relational_relational_sqlQueryToString_dbTestRunner_testRunner.java:412)
	at org.finos.legend.pure.generated.core_relational_relational_sqlQueryToString_dbTestRunner_testRunner$20$1.execute(core_relational_relational_sqlQueryToString_dbTestRunner_testRunner.java:395)
	at org.finos.legend.pure.generated.core_relational_relational_sqlQueryToString_dbTestRunner_testRunner$20$1.execute(core_relational_relational_sqlQueryToString_dbTestRunner_testRunner.java:391)
	at org.finos.legend.pure.runtime.java.compiled.generation.processors.support.Pure.evaluate(Pure.java:485)
	at org.finos.legend.pure.generated.CoreGen.evaluate(CoreGen.java:83)
	at org.finos.legend.pure.generated.core_relational_relational_sqlQueryToString_dbTestRunner_executionPlanTestRunner.Root_meta_relational_dbTestRunner_runDataAssertion_Any_$0_1$__DbTestConfig_1__Function_1__Boolean_1_(core_relational_relational_sqlQueryToString_dbTestRunner_executionPlanTestRunner.java:315)
	at org.finos.legend.pure.generated.core_relational_relational_sqlQueryToString_dbTestRunner_testRunner$20.execute(core_relational_relational_sqlQueryToString_dbTestRunner_testRunner.java:387)
	at org.finos.legend.pure.generated.core_relational_relational_sqlQueryToString_dbTestRunner_testRunner.Root_meta_relational_dbTestRunner_runSqlQueryTest_SQLQuery_1__Literal_$1_MANY$__Pair_MANY__Function_$0_1$__DbTestConfig_1__Boolean_1_(core_relational_relational_sqlQueryToString_dbTestRunner_testRunner.java:424)
	at org.finos.legend.pure.generated.core_relational_relational_sqlQueryToString_dbTestRunner_testRunner.Root_meta_relational_dbTestRunner_runSqlQueryTest_SQLQuery_1__Literal_$1_MANY$__Function_$0_1$__DbTestConfig_1__Boolean_1_(core_relational_relational_sqlQueryToString_dbTestRunner_testRunner.java:374)
	at org.finos.legend.pure.generated.core_relational_relational_sqlQueryToString_dbTestRunner_dynaFunctionTestRunner.Root_meta_relational_dbTestRunner_runDynaFunctionDatabaseTest_DynaFunction_1__Literal_$1_MANY$__Function_$0_1$__DbTestConfig_1__Boolean_1_(core_relational_relational_sqlQueryToString_dbTestRunner_dynaFunctionTestRunner.java:64)
	at org.finos.legend.pure.generated.core_relational_relational_sqlQueryToString_dbTestRunner_dynaFunctionTestRunner.Root_meta_relational_dbTestRunner_runDynaFunctionDatabaseTest_DynaFunction_1__Literal_$1_MANY$__DbTestConfig_1__Boolean_1_(core_relational_relational_sqlQueryToString_dbTestRunner_dynaFunctionTestRunner.java:58)
	at org.finos.legend.pure.generated.core_relational_relational_sqlQueryToString_testSuite_dynaFunctions_date.Root_meta_relational_tests_dbSpecificTests_sqlQueryTests_dynaFunctions_datePart_testDatePartWithDateTime_DbTestConfig_1__Boolean_1_(core_relational_relational_sqlQueryToString_testSuite_dynaFunctions_date.java:151)
	at java.base/jdk.internal.reflect.NativeMethodAccessorImpl.invoke0(Native Method)
	at java.base/jdk.internal.reflect.NativeMethodAccessorImpl.invoke(NativeMethodAccessorImpl.java:62)
	at java.base/jdk.internal.reflect.DelegatingMethodAccessorImpl.invoke(DelegatingMethodAccessorImpl.java:43)
	at java.base/java.lang.reflect.Method.invoke(Method.java:566)
	at org.finos.legend.pure.runtime.java.compiled.testHelper.PureTestBuilderCompiled.executeFn(PureTestBuilderCompiled.java:113)
	at org.finos.legend.pure.runtime.java.compiled.testHelper.PureTestBuilderCompiled.lambda$buildSuite$0(PureTestBuilderCompiled.java:79)
	at org.finos.legend.pure.m3.execution.test.PureTestBuilder$PureTestCase.runTest(PureTestBuilder.java:95)
	at junit.framework.TestCase.runBare(TestCase.java:142)
	at org.finos.legend.engine.server.test.shared.Relational_DbSpecific_UsingPureClientTestSuite$2.runTest(Relational_DbSpecific_UsingPureClientTestSuite.java:90)
	at junit.framework.TestCase.runBare(TestCase.java:142)
	at junit.framework.TestResult$1.protect(TestResult.java:122)
	at junit.framework.TestResult.runProtected(TestResult.java:142)
	at junit.framework.TestResult.run(TestResult.java:125)
	at junit.framework.TestCase.run(TestCase.java:130)
	at junit.framework.TestSuite.runTest(TestSuite.java:241)
	at junit.framework.TestSuite.run(TestSuite.java:236)
	at junit.framework.TestSuite.runTest(TestSuite.java:241)
	at junit.framework.TestSuite.run(TestSuite.java:236)
	at junit.framework.TestSuite.runTest(TestSuite.java:241)
	at junit.framework.TestSuite.run(TestSuite.java:236)
	at junit.framework.TestSuite.runTest(TestSuite.java:241)
	at junit.framework.TestSuite.run(TestSuite.java:236)
	at junit.framework.TestSuite.runTest(TestSuite.java:241)
	at junit.framework.TestSuite.run(TestSuite.java:236)
	at junit.extensions.TestDecorator.basicRun(TestDecorator.java:24)
	at junit.extensions.TestSetup$1.protect(TestSetup.java:23)
	at junit.framework.TestResult.runProtected(TestResult.java:142)
	at junit.extensions.TestSetup.run(TestSetup.java:27)
	at org.junit.internal.runners.JUnit38ClassRunner.run(JUnit38ClassRunner.java:90)
	at org.apache.maven.surefire.junit4.JUnit4Provider.execute(JUnit4Provider.java:365)
	at org.apache.maven.surefire.junit4.JUnit4Provider.executeWithRerun(JUnit4Provider.java:273)
	at org.apache.maven.surefire.junit4.JUnit4Provider.executeTestSet(JUnit4Provider.java:238)
	at org.apache.maven.surefire.junit4.JUnit4Provider.invoke(JUnit4Provider.java:159)
	at org.apache.maven.surefire.booter.ForkedBooter.invokeProviderInSameClassLoader(ForkedBooter.java:384)
	at org.apache.maven.surefire.booter.ForkedBooter.runSuitesInProcess(ForkedBooter.java:345)
	at org.apache.maven.surefire.booter.ForkedBooter.execute(ForkedBooter.java:126)
	at org.apache.maven.surefire.booter.ForkedBooter.main(ForkedBooter.java:418)
</error>
    <system-out><![CDATA[Running db test dynaFunctions::datePart::testDatePartWithDateTime
| **dynaFunctions::datePart::testDatePartWithDateTime** | failing :x: |
]]></system-out>
  </testcase>
  <testcase name="testDatePartWithStrictDate[Snowflake]" classname="org.finos.legend.engine.server.test.shared.Relational_DbSpecific_UsingPureClientTestSuite$2" time="0.135">
    <error message="Assert failure at (resource:/platform/pure/basics/tests/assert.pure line:26 column:5), &quot;Result assert failed, expected Values : [2014-12-04T00:00:00+0000], actual Values : [2014-12-04T08:00:00.000000000+0000]&quot;" type="Assert failure at (resource">Assert failure at (resource:/platform/pure/basics/tests/assert.pure line:26 column:5), "Result assert failed, expected Values : [2014-12-04T00:00:00+0000], actual Values : [2014-12-04T08:00:00.000000000+0000]"
	at org.finos.legend.pure.runtime.java.compiled.generation.processors.support.CompiledSupport.pureAssert(CompiledSupport.java:1994)
	at org.finos.legend.pure.generated.platform_pure_basics_tests_assert.Root_meta_pure_functions_asserts_assert_Boolean_1__String_1__Boolean_1_(platform_pure_basics_tests_assert.java:74)
	at org.finos.legend.pure.generated.core_relational_relational_sqlQueryToString_dbTestRunner_testRunner$20$1.valueOf(core_relational_relational_sqlQueryToString_dbTestRunner_testRunner.java:412)
	at org.finos.legend.pure.generated.core_relational_relational_sqlQueryToString_dbTestRunner_testRunner$20$1.execute(core_relational_relational_sqlQueryToString_dbTestRunner_testRunner.java:395)
	at org.finos.legend.pure.generated.core_relational_relational_sqlQueryToString_dbTestRunner_testRunner$20$1.execute(core_relational_relational_sqlQueryToString_dbTestRunner_testRunner.java:391)
	at org.finos.legend.pure.runtime.java.compiled.generation.processors.support.Pure.evaluate(Pure.java:485)
	at org.finos.legend.pure.generated.CoreGen.evaluate(CoreGen.java:83)
	at org.finos.legend.pure.generated.core_relational_relational_sqlQueryToString_dbTestRunner_executionPlanTestRunner.Root_meta_relational_dbTestRunner_runDataAssertion_Any_$0_1$__DbTestConfig_1__Function_1__Boolean_1_(core_relational_relational_sqlQueryToString_dbTestRunner_executionPlanTestRunner.java:315)
	at org.finos.legend.pure.generated.core_relational_relational_sqlQueryToString_dbTestRunner_testRunner$20.execute(core_relational_relational_sqlQueryToString_dbTestRunner_testRunner.java:387)
	at org.finos.legend.pure.generated.core_relational_relational_sqlQueryToString_dbTestRunner_testRunner.Root_meta_relational_dbTestRunner_runSqlQueryTest_SQLQuery_1__Literal_$1_MANY$__Pair_MANY__Function_$0_1$__DbTestConfig_1__Boolean_1_(core_relational_relational_sqlQueryToString_dbTestRunner_testRunner.java:424)
	at org.finos.legend.pure.generated.core_relational_relational_sqlQueryToString_dbTestRunner_testRunner.Root_meta_relational_dbTestRunner_runSqlQueryTest_SQLQuery_1__Literal_$1_MANY$__Function_$0_1$__DbTestConfig_1__Boolean_1_(core_relational_relational_sqlQueryToString_dbTestRunner_testRunner.java:374)
	at org.finos.legend.pure.generated.core_relational_relational_sqlQueryToString_dbTestRunner_dynaFunctionTestRunner.Root_meta_relational_dbTestRunner_runDynaFunctionDatabaseTest_DynaFunction_1__Literal_$1_MANY$__Function_$0_1$__DbTestConfig_1__Boolean_1_(core_relational_relational_sqlQueryToString_dbTestRunner_dynaFunctionTestRunner.java:64)
	at org.finos.legend.pure.generated.core_relational_relational_sqlQueryToString_dbTestRunner_dynaFunctionTestRunner.Root_meta_relational_dbTestRunner_runDynaFunctionDatabaseTest_DynaFunction_1__Literal_$1_MANY$__DbTestConfig_1__Boolean_1_(core_relational_relational_sqlQueryToString_dbTestRunner_dynaFunctionTestRunner.java:58)
	at org.finos.legend.pure.generated.core_relational_relational_sqlQueryToString_testSuite_dynaFunctions_date.Root_meta_relational_tests_dbSpecificTests_sqlQueryTests_dynaFunctions_datePart_testDatePartWithStrictDate_DbTestConfig_1__Boolean_1_(core_relational_relational_sqlQueryToString_testSuite_dynaFunctions_date.java:158)
	at java.base/jdk.internal.reflect.NativeMethodAccessorImpl.invoke0(Native Method)
	at java.base/jdk.internal.reflect.NativeMethodAccessorImpl.invoke(NativeMethodAccessorImpl.java:62)
	at java.base/jdk.internal.reflect.DelegatingMethodAccessorImpl.invoke(DelegatingMethodAccessorImpl.java:43)
	at java.base/java.lang.reflect.Method.invoke(Method.java:566)
	at org.finos.legend.pure.runtime.java.compiled.testHelper.PureTestBuilderCompiled.executeFn(PureTestBuilderCompiled.java:113)
	at org.finos.legend.pure.runtime.java.compiled.testHelper.PureTestBuilderCompiled.lambda$buildSuite$0(PureTestBuilderCompiled.java:79)
	at org.finos.legend.pure.m3.execution.test.PureTestBuilder$PureTestCase.runTest(PureTestBuilder.java:95)
	at junit.framework.TestCase.runBare(TestCase.java:142)
	at org.finos.legend.engine.server.test.shared.Relational_DbSpecific_UsingPureClientTestSuite$2.runTest(Relational_DbSpecific_UsingPureClientTestSuite.java:90)
	at junit.framework.TestCase.runBare(TestCase.java:142)
	at junit.framework.TestResult$1.protect(TestResult.java:122)
	at junit.framework.TestResult.runProtected(TestResult.java:142)
	at junit.framework.TestResult.run(TestResult.java:125)
	at junit.framework.TestCase.run(TestCase.java:130)
	at junit.framework.TestSuite.runTest(TestSuite.java:241)
	at junit.framework.TestSuite.run(TestSuite.java:236)
	at junit.framework.TestSuite.runTest(TestSuite.java:241)
	at junit.framework.TestSuite.run(TestSuite.java:236)
	at junit.framework.TestSuite.runTest(TestSuite.java:241)
	at junit.framework.TestSuite.run(TestSuite.java:236)
	at junit.framework.TestSuite.runTest(TestSuite.java:241)
	at junit.framework.TestSuite.run(TestSuite.java:236)
	at junit.framework.TestSuite.runTest(TestSuite.java:241)
	at junit.framework.TestSuite.run(TestSuite.java:236)
	at junit.extensions.TestDecorator.basicRun(TestDecorator.java:24)
	at junit.extensions.TestSetup$1.protect(TestSetup.java:23)
	at junit.framework.TestResult.runProtected(TestResult.java:142)
	at junit.extensions.TestSetup.run(TestSetup.java:27)
	at org.junit.internal.runners.JUnit38ClassRunner.run(JUnit38ClassRunner.java:90)
	at org.apache.maven.surefire.junit4.JUnit4Provider.execute(JUnit4Provider.java:365)
	at org.apache.maven.surefire.junit4.JUnit4Provider.executeWithRerun(JUnit4Provider.java:273)
	at org.apache.maven.surefire.junit4.JUnit4Provider.executeTestSet(JUnit4Provider.java:238)
	at org.apache.maven.surefire.junit4.JUnit4Provider.invoke(JUnit4Provider.java:159)
	at org.apache.maven.surefire.booter.ForkedBooter.invokeProviderInSameClassLoader(ForkedBooter.java:384)
	at org.apache.maven.surefire.booter.ForkedBooter.runSuitesInProcess(ForkedBooter.java:345)
	at org.apache.maven.surefire.booter.ForkedBooter.execute(ForkedBooter.java:126)
	at org.apache.maven.surefire.booter.ForkedBooter.main(ForkedBooter.java:418)
</error>
    <system-out><![CDATA[Running db test dynaFunctions::datePart::testDatePartWithStrictDate
| **dynaFunctions::datePart::testDatePartWithStrictDate** | failing :x: |
]]></system-out>
  </testcase>
  <testcase name="testDayOfMonth[Snowflake]" classname="org.finos.legend.engine.server.test.shared.Relational_DbSpecific_UsingPureClientTestSuite$2" time="0">
    <skipped message="Assert failure at (resource:/platform/pure/basics/tests/assertEq.pure line:34 column:5), &quot;[unsupported-api] The function &apos;dayOfMonth&apos; (state: [Select, false]) is not supported yet&quot;"/>
    <system-out><![CDATA[Running db test dynaFunctions::dayOfMonth::testDayOfMonth
| **dynaFunctions::dayOfMonth::testDayOfMonth** | not-implemented :eight_spoked_asterisk: |
]]></system-out>
  </testcase>
  <testcase name="testDayOfWeekNumber[Snowflake]" classname="org.finos.legend.engine.server.test.shared.Relational_DbSpecific_UsingPureClientTestSuite$2" time="0.161">
    <error message="Assert failure at (resource:/platform/pure/basics/tests/assertEq.pure line:34 column:5), &quot;500 &apos;{&quot;code&quot;:-1,&quot;message&quot;:&quot;SnowflakeSQLException: SQL compilation error:&#10;Function EXTRACT does not support VARCHAR(19) argument type&quot;,&quot;status&quot;:&quot;error&quot;,&quot;trace&quot;:&quot;java.lang.RuntimeException: net.snowflake.client.jdbc.SnowflakeSQLException: SQL compilation error:&#10;Function EXTRACT does not support VARCHAR(19) argument type&#10;at org.finos.legend.engine.plan.execution.stores.relational.result.SQLExecutionResult.&lt;init&gt;(SQLExecutionResult.java:123)&#10;at org.finos.legend.engine.plan.execution.stores.relational.RelationalExecutor.execute(RelationalExecutor.java:241)&#10;at org.finos.legend.engine.plan.execution.stores.relational.plugin.RelationalExecutionNodeExecutor.visit(RelationalExecutionNodeExecutor.java:238)&#10;at org.finos.legend.engine.plan.execution.stores.relational.plugin.RelationalExecutionNodeExecutor.visit(RelationalExecutionNodeExecutor.java:346)&#10;at org.finos.legend.engine.plan.execution.stores.relational.plugin.RelationalExecutionNodeExecutor.visit(RelationalExecutionNodeExecutor.java:92)&#10;at org.finos.legend.engine.protocol.pure.v1.model.executionPlan.nodes.RelationalDataTypeInstantiationExecutionNode.accept(RelationalDataTypeInstantiationExecutionNode.java:22)&#10;at org.finos.legend.engine.plan.execution.stores.relational.RelationalExecutionExtension.lambda$getExtraNodeExecutors$fbe53481$1(RelationalExecutionExtension.java:50)&#10;at org.finos.legend.engine.plan.execution.nodes.ExecutionNodeExecutor.lambda$visit$0(ExecutionNodeExecutor.java:164)&#10;at java.base/java.util.stream.ReferencePipeline$3$1.accept(ReferencePipeline.java:195)&#10;at java.base/java.util.Spliterators$ArraySpliterator.tryAdvance(Spliterators.java:958)&#10;at java.base/java.util.stream.ReferencePipeline.forEachWithCancel(ReferencePipeline.java:127)&#10;at java.base/java.util.stream.AbstractPipeline.copyIntoWithCancel(AbstractPipeline.java:502)&#10;at java.base/java.util.stream.AbstractPipeline.copyInto(AbstractPipeline.java:488)&#10;at java.base/java.util.stream.AbstractPipeline.wrapAndCopyInto(AbstractPipeline.java:474)&#10;at java.base/java.util.stream.FindOps$FindOp.evaluateSequential(FindOps.java:150)&#10;at java.base/java.util.stream.AbstractPipeline.evaluate(AbstractPipeline.java:234)&#10;at java.base/java.util.stream.ReferencePipeline.findFirst(ReferencePipeline.java:543)&#10;at org.finos.legend.engine.plan.execution.nodes.ExecutionNodeExecutor.visit(ExecutionNodeExecutor.java:164)&#10;at org.finos.legend.engine.plan.execution.nodes.ExecutionNodeExecutor.visit(ExecutionNodeExecutor.java:107)&#10;at org.finos.legend.engine.protocol.pure.v1.model.executionPlan.nodes.RelationalDataTypeInstantiationExecutionNode.accept(RelationalDataTypeInstantiationExecutionNode.java:22)&#10;at org.finos.legend.engine.plan.execution.PlanExecutor.execute(PlanExecutor.java:238)&#10;at org.finos.legend.engine.plan.execution.PlanExecutor.execute(PlanExecutor.java:225)&#10;at org.finos.legend.engine.plan.execution.api.ExecutePlan.doExecutePlanLegacy(ExecutePlan.java:102)&#10;at org.finos.legend.engine.plan.execution.api.ExecutePlan.doExecutePlan(ExecutePlan.java:84)&#10;at org.finos.legend.engine.plan.execution.api.ExecutePlanLegacy.executePlan(ExecutePlanLegacy.java:56)&#10;at jdk.internal.reflect.GeneratedMethodAccessor100.invoke(Unknown Source)&#10;at java.base/jdk.internal.reflect.DelegatingMethodAccessorImpl.invoke(DelegatingMethodAccessorImpl.java:43)&#10;at java.base/java.lang.reflect.Method.invoke(Method.java:566)&#10;at org.glassfish.jersey.server.model.internal.ResourceMethodInvocationHandlerFactory$1.invoke(ResourceMethodInvocationHandlerFactory.java:81)&#10;at org.glassfish.jersey.server.model.internal.AbstractJavaResourceMethodDispatcher$1.run(AbstractJavaResourceMethodDispatcher.java:144)&#10;at org.glassfish.jersey.server.model.internal.AbstractJavaResourceMethodDispatcher.invoke(AbstractJavaResourceMethodDispatcher.java:161)&#10;at org.glassfish.jersey.server.model.internal.JavaResourceMethodDispatcherProvider$ResponseOutInvoker.doDispatch(JavaResourceMethodDispatcherProvider.java:160)&#10;at org.glassfish.jersey.server.model.internal.AbstractJavaResourceMethodDispatcher.dispatch(AbstractJavaResourceMethodDispatcher.java:99)&#10;at org.glassfish.jersey.server.model.ResourceMethodInvoker.invoke(ResourceMethodInvoker.java:389)&#10;at org.glassfish.jersey.server.model.ResourceMethodInvoker.apply(ResourceMethodInvoker.java:347)&#10;at org.glassfish.jersey.server.model.ResourceMethodInvoker.apply(ResourceMethodInvoker.java:102)&#10;at org.glassfish.jersey.server.ServerRuntime$2.run(ServerRuntime.java:326)&#10;at org.glassfish.jersey.internal.Errors$1.call(Errors.java:271)&#10;at org.glassfish.jersey.internal.Errors$1.call(Errors.java:267)&#10;at org.glassfish.jersey.internal.Errors.process(Errors.java:315)&#10;at org.glassfish.jersey.internal.Errors.process(Errors.java:297)&#10;at org.glassfish.jersey.internal.Errors.process(Errors.java:267)&#10;at org.glassfish.jersey.process.internal.RequestScope.runInScope(RequestScope.java:317)&#10;at org.glassfish.jersey.server.ServerRuntime.process(ServerRuntime.java:305)&#10;at org.glassfish.jersey.server.ApplicationHandler.handle(ApplicationHandler.java:1154)&#10;at org.glassfish.jersey.servlet.WebComponent.serviceImpl(WebComponent.java:473)&#10;at org.glassfish.jersey.servlet.WebComponent.service(WebComponent.java:427)&#10;at org.glassfish.jersey.servlet.ServletContainer.service(ServletContainer.java:388)&#10;at org.glassfish.jersey.servlet.ServletContainer.service(ServletContainer.java:341)&#10;at org.glassfish.jersey.servlet.ServletContainer.service(ServletContainer.java:228)&#10;at org.eclipse.jetty.servlet.ServletHolder.handle(ServletHolder.java:799)&#10;at org.eclipse.jetty.servlet.ServletHandler$ChainEnd.doFilter(ServletHandler.java:1631)&#10;at io.dropwizard.servlets.ThreadNameFilter.doFilter(ThreadNameFilter.java:35)&#10;at org.eclipse.jetty.servlet.FilterHolder.doFilter(FilterHolder.java:193)&#10;at org.eclipse.jetty.servlet.ServletHandler$Chain.doFilter(ServletHandler.java:1601)&#10;at io.dropwizard.jersey.filter.AllowedMethodsFilter.handle(AllowedMethodsFilter.java:45)&#10;at io.dropwizard.jersey.filter.AllowedMethodsFilter.doFilter(AllowedMethodsFilter.java:39)&#10;at org.eclipse.jetty.servlet.FilterHolder.doFilter(FilterHolder.java:193)&#10;at org.eclipse.jetty.servlet.ServletHandler$Chain.doFilter(ServletHandler.java:1601)&#10;at org.finos.legend.server.pac4j.internal.UsernameFilter.doFilter(UsernameFilter.java:51)&#10;at org.eclipse.jetty.servlet.FilterHolder.doFilter(FilterHolder.java:193)&#10;at org.eclipse.jetty.servlet.ServletHandler$Chain.doFilter(ServletHandler.java:1601)&#10;at org.pac4j.j2e.filter.SecurityFilter.lambda$internalFilter$0(SecurityFilter.java:95)&#10;at org.pac4j.core.engine.DefaultSecurityLogic.perform(DefaultSecurityLogic.java:140)&#10;at org.pac4j.j2e.filter.SecurityFilter.internalFilter(SecurityFilter.java:93)&#10;at org.pac4j.j2e.filter.AbstractConfigFilter.doFilter(AbstractConfigFilter.java:81)&#10;at org.eclipse.jetty.servlet.FilterHolder.doFilter(FilterHolder.java:193)&#10;at org.eclipse.jetty.servlet.ServletHandler$Chain.doFilter(ServletHandler.java:1601)&#10;at org.eclipse.jetty.servlet.ServletHandler.doHandle(ServletHandler.java:548)&#10;at org.eclipse.jetty.server.handler.ScopedHandler.nextHandle(ScopedHandler.java:233)&#10;at org.eclipse.jetty.server.session.SessionHandler.doHandle(SessionHandler.java:1624)&#10;at org.eclipse.jetty.server.handler.ScopedHandler.nextHandle(ScopedHandler.java:233)&#10;at org.eclipse.jetty.server.handler.ContextHandler.doHandle(ContextHandler.java:1434)&#10;at org.eclipse.jetty.server.handler.ScopedHandler.nextScope(ScopedHandler.java:188)&#10;at org.eclipse.jetty.servlet.ServletHandler.doScope(ServletHandler.java:501)&#10;at org.eclipse.jetty.server.session.SessionHandler.doScope(SessionHandler.java:1594)&#10;at org.eclipse.jetty.server.handler.ScopedHandler.nextScope(ScopedHandler.java:186)&#10;at org.eclipse.jetty.server.handler.ContextHandler.doScope(ContextHandler.java:1349)&#10;at org.eclipse.jetty.server.handler.ScopedHandler.handle(ScopedHandler.java:141)&#10;at org.eclipse.jetty.server.handler.HandlerWrapper.handle(HandlerWrapper.java:127)&#10;at com.codahale.metrics.jetty9.InstrumentedHandler.handle(InstrumentedHandler.java:313)&#10;at io.dropwizard.jetty.ContextRoutingHandler.handle(ContextRoutingHandler.java:37)&#10;at org.eclipse.jetty.server.handler.gzip.GzipHandler.handle(GzipHandler.java:713)&#10;at io.dropwizard.jetty.BiDiGzipHandler.handle(BiDiGzipHandler.java:67)&#10;at org.eclipse.jetty.server.handler.StatisticsHandler.handle(StatisticsHandler.java:179)&#10;at org.eclipse.jetty.server.handler.HandlerWrapper.handle(HandlerWrapper.java:127)&#10;at org.eclipse.jetty.server.Server.handle(Server.java:516)&#10;at org.eclipse.jetty.server.HttpChannel.lambda$handle$1(HttpChannel.java:400)&#10;at org.eclipse.jetty.server.HttpChannel.dispatch(HttpChannel.java:645)&#10;at org.eclipse.jetty.server.HttpChannel.handle(HttpChannel.java:392)&#10;at org.eclipse.jetty.server.HttpConnection.onFillable(HttpConnection.java:277)&#10;at org.eclipse.jetty.io.AbstractConnection$ReadCallback.succeeded(AbstractConnection.java:311)&#10;at org.eclipse.jetty.io.FillInterest.fillable(FillInterest.java:105)&#10;at org.eclipse.jetty.io.ChannelEndPoint$1.run(ChannelEndPoint.java:104)&#10;at org.eclipse.jetty.util.thread.strategy.EatWhatYouKill.runTask(EatWhatYouKill.java:338)&#10;at org.eclipse.jetty.util.thread.strategy.EatWhatYouKill.doProduce(EatWhatYouKill.java:315)&#10;at org.eclipse.jetty.util.thread.strategy.EatWhatYouKill.tryProduce(EatWhatYouKill.java:173)&#10;at org.eclipse.jetty.util.thread.strategy.EatWhatYouKill.run(EatWhatYouKill.java:131)&#10;at org.eclipse.jetty.util.thread.ReservedThreadExecutor$ReservedThread.run(ReservedThreadExecutor.java:409)&#10;at org.eclipse.jetty.util.thread.QueuedThreadPool.runJob(QueuedThreadPool.java:883)&#10;at org.eclipse.jetty.util.thread.QueuedThreadPool$Runner.run(QueuedThreadPool.java:1034)&#10;at java.base/java.lang.Thread.run(Thread.java:829)&#10;Caused by: net.snowflake.client.jdbc.SnowflakeSQLException: SQL compilation error:&#10;Function EXTRACT does not support VARCHAR(19) argument type&#10;at net.snowflake.client.jdbc.SnowflakeUtil.checkErrorAndThrowExceptionSub(SnowflakeUtil.java:127)&#10;at net.snowflake.client.jdbc.SnowflakeUtil.checkErrorAndThrowException(SnowflakeUtil.java:67)&#10;at net.snowflake.client.core.StmtUtil.pollForOutput(StmtUtil.java:442)&#10;at net.snowflake.client.core.StmtUtil.execute(StmtUtil.java:345)&#10;at net.snowflake.client.core.SFStatement.executeHelper(SFStatement.java:486)&#10;at net.snowflake.client.core.SFStatement.executeQueryInternal(SFStatement.java:197)&#10;at net.snowflake.client.core.SFStatement.executeQuery(SFStatement.java:134)&#10;at net.snowflake.client.core.SFStatement.execute(SFStatement.java:743)&#10;at net.snowflake.client.core.SFStatement.execute(SFStatement.java:639)&#10;at net.snowflake.client.jdbc.SnowflakeStatementV1.executeQueryInternal(SnowflakeStatementV1.java:238)&#10;at net.snowflake.client.jdbc.SnowflakeStatementV1.executeQuery(SnowflakeStatementV1.java:133)&#10;at com.zaxxer.hikari.pool.ProxyStatement.executeQuery(ProxyStatement.java:110)&#10;at com.zaxxer.hikari.pool.HikariProxyStatement.executeQuery(HikariProxyStatement.java)&#10;at org.finos.legend.engine.plan.execution.stores.relational.result.SQLExecutionResult.&lt;init&gt;(SQLExecutionResult.java:95)&#10;... 101 more&#10;&quot;}&apos;&quot;" type="Assert failure at (resource"><![CDATA[Assert failure at (resource:/platform/pure/basics/tests/assertEq.pure line:34 column:5), "500 '{"code":-1,"message":"SnowflakeSQLException: SQL compilation error:
Function EXTRACT does not support VARCHAR(19) argument type","status":"error","trace":"java.lang.RuntimeException: net.snowflake.client.jdbc.SnowflakeSQLException: SQL compilation error:
Function EXTRACT does not support VARCHAR(19) argument type
at org.finos.legend.engine.plan.execution.stores.relational.result.SQLExecutionResult.<init>(SQLExecutionResult.java:123)
at org.finos.legend.engine.plan.execution.stores.relational.RelationalExecutor.execute(RelationalExecutor.java:241)
at org.finos.legend.engine.plan.execution.stores.relational.plugin.RelationalExecutionNodeExecutor.visit(RelationalExecutionNodeExecutor.java:238)
at org.finos.legend.engine.plan.execution.stores.relational.plugin.RelationalExecutionNodeExecutor.visit(RelationalExecutionNodeExecutor.java:346)
at org.finos.legend.engine.plan.execution.stores.relational.plugin.RelationalExecutionNodeExecutor.visit(RelationalExecutionNodeExecutor.java:92)
at org.finos.legend.engine.protocol.pure.v1.model.executionPlan.nodes.RelationalDataTypeInstantiationExecutionNode.accept(RelationalDataTypeInstantiationExecutionNode.java:22)
at org.finos.legend.engine.plan.execution.stores.relational.RelationalExecutionExtension.lambda$getExtraNodeExecutors$fbe53481$1(RelationalExecutionExtension.java:50)
at org.finos.legend.engine.plan.execution.nodes.ExecutionNodeExecutor.lambda$visit$0(ExecutionNodeExecutor.java:164)
at java.base/java.util.stream.ReferencePipeline$3$1.accept(ReferencePipeline.java:195)
at java.base/java.util.Spliterators$ArraySpliterator.tryAdvance(Spliterators.java:958)
at java.base/java.util.stream.ReferencePipeline.forEachWithCancel(ReferencePipeline.java:127)
at java.base/java.util.stream.AbstractPipeline.copyIntoWithCancel(AbstractPipeline.java:502)
at java.base/java.util.stream.AbstractPipeline.copyInto(AbstractPipeline.java:488)
at java.base/java.util.stream.AbstractPipeline.wrapAndCopyInto(AbstractPipeline.java:474)
at java.base/java.util.stream.FindOps$FindOp.evaluateSequential(FindOps.java:150)
at java.base/java.util.stream.AbstractPipeline.evaluate(AbstractPipeline.java:234)
at java.base/java.util.stream.ReferencePipeline.findFirst(ReferencePipeline.java:543)
at org.finos.legend.engine.plan.execution.nodes.ExecutionNodeExecutor.visit(ExecutionNodeExecutor.java:164)
at org.finos.legend.engine.plan.execution.nodes.ExecutionNodeExecutor.visit(ExecutionNodeExecutor.java:107)
at org.finos.legend.engine.protocol.pure.v1.model.executionPlan.nodes.RelationalDataTypeInstantiationExecutionNode.accept(RelationalDataTypeInstantiationExecutionNode.java:22)
at org.finos.legend.engine.plan.execution.PlanExecutor.execute(PlanExecutor.java:238)
at org.finos.legend.engine.plan.execution.PlanExecutor.execute(PlanExecutor.java:225)
at org.finos.legend.engine.plan.execution.api.ExecutePlan.doExecutePlanLegacy(ExecutePlan.java:102)
at org.finos.legend.engine.plan.execution.api.ExecutePlan.doExecutePlan(ExecutePlan.java:84)
at org.finos.legend.engine.plan.execution.api.ExecutePlanLegacy.executePlan(ExecutePlanLegacy.java:56)
at jdk.internal.reflect.GeneratedMethodAccessor100.invoke(Unknown Source)
at java.base/jdk.internal.reflect.DelegatingMethodAccessorImpl.invoke(DelegatingMethodAccessorImpl.java:43)
at java.base/java.lang.reflect.Method.invoke(Method.java:566)
at org.glassfish.jersey.server.model.internal.ResourceMethodInvocationHandlerFactory$1.invoke(ResourceMethodInvocationHandlerFactory.java:81)
at org.glassfish.jersey.server.model.internal.AbstractJavaResourceMethodDispatcher$1.run(AbstractJavaResourceMethodDispatcher.java:144)
at org.glassfish.jersey.server.model.internal.AbstractJavaResourceMethodDispatcher.invoke(AbstractJavaResourceMethodDispatcher.java:161)
at org.glassfish.jersey.server.model.internal.JavaResourceMethodDispatcherProvider$ResponseOutInvoker.doDispatch(JavaResourceMethodDispatcherProvider.java:160)
at org.glassfish.jersey.server.model.internal.AbstractJavaResourceMethodDispatcher.dispatch(AbstractJavaResourceMethodDispatcher.java:99)
at org.glassfish.jersey.server.model.ResourceMethodInvoker.invoke(ResourceMethodInvoker.java:389)
at org.glassfish.jersey.server.model.ResourceMethodInvoker.apply(ResourceMethodInvoker.java:347)
at org.glassfish.jersey.server.model.ResourceMethodInvoker.apply(ResourceMethodInvoker.java:102)
at org.glassfish.jersey.server.ServerRuntime$2.run(ServerRuntime.java:326)
at org.glassfish.jersey.internal.Errors$1.call(Errors.java:271)
at org.glassfish.jersey.internal.Errors$1.call(Errors.java:267)
at org.glassfish.jersey.internal.Errors.process(Errors.java:315)
at org.glassfish.jersey.internal.Errors.process(Errors.java:297)
at org.glassfish.jersey.internal.Errors.process(Errors.java:267)
at org.glassfish.jersey.process.internal.RequestScope.runInScope(RequestScope.java:317)
at org.glassfish.jersey.server.ServerRuntime.process(ServerRuntime.java:305)
at org.glassfish.jersey.server.ApplicationHandler.handle(ApplicationHandler.java:1154)
at org.glassfish.jersey.servlet.WebComponent.serviceImpl(WebComponent.java:473)
at org.glassfish.jersey.servlet.WebComponent.service(WebComponent.java:427)
at org.glassfish.jersey.servlet.ServletContainer.service(ServletContainer.java:388)
at org.glassfish.jersey.servlet.ServletContainer.service(ServletContainer.java:341)
at org.glassfish.jersey.servlet.ServletContainer.service(ServletContainer.java:228)
at org.eclipse.jetty.servlet.ServletHolder.handle(ServletHolder.java:799)
at org.eclipse.jetty.servlet.ServletHandler$ChainEnd.doFilter(ServletHandler.java:1631)
at io.dropwizard.servlets.ThreadNameFilter.doFilter(ThreadNameFilter.java:35)
at org.eclipse.jetty.servlet.FilterHolder.doFilter(FilterHolder.java:193)
at org.eclipse.jetty.servlet.ServletHandler$Chain.doFilter(ServletHandler.java:1601)
at io.dropwizard.jersey.filter.AllowedMethodsFilter.handle(AllowedMethodsFilter.java:45)
at io.dropwizard.jersey.filter.AllowedMethodsFilter.doFilter(AllowedMethodsFilter.java:39)
at org.eclipse.jetty.servlet.FilterHolder.doFilter(FilterHolder.java:193)
at org.eclipse.jetty.servlet.ServletHandler$Chain.doFilter(ServletHandler.java:1601)
at org.finos.legend.server.pac4j.internal.UsernameFilter.doFilter(UsernameFilter.java:51)
at org.eclipse.jetty.servlet.FilterHolder.doFilter(FilterHolder.java:193)
at org.eclipse.jetty.servlet.ServletHandler$Chain.doFilter(ServletHandler.java:1601)
at org.pac4j.j2e.filter.SecurityFilter.lambda$internalFilter$0(SecurityFilter.java:95)
at org.pac4j.core.engine.DefaultSecurityLogic.perform(DefaultSecurityLogic.java:140)
at org.pac4j.j2e.filter.SecurityFilter.internalFilter(SecurityFilter.java:93)
at org.pac4j.j2e.filter.AbstractConfigFilter.doFilter(AbstractConfigFilter.java:81)
at org.eclipse.jetty.servlet.FilterHolder.doFilter(FilterHolder.java:193)
at org.eclipse.jetty.servlet.ServletHandler$Chain.doFilter(ServletHandler.java:1601)
at org.eclipse.jetty.servlet.ServletHandler.doHandle(ServletHandler.java:548)
at org.eclipse.jetty.server.handler.ScopedHandler.nextHandle(ScopedHandler.java:233)
at org.eclipse.jetty.server.session.SessionHandler.doHandle(SessionHandler.java:1624)
at org.eclipse.jetty.server.handler.ScopedHandler.nextHandle(ScopedHandler.java:233)
at org.eclipse.jetty.server.handler.ContextHandler.doHandle(ContextHandler.java:1434)
at org.eclipse.jetty.server.handler.ScopedHandler.nextScope(ScopedHandler.java:188)
at org.eclipse.jetty.servlet.ServletHandler.doScope(ServletHandler.java:501)
at org.eclipse.jetty.server.session.SessionHandler.doScope(SessionHandler.java:1594)
at org.eclipse.jetty.server.handler.ScopedHandler.nextScope(ScopedHandler.java:186)
at org.eclipse.jetty.server.handler.ContextHandler.doScope(ContextHandler.java:1349)
at org.eclipse.jetty.server.handler.ScopedHandler.handle(ScopedHandler.java:141)
at org.eclipse.jetty.server.handler.HandlerWrapper.handle(HandlerWrapper.java:127)
at com.codahale.metrics.jetty9.InstrumentedHandler.handle(InstrumentedHandler.java:313)
at io.dropwizard.jetty.ContextRoutingHandler.handle(ContextRoutingHandler.java:37)
at org.eclipse.jetty.server.handler.gzip.GzipHandler.handle(GzipHandler.java:713)
at io.dropwizard.jetty.BiDiGzipHandler.handle(BiDiGzipHandler.java:67)
at org.eclipse.jetty.server.handler.StatisticsHandler.handle(StatisticsHandler.java:179)
at org.eclipse.jetty.server.handler.HandlerWrapper.handle(HandlerWrapper.java:127)
at org.eclipse.jetty.server.Server.handle(Server.java:516)
at org.eclipse.jetty.server.HttpChannel.lambda$handle$1(HttpChannel.java:400)
at org.eclipse.jetty.server.HttpChannel.dispatch(HttpChannel.java:645)
at org.eclipse.jetty.server.HttpChannel.handle(HttpChannel.java:392)
at org.eclipse.jetty.server.HttpConnection.onFillable(HttpConnection.java:277)
at org.eclipse.jetty.io.AbstractConnection$ReadCallback.succeeded(AbstractConnection.java:311)
at org.eclipse.jetty.io.FillInterest.fillable(FillInterest.java:105)
at org.eclipse.jetty.io.ChannelEndPoint$1.run(ChannelEndPoint.java:104)
at org.eclipse.jetty.util.thread.strategy.EatWhatYouKill.runTask(EatWhatYouKill.java:338)
at org.eclipse.jetty.util.thread.strategy.EatWhatYouKill.doProduce(EatWhatYouKill.java:315)
at org.eclipse.jetty.util.thread.strategy.EatWhatYouKill.tryProduce(EatWhatYouKill.java:173)
at org.eclipse.jetty.util.thread.strategy.EatWhatYouKill.run(EatWhatYouKill.java:131)
at org.eclipse.jetty.util.thread.ReservedThreadExecutor$ReservedThread.run(ReservedThreadExecutor.java:409)
at org.eclipse.jetty.util.thread.QueuedThreadPool.runJob(QueuedThreadPool.java:883)
at org.eclipse.jetty.util.thread.QueuedThreadPool$Runner.run(QueuedThreadPool.java:1034)
at java.base/java.lang.Thread.run(Thread.java:829)
Caused by: net.snowflake.client.jdbc.SnowflakeSQLException: SQL compilation error:
Function EXTRACT does not support VARCHAR(19) argument type
at net.snowflake.client.jdbc.SnowflakeUtil.checkErrorAndThrowExceptionSub(SnowflakeUtil.java:127)
at net.snowflake.client.jdbc.SnowflakeUtil.checkErrorAndThrowException(SnowflakeUtil.java:67)
at net.snowflake.client.core.StmtUtil.pollForOutput(StmtUtil.java:442)
at net.snowflake.client.core.StmtUtil.execute(StmtUtil.java:345)
at net.snowflake.client.core.SFStatement.executeHelper(SFStatement.java:486)
at net.snowflake.client.core.SFStatement.executeQueryInternal(SFStatement.java:197)
at net.snowflake.client.core.SFStatement.executeQuery(SFStatement.java:134)
at net.snowflake.client.core.SFStatement.execute(SFStatement.java:743)
at net.snowflake.client.core.SFStatement.execute(SFStatement.java:639)
at net.snowflake.client.jdbc.SnowflakeStatementV1.executeQueryInternal(SnowflakeStatementV1.java:238)
at net.snowflake.client.jdbc.SnowflakeStatementV1.executeQuery(SnowflakeStatementV1.java:133)
at com.zaxxer.hikari.pool.ProxyStatement.executeQuery(ProxyStatement.java:110)
at com.zaxxer.hikari.pool.HikariProxyStatement.executeQuery(HikariProxyStatement.java)
at org.finos.legend.engine.plan.execution.stores.relational.result.SQLExecutionResult.<init>(SQLExecutionResult.java:95)
... 101 more
"}'"
	at org.finos.legend.pure.runtime.java.compiled.generation.processors.support.CompiledSupport.pureAssert(CompiledSupport.java:1994)
	at org.finos.legend.pure.generated.platform_pure_basics_tests_assertEq.Root_meta_pure_functions_asserts_assertEq_Any_1__Any_1__Function_1__Boolean_1_(platform_pure_basics_tests_assertEq.java:44)
	at org.finos.legend.pure.generated.core_pure_protocol_vX_X_X_invocations_execution.Root_meta_protocols_pure_vX_X_X_invocation_execution_execute_executePlan_String_1__String_1__Integer_1__String_1_(core_pure_protocol_vX_X_X_invocations_execution.java:751)
	at org.finos.legend.pure.generated.core_pure_protocol_vX_X_X_invocations_execution.Root_meta_protocols_pure_vX_X_X_invocation_execution_execute_executePlan_ExecutionPlan_1__String_1__Integer_1__Extension_MANY__String_1_(core_pure_protocol_vX_X_X_invocations_execution.java:745)
	at org.finos.legend.pure.generated.core_pure_protocol_vX_X_X_invocations_execution.Root_meta_protocols_pure_vX_X_X_invocation_execution_execute_executePlan_ExecutionPlan_1__ExecutionContext_$0_1$__String_1__Integer_1__Extension_MANY__Result_1_(core_pure_protocol_vX_X_X_invocations_execution.java:738)
	at jdk.internal.reflect.GeneratedMethodAccessor96.invoke(Unknown Source)
	at java.base/jdk.internal.reflect.DelegatingMethodAccessorImpl.invoke(DelegatingMethodAccessorImpl.java:43)
	at java.base/java.lang.reflect.Method.invoke(Method.java:566)
	at org.finos.legend.pure.runtime.java.compiled.metadata.JavaMethodWithParamsSharedPureFunction.execute(JavaMethodWithParamsSharedPureFunction.java:59)
	at org.finos.legend.pure.runtime.java.compiled.generation.processors.support.Pure._evaluateToMany(Pure.java:546)
	at org.finos.legend.pure.generated.CoreGen.evaluateToMany(CoreGen.java:147)
	at org.finos.legend.pure.generated.CoreGen.evaluateToMany(CoreGen.java:134)
	at org.finos.legend.pure.generated.core_pure_router_router_entry$9$1.value(core_pure_router_router_entry.java:318)
	at org.finos.legend.pure.generated.core_pure_router_router_entry$9$1.execute(core_pure_router_router_entry.java:311)
	at org.finos.legend.pure.generated.core_pure_router_router_entry$9$1.execute(core_pure_router_router_entry.java:307)
	at org.finos.legend.pure.runtime.java.compiled.generation.processors.support.Pure.evaluate(Pure.java:485)
	at org.finos.legend.pure.runtime.java.compiled.generation.processors.support.Pure.legendTest(Pure.java:216)
	at org.finos.legend.pure.generated.CoreGen.legendTest(CoreGen.java:61)
	at org.finos.legend.pure.generated.core_pure_router_router_entry$9.valueOf(core_pure_router_router_entry.java:303)
	at org.finos.legend.pure.generated.core_pure_router_router_entry$9.execute(core_pure_router_router_entry.java:298)
	at org.finos.legend.pure.generated.core_pure_router_router_entry$9.execute(core_pure_router_router_entry.java:294)
	at org.finos.legend.pure.runtime.java.compiled.generation.processors.support.Pure.evaluate(Pure.java:485)
	at org.finos.legend.pure.runtime.java.compiled.generation.processors.support.Pure.traceSpan(Pure.java:1482)
	at org.finos.legend.pure.generated.CoreGen.traceSpan(CoreGen.java:203)
	at org.finos.legend.pure.generated.core_pure_router_router_entry.Root_meta_pure_router_executePlan_ExecutionPlan_1__ExecutionContext_1__Extension_MANY__Result_$0_1$_(core_pure_router_router_entry.java:290)
	at org.finos.legend.pure.generated.core_pure_router_router_entry.Root_meta_pure_router_executePlan_ExecutionPlan_1__Extension_MANY__Result_$0_1$_(core_pure_router_router_entry.java:285)
	at org.finos.legend.pure.generated.core_relational_relational_sqlQueryToString_dbTestRunner_testRunner$20.execute(core_relational_relational_sqlQueryToString_dbTestRunner_testRunner.java:386)
	at org.finos.legend.pure.generated.core_relational_relational_sqlQueryToString_dbTestRunner_testRunner.Root_meta_relational_dbTestRunner_runSqlQueryTest_SQLQuery_1__Literal_$1_MANY$__Pair_MANY__Function_$0_1$__DbTestConfig_1__Boolean_1_(core_relational_relational_sqlQueryToString_dbTestRunner_testRunner.java:424)
	at org.finos.legend.pure.generated.core_relational_relational_sqlQueryToString_dbTestRunner_testRunner.Root_meta_relational_dbTestRunner_runSqlQueryTest_SQLQuery_1__Literal_$1_MANY$__Function_$0_1$__DbTestConfig_1__Boolean_1_(core_relational_relational_sqlQueryToString_dbTestRunner_testRunner.java:374)
	at org.finos.legend.pure.generated.core_relational_relational_sqlQueryToString_dbTestRunner_dynaFunctionTestRunner.Root_meta_relational_dbTestRunner_runDynaFunctionDatabaseTest_DynaFunction_1__Literal_$1_MANY$__Function_$0_1$__DbTestConfig_1__Boolean_1_(core_relational_relational_sqlQueryToString_dbTestRunner_dynaFunctionTestRunner.java:64)
	at org.finos.legend.pure.generated.core_relational_relational_sqlQueryToString_dbTestRunner_dynaFunctionTestRunner.Root_meta_relational_dbTestRunner_runDynaFunctionDatabaseTest_DynaFunction_1__Literal_$1_MANY$__DbTestConfig_1__Boolean_1_(core_relational_relational_sqlQueryToString_dbTestRunner_dynaFunctionTestRunner.java:58)
	at org.finos.legend.pure.generated.core_relational_relational_sqlQueryToString_testSuite_dynaFunctions_date.Root_meta_relational_tests_dbSpecificTests_sqlQueryTests_dynaFunctions_dayOfWeekNumber_testDayOfWeekNumber_DbTestConfig_1__Boolean_1_(core_relational_relational_sqlQueryToString_testSuite_dynaFunctions_date.java:95)
	at java.base/jdk.internal.reflect.NativeMethodAccessorImpl.invoke0(Native Method)
	at java.base/jdk.internal.reflect.NativeMethodAccessorImpl.invoke(NativeMethodAccessorImpl.java:62)
	at java.base/jdk.internal.reflect.DelegatingMethodAccessorImpl.invoke(DelegatingMethodAccessorImpl.java:43)
	at java.base/java.lang.reflect.Method.invoke(Method.java:566)
	at org.finos.legend.pure.runtime.java.compiled.testHelper.PureTestBuilderCompiled.executeFn(PureTestBuilderCompiled.java:113)
	at org.finos.legend.pure.runtime.java.compiled.testHelper.PureTestBuilderCompiled.lambda$buildSuite$0(PureTestBuilderCompiled.java:79)
	at org.finos.legend.pure.m3.execution.test.PureTestBuilder$PureTestCase.runTest(PureTestBuilder.java:95)
	at junit.framework.TestCase.runBare(TestCase.java:142)
	at org.finos.legend.engine.server.test.shared.Relational_DbSpecific_UsingPureClientTestSuite$2.runTest(Relational_DbSpecific_UsingPureClientTestSuite.java:90)
	at junit.framework.TestCase.runBare(TestCase.java:142)
	at junit.framework.TestResult$1.protect(TestResult.java:122)
	at junit.framework.TestResult.runProtected(TestResult.java:142)
	at junit.framework.TestResult.run(TestResult.java:125)
	at junit.framework.TestCase.run(TestCase.java:130)
	at junit.framework.TestSuite.runTest(TestSuite.java:241)
	at junit.framework.TestSuite.run(TestSuite.java:236)
	at junit.framework.TestSuite.runTest(TestSuite.java:241)
	at junit.framework.TestSuite.run(TestSuite.java:236)
	at junit.framework.TestSuite.runTest(TestSuite.java:241)
	at junit.framework.TestSuite.run(TestSuite.java:236)
	at junit.framework.TestSuite.runTest(TestSuite.java:241)
	at junit.framework.TestSuite.run(TestSuite.java:236)
	at junit.framework.TestSuite.runTest(TestSuite.java:241)
	at junit.framework.TestSuite.run(TestSuite.java:236)
	at junit.extensions.TestDecorator.basicRun(TestDecorator.java:24)
	at junit.extensions.TestSetup$1.protect(TestSetup.java:23)
	at junit.framework.TestResult.runProtected(TestResult.java:142)
	at junit.extensions.TestSetup.run(TestSetup.java:27)
	at org.junit.internal.runners.JUnit38ClassRunner.run(JUnit38ClassRunner.java:90)
	at org.apache.maven.surefire.junit4.JUnit4Provider.execute(JUnit4Provider.java:365)
	at org.apache.maven.surefire.junit4.JUnit4Provider.executeWithRerun(JUnit4Provider.java:273)
	at org.apache.maven.surefire.junit4.JUnit4Provider.executeTestSet(JUnit4Provider.java:238)
	at org.apache.maven.surefire.junit4.JUnit4Provider.invoke(JUnit4Provider.java:159)
	at org.apache.maven.surefire.booter.ForkedBooter.invokeProviderInSameClassLoader(ForkedBooter.java:384)
	at org.apache.maven.surefire.booter.ForkedBooter.runSuitesInProcess(ForkedBooter.java:345)
	at org.apache.maven.surefire.booter.ForkedBooter.execute(ForkedBooter.java:126)
	at org.apache.maven.surefire.booter.ForkedBooter.main(ForkedBooter.java:418)
]]></error>
    <system-out><![CDATA[Running db test dynaFunctions::dayOfWeekNumber::testDayOfWeekNumber
{"duration":0.0,"eventType":"EXECUTION_PLAN_EXEC_ERROR","info":{"code":-1,"message":"SnowflakeSQLException: SQL compilation error:\nFunction EXTRACT does not support VARCHAR(19) argument type","status":"error","trace":"java.lang.RuntimeException: net.snowflake.client.jdbc.SnowflakeSQLException: SQL compilation error:\nFunction EXTRACT does not support VARCHAR(19) argument type\n\tat org.finos.legend.engine.plan.execution.stores.relational.result.SQLExecutionResult.<init>(SQLExecutionResult.java:123)\n\tat org.finos.legend.engine.plan.execution.stores.relational.RelationalExecutor.execute(RelationalExecutor.java:241)\n\tat org.finos.legend.engine.plan.execution.stores.relational.plugin.RelationalExecutionNodeExecutor.visit(RelationalExecutionNodeExecutor.java:238)\n\tat org.finos.legend.engine.plan.execution.stores.relational.plugin.RelationalExecutionNodeExecutor.visit(RelationalExecutionNodeExecutor.java:346)\n\tat org.finos.legend.engine.plan.execution.stores.relational.plugin.RelationalExecutionNodeExecutor.visit(RelationalExecutionNodeExecutor.java:92)\n\tat org.finos.legend.engine.protocol.pure.v1.model.executionPlan.nodes.RelationalDataTypeInstantiationExecutionNode.accept(RelationalDataTypeInstantiationExecutionNode.java:22)\n\tat org.finos.legend.engine.plan.execution.stores.relational.RelationalExecutionExtension.lambda$getExtraNodeExecutors$fbe53481$1(RelationalExecutionExtension.java:50)\n\tat org.finos.legend.engine.plan.execution.nodes.ExecutionNodeExecutor.lambda$visit$0(ExecutionNodeExecutor.java:164)\n\tat java.base/java.util.stream.ReferencePipeline$3$1.accept(ReferencePipeline.java:195)\n\tat java.base/java.util.Spliterators$ArraySpliterator.tryAdvance(Spliterators.java:958)\n\tat java.base/java.util.stream.ReferencePipeline.forEachWithCancel(ReferencePipeline.java:127)\n\tat java.base/java.util.stream.AbstractPipeline.copyIntoWithCancel(AbstractPipeline.java:502)\n\tat java.base/java.util.stream.AbstractPipeline.copyInto(AbstractPipeline.java:488)\n\tat java.base/java.util.stream.AbstractPipeline.wrapAndCopyInto(AbstractPipeline.java:474)\n\tat java.base/java.util.stream.FindOps$FindOp.evaluateSequential(FindOps.java:150)\n\tat java.base/java.util.stream.AbstractPipeline.evaluate(AbstractPipeline.java:234)\n\tat java.base/java.util.stream.ReferencePipeline.findFirst(ReferencePipeline.java:543)\n\tat org.finos.legend.engine.plan.execution.nodes.ExecutionNodeExecutor.visit(ExecutionNodeExecutor.java:164)\n\tat org.finos.legend.engine.plan.execution.nodes.ExecutionNodeExecutor.visit(ExecutionNodeExecutor.java:107)\n\tat org.finos.legend.engine.protocol.pure.v1.model.executionPlan.nodes.RelationalDataTypeInstantiationExecutionNode.accept(RelationalDataTypeInstantiationExecutionNode.java:22)\n\tat org.finos.legend.engine.plan.execution.PlanExecutor.execute(PlanExecutor.java:238)\n\tat org.finos.legend.engine.plan.execution.PlanExecutor.execute(PlanExecutor.java:225)\n\tat org.finos.legend.engine.plan.execution.api.ExecutePlan.doExecutePlanLegacy(ExecutePlan.java:102)\n\tat org.finos.legend.engine.plan.execution.api.ExecutePlan.doExecutePlan(ExecutePlan.java:84)\n\tat org.finos.legend.engine.plan.execution.api.ExecutePlanLegacy.executePlan(ExecutePlanLegacy.java:56)\n\tat jdk.internal.reflect.GeneratedMethodAccessor100.invoke(Unknown Source)\n\tat java.base/jdk.internal.reflect.DelegatingMethodAccessorImpl.invoke(DelegatingMethodAccessorImpl.java:43)\n\tat java.base/java.lang.reflect.Method.invoke(Method.java:566)\n\tat org.glassfish.jersey.server.model.internal.ResourceMethodInvocationHandlerFactory$1.invoke(ResourceMethodInvocationHandlerFactory.java:81)\n\tat org.glassfish.jersey.server.model.internal.AbstractJavaResourceMethodDispatcher$1.run(AbstractJavaResourceMethodDispatcher.java:144)\n\tat org.glassfish.jersey.server.model.internal.AbstractJavaResourceMethodDispatcher.invoke(AbstractJavaResourceMethodDispatcher.java:161)\n\tat org.glassfish.jersey.server.model.internal.JavaResourceMethodDispatcherProvider$ResponseOutInvoker.doDispatch(JavaResourceMethodDispatcherProvider.java:160)\n\tat org.glassfish.jersey.server.model.internal.AbstractJavaResourceMethodDispatcher.dispatch(AbstractJavaResourceMethodDispatcher.java:99)\n\tat org.glassfish.jersey.server.model.ResourceMethodInvoker.invoke(ResourceMethodInvoker.java:389)\n\tat org.glassfish.jersey.server.model.ResourceMethodInvoker.apply(ResourceMethodInvoker.java:347)\n\tat org.glassfish.jersey.server.model.ResourceMethodInvoker.apply(ResourceMethodInvoker.java:102)\n\tat org.glassfish.jersey.server.ServerRuntime$2.run(ServerRuntime.java:326)\n\tat org.glassfish.jersey.internal.Errors$1.call(Errors.java:271)\n\tat org.glassfish.jersey.internal.Errors$1.call(Errors.java:267)\n\tat org.glassfish.jersey.internal.Errors.process(Errors.java:315)\n\tat org.glassfish.jersey.internal.Errors.process(Errors.java:297)\n\tat org.glassfish.jersey.internal.Errors.process(Errors.java:267)\n\tat org.glassfish.jersey.process.internal.RequestScope.runInScope(RequestScope.java:317)\n\tat org.glassfish.jersey.server.ServerRuntime.process(ServerRuntime.java:305)\n\tat org.glassfish.jersey.server.ApplicationHandler.handle(ApplicationHandler.java:1154)\n\tat org.glassfish.jersey.servlet.WebComponent.serviceImpl(WebComponent.java:473)\n\tat org.glassfish.jersey.servlet.WebComponent.service(WebComponent.java:427)\n\tat org.glassfish.jersey.servlet.ServletContainer.service(ServletContainer.java:388)\n\tat org.glassfish.jersey.servlet.ServletContainer.service(ServletContainer.java:341)\n\tat org.glassfish.jersey.servlet.ServletContainer.service(ServletContainer.java:228)\n\tat org.eclipse.jetty.servlet.ServletHolder.handle(ServletHolder.java:799)\n\tat org.eclipse.jetty.servlet.ServletHandler$ChainEnd.doFilter(ServletHandler.java:1631)\n\tat io.dropwizard.servlets.ThreadNameFilter.doFilter(ThreadNameFilter.java:35)\n\tat org.eclipse.jetty.servlet.FilterHolder.doFilter(FilterHolder.java:193)\n\tat org.eclipse.jetty.servlet.ServletHandler$Chain.doFilter(ServletHandler.java:1601)\n\tat io.dropwizard.jersey.filter.AllowedMethodsFilter.handle(AllowedMethodsFilter.java:45)\n\tat io.dropwizard.jersey.filter.AllowedMethodsFilter.doFilter(AllowedMethodsFilter.java:39)\n\tat org.eclipse.jetty.servlet.FilterHolder.doFilter(FilterHolder.java:193)\n\tat org.eclipse.jetty.servlet.ServletHandler$Chain.doFilter(ServletHandler.java:1601)\n\tat org.finos.legend.server.pac4j.internal.UsernameFilter.doFilter(UsernameFilter.java:51)\n\tat org.eclipse.jetty.servlet.FilterHolder.doFilter(FilterHolder.java:193)\n\tat org.eclipse.jetty.servlet.ServletHandler$Chain.doFilter(ServletHandler.java:1601)\n\tat org.pac4j.j2e.filter.SecurityFilter.lambda$internalFilter$0(SecurityFilter.java:95)\n\tat org.pac4j.core.engine.DefaultSecurityLogic.perform(DefaultSecurityLogic.java:140)\n\tat org.pac4j.j2e.filter.SecurityFilter.internalFilter(SecurityFilter.java:93)\n\tat org.pac4j.j2e.filter.AbstractConfigFilter.doFilter(AbstractConfigFilter.java:81)\n\tat org.eclipse.jetty.servlet.FilterHolder.doFilter(FilterHolder.java:193)\n\tat org.eclipse.jetty.servlet.ServletHandler$Chain.doFilter(ServletHandler.java:1601)\n\tat org.eclipse.jetty.servlet.ServletHandler.doHandle(ServletHandler.java:548)\n\tat org.eclipse.jetty.server.handler.ScopedHandler.nextHandle(ScopedHandler.java:233)\n\tat org.eclipse.jetty.server.session.SessionHandler.doHandle(SessionHandler.java:1624)\n\tat org.eclipse.jetty.server.handler.ScopedHandler.nextHandle(ScopedHandler.java:233)\n\tat org.eclipse.jetty.server.handler.ContextHandler.doHandle(ContextHandler.java:1434)\n\tat org.eclipse.jetty.server.handler.ScopedHandler.nextScope(ScopedHandler.java:188)\n\tat org.eclipse.jetty.servlet.ServletHandler.doScope(ServletHandler.java:501)\n\tat org.eclipse.jetty.server.session.SessionHandler.doScope(SessionHandler.java:1594)\n\tat org.eclipse.jetty.server.handler.ScopedHandler.nextScope(ScopedHandler.java:186)\n\tat org.eclipse.jetty.server.handler.ContextHandler.doScope(ContextHandler.java:1349)\n\tat org.eclipse.jetty.server.handler.ScopedHandler.handle(ScopedHandler.java:141)\n\tat org.eclipse.jetty.server.handler.HandlerWrapper.handle(HandlerWrapper.java:127)\n\tat com.codahale.metrics.jetty9.InstrumentedHandler.handle(InstrumentedHandler.java:313)\n\tat io.dropwizard.jetty.ContextRoutingHandler.handle(ContextRoutingHandler.java:37)\n\tat org.eclipse.jetty.server.handler.gzip.GzipHandler.handle(GzipHandler.java:713)\n\tat io.dropwizard.jetty.BiDiGzipHandler.handle(BiDiGzipHandler.java:67)\n\tat org.eclipse.jetty.server.handler.StatisticsHandler.handle(StatisticsHandler.java:179)\n\tat org.eclipse.jetty.server.handler.HandlerWrapper.handle(HandlerWrapper.java:127)\n\tat org.eclipse.jetty.server.Server.handle(Server.java:516)\n\tat org.eclipse.jetty.server.HttpChannel.lambda$handle$1(HttpChannel.java:400)\n\tat org.eclipse.jetty.server.HttpChannel.dispatch(HttpChannel.java:645)\n\tat org.eclipse.jetty.server.HttpChannel.handle(HttpChannel.java:392)\n\tat org.eclipse.jetty.server.HttpConnection.onFillable(HttpConnection.java:277)\n\tat org.eclipse.jetty.io.AbstractConnection$ReadCallback.succeeded(AbstractConnection.java:311)\n\tat org.eclipse.jetty.io.FillInterest.fillable(FillInterest.java:105)\n\tat org.eclipse.jetty.io.ChannelEndPoint$1.run(ChannelEndPoint.java:104)\n\tat org.eclipse.jetty.util.thread.strategy.EatWhatYouKill.runTask(EatWhatYouKill.java:338)\n\tat org.eclipse.jetty.util.thread.strategy.EatWhatYouKill.doProduce(EatWhatYouKill.java:315)\n\tat org.eclipse.jetty.util.thread.strategy.EatWhatYouKill.tryProduce(EatWhatYouKill.java:173)\n\tat org.eclipse.jetty.util.thread.strategy.EatWhatYouKill.run(EatWhatYouKill.java:131)\n\tat org.eclipse.jetty.util.thread.ReservedThreadExecutor$ReservedThread.run(ReservedThreadExecutor.java:409)\n\tat org.eclipse.jetty.util.thread.QueuedThreadPool.runJob(QueuedThreadPool.java:883)\n\tat org.eclipse.jetty.util.thread.QueuedThreadPool$Runner.run(QueuedThreadPool.java:1034)\n\tat java.base/java.lang.Thread.run(Thread.java:829)\nCaused by: net.snowflake.client.jdbc.SnowflakeSQLException: SQL compilation error:\nFunction EXTRACT does not support VARCHAR(19) argument type\n\tat net.snowflake.client.jdbc.SnowflakeUtil.checkErrorAndThrowExceptionSub(SnowflakeUtil.java:127)\n\tat net.snowflake.client.jdbc.SnowflakeUtil.checkErrorAndThrowException(SnowflakeUtil.java:67)\n\tat net.snowflake.client.core.StmtUtil.pollForOutput(StmtUtil.java:442)\n\tat net.snowflake.client.core.StmtUtil.execute(StmtUtil.java:345)\n\tat net.snowflake.client.core.SFStatement.executeHelper(SFStatement.java:486)\n\tat net.snowflake.client.core.SFStatement.executeQueryInternal(SFStatement.java:197)\n\tat net.snowflake.client.core.SFStatement.executeQuery(SFStatement.java:134)\n\tat net.snowflake.client.core.SFStatement.execute(SFStatement.java:743)\n\tat net.snowflake.client.core.SFStatement.execute(SFStatement.java:639)\n\tat net.snowflake.client.jdbc.SnowflakeStatementV1.executeQueryInternal(SnowflakeStatementV1.java:238)\n\tat net.snowflake.client.jdbc.SnowflakeStatementV1.executeQuery(SnowflakeStatementV1.java:133)\n\tat com.zaxxer.hikari.pool.ProxyStatement.executeQuery(ProxyStatement.java:110)\n\tat com.zaxxer.hikari.pool.HikariProxyStatement.executeQuery(HikariProxyStatement.java)\n\tat org.finos.legend.engine.plan.execution.stores.relational.result.SQLExecutionResult.<init>(SQLExecutionResult.java:95)\n\t... 101 more\n"},"mode":"DEV","timeStamp":"2023-02-23 01:30:53.369","user":"_UNKNOWN_"}
| **dynaFunctions::dayOfWeekNumber::testDayOfWeekNumber** | failing :x: |
]]></system-out>
  </testcase>
  <testcase name="testEndsWith[Snowflake]" classname="org.finos.legend.engine.server.test.shared.Relational_DbSpecific_UsingPureClientTestSuite$2" time="0.172"/>
  <testcase name="testNotEndsWith[Snowflake]" classname="org.finos.legend.engine.server.test.shared.Relational_DbSpecific_UsingPureClientTestSuite$2" time="0.125"/>
  <testcase name="testNumberEquality[Snowflake]" classname="org.finos.legend.engine.server.test.shared.Relational_DbSpecific_UsingPureClientTestSuite$2" time="0.133"/>
  <testcase name="testFirstDayOfMonth[Snowflake]" classname="org.finos.legend.engine.server.test.shared.Relational_DbSpecific_UsingPureClientTestSuite$2" time="0.176">
    <error message="Assert failure at (resource:/platform/pure/basics/tests/assertEq.pure line:34 column:5), &quot;500 &apos;{&quot;code&quot;:-1,&quot;message&quot;:&quot;SnowflakeSQLException: SQL compilation error:&#10;Function DATE_TRUNC does not support VARCHAR(19) argument type&quot;,&quot;status&quot;:&quot;error&quot;,&quot;trace&quot;:&quot;java.lang.RuntimeException: net.snowflake.client.jdbc.SnowflakeSQLException: SQL compilation error:&#10;Function DATE_TRUNC does not support VARCHAR(19) argument type&#10;at org.finos.legend.engine.plan.execution.stores.relational.result.SQLExecutionResult.&lt;init&gt;(SQLExecutionResult.java:123)&#10;at org.finos.legend.engine.plan.execution.stores.relational.RelationalExecutor.execute(RelationalExecutor.java:241)&#10;at org.finos.legend.engine.plan.execution.stores.relational.plugin.RelationalExecutionNodeExecutor.visit(RelationalExecutionNodeExecutor.java:238)&#10;at org.finos.legend.engine.plan.execution.stores.relational.plugin.RelationalExecutionNodeExecutor.visit(RelationalExecutionNodeExecutor.java:346)&#10;at org.finos.legend.engine.plan.execution.stores.relational.plugin.RelationalExecutionNodeExecutor.visit(RelationalExecutionNodeExecutor.java:92)&#10;at org.finos.legend.engine.protocol.pure.v1.model.executionPlan.nodes.RelationalDataTypeInstantiationExecutionNode.accept(RelationalDataTypeInstantiationExecutionNode.java:22)&#10;at org.finos.legend.engine.plan.execution.stores.relational.RelationalExecutionExtension.lambda$getExtraNodeExecutors$fbe53481$1(RelationalExecutionExtension.java:50)&#10;at org.finos.legend.engine.plan.execution.nodes.ExecutionNodeExecutor.lambda$visit$0(ExecutionNodeExecutor.java:164)&#10;at java.base/java.util.stream.ReferencePipeline$3$1.accept(ReferencePipeline.java:195)&#10;at java.base/java.util.Spliterators$ArraySpliterator.tryAdvance(Spliterators.java:958)&#10;at java.base/java.util.stream.ReferencePipeline.forEachWithCancel(ReferencePipeline.java:127)&#10;at java.base/java.util.stream.AbstractPipeline.copyIntoWithCancel(AbstractPipeline.java:502)&#10;at java.base/java.util.stream.AbstractPipeline.copyInto(AbstractPipeline.java:488)&#10;at java.base/java.util.stream.AbstractPipeline.wrapAndCopyInto(AbstractPipeline.java:474)&#10;at java.base/java.util.stream.FindOps$FindOp.evaluateSequential(FindOps.java:150)&#10;at java.base/java.util.stream.AbstractPipeline.evaluate(AbstractPipeline.java:234)&#10;at java.base/java.util.stream.ReferencePipeline.findFirst(ReferencePipeline.java:543)&#10;at org.finos.legend.engine.plan.execution.nodes.ExecutionNodeExecutor.visit(ExecutionNodeExecutor.java:164)&#10;at org.finos.legend.engine.plan.execution.nodes.ExecutionNodeExecutor.visit(ExecutionNodeExecutor.java:107)&#10;at org.finos.legend.engine.protocol.pure.v1.model.executionPlan.nodes.RelationalDataTypeInstantiationExecutionNode.accept(RelationalDataTypeInstantiationExecutionNode.java:22)&#10;at org.finos.legend.engine.plan.execution.PlanExecutor.execute(PlanExecutor.java:238)&#10;at org.finos.legend.engine.plan.execution.PlanExecutor.execute(PlanExecutor.java:225)&#10;at org.finos.legend.engine.plan.execution.api.ExecutePlan.doExecutePlanLegacy(ExecutePlan.java:102)&#10;at org.finos.legend.engine.plan.execution.api.ExecutePlan.doExecutePlan(ExecutePlan.java:84)&#10;at org.finos.legend.engine.plan.execution.api.ExecutePlanLegacy.executePlan(ExecutePlanLegacy.java:56)&#10;at jdk.internal.reflect.GeneratedMethodAccessor100.invoke(Unknown Source)&#10;at java.base/jdk.internal.reflect.DelegatingMethodAccessorImpl.invoke(DelegatingMethodAccessorImpl.java:43)&#10;at java.base/java.lang.reflect.Method.invoke(Method.java:566)&#10;at org.glassfish.jersey.server.model.internal.ResourceMethodInvocationHandlerFactory$1.invoke(ResourceMethodInvocationHandlerFactory.java:81)&#10;at org.glassfish.jersey.server.model.internal.AbstractJavaResourceMethodDispatcher$1.run(AbstractJavaResourceMethodDispatcher.java:144)&#10;at org.glassfish.jersey.server.model.internal.AbstractJavaResourceMethodDispatcher.invoke(AbstractJavaResourceMethodDispatcher.java:161)&#10;at org.glassfish.jersey.server.model.internal.JavaResourceMethodDispatcherProvider$ResponseOutInvoker.doDispatch(JavaResourceMethodDispatcherProvider.java:160)&#10;at org.glassfish.jersey.server.model.internal.AbstractJavaResourceMethodDispatcher.dispatch(AbstractJavaResourceMethodDispatcher.java:99)&#10;at org.glassfish.jersey.server.model.ResourceMethodInvoker.invoke(ResourceMethodInvoker.java:389)&#10;at org.glassfish.jersey.server.model.ResourceMethodInvoker.apply(ResourceMethodInvoker.java:347)&#10;at org.glassfish.jersey.server.model.ResourceMethodInvoker.apply(ResourceMethodInvoker.java:102)&#10;at org.glassfish.jersey.server.ServerRuntime$2.run(ServerRuntime.java:326)&#10;at org.glassfish.jersey.internal.Errors$1.call(Errors.java:271)&#10;at org.glassfish.jersey.internal.Errors$1.call(Errors.java:267)&#10;at org.glassfish.jersey.internal.Errors.process(Errors.java:315)&#10;at org.glassfish.jersey.internal.Errors.process(Errors.java:297)&#10;at org.glassfish.jersey.internal.Errors.process(Errors.java:267)&#10;at org.glassfish.jersey.process.internal.RequestScope.runInScope(RequestScope.java:317)&#10;at org.glassfish.jersey.server.ServerRuntime.process(ServerRuntime.java:305)&#10;at org.glassfish.jersey.server.ApplicationHandler.handle(ApplicationHandler.java:1154)&#10;at org.glassfish.jersey.servlet.WebComponent.serviceImpl(WebComponent.java:473)&#10;at org.glassfish.jersey.servlet.WebComponent.service(WebComponent.java:427)&#10;at org.glassfish.jersey.servlet.ServletContainer.service(ServletContainer.java:388)&#10;at org.glassfish.jersey.servlet.ServletContainer.service(ServletContainer.java:341)&#10;at org.glassfish.jersey.servlet.ServletContainer.service(ServletContainer.java:228)&#10;at org.eclipse.jetty.servlet.ServletHolder.handle(ServletHolder.java:799)&#10;at org.eclipse.jetty.servlet.ServletHandler$ChainEnd.doFilter(ServletHandler.java:1631)&#10;at io.dropwizard.servlets.ThreadNameFilter.doFilter(ThreadNameFilter.java:35)&#10;at org.eclipse.jetty.servlet.FilterHolder.doFilter(FilterHolder.java:193)&#10;at org.eclipse.jetty.servlet.ServletHandler$Chain.doFilter(ServletHandler.java:1601)&#10;at io.dropwizard.jersey.filter.AllowedMethodsFilter.handle(AllowedMethodsFilter.java:45)&#10;at io.dropwizard.jersey.filter.AllowedMethodsFilter.doFilter(AllowedMethodsFilter.java:39)&#10;at org.eclipse.jetty.servlet.FilterHolder.doFilter(FilterHolder.java:193)&#10;at org.eclipse.jetty.servlet.ServletHandler$Chain.doFilter(ServletHandler.java:1601)&#10;at org.finos.legend.server.pac4j.internal.UsernameFilter.doFilter(UsernameFilter.java:51)&#10;at org.eclipse.jetty.servlet.FilterHolder.doFilter(FilterHolder.java:193)&#10;at org.eclipse.jetty.servlet.ServletHandler$Chain.doFilter(ServletHandler.java:1601)&#10;at org.pac4j.j2e.filter.SecurityFilter.lambda$internalFilter$0(SecurityFilter.java:95)&#10;at org.pac4j.core.engine.DefaultSecurityLogic.perform(DefaultSecurityLogic.java:140)&#10;at org.pac4j.j2e.filter.SecurityFilter.internalFilter(SecurityFilter.java:93)&#10;at org.pac4j.j2e.filter.AbstractConfigFilter.doFilter(AbstractConfigFilter.java:81)&#10;at org.eclipse.jetty.servlet.FilterHolder.doFilter(FilterHolder.java:193)&#10;at org.eclipse.jetty.servlet.ServletHandler$Chain.doFilter(ServletHandler.java:1601)&#10;at org.eclipse.jetty.servlet.ServletHandler.doHandle(ServletHandler.java:548)&#10;at org.eclipse.jetty.server.handler.ScopedHandler.nextHandle(ScopedHandler.java:233)&#10;at org.eclipse.jetty.server.session.SessionHandler.doHandle(SessionHandler.java:1624)&#10;at org.eclipse.jetty.server.handler.ScopedHandler.nextHandle(ScopedHandler.java:233)&#10;at org.eclipse.jetty.server.handler.ContextHandler.doHandle(ContextHandler.java:1434)&#10;at org.eclipse.jetty.server.handler.ScopedHandler.nextScope(ScopedHandler.java:188)&#10;at org.eclipse.jetty.servlet.ServletHandler.doScope(ServletHandler.java:501)&#10;at org.eclipse.jetty.server.session.SessionHandler.doScope(SessionHandler.java:1594)&#10;at org.eclipse.jetty.server.handler.ScopedHandler.nextScope(ScopedHandler.java:186)&#10;at org.eclipse.jetty.server.handler.ContextHandler.doScope(ContextHandler.java:1349)&#10;at org.eclipse.jetty.server.handler.ScopedHandler.handle(ScopedHandler.java:141)&#10;at org.eclipse.jetty.server.handler.HandlerWrapper.handle(HandlerWrapper.java:127)&#10;at com.codahale.metrics.jetty9.InstrumentedHandler.handle(InstrumentedHandler.java:313)&#10;at io.dropwizard.jetty.ContextRoutingHandler.handle(ContextRoutingHandler.java:37)&#10;at org.eclipse.jetty.server.handler.gzip.GzipHandler.handle(GzipHandler.java:713)&#10;at io.dropwizard.jetty.BiDiGzipHandler.handle(BiDiGzipHandler.java:67)&#10;at org.eclipse.jetty.server.handler.StatisticsHandler.handle(StatisticsHandler.java:179)&#10;at org.eclipse.jetty.server.handler.HandlerWrapper.handle(HandlerWrapper.java:127)&#10;at org.eclipse.jetty.server.Server.handle(Server.java:516)&#10;at org.eclipse.jetty.server.HttpChannel.lambda$handle$1(HttpChannel.java:400)&#10;at org.eclipse.jetty.server.HttpChannel.dispatch(HttpChannel.java:645)&#10;at org.eclipse.jetty.server.HttpChannel.handle(HttpChannel.java:392)&#10;at org.eclipse.jetty.server.HttpConnection.onFillable(HttpConnection.java:277)&#10;at org.eclipse.jetty.io.AbstractConnection$ReadCallback.succeeded(AbstractConnection.java:311)&#10;at org.eclipse.jetty.io.FillInterest.fillable(FillInterest.java:105)&#10;at org.eclipse.jetty.io.ChannelEndPoint$1.run(ChannelEndPoint.java:104)&#10;at org.eclipse.jetty.util.thread.strategy.EatWhatYouKill.runTask(EatWhatYouKill.java:338)&#10;at org.eclipse.jetty.util.thread.strategy.EatWhatYouKill.doProduce(EatWhatYouKill.java:315)&#10;at org.eclipse.jetty.util.thread.strategy.EatWhatYouKill.tryProduce(EatWhatYouKill.java:173)&#10;at org.eclipse.jetty.util.thread.strategy.EatWhatYouKill.run(EatWhatYouKill.java:131)&#10;at org.eclipse.jetty.util.thread.ReservedThreadExecutor$ReservedThread.run(ReservedThreadExecutor.java:409)&#10;at org.eclipse.jetty.util.thread.QueuedThreadPool.runJob(QueuedThreadPool.java:883)&#10;at org.eclipse.jetty.util.thread.QueuedThreadPool$Runner.run(QueuedThreadPool.java:1034)&#10;at java.base/java.lang.Thread.run(Thread.java:829)&#10;Caused by: net.snowflake.client.jdbc.SnowflakeSQLException: SQL compilation error:&#10;Function DATE_TRUNC does not support VARCHAR(19) argument type&#10;at net.snowflake.client.jdbc.SnowflakeUtil.checkErrorAndThrowExceptionSub(SnowflakeUtil.java:127)&#10;at net.snowflake.client.jdbc.SnowflakeUtil.checkErrorAndThrowException(SnowflakeUtil.java:67)&#10;at net.snowflake.client.core.StmtUtil.pollForOutput(StmtUtil.java:442)&#10;at net.snowflake.client.core.StmtUtil.execute(StmtUtil.java:345)&#10;at net.snowflake.client.core.SFStatement.executeHelper(SFStatement.java:486)&#10;at net.snowflake.client.core.SFStatement.executeQueryInternal(SFStatement.java:197)&#10;at net.snowflake.client.core.SFStatement.executeQuery(SFStatement.java:134)&#10;at net.snowflake.client.core.SFStatement.execute(SFStatement.java:743)&#10;at net.snowflake.client.core.SFStatement.execute(SFStatement.java:639)&#10;at net.snowflake.client.jdbc.SnowflakeStatementV1.executeQueryInternal(SnowflakeStatementV1.java:238)&#10;at net.snowflake.client.jdbc.SnowflakeStatementV1.executeQuery(SnowflakeStatementV1.java:133)&#10;at com.zaxxer.hikari.pool.ProxyStatement.executeQuery(ProxyStatement.java:110)&#10;at com.zaxxer.hikari.pool.HikariProxyStatement.executeQuery(HikariProxyStatement.java)&#10;at org.finos.legend.engine.plan.execution.stores.relational.result.SQLExecutionResult.&lt;init&gt;(SQLExecutionResult.java:95)&#10;... 101 more&#10;&quot;}&apos;&quot;" type="Assert failure at (resource"><![CDATA[Assert failure at (resource:/platform/pure/basics/tests/assertEq.pure line:34 column:5), "500 '{"code":-1,"message":"SnowflakeSQLException: SQL compilation error:
Function DATE_TRUNC does not support VARCHAR(19) argument type","status":"error","trace":"java.lang.RuntimeException: net.snowflake.client.jdbc.SnowflakeSQLException: SQL compilation error:
Function DATE_TRUNC does not support VARCHAR(19) argument type
at org.finos.legend.engine.plan.execution.stores.relational.result.SQLExecutionResult.<init>(SQLExecutionResult.java:123)
at org.finos.legend.engine.plan.execution.stores.relational.RelationalExecutor.execute(RelationalExecutor.java:241)
at org.finos.legend.engine.plan.execution.stores.relational.plugin.RelationalExecutionNodeExecutor.visit(RelationalExecutionNodeExecutor.java:238)
at org.finos.legend.engine.plan.execution.stores.relational.plugin.RelationalExecutionNodeExecutor.visit(RelationalExecutionNodeExecutor.java:346)
at org.finos.legend.engine.plan.execution.stores.relational.plugin.RelationalExecutionNodeExecutor.visit(RelationalExecutionNodeExecutor.java:92)
at org.finos.legend.engine.protocol.pure.v1.model.executionPlan.nodes.RelationalDataTypeInstantiationExecutionNode.accept(RelationalDataTypeInstantiationExecutionNode.java:22)
at org.finos.legend.engine.plan.execution.stores.relational.RelationalExecutionExtension.lambda$getExtraNodeExecutors$fbe53481$1(RelationalExecutionExtension.java:50)
at org.finos.legend.engine.plan.execution.nodes.ExecutionNodeExecutor.lambda$visit$0(ExecutionNodeExecutor.java:164)
at java.base/java.util.stream.ReferencePipeline$3$1.accept(ReferencePipeline.java:195)
at java.base/java.util.Spliterators$ArraySpliterator.tryAdvance(Spliterators.java:958)
at java.base/java.util.stream.ReferencePipeline.forEachWithCancel(ReferencePipeline.java:127)
at java.base/java.util.stream.AbstractPipeline.copyIntoWithCancel(AbstractPipeline.java:502)
at java.base/java.util.stream.AbstractPipeline.copyInto(AbstractPipeline.java:488)
at java.base/java.util.stream.AbstractPipeline.wrapAndCopyInto(AbstractPipeline.java:474)
at java.base/java.util.stream.FindOps$FindOp.evaluateSequential(FindOps.java:150)
at java.base/java.util.stream.AbstractPipeline.evaluate(AbstractPipeline.java:234)
at java.base/java.util.stream.ReferencePipeline.findFirst(ReferencePipeline.java:543)
at org.finos.legend.engine.plan.execution.nodes.ExecutionNodeExecutor.visit(ExecutionNodeExecutor.java:164)
at org.finos.legend.engine.plan.execution.nodes.ExecutionNodeExecutor.visit(ExecutionNodeExecutor.java:107)
at org.finos.legend.engine.protocol.pure.v1.model.executionPlan.nodes.RelationalDataTypeInstantiationExecutionNode.accept(RelationalDataTypeInstantiationExecutionNode.java:22)
at org.finos.legend.engine.plan.execution.PlanExecutor.execute(PlanExecutor.java:238)
at org.finos.legend.engine.plan.execution.PlanExecutor.execute(PlanExecutor.java:225)
at org.finos.legend.engine.plan.execution.api.ExecutePlan.doExecutePlanLegacy(ExecutePlan.java:102)
at org.finos.legend.engine.plan.execution.api.ExecutePlan.doExecutePlan(ExecutePlan.java:84)
at org.finos.legend.engine.plan.execution.api.ExecutePlanLegacy.executePlan(ExecutePlanLegacy.java:56)
at jdk.internal.reflect.GeneratedMethodAccessor100.invoke(Unknown Source)
at java.base/jdk.internal.reflect.DelegatingMethodAccessorImpl.invoke(DelegatingMethodAccessorImpl.java:43)
at java.base/java.lang.reflect.Method.invoke(Method.java:566)
at org.glassfish.jersey.server.model.internal.ResourceMethodInvocationHandlerFactory$1.invoke(ResourceMethodInvocationHandlerFactory.java:81)
at org.glassfish.jersey.server.model.internal.AbstractJavaResourceMethodDispatcher$1.run(AbstractJavaResourceMethodDispatcher.java:144)
at org.glassfish.jersey.server.model.internal.AbstractJavaResourceMethodDispatcher.invoke(AbstractJavaResourceMethodDispatcher.java:161)
at org.glassfish.jersey.server.model.internal.JavaResourceMethodDispatcherProvider$ResponseOutInvoker.doDispatch(JavaResourceMethodDispatcherProvider.java:160)
at org.glassfish.jersey.server.model.internal.AbstractJavaResourceMethodDispatcher.dispatch(AbstractJavaResourceMethodDispatcher.java:99)
at org.glassfish.jersey.server.model.ResourceMethodInvoker.invoke(ResourceMethodInvoker.java:389)
at org.glassfish.jersey.server.model.ResourceMethodInvoker.apply(ResourceMethodInvoker.java:347)
at org.glassfish.jersey.server.model.ResourceMethodInvoker.apply(ResourceMethodInvoker.java:102)
at org.glassfish.jersey.server.ServerRuntime$2.run(ServerRuntime.java:326)
at org.glassfish.jersey.internal.Errors$1.call(Errors.java:271)
at org.glassfish.jersey.internal.Errors$1.call(Errors.java:267)
at org.glassfish.jersey.internal.Errors.process(Errors.java:315)
at org.glassfish.jersey.internal.Errors.process(Errors.java:297)
at org.glassfish.jersey.internal.Errors.process(Errors.java:267)
at org.glassfish.jersey.process.internal.RequestScope.runInScope(RequestScope.java:317)
at org.glassfish.jersey.server.ServerRuntime.process(ServerRuntime.java:305)
at org.glassfish.jersey.server.ApplicationHandler.handle(ApplicationHandler.java:1154)
at org.glassfish.jersey.servlet.WebComponent.serviceImpl(WebComponent.java:473)
at org.glassfish.jersey.servlet.WebComponent.service(WebComponent.java:427)
at org.glassfish.jersey.servlet.ServletContainer.service(ServletContainer.java:388)
at org.glassfish.jersey.servlet.ServletContainer.service(ServletContainer.java:341)
at org.glassfish.jersey.servlet.ServletContainer.service(ServletContainer.java:228)
at org.eclipse.jetty.servlet.ServletHolder.handle(ServletHolder.java:799)
at org.eclipse.jetty.servlet.ServletHandler$ChainEnd.doFilter(ServletHandler.java:1631)
at io.dropwizard.servlets.ThreadNameFilter.doFilter(ThreadNameFilter.java:35)
at org.eclipse.jetty.servlet.FilterHolder.doFilter(FilterHolder.java:193)
at org.eclipse.jetty.servlet.ServletHandler$Chain.doFilter(ServletHandler.java:1601)
at io.dropwizard.jersey.filter.AllowedMethodsFilter.handle(AllowedMethodsFilter.java:45)
at io.dropwizard.jersey.filter.AllowedMethodsFilter.doFilter(AllowedMethodsFilter.java:39)
at org.eclipse.jetty.servlet.FilterHolder.doFilter(FilterHolder.java:193)
at org.eclipse.jetty.servlet.ServletHandler$Chain.doFilter(ServletHandler.java:1601)
at org.finos.legend.server.pac4j.internal.UsernameFilter.doFilter(UsernameFilter.java:51)
at org.eclipse.jetty.servlet.FilterHolder.doFilter(FilterHolder.java:193)
at org.eclipse.jetty.servlet.ServletHandler$Chain.doFilter(ServletHandler.java:1601)
at org.pac4j.j2e.filter.SecurityFilter.lambda$internalFilter$0(SecurityFilter.java:95)
at org.pac4j.core.engine.DefaultSecurityLogic.perform(DefaultSecurityLogic.java:140)
at org.pac4j.j2e.filter.SecurityFilter.internalFilter(SecurityFilter.java:93)
at org.pac4j.j2e.filter.AbstractConfigFilter.doFilter(AbstractConfigFilter.java:81)
at org.eclipse.jetty.servlet.FilterHolder.doFilter(FilterHolder.java:193)
at org.eclipse.jetty.servlet.ServletHandler$Chain.doFilter(ServletHandler.java:1601)
at org.eclipse.jetty.servlet.ServletHandler.doHandle(ServletHandler.java:548)
at org.eclipse.jetty.server.handler.ScopedHandler.nextHandle(ScopedHandler.java:233)
at org.eclipse.jetty.server.session.SessionHandler.doHandle(SessionHandler.java:1624)
at org.eclipse.jetty.server.handler.ScopedHandler.nextHandle(ScopedHandler.java:233)
at org.eclipse.jetty.server.handler.ContextHandler.doHandle(ContextHandler.java:1434)
at org.eclipse.jetty.server.handler.ScopedHandler.nextScope(ScopedHandler.java:188)
at org.eclipse.jetty.servlet.ServletHandler.doScope(ServletHandler.java:501)
at org.eclipse.jetty.server.session.SessionHandler.doScope(SessionHandler.java:1594)
at org.eclipse.jetty.server.handler.ScopedHandler.nextScope(ScopedHandler.java:186)
at org.eclipse.jetty.server.handler.ContextHandler.doScope(ContextHandler.java:1349)
at org.eclipse.jetty.server.handler.ScopedHandler.handle(ScopedHandler.java:141)
at org.eclipse.jetty.server.handler.HandlerWrapper.handle(HandlerWrapper.java:127)
at com.codahale.metrics.jetty9.InstrumentedHandler.handle(InstrumentedHandler.java:313)
at io.dropwizard.jetty.ContextRoutingHandler.handle(ContextRoutingHandler.java:37)
at org.eclipse.jetty.server.handler.gzip.GzipHandler.handle(GzipHandler.java:713)
at io.dropwizard.jetty.BiDiGzipHandler.handle(BiDiGzipHandler.java:67)
at org.eclipse.jetty.server.handler.StatisticsHandler.handle(StatisticsHandler.java:179)
at org.eclipse.jetty.server.handler.HandlerWrapper.handle(HandlerWrapper.java:127)
at org.eclipse.jetty.server.Server.handle(Server.java:516)
at org.eclipse.jetty.server.HttpChannel.lambda$handle$1(HttpChannel.java:400)
at org.eclipse.jetty.server.HttpChannel.dispatch(HttpChannel.java:645)
at org.eclipse.jetty.server.HttpChannel.handle(HttpChannel.java:392)
at org.eclipse.jetty.server.HttpConnection.onFillable(HttpConnection.java:277)
at org.eclipse.jetty.io.AbstractConnection$ReadCallback.succeeded(AbstractConnection.java:311)
at org.eclipse.jetty.io.FillInterest.fillable(FillInterest.java:105)
at org.eclipse.jetty.io.ChannelEndPoint$1.run(ChannelEndPoint.java:104)
at org.eclipse.jetty.util.thread.strategy.EatWhatYouKill.runTask(EatWhatYouKill.java:338)
at org.eclipse.jetty.util.thread.strategy.EatWhatYouKill.doProduce(EatWhatYouKill.java:315)
at org.eclipse.jetty.util.thread.strategy.EatWhatYouKill.tryProduce(EatWhatYouKill.java:173)
at org.eclipse.jetty.util.thread.strategy.EatWhatYouKill.run(EatWhatYouKill.java:131)
at org.eclipse.jetty.util.thread.ReservedThreadExecutor$ReservedThread.run(ReservedThreadExecutor.java:409)
at org.eclipse.jetty.util.thread.QueuedThreadPool.runJob(QueuedThreadPool.java:883)
at org.eclipse.jetty.util.thread.QueuedThreadPool$Runner.run(QueuedThreadPool.java:1034)
at java.base/java.lang.Thread.run(Thread.java:829)
Caused by: net.snowflake.client.jdbc.SnowflakeSQLException: SQL compilation error:
Function DATE_TRUNC does not support VARCHAR(19) argument type
at net.snowflake.client.jdbc.SnowflakeUtil.checkErrorAndThrowExceptionSub(SnowflakeUtil.java:127)
at net.snowflake.client.jdbc.SnowflakeUtil.checkErrorAndThrowException(SnowflakeUtil.java:67)
at net.snowflake.client.core.StmtUtil.pollForOutput(StmtUtil.java:442)
at net.snowflake.client.core.StmtUtil.execute(StmtUtil.java:345)
at net.snowflake.client.core.SFStatement.executeHelper(SFStatement.java:486)
at net.snowflake.client.core.SFStatement.executeQueryInternal(SFStatement.java:197)
at net.snowflake.client.core.SFStatement.executeQuery(SFStatement.java:134)
at net.snowflake.client.core.SFStatement.execute(SFStatement.java:743)
at net.snowflake.client.core.SFStatement.execute(SFStatement.java:639)
at net.snowflake.client.jdbc.SnowflakeStatementV1.executeQueryInternal(SnowflakeStatementV1.java:238)
at net.snowflake.client.jdbc.SnowflakeStatementV1.executeQuery(SnowflakeStatementV1.java:133)
at com.zaxxer.hikari.pool.ProxyStatement.executeQuery(ProxyStatement.java:110)
at com.zaxxer.hikari.pool.HikariProxyStatement.executeQuery(HikariProxyStatement.java)
at org.finos.legend.engine.plan.execution.stores.relational.result.SQLExecutionResult.<init>(SQLExecutionResult.java:95)
... 101 more
"}'"
	at org.finos.legend.pure.runtime.java.compiled.generation.processors.support.CompiledSupport.pureAssert(CompiledSupport.java:1994)
	at org.finos.legend.pure.generated.platform_pure_basics_tests_assertEq.Root_meta_pure_functions_asserts_assertEq_Any_1__Any_1__Function_1__Boolean_1_(platform_pure_basics_tests_assertEq.java:44)
	at org.finos.legend.pure.generated.core_pure_protocol_vX_X_X_invocations_execution.Root_meta_protocols_pure_vX_X_X_invocation_execution_execute_executePlan_String_1__String_1__Integer_1__String_1_(core_pure_protocol_vX_X_X_invocations_execution.java:751)
	at org.finos.legend.pure.generated.core_pure_protocol_vX_X_X_invocations_execution.Root_meta_protocols_pure_vX_X_X_invocation_execution_execute_executePlan_ExecutionPlan_1__String_1__Integer_1__Extension_MANY__String_1_(core_pure_protocol_vX_X_X_invocations_execution.java:745)
	at org.finos.legend.pure.generated.core_pure_protocol_vX_X_X_invocations_execution.Root_meta_protocols_pure_vX_X_X_invocation_execution_execute_executePlan_ExecutionPlan_1__ExecutionContext_$0_1$__String_1__Integer_1__Extension_MANY__Result_1_(core_pure_protocol_vX_X_X_invocations_execution.java:738)
	at jdk.internal.reflect.GeneratedMethodAccessor96.invoke(Unknown Source)
	at java.base/jdk.internal.reflect.DelegatingMethodAccessorImpl.invoke(DelegatingMethodAccessorImpl.java:43)
	at java.base/java.lang.reflect.Method.invoke(Method.java:566)
	at org.finos.legend.pure.runtime.java.compiled.metadata.JavaMethodWithParamsSharedPureFunction.execute(JavaMethodWithParamsSharedPureFunction.java:59)
	at org.finos.legend.pure.runtime.java.compiled.generation.processors.support.Pure._evaluateToMany(Pure.java:546)
	at org.finos.legend.pure.generated.CoreGen.evaluateToMany(CoreGen.java:147)
	at org.finos.legend.pure.generated.CoreGen.evaluateToMany(CoreGen.java:134)
	at org.finos.legend.pure.generated.core_pure_router_router_entry$9$1.value(core_pure_router_router_entry.java:318)
	at org.finos.legend.pure.generated.core_pure_router_router_entry$9$1.execute(core_pure_router_router_entry.java:311)
	at org.finos.legend.pure.generated.core_pure_router_router_entry$9$1.execute(core_pure_router_router_entry.java:307)
	at org.finos.legend.pure.runtime.java.compiled.generation.processors.support.Pure.evaluate(Pure.java:485)
	at org.finos.legend.pure.runtime.java.compiled.generation.processors.support.Pure.legendTest(Pure.java:216)
	at org.finos.legend.pure.generated.CoreGen.legendTest(CoreGen.java:61)
	at org.finos.legend.pure.generated.core_pure_router_router_entry$9.valueOf(core_pure_router_router_entry.java:303)
	at org.finos.legend.pure.generated.core_pure_router_router_entry$9.execute(core_pure_router_router_entry.java:298)
	at org.finos.legend.pure.generated.core_pure_router_router_entry$9.execute(core_pure_router_router_entry.java:294)
	at org.finos.legend.pure.runtime.java.compiled.generation.processors.support.Pure.evaluate(Pure.java:485)
	at org.finos.legend.pure.runtime.java.compiled.generation.processors.support.Pure.traceSpan(Pure.java:1482)
	at org.finos.legend.pure.generated.CoreGen.traceSpan(CoreGen.java:203)
	at org.finos.legend.pure.generated.core_pure_router_router_entry.Root_meta_pure_router_executePlan_ExecutionPlan_1__ExecutionContext_1__Extension_MANY__Result_$0_1$_(core_pure_router_router_entry.java:290)
	at org.finos.legend.pure.generated.core_pure_router_router_entry.Root_meta_pure_router_executePlan_ExecutionPlan_1__Extension_MANY__Result_$0_1$_(core_pure_router_router_entry.java:285)
	at org.finos.legend.pure.generated.core_relational_relational_sqlQueryToString_dbTestRunner_testRunner$20.execute(core_relational_relational_sqlQueryToString_dbTestRunner_testRunner.java:386)
	at org.finos.legend.pure.generated.core_relational_relational_sqlQueryToString_dbTestRunner_testRunner.Root_meta_relational_dbTestRunner_runSqlQueryTest_SQLQuery_1__Literal_$1_MANY$__Pair_MANY__Function_$0_1$__DbTestConfig_1__Boolean_1_(core_relational_relational_sqlQueryToString_dbTestRunner_testRunner.java:424)
	at org.finos.legend.pure.generated.core_relational_relational_sqlQueryToString_dbTestRunner_testRunner.Root_meta_relational_dbTestRunner_runSqlQueryTest_SQLQuery_1__Literal_$1_MANY$__Function_$0_1$__DbTestConfig_1__Boolean_1_(core_relational_relational_sqlQueryToString_dbTestRunner_testRunner.java:374)
	at org.finos.legend.pure.generated.core_relational_relational_sqlQueryToString_dbTestRunner_dynaFunctionTestRunner.Root_meta_relational_dbTestRunner_runDynaFunctionDatabaseTest_DynaFunction_1__Literal_$1_MANY$__Function_$0_1$__DbTestConfig_1__Boolean_1_(core_relational_relational_sqlQueryToString_dbTestRunner_dynaFunctionTestRunner.java:64)
	at org.finos.legend.pure.generated.core_relational_relational_sqlQueryToString_dbTestRunner_dynaFunctionTestRunner.Root_meta_relational_dbTestRunner_runDynaFunctionDatabaseTest_DynaFunction_1__Literal_$1_MANY$__DbTestConfig_1__Boolean_1_(core_relational_relational_sqlQueryToString_dbTestRunner_dynaFunctionTestRunner.java:58)
	at org.finos.legend.pure.generated.core_relational_relational_sqlQueryToString_testSuite_dynaFunctions_date.Root_meta_relational_tests_dbSpecificTests_sqlQueryTests_dynaFunctions_firstDayOfMonth_testFirstDayOfMonth_DbTestConfig_1__Boolean_1_(core_relational_relational_sqlQueryToString_testSuite_dynaFunctions_date.java:249)
	at java.base/jdk.internal.reflect.NativeMethodAccessorImpl.invoke0(Native Method)
	at java.base/jdk.internal.reflect.NativeMethodAccessorImpl.invoke(NativeMethodAccessorImpl.java:62)
	at java.base/jdk.internal.reflect.DelegatingMethodAccessorImpl.invoke(DelegatingMethodAccessorImpl.java:43)
	at java.base/java.lang.reflect.Method.invoke(Method.java:566)
	at org.finos.legend.pure.runtime.java.compiled.testHelper.PureTestBuilderCompiled.executeFn(PureTestBuilderCompiled.java:113)
	at org.finos.legend.pure.runtime.java.compiled.testHelper.PureTestBuilderCompiled.lambda$buildSuite$0(PureTestBuilderCompiled.java:79)
	at org.finos.legend.pure.m3.execution.test.PureTestBuilder$PureTestCase.runTest(PureTestBuilder.java:95)
	at junit.framework.TestCase.runBare(TestCase.java:142)
	at org.finos.legend.engine.server.test.shared.Relational_DbSpecific_UsingPureClientTestSuite$2.runTest(Relational_DbSpecific_UsingPureClientTestSuite.java:90)
	at junit.framework.TestCase.runBare(TestCase.java:142)
	at junit.framework.TestResult$1.protect(TestResult.java:122)
	at junit.framework.TestResult.runProtected(TestResult.java:142)
	at junit.framework.TestResult.run(TestResult.java:125)
	at junit.framework.TestCase.run(TestCase.java:130)
	at junit.framework.TestSuite.runTest(TestSuite.java:241)
	at junit.framework.TestSuite.run(TestSuite.java:236)
	at junit.framework.TestSuite.runTest(TestSuite.java:241)
	at junit.framework.TestSuite.run(TestSuite.java:236)
	at junit.framework.TestSuite.runTest(TestSuite.java:241)
	at junit.framework.TestSuite.run(TestSuite.java:236)
	at junit.framework.TestSuite.runTest(TestSuite.java:241)
	at junit.framework.TestSuite.run(TestSuite.java:236)
	at junit.framework.TestSuite.runTest(TestSuite.java:241)
	at junit.framework.TestSuite.run(TestSuite.java:236)
	at junit.extensions.TestDecorator.basicRun(TestDecorator.java:24)
	at junit.extensions.TestSetup$1.protect(TestSetup.java:23)
	at junit.framework.TestResult.runProtected(TestResult.java:142)
	at junit.extensions.TestSetup.run(TestSetup.java:27)
	at org.junit.internal.runners.JUnit38ClassRunner.run(JUnit38ClassRunner.java:90)
	at org.apache.maven.surefire.junit4.JUnit4Provider.execute(JUnit4Provider.java:365)
	at org.apache.maven.surefire.junit4.JUnit4Provider.executeWithRerun(JUnit4Provider.java:273)
	at org.apache.maven.surefire.junit4.JUnit4Provider.executeTestSet(JUnit4Provider.java:238)
	at org.apache.maven.surefire.junit4.JUnit4Provider.invoke(JUnit4Provider.java:159)
	at org.apache.maven.surefire.booter.ForkedBooter.invokeProviderInSameClassLoader(ForkedBooter.java:384)
	at org.apache.maven.surefire.booter.ForkedBooter.runSuitesInProcess(ForkedBooter.java:345)
	at org.apache.maven.surefire.booter.ForkedBooter.execute(ForkedBooter.java:126)
	at org.apache.maven.surefire.booter.ForkedBooter.main(ForkedBooter.java:418)
]]></error>
    <system-out><![CDATA[Running db test dynaFunctions::firstDayOfMonth::testFirstDayOfMonth
{"duration":0.0,"eventType":"EXECUTION_PLAN_EXEC_ERROR","info":{"code":-1,"message":"SnowflakeSQLException: SQL compilation error:\nFunction DATE_TRUNC does not support VARCHAR(19) argument type","status":"error","trace":"java.lang.RuntimeException: net.snowflake.client.jdbc.SnowflakeSQLException: SQL compilation error:\nFunction DATE_TRUNC does not support VARCHAR(19) argument type\n\tat org.finos.legend.engine.plan.execution.stores.relational.result.SQLExecutionResult.<init>(SQLExecutionResult.java:123)\n\tat org.finos.legend.engine.plan.execution.stores.relational.RelationalExecutor.execute(RelationalExecutor.java:241)\n\tat org.finos.legend.engine.plan.execution.stores.relational.plugin.RelationalExecutionNodeExecutor.visit(RelationalExecutionNodeExecutor.java:238)\n\tat org.finos.legend.engine.plan.execution.stores.relational.plugin.RelationalExecutionNodeExecutor.visit(RelationalExecutionNodeExecutor.java:346)\n\tat org.finos.legend.engine.plan.execution.stores.relational.plugin.RelationalExecutionNodeExecutor.visit(RelationalExecutionNodeExecutor.java:92)\n\tat org.finos.legend.engine.protocol.pure.v1.model.executionPlan.nodes.RelationalDataTypeInstantiationExecutionNode.accept(RelationalDataTypeInstantiationExecutionNode.java:22)\n\tat org.finos.legend.engine.plan.execution.stores.relational.RelationalExecutionExtension.lambda$getExtraNodeExecutors$fbe53481$1(RelationalExecutionExtension.java:50)\n\tat org.finos.legend.engine.plan.execution.nodes.ExecutionNodeExecutor.lambda$visit$0(ExecutionNodeExecutor.java:164)\n\tat java.base/java.util.stream.ReferencePipeline$3$1.accept(ReferencePipeline.java:195)\n\tat java.base/java.util.Spliterators$ArraySpliterator.tryAdvance(Spliterators.java:958)\n\tat java.base/java.util.stream.ReferencePipeline.forEachWithCancel(ReferencePipeline.java:127)\n\tat java.base/java.util.stream.AbstractPipeline.copyIntoWithCancel(AbstractPipeline.java:502)\n\tat java.base/java.util.stream.AbstractPipeline.copyInto(AbstractPipeline.java:488)\n\tat java.base/java.util.stream.AbstractPipeline.wrapAndCopyInto(AbstractPipeline.java:474)\n\tat java.base/java.util.stream.FindOps$FindOp.evaluateSequential(FindOps.java:150)\n\tat java.base/java.util.stream.AbstractPipeline.evaluate(AbstractPipeline.java:234)\n\tat java.base/java.util.stream.ReferencePipeline.findFirst(ReferencePipeline.java:543)\n\tat org.finos.legend.engine.plan.execution.nodes.ExecutionNodeExecutor.visit(ExecutionNodeExecutor.java:164)\n\tat org.finos.legend.engine.plan.execution.nodes.ExecutionNodeExecutor.visit(ExecutionNodeExecutor.java:107)\n\tat org.finos.legend.engine.protocol.pure.v1.model.executionPlan.nodes.RelationalDataTypeInstantiationExecutionNode.accept(RelationalDataTypeInstantiationExecutionNode.java:22)\n\tat org.finos.legend.engine.plan.execution.PlanExecutor.execute(PlanExecutor.java:238)\n\tat org.finos.legend.engine.plan.execution.PlanExecutor.execute(PlanExecutor.java:225)\n\tat org.finos.legend.engine.plan.execution.api.ExecutePlan.doExecutePlanLegacy(ExecutePlan.java:102)\n\tat org.finos.legend.engine.plan.execution.api.ExecutePlan.doExecutePlan(ExecutePlan.java:84)\n\tat org.finos.legend.engine.plan.execution.api.ExecutePlanLegacy.executePlan(ExecutePlanLegacy.java:56)\n\tat jdk.internal.reflect.GeneratedMethodAccessor100.invoke(Unknown Source)\n\tat java.base/jdk.internal.reflect.DelegatingMethodAccessorImpl.invoke(DelegatingMethodAccessorImpl.java:43)\n\tat java.base/java.lang.reflect.Method.invoke(Method.java:566)\n\tat org.glassfish.jersey.server.model.internal.ResourceMethodInvocationHandlerFactory$1.invoke(ResourceMethodInvocationHandlerFactory.java:81)\n\tat org.glassfish.jersey.server.model.internal.AbstractJavaResourceMethodDispatcher$1.run(AbstractJavaResourceMethodDispatcher.java:144)\n\tat org.glassfish.jersey.server.model.internal.AbstractJavaResourceMethodDispatcher.invoke(AbstractJavaResourceMethodDispatcher.java:161)\n\tat org.glassfish.jersey.server.model.internal.JavaResourceMethodDispatcherProvider$ResponseOutInvoker.doDispatch(JavaResourceMethodDispatcherProvider.java:160)\n\tat org.glassfish.jersey.server.model.internal.AbstractJavaResourceMethodDispatcher.dispatch(AbstractJavaResourceMethodDispatcher.java:99)\n\tat org.glassfish.jersey.server.model.ResourceMethodInvoker.invoke(ResourceMethodInvoker.java:389)\n\tat org.glassfish.jersey.server.model.ResourceMethodInvoker.apply(ResourceMethodInvoker.java:347)\n\tat org.glassfish.jersey.server.model.ResourceMethodInvoker.apply(ResourceMethodInvoker.java:102)\n\tat org.glassfish.jersey.server.ServerRuntime$2.run(ServerRuntime.java:326)\n\tat org.glassfish.jersey.internal.Errors$1.call(Errors.java:271)\n\tat org.glassfish.jersey.internal.Errors$1.call(Errors.java:267)\n\tat org.glassfish.jersey.internal.Errors.process(Errors.java:315)\n\tat org.glassfish.jersey.internal.Errors.process(Errors.java:297)\n\tat org.glassfish.jersey.internal.Errors.process(Errors.java:267)\n\tat org.glassfish.jersey.process.internal.RequestScope.runInScope(RequestScope.java:317)\n\tat org.glassfish.jersey.server.ServerRuntime.process(ServerRuntime.java:305)\n\tat org.glassfish.jersey.server.ApplicationHandler.handle(ApplicationHandler.java:1154)\n\tat org.glassfish.jersey.servlet.WebComponent.serviceImpl(WebComponent.java:473)\n\tat org.glassfish.jersey.servlet.WebComponent.service(WebComponent.java:427)\n\tat org.glassfish.jersey.servlet.ServletContainer.service(ServletContainer.java:388)\n\tat org.glassfish.jersey.servlet.ServletContainer.service(ServletContainer.java:341)\n\tat org.glassfish.jersey.servlet.ServletContainer.service(ServletContainer.java:228)\n\tat org.eclipse.jetty.servlet.ServletHolder.handle(ServletHolder.java:799)\n\tat org.eclipse.jetty.servlet.ServletHandler$ChainEnd.doFilter(ServletHandler.java:1631)\n\tat io.dropwizard.servlets.ThreadNameFilter.doFilter(ThreadNameFilter.java:35)\n\tat org.eclipse.jetty.servlet.FilterHolder.doFilter(FilterHolder.java:193)\n\tat org.eclipse.jetty.servlet.ServletHandler$Chain.doFilter(ServletHandler.java:1601)\n\tat io.dropwizard.jersey.filter.AllowedMethodsFilter.handle(AllowedMethodsFilter.java:45)\n\tat io.dropwizard.jersey.filter.AllowedMethodsFilter.doFilter(AllowedMethodsFilter.java:39)\n\tat org.eclipse.jetty.servlet.FilterHolder.doFilter(FilterHolder.java:193)\n\tat org.eclipse.jetty.servlet.ServletHandler$Chain.doFilter(ServletHandler.java:1601)\n\tat org.finos.legend.server.pac4j.internal.UsernameFilter.doFilter(UsernameFilter.java:51)\n\tat org.eclipse.jetty.servlet.FilterHolder.doFilter(FilterHolder.java:193)\n\tat org.eclipse.jetty.servlet.ServletHandler$Chain.doFilter(ServletHandler.java:1601)\n\tat org.pac4j.j2e.filter.SecurityFilter.lambda$internalFilter$0(SecurityFilter.java:95)\n\tat org.pac4j.core.engine.DefaultSecurityLogic.perform(DefaultSecurityLogic.java:140)\n\tat org.pac4j.j2e.filter.SecurityFilter.internalFilter(SecurityFilter.java:93)\n\tat org.pac4j.j2e.filter.AbstractConfigFilter.doFilter(AbstractConfigFilter.java:81)\n\tat org.eclipse.jetty.servlet.FilterHolder.doFilter(FilterHolder.java:193)\n\tat org.eclipse.jetty.servlet.ServletHandler$Chain.doFilter(ServletHandler.java:1601)\n\tat org.eclipse.jetty.servlet.ServletHandler.doHandle(ServletHandler.java:548)\n\tat org.eclipse.jetty.server.handler.ScopedHandler.nextHandle(ScopedHandler.java:233)\n\tat org.eclipse.jetty.server.session.SessionHandler.doHandle(SessionHandler.java:1624)\n\tat org.eclipse.jetty.server.handler.ScopedHandler.nextHandle(ScopedHandler.java:233)\n\tat org.eclipse.jetty.server.handler.ContextHandler.doHandle(ContextHandler.java:1434)\n\tat org.eclipse.jetty.server.handler.ScopedHandler.nextScope(ScopedHandler.java:188)\n\tat org.eclipse.jetty.servlet.ServletHandler.doScope(ServletHandler.java:501)\n\tat org.eclipse.jetty.server.session.SessionHandler.doScope(SessionHandler.java:1594)\n\tat org.eclipse.jetty.server.handler.ScopedHandler.nextScope(ScopedHandler.java:186)\n\tat org.eclipse.jetty.server.handler.ContextHandler.doScope(ContextHandler.java:1349)\n\tat org.eclipse.jetty.server.handler.ScopedHandler.handle(ScopedHandler.java:141)\n\tat org.eclipse.jetty.server.handler.HandlerWrapper.handle(HandlerWrapper.java:127)\n\tat com.codahale.metrics.jetty9.InstrumentedHandler.handle(InstrumentedHandler.java:313)\n\tat io.dropwizard.jetty.ContextRoutingHandler.handle(ContextRoutingHandler.java:37)\n\tat org.eclipse.jetty.server.handler.gzip.GzipHandler.handle(GzipHandler.java:713)\n\tat io.dropwizard.jetty.BiDiGzipHandler.handle(BiDiGzipHandler.java:67)\n\tat org.eclipse.jetty.server.handler.StatisticsHandler.handle(StatisticsHandler.java:179)\n\tat org.eclipse.jetty.server.handler.HandlerWrapper.handle(HandlerWrapper.java:127)\n\tat org.eclipse.jetty.server.Server.handle(Server.java:516)\n\tat org.eclipse.jetty.server.HttpChannel.lambda$handle$1(HttpChannel.java:400)\n\tat org.eclipse.jetty.server.HttpChannel.dispatch(HttpChannel.java:645)\n\tat org.eclipse.jetty.server.HttpChannel.handle(HttpChannel.java:392)\n\tat org.eclipse.jetty.server.HttpConnection.onFillable(HttpConnection.java:277)\n\tat org.eclipse.jetty.io.AbstractConnection$ReadCallback.succeeded(AbstractConnection.java:311)\n\tat org.eclipse.jetty.io.FillInterest.fillable(FillInterest.java:105)\n\tat org.eclipse.jetty.io.ChannelEndPoint$1.run(ChannelEndPoint.java:104)\n\tat org.eclipse.jetty.util.thread.strategy.EatWhatYouKill.runTask(EatWhatYouKill.java:338)\n\tat org.eclipse.jetty.util.thread.strategy.EatWhatYouKill.doProduce(EatWhatYouKill.java:315)\n\tat org.eclipse.jetty.util.thread.strategy.EatWhatYouKill.tryProduce(EatWhatYouKill.java:173)\n\tat org.eclipse.jetty.util.thread.strategy.EatWhatYouKill.run(EatWhatYouKill.java:131)\n\tat org.eclipse.jetty.util.thread.ReservedThreadExecutor$ReservedThread.run(ReservedThreadExecutor.java:409)\n\tat org.eclipse.jetty.util.thread.QueuedThreadPool.runJob(QueuedThreadPool.java:883)\n\tat org.eclipse.jetty.util.thread.QueuedThreadPool$Runner.run(QueuedThreadPool.java:1034)\n\tat java.base/java.lang.Thread.run(Thread.java:829)\nCaused by: net.snowflake.client.jdbc.SnowflakeSQLException: SQL compilation error:\nFunction DATE_TRUNC does not support VARCHAR(19) argument type\n\tat net.snowflake.client.jdbc.SnowflakeUtil.checkErrorAndThrowExceptionSub(SnowflakeUtil.java:127)\n\tat net.snowflake.client.jdbc.SnowflakeUtil.checkErrorAndThrowException(SnowflakeUtil.java:67)\n\tat net.snowflake.client.core.StmtUtil.pollForOutput(StmtUtil.java:442)\n\tat net.snowflake.client.core.StmtUtil.execute(StmtUtil.java:345)\n\tat net.snowflake.client.core.SFStatement.executeHelper(SFStatement.java:486)\n\tat net.snowflake.client.core.SFStatement.executeQueryInternal(SFStatement.java:197)\n\tat net.snowflake.client.core.SFStatement.executeQuery(SFStatement.java:134)\n\tat net.snowflake.client.core.SFStatement.execute(SFStatement.java:743)\n\tat net.snowflake.client.core.SFStatement.execute(SFStatement.java:639)\n\tat net.snowflake.client.jdbc.SnowflakeStatementV1.executeQueryInternal(SnowflakeStatementV1.java:238)\n\tat net.snowflake.client.jdbc.SnowflakeStatementV1.executeQuery(SnowflakeStatementV1.java:133)\n\tat com.zaxxer.hikari.pool.ProxyStatement.executeQuery(ProxyStatement.java:110)\n\tat com.zaxxer.hikari.pool.HikariProxyStatement.executeQuery(HikariProxyStatement.java)\n\tat org.finos.legend.engine.plan.execution.stores.relational.result.SQLExecutionResult.<init>(SQLExecutionResult.java:95)\n\t... 101 more\n"},"mode":"DEV","timeStamp":"2023-02-23 01:30:54.273","user":"_UNKNOWN_"}
| **dynaFunctions::firstDayOfMonth::testFirstDayOfMonth** | failing :x: |
]]></system-out>
  </testcase>
  <testcase name="testFirstDayOfQuarter[Snowflake]" classname="org.finos.legend.engine.server.test.shared.Relational_DbSpecific_UsingPureClientTestSuite$2" time="0.181">
    <error message="Assert failure at (resource:/platform/pure/basics/tests/assertEq.pure line:34 column:5), &quot;500 &apos;{&quot;code&quot;:-1,&quot;message&quot;:&quot;SnowflakeSQLException: SQL compilation error:&#10;Function DATE_TRUNC does not support VARCHAR(19) argument type&quot;,&quot;status&quot;:&quot;error&quot;,&quot;trace&quot;:&quot;java.lang.RuntimeException: net.snowflake.client.jdbc.SnowflakeSQLException: SQL compilation error:&#10;Function DATE_TRUNC does not support VARCHAR(19) argument type&#10;at org.finos.legend.engine.plan.execution.stores.relational.result.SQLExecutionResult.&lt;init&gt;(SQLExecutionResult.java:123)&#10;at org.finos.legend.engine.plan.execution.stores.relational.RelationalExecutor.execute(RelationalExecutor.java:241)&#10;at org.finos.legend.engine.plan.execution.stores.relational.plugin.RelationalExecutionNodeExecutor.visit(RelationalExecutionNodeExecutor.java:238)&#10;at org.finos.legend.engine.plan.execution.stores.relational.plugin.RelationalExecutionNodeExecutor.visit(RelationalExecutionNodeExecutor.java:346)&#10;at org.finos.legend.engine.plan.execution.stores.relational.plugin.RelationalExecutionNodeExecutor.visit(RelationalExecutionNodeExecutor.java:92)&#10;at org.finos.legend.engine.protocol.pure.v1.model.executionPlan.nodes.RelationalDataTypeInstantiationExecutionNode.accept(RelationalDataTypeInstantiationExecutionNode.java:22)&#10;at org.finos.legend.engine.plan.execution.stores.relational.RelationalExecutionExtension.lambda$getExtraNodeExecutors$fbe53481$1(RelationalExecutionExtension.java:50)&#10;at org.finos.legend.engine.plan.execution.nodes.ExecutionNodeExecutor.lambda$visit$0(ExecutionNodeExecutor.java:164)&#10;at java.base/java.util.stream.ReferencePipeline$3$1.accept(ReferencePipeline.java:195)&#10;at java.base/java.util.Spliterators$ArraySpliterator.tryAdvance(Spliterators.java:958)&#10;at java.base/java.util.stream.ReferencePipeline.forEachWithCancel(ReferencePipeline.java:127)&#10;at java.base/java.util.stream.AbstractPipeline.copyIntoWithCancel(AbstractPipeline.java:502)&#10;at java.base/java.util.stream.AbstractPipeline.copyInto(AbstractPipeline.java:488)&#10;at java.base/java.util.stream.AbstractPipeline.wrapAndCopyInto(AbstractPipeline.java:474)&#10;at java.base/java.util.stream.FindOps$FindOp.evaluateSequential(FindOps.java:150)&#10;at java.base/java.util.stream.AbstractPipeline.evaluate(AbstractPipeline.java:234)&#10;at java.base/java.util.stream.ReferencePipeline.findFirst(ReferencePipeline.java:543)&#10;at org.finos.legend.engine.plan.execution.nodes.ExecutionNodeExecutor.visit(ExecutionNodeExecutor.java:164)&#10;at org.finos.legend.engine.plan.execution.nodes.ExecutionNodeExecutor.visit(ExecutionNodeExecutor.java:107)&#10;at org.finos.legend.engine.protocol.pure.v1.model.executionPlan.nodes.RelationalDataTypeInstantiationExecutionNode.accept(RelationalDataTypeInstantiationExecutionNode.java:22)&#10;at org.finos.legend.engine.plan.execution.PlanExecutor.execute(PlanExecutor.java:238)&#10;at org.finos.legend.engine.plan.execution.PlanExecutor.execute(PlanExecutor.java:225)&#10;at org.finos.legend.engine.plan.execution.api.ExecutePlan.doExecutePlanLegacy(ExecutePlan.java:102)&#10;at org.finos.legend.engine.plan.execution.api.ExecutePlan.doExecutePlan(ExecutePlan.java:84)&#10;at org.finos.legend.engine.plan.execution.api.ExecutePlanLegacy.executePlan(ExecutePlanLegacy.java:56)&#10;at jdk.internal.reflect.GeneratedMethodAccessor100.invoke(Unknown Source)&#10;at java.base/jdk.internal.reflect.DelegatingMethodAccessorImpl.invoke(DelegatingMethodAccessorImpl.java:43)&#10;at java.base/java.lang.reflect.Method.invoke(Method.java:566)&#10;at org.glassfish.jersey.server.model.internal.ResourceMethodInvocationHandlerFactory$1.invoke(ResourceMethodInvocationHandlerFactory.java:81)&#10;at org.glassfish.jersey.server.model.internal.AbstractJavaResourceMethodDispatcher$1.run(AbstractJavaResourceMethodDispatcher.java:144)&#10;at org.glassfish.jersey.server.model.internal.AbstractJavaResourceMethodDispatcher.invoke(AbstractJavaResourceMethodDispatcher.java:161)&#10;at org.glassfish.jersey.server.model.internal.JavaResourceMethodDispatcherProvider$ResponseOutInvoker.doDispatch(JavaResourceMethodDispatcherProvider.java:160)&#10;at org.glassfish.jersey.server.model.internal.AbstractJavaResourceMethodDispatcher.dispatch(AbstractJavaResourceMethodDispatcher.java:99)&#10;at org.glassfish.jersey.server.model.ResourceMethodInvoker.invoke(ResourceMethodInvoker.java:389)&#10;at org.glassfish.jersey.server.model.ResourceMethodInvoker.apply(ResourceMethodInvoker.java:347)&#10;at org.glassfish.jersey.server.model.ResourceMethodInvoker.apply(ResourceMethodInvoker.java:102)&#10;at org.glassfish.jersey.server.ServerRuntime$2.run(ServerRuntime.java:326)&#10;at org.glassfish.jersey.internal.Errors$1.call(Errors.java:271)&#10;at org.glassfish.jersey.internal.Errors$1.call(Errors.java:267)&#10;at org.glassfish.jersey.internal.Errors.process(Errors.java:315)&#10;at org.glassfish.jersey.internal.Errors.process(Errors.java:297)&#10;at org.glassfish.jersey.internal.Errors.process(Errors.java:267)&#10;at org.glassfish.jersey.process.internal.RequestScope.runInScope(RequestScope.java:317)&#10;at org.glassfish.jersey.server.ServerRuntime.process(ServerRuntime.java:305)&#10;at org.glassfish.jersey.server.ApplicationHandler.handle(ApplicationHandler.java:1154)&#10;at org.glassfish.jersey.servlet.WebComponent.serviceImpl(WebComponent.java:473)&#10;at org.glassfish.jersey.servlet.WebComponent.service(WebComponent.java:427)&#10;at org.glassfish.jersey.servlet.ServletContainer.service(ServletContainer.java:388)&#10;at org.glassfish.jersey.servlet.ServletContainer.service(ServletContainer.java:341)&#10;at org.glassfish.jersey.servlet.ServletContainer.service(ServletContainer.java:228)&#10;at org.eclipse.jetty.servlet.ServletHolder.handle(ServletHolder.java:799)&#10;at org.eclipse.jetty.servlet.ServletHandler$ChainEnd.doFilter(ServletHandler.java:1631)&#10;at io.dropwizard.servlets.ThreadNameFilter.doFilter(ThreadNameFilter.java:35)&#10;at org.eclipse.jetty.servlet.FilterHolder.doFilter(FilterHolder.java:193)&#10;at org.eclipse.jetty.servlet.ServletHandler$Chain.doFilter(ServletHandler.java:1601)&#10;at io.dropwizard.jersey.filter.AllowedMethodsFilter.handle(AllowedMethodsFilter.java:45)&#10;at io.dropwizard.jersey.filter.AllowedMethodsFilter.doFilter(AllowedMethodsFilter.java:39)&#10;at org.eclipse.jetty.servlet.FilterHolder.doFilter(FilterHolder.java:193)&#10;at org.eclipse.jetty.servlet.ServletHandler$Chain.doFilter(ServletHandler.java:1601)&#10;at org.finos.legend.server.pac4j.internal.UsernameFilter.doFilter(UsernameFilter.java:51)&#10;at org.eclipse.jetty.servlet.FilterHolder.doFilter(FilterHolder.java:193)&#10;at org.eclipse.jetty.servlet.ServletHandler$Chain.doFilter(ServletHandler.java:1601)&#10;at org.pac4j.j2e.filter.SecurityFilter.lambda$internalFilter$0(SecurityFilter.java:95)&#10;at org.pac4j.core.engine.DefaultSecurityLogic.perform(DefaultSecurityLogic.java:140)&#10;at org.pac4j.j2e.filter.SecurityFilter.internalFilter(SecurityFilter.java:93)&#10;at org.pac4j.j2e.filter.AbstractConfigFilter.doFilter(AbstractConfigFilter.java:81)&#10;at org.eclipse.jetty.servlet.FilterHolder.doFilter(FilterHolder.java:193)&#10;at org.eclipse.jetty.servlet.ServletHandler$Chain.doFilter(ServletHandler.java:1601)&#10;at org.eclipse.jetty.servlet.ServletHandler.doHandle(ServletHandler.java:548)&#10;at org.eclipse.jetty.server.handler.ScopedHandler.nextHandle(ScopedHandler.java:233)&#10;at org.eclipse.jetty.server.session.SessionHandler.doHandle(SessionHandler.java:1624)&#10;at org.eclipse.jetty.server.handler.ScopedHandler.nextHandle(ScopedHandler.java:233)&#10;at org.eclipse.jetty.server.handler.ContextHandler.doHandle(ContextHandler.java:1434)&#10;at org.eclipse.jetty.server.handler.ScopedHandler.nextScope(ScopedHandler.java:188)&#10;at org.eclipse.jetty.servlet.ServletHandler.doScope(ServletHandler.java:501)&#10;at org.eclipse.jetty.server.session.SessionHandler.doScope(SessionHandler.java:1594)&#10;at org.eclipse.jetty.server.handler.ScopedHandler.nextScope(ScopedHandler.java:186)&#10;at org.eclipse.jetty.server.handler.ContextHandler.doScope(ContextHandler.java:1349)&#10;at org.eclipse.jetty.server.handler.ScopedHandler.handle(ScopedHandler.java:141)&#10;at org.eclipse.jetty.server.handler.HandlerWrapper.handle(HandlerWrapper.java:127)&#10;at com.codahale.metrics.jetty9.InstrumentedHandler.handle(InstrumentedHandler.java:313)&#10;at io.dropwizard.jetty.ContextRoutingHandler.handle(ContextRoutingHandler.java:37)&#10;at org.eclipse.jetty.server.handler.gzip.GzipHandler.handle(GzipHandler.java:713)&#10;at io.dropwizard.jetty.BiDiGzipHandler.handle(BiDiGzipHandler.java:67)&#10;at org.eclipse.jetty.server.handler.StatisticsHandler.handle(StatisticsHandler.java:179)&#10;at org.eclipse.jetty.server.handler.HandlerWrapper.handle(HandlerWrapper.java:127)&#10;at org.eclipse.jetty.server.Server.handle(Server.java:516)&#10;at org.eclipse.jetty.server.HttpChannel.lambda$handle$1(HttpChannel.java:400)&#10;at org.eclipse.jetty.server.HttpChannel.dispatch(HttpChannel.java:645)&#10;at org.eclipse.jetty.server.HttpChannel.handle(HttpChannel.java:392)&#10;at org.eclipse.jetty.server.HttpConnection.onFillable(HttpConnection.java:277)&#10;at org.eclipse.jetty.io.AbstractConnection$ReadCallback.succeeded(AbstractConnection.java:311)&#10;at org.eclipse.jetty.io.FillInterest.fillable(FillInterest.java:105)&#10;at org.eclipse.jetty.io.ChannelEndPoint$1.run(ChannelEndPoint.java:104)&#10;at org.eclipse.jetty.util.thread.strategy.EatWhatYouKill.runTask(EatWhatYouKill.java:338)&#10;at org.eclipse.jetty.util.thread.strategy.EatWhatYouKill.doProduce(EatWhatYouKill.java:315)&#10;at org.eclipse.jetty.util.thread.strategy.EatWhatYouKill.tryProduce(EatWhatYouKill.java:173)&#10;at org.eclipse.jetty.util.thread.strategy.EatWhatYouKill.run(EatWhatYouKill.java:131)&#10;at org.eclipse.jetty.util.thread.ReservedThreadExecutor$ReservedThread.run(ReservedThreadExecutor.java:409)&#10;at org.eclipse.jetty.util.thread.QueuedThreadPool.runJob(QueuedThreadPool.java:883)&#10;at org.eclipse.jetty.util.thread.QueuedThreadPool$Runner.run(QueuedThreadPool.java:1034)&#10;at java.base/java.lang.Thread.run(Thread.java:829)&#10;Caused by: net.snowflake.client.jdbc.SnowflakeSQLException: SQL compilation error:&#10;Function DATE_TRUNC does not support VARCHAR(19) argument type&#10;at net.snowflake.client.jdbc.SnowflakeUtil.checkErrorAndThrowExceptionSub(SnowflakeUtil.java:127)&#10;at net.snowflake.client.jdbc.SnowflakeUtil.checkErrorAndThrowException(SnowflakeUtil.java:67)&#10;at net.snowflake.client.core.StmtUtil.pollForOutput(StmtUtil.java:442)&#10;at net.snowflake.client.core.StmtUtil.execute(StmtUtil.java:345)&#10;at net.snowflake.client.core.SFStatement.executeHelper(SFStatement.java:486)&#10;at net.snowflake.client.core.SFStatement.executeQueryInternal(SFStatement.java:197)&#10;at net.snowflake.client.core.SFStatement.executeQuery(SFStatement.java:134)&#10;at net.snowflake.client.core.SFStatement.execute(SFStatement.java:743)&#10;at net.snowflake.client.core.SFStatement.execute(SFStatement.java:639)&#10;at net.snowflake.client.jdbc.SnowflakeStatementV1.executeQueryInternal(SnowflakeStatementV1.java:238)&#10;at net.snowflake.client.jdbc.SnowflakeStatementV1.executeQuery(SnowflakeStatementV1.java:133)&#10;at com.zaxxer.hikari.pool.ProxyStatement.executeQuery(ProxyStatement.java:110)&#10;at com.zaxxer.hikari.pool.HikariProxyStatement.executeQuery(HikariProxyStatement.java)&#10;at org.finos.legend.engine.plan.execution.stores.relational.result.SQLExecutionResult.&lt;init&gt;(SQLExecutionResult.java:95)&#10;... 101 more&#10;&quot;}&apos;&quot;" type="Assert failure at (resource"><![CDATA[Assert failure at (resource:/platform/pure/basics/tests/assertEq.pure line:34 column:5), "500 '{"code":-1,"message":"SnowflakeSQLException: SQL compilation error:
Function DATE_TRUNC does not support VARCHAR(19) argument type","status":"error","trace":"java.lang.RuntimeException: net.snowflake.client.jdbc.SnowflakeSQLException: SQL compilation error:
Function DATE_TRUNC does not support VARCHAR(19) argument type
at org.finos.legend.engine.plan.execution.stores.relational.result.SQLExecutionResult.<init>(SQLExecutionResult.java:123)
at org.finos.legend.engine.plan.execution.stores.relational.RelationalExecutor.execute(RelationalExecutor.java:241)
at org.finos.legend.engine.plan.execution.stores.relational.plugin.RelationalExecutionNodeExecutor.visit(RelationalExecutionNodeExecutor.java:238)
at org.finos.legend.engine.plan.execution.stores.relational.plugin.RelationalExecutionNodeExecutor.visit(RelationalExecutionNodeExecutor.java:346)
at org.finos.legend.engine.plan.execution.stores.relational.plugin.RelationalExecutionNodeExecutor.visit(RelationalExecutionNodeExecutor.java:92)
at org.finos.legend.engine.protocol.pure.v1.model.executionPlan.nodes.RelationalDataTypeInstantiationExecutionNode.accept(RelationalDataTypeInstantiationExecutionNode.java:22)
at org.finos.legend.engine.plan.execution.stores.relational.RelationalExecutionExtension.lambda$getExtraNodeExecutors$fbe53481$1(RelationalExecutionExtension.java:50)
at org.finos.legend.engine.plan.execution.nodes.ExecutionNodeExecutor.lambda$visit$0(ExecutionNodeExecutor.java:164)
at java.base/java.util.stream.ReferencePipeline$3$1.accept(ReferencePipeline.java:195)
at java.base/java.util.Spliterators$ArraySpliterator.tryAdvance(Spliterators.java:958)
at java.base/java.util.stream.ReferencePipeline.forEachWithCancel(ReferencePipeline.java:127)
at java.base/java.util.stream.AbstractPipeline.copyIntoWithCancel(AbstractPipeline.java:502)
at java.base/java.util.stream.AbstractPipeline.copyInto(AbstractPipeline.java:488)
at java.base/java.util.stream.AbstractPipeline.wrapAndCopyInto(AbstractPipeline.java:474)
at java.base/java.util.stream.FindOps$FindOp.evaluateSequential(FindOps.java:150)
at java.base/java.util.stream.AbstractPipeline.evaluate(AbstractPipeline.java:234)
at java.base/java.util.stream.ReferencePipeline.findFirst(ReferencePipeline.java:543)
at org.finos.legend.engine.plan.execution.nodes.ExecutionNodeExecutor.visit(ExecutionNodeExecutor.java:164)
at org.finos.legend.engine.plan.execution.nodes.ExecutionNodeExecutor.visit(ExecutionNodeExecutor.java:107)
at org.finos.legend.engine.protocol.pure.v1.model.executionPlan.nodes.RelationalDataTypeInstantiationExecutionNode.accept(RelationalDataTypeInstantiationExecutionNode.java:22)
at org.finos.legend.engine.plan.execution.PlanExecutor.execute(PlanExecutor.java:238)
at org.finos.legend.engine.plan.execution.PlanExecutor.execute(PlanExecutor.java:225)
at org.finos.legend.engine.plan.execution.api.ExecutePlan.doExecutePlanLegacy(ExecutePlan.java:102)
at org.finos.legend.engine.plan.execution.api.ExecutePlan.doExecutePlan(ExecutePlan.java:84)
at org.finos.legend.engine.plan.execution.api.ExecutePlanLegacy.executePlan(ExecutePlanLegacy.java:56)
at jdk.internal.reflect.GeneratedMethodAccessor100.invoke(Unknown Source)
at java.base/jdk.internal.reflect.DelegatingMethodAccessorImpl.invoke(DelegatingMethodAccessorImpl.java:43)
at java.base/java.lang.reflect.Method.invoke(Method.java:566)
at org.glassfish.jersey.server.model.internal.ResourceMethodInvocationHandlerFactory$1.invoke(ResourceMethodInvocationHandlerFactory.java:81)
at org.glassfish.jersey.server.model.internal.AbstractJavaResourceMethodDispatcher$1.run(AbstractJavaResourceMethodDispatcher.java:144)
at org.glassfish.jersey.server.model.internal.AbstractJavaResourceMethodDispatcher.invoke(AbstractJavaResourceMethodDispatcher.java:161)
at org.glassfish.jersey.server.model.internal.JavaResourceMethodDispatcherProvider$ResponseOutInvoker.doDispatch(JavaResourceMethodDispatcherProvider.java:160)
at org.glassfish.jersey.server.model.internal.AbstractJavaResourceMethodDispatcher.dispatch(AbstractJavaResourceMethodDispatcher.java:99)
at org.glassfish.jersey.server.model.ResourceMethodInvoker.invoke(ResourceMethodInvoker.java:389)
at org.glassfish.jersey.server.model.ResourceMethodInvoker.apply(ResourceMethodInvoker.java:347)
at org.glassfish.jersey.server.model.ResourceMethodInvoker.apply(ResourceMethodInvoker.java:102)
at org.glassfish.jersey.server.ServerRuntime$2.run(ServerRuntime.java:326)
at org.glassfish.jersey.internal.Errors$1.call(Errors.java:271)
at org.glassfish.jersey.internal.Errors$1.call(Errors.java:267)
at org.glassfish.jersey.internal.Errors.process(Errors.java:315)
at org.glassfish.jersey.internal.Errors.process(Errors.java:297)
at org.glassfish.jersey.internal.Errors.process(Errors.java:267)
at org.glassfish.jersey.process.internal.RequestScope.runInScope(RequestScope.java:317)
at org.glassfish.jersey.server.ServerRuntime.process(ServerRuntime.java:305)
at org.glassfish.jersey.server.ApplicationHandler.handle(ApplicationHandler.java:1154)
at org.glassfish.jersey.servlet.WebComponent.serviceImpl(WebComponent.java:473)
at org.glassfish.jersey.servlet.WebComponent.service(WebComponent.java:427)
at org.glassfish.jersey.servlet.ServletContainer.service(ServletContainer.java:388)
at org.glassfish.jersey.servlet.ServletContainer.service(ServletContainer.java:341)
at org.glassfish.jersey.servlet.ServletContainer.service(ServletContainer.java:228)
at org.eclipse.jetty.servlet.ServletHolder.handle(ServletHolder.java:799)
at org.eclipse.jetty.servlet.ServletHandler$ChainEnd.doFilter(ServletHandler.java:1631)
at io.dropwizard.servlets.ThreadNameFilter.doFilter(ThreadNameFilter.java:35)
at org.eclipse.jetty.servlet.FilterHolder.doFilter(FilterHolder.java:193)
at org.eclipse.jetty.servlet.ServletHandler$Chain.doFilter(ServletHandler.java:1601)
at io.dropwizard.jersey.filter.AllowedMethodsFilter.handle(AllowedMethodsFilter.java:45)
at io.dropwizard.jersey.filter.AllowedMethodsFilter.doFilter(AllowedMethodsFilter.java:39)
at org.eclipse.jetty.servlet.FilterHolder.doFilter(FilterHolder.java:193)
at org.eclipse.jetty.servlet.ServletHandler$Chain.doFilter(ServletHandler.java:1601)
at org.finos.legend.server.pac4j.internal.UsernameFilter.doFilter(UsernameFilter.java:51)
at org.eclipse.jetty.servlet.FilterHolder.doFilter(FilterHolder.java:193)
at org.eclipse.jetty.servlet.ServletHandler$Chain.doFilter(ServletHandler.java:1601)
at org.pac4j.j2e.filter.SecurityFilter.lambda$internalFilter$0(SecurityFilter.java:95)
at org.pac4j.core.engine.DefaultSecurityLogic.perform(DefaultSecurityLogic.java:140)
at org.pac4j.j2e.filter.SecurityFilter.internalFilter(SecurityFilter.java:93)
at org.pac4j.j2e.filter.AbstractConfigFilter.doFilter(AbstractConfigFilter.java:81)
at org.eclipse.jetty.servlet.FilterHolder.doFilter(FilterHolder.java:193)
at org.eclipse.jetty.servlet.ServletHandler$Chain.doFilter(ServletHandler.java:1601)
at org.eclipse.jetty.servlet.ServletHandler.doHandle(ServletHandler.java:548)
at org.eclipse.jetty.server.handler.ScopedHandler.nextHandle(ScopedHandler.java:233)
at org.eclipse.jetty.server.session.SessionHandler.doHandle(SessionHandler.java:1624)
at org.eclipse.jetty.server.handler.ScopedHandler.nextHandle(ScopedHandler.java:233)
at org.eclipse.jetty.server.handler.ContextHandler.doHandle(ContextHandler.java:1434)
at org.eclipse.jetty.server.handler.ScopedHandler.nextScope(ScopedHandler.java:188)
at org.eclipse.jetty.servlet.ServletHandler.doScope(ServletHandler.java:501)
at org.eclipse.jetty.server.session.SessionHandler.doScope(SessionHandler.java:1594)
at org.eclipse.jetty.server.handler.ScopedHandler.nextScope(ScopedHandler.java:186)
at org.eclipse.jetty.server.handler.ContextHandler.doScope(ContextHandler.java:1349)
at org.eclipse.jetty.server.handler.ScopedHandler.handle(ScopedHandler.java:141)
at org.eclipse.jetty.server.handler.HandlerWrapper.handle(HandlerWrapper.java:127)
at com.codahale.metrics.jetty9.InstrumentedHandler.handle(InstrumentedHandler.java:313)
at io.dropwizard.jetty.ContextRoutingHandler.handle(ContextRoutingHandler.java:37)
at org.eclipse.jetty.server.handler.gzip.GzipHandler.handle(GzipHandler.java:713)
at io.dropwizard.jetty.BiDiGzipHandler.handle(BiDiGzipHandler.java:67)
at org.eclipse.jetty.server.handler.StatisticsHandler.handle(StatisticsHandler.java:179)
at org.eclipse.jetty.server.handler.HandlerWrapper.handle(HandlerWrapper.java:127)
at org.eclipse.jetty.server.Server.handle(Server.java:516)
at org.eclipse.jetty.server.HttpChannel.lambda$handle$1(HttpChannel.java:400)
at org.eclipse.jetty.server.HttpChannel.dispatch(HttpChannel.java:645)
at org.eclipse.jetty.server.HttpChannel.handle(HttpChannel.java:392)
at org.eclipse.jetty.server.HttpConnection.onFillable(HttpConnection.java:277)
at org.eclipse.jetty.io.AbstractConnection$ReadCallback.succeeded(AbstractConnection.java:311)
at org.eclipse.jetty.io.FillInterest.fillable(FillInterest.java:105)
at org.eclipse.jetty.io.ChannelEndPoint$1.run(ChannelEndPoint.java:104)
at org.eclipse.jetty.util.thread.strategy.EatWhatYouKill.runTask(EatWhatYouKill.java:338)
at org.eclipse.jetty.util.thread.strategy.EatWhatYouKill.doProduce(EatWhatYouKill.java:315)
at org.eclipse.jetty.util.thread.strategy.EatWhatYouKill.tryProduce(EatWhatYouKill.java:173)
at org.eclipse.jetty.util.thread.strategy.EatWhatYouKill.run(EatWhatYouKill.java:131)
at org.eclipse.jetty.util.thread.ReservedThreadExecutor$ReservedThread.run(ReservedThreadExecutor.java:409)
at org.eclipse.jetty.util.thread.QueuedThreadPool.runJob(QueuedThreadPool.java:883)
at org.eclipse.jetty.util.thread.QueuedThreadPool$Runner.run(QueuedThreadPool.java:1034)
at java.base/java.lang.Thread.run(Thread.java:829)
Caused by: net.snowflake.client.jdbc.SnowflakeSQLException: SQL compilation error:
Function DATE_TRUNC does not support VARCHAR(19) argument type
at net.snowflake.client.jdbc.SnowflakeUtil.checkErrorAndThrowExceptionSub(SnowflakeUtil.java:127)
at net.snowflake.client.jdbc.SnowflakeUtil.checkErrorAndThrowException(SnowflakeUtil.java:67)
at net.snowflake.client.core.StmtUtil.pollForOutput(StmtUtil.java:442)
at net.snowflake.client.core.StmtUtil.execute(StmtUtil.java:345)
at net.snowflake.client.core.SFStatement.executeHelper(SFStatement.java:486)
at net.snowflake.client.core.SFStatement.executeQueryInternal(SFStatement.java:197)
at net.snowflake.client.core.SFStatement.executeQuery(SFStatement.java:134)
at net.snowflake.client.core.SFStatement.execute(SFStatement.java:743)
at net.snowflake.client.core.SFStatement.execute(SFStatement.java:639)
at net.snowflake.client.jdbc.SnowflakeStatementV1.executeQueryInternal(SnowflakeStatementV1.java:238)
at net.snowflake.client.jdbc.SnowflakeStatementV1.executeQuery(SnowflakeStatementV1.java:133)
at com.zaxxer.hikari.pool.ProxyStatement.executeQuery(ProxyStatement.java:110)
at com.zaxxer.hikari.pool.HikariProxyStatement.executeQuery(HikariProxyStatement.java)
at org.finos.legend.engine.plan.execution.stores.relational.result.SQLExecutionResult.<init>(SQLExecutionResult.java:95)
... 101 more
"}'"
	at org.finos.legend.pure.runtime.java.compiled.generation.processors.support.CompiledSupport.pureAssert(CompiledSupport.java:1994)
	at org.finos.legend.pure.generated.platform_pure_basics_tests_assertEq.Root_meta_pure_functions_asserts_assertEq_Any_1__Any_1__Function_1__Boolean_1_(platform_pure_basics_tests_assertEq.java:44)
	at org.finos.legend.pure.generated.core_pure_protocol_vX_X_X_invocations_execution.Root_meta_protocols_pure_vX_X_X_invocation_execution_execute_executePlan_String_1__String_1__Integer_1__String_1_(core_pure_protocol_vX_X_X_invocations_execution.java:751)
	at org.finos.legend.pure.generated.core_pure_protocol_vX_X_X_invocations_execution.Root_meta_protocols_pure_vX_X_X_invocation_execution_execute_executePlan_ExecutionPlan_1__String_1__Integer_1__Extension_MANY__String_1_(core_pure_protocol_vX_X_X_invocations_execution.java:745)
	at org.finos.legend.pure.generated.core_pure_protocol_vX_X_X_invocations_execution.Root_meta_protocols_pure_vX_X_X_invocation_execution_execute_executePlan_ExecutionPlan_1__ExecutionContext_$0_1$__String_1__Integer_1__Extension_MANY__Result_1_(core_pure_protocol_vX_X_X_invocations_execution.java:738)
	at jdk.internal.reflect.GeneratedMethodAccessor96.invoke(Unknown Source)
	at java.base/jdk.internal.reflect.DelegatingMethodAccessorImpl.invoke(DelegatingMethodAccessorImpl.java:43)
	at java.base/java.lang.reflect.Method.invoke(Method.java:566)
	at org.finos.legend.pure.runtime.java.compiled.metadata.JavaMethodWithParamsSharedPureFunction.execute(JavaMethodWithParamsSharedPureFunction.java:59)
	at org.finos.legend.pure.runtime.java.compiled.generation.processors.support.Pure._evaluateToMany(Pure.java:546)
	at org.finos.legend.pure.generated.CoreGen.evaluateToMany(CoreGen.java:147)
	at org.finos.legend.pure.generated.CoreGen.evaluateToMany(CoreGen.java:134)
	at org.finos.legend.pure.generated.core_pure_router_router_entry$9$1.value(core_pure_router_router_entry.java:318)
	at org.finos.legend.pure.generated.core_pure_router_router_entry$9$1.execute(core_pure_router_router_entry.java:311)
	at org.finos.legend.pure.generated.core_pure_router_router_entry$9$1.execute(core_pure_router_router_entry.java:307)
	at org.finos.legend.pure.runtime.java.compiled.generation.processors.support.Pure.evaluate(Pure.java:485)
	at org.finos.legend.pure.runtime.java.compiled.generation.processors.support.Pure.legendTest(Pure.java:216)
	at org.finos.legend.pure.generated.CoreGen.legendTest(CoreGen.java:61)
	at org.finos.legend.pure.generated.core_pure_router_router_entry$9.valueOf(core_pure_router_router_entry.java:303)
	at org.finos.legend.pure.generated.core_pure_router_router_entry$9.execute(core_pure_router_router_entry.java:298)
	at org.finos.legend.pure.generated.core_pure_router_router_entry$9.execute(core_pure_router_router_entry.java:294)
	at org.finos.legend.pure.runtime.java.compiled.generation.processors.support.Pure.evaluate(Pure.java:485)
	at org.finos.legend.pure.runtime.java.compiled.generation.processors.support.Pure.traceSpan(Pure.java:1482)
	at org.finos.legend.pure.generated.CoreGen.traceSpan(CoreGen.java:203)
	at org.finos.legend.pure.generated.core_pure_router_router_entry.Root_meta_pure_router_executePlan_ExecutionPlan_1__ExecutionContext_1__Extension_MANY__Result_$0_1$_(core_pure_router_router_entry.java:290)
	at org.finos.legend.pure.generated.core_pure_router_router_entry.Root_meta_pure_router_executePlan_ExecutionPlan_1__Extension_MANY__Result_$0_1$_(core_pure_router_router_entry.java:285)
	at org.finos.legend.pure.generated.core_relational_relational_sqlQueryToString_dbTestRunner_testRunner$20.execute(core_relational_relational_sqlQueryToString_dbTestRunner_testRunner.java:386)
	at org.finos.legend.pure.generated.core_relational_relational_sqlQueryToString_dbTestRunner_testRunner.Root_meta_relational_dbTestRunner_runSqlQueryTest_SQLQuery_1__Literal_$1_MANY$__Pair_MANY__Function_$0_1$__DbTestConfig_1__Boolean_1_(core_relational_relational_sqlQueryToString_dbTestRunner_testRunner.java:424)
	at org.finos.legend.pure.generated.core_relational_relational_sqlQueryToString_dbTestRunner_testRunner.Root_meta_relational_dbTestRunner_runSqlQueryTest_SQLQuery_1__Literal_$1_MANY$__Function_$0_1$__DbTestConfig_1__Boolean_1_(core_relational_relational_sqlQueryToString_dbTestRunner_testRunner.java:374)
	at org.finos.legend.pure.generated.core_relational_relational_sqlQueryToString_dbTestRunner_dynaFunctionTestRunner.Root_meta_relational_dbTestRunner_runDynaFunctionDatabaseTest_DynaFunction_1__Literal_$1_MANY$__Function_$0_1$__DbTestConfig_1__Boolean_1_(core_relational_relational_sqlQueryToString_dbTestRunner_dynaFunctionTestRunner.java:64)
	at org.finos.legend.pure.generated.core_relational_relational_sqlQueryToString_dbTestRunner_dynaFunctionTestRunner.Root_meta_relational_dbTestRunner_runDynaFunctionDatabaseTest_DynaFunction_1__Literal_$1_MANY$__DbTestConfig_1__Boolean_1_(core_relational_relational_sqlQueryToString_dbTestRunner_dynaFunctionTestRunner.java:58)
	at org.finos.legend.pure.generated.core_relational_relational_sqlQueryToString_testSuite_dynaFunctions_date.Root_meta_relational_tests_dbSpecificTests_sqlQueryTests_dynaFunctions_firstDayOfQuarter_testFirstDayOfQuarter_DbTestConfig_1__Boolean_1_(core_relational_relational_sqlQueryToString_testSuite_dynaFunctions_date.java:256)
	at java.base/jdk.internal.reflect.NativeMethodAccessorImpl.invoke0(Native Method)
	at java.base/jdk.internal.reflect.NativeMethodAccessorImpl.invoke(NativeMethodAccessorImpl.java:62)
	at java.base/jdk.internal.reflect.DelegatingMethodAccessorImpl.invoke(DelegatingMethodAccessorImpl.java:43)
	at java.base/java.lang.reflect.Method.invoke(Method.java:566)
	at org.finos.legend.pure.runtime.java.compiled.testHelper.PureTestBuilderCompiled.executeFn(PureTestBuilderCompiled.java:113)
	at org.finos.legend.pure.runtime.java.compiled.testHelper.PureTestBuilderCompiled.lambda$buildSuite$0(PureTestBuilderCompiled.java:79)
	at org.finos.legend.pure.m3.execution.test.PureTestBuilder$PureTestCase.runTest(PureTestBuilder.java:95)
	at junit.framework.TestCase.runBare(TestCase.java:142)
	at org.finos.legend.engine.server.test.shared.Relational_DbSpecific_UsingPureClientTestSuite$2.runTest(Relational_DbSpecific_UsingPureClientTestSuite.java:90)
	at junit.framework.TestCase.runBare(TestCase.java:142)
	at junit.framework.TestResult$1.protect(TestResult.java:122)
	at junit.framework.TestResult.runProtected(TestResult.java:142)
	at junit.framework.TestResult.run(TestResult.java:125)
	at junit.framework.TestCase.run(TestCase.java:130)
	at junit.framework.TestSuite.runTest(TestSuite.java:241)
	at junit.framework.TestSuite.run(TestSuite.java:236)
	at junit.framework.TestSuite.runTest(TestSuite.java:241)
	at junit.framework.TestSuite.run(TestSuite.java:236)
	at junit.framework.TestSuite.runTest(TestSuite.java:241)
	at junit.framework.TestSuite.run(TestSuite.java:236)
	at junit.framework.TestSuite.runTest(TestSuite.java:241)
	at junit.framework.TestSuite.run(TestSuite.java:236)
	at junit.framework.TestSuite.runTest(TestSuite.java:241)
	at junit.framework.TestSuite.run(TestSuite.java:236)
	at junit.extensions.TestDecorator.basicRun(TestDecorator.java:24)
	at junit.extensions.TestSetup$1.protect(TestSetup.java:23)
	at junit.framework.TestResult.runProtected(TestResult.java:142)
	at junit.extensions.TestSetup.run(TestSetup.java:27)
	at org.junit.internal.runners.JUnit38ClassRunner.run(JUnit38ClassRunner.java:90)
	at org.apache.maven.surefire.junit4.JUnit4Provider.execute(JUnit4Provider.java:365)
	at org.apache.maven.surefire.junit4.JUnit4Provider.executeWithRerun(JUnit4Provider.java:273)
	at org.apache.maven.surefire.junit4.JUnit4Provider.executeTestSet(JUnit4Provider.java:238)
	at org.apache.maven.surefire.junit4.JUnit4Provider.invoke(JUnit4Provider.java:159)
	at org.apache.maven.surefire.booter.ForkedBooter.invokeProviderInSameClassLoader(ForkedBooter.java:384)
	at org.apache.maven.surefire.booter.ForkedBooter.runSuitesInProcess(ForkedBooter.java:345)
	at org.apache.maven.surefire.booter.ForkedBooter.execute(ForkedBooter.java:126)
	at org.apache.maven.surefire.booter.ForkedBooter.main(ForkedBooter.java:418)
]]></error>
    <system-out><![CDATA[Running db test dynaFunctions::firstDayOfQuarter::testFirstDayOfQuarter
{"duration":0.0,"eventType":"EXECUTION_PLAN_EXEC_ERROR","info":{"code":-1,"message":"SnowflakeSQLException: SQL compilation error:\nFunction DATE_TRUNC does not support VARCHAR(19) argument type","status":"error","trace":"java.lang.RuntimeException: net.snowflake.client.jdbc.SnowflakeSQLException: SQL compilation error:\nFunction DATE_TRUNC does not support VARCHAR(19) argument type\n\tat org.finos.legend.engine.plan.execution.stores.relational.result.SQLExecutionResult.<init>(SQLExecutionResult.java:123)\n\tat org.finos.legend.engine.plan.execution.stores.relational.RelationalExecutor.execute(RelationalExecutor.java:241)\n\tat org.finos.legend.engine.plan.execution.stores.relational.plugin.RelationalExecutionNodeExecutor.visit(RelationalExecutionNodeExecutor.java:238)\n\tat org.finos.legend.engine.plan.execution.stores.relational.plugin.RelationalExecutionNodeExecutor.visit(RelationalExecutionNodeExecutor.java:346)\n\tat org.finos.legend.engine.plan.execution.stores.relational.plugin.RelationalExecutionNodeExecutor.visit(RelationalExecutionNodeExecutor.java:92)\n\tat org.finos.legend.engine.protocol.pure.v1.model.executionPlan.nodes.RelationalDataTypeInstantiationExecutionNode.accept(RelationalDataTypeInstantiationExecutionNode.java:22)\n\tat org.finos.legend.engine.plan.execution.stores.relational.RelationalExecutionExtension.lambda$getExtraNodeExecutors$fbe53481$1(RelationalExecutionExtension.java:50)\n\tat org.finos.legend.engine.plan.execution.nodes.ExecutionNodeExecutor.lambda$visit$0(ExecutionNodeExecutor.java:164)\n\tat java.base/java.util.stream.ReferencePipeline$3$1.accept(ReferencePipeline.java:195)\n\tat java.base/java.util.Spliterators$ArraySpliterator.tryAdvance(Spliterators.java:958)\n\tat java.base/java.util.stream.ReferencePipeline.forEachWithCancel(ReferencePipeline.java:127)\n\tat java.base/java.util.stream.AbstractPipeline.copyIntoWithCancel(AbstractPipeline.java:502)\n\tat java.base/java.util.stream.AbstractPipeline.copyInto(AbstractPipeline.java:488)\n\tat java.base/java.util.stream.AbstractPipeline.wrapAndCopyInto(AbstractPipeline.java:474)\n\tat java.base/java.util.stream.FindOps$FindOp.evaluateSequential(FindOps.java:150)\n\tat java.base/java.util.stream.AbstractPipeline.evaluate(AbstractPipeline.java:234)\n\tat java.base/java.util.stream.ReferencePipeline.findFirst(ReferencePipeline.java:543)\n\tat org.finos.legend.engine.plan.execution.nodes.ExecutionNodeExecutor.visit(ExecutionNodeExecutor.java:164)\n\tat org.finos.legend.engine.plan.execution.nodes.ExecutionNodeExecutor.visit(ExecutionNodeExecutor.java:107)\n\tat org.finos.legend.engine.protocol.pure.v1.model.executionPlan.nodes.RelationalDataTypeInstantiationExecutionNode.accept(RelationalDataTypeInstantiationExecutionNode.java:22)\n\tat org.finos.legend.engine.plan.execution.PlanExecutor.execute(PlanExecutor.java:238)\n\tat org.finos.legend.engine.plan.execution.PlanExecutor.execute(PlanExecutor.java:225)\n\tat org.finos.legend.engine.plan.execution.api.ExecutePlan.doExecutePlanLegacy(ExecutePlan.java:102)\n\tat org.finos.legend.engine.plan.execution.api.ExecutePlan.doExecutePlan(ExecutePlan.java:84)\n\tat org.finos.legend.engine.plan.execution.api.ExecutePlanLegacy.executePlan(ExecutePlanLegacy.java:56)\n\tat jdk.internal.reflect.GeneratedMethodAccessor100.invoke(Unknown Source)\n\tat java.base/jdk.internal.reflect.DelegatingMethodAccessorImpl.invoke(DelegatingMethodAccessorImpl.java:43)\n\tat java.base/java.lang.reflect.Method.invoke(Method.java:566)\n\tat org.glassfish.jersey.server.model.internal.ResourceMethodInvocationHandlerFactory$1.invoke(ResourceMethodInvocationHandlerFactory.java:81)\n\tat org.glassfish.jersey.server.model.internal.AbstractJavaResourceMethodDispatcher$1.run(AbstractJavaResourceMethodDispatcher.java:144)\n\tat org.glassfish.jersey.server.model.internal.AbstractJavaResourceMethodDispatcher.invoke(AbstractJavaResourceMethodDispatcher.java:161)\n\tat org.glassfish.jersey.server.model.internal.JavaResourceMethodDispatcherProvider$ResponseOutInvoker.doDispatch(JavaResourceMethodDispatcherProvider.java:160)\n\tat org.glassfish.jersey.server.model.internal.AbstractJavaResourceMethodDispatcher.dispatch(AbstractJavaResourceMethodDispatcher.java:99)\n\tat org.glassfish.jersey.server.model.ResourceMethodInvoker.invoke(ResourceMethodInvoker.java:389)\n\tat org.glassfish.jersey.server.model.ResourceMethodInvoker.apply(ResourceMethodInvoker.java:347)\n\tat org.glassfish.jersey.server.model.ResourceMethodInvoker.apply(ResourceMethodInvoker.java:102)\n\tat org.glassfish.jersey.server.ServerRuntime$2.run(ServerRuntime.java:326)\n\tat org.glassfish.jersey.internal.Errors$1.call(Errors.java:271)\n\tat org.glassfish.jersey.internal.Errors$1.call(Errors.java:267)\n\tat org.glassfish.jersey.internal.Errors.process(Errors.java:315)\n\tat org.glassfish.jersey.internal.Errors.process(Errors.java:297)\n\tat org.glassfish.jersey.internal.Errors.process(Errors.java:267)\n\tat org.glassfish.jersey.process.internal.RequestScope.runInScope(RequestScope.java:317)\n\tat org.glassfish.jersey.server.ServerRuntime.process(ServerRuntime.java:305)\n\tat org.glassfish.jersey.server.ApplicationHandler.handle(ApplicationHandler.java:1154)\n\tat org.glassfish.jersey.servlet.WebComponent.serviceImpl(WebComponent.java:473)\n\tat org.glassfish.jersey.servlet.WebComponent.service(WebComponent.java:427)\n\tat org.glassfish.jersey.servlet.ServletContainer.service(ServletContainer.java:388)\n\tat org.glassfish.jersey.servlet.ServletContainer.service(ServletContainer.java:341)\n\tat org.glassfish.jersey.servlet.ServletContainer.service(ServletContainer.java:228)\n\tat org.eclipse.jetty.servlet.ServletHolder.handle(ServletHolder.java:799)\n\tat org.eclipse.jetty.servlet.ServletHandler$ChainEnd.doFilter(ServletHandler.java:1631)\n\tat io.dropwizard.servlets.ThreadNameFilter.doFilter(ThreadNameFilter.java:35)\n\tat org.eclipse.jetty.servlet.FilterHolder.doFilter(FilterHolder.java:193)\n\tat org.eclipse.jetty.servlet.ServletHandler$Chain.doFilter(ServletHandler.java:1601)\n\tat io.dropwizard.jersey.filter.AllowedMethodsFilter.handle(AllowedMethodsFilter.java:45)\n\tat io.dropwizard.jersey.filter.AllowedMethodsFilter.doFilter(AllowedMethodsFilter.java:39)\n\tat org.eclipse.jetty.servlet.FilterHolder.doFilter(FilterHolder.java:193)\n\tat org.eclipse.jetty.servlet.ServletHandler$Chain.doFilter(ServletHandler.java:1601)\n\tat org.finos.legend.server.pac4j.internal.UsernameFilter.doFilter(UsernameFilter.java:51)\n\tat org.eclipse.jetty.servlet.FilterHolder.doFilter(FilterHolder.java:193)\n\tat org.eclipse.jetty.servlet.ServletHandler$Chain.doFilter(ServletHandler.java:1601)\n\tat org.pac4j.j2e.filter.SecurityFilter.lambda$internalFilter$0(SecurityFilter.java:95)\n\tat org.pac4j.core.engine.DefaultSecurityLogic.perform(DefaultSecurityLogic.java:140)\n\tat org.pac4j.j2e.filter.SecurityFilter.internalFilter(SecurityFilter.java:93)\n\tat org.pac4j.j2e.filter.AbstractConfigFilter.doFilter(AbstractConfigFilter.java:81)\n\tat org.eclipse.jetty.servlet.FilterHolder.doFilter(FilterHolder.java:193)\n\tat org.eclipse.jetty.servlet.ServletHandler$Chain.doFilter(ServletHandler.java:1601)\n\tat org.eclipse.jetty.servlet.ServletHandler.doHandle(ServletHandler.java:548)\n\tat org.eclipse.jetty.server.handler.ScopedHandler.nextHandle(ScopedHandler.java:233)\n\tat org.eclipse.jetty.server.session.SessionHandler.doHandle(SessionHandler.java:1624)\n\tat org.eclipse.jetty.server.handler.ScopedHandler.nextHandle(ScopedHandler.java:233)\n\tat org.eclipse.jetty.server.handler.ContextHandler.doHandle(ContextHandler.java:1434)\n\tat org.eclipse.jetty.server.handler.ScopedHandler.nextScope(ScopedHandler.java:188)\n\tat org.eclipse.jetty.servlet.ServletHandler.doScope(ServletHandler.java:501)\n\tat org.eclipse.jetty.server.session.SessionHandler.doScope(SessionHandler.java:1594)\n\tat org.eclipse.jetty.server.handler.ScopedHandler.nextScope(ScopedHandler.java:186)\n\tat org.eclipse.jetty.server.handler.ContextHandler.doScope(ContextHandler.java:1349)\n\tat org.eclipse.jetty.server.handler.ScopedHandler.handle(ScopedHandler.java:141)\n\tat org.eclipse.jetty.server.handler.HandlerWrapper.handle(HandlerWrapper.java:127)\n\tat com.codahale.metrics.jetty9.InstrumentedHandler.handle(InstrumentedHandler.java:313)\n\tat io.dropwizard.jetty.ContextRoutingHandler.handle(ContextRoutingHandler.java:37)\n\tat org.eclipse.jetty.server.handler.gzip.GzipHandler.handle(GzipHandler.java:713)\n\tat io.dropwizard.jetty.BiDiGzipHandler.handle(BiDiGzipHandler.java:67)\n\tat org.eclipse.jetty.server.handler.StatisticsHandler.handle(StatisticsHandler.java:179)\n\tat org.eclipse.jetty.server.handler.HandlerWrapper.handle(HandlerWrapper.java:127)\n\tat org.eclipse.jetty.server.Server.handle(Server.java:516)\n\tat org.eclipse.jetty.server.HttpChannel.lambda$handle$1(HttpChannel.java:400)\n\tat org.eclipse.jetty.server.HttpChannel.dispatch(HttpChannel.java:645)\n\tat org.eclipse.jetty.server.HttpChannel.handle(HttpChannel.java:392)\n\tat org.eclipse.jetty.server.HttpConnection.onFillable(HttpConnection.java:277)\n\tat org.eclipse.jetty.io.AbstractConnection$ReadCallback.succeeded(AbstractConnection.java:311)\n\tat org.eclipse.jetty.io.FillInterest.fillable(FillInterest.java:105)\n\tat org.eclipse.jetty.io.ChannelEndPoint$1.run(ChannelEndPoint.java:104)\n\tat org.eclipse.jetty.util.thread.strategy.EatWhatYouKill.runTask(EatWhatYouKill.java:338)\n\tat org.eclipse.jetty.util.thread.strategy.EatWhatYouKill.doProduce(EatWhatYouKill.java:315)\n\tat org.eclipse.jetty.util.thread.strategy.EatWhatYouKill.tryProduce(EatWhatYouKill.java:173)\n\tat org.eclipse.jetty.util.thread.strategy.EatWhatYouKill.run(EatWhatYouKill.java:131)\n\tat org.eclipse.jetty.util.thread.ReservedThreadExecutor$ReservedThread.run(ReservedThreadExecutor.java:409)\n\tat org.eclipse.jetty.util.thread.QueuedThreadPool.runJob(QueuedThreadPool.java:883)\n\tat org.eclipse.jetty.util.thread.QueuedThreadPool$Runner.run(QueuedThreadPool.java:1034)\n\tat java.base/java.lang.Thread.run(Thread.java:829)\nCaused by: net.snowflake.client.jdbc.SnowflakeSQLException: SQL compilation error:\nFunction DATE_TRUNC does not support VARCHAR(19) argument type\n\tat net.snowflake.client.jdbc.SnowflakeUtil.checkErrorAndThrowExceptionSub(SnowflakeUtil.java:127)\n\tat net.snowflake.client.jdbc.SnowflakeUtil.checkErrorAndThrowException(SnowflakeUtil.java:67)\n\tat net.snowflake.client.core.StmtUtil.pollForOutput(StmtUtil.java:442)\n\tat net.snowflake.client.core.StmtUtil.execute(StmtUtil.java:345)\n\tat net.snowflake.client.core.SFStatement.executeHelper(SFStatement.java:486)\n\tat net.snowflake.client.core.SFStatement.executeQueryInternal(SFStatement.java:197)\n\tat net.snowflake.client.core.SFStatement.executeQuery(SFStatement.java:134)\n\tat net.snowflake.client.core.SFStatement.execute(SFStatement.java:743)\n\tat net.snowflake.client.core.SFStatement.execute(SFStatement.java:639)\n\tat net.snowflake.client.jdbc.SnowflakeStatementV1.executeQueryInternal(SnowflakeStatementV1.java:238)\n\tat net.snowflake.client.jdbc.SnowflakeStatementV1.executeQuery(SnowflakeStatementV1.java:133)\n\tat com.zaxxer.hikari.pool.ProxyStatement.executeQuery(ProxyStatement.java:110)\n\tat com.zaxxer.hikari.pool.HikariProxyStatement.executeQuery(HikariProxyStatement.java)\n\tat org.finos.legend.engine.plan.execution.stores.relational.result.SQLExecutionResult.<init>(SQLExecutionResult.java:95)\n\t... 101 more\n"},"mode":"DEV","timeStamp":"2023-02-23 01:30:54.450","user":"_UNKNOWN_"}
| **dynaFunctions::firstDayOfQuarter::testFirstDayOfQuarter** | failing :x: |
]]></system-out>
  </testcase>
  <testcase name="testFirstDayOfThisMonth[Snowflake]" classname="org.finos.legend.engine.server.test.shared.Relational_DbSpecific_UsingPureClientTestSuite$2" time="0.16"/>
  <testcase name="testFirstDayOfThisQuarter[Snowflake]" classname="org.finos.legend.engine.server.test.shared.Relational_DbSpecific_UsingPureClientTestSuite$2" time="0.133"/>
  <testcase name="testFirstDayOfThisYear[Snowflake]" classname="org.finos.legend.engine.server.test.shared.Relational_DbSpecific_UsingPureClientTestSuite$2" time="0.186"/>
  <testcase name="testFirstDayOfWeek[Snowflake]" classname="org.finos.legend.engine.server.test.shared.Relational_DbSpecific_UsingPureClientTestSuite$2" time="0.14">
    <error message="Assert failure at (resource:/platform/pure/basics/tests/assertEq.pure line:34 column:5), &quot;500 &apos;{&quot;code&quot;:-1,&quot;message&quot;:&quot;SnowflakeSQLException: SQL compilation error:&#10;Function DATE_TRUNC does not support VARCHAR(19) argument type&quot;,&quot;status&quot;:&quot;error&quot;,&quot;trace&quot;:&quot;java.lang.RuntimeException: net.snowflake.client.jdbc.SnowflakeSQLException: SQL compilation error:&#10;Function DATE_TRUNC does not support VARCHAR(19) argument type&#10;at org.finos.legend.engine.plan.execution.stores.relational.result.SQLExecutionResult.&lt;init&gt;(SQLExecutionResult.java:123)&#10;at org.finos.legend.engine.plan.execution.stores.relational.RelationalExecutor.execute(RelationalExecutor.java:241)&#10;at org.finos.legend.engine.plan.execution.stores.relational.plugin.RelationalExecutionNodeExecutor.visit(RelationalExecutionNodeExecutor.java:238)&#10;at org.finos.legend.engine.plan.execution.stores.relational.plugin.RelationalExecutionNodeExecutor.visit(RelationalExecutionNodeExecutor.java:346)&#10;at org.finos.legend.engine.plan.execution.stores.relational.plugin.RelationalExecutionNodeExecutor.visit(RelationalExecutionNodeExecutor.java:92)&#10;at org.finos.legend.engine.protocol.pure.v1.model.executionPlan.nodes.RelationalDataTypeInstantiationExecutionNode.accept(RelationalDataTypeInstantiationExecutionNode.java:22)&#10;at org.finos.legend.engine.plan.execution.stores.relational.RelationalExecutionExtension.lambda$getExtraNodeExecutors$fbe53481$1(RelationalExecutionExtension.java:50)&#10;at org.finos.legend.engine.plan.execution.nodes.ExecutionNodeExecutor.lambda$visit$0(ExecutionNodeExecutor.java:164)&#10;at java.base/java.util.stream.ReferencePipeline$3$1.accept(ReferencePipeline.java:195)&#10;at java.base/java.util.Spliterators$ArraySpliterator.tryAdvance(Spliterators.java:958)&#10;at java.base/java.util.stream.ReferencePipeline.forEachWithCancel(ReferencePipeline.java:127)&#10;at java.base/java.util.stream.AbstractPipeline.copyIntoWithCancel(AbstractPipeline.java:502)&#10;at java.base/java.util.stream.AbstractPipeline.copyInto(AbstractPipeline.java:488)&#10;at java.base/java.util.stream.AbstractPipeline.wrapAndCopyInto(AbstractPipeline.java:474)&#10;at java.base/java.util.stream.FindOps$FindOp.evaluateSequential(FindOps.java:150)&#10;at java.base/java.util.stream.AbstractPipeline.evaluate(AbstractPipeline.java:234)&#10;at java.base/java.util.stream.ReferencePipeline.findFirst(ReferencePipeline.java:543)&#10;at org.finos.legend.engine.plan.execution.nodes.ExecutionNodeExecutor.visit(ExecutionNodeExecutor.java:164)&#10;at org.finos.legend.engine.plan.execution.nodes.ExecutionNodeExecutor.visit(ExecutionNodeExecutor.java:107)&#10;at org.finos.legend.engine.protocol.pure.v1.model.executionPlan.nodes.RelationalDataTypeInstantiationExecutionNode.accept(RelationalDataTypeInstantiationExecutionNode.java:22)&#10;at org.finos.legend.engine.plan.execution.PlanExecutor.execute(PlanExecutor.java:238)&#10;at org.finos.legend.engine.plan.execution.PlanExecutor.execute(PlanExecutor.java:225)&#10;at org.finos.legend.engine.plan.execution.api.ExecutePlan.doExecutePlanLegacy(ExecutePlan.java:102)&#10;at org.finos.legend.engine.plan.execution.api.ExecutePlan.doExecutePlan(ExecutePlan.java:84)&#10;at org.finos.legend.engine.plan.execution.api.ExecutePlanLegacy.executePlan(ExecutePlanLegacy.java:56)&#10;at jdk.internal.reflect.GeneratedMethodAccessor100.invoke(Unknown Source)&#10;at java.base/jdk.internal.reflect.DelegatingMethodAccessorImpl.invoke(DelegatingMethodAccessorImpl.java:43)&#10;at java.base/java.lang.reflect.Method.invoke(Method.java:566)&#10;at org.glassfish.jersey.server.model.internal.ResourceMethodInvocationHandlerFactory$1.invoke(ResourceMethodInvocationHandlerFactory.java:81)&#10;at org.glassfish.jersey.server.model.internal.AbstractJavaResourceMethodDispatcher$1.run(AbstractJavaResourceMethodDispatcher.java:144)&#10;at org.glassfish.jersey.server.model.internal.AbstractJavaResourceMethodDispatcher.invoke(AbstractJavaResourceMethodDispatcher.java:161)&#10;at org.glassfish.jersey.server.model.internal.JavaResourceMethodDispatcherProvider$ResponseOutInvoker.doDispatch(JavaResourceMethodDispatcherProvider.java:160)&#10;at org.glassfish.jersey.server.model.internal.AbstractJavaResourceMethodDispatcher.dispatch(AbstractJavaResourceMethodDispatcher.java:99)&#10;at org.glassfish.jersey.server.model.ResourceMethodInvoker.invoke(ResourceMethodInvoker.java:389)&#10;at org.glassfish.jersey.server.model.ResourceMethodInvoker.apply(ResourceMethodInvoker.java:347)&#10;at org.glassfish.jersey.server.model.ResourceMethodInvoker.apply(ResourceMethodInvoker.java:102)&#10;at org.glassfish.jersey.server.ServerRuntime$2.run(ServerRuntime.java:326)&#10;at org.glassfish.jersey.internal.Errors$1.call(Errors.java:271)&#10;at org.glassfish.jersey.internal.Errors$1.call(Errors.java:267)&#10;at org.glassfish.jersey.internal.Errors.process(Errors.java:315)&#10;at org.glassfish.jersey.internal.Errors.process(Errors.java:297)&#10;at org.glassfish.jersey.internal.Errors.process(Errors.java:267)&#10;at org.glassfish.jersey.process.internal.RequestScope.runInScope(RequestScope.java:317)&#10;at org.glassfish.jersey.server.ServerRuntime.process(ServerRuntime.java:305)&#10;at org.glassfish.jersey.server.ApplicationHandler.handle(ApplicationHandler.java:1154)&#10;at org.glassfish.jersey.servlet.WebComponent.serviceImpl(WebComponent.java:473)&#10;at org.glassfish.jersey.servlet.WebComponent.service(WebComponent.java:427)&#10;at org.glassfish.jersey.servlet.ServletContainer.service(ServletContainer.java:388)&#10;at org.glassfish.jersey.servlet.ServletContainer.service(ServletContainer.java:341)&#10;at org.glassfish.jersey.servlet.ServletContainer.service(ServletContainer.java:228)&#10;at org.eclipse.jetty.servlet.ServletHolder.handle(ServletHolder.java:799)&#10;at org.eclipse.jetty.servlet.ServletHandler$ChainEnd.doFilter(ServletHandler.java:1631)&#10;at io.dropwizard.servlets.ThreadNameFilter.doFilter(ThreadNameFilter.java:35)&#10;at org.eclipse.jetty.servlet.FilterHolder.doFilter(FilterHolder.java:193)&#10;at org.eclipse.jetty.servlet.ServletHandler$Chain.doFilter(ServletHandler.java:1601)&#10;at io.dropwizard.jersey.filter.AllowedMethodsFilter.handle(AllowedMethodsFilter.java:45)&#10;at io.dropwizard.jersey.filter.AllowedMethodsFilter.doFilter(AllowedMethodsFilter.java:39)&#10;at org.eclipse.jetty.servlet.FilterHolder.doFilter(FilterHolder.java:193)&#10;at org.eclipse.jetty.servlet.ServletHandler$Chain.doFilter(ServletHandler.java:1601)&#10;at org.finos.legend.server.pac4j.internal.UsernameFilter.doFilter(UsernameFilter.java:51)&#10;at org.eclipse.jetty.servlet.FilterHolder.doFilter(FilterHolder.java:193)&#10;at org.eclipse.jetty.servlet.ServletHandler$Chain.doFilter(ServletHandler.java:1601)&#10;at org.pac4j.j2e.filter.SecurityFilter.lambda$internalFilter$0(SecurityFilter.java:95)&#10;at org.pac4j.core.engine.DefaultSecurityLogic.perform(DefaultSecurityLogic.java:140)&#10;at org.pac4j.j2e.filter.SecurityFilter.internalFilter(SecurityFilter.java:93)&#10;at org.pac4j.j2e.filter.AbstractConfigFilter.doFilter(AbstractConfigFilter.java:81)&#10;at org.eclipse.jetty.servlet.FilterHolder.doFilter(FilterHolder.java:193)&#10;at org.eclipse.jetty.servlet.ServletHandler$Chain.doFilter(ServletHandler.java:1601)&#10;at org.eclipse.jetty.servlet.ServletHandler.doHandle(ServletHandler.java:548)&#10;at org.eclipse.jetty.server.handler.ScopedHandler.nextHandle(ScopedHandler.java:233)&#10;at org.eclipse.jetty.server.session.SessionHandler.doHandle(SessionHandler.java:1624)&#10;at org.eclipse.jetty.server.handler.ScopedHandler.nextHandle(ScopedHandler.java:233)&#10;at org.eclipse.jetty.server.handler.ContextHandler.doHandle(ContextHandler.java:1434)&#10;at org.eclipse.jetty.server.handler.ScopedHandler.nextScope(ScopedHandler.java:188)&#10;at org.eclipse.jetty.servlet.ServletHandler.doScope(ServletHandler.java:501)&#10;at org.eclipse.jetty.server.session.SessionHandler.doScope(SessionHandler.java:1594)&#10;at org.eclipse.jetty.server.handler.ScopedHandler.nextScope(ScopedHandler.java:186)&#10;at org.eclipse.jetty.server.handler.ContextHandler.doScope(ContextHandler.java:1349)&#10;at org.eclipse.jetty.server.handler.ScopedHandler.handle(ScopedHandler.java:141)&#10;at org.eclipse.jetty.server.handler.HandlerWrapper.handle(HandlerWrapper.java:127)&#10;at com.codahale.metrics.jetty9.InstrumentedHandler.handle(InstrumentedHandler.java:313)&#10;at io.dropwizard.jetty.ContextRoutingHandler.handle(ContextRoutingHandler.java:37)&#10;at org.eclipse.jetty.server.handler.gzip.GzipHandler.handle(GzipHandler.java:713)&#10;at io.dropwizard.jetty.BiDiGzipHandler.handle(BiDiGzipHandler.java:67)&#10;at org.eclipse.jetty.server.handler.StatisticsHandler.handle(StatisticsHandler.java:179)&#10;at org.eclipse.jetty.server.handler.HandlerWrapper.handle(HandlerWrapper.java:127)&#10;at org.eclipse.jetty.server.Server.handle(Server.java:516)&#10;at org.eclipse.jetty.server.HttpChannel.lambda$handle$1(HttpChannel.java:400)&#10;at org.eclipse.jetty.server.HttpChannel.dispatch(HttpChannel.java:645)&#10;at org.eclipse.jetty.server.HttpChannel.handle(HttpChannel.java:392)&#10;at org.eclipse.jetty.server.HttpConnection.onFillable(HttpConnection.java:277)&#10;at org.eclipse.jetty.io.AbstractConnection$ReadCallback.succeeded(AbstractConnection.java:311)&#10;at org.eclipse.jetty.io.FillInterest.fillable(FillInterest.java:105)&#10;at org.eclipse.jetty.io.ChannelEndPoint$1.run(ChannelEndPoint.java:104)&#10;at org.eclipse.jetty.util.thread.strategy.EatWhatYouKill.runTask(EatWhatYouKill.java:338)&#10;at org.eclipse.jetty.util.thread.strategy.EatWhatYouKill.doProduce(EatWhatYouKill.java:315)&#10;at org.eclipse.jetty.util.thread.strategy.EatWhatYouKill.tryProduce(EatWhatYouKill.java:173)&#10;at org.eclipse.jetty.util.thread.strategy.EatWhatYouKill.run(EatWhatYouKill.java:131)&#10;at org.eclipse.jetty.util.thread.ReservedThreadExecutor$ReservedThread.run(ReservedThreadExecutor.java:409)&#10;at org.eclipse.jetty.util.thread.QueuedThreadPool.runJob(QueuedThreadPool.java:883)&#10;at org.eclipse.jetty.util.thread.QueuedThreadPool$Runner.run(QueuedThreadPool.java:1034)&#10;at java.base/java.lang.Thread.run(Thread.java:829)&#10;Caused by: net.snowflake.client.jdbc.SnowflakeSQLException: SQL compilation error:&#10;Function DATE_TRUNC does not support VARCHAR(19) argument type&#10;at net.snowflake.client.jdbc.SnowflakeUtil.checkErrorAndThrowExceptionSub(SnowflakeUtil.java:127)&#10;at net.snowflake.client.jdbc.SnowflakeUtil.checkErrorAndThrowException(SnowflakeUtil.java:67)&#10;at net.snowflake.client.core.StmtUtil.pollForOutput(StmtUtil.java:442)&#10;at net.snowflake.client.core.StmtUtil.execute(StmtUtil.java:345)&#10;at net.snowflake.client.core.SFStatement.executeHelper(SFStatement.java:486)&#10;at net.snowflake.client.core.SFStatement.executeQueryInternal(SFStatement.java:197)&#10;at net.snowflake.client.core.SFStatement.executeQuery(SFStatement.java:134)&#10;at net.snowflake.client.core.SFStatement.execute(SFStatement.java:743)&#10;at net.snowflake.client.core.SFStatement.execute(SFStatement.java:639)&#10;at net.snowflake.client.jdbc.SnowflakeStatementV1.executeQueryInternal(SnowflakeStatementV1.java:238)&#10;at net.snowflake.client.jdbc.SnowflakeStatementV1.executeQuery(SnowflakeStatementV1.java:133)&#10;at com.zaxxer.hikari.pool.ProxyStatement.executeQuery(ProxyStatement.java:110)&#10;at com.zaxxer.hikari.pool.HikariProxyStatement.executeQuery(HikariProxyStatement.java)&#10;at org.finos.legend.engine.plan.execution.stores.relational.result.SQLExecutionResult.&lt;init&gt;(SQLExecutionResult.java:95)&#10;... 101 more&#10;&quot;}&apos;&quot;" type="Assert failure at (resource"><![CDATA[Assert failure at (resource:/platform/pure/basics/tests/assertEq.pure line:34 column:5), "500 '{"code":-1,"message":"SnowflakeSQLException: SQL compilation error:
Function DATE_TRUNC does not support VARCHAR(19) argument type","status":"error","trace":"java.lang.RuntimeException: net.snowflake.client.jdbc.SnowflakeSQLException: SQL compilation error:
Function DATE_TRUNC does not support VARCHAR(19) argument type
at org.finos.legend.engine.plan.execution.stores.relational.result.SQLExecutionResult.<init>(SQLExecutionResult.java:123)
at org.finos.legend.engine.plan.execution.stores.relational.RelationalExecutor.execute(RelationalExecutor.java:241)
at org.finos.legend.engine.plan.execution.stores.relational.plugin.RelationalExecutionNodeExecutor.visit(RelationalExecutionNodeExecutor.java:238)
at org.finos.legend.engine.plan.execution.stores.relational.plugin.RelationalExecutionNodeExecutor.visit(RelationalExecutionNodeExecutor.java:346)
at org.finos.legend.engine.plan.execution.stores.relational.plugin.RelationalExecutionNodeExecutor.visit(RelationalExecutionNodeExecutor.java:92)
at org.finos.legend.engine.protocol.pure.v1.model.executionPlan.nodes.RelationalDataTypeInstantiationExecutionNode.accept(RelationalDataTypeInstantiationExecutionNode.java:22)
at org.finos.legend.engine.plan.execution.stores.relational.RelationalExecutionExtension.lambda$getExtraNodeExecutors$fbe53481$1(RelationalExecutionExtension.java:50)
at org.finos.legend.engine.plan.execution.nodes.ExecutionNodeExecutor.lambda$visit$0(ExecutionNodeExecutor.java:164)
at java.base/java.util.stream.ReferencePipeline$3$1.accept(ReferencePipeline.java:195)
at java.base/java.util.Spliterators$ArraySpliterator.tryAdvance(Spliterators.java:958)
at java.base/java.util.stream.ReferencePipeline.forEachWithCancel(ReferencePipeline.java:127)
at java.base/java.util.stream.AbstractPipeline.copyIntoWithCancel(AbstractPipeline.java:502)
at java.base/java.util.stream.AbstractPipeline.copyInto(AbstractPipeline.java:488)
at java.base/java.util.stream.AbstractPipeline.wrapAndCopyInto(AbstractPipeline.java:474)
at java.base/java.util.stream.FindOps$FindOp.evaluateSequential(FindOps.java:150)
at java.base/java.util.stream.AbstractPipeline.evaluate(AbstractPipeline.java:234)
at java.base/java.util.stream.ReferencePipeline.findFirst(ReferencePipeline.java:543)
at org.finos.legend.engine.plan.execution.nodes.ExecutionNodeExecutor.visit(ExecutionNodeExecutor.java:164)
at org.finos.legend.engine.plan.execution.nodes.ExecutionNodeExecutor.visit(ExecutionNodeExecutor.java:107)
at org.finos.legend.engine.protocol.pure.v1.model.executionPlan.nodes.RelationalDataTypeInstantiationExecutionNode.accept(RelationalDataTypeInstantiationExecutionNode.java:22)
at org.finos.legend.engine.plan.execution.PlanExecutor.execute(PlanExecutor.java:238)
at org.finos.legend.engine.plan.execution.PlanExecutor.execute(PlanExecutor.java:225)
at org.finos.legend.engine.plan.execution.api.ExecutePlan.doExecutePlanLegacy(ExecutePlan.java:102)
at org.finos.legend.engine.plan.execution.api.ExecutePlan.doExecutePlan(ExecutePlan.java:84)
at org.finos.legend.engine.plan.execution.api.ExecutePlanLegacy.executePlan(ExecutePlanLegacy.java:56)
at jdk.internal.reflect.GeneratedMethodAccessor100.invoke(Unknown Source)
at java.base/jdk.internal.reflect.DelegatingMethodAccessorImpl.invoke(DelegatingMethodAccessorImpl.java:43)
at java.base/java.lang.reflect.Method.invoke(Method.java:566)
at org.glassfish.jersey.server.model.internal.ResourceMethodInvocationHandlerFactory$1.invoke(ResourceMethodInvocationHandlerFactory.java:81)
at org.glassfish.jersey.server.model.internal.AbstractJavaResourceMethodDispatcher$1.run(AbstractJavaResourceMethodDispatcher.java:144)
at org.glassfish.jersey.server.model.internal.AbstractJavaResourceMethodDispatcher.invoke(AbstractJavaResourceMethodDispatcher.java:161)
at org.glassfish.jersey.server.model.internal.JavaResourceMethodDispatcherProvider$ResponseOutInvoker.doDispatch(JavaResourceMethodDispatcherProvider.java:160)
at org.glassfish.jersey.server.model.internal.AbstractJavaResourceMethodDispatcher.dispatch(AbstractJavaResourceMethodDispatcher.java:99)
at org.glassfish.jersey.server.model.ResourceMethodInvoker.invoke(ResourceMethodInvoker.java:389)
at org.glassfish.jersey.server.model.ResourceMethodInvoker.apply(ResourceMethodInvoker.java:347)
at org.glassfish.jersey.server.model.ResourceMethodInvoker.apply(ResourceMethodInvoker.java:102)
at org.glassfish.jersey.server.ServerRuntime$2.run(ServerRuntime.java:326)
at org.glassfish.jersey.internal.Errors$1.call(Errors.java:271)
at org.glassfish.jersey.internal.Errors$1.call(Errors.java:267)
at org.glassfish.jersey.internal.Errors.process(Errors.java:315)
at org.glassfish.jersey.internal.Errors.process(Errors.java:297)
at org.glassfish.jersey.internal.Errors.process(Errors.java:267)
at org.glassfish.jersey.process.internal.RequestScope.runInScope(RequestScope.java:317)
at org.glassfish.jersey.server.ServerRuntime.process(ServerRuntime.java:305)
at org.glassfish.jersey.server.ApplicationHandler.handle(ApplicationHandler.java:1154)
at org.glassfish.jersey.servlet.WebComponent.serviceImpl(WebComponent.java:473)
at org.glassfish.jersey.servlet.WebComponent.service(WebComponent.java:427)
at org.glassfish.jersey.servlet.ServletContainer.service(ServletContainer.java:388)
at org.glassfish.jersey.servlet.ServletContainer.service(ServletContainer.java:341)
at org.glassfish.jersey.servlet.ServletContainer.service(ServletContainer.java:228)
at org.eclipse.jetty.servlet.ServletHolder.handle(ServletHolder.java:799)
at org.eclipse.jetty.servlet.ServletHandler$ChainEnd.doFilter(ServletHandler.java:1631)
at io.dropwizard.servlets.ThreadNameFilter.doFilter(ThreadNameFilter.java:35)
at org.eclipse.jetty.servlet.FilterHolder.doFilter(FilterHolder.java:193)
at org.eclipse.jetty.servlet.ServletHandler$Chain.doFilter(ServletHandler.java:1601)
at io.dropwizard.jersey.filter.AllowedMethodsFilter.handle(AllowedMethodsFilter.java:45)
at io.dropwizard.jersey.filter.AllowedMethodsFilter.doFilter(AllowedMethodsFilter.java:39)
at org.eclipse.jetty.servlet.FilterHolder.doFilter(FilterHolder.java:193)
at org.eclipse.jetty.servlet.ServletHandler$Chain.doFilter(ServletHandler.java:1601)
at org.finos.legend.server.pac4j.internal.UsernameFilter.doFilter(UsernameFilter.java:51)
at org.eclipse.jetty.servlet.FilterHolder.doFilter(FilterHolder.java:193)
at org.eclipse.jetty.servlet.ServletHandler$Chain.doFilter(ServletHandler.java:1601)
at org.pac4j.j2e.filter.SecurityFilter.lambda$internalFilter$0(SecurityFilter.java:95)
at org.pac4j.core.engine.DefaultSecurityLogic.perform(DefaultSecurityLogic.java:140)
at org.pac4j.j2e.filter.SecurityFilter.internalFilter(SecurityFilter.java:93)
at org.pac4j.j2e.filter.AbstractConfigFilter.doFilter(AbstractConfigFilter.java:81)
at org.eclipse.jetty.servlet.FilterHolder.doFilter(FilterHolder.java:193)
at org.eclipse.jetty.servlet.ServletHandler$Chain.doFilter(ServletHandler.java:1601)
at org.eclipse.jetty.servlet.ServletHandler.doHandle(ServletHandler.java:548)
at org.eclipse.jetty.server.handler.ScopedHandler.nextHandle(ScopedHandler.java:233)
at org.eclipse.jetty.server.session.SessionHandler.doHandle(SessionHandler.java:1624)
at org.eclipse.jetty.server.handler.ScopedHandler.nextHandle(ScopedHandler.java:233)
at org.eclipse.jetty.server.handler.ContextHandler.doHandle(ContextHandler.java:1434)
at org.eclipse.jetty.server.handler.ScopedHandler.nextScope(ScopedHandler.java:188)
at org.eclipse.jetty.servlet.ServletHandler.doScope(ServletHandler.java:501)
at org.eclipse.jetty.server.session.SessionHandler.doScope(SessionHandler.java:1594)
at org.eclipse.jetty.server.handler.ScopedHandler.nextScope(ScopedHandler.java:186)
at org.eclipse.jetty.server.handler.ContextHandler.doScope(ContextHandler.java:1349)
at org.eclipse.jetty.server.handler.ScopedHandler.handle(ScopedHandler.java:141)
at org.eclipse.jetty.server.handler.HandlerWrapper.handle(HandlerWrapper.java:127)
at com.codahale.metrics.jetty9.InstrumentedHandler.handle(InstrumentedHandler.java:313)
at io.dropwizard.jetty.ContextRoutingHandler.handle(ContextRoutingHandler.java:37)
at org.eclipse.jetty.server.handler.gzip.GzipHandler.handle(GzipHandler.java:713)
at io.dropwizard.jetty.BiDiGzipHandler.handle(BiDiGzipHandler.java:67)
at org.eclipse.jetty.server.handler.StatisticsHandler.handle(StatisticsHandler.java:179)
at org.eclipse.jetty.server.handler.HandlerWrapper.handle(HandlerWrapper.java:127)
at org.eclipse.jetty.server.Server.handle(Server.java:516)
at org.eclipse.jetty.server.HttpChannel.lambda$handle$1(HttpChannel.java:400)
at org.eclipse.jetty.server.HttpChannel.dispatch(HttpChannel.java:645)
at org.eclipse.jetty.server.HttpChannel.handle(HttpChannel.java:392)
at org.eclipse.jetty.server.HttpConnection.onFillable(HttpConnection.java:277)
at org.eclipse.jetty.io.AbstractConnection$ReadCallback.succeeded(AbstractConnection.java:311)
at org.eclipse.jetty.io.FillInterest.fillable(FillInterest.java:105)
at org.eclipse.jetty.io.ChannelEndPoint$1.run(ChannelEndPoint.java:104)
at org.eclipse.jetty.util.thread.strategy.EatWhatYouKill.runTask(EatWhatYouKill.java:338)
at org.eclipse.jetty.util.thread.strategy.EatWhatYouKill.doProduce(EatWhatYouKill.java:315)
at org.eclipse.jetty.util.thread.strategy.EatWhatYouKill.tryProduce(EatWhatYouKill.java:173)
at org.eclipse.jetty.util.thread.strategy.EatWhatYouKill.run(EatWhatYouKill.java:131)
at org.eclipse.jetty.util.thread.ReservedThreadExecutor$ReservedThread.run(ReservedThreadExecutor.java:409)
at org.eclipse.jetty.util.thread.QueuedThreadPool.runJob(QueuedThreadPool.java:883)
at org.eclipse.jetty.util.thread.QueuedThreadPool$Runner.run(QueuedThreadPool.java:1034)
at java.base/java.lang.Thread.run(Thread.java:829)
Caused by: net.snowflake.client.jdbc.SnowflakeSQLException: SQL compilation error:
Function DATE_TRUNC does not support VARCHAR(19) argument type
at net.snowflake.client.jdbc.SnowflakeUtil.checkErrorAndThrowExceptionSub(SnowflakeUtil.java:127)
at net.snowflake.client.jdbc.SnowflakeUtil.checkErrorAndThrowException(SnowflakeUtil.java:67)
at net.snowflake.client.core.StmtUtil.pollForOutput(StmtUtil.java:442)
at net.snowflake.client.core.StmtUtil.execute(StmtUtil.java:345)
at net.snowflake.client.core.SFStatement.executeHelper(SFStatement.java:486)
at net.snowflake.client.core.SFStatement.executeQueryInternal(SFStatement.java:197)
at net.snowflake.client.core.SFStatement.executeQuery(SFStatement.java:134)
at net.snowflake.client.core.SFStatement.execute(SFStatement.java:743)
at net.snowflake.client.core.SFStatement.execute(SFStatement.java:639)
at net.snowflake.client.jdbc.SnowflakeStatementV1.executeQueryInternal(SnowflakeStatementV1.java:238)
at net.snowflake.client.jdbc.SnowflakeStatementV1.executeQuery(SnowflakeStatementV1.java:133)
at com.zaxxer.hikari.pool.ProxyStatement.executeQuery(ProxyStatement.java:110)
at com.zaxxer.hikari.pool.HikariProxyStatement.executeQuery(HikariProxyStatement.java)
at org.finos.legend.engine.plan.execution.stores.relational.result.SQLExecutionResult.<init>(SQLExecutionResult.java:95)
... 101 more
"}'"
	at org.finos.legend.pure.runtime.java.compiled.generation.processors.support.CompiledSupport.pureAssert(CompiledSupport.java:1994)
	at org.finos.legend.pure.generated.platform_pure_basics_tests_assertEq.Root_meta_pure_functions_asserts_assertEq_Any_1__Any_1__Function_1__Boolean_1_(platform_pure_basics_tests_assertEq.java:44)
	at org.finos.legend.pure.generated.core_pure_protocol_vX_X_X_invocations_execution.Root_meta_protocols_pure_vX_X_X_invocation_execution_execute_executePlan_String_1__String_1__Integer_1__String_1_(core_pure_protocol_vX_X_X_invocations_execution.java:751)
	at org.finos.legend.pure.generated.core_pure_protocol_vX_X_X_invocations_execution.Root_meta_protocols_pure_vX_X_X_invocation_execution_execute_executePlan_ExecutionPlan_1__String_1__Integer_1__Extension_MANY__String_1_(core_pure_protocol_vX_X_X_invocations_execution.java:745)
	at org.finos.legend.pure.generated.core_pure_protocol_vX_X_X_invocations_execution.Root_meta_protocols_pure_vX_X_X_invocation_execution_execute_executePlan_ExecutionPlan_1__ExecutionContext_$0_1$__String_1__Integer_1__Extension_MANY__Result_1_(core_pure_protocol_vX_X_X_invocations_execution.java:738)
	at jdk.internal.reflect.GeneratedMethodAccessor96.invoke(Unknown Source)
	at java.base/jdk.internal.reflect.DelegatingMethodAccessorImpl.invoke(DelegatingMethodAccessorImpl.java:43)
	at java.base/java.lang.reflect.Method.invoke(Method.java:566)
	at org.finos.legend.pure.runtime.java.compiled.metadata.JavaMethodWithParamsSharedPureFunction.execute(JavaMethodWithParamsSharedPureFunction.java:59)
	at org.finos.legend.pure.runtime.java.compiled.generation.processors.support.Pure._evaluateToMany(Pure.java:546)
	at org.finos.legend.pure.generated.CoreGen.evaluateToMany(CoreGen.java:147)
	at org.finos.legend.pure.generated.CoreGen.evaluateToMany(CoreGen.java:134)
	at org.finos.legend.pure.generated.core_pure_router_router_entry$9$1.value(core_pure_router_router_entry.java:318)
	at org.finos.legend.pure.generated.core_pure_router_router_entry$9$1.execute(core_pure_router_router_entry.java:311)
	at org.finos.legend.pure.generated.core_pure_router_router_entry$9$1.execute(core_pure_router_router_entry.java:307)
	at org.finos.legend.pure.runtime.java.compiled.generation.processors.support.Pure.evaluate(Pure.java:485)
	at org.finos.legend.pure.runtime.java.compiled.generation.processors.support.Pure.legendTest(Pure.java:216)
	at org.finos.legend.pure.generated.CoreGen.legendTest(CoreGen.java:61)
	at org.finos.legend.pure.generated.core_pure_router_router_entry$9.valueOf(core_pure_router_router_entry.java:303)
	at org.finos.legend.pure.generated.core_pure_router_router_entry$9.execute(core_pure_router_router_entry.java:298)
	at org.finos.legend.pure.generated.core_pure_router_router_entry$9.execute(core_pure_router_router_entry.java:294)
	at org.finos.legend.pure.runtime.java.compiled.generation.processors.support.Pure.evaluate(Pure.java:485)
	at org.finos.legend.pure.runtime.java.compiled.generation.processors.support.Pure.traceSpan(Pure.java:1482)
	at org.finos.legend.pure.generated.CoreGen.traceSpan(CoreGen.java:203)
	at org.finos.legend.pure.generated.core_pure_router_router_entry.Root_meta_pure_router_executePlan_ExecutionPlan_1__ExecutionContext_1__Extension_MANY__Result_$0_1$_(core_pure_router_router_entry.java:290)
	at org.finos.legend.pure.generated.core_pure_router_router_entry.Root_meta_pure_router_executePlan_ExecutionPlan_1__Extension_MANY__Result_$0_1$_(core_pure_router_router_entry.java:285)
	at org.finos.legend.pure.generated.core_relational_relational_sqlQueryToString_dbTestRunner_testRunner$20.execute(core_relational_relational_sqlQueryToString_dbTestRunner_testRunner.java:386)
	at org.finos.legend.pure.generated.core_relational_relational_sqlQueryToString_dbTestRunner_testRunner.Root_meta_relational_dbTestRunner_runSqlQueryTest_SQLQuery_1__Literal_$1_MANY$__Pair_MANY__Function_$0_1$__DbTestConfig_1__Boolean_1_(core_relational_relational_sqlQueryToString_dbTestRunner_testRunner.java:424)
	at org.finos.legend.pure.generated.core_relational_relational_sqlQueryToString_dbTestRunner_testRunner.Root_meta_relational_dbTestRunner_runSqlQueryTest_SQLQuery_1__Literal_$1_MANY$__Function_$0_1$__DbTestConfig_1__Boolean_1_(core_relational_relational_sqlQueryToString_dbTestRunner_testRunner.java:374)
	at org.finos.legend.pure.generated.core_relational_relational_sqlQueryToString_dbTestRunner_dynaFunctionTestRunner.Root_meta_relational_dbTestRunner_runDynaFunctionDatabaseTest_DynaFunction_1__Literal_$1_MANY$__Function_$0_1$__DbTestConfig_1__Boolean_1_(core_relational_relational_sqlQueryToString_dbTestRunner_dynaFunctionTestRunner.java:64)
	at org.finos.legend.pure.generated.core_relational_relational_sqlQueryToString_dbTestRunner_dynaFunctionTestRunner.Root_meta_relational_dbTestRunner_runDynaFunctionDatabaseTest_DynaFunction_1__Literal_$1_MANY$__DbTestConfig_1__Boolean_1_(core_relational_relational_sqlQueryToString_dbTestRunner_dynaFunctionTestRunner.java:58)
	at org.finos.legend.pure.generated.core_relational_relational_sqlQueryToString_testSuite_dynaFunctions_date.Root_meta_relational_tests_dbSpecificTests_sqlQueryTests_dynaFunctions_firstDayOfWeek_testFirstDayOfWeek_DbTestConfig_1__Boolean_1_(core_relational_relational_sqlQueryToString_testSuite_dynaFunctions_date.java:228)
	at java.base/jdk.internal.reflect.NativeMethodAccessorImpl.invoke0(Native Method)
	at java.base/jdk.internal.reflect.NativeMethodAccessorImpl.invoke(NativeMethodAccessorImpl.java:62)
	at java.base/jdk.internal.reflect.DelegatingMethodAccessorImpl.invoke(DelegatingMethodAccessorImpl.java:43)
	at java.base/java.lang.reflect.Method.invoke(Method.java:566)
	at org.finos.legend.pure.runtime.java.compiled.testHelper.PureTestBuilderCompiled.executeFn(PureTestBuilderCompiled.java:113)
	at org.finos.legend.pure.runtime.java.compiled.testHelper.PureTestBuilderCompiled.lambda$buildSuite$0(PureTestBuilderCompiled.java:79)
	at org.finos.legend.pure.m3.execution.test.PureTestBuilder$PureTestCase.runTest(PureTestBuilder.java:95)
	at junit.framework.TestCase.runBare(TestCase.java:142)
	at org.finos.legend.engine.server.test.shared.Relational_DbSpecific_UsingPureClientTestSuite$2.runTest(Relational_DbSpecific_UsingPureClientTestSuite.java:90)
	at junit.framework.TestCase.runBare(TestCase.java:142)
	at junit.framework.TestResult$1.protect(TestResult.java:122)
	at junit.framework.TestResult.runProtected(TestResult.java:142)
	at junit.framework.TestResult.run(TestResult.java:125)
	at junit.framework.TestCase.run(TestCase.java:130)
	at junit.framework.TestSuite.runTest(TestSuite.java:241)
	at junit.framework.TestSuite.run(TestSuite.java:236)
	at junit.framework.TestSuite.runTest(TestSuite.java:241)
	at junit.framework.TestSuite.run(TestSuite.java:236)
	at junit.framework.TestSuite.runTest(TestSuite.java:241)
	at junit.framework.TestSuite.run(TestSuite.java:236)
	at junit.framework.TestSuite.runTest(TestSuite.java:241)
	at junit.framework.TestSuite.run(TestSuite.java:236)
	at junit.framework.TestSuite.runTest(TestSuite.java:241)
	at junit.framework.TestSuite.run(TestSuite.java:236)
	at junit.extensions.TestDecorator.basicRun(TestDecorator.java:24)
	at junit.extensions.TestSetup$1.protect(TestSetup.java:23)
	at junit.framework.TestResult.runProtected(TestResult.java:142)
	at junit.extensions.TestSetup.run(TestSetup.java:27)
	at org.junit.internal.runners.JUnit38ClassRunner.run(JUnit38ClassRunner.java:90)
	at org.apache.maven.surefire.junit4.JUnit4Provider.execute(JUnit4Provider.java:365)
	at org.apache.maven.surefire.junit4.JUnit4Provider.executeWithRerun(JUnit4Provider.java:273)
	at org.apache.maven.surefire.junit4.JUnit4Provider.executeTestSet(JUnit4Provider.java:238)
	at org.apache.maven.surefire.junit4.JUnit4Provider.invoke(JUnit4Provider.java:159)
	at org.apache.maven.surefire.booter.ForkedBooter.invokeProviderInSameClassLoader(ForkedBooter.java:384)
	at org.apache.maven.surefire.booter.ForkedBooter.runSuitesInProcess(ForkedBooter.java:345)
	at org.apache.maven.surefire.booter.ForkedBooter.execute(ForkedBooter.java:126)
	at org.apache.maven.surefire.booter.ForkedBooter.main(ForkedBooter.java:418)
]]></error>
    <system-out><![CDATA[Running db test dynaFunctions::firstDayOfWeek::testFirstDayOfWeek
{"duration":0.0,"eventType":"EXECUTION_PLAN_EXEC_ERROR","info":{"code":-1,"message":"SnowflakeSQLException: SQL compilation error:\nFunction DATE_TRUNC does not support VARCHAR(19) argument type","status":"error","trace":"java.lang.RuntimeException: net.snowflake.client.jdbc.SnowflakeSQLException: SQL compilation error:\nFunction DATE_TRUNC does not support VARCHAR(19) argument type\n\tat org.finos.legend.engine.plan.execution.stores.relational.result.SQLExecutionResult.<init>(SQLExecutionResult.java:123)\n\tat org.finos.legend.engine.plan.execution.stores.relational.RelationalExecutor.execute(RelationalExecutor.java:241)\n\tat org.finos.legend.engine.plan.execution.stores.relational.plugin.RelationalExecutionNodeExecutor.visit(RelationalExecutionNodeExecutor.java:238)\n\tat org.finos.legend.engine.plan.execution.stores.relational.plugin.RelationalExecutionNodeExecutor.visit(RelationalExecutionNodeExecutor.java:346)\n\tat org.finos.legend.engine.plan.execution.stores.relational.plugin.RelationalExecutionNodeExecutor.visit(RelationalExecutionNodeExecutor.java:92)\n\tat org.finos.legend.engine.protocol.pure.v1.model.executionPlan.nodes.RelationalDataTypeInstantiationExecutionNode.accept(RelationalDataTypeInstantiationExecutionNode.java:22)\n\tat org.finos.legend.engine.plan.execution.stores.relational.RelationalExecutionExtension.lambda$getExtraNodeExecutors$fbe53481$1(RelationalExecutionExtension.java:50)\n\tat org.finos.legend.engine.plan.execution.nodes.ExecutionNodeExecutor.lambda$visit$0(ExecutionNodeExecutor.java:164)\n\tat java.base/java.util.stream.ReferencePipeline$3$1.accept(ReferencePipeline.java:195)\n\tat java.base/java.util.Spliterators$ArraySpliterator.tryAdvance(Spliterators.java:958)\n\tat java.base/java.util.stream.ReferencePipeline.forEachWithCancel(ReferencePipeline.java:127)\n\tat java.base/java.util.stream.AbstractPipeline.copyIntoWithCancel(AbstractPipeline.java:502)\n\tat java.base/java.util.stream.AbstractPipeline.copyInto(AbstractPipeline.java:488)\n\tat java.base/java.util.stream.AbstractPipeline.wrapAndCopyInto(AbstractPipeline.java:474)\n\tat java.base/java.util.stream.FindOps$FindOp.evaluateSequential(FindOps.java:150)\n\tat java.base/java.util.stream.AbstractPipeline.evaluate(AbstractPipeline.java:234)\n\tat java.base/java.util.stream.ReferencePipeline.findFirst(ReferencePipeline.java:543)\n\tat org.finos.legend.engine.plan.execution.nodes.ExecutionNodeExecutor.visit(ExecutionNodeExecutor.java:164)\n\tat org.finos.legend.engine.plan.execution.nodes.ExecutionNodeExecutor.visit(ExecutionNodeExecutor.java:107)\n\tat org.finos.legend.engine.protocol.pure.v1.model.executionPlan.nodes.RelationalDataTypeInstantiationExecutionNode.accept(RelationalDataTypeInstantiationExecutionNode.java:22)\n\tat org.finos.legend.engine.plan.execution.PlanExecutor.execute(PlanExecutor.java:238)\n\tat org.finos.legend.engine.plan.execution.PlanExecutor.execute(PlanExecutor.java:225)\n\tat org.finos.legend.engine.plan.execution.api.ExecutePlan.doExecutePlanLegacy(ExecutePlan.java:102)\n\tat org.finos.legend.engine.plan.execution.api.ExecutePlan.doExecutePlan(ExecutePlan.java:84)\n\tat org.finos.legend.engine.plan.execution.api.ExecutePlanLegacy.executePlan(ExecutePlanLegacy.java:56)\n\tat jdk.internal.reflect.GeneratedMethodAccessor100.invoke(Unknown Source)\n\tat java.base/jdk.internal.reflect.DelegatingMethodAccessorImpl.invoke(DelegatingMethodAccessorImpl.java:43)\n\tat java.base/java.lang.reflect.Method.invoke(Method.java:566)\n\tat org.glassfish.jersey.server.model.internal.ResourceMethodInvocationHandlerFactory$1.invoke(ResourceMethodInvocationHandlerFactory.java:81)\n\tat org.glassfish.jersey.server.model.internal.AbstractJavaResourceMethodDispatcher$1.run(AbstractJavaResourceMethodDispatcher.java:144)\n\tat org.glassfish.jersey.server.model.internal.AbstractJavaResourceMethodDispatcher.invoke(AbstractJavaResourceMethodDispatcher.java:161)\n\tat org.glassfish.jersey.server.model.internal.JavaResourceMethodDispatcherProvider$ResponseOutInvoker.doDispatch(JavaResourceMethodDispatcherProvider.java:160)\n\tat org.glassfish.jersey.server.model.internal.AbstractJavaResourceMethodDispatcher.dispatch(AbstractJavaResourceMethodDispatcher.java:99)\n\tat org.glassfish.jersey.server.model.ResourceMethodInvoker.invoke(ResourceMethodInvoker.java:389)\n\tat org.glassfish.jersey.server.model.ResourceMethodInvoker.apply(ResourceMethodInvoker.java:347)\n\tat org.glassfish.jersey.server.model.ResourceMethodInvoker.apply(ResourceMethodInvoker.java:102)\n\tat org.glassfish.jersey.server.ServerRuntime$2.run(ServerRuntime.java:326)\n\tat org.glassfish.jersey.internal.Errors$1.call(Errors.java:271)\n\tat org.glassfish.jersey.internal.Errors$1.call(Errors.java:267)\n\tat org.glassfish.jersey.internal.Errors.process(Errors.java:315)\n\tat org.glassfish.jersey.internal.Errors.process(Errors.java:297)\n\tat org.glassfish.jersey.internal.Errors.process(Errors.java:267)\n\tat org.glassfish.jersey.process.internal.RequestScope.runInScope(RequestScope.java:317)\n\tat org.glassfish.jersey.server.ServerRuntime.process(ServerRuntime.java:305)\n\tat org.glassfish.jersey.server.ApplicationHandler.handle(ApplicationHandler.java:1154)\n\tat org.glassfish.jersey.servlet.WebComponent.serviceImpl(WebComponent.java:473)\n\tat org.glassfish.jersey.servlet.WebComponent.service(WebComponent.java:427)\n\tat org.glassfish.jersey.servlet.ServletContainer.service(ServletContainer.java:388)\n\tat org.glassfish.jersey.servlet.ServletContainer.service(ServletContainer.java:341)\n\tat org.glassfish.jersey.servlet.ServletContainer.service(ServletContainer.java:228)\n\tat org.eclipse.jetty.servlet.ServletHolder.handle(ServletHolder.java:799)\n\tat org.eclipse.jetty.servlet.ServletHandler$ChainEnd.doFilter(ServletHandler.java:1631)\n\tat io.dropwizard.servlets.ThreadNameFilter.doFilter(ThreadNameFilter.java:35)\n\tat org.eclipse.jetty.servlet.FilterHolder.doFilter(FilterHolder.java:193)\n\tat org.eclipse.jetty.servlet.ServletHandler$Chain.doFilter(ServletHandler.java:1601)\n\tat io.dropwizard.jersey.filter.AllowedMethodsFilter.handle(AllowedMethodsFilter.java:45)\n\tat io.dropwizard.jersey.filter.AllowedMethodsFilter.doFilter(AllowedMethodsFilter.java:39)\n\tat org.eclipse.jetty.servlet.FilterHolder.doFilter(FilterHolder.java:193)\n\tat org.eclipse.jetty.servlet.ServletHandler$Chain.doFilter(ServletHandler.java:1601)\n\tat org.finos.legend.server.pac4j.internal.UsernameFilter.doFilter(UsernameFilter.java:51)\n\tat org.eclipse.jetty.servlet.FilterHolder.doFilter(FilterHolder.java:193)\n\tat org.eclipse.jetty.servlet.ServletHandler$Chain.doFilter(ServletHandler.java:1601)\n\tat org.pac4j.j2e.filter.SecurityFilter.lambda$internalFilter$0(SecurityFilter.java:95)\n\tat org.pac4j.core.engine.DefaultSecurityLogic.perform(DefaultSecurityLogic.java:140)\n\tat org.pac4j.j2e.filter.SecurityFilter.internalFilter(SecurityFilter.java:93)\n\tat org.pac4j.j2e.filter.AbstractConfigFilter.doFilter(AbstractConfigFilter.java:81)\n\tat org.eclipse.jetty.servlet.FilterHolder.doFilter(FilterHolder.java:193)\n\tat org.eclipse.jetty.servlet.ServletHandler$Chain.doFilter(ServletHandler.java:1601)\n\tat org.eclipse.jetty.servlet.ServletHandler.doHandle(ServletHandler.java:548)\n\tat org.eclipse.jetty.server.handler.ScopedHandler.nextHandle(ScopedHandler.java:233)\n\tat org.eclipse.jetty.server.session.SessionHandler.doHandle(SessionHandler.java:1624)\n\tat org.eclipse.jetty.server.handler.ScopedHandler.nextHandle(ScopedHandler.java:233)\n\tat org.eclipse.jetty.server.handler.ContextHandler.doHandle(ContextHandler.java:1434)\n\tat org.eclipse.jetty.server.handler.ScopedHandler.nextScope(ScopedHandler.java:188)\n\tat org.eclipse.jetty.servlet.ServletHandler.doScope(ServletHandler.java:501)\n\tat org.eclipse.jetty.server.session.SessionHandler.doScope(SessionHandler.java:1594)\n\tat org.eclipse.jetty.server.handler.ScopedHandler.nextScope(ScopedHandler.java:186)\n\tat org.eclipse.jetty.server.handler.ContextHandler.doScope(ContextHandler.java:1349)\n\tat org.eclipse.jetty.server.handler.ScopedHandler.handle(ScopedHandler.java:141)\n\tat org.eclipse.jetty.server.handler.HandlerWrapper.handle(HandlerWrapper.java:127)\n\tat com.codahale.metrics.jetty9.InstrumentedHandler.handle(InstrumentedHandler.java:313)\n\tat io.dropwizard.jetty.ContextRoutingHandler.handle(ContextRoutingHandler.java:37)\n\tat org.eclipse.jetty.server.handler.gzip.GzipHandler.handle(GzipHandler.java:713)\n\tat io.dropwizard.jetty.BiDiGzipHandler.handle(BiDiGzipHandler.java:67)\n\tat org.eclipse.jetty.server.handler.StatisticsHandler.handle(StatisticsHandler.java:179)\n\tat org.eclipse.jetty.server.handler.HandlerWrapper.handle(HandlerWrapper.java:127)\n\tat org.eclipse.jetty.server.Server.handle(Server.java:516)\n\tat org.eclipse.jetty.server.HttpChannel.lambda$handle$1(HttpChannel.java:400)\n\tat org.eclipse.jetty.server.HttpChannel.dispatch(HttpChannel.java:645)\n\tat org.eclipse.jetty.server.HttpChannel.handle(HttpChannel.java:392)\n\tat org.eclipse.jetty.server.HttpConnection.onFillable(HttpConnection.java:277)\n\tat org.eclipse.jetty.io.AbstractConnection$ReadCallback.succeeded(AbstractConnection.java:311)\n\tat org.eclipse.jetty.io.FillInterest.fillable(FillInterest.java:105)\n\tat org.eclipse.jetty.io.ChannelEndPoint$1.run(ChannelEndPoint.java:104)\n\tat org.eclipse.jetty.util.thread.strategy.EatWhatYouKill.runTask(EatWhatYouKill.java:338)\n\tat org.eclipse.jetty.util.thread.strategy.EatWhatYouKill.doProduce(EatWhatYouKill.java:315)\n\tat org.eclipse.jetty.util.thread.strategy.EatWhatYouKill.tryProduce(EatWhatYouKill.java:173)\n\tat org.eclipse.jetty.util.thread.strategy.EatWhatYouKill.run(EatWhatYouKill.java:131)\n\tat org.eclipse.jetty.util.thread.ReservedThreadExecutor$ReservedThread.run(ReservedThreadExecutor.java:409)\n\tat org.eclipse.jetty.util.thread.QueuedThreadPool.runJob(QueuedThreadPool.java:883)\n\tat org.eclipse.jetty.util.thread.QueuedThreadPool$Runner.run(QueuedThreadPool.java:1034)\n\tat java.base/java.lang.Thread.run(Thread.java:829)\nCaused by: net.snowflake.client.jdbc.SnowflakeSQLException: SQL compilation error:\nFunction DATE_TRUNC does not support VARCHAR(19) argument type\n\tat net.snowflake.client.jdbc.SnowflakeUtil.checkErrorAndThrowExceptionSub(SnowflakeUtil.java:127)\n\tat net.snowflake.client.jdbc.SnowflakeUtil.checkErrorAndThrowException(SnowflakeUtil.java:67)\n\tat net.snowflake.client.core.StmtUtil.pollForOutput(StmtUtil.java:442)\n\tat net.snowflake.client.core.StmtUtil.execute(StmtUtil.java:345)\n\tat net.snowflake.client.core.SFStatement.executeHelper(SFStatement.java:486)\n\tat net.snowflake.client.core.SFStatement.executeQueryInternal(SFStatement.java:197)\n\tat net.snowflake.client.core.SFStatement.executeQuery(SFStatement.java:134)\n\tat net.snowflake.client.core.SFStatement.execute(SFStatement.java:743)\n\tat net.snowflake.client.core.SFStatement.execute(SFStatement.java:639)\n\tat net.snowflake.client.jdbc.SnowflakeStatementV1.executeQueryInternal(SnowflakeStatementV1.java:238)\n\tat net.snowflake.client.jdbc.SnowflakeStatementV1.executeQuery(SnowflakeStatementV1.java:133)\n\tat com.zaxxer.hikari.pool.ProxyStatement.executeQuery(ProxyStatement.java:110)\n\tat com.zaxxer.hikari.pool.HikariProxyStatement.executeQuery(HikariProxyStatement.java)\n\tat org.finos.legend.engine.plan.execution.stores.relational.result.SQLExecutionResult.<init>(SQLExecutionResult.java:95)\n\t... 101 more\n"},"mode":"DEV","timeStamp":"2023-02-23 01:30:55.079","user":"_UNKNOWN_"}
| **dynaFunctions::firstDayOfWeek::testFirstDayOfWeek** | failing :x: |
]]></system-out>
  </testcase>
  <testcase name="testFirstDayOfYear[Snowflake]" classname="org.finos.legend.engine.server.test.shared.Relational_DbSpecific_UsingPureClientTestSuite$2" time="0.182">
    <error message="Assert failure at (resource:/platform/pure/basics/tests/assertEq.pure line:34 column:5), &quot;500 &apos;{&quot;code&quot;:-1,&quot;message&quot;:&quot;SnowflakeSQLException: SQL compilation error:&#10;Function DATE_TRUNC does not support VARCHAR(19) argument type&quot;,&quot;status&quot;:&quot;error&quot;,&quot;trace&quot;:&quot;java.lang.RuntimeException: net.snowflake.client.jdbc.SnowflakeSQLException: SQL compilation error:&#10;Function DATE_TRUNC does not support VARCHAR(19) argument type&#10;at org.finos.legend.engine.plan.execution.stores.relational.result.SQLExecutionResult.&lt;init&gt;(SQLExecutionResult.java:123)&#10;at org.finos.legend.engine.plan.execution.stores.relational.RelationalExecutor.execute(RelationalExecutor.java:241)&#10;at org.finos.legend.engine.plan.execution.stores.relational.plugin.RelationalExecutionNodeExecutor.visit(RelationalExecutionNodeExecutor.java:238)&#10;at org.finos.legend.engine.plan.execution.stores.relational.plugin.RelationalExecutionNodeExecutor.visit(RelationalExecutionNodeExecutor.java:346)&#10;at org.finos.legend.engine.plan.execution.stores.relational.plugin.RelationalExecutionNodeExecutor.visit(RelationalExecutionNodeExecutor.java:92)&#10;at org.finos.legend.engine.protocol.pure.v1.model.executionPlan.nodes.RelationalDataTypeInstantiationExecutionNode.accept(RelationalDataTypeInstantiationExecutionNode.java:22)&#10;at org.finos.legend.engine.plan.execution.stores.relational.RelationalExecutionExtension.lambda$getExtraNodeExecutors$fbe53481$1(RelationalExecutionExtension.java:50)&#10;at org.finos.legend.engine.plan.execution.nodes.ExecutionNodeExecutor.lambda$visit$0(ExecutionNodeExecutor.java:164)&#10;at java.base/java.util.stream.ReferencePipeline$3$1.accept(ReferencePipeline.java:195)&#10;at java.base/java.util.Spliterators$ArraySpliterator.tryAdvance(Spliterators.java:958)&#10;at java.base/java.util.stream.ReferencePipeline.forEachWithCancel(ReferencePipeline.java:127)&#10;at java.base/java.util.stream.AbstractPipeline.copyIntoWithCancel(AbstractPipeline.java:502)&#10;at java.base/java.util.stream.AbstractPipeline.copyInto(AbstractPipeline.java:488)&#10;at java.base/java.util.stream.AbstractPipeline.wrapAndCopyInto(AbstractPipeline.java:474)&#10;at java.base/java.util.stream.FindOps$FindOp.evaluateSequential(FindOps.java:150)&#10;at java.base/java.util.stream.AbstractPipeline.evaluate(AbstractPipeline.java:234)&#10;at java.base/java.util.stream.ReferencePipeline.findFirst(ReferencePipeline.java:543)&#10;at org.finos.legend.engine.plan.execution.nodes.ExecutionNodeExecutor.visit(ExecutionNodeExecutor.java:164)&#10;at org.finos.legend.engine.plan.execution.nodes.ExecutionNodeExecutor.visit(ExecutionNodeExecutor.java:107)&#10;at org.finos.legend.engine.protocol.pure.v1.model.executionPlan.nodes.RelationalDataTypeInstantiationExecutionNode.accept(RelationalDataTypeInstantiationExecutionNode.java:22)&#10;at org.finos.legend.engine.plan.execution.PlanExecutor.execute(PlanExecutor.java:238)&#10;at org.finos.legend.engine.plan.execution.PlanExecutor.execute(PlanExecutor.java:225)&#10;at org.finos.legend.engine.plan.execution.api.ExecutePlan.doExecutePlanLegacy(ExecutePlan.java:102)&#10;at org.finos.legend.engine.plan.execution.api.ExecutePlan.doExecutePlan(ExecutePlan.java:84)&#10;at org.finos.legend.engine.plan.execution.api.ExecutePlanLegacy.executePlan(ExecutePlanLegacy.java:56)&#10;at jdk.internal.reflect.GeneratedMethodAccessor100.invoke(Unknown Source)&#10;at java.base/jdk.internal.reflect.DelegatingMethodAccessorImpl.invoke(DelegatingMethodAccessorImpl.java:43)&#10;at java.base/java.lang.reflect.Method.invoke(Method.java:566)&#10;at org.glassfish.jersey.server.model.internal.ResourceMethodInvocationHandlerFactory$1.invoke(ResourceMethodInvocationHandlerFactory.java:81)&#10;at org.glassfish.jersey.server.model.internal.AbstractJavaResourceMethodDispatcher$1.run(AbstractJavaResourceMethodDispatcher.java:144)&#10;at org.glassfish.jersey.server.model.internal.AbstractJavaResourceMethodDispatcher.invoke(AbstractJavaResourceMethodDispatcher.java:161)&#10;at org.glassfish.jersey.server.model.internal.JavaResourceMethodDispatcherProvider$ResponseOutInvoker.doDispatch(JavaResourceMethodDispatcherProvider.java:160)&#10;at org.glassfish.jersey.server.model.internal.AbstractJavaResourceMethodDispatcher.dispatch(AbstractJavaResourceMethodDispatcher.java:99)&#10;at org.glassfish.jersey.server.model.ResourceMethodInvoker.invoke(ResourceMethodInvoker.java:389)&#10;at org.glassfish.jersey.server.model.ResourceMethodInvoker.apply(ResourceMethodInvoker.java:347)&#10;at org.glassfish.jersey.server.model.ResourceMethodInvoker.apply(ResourceMethodInvoker.java:102)&#10;at org.glassfish.jersey.server.ServerRuntime$2.run(ServerRuntime.java:326)&#10;at org.glassfish.jersey.internal.Errors$1.call(Errors.java:271)&#10;at org.glassfish.jersey.internal.Errors$1.call(Errors.java:267)&#10;at org.glassfish.jersey.internal.Errors.process(Errors.java:315)&#10;at org.glassfish.jersey.internal.Errors.process(Errors.java:297)&#10;at org.glassfish.jersey.internal.Errors.process(Errors.java:267)&#10;at org.glassfish.jersey.process.internal.RequestScope.runInScope(RequestScope.java:317)&#10;at org.glassfish.jersey.server.ServerRuntime.process(ServerRuntime.java:305)&#10;at org.glassfish.jersey.server.ApplicationHandler.handle(ApplicationHandler.java:1154)&#10;at org.glassfish.jersey.servlet.WebComponent.serviceImpl(WebComponent.java:473)&#10;at org.glassfish.jersey.servlet.WebComponent.service(WebComponent.java:427)&#10;at org.glassfish.jersey.servlet.ServletContainer.service(ServletContainer.java:388)&#10;at org.glassfish.jersey.servlet.ServletContainer.service(ServletContainer.java:341)&#10;at org.glassfish.jersey.servlet.ServletContainer.service(ServletContainer.java:228)&#10;at org.eclipse.jetty.servlet.ServletHolder.handle(ServletHolder.java:799)&#10;at org.eclipse.jetty.servlet.ServletHandler$ChainEnd.doFilter(ServletHandler.java:1631)&#10;at io.dropwizard.servlets.ThreadNameFilter.doFilter(ThreadNameFilter.java:35)&#10;at org.eclipse.jetty.servlet.FilterHolder.doFilter(FilterHolder.java:193)&#10;at org.eclipse.jetty.servlet.ServletHandler$Chain.doFilter(ServletHandler.java:1601)&#10;at io.dropwizard.jersey.filter.AllowedMethodsFilter.handle(AllowedMethodsFilter.java:45)&#10;at io.dropwizard.jersey.filter.AllowedMethodsFilter.doFilter(AllowedMethodsFilter.java:39)&#10;at org.eclipse.jetty.servlet.FilterHolder.doFilter(FilterHolder.java:193)&#10;at org.eclipse.jetty.servlet.ServletHandler$Chain.doFilter(ServletHandler.java:1601)&#10;at org.finos.legend.server.pac4j.internal.UsernameFilter.doFilter(UsernameFilter.java:51)&#10;at org.eclipse.jetty.servlet.FilterHolder.doFilter(FilterHolder.java:193)&#10;at org.eclipse.jetty.servlet.ServletHandler$Chain.doFilter(ServletHandler.java:1601)&#10;at org.pac4j.j2e.filter.SecurityFilter.lambda$internalFilter$0(SecurityFilter.java:95)&#10;at org.pac4j.core.engine.DefaultSecurityLogic.perform(DefaultSecurityLogic.java:140)&#10;at org.pac4j.j2e.filter.SecurityFilter.internalFilter(SecurityFilter.java:93)&#10;at org.pac4j.j2e.filter.AbstractConfigFilter.doFilter(AbstractConfigFilter.java:81)&#10;at org.eclipse.jetty.servlet.FilterHolder.doFilter(FilterHolder.java:193)&#10;at org.eclipse.jetty.servlet.ServletHandler$Chain.doFilter(ServletHandler.java:1601)&#10;at org.eclipse.jetty.servlet.ServletHandler.doHandle(ServletHandler.java:548)&#10;at org.eclipse.jetty.server.handler.ScopedHandler.nextHandle(ScopedHandler.java:233)&#10;at org.eclipse.jetty.server.session.SessionHandler.doHandle(SessionHandler.java:1624)&#10;at org.eclipse.jetty.server.handler.ScopedHandler.nextHandle(ScopedHandler.java:233)&#10;at org.eclipse.jetty.server.handler.ContextHandler.doHandle(ContextHandler.java:1434)&#10;at org.eclipse.jetty.server.handler.ScopedHandler.nextScope(ScopedHandler.java:188)&#10;at org.eclipse.jetty.servlet.ServletHandler.doScope(ServletHandler.java:501)&#10;at org.eclipse.jetty.server.session.SessionHandler.doScope(SessionHandler.java:1594)&#10;at org.eclipse.jetty.server.handler.ScopedHandler.nextScope(ScopedHandler.java:186)&#10;at org.eclipse.jetty.server.handler.ContextHandler.doScope(ContextHandler.java:1349)&#10;at org.eclipse.jetty.server.handler.ScopedHandler.handle(ScopedHandler.java:141)&#10;at org.eclipse.jetty.server.handler.HandlerWrapper.handle(HandlerWrapper.java:127)&#10;at com.codahale.metrics.jetty9.InstrumentedHandler.handle(InstrumentedHandler.java:313)&#10;at io.dropwizard.jetty.ContextRoutingHandler.handle(ContextRoutingHandler.java:37)&#10;at org.eclipse.jetty.server.handler.gzip.GzipHandler.handle(GzipHandler.java:713)&#10;at io.dropwizard.jetty.BiDiGzipHandler.handle(BiDiGzipHandler.java:67)&#10;at org.eclipse.jetty.server.handler.StatisticsHandler.handle(StatisticsHandler.java:179)&#10;at org.eclipse.jetty.server.handler.HandlerWrapper.handle(HandlerWrapper.java:127)&#10;at org.eclipse.jetty.server.Server.handle(Server.java:516)&#10;at org.eclipse.jetty.server.HttpChannel.lambda$handle$1(HttpChannel.java:400)&#10;at org.eclipse.jetty.server.HttpChannel.dispatch(HttpChannel.java:645)&#10;at org.eclipse.jetty.server.HttpChannel.handle(HttpChannel.java:392)&#10;at org.eclipse.jetty.server.HttpConnection.onFillable(HttpConnection.java:277)&#10;at org.eclipse.jetty.io.AbstractConnection$ReadCallback.succeeded(AbstractConnection.java:311)&#10;at org.eclipse.jetty.io.FillInterest.fillable(FillInterest.java:105)&#10;at org.eclipse.jetty.io.ChannelEndPoint$1.run(ChannelEndPoint.java:104)&#10;at org.eclipse.jetty.util.thread.strategy.EatWhatYouKill.runTask(EatWhatYouKill.java:338)&#10;at org.eclipse.jetty.util.thread.strategy.EatWhatYouKill.doProduce(EatWhatYouKill.java:315)&#10;at org.eclipse.jetty.util.thread.strategy.EatWhatYouKill.tryProduce(EatWhatYouKill.java:173)&#10;at org.eclipse.jetty.util.thread.strategy.EatWhatYouKill.run(EatWhatYouKill.java:131)&#10;at org.eclipse.jetty.util.thread.ReservedThreadExecutor$ReservedThread.run(ReservedThreadExecutor.java:409)&#10;at org.eclipse.jetty.util.thread.QueuedThreadPool.runJob(QueuedThreadPool.java:883)&#10;at org.eclipse.jetty.util.thread.QueuedThreadPool$Runner.run(QueuedThreadPool.java:1034)&#10;at java.base/java.lang.Thread.run(Thread.java:829)&#10;Caused by: net.snowflake.client.jdbc.SnowflakeSQLException: SQL compilation error:&#10;Function DATE_TRUNC does not support VARCHAR(19) argument type&#10;at net.snowflake.client.jdbc.SnowflakeUtil.checkErrorAndThrowExceptionSub(SnowflakeUtil.java:127)&#10;at net.snowflake.client.jdbc.SnowflakeUtil.checkErrorAndThrowException(SnowflakeUtil.java:67)&#10;at net.snowflake.client.core.StmtUtil.pollForOutput(StmtUtil.java:442)&#10;at net.snowflake.client.core.StmtUtil.execute(StmtUtil.java:345)&#10;at net.snowflake.client.core.SFStatement.executeHelper(SFStatement.java:486)&#10;at net.snowflake.client.core.SFStatement.executeQueryInternal(SFStatement.java:197)&#10;at net.snowflake.client.core.SFStatement.executeQuery(SFStatement.java:134)&#10;at net.snowflake.client.core.SFStatement.execute(SFStatement.java:743)&#10;at net.snowflake.client.core.SFStatement.execute(SFStatement.java:639)&#10;at net.snowflake.client.jdbc.SnowflakeStatementV1.executeQueryInternal(SnowflakeStatementV1.java:238)&#10;at net.snowflake.client.jdbc.SnowflakeStatementV1.executeQuery(SnowflakeStatementV1.java:133)&#10;at com.zaxxer.hikari.pool.ProxyStatement.executeQuery(ProxyStatement.java:110)&#10;at com.zaxxer.hikari.pool.HikariProxyStatement.executeQuery(HikariProxyStatement.java)&#10;at org.finos.legend.engine.plan.execution.stores.relational.result.SQLExecutionResult.&lt;init&gt;(SQLExecutionResult.java:95)&#10;... 101 more&#10;&quot;}&apos;&quot;" type="Assert failure at (resource"><![CDATA[Assert failure at (resource:/platform/pure/basics/tests/assertEq.pure line:34 column:5), "500 '{"code":-1,"message":"SnowflakeSQLException: SQL compilation error:
Function DATE_TRUNC does not support VARCHAR(19) argument type","status":"error","trace":"java.lang.RuntimeException: net.snowflake.client.jdbc.SnowflakeSQLException: SQL compilation error:
Function DATE_TRUNC does not support VARCHAR(19) argument type
at org.finos.legend.engine.plan.execution.stores.relational.result.SQLExecutionResult.<init>(SQLExecutionResult.java:123)
at org.finos.legend.engine.plan.execution.stores.relational.RelationalExecutor.execute(RelationalExecutor.java:241)
at org.finos.legend.engine.plan.execution.stores.relational.plugin.RelationalExecutionNodeExecutor.visit(RelationalExecutionNodeExecutor.java:238)
at org.finos.legend.engine.plan.execution.stores.relational.plugin.RelationalExecutionNodeExecutor.visit(RelationalExecutionNodeExecutor.java:346)
at org.finos.legend.engine.plan.execution.stores.relational.plugin.RelationalExecutionNodeExecutor.visit(RelationalExecutionNodeExecutor.java:92)
at org.finos.legend.engine.protocol.pure.v1.model.executionPlan.nodes.RelationalDataTypeInstantiationExecutionNode.accept(RelationalDataTypeInstantiationExecutionNode.java:22)
at org.finos.legend.engine.plan.execution.stores.relational.RelationalExecutionExtension.lambda$getExtraNodeExecutors$fbe53481$1(RelationalExecutionExtension.java:50)
at org.finos.legend.engine.plan.execution.nodes.ExecutionNodeExecutor.lambda$visit$0(ExecutionNodeExecutor.java:164)
at java.base/java.util.stream.ReferencePipeline$3$1.accept(ReferencePipeline.java:195)
at java.base/java.util.Spliterators$ArraySpliterator.tryAdvance(Spliterators.java:958)
at java.base/java.util.stream.ReferencePipeline.forEachWithCancel(ReferencePipeline.java:127)
at java.base/java.util.stream.AbstractPipeline.copyIntoWithCancel(AbstractPipeline.java:502)
at java.base/java.util.stream.AbstractPipeline.copyInto(AbstractPipeline.java:488)
at java.base/java.util.stream.AbstractPipeline.wrapAndCopyInto(AbstractPipeline.java:474)
at java.base/java.util.stream.FindOps$FindOp.evaluateSequential(FindOps.java:150)
at java.base/java.util.stream.AbstractPipeline.evaluate(AbstractPipeline.java:234)
at java.base/java.util.stream.ReferencePipeline.findFirst(ReferencePipeline.java:543)
at org.finos.legend.engine.plan.execution.nodes.ExecutionNodeExecutor.visit(ExecutionNodeExecutor.java:164)
at org.finos.legend.engine.plan.execution.nodes.ExecutionNodeExecutor.visit(ExecutionNodeExecutor.java:107)
at org.finos.legend.engine.protocol.pure.v1.model.executionPlan.nodes.RelationalDataTypeInstantiationExecutionNode.accept(RelationalDataTypeInstantiationExecutionNode.java:22)
at org.finos.legend.engine.plan.execution.PlanExecutor.execute(PlanExecutor.java:238)
at org.finos.legend.engine.plan.execution.PlanExecutor.execute(PlanExecutor.java:225)
at org.finos.legend.engine.plan.execution.api.ExecutePlan.doExecutePlanLegacy(ExecutePlan.java:102)
at org.finos.legend.engine.plan.execution.api.ExecutePlan.doExecutePlan(ExecutePlan.java:84)
at org.finos.legend.engine.plan.execution.api.ExecutePlanLegacy.executePlan(ExecutePlanLegacy.java:56)
at jdk.internal.reflect.GeneratedMethodAccessor100.invoke(Unknown Source)
at java.base/jdk.internal.reflect.DelegatingMethodAccessorImpl.invoke(DelegatingMethodAccessorImpl.java:43)
at java.base/java.lang.reflect.Method.invoke(Method.java:566)
at org.glassfish.jersey.server.model.internal.ResourceMethodInvocationHandlerFactory$1.invoke(ResourceMethodInvocationHandlerFactory.java:81)
at org.glassfish.jersey.server.model.internal.AbstractJavaResourceMethodDispatcher$1.run(AbstractJavaResourceMethodDispatcher.java:144)
at org.glassfish.jersey.server.model.internal.AbstractJavaResourceMethodDispatcher.invoke(AbstractJavaResourceMethodDispatcher.java:161)
at org.glassfish.jersey.server.model.internal.JavaResourceMethodDispatcherProvider$ResponseOutInvoker.doDispatch(JavaResourceMethodDispatcherProvider.java:160)
at org.glassfish.jersey.server.model.internal.AbstractJavaResourceMethodDispatcher.dispatch(AbstractJavaResourceMethodDispatcher.java:99)
at org.glassfish.jersey.server.model.ResourceMethodInvoker.invoke(ResourceMethodInvoker.java:389)
at org.glassfish.jersey.server.model.ResourceMethodInvoker.apply(ResourceMethodInvoker.java:347)
at org.glassfish.jersey.server.model.ResourceMethodInvoker.apply(ResourceMethodInvoker.java:102)
at org.glassfish.jersey.server.ServerRuntime$2.run(ServerRuntime.java:326)
at org.glassfish.jersey.internal.Errors$1.call(Errors.java:271)
at org.glassfish.jersey.internal.Errors$1.call(Errors.java:267)
at org.glassfish.jersey.internal.Errors.process(Errors.java:315)
at org.glassfish.jersey.internal.Errors.process(Errors.java:297)
at org.glassfish.jersey.internal.Errors.process(Errors.java:267)
at org.glassfish.jersey.process.internal.RequestScope.runInScope(RequestScope.java:317)
at org.glassfish.jersey.server.ServerRuntime.process(ServerRuntime.java:305)
at org.glassfish.jersey.server.ApplicationHandler.handle(ApplicationHandler.java:1154)
at org.glassfish.jersey.servlet.WebComponent.serviceImpl(WebComponent.java:473)
at org.glassfish.jersey.servlet.WebComponent.service(WebComponent.java:427)
at org.glassfish.jersey.servlet.ServletContainer.service(ServletContainer.java:388)
at org.glassfish.jersey.servlet.ServletContainer.service(ServletContainer.java:341)
at org.glassfish.jersey.servlet.ServletContainer.service(ServletContainer.java:228)
at org.eclipse.jetty.servlet.ServletHolder.handle(ServletHolder.java:799)
at org.eclipse.jetty.servlet.ServletHandler$ChainEnd.doFilter(ServletHandler.java:1631)
at io.dropwizard.servlets.ThreadNameFilter.doFilter(ThreadNameFilter.java:35)
at org.eclipse.jetty.servlet.FilterHolder.doFilter(FilterHolder.java:193)
at org.eclipse.jetty.servlet.ServletHandler$Chain.doFilter(ServletHandler.java:1601)
at io.dropwizard.jersey.filter.AllowedMethodsFilter.handle(AllowedMethodsFilter.java:45)
at io.dropwizard.jersey.filter.AllowedMethodsFilter.doFilter(AllowedMethodsFilter.java:39)
at org.eclipse.jetty.servlet.FilterHolder.doFilter(FilterHolder.java:193)
at org.eclipse.jetty.servlet.ServletHandler$Chain.doFilter(ServletHandler.java:1601)
at org.finos.legend.server.pac4j.internal.UsernameFilter.doFilter(UsernameFilter.java:51)
at org.eclipse.jetty.servlet.FilterHolder.doFilter(FilterHolder.java:193)
at org.eclipse.jetty.servlet.ServletHandler$Chain.doFilter(ServletHandler.java:1601)
at org.pac4j.j2e.filter.SecurityFilter.lambda$internalFilter$0(SecurityFilter.java:95)
at org.pac4j.core.engine.DefaultSecurityLogic.perform(DefaultSecurityLogic.java:140)
at org.pac4j.j2e.filter.SecurityFilter.internalFilter(SecurityFilter.java:93)
at org.pac4j.j2e.filter.AbstractConfigFilter.doFilter(AbstractConfigFilter.java:81)
at org.eclipse.jetty.servlet.FilterHolder.doFilter(FilterHolder.java:193)
at org.eclipse.jetty.servlet.ServletHandler$Chain.doFilter(ServletHandler.java:1601)
at org.eclipse.jetty.servlet.ServletHandler.doHandle(ServletHandler.java:548)
at org.eclipse.jetty.server.handler.ScopedHandler.nextHandle(ScopedHandler.java:233)
at org.eclipse.jetty.server.session.SessionHandler.doHandle(SessionHandler.java:1624)
at org.eclipse.jetty.server.handler.ScopedHandler.nextHandle(ScopedHandler.java:233)
at org.eclipse.jetty.server.handler.ContextHandler.doHandle(ContextHandler.java:1434)
at org.eclipse.jetty.server.handler.ScopedHandler.nextScope(ScopedHandler.java:188)
at org.eclipse.jetty.servlet.ServletHandler.doScope(ServletHandler.java:501)
at org.eclipse.jetty.server.session.SessionHandler.doScope(SessionHandler.java:1594)
at org.eclipse.jetty.server.handler.ScopedHandler.nextScope(ScopedHandler.java:186)
at org.eclipse.jetty.server.handler.ContextHandler.doScope(ContextHandler.java:1349)
at org.eclipse.jetty.server.handler.ScopedHandler.handle(ScopedHandler.java:141)
at org.eclipse.jetty.server.handler.HandlerWrapper.handle(HandlerWrapper.java:127)
at com.codahale.metrics.jetty9.InstrumentedHandler.handle(InstrumentedHandler.java:313)
at io.dropwizard.jetty.ContextRoutingHandler.handle(ContextRoutingHandler.java:37)
at org.eclipse.jetty.server.handler.gzip.GzipHandler.handle(GzipHandler.java:713)
at io.dropwizard.jetty.BiDiGzipHandler.handle(BiDiGzipHandler.java:67)
at org.eclipse.jetty.server.handler.StatisticsHandler.handle(StatisticsHandler.java:179)
at org.eclipse.jetty.server.handler.HandlerWrapper.handle(HandlerWrapper.java:127)
at org.eclipse.jetty.server.Server.handle(Server.java:516)
at org.eclipse.jetty.server.HttpChannel.lambda$handle$1(HttpChannel.java:400)
at org.eclipse.jetty.server.HttpChannel.dispatch(HttpChannel.java:645)
at org.eclipse.jetty.server.HttpChannel.handle(HttpChannel.java:392)
at org.eclipse.jetty.server.HttpConnection.onFillable(HttpConnection.java:277)
at org.eclipse.jetty.io.AbstractConnection$ReadCallback.succeeded(AbstractConnection.java:311)
at org.eclipse.jetty.io.FillInterest.fillable(FillInterest.java:105)
at org.eclipse.jetty.io.ChannelEndPoint$1.run(ChannelEndPoint.java:104)
at org.eclipse.jetty.util.thread.strategy.EatWhatYouKill.runTask(EatWhatYouKill.java:338)
at org.eclipse.jetty.util.thread.strategy.EatWhatYouKill.doProduce(EatWhatYouKill.java:315)
at org.eclipse.jetty.util.thread.strategy.EatWhatYouKill.tryProduce(EatWhatYouKill.java:173)
at org.eclipse.jetty.util.thread.strategy.EatWhatYouKill.run(EatWhatYouKill.java:131)
at org.eclipse.jetty.util.thread.ReservedThreadExecutor$ReservedThread.run(ReservedThreadExecutor.java:409)
at org.eclipse.jetty.util.thread.QueuedThreadPool.runJob(QueuedThreadPool.java:883)
at org.eclipse.jetty.util.thread.QueuedThreadPool$Runner.run(QueuedThreadPool.java:1034)
at java.base/java.lang.Thread.run(Thread.java:829)
Caused by: net.snowflake.client.jdbc.SnowflakeSQLException: SQL compilation error:
Function DATE_TRUNC does not support VARCHAR(19) argument type
at net.snowflake.client.jdbc.SnowflakeUtil.checkErrorAndThrowExceptionSub(SnowflakeUtil.java:127)
at net.snowflake.client.jdbc.SnowflakeUtil.checkErrorAndThrowException(SnowflakeUtil.java:67)
at net.snowflake.client.core.StmtUtil.pollForOutput(StmtUtil.java:442)
at net.snowflake.client.core.StmtUtil.execute(StmtUtil.java:345)
at net.snowflake.client.core.SFStatement.executeHelper(SFStatement.java:486)
at net.snowflake.client.core.SFStatement.executeQueryInternal(SFStatement.java:197)
at net.snowflake.client.core.SFStatement.executeQuery(SFStatement.java:134)
at net.snowflake.client.core.SFStatement.execute(SFStatement.java:743)
at net.snowflake.client.core.SFStatement.execute(SFStatement.java:639)
at net.snowflake.client.jdbc.SnowflakeStatementV1.executeQueryInternal(SnowflakeStatementV1.java:238)
at net.snowflake.client.jdbc.SnowflakeStatementV1.executeQuery(SnowflakeStatementV1.java:133)
at com.zaxxer.hikari.pool.ProxyStatement.executeQuery(ProxyStatement.java:110)
at com.zaxxer.hikari.pool.HikariProxyStatement.executeQuery(HikariProxyStatement.java)
at org.finos.legend.engine.plan.execution.stores.relational.result.SQLExecutionResult.<init>(SQLExecutionResult.java:95)
... 101 more
"}'"
	at org.finos.legend.pure.runtime.java.compiled.generation.processors.support.CompiledSupport.pureAssert(CompiledSupport.java:1994)
	at org.finos.legend.pure.generated.platform_pure_basics_tests_assertEq.Root_meta_pure_functions_asserts_assertEq_Any_1__Any_1__Function_1__Boolean_1_(platform_pure_basics_tests_assertEq.java:44)
	at org.finos.legend.pure.generated.core_pure_protocol_vX_X_X_invocations_execution.Root_meta_protocols_pure_vX_X_X_invocation_execution_execute_executePlan_String_1__String_1__Integer_1__String_1_(core_pure_protocol_vX_X_X_invocations_execution.java:751)
	at org.finos.legend.pure.generated.core_pure_protocol_vX_X_X_invocations_execution.Root_meta_protocols_pure_vX_X_X_invocation_execution_execute_executePlan_ExecutionPlan_1__String_1__Integer_1__Extension_MANY__String_1_(core_pure_protocol_vX_X_X_invocations_execution.java:745)
	at org.finos.legend.pure.generated.core_pure_protocol_vX_X_X_invocations_execution.Root_meta_protocols_pure_vX_X_X_invocation_execution_execute_executePlan_ExecutionPlan_1__ExecutionContext_$0_1$__String_1__Integer_1__Extension_MANY__Result_1_(core_pure_protocol_vX_X_X_invocations_execution.java:738)
	at jdk.internal.reflect.GeneratedMethodAccessor96.invoke(Unknown Source)
	at java.base/jdk.internal.reflect.DelegatingMethodAccessorImpl.invoke(DelegatingMethodAccessorImpl.java:43)
	at java.base/java.lang.reflect.Method.invoke(Method.java:566)
	at org.finos.legend.pure.runtime.java.compiled.metadata.JavaMethodWithParamsSharedPureFunction.execute(JavaMethodWithParamsSharedPureFunction.java:59)
	at org.finos.legend.pure.runtime.java.compiled.generation.processors.support.Pure._evaluateToMany(Pure.java:546)
	at org.finos.legend.pure.generated.CoreGen.evaluateToMany(CoreGen.java:147)
	at org.finos.legend.pure.generated.CoreGen.evaluateToMany(CoreGen.java:134)
	at org.finos.legend.pure.generated.core_pure_router_router_entry$9$1.value(core_pure_router_router_entry.java:318)
	at org.finos.legend.pure.generated.core_pure_router_router_entry$9$1.execute(core_pure_router_router_entry.java:311)
	at org.finos.legend.pure.generated.core_pure_router_router_entry$9$1.execute(core_pure_router_router_entry.java:307)
	at org.finos.legend.pure.runtime.java.compiled.generation.processors.support.Pure.evaluate(Pure.java:485)
	at org.finos.legend.pure.runtime.java.compiled.generation.processors.support.Pure.legendTest(Pure.java:216)
	at org.finos.legend.pure.generated.CoreGen.legendTest(CoreGen.java:61)
	at org.finos.legend.pure.generated.core_pure_router_router_entry$9.valueOf(core_pure_router_router_entry.java:303)
	at org.finos.legend.pure.generated.core_pure_router_router_entry$9.execute(core_pure_router_router_entry.java:298)
	at org.finos.legend.pure.generated.core_pure_router_router_entry$9.execute(core_pure_router_router_entry.java:294)
	at org.finos.legend.pure.runtime.java.compiled.generation.processors.support.Pure.evaluate(Pure.java:485)
	at org.finos.legend.pure.runtime.java.compiled.generation.processors.support.Pure.traceSpan(Pure.java:1482)
	at org.finos.legend.pure.generated.CoreGen.traceSpan(CoreGen.java:203)
	at org.finos.legend.pure.generated.core_pure_router_router_entry.Root_meta_pure_router_executePlan_ExecutionPlan_1__ExecutionContext_1__Extension_MANY__Result_$0_1$_(core_pure_router_router_entry.java:290)
	at org.finos.legend.pure.generated.core_pure_router_router_entry.Root_meta_pure_router_executePlan_ExecutionPlan_1__Extension_MANY__Result_$0_1$_(core_pure_router_router_entry.java:285)
	at org.finos.legend.pure.generated.core_relational_relational_sqlQueryToString_dbTestRunner_testRunner$20.execute(core_relational_relational_sqlQueryToString_dbTestRunner_testRunner.java:386)
	at org.finos.legend.pure.generated.core_relational_relational_sqlQueryToString_dbTestRunner_testRunner.Root_meta_relational_dbTestRunner_runSqlQueryTest_SQLQuery_1__Literal_$1_MANY$__Pair_MANY__Function_$0_1$__DbTestConfig_1__Boolean_1_(core_relational_relational_sqlQueryToString_dbTestRunner_testRunner.java:424)
	at org.finos.legend.pure.generated.core_relational_relational_sqlQueryToString_dbTestRunner_testRunner.Root_meta_relational_dbTestRunner_runSqlQueryTest_SQLQuery_1__Literal_$1_MANY$__Function_$0_1$__DbTestConfig_1__Boolean_1_(core_relational_relational_sqlQueryToString_dbTestRunner_testRunner.java:374)
	at org.finos.legend.pure.generated.core_relational_relational_sqlQueryToString_dbTestRunner_dynaFunctionTestRunner.Root_meta_relational_dbTestRunner_runDynaFunctionDatabaseTest_DynaFunction_1__Literal_$1_MANY$__Function_$0_1$__DbTestConfig_1__Boolean_1_(core_relational_relational_sqlQueryToString_dbTestRunner_dynaFunctionTestRunner.java:64)
	at org.finos.legend.pure.generated.core_relational_relational_sqlQueryToString_dbTestRunner_dynaFunctionTestRunner.Root_meta_relational_dbTestRunner_runDynaFunctionDatabaseTest_DynaFunction_1__Literal_$1_MANY$__DbTestConfig_1__Boolean_1_(core_relational_relational_sqlQueryToString_dbTestRunner_dynaFunctionTestRunner.java:58)
	at org.finos.legend.pure.generated.core_relational_relational_sqlQueryToString_testSuite_dynaFunctions_date.Root_meta_relational_tests_dbSpecificTests_sqlQueryTests_dynaFunctions_firstDayOfYear_testFirstDayOfYear_DbTestConfig_1__Boolean_1_(core_relational_relational_sqlQueryToString_testSuite_dynaFunctions_date.java:263)
	at java.base/jdk.internal.reflect.NativeMethodAccessorImpl.invoke0(Native Method)
	at java.base/jdk.internal.reflect.NativeMethodAccessorImpl.invoke(NativeMethodAccessorImpl.java:62)
	at java.base/jdk.internal.reflect.DelegatingMethodAccessorImpl.invoke(DelegatingMethodAccessorImpl.java:43)
	at java.base/java.lang.reflect.Method.invoke(Method.java:566)
	at org.finos.legend.pure.runtime.java.compiled.testHelper.PureTestBuilderCompiled.executeFn(PureTestBuilderCompiled.java:113)
	at org.finos.legend.pure.runtime.java.compiled.testHelper.PureTestBuilderCompiled.lambda$buildSuite$0(PureTestBuilderCompiled.java:79)
	at org.finos.legend.pure.m3.execution.test.PureTestBuilder$PureTestCase.runTest(PureTestBuilder.java:95)
	at junit.framework.TestCase.runBare(TestCase.java:142)
	at org.finos.legend.engine.server.test.shared.Relational_DbSpecific_UsingPureClientTestSuite$2.runTest(Relational_DbSpecific_UsingPureClientTestSuite.java:90)
	at junit.framework.TestCase.runBare(TestCase.java:142)
	at junit.framework.TestResult$1.protect(TestResult.java:122)
	at junit.framework.TestResult.runProtected(TestResult.java:142)
	at junit.framework.TestResult.run(TestResult.java:125)
	at junit.framework.TestCase.run(TestCase.java:130)
	at junit.framework.TestSuite.runTest(TestSuite.java:241)
	at junit.framework.TestSuite.run(TestSuite.java:236)
	at junit.framework.TestSuite.runTest(TestSuite.java:241)
	at junit.framework.TestSuite.run(TestSuite.java:236)
	at junit.framework.TestSuite.runTest(TestSuite.java:241)
	at junit.framework.TestSuite.run(TestSuite.java:236)
	at junit.framework.TestSuite.runTest(TestSuite.java:241)
	at junit.framework.TestSuite.run(TestSuite.java:236)
	at junit.framework.TestSuite.runTest(TestSuite.java:241)
	at junit.framework.TestSuite.run(TestSuite.java:236)
	at junit.extensions.TestDecorator.basicRun(TestDecorator.java:24)
	at junit.extensions.TestSetup$1.protect(TestSetup.java:23)
	at junit.framework.TestResult.runProtected(TestResult.java:142)
	at junit.extensions.TestSetup.run(TestSetup.java:27)
	at org.junit.internal.runners.JUnit38ClassRunner.run(JUnit38ClassRunner.java:90)
	at org.apache.maven.surefire.junit4.JUnit4Provider.execute(JUnit4Provider.java:365)
	at org.apache.maven.surefire.junit4.JUnit4Provider.executeWithRerun(JUnit4Provider.java:273)
	at org.apache.maven.surefire.junit4.JUnit4Provider.executeTestSet(JUnit4Provider.java:238)
	at org.apache.maven.surefire.junit4.JUnit4Provider.invoke(JUnit4Provider.java:159)
	at org.apache.maven.surefire.booter.ForkedBooter.invokeProviderInSameClassLoader(ForkedBooter.java:384)
	at org.apache.maven.surefire.booter.ForkedBooter.runSuitesInProcess(ForkedBooter.java:345)
	at org.apache.maven.surefire.booter.ForkedBooter.execute(ForkedBooter.java:126)
	at org.apache.maven.surefire.booter.ForkedBooter.main(ForkedBooter.java:418)
]]></error>
    <system-out><![CDATA[Running db test dynaFunctions::firstDayOfYear::testFirstDayOfYear
{"duration":0.0,"eventType":"EXECUTION_PLAN_EXEC_ERROR","info":{"code":-1,"message":"SnowflakeSQLException: SQL compilation error:\nFunction DATE_TRUNC does not support VARCHAR(19) argument type","status":"error","trace":"java.lang.RuntimeException: net.snowflake.client.jdbc.SnowflakeSQLException: SQL compilation error:\nFunction DATE_TRUNC does not support VARCHAR(19) argument type\n\tat org.finos.legend.engine.plan.execution.stores.relational.result.SQLExecutionResult.<init>(SQLExecutionResult.java:123)\n\tat org.finos.legend.engine.plan.execution.stores.relational.RelationalExecutor.execute(RelationalExecutor.java:241)\n\tat org.finos.legend.engine.plan.execution.stores.relational.plugin.RelationalExecutionNodeExecutor.visit(RelationalExecutionNodeExecutor.java:238)\n\tat org.finos.legend.engine.plan.execution.stores.relational.plugin.RelationalExecutionNodeExecutor.visit(RelationalExecutionNodeExecutor.java:346)\n\tat org.finos.legend.engine.plan.execution.stores.relational.plugin.RelationalExecutionNodeExecutor.visit(RelationalExecutionNodeExecutor.java:92)\n\tat org.finos.legend.engine.protocol.pure.v1.model.executionPlan.nodes.RelationalDataTypeInstantiationExecutionNode.accept(RelationalDataTypeInstantiationExecutionNode.java:22)\n\tat org.finos.legend.engine.plan.execution.stores.relational.RelationalExecutionExtension.lambda$getExtraNodeExecutors$fbe53481$1(RelationalExecutionExtension.java:50)\n\tat org.finos.legend.engine.plan.execution.nodes.ExecutionNodeExecutor.lambda$visit$0(ExecutionNodeExecutor.java:164)\n\tat java.base/java.util.stream.ReferencePipeline$3$1.accept(ReferencePipeline.java:195)\n\tat java.base/java.util.Spliterators$ArraySpliterator.tryAdvance(Spliterators.java:958)\n\tat java.base/java.util.stream.ReferencePipeline.forEachWithCancel(ReferencePipeline.java:127)\n\tat java.base/java.util.stream.AbstractPipeline.copyIntoWithCancel(AbstractPipeline.java:502)\n\tat java.base/java.util.stream.AbstractPipeline.copyInto(AbstractPipeline.java:488)\n\tat java.base/java.util.stream.AbstractPipeline.wrapAndCopyInto(AbstractPipeline.java:474)\n\tat java.base/java.util.stream.FindOps$FindOp.evaluateSequential(FindOps.java:150)\n\tat java.base/java.util.stream.AbstractPipeline.evaluate(AbstractPipeline.java:234)\n\tat java.base/java.util.stream.ReferencePipeline.findFirst(ReferencePipeline.java:543)\n\tat org.finos.legend.engine.plan.execution.nodes.ExecutionNodeExecutor.visit(ExecutionNodeExecutor.java:164)\n\tat org.finos.legend.engine.plan.execution.nodes.ExecutionNodeExecutor.visit(ExecutionNodeExecutor.java:107)\n\tat org.finos.legend.engine.protocol.pure.v1.model.executionPlan.nodes.RelationalDataTypeInstantiationExecutionNode.accept(RelationalDataTypeInstantiationExecutionNode.java:22)\n\tat org.finos.legend.engine.plan.execution.PlanExecutor.execute(PlanExecutor.java:238)\n\tat org.finos.legend.engine.plan.execution.PlanExecutor.execute(PlanExecutor.java:225)\n\tat org.finos.legend.engine.plan.execution.api.ExecutePlan.doExecutePlanLegacy(ExecutePlan.java:102)\n\tat org.finos.legend.engine.plan.execution.api.ExecutePlan.doExecutePlan(ExecutePlan.java:84)\n\tat org.finos.legend.engine.plan.execution.api.ExecutePlanLegacy.executePlan(ExecutePlanLegacy.java:56)\n\tat jdk.internal.reflect.GeneratedMethodAccessor100.invoke(Unknown Source)\n\tat java.base/jdk.internal.reflect.DelegatingMethodAccessorImpl.invoke(DelegatingMethodAccessorImpl.java:43)\n\tat java.base/java.lang.reflect.Method.invoke(Method.java:566)\n\tat org.glassfish.jersey.server.model.internal.ResourceMethodInvocationHandlerFactory$1.invoke(ResourceMethodInvocationHandlerFactory.java:81)\n\tat org.glassfish.jersey.server.model.internal.AbstractJavaResourceMethodDispatcher$1.run(AbstractJavaResourceMethodDispatcher.java:144)\n\tat org.glassfish.jersey.server.model.internal.AbstractJavaResourceMethodDispatcher.invoke(AbstractJavaResourceMethodDispatcher.java:161)\n\tat org.glassfish.jersey.server.model.internal.JavaResourceMethodDispatcherProvider$ResponseOutInvoker.doDispatch(JavaResourceMethodDispatcherProvider.java:160)\n\tat org.glassfish.jersey.server.model.internal.AbstractJavaResourceMethodDispatcher.dispatch(AbstractJavaResourceMethodDispatcher.java:99)\n\tat org.glassfish.jersey.server.model.ResourceMethodInvoker.invoke(ResourceMethodInvoker.java:389)\n\tat org.glassfish.jersey.server.model.ResourceMethodInvoker.apply(ResourceMethodInvoker.java:347)\n\tat org.glassfish.jersey.server.model.ResourceMethodInvoker.apply(ResourceMethodInvoker.java:102)\n\tat org.glassfish.jersey.server.ServerRuntime$2.run(ServerRuntime.java:326)\n\tat org.glassfish.jersey.internal.Errors$1.call(Errors.java:271)\n\tat org.glassfish.jersey.internal.Errors$1.call(Errors.java:267)\n\tat org.glassfish.jersey.internal.Errors.process(Errors.java:315)\n\tat org.glassfish.jersey.internal.Errors.process(Errors.java:297)\n\tat org.glassfish.jersey.internal.Errors.process(Errors.java:267)\n\tat org.glassfish.jersey.process.internal.RequestScope.runInScope(RequestScope.java:317)\n\tat org.glassfish.jersey.server.ServerRuntime.process(ServerRuntime.java:305)\n\tat org.glassfish.jersey.server.ApplicationHandler.handle(ApplicationHandler.java:1154)\n\tat org.glassfish.jersey.servlet.WebComponent.serviceImpl(WebComponent.java:473)\n\tat org.glassfish.jersey.servlet.WebComponent.service(WebComponent.java:427)\n\tat org.glassfish.jersey.servlet.ServletContainer.service(ServletContainer.java:388)\n\tat org.glassfish.jersey.servlet.ServletContainer.service(ServletContainer.java:341)\n\tat org.glassfish.jersey.servlet.ServletContainer.service(ServletContainer.java:228)\n\tat org.eclipse.jetty.servlet.ServletHolder.handle(ServletHolder.java:799)\n\tat org.eclipse.jetty.servlet.ServletHandler$ChainEnd.doFilter(ServletHandler.java:1631)\n\tat io.dropwizard.servlets.ThreadNameFilter.doFilter(ThreadNameFilter.java:35)\n\tat org.eclipse.jetty.servlet.FilterHolder.doFilter(FilterHolder.java:193)\n\tat org.eclipse.jetty.servlet.ServletHandler$Chain.doFilter(ServletHandler.java:1601)\n\tat io.dropwizard.jersey.filter.AllowedMethodsFilter.handle(AllowedMethodsFilter.java:45)\n\tat io.dropwizard.jersey.filter.AllowedMethodsFilter.doFilter(AllowedMethodsFilter.java:39)\n\tat org.eclipse.jetty.servlet.FilterHolder.doFilter(FilterHolder.java:193)\n\tat org.eclipse.jetty.servlet.ServletHandler$Chain.doFilter(ServletHandler.java:1601)\n\tat org.finos.legend.server.pac4j.internal.UsernameFilter.doFilter(UsernameFilter.java:51)\n\tat org.eclipse.jetty.servlet.FilterHolder.doFilter(FilterHolder.java:193)\n\tat org.eclipse.jetty.servlet.ServletHandler$Chain.doFilter(ServletHandler.java:1601)\n\tat org.pac4j.j2e.filter.SecurityFilter.lambda$internalFilter$0(SecurityFilter.java:95)\n\tat org.pac4j.core.engine.DefaultSecurityLogic.perform(DefaultSecurityLogic.java:140)\n\tat org.pac4j.j2e.filter.SecurityFilter.internalFilter(SecurityFilter.java:93)\n\tat org.pac4j.j2e.filter.AbstractConfigFilter.doFilter(AbstractConfigFilter.java:81)\n\tat org.eclipse.jetty.servlet.FilterHolder.doFilter(FilterHolder.java:193)\n\tat org.eclipse.jetty.servlet.ServletHandler$Chain.doFilter(ServletHandler.java:1601)\n\tat org.eclipse.jetty.servlet.ServletHandler.doHandle(ServletHandler.java:548)\n\tat org.eclipse.jetty.server.handler.ScopedHandler.nextHandle(ScopedHandler.java:233)\n\tat org.eclipse.jetty.server.session.SessionHandler.doHandle(SessionHandler.java:1624)\n\tat org.eclipse.jetty.server.handler.ScopedHandler.nextHandle(ScopedHandler.java:233)\n\tat org.eclipse.jetty.server.handler.ContextHandler.doHandle(ContextHandler.java:1434)\n\tat org.eclipse.jetty.server.handler.ScopedHandler.nextScope(ScopedHandler.java:188)\n\tat org.eclipse.jetty.servlet.ServletHandler.doScope(ServletHandler.java:501)\n\tat org.eclipse.jetty.server.session.SessionHandler.doScope(SessionHandler.java:1594)\n\tat org.eclipse.jetty.server.handler.ScopedHandler.nextScope(ScopedHandler.java:186)\n\tat org.eclipse.jetty.server.handler.ContextHandler.doScope(ContextHandler.java:1349)\n\tat org.eclipse.jetty.server.handler.ScopedHandler.handle(ScopedHandler.java:141)\n\tat org.eclipse.jetty.server.handler.HandlerWrapper.handle(HandlerWrapper.java:127)\n\tat com.codahale.metrics.jetty9.InstrumentedHandler.handle(InstrumentedHandler.java:313)\n\tat io.dropwizard.jetty.ContextRoutingHandler.handle(ContextRoutingHandler.java:37)\n\tat org.eclipse.jetty.server.handler.gzip.GzipHandler.handle(GzipHandler.java:713)\n\tat io.dropwizard.jetty.BiDiGzipHandler.handle(BiDiGzipHandler.java:67)\n\tat org.eclipse.jetty.server.handler.StatisticsHandler.handle(StatisticsHandler.java:179)\n\tat org.eclipse.jetty.server.handler.HandlerWrapper.handle(HandlerWrapper.java:127)\n\tat org.eclipse.jetty.server.Server.handle(Server.java:516)\n\tat org.eclipse.jetty.server.HttpChannel.lambda$handle$1(HttpChannel.java:400)\n\tat org.eclipse.jetty.server.HttpChannel.dispatch(HttpChannel.java:645)\n\tat org.eclipse.jetty.server.HttpChannel.handle(HttpChannel.java:392)\n\tat org.eclipse.jetty.server.HttpConnection.onFillable(HttpConnection.java:277)\n\tat org.eclipse.jetty.io.AbstractConnection$ReadCallback.succeeded(AbstractConnection.java:311)\n\tat org.eclipse.jetty.io.FillInterest.fillable(FillInterest.java:105)\n\tat org.eclipse.jetty.io.ChannelEndPoint$1.run(ChannelEndPoint.java:104)\n\tat org.eclipse.jetty.util.thread.strategy.EatWhatYouKill.runTask(EatWhatYouKill.java:338)\n\tat org.eclipse.jetty.util.thread.strategy.EatWhatYouKill.doProduce(EatWhatYouKill.java:315)\n\tat org.eclipse.jetty.util.thread.strategy.EatWhatYouKill.tryProduce(EatWhatYouKill.java:173)\n\tat org.eclipse.jetty.util.thread.strategy.EatWhatYouKill.run(EatWhatYouKill.java:131)\n\tat org.eclipse.jetty.util.thread.ReservedThreadExecutor$ReservedThread.run(ReservedThreadExecutor.java:409)\n\tat org.eclipse.jetty.util.thread.QueuedThreadPool.runJob(QueuedThreadPool.java:883)\n\tat org.eclipse.jetty.util.thread.QueuedThreadPool$Runner.run(QueuedThreadPool.java:1034)\n\tat java.base/java.lang.Thread.run(Thread.java:829)\nCaused by: net.snowflake.client.jdbc.SnowflakeSQLException: SQL compilation error:\nFunction DATE_TRUNC does not support VARCHAR(19) argument type\n\tat net.snowflake.client.jdbc.SnowflakeUtil.checkErrorAndThrowExceptionSub(SnowflakeUtil.java:127)\n\tat net.snowflake.client.jdbc.SnowflakeUtil.checkErrorAndThrowException(SnowflakeUtil.java:67)\n\tat net.snowflake.client.core.StmtUtil.pollForOutput(StmtUtil.java:442)\n\tat net.snowflake.client.core.StmtUtil.execute(StmtUtil.java:345)\n\tat net.snowflake.client.core.SFStatement.executeHelper(SFStatement.java:486)\n\tat net.snowflake.client.core.SFStatement.executeQueryInternal(SFStatement.java:197)\n\tat net.snowflake.client.core.SFStatement.executeQuery(SFStatement.java:134)\n\tat net.snowflake.client.core.SFStatement.execute(SFStatement.java:743)\n\tat net.snowflake.client.core.SFStatement.execute(SFStatement.java:639)\n\tat net.snowflake.client.jdbc.SnowflakeStatementV1.executeQueryInternal(SnowflakeStatementV1.java:238)\n\tat net.snowflake.client.jdbc.SnowflakeStatementV1.executeQuery(SnowflakeStatementV1.java:133)\n\tat com.zaxxer.hikari.pool.ProxyStatement.executeQuery(ProxyStatement.java:110)\n\tat com.zaxxer.hikari.pool.HikariProxyStatement.executeQuery(HikariProxyStatement.java)\n\tat org.finos.legend.engine.plan.execution.stores.relational.result.SQLExecutionResult.<init>(SQLExecutionResult.java:95)\n\t... 101 more\n"},"mode":"DEV","timeStamp":"2023-02-23 01:30:55.253","user":"_UNKNOWN_"}
| **dynaFunctions::firstDayOfYear::testFirstDayOfYear** | failing :x: |
]]></system-out>
  </testcase>
  <testcase name="testNumbers[Snowflake]" classname="org.finos.legend.engine.server.test.shared.Relational_DbSpecific_UsingPureClientTestSuite$2" time="0.13"/>
  <testcase name="testNumbers[Snowflake]" classname="org.finos.legend.engine.server.test.shared.Relational_DbSpecific_UsingPureClientTestSuite$2" time="0.14"/>
  <testcase name="testNumbers[Snowflake]" classname="org.finos.legend.engine.server.test.shared.Relational_DbSpecific_UsingPureClientTestSuite$2" time="0.185"/>
  <testcase name="testNumbers[Snowflake]" classname="org.finos.legend.engine.server.test.shared.Relational_DbSpecific_UsingPureClientTestSuite$2" time="0.135"/>
  <testcase name="testHour[Snowflake]" classname="org.finos.legend.engine.server.test.shared.Relational_DbSpecific_UsingPureClientTestSuite$2" time="0.174">
    <error message="Assert failure at (resource:/platform/pure/basics/tests/assertEq.pure line:34 column:5), &quot;500 &apos;{&quot;code&quot;:-1,&quot;message&quot;:&quot;SnowflakeSQLException: SQL compilation error:&#10;Function EXTRACT does not support VARCHAR(19) argument type&quot;,&quot;status&quot;:&quot;error&quot;,&quot;trace&quot;:&quot;java.lang.RuntimeException: net.snowflake.client.jdbc.SnowflakeSQLException: SQL compilation error:&#10;Function EXTRACT does not support VARCHAR(19) argument type&#10;at org.finos.legend.engine.plan.execution.stores.relational.result.SQLExecutionResult.&lt;init&gt;(SQLExecutionResult.java:123)&#10;at org.finos.legend.engine.plan.execution.stores.relational.RelationalExecutor.execute(RelationalExecutor.java:241)&#10;at org.finos.legend.engine.plan.execution.stores.relational.plugin.RelationalExecutionNodeExecutor.visit(RelationalExecutionNodeExecutor.java:238)&#10;at org.finos.legend.engine.plan.execution.stores.relational.plugin.RelationalExecutionNodeExecutor.visit(RelationalExecutionNodeExecutor.java:346)&#10;at org.finos.legend.engine.plan.execution.stores.relational.plugin.RelationalExecutionNodeExecutor.visit(RelationalExecutionNodeExecutor.java:92)&#10;at org.finos.legend.engine.protocol.pure.v1.model.executionPlan.nodes.RelationalDataTypeInstantiationExecutionNode.accept(RelationalDataTypeInstantiationExecutionNode.java:22)&#10;at org.finos.legend.engine.plan.execution.stores.relational.RelationalExecutionExtension.lambda$getExtraNodeExecutors$fbe53481$1(RelationalExecutionExtension.java:50)&#10;at org.finos.legend.engine.plan.execution.nodes.ExecutionNodeExecutor.lambda$visit$0(ExecutionNodeExecutor.java:164)&#10;at java.base/java.util.stream.ReferencePipeline$3$1.accept(ReferencePipeline.java:195)&#10;at java.base/java.util.Spliterators$ArraySpliterator.tryAdvance(Spliterators.java:958)&#10;at java.base/java.util.stream.ReferencePipeline.forEachWithCancel(ReferencePipeline.java:127)&#10;at java.base/java.util.stream.AbstractPipeline.copyIntoWithCancel(AbstractPipeline.java:502)&#10;at java.base/java.util.stream.AbstractPipeline.copyInto(AbstractPipeline.java:488)&#10;at java.base/java.util.stream.AbstractPipeline.wrapAndCopyInto(AbstractPipeline.java:474)&#10;at java.base/java.util.stream.FindOps$FindOp.evaluateSequential(FindOps.java:150)&#10;at java.base/java.util.stream.AbstractPipeline.evaluate(AbstractPipeline.java:234)&#10;at java.base/java.util.stream.ReferencePipeline.findFirst(ReferencePipeline.java:543)&#10;at org.finos.legend.engine.plan.execution.nodes.ExecutionNodeExecutor.visit(ExecutionNodeExecutor.java:164)&#10;at org.finos.legend.engine.plan.execution.nodes.ExecutionNodeExecutor.visit(ExecutionNodeExecutor.java:107)&#10;at org.finos.legend.engine.protocol.pure.v1.model.executionPlan.nodes.RelationalDataTypeInstantiationExecutionNode.accept(RelationalDataTypeInstantiationExecutionNode.java:22)&#10;at org.finos.legend.engine.plan.execution.PlanExecutor.execute(PlanExecutor.java:238)&#10;at org.finos.legend.engine.plan.execution.PlanExecutor.execute(PlanExecutor.java:225)&#10;at org.finos.legend.engine.plan.execution.api.ExecutePlan.doExecutePlanLegacy(ExecutePlan.java:102)&#10;at org.finos.legend.engine.plan.execution.api.ExecutePlan.doExecutePlan(ExecutePlan.java:84)&#10;at org.finos.legend.engine.plan.execution.api.ExecutePlanLegacy.executePlan(ExecutePlanLegacy.java:56)&#10;at jdk.internal.reflect.GeneratedMethodAccessor100.invoke(Unknown Source)&#10;at java.base/jdk.internal.reflect.DelegatingMethodAccessorImpl.invoke(DelegatingMethodAccessorImpl.java:43)&#10;at java.base/java.lang.reflect.Method.invoke(Method.java:566)&#10;at org.glassfish.jersey.server.model.internal.ResourceMethodInvocationHandlerFactory$1.invoke(ResourceMethodInvocationHandlerFactory.java:81)&#10;at org.glassfish.jersey.server.model.internal.AbstractJavaResourceMethodDispatcher$1.run(AbstractJavaResourceMethodDispatcher.java:144)&#10;at org.glassfish.jersey.server.model.internal.AbstractJavaResourceMethodDispatcher.invoke(AbstractJavaResourceMethodDispatcher.java:161)&#10;at org.glassfish.jersey.server.model.internal.JavaResourceMethodDispatcherProvider$ResponseOutInvoker.doDispatch(JavaResourceMethodDispatcherProvider.java:160)&#10;at org.glassfish.jersey.server.model.internal.AbstractJavaResourceMethodDispatcher.dispatch(AbstractJavaResourceMethodDispatcher.java:99)&#10;at org.glassfish.jersey.server.model.ResourceMethodInvoker.invoke(ResourceMethodInvoker.java:389)&#10;at org.glassfish.jersey.server.model.ResourceMethodInvoker.apply(ResourceMethodInvoker.java:347)&#10;at org.glassfish.jersey.server.model.ResourceMethodInvoker.apply(ResourceMethodInvoker.java:102)&#10;at org.glassfish.jersey.server.ServerRuntime$2.run(ServerRuntime.java:326)&#10;at org.glassfish.jersey.internal.Errors$1.call(Errors.java:271)&#10;at org.glassfish.jersey.internal.Errors$1.call(Errors.java:267)&#10;at org.glassfish.jersey.internal.Errors.process(Errors.java:315)&#10;at org.glassfish.jersey.internal.Errors.process(Errors.java:297)&#10;at org.glassfish.jersey.internal.Errors.process(Errors.java:267)&#10;at org.glassfish.jersey.process.internal.RequestScope.runInScope(RequestScope.java:317)&#10;at org.glassfish.jersey.server.ServerRuntime.process(ServerRuntime.java:305)&#10;at org.glassfish.jersey.server.ApplicationHandler.handle(ApplicationHandler.java:1154)&#10;at org.glassfish.jersey.servlet.WebComponent.serviceImpl(WebComponent.java:473)&#10;at org.glassfish.jersey.servlet.WebComponent.service(WebComponent.java:427)&#10;at org.glassfish.jersey.servlet.ServletContainer.service(ServletContainer.java:388)&#10;at org.glassfish.jersey.servlet.ServletContainer.service(ServletContainer.java:341)&#10;at org.glassfish.jersey.servlet.ServletContainer.service(ServletContainer.java:228)&#10;at org.eclipse.jetty.servlet.ServletHolder.handle(ServletHolder.java:799)&#10;at org.eclipse.jetty.servlet.ServletHandler$ChainEnd.doFilter(ServletHandler.java:1631)&#10;at io.dropwizard.servlets.ThreadNameFilter.doFilter(ThreadNameFilter.java:35)&#10;at org.eclipse.jetty.servlet.FilterHolder.doFilter(FilterHolder.java:193)&#10;at org.eclipse.jetty.servlet.ServletHandler$Chain.doFilter(ServletHandler.java:1601)&#10;at io.dropwizard.jersey.filter.AllowedMethodsFilter.handle(AllowedMethodsFilter.java:45)&#10;at io.dropwizard.jersey.filter.AllowedMethodsFilter.doFilter(AllowedMethodsFilter.java:39)&#10;at org.eclipse.jetty.servlet.FilterHolder.doFilter(FilterHolder.java:193)&#10;at org.eclipse.jetty.servlet.ServletHandler$Chain.doFilter(ServletHandler.java:1601)&#10;at org.finos.legend.server.pac4j.internal.UsernameFilter.doFilter(UsernameFilter.java:51)&#10;at org.eclipse.jetty.servlet.FilterHolder.doFilter(FilterHolder.java:193)&#10;at org.eclipse.jetty.servlet.ServletHandler$Chain.doFilter(ServletHandler.java:1601)&#10;at org.pac4j.j2e.filter.SecurityFilter.lambda$internalFilter$0(SecurityFilter.java:95)&#10;at org.pac4j.core.engine.DefaultSecurityLogic.perform(DefaultSecurityLogic.java:140)&#10;at org.pac4j.j2e.filter.SecurityFilter.internalFilter(SecurityFilter.java:93)&#10;at org.pac4j.j2e.filter.AbstractConfigFilter.doFilter(AbstractConfigFilter.java:81)&#10;at org.eclipse.jetty.servlet.FilterHolder.doFilter(FilterHolder.java:193)&#10;at org.eclipse.jetty.servlet.ServletHandler$Chain.doFilter(ServletHandler.java:1601)&#10;at org.eclipse.jetty.servlet.ServletHandler.doHandle(ServletHandler.java:548)&#10;at org.eclipse.jetty.server.handler.ScopedHandler.nextHandle(ScopedHandler.java:233)&#10;at org.eclipse.jetty.server.session.SessionHandler.doHandle(SessionHandler.java:1624)&#10;at org.eclipse.jetty.server.handler.ScopedHandler.nextHandle(ScopedHandler.java:233)&#10;at org.eclipse.jetty.server.handler.ContextHandler.doHandle(ContextHandler.java:1434)&#10;at org.eclipse.jetty.server.handler.ScopedHandler.nextScope(ScopedHandler.java:188)&#10;at org.eclipse.jetty.servlet.ServletHandler.doScope(ServletHandler.java:501)&#10;at org.eclipse.jetty.server.session.SessionHandler.doScope(SessionHandler.java:1594)&#10;at org.eclipse.jetty.server.handler.ScopedHandler.nextScope(ScopedHandler.java:186)&#10;at org.eclipse.jetty.server.handler.ContextHandler.doScope(ContextHandler.java:1349)&#10;at org.eclipse.jetty.server.handler.ScopedHandler.handle(ScopedHandler.java:141)&#10;at org.eclipse.jetty.server.handler.HandlerWrapper.handle(HandlerWrapper.java:127)&#10;at com.codahale.metrics.jetty9.InstrumentedHandler.handle(InstrumentedHandler.java:313)&#10;at io.dropwizard.jetty.ContextRoutingHandler.handle(ContextRoutingHandler.java:37)&#10;at org.eclipse.jetty.server.handler.gzip.GzipHandler.handle(GzipHandler.java:713)&#10;at io.dropwizard.jetty.BiDiGzipHandler.handle(BiDiGzipHandler.java:67)&#10;at org.eclipse.jetty.server.handler.StatisticsHandler.handle(StatisticsHandler.java:179)&#10;at org.eclipse.jetty.server.handler.HandlerWrapper.handle(HandlerWrapper.java:127)&#10;at org.eclipse.jetty.server.Server.handle(Server.java:516)&#10;at org.eclipse.jetty.server.HttpChannel.lambda$handle$1(HttpChannel.java:400)&#10;at org.eclipse.jetty.server.HttpChannel.dispatch(HttpChannel.java:645)&#10;at org.eclipse.jetty.server.HttpChannel.handle(HttpChannel.java:392)&#10;at org.eclipse.jetty.server.HttpConnection.onFillable(HttpConnection.java:277)&#10;at org.eclipse.jetty.io.AbstractConnection$ReadCallback.succeeded(AbstractConnection.java:311)&#10;at org.eclipse.jetty.io.FillInterest.fillable(FillInterest.java:105)&#10;at org.eclipse.jetty.io.ChannelEndPoint$1.run(ChannelEndPoint.java:104)&#10;at org.eclipse.jetty.util.thread.strategy.EatWhatYouKill.runTask(EatWhatYouKill.java:338)&#10;at org.eclipse.jetty.util.thread.strategy.EatWhatYouKill.doProduce(EatWhatYouKill.java:315)&#10;at org.eclipse.jetty.util.thread.strategy.EatWhatYouKill.tryProduce(EatWhatYouKill.java:173)&#10;at org.eclipse.jetty.util.thread.strategy.EatWhatYouKill.run(EatWhatYouKill.java:131)&#10;at org.eclipse.jetty.util.thread.ReservedThreadExecutor$ReservedThread.run(ReservedThreadExecutor.java:409)&#10;at org.eclipse.jetty.util.thread.QueuedThreadPool.runJob(QueuedThreadPool.java:883)&#10;at org.eclipse.jetty.util.thread.QueuedThreadPool$Runner.run(QueuedThreadPool.java:1034)&#10;at java.base/java.lang.Thread.run(Thread.java:829)&#10;Caused by: net.snowflake.client.jdbc.SnowflakeSQLException: SQL compilation error:&#10;Function EXTRACT does not support VARCHAR(19) argument type&#10;at net.snowflake.client.jdbc.SnowflakeUtil.checkErrorAndThrowExceptionSub(SnowflakeUtil.java:127)&#10;at net.snowflake.client.jdbc.SnowflakeUtil.checkErrorAndThrowException(SnowflakeUtil.java:67)&#10;at net.snowflake.client.core.StmtUtil.pollForOutput(StmtUtil.java:442)&#10;at net.snowflake.client.core.StmtUtil.execute(StmtUtil.java:345)&#10;at net.snowflake.client.core.SFStatement.executeHelper(SFStatement.java:486)&#10;at net.snowflake.client.core.SFStatement.executeQueryInternal(SFStatement.java:197)&#10;at net.snowflake.client.core.SFStatement.executeQuery(SFStatement.java:134)&#10;at net.snowflake.client.core.SFStatement.execute(SFStatement.java:743)&#10;at net.snowflake.client.core.SFStatement.execute(SFStatement.java:639)&#10;at net.snowflake.client.jdbc.SnowflakeStatementV1.executeQueryInternal(SnowflakeStatementV1.java:238)&#10;at net.snowflake.client.jdbc.SnowflakeStatementV1.executeQuery(SnowflakeStatementV1.java:133)&#10;at com.zaxxer.hikari.pool.ProxyStatement.executeQuery(ProxyStatement.java:110)&#10;at com.zaxxer.hikari.pool.HikariProxyStatement.executeQuery(HikariProxyStatement.java)&#10;at org.finos.legend.engine.plan.execution.stores.relational.result.SQLExecutionResult.&lt;init&gt;(SQLExecutionResult.java:95)&#10;... 101 more&#10;&quot;}&apos;&quot;" type="Assert failure at (resource"><![CDATA[Assert failure at (resource:/platform/pure/basics/tests/assertEq.pure line:34 column:5), "500 '{"code":-1,"message":"SnowflakeSQLException: SQL compilation error:
Function EXTRACT does not support VARCHAR(19) argument type","status":"error","trace":"java.lang.RuntimeException: net.snowflake.client.jdbc.SnowflakeSQLException: SQL compilation error:
Function EXTRACT does not support VARCHAR(19) argument type
at org.finos.legend.engine.plan.execution.stores.relational.result.SQLExecutionResult.<init>(SQLExecutionResult.java:123)
at org.finos.legend.engine.plan.execution.stores.relational.RelationalExecutor.execute(RelationalExecutor.java:241)
at org.finos.legend.engine.plan.execution.stores.relational.plugin.RelationalExecutionNodeExecutor.visit(RelationalExecutionNodeExecutor.java:238)
at org.finos.legend.engine.plan.execution.stores.relational.plugin.RelationalExecutionNodeExecutor.visit(RelationalExecutionNodeExecutor.java:346)
at org.finos.legend.engine.plan.execution.stores.relational.plugin.RelationalExecutionNodeExecutor.visit(RelationalExecutionNodeExecutor.java:92)
at org.finos.legend.engine.protocol.pure.v1.model.executionPlan.nodes.RelationalDataTypeInstantiationExecutionNode.accept(RelationalDataTypeInstantiationExecutionNode.java:22)
at org.finos.legend.engine.plan.execution.stores.relational.RelationalExecutionExtension.lambda$getExtraNodeExecutors$fbe53481$1(RelationalExecutionExtension.java:50)
at org.finos.legend.engine.plan.execution.nodes.ExecutionNodeExecutor.lambda$visit$0(ExecutionNodeExecutor.java:164)
at java.base/java.util.stream.ReferencePipeline$3$1.accept(ReferencePipeline.java:195)
at java.base/java.util.Spliterators$ArraySpliterator.tryAdvance(Spliterators.java:958)
at java.base/java.util.stream.ReferencePipeline.forEachWithCancel(ReferencePipeline.java:127)
at java.base/java.util.stream.AbstractPipeline.copyIntoWithCancel(AbstractPipeline.java:502)
at java.base/java.util.stream.AbstractPipeline.copyInto(AbstractPipeline.java:488)
at java.base/java.util.stream.AbstractPipeline.wrapAndCopyInto(AbstractPipeline.java:474)
at java.base/java.util.stream.FindOps$FindOp.evaluateSequential(FindOps.java:150)
at java.base/java.util.stream.AbstractPipeline.evaluate(AbstractPipeline.java:234)
at java.base/java.util.stream.ReferencePipeline.findFirst(ReferencePipeline.java:543)
at org.finos.legend.engine.plan.execution.nodes.ExecutionNodeExecutor.visit(ExecutionNodeExecutor.java:164)
at org.finos.legend.engine.plan.execution.nodes.ExecutionNodeExecutor.visit(ExecutionNodeExecutor.java:107)
at org.finos.legend.engine.protocol.pure.v1.model.executionPlan.nodes.RelationalDataTypeInstantiationExecutionNode.accept(RelationalDataTypeInstantiationExecutionNode.java:22)
at org.finos.legend.engine.plan.execution.PlanExecutor.execute(PlanExecutor.java:238)
at org.finos.legend.engine.plan.execution.PlanExecutor.execute(PlanExecutor.java:225)
at org.finos.legend.engine.plan.execution.api.ExecutePlan.doExecutePlanLegacy(ExecutePlan.java:102)
at org.finos.legend.engine.plan.execution.api.ExecutePlan.doExecutePlan(ExecutePlan.java:84)
at org.finos.legend.engine.plan.execution.api.ExecutePlanLegacy.executePlan(ExecutePlanLegacy.java:56)
at jdk.internal.reflect.GeneratedMethodAccessor100.invoke(Unknown Source)
at java.base/jdk.internal.reflect.DelegatingMethodAccessorImpl.invoke(DelegatingMethodAccessorImpl.java:43)
at java.base/java.lang.reflect.Method.invoke(Method.java:566)
at org.glassfish.jersey.server.model.internal.ResourceMethodInvocationHandlerFactory$1.invoke(ResourceMethodInvocationHandlerFactory.java:81)
at org.glassfish.jersey.server.model.internal.AbstractJavaResourceMethodDispatcher$1.run(AbstractJavaResourceMethodDispatcher.java:144)
at org.glassfish.jersey.server.model.internal.AbstractJavaResourceMethodDispatcher.invoke(AbstractJavaResourceMethodDispatcher.java:161)
at org.glassfish.jersey.server.model.internal.JavaResourceMethodDispatcherProvider$ResponseOutInvoker.doDispatch(JavaResourceMethodDispatcherProvider.java:160)
at org.glassfish.jersey.server.model.internal.AbstractJavaResourceMethodDispatcher.dispatch(AbstractJavaResourceMethodDispatcher.java:99)
at org.glassfish.jersey.server.model.ResourceMethodInvoker.invoke(ResourceMethodInvoker.java:389)
at org.glassfish.jersey.server.model.ResourceMethodInvoker.apply(ResourceMethodInvoker.java:347)
at org.glassfish.jersey.server.model.ResourceMethodInvoker.apply(ResourceMethodInvoker.java:102)
at org.glassfish.jersey.server.ServerRuntime$2.run(ServerRuntime.java:326)
at org.glassfish.jersey.internal.Errors$1.call(Errors.java:271)
at org.glassfish.jersey.internal.Errors$1.call(Errors.java:267)
at org.glassfish.jersey.internal.Errors.process(Errors.java:315)
at org.glassfish.jersey.internal.Errors.process(Errors.java:297)
at org.glassfish.jersey.internal.Errors.process(Errors.java:267)
at org.glassfish.jersey.process.internal.RequestScope.runInScope(RequestScope.java:317)
at org.glassfish.jersey.server.ServerRuntime.process(ServerRuntime.java:305)
at org.glassfish.jersey.server.ApplicationHandler.handle(ApplicationHandler.java:1154)
at org.glassfish.jersey.servlet.WebComponent.serviceImpl(WebComponent.java:473)
at org.glassfish.jersey.servlet.WebComponent.service(WebComponent.java:427)
at org.glassfish.jersey.servlet.ServletContainer.service(ServletContainer.java:388)
at org.glassfish.jersey.servlet.ServletContainer.service(ServletContainer.java:341)
at org.glassfish.jersey.servlet.ServletContainer.service(ServletContainer.java:228)
at org.eclipse.jetty.servlet.ServletHolder.handle(ServletHolder.java:799)
at org.eclipse.jetty.servlet.ServletHandler$ChainEnd.doFilter(ServletHandler.java:1631)
at io.dropwizard.servlets.ThreadNameFilter.doFilter(ThreadNameFilter.java:35)
at org.eclipse.jetty.servlet.FilterHolder.doFilter(FilterHolder.java:193)
at org.eclipse.jetty.servlet.ServletHandler$Chain.doFilter(ServletHandler.java:1601)
at io.dropwizard.jersey.filter.AllowedMethodsFilter.handle(AllowedMethodsFilter.java:45)
at io.dropwizard.jersey.filter.AllowedMethodsFilter.doFilter(AllowedMethodsFilter.java:39)
at org.eclipse.jetty.servlet.FilterHolder.doFilter(FilterHolder.java:193)
at org.eclipse.jetty.servlet.ServletHandler$Chain.doFilter(ServletHandler.java:1601)
at org.finos.legend.server.pac4j.internal.UsernameFilter.doFilter(UsernameFilter.java:51)
at org.eclipse.jetty.servlet.FilterHolder.doFilter(FilterHolder.java:193)
at org.eclipse.jetty.servlet.ServletHandler$Chain.doFilter(ServletHandler.java:1601)
at org.pac4j.j2e.filter.SecurityFilter.lambda$internalFilter$0(SecurityFilter.java:95)
at org.pac4j.core.engine.DefaultSecurityLogic.perform(DefaultSecurityLogic.java:140)
at org.pac4j.j2e.filter.SecurityFilter.internalFilter(SecurityFilter.java:93)
at org.pac4j.j2e.filter.AbstractConfigFilter.doFilter(AbstractConfigFilter.java:81)
at org.eclipse.jetty.servlet.FilterHolder.doFilter(FilterHolder.java:193)
at org.eclipse.jetty.servlet.ServletHandler$Chain.doFilter(ServletHandler.java:1601)
at org.eclipse.jetty.servlet.ServletHandler.doHandle(ServletHandler.java:548)
at org.eclipse.jetty.server.handler.ScopedHandler.nextHandle(ScopedHandler.java:233)
at org.eclipse.jetty.server.session.SessionHandler.doHandle(SessionHandler.java:1624)
at org.eclipse.jetty.server.handler.ScopedHandler.nextHandle(ScopedHandler.java:233)
at org.eclipse.jetty.server.handler.ContextHandler.doHandle(ContextHandler.java:1434)
at org.eclipse.jetty.server.handler.ScopedHandler.nextScope(ScopedHandler.java:188)
at org.eclipse.jetty.servlet.ServletHandler.doScope(ServletHandler.java:501)
at org.eclipse.jetty.server.session.SessionHandler.doScope(SessionHandler.java:1594)
at org.eclipse.jetty.server.handler.ScopedHandler.nextScope(ScopedHandler.java:186)
at org.eclipse.jetty.server.handler.ContextHandler.doScope(ContextHandler.java:1349)
at org.eclipse.jetty.server.handler.ScopedHandler.handle(ScopedHandler.java:141)
at org.eclipse.jetty.server.handler.HandlerWrapper.handle(HandlerWrapper.java:127)
at com.codahale.metrics.jetty9.InstrumentedHandler.handle(InstrumentedHandler.java:313)
at io.dropwizard.jetty.ContextRoutingHandler.handle(ContextRoutingHandler.java:37)
at org.eclipse.jetty.server.handler.gzip.GzipHandler.handle(GzipHandler.java:713)
at io.dropwizard.jetty.BiDiGzipHandler.handle(BiDiGzipHandler.java:67)
at org.eclipse.jetty.server.handler.StatisticsHandler.handle(StatisticsHandler.java:179)
at org.eclipse.jetty.server.handler.HandlerWrapper.handle(HandlerWrapper.java:127)
at org.eclipse.jetty.server.Server.handle(Server.java:516)
at org.eclipse.jetty.server.HttpChannel.lambda$handle$1(HttpChannel.java:400)
at org.eclipse.jetty.server.HttpChannel.dispatch(HttpChannel.java:645)
at org.eclipse.jetty.server.HttpChannel.handle(HttpChannel.java:392)
at org.eclipse.jetty.server.HttpConnection.onFillable(HttpConnection.java:277)
at org.eclipse.jetty.io.AbstractConnection$ReadCallback.succeeded(AbstractConnection.java:311)
at org.eclipse.jetty.io.FillInterest.fillable(FillInterest.java:105)
at org.eclipse.jetty.io.ChannelEndPoint$1.run(ChannelEndPoint.java:104)
at org.eclipse.jetty.util.thread.strategy.EatWhatYouKill.runTask(EatWhatYouKill.java:338)
at org.eclipse.jetty.util.thread.strategy.EatWhatYouKill.doProduce(EatWhatYouKill.java:315)
at org.eclipse.jetty.util.thread.strategy.EatWhatYouKill.tryProduce(EatWhatYouKill.java:173)
at org.eclipse.jetty.util.thread.strategy.EatWhatYouKill.run(EatWhatYouKill.java:131)
at org.eclipse.jetty.util.thread.ReservedThreadExecutor$ReservedThread.run(ReservedThreadExecutor.java:409)
at org.eclipse.jetty.util.thread.QueuedThreadPool.runJob(QueuedThreadPool.java:883)
at org.eclipse.jetty.util.thread.QueuedThreadPool$Runner.run(QueuedThreadPool.java:1034)
at java.base/java.lang.Thread.run(Thread.java:829)
Caused by: net.snowflake.client.jdbc.SnowflakeSQLException: SQL compilation error:
Function EXTRACT does not support VARCHAR(19) argument type
at net.snowflake.client.jdbc.SnowflakeUtil.checkErrorAndThrowExceptionSub(SnowflakeUtil.java:127)
at net.snowflake.client.jdbc.SnowflakeUtil.checkErrorAndThrowException(SnowflakeUtil.java:67)
at net.snowflake.client.core.StmtUtil.pollForOutput(StmtUtil.java:442)
at net.snowflake.client.core.StmtUtil.execute(StmtUtil.java:345)
at net.snowflake.client.core.SFStatement.executeHelper(SFStatement.java:486)
at net.snowflake.client.core.SFStatement.executeQueryInternal(SFStatement.java:197)
at net.snowflake.client.core.SFStatement.executeQuery(SFStatement.java:134)
at net.snowflake.client.core.SFStatement.execute(SFStatement.java:743)
at net.snowflake.client.core.SFStatement.execute(SFStatement.java:639)
at net.snowflake.client.jdbc.SnowflakeStatementV1.executeQueryInternal(SnowflakeStatementV1.java:238)
at net.snowflake.client.jdbc.SnowflakeStatementV1.executeQuery(SnowflakeStatementV1.java:133)
at com.zaxxer.hikari.pool.ProxyStatement.executeQuery(ProxyStatement.java:110)
at com.zaxxer.hikari.pool.HikariProxyStatement.executeQuery(HikariProxyStatement.java)
at org.finos.legend.engine.plan.execution.stores.relational.result.SQLExecutionResult.<init>(SQLExecutionResult.java:95)
... 101 more
"}'"
	at org.finos.legend.pure.runtime.java.compiled.generation.processors.support.CompiledSupport.pureAssert(CompiledSupport.java:1994)
	at org.finos.legend.pure.generated.platform_pure_basics_tests_assertEq.Root_meta_pure_functions_asserts_assertEq_Any_1__Any_1__Function_1__Boolean_1_(platform_pure_basics_tests_assertEq.java:44)
	at org.finos.legend.pure.generated.core_pure_protocol_vX_X_X_invocations_execution.Root_meta_protocols_pure_vX_X_X_invocation_execution_execute_executePlan_String_1__String_1__Integer_1__String_1_(core_pure_protocol_vX_X_X_invocations_execution.java:751)
	at org.finos.legend.pure.generated.core_pure_protocol_vX_X_X_invocations_execution.Root_meta_protocols_pure_vX_X_X_invocation_execution_execute_executePlan_ExecutionPlan_1__String_1__Integer_1__Extension_MANY__String_1_(core_pure_protocol_vX_X_X_invocations_execution.java:745)
	at org.finos.legend.pure.generated.core_pure_protocol_vX_X_X_invocations_execution.Root_meta_protocols_pure_vX_X_X_invocation_execution_execute_executePlan_ExecutionPlan_1__ExecutionContext_$0_1$__String_1__Integer_1__Extension_MANY__Result_1_(core_pure_protocol_vX_X_X_invocations_execution.java:738)
	at jdk.internal.reflect.GeneratedMethodAccessor96.invoke(Unknown Source)
	at java.base/jdk.internal.reflect.DelegatingMethodAccessorImpl.invoke(DelegatingMethodAccessorImpl.java:43)
	at java.base/java.lang.reflect.Method.invoke(Method.java:566)
	at org.finos.legend.pure.runtime.java.compiled.metadata.JavaMethodWithParamsSharedPureFunction.execute(JavaMethodWithParamsSharedPureFunction.java:59)
	at org.finos.legend.pure.runtime.java.compiled.generation.processors.support.Pure._evaluateToMany(Pure.java:546)
	at org.finos.legend.pure.generated.CoreGen.evaluateToMany(CoreGen.java:147)
	at org.finos.legend.pure.generated.CoreGen.evaluateToMany(CoreGen.java:134)
	at org.finos.legend.pure.generated.core_pure_router_router_entry$9$1.value(core_pure_router_router_entry.java:318)
	at org.finos.legend.pure.generated.core_pure_router_router_entry$9$1.execute(core_pure_router_router_entry.java:311)
	at org.finos.legend.pure.generated.core_pure_router_router_entry$9$1.execute(core_pure_router_router_entry.java:307)
	at org.finos.legend.pure.runtime.java.compiled.generation.processors.support.Pure.evaluate(Pure.java:485)
	at org.finos.legend.pure.runtime.java.compiled.generation.processors.support.Pure.legendTest(Pure.java:216)
	at org.finos.legend.pure.generated.CoreGen.legendTest(CoreGen.java:61)
	at org.finos.legend.pure.generated.core_pure_router_router_entry$9.valueOf(core_pure_router_router_entry.java:303)
	at org.finos.legend.pure.generated.core_pure_router_router_entry$9.execute(core_pure_router_router_entry.java:298)
	at org.finos.legend.pure.generated.core_pure_router_router_entry$9.execute(core_pure_router_router_entry.java:294)
	at org.finos.legend.pure.runtime.java.compiled.generation.processors.support.Pure.evaluate(Pure.java:485)
	at org.finos.legend.pure.runtime.java.compiled.generation.processors.support.Pure.traceSpan(Pure.java:1482)
	at org.finos.legend.pure.generated.CoreGen.traceSpan(CoreGen.java:203)
	at org.finos.legend.pure.generated.core_pure_router_router_entry.Root_meta_pure_router_executePlan_ExecutionPlan_1__ExecutionContext_1__Extension_MANY__Result_$0_1$_(core_pure_router_router_entry.java:290)
	at org.finos.legend.pure.generated.core_pure_router_router_entry.Root_meta_pure_router_executePlan_ExecutionPlan_1__Extension_MANY__Result_$0_1$_(core_pure_router_router_entry.java:285)
	at org.finos.legend.pure.generated.core_relational_relational_sqlQueryToString_dbTestRunner_testRunner$20.execute(core_relational_relational_sqlQueryToString_dbTestRunner_testRunner.java:386)
	at org.finos.legend.pure.generated.core_relational_relational_sqlQueryToString_dbTestRunner_testRunner.Root_meta_relational_dbTestRunner_runSqlQueryTest_SQLQuery_1__Literal_$1_MANY$__Pair_MANY__Function_$0_1$__DbTestConfig_1__Boolean_1_(core_relational_relational_sqlQueryToString_dbTestRunner_testRunner.java:424)
	at org.finos.legend.pure.generated.core_relational_relational_sqlQueryToString_dbTestRunner_testRunner.Root_meta_relational_dbTestRunner_runSqlQueryTest_SQLQuery_1__Literal_$1_MANY$__Function_$0_1$__DbTestConfig_1__Boolean_1_(core_relational_relational_sqlQueryToString_dbTestRunner_testRunner.java:374)
	at org.finos.legend.pure.generated.core_relational_relational_sqlQueryToString_dbTestRunner_dynaFunctionTestRunner.Root_meta_relational_dbTestRunner_runDynaFunctionDatabaseTest_DynaFunction_1__Literal_$1_MANY$__Function_$0_1$__DbTestConfig_1__Boolean_1_(core_relational_relational_sqlQueryToString_dbTestRunner_dynaFunctionTestRunner.java:64)
	at org.finos.legend.pure.generated.core_relational_relational_sqlQueryToString_dbTestRunner_dynaFunctionTestRunner.Root_meta_relational_dbTestRunner_runDynaFunctionDatabaseTest_DynaFunction_1__Literal_$1_MANY$__DbTestConfig_1__Boolean_1_(core_relational_relational_sqlQueryToString_dbTestRunner_dynaFunctionTestRunner.java:58)
	at org.finos.legend.pure.generated.core_relational_relational_sqlQueryToString_testSuite_dynaFunctions_date.Root_meta_relational_tests_dbSpecificTests_sqlQueryTests_dynaFunctions_hour_testHour_DbTestConfig_1__Boolean_1_(core_relational_relational_sqlQueryToString_testSuite_dynaFunctions_date.java:88)
	at java.base/jdk.internal.reflect.NativeMethodAccessorImpl.invoke0(Native Method)
	at java.base/jdk.internal.reflect.NativeMethodAccessorImpl.invoke(NativeMethodAccessorImpl.java:62)
	at java.base/jdk.internal.reflect.DelegatingMethodAccessorImpl.invoke(DelegatingMethodAccessorImpl.java:43)
	at java.base/java.lang.reflect.Method.invoke(Method.java:566)
	at org.finos.legend.pure.runtime.java.compiled.testHelper.PureTestBuilderCompiled.executeFn(PureTestBuilderCompiled.java:113)
	at org.finos.legend.pure.runtime.java.compiled.testHelper.PureTestBuilderCompiled.lambda$buildSuite$0(PureTestBuilderCompiled.java:79)
	at org.finos.legend.pure.m3.execution.test.PureTestBuilder$PureTestCase.runTest(PureTestBuilder.java:95)
	at junit.framework.TestCase.runBare(TestCase.java:142)
	at org.finos.legend.engine.server.test.shared.Relational_DbSpecific_UsingPureClientTestSuite$2.runTest(Relational_DbSpecific_UsingPureClientTestSuite.java:90)
	at junit.framework.TestCase.runBare(TestCase.java:142)
	at junit.framework.TestResult$1.protect(TestResult.java:122)
	at junit.framework.TestResult.runProtected(TestResult.java:142)
	at junit.framework.TestResult.run(TestResult.java:125)
	at junit.framework.TestCase.run(TestCase.java:130)
	at junit.framework.TestSuite.runTest(TestSuite.java:241)
	at junit.framework.TestSuite.run(TestSuite.java:236)
	at junit.framework.TestSuite.runTest(TestSuite.java:241)
	at junit.framework.TestSuite.run(TestSuite.java:236)
	at junit.framework.TestSuite.runTest(TestSuite.java:241)
	at junit.framework.TestSuite.run(TestSuite.java:236)
	at junit.framework.TestSuite.runTest(TestSuite.java:241)
	at junit.framework.TestSuite.run(TestSuite.java:236)
	at junit.framework.TestSuite.runTest(TestSuite.java:241)
	at junit.framework.TestSuite.run(TestSuite.java:236)
	at junit.extensions.TestDecorator.basicRun(TestDecorator.java:24)
	at junit.extensions.TestSetup$1.protect(TestSetup.java:23)
	at junit.framework.TestResult.runProtected(TestResult.java:142)
	at junit.extensions.TestSetup.run(TestSetup.java:27)
	at org.junit.internal.runners.JUnit38ClassRunner.run(JUnit38ClassRunner.java:90)
	at org.apache.maven.surefire.junit4.JUnit4Provider.execute(JUnit4Provider.java:365)
	at org.apache.maven.surefire.junit4.JUnit4Provider.executeWithRerun(JUnit4Provider.java:273)
	at org.apache.maven.surefire.junit4.JUnit4Provider.executeTestSet(JUnit4Provider.java:238)
	at org.apache.maven.surefire.junit4.JUnit4Provider.invoke(JUnit4Provider.java:159)
	at org.apache.maven.surefire.booter.ForkedBooter.invokeProviderInSameClassLoader(ForkedBooter.java:384)
	at org.apache.maven.surefire.booter.ForkedBooter.runSuitesInProcess(ForkedBooter.java:345)
	at org.apache.maven.surefire.booter.ForkedBooter.execute(ForkedBooter.java:126)
	at org.apache.maven.surefire.booter.ForkedBooter.main(ForkedBooter.java:418)
]]></error>
    <system-out><![CDATA[Running db test dynaFunctions::hour::testHour
{"duration":0.0,"eventType":"EXECUTION_PLAN_EXEC_ERROR","info":{"code":-1,"message":"SnowflakeSQLException: SQL compilation error:\nFunction EXTRACT does not support VARCHAR(19) argument type","status":"error","trace":"java.lang.RuntimeException: net.snowflake.client.jdbc.SnowflakeSQLException: SQL compilation error:\nFunction EXTRACT does not support VARCHAR(19) argument type\n\tat org.finos.legend.engine.plan.execution.stores.relational.result.SQLExecutionResult.<init>(SQLExecutionResult.java:123)\n\tat org.finos.legend.engine.plan.execution.stores.relational.RelationalExecutor.execute(RelationalExecutor.java:241)\n\tat org.finos.legend.engine.plan.execution.stores.relational.plugin.RelationalExecutionNodeExecutor.visit(RelationalExecutionNodeExecutor.java:238)\n\tat org.finos.legend.engine.plan.execution.stores.relational.plugin.RelationalExecutionNodeExecutor.visit(RelationalExecutionNodeExecutor.java:346)\n\tat org.finos.legend.engine.plan.execution.stores.relational.plugin.RelationalExecutionNodeExecutor.visit(RelationalExecutionNodeExecutor.java:92)\n\tat org.finos.legend.engine.protocol.pure.v1.model.executionPlan.nodes.RelationalDataTypeInstantiationExecutionNode.accept(RelationalDataTypeInstantiationExecutionNode.java:22)\n\tat org.finos.legend.engine.plan.execution.stores.relational.RelationalExecutionExtension.lambda$getExtraNodeExecutors$fbe53481$1(RelationalExecutionExtension.java:50)\n\tat org.finos.legend.engine.plan.execution.nodes.ExecutionNodeExecutor.lambda$visit$0(ExecutionNodeExecutor.java:164)\n\tat java.base/java.util.stream.ReferencePipeline$3$1.accept(ReferencePipeline.java:195)\n\tat java.base/java.util.Spliterators$ArraySpliterator.tryAdvance(Spliterators.java:958)\n\tat java.base/java.util.stream.ReferencePipeline.forEachWithCancel(ReferencePipeline.java:127)\n\tat java.base/java.util.stream.AbstractPipeline.copyIntoWithCancel(AbstractPipeline.java:502)\n\tat java.base/java.util.stream.AbstractPipeline.copyInto(AbstractPipeline.java:488)\n\tat java.base/java.util.stream.AbstractPipeline.wrapAndCopyInto(AbstractPipeline.java:474)\n\tat java.base/java.util.stream.FindOps$FindOp.evaluateSequential(FindOps.java:150)\n\tat java.base/java.util.stream.AbstractPipeline.evaluate(AbstractPipeline.java:234)\n\tat java.base/java.util.stream.ReferencePipeline.findFirst(ReferencePipeline.java:543)\n\tat org.finos.legend.engine.plan.execution.nodes.ExecutionNodeExecutor.visit(ExecutionNodeExecutor.java:164)\n\tat org.finos.legend.engine.plan.execution.nodes.ExecutionNodeExecutor.visit(ExecutionNodeExecutor.java:107)\n\tat org.finos.legend.engine.protocol.pure.v1.model.executionPlan.nodes.RelationalDataTypeInstantiationExecutionNode.accept(RelationalDataTypeInstantiationExecutionNode.java:22)\n\tat org.finos.legend.engine.plan.execution.PlanExecutor.execute(PlanExecutor.java:238)\n\tat org.finos.legend.engine.plan.execution.PlanExecutor.execute(PlanExecutor.java:225)\n\tat org.finos.legend.engine.plan.execution.api.ExecutePlan.doExecutePlanLegacy(ExecutePlan.java:102)\n\tat org.finos.legend.engine.plan.execution.api.ExecutePlan.doExecutePlan(ExecutePlan.java:84)\n\tat org.finos.legend.engine.plan.execution.api.ExecutePlanLegacy.executePlan(ExecutePlanLegacy.java:56)\n\tat jdk.internal.reflect.GeneratedMethodAccessor100.invoke(Unknown Source)\n\tat java.base/jdk.internal.reflect.DelegatingMethodAccessorImpl.invoke(DelegatingMethodAccessorImpl.java:43)\n\tat java.base/java.lang.reflect.Method.invoke(Method.java:566)\n\tat org.glassfish.jersey.server.model.internal.ResourceMethodInvocationHandlerFactory$1.invoke(ResourceMethodInvocationHandlerFactory.java:81)\n\tat org.glassfish.jersey.server.model.internal.AbstractJavaResourceMethodDispatcher$1.run(AbstractJavaResourceMethodDispatcher.java:144)\n\tat org.glassfish.jersey.server.model.internal.AbstractJavaResourceMethodDispatcher.invoke(AbstractJavaResourceMethodDispatcher.java:161)\n\tat org.glassfish.jersey.server.model.internal.JavaResourceMethodDispatcherProvider$ResponseOutInvoker.doDispatch(JavaResourceMethodDispatcherProvider.java:160)\n\tat org.glassfish.jersey.server.model.internal.AbstractJavaResourceMethodDispatcher.dispatch(AbstractJavaResourceMethodDispatcher.java:99)\n\tat org.glassfish.jersey.server.model.ResourceMethodInvoker.invoke(ResourceMethodInvoker.java:389)\n\tat org.glassfish.jersey.server.model.ResourceMethodInvoker.apply(ResourceMethodInvoker.java:347)\n\tat org.glassfish.jersey.server.model.ResourceMethodInvoker.apply(ResourceMethodInvoker.java:102)\n\tat org.glassfish.jersey.server.ServerRuntime$2.run(ServerRuntime.java:326)\n\tat org.glassfish.jersey.internal.Errors$1.call(Errors.java:271)\n\tat org.glassfish.jersey.internal.Errors$1.call(Errors.java:267)\n\tat org.glassfish.jersey.internal.Errors.process(Errors.java:315)\n\tat org.glassfish.jersey.internal.Errors.process(Errors.java:297)\n\tat org.glassfish.jersey.internal.Errors.process(Errors.java:267)\n\tat org.glassfish.jersey.process.internal.RequestScope.runInScope(RequestScope.java:317)\n\tat org.glassfish.jersey.server.ServerRuntime.process(ServerRuntime.java:305)\n\tat org.glassfish.jersey.server.ApplicationHandler.handle(ApplicationHandler.java:1154)\n\tat org.glassfish.jersey.servlet.WebComponent.serviceImpl(WebComponent.java:473)\n\tat org.glassfish.jersey.servlet.WebComponent.service(WebComponent.java:427)\n\tat org.glassfish.jersey.servlet.ServletContainer.service(ServletContainer.java:388)\n\tat org.glassfish.jersey.servlet.ServletContainer.service(ServletContainer.java:341)\n\tat org.glassfish.jersey.servlet.ServletContainer.service(ServletContainer.java:228)\n\tat org.eclipse.jetty.servlet.ServletHolder.handle(ServletHolder.java:799)\n\tat org.eclipse.jetty.servlet.ServletHandler$ChainEnd.doFilter(ServletHandler.java:1631)\n\tat io.dropwizard.servlets.ThreadNameFilter.doFilter(ThreadNameFilter.java:35)\n\tat org.eclipse.jetty.servlet.FilterHolder.doFilter(FilterHolder.java:193)\n\tat org.eclipse.jetty.servlet.ServletHandler$Chain.doFilter(ServletHandler.java:1601)\n\tat io.dropwizard.jersey.filter.AllowedMethodsFilter.handle(AllowedMethodsFilter.java:45)\n\tat io.dropwizard.jersey.filter.AllowedMethodsFilter.doFilter(AllowedMethodsFilter.java:39)\n\tat org.eclipse.jetty.servlet.FilterHolder.doFilter(FilterHolder.java:193)\n\tat org.eclipse.jetty.servlet.ServletHandler$Chain.doFilter(ServletHandler.java:1601)\n\tat org.finos.legend.server.pac4j.internal.UsernameFilter.doFilter(UsernameFilter.java:51)\n\tat org.eclipse.jetty.servlet.FilterHolder.doFilter(FilterHolder.java:193)\n\tat org.eclipse.jetty.servlet.ServletHandler$Chain.doFilter(ServletHandler.java:1601)\n\tat org.pac4j.j2e.filter.SecurityFilter.lambda$internalFilter$0(SecurityFilter.java:95)\n\tat org.pac4j.core.engine.DefaultSecurityLogic.perform(DefaultSecurityLogic.java:140)\n\tat org.pac4j.j2e.filter.SecurityFilter.internalFilter(SecurityFilter.java:93)\n\tat org.pac4j.j2e.filter.AbstractConfigFilter.doFilter(AbstractConfigFilter.java:81)\n\tat org.eclipse.jetty.servlet.FilterHolder.doFilter(FilterHolder.java:193)\n\tat org.eclipse.jetty.servlet.ServletHandler$Chain.doFilter(ServletHandler.java:1601)\n\tat org.eclipse.jetty.servlet.ServletHandler.doHandle(ServletHandler.java:548)\n\tat org.eclipse.jetty.server.handler.ScopedHandler.nextHandle(ScopedHandler.java:233)\n\tat org.eclipse.jetty.server.session.SessionHandler.doHandle(SessionHandler.java:1624)\n\tat org.eclipse.jetty.server.handler.ScopedHandler.nextHandle(ScopedHandler.java:233)\n\tat org.eclipse.jetty.server.handler.ContextHandler.doHandle(ContextHandler.java:1434)\n\tat org.eclipse.jetty.server.handler.ScopedHandler.nextScope(ScopedHandler.java:188)\n\tat org.eclipse.jetty.servlet.ServletHandler.doScope(ServletHandler.java:501)\n\tat org.eclipse.jetty.server.session.SessionHandler.doScope(SessionHandler.java:1594)\n\tat org.eclipse.jetty.server.handler.ScopedHandler.nextScope(ScopedHandler.java:186)\n\tat org.eclipse.jetty.server.handler.ContextHandler.doScope(ContextHandler.java:1349)\n\tat org.eclipse.jetty.server.handler.ScopedHandler.handle(ScopedHandler.java:141)\n\tat org.eclipse.jetty.server.handler.HandlerWrapper.handle(HandlerWrapper.java:127)\n\tat com.codahale.metrics.jetty9.InstrumentedHandler.handle(InstrumentedHandler.java:313)\n\tat io.dropwizard.jetty.ContextRoutingHandler.handle(ContextRoutingHandler.java:37)\n\tat org.eclipse.jetty.server.handler.gzip.GzipHandler.handle(GzipHandler.java:713)\n\tat io.dropwizard.jetty.BiDiGzipHandler.handle(BiDiGzipHandler.java:67)\n\tat org.eclipse.jetty.server.handler.StatisticsHandler.handle(StatisticsHandler.java:179)\n\tat org.eclipse.jetty.server.handler.HandlerWrapper.handle(HandlerWrapper.java:127)\n\tat org.eclipse.jetty.server.Server.handle(Server.java:516)\n\tat org.eclipse.jetty.server.HttpChannel.lambda$handle$1(HttpChannel.java:400)\n\tat org.eclipse.jetty.server.HttpChannel.dispatch(HttpChannel.java:645)\n\tat org.eclipse.jetty.server.HttpChannel.handle(HttpChannel.java:392)\n\tat org.eclipse.jetty.server.HttpConnection.onFillable(HttpConnection.java:277)\n\tat org.eclipse.jetty.io.AbstractConnection$ReadCallback.succeeded(AbstractConnection.java:311)\n\tat org.eclipse.jetty.io.FillInterest.fillable(FillInterest.java:105)\n\tat org.eclipse.jetty.io.ChannelEndPoint$1.run(ChannelEndPoint.java:104)\n\tat org.eclipse.jetty.util.thread.strategy.EatWhatYouKill.runTask(EatWhatYouKill.java:338)\n\tat org.eclipse.jetty.util.thread.strategy.EatWhatYouKill.doProduce(EatWhatYouKill.java:315)\n\tat org.eclipse.jetty.util.thread.strategy.EatWhatYouKill.tryProduce(EatWhatYouKill.java:173)\n\tat org.eclipse.jetty.util.thread.strategy.EatWhatYouKill.run(EatWhatYouKill.java:131)\n\tat org.eclipse.jetty.util.thread.ReservedThreadExecutor$ReservedThread.run(ReservedThreadExecutor.java:409)\n\tat org.eclipse.jetty.util.thread.QueuedThreadPool.runJob(QueuedThreadPool.java:883)\n\tat org.eclipse.jetty.util.thread.QueuedThreadPool$Runner.run(QueuedThreadPool.java:1034)\n\tat java.base/java.lang.Thread.run(Thread.java:829)\nCaused by: net.snowflake.client.jdbc.SnowflakeSQLException: SQL compilation error:\nFunction EXTRACT does not support VARCHAR(19) argument type\n\tat net.snowflake.client.jdbc.SnowflakeUtil.checkErrorAndThrowExceptionSub(SnowflakeUtil.java:127)\n\tat net.snowflake.client.jdbc.SnowflakeUtil.checkErrorAndThrowException(SnowflakeUtil.java:67)\n\tat net.snowflake.client.core.StmtUtil.pollForOutput(StmtUtil.java:442)\n\tat net.snowflake.client.core.StmtUtil.execute(StmtUtil.java:345)\n\tat net.snowflake.client.core.SFStatement.executeHelper(SFStatement.java:486)\n\tat net.snowflake.client.core.SFStatement.executeQueryInternal(SFStatement.java:197)\n\tat net.snowflake.client.core.SFStatement.executeQuery(SFStatement.java:134)\n\tat net.snowflake.client.core.SFStatement.execute(SFStatement.java:743)\n\tat net.snowflake.client.core.SFStatement.execute(SFStatement.java:639)\n\tat net.snowflake.client.jdbc.SnowflakeStatementV1.executeQueryInternal(SnowflakeStatementV1.java:238)\n\tat net.snowflake.client.jdbc.SnowflakeStatementV1.executeQuery(SnowflakeStatementV1.java:133)\n\tat com.zaxxer.hikari.pool.ProxyStatement.executeQuery(ProxyStatement.java:110)\n\tat com.zaxxer.hikari.pool.HikariProxyStatement.executeQuery(HikariProxyStatement.java)\n\tat org.finos.legend.engine.plan.execution.stores.relational.result.SQLExecutionResult.<init>(SQLExecutionResult.java:95)\n\t... 101 more\n"},"mode":"DEV","timeStamp":"2023-02-23 01:30:56.084","user":"_UNKNOWN_"}
| **dynaFunctions::hour::testHour** | failing :x: |
]]></system-out>
  </testcase>
  <testcase name="testIn[Snowflake]" classname="org.finos.legend.engine.server.test.shared.Relational_DbSpecific_UsingPureClientTestSuite$2" time="0.149"/>
  <testcase name="testChar[Snowflake]" classname="org.finos.legend.engine.server.test.shared.Relational_DbSpecific_UsingPureClientTestSuite$2" time="0.166"/>
  <testcase name="testString[Snowflake]" classname="org.finos.legend.engine.server.test.shared.Relational_DbSpecific_UsingPureClientTestSuite$2" time="0.144"/>
  <testcase name="testSqlNull[Snowflake]" classname="org.finos.legend.engine.server.test.shared.Relational_DbSpecific_UsingPureClientTestSuite$2" time="0.541"/>
  <testcase name="testSqlNull[Snowflake]" classname="org.finos.legend.engine.server.test.shared.Relational_DbSpecific_UsingPureClientTestSuite$2" time="0.123"/>
  <testcase name="testSqlNull[Snowflake]" classname="org.finos.legend.engine.server.test.shared.Relational_DbSpecific_UsingPureClientTestSuite$2" time="0.135"/>
  <testcase name="testSqlNull[Snowflake]" classname="org.finos.legend.engine.server.test.shared.Relational_DbSpecific_UsingPureClientTestSuite$2" time="0.126"/>
  <testcase name="testWithString[Snowflake]" classname="org.finos.legend.engine.server.test.shared.Relational_DbSpecific_UsingPureClientTestSuite$2" time="0.132"/>
  <testcase name="testStartingSpace[Snowflake]" classname="org.finos.legend.engine.server.test.shared.Relational_DbSpecific_UsingPureClientTestSuite$2" time="0.122"/>
  <testcase name="testMatchesAlphaNumeric[Snowflake]" classname="org.finos.legend.engine.server.test.shared.Relational_DbSpecific_UsingPureClientTestSuite$2" time="0.137"/>
  <testcase name="testMatchesNonAlphaNumeric[Snowflake]" classname="org.finos.legend.engine.server.test.shared.Relational_DbSpecific_UsingPureClientTestSuite$2" time="0.137"/>
  <testcase name="testminute[Snowflake]" classname="org.finos.legend.engine.server.test.shared.Relational_DbSpecific_UsingPureClientTestSuite$2" time="0.17">
    <error message="Assert failure at (resource:/platform/pure/basics/tests/assertEq.pure line:34 column:5), &quot;500 &apos;{&quot;code&quot;:-1,&quot;message&quot;:&quot;SnowflakeSQLException: SQL compilation error:&#10;Function EXTRACT does not support VARCHAR(19) argument type&quot;,&quot;status&quot;:&quot;error&quot;,&quot;trace&quot;:&quot;java.lang.RuntimeException: net.snowflake.client.jdbc.SnowflakeSQLException: SQL compilation error:&#10;Function EXTRACT does not support VARCHAR(19) argument type&#10;at org.finos.legend.engine.plan.execution.stores.relational.result.SQLExecutionResult.&lt;init&gt;(SQLExecutionResult.java:123)&#10;at org.finos.legend.engine.plan.execution.stores.relational.RelationalExecutor.execute(RelationalExecutor.java:241)&#10;at org.finos.legend.engine.plan.execution.stores.relational.plugin.RelationalExecutionNodeExecutor.visit(RelationalExecutionNodeExecutor.java:238)&#10;at org.finos.legend.engine.plan.execution.stores.relational.plugin.RelationalExecutionNodeExecutor.visit(RelationalExecutionNodeExecutor.java:346)&#10;at org.finos.legend.engine.plan.execution.stores.relational.plugin.RelationalExecutionNodeExecutor.visit(RelationalExecutionNodeExecutor.java:92)&#10;at org.finos.legend.engine.protocol.pure.v1.model.executionPlan.nodes.RelationalDataTypeInstantiationExecutionNode.accept(RelationalDataTypeInstantiationExecutionNode.java:22)&#10;at org.finos.legend.engine.plan.execution.stores.relational.RelationalExecutionExtension.lambda$getExtraNodeExecutors$fbe53481$1(RelationalExecutionExtension.java:50)&#10;at org.finos.legend.engine.plan.execution.nodes.ExecutionNodeExecutor.lambda$visit$0(ExecutionNodeExecutor.java:164)&#10;at java.base/java.util.stream.ReferencePipeline$3$1.accept(ReferencePipeline.java:195)&#10;at java.base/java.util.Spliterators$ArraySpliterator.tryAdvance(Spliterators.java:958)&#10;at java.base/java.util.stream.ReferencePipeline.forEachWithCancel(ReferencePipeline.java:127)&#10;at java.base/java.util.stream.AbstractPipeline.copyIntoWithCancel(AbstractPipeline.java:502)&#10;at java.base/java.util.stream.AbstractPipeline.copyInto(AbstractPipeline.java:488)&#10;at java.base/java.util.stream.AbstractPipeline.wrapAndCopyInto(AbstractPipeline.java:474)&#10;at java.base/java.util.stream.FindOps$FindOp.evaluateSequential(FindOps.java:150)&#10;at java.base/java.util.stream.AbstractPipeline.evaluate(AbstractPipeline.java:234)&#10;at java.base/java.util.stream.ReferencePipeline.findFirst(ReferencePipeline.java:543)&#10;at org.finos.legend.engine.plan.execution.nodes.ExecutionNodeExecutor.visit(ExecutionNodeExecutor.java:164)&#10;at org.finos.legend.engine.plan.execution.nodes.ExecutionNodeExecutor.visit(ExecutionNodeExecutor.java:107)&#10;at org.finos.legend.engine.protocol.pure.v1.model.executionPlan.nodes.RelationalDataTypeInstantiationExecutionNode.accept(RelationalDataTypeInstantiationExecutionNode.java:22)&#10;at org.finos.legend.engine.plan.execution.PlanExecutor.execute(PlanExecutor.java:238)&#10;at org.finos.legend.engine.plan.execution.PlanExecutor.execute(PlanExecutor.java:225)&#10;at org.finos.legend.engine.plan.execution.api.ExecutePlan.doExecutePlanLegacy(ExecutePlan.java:102)&#10;at org.finos.legend.engine.plan.execution.api.ExecutePlan.doExecutePlan(ExecutePlan.java:84)&#10;at org.finos.legend.engine.plan.execution.api.ExecutePlanLegacy.executePlan(ExecutePlanLegacy.java:56)&#10;at jdk.internal.reflect.GeneratedMethodAccessor100.invoke(Unknown Source)&#10;at java.base/jdk.internal.reflect.DelegatingMethodAccessorImpl.invoke(DelegatingMethodAccessorImpl.java:43)&#10;at java.base/java.lang.reflect.Method.invoke(Method.java:566)&#10;at org.glassfish.jersey.server.model.internal.ResourceMethodInvocationHandlerFactory$1.invoke(ResourceMethodInvocationHandlerFactory.java:81)&#10;at org.glassfish.jersey.server.model.internal.AbstractJavaResourceMethodDispatcher$1.run(AbstractJavaResourceMethodDispatcher.java:144)&#10;at org.glassfish.jersey.server.model.internal.AbstractJavaResourceMethodDispatcher.invoke(AbstractJavaResourceMethodDispatcher.java:161)&#10;at org.glassfish.jersey.server.model.internal.JavaResourceMethodDispatcherProvider$ResponseOutInvoker.doDispatch(JavaResourceMethodDispatcherProvider.java:160)&#10;at org.glassfish.jersey.server.model.internal.AbstractJavaResourceMethodDispatcher.dispatch(AbstractJavaResourceMethodDispatcher.java:99)&#10;at org.glassfish.jersey.server.model.ResourceMethodInvoker.invoke(ResourceMethodInvoker.java:389)&#10;at org.glassfish.jersey.server.model.ResourceMethodInvoker.apply(ResourceMethodInvoker.java:347)&#10;at org.glassfish.jersey.server.model.ResourceMethodInvoker.apply(ResourceMethodInvoker.java:102)&#10;at org.glassfish.jersey.server.ServerRuntime$2.run(ServerRuntime.java:326)&#10;at org.glassfish.jersey.internal.Errors$1.call(Errors.java:271)&#10;at org.glassfish.jersey.internal.Errors$1.call(Errors.java:267)&#10;at org.glassfish.jersey.internal.Errors.process(Errors.java:315)&#10;at org.glassfish.jersey.internal.Errors.process(Errors.java:297)&#10;at org.glassfish.jersey.internal.Errors.process(Errors.java:267)&#10;at org.glassfish.jersey.process.internal.RequestScope.runInScope(RequestScope.java:317)&#10;at org.glassfish.jersey.server.ServerRuntime.process(ServerRuntime.java:305)&#10;at org.glassfish.jersey.server.ApplicationHandler.handle(ApplicationHandler.java:1154)&#10;at org.glassfish.jersey.servlet.WebComponent.serviceImpl(WebComponent.java:473)&#10;at org.glassfish.jersey.servlet.WebComponent.service(WebComponent.java:427)&#10;at org.glassfish.jersey.servlet.ServletContainer.service(ServletContainer.java:388)&#10;at org.glassfish.jersey.servlet.ServletContainer.service(ServletContainer.java:341)&#10;at org.glassfish.jersey.servlet.ServletContainer.service(ServletContainer.java:228)&#10;at org.eclipse.jetty.servlet.ServletHolder.handle(ServletHolder.java:799)&#10;at org.eclipse.jetty.servlet.ServletHandler$ChainEnd.doFilter(ServletHandler.java:1631)&#10;at io.dropwizard.servlets.ThreadNameFilter.doFilter(ThreadNameFilter.java:35)&#10;at org.eclipse.jetty.servlet.FilterHolder.doFilter(FilterHolder.java:193)&#10;at org.eclipse.jetty.servlet.ServletHandler$Chain.doFilter(ServletHandler.java:1601)&#10;at io.dropwizard.jersey.filter.AllowedMethodsFilter.handle(AllowedMethodsFilter.java:45)&#10;at io.dropwizard.jersey.filter.AllowedMethodsFilter.doFilter(AllowedMethodsFilter.java:39)&#10;at org.eclipse.jetty.servlet.FilterHolder.doFilter(FilterHolder.java:193)&#10;at org.eclipse.jetty.servlet.ServletHandler$Chain.doFilter(ServletHandler.java:1601)&#10;at org.finos.legend.server.pac4j.internal.UsernameFilter.doFilter(UsernameFilter.java:51)&#10;at org.eclipse.jetty.servlet.FilterHolder.doFilter(FilterHolder.java:193)&#10;at org.eclipse.jetty.servlet.ServletHandler$Chain.doFilter(ServletHandler.java:1601)&#10;at org.pac4j.j2e.filter.SecurityFilter.lambda$internalFilter$0(SecurityFilter.java:95)&#10;at org.pac4j.core.engine.DefaultSecurityLogic.perform(DefaultSecurityLogic.java:140)&#10;at org.pac4j.j2e.filter.SecurityFilter.internalFilter(SecurityFilter.java:93)&#10;at org.pac4j.j2e.filter.AbstractConfigFilter.doFilter(AbstractConfigFilter.java:81)&#10;at org.eclipse.jetty.servlet.FilterHolder.doFilter(FilterHolder.java:193)&#10;at org.eclipse.jetty.servlet.ServletHandler$Chain.doFilter(ServletHandler.java:1601)&#10;at org.eclipse.jetty.servlet.ServletHandler.doHandle(ServletHandler.java:548)&#10;at org.eclipse.jetty.server.handler.ScopedHandler.nextHandle(ScopedHandler.java:233)&#10;at org.eclipse.jetty.server.session.SessionHandler.doHandle(SessionHandler.java:1624)&#10;at org.eclipse.jetty.server.handler.ScopedHandler.nextHandle(ScopedHandler.java:233)&#10;at org.eclipse.jetty.server.handler.ContextHandler.doHandle(ContextHandler.java:1434)&#10;at org.eclipse.jetty.server.handler.ScopedHandler.nextScope(ScopedHandler.java:188)&#10;at org.eclipse.jetty.servlet.ServletHandler.doScope(ServletHandler.java:501)&#10;at org.eclipse.jetty.server.session.SessionHandler.doScope(SessionHandler.java:1594)&#10;at org.eclipse.jetty.server.handler.ScopedHandler.nextScope(ScopedHandler.java:186)&#10;at org.eclipse.jetty.server.handler.ContextHandler.doScope(ContextHandler.java:1349)&#10;at org.eclipse.jetty.server.handler.ScopedHandler.handle(ScopedHandler.java:141)&#10;at org.eclipse.jetty.server.handler.HandlerWrapper.handle(HandlerWrapper.java:127)&#10;at com.codahale.metrics.jetty9.InstrumentedHandler.handle(InstrumentedHandler.java:313)&#10;at io.dropwizard.jetty.ContextRoutingHandler.handle(ContextRoutingHandler.java:37)&#10;at org.eclipse.jetty.server.handler.gzip.GzipHandler.handle(GzipHandler.java:713)&#10;at io.dropwizard.jetty.BiDiGzipHandler.handle(BiDiGzipHandler.java:67)&#10;at org.eclipse.jetty.server.handler.StatisticsHandler.handle(StatisticsHandler.java:179)&#10;at org.eclipse.jetty.server.handler.HandlerWrapper.handle(HandlerWrapper.java:127)&#10;at org.eclipse.jetty.server.Server.handle(Server.java:516)&#10;at org.eclipse.jetty.server.HttpChannel.lambda$handle$1(HttpChannel.java:400)&#10;at org.eclipse.jetty.server.HttpChannel.dispatch(HttpChannel.java:645)&#10;at org.eclipse.jetty.server.HttpChannel.handle(HttpChannel.java:392)&#10;at org.eclipse.jetty.server.HttpConnection.onFillable(HttpConnection.java:277)&#10;at org.eclipse.jetty.io.AbstractConnection$ReadCallback.succeeded(AbstractConnection.java:311)&#10;at org.eclipse.jetty.io.FillInterest.fillable(FillInterest.java:105)&#10;at org.eclipse.jetty.io.ChannelEndPoint$1.run(ChannelEndPoint.java:104)&#10;at org.eclipse.jetty.util.thread.strategy.EatWhatYouKill.runTask(EatWhatYouKill.java:338)&#10;at org.eclipse.jetty.util.thread.strategy.EatWhatYouKill.doProduce(EatWhatYouKill.java:315)&#10;at org.eclipse.jetty.util.thread.strategy.EatWhatYouKill.tryProduce(EatWhatYouKill.java:173)&#10;at org.eclipse.jetty.util.thread.strategy.EatWhatYouKill.run(EatWhatYouKill.java:131)&#10;at org.eclipse.jetty.util.thread.ReservedThreadExecutor$ReservedThread.run(ReservedThreadExecutor.java:409)&#10;at org.eclipse.jetty.util.thread.QueuedThreadPool.runJob(QueuedThreadPool.java:883)&#10;at org.eclipse.jetty.util.thread.QueuedThreadPool$Runner.run(QueuedThreadPool.java:1034)&#10;at java.base/java.lang.Thread.run(Thread.java:829)&#10;Caused by: net.snowflake.client.jdbc.SnowflakeSQLException: SQL compilation error:&#10;Function EXTRACT does not support VARCHAR(19) argument type&#10;at net.snowflake.client.jdbc.SnowflakeUtil.checkErrorAndThrowExceptionSub(SnowflakeUtil.java:127)&#10;at net.snowflake.client.jdbc.SnowflakeUtil.checkErrorAndThrowException(SnowflakeUtil.java:67)&#10;at net.snowflake.client.core.StmtUtil.pollForOutput(StmtUtil.java:442)&#10;at net.snowflake.client.core.StmtUtil.execute(StmtUtil.java:345)&#10;at net.snowflake.client.core.SFStatement.executeHelper(SFStatement.java:486)&#10;at net.snowflake.client.core.SFStatement.executeQueryInternal(SFStatement.java:197)&#10;at net.snowflake.client.core.SFStatement.executeQuery(SFStatement.java:134)&#10;at net.snowflake.client.core.SFStatement.execute(SFStatement.java:743)&#10;at net.snowflake.client.core.SFStatement.execute(SFStatement.java:639)&#10;at net.snowflake.client.jdbc.SnowflakeStatementV1.executeQueryInternal(SnowflakeStatementV1.java:238)&#10;at net.snowflake.client.jdbc.SnowflakeStatementV1.executeQuery(SnowflakeStatementV1.java:133)&#10;at com.zaxxer.hikari.pool.ProxyStatement.executeQuery(ProxyStatement.java:110)&#10;at com.zaxxer.hikari.pool.HikariProxyStatement.executeQuery(HikariProxyStatement.java)&#10;at org.finos.legend.engine.plan.execution.stores.relational.result.SQLExecutionResult.&lt;init&gt;(SQLExecutionResult.java:95)&#10;... 101 more&#10;&quot;}&apos;&quot;" type="Assert failure at (resource"><![CDATA[Assert failure at (resource:/platform/pure/basics/tests/assertEq.pure line:34 column:5), "500 '{"code":-1,"message":"SnowflakeSQLException: SQL compilation error:
Function EXTRACT does not support VARCHAR(19) argument type","status":"error","trace":"java.lang.RuntimeException: net.snowflake.client.jdbc.SnowflakeSQLException: SQL compilation error:
Function EXTRACT does not support VARCHAR(19) argument type
at org.finos.legend.engine.plan.execution.stores.relational.result.SQLExecutionResult.<init>(SQLExecutionResult.java:123)
at org.finos.legend.engine.plan.execution.stores.relational.RelationalExecutor.execute(RelationalExecutor.java:241)
at org.finos.legend.engine.plan.execution.stores.relational.plugin.RelationalExecutionNodeExecutor.visit(RelationalExecutionNodeExecutor.java:238)
at org.finos.legend.engine.plan.execution.stores.relational.plugin.RelationalExecutionNodeExecutor.visit(RelationalExecutionNodeExecutor.java:346)
at org.finos.legend.engine.plan.execution.stores.relational.plugin.RelationalExecutionNodeExecutor.visit(RelationalExecutionNodeExecutor.java:92)
at org.finos.legend.engine.protocol.pure.v1.model.executionPlan.nodes.RelationalDataTypeInstantiationExecutionNode.accept(RelationalDataTypeInstantiationExecutionNode.java:22)
at org.finos.legend.engine.plan.execution.stores.relational.RelationalExecutionExtension.lambda$getExtraNodeExecutors$fbe53481$1(RelationalExecutionExtension.java:50)
at org.finos.legend.engine.plan.execution.nodes.ExecutionNodeExecutor.lambda$visit$0(ExecutionNodeExecutor.java:164)
at java.base/java.util.stream.ReferencePipeline$3$1.accept(ReferencePipeline.java:195)
at java.base/java.util.Spliterators$ArraySpliterator.tryAdvance(Spliterators.java:958)
at java.base/java.util.stream.ReferencePipeline.forEachWithCancel(ReferencePipeline.java:127)
at java.base/java.util.stream.AbstractPipeline.copyIntoWithCancel(AbstractPipeline.java:502)
at java.base/java.util.stream.AbstractPipeline.copyInto(AbstractPipeline.java:488)
at java.base/java.util.stream.AbstractPipeline.wrapAndCopyInto(AbstractPipeline.java:474)
at java.base/java.util.stream.FindOps$FindOp.evaluateSequential(FindOps.java:150)
at java.base/java.util.stream.AbstractPipeline.evaluate(AbstractPipeline.java:234)
at java.base/java.util.stream.ReferencePipeline.findFirst(ReferencePipeline.java:543)
at org.finos.legend.engine.plan.execution.nodes.ExecutionNodeExecutor.visit(ExecutionNodeExecutor.java:164)
at org.finos.legend.engine.plan.execution.nodes.ExecutionNodeExecutor.visit(ExecutionNodeExecutor.java:107)
at org.finos.legend.engine.protocol.pure.v1.model.executionPlan.nodes.RelationalDataTypeInstantiationExecutionNode.accept(RelationalDataTypeInstantiationExecutionNode.java:22)
at org.finos.legend.engine.plan.execution.PlanExecutor.execute(PlanExecutor.java:238)
at org.finos.legend.engine.plan.execution.PlanExecutor.execute(PlanExecutor.java:225)
at org.finos.legend.engine.plan.execution.api.ExecutePlan.doExecutePlanLegacy(ExecutePlan.java:102)
at org.finos.legend.engine.plan.execution.api.ExecutePlan.doExecutePlan(ExecutePlan.java:84)
at org.finos.legend.engine.plan.execution.api.ExecutePlanLegacy.executePlan(ExecutePlanLegacy.java:56)
at jdk.internal.reflect.GeneratedMethodAccessor100.invoke(Unknown Source)
at java.base/jdk.internal.reflect.DelegatingMethodAccessorImpl.invoke(DelegatingMethodAccessorImpl.java:43)
at java.base/java.lang.reflect.Method.invoke(Method.java:566)
at org.glassfish.jersey.server.model.internal.ResourceMethodInvocationHandlerFactory$1.invoke(ResourceMethodInvocationHandlerFactory.java:81)
at org.glassfish.jersey.server.model.internal.AbstractJavaResourceMethodDispatcher$1.run(AbstractJavaResourceMethodDispatcher.java:144)
at org.glassfish.jersey.server.model.internal.AbstractJavaResourceMethodDispatcher.invoke(AbstractJavaResourceMethodDispatcher.java:161)
at org.glassfish.jersey.server.model.internal.JavaResourceMethodDispatcherProvider$ResponseOutInvoker.doDispatch(JavaResourceMethodDispatcherProvider.java:160)
at org.glassfish.jersey.server.model.internal.AbstractJavaResourceMethodDispatcher.dispatch(AbstractJavaResourceMethodDispatcher.java:99)
at org.glassfish.jersey.server.model.ResourceMethodInvoker.invoke(ResourceMethodInvoker.java:389)
at org.glassfish.jersey.server.model.ResourceMethodInvoker.apply(ResourceMethodInvoker.java:347)
at org.glassfish.jersey.server.model.ResourceMethodInvoker.apply(ResourceMethodInvoker.java:102)
at org.glassfish.jersey.server.ServerRuntime$2.run(ServerRuntime.java:326)
at org.glassfish.jersey.internal.Errors$1.call(Errors.java:271)
at org.glassfish.jersey.internal.Errors$1.call(Errors.java:267)
at org.glassfish.jersey.internal.Errors.process(Errors.java:315)
at org.glassfish.jersey.internal.Errors.process(Errors.java:297)
at org.glassfish.jersey.internal.Errors.process(Errors.java:267)
at org.glassfish.jersey.process.internal.RequestScope.runInScope(RequestScope.java:317)
at org.glassfish.jersey.server.ServerRuntime.process(ServerRuntime.java:305)
at org.glassfish.jersey.server.ApplicationHandler.handle(ApplicationHandler.java:1154)
at org.glassfish.jersey.servlet.WebComponent.serviceImpl(WebComponent.java:473)
at org.glassfish.jersey.servlet.WebComponent.service(WebComponent.java:427)
at org.glassfish.jersey.servlet.ServletContainer.service(ServletContainer.java:388)
at org.glassfish.jersey.servlet.ServletContainer.service(ServletContainer.java:341)
at org.glassfish.jersey.servlet.ServletContainer.service(ServletContainer.java:228)
at org.eclipse.jetty.servlet.ServletHolder.handle(ServletHolder.java:799)
at org.eclipse.jetty.servlet.ServletHandler$ChainEnd.doFilter(ServletHandler.java:1631)
at io.dropwizard.servlets.ThreadNameFilter.doFilter(ThreadNameFilter.java:35)
at org.eclipse.jetty.servlet.FilterHolder.doFilter(FilterHolder.java:193)
at org.eclipse.jetty.servlet.ServletHandler$Chain.doFilter(ServletHandler.java:1601)
at io.dropwizard.jersey.filter.AllowedMethodsFilter.handle(AllowedMethodsFilter.java:45)
at io.dropwizard.jersey.filter.AllowedMethodsFilter.doFilter(AllowedMethodsFilter.java:39)
at org.eclipse.jetty.servlet.FilterHolder.doFilter(FilterHolder.java:193)
at org.eclipse.jetty.servlet.ServletHandler$Chain.doFilter(ServletHandler.java:1601)
at org.finos.legend.server.pac4j.internal.UsernameFilter.doFilter(UsernameFilter.java:51)
at org.eclipse.jetty.servlet.FilterHolder.doFilter(FilterHolder.java:193)
at org.eclipse.jetty.servlet.ServletHandler$Chain.doFilter(ServletHandler.java:1601)
at org.pac4j.j2e.filter.SecurityFilter.lambda$internalFilter$0(SecurityFilter.java:95)
at org.pac4j.core.engine.DefaultSecurityLogic.perform(DefaultSecurityLogic.java:140)
at org.pac4j.j2e.filter.SecurityFilter.internalFilter(SecurityFilter.java:93)
at org.pac4j.j2e.filter.AbstractConfigFilter.doFilter(AbstractConfigFilter.java:81)
at org.eclipse.jetty.servlet.FilterHolder.doFilter(FilterHolder.java:193)
at org.eclipse.jetty.servlet.ServletHandler$Chain.doFilter(ServletHandler.java:1601)
at org.eclipse.jetty.servlet.ServletHandler.doHandle(ServletHandler.java:548)
at org.eclipse.jetty.server.handler.ScopedHandler.nextHandle(ScopedHandler.java:233)
at org.eclipse.jetty.server.session.SessionHandler.doHandle(SessionHandler.java:1624)
at org.eclipse.jetty.server.handler.ScopedHandler.nextHandle(ScopedHandler.java:233)
at org.eclipse.jetty.server.handler.ContextHandler.doHandle(ContextHandler.java:1434)
at org.eclipse.jetty.server.handler.ScopedHandler.nextScope(ScopedHandler.java:188)
at org.eclipse.jetty.servlet.ServletHandler.doScope(ServletHandler.java:501)
at org.eclipse.jetty.server.session.SessionHandler.doScope(SessionHandler.java:1594)
at org.eclipse.jetty.server.handler.ScopedHandler.nextScope(ScopedHandler.java:186)
at org.eclipse.jetty.server.handler.ContextHandler.doScope(ContextHandler.java:1349)
at org.eclipse.jetty.server.handler.ScopedHandler.handle(ScopedHandler.java:141)
at org.eclipse.jetty.server.handler.HandlerWrapper.handle(HandlerWrapper.java:127)
at com.codahale.metrics.jetty9.InstrumentedHandler.handle(InstrumentedHandler.java:313)
at io.dropwizard.jetty.ContextRoutingHandler.handle(ContextRoutingHandler.java:37)
at org.eclipse.jetty.server.handler.gzip.GzipHandler.handle(GzipHandler.java:713)
at io.dropwizard.jetty.BiDiGzipHandler.handle(BiDiGzipHandler.java:67)
at org.eclipse.jetty.server.handler.StatisticsHandler.handle(StatisticsHandler.java:179)
at org.eclipse.jetty.server.handler.HandlerWrapper.handle(HandlerWrapper.java:127)
at org.eclipse.jetty.server.Server.handle(Server.java:516)
at org.eclipse.jetty.server.HttpChannel.lambda$handle$1(HttpChannel.java:400)
at org.eclipse.jetty.server.HttpChannel.dispatch(HttpChannel.java:645)
at org.eclipse.jetty.server.HttpChannel.handle(HttpChannel.java:392)
at org.eclipse.jetty.server.HttpConnection.onFillable(HttpConnection.java:277)
at org.eclipse.jetty.io.AbstractConnection$ReadCallback.succeeded(AbstractConnection.java:311)
at org.eclipse.jetty.io.FillInterest.fillable(FillInterest.java:105)
at org.eclipse.jetty.io.ChannelEndPoint$1.run(ChannelEndPoint.java:104)
at org.eclipse.jetty.util.thread.strategy.EatWhatYouKill.runTask(EatWhatYouKill.java:338)
at org.eclipse.jetty.util.thread.strategy.EatWhatYouKill.doProduce(EatWhatYouKill.java:315)
at org.eclipse.jetty.util.thread.strategy.EatWhatYouKill.tryProduce(EatWhatYouKill.java:173)
at org.eclipse.jetty.util.thread.strategy.EatWhatYouKill.run(EatWhatYouKill.java:131)
at org.eclipse.jetty.util.thread.ReservedThreadExecutor$ReservedThread.run(ReservedThreadExecutor.java:409)
at org.eclipse.jetty.util.thread.QueuedThreadPool.runJob(QueuedThreadPool.java:883)
at org.eclipse.jetty.util.thread.QueuedThreadPool$Runner.run(QueuedThreadPool.java:1034)
at java.base/java.lang.Thread.run(Thread.java:829)
Caused by: net.snowflake.client.jdbc.SnowflakeSQLException: SQL compilation error:
Function EXTRACT does not support VARCHAR(19) argument type
at net.snowflake.client.jdbc.SnowflakeUtil.checkErrorAndThrowExceptionSub(SnowflakeUtil.java:127)
at net.snowflake.client.jdbc.SnowflakeUtil.checkErrorAndThrowException(SnowflakeUtil.java:67)
at net.snowflake.client.core.StmtUtil.pollForOutput(StmtUtil.java:442)
at net.snowflake.client.core.StmtUtil.execute(StmtUtil.java:345)
at net.snowflake.client.core.SFStatement.executeHelper(SFStatement.java:486)
at net.snowflake.client.core.SFStatement.executeQueryInternal(SFStatement.java:197)
at net.snowflake.client.core.SFStatement.executeQuery(SFStatement.java:134)
at net.snowflake.client.core.SFStatement.execute(SFStatement.java:743)
at net.snowflake.client.core.SFStatement.execute(SFStatement.java:639)
at net.snowflake.client.jdbc.SnowflakeStatementV1.executeQueryInternal(SnowflakeStatementV1.java:238)
at net.snowflake.client.jdbc.SnowflakeStatementV1.executeQuery(SnowflakeStatementV1.java:133)
at com.zaxxer.hikari.pool.ProxyStatement.executeQuery(ProxyStatement.java:110)
at com.zaxxer.hikari.pool.HikariProxyStatement.executeQuery(HikariProxyStatement.java)
at org.finos.legend.engine.plan.execution.stores.relational.result.SQLExecutionResult.<init>(SQLExecutionResult.java:95)
... 101 more
"}'"
	at org.finos.legend.pure.runtime.java.compiled.generation.processors.support.CompiledSupport.pureAssert(CompiledSupport.java:1994)
	at org.finos.legend.pure.generated.platform_pure_basics_tests_assertEq.Root_meta_pure_functions_asserts_assertEq_Any_1__Any_1__Function_1__Boolean_1_(platform_pure_basics_tests_assertEq.java:44)
	at org.finos.legend.pure.generated.core_pure_protocol_vX_X_X_invocations_execution.Root_meta_protocols_pure_vX_X_X_invocation_execution_execute_executePlan_String_1__String_1__Integer_1__String_1_(core_pure_protocol_vX_X_X_invocations_execution.java:751)
	at org.finos.legend.pure.generated.core_pure_protocol_vX_X_X_invocations_execution.Root_meta_protocols_pure_vX_X_X_invocation_execution_execute_executePlan_ExecutionPlan_1__String_1__Integer_1__Extension_MANY__String_1_(core_pure_protocol_vX_X_X_invocations_execution.java:745)
	at org.finos.legend.pure.generated.core_pure_protocol_vX_X_X_invocations_execution.Root_meta_protocols_pure_vX_X_X_invocation_execution_execute_executePlan_ExecutionPlan_1__ExecutionContext_$0_1$__String_1__Integer_1__Extension_MANY__Result_1_(core_pure_protocol_vX_X_X_invocations_execution.java:738)
	at jdk.internal.reflect.GeneratedMethodAccessor96.invoke(Unknown Source)
	at java.base/jdk.internal.reflect.DelegatingMethodAccessorImpl.invoke(DelegatingMethodAccessorImpl.java:43)
	at java.base/java.lang.reflect.Method.invoke(Method.java:566)
	at org.finos.legend.pure.runtime.java.compiled.metadata.JavaMethodWithParamsSharedPureFunction.execute(JavaMethodWithParamsSharedPureFunction.java:59)
	at org.finos.legend.pure.runtime.java.compiled.generation.processors.support.Pure._evaluateToMany(Pure.java:546)
	at org.finos.legend.pure.generated.CoreGen.evaluateToMany(CoreGen.java:147)
	at org.finos.legend.pure.generated.CoreGen.evaluateToMany(CoreGen.java:134)
	at org.finos.legend.pure.generated.core_pure_router_router_entry$9$1.value(core_pure_router_router_entry.java:318)
	at org.finos.legend.pure.generated.core_pure_router_router_entry$9$1.execute(core_pure_router_router_entry.java:311)
	at org.finos.legend.pure.generated.core_pure_router_router_entry$9$1.execute(core_pure_router_router_entry.java:307)
	at org.finos.legend.pure.runtime.java.compiled.generation.processors.support.Pure.evaluate(Pure.java:485)
	at org.finos.legend.pure.runtime.java.compiled.generation.processors.support.Pure.legendTest(Pure.java:216)
	at org.finos.legend.pure.generated.CoreGen.legendTest(CoreGen.java:61)
	at org.finos.legend.pure.generated.core_pure_router_router_entry$9.valueOf(core_pure_router_router_entry.java:303)
	at org.finos.legend.pure.generated.core_pure_router_router_entry$9.execute(core_pure_router_router_entry.java:298)
	at org.finos.legend.pure.generated.core_pure_router_router_entry$9.execute(core_pure_router_router_entry.java:294)
	at org.finos.legend.pure.runtime.java.compiled.generation.processors.support.Pure.evaluate(Pure.java:485)
	at org.finos.legend.pure.runtime.java.compiled.generation.processors.support.Pure.traceSpan(Pure.java:1482)
	at org.finos.legend.pure.generated.CoreGen.traceSpan(CoreGen.java:203)
	at org.finos.legend.pure.generated.core_pure_router_router_entry.Root_meta_pure_router_executePlan_ExecutionPlan_1__ExecutionContext_1__Extension_MANY__Result_$0_1$_(core_pure_router_router_entry.java:290)
	at org.finos.legend.pure.generated.core_pure_router_router_entry.Root_meta_pure_router_executePlan_ExecutionPlan_1__Extension_MANY__Result_$0_1$_(core_pure_router_router_entry.java:285)
	at org.finos.legend.pure.generated.core_relational_relational_sqlQueryToString_dbTestRunner_testRunner$20.execute(core_relational_relational_sqlQueryToString_dbTestRunner_testRunner.java:386)
	at org.finos.legend.pure.generated.core_relational_relational_sqlQueryToString_dbTestRunner_testRunner.Root_meta_relational_dbTestRunner_runSqlQueryTest_SQLQuery_1__Literal_$1_MANY$__Pair_MANY__Function_$0_1$__DbTestConfig_1__Boolean_1_(core_relational_relational_sqlQueryToString_dbTestRunner_testRunner.java:424)
	at org.finos.legend.pure.generated.core_relational_relational_sqlQueryToString_dbTestRunner_testRunner.Root_meta_relational_dbTestRunner_runSqlQueryTest_SQLQuery_1__Literal_$1_MANY$__Function_$0_1$__DbTestConfig_1__Boolean_1_(core_relational_relational_sqlQueryToString_dbTestRunner_testRunner.java:374)
	at org.finos.legend.pure.generated.core_relational_relational_sqlQueryToString_dbTestRunner_dynaFunctionTestRunner.Root_meta_relational_dbTestRunner_runDynaFunctionDatabaseTest_DynaFunction_1__Literal_$1_MANY$__Function_$0_1$__DbTestConfig_1__Boolean_1_(core_relational_relational_sqlQueryToString_dbTestRunner_dynaFunctionTestRunner.java:64)
	at org.finos.legend.pure.generated.core_relational_relational_sqlQueryToString_dbTestRunner_dynaFunctionTestRunner.Root_meta_relational_dbTestRunner_runDynaFunctionDatabaseTest_DynaFunction_1__Literal_$1_MANY$__DbTestConfig_1__Boolean_1_(core_relational_relational_sqlQueryToString_dbTestRunner_dynaFunctionTestRunner.java:58)
	at org.finos.legend.pure.generated.core_relational_relational_sqlQueryToString_testSuite_dynaFunctions_date.Root_meta_relational_tests_dbSpecificTests_sqlQueryTests_dynaFunctions_minute_testminute_DbTestConfig_1__Boolean_1_(core_relational_relational_sqlQueryToString_testSuite_dynaFunctions_date.java:81)
	at java.base/jdk.internal.reflect.NativeMethodAccessorImpl.invoke0(Native Method)
	at java.base/jdk.internal.reflect.NativeMethodAccessorImpl.invoke(NativeMethodAccessorImpl.java:62)
	at java.base/jdk.internal.reflect.DelegatingMethodAccessorImpl.invoke(DelegatingMethodAccessorImpl.java:43)
	at java.base/java.lang.reflect.Method.invoke(Method.java:566)
	at org.finos.legend.pure.runtime.java.compiled.testHelper.PureTestBuilderCompiled.executeFn(PureTestBuilderCompiled.java:113)
	at org.finos.legend.pure.runtime.java.compiled.testHelper.PureTestBuilderCompiled.lambda$buildSuite$0(PureTestBuilderCompiled.java:79)
	at org.finos.legend.pure.m3.execution.test.PureTestBuilder$PureTestCase.runTest(PureTestBuilder.java:95)
	at junit.framework.TestCase.runBare(TestCase.java:142)
	at org.finos.legend.engine.server.test.shared.Relational_DbSpecific_UsingPureClientTestSuite$2.runTest(Relational_DbSpecific_UsingPureClientTestSuite.java:90)
	at junit.framework.TestCase.runBare(TestCase.java:142)
	at junit.framework.TestResult$1.protect(TestResult.java:122)
	at junit.framework.TestResult.runProtected(TestResult.java:142)
	at junit.framework.TestResult.run(TestResult.java:125)
	at junit.framework.TestCase.run(TestCase.java:130)
	at junit.framework.TestSuite.runTest(TestSuite.java:241)
	at junit.framework.TestSuite.run(TestSuite.java:236)
	at junit.framework.TestSuite.runTest(TestSuite.java:241)
	at junit.framework.TestSuite.run(TestSuite.java:236)
	at junit.framework.TestSuite.runTest(TestSuite.java:241)
	at junit.framework.TestSuite.run(TestSuite.java:236)
	at junit.framework.TestSuite.runTest(TestSuite.java:241)
	at junit.framework.TestSuite.run(TestSuite.java:236)
	at junit.framework.TestSuite.runTest(TestSuite.java:241)
	at junit.framework.TestSuite.run(TestSuite.java:236)
	at junit.extensions.TestDecorator.basicRun(TestDecorator.java:24)
	at junit.extensions.TestSetup$1.protect(TestSetup.java:23)
	at junit.framework.TestResult.runProtected(TestResult.java:142)
	at junit.extensions.TestSetup.run(TestSetup.java:27)
	at org.junit.internal.runners.JUnit38ClassRunner.run(JUnit38ClassRunner.java:90)
	at org.apache.maven.surefire.junit4.JUnit4Provider.execute(JUnit4Provider.java:365)
	at org.apache.maven.surefire.junit4.JUnit4Provider.executeWithRerun(JUnit4Provider.java:273)
	at org.apache.maven.surefire.junit4.JUnit4Provider.executeTestSet(JUnit4Provider.java:238)
	at org.apache.maven.surefire.junit4.JUnit4Provider.invoke(JUnit4Provider.java:159)
	at org.apache.maven.surefire.booter.ForkedBooter.invokeProviderInSameClassLoader(ForkedBooter.java:384)
	at org.apache.maven.surefire.booter.ForkedBooter.runSuitesInProcess(ForkedBooter.java:345)
	at org.apache.maven.surefire.booter.ForkedBooter.execute(ForkedBooter.java:126)
	at org.apache.maven.surefire.booter.ForkedBooter.main(ForkedBooter.java:418)
]]></error>
    <system-out><![CDATA[Running db test dynaFunctions::minute::testminute
{"duration":0.0,"eventType":"EXECUTION_PLAN_EXEC_ERROR","info":{"code":-1,"message":"SnowflakeSQLException: SQL compilation error:\nFunction EXTRACT does not support VARCHAR(19) argument type","status":"error","trace":"java.lang.RuntimeException: net.snowflake.client.jdbc.SnowflakeSQLException: SQL compilation error:\nFunction EXTRACT does not support VARCHAR(19) argument type\n\tat org.finos.legend.engine.plan.execution.stores.relational.result.SQLExecutionResult.<init>(SQLExecutionResult.java:123)\n\tat org.finos.legend.engine.plan.execution.stores.relational.RelationalExecutor.execute(RelationalExecutor.java:241)\n\tat org.finos.legend.engine.plan.execution.stores.relational.plugin.RelationalExecutionNodeExecutor.visit(RelationalExecutionNodeExecutor.java:238)\n\tat org.finos.legend.engine.plan.execution.stores.relational.plugin.RelationalExecutionNodeExecutor.visit(RelationalExecutionNodeExecutor.java:346)\n\tat org.finos.legend.engine.plan.execution.stores.relational.plugin.RelationalExecutionNodeExecutor.visit(RelationalExecutionNodeExecutor.java:92)\n\tat org.finos.legend.engine.protocol.pure.v1.model.executionPlan.nodes.RelationalDataTypeInstantiationExecutionNode.accept(RelationalDataTypeInstantiationExecutionNode.java:22)\n\tat org.finos.legend.engine.plan.execution.stores.relational.RelationalExecutionExtension.lambda$getExtraNodeExecutors$fbe53481$1(RelationalExecutionExtension.java:50)\n\tat org.finos.legend.engine.plan.execution.nodes.ExecutionNodeExecutor.lambda$visit$0(ExecutionNodeExecutor.java:164)\n\tat java.base/java.util.stream.ReferencePipeline$3$1.accept(ReferencePipeline.java:195)\n\tat java.base/java.util.Spliterators$ArraySpliterator.tryAdvance(Spliterators.java:958)\n\tat java.base/java.util.stream.ReferencePipeline.forEachWithCancel(ReferencePipeline.java:127)\n\tat java.base/java.util.stream.AbstractPipeline.copyIntoWithCancel(AbstractPipeline.java:502)\n\tat java.base/java.util.stream.AbstractPipeline.copyInto(AbstractPipeline.java:488)\n\tat java.base/java.util.stream.AbstractPipeline.wrapAndCopyInto(AbstractPipeline.java:474)\n\tat java.base/java.util.stream.FindOps$FindOp.evaluateSequential(FindOps.java:150)\n\tat java.base/java.util.stream.AbstractPipeline.evaluate(AbstractPipeline.java:234)\n\tat java.base/java.util.stream.ReferencePipeline.findFirst(ReferencePipeline.java:543)\n\tat org.finos.legend.engine.plan.execution.nodes.ExecutionNodeExecutor.visit(ExecutionNodeExecutor.java:164)\n\tat org.finos.legend.engine.plan.execution.nodes.ExecutionNodeExecutor.visit(ExecutionNodeExecutor.java:107)\n\tat org.finos.legend.engine.protocol.pure.v1.model.executionPlan.nodes.RelationalDataTypeInstantiationExecutionNode.accept(RelationalDataTypeInstantiationExecutionNode.java:22)\n\tat org.finos.legend.engine.plan.execution.PlanExecutor.execute(PlanExecutor.java:238)\n\tat org.finos.legend.engine.plan.execution.PlanExecutor.execute(PlanExecutor.java:225)\n\tat org.finos.legend.engine.plan.execution.api.ExecutePlan.doExecutePlanLegacy(ExecutePlan.java:102)\n\tat org.finos.legend.engine.plan.execution.api.ExecutePlan.doExecutePlan(ExecutePlan.java:84)\n\tat org.finos.legend.engine.plan.execution.api.ExecutePlanLegacy.executePlan(ExecutePlanLegacy.java:56)\n\tat jdk.internal.reflect.GeneratedMethodAccessor100.invoke(Unknown Source)\n\tat java.base/jdk.internal.reflect.DelegatingMethodAccessorImpl.invoke(DelegatingMethodAccessorImpl.java:43)\n\tat java.base/java.lang.reflect.Method.invoke(Method.java:566)\n\tat org.glassfish.jersey.server.model.internal.ResourceMethodInvocationHandlerFactory$1.invoke(ResourceMethodInvocationHandlerFactory.java:81)\n\tat org.glassfish.jersey.server.model.internal.AbstractJavaResourceMethodDispatcher$1.run(AbstractJavaResourceMethodDispatcher.java:144)\n\tat org.glassfish.jersey.server.model.internal.AbstractJavaResourceMethodDispatcher.invoke(AbstractJavaResourceMethodDispatcher.java:161)\n\tat org.glassfish.jersey.server.model.internal.JavaResourceMethodDispatcherProvider$ResponseOutInvoker.doDispatch(JavaResourceMethodDispatcherProvider.java:160)\n\tat org.glassfish.jersey.server.model.internal.AbstractJavaResourceMethodDispatcher.dispatch(AbstractJavaResourceMethodDispatcher.java:99)\n\tat org.glassfish.jersey.server.model.ResourceMethodInvoker.invoke(ResourceMethodInvoker.java:389)\n\tat org.glassfish.jersey.server.model.ResourceMethodInvoker.apply(ResourceMethodInvoker.java:347)\n\tat org.glassfish.jersey.server.model.ResourceMethodInvoker.apply(ResourceMethodInvoker.java:102)\n\tat org.glassfish.jersey.server.ServerRuntime$2.run(ServerRuntime.java:326)\n\tat org.glassfish.jersey.internal.Errors$1.call(Errors.java:271)\n\tat org.glassfish.jersey.internal.Errors$1.call(Errors.java:267)\n\tat org.glassfish.jersey.internal.Errors.process(Errors.java:315)\n\tat org.glassfish.jersey.internal.Errors.process(Errors.java:297)\n\tat org.glassfish.jersey.internal.Errors.process(Errors.java:267)\n\tat org.glassfish.jersey.process.internal.RequestScope.runInScope(RequestScope.java:317)\n\tat org.glassfish.jersey.server.ServerRuntime.process(ServerRuntime.java:305)\n\tat org.glassfish.jersey.server.ApplicationHandler.handle(ApplicationHandler.java:1154)\n\tat org.glassfish.jersey.servlet.WebComponent.serviceImpl(WebComponent.java:473)\n\tat org.glassfish.jersey.servlet.WebComponent.service(WebComponent.java:427)\n\tat org.glassfish.jersey.servlet.ServletContainer.service(ServletContainer.java:388)\n\tat org.glassfish.jersey.servlet.ServletContainer.service(ServletContainer.java:341)\n\tat org.glassfish.jersey.servlet.ServletContainer.service(ServletContainer.java:228)\n\tat org.eclipse.jetty.servlet.ServletHolder.handle(ServletHolder.java:799)\n\tat org.eclipse.jetty.servlet.ServletHandler$ChainEnd.doFilter(ServletHandler.java:1631)\n\tat io.dropwizard.servlets.ThreadNameFilter.doFilter(ThreadNameFilter.java:35)\n\tat org.eclipse.jetty.servlet.FilterHolder.doFilter(FilterHolder.java:193)\n\tat org.eclipse.jetty.servlet.ServletHandler$Chain.doFilter(ServletHandler.java:1601)\n\tat io.dropwizard.jersey.filter.AllowedMethodsFilter.handle(AllowedMethodsFilter.java:45)\n\tat io.dropwizard.jersey.filter.AllowedMethodsFilter.doFilter(AllowedMethodsFilter.java:39)\n\tat org.eclipse.jetty.servlet.FilterHolder.doFilter(FilterHolder.java:193)\n\tat org.eclipse.jetty.servlet.ServletHandler$Chain.doFilter(ServletHandler.java:1601)\n\tat org.finos.legend.server.pac4j.internal.UsernameFilter.doFilter(UsernameFilter.java:51)\n\tat org.eclipse.jetty.servlet.FilterHolder.doFilter(FilterHolder.java:193)\n\tat org.eclipse.jetty.servlet.ServletHandler$Chain.doFilter(ServletHandler.java:1601)\n\tat org.pac4j.j2e.filter.SecurityFilter.lambda$internalFilter$0(SecurityFilter.java:95)\n\tat org.pac4j.core.engine.DefaultSecurityLogic.perform(DefaultSecurityLogic.java:140)\n\tat org.pac4j.j2e.filter.SecurityFilter.internalFilter(SecurityFilter.java:93)\n\tat org.pac4j.j2e.filter.AbstractConfigFilter.doFilter(AbstractConfigFilter.java:81)\n\tat org.eclipse.jetty.servlet.FilterHolder.doFilter(FilterHolder.java:193)\n\tat org.eclipse.jetty.servlet.ServletHandler$Chain.doFilter(ServletHandler.java:1601)\n\tat org.eclipse.jetty.servlet.ServletHandler.doHandle(ServletHandler.java:548)\n\tat org.eclipse.jetty.server.handler.ScopedHandler.nextHandle(ScopedHandler.java:233)\n\tat org.eclipse.jetty.server.session.SessionHandler.doHandle(SessionHandler.java:1624)\n\tat org.eclipse.jetty.server.handler.ScopedHandler.nextHandle(ScopedHandler.java:233)\n\tat org.eclipse.jetty.server.handler.ContextHandler.doHandle(ContextHandler.java:1434)\n\tat org.eclipse.jetty.server.handler.ScopedHandler.nextScope(ScopedHandler.java:188)\n\tat org.eclipse.jetty.servlet.ServletHandler.doScope(ServletHandler.java:501)\n\tat org.eclipse.jetty.server.session.SessionHandler.doScope(SessionHandler.java:1594)\n\tat org.eclipse.jetty.server.handler.ScopedHandler.nextScope(ScopedHandler.java:186)\n\tat org.eclipse.jetty.server.handler.ContextHandler.doScope(ContextHandler.java:1349)\n\tat org.eclipse.jetty.server.handler.ScopedHandler.handle(ScopedHandler.java:141)\n\tat org.eclipse.jetty.server.handler.HandlerWrapper.handle(HandlerWrapper.java:127)\n\tat com.codahale.metrics.jetty9.InstrumentedHandler.handle(InstrumentedHandler.java:313)\n\tat io.dropwizard.jetty.ContextRoutingHandler.handle(ContextRoutingHandler.java:37)\n\tat org.eclipse.jetty.server.handler.gzip.GzipHandler.handle(GzipHandler.java:713)\n\tat io.dropwizard.jetty.BiDiGzipHandler.handle(BiDiGzipHandler.java:67)\n\tat org.eclipse.jetty.server.handler.StatisticsHandler.handle(StatisticsHandler.java:179)\n\tat org.eclipse.jetty.server.handler.HandlerWrapper.handle(HandlerWrapper.java:127)\n\tat org.eclipse.jetty.server.Server.handle(Server.java:516)\n\tat org.eclipse.jetty.server.HttpChannel.lambda$handle$1(HttpChannel.java:400)\n\tat org.eclipse.jetty.server.HttpChannel.dispatch(HttpChannel.java:645)\n\tat org.eclipse.jetty.server.HttpChannel.handle(HttpChannel.java:392)\n\tat org.eclipse.jetty.server.HttpConnection.onFillable(HttpConnection.java:277)\n\tat org.eclipse.jetty.io.AbstractConnection$ReadCallback.succeeded(AbstractConnection.java:311)\n\tat org.eclipse.jetty.io.FillInterest.fillable(FillInterest.java:105)\n\tat org.eclipse.jetty.io.ChannelEndPoint$1.run(ChannelEndPoint.java:104)\n\tat org.eclipse.jetty.util.thread.strategy.EatWhatYouKill.runTask(EatWhatYouKill.java:338)\n\tat org.eclipse.jetty.util.thread.strategy.EatWhatYouKill.doProduce(EatWhatYouKill.java:315)\n\tat org.eclipse.jetty.util.thread.strategy.EatWhatYouKill.tryProduce(EatWhatYouKill.java:173)\n\tat org.eclipse.jetty.util.thread.strategy.EatWhatYouKill.run(EatWhatYouKill.java:131)\n\tat org.eclipse.jetty.util.thread.ReservedThreadExecutor$ReservedThread.run(ReservedThreadExecutor.java:409)\n\tat org.eclipse.jetty.util.thread.QueuedThreadPool.runJob(QueuedThreadPool.java:883)\n\tat org.eclipse.jetty.util.thread.QueuedThreadPool$Runner.run(QueuedThreadPool.java:1034)\n\tat java.base/java.lang.Thread.run(Thread.java:829)\nCaused by: net.snowflake.client.jdbc.SnowflakeSQLException: SQL compilation error:\nFunction EXTRACT does not support VARCHAR(19) argument type\n\tat net.snowflake.client.jdbc.SnowflakeUtil.checkErrorAndThrowExceptionSub(SnowflakeUtil.java:127)\n\tat net.snowflake.client.jdbc.SnowflakeUtil.checkErrorAndThrowException(SnowflakeUtil.java:67)\n\tat net.snowflake.client.core.StmtUtil.pollForOutput(StmtUtil.java:442)\n\tat net.snowflake.client.core.StmtUtil.execute(StmtUtil.java:345)\n\tat net.snowflake.client.core.SFStatement.executeHelper(SFStatement.java:486)\n\tat net.snowflake.client.core.SFStatement.executeQueryInternal(SFStatement.java:197)\n\tat net.snowflake.client.core.SFStatement.executeQuery(SFStatement.java:134)\n\tat net.snowflake.client.core.SFStatement.execute(SFStatement.java:743)\n\tat net.snowflake.client.core.SFStatement.execute(SFStatement.java:639)\n\tat net.snowflake.client.jdbc.SnowflakeStatementV1.executeQueryInternal(SnowflakeStatementV1.java:238)\n\tat net.snowflake.client.jdbc.SnowflakeStatementV1.executeQuery(SnowflakeStatementV1.java:133)\n\tat com.zaxxer.hikari.pool.ProxyStatement.executeQuery(ProxyStatement.java:110)\n\tat com.zaxxer.hikari.pool.HikariProxyStatement.executeQuery(HikariProxyStatement.java)\n\tat org.finos.legend.engine.plan.execution.stores.relational.result.SQLExecutionResult.<init>(SQLExecutionResult.java:95)\n\t... 101 more\n"},"mode":"DEV","timeStamp":"2023-02-23 01:30:59.540","user":"_UNKNOWN_"}
| **dynaFunctions::minute::testminute** | failing :x: |
]]></system-out>
  </testcase>
  <testcase name="testIntDivisible[Snowflake]" classname="org.finos.legend.engine.server.test.shared.Relational_DbSpecific_UsingPureClientTestSuite$2" time="0.2"/>
  <testcase name="testIntDivisible[Snowflake]" classname="org.finos.legend.engine.server.test.shared.Relational_DbSpecific_UsingPureClientTestSuite$2" time="0.142"/>
  <testcase name="testIntNonDivisible[Snowflake]" classname="org.finos.legend.engine.server.test.shared.Relational_DbSpecific_UsingPureClientTestSuite$2" time="0.164"/>
  <testcase name="testIntNonDivisible[Snowflake]" classname="org.finos.legend.engine.server.test.shared.Relational_DbSpecific_UsingPureClientTestSuite$2" time="0.123"/>
  <testcase name="testMonthNumber[Snowflake]" classname="org.finos.legend.engine.server.test.shared.Relational_DbSpecific_UsingPureClientTestSuite$2" time="0.18">
    <error message="Assert failure at (resource:/platform/pure/basics/tests/assertEq.pure line:34 column:5), &quot;500 &apos;{&quot;code&quot;:-1,&quot;message&quot;:&quot;SnowflakeSQLException: SQL compilation error:&#10;Function EXTRACT does not support VARCHAR(19) argument type&quot;,&quot;status&quot;:&quot;error&quot;,&quot;trace&quot;:&quot;java.lang.RuntimeException: net.snowflake.client.jdbc.SnowflakeSQLException: SQL compilation error:&#10;Function EXTRACT does not support VARCHAR(19) argument type&#10;at org.finos.legend.engine.plan.execution.stores.relational.result.SQLExecutionResult.&lt;init&gt;(SQLExecutionResult.java:123)&#10;at org.finos.legend.engine.plan.execution.stores.relational.RelationalExecutor.execute(RelationalExecutor.java:241)&#10;at org.finos.legend.engine.plan.execution.stores.relational.plugin.RelationalExecutionNodeExecutor.visit(RelationalExecutionNodeExecutor.java:238)&#10;at org.finos.legend.engine.plan.execution.stores.relational.plugin.RelationalExecutionNodeExecutor.visit(RelationalExecutionNodeExecutor.java:346)&#10;at org.finos.legend.engine.plan.execution.stores.relational.plugin.RelationalExecutionNodeExecutor.visit(RelationalExecutionNodeExecutor.java:92)&#10;at org.finos.legend.engine.protocol.pure.v1.model.executionPlan.nodes.RelationalDataTypeInstantiationExecutionNode.accept(RelationalDataTypeInstantiationExecutionNode.java:22)&#10;at org.finos.legend.engine.plan.execution.stores.relational.RelationalExecutionExtension.lambda$getExtraNodeExecutors$fbe53481$1(RelationalExecutionExtension.java:50)&#10;at org.finos.legend.engine.plan.execution.nodes.ExecutionNodeExecutor.lambda$visit$0(ExecutionNodeExecutor.java:164)&#10;at java.base/java.util.stream.ReferencePipeline$3$1.accept(ReferencePipeline.java:195)&#10;at java.base/java.util.Spliterators$ArraySpliterator.tryAdvance(Spliterators.java:958)&#10;at java.base/java.util.stream.ReferencePipeline.forEachWithCancel(ReferencePipeline.java:127)&#10;at java.base/java.util.stream.AbstractPipeline.copyIntoWithCancel(AbstractPipeline.java:502)&#10;at java.base/java.util.stream.AbstractPipeline.copyInto(AbstractPipeline.java:488)&#10;at java.base/java.util.stream.AbstractPipeline.wrapAndCopyInto(AbstractPipeline.java:474)&#10;at java.base/java.util.stream.FindOps$FindOp.evaluateSequential(FindOps.java:150)&#10;at java.base/java.util.stream.AbstractPipeline.evaluate(AbstractPipeline.java:234)&#10;at java.base/java.util.stream.ReferencePipeline.findFirst(ReferencePipeline.java:543)&#10;at org.finos.legend.engine.plan.execution.nodes.ExecutionNodeExecutor.visit(ExecutionNodeExecutor.java:164)&#10;at org.finos.legend.engine.plan.execution.nodes.ExecutionNodeExecutor.visit(ExecutionNodeExecutor.java:107)&#10;at org.finos.legend.engine.protocol.pure.v1.model.executionPlan.nodes.RelationalDataTypeInstantiationExecutionNode.accept(RelationalDataTypeInstantiationExecutionNode.java:22)&#10;at org.finos.legend.engine.plan.execution.PlanExecutor.execute(PlanExecutor.java:238)&#10;at org.finos.legend.engine.plan.execution.PlanExecutor.execute(PlanExecutor.java:225)&#10;at org.finos.legend.engine.plan.execution.api.ExecutePlan.doExecutePlanLegacy(ExecutePlan.java:102)&#10;at org.finos.legend.engine.plan.execution.api.ExecutePlan.doExecutePlan(ExecutePlan.java:84)&#10;at org.finos.legend.engine.plan.execution.api.ExecutePlanLegacy.executePlan(ExecutePlanLegacy.java:56)&#10;at jdk.internal.reflect.GeneratedMethodAccessor100.invoke(Unknown Source)&#10;at java.base/jdk.internal.reflect.DelegatingMethodAccessorImpl.invoke(DelegatingMethodAccessorImpl.java:43)&#10;at java.base/java.lang.reflect.Method.invoke(Method.java:566)&#10;at org.glassfish.jersey.server.model.internal.ResourceMethodInvocationHandlerFactory$1.invoke(ResourceMethodInvocationHandlerFactory.java:81)&#10;at org.glassfish.jersey.server.model.internal.AbstractJavaResourceMethodDispatcher$1.run(AbstractJavaResourceMethodDispatcher.java:144)&#10;at org.glassfish.jersey.server.model.internal.AbstractJavaResourceMethodDispatcher.invoke(AbstractJavaResourceMethodDispatcher.java:161)&#10;at org.glassfish.jersey.server.model.internal.JavaResourceMethodDispatcherProvider$ResponseOutInvoker.doDispatch(JavaResourceMethodDispatcherProvider.java:160)&#10;at org.glassfish.jersey.server.model.internal.AbstractJavaResourceMethodDispatcher.dispatch(AbstractJavaResourceMethodDispatcher.java:99)&#10;at org.glassfish.jersey.server.model.ResourceMethodInvoker.invoke(ResourceMethodInvoker.java:389)&#10;at org.glassfish.jersey.server.model.ResourceMethodInvoker.apply(ResourceMethodInvoker.java:347)&#10;at org.glassfish.jersey.server.model.ResourceMethodInvoker.apply(ResourceMethodInvoker.java:102)&#10;at org.glassfish.jersey.server.ServerRuntime$2.run(ServerRuntime.java:326)&#10;at org.glassfish.jersey.internal.Errors$1.call(Errors.java:271)&#10;at org.glassfish.jersey.internal.Errors$1.call(Errors.java:267)&#10;at org.glassfish.jersey.internal.Errors.process(Errors.java:315)&#10;at org.glassfish.jersey.internal.Errors.process(Errors.java:297)&#10;at org.glassfish.jersey.internal.Errors.process(Errors.java:267)&#10;at org.glassfish.jersey.process.internal.RequestScope.runInScope(RequestScope.java:317)&#10;at org.glassfish.jersey.server.ServerRuntime.process(ServerRuntime.java:305)&#10;at org.glassfish.jersey.server.ApplicationHandler.handle(ApplicationHandler.java:1154)&#10;at org.glassfish.jersey.servlet.WebComponent.serviceImpl(WebComponent.java:473)&#10;at org.glassfish.jersey.servlet.WebComponent.service(WebComponent.java:427)&#10;at org.glassfish.jersey.servlet.ServletContainer.service(ServletContainer.java:388)&#10;at org.glassfish.jersey.servlet.ServletContainer.service(ServletContainer.java:341)&#10;at org.glassfish.jersey.servlet.ServletContainer.service(ServletContainer.java:228)&#10;at org.eclipse.jetty.servlet.ServletHolder.handle(ServletHolder.java:799)&#10;at org.eclipse.jetty.servlet.ServletHandler$ChainEnd.doFilter(ServletHandler.java:1631)&#10;at io.dropwizard.servlets.ThreadNameFilter.doFilter(ThreadNameFilter.java:35)&#10;at org.eclipse.jetty.servlet.FilterHolder.doFilter(FilterHolder.java:193)&#10;at org.eclipse.jetty.servlet.ServletHandler$Chain.doFilter(ServletHandler.java:1601)&#10;at io.dropwizard.jersey.filter.AllowedMethodsFilter.handle(AllowedMethodsFilter.java:45)&#10;at io.dropwizard.jersey.filter.AllowedMethodsFilter.doFilter(AllowedMethodsFilter.java:39)&#10;at org.eclipse.jetty.servlet.FilterHolder.doFilter(FilterHolder.java:193)&#10;at org.eclipse.jetty.servlet.ServletHandler$Chain.doFilter(ServletHandler.java:1601)&#10;at org.finos.legend.server.pac4j.internal.UsernameFilter.doFilter(UsernameFilter.java:51)&#10;at org.eclipse.jetty.servlet.FilterHolder.doFilter(FilterHolder.java:193)&#10;at org.eclipse.jetty.servlet.ServletHandler$Chain.doFilter(ServletHandler.java:1601)&#10;at org.pac4j.j2e.filter.SecurityFilter.lambda$internalFilter$0(SecurityFilter.java:95)&#10;at org.pac4j.core.engine.DefaultSecurityLogic.perform(DefaultSecurityLogic.java:140)&#10;at org.pac4j.j2e.filter.SecurityFilter.internalFilter(SecurityFilter.java:93)&#10;at org.pac4j.j2e.filter.AbstractConfigFilter.doFilter(AbstractConfigFilter.java:81)&#10;at org.eclipse.jetty.servlet.FilterHolder.doFilter(FilterHolder.java:193)&#10;at org.eclipse.jetty.servlet.ServletHandler$Chain.doFilter(ServletHandler.java:1601)&#10;at org.eclipse.jetty.servlet.ServletHandler.doHandle(ServletHandler.java:548)&#10;at org.eclipse.jetty.server.handler.ScopedHandler.nextHandle(ScopedHandler.java:233)&#10;at org.eclipse.jetty.server.session.SessionHandler.doHandle(SessionHandler.java:1624)&#10;at org.eclipse.jetty.server.handler.ScopedHandler.nextHandle(ScopedHandler.java:233)&#10;at org.eclipse.jetty.server.handler.ContextHandler.doHandle(ContextHandler.java:1434)&#10;at org.eclipse.jetty.server.handler.ScopedHandler.nextScope(ScopedHandler.java:188)&#10;at org.eclipse.jetty.servlet.ServletHandler.doScope(ServletHandler.java:501)&#10;at org.eclipse.jetty.server.session.SessionHandler.doScope(SessionHandler.java:1594)&#10;at org.eclipse.jetty.server.handler.ScopedHandler.nextScope(ScopedHandler.java:186)&#10;at org.eclipse.jetty.server.handler.ContextHandler.doScope(ContextHandler.java:1349)&#10;at org.eclipse.jetty.server.handler.ScopedHandler.handle(ScopedHandler.java:141)&#10;at org.eclipse.jetty.server.handler.HandlerWrapper.handle(HandlerWrapper.java:127)&#10;at com.codahale.metrics.jetty9.InstrumentedHandler.handle(InstrumentedHandler.java:313)&#10;at io.dropwizard.jetty.ContextRoutingHandler.handle(ContextRoutingHandler.java:37)&#10;at org.eclipse.jetty.server.handler.gzip.GzipHandler.handle(GzipHandler.java:713)&#10;at io.dropwizard.jetty.BiDiGzipHandler.handle(BiDiGzipHandler.java:67)&#10;at org.eclipse.jetty.server.handler.StatisticsHandler.handle(StatisticsHandler.java:179)&#10;at org.eclipse.jetty.server.handler.HandlerWrapper.handle(HandlerWrapper.java:127)&#10;at org.eclipse.jetty.server.Server.handle(Server.java:516)&#10;at org.eclipse.jetty.server.HttpChannel.lambda$handle$1(HttpChannel.java:400)&#10;at org.eclipse.jetty.server.HttpChannel.dispatch(HttpChannel.java:645)&#10;at org.eclipse.jetty.server.HttpChannel.handle(HttpChannel.java:392)&#10;at org.eclipse.jetty.server.HttpConnection.onFillable(HttpConnection.java:277)&#10;at org.eclipse.jetty.io.AbstractConnection$ReadCallback.succeeded(AbstractConnection.java:311)&#10;at org.eclipse.jetty.io.FillInterest.fillable(FillInterest.java:105)&#10;at org.eclipse.jetty.io.ChannelEndPoint$1.run(ChannelEndPoint.java:104)&#10;at org.eclipse.jetty.util.thread.strategy.EatWhatYouKill.runTask(EatWhatYouKill.java:338)&#10;at org.eclipse.jetty.util.thread.strategy.EatWhatYouKill.doProduce(EatWhatYouKill.java:315)&#10;at org.eclipse.jetty.util.thread.strategy.EatWhatYouKill.tryProduce(EatWhatYouKill.java:173)&#10;at org.eclipse.jetty.util.thread.strategy.EatWhatYouKill.run(EatWhatYouKill.java:131)&#10;at org.eclipse.jetty.util.thread.ReservedThreadExecutor$ReservedThread.run(ReservedThreadExecutor.java:409)&#10;at org.eclipse.jetty.util.thread.QueuedThreadPool.runJob(QueuedThreadPool.java:883)&#10;at org.eclipse.jetty.util.thread.QueuedThreadPool$Runner.run(QueuedThreadPool.java:1034)&#10;at java.base/java.lang.Thread.run(Thread.java:829)&#10;Caused by: net.snowflake.client.jdbc.SnowflakeSQLException: SQL compilation error:&#10;Function EXTRACT does not support VARCHAR(19) argument type&#10;at net.snowflake.client.jdbc.SnowflakeUtil.checkErrorAndThrowExceptionSub(SnowflakeUtil.java:127)&#10;at net.snowflake.client.jdbc.SnowflakeUtil.checkErrorAndThrowException(SnowflakeUtil.java:67)&#10;at net.snowflake.client.core.StmtUtil.pollForOutput(StmtUtil.java:442)&#10;at net.snowflake.client.core.StmtUtil.execute(StmtUtil.java:345)&#10;at net.snowflake.client.core.SFStatement.executeHelper(SFStatement.java:486)&#10;at net.snowflake.client.core.SFStatement.executeQueryInternal(SFStatement.java:197)&#10;at net.snowflake.client.core.SFStatement.executeQuery(SFStatement.java:134)&#10;at net.snowflake.client.core.SFStatement.execute(SFStatement.java:743)&#10;at net.snowflake.client.core.SFStatement.execute(SFStatement.java:639)&#10;at net.snowflake.client.jdbc.SnowflakeStatementV1.executeQueryInternal(SnowflakeStatementV1.java:238)&#10;at net.snowflake.client.jdbc.SnowflakeStatementV1.executeQuery(SnowflakeStatementV1.java:133)&#10;at com.zaxxer.hikari.pool.ProxyStatement.executeQuery(ProxyStatement.java:110)&#10;at com.zaxxer.hikari.pool.HikariProxyStatement.executeQuery(HikariProxyStatement.java)&#10;at org.finos.legend.engine.plan.execution.stores.relational.result.SQLExecutionResult.&lt;init&gt;(SQLExecutionResult.java:95)&#10;... 101 more&#10;&quot;}&apos;&quot;" type="Assert failure at (resource"><![CDATA[Assert failure at (resource:/platform/pure/basics/tests/assertEq.pure line:34 column:5), "500 '{"code":-1,"message":"SnowflakeSQLException: SQL compilation error:
Function EXTRACT does not support VARCHAR(19) argument type","status":"error","trace":"java.lang.RuntimeException: net.snowflake.client.jdbc.SnowflakeSQLException: SQL compilation error:
Function EXTRACT does not support VARCHAR(19) argument type
at org.finos.legend.engine.plan.execution.stores.relational.result.SQLExecutionResult.<init>(SQLExecutionResult.java:123)
at org.finos.legend.engine.plan.execution.stores.relational.RelationalExecutor.execute(RelationalExecutor.java:241)
at org.finos.legend.engine.plan.execution.stores.relational.plugin.RelationalExecutionNodeExecutor.visit(RelationalExecutionNodeExecutor.java:238)
at org.finos.legend.engine.plan.execution.stores.relational.plugin.RelationalExecutionNodeExecutor.visit(RelationalExecutionNodeExecutor.java:346)
at org.finos.legend.engine.plan.execution.stores.relational.plugin.RelationalExecutionNodeExecutor.visit(RelationalExecutionNodeExecutor.java:92)
at org.finos.legend.engine.protocol.pure.v1.model.executionPlan.nodes.RelationalDataTypeInstantiationExecutionNode.accept(RelationalDataTypeInstantiationExecutionNode.java:22)
at org.finos.legend.engine.plan.execution.stores.relational.RelationalExecutionExtension.lambda$getExtraNodeExecutors$fbe53481$1(RelationalExecutionExtension.java:50)
at org.finos.legend.engine.plan.execution.nodes.ExecutionNodeExecutor.lambda$visit$0(ExecutionNodeExecutor.java:164)
at java.base/java.util.stream.ReferencePipeline$3$1.accept(ReferencePipeline.java:195)
at java.base/java.util.Spliterators$ArraySpliterator.tryAdvance(Spliterators.java:958)
at java.base/java.util.stream.ReferencePipeline.forEachWithCancel(ReferencePipeline.java:127)
at java.base/java.util.stream.AbstractPipeline.copyIntoWithCancel(AbstractPipeline.java:502)
at java.base/java.util.stream.AbstractPipeline.copyInto(AbstractPipeline.java:488)
at java.base/java.util.stream.AbstractPipeline.wrapAndCopyInto(AbstractPipeline.java:474)
at java.base/java.util.stream.FindOps$FindOp.evaluateSequential(FindOps.java:150)
at java.base/java.util.stream.AbstractPipeline.evaluate(AbstractPipeline.java:234)
at java.base/java.util.stream.ReferencePipeline.findFirst(ReferencePipeline.java:543)
at org.finos.legend.engine.plan.execution.nodes.ExecutionNodeExecutor.visit(ExecutionNodeExecutor.java:164)
at org.finos.legend.engine.plan.execution.nodes.ExecutionNodeExecutor.visit(ExecutionNodeExecutor.java:107)
at org.finos.legend.engine.protocol.pure.v1.model.executionPlan.nodes.RelationalDataTypeInstantiationExecutionNode.accept(RelationalDataTypeInstantiationExecutionNode.java:22)
at org.finos.legend.engine.plan.execution.PlanExecutor.execute(PlanExecutor.java:238)
at org.finos.legend.engine.plan.execution.PlanExecutor.execute(PlanExecutor.java:225)
at org.finos.legend.engine.plan.execution.api.ExecutePlan.doExecutePlanLegacy(ExecutePlan.java:102)
at org.finos.legend.engine.plan.execution.api.ExecutePlan.doExecutePlan(ExecutePlan.java:84)
at org.finos.legend.engine.plan.execution.api.ExecutePlanLegacy.executePlan(ExecutePlanLegacy.java:56)
at jdk.internal.reflect.GeneratedMethodAccessor100.invoke(Unknown Source)
at java.base/jdk.internal.reflect.DelegatingMethodAccessorImpl.invoke(DelegatingMethodAccessorImpl.java:43)
at java.base/java.lang.reflect.Method.invoke(Method.java:566)
at org.glassfish.jersey.server.model.internal.ResourceMethodInvocationHandlerFactory$1.invoke(ResourceMethodInvocationHandlerFactory.java:81)
at org.glassfish.jersey.server.model.internal.AbstractJavaResourceMethodDispatcher$1.run(AbstractJavaResourceMethodDispatcher.java:144)
at org.glassfish.jersey.server.model.internal.AbstractJavaResourceMethodDispatcher.invoke(AbstractJavaResourceMethodDispatcher.java:161)
at org.glassfish.jersey.server.model.internal.JavaResourceMethodDispatcherProvider$ResponseOutInvoker.doDispatch(JavaResourceMethodDispatcherProvider.java:160)
at org.glassfish.jersey.server.model.internal.AbstractJavaResourceMethodDispatcher.dispatch(AbstractJavaResourceMethodDispatcher.java:99)
at org.glassfish.jersey.server.model.ResourceMethodInvoker.invoke(ResourceMethodInvoker.java:389)
at org.glassfish.jersey.server.model.ResourceMethodInvoker.apply(ResourceMethodInvoker.java:347)
at org.glassfish.jersey.server.model.ResourceMethodInvoker.apply(ResourceMethodInvoker.java:102)
at org.glassfish.jersey.server.ServerRuntime$2.run(ServerRuntime.java:326)
at org.glassfish.jersey.internal.Errors$1.call(Errors.java:271)
at org.glassfish.jersey.internal.Errors$1.call(Errors.java:267)
at org.glassfish.jersey.internal.Errors.process(Errors.java:315)
at org.glassfish.jersey.internal.Errors.process(Errors.java:297)
at org.glassfish.jersey.internal.Errors.process(Errors.java:267)
at org.glassfish.jersey.process.internal.RequestScope.runInScope(RequestScope.java:317)
at org.glassfish.jersey.server.ServerRuntime.process(ServerRuntime.java:305)
at org.glassfish.jersey.server.ApplicationHandler.handle(ApplicationHandler.java:1154)
at org.glassfish.jersey.servlet.WebComponent.serviceImpl(WebComponent.java:473)
at org.glassfish.jersey.servlet.WebComponent.service(WebComponent.java:427)
at org.glassfish.jersey.servlet.ServletContainer.service(ServletContainer.java:388)
at org.glassfish.jersey.servlet.ServletContainer.service(ServletContainer.java:341)
at org.glassfish.jersey.servlet.ServletContainer.service(ServletContainer.java:228)
at org.eclipse.jetty.servlet.ServletHolder.handle(ServletHolder.java:799)
at org.eclipse.jetty.servlet.ServletHandler$ChainEnd.doFilter(ServletHandler.java:1631)
at io.dropwizard.servlets.ThreadNameFilter.doFilter(ThreadNameFilter.java:35)
at org.eclipse.jetty.servlet.FilterHolder.doFilter(FilterHolder.java:193)
at org.eclipse.jetty.servlet.ServletHandler$Chain.doFilter(ServletHandler.java:1601)
at io.dropwizard.jersey.filter.AllowedMethodsFilter.handle(AllowedMethodsFilter.java:45)
at io.dropwizard.jersey.filter.AllowedMethodsFilter.doFilter(AllowedMethodsFilter.java:39)
at org.eclipse.jetty.servlet.FilterHolder.doFilter(FilterHolder.java:193)
at org.eclipse.jetty.servlet.ServletHandler$Chain.doFilter(ServletHandler.java:1601)
at org.finos.legend.server.pac4j.internal.UsernameFilter.doFilter(UsernameFilter.java:51)
at org.eclipse.jetty.servlet.FilterHolder.doFilter(FilterHolder.java:193)
at org.eclipse.jetty.servlet.ServletHandler$Chain.doFilter(ServletHandler.java:1601)
at org.pac4j.j2e.filter.SecurityFilter.lambda$internalFilter$0(SecurityFilter.java:95)
at org.pac4j.core.engine.DefaultSecurityLogic.perform(DefaultSecurityLogic.java:140)
at org.pac4j.j2e.filter.SecurityFilter.internalFilter(SecurityFilter.java:93)
at org.pac4j.j2e.filter.AbstractConfigFilter.doFilter(AbstractConfigFilter.java:81)
at org.eclipse.jetty.servlet.FilterHolder.doFilter(FilterHolder.java:193)
at org.eclipse.jetty.servlet.ServletHandler$Chain.doFilter(ServletHandler.java:1601)
at org.eclipse.jetty.servlet.ServletHandler.doHandle(ServletHandler.java:548)
at org.eclipse.jetty.server.handler.ScopedHandler.nextHandle(ScopedHandler.java:233)
at org.eclipse.jetty.server.session.SessionHandler.doHandle(SessionHandler.java:1624)
at org.eclipse.jetty.server.handler.ScopedHandler.nextHandle(ScopedHandler.java:233)
at org.eclipse.jetty.server.handler.ContextHandler.doHandle(ContextHandler.java:1434)
at org.eclipse.jetty.server.handler.ScopedHandler.nextScope(ScopedHandler.java:188)
at org.eclipse.jetty.servlet.ServletHandler.doScope(ServletHandler.java:501)
at org.eclipse.jetty.server.session.SessionHandler.doScope(SessionHandler.java:1594)
at org.eclipse.jetty.server.handler.ScopedHandler.nextScope(ScopedHandler.java:186)
at org.eclipse.jetty.server.handler.ContextHandler.doScope(ContextHandler.java:1349)
at org.eclipse.jetty.server.handler.ScopedHandler.handle(ScopedHandler.java:141)
at org.eclipse.jetty.server.handler.HandlerWrapper.handle(HandlerWrapper.java:127)
at com.codahale.metrics.jetty9.InstrumentedHandler.handle(InstrumentedHandler.java:313)
at io.dropwizard.jetty.ContextRoutingHandler.handle(ContextRoutingHandler.java:37)
at org.eclipse.jetty.server.handler.gzip.GzipHandler.handle(GzipHandler.java:713)
at io.dropwizard.jetty.BiDiGzipHandler.handle(BiDiGzipHandler.java:67)
at org.eclipse.jetty.server.handler.StatisticsHandler.handle(StatisticsHandler.java:179)
at org.eclipse.jetty.server.handler.HandlerWrapper.handle(HandlerWrapper.java:127)
at org.eclipse.jetty.server.Server.handle(Server.java:516)
at org.eclipse.jetty.server.HttpChannel.lambda$handle$1(HttpChannel.java:400)
at org.eclipse.jetty.server.HttpChannel.dispatch(HttpChannel.java:645)
at org.eclipse.jetty.server.HttpChannel.handle(HttpChannel.java:392)
at org.eclipse.jetty.server.HttpConnection.onFillable(HttpConnection.java:277)
at org.eclipse.jetty.io.AbstractConnection$ReadCallback.succeeded(AbstractConnection.java:311)
at org.eclipse.jetty.io.FillInterest.fillable(FillInterest.java:105)
at org.eclipse.jetty.io.ChannelEndPoint$1.run(ChannelEndPoint.java:104)
at org.eclipse.jetty.util.thread.strategy.EatWhatYouKill.runTask(EatWhatYouKill.java:338)
at org.eclipse.jetty.util.thread.strategy.EatWhatYouKill.doProduce(EatWhatYouKill.java:315)
at org.eclipse.jetty.util.thread.strategy.EatWhatYouKill.tryProduce(EatWhatYouKill.java:173)
at org.eclipse.jetty.util.thread.strategy.EatWhatYouKill.run(EatWhatYouKill.java:131)
at org.eclipse.jetty.util.thread.ReservedThreadExecutor$ReservedThread.run(ReservedThreadExecutor.java:409)
at org.eclipse.jetty.util.thread.QueuedThreadPool.runJob(QueuedThreadPool.java:883)
at org.eclipse.jetty.util.thread.QueuedThreadPool$Runner.run(QueuedThreadPool.java:1034)
at java.base/java.lang.Thread.run(Thread.java:829)
Caused by: net.snowflake.client.jdbc.SnowflakeSQLException: SQL compilation error:
Function EXTRACT does not support VARCHAR(19) argument type
at net.snowflake.client.jdbc.SnowflakeUtil.checkErrorAndThrowExceptionSub(SnowflakeUtil.java:127)
at net.snowflake.client.jdbc.SnowflakeUtil.checkErrorAndThrowException(SnowflakeUtil.java:67)
at net.snowflake.client.core.StmtUtil.pollForOutput(StmtUtil.java:442)
at net.snowflake.client.core.StmtUtil.execute(StmtUtil.java:345)
at net.snowflake.client.core.SFStatement.executeHelper(SFStatement.java:486)
at net.snowflake.client.core.SFStatement.executeQueryInternal(SFStatement.java:197)
at net.snowflake.client.core.SFStatement.executeQuery(SFStatement.java:134)
at net.snowflake.client.core.SFStatement.execute(SFStatement.java:743)
at net.snowflake.client.core.SFStatement.execute(SFStatement.java:639)
at net.snowflake.client.jdbc.SnowflakeStatementV1.executeQueryInternal(SnowflakeStatementV1.java:238)
at net.snowflake.client.jdbc.SnowflakeStatementV1.executeQuery(SnowflakeStatementV1.java:133)
at com.zaxxer.hikari.pool.ProxyStatement.executeQuery(ProxyStatement.java:110)
at com.zaxxer.hikari.pool.HikariProxyStatement.executeQuery(HikariProxyStatement.java)
at org.finos.legend.engine.plan.execution.stores.relational.result.SQLExecutionResult.<init>(SQLExecutionResult.java:95)
... 101 more
"}'"
	at org.finos.legend.pure.runtime.java.compiled.generation.processors.support.CompiledSupport.pureAssert(CompiledSupport.java:1994)
	at org.finos.legend.pure.generated.platform_pure_basics_tests_assertEq.Root_meta_pure_functions_asserts_assertEq_Any_1__Any_1__Function_1__Boolean_1_(platform_pure_basics_tests_assertEq.java:44)
	at org.finos.legend.pure.generated.core_pure_protocol_vX_X_X_invocations_execution.Root_meta_protocols_pure_vX_X_X_invocation_execution_execute_executePlan_String_1__String_1__Integer_1__String_1_(core_pure_protocol_vX_X_X_invocations_execution.java:751)
	at org.finos.legend.pure.generated.core_pure_protocol_vX_X_X_invocations_execution.Root_meta_protocols_pure_vX_X_X_invocation_execution_execute_executePlan_ExecutionPlan_1__String_1__Integer_1__Extension_MANY__String_1_(core_pure_protocol_vX_X_X_invocations_execution.java:745)
	at org.finos.legend.pure.generated.core_pure_protocol_vX_X_X_invocations_execution.Root_meta_protocols_pure_vX_X_X_invocation_execution_execute_executePlan_ExecutionPlan_1__ExecutionContext_$0_1$__String_1__Integer_1__Extension_MANY__Result_1_(core_pure_protocol_vX_X_X_invocations_execution.java:738)
	at jdk.internal.reflect.GeneratedMethodAccessor96.invoke(Unknown Source)
	at java.base/jdk.internal.reflect.DelegatingMethodAccessorImpl.invoke(DelegatingMethodAccessorImpl.java:43)
	at java.base/java.lang.reflect.Method.invoke(Method.java:566)
	at org.finos.legend.pure.runtime.java.compiled.metadata.JavaMethodWithParamsSharedPureFunction.execute(JavaMethodWithParamsSharedPureFunction.java:59)
	at org.finos.legend.pure.runtime.java.compiled.generation.processors.support.Pure._evaluateToMany(Pure.java:546)
	at org.finos.legend.pure.generated.CoreGen.evaluateToMany(CoreGen.java:147)
	at org.finos.legend.pure.generated.CoreGen.evaluateToMany(CoreGen.java:134)
	at org.finos.legend.pure.generated.core_pure_router_router_entry$9$1.value(core_pure_router_router_entry.java:318)
	at org.finos.legend.pure.generated.core_pure_router_router_entry$9$1.execute(core_pure_router_router_entry.java:311)
	at org.finos.legend.pure.generated.core_pure_router_router_entry$9$1.execute(core_pure_router_router_entry.java:307)
	at org.finos.legend.pure.runtime.java.compiled.generation.processors.support.Pure.evaluate(Pure.java:485)
	at org.finos.legend.pure.runtime.java.compiled.generation.processors.support.Pure.legendTest(Pure.java:216)
	at org.finos.legend.pure.generated.CoreGen.legendTest(CoreGen.java:61)
	at org.finos.legend.pure.generated.core_pure_router_router_entry$9.valueOf(core_pure_router_router_entry.java:303)
	at org.finos.legend.pure.generated.core_pure_router_router_entry$9.execute(core_pure_router_router_entry.java:298)
	at org.finos.legend.pure.generated.core_pure_router_router_entry$9.execute(core_pure_router_router_entry.java:294)
	at org.finos.legend.pure.runtime.java.compiled.generation.processors.support.Pure.evaluate(Pure.java:485)
	at org.finos.legend.pure.runtime.java.compiled.generation.processors.support.Pure.traceSpan(Pure.java:1482)
	at org.finos.legend.pure.generated.CoreGen.traceSpan(CoreGen.java:203)
	at org.finos.legend.pure.generated.core_pure_router_router_entry.Root_meta_pure_router_executePlan_ExecutionPlan_1__ExecutionContext_1__Extension_MANY__Result_$0_1$_(core_pure_router_router_entry.java:290)
	at org.finos.legend.pure.generated.core_pure_router_router_entry.Root_meta_pure_router_executePlan_ExecutionPlan_1__Extension_MANY__Result_$0_1$_(core_pure_router_router_entry.java:285)
	at org.finos.legend.pure.generated.core_relational_relational_sqlQueryToString_dbTestRunner_testRunner$20.execute(core_relational_relational_sqlQueryToString_dbTestRunner_testRunner.java:386)
	at org.finos.legend.pure.generated.core_relational_relational_sqlQueryToString_dbTestRunner_testRunner.Root_meta_relational_dbTestRunner_runSqlQueryTest_SQLQuery_1__Literal_$1_MANY$__Pair_MANY__Function_$0_1$__DbTestConfig_1__Boolean_1_(core_relational_relational_sqlQueryToString_dbTestRunner_testRunner.java:424)
	at org.finos.legend.pure.generated.core_relational_relational_sqlQueryToString_dbTestRunner_testRunner.Root_meta_relational_dbTestRunner_runSqlQueryTest_SQLQuery_1__Literal_$1_MANY$__Function_$0_1$__DbTestConfig_1__Boolean_1_(core_relational_relational_sqlQueryToString_dbTestRunner_testRunner.java:374)
	at org.finos.legend.pure.generated.core_relational_relational_sqlQueryToString_dbTestRunner_dynaFunctionTestRunner.Root_meta_relational_dbTestRunner_runDynaFunctionDatabaseTest_DynaFunction_1__Literal_$1_MANY$__Function_$0_1$__DbTestConfig_1__Boolean_1_(core_relational_relational_sqlQueryToString_dbTestRunner_dynaFunctionTestRunner.java:64)
	at org.finos.legend.pure.generated.core_relational_relational_sqlQueryToString_dbTestRunner_dynaFunctionTestRunner.Root_meta_relational_dbTestRunner_runDynaFunctionDatabaseTest_DynaFunction_1__Literal_$1_MANY$__DbTestConfig_1__Boolean_1_(core_relational_relational_sqlQueryToString_dbTestRunner_dynaFunctionTestRunner.java:58)
	at org.finos.legend.pure.generated.core_relational_relational_sqlQueryToString_testSuite_dynaFunctions_date.Root_meta_relational_tests_dbSpecificTests_sqlQueryTests_dynaFunctions_monthNumber_testMonthNumber_DbTestConfig_1__Boolean_1_(core_relational_relational_sqlQueryToString_testSuite_dynaFunctions_date.java:123)
	at java.base/jdk.internal.reflect.NativeMethodAccessorImpl.invoke0(Native Method)
	at java.base/jdk.internal.reflect.NativeMethodAccessorImpl.invoke(NativeMethodAccessorImpl.java:62)
	at java.base/jdk.internal.reflect.DelegatingMethodAccessorImpl.invoke(DelegatingMethodAccessorImpl.java:43)
	at java.base/java.lang.reflect.Method.invoke(Method.java:566)
	at org.finos.legend.pure.runtime.java.compiled.testHelper.PureTestBuilderCompiled.executeFn(PureTestBuilderCompiled.java:113)
	at org.finos.legend.pure.runtime.java.compiled.testHelper.PureTestBuilderCompiled.lambda$buildSuite$0(PureTestBuilderCompiled.java:79)
	at org.finos.legend.pure.m3.execution.test.PureTestBuilder$PureTestCase.runTest(PureTestBuilder.java:95)
	at junit.framework.TestCase.runBare(TestCase.java:142)
	at org.finos.legend.engine.server.test.shared.Relational_DbSpecific_UsingPureClientTestSuite$2.runTest(Relational_DbSpecific_UsingPureClientTestSuite.java:90)
	at junit.framework.TestCase.runBare(TestCase.java:142)
	at junit.framework.TestResult$1.protect(TestResult.java:122)
	at junit.framework.TestResult.runProtected(TestResult.java:142)
	at junit.framework.TestResult.run(TestResult.java:125)
	at junit.framework.TestCase.run(TestCase.java:130)
	at junit.framework.TestSuite.runTest(TestSuite.java:241)
	at junit.framework.TestSuite.run(TestSuite.java:236)
	at junit.framework.TestSuite.runTest(TestSuite.java:241)
	at junit.framework.TestSuite.run(TestSuite.java:236)
	at junit.framework.TestSuite.runTest(TestSuite.java:241)
	at junit.framework.TestSuite.run(TestSuite.java:236)
	at junit.framework.TestSuite.runTest(TestSuite.java:241)
	at junit.framework.TestSuite.run(TestSuite.java:236)
	at junit.framework.TestSuite.runTest(TestSuite.java:241)
	at junit.framework.TestSuite.run(TestSuite.java:236)
	at junit.extensions.TestDecorator.basicRun(TestDecorator.java:24)
	at junit.extensions.TestSetup$1.protect(TestSetup.java:23)
	at junit.framework.TestResult.runProtected(TestResult.java:142)
	at junit.extensions.TestSetup.run(TestSetup.java:27)
	at org.junit.internal.runners.JUnit38ClassRunner.run(JUnit38ClassRunner.java:90)
	at org.apache.maven.surefire.junit4.JUnit4Provider.execute(JUnit4Provider.java:365)
	at org.apache.maven.surefire.junit4.JUnit4Provider.executeWithRerun(JUnit4Provider.java:273)
	at org.apache.maven.surefire.junit4.JUnit4Provider.executeTestSet(JUnit4Provider.java:238)
	at org.apache.maven.surefire.junit4.JUnit4Provider.invoke(JUnit4Provider.java:159)
	at org.apache.maven.surefire.booter.ForkedBooter.invokeProviderInSameClassLoader(ForkedBooter.java:384)
	at org.apache.maven.surefire.booter.ForkedBooter.runSuitesInProcess(ForkedBooter.java:345)
	at org.apache.maven.surefire.booter.ForkedBooter.execute(ForkedBooter.java:126)
	at org.apache.maven.surefire.booter.ForkedBooter.main(ForkedBooter.java:418)
]]></error>
    <system-out><![CDATA[Running db test dynaFunctions::monthNumber::testMonthNumber
{"duration":0.0,"eventType":"EXECUTION_PLAN_EXEC_ERROR","info":{"code":-1,"message":"SnowflakeSQLException: SQL compilation error:\nFunction EXTRACT does not support VARCHAR(19) argument type","status":"error","trace":"java.lang.RuntimeException: net.snowflake.client.jdbc.SnowflakeSQLException: SQL compilation error:\nFunction EXTRACT does not support VARCHAR(19) argument type\n\tat org.finos.legend.engine.plan.execution.stores.relational.result.SQLExecutionResult.<init>(SQLExecutionResult.java:123)\n\tat org.finos.legend.engine.plan.execution.stores.relational.RelationalExecutor.execute(RelationalExecutor.java:241)\n\tat org.finos.legend.engine.plan.execution.stores.relational.plugin.RelationalExecutionNodeExecutor.visit(RelationalExecutionNodeExecutor.java:238)\n\tat org.finos.legend.engine.plan.execution.stores.relational.plugin.RelationalExecutionNodeExecutor.visit(RelationalExecutionNodeExecutor.java:346)\n\tat org.finos.legend.engine.plan.execution.stores.relational.plugin.RelationalExecutionNodeExecutor.visit(RelationalExecutionNodeExecutor.java:92)\n\tat org.finos.legend.engine.protocol.pure.v1.model.executionPlan.nodes.RelationalDataTypeInstantiationExecutionNode.accept(RelationalDataTypeInstantiationExecutionNode.java:22)\n\tat org.finos.legend.engine.plan.execution.stores.relational.RelationalExecutionExtension.lambda$getExtraNodeExecutors$fbe53481$1(RelationalExecutionExtension.java:50)\n\tat org.finos.legend.engine.plan.execution.nodes.ExecutionNodeExecutor.lambda$visit$0(ExecutionNodeExecutor.java:164)\n\tat java.base/java.util.stream.ReferencePipeline$3$1.accept(ReferencePipeline.java:195)\n\tat java.base/java.util.Spliterators$ArraySpliterator.tryAdvance(Spliterators.java:958)\n\tat java.base/java.util.stream.ReferencePipeline.forEachWithCancel(ReferencePipeline.java:127)\n\tat java.base/java.util.stream.AbstractPipeline.copyIntoWithCancel(AbstractPipeline.java:502)\n\tat java.base/java.util.stream.AbstractPipeline.copyInto(AbstractPipeline.java:488)\n\tat java.base/java.util.stream.AbstractPipeline.wrapAndCopyInto(AbstractPipeline.java:474)\n\tat java.base/java.util.stream.FindOps$FindOp.evaluateSequential(FindOps.java:150)\n\tat java.base/java.util.stream.AbstractPipeline.evaluate(AbstractPipeline.java:234)\n\tat java.base/java.util.stream.ReferencePipeline.findFirst(ReferencePipeline.java:543)\n\tat org.finos.legend.engine.plan.execution.nodes.ExecutionNodeExecutor.visit(ExecutionNodeExecutor.java:164)\n\tat org.finos.legend.engine.plan.execution.nodes.ExecutionNodeExecutor.visit(ExecutionNodeExecutor.java:107)\n\tat org.finos.legend.engine.protocol.pure.v1.model.executionPlan.nodes.RelationalDataTypeInstantiationExecutionNode.accept(RelationalDataTypeInstantiationExecutionNode.java:22)\n\tat org.finos.legend.engine.plan.execution.PlanExecutor.execute(PlanExecutor.java:238)\n\tat org.finos.legend.engine.plan.execution.PlanExecutor.execute(PlanExecutor.java:225)\n\tat org.finos.legend.engine.plan.execution.api.ExecutePlan.doExecutePlanLegacy(ExecutePlan.java:102)\n\tat org.finos.legend.engine.plan.execution.api.ExecutePlan.doExecutePlan(ExecutePlan.java:84)\n\tat org.finos.legend.engine.plan.execution.api.ExecutePlanLegacy.executePlan(ExecutePlanLegacy.java:56)\n\tat jdk.internal.reflect.GeneratedMethodAccessor100.invoke(Unknown Source)\n\tat java.base/jdk.internal.reflect.DelegatingMethodAccessorImpl.invoke(DelegatingMethodAccessorImpl.java:43)\n\tat java.base/java.lang.reflect.Method.invoke(Method.java:566)\n\tat org.glassfish.jersey.server.model.internal.ResourceMethodInvocationHandlerFactory$1.invoke(ResourceMethodInvocationHandlerFactory.java:81)\n\tat org.glassfish.jersey.server.model.internal.AbstractJavaResourceMethodDispatcher$1.run(AbstractJavaResourceMethodDispatcher.java:144)\n\tat org.glassfish.jersey.server.model.internal.AbstractJavaResourceMethodDispatcher.invoke(AbstractJavaResourceMethodDispatcher.java:161)\n\tat org.glassfish.jersey.server.model.internal.JavaResourceMethodDispatcherProvider$ResponseOutInvoker.doDispatch(JavaResourceMethodDispatcherProvider.java:160)\n\tat org.glassfish.jersey.server.model.internal.AbstractJavaResourceMethodDispatcher.dispatch(AbstractJavaResourceMethodDispatcher.java:99)\n\tat org.glassfish.jersey.server.model.ResourceMethodInvoker.invoke(ResourceMethodInvoker.java:389)\n\tat org.glassfish.jersey.server.model.ResourceMethodInvoker.apply(ResourceMethodInvoker.java:347)\n\tat org.glassfish.jersey.server.model.ResourceMethodInvoker.apply(ResourceMethodInvoker.java:102)\n\tat org.glassfish.jersey.server.ServerRuntime$2.run(ServerRuntime.java:326)\n\tat org.glassfish.jersey.internal.Errors$1.call(Errors.java:271)\n\tat org.glassfish.jersey.internal.Errors$1.call(Errors.java:267)\n\tat org.glassfish.jersey.internal.Errors.process(Errors.java:315)\n\tat org.glassfish.jersey.internal.Errors.process(Errors.java:297)\n\tat org.glassfish.jersey.internal.Errors.process(Errors.java:267)\n\tat org.glassfish.jersey.process.internal.RequestScope.runInScope(RequestScope.java:317)\n\tat org.glassfish.jersey.server.ServerRuntime.process(ServerRuntime.java:305)\n\tat org.glassfish.jersey.server.ApplicationHandler.handle(ApplicationHandler.java:1154)\n\tat org.glassfish.jersey.servlet.WebComponent.serviceImpl(WebComponent.java:473)\n\tat org.glassfish.jersey.servlet.WebComponent.service(WebComponent.java:427)\n\tat org.glassfish.jersey.servlet.ServletContainer.service(ServletContainer.java:388)\n\tat org.glassfish.jersey.servlet.ServletContainer.service(ServletContainer.java:341)\n\tat org.glassfish.jersey.servlet.ServletContainer.service(ServletContainer.java:228)\n\tat org.eclipse.jetty.servlet.ServletHolder.handle(ServletHolder.java:799)\n\tat org.eclipse.jetty.servlet.ServletHandler$ChainEnd.doFilter(ServletHandler.java:1631)\n\tat io.dropwizard.servlets.ThreadNameFilter.doFilter(ThreadNameFilter.java:35)\n\tat org.eclipse.jetty.servlet.FilterHolder.doFilter(FilterHolder.java:193)\n\tat org.eclipse.jetty.servlet.ServletHandler$Chain.doFilter(ServletHandler.java:1601)\n\tat io.dropwizard.jersey.filter.AllowedMethodsFilter.handle(AllowedMethodsFilter.java:45)\n\tat io.dropwizard.jersey.filter.AllowedMethodsFilter.doFilter(AllowedMethodsFilter.java:39)\n\tat org.eclipse.jetty.servlet.FilterHolder.doFilter(FilterHolder.java:193)\n\tat org.eclipse.jetty.servlet.ServletHandler$Chain.doFilter(ServletHandler.java:1601)\n\tat org.finos.legend.server.pac4j.internal.UsernameFilter.doFilter(UsernameFilter.java:51)\n\tat org.eclipse.jetty.servlet.FilterHolder.doFilter(FilterHolder.java:193)\n\tat org.eclipse.jetty.servlet.ServletHandler$Chain.doFilter(ServletHandler.java:1601)\n\tat org.pac4j.j2e.filter.SecurityFilter.lambda$internalFilter$0(SecurityFilter.java:95)\n\tat org.pac4j.core.engine.DefaultSecurityLogic.perform(DefaultSecurityLogic.java:140)\n\tat org.pac4j.j2e.filter.SecurityFilter.internalFilter(SecurityFilter.java:93)\n\tat org.pac4j.j2e.filter.AbstractConfigFilter.doFilter(AbstractConfigFilter.java:81)\n\tat org.eclipse.jetty.servlet.FilterHolder.doFilter(FilterHolder.java:193)\n\tat org.eclipse.jetty.servlet.ServletHandler$Chain.doFilter(ServletHandler.java:1601)\n\tat org.eclipse.jetty.servlet.ServletHandler.doHandle(ServletHandler.java:548)\n\tat org.eclipse.jetty.server.handler.ScopedHandler.nextHandle(ScopedHandler.java:233)\n\tat org.eclipse.jetty.server.session.SessionHandler.doHandle(SessionHandler.java:1624)\n\tat org.eclipse.jetty.server.handler.ScopedHandler.nextHandle(ScopedHandler.java:233)\n\tat org.eclipse.jetty.server.handler.ContextHandler.doHandle(ContextHandler.java:1434)\n\tat org.eclipse.jetty.server.handler.ScopedHandler.nextScope(ScopedHandler.java:188)\n\tat org.eclipse.jetty.servlet.ServletHandler.doScope(ServletHandler.java:501)\n\tat org.eclipse.jetty.server.session.SessionHandler.doScope(SessionHandler.java:1594)\n\tat org.eclipse.jetty.server.handler.ScopedHandler.nextScope(ScopedHandler.java:186)\n\tat org.eclipse.jetty.server.handler.ContextHandler.doScope(ContextHandler.java:1349)\n\tat org.eclipse.jetty.server.handler.ScopedHandler.handle(ScopedHandler.java:141)\n\tat org.eclipse.jetty.server.handler.HandlerWrapper.handle(HandlerWrapper.java:127)\n\tat com.codahale.metrics.jetty9.InstrumentedHandler.handle(InstrumentedHandler.java:313)\n\tat io.dropwizard.jetty.ContextRoutingHandler.handle(ContextRoutingHandler.java:37)\n\tat org.eclipse.jetty.server.handler.gzip.GzipHandler.handle(GzipHandler.java:713)\n\tat io.dropwizard.jetty.BiDiGzipHandler.handle(BiDiGzipHandler.java:67)\n\tat org.eclipse.jetty.server.handler.StatisticsHandler.handle(StatisticsHandler.java:179)\n\tat org.eclipse.jetty.server.handler.HandlerWrapper.handle(HandlerWrapper.java:127)\n\tat org.eclipse.jetty.server.Server.handle(Server.java:516)\n\tat org.eclipse.jetty.server.HttpChannel.lambda$handle$1(HttpChannel.java:400)\n\tat org.eclipse.jetty.server.HttpChannel.dispatch(HttpChannel.java:645)\n\tat org.eclipse.jetty.server.HttpChannel.handle(HttpChannel.java:392)\n\tat org.eclipse.jetty.server.HttpConnection.onFillable(HttpConnection.java:277)\n\tat org.eclipse.jetty.io.AbstractConnection$ReadCallback.succeeded(AbstractConnection.java:311)\n\tat org.eclipse.jetty.io.FillInterest.fillable(FillInterest.java:105)\n\tat org.eclipse.jetty.io.ChannelEndPoint$1.run(ChannelEndPoint.java:104)\n\tat org.eclipse.jetty.util.thread.strategy.EatWhatYouKill.runTask(EatWhatYouKill.java:338)\n\tat org.eclipse.jetty.util.thread.strategy.EatWhatYouKill.doProduce(EatWhatYouKill.java:315)\n\tat org.eclipse.jetty.util.thread.strategy.EatWhatYouKill.tryProduce(EatWhatYouKill.java:173)\n\tat org.eclipse.jetty.util.thread.strategy.EatWhatYouKill.run(EatWhatYouKill.java:131)\n\tat org.eclipse.jetty.util.thread.ReservedThreadExecutor$ReservedThread.run(ReservedThreadExecutor.java:409)\n\tat org.eclipse.jetty.util.thread.QueuedThreadPool.runJob(QueuedThreadPool.java:883)\n\tat org.eclipse.jetty.util.thread.QueuedThreadPool$Runner.run(QueuedThreadPool.java:1034)\n\tat java.base/java.lang.Thread.run(Thread.java:829)\nCaused by: net.snowflake.client.jdbc.SnowflakeSQLException: SQL compilation error:\nFunction EXTRACT does not support VARCHAR(19) argument type\n\tat net.snowflake.client.jdbc.SnowflakeUtil.checkErrorAndThrowExceptionSub(SnowflakeUtil.java:127)\n\tat net.snowflake.client.jdbc.SnowflakeUtil.checkErrorAndThrowException(SnowflakeUtil.java:67)\n\tat net.snowflake.client.core.StmtUtil.pollForOutput(StmtUtil.java:442)\n\tat net.snowflake.client.core.StmtUtil.execute(StmtUtil.java:345)\n\tat net.snowflake.client.core.SFStatement.executeHelper(SFStatement.java:486)\n\tat net.snowflake.client.core.SFStatement.executeQueryInternal(SFStatement.java:197)\n\tat net.snowflake.client.core.SFStatement.executeQuery(SFStatement.java:134)\n\tat net.snowflake.client.core.SFStatement.execute(SFStatement.java:743)\n\tat net.snowflake.client.core.SFStatement.execute(SFStatement.java:639)\n\tat net.snowflake.client.jdbc.SnowflakeStatementV1.executeQueryInternal(SnowflakeStatementV1.java:238)\n\tat net.snowflake.client.jdbc.SnowflakeStatementV1.executeQuery(SnowflakeStatementV1.java:133)\n\tat com.zaxxer.hikari.pool.ProxyStatement.executeQuery(ProxyStatement.java:110)\n\tat com.zaxxer.hikari.pool.HikariProxyStatement.executeQuery(HikariProxyStatement.java)\n\tat org.finos.legend.engine.plan.execution.stores.relational.result.SQLExecutionResult.<init>(SQLExecutionResult.java:95)\n\t... 101 more\n"},"mode":"DEV","timeStamp":"2023-02-23 01:31:00.097","user":"_UNKNOWN_"}
| **dynaFunctions::monthNumber::testMonthNumber** | failing :x: |
]]></system-out>
  </testcase>
  <testcase name="testMonthAsNumber[Snowflake]" classname="org.finos.legend.engine.server.test.shared.Relational_DbSpecific_UsingPureClientTestSuite$2" time="0.186">
    <error message="Assert failure at (resource:/platform/pure/basics/tests/assertEq.pure line:34 column:5), &quot;500 &apos;{&quot;code&quot;:-1,&quot;message&quot;:&quot;SnowflakeSQLException: SQL compilation error:&#10;Function EXTRACT does not support VARCHAR(19) argument type&quot;,&quot;status&quot;:&quot;error&quot;,&quot;trace&quot;:&quot;java.lang.RuntimeException: net.snowflake.client.jdbc.SnowflakeSQLException: SQL compilation error:&#10;Function EXTRACT does not support VARCHAR(19) argument type&#10;at org.finos.legend.engine.plan.execution.stores.relational.result.SQLExecutionResult.&lt;init&gt;(SQLExecutionResult.java:123)&#10;at org.finos.legend.engine.plan.execution.stores.relational.RelationalExecutor.execute(RelationalExecutor.java:241)&#10;at org.finos.legend.engine.plan.execution.stores.relational.plugin.RelationalExecutionNodeExecutor.visit(RelationalExecutionNodeExecutor.java:238)&#10;at org.finos.legend.engine.plan.execution.stores.relational.plugin.RelationalExecutionNodeExecutor.visit(RelationalExecutionNodeExecutor.java:346)&#10;at org.finos.legend.engine.plan.execution.stores.relational.plugin.RelationalExecutionNodeExecutor.visit(RelationalExecutionNodeExecutor.java:92)&#10;at org.finos.legend.engine.protocol.pure.v1.model.executionPlan.nodes.RelationalDataTypeInstantiationExecutionNode.accept(RelationalDataTypeInstantiationExecutionNode.java:22)&#10;at org.finos.legend.engine.plan.execution.stores.relational.RelationalExecutionExtension.lambda$getExtraNodeExecutors$fbe53481$1(RelationalExecutionExtension.java:50)&#10;at org.finos.legend.engine.plan.execution.nodes.ExecutionNodeExecutor.lambda$visit$0(ExecutionNodeExecutor.java:164)&#10;at java.base/java.util.stream.ReferencePipeline$3$1.accept(ReferencePipeline.java:195)&#10;at java.base/java.util.Spliterators$ArraySpliterator.tryAdvance(Spliterators.java:958)&#10;at java.base/java.util.stream.ReferencePipeline.forEachWithCancel(ReferencePipeline.java:127)&#10;at java.base/java.util.stream.AbstractPipeline.copyIntoWithCancel(AbstractPipeline.java:502)&#10;at java.base/java.util.stream.AbstractPipeline.copyInto(AbstractPipeline.java:488)&#10;at java.base/java.util.stream.AbstractPipeline.wrapAndCopyInto(AbstractPipeline.java:474)&#10;at java.base/java.util.stream.FindOps$FindOp.evaluateSequential(FindOps.java:150)&#10;at java.base/java.util.stream.AbstractPipeline.evaluate(AbstractPipeline.java:234)&#10;at java.base/java.util.stream.ReferencePipeline.findFirst(ReferencePipeline.java:543)&#10;at org.finos.legend.engine.plan.execution.nodes.ExecutionNodeExecutor.visit(ExecutionNodeExecutor.java:164)&#10;at org.finos.legend.engine.plan.execution.nodes.ExecutionNodeExecutor.visit(ExecutionNodeExecutor.java:107)&#10;at org.finos.legend.engine.protocol.pure.v1.model.executionPlan.nodes.RelationalDataTypeInstantiationExecutionNode.accept(RelationalDataTypeInstantiationExecutionNode.java:22)&#10;at org.finos.legend.engine.plan.execution.PlanExecutor.execute(PlanExecutor.java:238)&#10;at org.finos.legend.engine.plan.execution.PlanExecutor.execute(PlanExecutor.java:225)&#10;at org.finos.legend.engine.plan.execution.api.ExecutePlan.doExecutePlanLegacy(ExecutePlan.java:102)&#10;at org.finos.legend.engine.plan.execution.api.ExecutePlan.doExecutePlan(ExecutePlan.java:84)&#10;at org.finos.legend.engine.plan.execution.api.ExecutePlanLegacy.executePlan(ExecutePlanLegacy.java:56)&#10;at jdk.internal.reflect.GeneratedMethodAccessor100.invoke(Unknown Source)&#10;at java.base/jdk.internal.reflect.DelegatingMethodAccessorImpl.invoke(DelegatingMethodAccessorImpl.java:43)&#10;at java.base/java.lang.reflect.Method.invoke(Method.java:566)&#10;at org.glassfish.jersey.server.model.internal.ResourceMethodInvocationHandlerFactory$1.invoke(ResourceMethodInvocationHandlerFactory.java:81)&#10;at org.glassfish.jersey.server.model.internal.AbstractJavaResourceMethodDispatcher$1.run(AbstractJavaResourceMethodDispatcher.java:144)&#10;at org.glassfish.jersey.server.model.internal.AbstractJavaResourceMethodDispatcher.invoke(AbstractJavaResourceMethodDispatcher.java:161)&#10;at org.glassfish.jersey.server.model.internal.JavaResourceMethodDispatcherProvider$ResponseOutInvoker.doDispatch(JavaResourceMethodDispatcherProvider.java:160)&#10;at org.glassfish.jersey.server.model.internal.AbstractJavaResourceMethodDispatcher.dispatch(AbstractJavaResourceMethodDispatcher.java:99)&#10;at org.glassfish.jersey.server.model.ResourceMethodInvoker.invoke(ResourceMethodInvoker.java:389)&#10;at org.glassfish.jersey.server.model.ResourceMethodInvoker.apply(ResourceMethodInvoker.java:347)&#10;at org.glassfish.jersey.server.model.ResourceMethodInvoker.apply(ResourceMethodInvoker.java:102)&#10;at org.glassfish.jersey.server.ServerRuntime$2.run(ServerRuntime.java:326)&#10;at org.glassfish.jersey.internal.Errors$1.call(Errors.java:271)&#10;at org.glassfish.jersey.internal.Errors$1.call(Errors.java:267)&#10;at org.glassfish.jersey.internal.Errors.process(Errors.java:315)&#10;at org.glassfish.jersey.internal.Errors.process(Errors.java:297)&#10;at org.glassfish.jersey.internal.Errors.process(Errors.java:267)&#10;at org.glassfish.jersey.process.internal.RequestScope.runInScope(RequestScope.java:317)&#10;at org.glassfish.jersey.server.ServerRuntime.process(ServerRuntime.java:305)&#10;at org.glassfish.jersey.server.ApplicationHandler.handle(ApplicationHandler.java:1154)&#10;at org.glassfish.jersey.servlet.WebComponent.serviceImpl(WebComponent.java:473)&#10;at org.glassfish.jersey.servlet.WebComponent.service(WebComponent.java:427)&#10;at org.glassfish.jersey.servlet.ServletContainer.service(ServletContainer.java:388)&#10;at org.glassfish.jersey.servlet.ServletContainer.service(ServletContainer.java:341)&#10;at org.glassfish.jersey.servlet.ServletContainer.service(ServletContainer.java:228)&#10;at org.eclipse.jetty.servlet.ServletHolder.handle(ServletHolder.java:799)&#10;at org.eclipse.jetty.servlet.ServletHandler$ChainEnd.doFilter(ServletHandler.java:1631)&#10;at io.dropwizard.servlets.ThreadNameFilter.doFilter(ThreadNameFilter.java:35)&#10;at org.eclipse.jetty.servlet.FilterHolder.doFilter(FilterHolder.java:193)&#10;at org.eclipse.jetty.servlet.ServletHandler$Chain.doFilter(ServletHandler.java:1601)&#10;at io.dropwizard.jersey.filter.AllowedMethodsFilter.handle(AllowedMethodsFilter.java:45)&#10;at io.dropwizard.jersey.filter.AllowedMethodsFilter.doFilter(AllowedMethodsFilter.java:39)&#10;at org.eclipse.jetty.servlet.FilterHolder.doFilter(FilterHolder.java:193)&#10;at org.eclipse.jetty.servlet.ServletHandler$Chain.doFilter(ServletHandler.java:1601)&#10;at org.finos.legend.server.pac4j.internal.UsernameFilter.doFilter(UsernameFilter.java:51)&#10;at org.eclipse.jetty.servlet.FilterHolder.doFilter(FilterHolder.java:193)&#10;at org.eclipse.jetty.servlet.ServletHandler$Chain.doFilter(ServletHandler.java:1601)&#10;at org.pac4j.j2e.filter.SecurityFilter.lambda$internalFilter$0(SecurityFilter.java:95)&#10;at org.pac4j.core.engine.DefaultSecurityLogic.perform(DefaultSecurityLogic.java:140)&#10;at org.pac4j.j2e.filter.SecurityFilter.internalFilter(SecurityFilter.java:93)&#10;at org.pac4j.j2e.filter.AbstractConfigFilter.doFilter(AbstractConfigFilter.java:81)&#10;at org.eclipse.jetty.servlet.FilterHolder.doFilter(FilterHolder.java:193)&#10;at org.eclipse.jetty.servlet.ServletHandler$Chain.doFilter(ServletHandler.java:1601)&#10;at org.eclipse.jetty.servlet.ServletHandler.doHandle(ServletHandler.java:548)&#10;at org.eclipse.jetty.server.handler.ScopedHandler.nextHandle(ScopedHandler.java:233)&#10;at org.eclipse.jetty.server.session.SessionHandler.doHandle(SessionHandler.java:1624)&#10;at org.eclipse.jetty.server.handler.ScopedHandler.nextHandle(ScopedHandler.java:233)&#10;at org.eclipse.jetty.server.handler.ContextHandler.doHandle(ContextHandler.java:1434)&#10;at org.eclipse.jetty.server.handler.ScopedHandler.nextScope(ScopedHandler.java:188)&#10;at org.eclipse.jetty.servlet.ServletHandler.doScope(ServletHandler.java:501)&#10;at org.eclipse.jetty.server.session.SessionHandler.doScope(SessionHandler.java:1594)&#10;at org.eclipse.jetty.server.handler.ScopedHandler.nextScope(ScopedHandler.java:186)&#10;at org.eclipse.jetty.server.handler.ContextHandler.doScope(ContextHandler.java:1349)&#10;at org.eclipse.jetty.server.handler.ScopedHandler.handle(ScopedHandler.java:141)&#10;at org.eclipse.jetty.server.handler.HandlerWrapper.handle(HandlerWrapper.java:127)&#10;at com.codahale.metrics.jetty9.InstrumentedHandler.handle(InstrumentedHandler.java:313)&#10;at io.dropwizard.jetty.ContextRoutingHandler.handle(ContextRoutingHandler.java:37)&#10;at org.eclipse.jetty.server.handler.gzip.GzipHandler.handle(GzipHandler.java:713)&#10;at io.dropwizard.jetty.BiDiGzipHandler.handle(BiDiGzipHandler.java:67)&#10;at org.eclipse.jetty.server.handler.StatisticsHandler.handle(StatisticsHandler.java:179)&#10;at org.eclipse.jetty.server.handler.HandlerWrapper.handle(HandlerWrapper.java:127)&#10;at org.eclipse.jetty.server.Server.handle(Server.java:516)&#10;at org.eclipse.jetty.server.HttpChannel.lambda$handle$1(HttpChannel.java:400)&#10;at org.eclipse.jetty.server.HttpChannel.dispatch(HttpChannel.java:645)&#10;at org.eclipse.jetty.server.HttpChannel.handle(HttpChannel.java:392)&#10;at org.eclipse.jetty.server.HttpConnection.onFillable(HttpConnection.java:277)&#10;at org.eclipse.jetty.io.AbstractConnection$ReadCallback.succeeded(AbstractConnection.java:311)&#10;at org.eclipse.jetty.io.FillInterest.fillable(FillInterest.java:105)&#10;at org.eclipse.jetty.io.ChannelEndPoint$1.run(ChannelEndPoint.java:104)&#10;at org.eclipse.jetty.util.thread.strategy.EatWhatYouKill.runTask(EatWhatYouKill.java:338)&#10;at org.eclipse.jetty.util.thread.strategy.EatWhatYouKill.doProduce(EatWhatYouKill.java:315)&#10;at org.eclipse.jetty.util.thread.strategy.EatWhatYouKill.tryProduce(EatWhatYouKill.java:173)&#10;at org.eclipse.jetty.util.thread.strategy.EatWhatYouKill.run(EatWhatYouKill.java:131)&#10;at org.eclipse.jetty.util.thread.ReservedThreadExecutor$ReservedThread.run(ReservedThreadExecutor.java:409)&#10;at org.eclipse.jetty.util.thread.QueuedThreadPool.runJob(QueuedThreadPool.java:883)&#10;at org.eclipse.jetty.util.thread.QueuedThreadPool$Runner.run(QueuedThreadPool.java:1034)&#10;at java.base/java.lang.Thread.run(Thread.java:829)&#10;Caused by: net.snowflake.client.jdbc.SnowflakeSQLException: SQL compilation error:&#10;Function EXTRACT does not support VARCHAR(19) argument type&#10;at net.snowflake.client.jdbc.SnowflakeUtil.checkErrorAndThrowExceptionSub(SnowflakeUtil.java:127)&#10;at net.snowflake.client.jdbc.SnowflakeUtil.checkErrorAndThrowException(SnowflakeUtil.java:67)&#10;at net.snowflake.client.core.StmtUtil.pollForOutput(StmtUtil.java:442)&#10;at net.snowflake.client.core.StmtUtil.execute(StmtUtil.java:345)&#10;at net.snowflake.client.core.SFStatement.executeHelper(SFStatement.java:486)&#10;at net.snowflake.client.core.SFStatement.executeQueryInternal(SFStatement.java:197)&#10;at net.snowflake.client.core.SFStatement.executeQuery(SFStatement.java:134)&#10;at net.snowflake.client.core.SFStatement.execute(SFStatement.java:743)&#10;at net.snowflake.client.core.SFStatement.execute(SFStatement.java:639)&#10;at net.snowflake.client.jdbc.SnowflakeStatementV1.executeQueryInternal(SnowflakeStatementV1.java:238)&#10;at net.snowflake.client.jdbc.SnowflakeStatementV1.executeQuery(SnowflakeStatementV1.java:133)&#10;at com.zaxxer.hikari.pool.ProxyStatement.executeQuery(ProxyStatement.java:110)&#10;at com.zaxxer.hikari.pool.HikariProxyStatement.executeQuery(HikariProxyStatement.java)&#10;at org.finos.legend.engine.plan.execution.stores.relational.result.SQLExecutionResult.&lt;init&gt;(SQLExecutionResult.java:95)&#10;... 101 more&#10;&quot;}&apos;&quot;" type="Assert failure at (resource"><![CDATA[Assert failure at (resource:/platform/pure/basics/tests/assertEq.pure line:34 column:5), "500 '{"code":-1,"message":"SnowflakeSQLException: SQL compilation error:
Function EXTRACT does not support VARCHAR(19) argument type","status":"error","trace":"java.lang.RuntimeException: net.snowflake.client.jdbc.SnowflakeSQLException: SQL compilation error:
Function EXTRACT does not support VARCHAR(19) argument type
at org.finos.legend.engine.plan.execution.stores.relational.result.SQLExecutionResult.<init>(SQLExecutionResult.java:123)
at org.finos.legend.engine.plan.execution.stores.relational.RelationalExecutor.execute(RelationalExecutor.java:241)
at org.finos.legend.engine.plan.execution.stores.relational.plugin.RelationalExecutionNodeExecutor.visit(RelationalExecutionNodeExecutor.java:238)
at org.finos.legend.engine.plan.execution.stores.relational.plugin.RelationalExecutionNodeExecutor.visit(RelationalExecutionNodeExecutor.java:346)
at org.finos.legend.engine.plan.execution.stores.relational.plugin.RelationalExecutionNodeExecutor.visit(RelationalExecutionNodeExecutor.java:92)
at org.finos.legend.engine.protocol.pure.v1.model.executionPlan.nodes.RelationalDataTypeInstantiationExecutionNode.accept(RelationalDataTypeInstantiationExecutionNode.java:22)
at org.finos.legend.engine.plan.execution.stores.relational.RelationalExecutionExtension.lambda$getExtraNodeExecutors$fbe53481$1(RelationalExecutionExtension.java:50)
at org.finos.legend.engine.plan.execution.nodes.ExecutionNodeExecutor.lambda$visit$0(ExecutionNodeExecutor.java:164)
at java.base/java.util.stream.ReferencePipeline$3$1.accept(ReferencePipeline.java:195)
at java.base/java.util.Spliterators$ArraySpliterator.tryAdvance(Spliterators.java:958)
at java.base/java.util.stream.ReferencePipeline.forEachWithCancel(ReferencePipeline.java:127)
at java.base/java.util.stream.AbstractPipeline.copyIntoWithCancel(AbstractPipeline.java:502)
at java.base/java.util.stream.AbstractPipeline.copyInto(AbstractPipeline.java:488)
at java.base/java.util.stream.AbstractPipeline.wrapAndCopyInto(AbstractPipeline.java:474)
at java.base/java.util.stream.FindOps$FindOp.evaluateSequential(FindOps.java:150)
at java.base/java.util.stream.AbstractPipeline.evaluate(AbstractPipeline.java:234)
at java.base/java.util.stream.ReferencePipeline.findFirst(ReferencePipeline.java:543)
at org.finos.legend.engine.plan.execution.nodes.ExecutionNodeExecutor.visit(ExecutionNodeExecutor.java:164)
at org.finos.legend.engine.plan.execution.nodes.ExecutionNodeExecutor.visit(ExecutionNodeExecutor.java:107)
at org.finos.legend.engine.protocol.pure.v1.model.executionPlan.nodes.RelationalDataTypeInstantiationExecutionNode.accept(RelationalDataTypeInstantiationExecutionNode.java:22)
at org.finos.legend.engine.plan.execution.PlanExecutor.execute(PlanExecutor.java:238)
at org.finos.legend.engine.plan.execution.PlanExecutor.execute(PlanExecutor.java:225)
at org.finos.legend.engine.plan.execution.api.ExecutePlan.doExecutePlanLegacy(ExecutePlan.java:102)
at org.finos.legend.engine.plan.execution.api.ExecutePlan.doExecutePlan(ExecutePlan.java:84)
at org.finos.legend.engine.plan.execution.api.ExecutePlanLegacy.executePlan(ExecutePlanLegacy.java:56)
at jdk.internal.reflect.GeneratedMethodAccessor100.invoke(Unknown Source)
at java.base/jdk.internal.reflect.DelegatingMethodAccessorImpl.invoke(DelegatingMethodAccessorImpl.java:43)
at java.base/java.lang.reflect.Method.invoke(Method.java:566)
at org.glassfish.jersey.server.model.internal.ResourceMethodInvocationHandlerFactory$1.invoke(ResourceMethodInvocationHandlerFactory.java:81)
at org.glassfish.jersey.server.model.internal.AbstractJavaResourceMethodDispatcher$1.run(AbstractJavaResourceMethodDispatcher.java:144)
at org.glassfish.jersey.server.model.internal.AbstractJavaResourceMethodDispatcher.invoke(AbstractJavaResourceMethodDispatcher.java:161)
at org.glassfish.jersey.server.model.internal.JavaResourceMethodDispatcherProvider$ResponseOutInvoker.doDispatch(JavaResourceMethodDispatcherProvider.java:160)
at org.glassfish.jersey.server.model.internal.AbstractJavaResourceMethodDispatcher.dispatch(AbstractJavaResourceMethodDispatcher.java:99)
at org.glassfish.jersey.server.model.ResourceMethodInvoker.invoke(ResourceMethodInvoker.java:389)
at org.glassfish.jersey.server.model.ResourceMethodInvoker.apply(ResourceMethodInvoker.java:347)
at org.glassfish.jersey.server.model.ResourceMethodInvoker.apply(ResourceMethodInvoker.java:102)
at org.glassfish.jersey.server.ServerRuntime$2.run(ServerRuntime.java:326)
at org.glassfish.jersey.internal.Errors$1.call(Errors.java:271)
at org.glassfish.jersey.internal.Errors$1.call(Errors.java:267)
at org.glassfish.jersey.internal.Errors.process(Errors.java:315)
at org.glassfish.jersey.internal.Errors.process(Errors.java:297)
at org.glassfish.jersey.internal.Errors.process(Errors.java:267)
at org.glassfish.jersey.process.internal.RequestScope.runInScope(RequestScope.java:317)
at org.glassfish.jersey.server.ServerRuntime.process(ServerRuntime.java:305)
at org.glassfish.jersey.server.ApplicationHandler.handle(ApplicationHandler.java:1154)
at org.glassfish.jersey.servlet.WebComponent.serviceImpl(WebComponent.java:473)
at org.glassfish.jersey.servlet.WebComponent.service(WebComponent.java:427)
at org.glassfish.jersey.servlet.ServletContainer.service(ServletContainer.java:388)
at org.glassfish.jersey.servlet.ServletContainer.service(ServletContainer.java:341)
at org.glassfish.jersey.servlet.ServletContainer.service(ServletContainer.java:228)
at org.eclipse.jetty.servlet.ServletHolder.handle(ServletHolder.java:799)
at org.eclipse.jetty.servlet.ServletHandler$ChainEnd.doFilter(ServletHandler.java:1631)
at io.dropwizard.servlets.ThreadNameFilter.doFilter(ThreadNameFilter.java:35)
at org.eclipse.jetty.servlet.FilterHolder.doFilter(FilterHolder.java:193)
at org.eclipse.jetty.servlet.ServletHandler$Chain.doFilter(ServletHandler.java:1601)
at io.dropwizard.jersey.filter.AllowedMethodsFilter.handle(AllowedMethodsFilter.java:45)
at io.dropwizard.jersey.filter.AllowedMethodsFilter.doFilter(AllowedMethodsFilter.java:39)
at org.eclipse.jetty.servlet.FilterHolder.doFilter(FilterHolder.java:193)
at org.eclipse.jetty.servlet.ServletHandler$Chain.doFilter(ServletHandler.java:1601)
at org.finos.legend.server.pac4j.internal.UsernameFilter.doFilter(UsernameFilter.java:51)
at org.eclipse.jetty.servlet.FilterHolder.doFilter(FilterHolder.java:193)
at org.eclipse.jetty.servlet.ServletHandler$Chain.doFilter(ServletHandler.java:1601)
at org.pac4j.j2e.filter.SecurityFilter.lambda$internalFilter$0(SecurityFilter.java:95)
at org.pac4j.core.engine.DefaultSecurityLogic.perform(DefaultSecurityLogic.java:140)
at org.pac4j.j2e.filter.SecurityFilter.internalFilter(SecurityFilter.java:93)
at org.pac4j.j2e.filter.AbstractConfigFilter.doFilter(AbstractConfigFilter.java:81)
at org.eclipse.jetty.servlet.FilterHolder.doFilter(FilterHolder.java:193)
at org.eclipse.jetty.servlet.ServletHandler$Chain.doFilter(ServletHandler.java:1601)
at org.eclipse.jetty.servlet.ServletHandler.doHandle(ServletHandler.java:548)
at org.eclipse.jetty.server.handler.ScopedHandler.nextHandle(ScopedHandler.java:233)
at org.eclipse.jetty.server.session.SessionHandler.doHandle(SessionHandler.java:1624)
at org.eclipse.jetty.server.handler.ScopedHandler.nextHandle(ScopedHandler.java:233)
at org.eclipse.jetty.server.handler.ContextHandler.doHandle(ContextHandler.java:1434)
at org.eclipse.jetty.server.handler.ScopedHandler.nextScope(ScopedHandler.java:188)
at org.eclipse.jetty.servlet.ServletHandler.doScope(ServletHandler.java:501)
at org.eclipse.jetty.server.session.SessionHandler.doScope(SessionHandler.java:1594)
at org.eclipse.jetty.server.handler.ScopedHandler.nextScope(ScopedHandler.java:186)
at org.eclipse.jetty.server.handler.ContextHandler.doScope(ContextHandler.java:1349)
at org.eclipse.jetty.server.handler.ScopedHandler.handle(ScopedHandler.java:141)
at org.eclipse.jetty.server.handler.HandlerWrapper.handle(HandlerWrapper.java:127)
at com.codahale.metrics.jetty9.InstrumentedHandler.handle(InstrumentedHandler.java:313)
at io.dropwizard.jetty.ContextRoutingHandler.handle(ContextRoutingHandler.java:37)
at org.eclipse.jetty.server.handler.gzip.GzipHandler.handle(GzipHandler.java:713)
at io.dropwizard.jetty.BiDiGzipHandler.handle(BiDiGzipHandler.java:67)
at org.eclipse.jetty.server.handler.StatisticsHandler.handle(StatisticsHandler.java:179)
at org.eclipse.jetty.server.handler.HandlerWrapper.handle(HandlerWrapper.java:127)
at org.eclipse.jetty.server.Server.handle(Server.java:516)
at org.eclipse.jetty.server.HttpChannel.lambda$handle$1(HttpChannel.java:400)
at org.eclipse.jetty.server.HttpChannel.dispatch(HttpChannel.java:645)
at org.eclipse.jetty.server.HttpChannel.handle(HttpChannel.java:392)
at org.eclipse.jetty.server.HttpConnection.onFillable(HttpConnection.java:277)
at org.eclipse.jetty.io.AbstractConnection$ReadCallback.succeeded(AbstractConnection.java:311)
at org.eclipse.jetty.io.FillInterest.fillable(FillInterest.java:105)
at org.eclipse.jetty.io.ChannelEndPoint$1.run(ChannelEndPoint.java:104)
at org.eclipse.jetty.util.thread.strategy.EatWhatYouKill.runTask(EatWhatYouKill.java:338)
at org.eclipse.jetty.util.thread.strategy.EatWhatYouKill.doProduce(EatWhatYouKill.java:315)
at org.eclipse.jetty.util.thread.strategy.EatWhatYouKill.tryProduce(EatWhatYouKill.java:173)
at org.eclipse.jetty.util.thread.strategy.EatWhatYouKill.run(EatWhatYouKill.java:131)
at org.eclipse.jetty.util.thread.ReservedThreadExecutor$ReservedThread.run(ReservedThreadExecutor.java:409)
at org.eclipse.jetty.util.thread.QueuedThreadPool.runJob(QueuedThreadPool.java:883)
at org.eclipse.jetty.util.thread.QueuedThreadPool$Runner.run(QueuedThreadPool.java:1034)
at java.base/java.lang.Thread.run(Thread.java:829)
Caused by: net.snowflake.client.jdbc.SnowflakeSQLException: SQL compilation error:
Function EXTRACT does not support VARCHAR(19) argument type
at net.snowflake.client.jdbc.SnowflakeUtil.checkErrorAndThrowExceptionSub(SnowflakeUtil.java:127)
at net.snowflake.client.jdbc.SnowflakeUtil.checkErrorAndThrowException(SnowflakeUtil.java:67)
at net.snowflake.client.core.StmtUtil.pollForOutput(StmtUtil.java:442)
at net.snowflake.client.core.StmtUtil.execute(StmtUtil.java:345)
at net.snowflake.client.core.SFStatement.executeHelper(SFStatement.java:486)
at net.snowflake.client.core.SFStatement.executeQueryInternal(SFStatement.java:197)
at net.snowflake.client.core.SFStatement.executeQuery(SFStatement.java:134)
at net.snowflake.client.core.SFStatement.execute(SFStatement.java:743)
at net.snowflake.client.core.SFStatement.execute(SFStatement.java:639)
at net.snowflake.client.jdbc.SnowflakeStatementV1.executeQueryInternal(SnowflakeStatementV1.java:238)
at net.snowflake.client.jdbc.SnowflakeStatementV1.executeQuery(SnowflakeStatementV1.java:133)
at com.zaxxer.hikari.pool.ProxyStatement.executeQuery(ProxyStatement.java:110)
at com.zaxxer.hikari.pool.HikariProxyStatement.executeQuery(HikariProxyStatement.java)
at org.finos.legend.engine.plan.execution.stores.relational.result.SQLExecutionResult.<init>(SQLExecutionResult.java:95)
... 101 more
"}'"
	at org.finos.legend.pure.runtime.java.compiled.generation.processors.support.CompiledSupport.pureAssert(CompiledSupport.java:1994)
	at org.finos.legend.pure.generated.platform_pure_basics_tests_assertEq.Root_meta_pure_functions_asserts_assertEq_Any_1__Any_1__Function_1__Boolean_1_(platform_pure_basics_tests_assertEq.java:44)
	at org.finos.legend.pure.generated.core_pure_protocol_vX_X_X_invocations_execution.Root_meta_protocols_pure_vX_X_X_invocation_execution_execute_executePlan_String_1__String_1__Integer_1__String_1_(core_pure_protocol_vX_X_X_invocations_execution.java:751)
	at org.finos.legend.pure.generated.core_pure_protocol_vX_X_X_invocations_execution.Root_meta_protocols_pure_vX_X_X_invocation_execution_execute_executePlan_ExecutionPlan_1__String_1__Integer_1__Extension_MANY__String_1_(core_pure_protocol_vX_X_X_invocations_execution.java:745)
	at org.finos.legend.pure.generated.core_pure_protocol_vX_X_X_invocations_execution.Root_meta_protocols_pure_vX_X_X_invocation_execution_execute_executePlan_ExecutionPlan_1__ExecutionContext_$0_1$__String_1__Integer_1__Extension_MANY__Result_1_(core_pure_protocol_vX_X_X_invocations_execution.java:738)
	at jdk.internal.reflect.GeneratedMethodAccessor96.invoke(Unknown Source)
	at java.base/jdk.internal.reflect.DelegatingMethodAccessorImpl.invoke(DelegatingMethodAccessorImpl.java:43)
	at java.base/java.lang.reflect.Method.invoke(Method.java:566)
	at org.finos.legend.pure.runtime.java.compiled.metadata.JavaMethodWithParamsSharedPureFunction.execute(JavaMethodWithParamsSharedPureFunction.java:59)
	at org.finos.legend.pure.runtime.java.compiled.generation.processors.support.Pure._evaluateToMany(Pure.java:546)
	at org.finos.legend.pure.generated.CoreGen.evaluateToMany(CoreGen.java:147)
	at org.finos.legend.pure.generated.CoreGen.evaluateToMany(CoreGen.java:134)
	at org.finos.legend.pure.generated.core_pure_router_router_entry$9$1.value(core_pure_router_router_entry.java:318)
	at org.finos.legend.pure.generated.core_pure_router_router_entry$9$1.execute(core_pure_router_router_entry.java:311)
	at org.finos.legend.pure.generated.core_pure_router_router_entry$9$1.execute(core_pure_router_router_entry.java:307)
	at org.finos.legend.pure.runtime.java.compiled.generation.processors.support.Pure.evaluate(Pure.java:485)
	at org.finos.legend.pure.runtime.java.compiled.generation.processors.support.Pure.legendTest(Pure.java:216)
	at org.finos.legend.pure.generated.CoreGen.legendTest(CoreGen.java:61)
	at org.finos.legend.pure.generated.core_pure_router_router_entry$9.valueOf(core_pure_router_router_entry.java:303)
	at org.finos.legend.pure.generated.core_pure_router_router_entry$9.execute(core_pure_router_router_entry.java:298)
	at org.finos.legend.pure.generated.core_pure_router_router_entry$9.execute(core_pure_router_router_entry.java:294)
	at org.finos.legend.pure.runtime.java.compiled.generation.processors.support.Pure.evaluate(Pure.java:485)
	at org.finos.legend.pure.runtime.java.compiled.generation.processors.support.Pure.traceSpan(Pure.java:1482)
	at org.finos.legend.pure.generated.CoreGen.traceSpan(CoreGen.java:203)
	at org.finos.legend.pure.generated.core_pure_router_router_entry.Root_meta_pure_router_executePlan_ExecutionPlan_1__ExecutionContext_1__Extension_MANY__Result_$0_1$_(core_pure_router_router_entry.java:290)
	at org.finos.legend.pure.generated.core_pure_router_router_entry.Root_meta_pure_router_executePlan_ExecutionPlan_1__Extension_MANY__Result_$0_1$_(core_pure_router_router_entry.java:285)
	at org.finos.legend.pure.generated.core_relational_relational_sqlQueryToString_dbTestRunner_testRunner$20.execute(core_relational_relational_sqlQueryToString_dbTestRunner_testRunner.java:386)
	at org.finos.legend.pure.generated.core_relational_relational_sqlQueryToString_dbTestRunner_testRunner.Root_meta_relational_dbTestRunner_runSqlQueryTest_SQLQuery_1__Literal_$1_MANY$__Pair_MANY__Function_$0_1$__DbTestConfig_1__Boolean_1_(core_relational_relational_sqlQueryToString_dbTestRunner_testRunner.java:424)
	at org.finos.legend.pure.generated.core_relational_relational_sqlQueryToString_dbTestRunner_testRunner.Root_meta_relational_dbTestRunner_runSqlQueryTest_SQLQuery_1__Literal_$1_MANY$__Function_$0_1$__DbTestConfig_1__Boolean_1_(core_relational_relational_sqlQueryToString_dbTestRunner_testRunner.java:374)
	at org.finos.legend.pure.generated.core_relational_relational_sqlQueryToString_dbTestRunner_dynaFunctionTestRunner.Root_meta_relational_dbTestRunner_runDynaFunctionDatabaseTest_DynaFunction_1__Literal_$1_MANY$__Function_$0_1$__DbTestConfig_1__Boolean_1_(core_relational_relational_sqlQueryToString_dbTestRunner_dynaFunctionTestRunner.java:64)
	at org.finos.legend.pure.generated.core_relational_relational_sqlQueryToString_dbTestRunner_dynaFunctionTestRunner.Root_meta_relational_dbTestRunner_runDynaFunctionDatabaseTest_DynaFunction_1__Literal_$1_MANY$__DbTestConfig_1__Boolean_1_(core_relational_relational_sqlQueryToString_dbTestRunner_dynaFunctionTestRunner.java:58)
	at org.finos.legend.pure.generated.core_relational_relational_sqlQueryToString_testSuite_dynaFunctions_date.Root_meta_relational_tests_dbSpecificTests_sqlQueryTests_dynaFunctions_month_testMonthAsNumber_DbTestConfig_1__Boolean_1_(core_relational_relational_sqlQueryToString_testSuite_dynaFunctions_date.java:116)
	at java.base/jdk.internal.reflect.NativeMethodAccessorImpl.invoke0(Native Method)
	at java.base/jdk.internal.reflect.NativeMethodAccessorImpl.invoke(NativeMethodAccessorImpl.java:62)
	at java.base/jdk.internal.reflect.DelegatingMethodAccessorImpl.invoke(DelegatingMethodAccessorImpl.java:43)
	at java.base/java.lang.reflect.Method.invoke(Method.java:566)
	at org.finos.legend.pure.runtime.java.compiled.testHelper.PureTestBuilderCompiled.executeFn(PureTestBuilderCompiled.java:113)
	at org.finos.legend.pure.runtime.java.compiled.testHelper.PureTestBuilderCompiled.lambda$buildSuite$0(PureTestBuilderCompiled.java:79)
	at org.finos.legend.pure.m3.execution.test.PureTestBuilder$PureTestCase.runTest(PureTestBuilder.java:95)
	at junit.framework.TestCase.runBare(TestCase.java:142)
	at org.finos.legend.engine.server.test.shared.Relational_DbSpecific_UsingPureClientTestSuite$2.runTest(Relational_DbSpecific_UsingPureClientTestSuite.java:90)
	at junit.framework.TestCase.runBare(TestCase.java:142)
	at junit.framework.TestResult$1.protect(TestResult.java:122)
	at junit.framework.TestResult.runProtected(TestResult.java:142)
	at junit.framework.TestResult.run(TestResult.java:125)
	at junit.framework.TestCase.run(TestCase.java:130)
	at junit.framework.TestSuite.runTest(TestSuite.java:241)
	at junit.framework.TestSuite.run(TestSuite.java:236)
	at junit.framework.TestSuite.runTest(TestSuite.java:241)
	at junit.framework.TestSuite.run(TestSuite.java:236)
	at junit.framework.TestSuite.runTest(TestSuite.java:241)
	at junit.framework.TestSuite.run(TestSuite.java:236)
	at junit.framework.TestSuite.runTest(TestSuite.java:241)
	at junit.framework.TestSuite.run(TestSuite.java:236)
	at junit.framework.TestSuite.runTest(TestSuite.java:241)
	at junit.framework.TestSuite.run(TestSuite.java:236)
	at junit.extensions.TestDecorator.basicRun(TestDecorator.java:24)
	at junit.extensions.TestSetup$1.protect(TestSetup.java:23)
	at junit.framework.TestResult.runProtected(TestResult.java:142)
	at junit.extensions.TestSetup.run(TestSetup.java:27)
	at org.junit.internal.runners.JUnit38ClassRunner.run(JUnit38ClassRunner.java:90)
	at org.apache.maven.surefire.junit4.JUnit4Provider.execute(JUnit4Provider.java:365)
	at org.apache.maven.surefire.junit4.JUnit4Provider.executeWithRerun(JUnit4Provider.java:273)
	at org.apache.maven.surefire.junit4.JUnit4Provider.executeTestSet(JUnit4Provider.java:238)
	at org.apache.maven.surefire.junit4.JUnit4Provider.invoke(JUnit4Provider.java:159)
	at org.apache.maven.surefire.booter.ForkedBooter.invokeProviderInSameClassLoader(ForkedBooter.java:384)
	at org.apache.maven.surefire.booter.ForkedBooter.runSuitesInProcess(ForkedBooter.java:345)
	at org.apache.maven.surefire.booter.ForkedBooter.execute(ForkedBooter.java:126)
	at org.apache.maven.surefire.booter.ForkedBooter.main(ForkedBooter.java:418)
]]></error>
    <system-out><![CDATA[Running db test dynaFunctions::month::testMonthAsNumber
{"duration":0.0,"eventType":"EXECUTION_PLAN_EXEC_ERROR","info":{"code":-1,"message":"SnowflakeSQLException: SQL compilation error:\nFunction EXTRACT does not support VARCHAR(19) argument type","status":"error","trace":"java.lang.RuntimeException: net.snowflake.client.jdbc.SnowflakeSQLException: SQL compilation error:\nFunction EXTRACT does not support VARCHAR(19) argument type\n\tat org.finos.legend.engine.plan.execution.stores.relational.result.SQLExecutionResult.<init>(SQLExecutionResult.java:123)\n\tat org.finos.legend.engine.plan.execution.stores.relational.RelationalExecutor.execute(RelationalExecutor.java:241)\n\tat org.finos.legend.engine.plan.execution.stores.relational.plugin.RelationalExecutionNodeExecutor.visit(RelationalExecutionNodeExecutor.java:238)\n\tat org.finos.legend.engine.plan.execution.stores.relational.plugin.RelationalExecutionNodeExecutor.visit(RelationalExecutionNodeExecutor.java:346)\n\tat org.finos.legend.engine.plan.execution.stores.relational.plugin.RelationalExecutionNodeExecutor.visit(RelationalExecutionNodeExecutor.java:92)\n\tat org.finos.legend.engine.protocol.pure.v1.model.executionPlan.nodes.RelationalDataTypeInstantiationExecutionNode.accept(RelationalDataTypeInstantiationExecutionNode.java:22)\n\tat org.finos.legend.engine.plan.execution.stores.relational.RelationalExecutionExtension.lambda$getExtraNodeExecutors$fbe53481$1(RelationalExecutionExtension.java:50)\n\tat org.finos.legend.engine.plan.execution.nodes.ExecutionNodeExecutor.lambda$visit$0(ExecutionNodeExecutor.java:164)\n\tat java.base/java.util.stream.ReferencePipeline$3$1.accept(ReferencePipeline.java:195)\n\tat java.base/java.util.Spliterators$ArraySpliterator.tryAdvance(Spliterators.java:958)\n\tat java.base/java.util.stream.ReferencePipeline.forEachWithCancel(ReferencePipeline.java:127)\n\tat java.base/java.util.stream.AbstractPipeline.copyIntoWithCancel(AbstractPipeline.java:502)\n\tat java.base/java.util.stream.AbstractPipeline.copyInto(AbstractPipeline.java:488)\n\tat java.base/java.util.stream.AbstractPipeline.wrapAndCopyInto(AbstractPipeline.java:474)\n\tat java.base/java.util.stream.FindOps$FindOp.evaluateSequential(FindOps.java:150)\n\tat java.base/java.util.stream.AbstractPipeline.evaluate(AbstractPipeline.java:234)\n\tat java.base/java.util.stream.ReferencePipeline.findFirst(ReferencePipeline.java:543)\n\tat org.finos.legend.engine.plan.execution.nodes.ExecutionNodeExecutor.visit(ExecutionNodeExecutor.java:164)\n\tat org.finos.legend.engine.plan.execution.nodes.ExecutionNodeExecutor.visit(ExecutionNodeExecutor.java:107)\n\tat org.finos.legend.engine.protocol.pure.v1.model.executionPlan.nodes.RelationalDataTypeInstantiationExecutionNode.accept(RelationalDataTypeInstantiationExecutionNode.java:22)\n\tat org.finos.legend.engine.plan.execution.PlanExecutor.execute(PlanExecutor.java:238)\n\tat org.finos.legend.engine.plan.execution.PlanExecutor.execute(PlanExecutor.java:225)\n\tat org.finos.legend.engine.plan.execution.api.ExecutePlan.doExecutePlanLegacy(ExecutePlan.java:102)\n\tat org.finos.legend.engine.plan.execution.api.ExecutePlan.doExecutePlan(ExecutePlan.java:84)\n\tat org.finos.legend.engine.plan.execution.api.ExecutePlanLegacy.executePlan(ExecutePlanLegacy.java:56)\n\tat jdk.internal.reflect.GeneratedMethodAccessor100.invoke(Unknown Source)\n\tat java.base/jdk.internal.reflect.DelegatingMethodAccessorImpl.invoke(DelegatingMethodAccessorImpl.java:43)\n\tat java.base/java.lang.reflect.Method.invoke(Method.java:566)\n\tat org.glassfish.jersey.server.model.internal.ResourceMethodInvocationHandlerFactory$1.invoke(ResourceMethodInvocationHandlerFactory.java:81)\n\tat org.glassfish.jersey.server.model.internal.AbstractJavaResourceMethodDispatcher$1.run(AbstractJavaResourceMethodDispatcher.java:144)\n\tat org.glassfish.jersey.server.model.internal.AbstractJavaResourceMethodDispatcher.invoke(AbstractJavaResourceMethodDispatcher.java:161)\n\tat org.glassfish.jersey.server.model.internal.JavaResourceMethodDispatcherProvider$ResponseOutInvoker.doDispatch(JavaResourceMethodDispatcherProvider.java:160)\n\tat org.glassfish.jersey.server.model.internal.AbstractJavaResourceMethodDispatcher.dispatch(AbstractJavaResourceMethodDispatcher.java:99)\n\tat org.glassfish.jersey.server.model.ResourceMethodInvoker.invoke(ResourceMethodInvoker.java:389)\n\tat org.glassfish.jersey.server.model.ResourceMethodInvoker.apply(ResourceMethodInvoker.java:347)\n\tat org.glassfish.jersey.server.model.ResourceMethodInvoker.apply(ResourceMethodInvoker.java:102)\n\tat org.glassfish.jersey.server.ServerRuntime$2.run(ServerRuntime.java:326)\n\tat org.glassfish.jersey.internal.Errors$1.call(Errors.java:271)\n\tat org.glassfish.jersey.internal.Errors$1.call(Errors.java:267)\n\tat org.glassfish.jersey.internal.Errors.process(Errors.java:315)\n\tat org.glassfish.jersey.internal.Errors.process(Errors.java:297)\n\tat org.glassfish.jersey.internal.Errors.process(Errors.java:267)\n\tat org.glassfish.jersey.process.internal.RequestScope.runInScope(RequestScope.java:317)\n\tat org.glassfish.jersey.server.ServerRuntime.process(ServerRuntime.java:305)\n\tat org.glassfish.jersey.server.ApplicationHandler.handle(ApplicationHandler.java:1154)\n\tat org.glassfish.jersey.servlet.WebComponent.serviceImpl(WebComponent.java:473)\n\tat org.glassfish.jersey.servlet.WebComponent.service(WebComponent.java:427)\n\tat org.glassfish.jersey.servlet.ServletContainer.service(ServletContainer.java:388)\n\tat org.glassfish.jersey.servlet.ServletContainer.service(ServletContainer.java:341)\n\tat org.glassfish.jersey.servlet.ServletContainer.service(ServletContainer.java:228)\n\tat org.eclipse.jetty.servlet.ServletHolder.handle(ServletHolder.java:799)\n\tat org.eclipse.jetty.servlet.ServletHandler$ChainEnd.doFilter(ServletHandler.java:1631)\n\tat io.dropwizard.servlets.ThreadNameFilter.doFilter(ThreadNameFilter.java:35)\n\tat org.eclipse.jetty.servlet.FilterHolder.doFilter(FilterHolder.java:193)\n\tat org.eclipse.jetty.servlet.ServletHandler$Chain.doFilter(ServletHandler.java:1601)\n\tat io.dropwizard.jersey.filter.AllowedMethodsFilter.handle(AllowedMethodsFilter.java:45)\n\tat io.dropwizard.jersey.filter.AllowedMethodsFilter.doFilter(AllowedMethodsFilter.java:39)\n\tat org.eclipse.jetty.servlet.FilterHolder.doFilter(FilterHolder.java:193)\n\tat org.eclipse.jetty.servlet.ServletHandler$Chain.doFilter(ServletHandler.java:1601)\n\tat org.finos.legend.server.pac4j.internal.UsernameFilter.doFilter(UsernameFilter.java:51)\n\tat org.eclipse.jetty.servlet.FilterHolder.doFilter(FilterHolder.java:193)\n\tat org.eclipse.jetty.servlet.ServletHandler$Chain.doFilter(ServletHandler.java:1601)\n\tat org.pac4j.j2e.filter.SecurityFilter.lambda$internalFilter$0(SecurityFilter.java:95)\n\tat org.pac4j.core.engine.DefaultSecurityLogic.perform(DefaultSecurityLogic.java:140)\n\tat org.pac4j.j2e.filter.SecurityFilter.internalFilter(SecurityFilter.java:93)\n\tat org.pac4j.j2e.filter.AbstractConfigFilter.doFilter(AbstractConfigFilter.java:81)\n\tat org.eclipse.jetty.servlet.FilterHolder.doFilter(FilterHolder.java:193)\n\tat org.eclipse.jetty.servlet.ServletHandler$Chain.doFilter(ServletHandler.java:1601)\n\tat org.eclipse.jetty.servlet.ServletHandler.doHandle(ServletHandler.java:548)\n\tat org.eclipse.jetty.server.handler.ScopedHandler.nextHandle(ScopedHandler.java:233)\n\tat org.eclipse.jetty.server.session.SessionHandler.doHandle(SessionHandler.java:1624)\n\tat org.eclipse.jetty.server.handler.ScopedHandler.nextHandle(ScopedHandler.java:233)\n\tat org.eclipse.jetty.server.handler.ContextHandler.doHandle(ContextHandler.java:1434)\n\tat org.eclipse.jetty.server.handler.ScopedHandler.nextScope(ScopedHandler.java:188)\n\tat org.eclipse.jetty.servlet.ServletHandler.doScope(ServletHandler.java:501)\n\tat org.eclipse.jetty.server.session.SessionHandler.doScope(SessionHandler.java:1594)\n\tat org.eclipse.jetty.server.handler.ScopedHandler.nextScope(ScopedHandler.java:186)\n\tat org.eclipse.jetty.server.handler.ContextHandler.doScope(ContextHandler.java:1349)\n\tat org.eclipse.jetty.server.handler.ScopedHandler.handle(ScopedHandler.java:141)\n\tat org.eclipse.jetty.server.handler.HandlerWrapper.handle(HandlerWrapper.java:127)\n\tat com.codahale.metrics.jetty9.InstrumentedHandler.handle(InstrumentedHandler.java:313)\n\tat io.dropwizard.jetty.ContextRoutingHandler.handle(ContextRoutingHandler.java:37)\n\tat org.eclipse.jetty.server.handler.gzip.GzipHandler.handle(GzipHandler.java:713)\n\tat io.dropwizard.jetty.BiDiGzipHandler.handle(BiDiGzipHandler.java:67)\n\tat org.eclipse.jetty.server.handler.StatisticsHandler.handle(StatisticsHandler.java:179)\n\tat org.eclipse.jetty.server.handler.HandlerWrapper.handle(HandlerWrapper.java:127)\n\tat org.eclipse.jetty.server.Server.handle(Server.java:516)\n\tat org.eclipse.jetty.server.HttpChannel.lambda$handle$1(HttpChannel.java:400)\n\tat org.eclipse.jetty.server.HttpChannel.dispatch(HttpChannel.java:645)\n\tat org.eclipse.jetty.server.HttpChannel.handle(HttpChannel.java:392)\n\tat org.eclipse.jetty.server.HttpConnection.onFillable(HttpConnection.java:277)\n\tat org.eclipse.jetty.io.AbstractConnection$ReadCallback.succeeded(AbstractConnection.java:311)\n\tat org.eclipse.jetty.io.FillInterest.fillable(FillInterest.java:105)\n\tat org.eclipse.jetty.io.ChannelEndPoint$1.run(ChannelEndPoint.java:104)\n\tat org.eclipse.jetty.util.thread.strategy.EatWhatYouKill.runTask(EatWhatYouKill.java:338)\n\tat org.eclipse.jetty.util.thread.strategy.EatWhatYouKill.doProduce(EatWhatYouKill.java:315)\n\tat org.eclipse.jetty.util.thread.strategy.EatWhatYouKill.tryProduce(EatWhatYouKill.java:173)\n\tat org.eclipse.jetty.util.thread.strategy.EatWhatYouKill.run(EatWhatYouKill.java:131)\n\tat org.eclipse.jetty.util.thread.ReservedThreadExecutor$ReservedThread.run(ReservedThreadExecutor.java:409)\n\tat org.eclipse.jetty.util.thread.QueuedThreadPool.runJob(QueuedThreadPool.java:883)\n\tat org.eclipse.jetty.util.thread.QueuedThreadPool$Runner.run(QueuedThreadPool.java:1034)\n\tat java.base/java.lang.Thread.run(Thread.java:829)\nCaused by: net.snowflake.client.jdbc.SnowflakeSQLException: SQL compilation error:\nFunction EXTRACT does not support VARCHAR(19) argument type\n\tat net.snowflake.client.jdbc.SnowflakeUtil.checkErrorAndThrowExceptionSub(SnowflakeUtil.java:127)\n\tat net.snowflake.client.jdbc.SnowflakeUtil.checkErrorAndThrowException(SnowflakeUtil.java:67)\n\tat net.snowflake.client.core.StmtUtil.pollForOutput(StmtUtil.java:442)\n\tat net.snowflake.client.core.StmtUtil.execute(StmtUtil.java:345)\n\tat net.snowflake.client.core.SFStatement.executeHelper(SFStatement.java:486)\n\tat net.snowflake.client.core.SFStatement.executeQueryInternal(SFStatement.java:197)\n\tat net.snowflake.client.core.SFStatement.executeQuery(SFStatement.java:134)\n\tat net.snowflake.client.core.SFStatement.execute(SFStatement.java:743)\n\tat net.snowflake.client.core.SFStatement.execute(SFStatement.java:639)\n\tat net.snowflake.client.jdbc.SnowflakeStatementV1.executeQueryInternal(SnowflakeStatementV1.java:238)\n\tat net.snowflake.client.jdbc.SnowflakeStatementV1.executeQuery(SnowflakeStatementV1.java:133)\n\tat com.zaxxer.hikari.pool.ProxyStatement.executeQuery(ProxyStatement.java:110)\n\tat com.zaxxer.hikari.pool.HikariProxyStatement.executeQuery(HikariProxyStatement.java)\n\tat org.finos.legend.engine.plan.execution.stores.relational.result.SQLExecutionResult.<init>(SQLExecutionResult.java:95)\n\t... 101 more\n"},"mode":"DEV","timeStamp":"2023-02-23 01:31:00.278","user":"_UNKNOWN_"}
| **dynaFunctions::month::testMonthAsNumber** | failing :x: |
]]></system-out>
  </testcase>
  <testcase name="testMostRecentDayOfWeekWithDate[Snowflake]" classname="org.finos.legend.engine.server.test.shared.Relational_DbSpecific_UsingPureClientTestSuite$2" time="0.145">
    <error message="Assert failure at (resource:/platform/pure/basics/tests/assert.pure line:26 column:5), &quot;Result assert failed, expected Values : [2014-12-01], actual Values : [2023-02-20]&quot;" type="Assert failure at (resource">Assert failure at (resource:/platform/pure/basics/tests/assert.pure line:26 column:5), "Result assert failed, expected Values : [2014-12-01], actual Values : [2023-02-20]"
	at org.finos.legend.pure.runtime.java.compiled.generation.processors.support.CompiledSupport.pureAssert(CompiledSupport.java:1994)
	at org.finos.legend.pure.generated.platform_pure_basics_tests_assert.Root_meta_pure_functions_asserts_assert_Boolean_1__String_1__Boolean_1_(platform_pure_basics_tests_assert.java:74)
	at org.finos.legend.pure.generated.core_relational_relational_sqlQueryToString_dbTestRunner_testRunner$20$1.valueOf(core_relational_relational_sqlQueryToString_dbTestRunner_testRunner.java:412)
	at org.finos.legend.pure.generated.core_relational_relational_sqlQueryToString_dbTestRunner_testRunner$20$1.execute(core_relational_relational_sqlQueryToString_dbTestRunner_testRunner.java:395)
	at org.finos.legend.pure.generated.core_relational_relational_sqlQueryToString_dbTestRunner_testRunner$20$1.execute(core_relational_relational_sqlQueryToString_dbTestRunner_testRunner.java:391)
	at org.finos.legend.pure.runtime.java.compiled.generation.processors.support.Pure.evaluate(Pure.java:485)
	at org.finos.legend.pure.generated.CoreGen.evaluate(CoreGen.java:83)
	at org.finos.legend.pure.generated.core_relational_relational_sqlQueryToString_dbTestRunner_executionPlanTestRunner.Root_meta_relational_dbTestRunner_runDataAssertion_Any_$0_1$__DbTestConfig_1__Function_1__Boolean_1_(core_relational_relational_sqlQueryToString_dbTestRunner_executionPlanTestRunner.java:315)
	at org.finos.legend.pure.generated.core_relational_relational_sqlQueryToString_dbTestRunner_testRunner$20.execute(core_relational_relational_sqlQueryToString_dbTestRunner_testRunner.java:387)
	at org.finos.legend.pure.generated.core_relational_relational_sqlQueryToString_dbTestRunner_testRunner.Root_meta_relational_dbTestRunner_runSqlQueryTest_SQLQuery_1__Literal_$1_MANY$__Pair_MANY__Function_$0_1$__DbTestConfig_1__Boolean_1_(core_relational_relational_sqlQueryToString_dbTestRunner_testRunner.java:424)
	at org.finos.legend.pure.generated.core_relational_relational_sqlQueryToString_dbTestRunner_testRunner.Root_meta_relational_dbTestRunner_runSqlQueryTest_SQLQuery_1__Literal_$1_MANY$__Function_$0_1$__DbTestConfig_1__Boolean_1_(core_relational_relational_sqlQueryToString_dbTestRunner_testRunner.java:374)
	at org.finos.legend.pure.generated.core_relational_relational_sqlQueryToString_dbTestRunner_dynaFunctionTestRunner.Root_meta_relational_dbTestRunner_runDynaFunctionDatabaseTest_DynaFunction_1__Literal_$1_MANY$__Function_$0_1$__DbTestConfig_1__Boolean_1_(core_relational_relational_sqlQueryToString_dbTestRunner_dynaFunctionTestRunner.java:64)
	at org.finos.legend.pure.generated.core_relational_relational_sqlQueryToString_dbTestRunner_dynaFunctionTestRunner.Root_meta_relational_dbTestRunner_runDynaFunctionDatabaseTest_DynaFunction_1__Literal_$1_MANY$__DbTestConfig_1__Boolean_1_(core_relational_relational_sqlQueryToString_dbTestRunner_dynaFunctionTestRunner.java:58)
	at org.finos.legend.pure.generated.core_relational_relational_sqlQueryToString_testSuite_dynaFunctions_date.Root_meta_relational_tests_dbSpecificTests_sqlQueryTests_dynaFunctions_mostRecentDayOfWeek_testMostRecentDayOfWeekWithDate_DbTestConfig_1__Boolean_1_(core_relational_relational_sqlQueryToString_testSuite_dynaFunctions_date.java:242)
	at java.base/jdk.internal.reflect.NativeMethodAccessorImpl.invoke0(Native Method)
	at java.base/jdk.internal.reflect.NativeMethodAccessorImpl.invoke(NativeMethodAccessorImpl.java:62)
	at java.base/jdk.internal.reflect.DelegatingMethodAccessorImpl.invoke(DelegatingMethodAccessorImpl.java:43)
	at java.base/java.lang.reflect.Method.invoke(Method.java:566)
	at org.finos.legend.pure.runtime.java.compiled.testHelper.PureTestBuilderCompiled.executeFn(PureTestBuilderCompiled.java:113)
	at org.finos.legend.pure.runtime.java.compiled.testHelper.PureTestBuilderCompiled.lambda$buildSuite$0(PureTestBuilderCompiled.java:79)
	at org.finos.legend.pure.m3.execution.test.PureTestBuilder$PureTestCase.runTest(PureTestBuilder.java:95)
	at junit.framework.TestCase.runBare(TestCase.java:142)
	at org.finos.legend.engine.server.test.shared.Relational_DbSpecific_UsingPureClientTestSuite$2.runTest(Relational_DbSpecific_UsingPureClientTestSuite.java:90)
	at junit.framework.TestCase.runBare(TestCase.java:142)
	at junit.framework.TestResult$1.protect(TestResult.java:122)
	at junit.framework.TestResult.runProtected(TestResult.java:142)
	at junit.framework.TestResult.run(TestResult.java:125)
	at junit.framework.TestCase.run(TestCase.java:130)
	at junit.framework.TestSuite.runTest(TestSuite.java:241)
	at junit.framework.TestSuite.run(TestSuite.java:236)
	at junit.framework.TestSuite.runTest(TestSuite.java:241)
	at junit.framework.TestSuite.run(TestSuite.java:236)
	at junit.framework.TestSuite.runTest(TestSuite.java:241)
	at junit.framework.TestSuite.run(TestSuite.java:236)
	at junit.framework.TestSuite.runTest(TestSuite.java:241)
	at junit.framework.TestSuite.run(TestSuite.java:236)
	at junit.framework.TestSuite.runTest(TestSuite.java:241)
	at junit.framework.TestSuite.run(TestSuite.java:236)
	at junit.extensions.TestDecorator.basicRun(TestDecorator.java:24)
	at junit.extensions.TestSetup$1.protect(TestSetup.java:23)
	at junit.framework.TestResult.runProtected(TestResult.java:142)
	at junit.extensions.TestSetup.run(TestSetup.java:27)
	at org.junit.internal.runners.JUnit38ClassRunner.run(JUnit38ClassRunner.java:90)
	at org.apache.maven.surefire.junit4.JUnit4Provider.execute(JUnit4Provider.java:365)
	at org.apache.maven.surefire.junit4.JUnit4Provider.executeWithRerun(JUnit4Provider.java:273)
	at org.apache.maven.surefire.junit4.JUnit4Provider.executeTestSet(JUnit4Provider.java:238)
	at org.apache.maven.surefire.junit4.JUnit4Provider.invoke(JUnit4Provider.java:159)
	at org.apache.maven.surefire.booter.ForkedBooter.invokeProviderInSameClassLoader(ForkedBooter.java:384)
	at org.apache.maven.surefire.booter.ForkedBooter.runSuitesInProcess(ForkedBooter.java:345)
	at org.apache.maven.surefire.booter.ForkedBooter.execute(ForkedBooter.java:126)
	at org.apache.maven.surefire.booter.ForkedBooter.main(ForkedBooter.java:418)
</error>
    <system-out><![CDATA[Running db test dynaFunctions::mostRecentDayOfWeek::testMostRecentDayOfWeekWithDate
| **dynaFunctions::mostRecentDayOfWeek::testMostRecentDayOfWeekWithDate** | failing :x: |
]]></system-out>
  </testcase>
  <testcase name="testNumberInequality[Snowflake]" classname="org.finos.legend.engine.server.test.shared.Relational_DbSpecific_UsingPureClientTestSuite$2" time="0.125"/>
  <testcase name="testNumberInequality[Snowflake]" classname="org.finos.legend.engine.server.test.shared.Relational_DbSpecific_UsingPureClientTestSuite$2" time="0.122"/>
  <testcase name="testNow[Snowflake]" classname="org.finos.legend.engine.server.test.shared.Relational_DbSpecific_UsingPureClientTestSuite$2" time="0.182"/>
  <testcase name="testOrWithConditions[Snowflake]" classname="org.finos.legend.engine.server.test.shared.Relational_DbSpecific_UsingPureClientTestSuite$2" time="0.187"/>
  <testcase name="testPreviousDayOfWeekWithDate[Snowflake]" classname="org.finos.legend.engine.server.test.shared.Relational_DbSpecific_UsingPureClientTestSuite$2" time="0.201">
    <error message="Assert failure at (resource:/platform/pure/basics/tests/assertEq.pure line:34 column:5), &quot;500 &apos;{&quot;code&quot;:-1,&quot;message&quot;:&quot;SnowflakeSQLException: SQL compilation error:&#10;Function EXTRACT does not support VARCHAR(10) argument type&quot;,&quot;status&quot;:&quot;error&quot;,&quot;trace&quot;:&quot;java.lang.RuntimeException: net.snowflake.client.jdbc.SnowflakeSQLException: SQL compilation error:&#10;Function EXTRACT does not support VARCHAR(10) argument type&#10;at org.finos.legend.engine.plan.execution.stores.relational.result.SQLExecutionResult.&lt;init&gt;(SQLExecutionResult.java:123)&#10;at org.finos.legend.engine.plan.execution.stores.relational.RelationalExecutor.execute(RelationalExecutor.java:241)&#10;at org.finos.legend.engine.plan.execution.stores.relational.plugin.RelationalExecutionNodeExecutor.visit(RelationalExecutionNodeExecutor.java:238)&#10;at org.finos.legend.engine.plan.execution.stores.relational.plugin.RelationalExecutionNodeExecutor.visit(RelationalExecutionNodeExecutor.java:346)&#10;at org.finos.legend.engine.plan.execution.stores.relational.plugin.RelationalExecutionNodeExecutor.visit(RelationalExecutionNodeExecutor.java:92)&#10;at org.finos.legend.engine.protocol.pure.v1.model.executionPlan.nodes.RelationalDataTypeInstantiationExecutionNode.accept(RelationalDataTypeInstantiationExecutionNode.java:22)&#10;at org.finos.legend.engine.plan.execution.stores.relational.RelationalExecutionExtension.lambda$getExtraNodeExecutors$fbe53481$1(RelationalExecutionExtension.java:50)&#10;at org.finos.legend.engine.plan.execution.nodes.ExecutionNodeExecutor.lambda$visit$0(ExecutionNodeExecutor.java:164)&#10;at java.base/java.util.stream.ReferencePipeline$3$1.accept(ReferencePipeline.java:195)&#10;at java.base/java.util.Spliterators$ArraySpliterator.tryAdvance(Spliterators.java:958)&#10;at java.base/java.util.stream.ReferencePipeline.forEachWithCancel(ReferencePipeline.java:127)&#10;at java.base/java.util.stream.AbstractPipeline.copyIntoWithCancel(AbstractPipeline.java:502)&#10;at java.base/java.util.stream.AbstractPipeline.copyInto(AbstractPipeline.java:488)&#10;at java.base/java.util.stream.AbstractPipeline.wrapAndCopyInto(AbstractPipeline.java:474)&#10;at java.base/java.util.stream.FindOps$FindOp.evaluateSequential(FindOps.java:150)&#10;at java.base/java.util.stream.AbstractPipeline.evaluate(AbstractPipeline.java:234)&#10;at java.base/java.util.stream.ReferencePipeline.findFirst(ReferencePipeline.java:543)&#10;at org.finos.legend.engine.plan.execution.nodes.ExecutionNodeExecutor.visit(ExecutionNodeExecutor.java:164)&#10;at org.finos.legend.engine.plan.execution.nodes.ExecutionNodeExecutor.visit(ExecutionNodeExecutor.java:107)&#10;at org.finos.legend.engine.protocol.pure.v1.model.executionPlan.nodes.RelationalDataTypeInstantiationExecutionNode.accept(RelationalDataTypeInstantiationExecutionNode.java:22)&#10;at org.finos.legend.engine.plan.execution.PlanExecutor.execute(PlanExecutor.java:238)&#10;at org.finos.legend.engine.plan.execution.PlanExecutor.execute(PlanExecutor.java:225)&#10;at org.finos.legend.engine.plan.execution.api.ExecutePlan.doExecutePlanLegacy(ExecutePlan.java:102)&#10;at org.finos.legend.engine.plan.execution.api.ExecutePlan.doExecutePlan(ExecutePlan.java:84)&#10;at org.finos.legend.engine.plan.execution.api.ExecutePlanLegacy.executePlan(ExecutePlanLegacy.java:56)&#10;at jdk.internal.reflect.GeneratedMethodAccessor100.invoke(Unknown Source)&#10;at java.base/jdk.internal.reflect.DelegatingMethodAccessorImpl.invoke(DelegatingMethodAccessorImpl.java:43)&#10;at java.base/java.lang.reflect.Method.invoke(Method.java:566)&#10;at org.glassfish.jersey.server.model.internal.ResourceMethodInvocationHandlerFactory$1.invoke(ResourceMethodInvocationHandlerFactory.java:81)&#10;at org.glassfish.jersey.server.model.internal.AbstractJavaResourceMethodDispatcher$1.run(AbstractJavaResourceMethodDispatcher.java:144)&#10;at org.glassfish.jersey.server.model.internal.AbstractJavaResourceMethodDispatcher.invoke(AbstractJavaResourceMethodDispatcher.java:161)&#10;at org.glassfish.jersey.server.model.internal.JavaResourceMethodDispatcherProvider$ResponseOutInvoker.doDispatch(JavaResourceMethodDispatcherProvider.java:160)&#10;at org.glassfish.jersey.server.model.internal.AbstractJavaResourceMethodDispatcher.dispatch(AbstractJavaResourceMethodDispatcher.java:99)&#10;at org.glassfish.jersey.server.model.ResourceMethodInvoker.invoke(ResourceMethodInvoker.java:389)&#10;at org.glassfish.jersey.server.model.ResourceMethodInvoker.apply(ResourceMethodInvoker.java:347)&#10;at org.glassfish.jersey.server.model.ResourceMethodInvoker.apply(ResourceMethodInvoker.java:102)&#10;at org.glassfish.jersey.server.ServerRuntime$2.run(ServerRuntime.java:326)&#10;at org.glassfish.jersey.internal.Errors$1.call(Errors.java:271)&#10;at org.glassfish.jersey.internal.Errors$1.call(Errors.java:267)&#10;at org.glassfish.jersey.internal.Errors.process(Errors.java:315)&#10;at org.glassfish.jersey.internal.Errors.process(Errors.java:297)&#10;at org.glassfish.jersey.internal.Errors.process(Errors.java:267)&#10;at org.glassfish.jersey.process.internal.RequestScope.runInScope(RequestScope.java:317)&#10;at org.glassfish.jersey.server.ServerRuntime.process(ServerRuntime.java:305)&#10;at org.glassfish.jersey.server.ApplicationHandler.handle(ApplicationHandler.java:1154)&#10;at org.glassfish.jersey.servlet.WebComponent.serviceImpl(WebComponent.java:473)&#10;at org.glassfish.jersey.servlet.WebComponent.service(WebComponent.java:427)&#10;at org.glassfish.jersey.servlet.ServletContainer.service(ServletContainer.java:388)&#10;at org.glassfish.jersey.servlet.ServletContainer.service(ServletContainer.java:341)&#10;at org.glassfish.jersey.servlet.ServletContainer.service(ServletContainer.java:228)&#10;at org.eclipse.jetty.servlet.ServletHolder.handle(ServletHolder.java:799)&#10;at org.eclipse.jetty.servlet.ServletHandler$ChainEnd.doFilter(ServletHandler.java:1631)&#10;at io.dropwizard.servlets.ThreadNameFilter.doFilter(ThreadNameFilter.java:35)&#10;at org.eclipse.jetty.servlet.FilterHolder.doFilter(FilterHolder.java:193)&#10;at org.eclipse.jetty.servlet.ServletHandler$Chain.doFilter(ServletHandler.java:1601)&#10;at io.dropwizard.jersey.filter.AllowedMethodsFilter.handle(AllowedMethodsFilter.java:45)&#10;at io.dropwizard.jersey.filter.AllowedMethodsFilter.doFilter(AllowedMethodsFilter.java:39)&#10;at org.eclipse.jetty.servlet.FilterHolder.doFilter(FilterHolder.java:193)&#10;at org.eclipse.jetty.servlet.ServletHandler$Chain.doFilter(ServletHandler.java:1601)&#10;at org.finos.legend.server.pac4j.internal.UsernameFilter.doFilter(UsernameFilter.java:51)&#10;at org.eclipse.jetty.servlet.FilterHolder.doFilter(FilterHolder.java:193)&#10;at org.eclipse.jetty.servlet.ServletHandler$Chain.doFilter(ServletHandler.java:1601)&#10;at org.pac4j.j2e.filter.SecurityFilter.lambda$internalFilter$0(SecurityFilter.java:95)&#10;at org.pac4j.core.engine.DefaultSecurityLogic.perform(DefaultSecurityLogic.java:140)&#10;at org.pac4j.j2e.filter.SecurityFilter.internalFilter(SecurityFilter.java:93)&#10;at org.pac4j.j2e.filter.AbstractConfigFilter.doFilter(AbstractConfigFilter.java:81)&#10;at org.eclipse.jetty.servlet.FilterHolder.doFilter(FilterHolder.java:193)&#10;at org.eclipse.jetty.servlet.ServletHandler$Chain.doFilter(ServletHandler.java:1601)&#10;at org.eclipse.jetty.servlet.ServletHandler.doHandle(ServletHandler.java:548)&#10;at org.eclipse.jetty.server.handler.ScopedHandler.nextHandle(ScopedHandler.java:233)&#10;at org.eclipse.jetty.server.session.SessionHandler.doHandle(SessionHandler.java:1624)&#10;at org.eclipse.jetty.server.handler.ScopedHandler.nextHandle(ScopedHandler.java:233)&#10;at org.eclipse.jetty.server.handler.ContextHandler.doHandle(ContextHandler.java:1434)&#10;at org.eclipse.jetty.server.handler.ScopedHandler.nextScope(ScopedHandler.java:188)&#10;at org.eclipse.jetty.servlet.ServletHandler.doScope(ServletHandler.java:501)&#10;at org.eclipse.jetty.server.session.SessionHandler.doScope(SessionHandler.java:1594)&#10;at org.eclipse.jetty.server.handler.ScopedHandler.nextScope(ScopedHandler.java:186)&#10;at org.eclipse.jetty.server.handler.ContextHandler.doScope(ContextHandler.java:1349)&#10;at org.eclipse.jetty.server.handler.ScopedHandler.handle(ScopedHandler.java:141)&#10;at org.eclipse.jetty.server.handler.HandlerWrapper.handle(HandlerWrapper.java:127)&#10;at com.codahale.metrics.jetty9.InstrumentedHandler.handle(InstrumentedHandler.java:313)&#10;at io.dropwizard.jetty.ContextRoutingHandler.handle(ContextRoutingHandler.java:37)&#10;at org.eclipse.jetty.server.handler.gzip.GzipHandler.handle(GzipHandler.java:713)&#10;at io.dropwizard.jetty.BiDiGzipHandler.handle(BiDiGzipHandler.java:67)&#10;at org.eclipse.jetty.server.handler.StatisticsHandler.handle(StatisticsHandler.java:179)&#10;at org.eclipse.jetty.server.handler.HandlerWrapper.handle(HandlerWrapper.java:127)&#10;at org.eclipse.jetty.server.Server.handle(Server.java:516)&#10;at org.eclipse.jetty.server.HttpChannel.lambda$handle$1(HttpChannel.java:400)&#10;at org.eclipse.jetty.server.HttpChannel.dispatch(HttpChannel.java:645)&#10;at org.eclipse.jetty.server.HttpChannel.handle(HttpChannel.java:392)&#10;at org.eclipse.jetty.server.HttpConnection.onFillable(HttpConnection.java:277)&#10;at org.eclipse.jetty.io.AbstractConnection$ReadCallback.succeeded(AbstractConnection.java:311)&#10;at org.eclipse.jetty.io.FillInterest.fillable(FillInterest.java:105)&#10;at org.eclipse.jetty.io.ChannelEndPoint$1.run(ChannelEndPoint.java:104)&#10;at org.eclipse.jetty.util.thread.strategy.EatWhatYouKill.runTask(EatWhatYouKill.java:338)&#10;at org.eclipse.jetty.util.thread.strategy.EatWhatYouKill.doProduce(EatWhatYouKill.java:315)&#10;at org.eclipse.jetty.util.thread.strategy.EatWhatYouKill.tryProduce(EatWhatYouKill.java:173)&#10;at org.eclipse.jetty.util.thread.strategy.EatWhatYouKill.run(EatWhatYouKill.java:131)&#10;at org.eclipse.jetty.util.thread.ReservedThreadExecutor$ReservedThread.run(ReservedThreadExecutor.java:409)&#10;at org.eclipse.jetty.util.thread.QueuedThreadPool.runJob(QueuedThreadPool.java:883)&#10;at org.eclipse.jetty.util.thread.QueuedThreadPool$Runner.run(QueuedThreadPool.java:1034)&#10;at java.base/java.lang.Thread.run(Thread.java:829)&#10;Caused by: net.snowflake.client.jdbc.SnowflakeSQLException: SQL compilation error:&#10;Function EXTRACT does not support VARCHAR(10) argument type&#10;at net.snowflake.client.jdbc.SnowflakeUtil.checkErrorAndThrowExceptionSub(SnowflakeUtil.java:127)&#10;at net.snowflake.client.jdbc.SnowflakeUtil.checkErrorAndThrowException(SnowflakeUtil.java:67)&#10;at net.snowflake.client.core.StmtUtil.pollForOutput(StmtUtil.java:442)&#10;at net.snowflake.client.core.StmtUtil.execute(StmtUtil.java:345)&#10;at net.snowflake.client.core.SFStatement.executeHelper(SFStatement.java:486)&#10;at net.snowflake.client.core.SFStatement.executeQueryInternal(SFStatement.java:197)&#10;at net.snowflake.client.core.SFStatement.executeQuery(SFStatement.java:134)&#10;at net.snowflake.client.core.SFStatement.execute(SFStatement.java:743)&#10;at net.snowflake.client.core.SFStatement.execute(SFStatement.java:639)&#10;at net.snowflake.client.jdbc.SnowflakeStatementV1.executeQueryInternal(SnowflakeStatementV1.java:238)&#10;at net.snowflake.client.jdbc.SnowflakeStatementV1.executeQuery(SnowflakeStatementV1.java:133)&#10;at com.zaxxer.hikari.pool.ProxyStatement.executeQuery(ProxyStatement.java:110)&#10;at com.zaxxer.hikari.pool.HikariProxyStatement.executeQuery(HikariProxyStatement.java)&#10;at org.finos.legend.engine.plan.execution.stores.relational.result.SQLExecutionResult.&lt;init&gt;(SQLExecutionResult.java:95)&#10;... 101 more&#10;&quot;}&apos;&quot;" type="Assert failure at (resource"><![CDATA[Assert failure at (resource:/platform/pure/basics/tests/assertEq.pure line:34 column:5), "500 '{"code":-1,"message":"SnowflakeSQLException: SQL compilation error:
Function EXTRACT does not support VARCHAR(10) argument type","status":"error","trace":"java.lang.RuntimeException: net.snowflake.client.jdbc.SnowflakeSQLException: SQL compilation error:
Function EXTRACT does not support VARCHAR(10) argument type
at org.finos.legend.engine.plan.execution.stores.relational.result.SQLExecutionResult.<init>(SQLExecutionResult.java:123)
at org.finos.legend.engine.plan.execution.stores.relational.RelationalExecutor.execute(RelationalExecutor.java:241)
at org.finos.legend.engine.plan.execution.stores.relational.plugin.RelationalExecutionNodeExecutor.visit(RelationalExecutionNodeExecutor.java:238)
at org.finos.legend.engine.plan.execution.stores.relational.plugin.RelationalExecutionNodeExecutor.visit(RelationalExecutionNodeExecutor.java:346)
at org.finos.legend.engine.plan.execution.stores.relational.plugin.RelationalExecutionNodeExecutor.visit(RelationalExecutionNodeExecutor.java:92)
at org.finos.legend.engine.protocol.pure.v1.model.executionPlan.nodes.RelationalDataTypeInstantiationExecutionNode.accept(RelationalDataTypeInstantiationExecutionNode.java:22)
at org.finos.legend.engine.plan.execution.stores.relational.RelationalExecutionExtension.lambda$getExtraNodeExecutors$fbe53481$1(RelationalExecutionExtension.java:50)
at org.finos.legend.engine.plan.execution.nodes.ExecutionNodeExecutor.lambda$visit$0(ExecutionNodeExecutor.java:164)
at java.base/java.util.stream.ReferencePipeline$3$1.accept(ReferencePipeline.java:195)
at java.base/java.util.Spliterators$ArraySpliterator.tryAdvance(Spliterators.java:958)
at java.base/java.util.stream.ReferencePipeline.forEachWithCancel(ReferencePipeline.java:127)
at java.base/java.util.stream.AbstractPipeline.copyIntoWithCancel(AbstractPipeline.java:502)
at java.base/java.util.stream.AbstractPipeline.copyInto(AbstractPipeline.java:488)
at java.base/java.util.stream.AbstractPipeline.wrapAndCopyInto(AbstractPipeline.java:474)
at java.base/java.util.stream.FindOps$FindOp.evaluateSequential(FindOps.java:150)
at java.base/java.util.stream.AbstractPipeline.evaluate(AbstractPipeline.java:234)
at java.base/java.util.stream.ReferencePipeline.findFirst(ReferencePipeline.java:543)
at org.finos.legend.engine.plan.execution.nodes.ExecutionNodeExecutor.visit(ExecutionNodeExecutor.java:164)
at org.finos.legend.engine.plan.execution.nodes.ExecutionNodeExecutor.visit(ExecutionNodeExecutor.java:107)
at org.finos.legend.engine.protocol.pure.v1.model.executionPlan.nodes.RelationalDataTypeInstantiationExecutionNode.accept(RelationalDataTypeInstantiationExecutionNode.java:22)
at org.finos.legend.engine.plan.execution.PlanExecutor.execute(PlanExecutor.java:238)
at org.finos.legend.engine.plan.execution.PlanExecutor.execute(PlanExecutor.java:225)
at org.finos.legend.engine.plan.execution.api.ExecutePlan.doExecutePlanLegacy(ExecutePlan.java:102)
at org.finos.legend.engine.plan.execution.api.ExecutePlan.doExecutePlan(ExecutePlan.java:84)
at org.finos.legend.engine.plan.execution.api.ExecutePlanLegacy.executePlan(ExecutePlanLegacy.java:56)
at jdk.internal.reflect.GeneratedMethodAccessor100.invoke(Unknown Source)
at java.base/jdk.internal.reflect.DelegatingMethodAccessorImpl.invoke(DelegatingMethodAccessorImpl.java:43)
at java.base/java.lang.reflect.Method.invoke(Method.java:566)
at org.glassfish.jersey.server.model.internal.ResourceMethodInvocationHandlerFactory$1.invoke(ResourceMethodInvocationHandlerFactory.java:81)
at org.glassfish.jersey.server.model.internal.AbstractJavaResourceMethodDispatcher$1.run(AbstractJavaResourceMethodDispatcher.java:144)
at org.glassfish.jersey.server.model.internal.AbstractJavaResourceMethodDispatcher.invoke(AbstractJavaResourceMethodDispatcher.java:161)
at org.glassfish.jersey.server.model.internal.JavaResourceMethodDispatcherProvider$ResponseOutInvoker.doDispatch(JavaResourceMethodDispatcherProvider.java:160)
at org.glassfish.jersey.server.model.internal.AbstractJavaResourceMethodDispatcher.dispatch(AbstractJavaResourceMethodDispatcher.java:99)
at org.glassfish.jersey.server.model.ResourceMethodInvoker.invoke(ResourceMethodInvoker.java:389)
at org.glassfish.jersey.server.model.ResourceMethodInvoker.apply(ResourceMethodInvoker.java:347)
at org.glassfish.jersey.server.model.ResourceMethodInvoker.apply(ResourceMethodInvoker.java:102)
at org.glassfish.jersey.server.ServerRuntime$2.run(ServerRuntime.java:326)
at org.glassfish.jersey.internal.Errors$1.call(Errors.java:271)
at org.glassfish.jersey.internal.Errors$1.call(Errors.java:267)
at org.glassfish.jersey.internal.Errors.process(Errors.java:315)
at org.glassfish.jersey.internal.Errors.process(Errors.java:297)
at org.glassfish.jersey.internal.Errors.process(Errors.java:267)
at org.glassfish.jersey.process.internal.RequestScope.runInScope(RequestScope.java:317)
at org.glassfish.jersey.server.ServerRuntime.process(ServerRuntime.java:305)
at org.glassfish.jersey.server.ApplicationHandler.handle(ApplicationHandler.java:1154)
at org.glassfish.jersey.servlet.WebComponent.serviceImpl(WebComponent.java:473)
at org.glassfish.jersey.servlet.WebComponent.service(WebComponent.java:427)
at org.glassfish.jersey.servlet.ServletContainer.service(ServletContainer.java:388)
at org.glassfish.jersey.servlet.ServletContainer.service(ServletContainer.java:341)
at org.glassfish.jersey.servlet.ServletContainer.service(ServletContainer.java:228)
at org.eclipse.jetty.servlet.ServletHolder.handle(ServletHolder.java:799)
at org.eclipse.jetty.servlet.ServletHandler$ChainEnd.doFilter(ServletHandler.java:1631)
at io.dropwizard.servlets.ThreadNameFilter.doFilter(ThreadNameFilter.java:35)
at org.eclipse.jetty.servlet.FilterHolder.doFilter(FilterHolder.java:193)
at org.eclipse.jetty.servlet.ServletHandler$Chain.doFilter(ServletHandler.java:1601)
at io.dropwizard.jersey.filter.AllowedMethodsFilter.handle(AllowedMethodsFilter.java:45)
at io.dropwizard.jersey.filter.AllowedMethodsFilter.doFilter(AllowedMethodsFilter.java:39)
at org.eclipse.jetty.servlet.FilterHolder.doFilter(FilterHolder.java:193)
at org.eclipse.jetty.servlet.ServletHandler$Chain.doFilter(ServletHandler.java:1601)
at org.finos.legend.server.pac4j.internal.UsernameFilter.doFilter(UsernameFilter.java:51)
at org.eclipse.jetty.servlet.FilterHolder.doFilter(FilterHolder.java:193)
at org.eclipse.jetty.servlet.ServletHandler$Chain.doFilter(ServletHandler.java:1601)
at org.pac4j.j2e.filter.SecurityFilter.lambda$internalFilter$0(SecurityFilter.java:95)
at org.pac4j.core.engine.DefaultSecurityLogic.perform(DefaultSecurityLogic.java:140)
at org.pac4j.j2e.filter.SecurityFilter.internalFilter(SecurityFilter.java:93)
at org.pac4j.j2e.filter.AbstractConfigFilter.doFilter(AbstractConfigFilter.java:81)
at org.eclipse.jetty.servlet.FilterHolder.doFilter(FilterHolder.java:193)
at org.eclipse.jetty.servlet.ServletHandler$Chain.doFilter(ServletHandler.java:1601)
at org.eclipse.jetty.servlet.ServletHandler.doHandle(ServletHandler.java:548)
at org.eclipse.jetty.server.handler.ScopedHandler.nextHandle(ScopedHandler.java:233)
at org.eclipse.jetty.server.session.SessionHandler.doHandle(SessionHandler.java:1624)
at org.eclipse.jetty.server.handler.ScopedHandler.nextHandle(ScopedHandler.java:233)
at org.eclipse.jetty.server.handler.ContextHandler.doHandle(ContextHandler.java:1434)
at org.eclipse.jetty.server.handler.ScopedHandler.nextScope(ScopedHandler.java:188)
at org.eclipse.jetty.servlet.ServletHandler.doScope(ServletHandler.java:501)
at org.eclipse.jetty.server.session.SessionHandler.doScope(SessionHandler.java:1594)
at org.eclipse.jetty.server.handler.ScopedHandler.nextScope(ScopedHandler.java:186)
at org.eclipse.jetty.server.handler.ContextHandler.doScope(ContextHandler.java:1349)
at org.eclipse.jetty.server.handler.ScopedHandler.handle(ScopedHandler.java:141)
at org.eclipse.jetty.server.handler.HandlerWrapper.handle(HandlerWrapper.java:127)
at com.codahale.metrics.jetty9.InstrumentedHandler.handle(InstrumentedHandler.java:313)
at io.dropwizard.jetty.ContextRoutingHandler.handle(ContextRoutingHandler.java:37)
at org.eclipse.jetty.server.handler.gzip.GzipHandler.handle(GzipHandler.java:713)
at io.dropwizard.jetty.BiDiGzipHandler.handle(BiDiGzipHandler.java:67)
at org.eclipse.jetty.server.handler.StatisticsHandler.handle(StatisticsHandler.java:179)
at org.eclipse.jetty.server.handler.HandlerWrapper.handle(HandlerWrapper.java:127)
at org.eclipse.jetty.server.Server.handle(Server.java:516)
at org.eclipse.jetty.server.HttpChannel.lambda$handle$1(HttpChannel.java:400)
at org.eclipse.jetty.server.HttpChannel.dispatch(HttpChannel.java:645)
at org.eclipse.jetty.server.HttpChannel.handle(HttpChannel.java:392)
at org.eclipse.jetty.server.HttpConnection.onFillable(HttpConnection.java:277)
at org.eclipse.jetty.io.AbstractConnection$ReadCallback.succeeded(AbstractConnection.java:311)
at org.eclipse.jetty.io.FillInterest.fillable(FillInterest.java:105)
at org.eclipse.jetty.io.ChannelEndPoint$1.run(ChannelEndPoint.java:104)
at org.eclipse.jetty.util.thread.strategy.EatWhatYouKill.runTask(EatWhatYouKill.java:338)
at org.eclipse.jetty.util.thread.strategy.EatWhatYouKill.doProduce(EatWhatYouKill.java:315)
at org.eclipse.jetty.util.thread.strategy.EatWhatYouKill.tryProduce(EatWhatYouKill.java:173)
at org.eclipse.jetty.util.thread.strategy.EatWhatYouKill.run(EatWhatYouKill.java:131)
at org.eclipse.jetty.util.thread.ReservedThreadExecutor$ReservedThread.run(ReservedThreadExecutor.java:409)
at org.eclipse.jetty.util.thread.QueuedThreadPool.runJob(QueuedThreadPool.java:883)
at org.eclipse.jetty.util.thread.QueuedThreadPool$Runner.run(QueuedThreadPool.java:1034)
at java.base/java.lang.Thread.run(Thread.java:829)
Caused by: net.snowflake.client.jdbc.SnowflakeSQLException: SQL compilation error:
Function EXTRACT does not support VARCHAR(10) argument type
at net.snowflake.client.jdbc.SnowflakeUtil.checkErrorAndThrowExceptionSub(SnowflakeUtil.java:127)
at net.snowflake.client.jdbc.SnowflakeUtil.checkErrorAndThrowException(SnowflakeUtil.java:67)
at net.snowflake.client.core.StmtUtil.pollForOutput(StmtUtil.java:442)
at net.snowflake.client.core.StmtUtil.execute(StmtUtil.java:345)
at net.snowflake.client.core.SFStatement.executeHelper(SFStatement.java:486)
at net.snowflake.client.core.SFStatement.executeQueryInternal(SFStatement.java:197)
at net.snowflake.client.core.SFStatement.executeQuery(SFStatement.java:134)
at net.snowflake.client.core.SFStatement.execute(SFStatement.java:743)
at net.snowflake.client.core.SFStatement.execute(SFStatement.java:639)
at net.snowflake.client.jdbc.SnowflakeStatementV1.executeQueryInternal(SnowflakeStatementV1.java:238)
at net.snowflake.client.jdbc.SnowflakeStatementV1.executeQuery(SnowflakeStatementV1.java:133)
at com.zaxxer.hikari.pool.ProxyStatement.executeQuery(ProxyStatement.java:110)
at com.zaxxer.hikari.pool.HikariProxyStatement.executeQuery(HikariProxyStatement.java)
at org.finos.legend.engine.plan.execution.stores.relational.result.SQLExecutionResult.<init>(SQLExecutionResult.java:95)
... 101 more
"}'"
	at org.finos.legend.pure.runtime.java.compiled.generation.processors.support.CompiledSupport.pureAssert(CompiledSupport.java:1994)
	at org.finos.legend.pure.generated.platform_pure_basics_tests_assertEq.Root_meta_pure_functions_asserts_assertEq_Any_1__Any_1__Function_1__Boolean_1_(platform_pure_basics_tests_assertEq.java:44)
	at org.finos.legend.pure.generated.core_pure_protocol_vX_X_X_invocations_execution.Root_meta_protocols_pure_vX_X_X_invocation_execution_execute_executePlan_String_1__String_1__Integer_1__String_1_(core_pure_protocol_vX_X_X_invocations_execution.java:751)
	at org.finos.legend.pure.generated.core_pure_protocol_vX_X_X_invocations_execution.Root_meta_protocols_pure_vX_X_X_invocation_execution_execute_executePlan_ExecutionPlan_1__String_1__Integer_1__Extension_MANY__String_1_(core_pure_protocol_vX_X_X_invocations_execution.java:745)
	at org.finos.legend.pure.generated.core_pure_protocol_vX_X_X_invocations_execution.Root_meta_protocols_pure_vX_X_X_invocation_execution_execute_executePlan_ExecutionPlan_1__ExecutionContext_$0_1$__String_1__Integer_1__Extension_MANY__Result_1_(core_pure_protocol_vX_X_X_invocations_execution.java:738)
	at jdk.internal.reflect.GeneratedMethodAccessor96.invoke(Unknown Source)
	at java.base/jdk.internal.reflect.DelegatingMethodAccessorImpl.invoke(DelegatingMethodAccessorImpl.java:43)
	at java.base/java.lang.reflect.Method.invoke(Method.java:566)
	at org.finos.legend.pure.runtime.java.compiled.metadata.JavaMethodWithParamsSharedPureFunction.execute(JavaMethodWithParamsSharedPureFunction.java:59)
	at org.finos.legend.pure.runtime.java.compiled.generation.processors.support.Pure._evaluateToMany(Pure.java:546)
	at org.finos.legend.pure.generated.CoreGen.evaluateToMany(CoreGen.java:147)
	at org.finos.legend.pure.generated.CoreGen.evaluateToMany(CoreGen.java:134)
	at org.finos.legend.pure.generated.core_pure_router_router_entry$9$1.value(core_pure_router_router_entry.java:318)
	at org.finos.legend.pure.generated.core_pure_router_router_entry$9$1.execute(core_pure_router_router_entry.java:311)
	at org.finos.legend.pure.generated.core_pure_router_router_entry$9$1.execute(core_pure_router_router_entry.java:307)
	at org.finos.legend.pure.runtime.java.compiled.generation.processors.support.Pure.evaluate(Pure.java:485)
	at org.finos.legend.pure.runtime.java.compiled.generation.processors.support.Pure.legendTest(Pure.java:216)
	at org.finos.legend.pure.generated.CoreGen.legendTest(CoreGen.java:61)
	at org.finos.legend.pure.generated.core_pure_router_router_entry$9.valueOf(core_pure_router_router_entry.java:303)
	at org.finos.legend.pure.generated.core_pure_router_router_entry$9.execute(core_pure_router_router_entry.java:298)
	at org.finos.legend.pure.generated.core_pure_router_router_entry$9.execute(core_pure_router_router_entry.java:294)
	at org.finos.legend.pure.runtime.java.compiled.generation.processors.support.Pure.evaluate(Pure.java:485)
	at org.finos.legend.pure.runtime.java.compiled.generation.processors.support.Pure.traceSpan(Pure.java:1482)
	at org.finos.legend.pure.generated.CoreGen.traceSpan(CoreGen.java:203)
	at org.finos.legend.pure.generated.core_pure_router_router_entry.Root_meta_pure_router_executePlan_ExecutionPlan_1__ExecutionContext_1__Extension_MANY__Result_$0_1$_(core_pure_router_router_entry.java:290)
	at org.finos.legend.pure.generated.core_pure_router_router_entry.Root_meta_pure_router_executePlan_ExecutionPlan_1__Extension_MANY__Result_$0_1$_(core_pure_router_router_entry.java:285)
	at org.finos.legend.pure.generated.core_relational_relational_sqlQueryToString_dbTestRunner_testRunner$20.execute(core_relational_relational_sqlQueryToString_dbTestRunner_testRunner.java:386)
	at org.finos.legend.pure.generated.core_relational_relational_sqlQueryToString_dbTestRunner_testRunner.Root_meta_relational_dbTestRunner_runSqlQueryTest_SQLQuery_1__Literal_$1_MANY$__Pair_MANY__Function_$0_1$__DbTestConfig_1__Boolean_1_(core_relational_relational_sqlQueryToString_dbTestRunner_testRunner.java:424)
	at org.finos.legend.pure.generated.core_relational_relational_sqlQueryToString_dbTestRunner_testRunner.Root_meta_relational_dbTestRunner_runSqlQueryTest_SQLQuery_1__Literal_$1_MANY$__Function_$0_1$__DbTestConfig_1__Boolean_1_(core_relational_relational_sqlQueryToString_dbTestRunner_testRunner.java:374)
	at org.finos.legend.pure.generated.core_relational_relational_sqlQueryToString_dbTestRunner_dynaFunctionTestRunner.Root_meta_relational_dbTestRunner_runDynaFunctionDatabaseTest_DynaFunction_1__Literal_$1_MANY$__Function_$0_1$__DbTestConfig_1__Boolean_1_(core_relational_relational_sqlQueryToString_dbTestRunner_dynaFunctionTestRunner.java:64)
	at org.finos.legend.pure.generated.core_relational_relational_sqlQueryToString_dbTestRunner_dynaFunctionTestRunner.Root_meta_relational_dbTestRunner_runDynaFunctionDatabaseTest_DynaFunction_1__Literal_$1_MANY$__DbTestConfig_1__Boolean_1_(core_relational_relational_sqlQueryToString_dbTestRunner_dynaFunctionTestRunner.java:58)
	at org.finos.legend.pure.generated.core_relational_relational_sqlQueryToString_testSuite_dynaFunctions_date.Root_meta_relational_tests_dbSpecificTests_sqlQueryTests_dynaFunctions_previousDayOfWeek_testPreviousDayOfWeekWithDate_DbTestConfig_1__Boolean_1_(core_relational_relational_sqlQueryToString_testSuite_dynaFunctions_date.java:235)
	at java.base/jdk.internal.reflect.NativeMethodAccessorImpl.invoke0(Native Method)
	at java.base/jdk.internal.reflect.NativeMethodAccessorImpl.invoke(NativeMethodAccessorImpl.java:62)
	at java.base/jdk.internal.reflect.DelegatingMethodAccessorImpl.invoke(DelegatingMethodAccessorImpl.java:43)
	at java.base/java.lang.reflect.Method.invoke(Method.java:566)
	at org.finos.legend.pure.runtime.java.compiled.testHelper.PureTestBuilderCompiled.executeFn(PureTestBuilderCompiled.java:113)
	at org.finos.legend.pure.runtime.java.compiled.testHelper.PureTestBuilderCompiled.lambda$buildSuite$0(PureTestBuilderCompiled.java:79)
	at org.finos.legend.pure.m3.execution.test.PureTestBuilder$PureTestCase.runTest(PureTestBuilder.java:95)
	at junit.framework.TestCase.runBare(TestCase.java:142)
	at org.finos.legend.engine.server.test.shared.Relational_DbSpecific_UsingPureClientTestSuite$2.runTest(Relational_DbSpecific_UsingPureClientTestSuite.java:90)
	at junit.framework.TestCase.runBare(TestCase.java:142)
	at junit.framework.TestResult$1.protect(TestResult.java:122)
	at junit.framework.TestResult.runProtected(TestResult.java:142)
	at junit.framework.TestResult.run(TestResult.java:125)
	at junit.framework.TestCase.run(TestCase.java:130)
	at junit.framework.TestSuite.runTest(TestSuite.java:241)
	at junit.framework.TestSuite.run(TestSuite.java:236)
	at junit.framework.TestSuite.runTest(TestSuite.java:241)
	at junit.framework.TestSuite.run(TestSuite.java:236)
	at junit.framework.TestSuite.runTest(TestSuite.java:241)
	at junit.framework.TestSuite.run(TestSuite.java:236)
	at junit.framework.TestSuite.runTest(TestSuite.java:241)
	at junit.framework.TestSuite.run(TestSuite.java:236)
	at junit.framework.TestSuite.runTest(TestSuite.java:241)
	at junit.framework.TestSuite.run(TestSuite.java:236)
	at junit.extensions.TestDecorator.basicRun(TestDecorator.java:24)
	at junit.extensions.TestSetup$1.protect(TestSetup.java:23)
	at junit.framework.TestResult.runProtected(TestResult.java:142)
	at junit.extensions.TestSetup.run(TestSetup.java:27)
	at org.junit.internal.runners.JUnit38ClassRunner.run(JUnit38ClassRunner.java:90)
	at org.apache.maven.surefire.junit4.JUnit4Provider.execute(JUnit4Provider.java:365)
	at org.apache.maven.surefire.junit4.JUnit4Provider.executeWithRerun(JUnit4Provider.java:273)
	at org.apache.maven.surefire.junit4.JUnit4Provider.executeTestSet(JUnit4Provider.java:238)
	at org.apache.maven.surefire.junit4.JUnit4Provider.invoke(JUnit4Provider.java:159)
	at org.apache.maven.surefire.booter.ForkedBooter.invokeProviderInSameClassLoader(ForkedBooter.java:384)
	at org.apache.maven.surefire.booter.ForkedBooter.runSuitesInProcess(ForkedBooter.java:345)
	at org.apache.maven.surefire.booter.ForkedBooter.execute(ForkedBooter.java:126)
	at org.apache.maven.surefire.booter.ForkedBooter.main(ForkedBooter.java:418)
]]></error>
    <system-out><![CDATA[Running db test dynaFunctions::previousDayOfWeek::testPreviousDayOfWeekWithDate
{"duration":0.0,"eventType":"EXECUTION_PLAN_EXEC_ERROR","info":{"code":-1,"message":"SnowflakeSQLException: SQL compilation error:\nFunction EXTRACT does not support VARCHAR(10) argument type","status":"error","trace":"java.lang.RuntimeException: net.snowflake.client.jdbc.SnowflakeSQLException: SQL compilation error:\nFunction EXTRACT does not support VARCHAR(10) argument type\n\tat org.finos.legend.engine.plan.execution.stores.relational.result.SQLExecutionResult.<init>(SQLExecutionResult.java:123)\n\tat org.finos.legend.engine.plan.execution.stores.relational.RelationalExecutor.execute(RelationalExecutor.java:241)\n\tat org.finos.legend.engine.plan.execution.stores.relational.plugin.RelationalExecutionNodeExecutor.visit(RelationalExecutionNodeExecutor.java:238)\n\tat org.finos.legend.engine.plan.execution.stores.relational.plugin.RelationalExecutionNodeExecutor.visit(RelationalExecutionNodeExecutor.java:346)\n\tat org.finos.legend.engine.plan.execution.stores.relational.plugin.RelationalExecutionNodeExecutor.visit(RelationalExecutionNodeExecutor.java:92)\n\tat org.finos.legend.engine.protocol.pure.v1.model.executionPlan.nodes.RelationalDataTypeInstantiationExecutionNode.accept(RelationalDataTypeInstantiationExecutionNode.java:22)\n\tat org.finos.legend.engine.plan.execution.stores.relational.RelationalExecutionExtension.lambda$getExtraNodeExecutors$fbe53481$1(RelationalExecutionExtension.java:50)\n\tat org.finos.legend.engine.plan.execution.nodes.ExecutionNodeExecutor.lambda$visit$0(ExecutionNodeExecutor.java:164)\n\tat java.base/java.util.stream.ReferencePipeline$3$1.accept(ReferencePipeline.java:195)\n\tat java.base/java.util.Spliterators$ArraySpliterator.tryAdvance(Spliterators.java:958)\n\tat java.base/java.util.stream.ReferencePipeline.forEachWithCancel(ReferencePipeline.java:127)\n\tat java.base/java.util.stream.AbstractPipeline.copyIntoWithCancel(AbstractPipeline.java:502)\n\tat java.base/java.util.stream.AbstractPipeline.copyInto(AbstractPipeline.java:488)\n\tat java.base/java.util.stream.AbstractPipeline.wrapAndCopyInto(AbstractPipeline.java:474)\n\tat java.base/java.util.stream.FindOps$FindOp.evaluateSequential(FindOps.java:150)\n\tat java.base/java.util.stream.AbstractPipeline.evaluate(AbstractPipeline.java:234)\n\tat java.base/java.util.stream.ReferencePipeline.findFirst(ReferencePipeline.java:543)\n\tat org.finos.legend.engine.plan.execution.nodes.ExecutionNodeExecutor.visit(ExecutionNodeExecutor.java:164)\n\tat org.finos.legend.engine.plan.execution.nodes.ExecutionNodeExecutor.visit(ExecutionNodeExecutor.java:107)\n\tat org.finos.legend.engine.protocol.pure.v1.model.executionPlan.nodes.RelationalDataTypeInstantiationExecutionNode.accept(RelationalDataTypeInstantiationExecutionNode.java:22)\n\tat org.finos.legend.engine.plan.execution.PlanExecutor.execute(PlanExecutor.java:238)\n\tat org.finos.legend.engine.plan.execution.PlanExecutor.execute(PlanExecutor.java:225)\n\tat org.finos.legend.engine.plan.execution.api.ExecutePlan.doExecutePlanLegacy(ExecutePlan.java:102)\n\tat org.finos.legend.engine.plan.execution.api.ExecutePlan.doExecutePlan(ExecutePlan.java:84)\n\tat org.finos.legend.engine.plan.execution.api.ExecutePlanLegacy.executePlan(ExecutePlanLegacy.java:56)\n\tat jdk.internal.reflect.GeneratedMethodAccessor100.invoke(Unknown Source)\n\tat java.base/jdk.internal.reflect.DelegatingMethodAccessorImpl.invoke(DelegatingMethodAccessorImpl.java:43)\n\tat java.base/java.lang.reflect.Method.invoke(Method.java:566)\n\tat org.glassfish.jersey.server.model.internal.ResourceMethodInvocationHandlerFactory$1.invoke(ResourceMethodInvocationHandlerFactory.java:81)\n\tat org.glassfish.jersey.server.model.internal.AbstractJavaResourceMethodDispatcher$1.run(AbstractJavaResourceMethodDispatcher.java:144)\n\tat org.glassfish.jersey.server.model.internal.AbstractJavaResourceMethodDispatcher.invoke(AbstractJavaResourceMethodDispatcher.java:161)\n\tat org.glassfish.jersey.server.model.internal.JavaResourceMethodDispatcherProvider$ResponseOutInvoker.doDispatch(JavaResourceMethodDispatcherProvider.java:160)\n\tat org.glassfish.jersey.server.model.internal.AbstractJavaResourceMethodDispatcher.dispatch(AbstractJavaResourceMethodDispatcher.java:99)\n\tat org.glassfish.jersey.server.model.ResourceMethodInvoker.invoke(ResourceMethodInvoker.java:389)\n\tat org.glassfish.jersey.server.model.ResourceMethodInvoker.apply(ResourceMethodInvoker.java:347)\n\tat org.glassfish.jersey.server.model.ResourceMethodInvoker.apply(ResourceMethodInvoker.java:102)\n\tat org.glassfish.jersey.server.ServerRuntime$2.run(ServerRuntime.java:326)\n\tat org.glassfish.jersey.internal.Errors$1.call(Errors.java:271)\n\tat org.glassfish.jersey.internal.Errors$1.call(Errors.java:267)\n\tat org.glassfish.jersey.internal.Errors.process(Errors.java:315)\n\tat org.glassfish.jersey.internal.Errors.process(Errors.java:297)\n\tat org.glassfish.jersey.internal.Errors.process(Errors.java:267)\n\tat org.glassfish.jersey.process.internal.RequestScope.runInScope(RequestScope.java:317)\n\tat org.glassfish.jersey.server.ServerRuntime.process(ServerRuntime.java:305)\n\tat org.glassfish.jersey.server.ApplicationHandler.handle(ApplicationHandler.java:1154)\n\tat org.glassfish.jersey.servlet.WebComponent.serviceImpl(WebComponent.java:473)\n\tat org.glassfish.jersey.servlet.WebComponent.service(WebComponent.java:427)\n\tat org.glassfish.jersey.servlet.ServletContainer.service(ServletContainer.java:388)\n\tat org.glassfish.jersey.servlet.ServletContainer.service(ServletContainer.java:341)\n\tat org.glassfish.jersey.servlet.ServletContainer.service(ServletContainer.java:228)\n\tat org.eclipse.jetty.servlet.ServletHolder.handle(ServletHolder.java:799)\n\tat org.eclipse.jetty.servlet.ServletHandler$ChainEnd.doFilter(ServletHandler.java:1631)\n\tat io.dropwizard.servlets.ThreadNameFilter.doFilter(ThreadNameFilter.java:35)\n\tat org.eclipse.jetty.servlet.FilterHolder.doFilter(FilterHolder.java:193)\n\tat org.eclipse.jetty.servlet.ServletHandler$Chain.doFilter(ServletHandler.java:1601)\n\tat io.dropwizard.jersey.filter.AllowedMethodsFilter.handle(AllowedMethodsFilter.java:45)\n\tat io.dropwizard.jersey.filter.AllowedMethodsFilter.doFilter(AllowedMethodsFilter.java:39)\n\tat org.eclipse.jetty.servlet.FilterHolder.doFilter(FilterHolder.java:193)\n\tat org.eclipse.jetty.servlet.ServletHandler$Chain.doFilter(ServletHandler.java:1601)\n\tat org.finos.legend.server.pac4j.internal.UsernameFilter.doFilter(UsernameFilter.java:51)\n\tat org.eclipse.jetty.servlet.FilterHolder.doFilter(FilterHolder.java:193)\n\tat org.eclipse.jetty.servlet.ServletHandler$Chain.doFilter(ServletHandler.java:1601)\n\tat org.pac4j.j2e.filter.SecurityFilter.lambda$internalFilter$0(SecurityFilter.java:95)\n\tat org.pac4j.core.engine.DefaultSecurityLogic.perform(DefaultSecurityLogic.java:140)\n\tat org.pac4j.j2e.filter.SecurityFilter.internalFilter(SecurityFilter.java:93)\n\tat org.pac4j.j2e.filter.AbstractConfigFilter.doFilter(AbstractConfigFilter.java:81)\n\tat org.eclipse.jetty.servlet.FilterHolder.doFilter(FilterHolder.java:193)\n\tat org.eclipse.jetty.servlet.ServletHandler$Chain.doFilter(ServletHandler.java:1601)\n\tat org.eclipse.jetty.servlet.ServletHandler.doHandle(ServletHandler.java:548)\n\tat org.eclipse.jetty.server.handler.ScopedHandler.nextHandle(ScopedHandler.java:233)\n\tat org.eclipse.jetty.server.session.SessionHandler.doHandle(SessionHandler.java:1624)\n\tat org.eclipse.jetty.server.handler.ScopedHandler.nextHandle(ScopedHandler.java:233)\n\tat org.eclipse.jetty.server.handler.ContextHandler.doHandle(ContextHandler.java:1434)\n\tat org.eclipse.jetty.server.handler.ScopedHandler.nextScope(ScopedHandler.java:188)\n\tat org.eclipse.jetty.servlet.ServletHandler.doScope(ServletHandler.java:501)\n\tat org.eclipse.jetty.server.session.SessionHandler.doScope(SessionHandler.java:1594)\n\tat org.eclipse.jetty.server.handler.ScopedHandler.nextScope(ScopedHandler.java:186)\n\tat org.eclipse.jetty.server.handler.ContextHandler.doScope(ContextHandler.java:1349)\n\tat org.eclipse.jetty.server.handler.ScopedHandler.handle(ScopedHandler.java:141)\n\tat org.eclipse.jetty.server.handler.HandlerWrapper.handle(HandlerWrapper.java:127)\n\tat com.codahale.metrics.jetty9.InstrumentedHandler.handle(InstrumentedHandler.java:313)\n\tat io.dropwizard.jetty.ContextRoutingHandler.handle(ContextRoutingHandler.java:37)\n\tat org.eclipse.jetty.server.handler.gzip.GzipHandler.handle(GzipHandler.java:713)\n\tat io.dropwizard.jetty.BiDiGzipHandler.handle(BiDiGzipHandler.java:67)\n\tat org.eclipse.jetty.server.handler.StatisticsHandler.handle(StatisticsHandler.java:179)\n\tat org.eclipse.jetty.server.handler.HandlerWrapper.handle(HandlerWrapper.java:127)\n\tat org.eclipse.jetty.server.Server.handle(Server.java:516)\n\tat org.eclipse.jetty.server.HttpChannel.lambda$handle$1(HttpChannel.java:400)\n\tat org.eclipse.jetty.server.HttpChannel.dispatch(HttpChannel.java:645)\n\tat org.eclipse.jetty.server.HttpChannel.handle(HttpChannel.java:392)\n\tat org.eclipse.jetty.server.HttpConnection.onFillable(HttpConnection.java:277)\n\tat org.eclipse.jetty.io.AbstractConnection$ReadCallback.succeeded(AbstractConnection.java:311)\n\tat org.eclipse.jetty.io.FillInterest.fillable(FillInterest.java:105)\n\tat org.eclipse.jetty.io.ChannelEndPoint$1.run(ChannelEndPoint.java:104)\n\tat org.eclipse.jetty.util.thread.strategy.EatWhatYouKill.runTask(EatWhatYouKill.java:338)\n\tat org.eclipse.jetty.util.thread.strategy.EatWhatYouKill.doProduce(EatWhatYouKill.java:315)\n\tat org.eclipse.jetty.util.thread.strategy.EatWhatYouKill.tryProduce(EatWhatYouKill.java:173)\n\tat org.eclipse.jetty.util.thread.strategy.EatWhatYouKill.run(EatWhatYouKill.java:131)\n\tat org.eclipse.jetty.util.thread.ReservedThreadExecutor$ReservedThread.run(ReservedThreadExecutor.java:409)\n\tat org.eclipse.jetty.util.thread.QueuedThreadPool.runJob(QueuedThreadPool.java:883)\n\tat org.eclipse.jetty.util.thread.QueuedThreadPool$Runner.run(QueuedThreadPool.java:1034)\n\tat java.base/java.lang.Thread.run(Thread.java:829)\nCaused by: net.snowflake.client.jdbc.SnowflakeSQLException: SQL compilation error:\nFunction EXTRACT does not support VARCHAR(10) argument type\n\tat net.snowflake.client.jdbc.SnowflakeUtil.checkErrorAndThrowExceptionSub(SnowflakeUtil.java:127)\n\tat net.snowflake.client.jdbc.SnowflakeUtil.checkErrorAndThrowException(SnowflakeUtil.java:67)\n\tat net.snowflake.client.core.StmtUtil.pollForOutput(StmtUtil.java:442)\n\tat net.snowflake.client.core.StmtUtil.execute(StmtUtil.java:345)\n\tat net.snowflake.client.core.SFStatement.executeHelper(SFStatement.java:486)\n\tat net.snowflake.client.core.SFStatement.executeQueryInternal(SFStatement.java:197)\n\tat net.snowflake.client.core.SFStatement.executeQuery(SFStatement.java:134)\n\tat net.snowflake.client.core.SFStatement.execute(SFStatement.java:743)\n\tat net.snowflake.client.core.SFStatement.execute(SFStatement.java:639)\n\tat net.snowflake.client.jdbc.SnowflakeStatementV1.executeQueryInternal(SnowflakeStatementV1.java:238)\n\tat net.snowflake.client.jdbc.SnowflakeStatementV1.executeQuery(SnowflakeStatementV1.java:133)\n\tat com.zaxxer.hikari.pool.ProxyStatement.executeQuery(ProxyStatement.java:110)\n\tat com.zaxxer.hikari.pool.HikariProxyStatement.executeQuery(HikariProxyStatement.java)\n\tat org.finos.legend.engine.plan.execution.stores.relational.result.SQLExecutionResult.<init>(SQLExecutionResult.java:95)\n\t... 101 more\n"},"mode":"DEV","timeStamp":"2023-02-23 01:31:01.590","user":"_UNKNOWN_"}
| **dynaFunctions::previousDayOfWeek::testPreviousDayOfWeekWithDate** | failing :x: |
]]></system-out>
  </testcase>
  <testcase name="testQuarterNumber[Snowflake]" classname="org.finos.legend.engine.server.test.shared.Relational_DbSpecific_UsingPureClientTestSuite$2" time="0.172">
    <error message="Assert failure at (resource:/platform/pure/basics/tests/assertEq.pure line:34 column:5), &quot;500 &apos;{&quot;code&quot;:-1,&quot;message&quot;:&quot;SnowflakeSQLException: SQL compilation error:&#10;Function EXTRACT does not support VARCHAR(19) argument type&quot;,&quot;status&quot;:&quot;error&quot;,&quot;trace&quot;:&quot;java.lang.RuntimeException: net.snowflake.client.jdbc.SnowflakeSQLException: SQL compilation error:&#10;Function EXTRACT does not support VARCHAR(19) argument type&#10;at org.finos.legend.engine.plan.execution.stores.relational.result.SQLExecutionResult.&lt;init&gt;(SQLExecutionResult.java:123)&#10;at org.finos.legend.engine.plan.execution.stores.relational.RelationalExecutor.execute(RelationalExecutor.java:241)&#10;at org.finos.legend.engine.plan.execution.stores.relational.plugin.RelationalExecutionNodeExecutor.visit(RelationalExecutionNodeExecutor.java:238)&#10;at org.finos.legend.engine.plan.execution.stores.relational.plugin.RelationalExecutionNodeExecutor.visit(RelationalExecutionNodeExecutor.java:346)&#10;at org.finos.legend.engine.plan.execution.stores.relational.plugin.RelationalExecutionNodeExecutor.visit(RelationalExecutionNodeExecutor.java:92)&#10;at org.finos.legend.engine.protocol.pure.v1.model.executionPlan.nodes.RelationalDataTypeInstantiationExecutionNode.accept(RelationalDataTypeInstantiationExecutionNode.java:22)&#10;at org.finos.legend.engine.plan.execution.stores.relational.RelationalExecutionExtension.lambda$getExtraNodeExecutors$fbe53481$1(RelationalExecutionExtension.java:50)&#10;at org.finos.legend.engine.plan.execution.nodes.ExecutionNodeExecutor.lambda$visit$0(ExecutionNodeExecutor.java:164)&#10;at java.base/java.util.stream.ReferencePipeline$3$1.accept(ReferencePipeline.java:195)&#10;at java.base/java.util.Spliterators$ArraySpliterator.tryAdvance(Spliterators.java:958)&#10;at java.base/java.util.stream.ReferencePipeline.forEachWithCancel(ReferencePipeline.java:127)&#10;at java.base/java.util.stream.AbstractPipeline.copyIntoWithCancel(AbstractPipeline.java:502)&#10;at java.base/java.util.stream.AbstractPipeline.copyInto(AbstractPipeline.java:488)&#10;at java.base/java.util.stream.AbstractPipeline.wrapAndCopyInto(AbstractPipeline.java:474)&#10;at java.base/java.util.stream.FindOps$FindOp.evaluateSequential(FindOps.java:150)&#10;at java.base/java.util.stream.AbstractPipeline.evaluate(AbstractPipeline.java:234)&#10;at java.base/java.util.stream.ReferencePipeline.findFirst(ReferencePipeline.java:543)&#10;at org.finos.legend.engine.plan.execution.nodes.ExecutionNodeExecutor.visit(ExecutionNodeExecutor.java:164)&#10;at org.finos.legend.engine.plan.execution.nodes.ExecutionNodeExecutor.visit(ExecutionNodeExecutor.java:107)&#10;at org.finos.legend.engine.protocol.pure.v1.model.executionPlan.nodes.RelationalDataTypeInstantiationExecutionNode.accept(RelationalDataTypeInstantiationExecutionNode.java:22)&#10;at org.finos.legend.engine.plan.execution.PlanExecutor.execute(PlanExecutor.java:238)&#10;at org.finos.legend.engine.plan.execution.PlanExecutor.execute(PlanExecutor.java:225)&#10;at org.finos.legend.engine.plan.execution.api.ExecutePlan.doExecutePlanLegacy(ExecutePlan.java:102)&#10;at org.finos.legend.engine.plan.execution.api.ExecutePlan.doExecutePlan(ExecutePlan.java:84)&#10;at org.finos.legend.engine.plan.execution.api.ExecutePlanLegacy.executePlan(ExecutePlanLegacy.java:56)&#10;at jdk.internal.reflect.GeneratedMethodAccessor100.invoke(Unknown Source)&#10;at java.base/jdk.internal.reflect.DelegatingMethodAccessorImpl.invoke(DelegatingMethodAccessorImpl.java:43)&#10;at java.base/java.lang.reflect.Method.invoke(Method.java:566)&#10;at org.glassfish.jersey.server.model.internal.ResourceMethodInvocationHandlerFactory$1.invoke(ResourceMethodInvocationHandlerFactory.java:81)&#10;at org.glassfish.jersey.server.model.internal.AbstractJavaResourceMethodDispatcher$1.run(AbstractJavaResourceMethodDispatcher.java:144)&#10;at org.glassfish.jersey.server.model.internal.AbstractJavaResourceMethodDispatcher.invoke(AbstractJavaResourceMethodDispatcher.java:161)&#10;at org.glassfish.jersey.server.model.internal.JavaResourceMethodDispatcherProvider$ResponseOutInvoker.doDispatch(JavaResourceMethodDispatcherProvider.java:160)&#10;at org.glassfish.jersey.server.model.internal.AbstractJavaResourceMethodDispatcher.dispatch(AbstractJavaResourceMethodDispatcher.java:99)&#10;at org.glassfish.jersey.server.model.ResourceMethodInvoker.invoke(ResourceMethodInvoker.java:389)&#10;at org.glassfish.jersey.server.model.ResourceMethodInvoker.apply(ResourceMethodInvoker.java:347)&#10;at org.glassfish.jersey.server.model.ResourceMethodInvoker.apply(ResourceMethodInvoker.java:102)&#10;at org.glassfish.jersey.server.ServerRuntime$2.run(ServerRuntime.java:326)&#10;at org.glassfish.jersey.internal.Errors$1.call(Errors.java:271)&#10;at org.glassfish.jersey.internal.Errors$1.call(Errors.java:267)&#10;at org.glassfish.jersey.internal.Errors.process(Errors.java:315)&#10;at org.glassfish.jersey.internal.Errors.process(Errors.java:297)&#10;at org.glassfish.jersey.internal.Errors.process(Errors.java:267)&#10;at org.glassfish.jersey.process.internal.RequestScope.runInScope(RequestScope.java:317)&#10;at org.glassfish.jersey.server.ServerRuntime.process(ServerRuntime.java:305)&#10;at org.glassfish.jersey.server.ApplicationHandler.handle(ApplicationHandler.java:1154)&#10;at org.glassfish.jersey.servlet.WebComponent.serviceImpl(WebComponent.java:473)&#10;at org.glassfish.jersey.servlet.WebComponent.service(WebComponent.java:427)&#10;at org.glassfish.jersey.servlet.ServletContainer.service(ServletContainer.java:388)&#10;at org.glassfish.jersey.servlet.ServletContainer.service(ServletContainer.java:341)&#10;at org.glassfish.jersey.servlet.ServletContainer.service(ServletContainer.java:228)&#10;at org.eclipse.jetty.servlet.ServletHolder.handle(ServletHolder.java:799)&#10;at org.eclipse.jetty.servlet.ServletHandler$ChainEnd.doFilter(ServletHandler.java:1631)&#10;at io.dropwizard.servlets.ThreadNameFilter.doFilter(ThreadNameFilter.java:35)&#10;at org.eclipse.jetty.servlet.FilterHolder.doFilter(FilterHolder.java:193)&#10;at org.eclipse.jetty.servlet.ServletHandler$Chain.doFilter(ServletHandler.java:1601)&#10;at io.dropwizard.jersey.filter.AllowedMethodsFilter.handle(AllowedMethodsFilter.java:45)&#10;at io.dropwizard.jersey.filter.AllowedMethodsFilter.doFilter(AllowedMethodsFilter.java:39)&#10;at org.eclipse.jetty.servlet.FilterHolder.doFilter(FilterHolder.java:193)&#10;at org.eclipse.jetty.servlet.ServletHandler$Chain.doFilter(ServletHandler.java:1601)&#10;at org.finos.legend.server.pac4j.internal.UsernameFilter.doFilter(UsernameFilter.java:51)&#10;at org.eclipse.jetty.servlet.FilterHolder.doFilter(FilterHolder.java:193)&#10;at org.eclipse.jetty.servlet.ServletHandler$Chain.doFilter(ServletHandler.java:1601)&#10;at org.pac4j.j2e.filter.SecurityFilter.lambda$internalFilter$0(SecurityFilter.java:95)&#10;at org.pac4j.core.engine.DefaultSecurityLogic.perform(DefaultSecurityLogic.java:140)&#10;at org.pac4j.j2e.filter.SecurityFilter.internalFilter(SecurityFilter.java:93)&#10;at org.pac4j.j2e.filter.AbstractConfigFilter.doFilter(AbstractConfigFilter.java:81)&#10;at org.eclipse.jetty.servlet.FilterHolder.doFilter(FilterHolder.java:193)&#10;at org.eclipse.jetty.servlet.ServletHandler$Chain.doFilter(ServletHandler.java:1601)&#10;at org.eclipse.jetty.servlet.ServletHandler.doHandle(ServletHandler.java:548)&#10;at org.eclipse.jetty.server.handler.ScopedHandler.nextHandle(ScopedHandler.java:233)&#10;at org.eclipse.jetty.server.session.SessionHandler.doHandle(SessionHandler.java:1624)&#10;at org.eclipse.jetty.server.handler.ScopedHandler.nextHandle(ScopedHandler.java:233)&#10;at org.eclipse.jetty.server.handler.ContextHandler.doHandle(ContextHandler.java:1434)&#10;at org.eclipse.jetty.server.handler.ScopedHandler.nextScope(ScopedHandler.java:188)&#10;at org.eclipse.jetty.servlet.ServletHandler.doScope(ServletHandler.java:501)&#10;at org.eclipse.jetty.server.session.SessionHandler.doScope(SessionHandler.java:1594)&#10;at org.eclipse.jetty.server.handler.ScopedHandler.nextScope(ScopedHandler.java:186)&#10;at org.eclipse.jetty.server.handler.ContextHandler.doScope(ContextHandler.java:1349)&#10;at org.eclipse.jetty.server.handler.ScopedHandler.handle(ScopedHandler.java:141)&#10;at org.eclipse.jetty.server.handler.HandlerWrapper.handle(HandlerWrapper.java:127)&#10;at com.codahale.metrics.jetty9.InstrumentedHandler.handle(InstrumentedHandler.java:313)&#10;at io.dropwizard.jetty.ContextRoutingHandler.handle(ContextRoutingHandler.java:37)&#10;at org.eclipse.jetty.server.handler.gzip.GzipHandler.handle(GzipHandler.java:713)&#10;at io.dropwizard.jetty.BiDiGzipHandler.handle(BiDiGzipHandler.java:67)&#10;at org.eclipse.jetty.server.handler.StatisticsHandler.handle(StatisticsHandler.java:179)&#10;at org.eclipse.jetty.server.handler.HandlerWrapper.handle(HandlerWrapper.java:127)&#10;at org.eclipse.jetty.server.Server.handle(Server.java:516)&#10;at org.eclipse.jetty.server.HttpChannel.lambda$handle$1(HttpChannel.java:400)&#10;at org.eclipse.jetty.server.HttpChannel.dispatch(HttpChannel.java:645)&#10;at org.eclipse.jetty.server.HttpChannel.handle(HttpChannel.java:392)&#10;at org.eclipse.jetty.server.HttpConnection.onFillable(HttpConnection.java:277)&#10;at org.eclipse.jetty.io.AbstractConnection$ReadCallback.succeeded(AbstractConnection.java:311)&#10;at org.eclipse.jetty.io.FillInterest.fillable(FillInterest.java:105)&#10;at org.eclipse.jetty.io.ChannelEndPoint$1.run(ChannelEndPoint.java:104)&#10;at org.eclipse.jetty.util.thread.strategy.EatWhatYouKill.runTask(EatWhatYouKill.java:338)&#10;at org.eclipse.jetty.util.thread.strategy.EatWhatYouKill.doProduce(EatWhatYouKill.java:315)&#10;at org.eclipse.jetty.util.thread.strategy.EatWhatYouKill.tryProduce(EatWhatYouKill.java:173)&#10;at org.eclipse.jetty.util.thread.strategy.EatWhatYouKill.run(EatWhatYouKill.java:131)&#10;at org.eclipse.jetty.util.thread.ReservedThreadExecutor$ReservedThread.run(ReservedThreadExecutor.java:409)&#10;at org.eclipse.jetty.util.thread.QueuedThreadPool.runJob(QueuedThreadPool.java:883)&#10;at org.eclipse.jetty.util.thread.QueuedThreadPool$Runner.run(QueuedThreadPool.java:1034)&#10;at java.base/java.lang.Thread.run(Thread.java:829)&#10;Caused by: net.snowflake.client.jdbc.SnowflakeSQLException: SQL compilation error:&#10;Function EXTRACT does not support VARCHAR(19) argument type&#10;at net.snowflake.client.jdbc.SnowflakeUtil.checkErrorAndThrowExceptionSub(SnowflakeUtil.java:127)&#10;at net.snowflake.client.jdbc.SnowflakeUtil.checkErrorAndThrowException(SnowflakeUtil.java:67)&#10;at net.snowflake.client.core.StmtUtil.pollForOutput(StmtUtil.java:442)&#10;at net.snowflake.client.core.StmtUtil.execute(StmtUtil.java:345)&#10;at net.snowflake.client.core.SFStatement.executeHelper(SFStatement.java:486)&#10;at net.snowflake.client.core.SFStatement.executeQueryInternal(SFStatement.java:197)&#10;at net.snowflake.client.core.SFStatement.executeQuery(SFStatement.java:134)&#10;at net.snowflake.client.core.SFStatement.execute(SFStatement.java:743)&#10;at net.snowflake.client.core.SFStatement.execute(SFStatement.java:639)&#10;at net.snowflake.client.jdbc.SnowflakeStatementV1.executeQueryInternal(SnowflakeStatementV1.java:238)&#10;at net.snowflake.client.jdbc.SnowflakeStatementV1.executeQuery(SnowflakeStatementV1.java:133)&#10;at com.zaxxer.hikari.pool.ProxyStatement.executeQuery(ProxyStatement.java:110)&#10;at com.zaxxer.hikari.pool.HikariProxyStatement.executeQuery(HikariProxyStatement.java)&#10;at org.finos.legend.engine.plan.execution.stores.relational.result.SQLExecutionResult.&lt;init&gt;(SQLExecutionResult.java:95)&#10;... 101 more&#10;&quot;}&apos;&quot;" type="Assert failure at (resource"><![CDATA[Assert failure at (resource:/platform/pure/basics/tests/assertEq.pure line:34 column:5), "500 '{"code":-1,"message":"SnowflakeSQLException: SQL compilation error:
Function EXTRACT does not support VARCHAR(19) argument type","status":"error","trace":"java.lang.RuntimeException: net.snowflake.client.jdbc.SnowflakeSQLException: SQL compilation error:
Function EXTRACT does not support VARCHAR(19) argument type
at org.finos.legend.engine.plan.execution.stores.relational.result.SQLExecutionResult.<init>(SQLExecutionResult.java:123)
at org.finos.legend.engine.plan.execution.stores.relational.RelationalExecutor.execute(RelationalExecutor.java:241)
at org.finos.legend.engine.plan.execution.stores.relational.plugin.RelationalExecutionNodeExecutor.visit(RelationalExecutionNodeExecutor.java:238)
at org.finos.legend.engine.plan.execution.stores.relational.plugin.RelationalExecutionNodeExecutor.visit(RelationalExecutionNodeExecutor.java:346)
at org.finos.legend.engine.plan.execution.stores.relational.plugin.RelationalExecutionNodeExecutor.visit(RelationalExecutionNodeExecutor.java:92)
at org.finos.legend.engine.protocol.pure.v1.model.executionPlan.nodes.RelationalDataTypeInstantiationExecutionNode.accept(RelationalDataTypeInstantiationExecutionNode.java:22)
at org.finos.legend.engine.plan.execution.stores.relational.RelationalExecutionExtension.lambda$getExtraNodeExecutors$fbe53481$1(RelationalExecutionExtension.java:50)
at org.finos.legend.engine.plan.execution.nodes.ExecutionNodeExecutor.lambda$visit$0(ExecutionNodeExecutor.java:164)
at java.base/java.util.stream.ReferencePipeline$3$1.accept(ReferencePipeline.java:195)
at java.base/java.util.Spliterators$ArraySpliterator.tryAdvance(Spliterators.java:958)
at java.base/java.util.stream.ReferencePipeline.forEachWithCancel(ReferencePipeline.java:127)
at java.base/java.util.stream.AbstractPipeline.copyIntoWithCancel(AbstractPipeline.java:502)
at java.base/java.util.stream.AbstractPipeline.copyInto(AbstractPipeline.java:488)
at java.base/java.util.stream.AbstractPipeline.wrapAndCopyInto(AbstractPipeline.java:474)
at java.base/java.util.stream.FindOps$FindOp.evaluateSequential(FindOps.java:150)
at java.base/java.util.stream.AbstractPipeline.evaluate(AbstractPipeline.java:234)
at java.base/java.util.stream.ReferencePipeline.findFirst(ReferencePipeline.java:543)
at org.finos.legend.engine.plan.execution.nodes.ExecutionNodeExecutor.visit(ExecutionNodeExecutor.java:164)
at org.finos.legend.engine.plan.execution.nodes.ExecutionNodeExecutor.visit(ExecutionNodeExecutor.java:107)
at org.finos.legend.engine.protocol.pure.v1.model.executionPlan.nodes.RelationalDataTypeInstantiationExecutionNode.accept(RelationalDataTypeInstantiationExecutionNode.java:22)
at org.finos.legend.engine.plan.execution.PlanExecutor.execute(PlanExecutor.java:238)
at org.finos.legend.engine.plan.execution.PlanExecutor.execute(PlanExecutor.java:225)
at org.finos.legend.engine.plan.execution.api.ExecutePlan.doExecutePlanLegacy(ExecutePlan.java:102)
at org.finos.legend.engine.plan.execution.api.ExecutePlan.doExecutePlan(ExecutePlan.java:84)
at org.finos.legend.engine.plan.execution.api.ExecutePlanLegacy.executePlan(ExecutePlanLegacy.java:56)
at jdk.internal.reflect.GeneratedMethodAccessor100.invoke(Unknown Source)
at java.base/jdk.internal.reflect.DelegatingMethodAccessorImpl.invoke(DelegatingMethodAccessorImpl.java:43)
at java.base/java.lang.reflect.Method.invoke(Method.java:566)
at org.glassfish.jersey.server.model.internal.ResourceMethodInvocationHandlerFactory$1.invoke(ResourceMethodInvocationHandlerFactory.java:81)
at org.glassfish.jersey.server.model.internal.AbstractJavaResourceMethodDispatcher$1.run(AbstractJavaResourceMethodDispatcher.java:144)
at org.glassfish.jersey.server.model.internal.AbstractJavaResourceMethodDispatcher.invoke(AbstractJavaResourceMethodDispatcher.java:161)
at org.glassfish.jersey.server.model.internal.JavaResourceMethodDispatcherProvider$ResponseOutInvoker.doDispatch(JavaResourceMethodDispatcherProvider.java:160)
at org.glassfish.jersey.server.model.internal.AbstractJavaResourceMethodDispatcher.dispatch(AbstractJavaResourceMethodDispatcher.java:99)
at org.glassfish.jersey.server.model.ResourceMethodInvoker.invoke(ResourceMethodInvoker.java:389)
at org.glassfish.jersey.server.model.ResourceMethodInvoker.apply(ResourceMethodInvoker.java:347)
at org.glassfish.jersey.server.model.ResourceMethodInvoker.apply(ResourceMethodInvoker.java:102)
at org.glassfish.jersey.server.ServerRuntime$2.run(ServerRuntime.java:326)
at org.glassfish.jersey.internal.Errors$1.call(Errors.java:271)
at org.glassfish.jersey.internal.Errors$1.call(Errors.java:267)
at org.glassfish.jersey.internal.Errors.process(Errors.java:315)
at org.glassfish.jersey.internal.Errors.process(Errors.java:297)
at org.glassfish.jersey.internal.Errors.process(Errors.java:267)
at org.glassfish.jersey.process.internal.RequestScope.runInScope(RequestScope.java:317)
at org.glassfish.jersey.server.ServerRuntime.process(ServerRuntime.java:305)
at org.glassfish.jersey.server.ApplicationHandler.handle(ApplicationHandler.java:1154)
at org.glassfish.jersey.servlet.WebComponent.serviceImpl(WebComponent.java:473)
at org.glassfish.jersey.servlet.WebComponent.service(WebComponent.java:427)
at org.glassfish.jersey.servlet.ServletContainer.service(ServletContainer.java:388)
at org.glassfish.jersey.servlet.ServletContainer.service(ServletContainer.java:341)
at org.glassfish.jersey.servlet.ServletContainer.service(ServletContainer.java:228)
at org.eclipse.jetty.servlet.ServletHolder.handle(ServletHolder.java:799)
at org.eclipse.jetty.servlet.ServletHandler$ChainEnd.doFilter(ServletHandler.java:1631)
at io.dropwizard.servlets.ThreadNameFilter.doFilter(ThreadNameFilter.java:35)
at org.eclipse.jetty.servlet.FilterHolder.doFilter(FilterHolder.java:193)
at org.eclipse.jetty.servlet.ServletHandler$Chain.doFilter(ServletHandler.java:1601)
at io.dropwizard.jersey.filter.AllowedMethodsFilter.handle(AllowedMethodsFilter.java:45)
at io.dropwizard.jersey.filter.AllowedMethodsFilter.doFilter(AllowedMethodsFilter.java:39)
at org.eclipse.jetty.servlet.FilterHolder.doFilter(FilterHolder.java:193)
at org.eclipse.jetty.servlet.ServletHandler$Chain.doFilter(ServletHandler.java:1601)
at org.finos.legend.server.pac4j.internal.UsernameFilter.doFilter(UsernameFilter.java:51)
at org.eclipse.jetty.servlet.FilterHolder.doFilter(FilterHolder.java:193)
at org.eclipse.jetty.servlet.ServletHandler$Chain.doFilter(ServletHandler.java:1601)
at org.pac4j.j2e.filter.SecurityFilter.lambda$internalFilter$0(SecurityFilter.java:95)
at org.pac4j.core.engine.DefaultSecurityLogic.perform(DefaultSecurityLogic.java:140)
at org.pac4j.j2e.filter.SecurityFilter.internalFilter(SecurityFilter.java:93)
at org.pac4j.j2e.filter.AbstractConfigFilter.doFilter(AbstractConfigFilter.java:81)
at org.eclipse.jetty.servlet.FilterHolder.doFilter(FilterHolder.java:193)
at org.eclipse.jetty.servlet.ServletHandler$Chain.doFilter(ServletHandler.java:1601)
at org.eclipse.jetty.servlet.ServletHandler.doHandle(ServletHandler.java:548)
at org.eclipse.jetty.server.handler.ScopedHandler.nextHandle(ScopedHandler.java:233)
at org.eclipse.jetty.server.session.SessionHandler.doHandle(SessionHandler.java:1624)
at org.eclipse.jetty.server.handler.ScopedHandler.nextHandle(ScopedHandler.java:233)
at org.eclipse.jetty.server.handler.ContextHandler.doHandle(ContextHandler.java:1434)
at org.eclipse.jetty.server.handler.ScopedHandler.nextScope(ScopedHandler.java:188)
at org.eclipse.jetty.servlet.ServletHandler.doScope(ServletHandler.java:501)
at org.eclipse.jetty.server.session.SessionHandler.doScope(SessionHandler.java:1594)
at org.eclipse.jetty.server.handler.ScopedHandler.nextScope(ScopedHandler.java:186)
at org.eclipse.jetty.server.handler.ContextHandler.doScope(ContextHandler.java:1349)
at org.eclipse.jetty.server.handler.ScopedHandler.handle(ScopedHandler.java:141)
at org.eclipse.jetty.server.handler.HandlerWrapper.handle(HandlerWrapper.java:127)
at com.codahale.metrics.jetty9.InstrumentedHandler.handle(InstrumentedHandler.java:313)
at io.dropwizard.jetty.ContextRoutingHandler.handle(ContextRoutingHandler.java:37)
at org.eclipse.jetty.server.handler.gzip.GzipHandler.handle(GzipHandler.java:713)
at io.dropwizard.jetty.BiDiGzipHandler.handle(BiDiGzipHandler.java:67)
at org.eclipse.jetty.server.handler.StatisticsHandler.handle(StatisticsHandler.java:179)
at org.eclipse.jetty.server.handler.HandlerWrapper.handle(HandlerWrapper.java:127)
at org.eclipse.jetty.server.Server.handle(Server.java:516)
at org.eclipse.jetty.server.HttpChannel.lambda$handle$1(HttpChannel.java:400)
at org.eclipse.jetty.server.HttpChannel.dispatch(HttpChannel.java:645)
at org.eclipse.jetty.server.HttpChannel.handle(HttpChannel.java:392)
at org.eclipse.jetty.server.HttpConnection.onFillable(HttpConnection.java:277)
at org.eclipse.jetty.io.AbstractConnection$ReadCallback.succeeded(AbstractConnection.java:311)
at org.eclipse.jetty.io.FillInterest.fillable(FillInterest.java:105)
at org.eclipse.jetty.io.ChannelEndPoint$1.run(ChannelEndPoint.java:104)
at org.eclipse.jetty.util.thread.strategy.EatWhatYouKill.runTask(EatWhatYouKill.java:338)
at org.eclipse.jetty.util.thread.strategy.EatWhatYouKill.doProduce(EatWhatYouKill.java:315)
at org.eclipse.jetty.util.thread.strategy.EatWhatYouKill.tryProduce(EatWhatYouKill.java:173)
at org.eclipse.jetty.util.thread.strategy.EatWhatYouKill.run(EatWhatYouKill.java:131)
at org.eclipse.jetty.util.thread.ReservedThreadExecutor$ReservedThread.run(ReservedThreadExecutor.java:409)
at org.eclipse.jetty.util.thread.QueuedThreadPool.runJob(QueuedThreadPool.java:883)
at org.eclipse.jetty.util.thread.QueuedThreadPool$Runner.run(QueuedThreadPool.java:1034)
at java.base/java.lang.Thread.run(Thread.java:829)
Caused by: net.snowflake.client.jdbc.SnowflakeSQLException: SQL compilation error:
Function EXTRACT does not support VARCHAR(19) argument type
at net.snowflake.client.jdbc.SnowflakeUtil.checkErrorAndThrowExceptionSub(SnowflakeUtil.java:127)
at net.snowflake.client.jdbc.SnowflakeUtil.checkErrorAndThrowException(SnowflakeUtil.java:67)
at net.snowflake.client.core.StmtUtil.pollForOutput(StmtUtil.java:442)
at net.snowflake.client.core.StmtUtil.execute(StmtUtil.java:345)
at net.snowflake.client.core.SFStatement.executeHelper(SFStatement.java:486)
at net.snowflake.client.core.SFStatement.executeQueryInternal(SFStatement.java:197)
at net.snowflake.client.core.SFStatement.executeQuery(SFStatement.java:134)
at net.snowflake.client.core.SFStatement.execute(SFStatement.java:743)
at net.snowflake.client.core.SFStatement.execute(SFStatement.java:639)
at net.snowflake.client.jdbc.SnowflakeStatementV1.executeQueryInternal(SnowflakeStatementV1.java:238)
at net.snowflake.client.jdbc.SnowflakeStatementV1.executeQuery(SnowflakeStatementV1.java:133)
at com.zaxxer.hikari.pool.ProxyStatement.executeQuery(ProxyStatement.java:110)
at com.zaxxer.hikari.pool.HikariProxyStatement.executeQuery(HikariProxyStatement.java)
at org.finos.legend.engine.plan.execution.stores.relational.result.SQLExecutionResult.<init>(SQLExecutionResult.java:95)
... 101 more
"}'"
	at org.finos.legend.pure.runtime.java.compiled.generation.processors.support.CompiledSupport.pureAssert(CompiledSupport.java:1994)
	at org.finos.legend.pure.generated.platform_pure_basics_tests_assertEq.Root_meta_pure_functions_asserts_assertEq_Any_1__Any_1__Function_1__Boolean_1_(platform_pure_basics_tests_assertEq.java:44)
	at org.finos.legend.pure.generated.core_pure_protocol_vX_X_X_invocations_execution.Root_meta_protocols_pure_vX_X_X_invocation_execution_execute_executePlan_String_1__String_1__Integer_1__String_1_(core_pure_protocol_vX_X_X_invocations_execution.java:751)
	at org.finos.legend.pure.generated.core_pure_protocol_vX_X_X_invocations_execution.Root_meta_protocols_pure_vX_X_X_invocation_execution_execute_executePlan_ExecutionPlan_1__String_1__Integer_1__Extension_MANY__String_1_(core_pure_protocol_vX_X_X_invocations_execution.java:745)
	at org.finos.legend.pure.generated.core_pure_protocol_vX_X_X_invocations_execution.Root_meta_protocols_pure_vX_X_X_invocation_execution_execute_executePlan_ExecutionPlan_1__ExecutionContext_$0_1$__String_1__Integer_1__Extension_MANY__Result_1_(core_pure_protocol_vX_X_X_invocations_execution.java:738)
	at jdk.internal.reflect.GeneratedMethodAccessor96.invoke(Unknown Source)
	at java.base/jdk.internal.reflect.DelegatingMethodAccessorImpl.invoke(DelegatingMethodAccessorImpl.java:43)
	at java.base/java.lang.reflect.Method.invoke(Method.java:566)
	at org.finos.legend.pure.runtime.java.compiled.metadata.JavaMethodWithParamsSharedPureFunction.execute(JavaMethodWithParamsSharedPureFunction.java:59)
	at org.finos.legend.pure.runtime.java.compiled.generation.processors.support.Pure._evaluateToMany(Pure.java:546)
	at org.finos.legend.pure.generated.CoreGen.evaluateToMany(CoreGen.java:147)
	at org.finos.legend.pure.generated.CoreGen.evaluateToMany(CoreGen.java:134)
	at org.finos.legend.pure.generated.core_pure_router_router_entry$9$1.value(core_pure_router_router_entry.java:318)
	at org.finos.legend.pure.generated.core_pure_router_router_entry$9$1.execute(core_pure_router_router_entry.java:311)
	at org.finos.legend.pure.generated.core_pure_router_router_entry$9$1.execute(core_pure_router_router_entry.java:307)
	at org.finos.legend.pure.runtime.java.compiled.generation.processors.support.Pure.evaluate(Pure.java:485)
	at org.finos.legend.pure.runtime.java.compiled.generation.processors.support.Pure.legendTest(Pure.java:216)
	at org.finos.legend.pure.generated.CoreGen.legendTest(CoreGen.java:61)
	at org.finos.legend.pure.generated.core_pure_router_router_entry$9.valueOf(core_pure_router_router_entry.java:303)
	at org.finos.legend.pure.generated.core_pure_router_router_entry$9.execute(core_pure_router_router_entry.java:298)
	at org.finos.legend.pure.generated.core_pure_router_router_entry$9.execute(core_pure_router_router_entry.java:294)
	at org.finos.legend.pure.runtime.java.compiled.generation.processors.support.Pure.evaluate(Pure.java:485)
	at org.finos.legend.pure.runtime.java.compiled.generation.processors.support.Pure.traceSpan(Pure.java:1482)
	at org.finos.legend.pure.generated.CoreGen.traceSpan(CoreGen.java:203)
	at org.finos.legend.pure.generated.core_pure_router_router_entry.Root_meta_pure_router_executePlan_ExecutionPlan_1__ExecutionContext_1__Extension_MANY__Result_$0_1$_(core_pure_router_router_entry.java:290)
	at org.finos.legend.pure.generated.core_pure_router_router_entry.Root_meta_pure_router_executePlan_ExecutionPlan_1__Extension_MANY__Result_$0_1$_(core_pure_router_router_entry.java:285)
	at org.finos.legend.pure.generated.core_relational_relational_sqlQueryToString_dbTestRunner_testRunner$20.execute(core_relational_relational_sqlQueryToString_dbTestRunner_testRunner.java:386)
	at org.finos.legend.pure.generated.core_relational_relational_sqlQueryToString_dbTestRunner_testRunner.Root_meta_relational_dbTestRunner_runSqlQueryTest_SQLQuery_1__Literal_$1_MANY$__Pair_MANY__Function_$0_1$__DbTestConfig_1__Boolean_1_(core_relational_relational_sqlQueryToString_dbTestRunner_testRunner.java:424)
	at org.finos.legend.pure.generated.core_relational_relational_sqlQueryToString_dbTestRunner_testRunner.Root_meta_relational_dbTestRunner_runSqlQueryTest_SQLQuery_1__Literal_$1_MANY$__Function_$0_1$__DbTestConfig_1__Boolean_1_(core_relational_relational_sqlQueryToString_dbTestRunner_testRunner.java:374)
	at org.finos.legend.pure.generated.core_relational_relational_sqlQueryToString_dbTestRunner_dynaFunctionTestRunner.Root_meta_relational_dbTestRunner_runDynaFunctionDatabaseTest_DynaFunction_1__Literal_$1_MANY$__Function_$0_1$__DbTestConfig_1__Boolean_1_(core_relational_relational_sqlQueryToString_dbTestRunner_dynaFunctionTestRunner.java:64)
	at org.finos.legend.pure.generated.core_relational_relational_sqlQueryToString_dbTestRunner_dynaFunctionTestRunner.Root_meta_relational_dbTestRunner_runDynaFunctionDatabaseTest_DynaFunction_1__Literal_$1_MANY$__DbTestConfig_1__Boolean_1_(core_relational_relational_sqlQueryToString_dbTestRunner_dynaFunctionTestRunner.java:58)
	at org.finos.legend.pure.generated.core_relational_relational_sqlQueryToString_testSuite_dynaFunctions_date.Root_meta_relational_tests_dbSpecificTests_sqlQueryTests_dynaFunctions_quarterNumber_testQuarterNumber_DbTestConfig_1__Boolean_1_(core_relational_relational_sqlQueryToString_testSuite_dynaFunctions_date.java:137)
	at java.base/jdk.internal.reflect.NativeMethodAccessorImpl.invoke0(Native Method)
	at java.base/jdk.internal.reflect.NativeMethodAccessorImpl.invoke(NativeMethodAccessorImpl.java:62)
	at java.base/jdk.internal.reflect.DelegatingMethodAccessorImpl.invoke(DelegatingMethodAccessorImpl.java:43)
	at java.base/java.lang.reflect.Method.invoke(Method.java:566)
	at org.finos.legend.pure.runtime.java.compiled.testHelper.PureTestBuilderCompiled.executeFn(PureTestBuilderCompiled.java:113)
	at org.finos.legend.pure.runtime.java.compiled.testHelper.PureTestBuilderCompiled.lambda$buildSuite$0(PureTestBuilderCompiled.java:79)
	at org.finos.legend.pure.m3.execution.test.PureTestBuilder$PureTestCase.runTest(PureTestBuilder.java:95)
	at junit.framework.TestCase.runBare(TestCase.java:142)
	at org.finos.legend.engine.server.test.shared.Relational_DbSpecific_UsingPureClientTestSuite$2.runTest(Relational_DbSpecific_UsingPureClientTestSuite.java:90)
	at junit.framework.TestCase.runBare(TestCase.java:142)
	at junit.framework.TestResult$1.protect(TestResult.java:122)
	at junit.framework.TestResult.runProtected(TestResult.java:142)
	at junit.framework.TestResult.run(TestResult.java:125)
	at junit.framework.TestCase.run(TestCase.java:130)
	at junit.framework.TestSuite.runTest(TestSuite.java:241)
	at junit.framework.TestSuite.run(TestSuite.java:236)
	at junit.framework.TestSuite.runTest(TestSuite.java:241)
	at junit.framework.TestSuite.run(TestSuite.java:236)
	at junit.framework.TestSuite.runTest(TestSuite.java:241)
	at junit.framework.TestSuite.run(TestSuite.java:236)
	at junit.framework.TestSuite.runTest(TestSuite.java:241)
	at junit.framework.TestSuite.run(TestSuite.java:236)
	at junit.framework.TestSuite.runTest(TestSuite.java:241)
	at junit.framework.TestSuite.run(TestSuite.java:236)
	at junit.extensions.TestDecorator.basicRun(TestDecorator.java:24)
	at junit.extensions.TestSetup$1.protect(TestSetup.java:23)
	at junit.framework.TestResult.runProtected(TestResult.java:142)
	at junit.extensions.TestSetup.run(TestSetup.java:27)
	at org.junit.internal.runners.JUnit38ClassRunner.run(JUnit38ClassRunner.java:90)
	at org.apache.maven.surefire.junit4.JUnit4Provider.execute(JUnit4Provider.java:365)
	at org.apache.maven.surefire.junit4.JUnit4Provider.executeWithRerun(JUnit4Provider.java:273)
	at org.apache.maven.surefire.junit4.JUnit4Provider.executeTestSet(JUnit4Provider.java:238)
	at org.apache.maven.surefire.junit4.JUnit4Provider.invoke(JUnit4Provider.java:159)
	at org.apache.maven.surefire.booter.ForkedBooter.invokeProviderInSameClassLoader(ForkedBooter.java:384)
	at org.apache.maven.surefire.booter.ForkedBooter.runSuitesInProcess(ForkedBooter.java:345)
	at org.apache.maven.surefire.booter.ForkedBooter.execute(ForkedBooter.java:126)
	at org.apache.maven.surefire.booter.ForkedBooter.main(ForkedBooter.java:418)
]]></error>
    <system-out><![CDATA[Running db test dynaFunctions::quarterNumber::testQuarterNumber
{"duration":0.0,"eventType":"EXECUTION_PLAN_EXEC_ERROR","info":{"code":-1,"message":"SnowflakeSQLException: SQL compilation error:\nFunction EXTRACT does not support VARCHAR(19) argument type","status":"error","trace":"java.lang.RuntimeException: net.snowflake.client.jdbc.SnowflakeSQLException: SQL compilation error:\nFunction EXTRACT does not support VARCHAR(19) argument type\n\tat org.finos.legend.engine.plan.execution.stores.relational.result.SQLExecutionResult.<init>(SQLExecutionResult.java:123)\n\tat org.finos.legend.engine.plan.execution.stores.relational.RelationalExecutor.execute(RelationalExecutor.java:241)\n\tat org.finos.legend.engine.plan.execution.stores.relational.plugin.RelationalExecutionNodeExecutor.visit(RelationalExecutionNodeExecutor.java:238)\n\tat org.finos.legend.engine.plan.execution.stores.relational.plugin.RelationalExecutionNodeExecutor.visit(RelationalExecutionNodeExecutor.java:346)\n\tat org.finos.legend.engine.plan.execution.stores.relational.plugin.RelationalExecutionNodeExecutor.visit(RelationalExecutionNodeExecutor.java:92)\n\tat org.finos.legend.engine.protocol.pure.v1.model.executionPlan.nodes.RelationalDataTypeInstantiationExecutionNode.accept(RelationalDataTypeInstantiationExecutionNode.java:22)\n\tat org.finos.legend.engine.plan.execution.stores.relational.RelationalExecutionExtension.lambda$getExtraNodeExecutors$fbe53481$1(RelationalExecutionExtension.java:50)\n\tat org.finos.legend.engine.plan.execution.nodes.ExecutionNodeExecutor.lambda$visit$0(ExecutionNodeExecutor.java:164)\n\tat java.base/java.util.stream.ReferencePipeline$3$1.accept(ReferencePipeline.java:195)\n\tat java.base/java.util.Spliterators$ArraySpliterator.tryAdvance(Spliterators.java:958)\n\tat java.base/java.util.stream.ReferencePipeline.forEachWithCancel(ReferencePipeline.java:127)\n\tat java.base/java.util.stream.AbstractPipeline.copyIntoWithCancel(AbstractPipeline.java:502)\n\tat java.base/java.util.stream.AbstractPipeline.copyInto(AbstractPipeline.java:488)\n\tat java.base/java.util.stream.AbstractPipeline.wrapAndCopyInto(AbstractPipeline.java:474)\n\tat java.base/java.util.stream.FindOps$FindOp.evaluateSequential(FindOps.java:150)\n\tat java.base/java.util.stream.AbstractPipeline.evaluate(AbstractPipeline.java:234)\n\tat java.base/java.util.stream.ReferencePipeline.findFirst(ReferencePipeline.java:543)\n\tat org.finos.legend.engine.plan.execution.nodes.ExecutionNodeExecutor.visit(ExecutionNodeExecutor.java:164)\n\tat org.finos.legend.engine.plan.execution.nodes.ExecutionNodeExecutor.visit(ExecutionNodeExecutor.java:107)\n\tat org.finos.legend.engine.protocol.pure.v1.model.executionPlan.nodes.RelationalDataTypeInstantiationExecutionNode.accept(RelationalDataTypeInstantiationExecutionNode.java:22)\n\tat org.finos.legend.engine.plan.execution.PlanExecutor.execute(PlanExecutor.java:238)\n\tat org.finos.legend.engine.plan.execution.PlanExecutor.execute(PlanExecutor.java:225)\n\tat org.finos.legend.engine.plan.execution.api.ExecutePlan.doExecutePlanLegacy(ExecutePlan.java:102)\n\tat org.finos.legend.engine.plan.execution.api.ExecutePlan.doExecutePlan(ExecutePlan.java:84)\n\tat org.finos.legend.engine.plan.execution.api.ExecutePlanLegacy.executePlan(ExecutePlanLegacy.java:56)\n\tat jdk.internal.reflect.GeneratedMethodAccessor100.invoke(Unknown Source)\n\tat java.base/jdk.internal.reflect.DelegatingMethodAccessorImpl.invoke(DelegatingMethodAccessorImpl.java:43)\n\tat java.base/java.lang.reflect.Method.invoke(Method.java:566)\n\tat org.glassfish.jersey.server.model.internal.ResourceMethodInvocationHandlerFactory$1.invoke(ResourceMethodInvocationHandlerFactory.java:81)\n\tat org.glassfish.jersey.server.model.internal.AbstractJavaResourceMethodDispatcher$1.run(AbstractJavaResourceMethodDispatcher.java:144)\n\tat org.glassfish.jersey.server.model.internal.AbstractJavaResourceMethodDispatcher.invoke(AbstractJavaResourceMethodDispatcher.java:161)\n\tat org.glassfish.jersey.server.model.internal.JavaResourceMethodDispatcherProvider$ResponseOutInvoker.doDispatch(JavaResourceMethodDispatcherProvider.java:160)\n\tat org.glassfish.jersey.server.model.internal.AbstractJavaResourceMethodDispatcher.dispatch(AbstractJavaResourceMethodDispatcher.java:99)\n\tat org.glassfish.jersey.server.model.ResourceMethodInvoker.invoke(ResourceMethodInvoker.java:389)\n\tat org.glassfish.jersey.server.model.ResourceMethodInvoker.apply(ResourceMethodInvoker.java:347)\n\tat org.glassfish.jersey.server.model.ResourceMethodInvoker.apply(ResourceMethodInvoker.java:102)\n\tat org.glassfish.jersey.server.ServerRuntime$2.run(ServerRuntime.java:326)\n\tat org.glassfish.jersey.internal.Errors$1.call(Errors.java:271)\n\tat org.glassfish.jersey.internal.Errors$1.call(Errors.java:267)\n\tat org.glassfish.jersey.internal.Errors.process(Errors.java:315)\n\tat org.glassfish.jersey.internal.Errors.process(Errors.java:297)\n\tat org.glassfish.jersey.internal.Errors.process(Errors.java:267)\n\tat org.glassfish.jersey.process.internal.RequestScope.runInScope(RequestScope.java:317)\n\tat org.glassfish.jersey.server.ServerRuntime.process(ServerRuntime.java:305)\n\tat org.glassfish.jersey.server.ApplicationHandler.handle(ApplicationHandler.java:1154)\n\tat org.glassfish.jersey.servlet.WebComponent.serviceImpl(WebComponent.java:473)\n\tat org.glassfish.jersey.servlet.WebComponent.service(WebComponent.java:427)\n\tat org.glassfish.jersey.servlet.ServletContainer.service(ServletContainer.java:388)\n\tat org.glassfish.jersey.servlet.ServletContainer.service(ServletContainer.java:341)\n\tat org.glassfish.jersey.servlet.ServletContainer.service(ServletContainer.java:228)\n\tat org.eclipse.jetty.servlet.ServletHolder.handle(ServletHolder.java:799)\n\tat org.eclipse.jetty.servlet.ServletHandler$ChainEnd.doFilter(ServletHandler.java:1631)\n\tat io.dropwizard.servlets.ThreadNameFilter.doFilter(ThreadNameFilter.java:35)\n\tat org.eclipse.jetty.servlet.FilterHolder.doFilter(FilterHolder.java:193)\n\tat org.eclipse.jetty.servlet.ServletHandler$Chain.doFilter(ServletHandler.java:1601)\n\tat io.dropwizard.jersey.filter.AllowedMethodsFilter.handle(AllowedMethodsFilter.java:45)\n\tat io.dropwizard.jersey.filter.AllowedMethodsFilter.doFilter(AllowedMethodsFilter.java:39)\n\tat org.eclipse.jetty.servlet.FilterHolder.doFilter(FilterHolder.java:193)\n\tat org.eclipse.jetty.servlet.ServletHandler$Chain.doFilter(ServletHandler.java:1601)\n\tat org.finos.legend.server.pac4j.internal.UsernameFilter.doFilter(UsernameFilter.java:51)\n\tat org.eclipse.jetty.servlet.FilterHolder.doFilter(FilterHolder.java:193)\n\tat org.eclipse.jetty.servlet.ServletHandler$Chain.doFilter(ServletHandler.java:1601)\n\tat org.pac4j.j2e.filter.SecurityFilter.lambda$internalFilter$0(SecurityFilter.java:95)\n\tat org.pac4j.core.engine.DefaultSecurityLogic.perform(DefaultSecurityLogic.java:140)\n\tat org.pac4j.j2e.filter.SecurityFilter.internalFilter(SecurityFilter.java:93)\n\tat org.pac4j.j2e.filter.AbstractConfigFilter.doFilter(AbstractConfigFilter.java:81)\n\tat org.eclipse.jetty.servlet.FilterHolder.doFilter(FilterHolder.java:193)\n\tat org.eclipse.jetty.servlet.ServletHandler$Chain.doFilter(ServletHandler.java:1601)\n\tat org.eclipse.jetty.servlet.ServletHandler.doHandle(ServletHandler.java:548)\n\tat org.eclipse.jetty.server.handler.ScopedHandler.nextHandle(ScopedHandler.java:233)\n\tat org.eclipse.jetty.server.session.SessionHandler.doHandle(SessionHandler.java:1624)\n\tat org.eclipse.jetty.server.handler.ScopedHandler.nextHandle(ScopedHandler.java:233)\n\tat org.eclipse.jetty.server.handler.ContextHandler.doHandle(ContextHandler.java:1434)\n\tat org.eclipse.jetty.server.handler.ScopedHandler.nextScope(ScopedHandler.java:188)\n\tat org.eclipse.jetty.servlet.ServletHandler.doScope(ServletHandler.java:501)\n\tat org.eclipse.jetty.server.session.SessionHandler.doScope(SessionHandler.java:1594)\n\tat org.eclipse.jetty.server.handler.ScopedHandler.nextScope(ScopedHandler.java:186)\n\tat org.eclipse.jetty.server.handler.ContextHandler.doScope(ContextHandler.java:1349)\n\tat org.eclipse.jetty.server.handler.ScopedHandler.handle(ScopedHandler.java:141)\n\tat org.eclipse.jetty.server.handler.HandlerWrapper.handle(HandlerWrapper.java:127)\n\tat com.codahale.metrics.jetty9.InstrumentedHandler.handle(InstrumentedHandler.java:313)\n\tat io.dropwizard.jetty.ContextRoutingHandler.handle(ContextRoutingHandler.java:37)\n\tat org.eclipse.jetty.server.handler.gzip.GzipHandler.handle(GzipHandler.java:713)\n\tat io.dropwizard.jetty.BiDiGzipHandler.handle(BiDiGzipHandler.java:67)\n\tat org.eclipse.jetty.server.handler.StatisticsHandler.handle(StatisticsHandler.java:179)\n\tat org.eclipse.jetty.server.handler.HandlerWrapper.handle(HandlerWrapper.java:127)\n\tat org.eclipse.jetty.server.Server.handle(Server.java:516)\n\tat org.eclipse.jetty.server.HttpChannel.lambda$handle$1(HttpChannel.java:400)\n\tat org.eclipse.jetty.server.HttpChannel.dispatch(HttpChannel.java:645)\n\tat org.eclipse.jetty.server.HttpChannel.handle(HttpChannel.java:392)\n\tat org.eclipse.jetty.server.HttpConnection.onFillable(HttpConnection.java:277)\n\tat org.eclipse.jetty.io.AbstractConnection$ReadCallback.succeeded(AbstractConnection.java:311)\n\tat org.eclipse.jetty.io.FillInterest.fillable(FillInterest.java:105)\n\tat org.eclipse.jetty.io.ChannelEndPoint$1.run(ChannelEndPoint.java:104)\n\tat org.eclipse.jetty.util.thread.strategy.EatWhatYouKill.runTask(EatWhatYouKill.java:338)\n\tat org.eclipse.jetty.util.thread.strategy.EatWhatYouKill.doProduce(EatWhatYouKill.java:315)\n\tat org.eclipse.jetty.util.thread.strategy.EatWhatYouKill.tryProduce(EatWhatYouKill.java:173)\n\tat org.eclipse.jetty.util.thread.strategy.EatWhatYouKill.run(EatWhatYouKill.java:131)\n\tat org.eclipse.jetty.util.thread.ReservedThreadExecutor$ReservedThread.run(ReservedThreadExecutor.java:409)\n\tat org.eclipse.jetty.util.thread.QueuedThreadPool.runJob(QueuedThreadPool.java:883)\n\tat org.eclipse.jetty.util.thread.QueuedThreadPool$Runner.run(QueuedThreadPool.java:1034)\n\tat java.base/java.lang.Thread.run(Thread.java:829)\nCaused by: net.snowflake.client.jdbc.SnowflakeSQLException: SQL compilation error:\nFunction EXTRACT does not support VARCHAR(19) argument type\n\tat net.snowflake.client.jdbc.SnowflakeUtil.checkErrorAndThrowExceptionSub(SnowflakeUtil.java:127)\n\tat net.snowflake.client.jdbc.SnowflakeUtil.checkErrorAndThrowException(SnowflakeUtil.java:67)\n\tat net.snowflake.client.core.StmtUtil.pollForOutput(StmtUtil.java:442)\n\tat net.snowflake.client.core.StmtUtil.execute(StmtUtil.java:345)\n\tat net.snowflake.client.core.SFStatement.executeHelper(SFStatement.java:486)\n\tat net.snowflake.client.core.SFStatement.executeQueryInternal(SFStatement.java:197)\n\tat net.snowflake.client.core.SFStatement.executeQuery(SFStatement.java:134)\n\tat net.snowflake.client.core.SFStatement.execute(SFStatement.java:743)\n\tat net.snowflake.client.core.SFStatement.execute(SFStatement.java:639)\n\tat net.snowflake.client.jdbc.SnowflakeStatementV1.executeQueryInternal(SnowflakeStatementV1.java:238)\n\tat net.snowflake.client.jdbc.SnowflakeStatementV1.executeQuery(SnowflakeStatementV1.java:133)\n\tat com.zaxxer.hikari.pool.ProxyStatement.executeQuery(ProxyStatement.java:110)\n\tat com.zaxxer.hikari.pool.HikariProxyStatement.executeQuery(HikariProxyStatement.java)\n\tat org.finos.legend.engine.plan.execution.stores.relational.result.SQLExecutionResult.<init>(SQLExecutionResult.java:95)\n\t... 101 more\n"},"mode":"DEV","timeStamp":"2023-02-23 01:31:01.770","user":"_UNKNOWN_"}
| **dynaFunctions::quarterNumber::testQuarterNumber** | failing :x: |
]]></system-out>
  </testcase>
  <testcase name="testQuarterAsNumber[Snowflake]" classname="org.finos.legend.engine.server.test.shared.Relational_DbSpecific_UsingPureClientTestSuite$2" time="0.185">
    <error message="Assert failure at (resource:/platform/pure/basics/tests/assertEq.pure line:34 column:5), &quot;500 &apos;{&quot;code&quot;:-1,&quot;message&quot;:&quot;SnowflakeSQLException: SQL compilation error:&#10;Function EXTRACT does not support VARCHAR(19) argument type&quot;,&quot;status&quot;:&quot;error&quot;,&quot;trace&quot;:&quot;java.lang.RuntimeException: net.snowflake.client.jdbc.SnowflakeSQLException: SQL compilation error:&#10;Function EXTRACT does not support VARCHAR(19) argument type&#10;at org.finos.legend.engine.plan.execution.stores.relational.result.SQLExecutionResult.&lt;init&gt;(SQLExecutionResult.java:123)&#10;at org.finos.legend.engine.plan.execution.stores.relational.RelationalExecutor.execute(RelationalExecutor.java:241)&#10;at org.finos.legend.engine.plan.execution.stores.relational.plugin.RelationalExecutionNodeExecutor.visit(RelationalExecutionNodeExecutor.java:238)&#10;at org.finos.legend.engine.plan.execution.stores.relational.plugin.RelationalExecutionNodeExecutor.visit(RelationalExecutionNodeExecutor.java:346)&#10;at org.finos.legend.engine.plan.execution.stores.relational.plugin.RelationalExecutionNodeExecutor.visit(RelationalExecutionNodeExecutor.java:92)&#10;at org.finos.legend.engine.protocol.pure.v1.model.executionPlan.nodes.RelationalDataTypeInstantiationExecutionNode.accept(RelationalDataTypeInstantiationExecutionNode.java:22)&#10;at org.finos.legend.engine.plan.execution.stores.relational.RelationalExecutionExtension.lambda$getExtraNodeExecutors$fbe53481$1(RelationalExecutionExtension.java:50)&#10;at org.finos.legend.engine.plan.execution.nodes.ExecutionNodeExecutor.lambda$visit$0(ExecutionNodeExecutor.java:164)&#10;at java.base/java.util.stream.ReferencePipeline$3$1.accept(ReferencePipeline.java:195)&#10;at java.base/java.util.Spliterators$ArraySpliterator.tryAdvance(Spliterators.java:958)&#10;at java.base/java.util.stream.ReferencePipeline.forEachWithCancel(ReferencePipeline.java:127)&#10;at java.base/java.util.stream.AbstractPipeline.copyIntoWithCancel(AbstractPipeline.java:502)&#10;at java.base/java.util.stream.AbstractPipeline.copyInto(AbstractPipeline.java:488)&#10;at java.base/java.util.stream.AbstractPipeline.wrapAndCopyInto(AbstractPipeline.java:474)&#10;at java.base/java.util.stream.FindOps$FindOp.evaluateSequential(FindOps.java:150)&#10;at java.base/java.util.stream.AbstractPipeline.evaluate(AbstractPipeline.java:234)&#10;at java.base/java.util.stream.ReferencePipeline.findFirst(ReferencePipeline.java:543)&#10;at org.finos.legend.engine.plan.execution.nodes.ExecutionNodeExecutor.visit(ExecutionNodeExecutor.java:164)&#10;at org.finos.legend.engine.plan.execution.nodes.ExecutionNodeExecutor.visit(ExecutionNodeExecutor.java:107)&#10;at org.finos.legend.engine.protocol.pure.v1.model.executionPlan.nodes.RelationalDataTypeInstantiationExecutionNode.accept(RelationalDataTypeInstantiationExecutionNode.java:22)&#10;at org.finos.legend.engine.plan.execution.PlanExecutor.execute(PlanExecutor.java:238)&#10;at org.finos.legend.engine.plan.execution.PlanExecutor.execute(PlanExecutor.java:225)&#10;at org.finos.legend.engine.plan.execution.api.ExecutePlan.doExecutePlanLegacy(ExecutePlan.java:102)&#10;at org.finos.legend.engine.plan.execution.api.ExecutePlan.doExecutePlan(ExecutePlan.java:84)&#10;at org.finos.legend.engine.plan.execution.api.ExecutePlanLegacy.executePlan(ExecutePlanLegacy.java:56)&#10;at jdk.internal.reflect.GeneratedMethodAccessor100.invoke(Unknown Source)&#10;at java.base/jdk.internal.reflect.DelegatingMethodAccessorImpl.invoke(DelegatingMethodAccessorImpl.java:43)&#10;at java.base/java.lang.reflect.Method.invoke(Method.java:566)&#10;at org.glassfish.jersey.server.model.internal.ResourceMethodInvocationHandlerFactory$1.invoke(ResourceMethodInvocationHandlerFactory.java:81)&#10;at org.glassfish.jersey.server.model.internal.AbstractJavaResourceMethodDispatcher$1.run(AbstractJavaResourceMethodDispatcher.java:144)&#10;at org.glassfish.jersey.server.model.internal.AbstractJavaResourceMethodDispatcher.invoke(AbstractJavaResourceMethodDispatcher.java:161)&#10;at org.glassfish.jersey.server.model.internal.JavaResourceMethodDispatcherProvider$ResponseOutInvoker.doDispatch(JavaResourceMethodDispatcherProvider.java:160)&#10;at org.glassfish.jersey.server.model.internal.AbstractJavaResourceMethodDispatcher.dispatch(AbstractJavaResourceMethodDispatcher.java:99)&#10;at org.glassfish.jersey.server.model.ResourceMethodInvoker.invoke(ResourceMethodInvoker.java:389)&#10;at org.glassfish.jersey.server.model.ResourceMethodInvoker.apply(ResourceMethodInvoker.java:347)&#10;at org.glassfish.jersey.server.model.ResourceMethodInvoker.apply(ResourceMethodInvoker.java:102)&#10;at org.glassfish.jersey.server.ServerRuntime$2.run(ServerRuntime.java:326)&#10;at org.glassfish.jersey.internal.Errors$1.call(Errors.java:271)&#10;at org.glassfish.jersey.internal.Errors$1.call(Errors.java:267)&#10;at org.glassfish.jersey.internal.Errors.process(Errors.java:315)&#10;at org.glassfish.jersey.internal.Errors.process(Errors.java:297)&#10;at org.glassfish.jersey.internal.Errors.process(Errors.java:267)&#10;at org.glassfish.jersey.process.internal.RequestScope.runInScope(RequestScope.java:317)&#10;at org.glassfish.jersey.server.ServerRuntime.process(ServerRuntime.java:305)&#10;at org.glassfish.jersey.server.ApplicationHandler.handle(ApplicationHandler.java:1154)&#10;at org.glassfish.jersey.servlet.WebComponent.serviceImpl(WebComponent.java:473)&#10;at org.glassfish.jersey.servlet.WebComponent.service(WebComponent.java:427)&#10;at org.glassfish.jersey.servlet.ServletContainer.service(ServletContainer.java:388)&#10;at org.glassfish.jersey.servlet.ServletContainer.service(ServletContainer.java:341)&#10;at org.glassfish.jersey.servlet.ServletContainer.service(ServletContainer.java:228)&#10;at org.eclipse.jetty.servlet.ServletHolder.handle(ServletHolder.java:799)&#10;at org.eclipse.jetty.servlet.ServletHandler$ChainEnd.doFilter(ServletHandler.java:1631)&#10;at io.dropwizard.servlets.ThreadNameFilter.doFilter(ThreadNameFilter.java:35)&#10;at org.eclipse.jetty.servlet.FilterHolder.doFilter(FilterHolder.java:193)&#10;at org.eclipse.jetty.servlet.ServletHandler$Chain.doFilter(ServletHandler.java:1601)&#10;at io.dropwizard.jersey.filter.AllowedMethodsFilter.handle(AllowedMethodsFilter.java:45)&#10;at io.dropwizard.jersey.filter.AllowedMethodsFilter.doFilter(AllowedMethodsFilter.java:39)&#10;at org.eclipse.jetty.servlet.FilterHolder.doFilter(FilterHolder.java:193)&#10;at org.eclipse.jetty.servlet.ServletHandler$Chain.doFilter(ServletHandler.java:1601)&#10;at org.finos.legend.server.pac4j.internal.UsernameFilter.doFilter(UsernameFilter.java:51)&#10;at org.eclipse.jetty.servlet.FilterHolder.doFilter(FilterHolder.java:193)&#10;at org.eclipse.jetty.servlet.ServletHandler$Chain.doFilter(ServletHandler.java:1601)&#10;at org.pac4j.j2e.filter.SecurityFilter.lambda$internalFilter$0(SecurityFilter.java:95)&#10;at org.pac4j.core.engine.DefaultSecurityLogic.perform(DefaultSecurityLogic.java:140)&#10;at org.pac4j.j2e.filter.SecurityFilter.internalFilter(SecurityFilter.java:93)&#10;at org.pac4j.j2e.filter.AbstractConfigFilter.doFilter(AbstractConfigFilter.java:81)&#10;at org.eclipse.jetty.servlet.FilterHolder.doFilter(FilterHolder.java:193)&#10;at org.eclipse.jetty.servlet.ServletHandler$Chain.doFilter(ServletHandler.java:1601)&#10;at org.eclipse.jetty.servlet.ServletHandler.doHandle(ServletHandler.java:548)&#10;at org.eclipse.jetty.server.handler.ScopedHandler.nextHandle(ScopedHandler.java:233)&#10;at org.eclipse.jetty.server.session.SessionHandler.doHandle(SessionHandler.java:1624)&#10;at org.eclipse.jetty.server.handler.ScopedHandler.nextHandle(ScopedHandler.java:233)&#10;at org.eclipse.jetty.server.handler.ContextHandler.doHandle(ContextHandler.java:1434)&#10;at org.eclipse.jetty.server.handler.ScopedHandler.nextScope(ScopedHandler.java:188)&#10;at org.eclipse.jetty.servlet.ServletHandler.doScope(ServletHandler.java:501)&#10;at org.eclipse.jetty.server.session.SessionHandler.doScope(SessionHandler.java:1594)&#10;at org.eclipse.jetty.server.handler.ScopedHandler.nextScope(ScopedHandler.java:186)&#10;at org.eclipse.jetty.server.handler.ContextHandler.doScope(ContextHandler.java:1349)&#10;at org.eclipse.jetty.server.handler.ScopedHandler.handle(ScopedHandler.java:141)&#10;at org.eclipse.jetty.server.handler.HandlerWrapper.handle(HandlerWrapper.java:127)&#10;at com.codahale.metrics.jetty9.InstrumentedHandler.handle(InstrumentedHandler.java:313)&#10;at io.dropwizard.jetty.ContextRoutingHandler.handle(ContextRoutingHandler.java:37)&#10;at org.eclipse.jetty.server.handler.gzip.GzipHandler.handle(GzipHandler.java:713)&#10;at io.dropwizard.jetty.BiDiGzipHandler.handle(BiDiGzipHandler.java:67)&#10;at org.eclipse.jetty.server.handler.StatisticsHandler.handle(StatisticsHandler.java:179)&#10;at org.eclipse.jetty.server.handler.HandlerWrapper.handle(HandlerWrapper.java:127)&#10;at org.eclipse.jetty.server.Server.handle(Server.java:516)&#10;at org.eclipse.jetty.server.HttpChannel.lambda$handle$1(HttpChannel.java:400)&#10;at org.eclipse.jetty.server.HttpChannel.dispatch(HttpChannel.java:645)&#10;at org.eclipse.jetty.server.HttpChannel.handle(HttpChannel.java:392)&#10;at org.eclipse.jetty.server.HttpConnection.onFillable(HttpConnection.java:277)&#10;at org.eclipse.jetty.io.AbstractConnection$ReadCallback.succeeded(AbstractConnection.java:311)&#10;at org.eclipse.jetty.io.FillInterest.fillable(FillInterest.java:105)&#10;at org.eclipse.jetty.io.ChannelEndPoint$1.run(ChannelEndPoint.java:104)&#10;at org.eclipse.jetty.util.thread.strategy.EatWhatYouKill.runTask(EatWhatYouKill.java:338)&#10;at org.eclipse.jetty.util.thread.strategy.EatWhatYouKill.doProduce(EatWhatYouKill.java:315)&#10;at org.eclipse.jetty.util.thread.strategy.EatWhatYouKill.tryProduce(EatWhatYouKill.java:173)&#10;at org.eclipse.jetty.util.thread.strategy.EatWhatYouKill.run(EatWhatYouKill.java:131)&#10;at org.eclipse.jetty.util.thread.ReservedThreadExecutor$ReservedThread.run(ReservedThreadExecutor.java:409)&#10;at org.eclipse.jetty.util.thread.QueuedThreadPool.runJob(QueuedThreadPool.java:883)&#10;at org.eclipse.jetty.util.thread.QueuedThreadPool$Runner.run(QueuedThreadPool.java:1034)&#10;at java.base/java.lang.Thread.run(Thread.java:829)&#10;Caused by: net.snowflake.client.jdbc.SnowflakeSQLException: SQL compilation error:&#10;Function EXTRACT does not support VARCHAR(19) argument type&#10;at net.snowflake.client.jdbc.SnowflakeUtil.checkErrorAndThrowExceptionSub(SnowflakeUtil.java:127)&#10;at net.snowflake.client.jdbc.SnowflakeUtil.checkErrorAndThrowException(SnowflakeUtil.java:67)&#10;at net.snowflake.client.core.StmtUtil.pollForOutput(StmtUtil.java:442)&#10;at net.snowflake.client.core.StmtUtil.execute(StmtUtil.java:345)&#10;at net.snowflake.client.core.SFStatement.executeHelper(SFStatement.java:486)&#10;at net.snowflake.client.core.SFStatement.executeQueryInternal(SFStatement.java:197)&#10;at net.snowflake.client.core.SFStatement.executeQuery(SFStatement.java:134)&#10;at net.snowflake.client.core.SFStatement.execute(SFStatement.java:743)&#10;at net.snowflake.client.core.SFStatement.execute(SFStatement.java:639)&#10;at net.snowflake.client.jdbc.SnowflakeStatementV1.executeQueryInternal(SnowflakeStatementV1.java:238)&#10;at net.snowflake.client.jdbc.SnowflakeStatementV1.executeQuery(SnowflakeStatementV1.java:133)&#10;at com.zaxxer.hikari.pool.ProxyStatement.executeQuery(ProxyStatement.java:110)&#10;at com.zaxxer.hikari.pool.HikariProxyStatement.executeQuery(HikariProxyStatement.java)&#10;at org.finos.legend.engine.plan.execution.stores.relational.result.SQLExecutionResult.&lt;init&gt;(SQLExecutionResult.java:95)&#10;... 101 more&#10;&quot;}&apos;&quot;" type="Assert failure at (resource"><![CDATA[Assert failure at (resource:/platform/pure/basics/tests/assertEq.pure line:34 column:5), "500 '{"code":-1,"message":"SnowflakeSQLException: SQL compilation error:
Function EXTRACT does not support VARCHAR(19) argument type","status":"error","trace":"java.lang.RuntimeException: net.snowflake.client.jdbc.SnowflakeSQLException: SQL compilation error:
Function EXTRACT does not support VARCHAR(19) argument type
at org.finos.legend.engine.plan.execution.stores.relational.result.SQLExecutionResult.<init>(SQLExecutionResult.java:123)
at org.finos.legend.engine.plan.execution.stores.relational.RelationalExecutor.execute(RelationalExecutor.java:241)
at org.finos.legend.engine.plan.execution.stores.relational.plugin.RelationalExecutionNodeExecutor.visit(RelationalExecutionNodeExecutor.java:238)
at org.finos.legend.engine.plan.execution.stores.relational.plugin.RelationalExecutionNodeExecutor.visit(RelationalExecutionNodeExecutor.java:346)
at org.finos.legend.engine.plan.execution.stores.relational.plugin.RelationalExecutionNodeExecutor.visit(RelationalExecutionNodeExecutor.java:92)
at org.finos.legend.engine.protocol.pure.v1.model.executionPlan.nodes.RelationalDataTypeInstantiationExecutionNode.accept(RelationalDataTypeInstantiationExecutionNode.java:22)
at org.finos.legend.engine.plan.execution.stores.relational.RelationalExecutionExtension.lambda$getExtraNodeExecutors$fbe53481$1(RelationalExecutionExtension.java:50)
at org.finos.legend.engine.plan.execution.nodes.ExecutionNodeExecutor.lambda$visit$0(ExecutionNodeExecutor.java:164)
at java.base/java.util.stream.ReferencePipeline$3$1.accept(ReferencePipeline.java:195)
at java.base/java.util.Spliterators$ArraySpliterator.tryAdvance(Spliterators.java:958)
at java.base/java.util.stream.ReferencePipeline.forEachWithCancel(ReferencePipeline.java:127)
at java.base/java.util.stream.AbstractPipeline.copyIntoWithCancel(AbstractPipeline.java:502)
at java.base/java.util.stream.AbstractPipeline.copyInto(AbstractPipeline.java:488)
at java.base/java.util.stream.AbstractPipeline.wrapAndCopyInto(AbstractPipeline.java:474)
at java.base/java.util.stream.FindOps$FindOp.evaluateSequential(FindOps.java:150)
at java.base/java.util.stream.AbstractPipeline.evaluate(AbstractPipeline.java:234)
at java.base/java.util.stream.ReferencePipeline.findFirst(ReferencePipeline.java:543)
at org.finos.legend.engine.plan.execution.nodes.ExecutionNodeExecutor.visit(ExecutionNodeExecutor.java:164)
at org.finos.legend.engine.plan.execution.nodes.ExecutionNodeExecutor.visit(ExecutionNodeExecutor.java:107)
at org.finos.legend.engine.protocol.pure.v1.model.executionPlan.nodes.RelationalDataTypeInstantiationExecutionNode.accept(RelationalDataTypeInstantiationExecutionNode.java:22)
at org.finos.legend.engine.plan.execution.PlanExecutor.execute(PlanExecutor.java:238)
at org.finos.legend.engine.plan.execution.PlanExecutor.execute(PlanExecutor.java:225)
at org.finos.legend.engine.plan.execution.api.ExecutePlan.doExecutePlanLegacy(ExecutePlan.java:102)
at org.finos.legend.engine.plan.execution.api.ExecutePlan.doExecutePlan(ExecutePlan.java:84)
at org.finos.legend.engine.plan.execution.api.ExecutePlanLegacy.executePlan(ExecutePlanLegacy.java:56)
at jdk.internal.reflect.GeneratedMethodAccessor100.invoke(Unknown Source)
at java.base/jdk.internal.reflect.DelegatingMethodAccessorImpl.invoke(DelegatingMethodAccessorImpl.java:43)
at java.base/java.lang.reflect.Method.invoke(Method.java:566)
at org.glassfish.jersey.server.model.internal.ResourceMethodInvocationHandlerFactory$1.invoke(ResourceMethodInvocationHandlerFactory.java:81)
at org.glassfish.jersey.server.model.internal.AbstractJavaResourceMethodDispatcher$1.run(AbstractJavaResourceMethodDispatcher.java:144)
at org.glassfish.jersey.server.model.internal.AbstractJavaResourceMethodDispatcher.invoke(AbstractJavaResourceMethodDispatcher.java:161)
at org.glassfish.jersey.server.model.internal.JavaResourceMethodDispatcherProvider$ResponseOutInvoker.doDispatch(JavaResourceMethodDispatcherProvider.java:160)
at org.glassfish.jersey.server.model.internal.AbstractJavaResourceMethodDispatcher.dispatch(AbstractJavaResourceMethodDispatcher.java:99)
at org.glassfish.jersey.server.model.ResourceMethodInvoker.invoke(ResourceMethodInvoker.java:389)
at org.glassfish.jersey.server.model.ResourceMethodInvoker.apply(ResourceMethodInvoker.java:347)
at org.glassfish.jersey.server.model.ResourceMethodInvoker.apply(ResourceMethodInvoker.java:102)
at org.glassfish.jersey.server.ServerRuntime$2.run(ServerRuntime.java:326)
at org.glassfish.jersey.internal.Errors$1.call(Errors.java:271)
at org.glassfish.jersey.internal.Errors$1.call(Errors.java:267)
at org.glassfish.jersey.internal.Errors.process(Errors.java:315)
at org.glassfish.jersey.internal.Errors.process(Errors.java:297)
at org.glassfish.jersey.internal.Errors.process(Errors.java:267)
at org.glassfish.jersey.process.internal.RequestScope.runInScope(RequestScope.java:317)
at org.glassfish.jersey.server.ServerRuntime.process(ServerRuntime.java:305)
at org.glassfish.jersey.server.ApplicationHandler.handle(ApplicationHandler.java:1154)
at org.glassfish.jersey.servlet.WebComponent.serviceImpl(WebComponent.java:473)
at org.glassfish.jersey.servlet.WebComponent.service(WebComponent.java:427)
at org.glassfish.jersey.servlet.ServletContainer.service(ServletContainer.java:388)
at org.glassfish.jersey.servlet.ServletContainer.service(ServletContainer.java:341)
at org.glassfish.jersey.servlet.ServletContainer.service(ServletContainer.java:228)
at org.eclipse.jetty.servlet.ServletHolder.handle(ServletHolder.java:799)
at org.eclipse.jetty.servlet.ServletHandler$ChainEnd.doFilter(ServletHandler.java:1631)
at io.dropwizard.servlets.ThreadNameFilter.doFilter(ThreadNameFilter.java:35)
at org.eclipse.jetty.servlet.FilterHolder.doFilter(FilterHolder.java:193)
at org.eclipse.jetty.servlet.ServletHandler$Chain.doFilter(ServletHandler.java:1601)
at io.dropwizard.jersey.filter.AllowedMethodsFilter.handle(AllowedMethodsFilter.java:45)
at io.dropwizard.jersey.filter.AllowedMethodsFilter.doFilter(AllowedMethodsFilter.java:39)
at org.eclipse.jetty.servlet.FilterHolder.doFilter(FilterHolder.java:193)
at org.eclipse.jetty.servlet.ServletHandler$Chain.doFilter(ServletHandler.java:1601)
at org.finos.legend.server.pac4j.internal.UsernameFilter.doFilter(UsernameFilter.java:51)
at org.eclipse.jetty.servlet.FilterHolder.doFilter(FilterHolder.java:193)
at org.eclipse.jetty.servlet.ServletHandler$Chain.doFilter(ServletHandler.java:1601)
at org.pac4j.j2e.filter.SecurityFilter.lambda$internalFilter$0(SecurityFilter.java:95)
at org.pac4j.core.engine.DefaultSecurityLogic.perform(DefaultSecurityLogic.java:140)
at org.pac4j.j2e.filter.SecurityFilter.internalFilter(SecurityFilter.java:93)
at org.pac4j.j2e.filter.AbstractConfigFilter.doFilter(AbstractConfigFilter.java:81)
at org.eclipse.jetty.servlet.FilterHolder.doFilter(FilterHolder.java:193)
at org.eclipse.jetty.servlet.ServletHandler$Chain.doFilter(ServletHandler.java:1601)
at org.eclipse.jetty.servlet.ServletHandler.doHandle(ServletHandler.java:548)
at org.eclipse.jetty.server.handler.ScopedHandler.nextHandle(ScopedHandler.java:233)
at org.eclipse.jetty.server.session.SessionHandler.doHandle(SessionHandler.java:1624)
at org.eclipse.jetty.server.handler.ScopedHandler.nextHandle(ScopedHandler.java:233)
at org.eclipse.jetty.server.handler.ContextHandler.doHandle(ContextHandler.java:1434)
at org.eclipse.jetty.server.handler.ScopedHandler.nextScope(ScopedHandler.java:188)
at org.eclipse.jetty.servlet.ServletHandler.doScope(ServletHandler.java:501)
at org.eclipse.jetty.server.session.SessionHandler.doScope(SessionHandler.java:1594)
at org.eclipse.jetty.server.handler.ScopedHandler.nextScope(ScopedHandler.java:186)
at org.eclipse.jetty.server.handler.ContextHandler.doScope(ContextHandler.java:1349)
at org.eclipse.jetty.server.handler.ScopedHandler.handle(ScopedHandler.java:141)
at org.eclipse.jetty.server.handler.HandlerWrapper.handle(HandlerWrapper.java:127)
at com.codahale.metrics.jetty9.InstrumentedHandler.handle(InstrumentedHandler.java:313)
at io.dropwizard.jetty.ContextRoutingHandler.handle(ContextRoutingHandler.java:37)
at org.eclipse.jetty.server.handler.gzip.GzipHandler.handle(GzipHandler.java:713)
at io.dropwizard.jetty.BiDiGzipHandler.handle(BiDiGzipHandler.java:67)
at org.eclipse.jetty.server.handler.StatisticsHandler.handle(StatisticsHandler.java:179)
at org.eclipse.jetty.server.handler.HandlerWrapper.handle(HandlerWrapper.java:127)
at org.eclipse.jetty.server.Server.handle(Server.java:516)
at org.eclipse.jetty.server.HttpChannel.lambda$handle$1(HttpChannel.java:400)
at org.eclipse.jetty.server.HttpChannel.dispatch(HttpChannel.java:645)
at org.eclipse.jetty.server.HttpChannel.handle(HttpChannel.java:392)
at org.eclipse.jetty.server.HttpConnection.onFillable(HttpConnection.java:277)
at org.eclipse.jetty.io.AbstractConnection$ReadCallback.succeeded(AbstractConnection.java:311)
at org.eclipse.jetty.io.FillInterest.fillable(FillInterest.java:105)
at org.eclipse.jetty.io.ChannelEndPoint$1.run(ChannelEndPoint.java:104)
at org.eclipse.jetty.util.thread.strategy.EatWhatYouKill.runTask(EatWhatYouKill.java:338)
at org.eclipse.jetty.util.thread.strategy.EatWhatYouKill.doProduce(EatWhatYouKill.java:315)
at org.eclipse.jetty.util.thread.strategy.EatWhatYouKill.tryProduce(EatWhatYouKill.java:173)
at org.eclipse.jetty.util.thread.strategy.EatWhatYouKill.run(EatWhatYouKill.java:131)
at org.eclipse.jetty.util.thread.ReservedThreadExecutor$ReservedThread.run(ReservedThreadExecutor.java:409)
at org.eclipse.jetty.util.thread.QueuedThreadPool.runJob(QueuedThreadPool.java:883)
at org.eclipse.jetty.util.thread.QueuedThreadPool$Runner.run(QueuedThreadPool.java:1034)
at java.base/java.lang.Thread.run(Thread.java:829)
Caused by: net.snowflake.client.jdbc.SnowflakeSQLException: SQL compilation error:
Function EXTRACT does not support VARCHAR(19) argument type
at net.snowflake.client.jdbc.SnowflakeUtil.checkErrorAndThrowExceptionSub(SnowflakeUtil.java:127)
at net.snowflake.client.jdbc.SnowflakeUtil.checkErrorAndThrowException(SnowflakeUtil.java:67)
at net.snowflake.client.core.StmtUtil.pollForOutput(StmtUtil.java:442)
at net.snowflake.client.core.StmtUtil.execute(StmtUtil.java:345)
at net.snowflake.client.core.SFStatement.executeHelper(SFStatement.java:486)
at net.snowflake.client.core.SFStatement.executeQueryInternal(SFStatement.java:197)
at net.snowflake.client.core.SFStatement.executeQuery(SFStatement.java:134)
at net.snowflake.client.core.SFStatement.execute(SFStatement.java:743)
at net.snowflake.client.core.SFStatement.execute(SFStatement.java:639)
at net.snowflake.client.jdbc.SnowflakeStatementV1.executeQueryInternal(SnowflakeStatementV1.java:238)
at net.snowflake.client.jdbc.SnowflakeStatementV1.executeQuery(SnowflakeStatementV1.java:133)
at com.zaxxer.hikari.pool.ProxyStatement.executeQuery(ProxyStatement.java:110)
at com.zaxxer.hikari.pool.HikariProxyStatement.executeQuery(HikariProxyStatement.java)
at org.finos.legend.engine.plan.execution.stores.relational.result.SQLExecutionResult.<init>(SQLExecutionResult.java:95)
... 101 more
"}'"
	at org.finos.legend.pure.runtime.java.compiled.generation.processors.support.CompiledSupport.pureAssert(CompiledSupport.java:1994)
	at org.finos.legend.pure.generated.platform_pure_basics_tests_assertEq.Root_meta_pure_functions_asserts_assertEq_Any_1__Any_1__Function_1__Boolean_1_(platform_pure_basics_tests_assertEq.java:44)
	at org.finos.legend.pure.generated.core_pure_protocol_vX_X_X_invocations_execution.Root_meta_protocols_pure_vX_X_X_invocation_execution_execute_executePlan_String_1__String_1__Integer_1__String_1_(core_pure_protocol_vX_X_X_invocations_execution.java:751)
	at org.finos.legend.pure.generated.core_pure_protocol_vX_X_X_invocations_execution.Root_meta_protocols_pure_vX_X_X_invocation_execution_execute_executePlan_ExecutionPlan_1__String_1__Integer_1__Extension_MANY__String_1_(core_pure_protocol_vX_X_X_invocations_execution.java:745)
	at org.finos.legend.pure.generated.core_pure_protocol_vX_X_X_invocations_execution.Root_meta_protocols_pure_vX_X_X_invocation_execution_execute_executePlan_ExecutionPlan_1__ExecutionContext_$0_1$__String_1__Integer_1__Extension_MANY__Result_1_(core_pure_protocol_vX_X_X_invocations_execution.java:738)
	at jdk.internal.reflect.GeneratedMethodAccessor96.invoke(Unknown Source)
	at java.base/jdk.internal.reflect.DelegatingMethodAccessorImpl.invoke(DelegatingMethodAccessorImpl.java:43)
	at java.base/java.lang.reflect.Method.invoke(Method.java:566)
	at org.finos.legend.pure.runtime.java.compiled.metadata.JavaMethodWithParamsSharedPureFunction.execute(JavaMethodWithParamsSharedPureFunction.java:59)
	at org.finos.legend.pure.runtime.java.compiled.generation.processors.support.Pure._evaluateToMany(Pure.java:546)
	at org.finos.legend.pure.generated.CoreGen.evaluateToMany(CoreGen.java:147)
	at org.finos.legend.pure.generated.CoreGen.evaluateToMany(CoreGen.java:134)
	at org.finos.legend.pure.generated.core_pure_router_router_entry$9$1.value(core_pure_router_router_entry.java:318)
	at org.finos.legend.pure.generated.core_pure_router_router_entry$9$1.execute(core_pure_router_router_entry.java:311)
	at org.finos.legend.pure.generated.core_pure_router_router_entry$9$1.execute(core_pure_router_router_entry.java:307)
	at org.finos.legend.pure.runtime.java.compiled.generation.processors.support.Pure.evaluate(Pure.java:485)
	at org.finos.legend.pure.runtime.java.compiled.generation.processors.support.Pure.legendTest(Pure.java:216)
	at org.finos.legend.pure.generated.CoreGen.legendTest(CoreGen.java:61)
	at org.finos.legend.pure.generated.core_pure_router_router_entry$9.valueOf(core_pure_router_router_entry.java:303)
	at org.finos.legend.pure.generated.core_pure_router_router_entry$9.execute(core_pure_router_router_entry.java:298)
	at org.finos.legend.pure.generated.core_pure_router_router_entry$9.execute(core_pure_router_router_entry.java:294)
	at org.finos.legend.pure.runtime.java.compiled.generation.processors.support.Pure.evaluate(Pure.java:485)
	at org.finos.legend.pure.runtime.java.compiled.generation.processors.support.Pure.traceSpan(Pure.java:1482)
	at org.finos.legend.pure.generated.CoreGen.traceSpan(CoreGen.java:203)
	at org.finos.legend.pure.generated.core_pure_router_router_entry.Root_meta_pure_router_executePlan_ExecutionPlan_1__ExecutionContext_1__Extension_MANY__Result_$0_1$_(core_pure_router_router_entry.java:290)
	at org.finos.legend.pure.generated.core_pure_router_router_entry.Root_meta_pure_router_executePlan_ExecutionPlan_1__Extension_MANY__Result_$0_1$_(core_pure_router_router_entry.java:285)
	at org.finos.legend.pure.generated.core_relational_relational_sqlQueryToString_dbTestRunner_testRunner$20.execute(core_relational_relational_sqlQueryToString_dbTestRunner_testRunner.java:386)
	at org.finos.legend.pure.generated.core_relational_relational_sqlQueryToString_dbTestRunner_testRunner.Root_meta_relational_dbTestRunner_runSqlQueryTest_SQLQuery_1__Literal_$1_MANY$__Pair_MANY__Function_$0_1$__DbTestConfig_1__Boolean_1_(core_relational_relational_sqlQueryToString_dbTestRunner_testRunner.java:424)
	at org.finos.legend.pure.generated.core_relational_relational_sqlQueryToString_dbTestRunner_testRunner.Root_meta_relational_dbTestRunner_runSqlQueryTest_SQLQuery_1__Literal_$1_MANY$__Function_$0_1$__DbTestConfig_1__Boolean_1_(core_relational_relational_sqlQueryToString_dbTestRunner_testRunner.java:374)
	at org.finos.legend.pure.generated.core_relational_relational_sqlQueryToString_dbTestRunner_dynaFunctionTestRunner.Root_meta_relational_dbTestRunner_runDynaFunctionDatabaseTest_DynaFunction_1__Literal_$1_MANY$__Function_$0_1$__DbTestConfig_1__Boolean_1_(core_relational_relational_sqlQueryToString_dbTestRunner_dynaFunctionTestRunner.java:64)
	at org.finos.legend.pure.generated.core_relational_relational_sqlQueryToString_dbTestRunner_dynaFunctionTestRunner.Root_meta_relational_dbTestRunner_runDynaFunctionDatabaseTest_DynaFunction_1__Literal_$1_MANY$__DbTestConfig_1__Boolean_1_(core_relational_relational_sqlQueryToString_dbTestRunner_dynaFunctionTestRunner.java:58)
	at org.finos.legend.pure.generated.core_relational_relational_sqlQueryToString_testSuite_dynaFunctions_date.Root_meta_relational_tests_dbSpecificTests_sqlQueryTests_dynaFunctions_quarter_testQuarterAsNumber_DbTestConfig_1__Boolean_1_(core_relational_relational_sqlQueryToString_testSuite_dynaFunctions_date.java:130)
	at java.base/jdk.internal.reflect.NativeMethodAccessorImpl.invoke0(Native Method)
	at java.base/jdk.internal.reflect.NativeMethodAccessorImpl.invoke(NativeMethodAccessorImpl.java:62)
	at java.base/jdk.internal.reflect.DelegatingMethodAccessorImpl.invoke(DelegatingMethodAccessorImpl.java:43)
	at java.base/java.lang.reflect.Method.invoke(Method.java:566)
	at org.finos.legend.pure.runtime.java.compiled.testHelper.PureTestBuilderCompiled.executeFn(PureTestBuilderCompiled.java:113)
	at org.finos.legend.pure.runtime.java.compiled.testHelper.PureTestBuilderCompiled.lambda$buildSuite$0(PureTestBuilderCompiled.java:79)
	at org.finos.legend.pure.m3.execution.test.PureTestBuilder$PureTestCase.runTest(PureTestBuilder.java:95)
	at junit.framework.TestCase.runBare(TestCase.java:142)
	at org.finos.legend.engine.server.test.shared.Relational_DbSpecific_UsingPureClientTestSuite$2.runTest(Relational_DbSpecific_UsingPureClientTestSuite.java:90)
	at junit.framework.TestCase.runBare(TestCase.java:142)
	at junit.framework.TestResult$1.protect(TestResult.java:122)
	at junit.framework.TestResult.runProtected(TestResult.java:142)
	at junit.framework.TestResult.run(TestResult.java:125)
	at junit.framework.TestCase.run(TestCase.java:130)
	at junit.framework.TestSuite.runTest(TestSuite.java:241)
	at junit.framework.TestSuite.run(TestSuite.java:236)
	at junit.framework.TestSuite.runTest(TestSuite.java:241)
	at junit.framework.TestSuite.run(TestSuite.java:236)
	at junit.framework.TestSuite.runTest(TestSuite.java:241)
	at junit.framework.TestSuite.run(TestSuite.java:236)
	at junit.framework.TestSuite.runTest(TestSuite.java:241)
	at junit.framework.TestSuite.run(TestSuite.java:236)
	at junit.framework.TestSuite.runTest(TestSuite.java:241)
	at junit.framework.TestSuite.run(TestSuite.java:236)
	at junit.extensions.TestDecorator.basicRun(TestDecorator.java:24)
	at junit.extensions.TestSetup$1.protect(TestSetup.java:23)
	at junit.framework.TestResult.runProtected(TestResult.java:142)
	at junit.extensions.TestSetup.run(TestSetup.java:27)
	at org.junit.internal.runners.JUnit38ClassRunner.run(JUnit38ClassRunner.java:90)
	at org.apache.maven.surefire.junit4.JUnit4Provider.execute(JUnit4Provider.java:365)
	at org.apache.maven.surefire.junit4.JUnit4Provider.executeWithRerun(JUnit4Provider.java:273)
	at org.apache.maven.surefire.junit4.JUnit4Provider.executeTestSet(JUnit4Provider.java:238)
	at org.apache.maven.surefire.junit4.JUnit4Provider.invoke(JUnit4Provider.java:159)
	at org.apache.maven.surefire.booter.ForkedBooter.invokeProviderInSameClassLoader(ForkedBooter.java:384)
	at org.apache.maven.surefire.booter.ForkedBooter.runSuitesInProcess(ForkedBooter.java:345)
	at org.apache.maven.surefire.booter.ForkedBooter.execute(ForkedBooter.java:126)
	at org.apache.maven.surefire.booter.ForkedBooter.main(ForkedBooter.java:418)
]]></error>
    <system-out><![CDATA[Running db test dynaFunctions::quarter::testQuarterAsNumber
{"duration":0.0,"eventType":"EXECUTION_PLAN_EXEC_ERROR","info":{"code":-1,"message":"SnowflakeSQLException: SQL compilation error:\nFunction EXTRACT does not support VARCHAR(19) argument type","status":"error","trace":"java.lang.RuntimeException: net.snowflake.client.jdbc.SnowflakeSQLException: SQL compilation error:\nFunction EXTRACT does not support VARCHAR(19) argument type\n\tat org.finos.legend.engine.plan.execution.stores.relational.result.SQLExecutionResult.<init>(SQLExecutionResult.java:123)\n\tat org.finos.legend.engine.plan.execution.stores.relational.RelationalExecutor.execute(RelationalExecutor.java:241)\n\tat org.finos.legend.engine.plan.execution.stores.relational.plugin.RelationalExecutionNodeExecutor.visit(RelationalExecutionNodeExecutor.java:238)\n\tat org.finos.legend.engine.plan.execution.stores.relational.plugin.RelationalExecutionNodeExecutor.visit(RelationalExecutionNodeExecutor.java:346)\n\tat org.finos.legend.engine.plan.execution.stores.relational.plugin.RelationalExecutionNodeExecutor.visit(RelationalExecutionNodeExecutor.java:92)\n\tat org.finos.legend.engine.protocol.pure.v1.model.executionPlan.nodes.RelationalDataTypeInstantiationExecutionNode.accept(RelationalDataTypeInstantiationExecutionNode.java:22)\n\tat org.finos.legend.engine.plan.execution.stores.relational.RelationalExecutionExtension.lambda$getExtraNodeExecutors$fbe53481$1(RelationalExecutionExtension.java:50)\n\tat org.finos.legend.engine.plan.execution.nodes.ExecutionNodeExecutor.lambda$visit$0(ExecutionNodeExecutor.java:164)\n\tat java.base/java.util.stream.ReferencePipeline$3$1.accept(ReferencePipeline.java:195)\n\tat java.base/java.util.Spliterators$ArraySpliterator.tryAdvance(Spliterators.java:958)\n\tat java.base/java.util.stream.ReferencePipeline.forEachWithCancel(ReferencePipeline.java:127)\n\tat java.base/java.util.stream.AbstractPipeline.copyIntoWithCancel(AbstractPipeline.java:502)\n\tat java.base/java.util.stream.AbstractPipeline.copyInto(AbstractPipeline.java:488)\n\tat java.base/java.util.stream.AbstractPipeline.wrapAndCopyInto(AbstractPipeline.java:474)\n\tat java.base/java.util.stream.FindOps$FindOp.evaluateSequential(FindOps.java:150)\n\tat java.base/java.util.stream.AbstractPipeline.evaluate(AbstractPipeline.java:234)\n\tat java.base/java.util.stream.ReferencePipeline.findFirst(ReferencePipeline.java:543)\n\tat org.finos.legend.engine.plan.execution.nodes.ExecutionNodeExecutor.visit(ExecutionNodeExecutor.java:164)\n\tat org.finos.legend.engine.plan.execution.nodes.ExecutionNodeExecutor.visit(ExecutionNodeExecutor.java:107)\n\tat org.finos.legend.engine.protocol.pure.v1.model.executionPlan.nodes.RelationalDataTypeInstantiationExecutionNode.accept(RelationalDataTypeInstantiationExecutionNode.java:22)\n\tat org.finos.legend.engine.plan.execution.PlanExecutor.execute(PlanExecutor.java:238)\n\tat org.finos.legend.engine.plan.execution.PlanExecutor.execute(PlanExecutor.java:225)\n\tat org.finos.legend.engine.plan.execution.api.ExecutePlan.doExecutePlanLegacy(ExecutePlan.java:102)\n\tat org.finos.legend.engine.plan.execution.api.ExecutePlan.doExecutePlan(ExecutePlan.java:84)\n\tat org.finos.legend.engine.plan.execution.api.ExecutePlanLegacy.executePlan(ExecutePlanLegacy.java:56)\n\tat jdk.internal.reflect.GeneratedMethodAccessor100.invoke(Unknown Source)\n\tat java.base/jdk.internal.reflect.DelegatingMethodAccessorImpl.invoke(DelegatingMethodAccessorImpl.java:43)\n\tat java.base/java.lang.reflect.Method.invoke(Method.java:566)\n\tat org.glassfish.jersey.server.model.internal.ResourceMethodInvocationHandlerFactory$1.invoke(ResourceMethodInvocationHandlerFactory.java:81)\n\tat org.glassfish.jersey.server.model.internal.AbstractJavaResourceMethodDispatcher$1.run(AbstractJavaResourceMethodDispatcher.java:144)\n\tat org.glassfish.jersey.server.model.internal.AbstractJavaResourceMethodDispatcher.invoke(AbstractJavaResourceMethodDispatcher.java:161)\n\tat org.glassfish.jersey.server.model.internal.JavaResourceMethodDispatcherProvider$ResponseOutInvoker.doDispatch(JavaResourceMethodDispatcherProvider.java:160)\n\tat org.glassfish.jersey.server.model.internal.AbstractJavaResourceMethodDispatcher.dispatch(AbstractJavaResourceMethodDispatcher.java:99)\n\tat org.glassfish.jersey.server.model.ResourceMethodInvoker.invoke(ResourceMethodInvoker.java:389)\n\tat org.glassfish.jersey.server.model.ResourceMethodInvoker.apply(ResourceMethodInvoker.java:347)\n\tat org.glassfish.jersey.server.model.ResourceMethodInvoker.apply(ResourceMethodInvoker.java:102)\n\tat org.glassfish.jersey.server.ServerRuntime$2.run(ServerRuntime.java:326)\n\tat org.glassfish.jersey.internal.Errors$1.call(Errors.java:271)\n\tat org.glassfish.jersey.internal.Errors$1.call(Errors.java:267)\n\tat org.glassfish.jersey.internal.Errors.process(Errors.java:315)\n\tat org.glassfish.jersey.internal.Errors.process(Errors.java:297)\n\tat org.glassfish.jersey.internal.Errors.process(Errors.java:267)\n\tat org.glassfish.jersey.process.internal.RequestScope.runInScope(RequestScope.java:317)\n\tat org.glassfish.jersey.server.ServerRuntime.process(ServerRuntime.java:305)\n\tat org.glassfish.jersey.server.ApplicationHandler.handle(ApplicationHandler.java:1154)\n\tat org.glassfish.jersey.servlet.WebComponent.serviceImpl(WebComponent.java:473)\n\tat org.glassfish.jersey.servlet.WebComponent.service(WebComponent.java:427)\n\tat org.glassfish.jersey.servlet.ServletContainer.service(ServletContainer.java:388)\n\tat org.glassfish.jersey.servlet.ServletContainer.service(ServletContainer.java:341)\n\tat org.glassfish.jersey.servlet.ServletContainer.service(ServletContainer.java:228)\n\tat org.eclipse.jetty.servlet.ServletHolder.handle(ServletHolder.java:799)\n\tat org.eclipse.jetty.servlet.ServletHandler$ChainEnd.doFilter(ServletHandler.java:1631)\n\tat io.dropwizard.servlets.ThreadNameFilter.doFilter(ThreadNameFilter.java:35)\n\tat org.eclipse.jetty.servlet.FilterHolder.doFilter(FilterHolder.java:193)\n\tat org.eclipse.jetty.servlet.ServletHandler$Chain.doFilter(ServletHandler.java:1601)\n\tat io.dropwizard.jersey.filter.AllowedMethodsFilter.handle(AllowedMethodsFilter.java:45)\n\tat io.dropwizard.jersey.filter.AllowedMethodsFilter.doFilter(AllowedMethodsFilter.java:39)\n\tat org.eclipse.jetty.servlet.FilterHolder.doFilter(FilterHolder.java:193)\n\tat org.eclipse.jetty.servlet.ServletHandler$Chain.doFilter(ServletHandler.java:1601)\n\tat org.finos.legend.server.pac4j.internal.UsernameFilter.doFilter(UsernameFilter.java:51)\n\tat org.eclipse.jetty.servlet.FilterHolder.doFilter(FilterHolder.java:193)\n\tat org.eclipse.jetty.servlet.ServletHandler$Chain.doFilter(ServletHandler.java:1601)\n\tat org.pac4j.j2e.filter.SecurityFilter.lambda$internalFilter$0(SecurityFilter.java:95)\n\tat org.pac4j.core.engine.DefaultSecurityLogic.perform(DefaultSecurityLogic.java:140)\n\tat org.pac4j.j2e.filter.SecurityFilter.internalFilter(SecurityFilter.java:93)\n\tat org.pac4j.j2e.filter.AbstractConfigFilter.doFilter(AbstractConfigFilter.java:81)\n\tat org.eclipse.jetty.servlet.FilterHolder.doFilter(FilterHolder.java:193)\n\tat org.eclipse.jetty.servlet.ServletHandler$Chain.doFilter(ServletHandler.java:1601)\n\tat org.eclipse.jetty.servlet.ServletHandler.doHandle(ServletHandler.java:548)\n\tat org.eclipse.jetty.server.handler.ScopedHandler.nextHandle(ScopedHandler.java:233)\n\tat org.eclipse.jetty.server.session.SessionHandler.doHandle(SessionHandler.java:1624)\n\tat org.eclipse.jetty.server.handler.ScopedHandler.nextHandle(ScopedHandler.java:233)\n\tat org.eclipse.jetty.server.handler.ContextHandler.doHandle(ContextHandler.java:1434)\n\tat org.eclipse.jetty.server.handler.ScopedHandler.nextScope(ScopedHandler.java:188)\n\tat org.eclipse.jetty.servlet.ServletHandler.doScope(ServletHandler.java:501)\n\tat org.eclipse.jetty.server.session.SessionHandler.doScope(SessionHandler.java:1594)\n\tat org.eclipse.jetty.server.handler.ScopedHandler.nextScope(ScopedHandler.java:186)\n\tat org.eclipse.jetty.server.handler.ContextHandler.doScope(ContextHandler.java:1349)\n\tat org.eclipse.jetty.server.handler.ScopedHandler.handle(ScopedHandler.java:141)\n\tat org.eclipse.jetty.server.handler.HandlerWrapper.handle(HandlerWrapper.java:127)\n\tat com.codahale.metrics.jetty9.InstrumentedHandler.handle(InstrumentedHandler.java:313)\n\tat io.dropwizard.jetty.ContextRoutingHandler.handle(ContextRoutingHandler.java:37)\n\tat org.eclipse.jetty.server.handler.gzip.GzipHandler.handle(GzipHandler.java:713)\n\tat io.dropwizard.jetty.BiDiGzipHandler.handle(BiDiGzipHandler.java:67)\n\tat org.eclipse.jetty.server.handler.StatisticsHandler.handle(StatisticsHandler.java:179)\n\tat org.eclipse.jetty.server.handler.HandlerWrapper.handle(HandlerWrapper.java:127)\n\tat org.eclipse.jetty.server.Server.handle(Server.java:516)\n\tat org.eclipse.jetty.server.HttpChannel.lambda$handle$1(HttpChannel.java:400)\n\tat org.eclipse.jetty.server.HttpChannel.dispatch(HttpChannel.java:645)\n\tat org.eclipse.jetty.server.HttpChannel.handle(HttpChannel.java:392)\n\tat org.eclipse.jetty.server.HttpConnection.onFillable(HttpConnection.java:277)\n\tat org.eclipse.jetty.io.AbstractConnection$ReadCallback.succeeded(AbstractConnection.java:311)\n\tat org.eclipse.jetty.io.FillInterest.fillable(FillInterest.java:105)\n\tat org.eclipse.jetty.io.ChannelEndPoint$1.run(ChannelEndPoint.java:104)\n\tat org.eclipse.jetty.util.thread.strategy.EatWhatYouKill.runTask(EatWhatYouKill.java:338)\n\tat org.eclipse.jetty.util.thread.strategy.EatWhatYouKill.doProduce(EatWhatYouKill.java:315)\n\tat org.eclipse.jetty.util.thread.strategy.EatWhatYouKill.tryProduce(EatWhatYouKill.java:173)\n\tat org.eclipse.jetty.util.thread.strategy.EatWhatYouKill.run(EatWhatYouKill.java:131)\n\tat org.eclipse.jetty.util.thread.ReservedThreadExecutor$ReservedThread.run(ReservedThreadExecutor.java:409)\n\tat org.eclipse.jetty.util.thread.QueuedThreadPool.runJob(QueuedThreadPool.java:883)\n\tat org.eclipse.jetty.util.thread.QueuedThreadPool$Runner.run(QueuedThreadPool.java:1034)\n\tat java.base/java.lang.Thread.run(Thread.java:829)\nCaused by: net.snowflake.client.jdbc.SnowflakeSQLException: SQL compilation error:\nFunction EXTRACT does not support VARCHAR(19) argument type\n\tat net.snowflake.client.jdbc.SnowflakeUtil.checkErrorAndThrowExceptionSub(SnowflakeUtil.java:127)\n\tat net.snowflake.client.jdbc.SnowflakeUtil.checkErrorAndThrowException(SnowflakeUtil.java:67)\n\tat net.snowflake.client.core.StmtUtil.pollForOutput(StmtUtil.java:442)\n\tat net.snowflake.client.core.StmtUtil.execute(StmtUtil.java:345)\n\tat net.snowflake.client.core.SFStatement.executeHelper(SFStatement.java:486)\n\tat net.snowflake.client.core.SFStatement.executeQueryInternal(SFStatement.java:197)\n\tat net.snowflake.client.core.SFStatement.executeQuery(SFStatement.java:134)\n\tat net.snowflake.client.core.SFStatement.execute(SFStatement.java:743)\n\tat net.snowflake.client.core.SFStatement.execute(SFStatement.java:639)\n\tat net.snowflake.client.jdbc.SnowflakeStatementV1.executeQueryInternal(SnowflakeStatementV1.java:238)\n\tat net.snowflake.client.jdbc.SnowflakeStatementV1.executeQuery(SnowflakeStatementV1.java:133)\n\tat com.zaxxer.hikari.pool.ProxyStatement.executeQuery(ProxyStatement.java:110)\n\tat com.zaxxer.hikari.pool.HikariProxyStatement.executeQuery(HikariProxyStatement.java)\n\tat org.finos.legend.engine.plan.execution.stores.relational.result.SQLExecutionResult.<init>(SQLExecutionResult.java:95)\n\t... 101 more\n"},"mode":"DEV","timeStamp":"2023-02-23 01:31:01.954","user":"_UNKNOWN_"}
| **dynaFunctions::quarter::testQuarterAsNumber** | failing :x: |
]]></system-out>
  </testcase>
  <testcase name="testCharReplace[Snowflake]" classname="org.finos.legend.engine.server.test.shared.Relational_DbSpecific_UsingPureClientTestSuite$2" time="0.178"/>
  <testcase name="testStringReplace[Snowflake]" classname="org.finos.legend.engine.server.test.shared.Relational_DbSpecific_UsingPureClientTestSuite$2" time="0.156"/>
  <testcase name="testDecimalLower[Snowflake]" classname="org.finos.legend.engine.server.test.shared.Relational_DbSpecific_UsingPureClientTestSuite$2" time="0.202"/>
  <testcase name="testDecimalUpper[Snowflake]" classname="org.finos.legend.engine.server.test.shared.Relational_DbSpecific_UsingPureClientTestSuite$2" time="0.213"/>
  <testcase name="testTrailingSpace[Snowflake]" classname="org.finos.legend.engine.server.test.shared.Relational_DbSpecific_UsingPureClientTestSuite$2" time="0.123"/>
  <testcase name="testSecond[Snowflake]" classname="org.finos.legend.engine.server.test.shared.Relational_DbSpecific_UsingPureClientTestSuite$2" time="0.179">
    <error message="Assert failure at (resource:/platform/pure/basics/tests/assertEq.pure line:34 column:5), &quot;500 &apos;{&quot;code&quot;:-1,&quot;message&quot;:&quot;SnowflakeSQLException: SQL compilation error:&#10;Function EXTRACT does not support VARCHAR(19) argument type&quot;,&quot;status&quot;:&quot;error&quot;,&quot;trace&quot;:&quot;java.lang.RuntimeException: net.snowflake.client.jdbc.SnowflakeSQLException: SQL compilation error:&#10;Function EXTRACT does not support VARCHAR(19) argument type&#10;at org.finos.legend.engine.plan.execution.stores.relational.result.SQLExecutionResult.&lt;init&gt;(SQLExecutionResult.java:123)&#10;at org.finos.legend.engine.plan.execution.stores.relational.RelationalExecutor.execute(RelationalExecutor.java:241)&#10;at org.finos.legend.engine.plan.execution.stores.relational.plugin.RelationalExecutionNodeExecutor.visit(RelationalExecutionNodeExecutor.java:238)&#10;at org.finos.legend.engine.plan.execution.stores.relational.plugin.RelationalExecutionNodeExecutor.visit(RelationalExecutionNodeExecutor.java:346)&#10;at org.finos.legend.engine.plan.execution.stores.relational.plugin.RelationalExecutionNodeExecutor.visit(RelationalExecutionNodeExecutor.java:92)&#10;at org.finos.legend.engine.protocol.pure.v1.model.executionPlan.nodes.RelationalDataTypeInstantiationExecutionNode.accept(RelationalDataTypeInstantiationExecutionNode.java:22)&#10;at org.finos.legend.engine.plan.execution.stores.relational.RelationalExecutionExtension.lambda$getExtraNodeExecutors$fbe53481$1(RelationalExecutionExtension.java:50)&#10;at org.finos.legend.engine.plan.execution.nodes.ExecutionNodeExecutor.lambda$visit$0(ExecutionNodeExecutor.java:164)&#10;at java.base/java.util.stream.ReferencePipeline$3$1.accept(ReferencePipeline.java:195)&#10;at java.base/java.util.Spliterators$ArraySpliterator.tryAdvance(Spliterators.java:958)&#10;at java.base/java.util.stream.ReferencePipeline.forEachWithCancel(ReferencePipeline.java:127)&#10;at java.base/java.util.stream.AbstractPipeline.copyIntoWithCancel(AbstractPipeline.java:502)&#10;at java.base/java.util.stream.AbstractPipeline.copyInto(AbstractPipeline.java:488)&#10;at java.base/java.util.stream.AbstractPipeline.wrapAndCopyInto(AbstractPipeline.java:474)&#10;at java.base/java.util.stream.FindOps$FindOp.evaluateSequential(FindOps.java:150)&#10;at java.base/java.util.stream.AbstractPipeline.evaluate(AbstractPipeline.java:234)&#10;at java.base/java.util.stream.ReferencePipeline.findFirst(ReferencePipeline.java:543)&#10;at org.finos.legend.engine.plan.execution.nodes.ExecutionNodeExecutor.visit(ExecutionNodeExecutor.java:164)&#10;at org.finos.legend.engine.plan.execution.nodes.ExecutionNodeExecutor.visit(ExecutionNodeExecutor.java:107)&#10;at org.finos.legend.engine.protocol.pure.v1.model.executionPlan.nodes.RelationalDataTypeInstantiationExecutionNode.accept(RelationalDataTypeInstantiationExecutionNode.java:22)&#10;at org.finos.legend.engine.plan.execution.PlanExecutor.execute(PlanExecutor.java:238)&#10;at org.finos.legend.engine.plan.execution.PlanExecutor.execute(PlanExecutor.java:225)&#10;at org.finos.legend.engine.plan.execution.api.ExecutePlan.doExecutePlanLegacy(ExecutePlan.java:102)&#10;at org.finos.legend.engine.plan.execution.api.ExecutePlan.doExecutePlan(ExecutePlan.java:84)&#10;at org.finos.legend.engine.plan.execution.api.ExecutePlanLegacy.executePlan(ExecutePlanLegacy.java:56)&#10;at jdk.internal.reflect.GeneratedMethodAccessor100.invoke(Unknown Source)&#10;at java.base/jdk.internal.reflect.DelegatingMethodAccessorImpl.invoke(DelegatingMethodAccessorImpl.java:43)&#10;at java.base/java.lang.reflect.Method.invoke(Method.java:566)&#10;at org.glassfish.jersey.server.model.internal.ResourceMethodInvocationHandlerFactory$1.invoke(ResourceMethodInvocationHandlerFactory.java:81)&#10;at org.glassfish.jersey.server.model.internal.AbstractJavaResourceMethodDispatcher$1.run(AbstractJavaResourceMethodDispatcher.java:144)&#10;at org.glassfish.jersey.server.model.internal.AbstractJavaResourceMethodDispatcher.invoke(AbstractJavaResourceMethodDispatcher.java:161)&#10;at org.glassfish.jersey.server.model.internal.JavaResourceMethodDispatcherProvider$ResponseOutInvoker.doDispatch(JavaResourceMethodDispatcherProvider.java:160)&#10;at org.glassfish.jersey.server.model.internal.AbstractJavaResourceMethodDispatcher.dispatch(AbstractJavaResourceMethodDispatcher.java:99)&#10;at org.glassfish.jersey.server.model.ResourceMethodInvoker.invoke(ResourceMethodInvoker.java:389)&#10;at org.glassfish.jersey.server.model.ResourceMethodInvoker.apply(ResourceMethodInvoker.java:347)&#10;at org.glassfish.jersey.server.model.ResourceMethodInvoker.apply(ResourceMethodInvoker.java:102)&#10;at org.glassfish.jersey.server.ServerRuntime$2.run(ServerRuntime.java:326)&#10;at org.glassfish.jersey.internal.Errors$1.call(Errors.java:271)&#10;at org.glassfish.jersey.internal.Errors$1.call(Errors.java:267)&#10;at org.glassfish.jersey.internal.Errors.process(Errors.java:315)&#10;at org.glassfish.jersey.internal.Errors.process(Errors.java:297)&#10;at org.glassfish.jersey.internal.Errors.process(Errors.java:267)&#10;at org.glassfish.jersey.process.internal.RequestScope.runInScope(RequestScope.java:317)&#10;at org.glassfish.jersey.server.ServerRuntime.process(ServerRuntime.java:305)&#10;at org.glassfish.jersey.server.ApplicationHandler.handle(ApplicationHandler.java:1154)&#10;at org.glassfish.jersey.servlet.WebComponent.serviceImpl(WebComponent.java:473)&#10;at org.glassfish.jersey.servlet.WebComponent.service(WebComponent.java:427)&#10;at org.glassfish.jersey.servlet.ServletContainer.service(ServletContainer.java:388)&#10;at org.glassfish.jersey.servlet.ServletContainer.service(ServletContainer.java:341)&#10;at org.glassfish.jersey.servlet.ServletContainer.service(ServletContainer.java:228)&#10;at org.eclipse.jetty.servlet.ServletHolder.handle(ServletHolder.java:799)&#10;at org.eclipse.jetty.servlet.ServletHandler$ChainEnd.doFilter(ServletHandler.java:1631)&#10;at io.dropwizard.servlets.ThreadNameFilter.doFilter(ThreadNameFilter.java:35)&#10;at org.eclipse.jetty.servlet.FilterHolder.doFilter(FilterHolder.java:193)&#10;at org.eclipse.jetty.servlet.ServletHandler$Chain.doFilter(ServletHandler.java:1601)&#10;at io.dropwizard.jersey.filter.AllowedMethodsFilter.handle(AllowedMethodsFilter.java:45)&#10;at io.dropwizard.jersey.filter.AllowedMethodsFilter.doFilter(AllowedMethodsFilter.java:39)&#10;at org.eclipse.jetty.servlet.FilterHolder.doFilter(FilterHolder.java:193)&#10;at org.eclipse.jetty.servlet.ServletHandler$Chain.doFilter(ServletHandler.java:1601)&#10;at org.finos.legend.server.pac4j.internal.UsernameFilter.doFilter(UsernameFilter.java:51)&#10;at org.eclipse.jetty.servlet.FilterHolder.doFilter(FilterHolder.java:193)&#10;at org.eclipse.jetty.servlet.ServletHandler$Chain.doFilter(ServletHandler.java:1601)&#10;at org.pac4j.j2e.filter.SecurityFilter.lambda$internalFilter$0(SecurityFilter.java:95)&#10;at org.pac4j.core.engine.DefaultSecurityLogic.perform(DefaultSecurityLogic.java:140)&#10;at org.pac4j.j2e.filter.SecurityFilter.internalFilter(SecurityFilter.java:93)&#10;at org.pac4j.j2e.filter.AbstractConfigFilter.doFilter(AbstractConfigFilter.java:81)&#10;at org.eclipse.jetty.servlet.FilterHolder.doFilter(FilterHolder.java:193)&#10;at org.eclipse.jetty.servlet.ServletHandler$Chain.doFilter(ServletHandler.java:1601)&#10;at org.eclipse.jetty.servlet.ServletHandler.doHandle(ServletHandler.java:548)&#10;at org.eclipse.jetty.server.handler.ScopedHandler.nextHandle(ScopedHandler.java:233)&#10;at org.eclipse.jetty.server.session.SessionHandler.doHandle(SessionHandler.java:1624)&#10;at org.eclipse.jetty.server.handler.ScopedHandler.nextHandle(ScopedHandler.java:233)&#10;at org.eclipse.jetty.server.handler.ContextHandler.doHandle(ContextHandler.java:1434)&#10;at org.eclipse.jetty.server.handler.ScopedHandler.nextScope(ScopedHandler.java:188)&#10;at org.eclipse.jetty.servlet.ServletHandler.doScope(ServletHandler.java:501)&#10;at org.eclipse.jetty.server.session.SessionHandler.doScope(SessionHandler.java:1594)&#10;at org.eclipse.jetty.server.handler.ScopedHandler.nextScope(ScopedHandler.java:186)&#10;at org.eclipse.jetty.server.handler.ContextHandler.doScope(ContextHandler.java:1349)&#10;at org.eclipse.jetty.server.handler.ScopedHandler.handle(ScopedHandler.java:141)&#10;at org.eclipse.jetty.server.handler.HandlerWrapper.handle(HandlerWrapper.java:127)&#10;at com.codahale.metrics.jetty9.InstrumentedHandler.handle(InstrumentedHandler.java:313)&#10;at io.dropwizard.jetty.ContextRoutingHandler.handle(ContextRoutingHandler.java:37)&#10;at org.eclipse.jetty.server.handler.gzip.GzipHandler.handle(GzipHandler.java:713)&#10;at io.dropwizard.jetty.BiDiGzipHandler.handle(BiDiGzipHandler.java:67)&#10;at org.eclipse.jetty.server.handler.StatisticsHandler.handle(StatisticsHandler.java:179)&#10;at org.eclipse.jetty.server.handler.HandlerWrapper.handle(HandlerWrapper.java:127)&#10;at org.eclipse.jetty.server.Server.handle(Server.java:516)&#10;at org.eclipse.jetty.server.HttpChannel.lambda$handle$1(HttpChannel.java:400)&#10;at org.eclipse.jetty.server.HttpChannel.dispatch(HttpChannel.java:645)&#10;at org.eclipse.jetty.server.HttpChannel.handle(HttpChannel.java:392)&#10;at org.eclipse.jetty.server.HttpConnection.onFillable(HttpConnection.java:277)&#10;at org.eclipse.jetty.io.AbstractConnection$ReadCallback.succeeded(AbstractConnection.java:311)&#10;at org.eclipse.jetty.io.FillInterest.fillable(FillInterest.java:105)&#10;at org.eclipse.jetty.io.ChannelEndPoint$1.run(ChannelEndPoint.java:104)&#10;at org.eclipse.jetty.util.thread.strategy.EatWhatYouKill.runTask(EatWhatYouKill.java:338)&#10;at org.eclipse.jetty.util.thread.strategy.EatWhatYouKill.doProduce(EatWhatYouKill.java:315)&#10;at org.eclipse.jetty.util.thread.strategy.EatWhatYouKill.tryProduce(EatWhatYouKill.java:173)&#10;at org.eclipse.jetty.util.thread.strategy.EatWhatYouKill.run(EatWhatYouKill.java:131)&#10;at org.eclipse.jetty.util.thread.ReservedThreadExecutor$ReservedThread.run(ReservedThreadExecutor.java:409)&#10;at org.eclipse.jetty.util.thread.QueuedThreadPool.runJob(QueuedThreadPool.java:883)&#10;at org.eclipse.jetty.util.thread.QueuedThreadPool$Runner.run(QueuedThreadPool.java:1034)&#10;at java.base/java.lang.Thread.run(Thread.java:829)&#10;Caused by: net.snowflake.client.jdbc.SnowflakeSQLException: SQL compilation error:&#10;Function EXTRACT does not support VARCHAR(19) argument type&#10;at net.snowflake.client.jdbc.SnowflakeUtil.checkErrorAndThrowExceptionSub(SnowflakeUtil.java:127)&#10;at net.snowflake.client.jdbc.SnowflakeUtil.checkErrorAndThrowException(SnowflakeUtil.java:67)&#10;at net.snowflake.client.core.StmtUtil.pollForOutput(StmtUtil.java:442)&#10;at net.snowflake.client.core.StmtUtil.execute(StmtUtil.java:345)&#10;at net.snowflake.client.core.SFStatement.executeHelper(SFStatement.java:486)&#10;at net.snowflake.client.core.SFStatement.executeQueryInternal(SFStatement.java:197)&#10;at net.snowflake.client.core.SFStatement.executeQuery(SFStatement.java:134)&#10;at net.snowflake.client.core.SFStatement.execute(SFStatement.java:743)&#10;at net.snowflake.client.core.SFStatement.execute(SFStatement.java:639)&#10;at net.snowflake.client.jdbc.SnowflakeStatementV1.executeQueryInternal(SnowflakeStatementV1.java:238)&#10;at net.snowflake.client.jdbc.SnowflakeStatementV1.executeQuery(SnowflakeStatementV1.java:133)&#10;at com.zaxxer.hikari.pool.ProxyStatement.executeQuery(ProxyStatement.java:110)&#10;at com.zaxxer.hikari.pool.HikariProxyStatement.executeQuery(HikariProxyStatement.java)&#10;at org.finos.legend.engine.plan.execution.stores.relational.result.SQLExecutionResult.&lt;init&gt;(SQLExecutionResult.java:95)&#10;... 101 more&#10;&quot;}&apos;&quot;" type="Assert failure at (resource"><![CDATA[Assert failure at (resource:/platform/pure/basics/tests/assertEq.pure line:34 column:5), "500 '{"code":-1,"message":"SnowflakeSQLException: SQL compilation error:
Function EXTRACT does not support VARCHAR(19) argument type","status":"error","trace":"java.lang.RuntimeException: net.snowflake.client.jdbc.SnowflakeSQLException: SQL compilation error:
Function EXTRACT does not support VARCHAR(19) argument type
at org.finos.legend.engine.plan.execution.stores.relational.result.SQLExecutionResult.<init>(SQLExecutionResult.java:123)
at org.finos.legend.engine.plan.execution.stores.relational.RelationalExecutor.execute(RelationalExecutor.java:241)
at org.finos.legend.engine.plan.execution.stores.relational.plugin.RelationalExecutionNodeExecutor.visit(RelationalExecutionNodeExecutor.java:238)
at org.finos.legend.engine.plan.execution.stores.relational.plugin.RelationalExecutionNodeExecutor.visit(RelationalExecutionNodeExecutor.java:346)
at org.finos.legend.engine.plan.execution.stores.relational.plugin.RelationalExecutionNodeExecutor.visit(RelationalExecutionNodeExecutor.java:92)
at org.finos.legend.engine.protocol.pure.v1.model.executionPlan.nodes.RelationalDataTypeInstantiationExecutionNode.accept(RelationalDataTypeInstantiationExecutionNode.java:22)
at org.finos.legend.engine.plan.execution.stores.relational.RelationalExecutionExtension.lambda$getExtraNodeExecutors$fbe53481$1(RelationalExecutionExtension.java:50)
at org.finos.legend.engine.plan.execution.nodes.ExecutionNodeExecutor.lambda$visit$0(ExecutionNodeExecutor.java:164)
at java.base/java.util.stream.ReferencePipeline$3$1.accept(ReferencePipeline.java:195)
at java.base/java.util.Spliterators$ArraySpliterator.tryAdvance(Spliterators.java:958)
at java.base/java.util.stream.ReferencePipeline.forEachWithCancel(ReferencePipeline.java:127)
at java.base/java.util.stream.AbstractPipeline.copyIntoWithCancel(AbstractPipeline.java:502)
at java.base/java.util.stream.AbstractPipeline.copyInto(AbstractPipeline.java:488)
at java.base/java.util.stream.AbstractPipeline.wrapAndCopyInto(AbstractPipeline.java:474)
at java.base/java.util.stream.FindOps$FindOp.evaluateSequential(FindOps.java:150)
at java.base/java.util.stream.AbstractPipeline.evaluate(AbstractPipeline.java:234)
at java.base/java.util.stream.ReferencePipeline.findFirst(ReferencePipeline.java:543)
at org.finos.legend.engine.plan.execution.nodes.ExecutionNodeExecutor.visit(ExecutionNodeExecutor.java:164)
at org.finos.legend.engine.plan.execution.nodes.ExecutionNodeExecutor.visit(ExecutionNodeExecutor.java:107)
at org.finos.legend.engine.protocol.pure.v1.model.executionPlan.nodes.RelationalDataTypeInstantiationExecutionNode.accept(RelationalDataTypeInstantiationExecutionNode.java:22)
at org.finos.legend.engine.plan.execution.PlanExecutor.execute(PlanExecutor.java:238)
at org.finos.legend.engine.plan.execution.PlanExecutor.execute(PlanExecutor.java:225)
at org.finos.legend.engine.plan.execution.api.ExecutePlan.doExecutePlanLegacy(ExecutePlan.java:102)
at org.finos.legend.engine.plan.execution.api.ExecutePlan.doExecutePlan(ExecutePlan.java:84)
at org.finos.legend.engine.plan.execution.api.ExecutePlanLegacy.executePlan(ExecutePlanLegacy.java:56)
at jdk.internal.reflect.GeneratedMethodAccessor100.invoke(Unknown Source)
at java.base/jdk.internal.reflect.DelegatingMethodAccessorImpl.invoke(DelegatingMethodAccessorImpl.java:43)
at java.base/java.lang.reflect.Method.invoke(Method.java:566)
at org.glassfish.jersey.server.model.internal.ResourceMethodInvocationHandlerFactory$1.invoke(ResourceMethodInvocationHandlerFactory.java:81)
at org.glassfish.jersey.server.model.internal.AbstractJavaResourceMethodDispatcher$1.run(AbstractJavaResourceMethodDispatcher.java:144)
at org.glassfish.jersey.server.model.internal.AbstractJavaResourceMethodDispatcher.invoke(AbstractJavaResourceMethodDispatcher.java:161)
at org.glassfish.jersey.server.model.internal.JavaResourceMethodDispatcherProvider$ResponseOutInvoker.doDispatch(JavaResourceMethodDispatcherProvider.java:160)
at org.glassfish.jersey.server.model.internal.AbstractJavaResourceMethodDispatcher.dispatch(AbstractJavaResourceMethodDispatcher.java:99)
at org.glassfish.jersey.server.model.ResourceMethodInvoker.invoke(ResourceMethodInvoker.java:389)
at org.glassfish.jersey.server.model.ResourceMethodInvoker.apply(ResourceMethodInvoker.java:347)
at org.glassfish.jersey.server.model.ResourceMethodInvoker.apply(ResourceMethodInvoker.java:102)
at org.glassfish.jersey.server.ServerRuntime$2.run(ServerRuntime.java:326)
at org.glassfish.jersey.internal.Errors$1.call(Errors.java:271)
at org.glassfish.jersey.internal.Errors$1.call(Errors.java:267)
at org.glassfish.jersey.internal.Errors.process(Errors.java:315)
at org.glassfish.jersey.internal.Errors.process(Errors.java:297)
at org.glassfish.jersey.internal.Errors.process(Errors.java:267)
at org.glassfish.jersey.process.internal.RequestScope.runInScope(RequestScope.java:317)
at org.glassfish.jersey.server.ServerRuntime.process(ServerRuntime.java:305)
at org.glassfish.jersey.server.ApplicationHandler.handle(ApplicationHandler.java:1154)
at org.glassfish.jersey.servlet.WebComponent.serviceImpl(WebComponent.java:473)
at org.glassfish.jersey.servlet.WebComponent.service(WebComponent.java:427)
at org.glassfish.jersey.servlet.ServletContainer.service(ServletContainer.java:388)
at org.glassfish.jersey.servlet.ServletContainer.service(ServletContainer.java:341)
at org.glassfish.jersey.servlet.ServletContainer.service(ServletContainer.java:228)
at org.eclipse.jetty.servlet.ServletHolder.handle(ServletHolder.java:799)
at org.eclipse.jetty.servlet.ServletHandler$ChainEnd.doFilter(ServletHandler.java:1631)
at io.dropwizard.servlets.ThreadNameFilter.doFilter(ThreadNameFilter.java:35)
at org.eclipse.jetty.servlet.FilterHolder.doFilter(FilterHolder.java:193)
at org.eclipse.jetty.servlet.ServletHandler$Chain.doFilter(ServletHandler.java:1601)
at io.dropwizard.jersey.filter.AllowedMethodsFilter.handle(AllowedMethodsFilter.java:45)
at io.dropwizard.jersey.filter.AllowedMethodsFilter.doFilter(AllowedMethodsFilter.java:39)
at org.eclipse.jetty.servlet.FilterHolder.doFilter(FilterHolder.java:193)
at org.eclipse.jetty.servlet.ServletHandler$Chain.doFilter(ServletHandler.java:1601)
at org.finos.legend.server.pac4j.internal.UsernameFilter.doFilter(UsernameFilter.java:51)
at org.eclipse.jetty.servlet.FilterHolder.doFilter(FilterHolder.java:193)
at org.eclipse.jetty.servlet.ServletHandler$Chain.doFilter(ServletHandler.java:1601)
at org.pac4j.j2e.filter.SecurityFilter.lambda$internalFilter$0(SecurityFilter.java:95)
at org.pac4j.core.engine.DefaultSecurityLogic.perform(DefaultSecurityLogic.java:140)
at org.pac4j.j2e.filter.SecurityFilter.internalFilter(SecurityFilter.java:93)
at org.pac4j.j2e.filter.AbstractConfigFilter.doFilter(AbstractConfigFilter.java:81)
at org.eclipse.jetty.servlet.FilterHolder.doFilter(FilterHolder.java:193)
at org.eclipse.jetty.servlet.ServletHandler$Chain.doFilter(ServletHandler.java:1601)
at org.eclipse.jetty.servlet.ServletHandler.doHandle(ServletHandler.java:548)
at org.eclipse.jetty.server.handler.ScopedHandler.nextHandle(ScopedHandler.java:233)
at org.eclipse.jetty.server.session.SessionHandler.doHandle(SessionHandler.java:1624)
at org.eclipse.jetty.server.handler.ScopedHandler.nextHandle(ScopedHandler.java:233)
at org.eclipse.jetty.server.handler.ContextHandler.doHandle(ContextHandler.java:1434)
at org.eclipse.jetty.server.handler.ScopedHandler.nextScope(ScopedHandler.java:188)
at org.eclipse.jetty.servlet.ServletHandler.doScope(ServletHandler.java:501)
at org.eclipse.jetty.server.session.SessionHandler.doScope(SessionHandler.java:1594)
at org.eclipse.jetty.server.handler.ScopedHandler.nextScope(ScopedHandler.java:186)
at org.eclipse.jetty.server.handler.ContextHandler.doScope(ContextHandler.java:1349)
at org.eclipse.jetty.server.handler.ScopedHandler.handle(ScopedHandler.java:141)
at org.eclipse.jetty.server.handler.HandlerWrapper.handle(HandlerWrapper.java:127)
at com.codahale.metrics.jetty9.InstrumentedHandler.handle(InstrumentedHandler.java:313)
at io.dropwizard.jetty.ContextRoutingHandler.handle(ContextRoutingHandler.java:37)
at org.eclipse.jetty.server.handler.gzip.GzipHandler.handle(GzipHandler.java:713)
at io.dropwizard.jetty.BiDiGzipHandler.handle(BiDiGzipHandler.java:67)
at org.eclipse.jetty.server.handler.StatisticsHandler.handle(StatisticsHandler.java:179)
at org.eclipse.jetty.server.handler.HandlerWrapper.handle(HandlerWrapper.java:127)
at org.eclipse.jetty.server.Server.handle(Server.java:516)
at org.eclipse.jetty.server.HttpChannel.lambda$handle$1(HttpChannel.java:400)
at org.eclipse.jetty.server.HttpChannel.dispatch(HttpChannel.java:645)
at org.eclipse.jetty.server.HttpChannel.handle(HttpChannel.java:392)
at org.eclipse.jetty.server.HttpConnection.onFillable(HttpConnection.java:277)
at org.eclipse.jetty.io.AbstractConnection$ReadCallback.succeeded(AbstractConnection.java:311)
at org.eclipse.jetty.io.FillInterest.fillable(FillInterest.java:105)
at org.eclipse.jetty.io.ChannelEndPoint$1.run(ChannelEndPoint.java:104)
at org.eclipse.jetty.util.thread.strategy.EatWhatYouKill.runTask(EatWhatYouKill.java:338)
at org.eclipse.jetty.util.thread.strategy.EatWhatYouKill.doProduce(EatWhatYouKill.java:315)
at org.eclipse.jetty.util.thread.strategy.EatWhatYouKill.tryProduce(EatWhatYouKill.java:173)
at org.eclipse.jetty.util.thread.strategy.EatWhatYouKill.run(EatWhatYouKill.java:131)
at org.eclipse.jetty.util.thread.ReservedThreadExecutor$ReservedThread.run(ReservedThreadExecutor.java:409)
at org.eclipse.jetty.util.thread.QueuedThreadPool.runJob(QueuedThreadPool.java:883)
at org.eclipse.jetty.util.thread.QueuedThreadPool$Runner.run(QueuedThreadPool.java:1034)
at java.base/java.lang.Thread.run(Thread.java:829)
Caused by: net.snowflake.client.jdbc.SnowflakeSQLException: SQL compilation error:
Function EXTRACT does not support VARCHAR(19) argument type
at net.snowflake.client.jdbc.SnowflakeUtil.checkErrorAndThrowExceptionSub(SnowflakeUtil.java:127)
at net.snowflake.client.jdbc.SnowflakeUtil.checkErrorAndThrowException(SnowflakeUtil.java:67)
at net.snowflake.client.core.StmtUtil.pollForOutput(StmtUtil.java:442)
at net.snowflake.client.core.StmtUtil.execute(StmtUtil.java:345)
at net.snowflake.client.core.SFStatement.executeHelper(SFStatement.java:486)
at net.snowflake.client.core.SFStatement.executeQueryInternal(SFStatement.java:197)
at net.snowflake.client.core.SFStatement.executeQuery(SFStatement.java:134)
at net.snowflake.client.core.SFStatement.execute(SFStatement.java:743)
at net.snowflake.client.core.SFStatement.execute(SFStatement.java:639)
at net.snowflake.client.jdbc.SnowflakeStatementV1.executeQueryInternal(SnowflakeStatementV1.java:238)
at net.snowflake.client.jdbc.SnowflakeStatementV1.executeQuery(SnowflakeStatementV1.java:133)
at com.zaxxer.hikari.pool.ProxyStatement.executeQuery(ProxyStatement.java:110)
at com.zaxxer.hikari.pool.HikariProxyStatement.executeQuery(HikariProxyStatement.java)
at org.finos.legend.engine.plan.execution.stores.relational.result.SQLExecutionResult.<init>(SQLExecutionResult.java:95)
... 101 more
"}'"
	at org.finos.legend.pure.runtime.java.compiled.generation.processors.support.CompiledSupport.pureAssert(CompiledSupport.java:1994)
	at org.finos.legend.pure.generated.platform_pure_basics_tests_assertEq.Root_meta_pure_functions_asserts_assertEq_Any_1__Any_1__Function_1__Boolean_1_(platform_pure_basics_tests_assertEq.java:44)
	at org.finos.legend.pure.generated.core_pure_protocol_vX_X_X_invocations_execution.Root_meta_protocols_pure_vX_X_X_invocation_execution_execute_executePlan_String_1__String_1__Integer_1__String_1_(core_pure_protocol_vX_X_X_invocations_execution.java:751)
	at org.finos.legend.pure.generated.core_pure_protocol_vX_X_X_invocations_execution.Root_meta_protocols_pure_vX_X_X_invocation_execution_execute_executePlan_ExecutionPlan_1__String_1__Integer_1__Extension_MANY__String_1_(core_pure_protocol_vX_X_X_invocations_execution.java:745)
	at org.finos.legend.pure.generated.core_pure_protocol_vX_X_X_invocations_execution.Root_meta_protocols_pure_vX_X_X_invocation_execution_execute_executePlan_ExecutionPlan_1__ExecutionContext_$0_1$__String_1__Integer_1__Extension_MANY__Result_1_(core_pure_protocol_vX_X_X_invocations_execution.java:738)
	at jdk.internal.reflect.GeneratedMethodAccessor96.invoke(Unknown Source)
	at java.base/jdk.internal.reflect.DelegatingMethodAccessorImpl.invoke(DelegatingMethodAccessorImpl.java:43)
	at java.base/java.lang.reflect.Method.invoke(Method.java:566)
	at org.finos.legend.pure.runtime.java.compiled.metadata.JavaMethodWithParamsSharedPureFunction.execute(JavaMethodWithParamsSharedPureFunction.java:59)
	at org.finos.legend.pure.runtime.java.compiled.generation.processors.support.Pure._evaluateToMany(Pure.java:546)
	at org.finos.legend.pure.generated.CoreGen.evaluateToMany(CoreGen.java:147)
	at org.finos.legend.pure.generated.CoreGen.evaluateToMany(CoreGen.java:134)
	at org.finos.legend.pure.generated.core_pure_router_router_entry$9$1.value(core_pure_router_router_entry.java:318)
	at org.finos.legend.pure.generated.core_pure_router_router_entry$9$1.execute(core_pure_router_router_entry.java:311)
	at org.finos.legend.pure.generated.core_pure_router_router_entry$9$1.execute(core_pure_router_router_entry.java:307)
	at org.finos.legend.pure.runtime.java.compiled.generation.processors.support.Pure.evaluate(Pure.java:485)
	at org.finos.legend.pure.runtime.java.compiled.generation.processors.support.Pure.legendTest(Pure.java:216)
	at org.finos.legend.pure.generated.CoreGen.legendTest(CoreGen.java:61)
	at org.finos.legend.pure.generated.core_pure_router_router_entry$9.valueOf(core_pure_router_router_entry.java:303)
	at org.finos.legend.pure.generated.core_pure_router_router_entry$9.execute(core_pure_router_router_entry.java:298)
	at org.finos.legend.pure.generated.core_pure_router_router_entry$9.execute(core_pure_router_router_entry.java:294)
	at org.finos.legend.pure.runtime.java.compiled.generation.processors.support.Pure.evaluate(Pure.java:485)
	at org.finos.legend.pure.runtime.java.compiled.generation.processors.support.Pure.traceSpan(Pure.java:1482)
	at org.finos.legend.pure.generated.CoreGen.traceSpan(CoreGen.java:203)
	at org.finos.legend.pure.generated.core_pure_router_router_entry.Root_meta_pure_router_executePlan_ExecutionPlan_1__ExecutionContext_1__Extension_MANY__Result_$0_1$_(core_pure_router_router_entry.java:290)
	at org.finos.legend.pure.generated.core_pure_router_router_entry.Root_meta_pure_router_executePlan_ExecutionPlan_1__Extension_MANY__Result_$0_1$_(core_pure_router_router_entry.java:285)
	at org.finos.legend.pure.generated.core_relational_relational_sqlQueryToString_dbTestRunner_testRunner$20.execute(core_relational_relational_sqlQueryToString_dbTestRunner_testRunner.java:386)
	at org.finos.legend.pure.generated.core_relational_relational_sqlQueryToString_dbTestRunner_testRunner.Root_meta_relational_dbTestRunner_runSqlQueryTest_SQLQuery_1__Literal_$1_MANY$__Pair_MANY__Function_$0_1$__DbTestConfig_1__Boolean_1_(core_relational_relational_sqlQueryToString_dbTestRunner_testRunner.java:424)
	at org.finos.legend.pure.generated.core_relational_relational_sqlQueryToString_dbTestRunner_testRunner.Root_meta_relational_dbTestRunner_runSqlQueryTest_SQLQuery_1__Literal_$1_MANY$__Function_$0_1$__DbTestConfig_1__Boolean_1_(core_relational_relational_sqlQueryToString_dbTestRunner_testRunner.java:374)
	at org.finos.legend.pure.generated.core_relational_relational_sqlQueryToString_dbTestRunner_dynaFunctionTestRunner.Root_meta_relational_dbTestRunner_runDynaFunctionDatabaseTest_DynaFunction_1__Literal_$1_MANY$__Function_$0_1$__DbTestConfig_1__Boolean_1_(core_relational_relational_sqlQueryToString_dbTestRunner_dynaFunctionTestRunner.java:64)
	at org.finos.legend.pure.generated.core_relational_relational_sqlQueryToString_dbTestRunner_dynaFunctionTestRunner.Root_meta_relational_dbTestRunner_runDynaFunctionDatabaseTest_DynaFunction_1__Literal_$1_MANY$__DbTestConfig_1__Boolean_1_(core_relational_relational_sqlQueryToString_dbTestRunner_dynaFunctionTestRunner.java:58)
	at org.finos.legend.pure.generated.core_relational_relational_sqlQueryToString_testSuite_dynaFunctions_date.Root_meta_relational_tests_dbSpecificTests_sqlQueryTests_dynaFunctions_second_testSecond_DbTestConfig_1__Boolean_1_(core_relational_relational_sqlQueryToString_testSuite_dynaFunctions_date.java:74)
	at java.base/jdk.internal.reflect.NativeMethodAccessorImpl.invoke0(Native Method)
	at java.base/jdk.internal.reflect.NativeMethodAccessorImpl.invoke(NativeMethodAccessorImpl.java:62)
	at java.base/jdk.internal.reflect.DelegatingMethodAccessorImpl.invoke(DelegatingMethodAccessorImpl.java:43)
	at java.base/java.lang.reflect.Method.invoke(Method.java:566)
	at org.finos.legend.pure.runtime.java.compiled.testHelper.PureTestBuilderCompiled.executeFn(PureTestBuilderCompiled.java:113)
	at org.finos.legend.pure.runtime.java.compiled.testHelper.PureTestBuilderCompiled.lambda$buildSuite$0(PureTestBuilderCompiled.java:79)
	at org.finos.legend.pure.m3.execution.test.PureTestBuilder$PureTestCase.runTest(PureTestBuilder.java:95)
	at junit.framework.TestCase.runBare(TestCase.java:142)
	at org.finos.legend.engine.server.test.shared.Relational_DbSpecific_UsingPureClientTestSuite$2.runTest(Relational_DbSpecific_UsingPureClientTestSuite.java:90)
	at junit.framework.TestCase.runBare(TestCase.java:142)
	at junit.framework.TestResult$1.protect(TestResult.java:122)
	at junit.framework.TestResult.runProtected(TestResult.java:142)
	at junit.framework.TestResult.run(TestResult.java:125)
	at junit.framework.TestCase.run(TestCase.java:130)
	at junit.framework.TestSuite.runTest(TestSuite.java:241)
	at junit.framework.TestSuite.run(TestSuite.java:236)
	at junit.framework.TestSuite.runTest(TestSuite.java:241)
	at junit.framework.TestSuite.run(TestSuite.java:236)
	at junit.framework.TestSuite.runTest(TestSuite.java:241)
	at junit.framework.TestSuite.run(TestSuite.java:236)
	at junit.framework.TestSuite.runTest(TestSuite.java:241)
	at junit.framework.TestSuite.run(TestSuite.java:236)
	at junit.framework.TestSuite.runTest(TestSuite.java:241)
	at junit.framework.TestSuite.run(TestSuite.java:236)
	at junit.extensions.TestDecorator.basicRun(TestDecorator.java:24)
	at junit.extensions.TestSetup$1.protect(TestSetup.java:23)
	at junit.framework.TestResult.runProtected(TestResult.java:142)
	at junit.extensions.TestSetup.run(TestSetup.java:27)
	at org.junit.internal.runners.JUnit38ClassRunner.run(JUnit38ClassRunner.java:90)
	at org.apache.maven.surefire.junit4.JUnit4Provider.execute(JUnit4Provider.java:365)
	at org.apache.maven.surefire.junit4.JUnit4Provider.executeWithRerun(JUnit4Provider.java:273)
	at org.apache.maven.surefire.junit4.JUnit4Provider.executeTestSet(JUnit4Provider.java:238)
	at org.apache.maven.surefire.junit4.JUnit4Provider.invoke(JUnit4Provider.java:159)
	at org.apache.maven.surefire.booter.ForkedBooter.invokeProviderInSameClassLoader(ForkedBooter.java:384)
	at org.apache.maven.surefire.booter.ForkedBooter.runSuitesInProcess(ForkedBooter.java:345)
	at org.apache.maven.surefire.booter.ForkedBooter.execute(ForkedBooter.java:126)
	at org.apache.maven.surefire.booter.ForkedBooter.main(ForkedBooter.java:418)
]]></error>
    <system-out><![CDATA[Running db test dynaFunctions::second::testSecond
{"duration":0.0,"eventType":"EXECUTION_PLAN_EXEC_ERROR","info":{"code":-1,"message":"SnowflakeSQLException: SQL compilation error:\nFunction EXTRACT does not support VARCHAR(19) argument type","status":"error","trace":"java.lang.RuntimeException: net.snowflake.client.jdbc.SnowflakeSQLException: SQL compilation error:\nFunction EXTRACT does not support VARCHAR(19) argument type\n\tat org.finos.legend.engine.plan.execution.stores.relational.result.SQLExecutionResult.<init>(SQLExecutionResult.java:123)\n\tat org.finos.legend.engine.plan.execution.stores.relational.RelationalExecutor.execute(RelationalExecutor.java:241)\n\tat org.finos.legend.engine.plan.execution.stores.relational.plugin.RelationalExecutionNodeExecutor.visit(RelationalExecutionNodeExecutor.java:238)\n\tat org.finos.legend.engine.plan.execution.stores.relational.plugin.RelationalExecutionNodeExecutor.visit(RelationalExecutionNodeExecutor.java:346)\n\tat org.finos.legend.engine.plan.execution.stores.relational.plugin.RelationalExecutionNodeExecutor.visit(RelationalExecutionNodeExecutor.java:92)\n\tat org.finos.legend.engine.protocol.pure.v1.model.executionPlan.nodes.RelationalDataTypeInstantiationExecutionNode.accept(RelationalDataTypeInstantiationExecutionNode.java:22)\n\tat org.finos.legend.engine.plan.execution.stores.relational.RelationalExecutionExtension.lambda$getExtraNodeExecutors$fbe53481$1(RelationalExecutionExtension.java:50)\n\tat org.finos.legend.engine.plan.execution.nodes.ExecutionNodeExecutor.lambda$visit$0(ExecutionNodeExecutor.java:164)\n\tat java.base/java.util.stream.ReferencePipeline$3$1.accept(ReferencePipeline.java:195)\n\tat java.base/java.util.Spliterators$ArraySpliterator.tryAdvance(Spliterators.java:958)\n\tat java.base/java.util.stream.ReferencePipeline.forEachWithCancel(ReferencePipeline.java:127)\n\tat java.base/java.util.stream.AbstractPipeline.copyIntoWithCancel(AbstractPipeline.java:502)\n\tat java.base/java.util.stream.AbstractPipeline.copyInto(AbstractPipeline.java:488)\n\tat java.base/java.util.stream.AbstractPipeline.wrapAndCopyInto(AbstractPipeline.java:474)\n\tat java.base/java.util.stream.FindOps$FindOp.evaluateSequential(FindOps.java:150)\n\tat java.base/java.util.stream.AbstractPipeline.evaluate(AbstractPipeline.java:234)\n\tat java.base/java.util.stream.ReferencePipeline.findFirst(ReferencePipeline.java:543)\n\tat org.finos.legend.engine.plan.execution.nodes.ExecutionNodeExecutor.visit(ExecutionNodeExecutor.java:164)\n\tat org.finos.legend.engine.plan.execution.nodes.ExecutionNodeExecutor.visit(ExecutionNodeExecutor.java:107)\n\tat org.finos.legend.engine.protocol.pure.v1.model.executionPlan.nodes.RelationalDataTypeInstantiationExecutionNode.accept(RelationalDataTypeInstantiationExecutionNode.java:22)\n\tat org.finos.legend.engine.plan.execution.PlanExecutor.execute(PlanExecutor.java:238)\n\tat org.finos.legend.engine.plan.execution.PlanExecutor.execute(PlanExecutor.java:225)\n\tat org.finos.legend.engine.plan.execution.api.ExecutePlan.doExecutePlanLegacy(ExecutePlan.java:102)\n\tat org.finos.legend.engine.plan.execution.api.ExecutePlan.doExecutePlan(ExecutePlan.java:84)\n\tat org.finos.legend.engine.plan.execution.api.ExecutePlanLegacy.executePlan(ExecutePlanLegacy.java:56)\n\tat jdk.internal.reflect.GeneratedMethodAccessor100.invoke(Unknown Source)\n\tat java.base/jdk.internal.reflect.DelegatingMethodAccessorImpl.invoke(DelegatingMethodAccessorImpl.java:43)\n\tat java.base/java.lang.reflect.Method.invoke(Method.java:566)\n\tat org.glassfish.jersey.server.model.internal.ResourceMethodInvocationHandlerFactory$1.invoke(ResourceMethodInvocationHandlerFactory.java:81)\n\tat org.glassfish.jersey.server.model.internal.AbstractJavaResourceMethodDispatcher$1.run(AbstractJavaResourceMethodDispatcher.java:144)\n\tat org.glassfish.jersey.server.model.internal.AbstractJavaResourceMethodDispatcher.invoke(AbstractJavaResourceMethodDispatcher.java:161)\n\tat org.glassfish.jersey.server.model.internal.JavaResourceMethodDispatcherProvider$ResponseOutInvoker.doDispatch(JavaResourceMethodDispatcherProvider.java:160)\n\tat org.glassfish.jersey.server.model.internal.AbstractJavaResourceMethodDispatcher.dispatch(AbstractJavaResourceMethodDispatcher.java:99)\n\tat org.glassfish.jersey.server.model.ResourceMethodInvoker.invoke(ResourceMethodInvoker.java:389)\n\tat org.glassfish.jersey.server.model.ResourceMethodInvoker.apply(ResourceMethodInvoker.java:347)\n\tat org.glassfish.jersey.server.model.ResourceMethodInvoker.apply(ResourceMethodInvoker.java:102)\n\tat org.glassfish.jersey.server.ServerRuntime$2.run(ServerRuntime.java:326)\n\tat org.glassfish.jersey.internal.Errors$1.call(Errors.java:271)\n\tat org.glassfish.jersey.internal.Errors$1.call(Errors.java:267)\n\tat org.glassfish.jersey.internal.Errors.process(Errors.java:315)\n\tat org.glassfish.jersey.internal.Errors.process(Errors.java:297)\n\tat org.glassfish.jersey.internal.Errors.process(Errors.java:267)\n\tat org.glassfish.jersey.process.internal.RequestScope.runInScope(RequestScope.java:317)\n\tat org.glassfish.jersey.server.ServerRuntime.process(ServerRuntime.java:305)\n\tat org.glassfish.jersey.server.ApplicationHandler.handle(ApplicationHandler.java:1154)\n\tat org.glassfish.jersey.servlet.WebComponent.serviceImpl(WebComponent.java:473)\n\tat org.glassfish.jersey.servlet.WebComponent.service(WebComponent.java:427)\n\tat org.glassfish.jersey.servlet.ServletContainer.service(ServletContainer.java:388)\n\tat org.glassfish.jersey.servlet.ServletContainer.service(ServletContainer.java:341)\n\tat org.glassfish.jersey.servlet.ServletContainer.service(ServletContainer.java:228)\n\tat org.eclipse.jetty.servlet.ServletHolder.handle(ServletHolder.java:799)\n\tat org.eclipse.jetty.servlet.ServletHandler$ChainEnd.doFilter(ServletHandler.java:1631)\n\tat io.dropwizard.servlets.ThreadNameFilter.doFilter(ThreadNameFilter.java:35)\n\tat org.eclipse.jetty.servlet.FilterHolder.doFilter(FilterHolder.java:193)\n\tat org.eclipse.jetty.servlet.ServletHandler$Chain.doFilter(ServletHandler.java:1601)\n\tat io.dropwizard.jersey.filter.AllowedMethodsFilter.handle(AllowedMethodsFilter.java:45)\n\tat io.dropwizard.jersey.filter.AllowedMethodsFilter.doFilter(AllowedMethodsFilter.java:39)\n\tat org.eclipse.jetty.servlet.FilterHolder.doFilter(FilterHolder.java:193)\n\tat org.eclipse.jetty.servlet.ServletHandler$Chain.doFilter(ServletHandler.java:1601)\n\tat org.finos.legend.server.pac4j.internal.UsernameFilter.doFilter(UsernameFilter.java:51)\n\tat org.eclipse.jetty.servlet.FilterHolder.doFilter(FilterHolder.java:193)\n\tat org.eclipse.jetty.servlet.ServletHandler$Chain.doFilter(ServletHandler.java:1601)\n\tat org.pac4j.j2e.filter.SecurityFilter.lambda$internalFilter$0(SecurityFilter.java:95)\n\tat org.pac4j.core.engine.DefaultSecurityLogic.perform(DefaultSecurityLogic.java:140)\n\tat org.pac4j.j2e.filter.SecurityFilter.internalFilter(SecurityFilter.java:93)\n\tat org.pac4j.j2e.filter.AbstractConfigFilter.doFilter(AbstractConfigFilter.java:81)\n\tat org.eclipse.jetty.servlet.FilterHolder.doFilter(FilterHolder.java:193)\n\tat org.eclipse.jetty.servlet.ServletHandler$Chain.doFilter(ServletHandler.java:1601)\n\tat org.eclipse.jetty.servlet.ServletHandler.doHandle(ServletHandler.java:548)\n\tat org.eclipse.jetty.server.handler.ScopedHandler.nextHandle(ScopedHandler.java:233)\n\tat org.eclipse.jetty.server.session.SessionHandler.doHandle(SessionHandler.java:1624)\n\tat org.eclipse.jetty.server.handler.ScopedHandler.nextHandle(ScopedHandler.java:233)\n\tat org.eclipse.jetty.server.handler.ContextHandler.doHandle(ContextHandler.java:1434)\n\tat org.eclipse.jetty.server.handler.ScopedHandler.nextScope(ScopedHandler.java:188)\n\tat org.eclipse.jetty.servlet.ServletHandler.doScope(ServletHandler.java:501)\n\tat org.eclipse.jetty.server.session.SessionHandler.doScope(SessionHandler.java:1594)\n\tat org.eclipse.jetty.server.handler.ScopedHandler.nextScope(ScopedHandler.java:186)\n\tat org.eclipse.jetty.server.handler.ContextHandler.doScope(ContextHandler.java:1349)\n\tat org.eclipse.jetty.server.handler.ScopedHandler.handle(ScopedHandler.java:141)\n\tat org.eclipse.jetty.server.handler.HandlerWrapper.handle(HandlerWrapper.java:127)\n\tat com.codahale.metrics.jetty9.InstrumentedHandler.handle(InstrumentedHandler.java:313)\n\tat io.dropwizard.jetty.ContextRoutingHandler.handle(ContextRoutingHandler.java:37)\n\tat org.eclipse.jetty.server.handler.gzip.GzipHandler.handle(GzipHandler.java:713)\n\tat io.dropwizard.jetty.BiDiGzipHandler.handle(BiDiGzipHandler.java:67)\n\tat org.eclipse.jetty.server.handler.StatisticsHandler.handle(StatisticsHandler.java:179)\n\tat org.eclipse.jetty.server.handler.HandlerWrapper.handle(HandlerWrapper.java:127)\n\tat org.eclipse.jetty.server.Server.handle(Server.java:516)\n\tat org.eclipse.jetty.server.HttpChannel.lambda$handle$1(HttpChannel.java:400)\n\tat org.eclipse.jetty.server.HttpChannel.dispatch(HttpChannel.java:645)\n\tat org.eclipse.jetty.server.HttpChannel.handle(HttpChannel.java:392)\n\tat org.eclipse.jetty.server.HttpConnection.onFillable(HttpConnection.java:277)\n\tat org.eclipse.jetty.io.AbstractConnection$ReadCallback.succeeded(AbstractConnection.java:311)\n\tat org.eclipse.jetty.io.FillInterest.fillable(FillInterest.java:105)\n\tat org.eclipse.jetty.io.ChannelEndPoint$1.run(ChannelEndPoint.java:104)\n\tat org.eclipse.jetty.util.thread.strategy.EatWhatYouKill.runTask(EatWhatYouKill.java:338)\n\tat org.eclipse.jetty.util.thread.strategy.EatWhatYouKill.doProduce(EatWhatYouKill.java:315)\n\tat org.eclipse.jetty.util.thread.strategy.EatWhatYouKill.tryProduce(EatWhatYouKill.java:173)\n\tat org.eclipse.jetty.util.thread.strategy.EatWhatYouKill.run(EatWhatYouKill.java:131)\n\tat org.eclipse.jetty.util.thread.ReservedThreadExecutor$ReservedThread.run(ReservedThreadExecutor.java:409)\n\tat org.eclipse.jetty.util.thread.QueuedThreadPool.runJob(QueuedThreadPool.java:883)\n\tat org.eclipse.jetty.util.thread.QueuedThreadPool$Runner.run(QueuedThreadPool.java:1034)\n\tat java.base/java.lang.Thread.run(Thread.java:829)\nCaused by: net.snowflake.client.jdbc.SnowflakeSQLException: SQL compilation error:\nFunction EXTRACT does not support VARCHAR(19) argument type\n\tat net.snowflake.client.jdbc.SnowflakeUtil.checkErrorAndThrowExceptionSub(SnowflakeUtil.java:127)\n\tat net.snowflake.client.jdbc.SnowflakeUtil.checkErrorAndThrowException(SnowflakeUtil.java:67)\n\tat net.snowflake.client.core.StmtUtil.pollForOutput(StmtUtil.java:442)\n\tat net.snowflake.client.core.StmtUtil.execute(StmtUtil.java:345)\n\tat net.snowflake.client.core.SFStatement.executeHelper(SFStatement.java:486)\n\tat net.snowflake.client.core.SFStatement.executeQueryInternal(SFStatement.java:197)\n\tat net.snowflake.client.core.SFStatement.executeQuery(SFStatement.java:134)\n\tat net.snowflake.client.core.SFStatement.execute(SFStatement.java:743)\n\tat net.snowflake.client.core.SFStatement.execute(SFStatement.java:639)\n\tat net.snowflake.client.jdbc.SnowflakeStatementV1.executeQueryInternal(SnowflakeStatementV1.java:238)\n\tat net.snowflake.client.jdbc.SnowflakeStatementV1.executeQuery(SnowflakeStatementV1.java:133)\n\tat com.zaxxer.hikari.pool.ProxyStatement.executeQuery(ProxyStatement.java:110)\n\tat com.zaxxer.hikari.pool.HikariProxyStatement.executeQuery(HikariProxyStatement.java)\n\tat org.finos.legend.engine.plan.execution.stores.relational.result.SQLExecutionResult.<init>(SQLExecutionResult.java:95)\n\t... 101 more\n"},"mode":"DEV","timeStamp":"2023-02-23 01:31:03.843","user":"_UNKNOWN_"}
| **dynaFunctions::second::testSecond** | failing :x: |
]]></system-out>
  </testcase>
  <testcase name="testSqlFalse[Snowflake]" classname="org.finos.legend.engine.server.test.shared.Relational_DbSpecific_UsingPureClientTestSuite$2" time="0.16">
    <error message="Assert failure at (resource:/platform/pure/basics/tests/assertEq.pure line:34 column:5), &quot;500 &apos;{&quot;code&quot;:-1,&quot;message&quot;:&quot;SnowflakeSQLException: SQL compilation error: error line 1 at position 7&#10;Invalid argument types for function &apos;IFF&apos;: (VARCHAR(5), NUMBER(1,0), NUMBER(1,0))&quot;,&quot;status&quot;:&quot;error&quot;,&quot;trace&quot;:&quot;java.lang.RuntimeException: net.snowflake.client.jdbc.SnowflakeSQLException: SQL compilation error: error line 1 at position 7&#10;Invalid argument types for function &apos;IFF&apos;: (VARCHAR(5), NUMBER(1,0), NUMBER(1,0))&#10;at org.finos.legend.engine.plan.execution.stores.relational.result.SQLExecutionResult.&lt;init&gt;(SQLExecutionResult.java:123)&#10;at org.finos.legend.engine.plan.execution.stores.relational.RelationalExecutor.execute(RelationalExecutor.java:241)&#10;at org.finos.legend.engine.plan.execution.stores.relational.plugin.RelationalExecutionNodeExecutor.visit(RelationalExecutionNodeExecutor.java:238)&#10;at org.finos.legend.engine.plan.execution.stores.relational.plugin.RelationalExecutionNodeExecutor.visit(RelationalExecutionNodeExecutor.java:346)&#10;at org.finos.legend.engine.plan.execution.stores.relational.plugin.RelationalExecutionNodeExecutor.visit(RelationalExecutionNodeExecutor.java:92)&#10;at org.finos.legend.engine.protocol.pure.v1.model.executionPlan.nodes.RelationalDataTypeInstantiationExecutionNode.accept(RelationalDataTypeInstantiationExecutionNode.java:22)&#10;at org.finos.legend.engine.plan.execution.stores.relational.RelationalExecutionExtension.lambda$getExtraNodeExecutors$fbe53481$1(RelationalExecutionExtension.java:50)&#10;at org.finos.legend.engine.plan.execution.nodes.ExecutionNodeExecutor.lambda$visit$0(ExecutionNodeExecutor.java:164)&#10;at java.base/java.util.stream.ReferencePipeline$3$1.accept(ReferencePipeline.java:195)&#10;at java.base/java.util.Spliterators$ArraySpliterator.tryAdvance(Spliterators.java:958)&#10;at java.base/java.util.stream.ReferencePipeline.forEachWithCancel(ReferencePipeline.java:127)&#10;at java.base/java.util.stream.AbstractPipeline.copyIntoWithCancel(AbstractPipeline.java:502)&#10;at java.base/java.util.stream.AbstractPipeline.copyInto(AbstractPipeline.java:488)&#10;at java.base/java.util.stream.AbstractPipeline.wrapAndCopyInto(AbstractPipeline.java:474)&#10;at java.base/java.util.stream.FindOps$FindOp.evaluateSequential(FindOps.java:150)&#10;at java.base/java.util.stream.AbstractPipeline.evaluate(AbstractPipeline.java:234)&#10;at java.base/java.util.stream.ReferencePipeline.findFirst(ReferencePipeline.java:543)&#10;at org.finos.legend.engine.plan.execution.nodes.ExecutionNodeExecutor.visit(ExecutionNodeExecutor.java:164)&#10;at org.finos.legend.engine.plan.execution.nodes.ExecutionNodeExecutor.visit(ExecutionNodeExecutor.java:107)&#10;at org.finos.legend.engine.protocol.pure.v1.model.executionPlan.nodes.RelationalDataTypeInstantiationExecutionNode.accept(RelationalDataTypeInstantiationExecutionNode.java:22)&#10;at org.finos.legend.engine.plan.execution.PlanExecutor.execute(PlanExecutor.java:238)&#10;at org.finos.legend.engine.plan.execution.PlanExecutor.execute(PlanExecutor.java:225)&#10;at org.finos.legend.engine.plan.execution.api.ExecutePlan.doExecutePlanLegacy(ExecutePlan.java:102)&#10;at org.finos.legend.engine.plan.execution.api.ExecutePlan.doExecutePlan(ExecutePlan.java:84)&#10;at org.finos.legend.engine.plan.execution.api.ExecutePlanLegacy.executePlan(ExecutePlanLegacy.java:56)&#10;at jdk.internal.reflect.GeneratedMethodAccessor100.invoke(Unknown Source)&#10;at java.base/jdk.internal.reflect.DelegatingMethodAccessorImpl.invoke(DelegatingMethodAccessorImpl.java:43)&#10;at java.base/java.lang.reflect.Method.invoke(Method.java:566)&#10;at org.glassfish.jersey.server.model.internal.ResourceMethodInvocationHandlerFactory$1.invoke(ResourceMethodInvocationHandlerFactory.java:81)&#10;at org.glassfish.jersey.server.model.internal.AbstractJavaResourceMethodDispatcher$1.run(AbstractJavaResourceMethodDispatcher.java:144)&#10;at org.glassfish.jersey.server.model.internal.AbstractJavaResourceMethodDispatcher.invoke(AbstractJavaResourceMethodDispatcher.java:161)&#10;at org.glassfish.jersey.server.model.internal.JavaResourceMethodDispatcherProvider$ResponseOutInvoker.doDispatch(JavaResourceMethodDispatcherProvider.java:160)&#10;at org.glassfish.jersey.server.model.internal.AbstractJavaResourceMethodDispatcher.dispatch(AbstractJavaResourceMethodDispatcher.java:99)&#10;at org.glassfish.jersey.server.model.ResourceMethodInvoker.invoke(ResourceMethodInvoker.java:389)&#10;at org.glassfish.jersey.server.model.ResourceMethodInvoker.apply(ResourceMethodInvoker.java:347)&#10;at org.glassfish.jersey.server.model.ResourceMethodInvoker.apply(ResourceMethodInvoker.java:102)&#10;at org.glassfish.jersey.server.ServerRuntime$2.run(ServerRuntime.java:326)&#10;at org.glassfish.jersey.internal.Errors$1.call(Errors.java:271)&#10;at org.glassfish.jersey.internal.Errors$1.call(Errors.java:267)&#10;at org.glassfish.jersey.internal.Errors.process(Errors.java:315)&#10;at org.glassfish.jersey.internal.Errors.process(Errors.java:297)&#10;at org.glassfish.jersey.internal.Errors.process(Errors.java:267)&#10;at org.glassfish.jersey.process.internal.RequestScope.runInScope(RequestScope.java:317)&#10;at org.glassfish.jersey.server.ServerRuntime.process(ServerRuntime.java:305)&#10;at org.glassfish.jersey.server.ApplicationHandler.handle(ApplicationHandler.java:1154)&#10;at org.glassfish.jersey.servlet.WebComponent.serviceImpl(WebComponent.java:473)&#10;at org.glassfish.jersey.servlet.WebComponent.service(WebComponent.java:427)&#10;at org.glassfish.jersey.servlet.ServletContainer.service(ServletContainer.java:388)&#10;at org.glassfish.jersey.servlet.ServletContainer.service(ServletContainer.java:341)&#10;at org.glassfish.jersey.servlet.ServletContainer.service(ServletContainer.java:228)&#10;at org.eclipse.jetty.servlet.ServletHolder.handle(ServletHolder.java:799)&#10;at org.eclipse.jetty.servlet.ServletHandler$ChainEnd.doFilter(ServletHandler.java:1631)&#10;at io.dropwizard.servlets.ThreadNameFilter.doFilter(ThreadNameFilter.java:35)&#10;at org.eclipse.jetty.servlet.FilterHolder.doFilter(FilterHolder.java:193)&#10;at org.eclipse.jetty.servlet.ServletHandler$Chain.doFilter(ServletHandler.java:1601)&#10;at io.dropwizard.jersey.filter.AllowedMethodsFilter.handle(AllowedMethodsFilter.java:45)&#10;at io.dropwizard.jersey.filter.AllowedMethodsFilter.doFilter(AllowedMethodsFilter.java:39)&#10;at org.eclipse.jetty.servlet.FilterHolder.doFilter(FilterHolder.java:193)&#10;at org.eclipse.jetty.servlet.ServletHandler$Chain.doFilter(ServletHandler.java:1601)&#10;at org.finos.legend.server.pac4j.internal.UsernameFilter.doFilter(UsernameFilter.java:51)&#10;at org.eclipse.jetty.servlet.FilterHolder.doFilter(FilterHolder.java:193)&#10;at org.eclipse.jetty.servlet.ServletHandler$Chain.doFilter(ServletHandler.java:1601)&#10;at org.pac4j.j2e.filter.SecurityFilter.lambda$internalFilter$0(SecurityFilter.java:95)&#10;at org.pac4j.core.engine.DefaultSecurityLogic.perform(DefaultSecurityLogic.java:140)&#10;at org.pac4j.j2e.filter.SecurityFilter.internalFilter(SecurityFilter.java:93)&#10;at org.pac4j.j2e.filter.AbstractConfigFilter.doFilter(AbstractConfigFilter.java:81)&#10;at org.eclipse.jetty.servlet.FilterHolder.doFilter(FilterHolder.java:193)&#10;at org.eclipse.jetty.servlet.ServletHandler$Chain.doFilter(ServletHandler.java:1601)&#10;at org.eclipse.jetty.servlet.ServletHandler.doHandle(ServletHandler.java:548)&#10;at org.eclipse.jetty.server.handler.ScopedHandler.nextHandle(ScopedHandler.java:233)&#10;at org.eclipse.jetty.server.session.SessionHandler.doHandle(SessionHandler.java:1624)&#10;at org.eclipse.jetty.server.handler.ScopedHandler.nextHandle(ScopedHandler.java:233)&#10;at org.eclipse.jetty.server.handler.ContextHandler.doHandle(ContextHandler.java:1434)&#10;at org.eclipse.jetty.server.handler.ScopedHandler.nextScope(ScopedHandler.java:188)&#10;at org.eclipse.jetty.servlet.ServletHandler.doScope(ServletHandler.java:501)&#10;at org.eclipse.jetty.server.session.SessionHandler.doScope(SessionHandler.java:1594)&#10;at org.eclipse.jetty.server.handler.ScopedHandler.nextScope(ScopedHandler.java:186)&#10;at org.eclipse.jetty.server.handler.ContextHandler.doScope(ContextHandler.java:1349)&#10;at org.eclipse.jetty.server.handler.ScopedHandler.handle(ScopedHandler.java:141)&#10;at org.eclipse.jetty.server.handler.HandlerWrapper.handle(HandlerWrapper.java:127)&#10;at com.codahale.metrics.jetty9.InstrumentedHandler.handle(InstrumentedHandler.java:313)&#10;at io.dropwizard.jetty.ContextRoutingHandler.handle(ContextRoutingHandler.java:37)&#10;at org.eclipse.jetty.server.handler.gzip.GzipHandler.handle(GzipHandler.java:713)&#10;at io.dropwizard.jetty.BiDiGzipHandler.handle(BiDiGzipHandler.java:67)&#10;at org.eclipse.jetty.server.handler.StatisticsHandler.handle(StatisticsHandler.java:179)&#10;at org.eclipse.jetty.server.handler.HandlerWrapper.handle(HandlerWrapper.java:127)&#10;at org.eclipse.jetty.server.Server.handle(Server.java:516)&#10;at org.eclipse.jetty.server.HttpChannel.lambda$handle$1(HttpChannel.java:400)&#10;at org.eclipse.jetty.server.HttpChannel.dispatch(HttpChannel.java:645)&#10;at org.eclipse.jetty.server.HttpChannel.handle(HttpChannel.java:392)&#10;at org.eclipse.jetty.server.HttpConnection.onFillable(HttpConnection.java:277)&#10;at org.eclipse.jetty.io.AbstractConnection$ReadCallback.succeeded(AbstractConnection.java:311)&#10;at org.eclipse.jetty.io.FillInterest.fillable(FillInterest.java:105)&#10;at org.eclipse.jetty.io.ChannelEndPoint$1.run(ChannelEndPoint.java:104)&#10;at org.eclipse.jetty.util.thread.strategy.EatWhatYouKill.runTask(EatWhatYouKill.java:338)&#10;at org.eclipse.jetty.util.thread.strategy.EatWhatYouKill.doProduce(EatWhatYouKill.java:315)&#10;at org.eclipse.jetty.util.thread.strategy.EatWhatYouKill.tryProduce(EatWhatYouKill.java:173)&#10;at org.eclipse.jetty.util.thread.strategy.EatWhatYouKill.run(EatWhatYouKill.java:131)&#10;at org.eclipse.jetty.util.thread.ReservedThreadExecutor$ReservedThread.run(ReservedThreadExecutor.java:409)&#10;at org.eclipse.jetty.util.thread.QueuedThreadPool.runJob(QueuedThreadPool.java:883)&#10;at org.eclipse.jetty.util.thread.QueuedThreadPool$Runner.run(QueuedThreadPool.java:1034)&#10;at java.base/java.lang.Thread.run(Thread.java:829)&#10;Caused by: net.snowflake.client.jdbc.SnowflakeSQLException: SQL compilation error: error line 1 at position 7&#10;Invalid argument types for function &apos;IFF&apos;: (VARCHAR(5), NUMBER(1,0), NUMBER(1,0))&#10;at net.snowflake.client.jdbc.SnowflakeUtil.checkErrorAndThrowExceptionSub(SnowflakeUtil.java:127)&#10;at net.snowflake.client.jdbc.SnowflakeUtil.checkErrorAndThrowException(SnowflakeUtil.java:67)&#10;at net.snowflake.client.core.StmtUtil.pollForOutput(StmtUtil.java:442)&#10;at net.snowflake.client.core.StmtUtil.execute(StmtUtil.java:345)&#10;at net.snowflake.client.core.SFStatement.executeHelper(SFStatement.java:486)&#10;at net.snowflake.client.core.SFStatement.executeQueryInternal(SFStatement.java:197)&#10;at net.snowflake.client.core.SFStatement.executeQuery(SFStatement.java:134)&#10;at net.snowflake.client.core.SFStatement.execute(SFStatement.java:743)&#10;at net.snowflake.client.core.SFStatement.execute(SFStatement.java:639)&#10;at net.snowflake.client.jdbc.SnowflakeStatementV1.executeQueryInternal(SnowflakeStatementV1.java:238)&#10;at net.snowflake.client.jdbc.SnowflakeStatementV1.executeQuery(SnowflakeStatementV1.java:133)&#10;at com.zaxxer.hikari.pool.ProxyStatement.executeQuery(ProxyStatement.java:110)&#10;at com.zaxxer.hikari.pool.HikariProxyStatement.executeQuery(HikariProxyStatement.java)&#10;at org.finos.legend.engine.plan.execution.stores.relational.result.SQLExecutionResult.&lt;init&gt;(SQLExecutionResult.java:95)&#10;... 101 more&#10;&quot;}&apos;&quot;" type="Assert failure at (resource"><![CDATA[Assert failure at (resource:/platform/pure/basics/tests/assertEq.pure line:34 column:5), "500 '{"code":-1,"message":"SnowflakeSQLException: SQL compilation error: error line 1 at position 7
Invalid argument types for function 'IFF': (VARCHAR(5), NUMBER(1,0), NUMBER(1,0))","status":"error","trace":"java.lang.RuntimeException: net.snowflake.client.jdbc.SnowflakeSQLException: SQL compilation error: error line 1 at position 7
Invalid argument types for function 'IFF': (VARCHAR(5), NUMBER(1,0), NUMBER(1,0))
at org.finos.legend.engine.plan.execution.stores.relational.result.SQLExecutionResult.<init>(SQLExecutionResult.java:123)
at org.finos.legend.engine.plan.execution.stores.relational.RelationalExecutor.execute(RelationalExecutor.java:241)
at org.finos.legend.engine.plan.execution.stores.relational.plugin.RelationalExecutionNodeExecutor.visit(RelationalExecutionNodeExecutor.java:238)
at org.finos.legend.engine.plan.execution.stores.relational.plugin.RelationalExecutionNodeExecutor.visit(RelationalExecutionNodeExecutor.java:346)
at org.finos.legend.engine.plan.execution.stores.relational.plugin.RelationalExecutionNodeExecutor.visit(RelationalExecutionNodeExecutor.java:92)
at org.finos.legend.engine.protocol.pure.v1.model.executionPlan.nodes.RelationalDataTypeInstantiationExecutionNode.accept(RelationalDataTypeInstantiationExecutionNode.java:22)
at org.finos.legend.engine.plan.execution.stores.relational.RelationalExecutionExtension.lambda$getExtraNodeExecutors$fbe53481$1(RelationalExecutionExtension.java:50)
at org.finos.legend.engine.plan.execution.nodes.ExecutionNodeExecutor.lambda$visit$0(ExecutionNodeExecutor.java:164)
at java.base/java.util.stream.ReferencePipeline$3$1.accept(ReferencePipeline.java:195)
at java.base/java.util.Spliterators$ArraySpliterator.tryAdvance(Spliterators.java:958)
at java.base/java.util.stream.ReferencePipeline.forEachWithCancel(ReferencePipeline.java:127)
at java.base/java.util.stream.AbstractPipeline.copyIntoWithCancel(AbstractPipeline.java:502)
at java.base/java.util.stream.AbstractPipeline.copyInto(AbstractPipeline.java:488)
at java.base/java.util.stream.AbstractPipeline.wrapAndCopyInto(AbstractPipeline.java:474)
at java.base/java.util.stream.FindOps$FindOp.evaluateSequential(FindOps.java:150)
at java.base/java.util.stream.AbstractPipeline.evaluate(AbstractPipeline.java:234)
at java.base/java.util.stream.ReferencePipeline.findFirst(ReferencePipeline.java:543)
at org.finos.legend.engine.plan.execution.nodes.ExecutionNodeExecutor.visit(ExecutionNodeExecutor.java:164)
at org.finos.legend.engine.plan.execution.nodes.ExecutionNodeExecutor.visit(ExecutionNodeExecutor.java:107)
at org.finos.legend.engine.protocol.pure.v1.model.executionPlan.nodes.RelationalDataTypeInstantiationExecutionNode.accept(RelationalDataTypeInstantiationExecutionNode.java:22)
at org.finos.legend.engine.plan.execution.PlanExecutor.execute(PlanExecutor.java:238)
at org.finos.legend.engine.plan.execution.PlanExecutor.execute(PlanExecutor.java:225)
at org.finos.legend.engine.plan.execution.api.ExecutePlan.doExecutePlanLegacy(ExecutePlan.java:102)
at org.finos.legend.engine.plan.execution.api.ExecutePlan.doExecutePlan(ExecutePlan.java:84)
at org.finos.legend.engine.plan.execution.api.ExecutePlanLegacy.executePlan(ExecutePlanLegacy.java:56)
at jdk.internal.reflect.GeneratedMethodAccessor100.invoke(Unknown Source)
at java.base/jdk.internal.reflect.DelegatingMethodAccessorImpl.invoke(DelegatingMethodAccessorImpl.java:43)
at java.base/java.lang.reflect.Method.invoke(Method.java:566)
at org.glassfish.jersey.server.model.internal.ResourceMethodInvocationHandlerFactory$1.invoke(ResourceMethodInvocationHandlerFactory.java:81)
at org.glassfish.jersey.server.model.internal.AbstractJavaResourceMethodDispatcher$1.run(AbstractJavaResourceMethodDispatcher.java:144)
at org.glassfish.jersey.server.model.internal.AbstractJavaResourceMethodDispatcher.invoke(AbstractJavaResourceMethodDispatcher.java:161)
at org.glassfish.jersey.server.model.internal.JavaResourceMethodDispatcherProvider$ResponseOutInvoker.doDispatch(JavaResourceMethodDispatcherProvider.java:160)
at org.glassfish.jersey.server.model.internal.AbstractJavaResourceMethodDispatcher.dispatch(AbstractJavaResourceMethodDispatcher.java:99)
at org.glassfish.jersey.server.model.ResourceMethodInvoker.invoke(ResourceMethodInvoker.java:389)
at org.glassfish.jersey.server.model.ResourceMethodInvoker.apply(ResourceMethodInvoker.java:347)
at org.glassfish.jersey.server.model.ResourceMethodInvoker.apply(ResourceMethodInvoker.java:102)
at org.glassfish.jersey.server.ServerRuntime$2.run(ServerRuntime.java:326)
at org.glassfish.jersey.internal.Errors$1.call(Errors.java:271)
at org.glassfish.jersey.internal.Errors$1.call(Errors.java:267)
at org.glassfish.jersey.internal.Errors.process(Errors.java:315)
at org.glassfish.jersey.internal.Errors.process(Errors.java:297)
at org.glassfish.jersey.internal.Errors.process(Errors.java:267)
at org.glassfish.jersey.process.internal.RequestScope.runInScope(RequestScope.java:317)
at org.glassfish.jersey.server.ServerRuntime.process(ServerRuntime.java:305)
at org.glassfish.jersey.server.ApplicationHandler.handle(ApplicationHandler.java:1154)
at org.glassfish.jersey.servlet.WebComponent.serviceImpl(WebComponent.java:473)
at org.glassfish.jersey.servlet.WebComponent.service(WebComponent.java:427)
at org.glassfish.jersey.servlet.ServletContainer.service(ServletContainer.java:388)
at org.glassfish.jersey.servlet.ServletContainer.service(ServletContainer.java:341)
at org.glassfish.jersey.servlet.ServletContainer.service(ServletContainer.java:228)
at org.eclipse.jetty.servlet.ServletHolder.handle(ServletHolder.java:799)
at org.eclipse.jetty.servlet.ServletHandler$ChainEnd.doFilter(ServletHandler.java:1631)
at io.dropwizard.servlets.ThreadNameFilter.doFilter(ThreadNameFilter.java:35)
at org.eclipse.jetty.servlet.FilterHolder.doFilter(FilterHolder.java:193)
at org.eclipse.jetty.servlet.ServletHandler$Chain.doFilter(ServletHandler.java:1601)
at io.dropwizard.jersey.filter.AllowedMethodsFilter.handle(AllowedMethodsFilter.java:45)
at io.dropwizard.jersey.filter.AllowedMethodsFilter.doFilter(AllowedMethodsFilter.java:39)
at org.eclipse.jetty.servlet.FilterHolder.doFilter(FilterHolder.java:193)
at org.eclipse.jetty.servlet.ServletHandler$Chain.doFilter(ServletHandler.java:1601)
at org.finos.legend.server.pac4j.internal.UsernameFilter.doFilter(UsernameFilter.java:51)
at org.eclipse.jetty.servlet.FilterHolder.doFilter(FilterHolder.java:193)
at org.eclipse.jetty.servlet.ServletHandler$Chain.doFilter(ServletHandler.java:1601)
at org.pac4j.j2e.filter.SecurityFilter.lambda$internalFilter$0(SecurityFilter.java:95)
at org.pac4j.core.engine.DefaultSecurityLogic.perform(DefaultSecurityLogic.java:140)
at org.pac4j.j2e.filter.SecurityFilter.internalFilter(SecurityFilter.java:93)
at org.pac4j.j2e.filter.AbstractConfigFilter.doFilter(AbstractConfigFilter.java:81)
at org.eclipse.jetty.servlet.FilterHolder.doFilter(FilterHolder.java:193)
at org.eclipse.jetty.servlet.ServletHandler$Chain.doFilter(ServletHandler.java:1601)
at org.eclipse.jetty.servlet.ServletHandler.doHandle(ServletHandler.java:548)
at org.eclipse.jetty.server.handler.ScopedHandler.nextHandle(ScopedHandler.java:233)
at org.eclipse.jetty.server.session.SessionHandler.doHandle(SessionHandler.java:1624)
at org.eclipse.jetty.server.handler.ScopedHandler.nextHandle(ScopedHandler.java:233)
at org.eclipse.jetty.server.handler.ContextHandler.doHandle(ContextHandler.java:1434)
at org.eclipse.jetty.server.handler.ScopedHandler.nextScope(ScopedHandler.java:188)
at org.eclipse.jetty.servlet.ServletHandler.doScope(ServletHandler.java:501)
at org.eclipse.jetty.server.session.SessionHandler.doScope(SessionHandler.java:1594)
at org.eclipse.jetty.server.handler.ScopedHandler.nextScope(ScopedHandler.java:186)
at org.eclipse.jetty.server.handler.ContextHandler.doScope(ContextHandler.java:1349)
at org.eclipse.jetty.server.handler.ScopedHandler.handle(ScopedHandler.java:141)
at org.eclipse.jetty.server.handler.HandlerWrapper.handle(HandlerWrapper.java:127)
at com.codahale.metrics.jetty9.InstrumentedHandler.handle(InstrumentedHandler.java:313)
at io.dropwizard.jetty.ContextRoutingHandler.handle(ContextRoutingHandler.java:37)
at org.eclipse.jetty.server.handler.gzip.GzipHandler.handle(GzipHandler.java:713)
at io.dropwizard.jetty.BiDiGzipHandler.handle(BiDiGzipHandler.java:67)
at org.eclipse.jetty.server.handler.StatisticsHandler.handle(StatisticsHandler.java:179)
at org.eclipse.jetty.server.handler.HandlerWrapper.handle(HandlerWrapper.java:127)
at org.eclipse.jetty.server.Server.handle(Server.java:516)
at org.eclipse.jetty.server.HttpChannel.lambda$handle$1(HttpChannel.java:400)
at org.eclipse.jetty.server.HttpChannel.dispatch(HttpChannel.java:645)
at org.eclipse.jetty.server.HttpChannel.handle(HttpChannel.java:392)
at org.eclipse.jetty.server.HttpConnection.onFillable(HttpConnection.java:277)
at org.eclipse.jetty.io.AbstractConnection$ReadCallback.succeeded(AbstractConnection.java:311)
at org.eclipse.jetty.io.FillInterest.fillable(FillInterest.java:105)
at org.eclipse.jetty.io.ChannelEndPoint$1.run(ChannelEndPoint.java:104)
at org.eclipse.jetty.util.thread.strategy.EatWhatYouKill.runTask(EatWhatYouKill.java:338)
at org.eclipse.jetty.util.thread.strategy.EatWhatYouKill.doProduce(EatWhatYouKill.java:315)
at org.eclipse.jetty.util.thread.strategy.EatWhatYouKill.tryProduce(EatWhatYouKill.java:173)
at org.eclipse.jetty.util.thread.strategy.EatWhatYouKill.run(EatWhatYouKill.java:131)
at org.eclipse.jetty.util.thread.ReservedThreadExecutor$ReservedThread.run(ReservedThreadExecutor.java:409)
at org.eclipse.jetty.util.thread.QueuedThreadPool.runJob(QueuedThreadPool.java:883)
at org.eclipse.jetty.util.thread.QueuedThreadPool$Runner.run(QueuedThreadPool.java:1034)
at java.base/java.lang.Thread.run(Thread.java:829)
Caused by: net.snowflake.client.jdbc.SnowflakeSQLException: SQL compilation error: error line 1 at position 7
Invalid argument types for function 'IFF': (VARCHAR(5), NUMBER(1,0), NUMBER(1,0))
at net.snowflake.client.jdbc.SnowflakeUtil.checkErrorAndThrowExceptionSub(SnowflakeUtil.java:127)
at net.snowflake.client.jdbc.SnowflakeUtil.checkErrorAndThrowException(SnowflakeUtil.java:67)
at net.snowflake.client.core.StmtUtil.pollForOutput(StmtUtil.java:442)
at net.snowflake.client.core.StmtUtil.execute(StmtUtil.java:345)
at net.snowflake.client.core.SFStatement.executeHelper(SFStatement.java:486)
at net.snowflake.client.core.SFStatement.executeQueryInternal(SFStatement.java:197)
at net.snowflake.client.core.SFStatement.executeQuery(SFStatement.java:134)
at net.snowflake.client.core.SFStatement.execute(SFStatement.java:743)
at net.snowflake.client.core.SFStatement.execute(SFStatement.java:639)
at net.snowflake.client.jdbc.SnowflakeStatementV1.executeQueryInternal(SnowflakeStatementV1.java:238)
at net.snowflake.client.jdbc.SnowflakeStatementV1.executeQuery(SnowflakeStatementV1.java:133)
at com.zaxxer.hikari.pool.ProxyStatement.executeQuery(ProxyStatement.java:110)
at com.zaxxer.hikari.pool.HikariProxyStatement.executeQuery(HikariProxyStatement.java)
at org.finos.legend.engine.plan.execution.stores.relational.result.SQLExecutionResult.<init>(SQLExecutionResult.java:95)
... 101 more
"}'"
	at org.finos.legend.pure.runtime.java.compiled.generation.processors.support.CompiledSupport.pureAssert(CompiledSupport.java:1994)
	at org.finos.legend.pure.generated.platform_pure_basics_tests_assertEq.Root_meta_pure_functions_asserts_assertEq_Any_1__Any_1__Function_1__Boolean_1_(platform_pure_basics_tests_assertEq.java:44)
	at org.finos.legend.pure.generated.core_pure_protocol_vX_X_X_invocations_execution.Root_meta_protocols_pure_vX_X_X_invocation_execution_execute_executePlan_String_1__String_1__Integer_1__String_1_(core_pure_protocol_vX_X_X_invocations_execution.java:751)
	at org.finos.legend.pure.generated.core_pure_protocol_vX_X_X_invocations_execution.Root_meta_protocols_pure_vX_X_X_invocation_execution_execute_executePlan_ExecutionPlan_1__String_1__Integer_1__Extension_MANY__String_1_(core_pure_protocol_vX_X_X_invocations_execution.java:745)
	at org.finos.legend.pure.generated.core_pure_protocol_vX_X_X_invocations_execution.Root_meta_protocols_pure_vX_X_X_invocation_execution_execute_executePlan_ExecutionPlan_1__ExecutionContext_$0_1$__String_1__Integer_1__Extension_MANY__Result_1_(core_pure_protocol_vX_X_X_invocations_execution.java:738)
	at jdk.internal.reflect.GeneratedMethodAccessor96.invoke(Unknown Source)
	at java.base/jdk.internal.reflect.DelegatingMethodAccessorImpl.invoke(DelegatingMethodAccessorImpl.java:43)
	at java.base/java.lang.reflect.Method.invoke(Method.java:566)
	at org.finos.legend.pure.runtime.java.compiled.metadata.JavaMethodWithParamsSharedPureFunction.execute(JavaMethodWithParamsSharedPureFunction.java:59)
	at org.finos.legend.pure.runtime.java.compiled.generation.processors.support.Pure._evaluateToMany(Pure.java:546)
	at org.finos.legend.pure.generated.CoreGen.evaluateToMany(CoreGen.java:147)
	at org.finos.legend.pure.generated.CoreGen.evaluateToMany(CoreGen.java:134)
	at org.finos.legend.pure.generated.core_pure_router_router_entry$9$1.value(core_pure_router_router_entry.java:318)
	at org.finos.legend.pure.generated.core_pure_router_router_entry$9$1.execute(core_pure_router_router_entry.java:311)
	at org.finos.legend.pure.generated.core_pure_router_router_entry$9$1.execute(core_pure_router_router_entry.java:307)
	at org.finos.legend.pure.runtime.java.compiled.generation.processors.support.Pure.evaluate(Pure.java:485)
	at org.finos.legend.pure.runtime.java.compiled.generation.processors.support.Pure.legendTest(Pure.java:216)
	at org.finos.legend.pure.generated.CoreGen.legendTest(CoreGen.java:61)
	at org.finos.legend.pure.generated.core_pure_router_router_entry$9.valueOf(core_pure_router_router_entry.java:303)
	at org.finos.legend.pure.generated.core_pure_router_router_entry$9.execute(core_pure_router_router_entry.java:298)
	at org.finos.legend.pure.generated.core_pure_router_router_entry$9.execute(core_pure_router_router_entry.java:294)
	at org.finos.legend.pure.runtime.java.compiled.generation.processors.support.Pure.evaluate(Pure.java:485)
	at org.finos.legend.pure.runtime.java.compiled.generation.processors.support.Pure.traceSpan(Pure.java:1482)
	at org.finos.legend.pure.generated.CoreGen.traceSpan(CoreGen.java:203)
	at org.finos.legend.pure.generated.core_pure_router_router_entry.Root_meta_pure_router_executePlan_ExecutionPlan_1__ExecutionContext_1__Extension_MANY__Result_$0_1$_(core_pure_router_router_entry.java:290)
	at org.finos.legend.pure.generated.core_pure_router_router_entry.Root_meta_pure_router_executePlan_ExecutionPlan_1__Extension_MANY__Result_$0_1$_(core_pure_router_router_entry.java:285)
	at org.finos.legend.pure.generated.core_relational_relational_sqlQueryToString_dbTestRunner_testRunner$20.execute(core_relational_relational_sqlQueryToString_dbTestRunner_testRunner.java:386)
	at org.finos.legend.pure.generated.core_relational_relational_sqlQueryToString_dbTestRunner_testRunner.Root_meta_relational_dbTestRunner_runSqlQueryTest_SQLQuery_1__Literal_$1_MANY$__Pair_MANY__Function_$0_1$__DbTestConfig_1__Boolean_1_(core_relational_relational_sqlQueryToString_dbTestRunner_testRunner.java:424)
	at org.finos.legend.pure.generated.core_relational_relational_sqlQueryToString_dbTestRunner_testRunner.Root_meta_relational_dbTestRunner_runSqlQueryTest_SQLQuery_1__Literal_$1_MANY$__Function_$0_1$__DbTestConfig_1__Boolean_1_(core_relational_relational_sqlQueryToString_dbTestRunner_testRunner.java:374)
	at org.finos.legend.pure.generated.core_relational_relational_sqlQueryToString_dbTestRunner_dynaFunctionTestRunner.Root_meta_relational_dbTestRunner_runDynaFunctionDatabaseTest_DynaFunction_1__Literal_$1_MANY$__Function_$0_1$__DbTestConfig_1__Boolean_1_(core_relational_relational_sqlQueryToString_dbTestRunner_dynaFunctionTestRunner.java:64)
	at org.finos.legend.pure.generated.core_relational_relational_sqlQueryToString_dbTestRunner_dynaFunctionTestRunner.Root_meta_relational_dbTestRunner_runDynaFunctionDatabaseTest_DynaFunction_1__Literal_$1_MANY$__DbTestConfig_1__Boolean_1_(core_relational_relational_sqlQueryToString_dbTestRunner_dynaFunctionTestRunner.java:58)
	at org.finos.legend.pure.generated.core_relational_relational_sqlQueryToString_testSuite_dynaFunctions_boolean.Root_meta_relational_tests_dbSpecificTests_sqlQueryTests_dynaFunctions_sqlFalse_testSqlFalse_DbTestConfig_1__Boolean_1_(core_relational_relational_sqlQueryToString_testSuite_dynaFunctions_boolean.java:38)
	at java.base/jdk.internal.reflect.NativeMethodAccessorImpl.invoke0(Native Method)
	at java.base/jdk.internal.reflect.NativeMethodAccessorImpl.invoke(NativeMethodAccessorImpl.java:62)
	at java.base/jdk.internal.reflect.DelegatingMethodAccessorImpl.invoke(DelegatingMethodAccessorImpl.java:43)
	at java.base/java.lang.reflect.Method.invoke(Method.java:566)
	at org.finos.legend.pure.runtime.java.compiled.testHelper.PureTestBuilderCompiled.executeFn(PureTestBuilderCompiled.java:113)
	at org.finos.legend.pure.runtime.java.compiled.testHelper.PureTestBuilderCompiled.lambda$buildSuite$0(PureTestBuilderCompiled.java:79)
	at org.finos.legend.pure.m3.execution.test.PureTestBuilder$PureTestCase.runTest(PureTestBuilder.java:95)
	at junit.framework.TestCase.runBare(TestCase.java:142)
	at org.finos.legend.engine.server.test.shared.Relational_DbSpecific_UsingPureClientTestSuite$2.runTest(Relational_DbSpecific_UsingPureClientTestSuite.java:90)
	at junit.framework.TestCase.runBare(TestCase.java:142)
	at junit.framework.TestResult$1.protect(TestResult.java:122)
	at junit.framework.TestResult.runProtected(TestResult.java:142)
	at junit.framework.TestResult.run(TestResult.java:125)
	at junit.framework.TestCase.run(TestCase.java:130)
	at junit.framework.TestSuite.runTest(TestSuite.java:241)
	at junit.framework.TestSuite.run(TestSuite.java:236)
	at junit.framework.TestSuite.runTest(TestSuite.java:241)
	at junit.framework.TestSuite.run(TestSuite.java:236)
	at junit.framework.TestSuite.runTest(TestSuite.java:241)
	at junit.framework.TestSuite.run(TestSuite.java:236)
	at junit.framework.TestSuite.runTest(TestSuite.java:241)
	at junit.framework.TestSuite.run(TestSuite.java:236)
	at junit.framework.TestSuite.runTest(TestSuite.java:241)
	at junit.framework.TestSuite.run(TestSuite.java:236)
	at junit.extensions.TestDecorator.basicRun(TestDecorator.java:24)
	at junit.extensions.TestSetup$1.protect(TestSetup.java:23)
	at junit.framework.TestResult.runProtected(TestResult.java:142)
	at junit.extensions.TestSetup.run(TestSetup.java:27)
	at org.junit.internal.runners.JUnit38ClassRunner.run(JUnit38ClassRunner.java:90)
	at org.apache.maven.surefire.junit4.JUnit4Provider.execute(JUnit4Provider.java:365)
	at org.apache.maven.surefire.junit4.JUnit4Provider.executeWithRerun(JUnit4Provider.java:273)
	at org.apache.maven.surefire.junit4.JUnit4Provider.executeTestSet(JUnit4Provider.java:238)
	at org.apache.maven.surefire.junit4.JUnit4Provider.invoke(JUnit4Provider.java:159)
	at org.apache.maven.surefire.booter.ForkedBooter.invokeProviderInSameClassLoader(ForkedBooter.java:384)
	at org.apache.maven.surefire.booter.ForkedBooter.runSuitesInProcess(ForkedBooter.java:345)
	at org.apache.maven.surefire.booter.ForkedBooter.execute(ForkedBooter.java:126)
	at org.apache.maven.surefire.booter.ForkedBooter.main(ForkedBooter.java:418)
]]></error>
    <system-out><![CDATA[Running db test dynaFunctions::sqlFalse::testSqlFalse
{"duration":0.0,"eventType":"EXECUTION_PLAN_EXEC_ERROR","info":{"code":-1,"message":"SnowflakeSQLException: SQL compilation error: error line 1 at position 7\nInvalid argument types for function 'IFF': (VARCHAR(5), NUMBER(1,0), NUMBER(1,0))","status":"error","trace":"java.lang.RuntimeException: net.snowflake.client.jdbc.SnowflakeSQLException: SQL compilation error: error line 1 at position 7\nInvalid argument types for function 'IFF': (VARCHAR(5), NUMBER(1,0), NUMBER(1,0))\n\tat org.finos.legend.engine.plan.execution.stores.relational.result.SQLExecutionResult.<init>(SQLExecutionResult.java:123)\n\tat org.finos.legend.engine.plan.execution.stores.relational.RelationalExecutor.execute(RelationalExecutor.java:241)\n\tat org.finos.legend.engine.plan.execution.stores.relational.plugin.RelationalExecutionNodeExecutor.visit(RelationalExecutionNodeExecutor.java:238)\n\tat org.finos.legend.engine.plan.execution.stores.relational.plugin.RelationalExecutionNodeExecutor.visit(RelationalExecutionNodeExecutor.java:346)\n\tat org.finos.legend.engine.plan.execution.stores.relational.plugin.RelationalExecutionNodeExecutor.visit(RelationalExecutionNodeExecutor.java:92)\n\tat org.finos.legend.engine.protocol.pure.v1.model.executionPlan.nodes.RelationalDataTypeInstantiationExecutionNode.accept(RelationalDataTypeInstantiationExecutionNode.java:22)\n\tat org.finos.legend.engine.plan.execution.stores.relational.RelationalExecutionExtension.lambda$getExtraNodeExecutors$fbe53481$1(RelationalExecutionExtension.java:50)\n\tat org.finos.legend.engine.plan.execution.nodes.ExecutionNodeExecutor.lambda$visit$0(ExecutionNodeExecutor.java:164)\n\tat java.base/java.util.stream.ReferencePipeline$3$1.accept(ReferencePipeline.java:195)\n\tat java.base/java.util.Spliterators$ArraySpliterator.tryAdvance(Spliterators.java:958)\n\tat java.base/java.util.stream.ReferencePipeline.forEachWithCancel(ReferencePipeline.java:127)\n\tat java.base/java.util.stream.AbstractPipeline.copyIntoWithCancel(AbstractPipeline.java:502)\n\tat java.base/java.util.stream.AbstractPipeline.copyInto(AbstractPipeline.java:488)\n\tat java.base/java.util.stream.AbstractPipeline.wrapAndCopyInto(AbstractPipeline.java:474)\n\tat java.base/java.util.stream.FindOps$FindOp.evaluateSequential(FindOps.java:150)\n\tat java.base/java.util.stream.AbstractPipeline.evaluate(AbstractPipeline.java:234)\n\tat java.base/java.util.stream.ReferencePipeline.findFirst(ReferencePipeline.java:543)\n\tat org.finos.legend.engine.plan.execution.nodes.ExecutionNodeExecutor.visit(ExecutionNodeExecutor.java:164)\n\tat org.finos.legend.engine.plan.execution.nodes.ExecutionNodeExecutor.visit(ExecutionNodeExecutor.java:107)\n\tat org.finos.legend.engine.protocol.pure.v1.model.executionPlan.nodes.RelationalDataTypeInstantiationExecutionNode.accept(RelationalDataTypeInstantiationExecutionNode.java:22)\n\tat org.finos.legend.engine.plan.execution.PlanExecutor.execute(PlanExecutor.java:238)\n\tat org.finos.legend.engine.plan.execution.PlanExecutor.execute(PlanExecutor.java:225)\n\tat org.finos.legend.engine.plan.execution.api.ExecutePlan.doExecutePlanLegacy(ExecutePlan.java:102)\n\tat org.finos.legend.engine.plan.execution.api.ExecutePlan.doExecutePlan(ExecutePlan.java:84)\n\tat org.finos.legend.engine.plan.execution.api.ExecutePlanLegacy.executePlan(ExecutePlanLegacy.java:56)\n\tat jdk.internal.reflect.GeneratedMethodAccessor100.invoke(Unknown Source)\n\tat java.base/jdk.internal.reflect.DelegatingMethodAccessorImpl.invoke(DelegatingMethodAccessorImpl.java:43)\n\tat java.base/java.lang.reflect.Method.invoke(Method.java:566)\n\tat org.glassfish.jersey.server.model.internal.ResourceMethodInvocationHandlerFactory$1.invoke(ResourceMethodInvocationHandlerFactory.java:81)\n\tat org.glassfish.jersey.server.model.internal.AbstractJavaResourceMethodDispatcher$1.run(AbstractJavaResourceMethodDispatcher.java:144)\n\tat org.glassfish.jersey.server.model.internal.AbstractJavaResourceMethodDispatcher.invoke(AbstractJavaResourceMethodDispatcher.java:161)\n\tat org.glassfish.jersey.server.model.internal.JavaResourceMethodDispatcherProvider$ResponseOutInvoker.doDispatch(JavaResourceMethodDispatcherProvider.java:160)\n\tat org.glassfish.jersey.server.model.internal.AbstractJavaResourceMethodDispatcher.dispatch(AbstractJavaResourceMethodDispatcher.java:99)\n\tat org.glassfish.jersey.server.model.ResourceMethodInvoker.invoke(ResourceMethodInvoker.java:389)\n\tat org.glassfish.jersey.server.model.ResourceMethodInvoker.apply(ResourceMethodInvoker.java:347)\n\tat org.glassfish.jersey.server.model.ResourceMethodInvoker.apply(ResourceMethodInvoker.java:102)\n\tat org.glassfish.jersey.server.ServerRuntime$2.run(ServerRuntime.java:326)\n\tat org.glassfish.jersey.internal.Errors$1.call(Errors.java:271)\n\tat org.glassfish.jersey.internal.Errors$1.call(Errors.java:267)\n\tat org.glassfish.jersey.internal.Errors.process(Errors.java:315)\n\tat org.glassfish.jersey.internal.Errors.process(Errors.java:297)\n\tat org.glassfish.jersey.internal.Errors.process(Errors.java:267)\n\tat org.glassfish.jersey.process.internal.RequestScope.runInScope(RequestScope.java:317)\n\tat org.glassfish.jersey.server.ServerRuntime.process(ServerRuntime.java:305)\n\tat org.glassfish.jersey.server.ApplicationHandler.handle(ApplicationHandler.java:1154)\n\tat org.glassfish.jersey.servlet.WebComponent.serviceImpl(WebComponent.java:473)\n\tat org.glassfish.jersey.servlet.WebComponent.service(WebComponent.java:427)\n\tat org.glassfish.jersey.servlet.ServletContainer.service(ServletContainer.java:388)\n\tat org.glassfish.jersey.servlet.ServletContainer.service(ServletContainer.java:341)\n\tat org.glassfish.jersey.servlet.ServletContainer.service(ServletContainer.java:228)\n\tat org.eclipse.jetty.servlet.ServletHolder.handle(ServletHolder.java:799)\n\tat org.eclipse.jetty.servlet.ServletHandler$ChainEnd.doFilter(ServletHandler.java:1631)\n\tat io.dropwizard.servlets.ThreadNameFilter.doFilter(ThreadNameFilter.java:35)\n\tat org.eclipse.jetty.servlet.FilterHolder.doFilter(FilterHolder.java:193)\n\tat org.eclipse.jetty.servlet.ServletHandler$Chain.doFilter(ServletHandler.java:1601)\n\tat io.dropwizard.jersey.filter.AllowedMethodsFilter.handle(AllowedMethodsFilter.java:45)\n\tat io.dropwizard.jersey.filter.AllowedMethodsFilter.doFilter(AllowedMethodsFilter.java:39)\n\tat org.eclipse.jetty.servlet.FilterHolder.doFilter(FilterHolder.java:193)\n\tat org.eclipse.jetty.servlet.ServletHandler$Chain.doFilter(ServletHandler.java:1601)\n\tat org.finos.legend.server.pac4j.internal.UsernameFilter.doFilter(UsernameFilter.java:51)\n\tat org.eclipse.jetty.servlet.FilterHolder.doFilter(FilterHolder.java:193)\n\tat org.eclipse.jetty.servlet.ServletHandler$Chain.doFilter(ServletHandler.java:1601)\n\tat org.pac4j.j2e.filter.SecurityFilter.lambda$internalFilter$0(SecurityFilter.java:95)\n\tat org.pac4j.core.engine.DefaultSecurityLogic.perform(DefaultSecurityLogic.java:140)\n\tat org.pac4j.j2e.filter.SecurityFilter.internalFilter(SecurityFilter.java:93)\n\tat org.pac4j.j2e.filter.AbstractConfigFilter.doFilter(AbstractConfigFilter.java:81)\n\tat org.eclipse.jetty.servlet.FilterHolder.doFilter(FilterHolder.java:193)\n\tat org.eclipse.jetty.servlet.ServletHandler$Chain.doFilter(ServletHandler.java:1601)\n\tat org.eclipse.jetty.servlet.ServletHandler.doHandle(ServletHandler.java:548)\n\tat org.eclipse.jetty.server.handler.ScopedHandler.nextHandle(ScopedHandler.java:233)\n\tat org.eclipse.jetty.server.session.SessionHandler.doHandle(SessionHandler.java:1624)\n\tat org.eclipse.jetty.server.handler.ScopedHandler.nextHandle(ScopedHandler.java:233)\n\tat org.eclipse.jetty.server.handler.ContextHandler.doHandle(ContextHandler.java:1434)\n\tat org.eclipse.jetty.server.handler.ScopedHandler.nextScope(ScopedHandler.java:188)\n\tat org.eclipse.jetty.servlet.ServletHandler.doScope(ServletHandler.java:501)\n\tat org.eclipse.jetty.server.session.SessionHandler.doScope(SessionHandler.java:1594)\n\tat org.eclipse.jetty.server.handler.ScopedHandler.nextScope(ScopedHandler.java:186)\n\tat org.eclipse.jetty.server.handler.ContextHandler.doScope(ContextHandler.java:1349)\n\tat org.eclipse.jetty.server.handler.ScopedHandler.handle(ScopedHandler.java:141)\n\tat org.eclipse.jetty.server.handler.HandlerWrapper.handle(HandlerWrapper.java:127)\n\tat com.codahale.metrics.jetty9.InstrumentedHandler.handle(InstrumentedHandler.java:313)\n\tat io.dropwizard.jetty.ContextRoutingHandler.handle(ContextRoutingHandler.java:37)\n\tat org.eclipse.jetty.server.handler.gzip.GzipHandler.handle(GzipHandler.java:713)\n\tat io.dropwizard.jetty.BiDiGzipHandler.handle(BiDiGzipHandler.java:67)\n\tat org.eclipse.jetty.server.handler.StatisticsHandler.handle(StatisticsHandler.java:179)\n\tat org.eclipse.jetty.server.handler.HandlerWrapper.handle(HandlerWrapper.java:127)\n\tat org.eclipse.jetty.server.Server.handle(Server.java:516)\n\tat org.eclipse.jetty.server.HttpChannel.lambda$handle$1(HttpChannel.java:400)\n\tat org.eclipse.jetty.server.HttpChannel.dispatch(HttpChannel.java:645)\n\tat org.eclipse.jetty.server.HttpChannel.handle(HttpChannel.java:392)\n\tat org.eclipse.jetty.server.HttpConnection.onFillable(HttpConnection.java:277)\n\tat org.eclipse.jetty.io.AbstractConnection$ReadCallback.succeeded(AbstractConnection.java:311)\n\tat org.eclipse.jetty.io.FillInterest.fillable(FillInterest.java:105)\n\tat org.eclipse.jetty.io.ChannelEndPoint$1.run(ChannelEndPoint.java:104)\n\tat org.eclipse.jetty.util.thread.strategy.EatWhatYouKill.runTask(EatWhatYouKill.java:338)\n\tat org.eclipse.jetty.util.thread.strategy.EatWhatYouKill.doProduce(EatWhatYouKill.java:315)\n\tat org.eclipse.jetty.util.thread.strategy.EatWhatYouKill.tryProduce(EatWhatYouKill.java:173)\n\tat org.eclipse.jetty.util.thread.strategy.EatWhatYouKill.run(EatWhatYouKill.java:131)\n\tat org.eclipse.jetty.util.thread.ReservedThreadExecutor$ReservedThread.run(ReservedThreadExecutor.java:409)\n\tat org.eclipse.jetty.util.thread.QueuedThreadPool.runJob(QueuedThreadPool.java:883)\n\tat org.eclipse.jetty.util.thread.QueuedThreadPool$Runner.run(QueuedThreadPool.java:1034)\n\tat java.base/java.lang.Thread.run(Thread.java:829)\nCaused by: net.snowflake.client.jdbc.SnowflakeSQLException: SQL compilation error: error line 1 at position 7\nInvalid argument types for function 'IFF': (VARCHAR(5), NUMBER(1,0), NUMBER(1,0))\n\tat net.snowflake.client.jdbc.SnowflakeUtil.checkErrorAndThrowExceptionSub(SnowflakeUtil.java:127)\n\tat net.snowflake.client.jdbc.SnowflakeUtil.checkErrorAndThrowException(SnowflakeUtil.java:67)\n\tat net.snowflake.client.core.StmtUtil.pollForOutput(StmtUtil.java:442)\n\tat net.snowflake.client.core.StmtUtil.execute(StmtUtil.java:345)\n\tat net.snowflake.client.core.SFStatement.executeHelper(SFStatement.java:486)\n\tat net.snowflake.client.core.SFStatement.executeQueryInternal(SFStatement.java:197)\n\tat net.snowflake.client.core.SFStatement.executeQuery(SFStatement.java:134)\n\tat net.snowflake.client.core.SFStatement.execute(SFStatement.java:743)\n\tat net.snowflake.client.core.SFStatement.execute(SFStatement.java:639)\n\tat net.snowflake.client.jdbc.SnowflakeStatementV1.executeQueryInternal(SnowflakeStatementV1.java:238)\n\tat net.snowflake.client.jdbc.SnowflakeStatementV1.executeQuery(SnowflakeStatementV1.java:133)\n\tat com.zaxxer.hikari.pool.ProxyStatement.executeQuery(ProxyStatement.java:110)\n\tat com.zaxxer.hikari.pool.HikariProxyStatement.executeQuery(HikariProxyStatement.java)\n\tat org.finos.legend.engine.plan.execution.stores.relational.result.SQLExecutionResult.<init>(SQLExecutionResult.java:95)\n\t... 101 more\n"},"mode":"DEV","timeStamp":"2023-02-23 01:31:04.282","user":"_UNKNOWN_"}
| **dynaFunctions::sqlFalse::testSqlFalse** | failing :x: |
]]></system-out>
  </testcase>
  <testcase name="testIsNull[Snowflake]" classname="org.finos.legend.engine.server.test.shared.Relational_DbSpecific_UsingPureClientTestSuite$2" time="0.134"/>
  <testcase name="testSqlTrue[Snowflake]" classname="org.finos.legend.engine.server.test.shared.Relational_DbSpecific_UsingPureClientTestSuite$2" time="0.143">
    <error message="Assert failure at (resource:/platform/pure/basics/tests/assertEq.pure line:34 column:5), &quot;500 &apos;{&quot;code&quot;:-1,&quot;message&quot;:&quot;SnowflakeSQLException: SQL compilation error: error line 1 at position 7&#10;Invalid argument types for function &apos;IFF&apos;: (VARCHAR(4), NUMBER(1,0), NUMBER(1,0))&quot;,&quot;status&quot;:&quot;error&quot;,&quot;trace&quot;:&quot;java.lang.RuntimeException: net.snowflake.client.jdbc.SnowflakeSQLException: SQL compilation error: error line 1 at position 7&#10;Invalid argument types for function &apos;IFF&apos;: (VARCHAR(4), NUMBER(1,0), NUMBER(1,0))&#10;at org.finos.legend.engine.plan.execution.stores.relational.result.SQLExecutionResult.&lt;init&gt;(SQLExecutionResult.java:123)&#10;at org.finos.legend.engine.plan.execution.stores.relational.RelationalExecutor.execute(RelationalExecutor.java:241)&#10;at org.finos.legend.engine.plan.execution.stores.relational.plugin.RelationalExecutionNodeExecutor.visit(RelationalExecutionNodeExecutor.java:238)&#10;at org.finos.legend.engine.plan.execution.stores.relational.plugin.RelationalExecutionNodeExecutor.visit(RelationalExecutionNodeExecutor.java:346)&#10;at org.finos.legend.engine.plan.execution.stores.relational.plugin.RelationalExecutionNodeExecutor.visit(RelationalExecutionNodeExecutor.java:92)&#10;at org.finos.legend.engine.protocol.pure.v1.model.executionPlan.nodes.RelationalDataTypeInstantiationExecutionNode.accept(RelationalDataTypeInstantiationExecutionNode.java:22)&#10;at org.finos.legend.engine.plan.execution.stores.relational.RelationalExecutionExtension.lambda$getExtraNodeExecutors$fbe53481$1(RelationalExecutionExtension.java:50)&#10;at org.finos.legend.engine.plan.execution.nodes.ExecutionNodeExecutor.lambda$visit$0(ExecutionNodeExecutor.java:164)&#10;at java.base/java.util.stream.ReferencePipeline$3$1.accept(ReferencePipeline.java:195)&#10;at java.base/java.util.Spliterators$ArraySpliterator.tryAdvance(Spliterators.java:958)&#10;at java.base/java.util.stream.ReferencePipeline.forEachWithCancel(ReferencePipeline.java:127)&#10;at java.base/java.util.stream.AbstractPipeline.copyIntoWithCancel(AbstractPipeline.java:502)&#10;at java.base/java.util.stream.AbstractPipeline.copyInto(AbstractPipeline.java:488)&#10;at java.base/java.util.stream.AbstractPipeline.wrapAndCopyInto(AbstractPipeline.java:474)&#10;at java.base/java.util.stream.FindOps$FindOp.evaluateSequential(FindOps.java:150)&#10;at java.base/java.util.stream.AbstractPipeline.evaluate(AbstractPipeline.java:234)&#10;at java.base/java.util.stream.ReferencePipeline.findFirst(ReferencePipeline.java:543)&#10;at org.finos.legend.engine.plan.execution.nodes.ExecutionNodeExecutor.visit(ExecutionNodeExecutor.java:164)&#10;at org.finos.legend.engine.plan.execution.nodes.ExecutionNodeExecutor.visit(ExecutionNodeExecutor.java:107)&#10;at org.finos.legend.engine.protocol.pure.v1.model.executionPlan.nodes.RelationalDataTypeInstantiationExecutionNode.accept(RelationalDataTypeInstantiationExecutionNode.java:22)&#10;at org.finos.legend.engine.plan.execution.PlanExecutor.execute(PlanExecutor.java:238)&#10;at org.finos.legend.engine.plan.execution.PlanExecutor.execute(PlanExecutor.java:225)&#10;at org.finos.legend.engine.plan.execution.api.ExecutePlan.doExecutePlanLegacy(ExecutePlan.java:102)&#10;at org.finos.legend.engine.plan.execution.api.ExecutePlan.doExecutePlan(ExecutePlan.java:84)&#10;at org.finos.legend.engine.plan.execution.api.ExecutePlanLegacy.executePlan(ExecutePlanLegacy.java:56)&#10;at jdk.internal.reflect.GeneratedMethodAccessor100.invoke(Unknown Source)&#10;at java.base/jdk.internal.reflect.DelegatingMethodAccessorImpl.invoke(DelegatingMethodAccessorImpl.java:43)&#10;at java.base/java.lang.reflect.Method.invoke(Method.java:566)&#10;at org.glassfish.jersey.server.model.internal.ResourceMethodInvocationHandlerFactory$1.invoke(ResourceMethodInvocationHandlerFactory.java:81)&#10;at org.glassfish.jersey.server.model.internal.AbstractJavaResourceMethodDispatcher$1.run(AbstractJavaResourceMethodDispatcher.java:144)&#10;at org.glassfish.jersey.server.model.internal.AbstractJavaResourceMethodDispatcher.invoke(AbstractJavaResourceMethodDispatcher.java:161)&#10;at org.glassfish.jersey.server.model.internal.JavaResourceMethodDispatcherProvider$ResponseOutInvoker.doDispatch(JavaResourceMethodDispatcherProvider.java:160)&#10;at org.glassfish.jersey.server.model.internal.AbstractJavaResourceMethodDispatcher.dispatch(AbstractJavaResourceMethodDispatcher.java:99)&#10;at org.glassfish.jersey.server.model.ResourceMethodInvoker.invoke(ResourceMethodInvoker.java:389)&#10;at org.glassfish.jersey.server.model.ResourceMethodInvoker.apply(ResourceMethodInvoker.java:347)&#10;at org.glassfish.jersey.server.model.ResourceMethodInvoker.apply(ResourceMethodInvoker.java:102)&#10;at org.glassfish.jersey.server.ServerRuntime$2.run(ServerRuntime.java:326)&#10;at org.glassfish.jersey.internal.Errors$1.call(Errors.java:271)&#10;at org.glassfish.jersey.internal.Errors$1.call(Errors.java:267)&#10;at org.glassfish.jersey.internal.Errors.process(Errors.java:315)&#10;at org.glassfish.jersey.internal.Errors.process(Errors.java:297)&#10;at org.glassfish.jersey.internal.Errors.process(Errors.java:267)&#10;at org.glassfish.jersey.process.internal.RequestScope.runInScope(RequestScope.java:317)&#10;at org.glassfish.jersey.server.ServerRuntime.process(ServerRuntime.java:305)&#10;at org.glassfish.jersey.server.ApplicationHandler.handle(ApplicationHandler.java:1154)&#10;at org.glassfish.jersey.servlet.WebComponent.serviceImpl(WebComponent.java:473)&#10;at org.glassfish.jersey.servlet.WebComponent.service(WebComponent.java:427)&#10;at org.glassfish.jersey.servlet.ServletContainer.service(ServletContainer.java:388)&#10;at org.glassfish.jersey.servlet.ServletContainer.service(ServletContainer.java:341)&#10;at org.glassfish.jersey.servlet.ServletContainer.service(ServletContainer.java:228)&#10;at org.eclipse.jetty.servlet.ServletHolder.handle(ServletHolder.java:799)&#10;at org.eclipse.jetty.servlet.ServletHandler$ChainEnd.doFilter(ServletHandler.java:1631)&#10;at io.dropwizard.servlets.ThreadNameFilter.doFilter(ThreadNameFilter.java:35)&#10;at org.eclipse.jetty.servlet.FilterHolder.doFilter(FilterHolder.java:193)&#10;at org.eclipse.jetty.servlet.ServletHandler$Chain.doFilter(ServletHandler.java:1601)&#10;at io.dropwizard.jersey.filter.AllowedMethodsFilter.handle(AllowedMethodsFilter.java:45)&#10;at io.dropwizard.jersey.filter.AllowedMethodsFilter.doFilter(AllowedMethodsFilter.java:39)&#10;at org.eclipse.jetty.servlet.FilterHolder.doFilter(FilterHolder.java:193)&#10;at org.eclipse.jetty.servlet.ServletHandler$Chain.doFilter(ServletHandler.java:1601)&#10;at org.finos.legend.server.pac4j.internal.UsernameFilter.doFilter(UsernameFilter.java:51)&#10;at org.eclipse.jetty.servlet.FilterHolder.doFilter(FilterHolder.java:193)&#10;at org.eclipse.jetty.servlet.ServletHandler$Chain.doFilter(ServletHandler.java:1601)&#10;at org.pac4j.j2e.filter.SecurityFilter.lambda$internalFilter$0(SecurityFilter.java:95)&#10;at org.pac4j.core.engine.DefaultSecurityLogic.perform(DefaultSecurityLogic.java:140)&#10;at org.pac4j.j2e.filter.SecurityFilter.internalFilter(SecurityFilter.java:93)&#10;at org.pac4j.j2e.filter.AbstractConfigFilter.doFilter(AbstractConfigFilter.java:81)&#10;at org.eclipse.jetty.servlet.FilterHolder.doFilter(FilterHolder.java:193)&#10;at org.eclipse.jetty.servlet.ServletHandler$Chain.doFilter(ServletHandler.java:1601)&#10;at org.eclipse.jetty.servlet.ServletHandler.doHandle(ServletHandler.java:548)&#10;at org.eclipse.jetty.server.handler.ScopedHandler.nextHandle(ScopedHandler.java:233)&#10;at org.eclipse.jetty.server.session.SessionHandler.doHandle(SessionHandler.java:1624)&#10;at org.eclipse.jetty.server.handler.ScopedHandler.nextHandle(ScopedHandler.java:233)&#10;at org.eclipse.jetty.server.handler.ContextHandler.doHandle(ContextHandler.java:1434)&#10;at org.eclipse.jetty.server.handler.ScopedHandler.nextScope(ScopedHandler.java:188)&#10;at org.eclipse.jetty.servlet.ServletHandler.doScope(ServletHandler.java:501)&#10;at org.eclipse.jetty.server.session.SessionHandler.doScope(SessionHandler.java:1594)&#10;at org.eclipse.jetty.server.handler.ScopedHandler.nextScope(ScopedHandler.java:186)&#10;at org.eclipse.jetty.server.handler.ContextHandler.doScope(ContextHandler.java:1349)&#10;at org.eclipse.jetty.server.handler.ScopedHandler.handle(ScopedHandler.java:141)&#10;at org.eclipse.jetty.server.handler.HandlerWrapper.handle(HandlerWrapper.java:127)&#10;at com.codahale.metrics.jetty9.InstrumentedHandler.handle(InstrumentedHandler.java:313)&#10;at io.dropwizard.jetty.ContextRoutingHandler.handle(ContextRoutingHandler.java:37)&#10;at org.eclipse.jetty.server.handler.gzip.GzipHandler.handle(GzipHandler.java:713)&#10;at io.dropwizard.jetty.BiDiGzipHandler.handle(BiDiGzipHandler.java:67)&#10;at org.eclipse.jetty.server.handler.StatisticsHandler.handle(StatisticsHandler.java:179)&#10;at org.eclipse.jetty.server.handler.HandlerWrapper.handle(HandlerWrapper.java:127)&#10;at org.eclipse.jetty.server.Server.handle(Server.java:516)&#10;at org.eclipse.jetty.server.HttpChannel.lambda$handle$1(HttpChannel.java:400)&#10;at org.eclipse.jetty.server.HttpChannel.dispatch(HttpChannel.java:645)&#10;at org.eclipse.jetty.server.HttpChannel.handle(HttpChannel.java:392)&#10;at org.eclipse.jetty.server.HttpConnection.onFillable(HttpConnection.java:277)&#10;at org.eclipse.jetty.io.AbstractConnection$ReadCallback.succeeded(AbstractConnection.java:311)&#10;at org.eclipse.jetty.io.FillInterest.fillable(FillInterest.java:105)&#10;at org.eclipse.jetty.io.ChannelEndPoint$1.run(ChannelEndPoint.java:104)&#10;at org.eclipse.jetty.util.thread.strategy.EatWhatYouKill.runTask(EatWhatYouKill.java:338)&#10;at org.eclipse.jetty.util.thread.strategy.EatWhatYouKill.doProduce(EatWhatYouKill.java:315)&#10;at org.eclipse.jetty.util.thread.strategy.EatWhatYouKill.tryProduce(EatWhatYouKill.java:173)&#10;at org.eclipse.jetty.util.thread.strategy.EatWhatYouKill.run(EatWhatYouKill.java:131)&#10;at org.eclipse.jetty.util.thread.ReservedThreadExecutor$ReservedThread.run(ReservedThreadExecutor.java:409)&#10;at org.eclipse.jetty.util.thread.QueuedThreadPool.runJob(QueuedThreadPool.java:883)&#10;at org.eclipse.jetty.util.thread.QueuedThreadPool$Runner.run(QueuedThreadPool.java:1034)&#10;at java.base/java.lang.Thread.run(Thread.java:829)&#10;Caused by: net.snowflake.client.jdbc.SnowflakeSQLException: SQL compilation error: error line 1 at position 7&#10;Invalid argument types for function &apos;IFF&apos;: (VARCHAR(4), NUMBER(1,0), NUMBER(1,0))&#10;at net.snowflake.client.jdbc.SnowflakeUtil.checkErrorAndThrowExceptionSub(SnowflakeUtil.java:127)&#10;at net.snowflake.client.jdbc.SnowflakeUtil.checkErrorAndThrowException(SnowflakeUtil.java:67)&#10;at net.snowflake.client.core.StmtUtil.pollForOutput(StmtUtil.java:442)&#10;at net.snowflake.client.core.StmtUtil.execute(StmtUtil.java:345)&#10;at net.snowflake.client.core.SFStatement.executeHelper(SFStatement.java:486)&#10;at net.snowflake.client.core.SFStatement.executeQueryInternal(SFStatement.java:197)&#10;at net.snowflake.client.core.SFStatement.executeQuery(SFStatement.java:134)&#10;at net.snowflake.client.core.SFStatement.execute(SFStatement.java:743)&#10;at net.snowflake.client.core.SFStatement.execute(SFStatement.java:639)&#10;at net.snowflake.client.jdbc.SnowflakeStatementV1.executeQueryInternal(SnowflakeStatementV1.java:238)&#10;at net.snowflake.client.jdbc.SnowflakeStatementV1.executeQuery(SnowflakeStatementV1.java:133)&#10;at com.zaxxer.hikari.pool.ProxyStatement.executeQuery(ProxyStatement.java:110)&#10;at com.zaxxer.hikari.pool.HikariProxyStatement.executeQuery(HikariProxyStatement.java)&#10;at org.finos.legend.engine.plan.execution.stores.relational.result.SQLExecutionResult.&lt;init&gt;(SQLExecutionResult.java:95)&#10;... 101 more&#10;&quot;}&apos;&quot;" type="Assert failure at (resource"><![CDATA[Assert failure at (resource:/platform/pure/basics/tests/assertEq.pure line:34 column:5), "500 '{"code":-1,"message":"SnowflakeSQLException: SQL compilation error: error line 1 at position 7
Invalid argument types for function 'IFF': (VARCHAR(4), NUMBER(1,0), NUMBER(1,0))","status":"error","trace":"java.lang.RuntimeException: net.snowflake.client.jdbc.SnowflakeSQLException: SQL compilation error: error line 1 at position 7
Invalid argument types for function 'IFF': (VARCHAR(4), NUMBER(1,0), NUMBER(1,0))
at org.finos.legend.engine.plan.execution.stores.relational.result.SQLExecutionResult.<init>(SQLExecutionResult.java:123)
at org.finos.legend.engine.plan.execution.stores.relational.RelationalExecutor.execute(RelationalExecutor.java:241)
at org.finos.legend.engine.plan.execution.stores.relational.plugin.RelationalExecutionNodeExecutor.visit(RelationalExecutionNodeExecutor.java:238)
at org.finos.legend.engine.plan.execution.stores.relational.plugin.RelationalExecutionNodeExecutor.visit(RelationalExecutionNodeExecutor.java:346)
at org.finos.legend.engine.plan.execution.stores.relational.plugin.RelationalExecutionNodeExecutor.visit(RelationalExecutionNodeExecutor.java:92)
at org.finos.legend.engine.protocol.pure.v1.model.executionPlan.nodes.RelationalDataTypeInstantiationExecutionNode.accept(RelationalDataTypeInstantiationExecutionNode.java:22)
at org.finos.legend.engine.plan.execution.stores.relational.RelationalExecutionExtension.lambda$getExtraNodeExecutors$fbe53481$1(RelationalExecutionExtension.java:50)
at org.finos.legend.engine.plan.execution.nodes.ExecutionNodeExecutor.lambda$visit$0(ExecutionNodeExecutor.java:164)
at java.base/java.util.stream.ReferencePipeline$3$1.accept(ReferencePipeline.java:195)
at java.base/java.util.Spliterators$ArraySpliterator.tryAdvance(Spliterators.java:958)
at java.base/java.util.stream.ReferencePipeline.forEachWithCancel(ReferencePipeline.java:127)
at java.base/java.util.stream.AbstractPipeline.copyIntoWithCancel(AbstractPipeline.java:502)
at java.base/java.util.stream.AbstractPipeline.copyInto(AbstractPipeline.java:488)
at java.base/java.util.stream.AbstractPipeline.wrapAndCopyInto(AbstractPipeline.java:474)
at java.base/java.util.stream.FindOps$FindOp.evaluateSequential(FindOps.java:150)
at java.base/java.util.stream.AbstractPipeline.evaluate(AbstractPipeline.java:234)
at java.base/java.util.stream.ReferencePipeline.findFirst(ReferencePipeline.java:543)
at org.finos.legend.engine.plan.execution.nodes.ExecutionNodeExecutor.visit(ExecutionNodeExecutor.java:164)
at org.finos.legend.engine.plan.execution.nodes.ExecutionNodeExecutor.visit(ExecutionNodeExecutor.java:107)
at org.finos.legend.engine.protocol.pure.v1.model.executionPlan.nodes.RelationalDataTypeInstantiationExecutionNode.accept(RelationalDataTypeInstantiationExecutionNode.java:22)
at org.finos.legend.engine.plan.execution.PlanExecutor.execute(PlanExecutor.java:238)
at org.finos.legend.engine.plan.execution.PlanExecutor.execute(PlanExecutor.java:225)
at org.finos.legend.engine.plan.execution.api.ExecutePlan.doExecutePlanLegacy(ExecutePlan.java:102)
at org.finos.legend.engine.plan.execution.api.ExecutePlan.doExecutePlan(ExecutePlan.java:84)
at org.finos.legend.engine.plan.execution.api.ExecutePlanLegacy.executePlan(ExecutePlanLegacy.java:56)
at jdk.internal.reflect.GeneratedMethodAccessor100.invoke(Unknown Source)
at java.base/jdk.internal.reflect.DelegatingMethodAccessorImpl.invoke(DelegatingMethodAccessorImpl.java:43)
at java.base/java.lang.reflect.Method.invoke(Method.java:566)
at org.glassfish.jersey.server.model.internal.ResourceMethodInvocationHandlerFactory$1.invoke(ResourceMethodInvocationHandlerFactory.java:81)
at org.glassfish.jersey.server.model.internal.AbstractJavaResourceMethodDispatcher$1.run(AbstractJavaResourceMethodDispatcher.java:144)
at org.glassfish.jersey.server.model.internal.AbstractJavaResourceMethodDispatcher.invoke(AbstractJavaResourceMethodDispatcher.java:161)
at org.glassfish.jersey.server.model.internal.JavaResourceMethodDispatcherProvider$ResponseOutInvoker.doDispatch(JavaResourceMethodDispatcherProvider.java:160)
at org.glassfish.jersey.server.model.internal.AbstractJavaResourceMethodDispatcher.dispatch(AbstractJavaResourceMethodDispatcher.java:99)
at org.glassfish.jersey.server.model.ResourceMethodInvoker.invoke(ResourceMethodInvoker.java:389)
at org.glassfish.jersey.server.model.ResourceMethodInvoker.apply(ResourceMethodInvoker.java:347)
at org.glassfish.jersey.server.model.ResourceMethodInvoker.apply(ResourceMethodInvoker.java:102)
at org.glassfish.jersey.server.ServerRuntime$2.run(ServerRuntime.java:326)
at org.glassfish.jersey.internal.Errors$1.call(Errors.java:271)
at org.glassfish.jersey.internal.Errors$1.call(Errors.java:267)
at org.glassfish.jersey.internal.Errors.process(Errors.java:315)
at org.glassfish.jersey.internal.Errors.process(Errors.java:297)
at org.glassfish.jersey.internal.Errors.process(Errors.java:267)
at org.glassfish.jersey.process.internal.RequestScope.runInScope(RequestScope.java:317)
at org.glassfish.jersey.server.ServerRuntime.process(ServerRuntime.java:305)
at org.glassfish.jersey.server.ApplicationHandler.handle(ApplicationHandler.java:1154)
at org.glassfish.jersey.servlet.WebComponent.serviceImpl(WebComponent.java:473)
at org.glassfish.jersey.servlet.WebComponent.service(WebComponent.java:427)
at org.glassfish.jersey.servlet.ServletContainer.service(ServletContainer.java:388)
at org.glassfish.jersey.servlet.ServletContainer.service(ServletContainer.java:341)
at org.glassfish.jersey.servlet.ServletContainer.service(ServletContainer.java:228)
at org.eclipse.jetty.servlet.ServletHolder.handle(ServletHolder.java:799)
at org.eclipse.jetty.servlet.ServletHandler$ChainEnd.doFilter(ServletHandler.java:1631)
at io.dropwizard.servlets.ThreadNameFilter.doFilter(ThreadNameFilter.java:35)
at org.eclipse.jetty.servlet.FilterHolder.doFilter(FilterHolder.java:193)
at org.eclipse.jetty.servlet.ServletHandler$Chain.doFilter(ServletHandler.java:1601)
at io.dropwizard.jersey.filter.AllowedMethodsFilter.handle(AllowedMethodsFilter.java:45)
at io.dropwizard.jersey.filter.AllowedMethodsFilter.doFilter(AllowedMethodsFilter.java:39)
at org.eclipse.jetty.servlet.FilterHolder.doFilter(FilterHolder.java:193)
at org.eclipse.jetty.servlet.ServletHandler$Chain.doFilter(ServletHandler.java:1601)
at org.finos.legend.server.pac4j.internal.UsernameFilter.doFilter(UsernameFilter.java:51)
at org.eclipse.jetty.servlet.FilterHolder.doFilter(FilterHolder.java:193)
at org.eclipse.jetty.servlet.ServletHandler$Chain.doFilter(ServletHandler.java:1601)
at org.pac4j.j2e.filter.SecurityFilter.lambda$internalFilter$0(SecurityFilter.java:95)
at org.pac4j.core.engine.DefaultSecurityLogic.perform(DefaultSecurityLogic.java:140)
at org.pac4j.j2e.filter.SecurityFilter.internalFilter(SecurityFilter.java:93)
at org.pac4j.j2e.filter.AbstractConfigFilter.doFilter(AbstractConfigFilter.java:81)
at org.eclipse.jetty.servlet.FilterHolder.doFilter(FilterHolder.java:193)
at org.eclipse.jetty.servlet.ServletHandler$Chain.doFilter(ServletHandler.java:1601)
at org.eclipse.jetty.servlet.ServletHandler.doHandle(ServletHandler.java:548)
at org.eclipse.jetty.server.handler.ScopedHandler.nextHandle(ScopedHandler.java:233)
at org.eclipse.jetty.server.session.SessionHandler.doHandle(SessionHandler.java:1624)
at org.eclipse.jetty.server.handler.ScopedHandler.nextHandle(ScopedHandler.java:233)
at org.eclipse.jetty.server.handler.ContextHandler.doHandle(ContextHandler.java:1434)
at org.eclipse.jetty.server.handler.ScopedHandler.nextScope(ScopedHandler.java:188)
at org.eclipse.jetty.servlet.ServletHandler.doScope(ServletHandler.java:501)
at org.eclipse.jetty.server.session.SessionHandler.doScope(SessionHandler.java:1594)
at org.eclipse.jetty.server.handler.ScopedHandler.nextScope(ScopedHandler.java:186)
at org.eclipse.jetty.server.handler.ContextHandler.doScope(ContextHandler.java:1349)
at org.eclipse.jetty.server.handler.ScopedHandler.handle(ScopedHandler.java:141)
at org.eclipse.jetty.server.handler.HandlerWrapper.handle(HandlerWrapper.java:127)
at com.codahale.metrics.jetty9.InstrumentedHandler.handle(InstrumentedHandler.java:313)
at io.dropwizard.jetty.ContextRoutingHandler.handle(ContextRoutingHandler.java:37)
at org.eclipse.jetty.server.handler.gzip.GzipHandler.handle(GzipHandler.java:713)
at io.dropwizard.jetty.BiDiGzipHandler.handle(BiDiGzipHandler.java:67)
at org.eclipse.jetty.server.handler.StatisticsHandler.handle(StatisticsHandler.java:179)
at org.eclipse.jetty.server.handler.HandlerWrapper.handle(HandlerWrapper.java:127)
at org.eclipse.jetty.server.Server.handle(Server.java:516)
at org.eclipse.jetty.server.HttpChannel.lambda$handle$1(HttpChannel.java:400)
at org.eclipse.jetty.server.HttpChannel.dispatch(HttpChannel.java:645)
at org.eclipse.jetty.server.HttpChannel.handle(HttpChannel.java:392)
at org.eclipse.jetty.server.HttpConnection.onFillable(HttpConnection.java:277)
at org.eclipse.jetty.io.AbstractConnection$ReadCallback.succeeded(AbstractConnection.java:311)
at org.eclipse.jetty.io.FillInterest.fillable(FillInterest.java:105)
at org.eclipse.jetty.io.ChannelEndPoint$1.run(ChannelEndPoint.java:104)
at org.eclipse.jetty.util.thread.strategy.EatWhatYouKill.runTask(EatWhatYouKill.java:338)
at org.eclipse.jetty.util.thread.strategy.EatWhatYouKill.doProduce(EatWhatYouKill.java:315)
at org.eclipse.jetty.util.thread.strategy.EatWhatYouKill.tryProduce(EatWhatYouKill.java:173)
at org.eclipse.jetty.util.thread.strategy.EatWhatYouKill.run(EatWhatYouKill.java:131)
at org.eclipse.jetty.util.thread.ReservedThreadExecutor$ReservedThread.run(ReservedThreadExecutor.java:409)
at org.eclipse.jetty.util.thread.QueuedThreadPool.runJob(QueuedThreadPool.java:883)
at org.eclipse.jetty.util.thread.QueuedThreadPool$Runner.run(QueuedThreadPool.java:1034)
at java.base/java.lang.Thread.run(Thread.java:829)
Caused by: net.snowflake.client.jdbc.SnowflakeSQLException: SQL compilation error: error line 1 at position 7
Invalid argument types for function 'IFF': (VARCHAR(4), NUMBER(1,0), NUMBER(1,0))
at net.snowflake.client.jdbc.SnowflakeUtil.checkErrorAndThrowExceptionSub(SnowflakeUtil.java:127)
at net.snowflake.client.jdbc.SnowflakeUtil.checkErrorAndThrowException(SnowflakeUtil.java:67)
at net.snowflake.client.core.StmtUtil.pollForOutput(StmtUtil.java:442)
at net.snowflake.client.core.StmtUtil.execute(StmtUtil.java:345)
at net.snowflake.client.core.SFStatement.executeHelper(SFStatement.java:486)
at net.snowflake.client.core.SFStatement.executeQueryInternal(SFStatement.java:197)
at net.snowflake.client.core.SFStatement.executeQuery(SFStatement.java:134)
at net.snowflake.client.core.SFStatement.execute(SFStatement.java:743)
at net.snowflake.client.core.SFStatement.execute(SFStatement.java:639)
at net.snowflake.client.jdbc.SnowflakeStatementV1.executeQueryInternal(SnowflakeStatementV1.java:238)
at net.snowflake.client.jdbc.SnowflakeStatementV1.executeQuery(SnowflakeStatementV1.java:133)
at com.zaxxer.hikari.pool.ProxyStatement.executeQuery(ProxyStatement.java:110)
at com.zaxxer.hikari.pool.HikariProxyStatement.executeQuery(HikariProxyStatement.java)
at org.finos.legend.engine.plan.execution.stores.relational.result.SQLExecutionResult.<init>(SQLExecutionResult.java:95)
... 101 more
"}'"
	at org.finos.legend.pure.runtime.java.compiled.generation.processors.support.CompiledSupport.pureAssert(CompiledSupport.java:1994)
	at org.finos.legend.pure.generated.platform_pure_basics_tests_assertEq.Root_meta_pure_functions_asserts_assertEq_Any_1__Any_1__Function_1__Boolean_1_(platform_pure_basics_tests_assertEq.java:44)
	at org.finos.legend.pure.generated.core_pure_protocol_vX_X_X_invocations_execution.Root_meta_protocols_pure_vX_X_X_invocation_execution_execute_executePlan_String_1__String_1__Integer_1__String_1_(core_pure_protocol_vX_X_X_invocations_execution.java:751)
	at org.finos.legend.pure.generated.core_pure_protocol_vX_X_X_invocations_execution.Root_meta_protocols_pure_vX_X_X_invocation_execution_execute_executePlan_ExecutionPlan_1__String_1__Integer_1__Extension_MANY__String_1_(core_pure_protocol_vX_X_X_invocations_execution.java:745)
	at org.finos.legend.pure.generated.core_pure_protocol_vX_X_X_invocations_execution.Root_meta_protocols_pure_vX_X_X_invocation_execution_execute_executePlan_ExecutionPlan_1__ExecutionContext_$0_1$__String_1__Integer_1__Extension_MANY__Result_1_(core_pure_protocol_vX_X_X_invocations_execution.java:738)
	at jdk.internal.reflect.GeneratedMethodAccessor96.invoke(Unknown Source)
	at java.base/jdk.internal.reflect.DelegatingMethodAccessorImpl.invoke(DelegatingMethodAccessorImpl.java:43)
	at java.base/java.lang.reflect.Method.invoke(Method.java:566)
	at org.finos.legend.pure.runtime.java.compiled.metadata.JavaMethodWithParamsSharedPureFunction.execute(JavaMethodWithParamsSharedPureFunction.java:59)
	at org.finos.legend.pure.runtime.java.compiled.generation.processors.support.Pure._evaluateToMany(Pure.java:546)
	at org.finos.legend.pure.generated.CoreGen.evaluateToMany(CoreGen.java:147)
	at org.finos.legend.pure.generated.CoreGen.evaluateToMany(CoreGen.java:134)
	at org.finos.legend.pure.generated.core_pure_router_router_entry$9$1.value(core_pure_router_router_entry.java:318)
	at org.finos.legend.pure.generated.core_pure_router_router_entry$9$1.execute(core_pure_router_router_entry.java:311)
	at org.finos.legend.pure.generated.core_pure_router_router_entry$9$1.execute(core_pure_router_router_entry.java:307)
	at org.finos.legend.pure.runtime.java.compiled.generation.processors.support.Pure.evaluate(Pure.java:485)
	at org.finos.legend.pure.runtime.java.compiled.generation.processors.support.Pure.legendTest(Pure.java:216)
	at org.finos.legend.pure.generated.CoreGen.legendTest(CoreGen.java:61)
	at org.finos.legend.pure.generated.core_pure_router_router_entry$9.valueOf(core_pure_router_router_entry.java:303)
	at org.finos.legend.pure.generated.core_pure_router_router_entry$9.execute(core_pure_router_router_entry.java:298)
	at org.finos.legend.pure.generated.core_pure_router_router_entry$9.execute(core_pure_router_router_entry.java:294)
	at org.finos.legend.pure.runtime.java.compiled.generation.processors.support.Pure.evaluate(Pure.java:485)
	at org.finos.legend.pure.runtime.java.compiled.generation.processors.support.Pure.traceSpan(Pure.java:1482)
	at org.finos.legend.pure.generated.CoreGen.traceSpan(CoreGen.java:203)
	at org.finos.legend.pure.generated.core_pure_router_router_entry.Root_meta_pure_router_executePlan_ExecutionPlan_1__ExecutionContext_1__Extension_MANY__Result_$0_1$_(core_pure_router_router_entry.java:290)
	at org.finos.legend.pure.generated.core_pure_router_router_entry.Root_meta_pure_router_executePlan_ExecutionPlan_1__Extension_MANY__Result_$0_1$_(core_pure_router_router_entry.java:285)
	at org.finos.legend.pure.generated.core_relational_relational_sqlQueryToString_dbTestRunner_testRunner$20.execute(core_relational_relational_sqlQueryToString_dbTestRunner_testRunner.java:386)
	at org.finos.legend.pure.generated.core_relational_relational_sqlQueryToString_dbTestRunner_testRunner.Root_meta_relational_dbTestRunner_runSqlQueryTest_SQLQuery_1__Literal_$1_MANY$__Pair_MANY__Function_$0_1$__DbTestConfig_1__Boolean_1_(core_relational_relational_sqlQueryToString_dbTestRunner_testRunner.java:424)
	at org.finos.legend.pure.generated.core_relational_relational_sqlQueryToString_dbTestRunner_testRunner.Root_meta_relational_dbTestRunner_runSqlQueryTest_SQLQuery_1__Literal_$1_MANY$__Function_$0_1$__DbTestConfig_1__Boolean_1_(core_relational_relational_sqlQueryToString_dbTestRunner_testRunner.java:374)
	at org.finos.legend.pure.generated.core_relational_relational_sqlQueryToString_dbTestRunner_dynaFunctionTestRunner.Root_meta_relational_dbTestRunner_runDynaFunctionDatabaseTest_DynaFunction_1__Literal_$1_MANY$__Function_$0_1$__DbTestConfig_1__Boolean_1_(core_relational_relational_sqlQueryToString_dbTestRunner_dynaFunctionTestRunner.java:64)
	at org.finos.legend.pure.generated.core_relational_relational_sqlQueryToString_dbTestRunner_dynaFunctionTestRunner.Root_meta_relational_dbTestRunner_runDynaFunctionDatabaseTest_DynaFunction_1__Literal_$1_MANY$__DbTestConfig_1__Boolean_1_(core_relational_relational_sqlQueryToString_dbTestRunner_dynaFunctionTestRunner.java:58)
	at org.finos.legend.pure.generated.core_relational_relational_sqlQueryToString_testSuite_dynaFunctions_boolean.Root_meta_relational_tests_dbSpecificTests_sqlQueryTests_dynaFunctions_sqlTrue_testSqlTrue_DbTestConfig_1__Boolean_1_(core_relational_relational_sqlQueryToString_testSuite_dynaFunctions_boolean.java:31)
	at java.base/jdk.internal.reflect.NativeMethodAccessorImpl.invoke0(Native Method)
	at java.base/jdk.internal.reflect.NativeMethodAccessorImpl.invoke(NativeMethodAccessorImpl.java:62)
	at java.base/jdk.internal.reflect.DelegatingMethodAccessorImpl.invoke(DelegatingMethodAccessorImpl.java:43)
	at java.base/java.lang.reflect.Method.invoke(Method.java:566)
	at org.finos.legend.pure.runtime.java.compiled.testHelper.PureTestBuilderCompiled.executeFn(PureTestBuilderCompiled.java:113)
	at org.finos.legend.pure.runtime.java.compiled.testHelper.PureTestBuilderCompiled.lambda$buildSuite$0(PureTestBuilderCompiled.java:79)
	at org.finos.legend.pure.m3.execution.test.PureTestBuilder$PureTestCase.runTest(PureTestBuilder.java:95)
	at junit.framework.TestCase.runBare(TestCase.java:142)
	at org.finos.legend.engine.server.test.shared.Relational_DbSpecific_UsingPureClientTestSuite$2.runTest(Relational_DbSpecific_UsingPureClientTestSuite.java:90)
	at junit.framework.TestCase.runBare(TestCase.java:142)
	at junit.framework.TestResult$1.protect(TestResult.java:122)
	at junit.framework.TestResult.runProtected(TestResult.java:142)
	at junit.framework.TestResult.run(TestResult.java:125)
	at junit.framework.TestCase.run(TestCase.java:130)
	at junit.framework.TestSuite.runTest(TestSuite.java:241)
	at junit.framework.TestSuite.run(TestSuite.java:236)
	at junit.framework.TestSuite.runTest(TestSuite.java:241)
	at junit.framework.TestSuite.run(TestSuite.java:236)
	at junit.framework.TestSuite.runTest(TestSuite.java:241)
	at junit.framework.TestSuite.run(TestSuite.java:236)
	at junit.framework.TestSuite.runTest(TestSuite.java:241)
	at junit.framework.TestSuite.run(TestSuite.java:236)
	at junit.framework.TestSuite.runTest(TestSuite.java:241)
	at junit.framework.TestSuite.run(TestSuite.java:236)
	at junit.extensions.TestDecorator.basicRun(TestDecorator.java:24)
	at junit.extensions.TestSetup$1.protect(TestSetup.java:23)
	at junit.framework.TestResult.runProtected(TestResult.java:142)
	at junit.extensions.TestSetup.run(TestSetup.java:27)
	at org.junit.internal.runners.JUnit38ClassRunner.run(JUnit38ClassRunner.java:90)
	at org.apache.maven.surefire.junit4.JUnit4Provider.execute(JUnit4Provider.java:365)
	at org.apache.maven.surefire.junit4.JUnit4Provider.executeWithRerun(JUnit4Provider.java:273)
	at org.apache.maven.surefire.junit4.JUnit4Provider.executeTestSet(JUnit4Provider.java:238)
	at org.apache.maven.surefire.junit4.JUnit4Provider.invoke(JUnit4Provider.java:159)
	at org.apache.maven.surefire.booter.ForkedBooter.invokeProviderInSameClassLoader(ForkedBooter.java:384)
	at org.apache.maven.surefire.booter.ForkedBooter.runSuitesInProcess(ForkedBooter.java:345)
	at org.apache.maven.surefire.booter.ForkedBooter.execute(ForkedBooter.java:126)
	at org.apache.maven.surefire.booter.ForkedBooter.main(ForkedBooter.java:418)
]]></error>
    <system-out><![CDATA[Running db test dynaFunctions::sqlTrue::testSqlTrue
{"duration":0.0,"eventType":"EXECUTION_PLAN_EXEC_ERROR","info":{"code":-1,"message":"SnowflakeSQLException: SQL compilation error: error line 1 at position 7\nInvalid argument types for function 'IFF': (VARCHAR(4), NUMBER(1,0), NUMBER(1,0))","status":"error","trace":"java.lang.RuntimeException: net.snowflake.client.jdbc.SnowflakeSQLException: SQL compilation error: error line 1 at position 7\nInvalid argument types for function 'IFF': (VARCHAR(4), NUMBER(1,0), NUMBER(1,0))\n\tat org.finos.legend.engine.plan.execution.stores.relational.result.SQLExecutionResult.<init>(SQLExecutionResult.java:123)\n\tat org.finos.legend.engine.plan.execution.stores.relational.RelationalExecutor.execute(RelationalExecutor.java:241)\n\tat org.finos.legend.engine.plan.execution.stores.relational.plugin.RelationalExecutionNodeExecutor.visit(RelationalExecutionNodeExecutor.java:238)\n\tat org.finos.legend.engine.plan.execution.stores.relational.plugin.RelationalExecutionNodeExecutor.visit(RelationalExecutionNodeExecutor.java:346)\n\tat org.finos.legend.engine.plan.execution.stores.relational.plugin.RelationalExecutionNodeExecutor.visit(RelationalExecutionNodeExecutor.java:92)\n\tat org.finos.legend.engine.protocol.pure.v1.model.executionPlan.nodes.RelationalDataTypeInstantiationExecutionNode.accept(RelationalDataTypeInstantiationExecutionNode.java:22)\n\tat org.finos.legend.engine.plan.execution.stores.relational.RelationalExecutionExtension.lambda$getExtraNodeExecutors$fbe53481$1(RelationalExecutionExtension.java:50)\n\tat org.finos.legend.engine.plan.execution.nodes.ExecutionNodeExecutor.lambda$visit$0(ExecutionNodeExecutor.java:164)\n\tat java.base/java.util.stream.ReferencePipeline$3$1.accept(ReferencePipeline.java:195)\n\tat java.base/java.util.Spliterators$ArraySpliterator.tryAdvance(Spliterators.java:958)\n\tat java.base/java.util.stream.ReferencePipeline.forEachWithCancel(ReferencePipeline.java:127)\n\tat java.base/java.util.stream.AbstractPipeline.copyIntoWithCancel(AbstractPipeline.java:502)\n\tat java.base/java.util.stream.AbstractPipeline.copyInto(AbstractPipeline.java:488)\n\tat java.base/java.util.stream.AbstractPipeline.wrapAndCopyInto(AbstractPipeline.java:474)\n\tat java.base/java.util.stream.FindOps$FindOp.evaluateSequential(FindOps.java:150)\n\tat java.base/java.util.stream.AbstractPipeline.evaluate(AbstractPipeline.java:234)\n\tat java.base/java.util.stream.ReferencePipeline.findFirst(ReferencePipeline.java:543)\n\tat org.finos.legend.engine.plan.execution.nodes.ExecutionNodeExecutor.visit(ExecutionNodeExecutor.java:164)\n\tat org.finos.legend.engine.plan.execution.nodes.ExecutionNodeExecutor.visit(ExecutionNodeExecutor.java:107)\n\tat org.finos.legend.engine.protocol.pure.v1.model.executionPlan.nodes.RelationalDataTypeInstantiationExecutionNode.accept(RelationalDataTypeInstantiationExecutionNode.java:22)\n\tat org.finos.legend.engine.plan.execution.PlanExecutor.execute(PlanExecutor.java:238)\n\tat org.finos.legend.engine.plan.execution.PlanExecutor.execute(PlanExecutor.java:225)\n\tat org.finos.legend.engine.plan.execution.api.ExecutePlan.doExecutePlanLegacy(ExecutePlan.java:102)\n\tat org.finos.legend.engine.plan.execution.api.ExecutePlan.doExecutePlan(ExecutePlan.java:84)\n\tat org.finos.legend.engine.plan.execution.api.ExecutePlanLegacy.executePlan(ExecutePlanLegacy.java:56)\n\tat jdk.internal.reflect.GeneratedMethodAccessor100.invoke(Unknown Source)\n\tat java.base/jdk.internal.reflect.DelegatingMethodAccessorImpl.invoke(DelegatingMethodAccessorImpl.java:43)\n\tat java.base/java.lang.reflect.Method.invoke(Method.java:566)\n\tat org.glassfish.jersey.server.model.internal.ResourceMethodInvocationHandlerFactory$1.invoke(ResourceMethodInvocationHandlerFactory.java:81)\n\tat org.glassfish.jersey.server.model.internal.AbstractJavaResourceMethodDispatcher$1.run(AbstractJavaResourceMethodDispatcher.java:144)\n\tat org.glassfish.jersey.server.model.internal.AbstractJavaResourceMethodDispatcher.invoke(AbstractJavaResourceMethodDispatcher.java:161)\n\tat org.glassfish.jersey.server.model.internal.JavaResourceMethodDispatcherProvider$ResponseOutInvoker.doDispatch(JavaResourceMethodDispatcherProvider.java:160)\n\tat org.glassfish.jersey.server.model.internal.AbstractJavaResourceMethodDispatcher.dispatch(AbstractJavaResourceMethodDispatcher.java:99)\n\tat org.glassfish.jersey.server.model.ResourceMethodInvoker.invoke(ResourceMethodInvoker.java:389)\n\tat org.glassfish.jersey.server.model.ResourceMethodInvoker.apply(ResourceMethodInvoker.java:347)\n\tat org.glassfish.jersey.server.model.ResourceMethodInvoker.apply(ResourceMethodInvoker.java:102)\n\tat org.glassfish.jersey.server.ServerRuntime$2.run(ServerRuntime.java:326)\n\tat org.glassfish.jersey.internal.Errors$1.call(Errors.java:271)\n\tat org.glassfish.jersey.internal.Errors$1.call(Errors.java:267)\n\tat org.glassfish.jersey.internal.Errors.process(Errors.java:315)\n\tat org.glassfish.jersey.internal.Errors.process(Errors.java:297)\n\tat org.glassfish.jersey.internal.Errors.process(Errors.java:267)\n\tat org.glassfish.jersey.process.internal.RequestScope.runInScope(RequestScope.java:317)\n\tat org.glassfish.jersey.server.ServerRuntime.process(ServerRuntime.java:305)\n\tat org.glassfish.jersey.server.ApplicationHandler.handle(ApplicationHandler.java:1154)\n\tat org.glassfish.jersey.servlet.WebComponent.serviceImpl(WebComponent.java:473)\n\tat org.glassfish.jersey.servlet.WebComponent.service(WebComponent.java:427)\n\tat org.glassfish.jersey.servlet.ServletContainer.service(ServletContainer.java:388)\n\tat org.glassfish.jersey.servlet.ServletContainer.service(ServletContainer.java:341)\n\tat org.glassfish.jersey.servlet.ServletContainer.service(ServletContainer.java:228)\n\tat org.eclipse.jetty.servlet.ServletHolder.handle(ServletHolder.java:799)\n\tat org.eclipse.jetty.servlet.ServletHandler$ChainEnd.doFilter(ServletHandler.java:1631)\n\tat io.dropwizard.servlets.ThreadNameFilter.doFilter(ThreadNameFilter.java:35)\n\tat org.eclipse.jetty.servlet.FilterHolder.doFilter(FilterHolder.java:193)\n\tat org.eclipse.jetty.servlet.ServletHandler$Chain.doFilter(ServletHandler.java:1601)\n\tat io.dropwizard.jersey.filter.AllowedMethodsFilter.handle(AllowedMethodsFilter.java:45)\n\tat io.dropwizard.jersey.filter.AllowedMethodsFilter.doFilter(AllowedMethodsFilter.java:39)\n\tat org.eclipse.jetty.servlet.FilterHolder.doFilter(FilterHolder.java:193)\n\tat org.eclipse.jetty.servlet.ServletHandler$Chain.doFilter(ServletHandler.java:1601)\n\tat org.finos.legend.server.pac4j.internal.UsernameFilter.doFilter(UsernameFilter.java:51)\n\tat org.eclipse.jetty.servlet.FilterHolder.doFilter(FilterHolder.java:193)\n\tat org.eclipse.jetty.servlet.ServletHandler$Chain.doFilter(ServletHandler.java:1601)\n\tat org.pac4j.j2e.filter.SecurityFilter.lambda$internalFilter$0(SecurityFilter.java:95)\n\tat org.pac4j.core.engine.DefaultSecurityLogic.perform(DefaultSecurityLogic.java:140)\n\tat org.pac4j.j2e.filter.SecurityFilter.internalFilter(SecurityFilter.java:93)\n\tat org.pac4j.j2e.filter.AbstractConfigFilter.doFilter(AbstractConfigFilter.java:81)\n\tat org.eclipse.jetty.servlet.FilterHolder.doFilter(FilterHolder.java:193)\n\tat org.eclipse.jetty.servlet.ServletHandler$Chain.doFilter(ServletHandler.java:1601)\n\tat org.eclipse.jetty.servlet.ServletHandler.doHandle(ServletHandler.java:548)\n\tat org.eclipse.jetty.server.handler.ScopedHandler.nextHandle(ScopedHandler.java:233)\n\tat org.eclipse.jetty.server.session.SessionHandler.doHandle(SessionHandler.java:1624)\n\tat org.eclipse.jetty.server.handler.ScopedHandler.nextHandle(ScopedHandler.java:233)\n\tat org.eclipse.jetty.server.handler.ContextHandler.doHandle(ContextHandler.java:1434)\n\tat org.eclipse.jetty.server.handler.ScopedHandler.nextScope(ScopedHandler.java:188)\n\tat org.eclipse.jetty.servlet.ServletHandler.doScope(ServletHandler.java:501)\n\tat org.eclipse.jetty.server.session.SessionHandler.doScope(SessionHandler.java:1594)\n\tat org.eclipse.jetty.server.handler.ScopedHandler.nextScope(ScopedHandler.java:186)\n\tat org.eclipse.jetty.server.handler.ContextHandler.doScope(ContextHandler.java:1349)\n\tat org.eclipse.jetty.server.handler.ScopedHandler.handle(ScopedHandler.java:141)\n\tat org.eclipse.jetty.server.handler.HandlerWrapper.handle(HandlerWrapper.java:127)\n\tat com.codahale.metrics.jetty9.InstrumentedHandler.handle(InstrumentedHandler.java:313)\n\tat io.dropwizard.jetty.ContextRoutingHandler.handle(ContextRoutingHandler.java:37)\n\tat org.eclipse.jetty.server.handler.gzip.GzipHandler.handle(GzipHandler.java:713)\n\tat io.dropwizard.jetty.BiDiGzipHandler.handle(BiDiGzipHandler.java:67)\n\tat org.eclipse.jetty.server.handler.StatisticsHandler.handle(StatisticsHandler.java:179)\n\tat org.eclipse.jetty.server.handler.HandlerWrapper.handle(HandlerWrapper.java:127)\n\tat org.eclipse.jetty.server.Server.handle(Server.java:516)\n\tat org.eclipse.jetty.server.HttpChannel.lambda$handle$1(HttpChannel.java:400)\n\tat org.eclipse.jetty.server.HttpChannel.dispatch(HttpChannel.java:645)\n\tat org.eclipse.jetty.server.HttpChannel.handle(HttpChannel.java:392)\n\tat org.eclipse.jetty.server.HttpConnection.onFillable(HttpConnection.java:277)\n\tat org.eclipse.jetty.io.AbstractConnection$ReadCallback.succeeded(AbstractConnection.java:311)\n\tat org.eclipse.jetty.io.FillInterest.fillable(FillInterest.java:105)\n\tat org.eclipse.jetty.io.ChannelEndPoint$1.run(ChannelEndPoint.java:104)\n\tat org.eclipse.jetty.util.thread.strategy.EatWhatYouKill.runTask(EatWhatYouKill.java:338)\n\tat org.eclipse.jetty.util.thread.strategy.EatWhatYouKill.doProduce(EatWhatYouKill.java:315)\n\tat org.eclipse.jetty.util.thread.strategy.EatWhatYouKill.tryProduce(EatWhatYouKill.java:173)\n\tat org.eclipse.jetty.util.thread.strategy.EatWhatYouKill.run(EatWhatYouKill.java:131)\n\tat org.eclipse.jetty.util.thread.ReservedThreadExecutor$ReservedThread.run(ReservedThreadExecutor.java:409)\n\tat org.eclipse.jetty.util.thread.QueuedThreadPool.runJob(QueuedThreadPool.java:883)\n\tat org.eclipse.jetty.util.thread.QueuedThreadPool$Runner.run(QueuedThreadPool.java:1034)\n\tat java.base/java.lang.Thread.run(Thread.java:829)\nCaused by: net.snowflake.client.jdbc.SnowflakeSQLException: SQL compilation error: error line 1 at position 7\nInvalid argument types for function 'IFF': (VARCHAR(4), NUMBER(1,0), NUMBER(1,0))\n\tat net.snowflake.client.jdbc.SnowflakeUtil.checkErrorAndThrowExceptionSub(SnowflakeUtil.java:127)\n\tat net.snowflake.client.jdbc.SnowflakeUtil.checkErrorAndThrowException(SnowflakeUtil.java:67)\n\tat net.snowflake.client.core.StmtUtil.pollForOutput(StmtUtil.java:442)\n\tat net.snowflake.client.core.StmtUtil.execute(StmtUtil.java:345)\n\tat net.snowflake.client.core.SFStatement.executeHelper(SFStatement.java:486)\n\tat net.snowflake.client.core.SFStatement.executeQueryInternal(SFStatement.java:197)\n\tat net.snowflake.client.core.SFStatement.executeQuery(SFStatement.java:134)\n\tat net.snowflake.client.core.SFStatement.execute(SFStatement.java:743)\n\tat net.snowflake.client.core.SFStatement.execute(SFStatement.java:639)\n\tat net.snowflake.client.jdbc.SnowflakeStatementV1.executeQueryInternal(SnowflakeStatementV1.java:238)\n\tat net.snowflake.client.jdbc.SnowflakeStatementV1.executeQuery(SnowflakeStatementV1.java:133)\n\tat com.zaxxer.hikari.pool.ProxyStatement.executeQuery(ProxyStatement.java:110)\n\tat com.zaxxer.hikari.pool.HikariProxyStatement.executeQuery(HikariProxyStatement.java)\n\tat org.finos.legend.engine.plan.execution.stores.relational.result.SQLExecutionResult.<init>(SQLExecutionResult.java:95)\n\t... 101 more\n"},"mode":"DEV","timeStamp":"2023-02-23 01:31:04.566","user":"_UNKNOWN_"}
| **dynaFunctions::sqlTrue::testSqlTrue** | failing :x: |
]]></system-out>
  </testcase>
  <testcase name="testInt1[Snowflake]" classname="org.finos.legend.engine.server.test.shared.Relational_DbSpecific_UsingPureClientTestSuite$2" time="0.139"/>
  <testcase name="testInt2[Snowflake]" classname="org.finos.legend.engine.server.test.shared.Relational_DbSpecific_UsingPureClientTestSuite$2" time="0.132"/>
  <testcase name="testEndsWithSpace[Snowflake]" classname="org.finos.legend.engine.server.test.shared.Relational_DbSpecific_UsingPureClientTestSuite$2" time="0.123"/>
  <testcase name="testNotStartsWith[Snowflake]" classname="org.finos.legend.engine.server.test.shared.Relational_DbSpecific_UsingPureClientTestSuite$2" time="0.147"/>
  <testcase name="testStartsWithSpace[Snowflake]" classname="org.finos.legend.engine.server.test.shared.Relational_DbSpecific_UsingPureClientTestSuite$2" time="0.116"/>
  <testcase name="testStartsWith[Snowflake]" classname="org.finos.legend.engine.server.test.shared.Relational_DbSpecific_UsingPureClientTestSuite$2" time="0.146"/>
  <testcase name="testCustomEndIndex[Snowflake]" classname="org.finos.legend.engine.server.test.shared.Relational_DbSpecific_UsingPureClientTestSuite$2" time="0.123"/>
  <testcase name="testCustomStartIndex[Snowflake]" classname="org.finos.legend.engine.server.test.shared.Relational_DbSpecific_UsingPureClientTestSuite$2" time="0.117"/>
  <testcase name="testEndIndexExceedingStringLength[Snowflake]" classname="org.finos.legend.engine.server.test.shared.Relational_DbSpecific_UsingPureClientTestSuite$2" time="0.114"/>
  <testcase name="test1[Snowflake]" classname="org.finos.legend.engine.server.test.shared.Relational_DbSpecific_UsingPureClientTestSuite$2" time="0.123"/>
  <testcase name="test1[Snowflake]" classname="org.finos.legend.engine.server.test.shared.Relational_DbSpecific_UsingPureClientTestSuite$2" time="0.118"/>
  <testcase name="testToTimestamp[Snowflake]" classname="org.finos.legend.engine.server.test.shared.Relational_DbSpecific_UsingPureClientTestSuite$2" time="0.123"/>
  <testcase name="testToday[Snowflake]" classname="org.finos.legend.engine.server.test.shared.Relational_DbSpecific_UsingPureClientTestSuite$2" time="0.162"/>
  <testcase name="testWeekOfYear[Snowflake]" classname="org.finos.legend.engine.server.test.shared.Relational_DbSpecific_UsingPureClientTestSuite$2" time="0.15">
    <error message="Assert failure at (resource:/platform/pure/basics/tests/assertEq.pure line:34 column:5), &quot;500 &apos;{&quot;code&quot;:-1,&quot;message&quot;:&quot;SnowflakeSQLException: SQL compilation error:&#10;Function EXTRACT does not support VARCHAR(19) argument type&quot;,&quot;status&quot;:&quot;error&quot;,&quot;trace&quot;:&quot;java.lang.RuntimeException: net.snowflake.client.jdbc.SnowflakeSQLException: SQL compilation error:&#10;Function EXTRACT does not support VARCHAR(19) argument type&#10;at org.finos.legend.engine.plan.execution.stores.relational.result.SQLExecutionResult.&lt;init&gt;(SQLExecutionResult.java:123)&#10;at org.finos.legend.engine.plan.execution.stores.relational.RelationalExecutor.execute(RelationalExecutor.java:241)&#10;at org.finos.legend.engine.plan.execution.stores.relational.plugin.RelationalExecutionNodeExecutor.visit(RelationalExecutionNodeExecutor.java:238)&#10;at org.finos.legend.engine.plan.execution.stores.relational.plugin.RelationalExecutionNodeExecutor.visit(RelationalExecutionNodeExecutor.java:346)&#10;at org.finos.legend.engine.plan.execution.stores.relational.plugin.RelationalExecutionNodeExecutor.visit(RelationalExecutionNodeExecutor.java:92)&#10;at org.finos.legend.engine.protocol.pure.v1.model.executionPlan.nodes.RelationalDataTypeInstantiationExecutionNode.accept(RelationalDataTypeInstantiationExecutionNode.java:22)&#10;at org.finos.legend.engine.plan.execution.stores.relational.RelationalExecutionExtension.lambda$getExtraNodeExecutors$fbe53481$1(RelationalExecutionExtension.java:50)&#10;at org.finos.legend.engine.plan.execution.nodes.ExecutionNodeExecutor.lambda$visit$0(ExecutionNodeExecutor.java:164)&#10;at java.base/java.util.stream.ReferencePipeline$3$1.accept(ReferencePipeline.java:195)&#10;at java.base/java.util.Spliterators$ArraySpliterator.tryAdvance(Spliterators.java:958)&#10;at java.base/java.util.stream.ReferencePipeline.forEachWithCancel(ReferencePipeline.java:127)&#10;at java.base/java.util.stream.AbstractPipeline.copyIntoWithCancel(AbstractPipeline.java:502)&#10;at java.base/java.util.stream.AbstractPipeline.copyInto(AbstractPipeline.java:488)&#10;at java.base/java.util.stream.AbstractPipeline.wrapAndCopyInto(AbstractPipeline.java:474)&#10;at java.base/java.util.stream.FindOps$FindOp.evaluateSequential(FindOps.java:150)&#10;at java.base/java.util.stream.AbstractPipeline.evaluate(AbstractPipeline.java:234)&#10;at java.base/java.util.stream.ReferencePipeline.findFirst(ReferencePipeline.java:543)&#10;at org.finos.legend.engine.plan.execution.nodes.ExecutionNodeExecutor.visit(ExecutionNodeExecutor.java:164)&#10;at org.finos.legend.engine.plan.execution.nodes.ExecutionNodeExecutor.visit(ExecutionNodeExecutor.java:107)&#10;at org.finos.legend.engine.protocol.pure.v1.model.executionPlan.nodes.RelationalDataTypeInstantiationExecutionNode.accept(RelationalDataTypeInstantiationExecutionNode.java:22)&#10;at org.finos.legend.engine.plan.execution.PlanExecutor.execute(PlanExecutor.java:238)&#10;at org.finos.legend.engine.plan.execution.PlanExecutor.execute(PlanExecutor.java:225)&#10;at org.finos.legend.engine.plan.execution.api.ExecutePlan.doExecutePlanLegacy(ExecutePlan.java:102)&#10;at org.finos.legend.engine.plan.execution.api.ExecutePlan.doExecutePlan(ExecutePlan.java:84)&#10;at org.finos.legend.engine.plan.execution.api.ExecutePlanLegacy.executePlan(ExecutePlanLegacy.java:56)&#10;at jdk.internal.reflect.GeneratedMethodAccessor100.invoke(Unknown Source)&#10;at java.base/jdk.internal.reflect.DelegatingMethodAccessorImpl.invoke(DelegatingMethodAccessorImpl.java:43)&#10;at java.base/java.lang.reflect.Method.invoke(Method.java:566)&#10;at org.glassfish.jersey.server.model.internal.ResourceMethodInvocationHandlerFactory$1.invoke(ResourceMethodInvocationHandlerFactory.java:81)&#10;at org.glassfish.jersey.server.model.internal.AbstractJavaResourceMethodDispatcher$1.run(AbstractJavaResourceMethodDispatcher.java:144)&#10;at org.glassfish.jersey.server.model.internal.AbstractJavaResourceMethodDispatcher.invoke(AbstractJavaResourceMethodDispatcher.java:161)&#10;at org.glassfish.jersey.server.model.internal.JavaResourceMethodDispatcherProvider$ResponseOutInvoker.doDispatch(JavaResourceMethodDispatcherProvider.java:160)&#10;at org.glassfish.jersey.server.model.internal.AbstractJavaResourceMethodDispatcher.dispatch(AbstractJavaResourceMethodDispatcher.java:99)&#10;at org.glassfish.jersey.server.model.ResourceMethodInvoker.invoke(ResourceMethodInvoker.java:389)&#10;at org.glassfish.jersey.server.model.ResourceMethodInvoker.apply(ResourceMethodInvoker.java:347)&#10;at org.glassfish.jersey.server.model.ResourceMethodInvoker.apply(ResourceMethodInvoker.java:102)&#10;at org.glassfish.jersey.server.ServerRuntime$2.run(ServerRuntime.java:326)&#10;at org.glassfish.jersey.internal.Errors$1.call(Errors.java:271)&#10;at org.glassfish.jersey.internal.Errors$1.call(Errors.java:267)&#10;at org.glassfish.jersey.internal.Errors.process(Errors.java:315)&#10;at org.glassfish.jersey.internal.Errors.process(Errors.java:297)&#10;at org.glassfish.jersey.internal.Errors.process(Errors.java:267)&#10;at org.glassfish.jersey.process.internal.RequestScope.runInScope(RequestScope.java:317)&#10;at org.glassfish.jersey.server.ServerRuntime.process(ServerRuntime.java:305)&#10;at org.glassfish.jersey.server.ApplicationHandler.handle(ApplicationHandler.java:1154)&#10;at org.glassfish.jersey.servlet.WebComponent.serviceImpl(WebComponent.java:473)&#10;at org.glassfish.jersey.servlet.WebComponent.service(WebComponent.java:427)&#10;at org.glassfish.jersey.servlet.ServletContainer.service(ServletContainer.java:388)&#10;at org.glassfish.jersey.servlet.ServletContainer.service(ServletContainer.java:341)&#10;at org.glassfish.jersey.servlet.ServletContainer.service(ServletContainer.java:228)&#10;at org.eclipse.jetty.servlet.ServletHolder.handle(ServletHolder.java:799)&#10;at org.eclipse.jetty.servlet.ServletHandler$ChainEnd.doFilter(ServletHandler.java:1631)&#10;at io.dropwizard.servlets.ThreadNameFilter.doFilter(ThreadNameFilter.java:35)&#10;at org.eclipse.jetty.servlet.FilterHolder.doFilter(FilterHolder.java:193)&#10;at org.eclipse.jetty.servlet.ServletHandler$Chain.doFilter(ServletHandler.java:1601)&#10;at io.dropwizard.jersey.filter.AllowedMethodsFilter.handle(AllowedMethodsFilter.java:45)&#10;at io.dropwizard.jersey.filter.AllowedMethodsFilter.doFilter(AllowedMethodsFilter.java:39)&#10;at org.eclipse.jetty.servlet.FilterHolder.doFilter(FilterHolder.java:193)&#10;at org.eclipse.jetty.servlet.ServletHandler$Chain.doFilter(ServletHandler.java:1601)&#10;at org.finos.legend.server.pac4j.internal.UsernameFilter.doFilter(UsernameFilter.java:51)&#10;at org.eclipse.jetty.servlet.FilterHolder.doFilter(FilterHolder.java:193)&#10;at org.eclipse.jetty.servlet.ServletHandler$Chain.doFilter(ServletHandler.java:1601)&#10;at org.pac4j.j2e.filter.SecurityFilter.lambda$internalFilter$0(SecurityFilter.java:95)&#10;at org.pac4j.core.engine.DefaultSecurityLogic.perform(DefaultSecurityLogic.java:140)&#10;at org.pac4j.j2e.filter.SecurityFilter.internalFilter(SecurityFilter.java:93)&#10;at org.pac4j.j2e.filter.AbstractConfigFilter.doFilter(AbstractConfigFilter.java:81)&#10;at org.eclipse.jetty.servlet.FilterHolder.doFilter(FilterHolder.java:193)&#10;at org.eclipse.jetty.servlet.ServletHandler$Chain.doFilter(ServletHandler.java:1601)&#10;at org.eclipse.jetty.servlet.ServletHandler.doHandle(ServletHandler.java:548)&#10;at org.eclipse.jetty.server.handler.ScopedHandler.nextHandle(ScopedHandler.java:233)&#10;at org.eclipse.jetty.server.session.SessionHandler.doHandle(SessionHandler.java:1624)&#10;at org.eclipse.jetty.server.handler.ScopedHandler.nextHandle(ScopedHandler.java:233)&#10;at org.eclipse.jetty.server.handler.ContextHandler.doHandle(ContextHandler.java:1434)&#10;at org.eclipse.jetty.server.handler.ScopedHandler.nextScope(ScopedHandler.java:188)&#10;at org.eclipse.jetty.servlet.ServletHandler.doScope(ServletHandler.java:501)&#10;at org.eclipse.jetty.server.session.SessionHandler.doScope(SessionHandler.java:1594)&#10;at org.eclipse.jetty.server.handler.ScopedHandler.nextScope(ScopedHandler.java:186)&#10;at org.eclipse.jetty.server.handler.ContextHandler.doScope(ContextHandler.java:1349)&#10;at org.eclipse.jetty.server.handler.ScopedHandler.handle(ScopedHandler.java:141)&#10;at org.eclipse.jetty.server.handler.HandlerWrapper.handle(HandlerWrapper.java:127)&#10;at com.codahale.metrics.jetty9.InstrumentedHandler.handle(InstrumentedHandler.java:313)&#10;at io.dropwizard.jetty.ContextRoutingHandler.handle(ContextRoutingHandler.java:37)&#10;at org.eclipse.jetty.server.handler.gzip.GzipHandler.handle(GzipHandler.java:713)&#10;at io.dropwizard.jetty.BiDiGzipHandler.handle(BiDiGzipHandler.java:67)&#10;at org.eclipse.jetty.server.handler.StatisticsHandler.handle(StatisticsHandler.java:179)&#10;at org.eclipse.jetty.server.handler.HandlerWrapper.handle(HandlerWrapper.java:127)&#10;at org.eclipse.jetty.server.Server.handle(Server.java:516)&#10;at org.eclipse.jetty.server.HttpChannel.lambda$handle$1(HttpChannel.java:400)&#10;at org.eclipse.jetty.server.HttpChannel.dispatch(HttpChannel.java:645)&#10;at org.eclipse.jetty.server.HttpChannel.handle(HttpChannel.java:392)&#10;at org.eclipse.jetty.server.HttpConnection.onFillable(HttpConnection.java:277)&#10;at org.eclipse.jetty.io.AbstractConnection$ReadCallback.succeeded(AbstractConnection.java:311)&#10;at org.eclipse.jetty.io.FillInterest.fillable(FillInterest.java:105)&#10;at org.eclipse.jetty.io.ChannelEndPoint$1.run(ChannelEndPoint.java:104)&#10;at org.eclipse.jetty.util.thread.strategy.EatWhatYouKill.runTask(EatWhatYouKill.java:338)&#10;at org.eclipse.jetty.util.thread.strategy.EatWhatYouKill.doProduce(EatWhatYouKill.java:315)&#10;at org.eclipse.jetty.util.thread.strategy.EatWhatYouKill.tryProduce(EatWhatYouKill.java:173)&#10;at org.eclipse.jetty.util.thread.strategy.EatWhatYouKill.run(EatWhatYouKill.java:131)&#10;at org.eclipse.jetty.util.thread.ReservedThreadExecutor$ReservedThread.run(ReservedThreadExecutor.java:409)&#10;at org.eclipse.jetty.util.thread.QueuedThreadPool.runJob(QueuedThreadPool.java:883)&#10;at org.eclipse.jetty.util.thread.QueuedThreadPool$Runner.run(QueuedThreadPool.java:1034)&#10;at java.base/java.lang.Thread.run(Thread.java:829)&#10;Caused by: net.snowflake.client.jdbc.SnowflakeSQLException: SQL compilation error:&#10;Function EXTRACT does not support VARCHAR(19) argument type&#10;at net.snowflake.client.jdbc.SnowflakeUtil.checkErrorAndThrowExceptionSub(SnowflakeUtil.java:127)&#10;at net.snowflake.client.jdbc.SnowflakeUtil.checkErrorAndThrowException(SnowflakeUtil.java:67)&#10;at net.snowflake.client.core.StmtUtil.pollForOutput(StmtUtil.java:442)&#10;at net.snowflake.client.core.StmtUtil.execute(StmtUtil.java:345)&#10;at net.snowflake.client.core.SFStatement.executeHelper(SFStatement.java:486)&#10;at net.snowflake.client.core.SFStatement.executeQueryInternal(SFStatement.java:197)&#10;at net.snowflake.client.core.SFStatement.executeQuery(SFStatement.java:134)&#10;at net.snowflake.client.core.SFStatement.execute(SFStatement.java:743)&#10;at net.snowflake.client.core.SFStatement.execute(SFStatement.java:639)&#10;at net.snowflake.client.jdbc.SnowflakeStatementV1.executeQueryInternal(SnowflakeStatementV1.java:238)&#10;at net.snowflake.client.jdbc.SnowflakeStatementV1.executeQuery(SnowflakeStatementV1.java:133)&#10;at com.zaxxer.hikari.pool.ProxyStatement.executeQuery(ProxyStatement.java:110)&#10;at com.zaxxer.hikari.pool.HikariProxyStatement.executeQuery(HikariProxyStatement.java)&#10;at org.finos.legend.engine.plan.execution.stores.relational.result.SQLExecutionResult.&lt;init&gt;(SQLExecutionResult.java:95)&#10;... 101 more&#10;&quot;}&apos;&quot;" type="Assert failure at (resource"><![CDATA[Assert failure at (resource:/platform/pure/basics/tests/assertEq.pure line:34 column:5), "500 '{"code":-1,"message":"SnowflakeSQLException: SQL compilation error:
Function EXTRACT does not support VARCHAR(19) argument type","status":"error","trace":"java.lang.RuntimeException: net.snowflake.client.jdbc.SnowflakeSQLException: SQL compilation error:
Function EXTRACT does not support VARCHAR(19) argument type
at org.finos.legend.engine.plan.execution.stores.relational.result.SQLExecutionResult.<init>(SQLExecutionResult.java:123)
at org.finos.legend.engine.plan.execution.stores.relational.RelationalExecutor.execute(RelationalExecutor.java:241)
at org.finos.legend.engine.plan.execution.stores.relational.plugin.RelationalExecutionNodeExecutor.visit(RelationalExecutionNodeExecutor.java:238)
at org.finos.legend.engine.plan.execution.stores.relational.plugin.RelationalExecutionNodeExecutor.visit(RelationalExecutionNodeExecutor.java:346)
at org.finos.legend.engine.plan.execution.stores.relational.plugin.RelationalExecutionNodeExecutor.visit(RelationalExecutionNodeExecutor.java:92)
at org.finos.legend.engine.protocol.pure.v1.model.executionPlan.nodes.RelationalDataTypeInstantiationExecutionNode.accept(RelationalDataTypeInstantiationExecutionNode.java:22)
at org.finos.legend.engine.plan.execution.stores.relational.RelationalExecutionExtension.lambda$getExtraNodeExecutors$fbe53481$1(RelationalExecutionExtension.java:50)
at org.finos.legend.engine.plan.execution.nodes.ExecutionNodeExecutor.lambda$visit$0(ExecutionNodeExecutor.java:164)
at java.base/java.util.stream.ReferencePipeline$3$1.accept(ReferencePipeline.java:195)
at java.base/java.util.Spliterators$ArraySpliterator.tryAdvance(Spliterators.java:958)
at java.base/java.util.stream.ReferencePipeline.forEachWithCancel(ReferencePipeline.java:127)
at java.base/java.util.stream.AbstractPipeline.copyIntoWithCancel(AbstractPipeline.java:502)
at java.base/java.util.stream.AbstractPipeline.copyInto(AbstractPipeline.java:488)
at java.base/java.util.stream.AbstractPipeline.wrapAndCopyInto(AbstractPipeline.java:474)
at java.base/java.util.stream.FindOps$FindOp.evaluateSequential(FindOps.java:150)
at java.base/java.util.stream.AbstractPipeline.evaluate(AbstractPipeline.java:234)
at java.base/java.util.stream.ReferencePipeline.findFirst(ReferencePipeline.java:543)
at org.finos.legend.engine.plan.execution.nodes.ExecutionNodeExecutor.visit(ExecutionNodeExecutor.java:164)
at org.finos.legend.engine.plan.execution.nodes.ExecutionNodeExecutor.visit(ExecutionNodeExecutor.java:107)
at org.finos.legend.engine.protocol.pure.v1.model.executionPlan.nodes.RelationalDataTypeInstantiationExecutionNode.accept(RelationalDataTypeInstantiationExecutionNode.java:22)
at org.finos.legend.engine.plan.execution.PlanExecutor.execute(PlanExecutor.java:238)
at org.finos.legend.engine.plan.execution.PlanExecutor.execute(PlanExecutor.java:225)
at org.finos.legend.engine.plan.execution.api.ExecutePlan.doExecutePlanLegacy(ExecutePlan.java:102)
at org.finos.legend.engine.plan.execution.api.ExecutePlan.doExecutePlan(ExecutePlan.java:84)
at org.finos.legend.engine.plan.execution.api.ExecutePlanLegacy.executePlan(ExecutePlanLegacy.java:56)
at jdk.internal.reflect.GeneratedMethodAccessor100.invoke(Unknown Source)
at java.base/jdk.internal.reflect.DelegatingMethodAccessorImpl.invoke(DelegatingMethodAccessorImpl.java:43)
at java.base/java.lang.reflect.Method.invoke(Method.java:566)
at org.glassfish.jersey.server.model.internal.ResourceMethodInvocationHandlerFactory$1.invoke(ResourceMethodInvocationHandlerFactory.java:81)
at org.glassfish.jersey.server.model.internal.AbstractJavaResourceMethodDispatcher$1.run(AbstractJavaResourceMethodDispatcher.java:144)
at org.glassfish.jersey.server.model.internal.AbstractJavaResourceMethodDispatcher.invoke(AbstractJavaResourceMethodDispatcher.java:161)
at org.glassfish.jersey.server.model.internal.JavaResourceMethodDispatcherProvider$ResponseOutInvoker.doDispatch(JavaResourceMethodDispatcherProvider.java:160)
at org.glassfish.jersey.server.model.internal.AbstractJavaResourceMethodDispatcher.dispatch(AbstractJavaResourceMethodDispatcher.java:99)
at org.glassfish.jersey.server.model.ResourceMethodInvoker.invoke(ResourceMethodInvoker.java:389)
at org.glassfish.jersey.server.model.ResourceMethodInvoker.apply(ResourceMethodInvoker.java:347)
at org.glassfish.jersey.server.model.ResourceMethodInvoker.apply(ResourceMethodInvoker.java:102)
at org.glassfish.jersey.server.ServerRuntime$2.run(ServerRuntime.java:326)
at org.glassfish.jersey.internal.Errors$1.call(Errors.java:271)
at org.glassfish.jersey.internal.Errors$1.call(Errors.java:267)
at org.glassfish.jersey.internal.Errors.process(Errors.java:315)
at org.glassfish.jersey.internal.Errors.process(Errors.java:297)
at org.glassfish.jersey.internal.Errors.process(Errors.java:267)
at org.glassfish.jersey.process.internal.RequestScope.runInScope(RequestScope.java:317)
at org.glassfish.jersey.server.ServerRuntime.process(ServerRuntime.java:305)
at org.glassfish.jersey.server.ApplicationHandler.handle(ApplicationHandler.java:1154)
at org.glassfish.jersey.servlet.WebComponent.serviceImpl(WebComponent.java:473)
at org.glassfish.jersey.servlet.WebComponent.service(WebComponent.java:427)
at org.glassfish.jersey.servlet.ServletContainer.service(ServletContainer.java:388)
at org.glassfish.jersey.servlet.ServletContainer.service(ServletContainer.java:341)
at org.glassfish.jersey.servlet.ServletContainer.service(ServletContainer.java:228)
at org.eclipse.jetty.servlet.ServletHolder.handle(ServletHolder.java:799)
at org.eclipse.jetty.servlet.ServletHandler$ChainEnd.doFilter(ServletHandler.java:1631)
at io.dropwizard.servlets.ThreadNameFilter.doFilter(ThreadNameFilter.java:35)
at org.eclipse.jetty.servlet.FilterHolder.doFilter(FilterHolder.java:193)
at org.eclipse.jetty.servlet.ServletHandler$Chain.doFilter(ServletHandler.java:1601)
at io.dropwizard.jersey.filter.AllowedMethodsFilter.handle(AllowedMethodsFilter.java:45)
at io.dropwizard.jersey.filter.AllowedMethodsFilter.doFilter(AllowedMethodsFilter.java:39)
at org.eclipse.jetty.servlet.FilterHolder.doFilter(FilterHolder.java:193)
at org.eclipse.jetty.servlet.ServletHandler$Chain.doFilter(ServletHandler.java:1601)
at org.finos.legend.server.pac4j.internal.UsernameFilter.doFilter(UsernameFilter.java:51)
at org.eclipse.jetty.servlet.FilterHolder.doFilter(FilterHolder.java:193)
at org.eclipse.jetty.servlet.ServletHandler$Chain.doFilter(ServletHandler.java:1601)
at org.pac4j.j2e.filter.SecurityFilter.lambda$internalFilter$0(SecurityFilter.java:95)
at org.pac4j.core.engine.DefaultSecurityLogic.perform(DefaultSecurityLogic.java:140)
at org.pac4j.j2e.filter.SecurityFilter.internalFilter(SecurityFilter.java:93)
at org.pac4j.j2e.filter.AbstractConfigFilter.doFilter(AbstractConfigFilter.java:81)
at org.eclipse.jetty.servlet.FilterHolder.doFilter(FilterHolder.java:193)
at org.eclipse.jetty.servlet.ServletHandler$Chain.doFilter(ServletHandler.java:1601)
at org.eclipse.jetty.servlet.ServletHandler.doHandle(ServletHandler.java:548)
at org.eclipse.jetty.server.handler.ScopedHandler.nextHandle(ScopedHandler.java:233)
at org.eclipse.jetty.server.session.SessionHandler.doHandle(SessionHandler.java:1624)
at org.eclipse.jetty.server.handler.ScopedHandler.nextHandle(ScopedHandler.java:233)
at org.eclipse.jetty.server.handler.ContextHandler.doHandle(ContextHandler.java:1434)
at org.eclipse.jetty.server.handler.ScopedHandler.nextScope(ScopedHandler.java:188)
at org.eclipse.jetty.servlet.ServletHandler.doScope(ServletHandler.java:501)
at org.eclipse.jetty.server.session.SessionHandler.doScope(SessionHandler.java:1594)
at org.eclipse.jetty.server.handler.ScopedHandler.nextScope(ScopedHandler.java:186)
at org.eclipse.jetty.server.handler.ContextHandler.doScope(ContextHandler.java:1349)
at org.eclipse.jetty.server.handler.ScopedHandler.handle(ScopedHandler.java:141)
at org.eclipse.jetty.server.handler.HandlerWrapper.handle(HandlerWrapper.java:127)
at com.codahale.metrics.jetty9.InstrumentedHandler.handle(InstrumentedHandler.java:313)
at io.dropwizard.jetty.ContextRoutingHandler.handle(ContextRoutingHandler.java:37)
at org.eclipse.jetty.server.handler.gzip.GzipHandler.handle(GzipHandler.java:713)
at io.dropwizard.jetty.BiDiGzipHandler.handle(BiDiGzipHandler.java:67)
at org.eclipse.jetty.server.handler.StatisticsHandler.handle(StatisticsHandler.java:179)
at org.eclipse.jetty.server.handler.HandlerWrapper.handle(HandlerWrapper.java:127)
at org.eclipse.jetty.server.Server.handle(Server.java:516)
at org.eclipse.jetty.server.HttpChannel.lambda$handle$1(HttpChannel.java:400)
at org.eclipse.jetty.server.HttpChannel.dispatch(HttpChannel.java:645)
at org.eclipse.jetty.server.HttpChannel.handle(HttpChannel.java:392)
at org.eclipse.jetty.server.HttpConnection.onFillable(HttpConnection.java:277)
at org.eclipse.jetty.io.AbstractConnection$ReadCallback.succeeded(AbstractConnection.java:311)
at org.eclipse.jetty.io.FillInterest.fillable(FillInterest.java:105)
at org.eclipse.jetty.io.ChannelEndPoint$1.run(ChannelEndPoint.java:104)
at org.eclipse.jetty.util.thread.strategy.EatWhatYouKill.runTask(EatWhatYouKill.java:338)
at org.eclipse.jetty.util.thread.strategy.EatWhatYouKill.doProduce(EatWhatYouKill.java:315)
at org.eclipse.jetty.util.thread.strategy.EatWhatYouKill.tryProduce(EatWhatYouKill.java:173)
at org.eclipse.jetty.util.thread.strategy.EatWhatYouKill.run(EatWhatYouKill.java:131)
at org.eclipse.jetty.util.thread.ReservedThreadExecutor$ReservedThread.run(ReservedThreadExecutor.java:409)
at org.eclipse.jetty.util.thread.QueuedThreadPool.runJob(QueuedThreadPool.java:883)
at org.eclipse.jetty.util.thread.QueuedThreadPool$Runner.run(QueuedThreadPool.java:1034)
at java.base/java.lang.Thread.run(Thread.java:829)
Caused by: net.snowflake.client.jdbc.SnowflakeSQLException: SQL compilation error:
Function EXTRACT does not support VARCHAR(19) argument type
at net.snowflake.client.jdbc.SnowflakeUtil.checkErrorAndThrowExceptionSub(SnowflakeUtil.java:127)
at net.snowflake.client.jdbc.SnowflakeUtil.checkErrorAndThrowException(SnowflakeUtil.java:67)
at net.snowflake.client.core.StmtUtil.pollForOutput(StmtUtil.java:442)
at net.snowflake.client.core.StmtUtil.execute(StmtUtil.java:345)
at net.snowflake.client.core.SFStatement.executeHelper(SFStatement.java:486)
at net.snowflake.client.core.SFStatement.executeQueryInternal(SFStatement.java:197)
at net.snowflake.client.core.SFStatement.executeQuery(SFStatement.java:134)
at net.snowflake.client.core.SFStatement.execute(SFStatement.java:743)
at net.snowflake.client.core.SFStatement.execute(SFStatement.java:639)
at net.snowflake.client.jdbc.SnowflakeStatementV1.executeQueryInternal(SnowflakeStatementV1.java:238)
at net.snowflake.client.jdbc.SnowflakeStatementV1.executeQuery(SnowflakeStatementV1.java:133)
at com.zaxxer.hikari.pool.ProxyStatement.executeQuery(ProxyStatement.java:110)
at com.zaxxer.hikari.pool.HikariProxyStatement.executeQuery(HikariProxyStatement.java)
at org.finos.legend.engine.plan.execution.stores.relational.result.SQLExecutionResult.<init>(SQLExecutionResult.java:95)
... 101 more
"}'"
	at org.finos.legend.pure.runtime.java.compiled.generation.processors.support.CompiledSupport.pureAssert(CompiledSupport.java:1994)
	at org.finos.legend.pure.generated.platform_pure_basics_tests_assertEq.Root_meta_pure_functions_asserts_assertEq_Any_1__Any_1__Function_1__Boolean_1_(platform_pure_basics_tests_assertEq.java:44)
	at org.finos.legend.pure.generated.core_pure_protocol_vX_X_X_invocations_execution.Root_meta_protocols_pure_vX_X_X_invocation_execution_execute_executePlan_String_1__String_1__Integer_1__String_1_(core_pure_protocol_vX_X_X_invocations_execution.java:751)
	at org.finos.legend.pure.generated.core_pure_protocol_vX_X_X_invocations_execution.Root_meta_protocols_pure_vX_X_X_invocation_execution_execute_executePlan_ExecutionPlan_1__String_1__Integer_1__Extension_MANY__String_1_(core_pure_protocol_vX_X_X_invocations_execution.java:745)
	at org.finos.legend.pure.generated.core_pure_protocol_vX_X_X_invocations_execution.Root_meta_protocols_pure_vX_X_X_invocation_execution_execute_executePlan_ExecutionPlan_1__ExecutionContext_$0_1$__String_1__Integer_1__Extension_MANY__Result_1_(core_pure_protocol_vX_X_X_invocations_execution.java:738)
	at jdk.internal.reflect.GeneratedMethodAccessor96.invoke(Unknown Source)
	at java.base/jdk.internal.reflect.DelegatingMethodAccessorImpl.invoke(DelegatingMethodAccessorImpl.java:43)
	at java.base/java.lang.reflect.Method.invoke(Method.java:566)
	at org.finos.legend.pure.runtime.java.compiled.metadata.JavaMethodWithParamsSharedPureFunction.execute(JavaMethodWithParamsSharedPureFunction.java:59)
	at org.finos.legend.pure.runtime.java.compiled.generation.processors.support.Pure._evaluateToMany(Pure.java:546)
	at org.finos.legend.pure.generated.CoreGen.evaluateToMany(CoreGen.java:147)
	at org.finos.legend.pure.generated.CoreGen.evaluateToMany(CoreGen.java:134)
	at org.finos.legend.pure.generated.core_pure_router_router_entry$9$1.value(core_pure_router_router_entry.java:318)
	at org.finos.legend.pure.generated.core_pure_router_router_entry$9$1.execute(core_pure_router_router_entry.java:311)
	at org.finos.legend.pure.generated.core_pure_router_router_entry$9$1.execute(core_pure_router_router_entry.java:307)
	at org.finos.legend.pure.runtime.java.compiled.generation.processors.support.Pure.evaluate(Pure.java:485)
	at org.finos.legend.pure.runtime.java.compiled.generation.processors.support.Pure.legendTest(Pure.java:216)
	at org.finos.legend.pure.generated.CoreGen.legendTest(CoreGen.java:61)
	at org.finos.legend.pure.generated.core_pure_router_router_entry$9.valueOf(core_pure_router_router_entry.java:303)
	at org.finos.legend.pure.generated.core_pure_router_router_entry$9.execute(core_pure_router_router_entry.java:298)
	at org.finos.legend.pure.generated.core_pure_router_router_entry$9.execute(core_pure_router_router_entry.java:294)
	at org.finos.legend.pure.runtime.java.compiled.generation.processors.support.Pure.evaluate(Pure.java:485)
	at org.finos.legend.pure.runtime.java.compiled.generation.processors.support.Pure.traceSpan(Pure.java:1482)
	at org.finos.legend.pure.generated.CoreGen.traceSpan(CoreGen.java:203)
	at org.finos.legend.pure.generated.core_pure_router_router_entry.Root_meta_pure_router_executePlan_ExecutionPlan_1__ExecutionContext_1__Extension_MANY__Result_$0_1$_(core_pure_router_router_entry.java:290)
	at org.finos.legend.pure.generated.core_pure_router_router_entry.Root_meta_pure_router_executePlan_ExecutionPlan_1__Extension_MANY__Result_$0_1$_(core_pure_router_router_entry.java:285)
	at org.finos.legend.pure.generated.core_relational_relational_sqlQueryToString_dbTestRunner_testRunner$20.execute(core_relational_relational_sqlQueryToString_dbTestRunner_testRunner.java:386)
	at org.finos.legend.pure.generated.core_relational_relational_sqlQueryToString_dbTestRunner_testRunner.Root_meta_relational_dbTestRunner_runSqlQueryTest_SQLQuery_1__Literal_$1_MANY$__Pair_MANY__Function_$0_1$__DbTestConfig_1__Boolean_1_(core_relational_relational_sqlQueryToString_dbTestRunner_testRunner.java:424)
	at org.finos.legend.pure.generated.core_relational_relational_sqlQueryToString_dbTestRunner_testRunner.Root_meta_relational_dbTestRunner_runSqlQueryTest_SQLQuery_1__Literal_$1_MANY$__Function_$0_1$__DbTestConfig_1__Boolean_1_(core_relational_relational_sqlQueryToString_dbTestRunner_testRunner.java:374)
	at org.finos.legend.pure.generated.core_relational_relational_sqlQueryToString_dbTestRunner_dynaFunctionTestRunner.Root_meta_relational_dbTestRunner_runDynaFunctionDatabaseTest_DynaFunction_1__Literal_$1_MANY$__Function_$0_1$__DbTestConfig_1__Boolean_1_(core_relational_relational_sqlQueryToString_dbTestRunner_dynaFunctionTestRunner.java:64)
	at org.finos.legend.pure.generated.core_relational_relational_sqlQueryToString_dbTestRunner_dynaFunctionTestRunner.Root_meta_relational_dbTestRunner_runDynaFunctionDatabaseTest_DynaFunction_1__Literal_$1_MANY$__DbTestConfig_1__Boolean_1_(core_relational_relational_sqlQueryToString_dbTestRunner_dynaFunctionTestRunner.java:58)
	at org.finos.legend.pure.generated.core_relational_relational_sqlQueryToString_testSuite_dynaFunctions_date.Root_meta_relational_tests_dbSpecificTests_sqlQueryTests_dynaFunctions_weekOfYear_testWeekOfYear_DbTestConfig_1__Boolean_1_(core_relational_relational_sqlQueryToString_testSuite_dynaFunctions_date.java:109)
	at java.base/jdk.internal.reflect.NativeMethodAccessorImpl.invoke0(Native Method)
	at java.base/jdk.internal.reflect.NativeMethodAccessorImpl.invoke(NativeMethodAccessorImpl.java:62)
	at java.base/jdk.internal.reflect.DelegatingMethodAccessorImpl.invoke(DelegatingMethodAccessorImpl.java:43)
	at java.base/java.lang.reflect.Method.invoke(Method.java:566)
	at org.finos.legend.pure.runtime.java.compiled.testHelper.PureTestBuilderCompiled.executeFn(PureTestBuilderCompiled.java:113)
	at org.finos.legend.pure.runtime.java.compiled.testHelper.PureTestBuilderCompiled.lambda$buildSuite$0(PureTestBuilderCompiled.java:79)
	at org.finos.legend.pure.m3.execution.test.PureTestBuilder$PureTestCase.runTest(PureTestBuilder.java:95)
	at junit.framework.TestCase.runBare(TestCase.java:142)
	at org.finos.legend.engine.server.test.shared.Relational_DbSpecific_UsingPureClientTestSuite$2.runTest(Relational_DbSpecific_UsingPureClientTestSuite.java:90)
	at junit.framework.TestCase.runBare(TestCase.java:142)
	at junit.framework.TestResult$1.protect(TestResult.java:122)
	at junit.framework.TestResult.runProtected(TestResult.java:142)
	at junit.framework.TestResult.run(TestResult.java:125)
	at junit.framework.TestCase.run(TestCase.java:130)
	at junit.framework.TestSuite.runTest(TestSuite.java:241)
	at junit.framework.TestSuite.run(TestSuite.java:236)
	at junit.framework.TestSuite.runTest(TestSuite.java:241)
	at junit.framework.TestSuite.run(TestSuite.java:236)
	at junit.framework.TestSuite.runTest(TestSuite.java:241)
	at junit.framework.TestSuite.run(TestSuite.java:236)
	at junit.framework.TestSuite.runTest(TestSuite.java:241)
	at junit.framework.TestSuite.run(TestSuite.java:236)
	at junit.framework.TestSuite.runTest(TestSuite.java:241)
	at junit.framework.TestSuite.run(TestSuite.java:236)
	at junit.extensions.TestDecorator.basicRun(TestDecorator.java:24)
	at junit.extensions.TestSetup$1.protect(TestSetup.java:23)
	at junit.framework.TestResult.runProtected(TestResult.java:142)
	at junit.extensions.TestSetup.run(TestSetup.java:27)
	at org.junit.internal.runners.JUnit38ClassRunner.run(JUnit38ClassRunner.java:90)
	at org.apache.maven.surefire.junit4.JUnit4Provider.execute(JUnit4Provider.java:365)
	at org.apache.maven.surefire.junit4.JUnit4Provider.executeWithRerun(JUnit4Provider.java:273)
	at org.apache.maven.surefire.junit4.JUnit4Provider.executeTestSet(JUnit4Provider.java:238)
	at org.apache.maven.surefire.junit4.JUnit4Provider.invoke(JUnit4Provider.java:159)
	at org.apache.maven.surefire.booter.ForkedBooter.invokeProviderInSameClassLoader(ForkedBooter.java:384)
	at org.apache.maven.surefire.booter.ForkedBooter.runSuitesInProcess(ForkedBooter.java:345)
	at org.apache.maven.surefire.booter.ForkedBooter.execute(ForkedBooter.java:126)
	at org.apache.maven.surefire.booter.ForkedBooter.main(ForkedBooter.java:418)
]]></error>
    <system-out><![CDATA[Running db test dynaFunctions::weekOfYear::testWeekOfYear
{"duration":0.0,"eventType":"EXECUTION_PLAN_EXEC_ERROR","info":{"code":-1,"message":"SnowflakeSQLException: SQL compilation error:\nFunction EXTRACT does not support VARCHAR(19) argument type","status":"error","trace":"java.lang.RuntimeException: net.snowflake.client.jdbc.SnowflakeSQLException: SQL compilation error:\nFunction EXTRACT does not support VARCHAR(19) argument type\n\tat org.finos.legend.engine.plan.execution.stores.relational.result.SQLExecutionResult.<init>(SQLExecutionResult.java:123)\n\tat org.finos.legend.engine.plan.execution.stores.relational.RelationalExecutor.execute(RelationalExecutor.java:241)\n\tat org.finos.legend.engine.plan.execution.stores.relational.plugin.RelationalExecutionNodeExecutor.visit(RelationalExecutionNodeExecutor.java:238)\n\tat org.finos.legend.engine.plan.execution.stores.relational.plugin.RelationalExecutionNodeExecutor.visit(RelationalExecutionNodeExecutor.java:346)\n\tat org.finos.legend.engine.plan.execution.stores.relational.plugin.RelationalExecutionNodeExecutor.visit(RelationalExecutionNodeExecutor.java:92)\n\tat org.finos.legend.engine.protocol.pure.v1.model.executionPlan.nodes.RelationalDataTypeInstantiationExecutionNode.accept(RelationalDataTypeInstantiationExecutionNode.java:22)\n\tat org.finos.legend.engine.plan.execution.stores.relational.RelationalExecutionExtension.lambda$getExtraNodeExecutors$fbe53481$1(RelationalExecutionExtension.java:50)\n\tat org.finos.legend.engine.plan.execution.nodes.ExecutionNodeExecutor.lambda$visit$0(ExecutionNodeExecutor.java:164)\n\tat java.base/java.util.stream.ReferencePipeline$3$1.accept(ReferencePipeline.java:195)\n\tat java.base/java.util.Spliterators$ArraySpliterator.tryAdvance(Spliterators.java:958)\n\tat java.base/java.util.stream.ReferencePipeline.forEachWithCancel(ReferencePipeline.java:127)\n\tat java.base/java.util.stream.AbstractPipeline.copyIntoWithCancel(AbstractPipeline.java:502)\n\tat java.base/java.util.stream.AbstractPipeline.copyInto(AbstractPipeline.java:488)\n\tat java.base/java.util.stream.AbstractPipeline.wrapAndCopyInto(AbstractPipeline.java:474)\n\tat java.base/java.util.stream.FindOps$FindOp.evaluateSequential(FindOps.java:150)\n\tat java.base/java.util.stream.AbstractPipeline.evaluate(AbstractPipeline.java:234)\n\tat java.base/java.util.stream.ReferencePipeline.findFirst(ReferencePipeline.java:543)\n\tat org.finos.legend.engine.plan.execution.nodes.ExecutionNodeExecutor.visit(ExecutionNodeExecutor.java:164)\n\tat org.finos.legend.engine.plan.execution.nodes.ExecutionNodeExecutor.visit(ExecutionNodeExecutor.java:107)\n\tat org.finos.legend.engine.protocol.pure.v1.model.executionPlan.nodes.RelationalDataTypeInstantiationExecutionNode.accept(RelationalDataTypeInstantiationExecutionNode.java:22)\n\tat org.finos.legend.engine.plan.execution.PlanExecutor.execute(PlanExecutor.java:238)\n\tat org.finos.legend.engine.plan.execution.PlanExecutor.execute(PlanExecutor.java:225)\n\tat org.finos.legend.engine.plan.execution.api.ExecutePlan.doExecutePlanLegacy(ExecutePlan.java:102)\n\tat org.finos.legend.engine.plan.execution.api.ExecutePlan.doExecutePlan(ExecutePlan.java:84)\n\tat org.finos.legend.engine.plan.execution.api.ExecutePlanLegacy.executePlan(ExecutePlanLegacy.java:56)\n\tat jdk.internal.reflect.GeneratedMethodAccessor100.invoke(Unknown Source)\n\tat java.base/jdk.internal.reflect.DelegatingMethodAccessorImpl.invoke(DelegatingMethodAccessorImpl.java:43)\n\tat java.base/java.lang.reflect.Method.invoke(Method.java:566)\n\tat org.glassfish.jersey.server.model.internal.ResourceMethodInvocationHandlerFactory$1.invoke(ResourceMethodInvocationHandlerFactory.java:81)\n\tat org.glassfish.jersey.server.model.internal.AbstractJavaResourceMethodDispatcher$1.run(AbstractJavaResourceMethodDispatcher.java:144)\n\tat org.glassfish.jersey.server.model.internal.AbstractJavaResourceMethodDispatcher.invoke(AbstractJavaResourceMethodDispatcher.java:161)\n\tat org.glassfish.jersey.server.model.internal.JavaResourceMethodDispatcherProvider$ResponseOutInvoker.doDispatch(JavaResourceMethodDispatcherProvider.java:160)\n\tat org.glassfish.jersey.server.model.internal.AbstractJavaResourceMethodDispatcher.dispatch(AbstractJavaResourceMethodDispatcher.java:99)\n\tat org.glassfish.jersey.server.model.ResourceMethodInvoker.invoke(ResourceMethodInvoker.java:389)\n\tat org.glassfish.jersey.server.model.ResourceMethodInvoker.apply(ResourceMethodInvoker.java:347)\n\tat org.glassfish.jersey.server.model.ResourceMethodInvoker.apply(ResourceMethodInvoker.java:102)\n\tat org.glassfish.jersey.server.ServerRuntime$2.run(ServerRuntime.java:326)\n\tat org.glassfish.jersey.internal.Errors$1.call(Errors.java:271)\n\tat org.glassfish.jersey.internal.Errors$1.call(Errors.java:267)\n\tat org.glassfish.jersey.internal.Errors.process(Errors.java:315)\n\tat org.glassfish.jersey.internal.Errors.process(Errors.java:297)\n\tat org.glassfish.jersey.internal.Errors.process(Errors.java:267)\n\tat org.glassfish.jersey.process.internal.RequestScope.runInScope(RequestScope.java:317)\n\tat org.glassfish.jersey.server.ServerRuntime.process(ServerRuntime.java:305)\n\tat org.glassfish.jersey.server.ApplicationHandler.handle(ApplicationHandler.java:1154)\n\tat org.glassfish.jersey.servlet.WebComponent.serviceImpl(WebComponent.java:473)\n\tat org.glassfish.jersey.servlet.WebComponent.service(WebComponent.java:427)\n\tat org.glassfish.jersey.servlet.ServletContainer.service(ServletContainer.java:388)\n\tat org.glassfish.jersey.servlet.ServletContainer.service(ServletContainer.java:341)\n\tat org.glassfish.jersey.servlet.ServletContainer.service(ServletContainer.java:228)\n\tat org.eclipse.jetty.servlet.ServletHolder.handle(ServletHolder.java:799)\n\tat org.eclipse.jetty.servlet.ServletHandler$ChainEnd.doFilter(ServletHandler.java:1631)\n\tat io.dropwizard.servlets.ThreadNameFilter.doFilter(ThreadNameFilter.java:35)\n\tat org.eclipse.jetty.servlet.FilterHolder.doFilter(FilterHolder.java:193)\n\tat org.eclipse.jetty.servlet.ServletHandler$Chain.doFilter(ServletHandler.java:1601)\n\tat io.dropwizard.jersey.filter.AllowedMethodsFilter.handle(AllowedMethodsFilter.java:45)\n\tat io.dropwizard.jersey.filter.AllowedMethodsFilter.doFilter(AllowedMethodsFilter.java:39)\n\tat org.eclipse.jetty.servlet.FilterHolder.doFilter(FilterHolder.java:193)\n\tat org.eclipse.jetty.servlet.ServletHandler$Chain.doFilter(ServletHandler.java:1601)\n\tat org.finos.legend.server.pac4j.internal.UsernameFilter.doFilter(UsernameFilter.java:51)\n\tat org.eclipse.jetty.servlet.FilterHolder.doFilter(FilterHolder.java:193)\n\tat org.eclipse.jetty.servlet.ServletHandler$Chain.doFilter(ServletHandler.java:1601)\n\tat org.pac4j.j2e.filter.SecurityFilter.lambda$internalFilter$0(SecurityFilter.java:95)\n\tat org.pac4j.core.engine.DefaultSecurityLogic.perform(DefaultSecurityLogic.java:140)\n\tat org.pac4j.j2e.filter.SecurityFilter.internalFilter(SecurityFilter.java:93)\n\tat org.pac4j.j2e.filter.AbstractConfigFilter.doFilter(AbstractConfigFilter.java:81)\n\tat org.eclipse.jetty.servlet.FilterHolder.doFilter(FilterHolder.java:193)\n\tat org.eclipse.jetty.servlet.ServletHandler$Chain.doFilter(ServletHandler.java:1601)\n\tat org.eclipse.jetty.servlet.ServletHandler.doHandle(ServletHandler.java:548)\n\tat org.eclipse.jetty.server.handler.ScopedHandler.nextHandle(ScopedHandler.java:233)\n\tat org.eclipse.jetty.server.session.SessionHandler.doHandle(SessionHandler.java:1624)\n\tat org.eclipse.jetty.server.handler.ScopedHandler.nextHandle(ScopedHandler.java:233)\n\tat org.eclipse.jetty.server.handler.ContextHandler.doHandle(ContextHandler.java:1434)\n\tat org.eclipse.jetty.server.handler.ScopedHandler.nextScope(ScopedHandler.java:188)\n\tat org.eclipse.jetty.servlet.ServletHandler.doScope(ServletHandler.java:501)\n\tat org.eclipse.jetty.server.session.SessionHandler.doScope(SessionHandler.java:1594)\n\tat org.eclipse.jetty.server.handler.ScopedHandler.nextScope(ScopedHandler.java:186)\n\tat org.eclipse.jetty.server.handler.ContextHandler.doScope(ContextHandler.java:1349)\n\tat org.eclipse.jetty.server.handler.ScopedHandler.handle(ScopedHandler.java:141)\n\tat org.eclipse.jetty.server.handler.HandlerWrapper.handle(HandlerWrapper.java:127)\n\tat com.codahale.metrics.jetty9.InstrumentedHandler.handle(InstrumentedHandler.java:313)\n\tat io.dropwizard.jetty.ContextRoutingHandler.handle(ContextRoutingHandler.java:37)\n\tat org.eclipse.jetty.server.handler.gzip.GzipHandler.handle(GzipHandler.java:713)\n\tat io.dropwizard.jetty.BiDiGzipHandler.handle(BiDiGzipHandler.java:67)\n\tat org.eclipse.jetty.server.handler.StatisticsHandler.handle(StatisticsHandler.java:179)\n\tat org.eclipse.jetty.server.handler.HandlerWrapper.handle(HandlerWrapper.java:127)\n\tat org.eclipse.jetty.server.Server.handle(Server.java:516)\n\tat org.eclipse.jetty.server.HttpChannel.lambda$handle$1(HttpChannel.java:400)\n\tat org.eclipse.jetty.server.HttpChannel.dispatch(HttpChannel.java:645)\n\tat org.eclipse.jetty.server.HttpChannel.handle(HttpChannel.java:392)\n\tat org.eclipse.jetty.server.HttpConnection.onFillable(HttpConnection.java:277)\n\tat org.eclipse.jetty.io.AbstractConnection$ReadCallback.succeeded(AbstractConnection.java:311)\n\tat org.eclipse.jetty.io.FillInterest.fillable(FillInterest.java:105)\n\tat org.eclipse.jetty.io.ChannelEndPoint$1.run(ChannelEndPoint.java:104)\n\tat org.eclipse.jetty.util.thread.strategy.EatWhatYouKill.runTask(EatWhatYouKill.java:338)\n\tat org.eclipse.jetty.util.thread.strategy.EatWhatYouKill.doProduce(EatWhatYouKill.java:315)\n\tat org.eclipse.jetty.util.thread.strategy.EatWhatYouKill.tryProduce(EatWhatYouKill.java:173)\n\tat org.eclipse.jetty.util.thread.strategy.EatWhatYouKill.run(EatWhatYouKill.java:131)\n\tat org.eclipse.jetty.util.thread.ReservedThreadExecutor$ReservedThread.run(ReservedThreadExecutor.java:409)\n\tat org.eclipse.jetty.util.thread.QueuedThreadPool.runJob(QueuedThreadPool.java:883)\n\tat org.eclipse.jetty.util.thread.QueuedThreadPool$Runner.run(QueuedThreadPool.java:1034)\n\tat java.base/java.lang.Thread.run(Thread.java:829)\nCaused by: net.snowflake.client.jdbc.SnowflakeSQLException: SQL compilation error:\nFunction EXTRACT does not support VARCHAR(19) argument type\n\tat net.snowflake.client.jdbc.SnowflakeUtil.checkErrorAndThrowExceptionSub(SnowflakeUtil.java:127)\n\tat net.snowflake.client.jdbc.SnowflakeUtil.checkErrorAndThrowException(SnowflakeUtil.java:67)\n\tat net.snowflake.client.core.StmtUtil.pollForOutput(StmtUtil.java:442)\n\tat net.snowflake.client.core.StmtUtil.execute(StmtUtil.java:345)\n\tat net.snowflake.client.core.SFStatement.executeHelper(SFStatement.java:486)\n\tat net.snowflake.client.core.SFStatement.executeQueryInternal(SFStatement.java:197)\n\tat net.snowflake.client.core.SFStatement.executeQuery(SFStatement.java:134)\n\tat net.snowflake.client.core.SFStatement.execute(SFStatement.java:743)\n\tat net.snowflake.client.core.SFStatement.execute(SFStatement.java:639)\n\tat net.snowflake.client.jdbc.SnowflakeStatementV1.executeQueryInternal(SnowflakeStatementV1.java:238)\n\tat net.snowflake.client.jdbc.SnowflakeStatementV1.executeQuery(SnowflakeStatementV1.java:133)\n\tat com.zaxxer.hikari.pool.ProxyStatement.executeQuery(ProxyStatement.java:110)\n\tat com.zaxxer.hikari.pool.HikariProxyStatement.executeQuery(HikariProxyStatement.java)\n\tat org.finos.legend.engine.plan.execution.stores.relational.result.SQLExecutionResult.<init>(SQLExecutionResult.java:95)\n\t... 101 more\n"},"mode":"DEV","timeStamp":"2023-02-23 01:31:07.015","user":"_UNKNOWN_"}
| **dynaFunctions::weekOfYear::testWeekOfYear** | failing :x: |
]]></system-out>
  </testcase>
  <testcase name="testYear[Snowflake]" classname="org.finos.legend.engine.server.test.shared.Relational_DbSpecific_UsingPureClientTestSuite$2" time="0.126">
    <error message="Assert failure at (resource:/platform/pure/basics/tests/assertEq.pure line:34 column:5), &quot;500 &apos;{&quot;code&quot;:-1,&quot;message&quot;:&quot;SnowflakeSQLException: SQL compilation error:&#10;Function EXTRACT does not support VARCHAR(19) argument type&quot;,&quot;status&quot;:&quot;error&quot;,&quot;trace&quot;:&quot;java.lang.RuntimeException: net.snowflake.client.jdbc.SnowflakeSQLException: SQL compilation error:&#10;Function EXTRACT does not support VARCHAR(19) argument type&#10;at org.finos.legend.engine.plan.execution.stores.relational.result.SQLExecutionResult.&lt;init&gt;(SQLExecutionResult.java:123)&#10;at org.finos.legend.engine.plan.execution.stores.relational.RelationalExecutor.execute(RelationalExecutor.java:241)&#10;at org.finos.legend.engine.plan.execution.stores.relational.plugin.RelationalExecutionNodeExecutor.visit(RelationalExecutionNodeExecutor.java:238)&#10;at org.finos.legend.engine.plan.execution.stores.relational.plugin.RelationalExecutionNodeExecutor.visit(RelationalExecutionNodeExecutor.java:346)&#10;at org.finos.legend.engine.plan.execution.stores.relational.plugin.RelationalExecutionNodeExecutor.visit(RelationalExecutionNodeExecutor.java:92)&#10;at org.finos.legend.engine.protocol.pure.v1.model.executionPlan.nodes.RelationalDataTypeInstantiationExecutionNode.accept(RelationalDataTypeInstantiationExecutionNode.java:22)&#10;at org.finos.legend.engine.plan.execution.stores.relational.RelationalExecutionExtension.lambda$getExtraNodeExecutors$fbe53481$1(RelationalExecutionExtension.java:50)&#10;at org.finos.legend.engine.plan.execution.nodes.ExecutionNodeExecutor.lambda$visit$0(ExecutionNodeExecutor.java:164)&#10;at java.base/java.util.stream.ReferencePipeline$3$1.accept(ReferencePipeline.java:195)&#10;at java.base/java.util.Spliterators$ArraySpliterator.tryAdvance(Spliterators.java:958)&#10;at java.base/java.util.stream.ReferencePipeline.forEachWithCancel(ReferencePipeline.java:127)&#10;at java.base/java.util.stream.AbstractPipeline.copyIntoWithCancel(AbstractPipeline.java:502)&#10;at java.base/java.util.stream.AbstractPipeline.copyInto(AbstractPipeline.java:488)&#10;at java.base/java.util.stream.AbstractPipeline.wrapAndCopyInto(AbstractPipeline.java:474)&#10;at java.base/java.util.stream.FindOps$FindOp.evaluateSequential(FindOps.java:150)&#10;at java.base/java.util.stream.AbstractPipeline.evaluate(AbstractPipeline.java:234)&#10;at java.base/java.util.stream.ReferencePipeline.findFirst(ReferencePipeline.java:543)&#10;at org.finos.legend.engine.plan.execution.nodes.ExecutionNodeExecutor.visit(ExecutionNodeExecutor.java:164)&#10;at org.finos.legend.engine.plan.execution.nodes.ExecutionNodeExecutor.visit(ExecutionNodeExecutor.java:107)&#10;at org.finos.legend.engine.protocol.pure.v1.model.executionPlan.nodes.RelationalDataTypeInstantiationExecutionNode.accept(RelationalDataTypeInstantiationExecutionNode.java:22)&#10;at org.finos.legend.engine.plan.execution.PlanExecutor.execute(PlanExecutor.java:238)&#10;at org.finos.legend.engine.plan.execution.PlanExecutor.execute(PlanExecutor.java:225)&#10;at org.finos.legend.engine.plan.execution.api.ExecutePlan.doExecutePlanLegacy(ExecutePlan.java:102)&#10;at org.finos.legend.engine.plan.execution.api.ExecutePlan.doExecutePlan(ExecutePlan.java:84)&#10;at org.finos.legend.engine.plan.execution.api.ExecutePlanLegacy.executePlan(ExecutePlanLegacy.java:56)&#10;at jdk.internal.reflect.GeneratedMethodAccessor100.invoke(Unknown Source)&#10;at java.base/jdk.internal.reflect.DelegatingMethodAccessorImpl.invoke(DelegatingMethodAccessorImpl.java:43)&#10;at java.base/java.lang.reflect.Method.invoke(Method.java:566)&#10;at org.glassfish.jersey.server.model.internal.ResourceMethodInvocationHandlerFactory$1.invoke(ResourceMethodInvocationHandlerFactory.java:81)&#10;at org.glassfish.jersey.server.model.internal.AbstractJavaResourceMethodDispatcher$1.run(AbstractJavaResourceMethodDispatcher.java:144)&#10;at org.glassfish.jersey.server.model.internal.AbstractJavaResourceMethodDispatcher.invoke(AbstractJavaResourceMethodDispatcher.java:161)&#10;at org.glassfish.jersey.server.model.internal.JavaResourceMethodDispatcherProvider$ResponseOutInvoker.doDispatch(JavaResourceMethodDispatcherProvider.java:160)&#10;at org.glassfish.jersey.server.model.internal.AbstractJavaResourceMethodDispatcher.dispatch(AbstractJavaResourceMethodDispatcher.java:99)&#10;at org.glassfish.jersey.server.model.ResourceMethodInvoker.invoke(ResourceMethodInvoker.java:389)&#10;at org.glassfish.jersey.server.model.ResourceMethodInvoker.apply(ResourceMethodInvoker.java:347)&#10;at org.glassfish.jersey.server.model.ResourceMethodInvoker.apply(ResourceMethodInvoker.java:102)&#10;at org.glassfish.jersey.server.ServerRuntime$2.run(ServerRuntime.java:326)&#10;at org.glassfish.jersey.internal.Errors$1.call(Errors.java:271)&#10;at org.glassfish.jersey.internal.Errors$1.call(Errors.java:267)&#10;at org.glassfish.jersey.internal.Errors.process(Errors.java:315)&#10;at org.glassfish.jersey.internal.Errors.process(Errors.java:297)&#10;at org.glassfish.jersey.internal.Errors.process(Errors.java:267)&#10;at org.glassfish.jersey.process.internal.RequestScope.runInScope(RequestScope.java:317)&#10;at org.glassfish.jersey.server.ServerRuntime.process(ServerRuntime.java:305)&#10;at org.glassfish.jersey.server.ApplicationHandler.handle(ApplicationHandler.java:1154)&#10;at org.glassfish.jersey.servlet.WebComponent.serviceImpl(WebComponent.java:473)&#10;at org.glassfish.jersey.servlet.WebComponent.service(WebComponent.java:427)&#10;at org.glassfish.jersey.servlet.ServletContainer.service(ServletContainer.java:388)&#10;at org.glassfish.jersey.servlet.ServletContainer.service(ServletContainer.java:341)&#10;at org.glassfish.jersey.servlet.ServletContainer.service(ServletContainer.java:228)&#10;at org.eclipse.jetty.servlet.ServletHolder.handle(ServletHolder.java:799)&#10;at org.eclipse.jetty.servlet.ServletHandler$ChainEnd.doFilter(ServletHandler.java:1631)&#10;at io.dropwizard.servlets.ThreadNameFilter.doFilter(ThreadNameFilter.java:35)&#10;at org.eclipse.jetty.servlet.FilterHolder.doFilter(FilterHolder.java:193)&#10;at org.eclipse.jetty.servlet.ServletHandler$Chain.doFilter(ServletHandler.java:1601)&#10;at io.dropwizard.jersey.filter.AllowedMethodsFilter.handle(AllowedMethodsFilter.java:45)&#10;at io.dropwizard.jersey.filter.AllowedMethodsFilter.doFilter(AllowedMethodsFilter.java:39)&#10;at org.eclipse.jetty.servlet.FilterHolder.doFilter(FilterHolder.java:193)&#10;at org.eclipse.jetty.servlet.ServletHandler$Chain.doFilter(ServletHandler.java:1601)&#10;at org.finos.legend.server.pac4j.internal.UsernameFilter.doFilter(UsernameFilter.java:51)&#10;at org.eclipse.jetty.servlet.FilterHolder.doFilter(FilterHolder.java:193)&#10;at org.eclipse.jetty.servlet.ServletHandler$Chain.doFilter(ServletHandler.java:1601)&#10;at org.pac4j.j2e.filter.SecurityFilter.lambda$internalFilter$0(SecurityFilter.java:95)&#10;at org.pac4j.core.engine.DefaultSecurityLogic.perform(DefaultSecurityLogic.java:140)&#10;at org.pac4j.j2e.filter.SecurityFilter.internalFilter(SecurityFilter.java:93)&#10;at org.pac4j.j2e.filter.AbstractConfigFilter.doFilter(AbstractConfigFilter.java:81)&#10;at org.eclipse.jetty.servlet.FilterHolder.doFilter(FilterHolder.java:193)&#10;at org.eclipse.jetty.servlet.ServletHandler$Chain.doFilter(ServletHandler.java:1601)&#10;at org.eclipse.jetty.servlet.ServletHandler.doHandle(ServletHandler.java:548)&#10;at org.eclipse.jetty.server.handler.ScopedHandler.nextHandle(ScopedHandler.java:233)&#10;at org.eclipse.jetty.server.session.SessionHandler.doHandle(SessionHandler.java:1624)&#10;at org.eclipse.jetty.server.handler.ScopedHandler.nextHandle(ScopedHandler.java:233)&#10;at org.eclipse.jetty.server.handler.ContextHandler.doHandle(ContextHandler.java:1434)&#10;at org.eclipse.jetty.server.handler.ScopedHandler.nextScope(ScopedHandler.java:188)&#10;at org.eclipse.jetty.servlet.ServletHandler.doScope(ServletHandler.java:501)&#10;at org.eclipse.jetty.server.session.SessionHandler.doScope(SessionHandler.java:1594)&#10;at org.eclipse.jetty.server.handler.ScopedHandler.nextScope(ScopedHandler.java:186)&#10;at org.eclipse.jetty.server.handler.ContextHandler.doScope(ContextHandler.java:1349)&#10;at org.eclipse.jetty.server.handler.ScopedHandler.handle(ScopedHandler.java:141)&#10;at org.eclipse.jetty.server.handler.HandlerWrapper.handle(HandlerWrapper.java:127)&#10;at com.codahale.metrics.jetty9.InstrumentedHandler.handle(InstrumentedHandler.java:313)&#10;at io.dropwizard.jetty.ContextRoutingHandler.handle(ContextRoutingHandler.java:37)&#10;at org.eclipse.jetty.server.handler.gzip.GzipHandler.handle(GzipHandler.java:713)&#10;at io.dropwizard.jetty.BiDiGzipHandler.handle(BiDiGzipHandler.java:67)&#10;at org.eclipse.jetty.server.handler.StatisticsHandler.handle(StatisticsHandler.java:179)&#10;at org.eclipse.jetty.server.handler.HandlerWrapper.handle(HandlerWrapper.java:127)&#10;at org.eclipse.jetty.server.Server.handle(Server.java:516)&#10;at org.eclipse.jetty.server.HttpChannel.lambda$handle$1(HttpChannel.java:400)&#10;at org.eclipse.jetty.server.HttpChannel.dispatch(HttpChannel.java:645)&#10;at org.eclipse.jetty.server.HttpChannel.handle(HttpChannel.java:392)&#10;at org.eclipse.jetty.server.HttpConnection.onFillable(HttpConnection.java:277)&#10;at org.eclipse.jetty.io.AbstractConnection$ReadCallback.succeeded(AbstractConnection.java:311)&#10;at org.eclipse.jetty.io.FillInterest.fillable(FillInterest.java:105)&#10;at org.eclipse.jetty.io.ChannelEndPoint$1.run(ChannelEndPoint.java:104)&#10;at org.eclipse.jetty.util.thread.strategy.EatWhatYouKill.runTask(EatWhatYouKill.java:338)&#10;at org.eclipse.jetty.util.thread.strategy.EatWhatYouKill.doProduce(EatWhatYouKill.java:315)&#10;at org.eclipse.jetty.util.thread.strategy.EatWhatYouKill.tryProduce(EatWhatYouKill.java:173)&#10;at org.eclipse.jetty.util.thread.strategy.EatWhatYouKill.run(EatWhatYouKill.java:131)&#10;at org.eclipse.jetty.util.thread.ReservedThreadExecutor$ReservedThread.run(ReservedThreadExecutor.java:409)&#10;at org.eclipse.jetty.util.thread.QueuedThreadPool.runJob(QueuedThreadPool.java:883)&#10;at org.eclipse.jetty.util.thread.QueuedThreadPool$Runner.run(QueuedThreadPool.java:1034)&#10;at java.base/java.lang.Thread.run(Thread.java:829)&#10;Caused by: net.snowflake.client.jdbc.SnowflakeSQLException: SQL compilation error:&#10;Function EXTRACT does not support VARCHAR(19) argument type&#10;at net.snowflake.client.jdbc.SnowflakeUtil.checkErrorAndThrowExceptionSub(SnowflakeUtil.java:127)&#10;at net.snowflake.client.jdbc.SnowflakeUtil.checkErrorAndThrowException(SnowflakeUtil.java:67)&#10;at net.snowflake.client.core.StmtUtil.pollForOutput(StmtUtil.java:442)&#10;at net.snowflake.client.core.StmtUtil.execute(StmtUtil.java:345)&#10;at net.snowflake.client.core.SFStatement.executeHelper(SFStatement.java:486)&#10;at net.snowflake.client.core.SFStatement.executeQueryInternal(SFStatement.java:197)&#10;at net.snowflake.client.core.SFStatement.executeQuery(SFStatement.java:134)&#10;at net.snowflake.client.core.SFStatement.execute(SFStatement.java:743)&#10;at net.snowflake.client.core.SFStatement.execute(SFStatement.java:639)&#10;at net.snowflake.client.jdbc.SnowflakeStatementV1.executeQueryInternal(SnowflakeStatementV1.java:238)&#10;at net.snowflake.client.jdbc.SnowflakeStatementV1.executeQuery(SnowflakeStatementV1.java:133)&#10;at com.zaxxer.hikari.pool.ProxyStatement.executeQuery(ProxyStatement.java:110)&#10;at com.zaxxer.hikari.pool.HikariProxyStatement.executeQuery(HikariProxyStatement.java)&#10;at org.finos.legend.engine.plan.execution.stores.relational.result.SQLExecutionResult.&lt;init&gt;(SQLExecutionResult.java:95)&#10;... 101 more&#10;&quot;}&apos;&quot;" type="Assert failure at (resource"><![CDATA[Assert failure at (resource:/platform/pure/basics/tests/assertEq.pure line:34 column:5), "500 '{"code":-1,"message":"SnowflakeSQLException: SQL compilation error:
Function EXTRACT does not support VARCHAR(19) argument type","status":"error","trace":"java.lang.RuntimeException: net.snowflake.client.jdbc.SnowflakeSQLException: SQL compilation error:
Function EXTRACT does not support VARCHAR(19) argument type
at org.finos.legend.engine.plan.execution.stores.relational.result.SQLExecutionResult.<init>(SQLExecutionResult.java:123)
at org.finos.legend.engine.plan.execution.stores.relational.RelationalExecutor.execute(RelationalExecutor.java:241)
at org.finos.legend.engine.plan.execution.stores.relational.plugin.RelationalExecutionNodeExecutor.visit(RelationalExecutionNodeExecutor.java:238)
at org.finos.legend.engine.plan.execution.stores.relational.plugin.RelationalExecutionNodeExecutor.visit(RelationalExecutionNodeExecutor.java:346)
at org.finos.legend.engine.plan.execution.stores.relational.plugin.RelationalExecutionNodeExecutor.visit(RelationalExecutionNodeExecutor.java:92)
at org.finos.legend.engine.protocol.pure.v1.model.executionPlan.nodes.RelationalDataTypeInstantiationExecutionNode.accept(RelationalDataTypeInstantiationExecutionNode.java:22)
at org.finos.legend.engine.plan.execution.stores.relational.RelationalExecutionExtension.lambda$getExtraNodeExecutors$fbe53481$1(RelationalExecutionExtension.java:50)
at org.finos.legend.engine.plan.execution.nodes.ExecutionNodeExecutor.lambda$visit$0(ExecutionNodeExecutor.java:164)
at java.base/java.util.stream.ReferencePipeline$3$1.accept(ReferencePipeline.java:195)
at java.base/java.util.Spliterators$ArraySpliterator.tryAdvance(Spliterators.java:958)
at java.base/java.util.stream.ReferencePipeline.forEachWithCancel(ReferencePipeline.java:127)
at java.base/java.util.stream.AbstractPipeline.copyIntoWithCancel(AbstractPipeline.java:502)
at java.base/java.util.stream.AbstractPipeline.copyInto(AbstractPipeline.java:488)
at java.base/java.util.stream.AbstractPipeline.wrapAndCopyInto(AbstractPipeline.java:474)
at java.base/java.util.stream.FindOps$FindOp.evaluateSequential(FindOps.java:150)
at java.base/java.util.stream.AbstractPipeline.evaluate(AbstractPipeline.java:234)
at java.base/java.util.stream.ReferencePipeline.findFirst(ReferencePipeline.java:543)
at org.finos.legend.engine.plan.execution.nodes.ExecutionNodeExecutor.visit(ExecutionNodeExecutor.java:164)
at org.finos.legend.engine.plan.execution.nodes.ExecutionNodeExecutor.visit(ExecutionNodeExecutor.java:107)
at org.finos.legend.engine.protocol.pure.v1.model.executionPlan.nodes.RelationalDataTypeInstantiationExecutionNode.accept(RelationalDataTypeInstantiationExecutionNode.java:22)
at org.finos.legend.engine.plan.execution.PlanExecutor.execute(PlanExecutor.java:238)
at org.finos.legend.engine.plan.execution.PlanExecutor.execute(PlanExecutor.java:225)
at org.finos.legend.engine.plan.execution.api.ExecutePlan.doExecutePlanLegacy(ExecutePlan.java:102)
at org.finos.legend.engine.plan.execution.api.ExecutePlan.doExecutePlan(ExecutePlan.java:84)
at org.finos.legend.engine.plan.execution.api.ExecutePlanLegacy.executePlan(ExecutePlanLegacy.java:56)
at jdk.internal.reflect.GeneratedMethodAccessor100.invoke(Unknown Source)
at java.base/jdk.internal.reflect.DelegatingMethodAccessorImpl.invoke(DelegatingMethodAccessorImpl.java:43)
at java.base/java.lang.reflect.Method.invoke(Method.java:566)
at org.glassfish.jersey.server.model.internal.ResourceMethodInvocationHandlerFactory$1.invoke(ResourceMethodInvocationHandlerFactory.java:81)
at org.glassfish.jersey.server.model.internal.AbstractJavaResourceMethodDispatcher$1.run(AbstractJavaResourceMethodDispatcher.java:144)
at org.glassfish.jersey.server.model.internal.AbstractJavaResourceMethodDispatcher.invoke(AbstractJavaResourceMethodDispatcher.java:161)
at org.glassfish.jersey.server.model.internal.JavaResourceMethodDispatcherProvider$ResponseOutInvoker.doDispatch(JavaResourceMethodDispatcherProvider.java:160)
at org.glassfish.jersey.server.model.internal.AbstractJavaResourceMethodDispatcher.dispatch(AbstractJavaResourceMethodDispatcher.java:99)
at org.glassfish.jersey.server.model.ResourceMethodInvoker.invoke(ResourceMethodInvoker.java:389)
at org.glassfish.jersey.server.model.ResourceMethodInvoker.apply(ResourceMethodInvoker.java:347)
at org.glassfish.jersey.server.model.ResourceMethodInvoker.apply(ResourceMethodInvoker.java:102)
at org.glassfish.jersey.server.ServerRuntime$2.run(ServerRuntime.java:326)
at org.glassfish.jersey.internal.Errors$1.call(Errors.java:271)
at org.glassfish.jersey.internal.Errors$1.call(Errors.java:267)
at org.glassfish.jersey.internal.Errors.process(Errors.java:315)
at org.glassfish.jersey.internal.Errors.process(Errors.java:297)
at org.glassfish.jersey.internal.Errors.process(Errors.java:267)
at org.glassfish.jersey.process.internal.RequestScope.runInScope(RequestScope.java:317)
at org.glassfish.jersey.server.ServerRuntime.process(ServerRuntime.java:305)
at org.glassfish.jersey.server.ApplicationHandler.handle(ApplicationHandler.java:1154)
at org.glassfish.jersey.servlet.WebComponent.serviceImpl(WebComponent.java:473)
at org.glassfish.jersey.servlet.WebComponent.service(WebComponent.java:427)
at org.glassfish.jersey.servlet.ServletContainer.service(ServletContainer.java:388)
at org.glassfish.jersey.servlet.ServletContainer.service(ServletContainer.java:341)
at org.glassfish.jersey.servlet.ServletContainer.service(ServletContainer.java:228)
at org.eclipse.jetty.servlet.ServletHolder.handle(ServletHolder.java:799)
at org.eclipse.jetty.servlet.ServletHandler$ChainEnd.doFilter(ServletHandler.java:1631)
at io.dropwizard.servlets.ThreadNameFilter.doFilter(ThreadNameFilter.java:35)
at org.eclipse.jetty.servlet.FilterHolder.doFilter(FilterHolder.java:193)
at org.eclipse.jetty.servlet.ServletHandler$Chain.doFilter(ServletHandler.java:1601)
at io.dropwizard.jersey.filter.AllowedMethodsFilter.handle(AllowedMethodsFilter.java:45)
at io.dropwizard.jersey.filter.AllowedMethodsFilter.doFilter(AllowedMethodsFilter.java:39)
at org.eclipse.jetty.servlet.FilterHolder.doFilter(FilterHolder.java:193)
at org.eclipse.jetty.servlet.ServletHandler$Chain.doFilter(ServletHandler.java:1601)
at org.finos.legend.server.pac4j.internal.UsernameFilter.doFilter(UsernameFilter.java:51)
at org.eclipse.jetty.servlet.FilterHolder.doFilter(FilterHolder.java:193)
at org.eclipse.jetty.servlet.ServletHandler$Chain.doFilter(ServletHandler.java:1601)
at org.pac4j.j2e.filter.SecurityFilter.lambda$internalFilter$0(SecurityFilter.java:95)
at org.pac4j.core.engine.DefaultSecurityLogic.perform(DefaultSecurityLogic.java:140)
at org.pac4j.j2e.filter.SecurityFilter.internalFilter(SecurityFilter.java:93)
at org.pac4j.j2e.filter.AbstractConfigFilter.doFilter(AbstractConfigFilter.java:81)
at org.eclipse.jetty.servlet.FilterHolder.doFilter(FilterHolder.java:193)
at org.eclipse.jetty.servlet.ServletHandler$Chain.doFilter(ServletHandler.java:1601)
at org.eclipse.jetty.servlet.ServletHandler.doHandle(ServletHandler.java:548)
at org.eclipse.jetty.server.handler.ScopedHandler.nextHandle(ScopedHandler.java:233)
at org.eclipse.jetty.server.session.SessionHandler.doHandle(SessionHandler.java:1624)
at org.eclipse.jetty.server.handler.ScopedHandler.nextHandle(ScopedHandler.java:233)
at org.eclipse.jetty.server.handler.ContextHandler.doHandle(ContextHandler.java:1434)
at org.eclipse.jetty.server.handler.ScopedHandler.nextScope(ScopedHandler.java:188)
at org.eclipse.jetty.servlet.ServletHandler.doScope(ServletHandler.java:501)
at org.eclipse.jetty.server.session.SessionHandler.doScope(SessionHandler.java:1594)
at org.eclipse.jetty.server.handler.ScopedHandler.nextScope(ScopedHandler.java:186)
at org.eclipse.jetty.server.handler.ContextHandler.doScope(ContextHandler.java:1349)
at org.eclipse.jetty.server.handler.ScopedHandler.handle(ScopedHandler.java:141)
at org.eclipse.jetty.server.handler.HandlerWrapper.handle(HandlerWrapper.java:127)
at com.codahale.metrics.jetty9.InstrumentedHandler.handle(InstrumentedHandler.java:313)
at io.dropwizard.jetty.ContextRoutingHandler.handle(ContextRoutingHandler.java:37)
at org.eclipse.jetty.server.handler.gzip.GzipHandler.handle(GzipHandler.java:713)
at io.dropwizard.jetty.BiDiGzipHandler.handle(BiDiGzipHandler.java:67)
at org.eclipse.jetty.server.handler.StatisticsHandler.handle(StatisticsHandler.java:179)
at org.eclipse.jetty.server.handler.HandlerWrapper.handle(HandlerWrapper.java:127)
at org.eclipse.jetty.server.Server.handle(Server.java:516)
at org.eclipse.jetty.server.HttpChannel.lambda$handle$1(HttpChannel.java:400)
at org.eclipse.jetty.server.HttpChannel.dispatch(HttpChannel.java:645)
at org.eclipse.jetty.server.HttpChannel.handle(HttpChannel.java:392)
at org.eclipse.jetty.server.HttpConnection.onFillable(HttpConnection.java:277)
at org.eclipse.jetty.io.AbstractConnection$ReadCallback.succeeded(AbstractConnection.java:311)
at org.eclipse.jetty.io.FillInterest.fillable(FillInterest.java:105)
at org.eclipse.jetty.io.ChannelEndPoint$1.run(ChannelEndPoint.java:104)
at org.eclipse.jetty.util.thread.strategy.EatWhatYouKill.runTask(EatWhatYouKill.java:338)
at org.eclipse.jetty.util.thread.strategy.EatWhatYouKill.doProduce(EatWhatYouKill.java:315)
at org.eclipse.jetty.util.thread.strategy.EatWhatYouKill.tryProduce(EatWhatYouKill.java:173)
at org.eclipse.jetty.util.thread.strategy.EatWhatYouKill.run(EatWhatYouKill.java:131)
at org.eclipse.jetty.util.thread.ReservedThreadExecutor$ReservedThread.run(ReservedThreadExecutor.java:409)
at org.eclipse.jetty.util.thread.QueuedThreadPool.runJob(QueuedThreadPool.java:883)
at org.eclipse.jetty.util.thread.QueuedThreadPool$Runner.run(QueuedThreadPool.java:1034)
at java.base/java.lang.Thread.run(Thread.java:829)
Caused by: net.snowflake.client.jdbc.SnowflakeSQLException: SQL compilation error:
Function EXTRACT does not support VARCHAR(19) argument type
at net.snowflake.client.jdbc.SnowflakeUtil.checkErrorAndThrowExceptionSub(SnowflakeUtil.java:127)
at net.snowflake.client.jdbc.SnowflakeUtil.checkErrorAndThrowException(SnowflakeUtil.java:67)
at net.snowflake.client.core.StmtUtil.pollForOutput(StmtUtil.java:442)
at net.snowflake.client.core.StmtUtil.execute(StmtUtil.java:345)
at net.snowflake.client.core.SFStatement.executeHelper(SFStatement.java:486)
at net.snowflake.client.core.SFStatement.executeQueryInternal(SFStatement.java:197)
at net.snowflake.client.core.SFStatement.executeQuery(SFStatement.java:134)
at net.snowflake.client.core.SFStatement.execute(SFStatement.java:743)
at net.snowflake.client.core.SFStatement.execute(SFStatement.java:639)
at net.snowflake.client.jdbc.SnowflakeStatementV1.executeQueryInternal(SnowflakeStatementV1.java:238)
at net.snowflake.client.jdbc.SnowflakeStatementV1.executeQuery(SnowflakeStatementV1.java:133)
at com.zaxxer.hikari.pool.ProxyStatement.executeQuery(ProxyStatement.java:110)
at com.zaxxer.hikari.pool.HikariProxyStatement.executeQuery(HikariProxyStatement.java)
at org.finos.legend.engine.plan.execution.stores.relational.result.SQLExecutionResult.<init>(SQLExecutionResult.java:95)
... 101 more
"}'"
	at org.finos.legend.pure.runtime.java.compiled.generation.processors.support.CompiledSupport.pureAssert(CompiledSupport.java:1994)
	at org.finos.legend.pure.generated.platform_pure_basics_tests_assertEq.Root_meta_pure_functions_asserts_assertEq_Any_1__Any_1__Function_1__Boolean_1_(platform_pure_basics_tests_assertEq.java:44)
	at org.finos.legend.pure.generated.core_pure_protocol_vX_X_X_invocations_execution.Root_meta_protocols_pure_vX_X_X_invocation_execution_execute_executePlan_String_1__String_1__Integer_1__String_1_(core_pure_protocol_vX_X_X_invocations_execution.java:751)
	at org.finos.legend.pure.generated.core_pure_protocol_vX_X_X_invocations_execution.Root_meta_protocols_pure_vX_X_X_invocation_execution_execute_executePlan_ExecutionPlan_1__String_1__Integer_1__Extension_MANY__String_1_(core_pure_protocol_vX_X_X_invocations_execution.java:745)
	at org.finos.legend.pure.generated.core_pure_protocol_vX_X_X_invocations_execution.Root_meta_protocols_pure_vX_X_X_invocation_execution_execute_executePlan_ExecutionPlan_1__ExecutionContext_$0_1$__String_1__Integer_1__Extension_MANY__Result_1_(core_pure_protocol_vX_X_X_invocations_execution.java:738)
	at jdk.internal.reflect.GeneratedMethodAccessor96.invoke(Unknown Source)
	at java.base/jdk.internal.reflect.DelegatingMethodAccessorImpl.invoke(DelegatingMethodAccessorImpl.java:43)
	at java.base/java.lang.reflect.Method.invoke(Method.java:566)
	at org.finos.legend.pure.runtime.java.compiled.metadata.JavaMethodWithParamsSharedPureFunction.execute(JavaMethodWithParamsSharedPureFunction.java:59)
	at org.finos.legend.pure.runtime.java.compiled.generation.processors.support.Pure._evaluateToMany(Pure.java:546)
	at org.finos.legend.pure.generated.CoreGen.evaluateToMany(CoreGen.java:147)
	at org.finos.legend.pure.generated.CoreGen.evaluateToMany(CoreGen.java:134)
	at org.finos.legend.pure.generated.core_pure_router_router_entry$9$1.value(core_pure_router_router_entry.java:318)
	at org.finos.legend.pure.generated.core_pure_router_router_entry$9$1.execute(core_pure_router_router_entry.java:311)
	at org.finos.legend.pure.generated.core_pure_router_router_entry$9$1.execute(core_pure_router_router_entry.java:307)
	at org.finos.legend.pure.runtime.java.compiled.generation.processors.support.Pure.evaluate(Pure.java:485)
	at org.finos.legend.pure.runtime.java.compiled.generation.processors.support.Pure.legendTest(Pure.java:216)
	at org.finos.legend.pure.generated.CoreGen.legendTest(CoreGen.java:61)
	at org.finos.legend.pure.generated.core_pure_router_router_entry$9.valueOf(core_pure_router_router_entry.java:303)
	at org.finos.legend.pure.generated.core_pure_router_router_entry$9.execute(core_pure_router_router_entry.java:298)
	at org.finos.legend.pure.generated.core_pure_router_router_entry$9.execute(core_pure_router_router_entry.java:294)
	at org.finos.legend.pure.runtime.java.compiled.generation.processors.support.Pure.evaluate(Pure.java:485)
	at org.finos.legend.pure.runtime.java.compiled.generation.processors.support.Pure.traceSpan(Pure.java:1482)
	at org.finos.legend.pure.generated.CoreGen.traceSpan(CoreGen.java:203)
	at org.finos.legend.pure.generated.core_pure_router_router_entry.Root_meta_pure_router_executePlan_ExecutionPlan_1__ExecutionContext_1__Extension_MANY__Result_$0_1$_(core_pure_router_router_entry.java:290)
	at org.finos.legend.pure.generated.core_pure_router_router_entry.Root_meta_pure_router_executePlan_ExecutionPlan_1__Extension_MANY__Result_$0_1$_(core_pure_router_router_entry.java:285)
	at org.finos.legend.pure.generated.core_relational_relational_sqlQueryToString_dbTestRunner_testRunner$20.execute(core_relational_relational_sqlQueryToString_dbTestRunner_testRunner.java:386)
	at org.finos.legend.pure.generated.core_relational_relational_sqlQueryToString_dbTestRunner_testRunner.Root_meta_relational_dbTestRunner_runSqlQueryTest_SQLQuery_1__Literal_$1_MANY$__Pair_MANY__Function_$0_1$__DbTestConfig_1__Boolean_1_(core_relational_relational_sqlQueryToString_dbTestRunner_testRunner.java:424)
	at org.finos.legend.pure.generated.core_relational_relational_sqlQueryToString_dbTestRunner_testRunner.Root_meta_relational_dbTestRunner_runSqlQueryTest_SQLQuery_1__Literal_$1_MANY$__Function_$0_1$__DbTestConfig_1__Boolean_1_(core_relational_relational_sqlQueryToString_dbTestRunner_testRunner.java:374)
	at org.finos.legend.pure.generated.core_relational_relational_sqlQueryToString_dbTestRunner_dynaFunctionTestRunner.Root_meta_relational_dbTestRunner_runDynaFunctionDatabaseTest_DynaFunction_1__Literal_$1_MANY$__Function_$0_1$__DbTestConfig_1__Boolean_1_(core_relational_relational_sqlQueryToString_dbTestRunner_dynaFunctionTestRunner.java:64)
	at org.finos.legend.pure.generated.core_relational_relational_sqlQueryToString_dbTestRunner_dynaFunctionTestRunner.Root_meta_relational_dbTestRunner_runDynaFunctionDatabaseTest_DynaFunction_1__Literal_$1_MANY$__DbTestConfig_1__Boolean_1_(core_relational_relational_sqlQueryToString_dbTestRunner_dynaFunctionTestRunner.java:58)
	at org.finos.legend.pure.generated.core_relational_relational_sqlQueryToString_testSuite_dynaFunctions_date.Root_meta_relational_tests_dbSpecificTests_sqlQueryTests_dynaFunctions_year_testYear_DbTestConfig_1__Boolean_1_(core_relational_relational_sqlQueryToString_testSuite_dynaFunctions_date.java:144)
	at java.base/jdk.internal.reflect.NativeMethodAccessorImpl.invoke0(Native Method)
	at java.base/jdk.internal.reflect.NativeMethodAccessorImpl.invoke(NativeMethodAccessorImpl.java:62)
	at java.base/jdk.internal.reflect.DelegatingMethodAccessorImpl.invoke(DelegatingMethodAccessorImpl.java:43)
	at java.base/java.lang.reflect.Method.invoke(Method.java:566)
	at org.finos.legend.pure.runtime.java.compiled.testHelper.PureTestBuilderCompiled.executeFn(PureTestBuilderCompiled.java:113)
	at org.finos.legend.pure.runtime.java.compiled.testHelper.PureTestBuilderCompiled.lambda$buildSuite$0(PureTestBuilderCompiled.java:79)
	at org.finos.legend.pure.m3.execution.test.PureTestBuilder$PureTestCase.runTest(PureTestBuilder.java:95)
	at junit.framework.TestCase.runBare(TestCase.java:142)
	at org.finos.legend.engine.server.test.shared.Relational_DbSpecific_UsingPureClientTestSuite$2.runTest(Relational_DbSpecific_UsingPureClientTestSuite.java:90)
	at junit.framework.TestCase.runBare(TestCase.java:142)
	at junit.framework.TestResult$1.protect(TestResult.java:122)
	at junit.framework.TestResult.runProtected(TestResult.java:142)
	at junit.framework.TestResult.run(TestResult.java:125)
	at junit.framework.TestCase.run(TestCase.java:130)
	at junit.framework.TestSuite.runTest(TestSuite.java:241)
	at junit.framework.TestSuite.run(TestSuite.java:236)
	at junit.framework.TestSuite.runTest(TestSuite.java:241)
	at junit.framework.TestSuite.run(TestSuite.java:236)
	at junit.framework.TestSuite.runTest(TestSuite.java:241)
	at junit.framework.TestSuite.run(TestSuite.java:236)
	at junit.framework.TestSuite.runTest(TestSuite.java:241)
	at junit.framework.TestSuite.run(TestSuite.java:236)
	at junit.framework.TestSuite.runTest(TestSuite.java:241)
	at junit.framework.TestSuite.run(TestSuite.java:236)
	at junit.extensions.TestDecorator.basicRun(TestDecorator.java:24)
	at junit.extensions.TestSetup$1.protect(TestSetup.java:23)
	at junit.framework.TestResult.runProtected(TestResult.java:142)
	at junit.extensions.TestSetup.run(TestSetup.java:27)
	at org.junit.internal.runners.JUnit38ClassRunner.run(JUnit38ClassRunner.java:90)
	at org.apache.maven.surefire.junit4.JUnit4Provider.execute(JUnit4Provider.java:365)
	at org.apache.maven.surefire.junit4.JUnit4Provider.executeWithRerun(JUnit4Provider.java:273)
	at org.apache.maven.surefire.junit4.JUnit4Provider.executeTestSet(JUnit4Provider.java:238)
	at org.apache.maven.surefire.junit4.JUnit4Provider.invoke(JUnit4Provider.java:159)
	at org.apache.maven.surefire.booter.ForkedBooter.invokeProviderInSameClassLoader(ForkedBooter.java:384)
	at org.apache.maven.surefire.booter.ForkedBooter.runSuitesInProcess(ForkedBooter.java:345)
	at org.apache.maven.surefire.booter.ForkedBooter.execute(ForkedBooter.java:126)
	at org.apache.maven.surefire.booter.ForkedBooter.main(ForkedBooter.java:418)
]]></error>
    <system-out><![CDATA[Running db test dynaFunctions::year::testYear
{"duration":0.0,"eventType":"EXECUTION_PLAN_EXEC_ERROR","info":{"code":-1,"message":"SnowflakeSQLException: SQL compilation error:\nFunction EXTRACT does not support VARCHAR(19) argument type","status":"error","trace":"java.lang.RuntimeException: net.snowflake.client.jdbc.SnowflakeSQLException: SQL compilation error:\nFunction EXTRACT does not support VARCHAR(19) argument type\n\tat org.finos.legend.engine.plan.execution.stores.relational.result.SQLExecutionResult.<init>(SQLExecutionResult.java:123)\n\tat org.finos.legend.engine.plan.execution.stores.relational.RelationalExecutor.execute(RelationalExecutor.java:241)\n\tat org.finos.legend.engine.plan.execution.stores.relational.plugin.RelationalExecutionNodeExecutor.visit(RelationalExecutionNodeExecutor.java:238)\n\tat org.finos.legend.engine.plan.execution.stores.relational.plugin.RelationalExecutionNodeExecutor.visit(RelationalExecutionNodeExecutor.java:346)\n\tat org.finos.legend.engine.plan.execution.stores.relational.plugin.RelationalExecutionNodeExecutor.visit(RelationalExecutionNodeExecutor.java:92)\n\tat org.finos.legend.engine.protocol.pure.v1.model.executionPlan.nodes.RelationalDataTypeInstantiationExecutionNode.accept(RelationalDataTypeInstantiationExecutionNode.java:22)\n\tat org.finos.legend.engine.plan.execution.stores.relational.RelationalExecutionExtension.lambda$getExtraNodeExecutors$fbe53481$1(RelationalExecutionExtension.java:50)\n\tat org.finos.legend.engine.plan.execution.nodes.ExecutionNodeExecutor.lambda$visit$0(ExecutionNodeExecutor.java:164)\n\tat java.base/java.util.stream.ReferencePipeline$3$1.accept(ReferencePipeline.java:195)\n\tat java.base/java.util.Spliterators$ArraySpliterator.tryAdvance(Spliterators.java:958)\n\tat java.base/java.util.stream.ReferencePipeline.forEachWithCancel(ReferencePipeline.java:127)\n\tat java.base/java.util.stream.AbstractPipeline.copyIntoWithCancel(AbstractPipeline.java:502)\n\tat java.base/java.util.stream.AbstractPipeline.copyInto(AbstractPipeline.java:488)\n\tat java.base/java.util.stream.AbstractPipeline.wrapAndCopyInto(AbstractPipeline.java:474)\n\tat java.base/java.util.stream.FindOps$FindOp.evaluateSequential(FindOps.java:150)\n\tat java.base/java.util.stream.AbstractPipeline.evaluate(AbstractPipeline.java:234)\n\tat java.base/java.util.stream.ReferencePipeline.findFirst(ReferencePipeline.java:543)\n\tat org.finos.legend.engine.plan.execution.nodes.ExecutionNodeExecutor.visit(ExecutionNodeExecutor.java:164)\n\tat org.finos.legend.engine.plan.execution.nodes.ExecutionNodeExecutor.visit(ExecutionNodeExecutor.java:107)\n\tat org.finos.legend.engine.protocol.pure.v1.model.executionPlan.nodes.RelationalDataTypeInstantiationExecutionNode.accept(RelationalDataTypeInstantiationExecutionNode.java:22)\n\tat org.finos.legend.engine.plan.execution.PlanExecutor.execute(PlanExecutor.java:238)\n\tat org.finos.legend.engine.plan.execution.PlanExecutor.execute(PlanExecutor.java:225)\n\tat org.finos.legend.engine.plan.execution.api.ExecutePlan.doExecutePlanLegacy(ExecutePlan.java:102)\n\tat org.finos.legend.engine.plan.execution.api.ExecutePlan.doExecutePlan(ExecutePlan.java:84)\n\tat org.finos.legend.engine.plan.execution.api.ExecutePlanLegacy.executePlan(ExecutePlanLegacy.java:56)\n\tat jdk.internal.reflect.GeneratedMethodAccessor100.invoke(Unknown Source)\n\tat java.base/jdk.internal.reflect.DelegatingMethodAccessorImpl.invoke(DelegatingMethodAccessorImpl.java:43)\n\tat java.base/java.lang.reflect.Method.invoke(Method.java:566)\n\tat org.glassfish.jersey.server.model.internal.ResourceMethodInvocationHandlerFactory$1.invoke(ResourceMethodInvocationHandlerFactory.java:81)\n\tat org.glassfish.jersey.server.model.internal.AbstractJavaResourceMethodDispatcher$1.run(AbstractJavaResourceMethodDispatcher.java:144)\n\tat org.glassfish.jersey.server.model.internal.AbstractJavaResourceMethodDispatcher.invoke(AbstractJavaResourceMethodDispatcher.java:161)\n\tat org.glassfish.jersey.server.model.internal.JavaResourceMethodDispatcherProvider$ResponseOutInvoker.doDispatch(JavaResourceMethodDispatcherProvider.java:160)\n\tat org.glassfish.jersey.server.model.internal.AbstractJavaResourceMethodDispatcher.dispatch(AbstractJavaResourceMethodDispatcher.java:99)\n\tat org.glassfish.jersey.server.model.ResourceMethodInvoker.invoke(ResourceMethodInvoker.java:389)\n\tat org.glassfish.jersey.server.model.ResourceMethodInvoker.apply(ResourceMethodInvoker.java:347)\n\tat org.glassfish.jersey.server.model.ResourceMethodInvoker.apply(ResourceMethodInvoker.java:102)\n\tat org.glassfish.jersey.server.ServerRuntime$2.run(ServerRuntime.java:326)\n\tat org.glassfish.jersey.internal.Errors$1.call(Errors.java:271)\n\tat org.glassfish.jersey.internal.Errors$1.call(Errors.java:267)\n\tat org.glassfish.jersey.internal.Errors.process(Errors.java:315)\n\tat org.glassfish.jersey.internal.Errors.process(Errors.java:297)\n\tat org.glassfish.jersey.internal.Errors.process(Errors.java:267)\n\tat org.glassfish.jersey.process.internal.RequestScope.runInScope(RequestScope.java:317)\n\tat org.glassfish.jersey.server.ServerRuntime.process(ServerRuntime.java:305)\n\tat org.glassfish.jersey.server.ApplicationHandler.handle(ApplicationHandler.java:1154)\n\tat org.glassfish.jersey.servlet.WebComponent.serviceImpl(WebComponent.java:473)\n\tat org.glassfish.jersey.servlet.WebComponent.service(WebComponent.java:427)\n\tat org.glassfish.jersey.servlet.ServletContainer.service(ServletContainer.java:388)\n\tat org.glassfish.jersey.servlet.ServletContainer.service(ServletContainer.java:341)\n\tat org.glassfish.jersey.servlet.ServletContainer.service(ServletContainer.java:228)\n\tat org.eclipse.jetty.servlet.ServletHolder.handle(ServletHolder.java:799)\n\tat org.eclipse.jetty.servlet.ServletHandler$ChainEnd.doFilter(ServletHandler.java:1631)\n\tat io.dropwizard.servlets.ThreadNameFilter.doFilter(ThreadNameFilter.java:35)\n\tat org.eclipse.jetty.servlet.FilterHolder.doFilter(FilterHolder.java:193)\n\tat org.eclipse.jetty.servlet.ServletHandler$Chain.doFilter(ServletHandler.java:1601)\n\tat io.dropwizard.jersey.filter.AllowedMethodsFilter.handle(AllowedMethodsFilter.java:45)\n\tat io.dropwizard.jersey.filter.AllowedMethodsFilter.doFilter(AllowedMethodsFilter.java:39)\n\tat org.eclipse.jetty.servlet.FilterHolder.doFilter(FilterHolder.java:193)\n\tat org.eclipse.jetty.servlet.ServletHandler$Chain.doFilter(ServletHandler.java:1601)\n\tat org.finos.legend.server.pac4j.internal.UsernameFilter.doFilter(UsernameFilter.java:51)\n\tat org.eclipse.jetty.servlet.FilterHolder.doFilter(FilterHolder.java:193)\n\tat org.eclipse.jetty.servlet.ServletHandler$Chain.doFilter(ServletHandler.java:1601)\n\tat org.pac4j.j2e.filter.SecurityFilter.lambda$internalFilter$0(SecurityFilter.java:95)\n\tat org.pac4j.core.engine.DefaultSecurityLogic.perform(DefaultSecurityLogic.java:140)\n\tat org.pac4j.j2e.filter.SecurityFilter.internalFilter(SecurityFilter.java:93)\n\tat org.pac4j.j2e.filter.AbstractConfigFilter.doFilter(AbstractConfigFilter.java:81)\n\tat org.eclipse.jetty.servlet.FilterHolder.doFilter(FilterHolder.java:193)\n\tat org.eclipse.jetty.servlet.ServletHandler$Chain.doFilter(ServletHandler.java:1601)\n\tat org.eclipse.jetty.servlet.ServletHandler.doHandle(ServletHandler.java:548)\n\tat org.eclipse.jetty.server.handler.ScopedHandler.nextHandle(ScopedHandler.java:233)\n\tat org.eclipse.jetty.server.session.SessionHandler.doHandle(SessionHandler.java:1624)\n\tat org.eclipse.jetty.server.handler.ScopedHandler.nextHandle(ScopedHandler.java:233)\n\tat org.eclipse.jetty.server.handler.ContextHandler.doHandle(ContextHandler.java:1434)\n\tat org.eclipse.jetty.server.handler.ScopedHandler.nextScope(ScopedHandler.java:188)\n\tat org.eclipse.jetty.servlet.ServletHandler.doScope(ServletHandler.java:501)\n\tat org.eclipse.jetty.server.session.SessionHandler.doScope(SessionHandler.java:1594)\n\tat org.eclipse.jetty.server.handler.ScopedHandler.nextScope(ScopedHandler.java:186)\n\tat org.eclipse.jetty.server.handler.ContextHandler.doScope(ContextHandler.java:1349)\n\tat org.eclipse.jetty.server.handler.ScopedHandler.handle(ScopedHandler.java:141)\n\tat org.eclipse.jetty.server.handler.HandlerWrapper.handle(HandlerWrapper.java:127)\n\tat com.codahale.metrics.jetty9.InstrumentedHandler.handle(InstrumentedHandler.java:313)\n\tat io.dropwizard.jetty.ContextRoutingHandler.handle(ContextRoutingHandler.java:37)\n\tat org.eclipse.jetty.server.handler.gzip.GzipHandler.handle(GzipHandler.java:713)\n\tat io.dropwizard.jetty.BiDiGzipHandler.handle(BiDiGzipHandler.java:67)\n\tat org.eclipse.jetty.server.handler.StatisticsHandler.handle(StatisticsHandler.java:179)\n\tat org.eclipse.jetty.server.handler.HandlerWrapper.handle(HandlerWrapper.java:127)\n\tat org.eclipse.jetty.server.Server.handle(Server.java:516)\n\tat org.eclipse.jetty.server.HttpChannel.lambda$handle$1(HttpChannel.java:400)\n\tat org.eclipse.jetty.server.HttpChannel.dispatch(HttpChannel.java:645)\n\tat org.eclipse.jetty.server.HttpChannel.handle(HttpChannel.java:392)\n\tat org.eclipse.jetty.server.HttpConnection.onFillable(HttpConnection.java:277)\n\tat org.eclipse.jetty.io.AbstractConnection$ReadCallback.succeeded(AbstractConnection.java:311)\n\tat org.eclipse.jetty.io.FillInterest.fillable(FillInterest.java:105)\n\tat org.eclipse.jetty.io.ChannelEndPoint$1.run(ChannelEndPoint.java:104)\n\tat org.eclipse.jetty.util.thread.strategy.EatWhatYouKill.runTask(EatWhatYouKill.java:338)\n\tat org.eclipse.jetty.util.thread.strategy.EatWhatYouKill.doProduce(EatWhatYouKill.java:315)\n\tat org.eclipse.jetty.util.thread.strategy.EatWhatYouKill.tryProduce(EatWhatYouKill.java:173)\n\tat org.eclipse.jetty.util.thread.strategy.EatWhatYouKill.run(EatWhatYouKill.java:131)\n\tat org.eclipse.jetty.util.thread.ReservedThreadExecutor$ReservedThread.run(ReservedThreadExecutor.java:409)\n\tat org.eclipse.jetty.util.thread.QueuedThreadPool.runJob(QueuedThreadPool.java:883)\n\tat org.eclipse.jetty.util.thread.QueuedThreadPool$Runner.run(QueuedThreadPool.java:1034)\n\tat java.base/java.lang.Thread.run(Thread.java:829)\nCaused by: net.snowflake.client.jdbc.SnowflakeSQLException: SQL compilation error:\nFunction EXTRACT does not support VARCHAR(19) argument type\n\tat net.snowflake.client.jdbc.SnowflakeUtil.checkErrorAndThrowExceptionSub(SnowflakeUtil.java:127)\n\tat net.snowflake.client.jdbc.SnowflakeUtil.checkErrorAndThrowException(SnowflakeUtil.java:67)\n\tat net.snowflake.client.core.StmtUtil.pollForOutput(StmtUtil.java:442)\n\tat net.snowflake.client.core.StmtUtil.execute(StmtUtil.java:345)\n\tat net.snowflake.client.core.SFStatement.executeHelper(SFStatement.java:486)\n\tat net.snowflake.client.core.SFStatement.executeQueryInternal(SFStatement.java:197)\n\tat net.snowflake.client.core.SFStatement.executeQuery(SFStatement.java:134)\n\tat net.snowflake.client.core.SFStatement.execute(SFStatement.java:743)\n\tat net.snowflake.client.core.SFStatement.execute(SFStatement.java:639)\n\tat net.snowflake.client.jdbc.SnowflakeStatementV1.executeQueryInternal(SnowflakeStatementV1.java:238)\n\tat net.snowflake.client.jdbc.SnowflakeStatementV1.executeQuery(SnowflakeStatementV1.java:133)\n\tat com.zaxxer.hikari.pool.ProxyStatement.executeQuery(ProxyStatement.java:110)\n\tat com.zaxxer.hikari.pool.HikariProxyStatement.executeQuery(HikariProxyStatement.java)\n\tat org.finos.legend.engine.plan.execution.stores.relational.result.SQLExecutionResult.<init>(SQLExecutionResult.java:95)\n\t... 101 more\n"},"mode":"DEV","timeStamp":"2023-02-23 01:31:07.148","user":"_UNKNOWN_"}
| **dynaFunctions::year::testYear** | failing :x: |
]]></system-out>
  </testcase>
  <testcase name="testApostrophe[Snowflake]" classname="org.finos.legend.engine.server.test.shared.Relational_DbSpecific_UsingPureClientTestSuite$2" time="0.124"/>
  <testcase name="testApostropheInParameterValue[Snowflake]" classname="org.finos.legend.engine.server.test.shared.Relational_DbSpecific_UsingPureClientTestSuite$2" time="0.723"/>
  <testcase name="setUp[Snowflake]" classname="org.finos.legend.engine.server.test.shared.Relational_DbSpecific_UsingPureClientTestSuite$2" time="0">
    <skipped message="Assert failure at (resource:/platform/pure/basics/tests/assert.pure line:26 column:5), &quot;[unsupported-api] DDL commands translator not supported for Database Type: Snowflake&quot;"/>
    <system-out><![CDATA[Running db test namingTests::setUp
| **namingTests::setUp** | not-implemented :eight_spoked_asterisk: |
]]></system-out>
  </testcase>
  <testcase name="setUp[Snowflake]" classname="org.finos.legend.engine.server.test.shared.Relational_DbSpecific_UsingPureClientTestSuite$2" time="0">
    <skipped message="Assert failure at (resource:/platform/pure/basics/tests/assert.pure line:26 column:5), &quot;[unsupported-api] DDL commands translator not supported for Database Type: Snowflake&quot;"/>
    <system-out><![CDATA[Running db test selectSubClauses::setUp
| **selectSubClauses::setUp** | not-implemented :eight_spoked_asterisk: |
]]></system-out>
  </testcase>
  <testcase name="testASCiiAliasName[Snowflake]" classname="org.finos.legend.engine.server.test.shared.Relational_DbSpecific_UsingPureClientTestSuite$2" time="9.666">
    <error message="Assert failure at (resource:/platform/pure/basics/tests/assertEq.pure line:34 column:5), &quot;500 &apos;{&quot;code&quot;:-1,&quot;message&quot;:&quot;SnowflakeSQLException: SQL compilation error:&#10;Object &apos;TESTTABLE4&apos; does not exist or not authorized.&quot;,&quot;status&quot;:&quot;error&quot;,&quot;trace&quot;:&quot;java.lang.RuntimeException: net.snowflake.client.jdbc.SnowflakeSQLException: SQL compilation error:&#10;Object &apos;TESTTABLE4&apos; does not exist or not authorized.&#10;at org.finos.legend.engine.plan.execution.stores.relational.result.SQLExecutionResult.&lt;init&gt;(SQLExecutionResult.java:123)&#10;at org.finos.legend.engine.plan.execution.stores.relational.RelationalExecutor.execute(RelationalExecutor.java:241)&#10;at org.finos.legend.engine.plan.execution.stores.relational.plugin.RelationalExecutionNodeExecutor.visit(RelationalExecutionNodeExecutor.java:238)&#10;at org.finos.legend.engine.plan.execution.stores.relational.plugin.RelationalExecutionNodeExecutor.visit(RelationalExecutionNodeExecutor.java:252)&#10;at org.finos.legend.engine.plan.execution.stores.relational.plugin.RelationalExecutionNodeExecutor.visit(RelationalExecutionNodeExecutor.java:92)&#10;at org.finos.legend.engine.protocol.pure.v1.model.executionPlan.nodes.RelationalTdsInstantiationExecutionNode.accept(RelationalTdsInstantiationExecutionNode.java:22)&#10;at org.finos.legend.engine.plan.execution.stores.relational.RelationalExecutionExtension.lambda$getExtraNodeExecutors$fbe53481$1(RelationalExecutionExtension.java:50)&#10;at org.finos.legend.engine.plan.execution.nodes.ExecutionNodeExecutor.lambda$visit$0(ExecutionNodeExecutor.java:164)&#10;at java.base/java.util.stream.ReferencePipeline$3$1.accept(ReferencePipeline.java:195)&#10;at java.base/java.util.Spliterators$ArraySpliterator.tryAdvance(Spliterators.java:958)&#10;at java.base/java.util.stream.ReferencePipeline.forEachWithCancel(ReferencePipeline.java:127)&#10;at java.base/java.util.stream.AbstractPipeline.copyIntoWithCancel(AbstractPipeline.java:502)&#10;at java.base/java.util.stream.AbstractPipeline.copyInto(AbstractPipeline.java:488)&#10;at java.base/java.util.stream.AbstractPipeline.wrapAndCopyInto(AbstractPipeline.java:474)&#10;at java.base/java.util.stream.FindOps$FindOp.evaluateSequential(FindOps.java:150)&#10;at java.base/java.util.stream.AbstractPipeline.evaluate(AbstractPipeline.java:234)&#10;at java.base/java.util.stream.ReferencePipeline.findFirst(ReferencePipeline.java:543)&#10;at org.finos.legend.engine.plan.execution.nodes.ExecutionNodeExecutor.visit(ExecutionNodeExecutor.java:164)&#10;at org.finos.legend.engine.plan.execution.nodes.ExecutionNodeExecutor.visit(ExecutionNodeExecutor.java:107)&#10;at org.finos.legend.engine.protocol.pure.v1.model.executionPlan.nodes.RelationalTdsInstantiationExecutionNode.accept(RelationalTdsInstantiationExecutionNode.java:22)&#10;at org.finos.legend.engine.plan.execution.PlanExecutor.execute(PlanExecutor.java:238)&#10;at org.finos.legend.engine.plan.execution.PlanExecutor.execute(PlanExecutor.java:225)&#10;at org.finos.legend.engine.plan.execution.api.ExecutePlan.doExecutePlanLegacy(ExecutePlan.java:102)&#10;at org.finos.legend.engine.plan.execution.api.ExecutePlan.doExecutePlan(ExecutePlan.java:84)&#10;at org.finos.legend.engine.plan.execution.api.ExecutePlanLegacy.executePlan(ExecutePlanLegacy.java:56)&#10;at jdk.internal.reflect.GeneratedMethodAccessor100.invoke(Unknown Source)&#10;at java.base/jdk.internal.reflect.DelegatingMethodAccessorImpl.invoke(DelegatingMethodAccessorImpl.java:43)&#10;at java.base/java.lang.reflect.Method.invoke(Method.java:566)&#10;at org.glassfish.jersey.server.model.internal.ResourceMethodInvocationHandlerFactory$1.invoke(ResourceMethodInvocationHandlerFactory.java:81)&#10;at org.glassfish.jersey.server.model.internal.AbstractJavaResourceMethodDispatcher$1.run(AbstractJavaResourceMethodDispatcher.java:144)&#10;at org.glassfish.jersey.server.model.internal.AbstractJavaResourceMethodDispatcher.invoke(AbstractJavaResourceMethodDispatcher.java:161)&#10;at org.glassfish.jersey.server.model.internal.JavaResourceMethodDispatcherProvider$ResponseOutInvoker.doDispatch(JavaResourceMethodDispatcherProvider.java:160)&#10;at org.glassfish.jersey.server.model.internal.AbstractJavaResourceMethodDispatcher.dispatch(AbstractJavaResourceMethodDispatcher.java:99)&#10;at org.glassfish.jersey.server.model.ResourceMethodInvoker.invoke(ResourceMethodInvoker.java:389)&#10;at org.glassfish.jersey.server.model.ResourceMethodInvoker.apply(ResourceMethodInvoker.java:347)&#10;at org.glassfish.jersey.server.model.ResourceMethodInvoker.apply(ResourceMethodInvoker.java:102)&#10;at org.glassfish.jersey.server.ServerRuntime$2.run(ServerRuntime.java:326)&#10;at org.glassfish.jersey.internal.Errors$1.call(Errors.java:271)&#10;at org.glassfish.jersey.internal.Errors$1.call(Errors.java:267)&#10;at org.glassfish.jersey.internal.Errors.process(Errors.java:315)&#10;at org.glassfish.jersey.internal.Errors.process(Errors.java:297)&#10;at org.glassfish.jersey.internal.Errors.process(Errors.java:267)&#10;at org.glassfish.jersey.process.internal.RequestScope.runInScope(RequestScope.java:317)&#10;at org.glassfish.jersey.server.ServerRuntime.process(ServerRuntime.java:305)&#10;at org.glassfish.jersey.server.ApplicationHandler.handle(ApplicationHandler.java:1154)&#10;at org.glassfish.jersey.servlet.WebComponent.serviceImpl(WebComponent.java:473)&#10;at org.glassfish.jersey.servlet.WebComponent.service(WebComponent.java:427)&#10;at org.glassfish.jersey.servlet.ServletContainer.service(ServletContainer.java:388)&#10;at org.glassfish.jersey.servlet.ServletContainer.service(ServletContainer.java:341)&#10;at org.glassfish.jersey.servlet.ServletContainer.service(ServletContainer.java:228)&#10;at org.eclipse.jetty.servlet.ServletHolder.handle(ServletHolder.java:799)&#10;at org.eclipse.jetty.servlet.ServletHandler$ChainEnd.doFilter(ServletHandler.java:1631)&#10;at io.dropwizard.servlets.ThreadNameFilter.doFilter(ThreadNameFilter.java:35)&#10;at org.eclipse.jetty.servlet.FilterHolder.doFilter(FilterHolder.java:193)&#10;at org.eclipse.jetty.servlet.ServletHandler$Chain.doFilter(ServletHandler.java:1601)&#10;at io.dropwizard.jersey.filter.AllowedMethodsFilter.handle(AllowedMethodsFilter.java:45)&#10;at io.dropwizard.jersey.filter.AllowedMethodsFilter.doFilter(AllowedMethodsFilter.java:39)&#10;at org.eclipse.jetty.servlet.FilterHolder.doFilter(FilterHolder.java:193)&#10;at org.eclipse.jetty.servlet.ServletHandler$Chain.doFilter(ServletHandler.java:1601)&#10;at org.finos.legend.server.pac4j.internal.UsernameFilter.doFilter(UsernameFilter.java:51)&#10;at org.eclipse.jetty.servlet.FilterHolder.doFilter(FilterHolder.java:193)&#10;at org.eclipse.jetty.servlet.ServletHandler$Chain.doFilter(ServletHandler.java:1601)&#10;at org.pac4j.j2e.filter.SecurityFilter.lambda$internalFilter$0(SecurityFilter.java:95)&#10;at org.pac4j.core.engine.DefaultSecurityLogic.perform(DefaultSecurityLogic.java:140)&#10;at org.pac4j.j2e.filter.SecurityFilter.internalFilter(SecurityFilter.java:93)&#10;at org.pac4j.j2e.filter.AbstractConfigFilter.doFilter(AbstractConfigFilter.java:81)&#10;at org.eclipse.jetty.servlet.FilterHolder.doFilter(FilterHolder.java:193)&#10;at org.eclipse.jetty.servlet.ServletHandler$Chain.doFilter(ServletHandler.java:1601)&#10;at org.eclipse.jetty.servlet.ServletHandler.doHandle(ServletHandler.java:548)&#10;at org.eclipse.jetty.server.handler.ScopedHandler.nextHandle(ScopedHandler.java:233)&#10;at org.eclipse.jetty.server.session.SessionHandler.doHandle(SessionHandler.java:1624)&#10;at org.eclipse.jetty.server.handler.ScopedHandler.nextHandle(ScopedHandler.java:233)&#10;at org.eclipse.jetty.server.handler.ContextHandler.doHandle(ContextHandler.java:1434)&#10;at org.eclipse.jetty.server.handler.ScopedHandler.nextScope(ScopedHandler.java:188)&#10;at org.eclipse.jetty.servlet.ServletHandler.doScope(ServletHandler.java:501)&#10;at org.eclipse.jetty.server.session.SessionHandler.doScope(SessionHandler.java:1594)&#10;at org.eclipse.jetty.server.handler.ScopedHandler.nextScope(ScopedHandler.java:186)&#10;at org.eclipse.jetty.server.handler.ContextHandler.doScope(ContextHandler.java:1349)&#10;at org.eclipse.jetty.server.handler.ScopedHandler.handle(ScopedHandler.java:141)&#10;at org.eclipse.jetty.server.handler.HandlerWrapper.handle(HandlerWrapper.java:127)&#10;at com.codahale.metrics.jetty9.InstrumentedHandler.handle(InstrumentedHandler.java:313)&#10;at io.dropwizard.jetty.ContextRoutingHandler.handle(ContextRoutingHandler.java:37)&#10;at org.eclipse.jetty.server.handler.gzip.GzipHandler.handle(GzipHandler.java:713)&#10;at io.dropwizard.jetty.BiDiGzipHandler.handle(BiDiGzipHandler.java:67)&#10;at org.eclipse.jetty.server.handler.StatisticsHandler.handle(StatisticsHandler.java:179)&#10;at org.eclipse.jetty.server.handler.HandlerWrapper.handle(HandlerWrapper.java:127)&#10;at org.eclipse.jetty.server.Server.handle(Server.java:516)&#10;at org.eclipse.jetty.server.HttpChannel.lambda$handle$1(HttpChannel.java:400)&#10;at org.eclipse.jetty.server.HttpChannel.dispatch(HttpChannel.java:645)&#10;at org.eclipse.jetty.server.HttpChannel.handle(HttpChannel.java:392)&#10;at org.eclipse.jetty.server.HttpConnection.onFillable(HttpConnection.java:277)&#10;at org.eclipse.jetty.io.AbstractConnection$ReadCallback.succeeded(AbstractConnection.java:311)&#10;at org.eclipse.jetty.io.FillInterest.fillable(FillInterest.java:105)&#10;at org.eclipse.jetty.io.ChannelEndPoint$1.run(ChannelEndPoint.java:104)&#10;at org.eclipse.jetty.util.thread.strategy.EatWhatYouKill.runTask(EatWhatYouKill.java:338)&#10;at org.eclipse.jetty.util.thread.strategy.EatWhatYouKill.doProduce(EatWhatYouKill.java:315)&#10;at org.eclipse.jetty.util.thread.strategy.EatWhatYouKill.tryProduce(EatWhatYouKill.java:173)&#10;at org.eclipse.jetty.util.thread.strategy.EatWhatYouKill.run(EatWhatYouKill.java:131)&#10;at org.eclipse.jetty.util.thread.ReservedThreadExecutor$ReservedThread.run(ReservedThreadExecutor.java:409)&#10;at org.eclipse.jetty.util.thread.QueuedThreadPool.runJob(QueuedThreadPool.java:883)&#10;at org.eclipse.jetty.util.thread.QueuedThreadPool$Runner.run(QueuedThreadPool.java:1034)&#10;at java.base/java.lang.Thread.run(Thread.java:829)&#10;Caused by: net.snowflake.client.jdbc.SnowflakeSQLException: SQL compilation error:&#10;Object &apos;TESTTABLE4&apos; does not exist or not authorized.&#10;at net.snowflake.client.jdbc.SnowflakeUtil.checkErrorAndThrowExceptionSub(SnowflakeUtil.java:127)&#10;at net.snowflake.client.jdbc.SnowflakeUtil.checkErrorAndThrowException(SnowflakeUtil.java:67)&#10;at net.snowflake.client.core.StmtUtil.pollForOutput(StmtUtil.java:442)&#10;at net.snowflake.client.core.StmtUtil.execute(StmtUtil.java:345)&#10;at net.snowflake.client.core.SFStatement.executeHelper(SFStatement.java:486)&#10;at net.snowflake.client.core.SFStatement.executeQueryInternal(SFStatement.java:197)&#10;at net.snowflake.client.core.SFStatement.executeQuery(SFStatement.java:134)&#10;at net.snowflake.client.core.SFStatement.execute(SFStatement.java:743)&#10;at net.snowflake.client.core.SFStatement.execute(SFStatement.java:639)&#10;at net.snowflake.client.jdbc.SnowflakeStatementV1.executeQueryInternal(SnowflakeStatementV1.java:238)&#10;at net.snowflake.client.jdbc.SnowflakeStatementV1.executeQuery(SnowflakeStatementV1.java:133)&#10;at com.zaxxer.hikari.pool.ProxyStatement.executeQuery(ProxyStatement.java:110)&#10;at com.zaxxer.hikari.pool.HikariProxyStatement.executeQuery(HikariProxyStatement.java)&#10;at org.finos.legend.engine.plan.execution.stores.relational.result.SQLExecutionResult.&lt;init&gt;(SQLExecutionResult.java:95)&#10;... 101 more&#10;&quot;}&apos;&quot;" type="Assert failure at (resource"><![CDATA[Assert failure at (resource:/platform/pure/basics/tests/assertEq.pure line:34 column:5), "500 '{"code":-1,"message":"SnowflakeSQLException: SQL compilation error:
Object 'TESTTABLE4' does not exist or not authorized.","status":"error","trace":"java.lang.RuntimeException: net.snowflake.client.jdbc.SnowflakeSQLException: SQL compilation error:
Object 'TESTTABLE4' does not exist or not authorized.
at org.finos.legend.engine.plan.execution.stores.relational.result.SQLExecutionResult.<init>(SQLExecutionResult.java:123)
at org.finos.legend.engine.plan.execution.stores.relational.RelationalExecutor.execute(RelationalExecutor.java:241)
at org.finos.legend.engine.plan.execution.stores.relational.plugin.RelationalExecutionNodeExecutor.visit(RelationalExecutionNodeExecutor.java:238)
at org.finos.legend.engine.plan.execution.stores.relational.plugin.RelationalExecutionNodeExecutor.visit(RelationalExecutionNodeExecutor.java:252)
at org.finos.legend.engine.plan.execution.stores.relational.plugin.RelationalExecutionNodeExecutor.visit(RelationalExecutionNodeExecutor.java:92)
at org.finos.legend.engine.protocol.pure.v1.model.executionPlan.nodes.RelationalTdsInstantiationExecutionNode.accept(RelationalTdsInstantiationExecutionNode.java:22)
at org.finos.legend.engine.plan.execution.stores.relational.RelationalExecutionExtension.lambda$getExtraNodeExecutors$fbe53481$1(RelationalExecutionExtension.java:50)
at org.finos.legend.engine.plan.execution.nodes.ExecutionNodeExecutor.lambda$visit$0(ExecutionNodeExecutor.java:164)
at java.base/java.util.stream.ReferencePipeline$3$1.accept(ReferencePipeline.java:195)
at java.base/java.util.Spliterators$ArraySpliterator.tryAdvance(Spliterators.java:958)
at java.base/java.util.stream.ReferencePipeline.forEachWithCancel(ReferencePipeline.java:127)
at java.base/java.util.stream.AbstractPipeline.copyIntoWithCancel(AbstractPipeline.java:502)
at java.base/java.util.stream.AbstractPipeline.copyInto(AbstractPipeline.java:488)
at java.base/java.util.stream.AbstractPipeline.wrapAndCopyInto(AbstractPipeline.java:474)
at java.base/java.util.stream.FindOps$FindOp.evaluateSequential(FindOps.java:150)
at java.base/java.util.stream.AbstractPipeline.evaluate(AbstractPipeline.java:234)
at java.base/java.util.stream.ReferencePipeline.findFirst(ReferencePipeline.java:543)
at org.finos.legend.engine.plan.execution.nodes.ExecutionNodeExecutor.visit(ExecutionNodeExecutor.java:164)
at org.finos.legend.engine.plan.execution.nodes.ExecutionNodeExecutor.visit(ExecutionNodeExecutor.java:107)
at org.finos.legend.engine.protocol.pure.v1.model.executionPlan.nodes.RelationalTdsInstantiationExecutionNode.accept(RelationalTdsInstantiationExecutionNode.java:22)
at org.finos.legend.engine.plan.execution.PlanExecutor.execute(PlanExecutor.java:238)
at org.finos.legend.engine.plan.execution.PlanExecutor.execute(PlanExecutor.java:225)
at org.finos.legend.engine.plan.execution.api.ExecutePlan.doExecutePlanLegacy(ExecutePlan.java:102)
at org.finos.legend.engine.plan.execution.api.ExecutePlan.doExecutePlan(ExecutePlan.java:84)
at org.finos.legend.engine.plan.execution.api.ExecutePlanLegacy.executePlan(ExecutePlanLegacy.java:56)
at jdk.internal.reflect.GeneratedMethodAccessor100.invoke(Unknown Source)
at java.base/jdk.internal.reflect.DelegatingMethodAccessorImpl.invoke(DelegatingMethodAccessorImpl.java:43)
at java.base/java.lang.reflect.Method.invoke(Method.java:566)
at org.glassfish.jersey.server.model.internal.ResourceMethodInvocationHandlerFactory$1.invoke(ResourceMethodInvocationHandlerFactory.java:81)
at org.glassfish.jersey.server.model.internal.AbstractJavaResourceMethodDispatcher$1.run(AbstractJavaResourceMethodDispatcher.java:144)
at org.glassfish.jersey.server.model.internal.AbstractJavaResourceMethodDispatcher.invoke(AbstractJavaResourceMethodDispatcher.java:161)
at org.glassfish.jersey.server.model.internal.JavaResourceMethodDispatcherProvider$ResponseOutInvoker.doDispatch(JavaResourceMethodDispatcherProvider.java:160)
at org.glassfish.jersey.server.model.internal.AbstractJavaResourceMethodDispatcher.dispatch(AbstractJavaResourceMethodDispatcher.java:99)
at org.glassfish.jersey.server.model.ResourceMethodInvoker.invoke(ResourceMethodInvoker.java:389)
at org.glassfish.jersey.server.model.ResourceMethodInvoker.apply(ResourceMethodInvoker.java:347)
at org.glassfish.jersey.server.model.ResourceMethodInvoker.apply(ResourceMethodInvoker.java:102)
at org.glassfish.jersey.server.ServerRuntime$2.run(ServerRuntime.java:326)
at org.glassfish.jersey.internal.Errors$1.call(Errors.java:271)
at org.glassfish.jersey.internal.Errors$1.call(Errors.java:267)
at org.glassfish.jersey.internal.Errors.process(Errors.java:315)
at org.glassfish.jersey.internal.Errors.process(Errors.java:297)
at org.glassfish.jersey.internal.Errors.process(Errors.java:267)
at org.glassfish.jersey.process.internal.RequestScope.runInScope(RequestScope.java:317)
at org.glassfish.jersey.server.ServerRuntime.process(ServerRuntime.java:305)
at org.glassfish.jersey.server.ApplicationHandler.handle(ApplicationHandler.java:1154)
at org.glassfish.jersey.servlet.WebComponent.serviceImpl(WebComponent.java:473)
at org.glassfish.jersey.servlet.WebComponent.service(WebComponent.java:427)
at org.glassfish.jersey.servlet.ServletContainer.service(ServletContainer.java:388)
at org.glassfish.jersey.servlet.ServletContainer.service(ServletContainer.java:341)
at org.glassfish.jersey.servlet.ServletContainer.service(ServletContainer.java:228)
at org.eclipse.jetty.servlet.ServletHolder.handle(ServletHolder.java:799)
at org.eclipse.jetty.servlet.ServletHandler$ChainEnd.doFilter(ServletHandler.java:1631)
at io.dropwizard.servlets.ThreadNameFilter.doFilter(ThreadNameFilter.java:35)
at org.eclipse.jetty.servlet.FilterHolder.doFilter(FilterHolder.java:193)
at org.eclipse.jetty.servlet.ServletHandler$Chain.doFilter(ServletHandler.java:1601)
at io.dropwizard.jersey.filter.AllowedMethodsFilter.handle(AllowedMethodsFilter.java:45)
at io.dropwizard.jersey.filter.AllowedMethodsFilter.doFilter(AllowedMethodsFilter.java:39)
at org.eclipse.jetty.servlet.FilterHolder.doFilter(FilterHolder.java:193)
at org.eclipse.jetty.servlet.ServletHandler$Chain.doFilter(ServletHandler.java:1601)
at org.finos.legend.server.pac4j.internal.UsernameFilter.doFilter(UsernameFilter.java:51)
at org.eclipse.jetty.servlet.FilterHolder.doFilter(FilterHolder.java:193)
at org.eclipse.jetty.servlet.ServletHandler$Chain.doFilter(ServletHandler.java:1601)
at org.pac4j.j2e.filter.SecurityFilter.lambda$internalFilter$0(SecurityFilter.java:95)
at org.pac4j.core.engine.DefaultSecurityLogic.perform(DefaultSecurityLogic.java:140)
at org.pac4j.j2e.filter.SecurityFilter.internalFilter(SecurityFilter.java:93)
at org.pac4j.j2e.filter.AbstractConfigFilter.doFilter(AbstractConfigFilter.java:81)
at org.eclipse.jetty.servlet.FilterHolder.doFilter(FilterHolder.java:193)
at org.eclipse.jetty.servlet.ServletHandler$Chain.doFilter(ServletHandler.java:1601)
at org.eclipse.jetty.servlet.ServletHandler.doHandle(ServletHandler.java:548)
at org.eclipse.jetty.server.handler.ScopedHandler.nextHandle(ScopedHandler.java:233)
at org.eclipse.jetty.server.session.SessionHandler.doHandle(SessionHandler.java:1624)
at org.eclipse.jetty.server.handler.ScopedHandler.nextHandle(ScopedHandler.java:233)
at org.eclipse.jetty.server.handler.ContextHandler.doHandle(ContextHandler.java:1434)
at org.eclipse.jetty.server.handler.ScopedHandler.nextScope(ScopedHandler.java:188)
at org.eclipse.jetty.servlet.ServletHandler.doScope(ServletHandler.java:501)
at org.eclipse.jetty.server.session.SessionHandler.doScope(SessionHandler.java:1594)
at org.eclipse.jetty.server.handler.ScopedHandler.nextScope(ScopedHandler.java:186)
at org.eclipse.jetty.server.handler.ContextHandler.doScope(ContextHandler.java:1349)
at org.eclipse.jetty.server.handler.ScopedHandler.handle(ScopedHandler.java:141)
at org.eclipse.jetty.server.handler.HandlerWrapper.handle(HandlerWrapper.java:127)
at com.codahale.metrics.jetty9.InstrumentedHandler.handle(InstrumentedHandler.java:313)
at io.dropwizard.jetty.ContextRoutingHandler.handle(ContextRoutingHandler.java:37)
at org.eclipse.jetty.server.handler.gzip.GzipHandler.handle(GzipHandler.java:713)
at io.dropwizard.jetty.BiDiGzipHandler.handle(BiDiGzipHandler.java:67)
at org.eclipse.jetty.server.handler.StatisticsHandler.handle(StatisticsHandler.java:179)
at org.eclipse.jetty.server.handler.HandlerWrapper.handle(HandlerWrapper.java:127)
at org.eclipse.jetty.server.Server.handle(Server.java:516)
at org.eclipse.jetty.server.HttpChannel.lambda$handle$1(HttpChannel.java:400)
at org.eclipse.jetty.server.HttpChannel.dispatch(HttpChannel.java:645)
at org.eclipse.jetty.server.HttpChannel.handle(HttpChannel.java:392)
at org.eclipse.jetty.server.HttpConnection.onFillable(HttpConnection.java:277)
at org.eclipse.jetty.io.AbstractConnection$ReadCallback.succeeded(AbstractConnection.java:311)
at org.eclipse.jetty.io.FillInterest.fillable(FillInterest.java:105)
at org.eclipse.jetty.io.ChannelEndPoint$1.run(ChannelEndPoint.java:104)
at org.eclipse.jetty.util.thread.strategy.EatWhatYouKill.runTask(EatWhatYouKill.java:338)
at org.eclipse.jetty.util.thread.strategy.EatWhatYouKill.doProduce(EatWhatYouKill.java:315)
at org.eclipse.jetty.util.thread.strategy.EatWhatYouKill.tryProduce(EatWhatYouKill.java:173)
at org.eclipse.jetty.util.thread.strategy.EatWhatYouKill.run(EatWhatYouKill.java:131)
at org.eclipse.jetty.util.thread.ReservedThreadExecutor$ReservedThread.run(ReservedThreadExecutor.java:409)
at org.eclipse.jetty.util.thread.QueuedThreadPool.runJob(QueuedThreadPool.java:883)
at org.eclipse.jetty.util.thread.QueuedThreadPool$Runner.run(QueuedThreadPool.java:1034)
at java.base/java.lang.Thread.run(Thread.java:829)
Caused by: net.snowflake.client.jdbc.SnowflakeSQLException: SQL compilation error:
Object 'TESTTABLE4' does not exist or not authorized.
at net.snowflake.client.jdbc.SnowflakeUtil.checkErrorAndThrowExceptionSub(SnowflakeUtil.java:127)
at net.snowflake.client.jdbc.SnowflakeUtil.checkErrorAndThrowException(SnowflakeUtil.java:67)
at net.snowflake.client.core.StmtUtil.pollForOutput(StmtUtil.java:442)
at net.snowflake.client.core.StmtUtil.execute(StmtUtil.java:345)
at net.snowflake.client.core.SFStatement.executeHelper(SFStatement.java:486)
at net.snowflake.client.core.SFStatement.executeQueryInternal(SFStatement.java:197)
at net.snowflake.client.core.SFStatement.executeQuery(SFStatement.java:134)
at net.snowflake.client.core.SFStatement.execute(SFStatement.java:743)
at net.snowflake.client.core.SFStatement.execute(SFStatement.java:639)
at net.snowflake.client.jdbc.SnowflakeStatementV1.executeQueryInternal(SnowflakeStatementV1.java:238)
at net.snowflake.client.jdbc.SnowflakeStatementV1.executeQuery(SnowflakeStatementV1.java:133)
at com.zaxxer.hikari.pool.ProxyStatement.executeQuery(ProxyStatement.java:110)
at com.zaxxer.hikari.pool.HikariProxyStatement.executeQuery(HikariProxyStatement.java)
at org.finos.legend.engine.plan.execution.stores.relational.result.SQLExecutionResult.<init>(SQLExecutionResult.java:95)
... 101 more
"}'"
	at org.finos.legend.pure.runtime.java.compiled.generation.processors.support.CompiledSupport.pureAssert(CompiledSupport.java:1994)
	at org.finos.legend.pure.generated.platform_pure_basics_tests_assertEq.Root_meta_pure_functions_asserts_assertEq_Any_1__Any_1__Function_1__Boolean_1_(platform_pure_basics_tests_assertEq.java:44)
	at org.finos.legend.pure.generated.core_pure_protocol_vX_X_X_invocations_execution.Root_meta_protocols_pure_vX_X_X_invocation_execution_execute_executePlan_String_1__String_1__Integer_1__String_1_(core_pure_protocol_vX_X_X_invocations_execution.java:751)
	at org.finos.legend.pure.generated.core_pure_protocol_vX_X_X_invocations_execution.Root_meta_protocols_pure_vX_X_X_invocation_execution_execute_executePlan_ExecutionPlan_1__String_1__Integer_1__Extension_MANY__String_1_(core_pure_protocol_vX_X_X_invocations_execution.java:745)
	at org.finos.legend.pure.generated.core_pure_protocol_vX_X_X_invocations_execution.Root_meta_protocols_pure_vX_X_X_invocation_execution_execute_executePlan_ExecutionPlan_1__ExecutionContext_$0_1$__String_1__Integer_1__Extension_MANY__Result_1_(core_pure_protocol_vX_X_X_invocations_execution.java:738)
	at jdk.internal.reflect.GeneratedMethodAccessor96.invoke(Unknown Source)
	at java.base/jdk.internal.reflect.DelegatingMethodAccessorImpl.invoke(DelegatingMethodAccessorImpl.java:43)
	at java.base/java.lang.reflect.Method.invoke(Method.java:566)
	at org.finos.legend.pure.runtime.java.compiled.metadata.JavaMethodWithParamsSharedPureFunction.execute(JavaMethodWithParamsSharedPureFunction.java:59)
	at org.finos.legend.pure.runtime.java.compiled.generation.processors.support.Pure._evaluateToMany(Pure.java:546)
	at org.finos.legend.pure.generated.CoreGen.evaluateToMany(CoreGen.java:147)
	at org.finos.legend.pure.generated.CoreGen.evaluateToMany(CoreGen.java:134)
	at org.finos.legend.pure.generated.core_pure_router_router_entry$9$1.value(core_pure_router_router_entry.java:318)
	at org.finos.legend.pure.generated.core_pure_router_router_entry$9$1.execute(core_pure_router_router_entry.java:311)
	at org.finos.legend.pure.generated.core_pure_router_router_entry$9$1.execute(core_pure_router_router_entry.java:307)
	at org.finos.legend.pure.runtime.java.compiled.generation.processors.support.Pure.evaluate(Pure.java:485)
	at org.finos.legend.pure.runtime.java.compiled.generation.processors.support.Pure.legendTest(Pure.java:216)
	at org.finos.legend.pure.generated.CoreGen.legendTest(CoreGen.java:61)
	at org.finos.legend.pure.generated.core_pure_router_router_entry$9.valueOf(core_pure_router_router_entry.java:303)
	at org.finos.legend.pure.generated.core_pure_router_router_entry$9.execute(core_pure_router_router_entry.java:298)
	at org.finos.legend.pure.generated.core_pure_router_router_entry$9.execute(core_pure_router_router_entry.java:294)
	at org.finos.legend.pure.runtime.java.compiled.generation.processors.support.Pure.evaluate(Pure.java:485)
	at org.finos.legend.pure.runtime.java.compiled.generation.processors.support.Pure.traceSpan(Pure.java:1482)
	at org.finos.legend.pure.generated.CoreGen.traceSpan(CoreGen.java:203)
	at org.finos.legend.pure.generated.core_pure_router_router_entry.Root_meta_pure_router_executePlan_ExecutionPlan_1__ExecutionContext_1__Extension_MANY__Result_$0_1$_(core_pure_router_router_entry.java:290)
	at org.finos.legend.pure.generated.core_pure_router_router_entry.Root_meta_pure_router_executePlan_ExecutionPlan_1__Extension_MANY__Result_$0_1$_(core_pure_router_router_entry.java:285)
	at org.finos.legend.pure.generated.core_relational_relational_sqlQueryToString_dbTestRunner_executionPlanTestRunner$19.execute(core_relational_relational_sqlQueryToString_dbTestRunner_executionPlanTestRunner.java:305)
	at org.finos.legend.pure.generated.core_relational_relational_sqlQueryToString_dbTestRunner_executionPlanTestRunner.Root_meta_relational_dbTestRunner_executeViaPlan_FunctionDefinition_1__Mapping_1__Database_1__DbTestConfig_1__Extension_MANY__Result_$0_1$_(core_relational_relational_sqlQueryToString_dbTestRunner_executionPlanTestRunner.java:309)
	at org.finos.legend.pure.generated.core_relational_relational_sqlQueryToString_testSuite_naming_naming.Root_meta_relational_tests_dbSpecificTests_sqlQueryTests_namingTests_testASCiiAliasName_DbTestConfig_1__Boolean_1_(core_relational_relational_sqlQueryToString_testSuite_naming_naming.java:758)
	at java.base/jdk.internal.reflect.NativeMethodAccessorImpl.invoke0(Native Method)
	at java.base/jdk.internal.reflect.NativeMethodAccessorImpl.invoke(NativeMethodAccessorImpl.java:62)
	at java.base/jdk.internal.reflect.DelegatingMethodAccessorImpl.invoke(DelegatingMethodAccessorImpl.java:43)
	at java.base/java.lang.reflect.Method.invoke(Method.java:566)
	at org.finos.legend.pure.runtime.java.compiled.testHelper.PureTestBuilderCompiled.executeFn(PureTestBuilderCompiled.java:113)
	at org.finos.legend.pure.runtime.java.compiled.testHelper.PureTestBuilderCompiled.lambda$buildSuite$0(PureTestBuilderCompiled.java:79)
	at org.finos.legend.pure.m3.execution.test.PureTestBuilder$PureTestCase.runTest(PureTestBuilder.java:95)
	at junit.framework.TestCase.runBare(TestCase.java:142)
	at org.finos.legend.engine.server.test.shared.Relational_DbSpecific_UsingPureClientTestSuite$2.runTest(Relational_DbSpecific_UsingPureClientTestSuite.java:90)
	at junit.framework.TestCase.runBare(TestCase.java:142)
	at junit.framework.TestResult$1.protect(TestResult.java:122)
	at junit.framework.TestResult.runProtected(TestResult.java:142)
	at junit.framework.TestResult.run(TestResult.java:125)
	at junit.framework.TestCase.run(TestCase.java:130)
	at junit.framework.TestSuite.runTest(TestSuite.java:241)
	at junit.framework.TestSuite.run(TestSuite.java:236)
	at junit.framework.TestSuite.runTest(TestSuite.java:241)
	at junit.framework.TestSuite.run(TestSuite.java:236)
	at junit.framework.TestSuite.runTest(TestSuite.java:241)
	at junit.framework.TestSuite.run(TestSuite.java:236)
	at junit.framework.TestSuite.runTest(TestSuite.java:241)
	at junit.framework.TestSuite.run(TestSuite.java:236)
	at junit.extensions.TestDecorator.basicRun(TestDecorator.java:24)
	at junit.extensions.TestSetup$1.protect(TestSetup.java:23)
	at junit.framework.TestResult.runProtected(TestResult.java:142)
	at junit.extensions.TestSetup.run(TestSetup.java:27)
	at org.junit.internal.runners.JUnit38ClassRunner.run(JUnit38ClassRunner.java:90)
	at org.apache.maven.surefire.junit4.JUnit4Provider.execute(JUnit4Provider.java:365)
	at org.apache.maven.surefire.junit4.JUnit4Provider.executeWithRerun(JUnit4Provider.java:273)
	at org.apache.maven.surefire.junit4.JUnit4Provider.executeTestSet(JUnit4Provider.java:238)
	at org.apache.maven.surefire.junit4.JUnit4Provider.invoke(JUnit4Provider.java:159)
	at org.apache.maven.surefire.booter.ForkedBooter.invokeProviderInSameClassLoader(ForkedBooter.java:384)
	at org.apache.maven.surefire.booter.ForkedBooter.runSuitesInProcess(ForkedBooter.java:345)
	at org.apache.maven.surefire.booter.ForkedBooter.execute(ForkedBooter.java:126)
	at org.apache.maven.surefire.booter.ForkedBooter.main(ForkedBooter.java:418)
]]></error>
    <system-out><![CDATA[Running db test namingTests::testASCiiAliasName
{"duration":0.0,"eventType":"EXECUTION_PLAN_EXEC_ERROR","info":{"code":-1,"message":"SnowflakeSQLException: SQL compilation error:\nObject 'TESTTABLE4' does not exist or not authorized.","status":"error","trace":"java.lang.RuntimeException: net.snowflake.client.jdbc.SnowflakeSQLException: SQL compilation error:\nObject 'TESTTABLE4' does not exist or not authorized.\n\tat org.finos.legend.engine.plan.execution.stores.relational.result.SQLExecutionResult.<init>(SQLExecutionResult.java:123)\n\tat org.finos.legend.engine.plan.execution.stores.relational.RelationalExecutor.execute(RelationalExecutor.java:241)\n\tat org.finos.legend.engine.plan.execution.stores.relational.plugin.RelationalExecutionNodeExecutor.visit(RelationalExecutionNodeExecutor.java:238)\n\tat org.finos.legend.engine.plan.execution.stores.relational.plugin.RelationalExecutionNodeExecutor.visit(RelationalExecutionNodeExecutor.java:252)\n\tat org.finos.legend.engine.plan.execution.stores.relational.plugin.RelationalExecutionNodeExecutor.visit(RelationalExecutionNodeExecutor.java:92)\n\tat org.finos.legend.engine.protocol.pure.v1.model.executionPlan.nodes.RelationalTdsInstantiationExecutionNode.accept(RelationalTdsInstantiationExecutionNode.java:22)\n\tat org.finos.legend.engine.plan.execution.stores.relational.RelationalExecutionExtension.lambda$getExtraNodeExecutors$fbe53481$1(RelationalExecutionExtension.java:50)\n\tat org.finos.legend.engine.plan.execution.nodes.ExecutionNodeExecutor.lambda$visit$0(ExecutionNodeExecutor.java:164)\n\tat java.base/java.util.stream.ReferencePipeline$3$1.accept(ReferencePipeline.java:195)\n\tat java.base/java.util.Spliterators$ArraySpliterator.tryAdvance(Spliterators.java:958)\n\tat java.base/java.util.stream.ReferencePipeline.forEachWithCancel(ReferencePipeline.java:127)\n\tat java.base/java.util.stream.AbstractPipeline.copyIntoWithCancel(AbstractPipeline.java:502)\n\tat java.base/java.util.stream.AbstractPipeline.copyInto(AbstractPipeline.java:488)\n\tat java.base/java.util.stream.AbstractPipeline.wrapAndCopyInto(AbstractPipeline.java:474)\n\tat java.base/java.util.stream.FindOps$FindOp.evaluateSequential(FindOps.java:150)\n\tat java.base/java.util.stream.AbstractPipeline.evaluate(AbstractPipeline.java:234)\n\tat java.base/java.util.stream.ReferencePipeline.findFirst(ReferencePipeline.java:543)\n\tat org.finos.legend.engine.plan.execution.nodes.ExecutionNodeExecutor.visit(ExecutionNodeExecutor.java:164)\n\tat org.finos.legend.engine.plan.execution.nodes.ExecutionNodeExecutor.visit(ExecutionNodeExecutor.java:107)\n\tat org.finos.legend.engine.protocol.pure.v1.model.executionPlan.nodes.RelationalTdsInstantiationExecutionNode.accept(RelationalTdsInstantiationExecutionNode.java:22)\n\tat org.finos.legend.engine.plan.execution.PlanExecutor.execute(PlanExecutor.java:238)\n\tat org.finos.legend.engine.plan.execution.PlanExecutor.execute(PlanExecutor.java:225)\n\tat org.finos.legend.engine.plan.execution.api.ExecutePlan.doExecutePlanLegacy(ExecutePlan.java:102)\n\tat org.finos.legend.engine.plan.execution.api.ExecutePlan.doExecutePlan(ExecutePlan.java:84)\n\tat org.finos.legend.engine.plan.execution.api.ExecutePlanLegacy.executePlan(ExecutePlanLegacy.java:56)\n\tat jdk.internal.reflect.GeneratedMethodAccessor100.invoke(Unknown Source)\n\tat java.base/jdk.internal.reflect.DelegatingMethodAccessorImpl.invoke(DelegatingMethodAccessorImpl.java:43)\n\tat java.base/java.lang.reflect.Method.invoke(Method.java:566)\n\tat org.glassfish.jersey.server.model.internal.ResourceMethodInvocationHandlerFactory$1.invoke(ResourceMethodInvocationHandlerFactory.java:81)\n\tat org.glassfish.jersey.server.model.internal.AbstractJavaResourceMethodDispatcher$1.run(AbstractJavaResourceMethodDispatcher.java:144)\n\tat org.glassfish.jersey.server.model.internal.AbstractJavaResourceMethodDispatcher.invoke(AbstractJavaResourceMethodDispatcher.java:161)\n\tat org.glassfish.jersey.server.model.internal.JavaResourceMethodDispatcherProvider$ResponseOutInvoker.doDispatch(JavaResourceMethodDispatcherProvider.java:160)\n\tat org.glassfish.jersey.server.model.internal.AbstractJavaResourceMethodDispatcher.dispatch(AbstractJavaResourceMethodDispatcher.java:99)\n\tat org.glassfish.jersey.server.model.ResourceMethodInvoker.invoke(ResourceMethodInvoker.java:389)\n\tat org.glassfish.jersey.server.model.ResourceMethodInvoker.apply(ResourceMethodInvoker.java:347)\n\tat org.glassfish.jersey.server.model.ResourceMethodInvoker.apply(ResourceMethodInvoker.java:102)\n\tat org.glassfish.jersey.server.ServerRuntime$2.run(ServerRuntime.java:326)\n\tat org.glassfish.jersey.internal.Errors$1.call(Errors.java:271)\n\tat org.glassfish.jersey.internal.Errors$1.call(Errors.java:267)\n\tat org.glassfish.jersey.internal.Errors.process(Errors.java:315)\n\tat org.glassfish.jersey.internal.Errors.process(Errors.java:297)\n\tat org.glassfish.jersey.internal.Errors.process(Errors.java:267)\n\tat org.glassfish.jersey.process.internal.RequestScope.runInScope(RequestScope.java:317)\n\tat org.glassfish.jersey.server.ServerRuntime.process(ServerRuntime.java:305)\n\tat org.glassfish.jersey.server.ApplicationHandler.handle(ApplicationHandler.java:1154)\n\tat org.glassfish.jersey.servlet.WebComponent.serviceImpl(WebComponent.java:473)\n\tat org.glassfish.jersey.servlet.WebComponent.service(WebComponent.java:427)\n\tat org.glassfish.jersey.servlet.ServletContainer.service(ServletContainer.java:388)\n\tat org.glassfish.jersey.servlet.ServletContainer.service(ServletContainer.java:341)\n\tat org.glassfish.jersey.servlet.ServletContainer.service(ServletContainer.java:228)\n\tat org.eclipse.jetty.servlet.ServletHolder.handle(ServletHolder.java:799)\n\tat org.eclipse.jetty.servlet.ServletHandler$ChainEnd.doFilter(ServletHandler.java:1631)\n\tat io.dropwizard.servlets.ThreadNameFilter.doFilter(ThreadNameFilter.java:35)\n\tat org.eclipse.jetty.servlet.FilterHolder.doFilter(FilterHolder.java:193)\n\tat org.eclipse.jetty.servlet.ServletHandler$Chain.doFilter(ServletHandler.java:1601)\n\tat io.dropwizard.jersey.filter.AllowedMethodsFilter.handle(AllowedMethodsFilter.java:45)\n\tat io.dropwizard.jersey.filter.AllowedMethodsFilter.doFilter(AllowedMethodsFilter.java:39)\n\tat org.eclipse.jetty.servlet.FilterHolder.doFilter(FilterHolder.java:193)\n\tat org.eclipse.jetty.servlet.ServletHandler$Chain.doFilter(ServletHandler.java:1601)\n\tat org.finos.legend.server.pac4j.internal.UsernameFilter.doFilter(UsernameFilter.java:51)\n\tat org.eclipse.jetty.servlet.FilterHolder.doFilter(FilterHolder.java:193)\n\tat org.eclipse.jetty.servlet.ServletHandler$Chain.doFilter(ServletHandler.java:1601)\n\tat org.pac4j.j2e.filter.SecurityFilter.lambda$internalFilter$0(SecurityFilter.java:95)\n\tat org.pac4j.core.engine.DefaultSecurityLogic.perform(DefaultSecurityLogic.java:140)\n\tat org.pac4j.j2e.filter.SecurityFilter.internalFilter(SecurityFilter.java:93)\n\tat org.pac4j.j2e.filter.AbstractConfigFilter.doFilter(AbstractConfigFilter.java:81)\n\tat org.eclipse.jetty.servlet.FilterHolder.doFilter(FilterHolder.java:193)\n\tat org.eclipse.jetty.servlet.ServletHandler$Chain.doFilter(ServletHandler.java:1601)\n\tat org.eclipse.jetty.servlet.ServletHandler.doHandle(ServletHandler.java:548)\n\tat org.eclipse.jetty.server.handler.ScopedHandler.nextHandle(ScopedHandler.java:233)\n\tat org.eclipse.jetty.server.session.SessionHandler.doHandle(SessionHandler.java:1624)\n\tat org.eclipse.jetty.server.handler.ScopedHandler.nextHandle(ScopedHandler.java:233)\n\tat org.eclipse.jetty.server.handler.ContextHandler.doHandle(ContextHandler.java:1434)\n\tat org.eclipse.jetty.server.handler.ScopedHandler.nextScope(ScopedHandler.java:188)\n\tat org.eclipse.jetty.servlet.ServletHandler.doScope(ServletHandler.java:501)\n\tat org.eclipse.jetty.server.session.SessionHandler.doScope(SessionHandler.java:1594)\n\tat org.eclipse.jetty.server.handler.ScopedHandler.nextScope(ScopedHandler.java:186)\n\tat org.eclipse.jetty.server.handler.ContextHandler.doScope(ContextHandler.java:1349)\n\tat org.eclipse.jetty.server.handler.ScopedHandler.handle(ScopedHandler.java:141)\n\tat org.eclipse.jetty.server.handler.HandlerWrapper.handle(HandlerWrapper.java:127)\n\tat com.codahale.metrics.jetty9.InstrumentedHandler.handle(InstrumentedHandler.java:313)\n\tat io.dropwizard.jetty.ContextRoutingHandler.handle(ContextRoutingHandler.java:37)\n\tat org.eclipse.jetty.server.handler.gzip.GzipHandler.handle(GzipHandler.java:713)\n\tat io.dropwizard.jetty.BiDiGzipHandler.handle(BiDiGzipHandler.java:67)\n\tat org.eclipse.jetty.server.handler.StatisticsHandler.handle(StatisticsHandler.java:179)\n\tat org.eclipse.jetty.server.handler.HandlerWrapper.handle(HandlerWrapper.java:127)\n\tat org.eclipse.jetty.server.Server.handle(Server.java:516)\n\tat org.eclipse.jetty.server.HttpChannel.lambda$handle$1(HttpChannel.java:400)\n\tat org.eclipse.jetty.server.HttpChannel.dispatch(HttpChannel.java:645)\n\tat org.eclipse.jetty.server.HttpChannel.handle(HttpChannel.java:392)\n\tat org.eclipse.jetty.server.HttpConnection.onFillable(HttpConnection.java:277)\n\tat org.eclipse.jetty.io.AbstractConnection$ReadCallback.succeeded(AbstractConnection.java:311)\n\tat org.eclipse.jetty.io.FillInterest.fillable(FillInterest.java:105)\n\tat org.eclipse.jetty.io.ChannelEndPoint$1.run(ChannelEndPoint.java:104)\n\tat org.eclipse.jetty.util.thread.strategy.EatWhatYouKill.runTask(EatWhatYouKill.java:338)\n\tat org.eclipse.jetty.util.thread.strategy.EatWhatYouKill.doProduce(EatWhatYouKill.java:315)\n\tat org.eclipse.jetty.util.thread.strategy.EatWhatYouKill.tryProduce(EatWhatYouKill.java:173)\n\tat org.eclipse.jetty.util.thread.strategy.EatWhatYouKill.run(EatWhatYouKill.java:131)\n\tat org.eclipse.jetty.util.thread.ReservedThreadExecutor$ReservedThread.run(ReservedThreadExecutor.java:409)\n\tat org.eclipse.jetty.util.thread.QueuedThreadPool.runJob(QueuedThreadPool.java:883)\n\tat org.eclipse.jetty.util.thread.QueuedThreadPool$Runner.run(QueuedThreadPool.java:1034)\n\tat java.base/java.lang.Thread.run(Thread.java:829)\nCaused by: net.snowflake.client.jdbc.SnowflakeSQLException: SQL compilation error:\nObject 'TESTTABLE4' does not exist or not authorized.\n\tat net.snowflake.client.jdbc.SnowflakeUtil.checkErrorAndThrowExceptionSub(SnowflakeUtil.java:127)\n\tat net.snowflake.client.jdbc.SnowflakeUtil.checkErrorAndThrowException(SnowflakeUtil.java:67)\n\tat net.snowflake.client.core.StmtUtil.pollForOutput(StmtUtil.java:442)\n\tat net.snowflake.client.core.StmtUtil.execute(StmtUtil.java:345)\n\tat net.snowflake.client.core.SFStatement.executeHelper(SFStatement.java:486)\n\tat net.snowflake.client.core.SFStatement.executeQueryInternal(SFStatement.java:197)\n\tat net.snowflake.client.core.SFStatement.executeQuery(SFStatement.java:134)\n\tat net.snowflake.client.core.SFStatement.execute(SFStatement.java:743)\n\tat net.snowflake.client.core.SFStatement.execute(SFStatement.java:639)\n\tat net.snowflake.client.jdbc.SnowflakeStatementV1.executeQueryInternal(SnowflakeStatementV1.java:238)\n\tat net.snowflake.client.jdbc.SnowflakeStatementV1.executeQuery(SnowflakeStatementV1.java:133)\n\tat com.zaxxer.hikari.pool.ProxyStatement.executeQuery(ProxyStatement.java:110)\n\tat com.zaxxer.hikari.pool.HikariProxyStatement.executeQuery(HikariProxyStatement.java)\n\tat org.finos.legend.engine.plan.execution.stores.relational.result.SQLExecutionResult.<init>(SQLExecutionResult.java:95)\n\t... 101 more\n"},"mode":"DEV","timeStamp":"2023-02-23 01:31:17.919","user":"_UNKNOWN_"}
| **namingTests::testASCiiAliasName** | failing :x: |
]]></system-out>
  </testcase>
  <testcase name="testASCiiColumnName[Snowflake]" classname="org.finos.legend.engine.server.test.shared.Relational_DbSpecific_UsingPureClientTestSuite$2" time="6.068">
    <error message="Assert failure at (resource:/platform/pure/basics/tests/assertEq.pure line:34 column:5), &quot;500 &apos;{&quot;code&quot;:-1,&quot;message&quot;:&quot;SnowflakeSQLException: SQL compilation error:&#10;Object &apos;TESTTABLE3&apos; does not exist or not authorized.&quot;,&quot;status&quot;:&quot;error&quot;,&quot;trace&quot;:&quot;java.lang.RuntimeException: net.snowflake.client.jdbc.SnowflakeSQLException: SQL compilation error:&#10;Object &apos;TESTTABLE3&apos; does not exist or not authorized.&#10;at org.finos.legend.engine.plan.execution.stores.relational.result.SQLExecutionResult.&lt;init&gt;(SQLExecutionResult.java:123)&#10;at org.finos.legend.engine.plan.execution.stores.relational.RelationalExecutor.execute(RelationalExecutor.java:241)&#10;at org.finos.legend.engine.plan.execution.stores.relational.plugin.RelationalExecutionNodeExecutor.visit(RelationalExecutionNodeExecutor.java:238)&#10;at org.finos.legend.engine.plan.execution.stores.relational.plugin.RelationalExecutionNodeExecutor.visit(RelationalExecutionNodeExecutor.java:292)&#10;at org.finos.legend.engine.plan.execution.stores.relational.plugin.RelationalExecutionNodeExecutor.visit(RelationalExecutionNodeExecutor.java:92)&#10;at org.finos.legend.engine.protocol.pure.v1.model.executionPlan.nodes.RelationalClassInstantiationExecutionNode.accept(RelationalClassInstantiationExecutionNode.java:22)&#10;at org.finos.legend.engine.plan.execution.stores.relational.RelationalExecutionExtension.lambda$getExtraNodeExecutors$fbe53481$1(RelationalExecutionExtension.java:50)&#10;at org.finos.legend.engine.plan.execution.nodes.ExecutionNodeExecutor.lambda$visit$0(ExecutionNodeExecutor.java:164)&#10;at java.base/java.util.stream.ReferencePipeline$3$1.accept(ReferencePipeline.java:195)&#10;at java.base/java.util.Spliterators$ArraySpliterator.tryAdvance(Spliterators.java:958)&#10;at java.base/java.util.stream.ReferencePipeline.forEachWithCancel(ReferencePipeline.java:127)&#10;at java.base/java.util.stream.AbstractPipeline.copyIntoWithCancel(AbstractPipeline.java:502)&#10;at java.base/java.util.stream.AbstractPipeline.copyInto(AbstractPipeline.java:488)&#10;at java.base/java.util.stream.AbstractPipeline.wrapAndCopyInto(AbstractPipeline.java:474)&#10;at java.base/java.util.stream.FindOps$FindOp.evaluateSequential(FindOps.java:150)&#10;at java.base/java.util.stream.AbstractPipeline.evaluate(AbstractPipeline.java:234)&#10;at java.base/java.util.stream.ReferencePipeline.findFirst(ReferencePipeline.java:543)&#10;at org.finos.legend.engine.plan.execution.nodes.ExecutionNodeExecutor.visit(ExecutionNodeExecutor.java:164)&#10;at org.finos.legend.engine.plan.execution.nodes.ExecutionNodeExecutor.visit(ExecutionNodeExecutor.java:107)&#10;at org.finos.legend.engine.protocol.pure.v1.model.executionPlan.nodes.RelationalClassInstantiationExecutionNode.accept(RelationalClassInstantiationExecutionNode.java:22)&#10;at org.finos.legend.engine.plan.execution.PlanExecutor.execute(PlanExecutor.java:238)&#10;at org.finos.legend.engine.plan.execution.PlanExecutor.execute(PlanExecutor.java:225)&#10;at org.finos.legend.engine.plan.execution.api.ExecutePlan.doExecutePlanLegacy(ExecutePlan.java:102)&#10;at org.finos.legend.engine.plan.execution.api.ExecutePlan.doExecutePlan(ExecutePlan.java:84)&#10;at org.finos.legend.engine.plan.execution.api.ExecutePlanLegacy.executePlan(ExecutePlanLegacy.java:56)&#10;at jdk.internal.reflect.GeneratedMethodAccessor100.invoke(Unknown Source)&#10;at java.base/jdk.internal.reflect.DelegatingMethodAccessorImpl.invoke(DelegatingMethodAccessorImpl.java:43)&#10;at java.base/java.lang.reflect.Method.invoke(Method.java:566)&#10;at org.glassfish.jersey.server.model.internal.ResourceMethodInvocationHandlerFactory$1.invoke(ResourceMethodInvocationHandlerFactory.java:81)&#10;at org.glassfish.jersey.server.model.internal.AbstractJavaResourceMethodDispatcher$1.run(AbstractJavaResourceMethodDispatcher.java:144)&#10;at org.glassfish.jersey.server.model.internal.AbstractJavaResourceMethodDispatcher.invoke(AbstractJavaResourceMethodDispatcher.java:161)&#10;at org.glassfish.jersey.server.model.internal.JavaResourceMethodDispatcherProvider$ResponseOutInvoker.doDispatch(JavaResourceMethodDispatcherProvider.java:160)&#10;at org.glassfish.jersey.server.model.internal.AbstractJavaResourceMethodDispatcher.dispatch(AbstractJavaResourceMethodDispatcher.java:99)&#10;at org.glassfish.jersey.server.model.ResourceMethodInvoker.invoke(ResourceMethodInvoker.java:389)&#10;at org.glassfish.jersey.server.model.ResourceMethodInvoker.apply(ResourceMethodInvoker.java:347)&#10;at org.glassfish.jersey.server.model.ResourceMethodInvoker.apply(ResourceMethodInvoker.java:102)&#10;at org.glassfish.jersey.server.ServerRuntime$2.run(ServerRuntime.java:326)&#10;at org.glassfish.jersey.internal.Errors$1.call(Errors.java:271)&#10;at org.glassfish.jersey.internal.Errors$1.call(Errors.java:267)&#10;at org.glassfish.jersey.internal.Errors.process(Errors.java:315)&#10;at org.glassfish.jersey.internal.Errors.process(Errors.java:297)&#10;at org.glassfish.jersey.internal.Errors.process(Errors.java:267)&#10;at org.glassfish.jersey.process.internal.RequestScope.runInScope(RequestScope.java:317)&#10;at org.glassfish.jersey.server.ServerRuntime.process(ServerRuntime.java:305)&#10;at org.glassfish.jersey.server.ApplicationHandler.handle(ApplicationHandler.java:1154)&#10;at org.glassfish.jersey.servlet.WebComponent.serviceImpl(WebComponent.java:473)&#10;at org.glassfish.jersey.servlet.WebComponent.service(WebComponent.java:427)&#10;at org.glassfish.jersey.servlet.ServletContainer.service(ServletContainer.java:388)&#10;at org.glassfish.jersey.servlet.ServletContainer.service(ServletContainer.java:341)&#10;at org.glassfish.jersey.servlet.ServletContainer.service(ServletContainer.java:228)&#10;at org.eclipse.jetty.servlet.ServletHolder.handle(ServletHolder.java:799)&#10;at org.eclipse.jetty.servlet.ServletHandler$ChainEnd.doFilter(ServletHandler.java:1631)&#10;at io.dropwizard.servlets.ThreadNameFilter.doFilter(ThreadNameFilter.java:35)&#10;at org.eclipse.jetty.servlet.FilterHolder.doFilter(FilterHolder.java:193)&#10;at org.eclipse.jetty.servlet.ServletHandler$Chain.doFilter(ServletHandler.java:1601)&#10;at io.dropwizard.jersey.filter.AllowedMethodsFilter.handle(AllowedMethodsFilter.java:45)&#10;at io.dropwizard.jersey.filter.AllowedMethodsFilter.doFilter(AllowedMethodsFilter.java:39)&#10;at org.eclipse.jetty.servlet.FilterHolder.doFilter(FilterHolder.java:193)&#10;at org.eclipse.jetty.servlet.ServletHandler$Chain.doFilter(ServletHandler.java:1601)&#10;at org.finos.legend.server.pac4j.internal.UsernameFilter.doFilter(UsernameFilter.java:51)&#10;at org.eclipse.jetty.servlet.FilterHolder.doFilter(FilterHolder.java:193)&#10;at org.eclipse.jetty.servlet.ServletHandler$Chain.doFilter(ServletHandler.java:1601)&#10;at org.pac4j.j2e.filter.SecurityFilter.lambda$internalFilter$0(SecurityFilter.java:95)&#10;at org.pac4j.core.engine.DefaultSecurityLogic.perform(DefaultSecurityLogic.java:140)&#10;at org.pac4j.j2e.filter.SecurityFilter.internalFilter(SecurityFilter.java:93)&#10;at org.pac4j.j2e.filter.AbstractConfigFilter.doFilter(AbstractConfigFilter.java:81)&#10;at org.eclipse.jetty.servlet.FilterHolder.doFilter(FilterHolder.java:193)&#10;at org.eclipse.jetty.servlet.ServletHandler$Chain.doFilter(ServletHandler.java:1601)&#10;at org.eclipse.jetty.servlet.ServletHandler.doHandle(ServletHandler.java:548)&#10;at org.eclipse.jetty.server.handler.ScopedHandler.nextHandle(ScopedHandler.java:233)&#10;at org.eclipse.jetty.server.session.SessionHandler.doHandle(SessionHandler.java:1624)&#10;at org.eclipse.jetty.server.handler.ScopedHandler.nextHandle(ScopedHandler.java:233)&#10;at org.eclipse.jetty.server.handler.ContextHandler.doHandle(ContextHandler.java:1434)&#10;at org.eclipse.jetty.server.handler.ScopedHandler.nextScope(ScopedHandler.java:188)&#10;at org.eclipse.jetty.servlet.ServletHandler.doScope(ServletHandler.java:501)&#10;at org.eclipse.jetty.server.session.SessionHandler.doScope(SessionHandler.java:1594)&#10;at org.eclipse.jetty.server.handler.ScopedHandler.nextScope(ScopedHandler.java:186)&#10;at org.eclipse.jetty.server.handler.ContextHandler.doScope(ContextHandler.java:1349)&#10;at org.eclipse.jetty.server.handler.ScopedHandler.handle(ScopedHandler.java:141)&#10;at org.eclipse.jetty.server.handler.HandlerWrapper.handle(HandlerWrapper.java:127)&#10;at com.codahale.metrics.jetty9.InstrumentedHandler.handle(InstrumentedHandler.java:313)&#10;at io.dropwizard.jetty.ContextRoutingHandler.handle(ContextRoutingHandler.java:37)&#10;at org.eclipse.jetty.server.handler.gzip.GzipHandler.handle(GzipHandler.java:713)&#10;at io.dropwizard.jetty.BiDiGzipHandler.handle(BiDiGzipHandler.java:67)&#10;at org.eclipse.jetty.server.handler.StatisticsHandler.handle(StatisticsHandler.java:179)&#10;at org.eclipse.jetty.server.handler.HandlerWrapper.handle(HandlerWrapper.java:127)&#10;at org.eclipse.jetty.server.Server.handle(Server.java:516)&#10;at org.eclipse.jetty.server.HttpChannel.lambda$handle$1(HttpChannel.java:400)&#10;at org.eclipse.jetty.server.HttpChannel.dispatch(HttpChannel.java:645)&#10;at org.eclipse.jetty.server.HttpChannel.handle(HttpChannel.java:392)&#10;at org.eclipse.jetty.server.HttpConnection.onFillable(HttpConnection.java:277)&#10;at org.eclipse.jetty.io.AbstractConnection$ReadCallback.succeeded(AbstractConnection.java:311)&#10;at org.eclipse.jetty.io.FillInterest.fillable(FillInterest.java:105)&#10;at org.eclipse.jetty.io.ChannelEndPoint$1.run(ChannelEndPoint.java:104)&#10;at org.eclipse.jetty.util.thread.strategy.EatWhatYouKill.runTask(EatWhatYouKill.java:338)&#10;at org.eclipse.jetty.util.thread.strategy.EatWhatYouKill.doProduce(EatWhatYouKill.java:315)&#10;at org.eclipse.jetty.util.thread.strategy.EatWhatYouKill.tryProduce(EatWhatYouKill.java:173)&#10;at org.eclipse.jetty.util.thread.strategy.EatWhatYouKill.run(EatWhatYouKill.java:131)&#10;at org.eclipse.jetty.util.thread.ReservedThreadExecutor$ReservedThread.run(ReservedThreadExecutor.java:409)&#10;at org.eclipse.jetty.util.thread.QueuedThreadPool.runJob(QueuedThreadPool.java:883)&#10;at org.eclipse.jetty.util.thread.QueuedThreadPool$Runner.run(QueuedThreadPool.java:1034)&#10;at java.base/java.lang.Thread.run(Thread.java:829)&#10;Caused by: net.snowflake.client.jdbc.SnowflakeSQLException: SQL compilation error:&#10;Object &apos;TESTTABLE3&apos; does not exist or not authorized.&#10;at net.snowflake.client.jdbc.SnowflakeUtil.checkErrorAndThrowExceptionSub(SnowflakeUtil.java:127)&#10;at net.snowflake.client.jdbc.SnowflakeUtil.checkErrorAndThrowException(SnowflakeUtil.java:67)&#10;at net.snowflake.client.core.StmtUtil.pollForOutput(StmtUtil.java:442)&#10;at net.snowflake.client.core.StmtUtil.execute(StmtUtil.java:345)&#10;at net.snowflake.client.core.SFStatement.executeHelper(SFStatement.java:486)&#10;at net.snowflake.client.core.SFStatement.executeQueryInternal(SFStatement.java:197)&#10;at net.snowflake.client.core.SFStatement.executeQuery(SFStatement.java:134)&#10;at net.snowflake.client.core.SFStatement.execute(SFStatement.java:743)&#10;at net.snowflake.client.core.SFStatement.execute(SFStatement.java:639)&#10;at net.snowflake.client.jdbc.SnowflakeStatementV1.executeQueryInternal(SnowflakeStatementV1.java:238)&#10;at net.snowflake.client.jdbc.SnowflakeStatementV1.executeQuery(SnowflakeStatementV1.java:133)&#10;at com.zaxxer.hikari.pool.ProxyStatement.executeQuery(ProxyStatement.java:110)&#10;at com.zaxxer.hikari.pool.HikariProxyStatement.executeQuery(HikariProxyStatement.java)&#10;at org.finos.legend.engine.plan.execution.stores.relational.result.SQLExecutionResult.&lt;init&gt;(SQLExecutionResult.java:95)&#10;... 101 more&#10;&quot;}&apos;&quot;" type="Assert failure at (resource"><![CDATA[Assert failure at (resource:/platform/pure/basics/tests/assertEq.pure line:34 column:5), "500 '{"code":-1,"message":"SnowflakeSQLException: SQL compilation error:
Object 'TESTTABLE3' does not exist or not authorized.","status":"error","trace":"java.lang.RuntimeException: net.snowflake.client.jdbc.SnowflakeSQLException: SQL compilation error:
Object 'TESTTABLE3' does not exist or not authorized.
at org.finos.legend.engine.plan.execution.stores.relational.result.SQLExecutionResult.<init>(SQLExecutionResult.java:123)
at org.finos.legend.engine.plan.execution.stores.relational.RelationalExecutor.execute(RelationalExecutor.java:241)
at org.finos.legend.engine.plan.execution.stores.relational.plugin.RelationalExecutionNodeExecutor.visit(RelationalExecutionNodeExecutor.java:238)
at org.finos.legend.engine.plan.execution.stores.relational.plugin.RelationalExecutionNodeExecutor.visit(RelationalExecutionNodeExecutor.java:292)
at org.finos.legend.engine.plan.execution.stores.relational.plugin.RelationalExecutionNodeExecutor.visit(RelationalExecutionNodeExecutor.java:92)
at org.finos.legend.engine.protocol.pure.v1.model.executionPlan.nodes.RelationalClassInstantiationExecutionNode.accept(RelationalClassInstantiationExecutionNode.java:22)
at org.finos.legend.engine.plan.execution.stores.relational.RelationalExecutionExtension.lambda$getExtraNodeExecutors$fbe53481$1(RelationalExecutionExtension.java:50)
at org.finos.legend.engine.plan.execution.nodes.ExecutionNodeExecutor.lambda$visit$0(ExecutionNodeExecutor.java:164)
at java.base/java.util.stream.ReferencePipeline$3$1.accept(ReferencePipeline.java:195)
at java.base/java.util.Spliterators$ArraySpliterator.tryAdvance(Spliterators.java:958)
at java.base/java.util.stream.ReferencePipeline.forEachWithCancel(ReferencePipeline.java:127)
at java.base/java.util.stream.AbstractPipeline.copyIntoWithCancel(AbstractPipeline.java:502)
at java.base/java.util.stream.AbstractPipeline.copyInto(AbstractPipeline.java:488)
at java.base/java.util.stream.AbstractPipeline.wrapAndCopyInto(AbstractPipeline.java:474)
at java.base/java.util.stream.FindOps$FindOp.evaluateSequential(FindOps.java:150)
at java.base/java.util.stream.AbstractPipeline.evaluate(AbstractPipeline.java:234)
at java.base/java.util.stream.ReferencePipeline.findFirst(ReferencePipeline.java:543)
at org.finos.legend.engine.plan.execution.nodes.ExecutionNodeExecutor.visit(ExecutionNodeExecutor.java:164)
at org.finos.legend.engine.plan.execution.nodes.ExecutionNodeExecutor.visit(ExecutionNodeExecutor.java:107)
at org.finos.legend.engine.protocol.pure.v1.model.executionPlan.nodes.RelationalClassInstantiationExecutionNode.accept(RelationalClassInstantiationExecutionNode.java:22)
at org.finos.legend.engine.plan.execution.PlanExecutor.execute(PlanExecutor.java:238)
at org.finos.legend.engine.plan.execution.PlanExecutor.execute(PlanExecutor.java:225)
at org.finos.legend.engine.plan.execution.api.ExecutePlan.doExecutePlanLegacy(ExecutePlan.java:102)
at org.finos.legend.engine.plan.execution.api.ExecutePlan.doExecutePlan(ExecutePlan.java:84)
at org.finos.legend.engine.plan.execution.api.ExecutePlanLegacy.executePlan(ExecutePlanLegacy.java:56)
at jdk.internal.reflect.GeneratedMethodAccessor100.invoke(Unknown Source)
at java.base/jdk.internal.reflect.DelegatingMethodAccessorImpl.invoke(DelegatingMethodAccessorImpl.java:43)
at java.base/java.lang.reflect.Method.invoke(Method.java:566)
at org.glassfish.jersey.server.model.internal.ResourceMethodInvocationHandlerFactory$1.invoke(ResourceMethodInvocationHandlerFactory.java:81)
at org.glassfish.jersey.server.model.internal.AbstractJavaResourceMethodDispatcher$1.run(AbstractJavaResourceMethodDispatcher.java:144)
at org.glassfish.jersey.server.model.internal.AbstractJavaResourceMethodDispatcher.invoke(AbstractJavaResourceMethodDispatcher.java:161)
at org.glassfish.jersey.server.model.internal.JavaResourceMethodDispatcherProvider$ResponseOutInvoker.doDispatch(JavaResourceMethodDispatcherProvider.java:160)
at org.glassfish.jersey.server.model.internal.AbstractJavaResourceMethodDispatcher.dispatch(AbstractJavaResourceMethodDispatcher.java:99)
at org.glassfish.jersey.server.model.ResourceMethodInvoker.invoke(ResourceMethodInvoker.java:389)
at org.glassfish.jersey.server.model.ResourceMethodInvoker.apply(ResourceMethodInvoker.java:347)
at org.glassfish.jersey.server.model.ResourceMethodInvoker.apply(ResourceMethodInvoker.java:102)
at org.glassfish.jersey.server.ServerRuntime$2.run(ServerRuntime.java:326)
at org.glassfish.jersey.internal.Errors$1.call(Errors.java:271)
at org.glassfish.jersey.internal.Errors$1.call(Errors.java:267)
at org.glassfish.jersey.internal.Errors.process(Errors.java:315)
at org.glassfish.jersey.internal.Errors.process(Errors.java:297)
at org.glassfish.jersey.internal.Errors.process(Errors.java:267)
at org.glassfish.jersey.process.internal.RequestScope.runInScope(RequestScope.java:317)
at org.glassfish.jersey.server.ServerRuntime.process(ServerRuntime.java:305)
at org.glassfish.jersey.server.ApplicationHandler.handle(ApplicationHandler.java:1154)
at org.glassfish.jersey.servlet.WebComponent.serviceImpl(WebComponent.java:473)
at org.glassfish.jersey.servlet.WebComponent.service(WebComponent.java:427)
at org.glassfish.jersey.servlet.ServletContainer.service(ServletContainer.java:388)
at org.glassfish.jersey.servlet.ServletContainer.service(ServletContainer.java:341)
at org.glassfish.jersey.servlet.ServletContainer.service(ServletContainer.java:228)
at org.eclipse.jetty.servlet.ServletHolder.handle(ServletHolder.java:799)
at org.eclipse.jetty.servlet.ServletHandler$ChainEnd.doFilter(ServletHandler.java:1631)
at io.dropwizard.servlets.ThreadNameFilter.doFilter(ThreadNameFilter.java:35)
at org.eclipse.jetty.servlet.FilterHolder.doFilter(FilterHolder.java:193)
at org.eclipse.jetty.servlet.ServletHandler$Chain.doFilter(ServletHandler.java:1601)
at io.dropwizard.jersey.filter.AllowedMethodsFilter.handle(AllowedMethodsFilter.java:45)
at io.dropwizard.jersey.filter.AllowedMethodsFilter.doFilter(AllowedMethodsFilter.java:39)
at org.eclipse.jetty.servlet.FilterHolder.doFilter(FilterHolder.java:193)
at org.eclipse.jetty.servlet.ServletHandler$Chain.doFilter(ServletHandler.java:1601)
at org.finos.legend.server.pac4j.internal.UsernameFilter.doFilter(UsernameFilter.java:51)
at org.eclipse.jetty.servlet.FilterHolder.doFilter(FilterHolder.java:193)
at org.eclipse.jetty.servlet.ServletHandler$Chain.doFilter(ServletHandler.java:1601)
at org.pac4j.j2e.filter.SecurityFilter.lambda$internalFilter$0(SecurityFilter.java:95)
at org.pac4j.core.engine.DefaultSecurityLogic.perform(DefaultSecurityLogic.java:140)
at org.pac4j.j2e.filter.SecurityFilter.internalFilter(SecurityFilter.java:93)
at org.pac4j.j2e.filter.AbstractConfigFilter.doFilter(AbstractConfigFilter.java:81)
at org.eclipse.jetty.servlet.FilterHolder.doFilter(FilterHolder.java:193)
at org.eclipse.jetty.servlet.ServletHandler$Chain.doFilter(ServletHandler.java:1601)
at org.eclipse.jetty.servlet.ServletHandler.doHandle(ServletHandler.java:548)
at org.eclipse.jetty.server.handler.ScopedHandler.nextHandle(ScopedHandler.java:233)
at org.eclipse.jetty.server.session.SessionHandler.doHandle(SessionHandler.java:1624)
at org.eclipse.jetty.server.handler.ScopedHandler.nextHandle(ScopedHandler.java:233)
at org.eclipse.jetty.server.handler.ContextHandler.doHandle(ContextHandler.java:1434)
at org.eclipse.jetty.server.handler.ScopedHandler.nextScope(ScopedHandler.java:188)
at org.eclipse.jetty.servlet.ServletHandler.doScope(ServletHandler.java:501)
at org.eclipse.jetty.server.session.SessionHandler.doScope(SessionHandler.java:1594)
at org.eclipse.jetty.server.handler.ScopedHandler.nextScope(ScopedHandler.java:186)
at org.eclipse.jetty.server.handler.ContextHandler.doScope(ContextHandler.java:1349)
at org.eclipse.jetty.server.handler.ScopedHandler.handle(ScopedHandler.java:141)
at org.eclipse.jetty.server.handler.HandlerWrapper.handle(HandlerWrapper.java:127)
at com.codahale.metrics.jetty9.InstrumentedHandler.handle(InstrumentedHandler.java:313)
at io.dropwizard.jetty.ContextRoutingHandler.handle(ContextRoutingHandler.java:37)
at org.eclipse.jetty.server.handler.gzip.GzipHandler.handle(GzipHandler.java:713)
at io.dropwizard.jetty.BiDiGzipHandler.handle(BiDiGzipHandler.java:67)
at org.eclipse.jetty.server.handler.StatisticsHandler.handle(StatisticsHandler.java:179)
at org.eclipse.jetty.server.handler.HandlerWrapper.handle(HandlerWrapper.java:127)
at org.eclipse.jetty.server.Server.handle(Server.java:516)
at org.eclipse.jetty.server.HttpChannel.lambda$handle$1(HttpChannel.java:400)
at org.eclipse.jetty.server.HttpChannel.dispatch(HttpChannel.java:645)
at org.eclipse.jetty.server.HttpChannel.handle(HttpChannel.java:392)
at org.eclipse.jetty.server.HttpConnection.onFillable(HttpConnection.java:277)
at org.eclipse.jetty.io.AbstractConnection$ReadCallback.succeeded(AbstractConnection.java:311)
at org.eclipse.jetty.io.FillInterest.fillable(FillInterest.java:105)
at org.eclipse.jetty.io.ChannelEndPoint$1.run(ChannelEndPoint.java:104)
at org.eclipse.jetty.util.thread.strategy.EatWhatYouKill.runTask(EatWhatYouKill.java:338)
at org.eclipse.jetty.util.thread.strategy.EatWhatYouKill.doProduce(EatWhatYouKill.java:315)
at org.eclipse.jetty.util.thread.strategy.EatWhatYouKill.tryProduce(EatWhatYouKill.java:173)
at org.eclipse.jetty.util.thread.strategy.EatWhatYouKill.run(EatWhatYouKill.java:131)
at org.eclipse.jetty.util.thread.ReservedThreadExecutor$ReservedThread.run(ReservedThreadExecutor.java:409)
at org.eclipse.jetty.util.thread.QueuedThreadPool.runJob(QueuedThreadPool.java:883)
at org.eclipse.jetty.util.thread.QueuedThreadPool$Runner.run(QueuedThreadPool.java:1034)
at java.base/java.lang.Thread.run(Thread.java:829)
Caused by: net.snowflake.client.jdbc.SnowflakeSQLException: SQL compilation error:
Object 'TESTTABLE3' does not exist or not authorized.
at net.snowflake.client.jdbc.SnowflakeUtil.checkErrorAndThrowExceptionSub(SnowflakeUtil.java:127)
at net.snowflake.client.jdbc.SnowflakeUtil.checkErrorAndThrowException(SnowflakeUtil.java:67)
at net.snowflake.client.core.StmtUtil.pollForOutput(StmtUtil.java:442)
at net.snowflake.client.core.StmtUtil.execute(StmtUtil.java:345)
at net.snowflake.client.core.SFStatement.executeHelper(SFStatement.java:486)
at net.snowflake.client.core.SFStatement.executeQueryInternal(SFStatement.java:197)
at net.snowflake.client.core.SFStatement.executeQuery(SFStatement.java:134)
at net.snowflake.client.core.SFStatement.execute(SFStatement.java:743)
at net.snowflake.client.core.SFStatement.execute(SFStatement.java:639)
at net.snowflake.client.jdbc.SnowflakeStatementV1.executeQueryInternal(SnowflakeStatementV1.java:238)
at net.snowflake.client.jdbc.SnowflakeStatementV1.executeQuery(SnowflakeStatementV1.java:133)
at com.zaxxer.hikari.pool.ProxyStatement.executeQuery(ProxyStatement.java:110)
at com.zaxxer.hikari.pool.HikariProxyStatement.executeQuery(HikariProxyStatement.java)
at org.finos.legend.engine.plan.execution.stores.relational.result.SQLExecutionResult.<init>(SQLExecutionResult.java:95)
... 101 more
"}'"
	at org.finos.legend.pure.runtime.java.compiled.generation.processors.support.CompiledSupport.pureAssert(CompiledSupport.java:1994)
	at org.finos.legend.pure.generated.platform_pure_basics_tests_assertEq.Root_meta_pure_functions_asserts_assertEq_Any_1__Any_1__Function_1__Boolean_1_(platform_pure_basics_tests_assertEq.java:44)
	at org.finos.legend.pure.generated.core_pure_protocol_vX_X_X_invocations_execution.Root_meta_protocols_pure_vX_X_X_invocation_execution_execute_executePlan_String_1__String_1__Integer_1__String_1_(core_pure_protocol_vX_X_X_invocations_execution.java:751)
	at org.finos.legend.pure.generated.core_pure_protocol_vX_X_X_invocations_execution.Root_meta_protocols_pure_vX_X_X_invocation_execution_execute_executePlan_ExecutionPlan_1__String_1__Integer_1__Extension_MANY__String_1_(core_pure_protocol_vX_X_X_invocations_execution.java:745)
	at org.finos.legend.pure.generated.core_pure_protocol_vX_X_X_invocations_execution.Root_meta_protocols_pure_vX_X_X_invocation_execution_execute_executePlan_ExecutionPlan_1__ExecutionContext_$0_1$__String_1__Integer_1__Extension_MANY__Result_1_(core_pure_protocol_vX_X_X_invocations_execution.java:738)
	at jdk.internal.reflect.GeneratedMethodAccessor96.invoke(Unknown Source)
	at java.base/jdk.internal.reflect.DelegatingMethodAccessorImpl.invoke(DelegatingMethodAccessorImpl.java:43)
	at java.base/java.lang.reflect.Method.invoke(Method.java:566)
	at org.finos.legend.pure.runtime.java.compiled.metadata.JavaMethodWithParamsSharedPureFunction.execute(JavaMethodWithParamsSharedPureFunction.java:59)
	at org.finos.legend.pure.runtime.java.compiled.generation.processors.support.Pure._evaluateToMany(Pure.java:546)
	at org.finos.legend.pure.generated.CoreGen.evaluateToMany(CoreGen.java:147)
	at org.finos.legend.pure.generated.CoreGen.evaluateToMany(CoreGen.java:134)
	at org.finos.legend.pure.generated.core_pure_router_router_entry$9$1.value(core_pure_router_router_entry.java:318)
	at org.finos.legend.pure.generated.core_pure_router_router_entry$9$1.execute(core_pure_router_router_entry.java:311)
	at org.finos.legend.pure.generated.core_pure_router_router_entry$9$1.execute(core_pure_router_router_entry.java:307)
	at org.finos.legend.pure.runtime.java.compiled.generation.processors.support.Pure.evaluate(Pure.java:485)
	at org.finos.legend.pure.runtime.java.compiled.generation.processors.support.Pure.legendTest(Pure.java:216)
	at org.finos.legend.pure.generated.CoreGen.legendTest(CoreGen.java:61)
	at org.finos.legend.pure.generated.core_pure_router_router_entry$9.valueOf(core_pure_router_router_entry.java:303)
	at org.finos.legend.pure.generated.core_pure_router_router_entry$9.execute(core_pure_router_router_entry.java:298)
	at org.finos.legend.pure.generated.core_pure_router_router_entry$9.execute(core_pure_router_router_entry.java:294)
	at org.finos.legend.pure.runtime.java.compiled.generation.processors.support.Pure.evaluate(Pure.java:485)
	at org.finos.legend.pure.runtime.java.compiled.generation.processors.support.Pure.traceSpan(Pure.java:1482)
	at org.finos.legend.pure.generated.CoreGen.traceSpan(CoreGen.java:203)
	at org.finos.legend.pure.generated.core_pure_router_router_entry.Root_meta_pure_router_executePlan_ExecutionPlan_1__ExecutionContext_1__Extension_MANY__Result_$0_1$_(core_pure_router_router_entry.java:290)
	at org.finos.legend.pure.generated.core_pure_router_router_entry.Root_meta_pure_router_executePlan_ExecutionPlan_1__Extension_MANY__Result_$0_1$_(core_pure_router_router_entry.java:285)
	at org.finos.legend.pure.generated.core_relational_relational_sqlQueryToString_dbTestRunner_executionPlanTestRunner$19.execute(core_relational_relational_sqlQueryToString_dbTestRunner_executionPlanTestRunner.java:305)
	at org.finos.legend.pure.generated.core_relational_relational_sqlQueryToString_dbTestRunner_executionPlanTestRunner.Root_meta_relational_dbTestRunner_executeViaPlan_FunctionDefinition_1__Mapping_1__Database_1__DbTestConfig_1__Extension_MANY__Result_$0_1$_(core_relational_relational_sqlQueryToString_dbTestRunner_executionPlanTestRunner.java:309)
	at org.finos.legend.pure.generated.core_relational_relational_sqlQueryToString_testSuite_naming_naming.Root_meta_relational_tests_dbSpecificTests_sqlQueryTests_namingTests_testASCiiColumnName_DbTestConfig_1__Boolean_1_(core_relational_relational_sqlQueryToString_testSuite_naming_naming.java:708)
	at java.base/jdk.internal.reflect.NativeMethodAccessorImpl.invoke0(Native Method)
	at java.base/jdk.internal.reflect.NativeMethodAccessorImpl.invoke(NativeMethodAccessorImpl.java:62)
	at java.base/jdk.internal.reflect.DelegatingMethodAccessorImpl.invoke(DelegatingMethodAccessorImpl.java:43)
	at java.base/java.lang.reflect.Method.invoke(Method.java:566)
	at org.finos.legend.pure.runtime.java.compiled.testHelper.PureTestBuilderCompiled.executeFn(PureTestBuilderCompiled.java:113)
	at org.finos.legend.pure.runtime.java.compiled.testHelper.PureTestBuilderCompiled.lambda$buildSuite$0(PureTestBuilderCompiled.java:79)
	at org.finos.legend.pure.m3.execution.test.PureTestBuilder$PureTestCase.runTest(PureTestBuilder.java:95)
	at junit.framework.TestCase.runBare(TestCase.java:142)
	at org.finos.legend.engine.server.test.shared.Relational_DbSpecific_UsingPureClientTestSuite$2.runTest(Relational_DbSpecific_UsingPureClientTestSuite.java:90)
	at junit.framework.TestCase.runBare(TestCase.java:142)
	at junit.framework.TestResult$1.protect(TestResult.java:122)
	at junit.framework.TestResult.runProtected(TestResult.java:142)
	at junit.framework.TestResult.run(TestResult.java:125)
	at junit.framework.TestCase.run(TestCase.java:130)
	at junit.framework.TestSuite.runTest(TestSuite.java:241)
	at junit.framework.TestSuite.run(TestSuite.java:236)
	at junit.framework.TestSuite.runTest(TestSuite.java:241)
	at junit.framework.TestSuite.run(TestSuite.java:236)
	at junit.framework.TestSuite.runTest(TestSuite.java:241)
	at junit.framework.TestSuite.run(TestSuite.java:236)
	at junit.framework.TestSuite.runTest(TestSuite.java:241)
	at junit.framework.TestSuite.run(TestSuite.java:236)
	at junit.extensions.TestDecorator.basicRun(TestDecorator.java:24)
	at junit.extensions.TestSetup$1.protect(TestSetup.java:23)
	at junit.framework.TestResult.runProtected(TestResult.java:142)
	at junit.extensions.TestSetup.run(TestSetup.java:27)
	at org.junit.internal.runners.JUnit38ClassRunner.run(JUnit38ClassRunner.java:90)
	at org.apache.maven.surefire.junit4.JUnit4Provider.execute(JUnit4Provider.java:365)
	at org.apache.maven.surefire.junit4.JUnit4Provider.executeWithRerun(JUnit4Provider.java:273)
	at org.apache.maven.surefire.junit4.JUnit4Provider.executeTestSet(JUnit4Provider.java:238)
	at org.apache.maven.surefire.junit4.JUnit4Provider.invoke(JUnit4Provider.java:159)
	at org.apache.maven.surefire.booter.ForkedBooter.invokeProviderInSameClassLoader(ForkedBooter.java:384)
	at org.apache.maven.surefire.booter.ForkedBooter.runSuitesInProcess(ForkedBooter.java:345)
	at org.apache.maven.surefire.booter.ForkedBooter.execute(ForkedBooter.java:126)
	at org.apache.maven.surefire.booter.ForkedBooter.main(ForkedBooter.java:418)
]]></error>
    <system-out><![CDATA[Running db test namingTests::testASCiiColumnName
{"duration":0.0,"eventType":"EXECUTION_PLAN_EXEC_ERROR","info":{"code":-1,"message":"SnowflakeSQLException: SQL compilation error:\nObject 'TESTTABLE3' does not exist or not authorized.","status":"error","trace":"java.lang.RuntimeException: net.snowflake.client.jdbc.SnowflakeSQLException: SQL compilation error:\nObject 'TESTTABLE3' does not exist or not authorized.\n\tat org.finos.legend.engine.plan.execution.stores.relational.result.SQLExecutionResult.<init>(SQLExecutionResult.java:123)\n\tat org.finos.legend.engine.plan.execution.stores.relational.RelationalExecutor.execute(RelationalExecutor.java:241)\n\tat org.finos.legend.engine.plan.execution.stores.relational.plugin.RelationalExecutionNodeExecutor.visit(RelationalExecutionNodeExecutor.java:238)\n\tat org.finos.legend.engine.plan.execution.stores.relational.plugin.RelationalExecutionNodeExecutor.visit(RelationalExecutionNodeExecutor.java:292)\n\tat org.finos.legend.engine.plan.execution.stores.relational.plugin.RelationalExecutionNodeExecutor.visit(RelationalExecutionNodeExecutor.java:92)\n\tat org.finos.legend.engine.protocol.pure.v1.model.executionPlan.nodes.RelationalClassInstantiationExecutionNode.accept(RelationalClassInstantiationExecutionNode.java:22)\n\tat org.finos.legend.engine.plan.execution.stores.relational.RelationalExecutionExtension.lambda$getExtraNodeExecutors$fbe53481$1(RelationalExecutionExtension.java:50)\n\tat org.finos.legend.engine.plan.execution.nodes.ExecutionNodeExecutor.lambda$visit$0(ExecutionNodeExecutor.java:164)\n\tat java.base/java.util.stream.ReferencePipeline$3$1.accept(ReferencePipeline.java:195)\n\tat java.base/java.util.Spliterators$ArraySpliterator.tryAdvance(Spliterators.java:958)\n\tat java.base/java.util.stream.ReferencePipeline.forEachWithCancel(ReferencePipeline.java:127)\n\tat java.base/java.util.stream.AbstractPipeline.copyIntoWithCancel(AbstractPipeline.java:502)\n\tat java.base/java.util.stream.AbstractPipeline.copyInto(AbstractPipeline.java:488)\n\tat java.base/java.util.stream.AbstractPipeline.wrapAndCopyInto(AbstractPipeline.java:474)\n\tat java.base/java.util.stream.FindOps$FindOp.evaluateSequential(FindOps.java:150)\n\tat java.base/java.util.stream.AbstractPipeline.evaluate(AbstractPipeline.java:234)\n\tat java.base/java.util.stream.ReferencePipeline.findFirst(ReferencePipeline.java:543)\n\tat org.finos.legend.engine.plan.execution.nodes.ExecutionNodeExecutor.visit(ExecutionNodeExecutor.java:164)\n\tat org.finos.legend.engine.plan.execution.nodes.ExecutionNodeExecutor.visit(ExecutionNodeExecutor.java:107)\n\tat org.finos.legend.engine.protocol.pure.v1.model.executionPlan.nodes.RelationalClassInstantiationExecutionNode.accept(RelationalClassInstantiationExecutionNode.java:22)\n\tat org.finos.legend.engine.plan.execution.PlanExecutor.execute(PlanExecutor.java:238)\n\tat org.finos.legend.engine.plan.execution.PlanExecutor.execute(PlanExecutor.java:225)\n\tat org.finos.legend.engine.plan.execution.api.ExecutePlan.doExecutePlanLegacy(ExecutePlan.java:102)\n\tat org.finos.legend.engine.plan.execution.api.ExecutePlan.doExecutePlan(ExecutePlan.java:84)\n\tat org.finos.legend.engine.plan.execution.api.ExecutePlanLegacy.executePlan(ExecutePlanLegacy.java:56)\n\tat jdk.internal.reflect.GeneratedMethodAccessor100.invoke(Unknown Source)\n\tat java.base/jdk.internal.reflect.DelegatingMethodAccessorImpl.invoke(DelegatingMethodAccessorImpl.java:43)\n\tat java.base/java.lang.reflect.Method.invoke(Method.java:566)\n\tat org.glassfish.jersey.server.model.internal.ResourceMethodInvocationHandlerFactory$1.invoke(ResourceMethodInvocationHandlerFactory.java:81)\n\tat org.glassfish.jersey.server.model.internal.AbstractJavaResourceMethodDispatcher$1.run(AbstractJavaResourceMethodDispatcher.java:144)\n\tat org.glassfish.jersey.server.model.internal.AbstractJavaResourceMethodDispatcher.invoke(AbstractJavaResourceMethodDispatcher.java:161)\n\tat org.glassfish.jersey.server.model.internal.JavaResourceMethodDispatcherProvider$ResponseOutInvoker.doDispatch(JavaResourceMethodDispatcherProvider.java:160)\n\tat org.glassfish.jersey.server.model.internal.AbstractJavaResourceMethodDispatcher.dispatch(AbstractJavaResourceMethodDispatcher.java:99)\n\tat org.glassfish.jersey.server.model.ResourceMethodInvoker.invoke(ResourceMethodInvoker.java:389)\n\tat org.glassfish.jersey.server.model.ResourceMethodInvoker.apply(ResourceMethodInvoker.java:347)\n\tat org.glassfish.jersey.server.model.ResourceMethodInvoker.apply(ResourceMethodInvoker.java:102)\n\tat org.glassfish.jersey.server.ServerRuntime$2.run(ServerRuntime.java:326)\n\tat org.glassfish.jersey.internal.Errors$1.call(Errors.java:271)\n\tat org.glassfish.jersey.internal.Errors$1.call(Errors.java:267)\n\tat org.glassfish.jersey.internal.Errors.process(Errors.java:315)\n\tat org.glassfish.jersey.internal.Errors.process(Errors.java:297)\n\tat org.glassfish.jersey.internal.Errors.process(Errors.java:267)\n\tat org.glassfish.jersey.process.internal.RequestScope.runInScope(RequestScope.java:317)\n\tat org.glassfish.jersey.server.ServerRuntime.process(ServerRuntime.java:305)\n\tat org.glassfish.jersey.server.ApplicationHandler.handle(ApplicationHandler.java:1154)\n\tat org.glassfish.jersey.servlet.WebComponent.serviceImpl(WebComponent.java:473)\n\tat org.glassfish.jersey.servlet.WebComponent.service(WebComponent.java:427)\n\tat org.glassfish.jersey.servlet.ServletContainer.service(ServletContainer.java:388)\n\tat org.glassfish.jersey.servlet.ServletContainer.service(ServletContainer.java:341)\n\tat org.glassfish.jersey.servlet.ServletContainer.service(ServletContainer.java:228)\n\tat org.eclipse.jetty.servlet.ServletHolder.handle(ServletHolder.java:799)\n\tat org.eclipse.jetty.servlet.ServletHandler$ChainEnd.doFilter(ServletHandler.java:1631)\n\tat io.dropwizard.servlets.ThreadNameFilter.doFilter(ThreadNameFilter.java:35)\n\tat org.eclipse.jetty.servlet.FilterHolder.doFilter(FilterHolder.java:193)\n\tat org.eclipse.jetty.servlet.ServletHandler$Chain.doFilter(ServletHandler.java:1601)\n\tat io.dropwizard.jersey.filter.AllowedMethodsFilter.handle(AllowedMethodsFilter.java:45)\n\tat io.dropwizard.jersey.filter.AllowedMethodsFilter.doFilter(AllowedMethodsFilter.java:39)\n\tat org.eclipse.jetty.servlet.FilterHolder.doFilter(FilterHolder.java:193)\n\tat org.eclipse.jetty.servlet.ServletHandler$Chain.doFilter(ServletHandler.java:1601)\n\tat org.finos.legend.server.pac4j.internal.UsernameFilter.doFilter(UsernameFilter.java:51)\n\tat org.eclipse.jetty.servlet.FilterHolder.doFilter(FilterHolder.java:193)\n\tat org.eclipse.jetty.servlet.ServletHandler$Chain.doFilter(ServletHandler.java:1601)\n\tat org.pac4j.j2e.filter.SecurityFilter.lambda$internalFilter$0(SecurityFilter.java:95)\n\tat org.pac4j.core.engine.DefaultSecurityLogic.perform(DefaultSecurityLogic.java:140)\n\tat org.pac4j.j2e.filter.SecurityFilter.internalFilter(SecurityFilter.java:93)\n\tat org.pac4j.j2e.filter.AbstractConfigFilter.doFilter(AbstractConfigFilter.java:81)\n\tat org.eclipse.jetty.servlet.FilterHolder.doFilter(FilterHolder.java:193)\n\tat org.eclipse.jetty.servlet.ServletHandler$Chain.doFilter(ServletHandler.java:1601)\n\tat org.eclipse.jetty.servlet.ServletHandler.doHandle(ServletHandler.java:548)\n\tat org.eclipse.jetty.server.handler.ScopedHandler.nextHandle(ScopedHandler.java:233)\n\tat org.eclipse.jetty.server.session.SessionHandler.doHandle(SessionHandler.java:1624)\n\tat org.eclipse.jetty.server.handler.ScopedHandler.nextHandle(ScopedHandler.java:233)\n\tat org.eclipse.jetty.server.handler.ContextHandler.doHandle(ContextHandler.java:1434)\n\tat org.eclipse.jetty.server.handler.ScopedHandler.nextScope(ScopedHandler.java:188)\n\tat org.eclipse.jetty.servlet.ServletHandler.doScope(ServletHandler.java:501)\n\tat org.eclipse.jetty.server.session.SessionHandler.doScope(SessionHandler.java:1594)\n\tat org.eclipse.jetty.server.handler.ScopedHandler.nextScope(ScopedHandler.java:186)\n\tat org.eclipse.jetty.server.handler.ContextHandler.doScope(ContextHandler.java:1349)\n\tat org.eclipse.jetty.server.handler.ScopedHandler.handle(ScopedHandler.java:141)\n\tat org.eclipse.jetty.server.handler.HandlerWrapper.handle(HandlerWrapper.java:127)\n\tat com.codahale.metrics.jetty9.InstrumentedHandler.handle(InstrumentedHandler.java:313)\n\tat io.dropwizard.jetty.ContextRoutingHandler.handle(ContextRoutingHandler.java:37)\n\tat org.eclipse.jetty.server.handler.gzip.GzipHandler.handle(GzipHandler.java:713)\n\tat io.dropwizard.jetty.BiDiGzipHandler.handle(BiDiGzipHandler.java:67)\n\tat org.eclipse.jetty.server.handler.StatisticsHandler.handle(StatisticsHandler.java:179)\n\tat org.eclipse.jetty.server.handler.HandlerWrapper.handle(HandlerWrapper.java:127)\n\tat org.eclipse.jetty.server.Server.handle(Server.java:516)\n\tat org.eclipse.jetty.server.HttpChannel.lambda$handle$1(HttpChannel.java:400)\n\tat org.eclipse.jetty.server.HttpChannel.dispatch(HttpChannel.java:645)\n\tat org.eclipse.jetty.server.HttpChannel.handle(HttpChannel.java:392)\n\tat org.eclipse.jetty.server.HttpConnection.onFillable(HttpConnection.java:277)\n\tat org.eclipse.jetty.io.AbstractConnection$ReadCallback.succeeded(AbstractConnection.java:311)\n\tat org.eclipse.jetty.io.FillInterest.fillable(FillInterest.java:105)\n\tat org.eclipse.jetty.io.ChannelEndPoint$1.run(ChannelEndPoint.java:104)\n\tat org.eclipse.jetty.util.thread.strategy.EatWhatYouKill.runTask(EatWhatYouKill.java:338)\n\tat org.eclipse.jetty.util.thread.strategy.EatWhatYouKill.doProduce(EatWhatYouKill.java:315)\n\tat org.eclipse.jetty.util.thread.strategy.EatWhatYouKill.tryProduce(EatWhatYouKill.java:173)\n\tat org.eclipse.jetty.util.thread.strategy.EatWhatYouKill.run(EatWhatYouKill.java:131)\n\tat org.eclipse.jetty.util.thread.ReservedThreadExecutor$ReservedThread.run(ReservedThreadExecutor.java:409)\n\tat org.eclipse.jetty.util.thread.QueuedThreadPool.runJob(QueuedThreadPool.java:883)\n\tat org.eclipse.jetty.util.thread.QueuedThreadPool$Runner.run(QueuedThreadPool.java:1034)\n\tat java.base/java.lang.Thread.run(Thread.java:829)\nCaused by: net.snowflake.client.jdbc.SnowflakeSQLException: SQL compilation error:\nObject 'TESTTABLE3' does not exist or not authorized.\n\tat net.snowflake.client.jdbc.SnowflakeUtil.checkErrorAndThrowExceptionSub(SnowflakeUtil.java:127)\n\tat net.snowflake.client.jdbc.SnowflakeUtil.checkErrorAndThrowException(SnowflakeUtil.java:67)\n\tat net.snowflake.client.core.StmtUtil.pollForOutput(StmtUtil.java:442)\n\tat net.snowflake.client.core.StmtUtil.execute(StmtUtil.java:345)\n\tat net.snowflake.client.core.SFStatement.executeHelper(SFStatement.java:486)\n\tat net.snowflake.client.core.SFStatement.executeQueryInternal(SFStatement.java:197)\n\tat net.snowflake.client.core.SFStatement.executeQuery(SFStatement.java:134)\n\tat net.snowflake.client.core.SFStatement.execute(SFStatement.java:743)\n\tat net.snowflake.client.core.SFStatement.execute(SFStatement.java:639)\n\tat net.snowflake.client.jdbc.SnowflakeStatementV1.executeQueryInternal(SnowflakeStatementV1.java:238)\n\tat net.snowflake.client.jdbc.SnowflakeStatementV1.executeQuery(SnowflakeStatementV1.java:133)\n\tat com.zaxxer.hikari.pool.ProxyStatement.executeQuery(ProxyStatement.java:110)\n\tat com.zaxxer.hikari.pool.HikariProxyStatement.executeQuery(HikariProxyStatement.java)\n\tat org.finos.legend.engine.plan.execution.stores.relational.result.SQLExecutionResult.<init>(SQLExecutionResult.java:95)\n\t... 101 more\n"},"mode":"DEV","timeStamp":"2023-02-23 01:31:23.977","user":"_UNKNOWN_"}
| **namingTests::testASCiiColumnName** | failing :x: |
]]></system-out>
  </testcase>
  <testcase name="testAsciiColumnNameAndAsciiAliasName[Snowflake]" classname="org.finos.legend.engine.server.test.shared.Relational_DbSpecific_UsingPureClientTestSuite$2" time="2.875">
    <error message="Assert failure at (resource:/platform/pure/basics/tests/assertEq.pure line:34 column:5), &quot;500 &apos;{&quot;code&quot;:-1,&quot;message&quot;:&quot;SnowflakeSQLException: SQL compilation error:&#10;Object &apos;TESTTABLE3&apos; does not exist or not authorized.&quot;,&quot;status&quot;:&quot;error&quot;,&quot;trace&quot;:&quot;java.lang.RuntimeException: net.snowflake.client.jdbc.SnowflakeSQLException: SQL compilation error:&#10;Object &apos;TESTTABLE3&apos; does not exist or not authorized.&#10;at org.finos.legend.engine.plan.execution.stores.relational.result.SQLExecutionResult.&lt;init&gt;(SQLExecutionResult.java:123)&#10;at org.finos.legend.engine.plan.execution.stores.relational.RelationalExecutor.execute(RelationalExecutor.java:241)&#10;at org.finos.legend.engine.plan.execution.stores.relational.plugin.RelationalExecutionNodeExecutor.visit(RelationalExecutionNodeExecutor.java:238)&#10;at org.finos.legend.engine.plan.execution.stores.relational.plugin.RelationalExecutionNodeExecutor.visit(RelationalExecutionNodeExecutor.java:252)&#10;at org.finos.legend.engine.plan.execution.stores.relational.plugin.RelationalExecutionNodeExecutor.visit(RelationalExecutionNodeExecutor.java:92)&#10;at org.finos.legend.engine.protocol.pure.v1.model.executionPlan.nodes.RelationalTdsInstantiationExecutionNode.accept(RelationalTdsInstantiationExecutionNode.java:22)&#10;at org.finos.legend.engine.plan.execution.stores.relational.RelationalExecutionExtension.lambda$getExtraNodeExecutors$fbe53481$1(RelationalExecutionExtension.java:50)&#10;at org.finos.legend.engine.plan.execution.nodes.ExecutionNodeExecutor.lambda$visit$0(ExecutionNodeExecutor.java:164)&#10;at java.base/java.util.stream.ReferencePipeline$3$1.accept(ReferencePipeline.java:195)&#10;at java.base/java.util.Spliterators$ArraySpliterator.tryAdvance(Spliterators.java:958)&#10;at java.base/java.util.stream.ReferencePipeline.forEachWithCancel(ReferencePipeline.java:127)&#10;at java.base/java.util.stream.AbstractPipeline.copyIntoWithCancel(AbstractPipeline.java:502)&#10;at java.base/java.util.stream.AbstractPipeline.copyInto(AbstractPipeline.java:488)&#10;at java.base/java.util.stream.AbstractPipeline.wrapAndCopyInto(AbstractPipeline.java:474)&#10;at java.base/java.util.stream.FindOps$FindOp.evaluateSequential(FindOps.java:150)&#10;at java.base/java.util.stream.AbstractPipeline.evaluate(AbstractPipeline.java:234)&#10;at java.base/java.util.stream.ReferencePipeline.findFirst(ReferencePipeline.java:543)&#10;at org.finos.legend.engine.plan.execution.nodes.ExecutionNodeExecutor.visit(ExecutionNodeExecutor.java:164)&#10;at org.finos.legend.engine.plan.execution.nodes.ExecutionNodeExecutor.visit(ExecutionNodeExecutor.java:107)&#10;at org.finos.legend.engine.protocol.pure.v1.model.executionPlan.nodes.RelationalTdsInstantiationExecutionNode.accept(RelationalTdsInstantiationExecutionNode.java:22)&#10;at org.finos.legend.engine.plan.execution.PlanExecutor.execute(PlanExecutor.java:238)&#10;at org.finos.legend.engine.plan.execution.PlanExecutor.execute(PlanExecutor.java:225)&#10;at org.finos.legend.engine.plan.execution.api.ExecutePlan.doExecutePlanLegacy(ExecutePlan.java:102)&#10;at org.finos.legend.engine.plan.execution.api.ExecutePlan.doExecutePlan(ExecutePlan.java:84)&#10;at org.finos.legend.engine.plan.execution.api.ExecutePlanLegacy.executePlan(ExecutePlanLegacy.java:56)&#10;at jdk.internal.reflect.GeneratedMethodAccessor100.invoke(Unknown Source)&#10;at java.base/jdk.internal.reflect.DelegatingMethodAccessorImpl.invoke(DelegatingMethodAccessorImpl.java:43)&#10;at java.base/java.lang.reflect.Method.invoke(Method.java:566)&#10;at org.glassfish.jersey.server.model.internal.ResourceMethodInvocationHandlerFactory$1.invoke(ResourceMethodInvocationHandlerFactory.java:81)&#10;at org.glassfish.jersey.server.model.internal.AbstractJavaResourceMethodDispatcher$1.run(AbstractJavaResourceMethodDispatcher.java:144)&#10;at org.glassfish.jersey.server.model.internal.AbstractJavaResourceMethodDispatcher.invoke(AbstractJavaResourceMethodDispatcher.java:161)&#10;at org.glassfish.jersey.server.model.internal.JavaResourceMethodDispatcherProvider$ResponseOutInvoker.doDispatch(JavaResourceMethodDispatcherProvider.java:160)&#10;at org.glassfish.jersey.server.model.internal.AbstractJavaResourceMethodDispatcher.dispatch(AbstractJavaResourceMethodDispatcher.java:99)&#10;at org.glassfish.jersey.server.model.ResourceMethodInvoker.invoke(ResourceMethodInvoker.java:389)&#10;at org.glassfish.jersey.server.model.ResourceMethodInvoker.apply(ResourceMethodInvoker.java:347)&#10;at org.glassfish.jersey.server.model.ResourceMethodInvoker.apply(ResourceMethodInvoker.java:102)&#10;at org.glassfish.jersey.server.ServerRuntime$2.run(ServerRuntime.java:326)&#10;at org.glassfish.jersey.internal.Errors$1.call(Errors.java:271)&#10;at org.glassfish.jersey.internal.Errors$1.call(Errors.java:267)&#10;at org.glassfish.jersey.internal.Errors.process(Errors.java:315)&#10;at org.glassfish.jersey.internal.Errors.process(Errors.java:297)&#10;at org.glassfish.jersey.internal.Errors.process(Errors.java:267)&#10;at org.glassfish.jersey.process.internal.RequestScope.runInScope(RequestScope.java:317)&#10;at org.glassfish.jersey.server.ServerRuntime.process(ServerRuntime.java:305)&#10;at org.glassfish.jersey.server.ApplicationHandler.handle(ApplicationHandler.java:1154)&#10;at org.glassfish.jersey.servlet.WebComponent.serviceImpl(WebComponent.java:473)&#10;at org.glassfish.jersey.servlet.WebComponent.service(WebComponent.java:427)&#10;at org.glassfish.jersey.servlet.ServletContainer.service(ServletContainer.java:388)&#10;at org.glassfish.jersey.servlet.ServletContainer.service(ServletContainer.java:341)&#10;at org.glassfish.jersey.servlet.ServletContainer.service(ServletContainer.java:228)&#10;at org.eclipse.jetty.servlet.ServletHolder.handle(ServletHolder.java:799)&#10;at org.eclipse.jetty.servlet.ServletHandler$ChainEnd.doFilter(ServletHandler.java:1631)&#10;at io.dropwizard.servlets.ThreadNameFilter.doFilter(ThreadNameFilter.java:35)&#10;at org.eclipse.jetty.servlet.FilterHolder.doFilter(FilterHolder.java:193)&#10;at org.eclipse.jetty.servlet.ServletHandler$Chain.doFilter(ServletHandler.java:1601)&#10;at io.dropwizard.jersey.filter.AllowedMethodsFilter.handle(AllowedMethodsFilter.java:45)&#10;at io.dropwizard.jersey.filter.AllowedMethodsFilter.doFilter(AllowedMethodsFilter.java:39)&#10;at org.eclipse.jetty.servlet.FilterHolder.doFilter(FilterHolder.java:193)&#10;at org.eclipse.jetty.servlet.ServletHandler$Chain.doFilter(ServletHandler.java:1601)&#10;at org.finos.legend.server.pac4j.internal.UsernameFilter.doFilter(UsernameFilter.java:51)&#10;at org.eclipse.jetty.servlet.FilterHolder.doFilter(FilterHolder.java:193)&#10;at org.eclipse.jetty.servlet.ServletHandler$Chain.doFilter(ServletHandler.java:1601)&#10;at org.pac4j.j2e.filter.SecurityFilter.lambda$internalFilter$0(SecurityFilter.java:95)&#10;at org.pac4j.core.engine.DefaultSecurityLogic.perform(DefaultSecurityLogic.java:140)&#10;at org.pac4j.j2e.filter.SecurityFilter.internalFilter(SecurityFilter.java:93)&#10;at org.pac4j.j2e.filter.AbstractConfigFilter.doFilter(AbstractConfigFilter.java:81)&#10;at org.eclipse.jetty.servlet.FilterHolder.doFilter(FilterHolder.java:193)&#10;at org.eclipse.jetty.servlet.ServletHandler$Chain.doFilter(ServletHandler.java:1601)&#10;at org.eclipse.jetty.servlet.ServletHandler.doHandle(ServletHandler.java:548)&#10;at org.eclipse.jetty.server.handler.ScopedHandler.nextHandle(ScopedHandler.java:233)&#10;at org.eclipse.jetty.server.session.SessionHandler.doHandle(SessionHandler.java:1624)&#10;at org.eclipse.jetty.server.handler.ScopedHandler.nextHandle(ScopedHandler.java:233)&#10;at org.eclipse.jetty.server.handler.ContextHandler.doHandle(ContextHandler.java:1434)&#10;at org.eclipse.jetty.server.handler.ScopedHandler.nextScope(ScopedHandler.java:188)&#10;at org.eclipse.jetty.servlet.ServletHandler.doScope(ServletHandler.java:501)&#10;at org.eclipse.jetty.server.session.SessionHandler.doScope(SessionHandler.java:1594)&#10;at org.eclipse.jetty.server.handler.ScopedHandler.nextScope(ScopedHandler.java:186)&#10;at org.eclipse.jetty.server.handler.ContextHandler.doScope(ContextHandler.java:1349)&#10;at org.eclipse.jetty.server.handler.ScopedHandler.handle(ScopedHandler.java:141)&#10;at org.eclipse.jetty.server.handler.HandlerWrapper.handle(HandlerWrapper.java:127)&#10;at com.codahale.metrics.jetty9.InstrumentedHandler.handle(InstrumentedHandler.java:313)&#10;at io.dropwizard.jetty.ContextRoutingHandler.handle(ContextRoutingHandler.java:37)&#10;at org.eclipse.jetty.server.handler.gzip.GzipHandler.handle(GzipHandler.java:713)&#10;at io.dropwizard.jetty.BiDiGzipHandler.handle(BiDiGzipHandler.java:67)&#10;at org.eclipse.jetty.server.handler.StatisticsHandler.handle(StatisticsHandler.java:179)&#10;at org.eclipse.jetty.server.handler.HandlerWrapper.handle(HandlerWrapper.java:127)&#10;at org.eclipse.jetty.server.Server.handle(Server.java:516)&#10;at org.eclipse.jetty.server.HttpChannel.lambda$handle$1(HttpChannel.java:400)&#10;at org.eclipse.jetty.server.HttpChannel.dispatch(HttpChannel.java:645)&#10;at org.eclipse.jetty.server.HttpChannel.handle(HttpChannel.java:392)&#10;at org.eclipse.jetty.server.HttpConnection.onFillable(HttpConnection.java:277)&#10;at org.eclipse.jetty.io.AbstractConnection$ReadCallback.succeeded(AbstractConnection.java:311)&#10;at org.eclipse.jetty.io.FillInterest.fillable(FillInterest.java:105)&#10;at org.eclipse.jetty.io.ChannelEndPoint$1.run(ChannelEndPoint.java:104)&#10;at org.eclipse.jetty.util.thread.strategy.EatWhatYouKill.runTask(EatWhatYouKill.java:338)&#10;at org.eclipse.jetty.util.thread.strategy.EatWhatYouKill.doProduce(EatWhatYouKill.java:315)&#10;at org.eclipse.jetty.util.thread.strategy.EatWhatYouKill.tryProduce(EatWhatYouKill.java:173)&#10;at org.eclipse.jetty.util.thread.strategy.EatWhatYouKill.run(EatWhatYouKill.java:131)&#10;at org.eclipse.jetty.util.thread.ReservedThreadExecutor$ReservedThread.run(ReservedThreadExecutor.java:409)&#10;at org.eclipse.jetty.util.thread.QueuedThreadPool.runJob(QueuedThreadPool.java:883)&#10;at org.eclipse.jetty.util.thread.QueuedThreadPool$Runner.run(QueuedThreadPool.java:1034)&#10;at java.base/java.lang.Thread.run(Thread.java:829)&#10;Caused by: net.snowflake.client.jdbc.SnowflakeSQLException: SQL compilation error:&#10;Object &apos;TESTTABLE3&apos; does not exist or not authorized.&#10;at net.snowflake.client.jdbc.SnowflakeUtil.checkErrorAndThrowExceptionSub(SnowflakeUtil.java:127)&#10;at net.snowflake.client.jdbc.SnowflakeUtil.checkErrorAndThrowException(SnowflakeUtil.java:67)&#10;at net.snowflake.client.core.StmtUtil.pollForOutput(StmtUtil.java:442)&#10;at net.snowflake.client.core.StmtUtil.execute(StmtUtil.java:345)&#10;at net.snowflake.client.core.SFStatement.executeHelper(SFStatement.java:486)&#10;at net.snowflake.client.core.SFStatement.executeQueryInternal(SFStatement.java:197)&#10;at net.snowflake.client.core.SFStatement.executeQuery(SFStatement.java:134)&#10;at net.snowflake.client.core.SFStatement.execute(SFStatement.java:743)&#10;at net.snowflake.client.core.SFStatement.execute(SFStatement.java:639)&#10;at net.snowflake.client.jdbc.SnowflakeStatementV1.executeQueryInternal(SnowflakeStatementV1.java:238)&#10;at net.snowflake.client.jdbc.SnowflakeStatementV1.executeQuery(SnowflakeStatementV1.java:133)&#10;at com.zaxxer.hikari.pool.ProxyStatement.executeQuery(ProxyStatement.java:110)&#10;at com.zaxxer.hikari.pool.HikariProxyStatement.executeQuery(HikariProxyStatement.java)&#10;at org.finos.legend.engine.plan.execution.stores.relational.result.SQLExecutionResult.&lt;init&gt;(SQLExecutionResult.java:95)&#10;... 101 more&#10;&quot;}&apos;&quot;" type="Assert failure at (resource"><![CDATA[Assert failure at (resource:/platform/pure/basics/tests/assertEq.pure line:34 column:5), "500 '{"code":-1,"message":"SnowflakeSQLException: SQL compilation error:
Object 'TESTTABLE3' does not exist or not authorized.","status":"error","trace":"java.lang.RuntimeException: net.snowflake.client.jdbc.SnowflakeSQLException: SQL compilation error:
Object 'TESTTABLE3' does not exist or not authorized.
at org.finos.legend.engine.plan.execution.stores.relational.result.SQLExecutionResult.<init>(SQLExecutionResult.java:123)
at org.finos.legend.engine.plan.execution.stores.relational.RelationalExecutor.execute(RelationalExecutor.java:241)
at org.finos.legend.engine.plan.execution.stores.relational.plugin.RelationalExecutionNodeExecutor.visit(RelationalExecutionNodeExecutor.java:238)
at org.finos.legend.engine.plan.execution.stores.relational.plugin.RelationalExecutionNodeExecutor.visit(RelationalExecutionNodeExecutor.java:252)
at org.finos.legend.engine.plan.execution.stores.relational.plugin.RelationalExecutionNodeExecutor.visit(RelationalExecutionNodeExecutor.java:92)
at org.finos.legend.engine.protocol.pure.v1.model.executionPlan.nodes.RelationalTdsInstantiationExecutionNode.accept(RelationalTdsInstantiationExecutionNode.java:22)
at org.finos.legend.engine.plan.execution.stores.relational.RelationalExecutionExtension.lambda$getExtraNodeExecutors$fbe53481$1(RelationalExecutionExtension.java:50)
at org.finos.legend.engine.plan.execution.nodes.ExecutionNodeExecutor.lambda$visit$0(ExecutionNodeExecutor.java:164)
at java.base/java.util.stream.ReferencePipeline$3$1.accept(ReferencePipeline.java:195)
at java.base/java.util.Spliterators$ArraySpliterator.tryAdvance(Spliterators.java:958)
at java.base/java.util.stream.ReferencePipeline.forEachWithCancel(ReferencePipeline.java:127)
at java.base/java.util.stream.AbstractPipeline.copyIntoWithCancel(AbstractPipeline.java:502)
at java.base/java.util.stream.AbstractPipeline.copyInto(AbstractPipeline.java:488)
at java.base/java.util.stream.AbstractPipeline.wrapAndCopyInto(AbstractPipeline.java:474)
at java.base/java.util.stream.FindOps$FindOp.evaluateSequential(FindOps.java:150)
at java.base/java.util.stream.AbstractPipeline.evaluate(AbstractPipeline.java:234)
at java.base/java.util.stream.ReferencePipeline.findFirst(ReferencePipeline.java:543)
at org.finos.legend.engine.plan.execution.nodes.ExecutionNodeExecutor.visit(ExecutionNodeExecutor.java:164)
at org.finos.legend.engine.plan.execution.nodes.ExecutionNodeExecutor.visit(ExecutionNodeExecutor.java:107)
at org.finos.legend.engine.protocol.pure.v1.model.executionPlan.nodes.RelationalTdsInstantiationExecutionNode.accept(RelationalTdsInstantiationExecutionNode.java:22)
at org.finos.legend.engine.plan.execution.PlanExecutor.execute(PlanExecutor.java:238)
at org.finos.legend.engine.plan.execution.PlanExecutor.execute(PlanExecutor.java:225)
at org.finos.legend.engine.plan.execution.api.ExecutePlan.doExecutePlanLegacy(ExecutePlan.java:102)
at org.finos.legend.engine.plan.execution.api.ExecutePlan.doExecutePlan(ExecutePlan.java:84)
at org.finos.legend.engine.plan.execution.api.ExecutePlanLegacy.executePlan(ExecutePlanLegacy.java:56)
at jdk.internal.reflect.GeneratedMethodAccessor100.invoke(Unknown Source)
at java.base/jdk.internal.reflect.DelegatingMethodAccessorImpl.invoke(DelegatingMethodAccessorImpl.java:43)
at java.base/java.lang.reflect.Method.invoke(Method.java:566)
at org.glassfish.jersey.server.model.internal.ResourceMethodInvocationHandlerFactory$1.invoke(ResourceMethodInvocationHandlerFactory.java:81)
at org.glassfish.jersey.server.model.internal.AbstractJavaResourceMethodDispatcher$1.run(AbstractJavaResourceMethodDispatcher.java:144)
at org.glassfish.jersey.server.model.internal.AbstractJavaResourceMethodDispatcher.invoke(AbstractJavaResourceMethodDispatcher.java:161)
at org.glassfish.jersey.server.model.internal.JavaResourceMethodDispatcherProvider$ResponseOutInvoker.doDispatch(JavaResourceMethodDispatcherProvider.java:160)
at org.glassfish.jersey.server.model.internal.AbstractJavaResourceMethodDispatcher.dispatch(AbstractJavaResourceMethodDispatcher.java:99)
at org.glassfish.jersey.server.model.ResourceMethodInvoker.invoke(ResourceMethodInvoker.java:389)
at org.glassfish.jersey.server.model.ResourceMethodInvoker.apply(ResourceMethodInvoker.java:347)
at org.glassfish.jersey.server.model.ResourceMethodInvoker.apply(ResourceMethodInvoker.java:102)
at org.glassfish.jersey.server.ServerRuntime$2.run(ServerRuntime.java:326)
at org.glassfish.jersey.internal.Errors$1.call(Errors.java:271)
at org.glassfish.jersey.internal.Errors$1.call(Errors.java:267)
at org.glassfish.jersey.internal.Errors.process(Errors.java:315)
at org.glassfish.jersey.internal.Errors.process(Errors.java:297)
at org.glassfish.jersey.internal.Errors.process(Errors.java:267)
at org.glassfish.jersey.process.internal.RequestScope.runInScope(RequestScope.java:317)
at org.glassfish.jersey.server.ServerRuntime.process(ServerRuntime.java:305)
at org.glassfish.jersey.server.ApplicationHandler.handle(ApplicationHandler.java:1154)
at org.glassfish.jersey.servlet.WebComponent.serviceImpl(WebComponent.java:473)
at org.glassfish.jersey.servlet.WebComponent.service(WebComponent.java:427)
at org.glassfish.jersey.servlet.ServletContainer.service(ServletContainer.java:388)
at org.glassfish.jersey.servlet.ServletContainer.service(ServletContainer.java:341)
at org.glassfish.jersey.servlet.ServletContainer.service(ServletContainer.java:228)
at org.eclipse.jetty.servlet.ServletHolder.handle(ServletHolder.java:799)
at org.eclipse.jetty.servlet.ServletHandler$ChainEnd.doFilter(ServletHandler.java:1631)
at io.dropwizard.servlets.ThreadNameFilter.doFilter(ThreadNameFilter.java:35)
at org.eclipse.jetty.servlet.FilterHolder.doFilter(FilterHolder.java:193)
at org.eclipse.jetty.servlet.ServletHandler$Chain.doFilter(ServletHandler.java:1601)
at io.dropwizard.jersey.filter.AllowedMethodsFilter.handle(AllowedMethodsFilter.java:45)
at io.dropwizard.jersey.filter.AllowedMethodsFilter.doFilter(AllowedMethodsFilter.java:39)
at org.eclipse.jetty.servlet.FilterHolder.doFilter(FilterHolder.java:193)
at org.eclipse.jetty.servlet.ServletHandler$Chain.doFilter(ServletHandler.java:1601)
at org.finos.legend.server.pac4j.internal.UsernameFilter.doFilter(UsernameFilter.java:51)
at org.eclipse.jetty.servlet.FilterHolder.doFilter(FilterHolder.java:193)
at org.eclipse.jetty.servlet.ServletHandler$Chain.doFilter(ServletHandler.java:1601)
at org.pac4j.j2e.filter.SecurityFilter.lambda$internalFilter$0(SecurityFilter.java:95)
at org.pac4j.core.engine.DefaultSecurityLogic.perform(DefaultSecurityLogic.java:140)
at org.pac4j.j2e.filter.SecurityFilter.internalFilter(SecurityFilter.java:93)
at org.pac4j.j2e.filter.AbstractConfigFilter.doFilter(AbstractConfigFilter.java:81)
at org.eclipse.jetty.servlet.FilterHolder.doFilter(FilterHolder.java:193)
at org.eclipse.jetty.servlet.ServletHandler$Chain.doFilter(ServletHandler.java:1601)
at org.eclipse.jetty.servlet.ServletHandler.doHandle(ServletHandler.java:548)
at org.eclipse.jetty.server.handler.ScopedHandler.nextHandle(ScopedHandler.java:233)
at org.eclipse.jetty.server.session.SessionHandler.doHandle(SessionHandler.java:1624)
at org.eclipse.jetty.server.handler.ScopedHandler.nextHandle(ScopedHandler.java:233)
at org.eclipse.jetty.server.handler.ContextHandler.doHandle(ContextHandler.java:1434)
at org.eclipse.jetty.server.handler.ScopedHandler.nextScope(ScopedHandler.java:188)
at org.eclipse.jetty.servlet.ServletHandler.doScope(ServletHandler.java:501)
at org.eclipse.jetty.server.session.SessionHandler.doScope(SessionHandler.java:1594)
at org.eclipse.jetty.server.handler.ScopedHandler.nextScope(ScopedHandler.java:186)
at org.eclipse.jetty.server.handler.ContextHandler.doScope(ContextHandler.java:1349)
at org.eclipse.jetty.server.handler.ScopedHandler.handle(ScopedHandler.java:141)
at org.eclipse.jetty.server.handler.HandlerWrapper.handle(HandlerWrapper.java:127)
at com.codahale.metrics.jetty9.InstrumentedHandler.handle(InstrumentedHandler.java:313)
at io.dropwizard.jetty.ContextRoutingHandler.handle(ContextRoutingHandler.java:37)
at org.eclipse.jetty.server.handler.gzip.GzipHandler.handle(GzipHandler.java:713)
at io.dropwizard.jetty.BiDiGzipHandler.handle(BiDiGzipHandler.java:67)
at org.eclipse.jetty.server.handler.StatisticsHandler.handle(StatisticsHandler.java:179)
at org.eclipse.jetty.server.handler.HandlerWrapper.handle(HandlerWrapper.java:127)
at org.eclipse.jetty.server.Server.handle(Server.java:516)
at org.eclipse.jetty.server.HttpChannel.lambda$handle$1(HttpChannel.java:400)
at org.eclipse.jetty.server.HttpChannel.dispatch(HttpChannel.java:645)
at org.eclipse.jetty.server.HttpChannel.handle(HttpChannel.java:392)
at org.eclipse.jetty.server.HttpConnection.onFillable(HttpConnection.java:277)
at org.eclipse.jetty.io.AbstractConnection$ReadCallback.succeeded(AbstractConnection.java:311)
at org.eclipse.jetty.io.FillInterest.fillable(FillInterest.java:105)
at org.eclipse.jetty.io.ChannelEndPoint$1.run(ChannelEndPoint.java:104)
at org.eclipse.jetty.util.thread.strategy.EatWhatYouKill.runTask(EatWhatYouKill.java:338)
at org.eclipse.jetty.util.thread.strategy.EatWhatYouKill.doProduce(EatWhatYouKill.java:315)
at org.eclipse.jetty.util.thread.strategy.EatWhatYouKill.tryProduce(EatWhatYouKill.java:173)
at org.eclipse.jetty.util.thread.strategy.EatWhatYouKill.run(EatWhatYouKill.java:131)
at org.eclipse.jetty.util.thread.ReservedThreadExecutor$ReservedThread.run(ReservedThreadExecutor.java:409)
at org.eclipse.jetty.util.thread.QueuedThreadPool.runJob(QueuedThreadPool.java:883)
at org.eclipse.jetty.util.thread.QueuedThreadPool$Runner.run(QueuedThreadPool.java:1034)
at java.base/java.lang.Thread.run(Thread.java:829)
Caused by: net.snowflake.client.jdbc.SnowflakeSQLException: SQL compilation error:
Object 'TESTTABLE3' does not exist or not authorized.
at net.snowflake.client.jdbc.SnowflakeUtil.checkErrorAndThrowExceptionSub(SnowflakeUtil.java:127)
at net.snowflake.client.jdbc.SnowflakeUtil.checkErrorAndThrowException(SnowflakeUtil.java:67)
at net.snowflake.client.core.StmtUtil.pollForOutput(StmtUtil.java:442)
at net.snowflake.client.core.StmtUtil.execute(StmtUtil.java:345)
at net.snowflake.client.core.SFStatement.executeHelper(SFStatement.java:486)
at net.snowflake.client.core.SFStatement.executeQueryInternal(SFStatement.java:197)
at net.snowflake.client.core.SFStatement.executeQuery(SFStatement.java:134)
at net.snowflake.client.core.SFStatement.execute(SFStatement.java:743)
at net.snowflake.client.core.SFStatement.execute(SFStatement.java:639)
at net.snowflake.client.jdbc.SnowflakeStatementV1.executeQueryInternal(SnowflakeStatementV1.java:238)
at net.snowflake.client.jdbc.SnowflakeStatementV1.executeQuery(SnowflakeStatementV1.java:133)
at com.zaxxer.hikari.pool.ProxyStatement.executeQuery(ProxyStatement.java:110)
at com.zaxxer.hikari.pool.HikariProxyStatement.executeQuery(HikariProxyStatement.java)
at org.finos.legend.engine.plan.execution.stores.relational.result.SQLExecutionResult.<init>(SQLExecutionResult.java:95)
... 101 more
"}'"
	at org.finos.legend.pure.runtime.java.compiled.generation.processors.support.CompiledSupport.pureAssert(CompiledSupport.java:1994)
	at org.finos.legend.pure.generated.platform_pure_basics_tests_assertEq.Root_meta_pure_functions_asserts_assertEq_Any_1__Any_1__Function_1__Boolean_1_(platform_pure_basics_tests_assertEq.java:44)
	at org.finos.legend.pure.generated.core_pure_protocol_vX_X_X_invocations_execution.Root_meta_protocols_pure_vX_X_X_invocation_execution_execute_executePlan_String_1__String_1__Integer_1__String_1_(core_pure_protocol_vX_X_X_invocations_execution.java:751)
	at org.finos.legend.pure.generated.core_pure_protocol_vX_X_X_invocations_execution.Root_meta_protocols_pure_vX_X_X_invocation_execution_execute_executePlan_ExecutionPlan_1__String_1__Integer_1__Extension_MANY__String_1_(core_pure_protocol_vX_X_X_invocations_execution.java:745)
	at org.finos.legend.pure.generated.core_pure_protocol_vX_X_X_invocations_execution.Root_meta_protocols_pure_vX_X_X_invocation_execution_execute_executePlan_ExecutionPlan_1__ExecutionContext_$0_1$__String_1__Integer_1__Extension_MANY__Result_1_(core_pure_protocol_vX_X_X_invocations_execution.java:738)
	at jdk.internal.reflect.GeneratedMethodAccessor96.invoke(Unknown Source)
	at java.base/jdk.internal.reflect.DelegatingMethodAccessorImpl.invoke(DelegatingMethodAccessorImpl.java:43)
	at java.base/java.lang.reflect.Method.invoke(Method.java:566)
	at org.finos.legend.pure.runtime.java.compiled.metadata.JavaMethodWithParamsSharedPureFunction.execute(JavaMethodWithParamsSharedPureFunction.java:59)
	at org.finos.legend.pure.runtime.java.compiled.generation.processors.support.Pure._evaluateToMany(Pure.java:546)
	at org.finos.legend.pure.generated.CoreGen.evaluateToMany(CoreGen.java:147)
	at org.finos.legend.pure.generated.CoreGen.evaluateToMany(CoreGen.java:134)
	at org.finos.legend.pure.generated.core_pure_router_router_entry$9$1.value(core_pure_router_router_entry.java:318)
	at org.finos.legend.pure.generated.core_pure_router_router_entry$9$1.execute(core_pure_router_router_entry.java:311)
	at org.finos.legend.pure.generated.core_pure_router_router_entry$9$1.execute(core_pure_router_router_entry.java:307)
	at org.finos.legend.pure.runtime.java.compiled.generation.processors.support.Pure.evaluate(Pure.java:485)
	at org.finos.legend.pure.runtime.java.compiled.generation.processors.support.Pure.legendTest(Pure.java:216)
	at org.finos.legend.pure.generated.CoreGen.legendTest(CoreGen.java:61)
	at org.finos.legend.pure.generated.core_pure_router_router_entry$9.valueOf(core_pure_router_router_entry.java:303)
	at org.finos.legend.pure.generated.core_pure_router_router_entry$9.execute(core_pure_router_router_entry.java:298)
	at org.finos.legend.pure.generated.core_pure_router_router_entry$9.execute(core_pure_router_router_entry.java:294)
	at org.finos.legend.pure.runtime.java.compiled.generation.processors.support.Pure.evaluate(Pure.java:485)
	at org.finos.legend.pure.runtime.java.compiled.generation.processors.support.Pure.traceSpan(Pure.java:1482)
	at org.finos.legend.pure.generated.CoreGen.traceSpan(CoreGen.java:203)
	at org.finos.legend.pure.generated.core_pure_router_router_entry.Root_meta_pure_router_executePlan_ExecutionPlan_1__ExecutionContext_1__Extension_MANY__Result_$0_1$_(core_pure_router_router_entry.java:290)
	at org.finos.legend.pure.generated.core_pure_router_router_entry.Root_meta_pure_router_executePlan_ExecutionPlan_1__Extension_MANY__Result_$0_1$_(core_pure_router_router_entry.java:285)
	at org.finos.legend.pure.generated.core_relational_relational_sqlQueryToString_dbTestRunner_executionPlanTestRunner$19.execute(core_relational_relational_sqlQueryToString_dbTestRunner_executionPlanTestRunner.java:305)
	at org.finos.legend.pure.generated.core_relational_relational_sqlQueryToString_dbTestRunner_executionPlanTestRunner.Root_meta_relational_dbTestRunner_executeViaPlan_FunctionDefinition_1__Mapping_1__Database_1__DbTestConfig_1__Extension_MANY__Result_$0_1$_(core_relational_relational_sqlQueryToString_dbTestRunner_executionPlanTestRunner.java:309)
	at org.finos.legend.pure.generated.core_relational_relational_sqlQueryToString_testSuite_naming_naming.Root_meta_relational_tests_dbSpecificTests_sqlQueryTests_namingTests_testAsciiColumnNameAndAsciiAliasName_DbTestConfig_1__Boolean_1_(core_relational_relational_sqlQueryToString_testSuite_naming_naming.java:845)
	at java.base/jdk.internal.reflect.NativeMethodAccessorImpl.invoke0(Native Method)
	at java.base/jdk.internal.reflect.NativeMethodAccessorImpl.invoke(NativeMethodAccessorImpl.java:62)
	at java.base/jdk.internal.reflect.DelegatingMethodAccessorImpl.invoke(DelegatingMethodAccessorImpl.java:43)
	at java.base/java.lang.reflect.Method.invoke(Method.java:566)
	at org.finos.legend.pure.runtime.java.compiled.testHelper.PureTestBuilderCompiled.executeFn(PureTestBuilderCompiled.java:113)
	at org.finos.legend.pure.runtime.java.compiled.testHelper.PureTestBuilderCompiled.lambda$buildSuite$0(PureTestBuilderCompiled.java:79)
	at org.finos.legend.pure.m3.execution.test.PureTestBuilder$PureTestCase.runTest(PureTestBuilder.java:95)
	at junit.framework.TestCase.runBare(TestCase.java:142)
	at org.finos.legend.engine.server.test.shared.Relational_DbSpecific_UsingPureClientTestSuite$2.runTest(Relational_DbSpecific_UsingPureClientTestSuite.java:90)
	at junit.framework.TestCase.runBare(TestCase.java:142)
	at junit.framework.TestResult$1.protect(TestResult.java:122)
	at junit.framework.TestResult.runProtected(TestResult.java:142)
	at junit.framework.TestResult.run(TestResult.java:125)
	at junit.framework.TestCase.run(TestCase.java:130)
	at junit.framework.TestSuite.runTest(TestSuite.java:241)
	at junit.framework.TestSuite.run(TestSuite.java:236)
	at junit.framework.TestSuite.runTest(TestSuite.java:241)
	at junit.framework.TestSuite.run(TestSuite.java:236)
	at junit.framework.TestSuite.runTest(TestSuite.java:241)
	at junit.framework.TestSuite.run(TestSuite.java:236)
	at junit.framework.TestSuite.runTest(TestSuite.java:241)
	at junit.framework.TestSuite.run(TestSuite.java:236)
	at junit.extensions.TestDecorator.basicRun(TestDecorator.java:24)
	at junit.extensions.TestSetup$1.protect(TestSetup.java:23)
	at junit.framework.TestResult.runProtected(TestResult.java:142)
	at junit.extensions.TestSetup.run(TestSetup.java:27)
	at org.junit.internal.runners.JUnit38ClassRunner.run(JUnit38ClassRunner.java:90)
	at org.apache.maven.surefire.junit4.JUnit4Provider.execute(JUnit4Provider.java:365)
	at org.apache.maven.surefire.junit4.JUnit4Provider.executeWithRerun(JUnit4Provider.java:273)
	at org.apache.maven.surefire.junit4.JUnit4Provider.executeTestSet(JUnit4Provider.java:238)
	at org.apache.maven.surefire.junit4.JUnit4Provider.invoke(JUnit4Provider.java:159)
	at org.apache.maven.surefire.booter.ForkedBooter.invokeProviderInSameClassLoader(ForkedBooter.java:384)
	at org.apache.maven.surefire.booter.ForkedBooter.runSuitesInProcess(ForkedBooter.java:345)
	at org.apache.maven.surefire.booter.ForkedBooter.execute(ForkedBooter.java:126)
	at org.apache.maven.surefire.booter.ForkedBooter.main(ForkedBooter.java:418)
]]></error>
    <system-out><![CDATA[Running db test namingTests::testAsciiColumnNameAndAsciiAliasName
{"duration":0.0,"eventType":"EXECUTION_PLAN_EXEC_ERROR","info":{"code":-1,"message":"SnowflakeSQLException: SQL compilation error:\nObject 'TESTTABLE3' does not exist or not authorized.","status":"error","trace":"java.lang.RuntimeException: net.snowflake.client.jdbc.SnowflakeSQLException: SQL compilation error:\nObject 'TESTTABLE3' does not exist or not authorized.\n\tat org.finos.legend.engine.plan.execution.stores.relational.result.SQLExecutionResult.<init>(SQLExecutionResult.java:123)\n\tat org.finos.legend.engine.plan.execution.stores.relational.RelationalExecutor.execute(RelationalExecutor.java:241)\n\tat org.finos.legend.engine.plan.execution.stores.relational.plugin.RelationalExecutionNodeExecutor.visit(RelationalExecutionNodeExecutor.java:238)\n\tat org.finos.legend.engine.plan.execution.stores.relational.plugin.RelationalExecutionNodeExecutor.visit(RelationalExecutionNodeExecutor.java:252)\n\tat org.finos.legend.engine.plan.execution.stores.relational.plugin.RelationalExecutionNodeExecutor.visit(RelationalExecutionNodeExecutor.java:92)\n\tat org.finos.legend.engine.protocol.pure.v1.model.executionPlan.nodes.RelationalTdsInstantiationExecutionNode.accept(RelationalTdsInstantiationExecutionNode.java:22)\n\tat org.finos.legend.engine.plan.execution.stores.relational.RelationalExecutionExtension.lambda$getExtraNodeExecutors$fbe53481$1(RelationalExecutionExtension.java:50)\n\tat org.finos.legend.engine.plan.execution.nodes.ExecutionNodeExecutor.lambda$visit$0(ExecutionNodeExecutor.java:164)\n\tat java.base/java.util.stream.ReferencePipeline$3$1.accept(ReferencePipeline.java:195)\n\tat java.base/java.util.Spliterators$ArraySpliterator.tryAdvance(Spliterators.java:958)\n\tat java.base/java.util.stream.ReferencePipeline.forEachWithCancel(ReferencePipeline.java:127)\n\tat java.base/java.util.stream.AbstractPipeline.copyIntoWithCancel(AbstractPipeline.java:502)\n\tat java.base/java.util.stream.AbstractPipeline.copyInto(AbstractPipeline.java:488)\n\tat java.base/java.util.stream.AbstractPipeline.wrapAndCopyInto(AbstractPipeline.java:474)\n\tat java.base/java.util.stream.FindOps$FindOp.evaluateSequential(FindOps.java:150)\n\tat java.base/java.util.stream.AbstractPipeline.evaluate(AbstractPipeline.java:234)\n\tat java.base/java.util.stream.ReferencePipeline.findFirst(ReferencePipeline.java:543)\n\tat org.finos.legend.engine.plan.execution.nodes.ExecutionNodeExecutor.visit(ExecutionNodeExecutor.java:164)\n\tat org.finos.legend.engine.plan.execution.nodes.ExecutionNodeExecutor.visit(ExecutionNodeExecutor.java:107)\n\tat org.finos.legend.engine.protocol.pure.v1.model.executionPlan.nodes.RelationalTdsInstantiationExecutionNode.accept(RelationalTdsInstantiationExecutionNode.java:22)\n\tat org.finos.legend.engine.plan.execution.PlanExecutor.execute(PlanExecutor.java:238)\n\tat org.finos.legend.engine.plan.execution.PlanExecutor.execute(PlanExecutor.java:225)\n\tat org.finos.legend.engine.plan.execution.api.ExecutePlan.doExecutePlanLegacy(ExecutePlan.java:102)\n\tat org.finos.legend.engine.plan.execution.api.ExecutePlan.doExecutePlan(ExecutePlan.java:84)\n\tat org.finos.legend.engine.plan.execution.api.ExecutePlanLegacy.executePlan(ExecutePlanLegacy.java:56)\n\tat jdk.internal.reflect.GeneratedMethodAccessor100.invoke(Unknown Source)\n\tat java.base/jdk.internal.reflect.DelegatingMethodAccessorImpl.invoke(DelegatingMethodAccessorImpl.java:43)\n\tat java.base/java.lang.reflect.Method.invoke(Method.java:566)\n\tat org.glassfish.jersey.server.model.internal.ResourceMethodInvocationHandlerFactory$1.invoke(ResourceMethodInvocationHandlerFactory.java:81)\n\tat org.glassfish.jersey.server.model.internal.AbstractJavaResourceMethodDispatcher$1.run(AbstractJavaResourceMethodDispatcher.java:144)\n\tat org.glassfish.jersey.server.model.internal.AbstractJavaResourceMethodDispatcher.invoke(AbstractJavaResourceMethodDispatcher.java:161)\n\tat org.glassfish.jersey.server.model.internal.JavaResourceMethodDispatcherProvider$ResponseOutInvoker.doDispatch(JavaResourceMethodDispatcherProvider.java:160)\n\tat org.glassfish.jersey.server.model.internal.AbstractJavaResourceMethodDispatcher.dispatch(AbstractJavaResourceMethodDispatcher.java:99)\n\tat org.glassfish.jersey.server.model.ResourceMethodInvoker.invoke(ResourceMethodInvoker.java:389)\n\tat org.glassfish.jersey.server.model.ResourceMethodInvoker.apply(ResourceMethodInvoker.java:347)\n\tat org.glassfish.jersey.server.model.ResourceMethodInvoker.apply(ResourceMethodInvoker.java:102)\n\tat org.glassfish.jersey.server.ServerRuntime$2.run(ServerRuntime.java:326)\n\tat org.glassfish.jersey.internal.Errors$1.call(Errors.java:271)\n\tat org.glassfish.jersey.internal.Errors$1.call(Errors.java:267)\n\tat org.glassfish.jersey.internal.Errors.process(Errors.java:315)\n\tat org.glassfish.jersey.internal.Errors.process(Errors.java:297)\n\tat org.glassfish.jersey.internal.Errors.process(Errors.java:267)\n\tat org.glassfish.jersey.process.internal.RequestScope.runInScope(RequestScope.java:317)\n\tat org.glassfish.jersey.server.ServerRuntime.process(ServerRuntime.java:305)\n\tat org.glassfish.jersey.server.ApplicationHandler.handle(ApplicationHandler.java:1154)\n\tat org.glassfish.jersey.servlet.WebComponent.serviceImpl(WebComponent.java:473)\n\tat org.glassfish.jersey.servlet.WebComponent.service(WebComponent.java:427)\n\tat org.glassfish.jersey.servlet.ServletContainer.service(ServletContainer.java:388)\n\tat org.glassfish.jersey.servlet.ServletContainer.service(ServletContainer.java:341)\n\tat org.glassfish.jersey.servlet.ServletContainer.service(ServletContainer.java:228)\n\tat org.eclipse.jetty.servlet.ServletHolder.handle(ServletHolder.java:799)\n\tat org.eclipse.jetty.servlet.ServletHandler$ChainEnd.doFilter(ServletHandler.java:1631)\n\tat io.dropwizard.servlets.ThreadNameFilter.doFilter(ThreadNameFilter.java:35)\n\tat org.eclipse.jetty.servlet.FilterHolder.doFilter(FilterHolder.java:193)\n\tat org.eclipse.jetty.servlet.ServletHandler$Chain.doFilter(ServletHandler.java:1601)\n\tat io.dropwizard.jersey.filter.AllowedMethodsFilter.handle(AllowedMethodsFilter.java:45)\n\tat io.dropwizard.jersey.filter.AllowedMethodsFilter.doFilter(AllowedMethodsFilter.java:39)\n\tat org.eclipse.jetty.servlet.FilterHolder.doFilter(FilterHolder.java:193)\n\tat org.eclipse.jetty.servlet.ServletHandler$Chain.doFilter(ServletHandler.java:1601)\n\tat org.finos.legend.server.pac4j.internal.UsernameFilter.doFilter(UsernameFilter.java:51)\n\tat org.eclipse.jetty.servlet.FilterHolder.doFilter(FilterHolder.java:193)\n\tat org.eclipse.jetty.servlet.ServletHandler$Chain.doFilter(ServletHandler.java:1601)\n\tat org.pac4j.j2e.filter.SecurityFilter.lambda$internalFilter$0(SecurityFilter.java:95)\n\tat org.pac4j.core.engine.DefaultSecurityLogic.perform(DefaultSecurityLogic.java:140)\n\tat org.pac4j.j2e.filter.SecurityFilter.internalFilter(SecurityFilter.java:93)\n\tat org.pac4j.j2e.filter.AbstractConfigFilter.doFilter(AbstractConfigFilter.java:81)\n\tat org.eclipse.jetty.servlet.FilterHolder.doFilter(FilterHolder.java:193)\n\tat org.eclipse.jetty.servlet.ServletHandler$Chain.doFilter(ServletHandler.java:1601)\n\tat org.eclipse.jetty.servlet.ServletHandler.doHandle(ServletHandler.java:548)\n\tat org.eclipse.jetty.server.handler.ScopedHandler.nextHandle(ScopedHandler.java:233)\n\tat org.eclipse.jetty.server.session.SessionHandler.doHandle(SessionHandler.java:1624)\n\tat org.eclipse.jetty.server.handler.ScopedHandler.nextHandle(ScopedHandler.java:233)\n\tat org.eclipse.jetty.server.handler.ContextHandler.doHandle(ContextHandler.java:1434)\n\tat org.eclipse.jetty.server.handler.ScopedHandler.nextScope(ScopedHandler.java:188)\n\tat org.eclipse.jetty.servlet.ServletHandler.doScope(ServletHandler.java:501)\n\tat org.eclipse.jetty.server.session.SessionHandler.doScope(SessionHandler.java:1594)\n\tat org.eclipse.jetty.server.handler.ScopedHandler.nextScope(ScopedHandler.java:186)\n\tat org.eclipse.jetty.server.handler.ContextHandler.doScope(ContextHandler.java:1349)\n\tat org.eclipse.jetty.server.handler.ScopedHandler.handle(ScopedHandler.java:141)\n\tat org.eclipse.jetty.server.handler.HandlerWrapper.handle(HandlerWrapper.java:127)\n\tat com.codahale.metrics.jetty9.InstrumentedHandler.handle(InstrumentedHandler.java:313)\n\tat io.dropwizard.jetty.ContextRoutingHandler.handle(ContextRoutingHandler.java:37)\n\tat org.eclipse.jetty.server.handler.gzip.GzipHandler.handle(GzipHandler.java:713)\n\tat io.dropwizard.jetty.BiDiGzipHandler.handle(BiDiGzipHandler.java:67)\n\tat org.eclipse.jetty.server.handler.StatisticsHandler.handle(StatisticsHandler.java:179)\n\tat org.eclipse.jetty.server.handler.HandlerWrapper.handle(HandlerWrapper.java:127)\n\tat org.eclipse.jetty.server.Server.handle(Server.java:516)\n\tat org.eclipse.jetty.server.HttpChannel.lambda$handle$1(HttpChannel.java:400)\n\tat org.eclipse.jetty.server.HttpChannel.dispatch(HttpChannel.java:645)\n\tat org.eclipse.jetty.server.HttpChannel.handle(HttpChannel.java:392)\n\tat org.eclipse.jetty.server.HttpConnection.onFillable(HttpConnection.java:277)\n\tat org.eclipse.jetty.io.AbstractConnection$ReadCallback.succeeded(AbstractConnection.java:311)\n\tat org.eclipse.jetty.io.FillInterest.fillable(FillInterest.java:105)\n\tat org.eclipse.jetty.io.ChannelEndPoint$1.run(ChannelEndPoint.java:104)\n\tat org.eclipse.jetty.util.thread.strategy.EatWhatYouKill.runTask(EatWhatYouKill.java:338)\n\tat org.eclipse.jetty.util.thread.strategy.EatWhatYouKill.doProduce(EatWhatYouKill.java:315)\n\tat org.eclipse.jetty.util.thread.strategy.EatWhatYouKill.tryProduce(EatWhatYouKill.java:173)\n\tat org.eclipse.jetty.util.thread.strategy.EatWhatYouKill.run(EatWhatYouKill.java:131)\n\tat org.eclipse.jetty.util.thread.ReservedThreadExecutor$ReservedThread.run(ReservedThreadExecutor.java:409)\n\tat org.eclipse.jetty.util.thread.QueuedThreadPool.runJob(QueuedThreadPool.java:883)\n\tat org.eclipse.jetty.util.thread.QueuedThreadPool$Runner.run(QueuedThreadPool.java:1034)\n\tat java.base/java.lang.Thread.run(Thread.java:829)\nCaused by: net.snowflake.client.jdbc.SnowflakeSQLException: SQL compilation error:\nObject 'TESTTABLE3' does not exist or not authorized.\n\tat net.snowflake.client.jdbc.SnowflakeUtil.checkErrorAndThrowExceptionSub(SnowflakeUtil.java:127)\n\tat net.snowflake.client.jdbc.SnowflakeUtil.checkErrorAndThrowException(SnowflakeUtil.java:67)\n\tat net.snowflake.client.core.StmtUtil.pollForOutput(StmtUtil.java:442)\n\tat net.snowflake.client.core.StmtUtil.execute(StmtUtil.java:345)\n\tat net.snowflake.client.core.SFStatement.executeHelper(SFStatement.java:486)\n\tat net.snowflake.client.core.SFStatement.executeQueryInternal(SFStatement.java:197)\n\tat net.snowflake.client.core.SFStatement.executeQuery(SFStatement.java:134)\n\tat net.snowflake.client.core.SFStatement.execute(SFStatement.java:743)\n\tat net.snowflake.client.core.SFStatement.execute(SFStatement.java:639)\n\tat net.snowflake.client.jdbc.SnowflakeStatementV1.executeQueryInternal(SnowflakeStatementV1.java:238)\n\tat net.snowflake.client.jdbc.SnowflakeStatementV1.executeQuery(SnowflakeStatementV1.java:133)\n\tat com.zaxxer.hikari.pool.ProxyStatement.executeQuery(ProxyStatement.java:110)\n\tat com.zaxxer.hikari.pool.HikariProxyStatement.executeQuery(HikariProxyStatement.java)\n\tat org.finos.legend.engine.plan.execution.stores.relational.result.SQLExecutionResult.<init>(SQLExecutionResult.java:95)\n\t... 101 more\n"},"mode":"DEV","timeStamp":"2023-02-23 01:31:26.856","user":"_UNKNOWN_"}
| **namingTests::testAsciiColumnNameAndAsciiAliasName** | failing :x: |
]]></system-out>
  </testcase>
  <testcase name="testColumnNames[Snowflake]" classname="org.finos.legend.engine.server.test.shared.Relational_DbSpecific_UsingPureClientTestSuite$2" time="2.509">
    <error message="Assert failure at (resource:/platform/pure/basics/tests/assertEq.pure line:34 column:5), &quot;500 &apos;{&quot;code&quot;:-1,&quot;message&quot;:&quot;SnowflakeSQLException: SQL compilation error:&#10;Object &apos;TESTTABLE&apos; does not exist or not authorized.&quot;,&quot;status&quot;:&quot;error&quot;,&quot;trace&quot;:&quot;java.lang.RuntimeException: net.snowflake.client.jdbc.SnowflakeSQLException: SQL compilation error:&#10;Object &apos;TESTTABLE&apos; does not exist or not authorized.&#10;at org.finos.legend.engine.plan.execution.stores.relational.result.SQLExecutionResult.&lt;init&gt;(SQLExecutionResult.java:123)&#10;at org.finos.legend.engine.plan.execution.stores.relational.RelationalExecutor.execute(RelationalExecutor.java:241)&#10;at org.finos.legend.engine.plan.execution.stores.relational.plugin.RelationalExecutionNodeExecutor.visit(RelationalExecutionNodeExecutor.java:238)&#10;at org.finos.legend.engine.plan.execution.stores.relational.plugin.RelationalExecutionNodeExecutor.visit(RelationalExecutionNodeExecutor.java:292)&#10;at org.finos.legend.engine.plan.execution.stores.relational.plugin.RelationalExecutionNodeExecutor.visit(RelationalExecutionNodeExecutor.java:92)&#10;at org.finos.legend.engine.protocol.pure.v1.model.executionPlan.nodes.RelationalClassInstantiationExecutionNode.accept(RelationalClassInstantiationExecutionNode.java:22)&#10;at org.finos.legend.engine.plan.execution.stores.relational.RelationalExecutionExtension.lambda$getExtraNodeExecutors$fbe53481$1(RelationalExecutionExtension.java:50)&#10;at org.finos.legend.engine.plan.execution.nodes.ExecutionNodeExecutor.lambda$visit$0(ExecutionNodeExecutor.java:164)&#10;at java.base/java.util.stream.ReferencePipeline$3$1.accept(ReferencePipeline.java:195)&#10;at java.base/java.util.Spliterators$ArraySpliterator.tryAdvance(Spliterators.java:958)&#10;at java.base/java.util.stream.ReferencePipeline.forEachWithCancel(ReferencePipeline.java:127)&#10;at java.base/java.util.stream.AbstractPipeline.copyIntoWithCancel(AbstractPipeline.java:502)&#10;at java.base/java.util.stream.AbstractPipeline.copyInto(AbstractPipeline.java:488)&#10;at java.base/java.util.stream.AbstractPipeline.wrapAndCopyInto(AbstractPipeline.java:474)&#10;at java.base/java.util.stream.FindOps$FindOp.evaluateSequential(FindOps.java:150)&#10;at java.base/java.util.stream.AbstractPipeline.evaluate(AbstractPipeline.java:234)&#10;at java.base/java.util.stream.ReferencePipeline.findFirst(ReferencePipeline.java:543)&#10;at org.finos.legend.engine.plan.execution.nodes.ExecutionNodeExecutor.visit(ExecutionNodeExecutor.java:164)&#10;at org.finos.legend.engine.plan.execution.nodes.ExecutionNodeExecutor.visit(ExecutionNodeExecutor.java:107)&#10;at org.finos.legend.engine.protocol.pure.v1.model.executionPlan.nodes.RelationalClassInstantiationExecutionNode.accept(RelationalClassInstantiationExecutionNode.java:22)&#10;at org.finos.legend.engine.plan.execution.PlanExecutor.execute(PlanExecutor.java:238)&#10;at org.finos.legend.engine.plan.execution.PlanExecutor.execute(PlanExecutor.java:225)&#10;at org.finos.legend.engine.plan.execution.api.ExecutePlan.doExecutePlanLegacy(ExecutePlan.java:102)&#10;at org.finos.legend.engine.plan.execution.api.ExecutePlan.doExecutePlan(ExecutePlan.java:84)&#10;at org.finos.legend.engine.plan.execution.api.ExecutePlanLegacy.executePlan(ExecutePlanLegacy.java:56)&#10;at jdk.internal.reflect.GeneratedMethodAccessor100.invoke(Unknown Source)&#10;at java.base/jdk.internal.reflect.DelegatingMethodAccessorImpl.invoke(DelegatingMethodAccessorImpl.java:43)&#10;at java.base/java.lang.reflect.Method.invoke(Method.java:566)&#10;at org.glassfish.jersey.server.model.internal.ResourceMethodInvocationHandlerFactory$1.invoke(ResourceMethodInvocationHandlerFactory.java:81)&#10;at org.glassfish.jersey.server.model.internal.AbstractJavaResourceMethodDispatcher$1.run(AbstractJavaResourceMethodDispatcher.java:144)&#10;at org.glassfish.jersey.server.model.internal.AbstractJavaResourceMethodDispatcher.invoke(AbstractJavaResourceMethodDispatcher.java:161)&#10;at org.glassfish.jersey.server.model.internal.JavaResourceMethodDispatcherProvider$ResponseOutInvoker.doDispatch(JavaResourceMethodDispatcherProvider.java:160)&#10;at org.glassfish.jersey.server.model.internal.AbstractJavaResourceMethodDispatcher.dispatch(AbstractJavaResourceMethodDispatcher.java:99)&#10;at org.glassfish.jersey.server.model.ResourceMethodInvoker.invoke(ResourceMethodInvoker.java:389)&#10;at org.glassfish.jersey.server.model.ResourceMethodInvoker.apply(ResourceMethodInvoker.java:347)&#10;at org.glassfish.jersey.server.model.ResourceMethodInvoker.apply(ResourceMethodInvoker.java:102)&#10;at org.glassfish.jersey.server.ServerRuntime$2.run(ServerRuntime.java:326)&#10;at org.glassfish.jersey.internal.Errors$1.call(Errors.java:271)&#10;at org.glassfish.jersey.internal.Errors$1.call(Errors.java:267)&#10;at org.glassfish.jersey.internal.Errors.process(Errors.java:315)&#10;at org.glassfish.jersey.internal.Errors.process(Errors.java:297)&#10;at org.glassfish.jersey.internal.Errors.process(Errors.java:267)&#10;at org.glassfish.jersey.process.internal.RequestScope.runInScope(RequestScope.java:317)&#10;at org.glassfish.jersey.server.ServerRuntime.process(ServerRuntime.java:305)&#10;at org.glassfish.jersey.server.ApplicationHandler.handle(ApplicationHandler.java:1154)&#10;at org.glassfish.jersey.servlet.WebComponent.serviceImpl(WebComponent.java:473)&#10;at org.glassfish.jersey.servlet.WebComponent.service(WebComponent.java:427)&#10;at org.glassfish.jersey.servlet.ServletContainer.service(ServletContainer.java:388)&#10;at org.glassfish.jersey.servlet.ServletContainer.service(ServletContainer.java:341)&#10;at org.glassfish.jersey.servlet.ServletContainer.service(ServletContainer.java:228)&#10;at org.eclipse.jetty.servlet.ServletHolder.handle(ServletHolder.java:799)&#10;at org.eclipse.jetty.servlet.ServletHandler$ChainEnd.doFilter(ServletHandler.java:1631)&#10;at io.dropwizard.servlets.ThreadNameFilter.doFilter(ThreadNameFilter.java:35)&#10;at org.eclipse.jetty.servlet.FilterHolder.doFilter(FilterHolder.java:193)&#10;at org.eclipse.jetty.servlet.ServletHandler$Chain.doFilter(ServletHandler.java:1601)&#10;at io.dropwizard.jersey.filter.AllowedMethodsFilter.handle(AllowedMethodsFilter.java:45)&#10;at io.dropwizard.jersey.filter.AllowedMethodsFilter.doFilter(AllowedMethodsFilter.java:39)&#10;at org.eclipse.jetty.servlet.FilterHolder.doFilter(FilterHolder.java:193)&#10;at org.eclipse.jetty.servlet.ServletHandler$Chain.doFilter(ServletHandler.java:1601)&#10;at org.finos.legend.server.pac4j.internal.UsernameFilter.doFilter(UsernameFilter.java:51)&#10;at org.eclipse.jetty.servlet.FilterHolder.doFilter(FilterHolder.java:193)&#10;at org.eclipse.jetty.servlet.ServletHandler$Chain.doFilter(ServletHandler.java:1601)&#10;at org.pac4j.j2e.filter.SecurityFilter.lambda$internalFilter$0(SecurityFilter.java:95)&#10;at org.pac4j.core.engine.DefaultSecurityLogic.perform(DefaultSecurityLogic.java:140)&#10;at org.pac4j.j2e.filter.SecurityFilter.internalFilter(SecurityFilter.java:93)&#10;at org.pac4j.j2e.filter.AbstractConfigFilter.doFilter(AbstractConfigFilter.java:81)&#10;at org.eclipse.jetty.servlet.FilterHolder.doFilter(FilterHolder.java:193)&#10;at org.eclipse.jetty.servlet.ServletHandler$Chain.doFilter(ServletHandler.java:1601)&#10;at org.eclipse.jetty.servlet.ServletHandler.doHandle(ServletHandler.java:548)&#10;at org.eclipse.jetty.server.handler.ScopedHandler.nextHandle(ScopedHandler.java:233)&#10;at org.eclipse.jetty.server.session.SessionHandler.doHandle(SessionHandler.java:1624)&#10;at org.eclipse.jetty.server.handler.ScopedHandler.nextHandle(ScopedHandler.java:233)&#10;at org.eclipse.jetty.server.handler.ContextHandler.doHandle(ContextHandler.java:1434)&#10;at org.eclipse.jetty.server.handler.ScopedHandler.nextScope(ScopedHandler.java:188)&#10;at org.eclipse.jetty.servlet.ServletHandler.doScope(ServletHandler.java:501)&#10;at org.eclipse.jetty.server.session.SessionHandler.doScope(SessionHandler.java:1594)&#10;at org.eclipse.jetty.server.handler.ScopedHandler.nextScope(ScopedHandler.java:186)&#10;at org.eclipse.jetty.server.handler.ContextHandler.doScope(ContextHandler.java:1349)&#10;at org.eclipse.jetty.server.handler.ScopedHandler.handle(ScopedHandler.java:141)&#10;at org.eclipse.jetty.server.handler.HandlerWrapper.handle(HandlerWrapper.java:127)&#10;at com.codahale.metrics.jetty9.InstrumentedHandler.handle(InstrumentedHandler.java:313)&#10;at io.dropwizard.jetty.ContextRoutingHandler.handle(ContextRoutingHandler.java:37)&#10;at org.eclipse.jetty.server.handler.gzip.GzipHandler.handle(GzipHandler.java:713)&#10;at io.dropwizard.jetty.BiDiGzipHandler.handle(BiDiGzipHandler.java:67)&#10;at org.eclipse.jetty.server.handler.StatisticsHandler.handle(StatisticsHandler.java:179)&#10;at org.eclipse.jetty.server.handler.HandlerWrapper.handle(HandlerWrapper.java:127)&#10;at org.eclipse.jetty.server.Server.handle(Server.java:516)&#10;at org.eclipse.jetty.server.HttpChannel.lambda$handle$1(HttpChannel.java:400)&#10;at org.eclipse.jetty.server.HttpChannel.dispatch(HttpChannel.java:645)&#10;at org.eclipse.jetty.server.HttpChannel.handle(HttpChannel.java:392)&#10;at org.eclipse.jetty.server.HttpConnection.onFillable(HttpConnection.java:277)&#10;at org.eclipse.jetty.io.AbstractConnection$ReadCallback.succeeded(AbstractConnection.java:311)&#10;at org.eclipse.jetty.io.FillInterest.fillable(FillInterest.java:105)&#10;at org.eclipse.jetty.io.ChannelEndPoint$1.run(ChannelEndPoint.java:104)&#10;at org.eclipse.jetty.util.thread.strategy.EatWhatYouKill.runTask(EatWhatYouKill.java:338)&#10;at org.eclipse.jetty.util.thread.strategy.EatWhatYouKill.doProduce(EatWhatYouKill.java:315)&#10;at org.eclipse.jetty.util.thread.strategy.EatWhatYouKill.tryProduce(EatWhatYouKill.java:173)&#10;at org.eclipse.jetty.util.thread.strategy.EatWhatYouKill.run(EatWhatYouKill.java:131)&#10;at org.eclipse.jetty.util.thread.ReservedThreadExecutor$ReservedThread.run(ReservedThreadExecutor.java:409)&#10;at org.eclipse.jetty.util.thread.QueuedThreadPool.runJob(QueuedThreadPool.java:883)&#10;at org.eclipse.jetty.util.thread.QueuedThreadPool$Runner.run(QueuedThreadPool.java:1034)&#10;at java.base/java.lang.Thread.run(Thread.java:829)&#10;Caused by: net.snowflake.client.jdbc.SnowflakeSQLException: SQL compilation error:&#10;Object &apos;TESTTABLE&apos; does not exist or not authorized.&#10;at net.snowflake.client.jdbc.SnowflakeUtil.checkErrorAndThrowExceptionSub(SnowflakeUtil.java:127)&#10;at net.snowflake.client.jdbc.SnowflakeUtil.checkErrorAndThrowException(SnowflakeUtil.java:67)&#10;at net.snowflake.client.core.StmtUtil.pollForOutput(StmtUtil.java:442)&#10;at net.snowflake.client.core.StmtUtil.execute(StmtUtil.java:345)&#10;at net.snowflake.client.core.SFStatement.executeHelper(SFStatement.java:486)&#10;at net.snowflake.client.core.SFStatement.executeQueryInternal(SFStatement.java:197)&#10;at net.snowflake.client.core.SFStatement.executeQuery(SFStatement.java:134)&#10;at net.snowflake.client.core.SFStatement.execute(SFStatement.java:743)&#10;at net.snowflake.client.core.SFStatement.execute(SFStatement.java:639)&#10;at net.snowflake.client.jdbc.SnowflakeStatementV1.executeQueryInternal(SnowflakeStatementV1.java:238)&#10;at net.snowflake.client.jdbc.SnowflakeStatementV1.executeQuery(SnowflakeStatementV1.java:133)&#10;at com.zaxxer.hikari.pool.ProxyStatement.executeQuery(ProxyStatement.java:110)&#10;at com.zaxxer.hikari.pool.HikariProxyStatement.executeQuery(HikariProxyStatement.java)&#10;at org.finos.legend.engine.plan.execution.stores.relational.result.SQLExecutionResult.&lt;init&gt;(SQLExecutionResult.java:95)&#10;... 101 more&#10;&quot;}&apos;&quot;" type="Assert failure at (resource"><![CDATA[Assert failure at (resource:/platform/pure/basics/tests/assertEq.pure line:34 column:5), "500 '{"code":-1,"message":"SnowflakeSQLException: SQL compilation error:
Object 'TESTTABLE' does not exist or not authorized.","status":"error","trace":"java.lang.RuntimeException: net.snowflake.client.jdbc.SnowflakeSQLException: SQL compilation error:
Object 'TESTTABLE' does not exist or not authorized.
at org.finos.legend.engine.plan.execution.stores.relational.result.SQLExecutionResult.<init>(SQLExecutionResult.java:123)
at org.finos.legend.engine.plan.execution.stores.relational.RelationalExecutor.execute(RelationalExecutor.java:241)
at org.finos.legend.engine.plan.execution.stores.relational.plugin.RelationalExecutionNodeExecutor.visit(RelationalExecutionNodeExecutor.java:238)
at org.finos.legend.engine.plan.execution.stores.relational.plugin.RelationalExecutionNodeExecutor.visit(RelationalExecutionNodeExecutor.java:292)
at org.finos.legend.engine.plan.execution.stores.relational.plugin.RelationalExecutionNodeExecutor.visit(RelationalExecutionNodeExecutor.java:92)
at org.finos.legend.engine.protocol.pure.v1.model.executionPlan.nodes.RelationalClassInstantiationExecutionNode.accept(RelationalClassInstantiationExecutionNode.java:22)
at org.finos.legend.engine.plan.execution.stores.relational.RelationalExecutionExtension.lambda$getExtraNodeExecutors$fbe53481$1(RelationalExecutionExtension.java:50)
at org.finos.legend.engine.plan.execution.nodes.ExecutionNodeExecutor.lambda$visit$0(ExecutionNodeExecutor.java:164)
at java.base/java.util.stream.ReferencePipeline$3$1.accept(ReferencePipeline.java:195)
at java.base/java.util.Spliterators$ArraySpliterator.tryAdvance(Spliterators.java:958)
at java.base/java.util.stream.ReferencePipeline.forEachWithCancel(ReferencePipeline.java:127)
at java.base/java.util.stream.AbstractPipeline.copyIntoWithCancel(AbstractPipeline.java:502)
at java.base/java.util.stream.AbstractPipeline.copyInto(AbstractPipeline.java:488)
at java.base/java.util.stream.AbstractPipeline.wrapAndCopyInto(AbstractPipeline.java:474)
at java.base/java.util.stream.FindOps$FindOp.evaluateSequential(FindOps.java:150)
at java.base/java.util.stream.AbstractPipeline.evaluate(AbstractPipeline.java:234)
at java.base/java.util.stream.ReferencePipeline.findFirst(ReferencePipeline.java:543)
at org.finos.legend.engine.plan.execution.nodes.ExecutionNodeExecutor.visit(ExecutionNodeExecutor.java:164)
at org.finos.legend.engine.plan.execution.nodes.ExecutionNodeExecutor.visit(ExecutionNodeExecutor.java:107)
at org.finos.legend.engine.protocol.pure.v1.model.executionPlan.nodes.RelationalClassInstantiationExecutionNode.accept(RelationalClassInstantiationExecutionNode.java:22)
at org.finos.legend.engine.plan.execution.PlanExecutor.execute(PlanExecutor.java:238)
at org.finos.legend.engine.plan.execution.PlanExecutor.execute(PlanExecutor.java:225)
at org.finos.legend.engine.plan.execution.api.ExecutePlan.doExecutePlanLegacy(ExecutePlan.java:102)
at org.finos.legend.engine.plan.execution.api.ExecutePlan.doExecutePlan(ExecutePlan.java:84)
at org.finos.legend.engine.plan.execution.api.ExecutePlanLegacy.executePlan(ExecutePlanLegacy.java:56)
at jdk.internal.reflect.GeneratedMethodAccessor100.invoke(Unknown Source)
at java.base/jdk.internal.reflect.DelegatingMethodAccessorImpl.invoke(DelegatingMethodAccessorImpl.java:43)
at java.base/java.lang.reflect.Method.invoke(Method.java:566)
at org.glassfish.jersey.server.model.internal.ResourceMethodInvocationHandlerFactory$1.invoke(ResourceMethodInvocationHandlerFactory.java:81)
at org.glassfish.jersey.server.model.internal.AbstractJavaResourceMethodDispatcher$1.run(AbstractJavaResourceMethodDispatcher.java:144)
at org.glassfish.jersey.server.model.internal.AbstractJavaResourceMethodDispatcher.invoke(AbstractJavaResourceMethodDispatcher.java:161)
at org.glassfish.jersey.server.model.internal.JavaResourceMethodDispatcherProvider$ResponseOutInvoker.doDispatch(JavaResourceMethodDispatcherProvider.java:160)
at org.glassfish.jersey.server.model.internal.AbstractJavaResourceMethodDispatcher.dispatch(AbstractJavaResourceMethodDispatcher.java:99)
at org.glassfish.jersey.server.model.ResourceMethodInvoker.invoke(ResourceMethodInvoker.java:389)
at org.glassfish.jersey.server.model.ResourceMethodInvoker.apply(ResourceMethodInvoker.java:347)
at org.glassfish.jersey.server.model.ResourceMethodInvoker.apply(ResourceMethodInvoker.java:102)
at org.glassfish.jersey.server.ServerRuntime$2.run(ServerRuntime.java:326)
at org.glassfish.jersey.internal.Errors$1.call(Errors.java:271)
at org.glassfish.jersey.internal.Errors$1.call(Errors.java:267)
at org.glassfish.jersey.internal.Errors.process(Errors.java:315)
at org.glassfish.jersey.internal.Errors.process(Errors.java:297)
at org.glassfish.jersey.internal.Errors.process(Errors.java:267)
at org.glassfish.jersey.process.internal.RequestScope.runInScope(RequestScope.java:317)
at org.glassfish.jersey.server.ServerRuntime.process(ServerRuntime.java:305)
at org.glassfish.jersey.server.ApplicationHandler.handle(ApplicationHandler.java:1154)
at org.glassfish.jersey.servlet.WebComponent.serviceImpl(WebComponent.java:473)
at org.glassfish.jersey.servlet.WebComponent.service(WebComponent.java:427)
at org.glassfish.jersey.servlet.ServletContainer.service(ServletContainer.java:388)
at org.glassfish.jersey.servlet.ServletContainer.service(ServletContainer.java:341)
at org.glassfish.jersey.servlet.ServletContainer.service(ServletContainer.java:228)
at org.eclipse.jetty.servlet.ServletHolder.handle(ServletHolder.java:799)
at org.eclipse.jetty.servlet.ServletHandler$ChainEnd.doFilter(ServletHandler.java:1631)
at io.dropwizard.servlets.ThreadNameFilter.doFilter(ThreadNameFilter.java:35)
at org.eclipse.jetty.servlet.FilterHolder.doFilter(FilterHolder.java:193)
at org.eclipse.jetty.servlet.ServletHandler$Chain.doFilter(ServletHandler.java:1601)
at io.dropwizard.jersey.filter.AllowedMethodsFilter.handle(AllowedMethodsFilter.java:45)
at io.dropwizard.jersey.filter.AllowedMethodsFilter.doFilter(AllowedMethodsFilter.java:39)
at org.eclipse.jetty.servlet.FilterHolder.doFilter(FilterHolder.java:193)
at org.eclipse.jetty.servlet.ServletHandler$Chain.doFilter(ServletHandler.java:1601)
at org.finos.legend.server.pac4j.internal.UsernameFilter.doFilter(UsernameFilter.java:51)
at org.eclipse.jetty.servlet.FilterHolder.doFilter(FilterHolder.java:193)
at org.eclipse.jetty.servlet.ServletHandler$Chain.doFilter(ServletHandler.java:1601)
at org.pac4j.j2e.filter.SecurityFilter.lambda$internalFilter$0(SecurityFilter.java:95)
at org.pac4j.core.engine.DefaultSecurityLogic.perform(DefaultSecurityLogic.java:140)
at org.pac4j.j2e.filter.SecurityFilter.internalFilter(SecurityFilter.java:93)
at org.pac4j.j2e.filter.AbstractConfigFilter.doFilter(AbstractConfigFilter.java:81)
at org.eclipse.jetty.servlet.FilterHolder.doFilter(FilterHolder.java:193)
at org.eclipse.jetty.servlet.ServletHandler$Chain.doFilter(ServletHandler.java:1601)
at org.eclipse.jetty.servlet.ServletHandler.doHandle(ServletHandler.java:548)
at org.eclipse.jetty.server.handler.ScopedHandler.nextHandle(ScopedHandler.java:233)
at org.eclipse.jetty.server.session.SessionHandler.doHandle(SessionHandler.java:1624)
at org.eclipse.jetty.server.handler.ScopedHandler.nextHandle(ScopedHandler.java:233)
at org.eclipse.jetty.server.handler.ContextHandler.doHandle(ContextHandler.java:1434)
at org.eclipse.jetty.server.handler.ScopedHandler.nextScope(ScopedHandler.java:188)
at org.eclipse.jetty.servlet.ServletHandler.doScope(ServletHandler.java:501)
at org.eclipse.jetty.server.session.SessionHandler.doScope(SessionHandler.java:1594)
at org.eclipse.jetty.server.handler.ScopedHandler.nextScope(ScopedHandler.java:186)
at org.eclipse.jetty.server.handler.ContextHandler.doScope(ContextHandler.java:1349)
at org.eclipse.jetty.server.handler.ScopedHandler.handle(ScopedHandler.java:141)
at org.eclipse.jetty.server.handler.HandlerWrapper.handle(HandlerWrapper.java:127)
at com.codahale.metrics.jetty9.InstrumentedHandler.handle(InstrumentedHandler.java:313)
at io.dropwizard.jetty.ContextRoutingHandler.handle(ContextRoutingHandler.java:37)
at org.eclipse.jetty.server.handler.gzip.GzipHandler.handle(GzipHandler.java:713)
at io.dropwizard.jetty.BiDiGzipHandler.handle(BiDiGzipHandler.java:67)
at org.eclipse.jetty.server.handler.StatisticsHandler.handle(StatisticsHandler.java:179)
at org.eclipse.jetty.server.handler.HandlerWrapper.handle(HandlerWrapper.java:127)
at org.eclipse.jetty.server.Server.handle(Server.java:516)
at org.eclipse.jetty.server.HttpChannel.lambda$handle$1(HttpChannel.java:400)
at org.eclipse.jetty.server.HttpChannel.dispatch(HttpChannel.java:645)
at org.eclipse.jetty.server.HttpChannel.handle(HttpChannel.java:392)
at org.eclipse.jetty.server.HttpConnection.onFillable(HttpConnection.java:277)
at org.eclipse.jetty.io.AbstractConnection$ReadCallback.succeeded(AbstractConnection.java:311)
at org.eclipse.jetty.io.FillInterest.fillable(FillInterest.java:105)
at org.eclipse.jetty.io.ChannelEndPoint$1.run(ChannelEndPoint.java:104)
at org.eclipse.jetty.util.thread.strategy.EatWhatYouKill.runTask(EatWhatYouKill.java:338)
at org.eclipse.jetty.util.thread.strategy.EatWhatYouKill.doProduce(EatWhatYouKill.java:315)
at org.eclipse.jetty.util.thread.strategy.EatWhatYouKill.tryProduce(EatWhatYouKill.java:173)
at org.eclipse.jetty.util.thread.strategy.EatWhatYouKill.run(EatWhatYouKill.java:131)
at org.eclipse.jetty.util.thread.ReservedThreadExecutor$ReservedThread.run(ReservedThreadExecutor.java:409)
at org.eclipse.jetty.util.thread.QueuedThreadPool.runJob(QueuedThreadPool.java:883)
at org.eclipse.jetty.util.thread.QueuedThreadPool$Runner.run(QueuedThreadPool.java:1034)
at java.base/java.lang.Thread.run(Thread.java:829)
Caused by: net.snowflake.client.jdbc.SnowflakeSQLException: SQL compilation error:
Object 'TESTTABLE' does not exist or not authorized.
at net.snowflake.client.jdbc.SnowflakeUtil.checkErrorAndThrowExceptionSub(SnowflakeUtil.java:127)
at net.snowflake.client.jdbc.SnowflakeUtil.checkErrorAndThrowException(SnowflakeUtil.java:67)
at net.snowflake.client.core.StmtUtil.pollForOutput(StmtUtil.java:442)
at net.snowflake.client.core.StmtUtil.execute(StmtUtil.java:345)
at net.snowflake.client.core.SFStatement.executeHelper(SFStatement.java:486)
at net.snowflake.client.core.SFStatement.executeQueryInternal(SFStatement.java:197)
at net.snowflake.client.core.SFStatement.executeQuery(SFStatement.java:134)
at net.snowflake.client.core.SFStatement.execute(SFStatement.java:743)
at net.snowflake.client.core.SFStatement.execute(SFStatement.java:639)
at net.snowflake.client.jdbc.SnowflakeStatementV1.executeQueryInternal(SnowflakeStatementV1.java:238)
at net.snowflake.client.jdbc.SnowflakeStatementV1.executeQuery(SnowflakeStatementV1.java:133)
at com.zaxxer.hikari.pool.ProxyStatement.executeQuery(ProxyStatement.java:110)
at com.zaxxer.hikari.pool.HikariProxyStatement.executeQuery(HikariProxyStatement.java)
at org.finos.legend.engine.plan.execution.stores.relational.result.SQLExecutionResult.<init>(SQLExecutionResult.java:95)
... 101 more
"}'"
	at org.finos.legend.pure.runtime.java.compiled.generation.processors.support.CompiledSupport.pureAssert(CompiledSupport.java:1994)
	at org.finos.legend.pure.generated.platform_pure_basics_tests_assertEq.Root_meta_pure_functions_asserts_assertEq_Any_1__Any_1__Function_1__Boolean_1_(platform_pure_basics_tests_assertEq.java:44)
	at org.finos.legend.pure.generated.core_pure_protocol_vX_X_X_invocations_execution.Root_meta_protocols_pure_vX_X_X_invocation_execution_execute_executePlan_String_1__String_1__Integer_1__String_1_(core_pure_protocol_vX_X_X_invocations_execution.java:751)
	at org.finos.legend.pure.generated.core_pure_protocol_vX_X_X_invocations_execution.Root_meta_protocols_pure_vX_X_X_invocation_execution_execute_executePlan_ExecutionPlan_1__String_1__Integer_1__Extension_MANY__String_1_(core_pure_protocol_vX_X_X_invocations_execution.java:745)
	at org.finos.legend.pure.generated.core_pure_protocol_vX_X_X_invocations_execution.Root_meta_protocols_pure_vX_X_X_invocation_execution_execute_executePlan_ExecutionPlan_1__ExecutionContext_$0_1$__String_1__Integer_1__Extension_MANY__Result_1_(core_pure_protocol_vX_X_X_invocations_execution.java:738)
	at jdk.internal.reflect.GeneratedMethodAccessor96.invoke(Unknown Source)
	at java.base/jdk.internal.reflect.DelegatingMethodAccessorImpl.invoke(DelegatingMethodAccessorImpl.java:43)
	at java.base/java.lang.reflect.Method.invoke(Method.java:566)
	at org.finos.legend.pure.runtime.java.compiled.metadata.JavaMethodWithParamsSharedPureFunction.execute(JavaMethodWithParamsSharedPureFunction.java:59)
	at org.finos.legend.pure.runtime.java.compiled.generation.processors.support.Pure._evaluateToMany(Pure.java:546)
	at org.finos.legend.pure.generated.CoreGen.evaluateToMany(CoreGen.java:147)
	at org.finos.legend.pure.generated.CoreGen.evaluateToMany(CoreGen.java:134)
	at org.finos.legend.pure.generated.core_pure_router_router_entry$9$1.value(core_pure_router_router_entry.java:318)
	at org.finos.legend.pure.generated.core_pure_router_router_entry$9$1.execute(core_pure_router_router_entry.java:311)
	at org.finos.legend.pure.generated.core_pure_router_router_entry$9$1.execute(core_pure_router_router_entry.java:307)
	at org.finos.legend.pure.runtime.java.compiled.generation.processors.support.Pure.evaluate(Pure.java:485)
	at org.finos.legend.pure.runtime.java.compiled.generation.processors.support.Pure.legendTest(Pure.java:216)
	at org.finos.legend.pure.generated.CoreGen.legendTest(CoreGen.java:61)
	at org.finos.legend.pure.generated.core_pure_router_router_entry$9.valueOf(core_pure_router_router_entry.java:303)
	at org.finos.legend.pure.generated.core_pure_router_router_entry$9.execute(core_pure_router_router_entry.java:298)
	at org.finos.legend.pure.generated.core_pure_router_router_entry$9.execute(core_pure_router_router_entry.java:294)
	at org.finos.legend.pure.runtime.java.compiled.generation.processors.support.Pure.evaluate(Pure.java:485)
	at org.finos.legend.pure.runtime.java.compiled.generation.processors.support.Pure.traceSpan(Pure.java:1482)
	at org.finos.legend.pure.generated.CoreGen.traceSpan(CoreGen.java:203)
	at org.finos.legend.pure.generated.core_pure_router_router_entry.Root_meta_pure_router_executePlan_ExecutionPlan_1__ExecutionContext_1__Extension_MANY__Result_$0_1$_(core_pure_router_router_entry.java:290)
	at org.finos.legend.pure.generated.core_pure_router_router_entry.Root_meta_pure_router_executePlan_ExecutionPlan_1__Extension_MANY__Result_$0_1$_(core_pure_router_router_entry.java:285)
	at org.finos.legend.pure.generated.core_relational_relational_sqlQueryToString_dbTestRunner_executionPlanTestRunner$19.execute(core_relational_relational_sqlQueryToString_dbTestRunner_executionPlanTestRunner.java:305)
	at org.finos.legend.pure.generated.core_relational_relational_sqlQueryToString_dbTestRunner_executionPlanTestRunner.Root_meta_relational_dbTestRunner_executeViaPlan_FunctionDefinition_1__Mapping_1__Database_1__DbTestConfig_1__Extension_MANY__Result_$0_1$_(core_relational_relational_sqlQueryToString_dbTestRunner_executionPlanTestRunner.java:309)
	at org.finos.legend.pure.generated.core_relational_relational_sqlQueryToString_testSuite_naming_naming.Root_meta_relational_tests_dbSpecificTests_sqlQueryTests_namingTests_testColumnNames_DbTestConfig_1__Boolean_1_(core_relational_relational_sqlQueryToString_testSuite_naming_naming.java:571)
	at java.base/jdk.internal.reflect.NativeMethodAccessorImpl.invoke0(Native Method)
	at java.base/jdk.internal.reflect.NativeMethodAccessorImpl.invoke(NativeMethodAccessorImpl.java:62)
	at java.base/jdk.internal.reflect.DelegatingMethodAccessorImpl.invoke(DelegatingMethodAccessorImpl.java:43)
	at java.base/java.lang.reflect.Method.invoke(Method.java:566)
	at org.finos.legend.pure.runtime.java.compiled.testHelper.PureTestBuilderCompiled.executeFn(PureTestBuilderCompiled.java:113)
	at org.finos.legend.pure.runtime.java.compiled.testHelper.PureTestBuilderCompiled.lambda$buildSuite$0(PureTestBuilderCompiled.java:79)
	at org.finos.legend.pure.m3.execution.test.PureTestBuilder$PureTestCase.runTest(PureTestBuilder.java:95)
	at junit.framework.TestCase.runBare(TestCase.java:142)
	at org.finos.legend.engine.server.test.shared.Relational_DbSpecific_UsingPureClientTestSuite$2.runTest(Relational_DbSpecific_UsingPureClientTestSuite.java:90)
	at junit.framework.TestCase.runBare(TestCase.java:142)
	at junit.framework.TestResult$1.protect(TestResult.java:122)
	at junit.framework.TestResult.runProtected(TestResult.java:142)
	at junit.framework.TestResult.run(TestResult.java:125)
	at junit.framework.TestCase.run(TestCase.java:130)
	at junit.framework.TestSuite.runTest(TestSuite.java:241)
	at junit.framework.TestSuite.run(TestSuite.java:236)
	at junit.framework.TestSuite.runTest(TestSuite.java:241)
	at junit.framework.TestSuite.run(TestSuite.java:236)
	at junit.framework.TestSuite.runTest(TestSuite.java:241)
	at junit.framework.TestSuite.run(TestSuite.java:236)
	at junit.framework.TestSuite.runTest(TestSuite.java:241)
	at junit.framework.TestSuite.run(TestSuite.java:236)
	at junit.extensions.TestDecorator.basicRun(TestDecorator.java:24)
	at junit.extensions.TestSetup$1.protect(TestSetup.java:23)
	at junit.framework.TestResult.runProtected(TestResult.java:142)
	at junit.extensions.TestSetup.run(TestSetup.java:27)
	at org.junit.internal.runners.JUnit38ClassRunner.run(JUnit38ClassRunner.java:90)
	at org.apache.maven.surefire.junit4.JUnit4Provider.execute(JUnit4Provider.java:365)
	at org.apache.maven.surefire.junit4.JUnit4Provider.executeWithRerun(JUnit4Provider.java:273)
	at org.apache.maven.surefire.junit4.JUnit4Provider.executeTestSet(JUnit4Provider.java:238)
	at org.apache.maven.surefire.junit4.JUnit4Provider.invoke(JUnit4Provider.java:159)
	at org.apache.maven.surefire.booter.ForkedBooter.invokeProviderInSameClassLoader(ForkedBooter.java:384)
	at org.apache.maven.surefire.booter.ForkedBooter.runSuitesInProcess(ForkedBooter.java:345)
	at org.apache.maven.surefire.booter.ForkedBooter.execute(ForkedBooter.java:126)
	at org.apache.maven.surefire.booter.ForkedBooter.main(ForkedBooter.java:418)
]]></error>
    <system-out><![CDATA[Running db test namingTests::testColumnNames
{"duration":0.0,"eventType":"EXECUTION_PLAN_EXEC_ERROR","info":{"code":-1,"message":"SnowflakeSQLException: SQL compilation error:\nObject 'TESTTABLE' does not exist or not authorized.","status":"error","trace":"java.lang.RuntimeException: net.snowflake.client.jdbc.SnowflakeSQLException: SQL compilation error:\nObject 'TESTTABLE' does not exist or not authorized.\n\tat org.finos.legend.engine.plan.execution.stores.relational.result.SQLExecutionResult.<init>(SQLExecutionResult.java:123)\n\tat org.finos.legend.engine.plan.execution.stores.relational.RelationalExecutor.execute(RelationalExecutor.java:241)\n\tat org.finos.legend.engine.plan.execution.stores.relational.plugin.RelationalExecutionNodeExecutor.visit(RelationalExecutionNodeExecutor.java:238)\n\tat org.finos.legend.engine.plan.execution.stores.relational.plugin.RelationalExecutionNodeExecutor.visit(RelationalExecutionNodeExecutor.java:292)\n\tat org.finos.legend.engine.plan.execution.stores.relational.plugin.RelationalExecutionNodeExecutor.visit(RelationalExecutionNodeExecutor.java:92)\n\tat org.finos.legend.engine.protocol.pure.v1.model.executionPlan.nodes.RelationalClassInstantiationExecutionNode.accept(RelationalClassInstantiationExecutionNode.java:22)\n\tat org.finos.legend.engine.plan.execution.stores.relational.RelationalExecutionExtension.lambda$getExtraNodeExecutors$fbe53481$1(RelationalExecutionExtension.java:50)\n\tat org.finos.legend.engine.plan.execution.nodes.ExecutionNodeExecutor.lambda$visit$0(ExecutionNodeExecutor.java:164)\n\tat java.base/java.util.stream.ReferencePipeline$3$1.accept(ReferencePipeline.java:195)\n\tat java.base/java.util.Spliterators$ArraySpliterator.tryAdvance(Spliterators.java:958)\n\tat java.base/java.util.stream.ReferencePipeline.forEachWithCancel(ReferencePipeline.java:127)\n\tat java.base/java.util.stream.AbstractPipeline.copyIntoWithCancel(AbstractPipeline.java:502)\n\tat java.base/java.util.stream.AbstractPipeline.copyInto(AbstractPipeline.java:488)\n\tat java.base/java.util.stream.AbstractPipeline.wrapAndCopyInto(AbstractPipeline.java:474)\n\tat java.base/java.util.stream.FindOps$FindOp.evaluateSequential(FindOps.java:150)\n\tat java.base/java.util.stream.AbstractPipeline.evaluate(AbstractPipeline.java:234)\n\tat java.base/java.util.stream.ReferencePipeline.findFirst(ReferencePipeline.java:543)\n\tat org.finos.legend.engine.plan.execution.nodes.ExecutionNodeExecutor.visit(ExecutionNodeExecutor.java:164)\n\tat org.finos.legend.engine.plan.execution.nodes.ExecutionNodeExecutor.visit(ExecutionNodeExecutor.java:107)\n\tat org.finos.legend.engine.protocol.pure.v1.model.executionPlan.nodes.RelationalClassInstantiationExecutionNode.accept(RelationalClassInstantiationExecutionNode.java:22)\n\tat org.finos.legend.engine.plan.execution.PlanExecutor.execute(PlanExecutor.java:238)\n\tat org.finos.legend.engine.plan.execution.PlanExecutor.execute(PlanExecutor.java:225)\n\tat org.finos.legend.engine.plan.execution.api.ExecutePlan.doExecutePlanLegacy(ExecutePlan.java:102)\n\tat org.finos.legend.engine.plan.execution.api.ExecutePlan.doExecutePlan(ExecutePlan.java:84)\n\tat org.finos.legend.engine.plan.execution.api.ExecutePlanLegacy.executePlan(ExecutePlanLegacy.java:56)\n\tat jdk.internal.reflect.GeneratedMethodAccessor100.invoke(Unknown Source)\n\tat java.base/jdk.internal.reflect.DelegatingMethodAccessorImpl.invoke(DelegatingMethodAccessorImpl.java:43)\n\tat java.base/java.lang.reflect.Method.invoke(Method.java:566)\n\tat org.glassfish.jersey.server.model.internal.ResourceMethodInvocationHandlerFactory$1.invoke(ResourceMethodInvocationHandlerFactory.java:81)\n\tat org.glassfish.jersey.server.model.internal.AbstractJavaResourceMethodDispatcher$1.run(AbstractJavaResourceMethodDispatcher.java:144)\n\tat org.glassfish.jersey.server.model.internal.AbstractJavaResourceMethodDispatcher.invoke(AbstractJavaResourceMethodDispatcher.java:161)\n\tat org.glassfish.jersey.server.model.internal.JavaResourceMethodDispatcherProvider$ResponseOutInvoker.doDispatch(JavaResourceMethodDispatcherProvider.java:160)\n\tat org.glassfish.jersey.server.model.internal.AbstractJavaResourceMethodDispatcher.dispatch(AbstractJavaResourceMethodDispatcher.java:99)\n\tat org.glassfish.jersey.server.model.ResourceMethodInvoker.invoke(ResourceMethodInvoker.java:389)\n\tat org.glassfish.jersey.server.model.ResourceMethodInvoker.apply(ResourceMethodInvoker.java:347)\n\tat org.glassfish.jersey.server.model.ResourceMethodInvoker.apply(ResourceMethodInvoker.java:102)\n\tat org.glassfish.jersey.server.ServerRuntime$2.run(ServerRuntime.java:326)\n\tat org.glassfish.jersey.internal.Errors$1.call(Errors.java:271)\n\tat org.glassfish.jersey.internal.Errors$1.call(Errors.java:267)\n\tat org.glassfish.jersey.internal.Errors.process(Errors.java:315)\n\tat org.glassfish.jersey.internal.Errors.process(Errors.java:297)\n\tat org.glassfish.jersey.internal.Errors.process(Errors.java:267)\n\tat org.glassfish.jersey.process.internal.RequestScope.runInScope(RequestScope.java:317)\n\tat org.glassfish.jersey.server.ServerRuntime.process(ServerRuntime.java:305)\n\tat org.glassfish.jersey.server.ApplicationHandler.handle(ApplicationHandler.java:1154)\n\tat org.glassfish.jersey.servlet.WebComponent.serviceImpl(WebComponent.java:473)\n\tat org.glassfish.jersey.servlet.WebComponent.service(WebComponent.java:427)\n\tat org.glassfish.jersey.servlet.ServletContainer.service(ServletContainer.java:388)\n\tat org.glassfish.jersey.servlet.ServletContainer.service(ServletContainer.java:341)\n\tat org.glassfish.jersey.servlet.ServletContainer.service(ServletContainer.java:228)\n\tat org.eclipse.jetty.servlet.ServletHolder.handle(ServletHolder.java:799)\n\tat org.eclipse.jetty.servlet.ServletHandler$ChainEnd.doFilter(ServletHandler.java:1631)\n\tat io.dropwizard.servlets.ThreadNameFilter.doFilter(ThreadNameFilter.java:35)\n\tat org.eclipse.jetty.servlet.FilterHolder.doFilter(FilterHolder.java:193)\n\tat org.eclipse.jetty.servlet.ServletHandler$Chain.doFilter(ServletHandler.java:1601)\n\tat io.dropwizard.jersey.filter.AllowedMethodsFilter.handle(AllowedMethodsFilter.java:45)\n\tat io.dropwizard.jersey.filter.AllowedMethodsFilter.doFilter(AllowedMethodsFilter.java:39)\n\tat org.eclipse.jetty.servlet.FilterHolder.doFilter(FilterHolder.java:193)\n\tat org.eclipse.jetty.servlet.ServletHandler$Chain.doFilter(ServletHandler.java:1601)\n\tat org.finos.legend.server.pac4j.internal.UsernameFilter.doFilter(UsernameFilter.java:51)\n\tat org.eclipse.jetty.servlet.FilterHolder.doFilter(FilterHolder.java:193)\n\tat org.eclipse.jetty.servlet.ServletHandler$Chain.doFilter(ServletHandler.java:1601)\n\tat org.pac4j.j2e.filter.SecurityFilter.lambda$internalFilter$0(SecurityFilter.java:95)\n\tat org.pac4j.core.engine.DefaultSecurityLogic.perform(DefaultSecurityLogic.java:140)\n\tat org.pac4j.j2e.filter.SecurityFilter.internalFilter(SecurityFilter.java:93)\n\tat org.pac4j.j2e.filter.AbstractConfigFilter.doFilter(AbstractConfigFilter.java:81)\n\tat org.eclipse.jetty.servlet.FilterHolder.doFilter(FilterHolder.java:193)\n\tat org.eclipse.jetty.servlet.ServletHandler$Chain.doFilter(ServletHandler.java:1601)\n\tat org.eclipse.jetty.servlet.ServletHandler.doHandle(ServletHandler.java:548)\n\tat org.eclipse.jetty.server.handler.ScopedHandler.nextHandle(ScopedHandler.java:233)\n\tat org.eclipse.jetty.server.session.SessionHandler.doHandle(SessionHandler.java:1624)\n\tat org.eclipse.jetty.server.handler.ScopedHandler.nextHandle(ScopedHandler.java:233)\n\tat org.eclipse.jetty.server.handler.ContextHandler.doHandle(ContextHandler.java:1434)\n\tat org.eclipse.jetty.server.handler.ScopedHandler.nextScope(ScopedHandler.java:188)\n\tat org.eclipse.jetty.servlet.ServletHandler.doScope(ServletHandler.java:501)\n\tat org.eclipse.jetty.server.session.SessionHandler.doScope(SessionHandler.java:1594)\n\tat org.eclipse.jetty.server.handler.ScopedHandler.nextScope(ScopedHandler.java:186)\n\tat org.eclipse.jetty.server.handler.ContextHandler.doScope(ContextHandler.java:1349)\n\tat org.eclipse.jetty.server.handler.ScopedHandler.handle(ScopedHandler.java:141)\n\tat org.eclipse.jetty.server.handler.HandlerWrapper.handle(HandlerWrapper.java:127)\n\tat com.codahale.metrics.jetty9.InstrumentedHandler.handle(InstrumentedHandler.java:313)\n\tat io.dropwizard.jetty.ContextRoutingHandler.handle(ContextRoutingHandler.java:37)\n\tat org.eclipse.jetty.server.handler.gzip.GzipHandler.handle(GzipHandler.java:713)\n\tat io.dropwizard.jetty.BiDiGzipHandler.handle(BiDiGzipHandler.java:67)\n\tat org.eclipse.jetty.server.handler.StatisticsHandler.handle(StatisticsHandler.java:179)\n\tat org.eclipse.jetty.server.handler.HandlerWrapper.handle(HandlerWrapper.java:127)\n\tat org.eclipse.jetty.server.Server.handle(Server.java:516)\n\tat org.eclipse.jetty.server.HttpChannel.lambda$handle$1(HttpChannel.java:400)\n\tat org.eclipse.jetty.server.HttpChannel.dispatch(HttpChannel.java:645)\n\tat org.eclipse.jetty.server.HttpChannel.handle(HttpChannel.java:392)\n\tat org.eclipse.jetty.server.HttpConnection.onFillable(HttpConnection.java:277)\n\tat org.eclipse.jetty.io.AbstractConnection$ReadCallback.succeeded(AbstractConnection.java:311)\n\tat org.eclipse.jetty.io.FillInterest.fillable(FillInterest.java:105)\n\tat org.eclipse.jetty.io.ChannelEndPoint$1.run(ChannelEndPoint.java:104)\n\tat org.eclipse.jetty.util.thread.strategy.EatWhatYouKill.runTask(EatWhatYouKill.java:338)\n\tat org.eclipse.jetty.util.thread.strategy.EatWhatYouKill.doProduce(EatWhatYouKill.java:315)\n\tat org.eclipse.jetty.util.thread.strategy.EatWhatYouKill.tryProduce(EatWhatYouKill.java:173)\n\tat org.eclipse.jetty.util.thread.strategy.EatWhatYouKill.run(EatWhatYouKill.java:131)\n\tat org.eclipse.jetty.util.thread.ReservedThreadExecutor$ReservedThread.run(ReservedThreadExecutor.java:409)\n\tat org.eclipse.jetty.util.thread.QueuedThreadPool.runJob(QueuedThreadPool.java:883)\n\tat org.eclipse.jetty.util.thread.QueuedThreadPool$Runner.run(QueuedThreadPool.java:1034)\n\tat java.base/java.lang.Thread.run(Thread.java:829)\nCaused by: net.snowflake.client.jdbc.SnowflakeSQLException: SQL compilation error:\nObject 'TESTTABLE' does not exist or not authorized.\n\tat net.snowflake.client.jdbc.SnowflakeUtil.checkErrorAndThrowExceptionSub(SnowflakeUtil.java:127)\n\tat net.snowflake.client.jdbc.SnowflakeUtil.checkErrorAndThrowException(SnowflakeUtil.java:67)\n\tat net.snowflake.client.core.StmtUtil.pollForOutput(StmtUtil.java:442)\n\tat net.snowflake.client.core.StmtUtil.execute(StmtUtil.java:345)\n\tat net.snowflake.client.core.SFStatement.executeHelper(SFStatement.java:486)\n\tat net.snowflake.client.core.SFStatement.executeQueryInternal(SFStatement.java:197)\n\tat net.snowflake.client.core.SFStatement.executeQuery(SFStatement.java:134)\n\tat net.snowflake.client.core.SFStatement.execute(SFStatement.java:743)\n\tat net.snowflake.client.core.SFStatement.execute(SFStatement.java:639)\n\tat net.snowflake.client.jdbc.SnowflakeStatementV1.executeQueryInternal(SnowflakeStatementV1.java:238)\n\tat net.snowflake.client.jdbc.SnowflakeStatementV1.executeQuery(SnowflakeStatementV1.java:133)\n\tat com.zaxxer.hikari.pool.ProxyStatement.executeQuery(ProxyStatement.java:110)\n\tat com.zaxxer.hikari.pool.HikariProxyStatement.executeQuery(HikariProxyStatement.java)\n\tat org.finos.legend.engine.plan.execution.stores.relational.result.SQLExecutionResult.<init>(SQLExecutionResult.java:95)\n\t... 101 more\n"},"mode":"DEV","timeStamp":"2023-02-23 01:31:29.359","user":"_UNKNOWN_"}
| **namingTests::testColumnNames** | failing :x: |
]]></system-out>
  </testcase>
  <testcase name="testTableNameInJoinAlias[Snowflake]" classname="org.finos.legend.engine.server.test.shared.Relational_DbSpecific_UsingPureClientTestSuite$2" time="0.86">
    <error message="Assert failure at (resource:/platform/pure/basics/tests/assertEq.pure line:34 column:5), &quot;500 &apos;{&quot;code&quot;:-1,&quot;message&quot;:&quot;SnowflakeSQLException: SQL compilation error:&#10;Object &apos;TESTTABLE&apos; does not exist or not authorized.&quot;,&quot;status&quot;:&quot;error&quot;,&quot;trace&quot;:&quot;java.lang.RuntimeException: net.snowflake.client.jdbc.SnowflakeSQLException: SQL compilation error:&#10;Object &apos;TESTTABLE&apos; does not exist or not authorized.&#10;at org.finos.legend.engine.plan.execution.stores.relational.result.SQLExecutionResult.&lt;init&gt;(SQLExecutionResult.java:123)&#10;at org.finos.legend.engine.plan.execution.stores.relational.RelationalExecutor.execute(RelationalExecutor.java:241)&#10;at org.finos.legend.engine.plan.execution.stores.relational.plugin.RelationalExecutionNodeExecutor.visit(RelationalExecutionNodeExecutor.java:238)&#10;at org.finos.legend.engine.plan.execution.stores.relational.plugin.RelationalExecutionNodeExecutor.visit(RelationalExecutionNodeExecutor.java:252)&#10;at org.finos.legend.engine.plan.execution.stores.relational.plugin.RelationalExecutionNodeExecutor.visit(RelationalExecutionNodeExecutor.java:92)&#10;at org.finos.legend.engine.protocol.pure.v1.model.executionPlan.nodes.RelationalTdsInstantiationExecutionNode.accept(RelationalTdsInstantiationExecutionNode.java:22)&#10;at org.finos.legend.engine.plan.execution.stores.relational.RelationalExecutionExtension.lambda$getExtraNodeExecutors$fbe53481$1(RelationalExecutionExtension.java:50)&#10;at org.finos.legend.engine.plan.execution.nodes.ExecutionNodeExecutor.lambda$visit$0(ExecutionNodeExecutor.java:164)&#10;at java.base/java.util.stream.ReferencePipeline$3$1.accept(ReferencePipeline.java:195)&#10;at java.base/java.util.Spliterators$ArraySpliterator.tryAdvance(Spliterators.java:958)&#10;at java.base/java.util.stream.ReferencePipeline.forEachWithCancel(ReferencePipeline.java:127)&#10;at java.base/java.util.stream.AbstractPipeline.copyIntoWithCancel(AbstractPipeline.java:502)&#10;at java.base/java.util.stream.AbstractPipeline.copyInto(AbstractPipeline.java:488)&#10;at java.base/java.util.stream.AbstractPipeline.wrapAndCopyInto(AbstractPipeline.java:474)&#10;at java.base/java.util.stream.FindOps$FindOp.evaluateSequential(FindOps.java:150)&#10;at java.base/java.util.stream.AbstractPipeline.evaluate(AbstractPipeline.java:234)&#10;at java.base/java.util.stream.ReferencePipeline.findFirst(ReferencePipeline.java:543)&#10;at org.finos.legend.engine.plan.execution.nodes.ExecutionNodeExecutor.visit(ExecutionNodeExecutor.java:164)&#10;at org.finos.legend.engine.plan.execution.nodes.ExecutionNodeExecutor.visit(ExecutionNodeExecutor.java:107)&#10;at org.finos.legend.engine.protocol.pure.v1.model.executionPlan.nodes.RelationalTdsInstantiationExecutionNode.accept(RelationalTdsInstantiationExecutionNode.java:22)&#10;at org.finos.legend.engine.plan.execution.PlanExecutor.execute(PlanExecutor.java:238)&#10;at org.finos.legend.engine.plan.execution.PlanExecutor.execute(PlanExecutor.java:225)&#10;at org.finos.legend.engine.plan.execution.api.ExecutePlan.doExecutePlanLegacy(ExecutePlan.java:102)&#10;at org.finos.legend.engine.plan.execution.api.ExecutePlan.doExecutePlan(ExecutePlan.java:84)&#10;at org.finos.legend.engine.plan.execution.api.ExecutePlanLegacy.executePlan(ExecutePlanLegacy.java:56)&#10;at jdk.internal.reflect.GeneratedMethodAccessor100.invoke(Unknown Source)&#10;at java.base/jdk.internal.reflect.DelegatingMethodAccessorImpl.invoke(DelegatingMethodAccessorImpl.java:43)&#10;at java.base/java.lang.reflect.Method.invoke(Method.java:566)&#10;at org.glassfish.jersey.server.model.internal.ResourceMethodInvocationHandlerFactory$1.invoke(ResourceMethodInvocationHandlerFactory.java:81)&#10;at org.glassfish.jersey.server.model.internal.AbstractJavaResourceMethodDispatcher$1.run(AbstractJavaResourceMethodDispatcher.java:144)&#10;at org.glassfish.jersey.server.model.internal.AbstractJavaResourceMethodDispatcher.invoke(AbstractJavaResourceMethodDispatcher.java:161)&#10;at org.glassfish.jersey.server.model.internal.JavaResourceMethodDispatcherProvider$ResponseOutInvoker.doDispatch(JavaResourceMethodDispatcherProvider.java:160)&#10;at org.glassfish.jersey.server.model.internal.AbstractJavaResourceMethodDispatcher.dispatch(AbstractJavaResourceMethodDispatcher.java:99)&#10;at org.glassfish.jersey.server.model.ResourceMethodInvoker.invoke(ResourceMethodInvoker.java:389)&#10;at org.glassfish.jersey.server.model.ResourceMethodInvoker.apply(ResourceMethodInvoker.java:347)&#10;at org.glassfish.jersey.server.model.ResourceMethodInvoker.apply(ResourceMethodInvoker.java:102)&#10;at org.glassfish.jersey.server.ServerRuntime$2.run(ServerRuntime.java:326)&#10;at org.glassfish.jersey.internal.Errors$1.call(Errors.java:271)&#10;at org.glassfish.jersey.internal.Errors$1.call(Errors.java:267)&#10;at org.glassfish.jersey.internal.Errors.process(Errors.java:315)&#10;at org.glassfish.jersey.internal.Errors.process(Errors.java:297)&#10;at org.glassfish.jersey.internal.Errors.process(Errors.java:267)&#10;at org.glassfish.jersey.process.internal.RequestScope.runInScope(RequestScope.java:317)&#10;at org.glassfish.jersey.server.ServerRuntime.process(ServerRuntime.java:305)&#10;at org.glassfish.jersey.server.ApplicationHandler.handle(ApplicationHandler.java:1154)&#10;at org.glassfish.jersey.servlet.WebComponent.serviceImpl(WebComponent.java:473)&#10;at org.glassfish.jersey.servlet.WebComponent.service(WebComponent.java:427)&#10;at org.glassfish.jersey.servlet.ServletContainer.service(ServletContainer.java:388)&#10;at org.glassfish.jersey.servlet.ServletContainer.service(ServletContainer.java:341)&#10;at org.glassfish.jersey.servlet.ServletContainer.service(ServletContainer.java:228)&#10;at org.eclipse.jetty.servlet.ServletHolder.handle(ServletHolder.java:799)&#10;at org.eclipse.jetty.servlet.ServletHandler$ChainEnd.doFilter(ServletHandler.java:1631)&#10;at io.dropwizard.servlets.ThreadNameFilter.doFilter(ThreadNameFilter.java:35)&#10;at org.eclipse.jetty.servlet.FilterHolder.doFilter(FilterHolder.java:193)&#10;at org.eclipse.jetty.servlet.ServletHandler$Chain.doFilter(ServletHandler.java:1601)&#10;at io.dropwizard.jersey.filter.AllowedMethodsFilter.handle(AllowedMethodsFilter.java:45)&#10;at io.dropwizard.jersey.filter.AllowedMethodsFilter.doFilter(AllowedMethodsFilter.java:39)&#10;at org.eclipse.jetty.servlet.FilterHolder.doFilter(FilterHolder.java:193)&#10;at org.eclipse.jetty.servlet.ServletHandler$Chain.doFilter(ServletHandler.java:1601)&#10;at org.finos.legend.server.pac4j.internal.UsernameFilter.doFilter(UsernameFilter.java:51)&#10;at org.eclipse.jetty.servlet.FilterHolder.doFilter(FilterHolder.java:193)&#10;at org.eclipse.jetty.servlet.ServletHandler$Chain.doFilter(ServletHandler.java:1601)&#10;at org.pac4j.j2e.filter.SecurityFilter.lambda$internalFilter$0(SecurityFilter.java:95)&#10;at org.pac4j.core.engine.DefaultSecurityLogic.perform(DefaultSecurityLogic.java:140)&#10;at org.pac4j.j2e.filter.SecurityFilter.internalFilter(SecurityFilter.java:93)&#10;at org.pac4j.j2e.filter.AbstractConfigFilter.doFilter(AbstractConfigFilter.java:81)&#10;at org.eclipse.jetty.servlet.FilterHolder.doFilter(FilterHolder.java:193)&#10;at org.eclipse.jetty.servlet.ServletHandler$Chain.doFilter(ServletHandler.java:1601)&#10;at org.eclipse.jetty.servlet.ServletHandler.doHandle(ServletHandler.java:548)&#10;at org.eclipse.jetty.server.handler.ScopedHandler.nextHandle(ScopedHandler.java:233)&#10;at org.eclipse.jetty.server.session.SessionHandler.doHandle(SessionHandler.java:1624)&#10;at org.eclipse.jetty.server.handler.ScopedHandler.nextHandle(ScopedHandler.java:233)&#10;at org.eclipse.jetty.server.handler.ContextHandler.doHandle(ContextHandler.java:1434)&#10;at org.eclipse.jetty.server.handler.ScopedHandler.nextScope(ScopedHandler.java:188)&#10;at org.eclipse.jetty.servlet.ServletHandler.doScope(ServletHandler.java:501)&#10;at org.eclipse.jetty.server.session.SessionHandler.doScope(SessionHandler.java:1594)&#10;at org.eclipse.jetty.server.handler.ScopedHandler.nextScope(ScopedHandler.java:186)&#10;at org.eclipse.jetty.server.handler.ContextHandler.doScope(ContextHandler.java:1349)&#10;at org.eclipse.jetty.server.handler.ScopedHandler.handle(ScopedHandler.java:141)&#10;at org.eclipse.jetty.server.handler.HandlerWrapper.handle(HandlerWrapper.java:127)&#10;at com.codahale.metrics.jetty9.InstrumentedHandler.handle(InstrumentedHandler.java:313)&#10;at io.dropwizard.jetty.ContextRoutingHandler.handle(ContextRoutingHandler.java:37)&#10;at org.eclipse.jetty.server.handler.gzip.GzipHandler.handle(GzipHandler.java:713)&#10;at io.dropwizard.jetty.BiDiGzipHandler.handle(BiDiGzipHandler.java:67)&#10;at org.eclipse.jetty.server.handler.StatisticsHandler.handle(StatisticsHandler.java:179)&#10;at org.eclipse.jetty.server.handler.HandlerWrapper.handle(HandlerWrapper.java:127)&#10;at org.eclipse.jetty.server.Server.handle(Server.java:516)&#10;at org.eclipse.jetty.server.HttpChannel.lambda$handle$1(HttpChannel.java:400)&#10;at org.eclipse.jetty.server.HttpChannel.dispatch(HttpChannel.java:645)&#10;at org.eclipse.jetty.server.HttpChannel.handle(HttpChannel.java:392)&#10;at org.eclipse.jetty.server.HttpConnection.onFillable(HttpConnection.java:277)&#10;at org.eclipse.jetty.io.AbstractConnection$ReadCallback.succeeded(AbstractConnection.java:311)&#10;at org.eclipse.jetty.io.FillInterest.fillable(FillInterest.java:105)&#10;at org.eclipse.jetty.io.ChannelEndPoint$1.run(ChannelEndPoint.java:104)&#10;at org.eclipse.jetty.util.thread.strategy.EatWhatYouKill.runTask(EatWhatYouKill.java:338)&#10;at org.eclipse.jetty.util.thread.strategy.EatWhatYouKill.doProduce(EatWhatYouKill.java:315)&#10;at org.eclipse.jetty.util.thread.strategy.EatWhatYouKill.tryProduce(EatWhatYouKill.java:173)&#10;at org.eclipse.jetty.util.thread.strategy.EatWhatYouKill.run(EatWhatYouKill.java:131)&#10;at org.eclipse.jetty.util.thread.ReservedThreadExecutor$ReservedThread.run(ReservedThreadExecutor.java:409)&#10;at org.eclipse.jetty.util.thread.QueuedThreadPool.runJob(QueuedThreadPool.java:883)&#10;at org.eclipse.jetty.util.thread.QueuedThreadPool$Runner.run(QueuedThreadPool.java:1034)&#10;at java.base/java.lang.Thread.run(Thread.java:829)&#10;Caused by: net.snowflake.client.jdbc.SnowflakeSQLException: SQL compilation error:&#10;Object &apos;TESTTABLE&apos; does not exist or not authorized.&#10;at net.snowflake.client.jdbc.SnowflakeUtil.checkErrorAndThrowExceptionSub(SnowflakeUtil.java:127)&#10;at net.snowflake.client.jdbc.SnowflakeUtil.checkErrorAndThrowException(SnowflakeUtil.java:67)&#10;at net.snowflake.client.core.StmtUtil.pollForOutput(StmtUtil.java:442)&#10;at net.snowflake.client.core.StmtUtil.execute(StmtUtil.java:345)&#10;at net.snowflake.client.core.SFStatement.executeHelper(SFStatement.java:486)&#10;at net.snowflake.client.core.SFStatement.executeQueryInternal(SFStatement.java:197)&#10;at net.snowflake.client.core.SFStatement.executeQuery(SFStatement.java:134)&#10;at net.snowflake.client.core.SFStatement.execute(SFStatement.java:743)&#10;at net.snowflake.client.core.SFStatement.execute(SFStatement.java:639)&#10;at net.snowflake.client.jdbc.SnowflakeStatementV1.executeQueryInternal(SnowflakeStatementV1.java:238)&#10;at net.snowflake.client.jdbc.SnowflakeStatementV1.executeQuery(SnowflakeStatementV1.java:133)&#10;at com.zaxxer.hikari.pool.ProxyStatement.executeQuery(ProxyStatement.java:110)&#10;at com.zaxxer.hikari.pool.HikariProxyStatement.executeQuery(HikariProxyStatement.java)&#10;at org.finos.legend.engine.plan.execution.stores.relational.result.SQLExecutionResult.&lt;init&gt;(SQLExecutionResult.java:95)&#10;... 101 more&#10;&quot;}&apos;&quot;" type="Assert failure at (resource"><![CDATA[Assert failure at (resource:/platform/pure/basics/tests/assertEq.pure line:34 column:5), "500 '{"code":-1,"message":"SnowflakeSQLException: SQL compilation error:
Object 'TESTTABLE' does not exist or not authorized.","status":"error","trace":"java.lang.RuntimeException: net.snowflake.client.jdbc.SnowflakeSQLException: SQL compilation error:
Object 'TESTTABLE' does not exist or not authorized.
at org.finos.legend.engine.plan.execution.stores.relational.result.SQLExecutionResult.<init>(SQLExecutionResult.java:123)
at org.finos.legend.engine.plan.execution.stores.relational.RelationalExecutor.execute(RelationalExecutor.java:241)
at org.finos.legend.engine.plan.execution.stores.relational.plugin.RelationalExecutionNodeExecutor.visit(RelationalExecutionNodeExecutor.java:238)
at org.finos.legend.engine.plan.execution.stores.relational.plugin.RelationalExecutionNodeExecutor.visit(RelationalExecutionNodeExecutor.java:252)
at org.finos.legend.engine.plan.execution.stores.relational.plugin.RelationalExecutionNodeExecutor.visit(RelationalExecutionNodeExecutor.java:92)
at org.finos.legend.engine.protocol.pure.v1.model.executionPlan.nodes.RelationalTdsInstantiationExecutionNode.accept(RelationalTdsInstantiationExecutionNode.java:22)
at org.finos.legend.engine.plan.execution.stores.relational.RelationalExecutionExtension.lambda$getExtraNodeExecutors$fbe53481$1(RelationalExecutionExtension.java:50)
at org.finos.legend.engine.plan.execution.nodes.ExecutionNodeExecutor.lambda$visit$0(ExecutionNodeExecutor.java:164)
at java.base/java.util.stream.ReferencePipeline$3$1.accept(ReferencePipeline.java:195)
at java.base/java.util.Spliterators$ArraySpliterator.tryAdvance(Spliterators.java:958)
at java.base/java.util.stream.ReferencePipeline.forEachWithCancel(ReferencePipeline.java:127)
at java.base/java.util.stream.AbstractPipeline.copyIntoWithCancel(AbstractPipeline.java:502)
at java.base/java.util.stream.AbstractPipeline.copyInto(AbstractPipeline.java:488)
at java.base/java.util.stream.AbstractPipeline.wrapAndCopyInto(AbstractPipeline.java:474)
at java.base/java.util.stream.FindOps$FindOp.evaluateSequential(FindOps.java:150)
at java.base/java.util.stream.AbstractPipeline.evaluate(AbstractPipeline.java:234)
at java.base/java.util.stream.ReferencePipeline.findFirst(ReferencePipeline.java:543)
at org.finos.legend.engine.plan.execution.nodes.ExecutionNodeExecutor.visit(ExecutionNodeExecutor.java:164)
at org.finos.legend.engine.plan.execution.nodes.ExecutionNodeExecutor.visit(ExecutionNodeExecutor.java:107)
at org.finos.legend.engine.protocol.pure.v1.model.executionPlan.nodes.RelationalTdsInstantiationExecutionNode.accept(RelationalTdsInstantiationExecutionNode.java:22)
at org.finos.legend.engine.plan.execution.PlanExecutor.execute(PlanExecutor.java:238)
at org.finos.legend.engine.plan.execution.PlanExecutor.execute(PlanExecutor.java:225)
at org.finos.legend.engine.plan.execution.api.ExecutePlan.doExecutePlanLegacy(ExecutePlan.java:102)
at org.finos.legend.engine.plan.execution.api.ExecutePlan.doExecutePlan(ExecutePlan.java:84)
at org.finos.legend.engine.plan.execution.api.ExecutePlanLegacy.executePlan(ExecutePlanLegacy.java:56)
at jdk.internal.reflect.GeneratedMethodAccessor100.invoke(Unknown Source)
at java.base/jdk.internal.reflect.DelegatingMethodAccessorImpl.invoke(DelegatingMethodAccessorImpl.java:43)
at java.base/java.lang.reflect.Method.invoke(Method.java:566)
at org.glassfish.jersey.server.model.internal.ResourceMethodInvocationHandlerFactory$1.invoke(ResourceMethodInvocationHandlerFactory.java:81)
at org.glassfish.jersey.server.model.internal.AbstractJavaResourceMethodDispatcher$1.run(AbstractJavaResourceMethodDispatcher.java:144)
at org.glassfish.jersey.server.model.internal.AbstractJavaResourceMethodDispatcher.invoke(AbstractJavaResourceMethodDispatcher.java:161)
at org.glassfish.jersey.server.model.internal.JavaResourceMethodDispatcherProvider$ResponseOutInvoker.doDispatch(JavaResourceMethodDispatcherProvider.java:160)
at org.glassfish.jersey.server.model.internal.AbstractJavaResourceMethodDispatcher.dispatch(AbstractJavaResourceMethodDispatcher.java:99)
at org.glassfish.jersey.server.model.ResourceMethodInvoker.invoke(ResourceMethodInvoker.java:389)
at org.glassfish.jersey.server.model.ResourceMethodInvoker.apply(ResourceMethodInvoker.java:347)
at org.glassfish.jersey.server.model.ResourceMethodInvoker.apply(ResourceMethodInvoker.java:102)
at org.glassfish.jersey.server.ServerRuntime$2.run(ServerRuntime.java:326)
at org.glassfish.jersey.internal.Errors$1.call(Errors.java:271)
at org.glassfish.jersey.internal.Errors$1.call(Errors.java:267)
at org.glassfish.jersey.internal.Errors.process(Errors.java:315)
at org.glassfish.jersey.internal.Errors.process(Errors.java:297)
at org.glassfish.jersey.internal.Errors.process(Errors.java:267)
at org.glassfish.jersey.process.internal.RequestScope.runInScope(RequestScope.java:317)
at org.glassfish.jersey.server.ServerRuntime.process(ServerRuntime.java:305)
at org.glassfish.jersey.server.ApplicationHandler.handle(ApplicationHandler.java:1154)
at org.glassfish.jersey.servlet.WebComponent.serviceImpl(WebComponent.java:473)
at org.glassfish.jersey.servlet.WebComponent.service(WebComponent.java:427)
at org.glassfish.jersey.servlet.ServletContainer.service(ServletContainer.java:388)
at org.glassfish.jersey.servlet.ServletContainer.service(ServletContainer.java:341)
at org.glassfish.jersey.servlet.ServletContainer.service(ServletContainer.java:228)
at org.eclipse.jetty.servlet.ServletHolder.handle(ServletHolder.java:799)
at org.eclipse.jetty.servlet.ServletHandler$ChainEnd.doFilter(ServletHandler.java:1631)
at io.dropwizard.servlets.ThreadNameFilter.doFilter(ThreadNameFilter.java:35)
at org.eclipse.jetty.servlet.FilterHolder.doFilter(FilterHolder.java:193)
at org.eclipse.jetty.servlet.ServletHandler$Chain.doFilter(ServletHandler.java:1601)
at io.dropwizard.jersey.filter.AllowedMethodsFilter.handle(AllowedMethodsFilter.java:45)
at io.dropwizard.jersey.filter.AllowedMethodsFilter.doFilter(AllowedMethodsFilter.java:39)
at org.eclipse.jetty.servlet.FilterHolder.doFilter(FilterHolder.java:193)
at org.eclipse.jetty.servlet.ServletHandler$Chain.doFilter(ServletHandler.java:1601)
at org.finos.legend.server.pac4j.internal.UsernameFilter.doFilter(UsernameFilter.java:51)
at org.eclipse.jetty.servlet.FilterHolder.doFilter(FilterHolder.java:193)
at org.eclipse.jetty.servlet.ServletHandler$Chain.doFilter(ServletHandler.java:1601)
at org.pac4j.j2e.filter.SecurityFilter.lambda$internalFilter$0(SecurityFilter.java:95)
at org.pac4j.core.engine.DefaultSecurityLogic.perform(DefaultSecurityLogic.java:140)
at org.pac4j.j2e.filter.SecurityFilter.internalFilter(SecurityFilter.java:93)
at org.pac4j.j2e.filter.AbstractConfigFilter.doFilter(AbstractConfigFilter.java:81)
at org.eclipse.jetty.servlet.FilterHolder.doFilter(FilterHolder.java:193)
at org.eclipse.jetty.servlet.ServletHandler$Chain.doFilter(ServletHandler.java:1601)
at org.eclipse.jetty.servlet.ServletHandler.doHandle(ServletHandler.java:548)
at org.eclipse.jetty.server.handler.ScopedHandler.nextHandle(ScopedHandler.java:233)
at org.eclipse.jetty.server.session.SessionHandler.doHandle(SessionHandler.java:1624)
at org.eclipse.jetty.server.handler.ScopedHandler.nextHandle(ScopedHandler.java:233)
at org.eclipse.jetty.server.handler.ContextHandler.doHandle(ContextHandler.java:1434)
at org.eclipse.jetty.server.handler.ScopedHandler.nextScope(ScopedHandler.java:188)
at org.eclipse.jetty.servlet.ServletHandler.doScope(ServletHandler.java:501)
at org.eclipse.jetty.server.session.SessionHandler.doScope(SessionHandler.java:1594)
at org.eclipse.jetty.server.handler.ScopedHandler.nextScope(ScopedHandler.java:186)
at org.eclipse.jetty.server.handler.ContextHandler.doScope(ContextHandler.java:1349)
at org.eclipse.jetty.server.handler.ScopedHandler.handle(ScopedHandler.java:141)
at org.eclipse.jetty.server.handler.HandlerWrapper.handle(HandlerWrapper.java:127)
at com.codahale.metrics.jetty9.InstrumentedHandler.handle(InstrumentedHandler.java:313)
at io.dropwizard.jetty.ContextRoutingHandler.handle(ContextRoutingHandler.java:37)
at org.eclipse.jetty.server.handler.gzip.GzipHandler.handle(GzipHandler.java:713)
at io.dropwizard.jetty.BiDiGzipHandler.handle(BiDiGzipHandler.java:67)
at org.eclipse.jetty.server.handler.StatisticsHandler.handle(StatisticsHandler.java:179)
at org.eclipse.jetty.server.handler.HandlerWrapper.handle(HandlerWrapper.java:127)
at org.eclipse.jetty.server.Server.handle(Server.java:516)
at org.eclipse.jetty.server.HttpChannel.lambda$handle$1(HttpChannel.java:400)
at org.eclipse.jetty.server.HttpChannel.dispatch(HttpChannel.java:645)
at org.eclipse.jetty.server.HttpChannel.handle(HttpChannel.java:392)
at org.eclipse.jetty.server.HttpConnection.onFillable(HttpConnection.java:277)
at org.eclipse.jetty.io.AbstractConnection$ReadCallback.succeeded(AbstractConnection.java:311)
at org.eclipse.jetty.io.FillInterest.fillable(FillInterest.java:105)
at org.eclipse.jetty.io.ChannelEndPoint$1.run(ChannelEndPoint.java:104)
at org.eclipse.jetty.util.thread.strategy.EatWhatYouKill.runTask(EatWhatYouKill.java:338)
at org.eclipse.jetty.util.thread.strategy.EatWhatYouKill.doProduce(EatWhatYouKill.java:315)
at org.eclipse.jetty.util.thread.strategy.EatWhatYouKill.tryProduce(EatWhatYouKill.java:173)
at org.eclipse.jetty.util.thread.strategy.EatWhatYouKill.run(EatWhatYouKill.java:131)
at org.eclipse.jetty.util.thread.ReservedThreadExecutor$ReservedThread.run(ReservedThreadExecutor.java:409)
at org.eclipse.jetty.util.thread.QueuedThreadPool.runJob(QueuedThreadPool.java:883)
at org.eclipse.jetty.util.thread.QueuedThreadPool$Runner.run(QueuedThreadPool.java:1034)
at java.base/java.lang.Thread.run(Thread.java:829)
Caused by: net.snowflake.client.jdbc.SnowflakeSQLException: SQL compilation error:
Object 'TESTTABLE' does not exist or not authorized.
at net.snowflake.client.jdbc.SnowflakeUtil.checkErrorAndThrowExceptionSub(SnowflakeUtil.java:127)
at net.snowflake.client.jdbc.SnowflakeUtil.checkErrorAndThrowException(SnowflakeUtil.java:67)
at net.snowflake.client.core.StmtUtil.pollForOutput(StmtUtil.java:442)
at net.snowflake.client.core.StmtUtil.execute(StmtUtil.java:345)
at net.snowflake.client.core.SFStatement.executeHelper(SFStatement.java:486)
at net.snowflake.client.core.SFStatement.executeQueryInternal(SFStatement.java:197)
at net.snowflake.client.core.SFStatement.executeQuery(SFStatement.java:134)
at net.snowflake.client.core.SFStatement.execute(SFStatement.java:743)
at net.snowflake.client.core.SFStatement.execute(SFStatement.java:639)
at net.snowflake.client.jdbc.SnowflakeStatementV1.executeQueryInternal(SnowflakeStatementV1.java:238)
at net.snowflake.client.jdbc.SnowflakeStatementV1.executeQuery(SnowflakeStatementV1.java:133)
at com.zaxxer.hikari.pool.ProxyStatement.executeQuery(ProxyStatement.java:110)
at com.zaxxer.hikari.pool.HikariProxyStatement.executeQuery(HikariProxyStatement.java)
at org.finos.legend.engine.plan.execution.stores.relational.result.SQLExecutionResult.<init>(SQLExecutionResult.java:95)
... 101 more
"}'"
	at org.finos.legend.pure.runtime.java.compiled.generation.processors.support.CompiledSupport.pureAssert(CompiledSupport.java:1994)
	at org.finos.legend.pure.generated.platform_pure_basics_tests_assertEq.Root_meta_pure_functions_asserts_assertEq_Any_1__Any_1__Function_1__Boolean_1_(platform_pure_basics_tests_assertEq.java:44)
	at org.finos.legend.pure.generated.core_pure_protocol_vX_X_X_invocations_execution.Root_meta_protocols_pure_vX_X_X_invocation_execution_execute_executePlan_String_1__String_1__Integer_1__String_1_(core_pure_protocol_vX_X_X_invocations_execution.java:751)
	at org.finos.legend.pure.generated.core_pure_protocol_vX_X_X_invocations_execution.Root_meta_protocols_pure_vX_X_X_invocation_execution_execute_executePlan_ExecutionPlan_1__String_1__Integer_1__Extension_MANY__String_1_(core_pure_protocol_vX_X_X_invocations_execution.java:745)
	at org.finos.legend.pure.generated.core_pure_protocol_vX_X_X_invocations_execution.Root_meta_protocols_pure_vX_X_X_invocation_execution_execute_executePlan_ExecutionPlan_1__ExecutionContext_$0_1$__String_1__Integer_1__Extension_MANY__Result_1_(core_pure_protocol_vX_X_X_invocations_execution.java:738)
	at jdk.internal.reflect.GeneratedMethodAccessor96.invoke(Unknown Source)
	at java.base/jdk.internal.reflect.DelegatingMethodAccessorImpl.invoke(DelegatingMethodAccessorImpl.java:43)
	at java.base/java.lang.reflect.Method.invoke(Method.java:566)
	at org.finos.legend.pure.runtime.java.compiled.metadata.JavaMethodWithParamsSharedPureFunction.execute(JavaMethodWithParamsSharedPureFunction.java:59)
	at org.finos.legend.pure.runtime.java.compiled.generation.processors.support.Pure._evaluateToMany(Pure.java:546)
	at org.finos.legend.pure.generated.CoreGen.evaluateToMany(CoreGen.java:147)
	at org.finos.legend.pure.generated.CoreGen.evaluateToMany(CoreGen.java:134)
	at org.finos.legend.pure.generated.core_pure_router_router_entry$9$1.value(core_pure_router_router_entry.java:318)
	at org.finos.legend.pure.generated.core_pure_router_router_entry$9$1.execute(core_pure_router_router_entry.java:311)
	at org.finos.legend.pure.generated.core_pure_router_router_entry$9$1.execute(core_pure_router_router_entry.java:307)
	at org.finos.legend.pure.runtime.java.compiled.generation.processors.support.Pure.evaluate(Pure.java:485)
	at org.finos.legend.pure.runtime.java.compiled.generation.processors.support.Pure.legendTest(Pure.java:216)
	at org.finos.legend.pure.generated.CoreGen.legendTest(CoreGen.java:61)
	at org.finos.legend.pure.generated.core_pure_router_router_entry$9.valueOf(core_pure_router_router_entry.java:303)
	at org.finos.legend.pure.generated.core_pure_router_router_entry$9.execute(core_pure_router_router_entry.java:298)
	at org.finos.legend.pure.generated.core_pure_router_router_entry$9.execute(core_pure_router_router_entry.java:294)
	at org.finos.legend.pure.runtime.java.compiled.generation.processors.support.Pure.evaluate(Pure.java:485)
	at org.finos.legend.pure.runtime.java.compiled.generation.processors.support.Pure.traceSpan(Pure.java:1482)
	at org.finos.legend.pure.generated.CoreGen.traceSpan(CoreGen.java:203)
	at org.finos.legend.pure.generated.core_pure_router_router_entry.Root_meta_pure_router_executePlan_ExecutionPlan_1__ExecutionContext_1__Extension_MANY__Result_$0_1$_(core_pure_router_router_entry.java:290)
	at org.finos.legend.pure.generated.core_pure_router_router_entry.Root_meta_pure_router_executePlan_ExecutionPlan_1__Extension_MANY__Result_$0_1$_(core_pure_router_router_entry.java:285)
	at org.finos.legend.pure.generated.core_relational_relational_sqlQueryToString_dbTestRunner_executionPlanTestRunner$19.execute(core_relational_relational_sqlQueryToString_dbTestRunner_executionPlanTestRunner.java:305)
	at org.finos.legend.pure.generated.core_relational_relational_sqlQueryToString_dbTestRunner_executionPlanTestRunner.Root_meta_relational_dbTestRunner_executeViaPlan_FunctionDefinition_1__Mapping_1__Database_1__DbTestConfig_1__Extension_MANY__Result_$0_1$_(core_relational_relational_sqlQueryToString_dbTestRunner_executionPlanTestRunner.java:309)
	at org.finos.legend.pure.generated.core_relational_relational_sqlQueryToString_testSuite_naming_naming.Root_meta_relational_tests_dbSpecificTests_sqlQueryTests_namingTests_testTableNameInJoinAlias_DbTestConfig_1__Boolean_1_(core_relational_relational_sqlQueryToString_testSuite_naming_naming.java:675)
	at java.base/jdk.internal.reflect.NativeMethodAccessorImpl.invoke0(Native Method)
	at java.base/jdk.internal.reflect.NativeMethodAccessorImpl.invoke(NativeMethodAccessorImpl.java:62)
	at java.base/jdk.internal.reflect.DelegatingMethodAccessorImpl.invoke(DelegatingMethodAccessorImpl.java:43)
	at java.base/java.lang.reflect.Method.invoke(Method.java:566)
	at org.finos.legend.pure.runtime.java.compiled.testHelper.PureTestBuilderCompiled.executeFn(PureTestBuilderCompiled.java:113)
	at org.finos.legend.pure.runtime.java.compiled.testHelper.PureTestBuilderCompiled.lambda$buildSuite$0(PureTestBuilderCompiled.java:79)
	at org.finos.legend.pure.m3.execution.test.PureTestBuilder$PureTestCase.runTest(PureTestBuilder.java:95)
	at junit.framework.TestCase.runBare(TestCase.java:142)
	at org.finos.legend.engine.server.test.shared.Relational_DbSpecific_UsingPureClientTestSuite$2.runTest(Relational_DbSpecific_UsingPureClientTestSuite.java:90)
	at junit.framework.TestCase.runBare(TestCase.java:142)
	at junit.framework.TestResult$1.protect(TestResult.java:122)
	at junit.framework.TestResult.runProtected(TestResult.java:142)
	at junit.framework.TestResult.run(TestResult.java:125)
	at junit.framework.TestCase.run(TestCase.java:130)
	at junit.framework.TestSuite.runTest(TestSuite.java:241)
	at junit.framework.TestSuite.run(TestSuite.java:236)
	at junit.framework.TestSuite.runTest(TestSuite.java:241)
	at junit.framework.TestSuite.run(TestSuite.java:236)
	at junit.framework.TestSuite.runTest(TestSuite.java:241)
	at junit.framework.TestSuite.run(TestSuite.java:236)
	at junit.framework.TestSuite.runTest(TestSuite.java:241)
	at junit.framework.TestSuite.run(TestSuite.java:236)
	at junit.extensions.TestDecorator.basicRun(TestDecorator.java:24)
	at junit.extensions.TestSetup$1.protect(TestSetup.java:23)
	at junit.framework.TestResult.runProtected(TestResult.java:142)
	at junit.extensions.TestSetup.run(TestSetup.java:27)
	at org.junit.internal.runners.JUnit38ClassRunner.run(JUnit38ClassRunner.java:90)
	at org.apache.maven.surefire.junit4.JUnit4Provider.execute(JUnit4Provider.java:365)
	at org.apache.maven.surefire.junit4.JUnit4Provider.executeWithRerun(JUnit4Provider.java:273)
	at org.apache.maven.surefire.junit4.JUnit4Provider.executeTestSet(JUnit4Provider.java:238)
	at org.apache.maven.surefire.junit4.JUnit4Provider.invoke(JUnit4Provider.java:159)
	at org.apache.maven.surefire.booter.ForkedBooter.invokeProviderInSameClassLoader(ForkedBooter.java:384)
	at org.apache.maven.surefire.booter.ForkedBooter.runSuitesInProcess(ForkedBooter.java:345)
	at org.apache.maven.surefire.booter.ForkedBooter.execute(ForkedBooter.java:126)
	at org.apache.maven.surefire.booter.ForkedBooter.main(ForkedBooter.java:418)
]]></error>
    <system-out><![CDATA[Running db test namingTests::testTableNameInJoinAlias
{"duration":0.0,"eventType":"EXECUTION_PLAN_EXEC_ERROR","info":{"code":-1,"message":"SnowflakeSQLException: SQL compilation error:\nObject 'TESTTABLE' does not exist or not authorized.","status":"error","trace":"java.lang.RuntimeException: net.snowflake.client.jdbc.SnowflakeSQLException: SQL compilation error:\nObject 'TESTTABLE' does not exist or not authorized.\n\tat org.finos.legend.engine.plan.execution.stores.relational.result.SQLExecutionResult.<init>(SQLExecutionResult.java:123)\n\tat org.finos.legend.engine.plan.execution.stores.relational.RelationalExecutor.execute(RelationalExecutor.java:241)\n\tat org.finos.legend.engine.plan.execution.stores.relational.plugin.RelationalExecutionNodeExecutor.visit(RelationalExecutionNodeExecutor.java:238)\n\tat org.finos.legend.engine.plan.execution.stores.relational.plugin.RelationalExecutionNodeExecutor.visit(RelationalExecutionNodeExecutor.java:252)\n\tat org.finos.legend.engine.plan.execution.stores.relational.plugin.RelationalExecutionNodeExecutor.visit(RelationalExecutionNodeExecutor.java:92)\n\tat org.finos.legend.engine.protocol.pure.v1.model.executionPlan.nodes.RelationalTdsInstantiationExecutionNode.accept(RelationalTdsInstantiationExecutionNode.java:22)\n\tat org.finos.legend.engine.plan.execution.stores.relational.RelationalExecutionExtension.lambda$getExtraNodeExecutors$fbe53481$1(RelationalExecutionExtension.java:50)\n\tat org.finos.legend.engine.plan.execution.nodes.ExecutionNodeExecutor.lambda$visit$0(ExecutionNodeExecutor.java:164)\n\tat java.base/java.util.stream.ReferencePipeline$3$1.accept(ReferencePipeline.java:195)\n\tat java.base/java.util.Spliterators$ArraySpliterator.tryAdvance(Spliterators.java:958)\n\tat java.base/java.util.stream.ReferencePipeline.forEachWithCancel(ReferencePipeline.java:127)\n\tat java.base/java.util.stream.AbstractPipeline.copyIntoWithCancel(AbstractPipeline.java:502)\n\tat java.base/java.util.stream.AbstractPipeline.copyInto(AbstractPipeline.java:488)\n\tat java.base/java.util.stream.AbstractPipeline.wrapAndCopyInto(AbstractPipeline.java:474)\n\tat java.base/java.util.stream.FindOps$FindOp.evaluateSequential(FindOps.java:150)\n\tat java.base/java.util.stream.AbstractPipeline.evaluate(AbstractPipeline.java:234)\n\tat java.base/java.util.stream.ReferencePipeline.findFirst(ReferencePipeline.java:543)\n\tat org.finos.legend.engine.plan.execution.nodes.ExecutionNodeExecutor.visit(ExecutionNodeExecutor.java:164)\n\tat org.finos.legend.engine.plan.execution.nodes.ExecutionNodeExecutor.visit(ExecutionNodeExecutor.java:107)\n\tat org.finos.legend.engine.protocol.pure.v1.model.executionPlan.nodes.RelationalTdsInstantiationExecutionNode.accept(RelationalTdsInstantiationExecutionNode.java:22)\n\tat org.finos.legend.engine.plan.execution.PlanExecutor.execute(PlanExecutor.java:238)\n\tat org.finos.legend.engine.plan.execution.PlanExecutor.execute(PlanExecutor.java:225)\n\tat org.finos.legend.engine.plan.execution.api.ExecutePlan.doExecutePlanLegacy(ExecutePlan.java:102)\n\tat org.finos.legend.engine.plan.execution.api.ExecutePlan.doExecutePlan(ExecutePlan.java:84)\n\tat org.finos.legend.engine.plan.execution.api.ExecutePlanLegacy.executePlan(ExecutePlanLegacy.java:56)\n\tat jdk.internal.reflect.GeneratedMethodAccessor100.invoke(Unknown Source)\n\tat java.base/jdk.internal.reflect.DelegatingMethodAccessorImpl.invoke(DelegatingMethodAccessorImpl.java:43)\n\tat java.base/java.lang.reflect.Method.invoke(Method.java:566)\n\tat org.glassfish.jersey.server.model.internal.ResourceMethodInvocationHandlerFactory$1.invoke(ResourceMethodInvocationHandlerFactory.java:81)\n\tat org.glassfish.jersey.server.model.internal.AbstractJavaResourceMethodDispatcher$1.run(AbstractJavaResourceMethodDispatcher.java:144)\n\tat org.glassfish.jersey.server.model.internal.AbstractJavaResourceMethodDispatcher.invoke(AbstractJavaResourceMethodDispatcher.java:161)\n\tat org.glassfish.jersey.server.model.internal.JavaResourceMethodDispatcherProvider$ResponseOutInvoker.doDispatch(JavaResourceMethodDispatcherProvider.java:160)\n\tat org.glassfish.jersey.server.model.internal.AbstractJavaResourceMethodDispatcher.dispatch(AbstractJavaResourceMethodDispatcher.java:99)\n\tat org.glassfish.jersey.server.model.ResourceMethodInvoker.invoke(ResourceMethodInvoker.java:389)\n\tat org.glassfish.jersey.server.model.ResourceMethodInvoker.apply(ResourceMethodInvoker.java:347)\n\tat org.glassfish.jersey.server.model.ResourceMethodInvoker.apply(ResourceMethodInvoker.java:102)\n\tat org.glassfish.jersey.server.ServerRuntime$2.run(ServerRuntime.java:326)\n\tat org.glassfish.jersey.internal.Errors$1.call(Errors.java:271)\n\tat org.glassfish.jersey.internal.Errors$1.call(Errors.java:267)\n\tat org.glassfish.jersey.internal.Errors.process(Errors.java:315)\n\tat org.glassfish.jersey.internal.Errors.process(Errors.java:297)\n\tat org.glassfish.jersey.internal.Errors.process(Errors.java:267)\n\tat org.glassfish.jersey.process.internal.RequestScope.runInScope(RequestScope.java:317)\n\tat org.glassfish.jersey.server.ServerRuntime.process(ServerRuntime.java:305)\n\tat org.glassfish.jersey.server.ApplicationHandler.handle(ApplicationHandler.java:1154)\n\tat org.glassfish.jersey.servlet.WebComponent.serviceImpl(WebComponent.java:473)\n\tat org.glassfish.jersey.servlet.WebComponent.service(WebComponent.java:427)\n\tat org.glassfish.jersey.servlet.ServletContainer.service(ServletContainer.java:388)\n\tat org.glassfish.jersey.servlet.ServletContainer.service(ServletContainer.java:341)\n\tat org.glassfish.jersey.servlet.ServletContainer.service(ServletContainer.java:228)\n\tat org.eclipse.jetty.servlet.ServletHolder.handle(ServletHolder.java:799)\n\tat org.eclipse.jetty.servlet.ServletHandler$ChainEnd.doFilter(ServletHandler.java:1631)\n\tat io.dropwizard.servlets.ThreadNameFilter.doFilter(ThreadNameFilter.java:35)\n\tat org.eclipse.jetty.servlet.FilterHolder.doFilter(FilterHolder.java:193)\n\tat org.eclipse.jetty.servlet.ServletHandler$Chain.doFilter(ServletHandler.java:1601)\n\tat io.dropwizard.jersey.filter.AllowedMethodsFilter.handle(AllowedMethodsFilter.java:45)\n\tat io.dropwizard.jersey.filter.AllowedMethodsFilter.doFilter(AllowedMethodsFilter.java:39)\n\tat org.eclipse.jetty.servlet.FilterHolder.doFilter(FilterHolder.java:193)\n\tat org.eclipse.jetty.servlet.ServletHandler$Chain.doFilter(ServletHandler.java:1601)\n\tat org.finos.legend.server.pac4j.internal.UsernameFilter.doFilter(UsernameFilter.java:51)\n\tat org.eclipse.jetty.servlet.FilterHolder.doFilter(FilterHolder.java:193)\n\tat org.eclipse.jetty.servlet.ServletHandler$Chain.doFilter(ServletHandler.java:1601)\n\tat org.pac4j.j2e.filter.SecurityFilter.lambda$internalFilter$0(SecurityFilter.java:95)\n\tat org.pac4j.core.engine.DefaultSecurityLogic.perform(DefaultSecurityLogic.java:140)\n\tat org.pac4j.j2e.filter.SecurityFilter.internalFilter(SecurityFilter.java:93)\n\tat org.pac4j.j2e.filter.AbstractConfigFilter.doFilter(AbstractConfigFilter.java:81)\n\tat org.eclipse.jetty.servlet.FilterHolder.doFilter(FilterHolder.java:193)\n\tat org.eclipse.jetty.servlet.ServletHandler$Chain.doFilter(ServletHandler.java:1601)\n\tat org.eclipse.jetty.servlet.ServletHandler.doHandle(ServletHandler.java:548)\n\tat org.eclipse.jetty.server.handler.ScopedHandler.nextHandle(ScopedHandler.java:233)\n\tat org.eclipse.jetty.server.session.SessionHandler.doHandle(SessionHandler.java:1624)\n\tat org.eclipse.jetty.server.handler.ScopedHandler.nextHandle(ScopedHandler.java:233)\n\tat org.eclipse.jetty.server.handler.ContextHandler.doHandle(ContextHandler.java:1434)\n\tat org.eclipse.jetty.server.handler.ScopedHandler.nextScope(ScopedHandler.java:188)\n\tat org.eclipse.jetty.servlet.ServletHandler.doScope(ServletHandler.java:501)\n\tat org.eclipse.jetty.server.session.SessionHandler.doScope(SessionHandler.java:1594)\n\tat org.eclipse.jetty.server.handler.ScopedHandler.nextScope(ScopedHandler.java:186)\n\tat org.eclipse.jetty.server.handler.ContextHandler.doScope(ContextHandler.java:1349)\n\tat org.eclipse.jetty.server.handler.ScopedHandler.handle(ScopedHandler.java:141)\n\tat org.eclipse.jetty.server.handler.HandlerWrapper.handle(HandlerWrapper.java:127)\n\tat com.codahale.metrics.jetty9.InstrumentedHandler.handle(InstrumentedHandler.java:313)\n\tat io.dropwizard.jetty.ContextRoutingHandler.handle(ContextRoutingHandler.java:37)\n\tat org.eclipse.jetty.server.handler.gzip.GzipHandler.handle(GzipHandler.java:713)\n\tat io.dropwizard.jetty.BiDiGzipHandler.handle(BiDiGzipHandler.java:67)\n\tat org.eclipse.jetty.server.handler.StatisticsHandler.handle(StatisticsHandler.java:179)\n\tat org.eclipse.jetty.server.handler.HandlerWrapper.handle(HandlerWrapper.java:127)\n\tat org.eclipse.jetty.server.Server.handle(Server.java:516)\n\tat org.eclipse.jetty.server.HttpChannel.lambda$handle$1(HttpChannel.java:400)\n\tat org.eclipse.jetty.server.HttpChannel.dispatch(HttpChannel.java:645)\n\tat org.eclipse.jetty.server.HttpChannel.handle(HttpChannel.java:392)\n\tat org.eclipse.jetty.server.HttpConnection.onFillable(HttpConnection.java:277)\n\tat org.eclipse.jetty.io.AbstractConnection$ReadCallback.succeeded(AbstractConnection.java:311)\n\tat org.eclipse.jetty.io.FillInterest.fillable(FillInterest.java:105)\n\tat org.eclipse.jetty.io.ChannelEndPoint$1.run(ChannelEndPoint.java:104)\n\tat org.eclipse.jetty.util.thread.strategy.EatWhatYouKill.runTask(EatWhatYouKill.java:338)\n\tat org.eclipse.jetty.util.thread.strategy.EatWhatYouKill.doProduce(EatWhatYouKill.java:315)\n\tat org.eclipse.jetty.util.thread.strategy.EatWhatYouKill.tryProduce(EatWhatYouKill.java:173)\n\tat org.eclipse.jetty.util.thread.strategy.EatWhatYouKill.run(EatWhatYouKill.java:131)\n\tat org.eclipse.jetty.util.thread.ReservedThreadExecutor$ReservedThread.run(ReservedThreadExecutor.java:409)\n\tat org.eclipse.jetty.util.thread.QueuedThreadPool.runJob(QueuedThreadPool.java:883)\n\tat org.eclipse.jetty.util.thread.QueuedThreadPool$Runner.run(QueuedThreadPool.java:1034)\n\tat java.base/java.lang.Thread.run(Thread.java:829)\nCaused by: net.snowflake.client.jdbc.SnowflakeSQLException: SQL compilation error:\nObject 'TESTTABLE' does not exist or not authorized.\n\tat net.snowflake.client.jdbc.SnowflakeUtil.checkErrorAndThrowExceptionSub(SnowflakeUtil.java:127)\n\tat net.snowflake.client.jdbc.SnowflakeUtil.checkErrorAndThrowException(SnowflakeUtil.java:67)\n\tat net.snowflake.client.core.StmtUtil.pollForOutput(StmtUtil.java:442)\n\tat net.snowflake.client.core.StmtUtil.execute(StmtUtil.java:345)\n\tat net.snowflake.client.core.SFStatement.executeHelper(SFStatement.java:486)\n\tat net.snowflake.client.core.SFStatement.executeQueryInternal(SFStatement.java:197)\n\tat net.snowflake.client.core.SFStatement.executeQuery(SFStatement.java:134)\n\tat net.snowflake.client.core.SFStatement.execute(SFStatement.java:743)\n\tat net.snowflake.client.core.SFStatement.execute(SFStatement.java:639)\n\tat net.snowflake.client.jdbc.SnowflakeStatementV1.executeQueryInternal(SnowflakeStatementV1.java:238)\n\tat net.snowflake.client.jdbc.SnowflakeStatementV1.executeQuery(SnowflakeStatementV1.java:133)\n\tat com.zaxxer.hikari.pool.ProxyStatement.executeQuery(ProxyStatement.java:110)\n\tat com.zaxxer.hikari.pool.HikariProxyStatement.executeQuery(HikariProxyStatement.java)\n\tat org.finos.legend.engine.plan.execution.stores.relational.result.SQLExecutionResult.<init>(SQLExecutionResult.java:95)\n\t... 101 more\n"},"mode":"DEV","timeStamp":"2023-02-23 01:31:30.226","user":"_UNKNOWN_"}
| **namingTests::testTableNameInJoinAlias** | failing :x: |
]]></system-out>
  </testcase>
  <testcase name="testAverage[Snowflake]" classname="org.finos.legend.engine.server.test.shared.Relational_DbSpecific_UsingPureClientTestSuite$2" time="0.18">
    <error message="Assert failure at (resource:/platform/pure/basics/tests/assertEq.pure line:34 column:5), &quot;500 &apos;{&quot;code&quot;:-1,&quot;message&quot;:&quot;SnowflakeSQLException: SQL compilation error:&#10;Object &apos;PERSONTABLE&apos; does not exist or not authorized.&quot;,&quot;status&quot;:&quot;error&quot;,&quot;trace&quot;:&quot;java.lang.RuntimeException: net.snowflake.client.jdbc.SnowflakeSQLException: SQL compilation error:&#10;Object &apos;PERSONTABLE&apos; does not exist or not authorized.&#10;at org.finos.legend.engine.plan.execution.stores.relational.result.SQLExecutionResult.&lt;init&gt;(SQLExecutionResult.java:123)&#10;at org.finos.legend.engine.plan.execution.stores.relational.RelationalExecutor.execute(RelationalExecutor.java:241)&#10;at org.finos.legend.engine.plan.execution.stores.relational.plugin.RelationalExecutionNodeExecutor.visit(RelationalExecutionNodeExecutor.java:238)&#10;at org.finos.legend.engine.plan.execution.stores.relational.plugin.RelationalExecutionNodeExecutor.visit(RelationalExecutionNodeExecutor.java:346)&#10;at org.finos.legend.engine.plan.execution.stores.relational.plugin.RelationalExecutionNodeExecutor.visit(RelationalExecutionNodeExecutor.java:92)&#10;at org.finos.legend.engine.protocol.pure.v1.model.executionPlan.nodes.RelationalDataTypeInstantiationExecutionNode.accept(RelationalDataTypeInstantiationExecutionNode.java:22)&#10;at org.finos.legend.engine.plan.execution.stores.relational.RelationalExecutionExtension.lambda$getExtraNodeExecutors$fbe53481$1(RelationalExecutionExtension.java:50)&#10;at org.finos.legend.engine.plan.execution.nodes.ExecutionNodeExecutor.lambda$visit$0(ExecutionNodeExecutor.java:164)&#10;at java.base/java.util.stream.ReferencePipeline$3$1.accept(ReferencePipeline.java:195)&#10;at java.base/java.util.Spliterators$ArraySpliterator.tryAdvance(Spliterators.java:958)&#10;at java.base/java.util.stream.ReferencePipeline.forEachWithCancel(ReferencePipeline.java:127)&#10;at java.base/java.util.stream.AbstractPipeline.copyIntoWithCancel(AbstractPipeline.java:502)&#10;at java.base/java.util.stream.AbstractPipeline.copyInto(AbstractPipeline.java:488)&#10;at java.base/java.util.stream.AbstractPipeline.wrapAndCopyInto(AbstractPipeline.java:474)&#10;at java.base/java.util.stream.FindOps$FindOp.evaluateSequential(FindOps.java:150)&#10;at java.base/java.util.stream.AbstractPipeline.evaluate(AbstractPipeline.java:234)&#10;at java.base/java.util.stream.ReferencePipeline.findFirst(ReferencePipeline.java:543)&#10;at org.finos.legend.engine.plan.execution.nodes.ExecutionNodeExecutor.visit(ExecutionNodeExecutor.java:164)&#10;at org.finos.legend.engine.plan.execution.nodes.ExecutionNodeExecutor.visit(ExecutionNodeExecutor.java:107)&#10;at org.finos.legend.engine.protocol.pure.v1.model.executionPlan.nodes.RelationalDataTypeInstantiationExecutionNode.accept(RelationalDataTypeInstantiationExecutionNode.java:22)&#10;at org.finos.legend.engine.plan.execution.PlanExecutor.execute(PlanExecutor.java:238)&#10;at org.finos.legend.engine.plan.execution.PlanExecutor.execute(PlanExecutor.java:225)&#10;at org.finos.legend.engine.plan.execution.api.ExecutePlan.doExecutePlanLegacy(ExecutePlan.java:102)&#10;at org.finos.legend.engine.plan.execution.api.ExecutePlan.doExecutePlan(ExecutePlan.java:84)&#10;at org.finos.legend.engine.plan.execution.api.ExecutePlanLegacy.executePlan(ExecutePlanLegacy.java:56)&#10;at jdk.internal.reflect.GeneratedMethodAccessor100.invoke(Unknown Source)&#10;at java.base/jdk.internal.reflect.DelegatingMethodAccessorImpl.invoke(DelegatingMethodAccessorImpl.java:43)&#10;at java.base/java.lang.reflect.Method.invoke(Method.java:566)&#10;at org.glassfish.jersey.server.model.internal.ResourceMethodInvocationHandlerFactory$1.invoke(ResourceMethodInvocationHandlerFactory.java:81)&#10;at org.glassfish.jersey.server.model.internal.AbstractJavaResourceMethodDispatcher$1.run(AbstractJavaResourceMethodDispatcher.java:144)&#10;at org.glassfish.jersey.server.model.internal.AbstractJavaResourceMethodDispatcher.invoke(AbstractJavaResourceMethodDispatcher.java:161)&#10;at org.glassfish.jersey.server.model.internal.JavaResourceMethodDispatcherProvider$ResponseOutInvoker.doDispatch(JavaResourceMethodDispatcherProvider.java:160)&#10;at org.glassfish.jersey.server.model.internal.AbstractJavaResourceMethodDispatcher.dispatch(AbstractJavaResourceMethodDispatcher.java:99)&#10;at org.glassfish.jersey.server.model.ResourceMethodInvoker.invoke(ResourceMethodInvoker.java:389)&#10;at org.glassfish.jersey.server.model.ResourceMethodInvoker.apply(ResourceMethodInvoker.java:347)&#10;at org.glassfish.jersey.server.model.ResourceMethodInvoker.apply(ResourceMethodInvoker.java:102)&#10;at org.glassfish.jersey.server.ServerRuntime$2.run(ServerRuntime.java:326)&#10;at org.glassfish.jersey.internal.Errors$1.call(Errors.java:271)&#10;at org.glassfish.jersey.internal.Errors$1.call(Errors.java:267)&#10;at org.glassfish.jersey.internal.Errors.process(Errors.java:315)&#10;at org.glassfish.jersey.internal.Errors.process(Errors.java:297)&#10;at org.glassfish.jersey.internal.Errors.process(Errors.java:267)&#10;at org.glassfish.jersey.process.internal.RequestScope.runInScope(RequestScope.java:317)&#10;at org.glassfish.jersey.server.ServerRuntime.process(ServerRuntime.java:305)&#10;at org.glassfish.jersey.server.ApplicationHandler.handle(ApplicationHandler.java:1154)&#10;at org.glassfish.jersey.servlet.WebComponent.serviceImpl(WebComponent.java:473)&#10;at org.glassfish.jersey.servlet.WebComponent.service(WebComponent.java:427)&#10;at org.glassfish.jersey.servlet.ServletContainer.service(ServletContainer.java:388)&#10;at org.glassfish.jersey.servlet.ServletContainer.service(ServletContainer.java:341)&#10;at org.glassfish.jersey.servlet.ServletContainer.service(ServletContainer.java:228)&#10;at org.eclipse.jetty.servlet.ServletHolder.handle(ServletHolder.java:799)&#10;at org.eclipse.jetty.servlet.ServletHandler$ChainEnd.doFilter(ServletHandler.java:1631)&#10;at io.dropwizard.servlets.ThreadNameFilter.doFilter(ThreadNameFilter.java:35)&#10;at org.eclipse.jetty.servlet.FilterHolder.doFilter(FilterHolder.java:193)&#10;at org.eclipse.jetty.servlet.ServletHandler$Chain.doFilter(ServletHandler.java:1601)&#10;at io.dropwizard.jersey.filter.AllowedMethodsFilter.handle(AllowedMethodsFilter.java:45)&#10;at io.dropwizard.jersey.filter.AllowedMethodsFilter.doFilter(AllowedMethodsFilter.java:39)&#10;at org.eclipse.jetty.servlet.FilterHolder.doFilter(FilterHolder.java:193)&#10;at org.eclipse.jetty.servlet.ServletHandler$Chain.doFilter(ServletHandler.java:1601)&#10;at org.finos.legend.server.pac4j.internal.UsernameFilter.doFilter(UsernameFilter.java:51)&#10;at org.eclipse.jetty.servlet.FilterHolder.doFilter(FilterHolder.java:193)&#10;at org.eclipse.jetty.servlet.ServletHandler$Chain.doFilter(ServletHandler.java:1601)&#10;at org.pac4j.j2e.filter.SecurityFilter.lambda$internalFilter$0(SecurityFilter.java:95)&#10;at org.pac4j.core.engine.DefaultSecurityLogic.perform(DefaultSecurityLogic.java:140)&#10;at org.pac4j.j2e.filter.SecurityFilter.internalFilter(SecurityFilter.java:93)&#10;at org.pac4j.j2e.filter.AbstractConfigFilter.doFilter(AbstractConfigFilter.java:81)&#10;at org.eclipse.jetty.servlet.FilterHolder.doFilter(FilterHolder.java:193)&#10;at org.eclipse.jetty.servlet.ServletHandler$Chain.doFilter(ServletHandler.java:1601)&#10;at org.eclipse.jetty.servlet.ServletHandler.doHandle(ServletHandler.java:548)&#10;at org.eclipse.jetty.server.handler.ScopedHandler.nextHandle(ScopedHandler.java:233)&#10;at org.eclipse.jetty.server.session.SessionHandler.doHandle(SessionHandler.java:1624)&#10;at org.eclipse.jetty.server.handler.ScopedHandler.nextHandle(ScopedHandler.java:233)&#10;at org.eclipse.jetty.server.handler.ContextHandler.doHandle(ContextHandler.java:1434)&#10;at org.eclipse.jetty.server.handler.ScopedHandler.nextScope(ScopedHandler.java:188)&#10;at org.eclipse.jetty.servlet.ServletHandler.doScope(ServletHandler.java:501)&#10;at org.eclipse.jetty.server.session.SessionHandler.doScope(SessionHandler.java:1594)&#10;at org.eclipse.jetty.server.handler.ScopedHandler.nextScope(ScopedHandler.java:186)&#10;at org.eclipse.jetty.server.handler.ContextHandler.doScope(ContextHandler.java:1349)&#10;at org.eclipse.jetty.server.handler.ScopedHandler.handle(ScopedHandler.java:141)&#10;at org.eclipse.jetty.server.handler.HandlerWrapper.handle(HandlerWrapper.java:127)&#10;at com.codahale.metrics.jetty9.InstrumentedHandler.handle(InstrumentedHandler.java:313)&#10;at io.dropwizard.jetty.ContextRoutingHandler.handle(ContextRoutingHandler.java:37)&#10;at org.eclipse.jetty.server.handler.gzip.GzipHandler.handle(GzipHandler.java:713)&#10;at io.dropwizard.jetty.BiDiGzipHandler.handle(BiDiGzipHandler.java:67)&#10;at org.eclipse.jetty.server.handler.StatisticsHandler.handle(StatisticsHandler.java:179)&#10;at org.eclipse.jetty.server.handler.HandlerWrapper.handle(HandlerWrapper.java:127)&#10;at org.eclipse.jetty.server.Server.handle(Server.java:516)&#10;at org.eclipse.jetty.server.HttpChannel.lambda$handle$1(HttpChannel.java:400)&#10;at org.eclipse.jetty.server.HttpChannel.dispatch(HttpChannel.java:645)&#10;at org.eclipse.jetty.server.HttpChannel.handle(HttpChannel.java:392)&#10;at org.eclipse.jetty.server.HttpConnection.onFillable(HttpConnection.java:277)&#10;at org.eclipse.jetty.io.AbstractConnection$ReadCallback.succeeded(AbstractConnection.java:311)&#10;at org.eclipse.jetty.io.FillInterest.fillable(FillInterest.java:105)&#10;at org.eclipse.jetty.io.ChannelEndPoint$1.run(ChannelEndPoint.java:104)&#10;at org.eclipse.jetty.util.thread.strategy.EatWhatYouKill.runTask(EatWhatYouKill.java:338)&#10;at org.eclipse.jetty.util.thread.strategy.EatWhatYouKill.doProduce(EatWhatYouKill.java:315)&#10;at org.eclipse.jetty.util.thread.strategy.EatWhatYouKill.tryProduce(EatWhatYouKill.java:173)&#10;at org.eclipse.jetty.util.thread.strategy.EatWhatYouKill.run(EatWhatYouKill.java:131)&#10;at org.eclipse.jetty.util.thread.ReservedThreadExecutor$ReservedThread.run(ReservedThreadExecutor.java:409)&#10;at org.eclipse.jetty.util.thread.QueuedThreadPool.runJob(QueuedThreadPool.java:883)&#10;at org.eclipse.jetty.util.thread.QueuedThreadPool$Runner.run(QueuedThreadPool.java:1034)&#10;at java.base/java.lang.Thread.run(Thread.java:829)&#10;Caused by: net.snowflake.client.jdbc.SnowflakeSQLException: SQL compilation error:&#10;Object &apos;PERSONTABLE&apos; does not exist or not authorized.&#10;at net.snowflake.client.jdbc.SnowflakeUtil.checkErrorAndThrowExceptionSub(SnowflakeUtil.java:127)&#10;at net.snowflake.client.jdbc.SnowflakeUtil.checkErrorAndThrowException(SnowflakeUtil.java:67)&#10;at net.snowflake.client.core.StmtUtil.pollForOutput(StmtUtil.java:442)&#10;at net.snowflake.client.core.StmtUtil.execute(StmtUtil.java:345)&#10;at net.snowflake.client.core.SFStatement.executeHelper(SFStatement.java:486)&#10;at net.snowflake.client.core.SFStatement.executeQueryInternal(SFStatement.java:197)&#10;at net.snowflake.client.core.SFStatement.executeQuery(SFStatement.java:134)&#10;at net.snowflake.client.core.SFStatement.execute(SFStatement.java:743)&#10;at net.snowflake.client.core.SFStatement.execute(SFStatement.java:639)&#10;at net.snowflake.client.jdbc.SnowflakeStatementV1.executeQueryInternal(SnowflakeStatementV1.java:238)&#10;at net.snowflake.client.jdbc.SnowflakeStatementV1.executeQuery(SnowflakeStatementV1.java:133)&#10;at com.zaxxer.hikari.pool.ProxyStatement.executeQuery(ProxyStatement.java:110)&#10;at com.zaxxer.hikari.pool.HikariProxyStatement.executeQuery(HikariProxyStatement.java)&#10;at org.finos.legend.engine.plan.execution.stores.relational.result.SQLExecutionResult.&lt;init&gt;(SQLExecutionResult.java:95)&#10;... 101 more&#10;&quot;}&apos;&quot;" type="Assert failure at (resource"><![CDATA[Assert failure at (resource:/platform/pure/basics/tests/assertEq.pure line:34 column:5), "500 '{"code":-1,"message":"SnowflakeSQLException: SQL compilation error:
Object 'PERSONTABLE' does not exist or not authorized.","status":"error","trace":"java.lang.RuntimeException: net.snowflake.client.jdbc.SnowflakeSQLException: SQL compilation error:
Object 'PERSONTABLE' does not exist or not authorized.
at org.finos.legend.engine.plan.execution.stores.relational.result.SQLExecutionResult.<init>(SQLExecutionResult.java:123)
at org.finos.legend.engine.plan.execution.stores.relational.RelationalExecutor.execute(RelationalExecutor.java:241)
at org.finos.legend.engine.plan.execution.stores.relational.plugin.RelationalExecutionNodeExecutor.visit(RelationalExecutionNodeExecutor.java:238)
at org.finos.legend.engine.plan.execution.stores.relational.plugin.RelationalExecutionNodeExecutor.visit(RelationalExecutionNodeExecutor.java:346)
at org.finos.legend.engine.plan.execution.stores.relational.plugin.RelationalExecutionNodeExecutor.visit(RelationalExecutionNodeExecutor.java:92)
at org.finos.legend.engine.protocol.pure.v1.model.executionPlan.nodes.RelationalDataTypeInstantiationExecutionNode.accept(RelationalDataTypeInstantiationExecutionNode.java:22)
at org.finos.legend.engine.plan.execution.stores.relational.RelationalExecutionExtension.lambda$getExtraNodeExecutors$fbe53481$1(RelationalExecutionExtension.java:50)
at org.finos.legend.engine.plan.execution.nodes.ExecutionNodeExecutor.lambda$visit$0(ExecutionNodeExecutor.java:164)
at java.base/java.util.stream.ReferencePipeline$3$1.accept(ReferencePipeline.java:195)
at java.base/java.util.Spliterators$ArraySpliterator.tryAdvance(Spliterators.java:958)
at java.base/java.util.stream.ReferencePipeline.forEachWithCancel(ReferencePipeline.java:127)
at java.base/java.util.stream.AbstractPipeline.copyIntoWithCancel(AbstractPipeline.java:502)
at java.base/java.util.stream.AbstractPipeline.copyInto(AbstractPipeline.java:488)
at java.base/java.util.stream.AbstractPipeline.wrapAndCopyInto(AbstractPipeline.java:474)
at java.base/java.util.stream.FindOps$FindOp.evaluateSequential(FindOps.java:150)
at java.base/java.util.stream.AbstractPipeline.evaluate(AbstractPipeline.java:234)
at java.base/java.util.stream.ReferencePipeline.findFirst(ReferencePipeline.java:543)
at org.finos.legend.engine.plan.execution.nodes.ExecutionNodeExecutor.visit(ExecutionNodeExecutor.java:164)
at org.finos.legend.engine.plan.execution.nodes.ExecutionNodeExecutor.visit(ExecutionNodeExecutor.java:107)
at org.finos.legend.engine.protocol.pure.v1.model.executionPlan.nodes.RelationalDataTypeInstantiationExecutionNode.accept(RelationalDataTypeInstantiationExecutionNode.java:22)
at org.finos.legend.engine.plan.execution.PlanExecutor.execute(PlanExecutor.java:238)
at org.finos.legend.engine.plan.execution.PlanExecutor.execute(PlanExecutor.java:225)
at org.finos.legend.engine.plan.execution.api.ExecutePlan.doExecutePlanLegacy(ExecutePlan.java:102)
at org.finos.legend.engine.plan.execution.api.ExecutePlan.doExecutePlan(ExecutePlan.java:84)
at org.finos.legend.engine.plan.execution.api.ExecutePlanLegacy.executePlan(ExecutePlanLegacy.java:56)
at jdk.internal.reflect.GeneratedMethodAccessor100.invoke(Unknown Source)
at java.base/jdk.internal.reflect.DelegatingMethodAccessorImpl.invoke(DelegatingMethodAccessorImpl.java:43)
at java.base/java.lang.reflect.Method.invoke(Method.java:566)
at org.glassfish.jersey.server.model.internal.ResourceMethodInvocationHandlerFactory$1.invoke(ResourceMethodInvocationHandlerFactory.java:81)
at org.glassfish.jersey.server.model.internal.AbstractJavaResourceMethodDispatcher$1.run(AbstractJavaResourceMethodDispatcher.java:144)
at org.glassfish.jersey.server.model.internal.AbstractJavaResourceMethodDispatcher.invoke(AbstractJavaResourceMethodDispatcher.java:161)
at org.glassfish.jersey.server.model.internal.JavaResourceMethodDispatcherProvider$ResponseOutInvoker.doDispatch(JavaResourceMethodDispatcherProvider.java:160)
at org.glassfish.jersey.server.model.internal.AbstractJavaResourceMethodDispatcher.dispatch(AbstractJavaResourceMethodDispatcher.java:99)
at org.glassfish.jersey.server.model.ResourceMethodInvoker.invoke(ResourceMethodInvoker.java:389)
at org.glassfish.jersey.server.model.ResourceMethodInvoker.apply(ResourceMethodInvoker.java:347)
at org.glassfish.jersey.server.model.ResourceMethodInvoker.apply(ResourceMethodInvoker.java:102)
at org.glassfish.jersey.server.ServerRuntime$2.run(ServerRuntime.java:326)
at org.glassfish.jersey.internal.Errors$1.call(Errors.java:271)
at org.glassfish.jersey.internal.Errors$1.call(Errors.java:267)
at org.glassfish.jersey.internal.Errors.process(Errors.java:315)
at org.glassfish.jersey.internal.Errors.process(Errors.java:297)
at org.glassfish.jersey.internal.Errors.process(Errors.java:267)
at org.glassfish.jersey.process.internal.RequestScope.runInScope(RequestScope.java:317)
at org.glassfish.jersey.server.ServerRuntime.process(ServerRuntime.java:305)
at org.glassfish.jersey.server.ApplicationHandler.handle(ApplicationHandler.java:1154)
at org.glassfish.jersey.servlet.WebComponent.serviceImpl(WebComponent.java:473)
at org.glassfish.jersey.servlet.WebComponent.service(WebComponent.java:427)
at org.glassfish.jersey.servlet.ServletContainer.service(ServletContainer.java:388)
at org.glassfish.jersey.servlet.ServletContainer.service(ServletContainer.java:341)
at org.glassfish.jersey.servlet.ServletContainer.service(ServletContainer.java:228)
at org.eclipse.jetty.servlet.ServletHolder.handle(ServletHolder.java:799)
at org.eclipse.jetty.servlet.ServletHandler$ChainEnd.doFilter(ServletHandler.java:1631)
at io.dropwizard.servlets.ThreadNameFilter.doFilter(ThreadNameFilter.java:35)
at org.eclipse.jetty.servlet.FilterHolder.doFilter(FilterHolder.java:193)
at org.eclipse.jetty.servlet.ServletHandler$Chain.doFilter(ServletHandler.java:1601)
at io.dropwizard.jersey.filter.AllowedMethodsFilter.handle(AllowedMethodsFilter.java:45)
at io.dropwizard.jersey.filter.AllowedMethodsFilter.doFilter(AllowedMethodsFilter.java:39)
at org.eclipse.jetty.servlet.FilterHolder.doFilter(FilterHolder.java:193)
at org.eclipse.jetty.servlet.ServletHandler$Chain.doFilter(ServletHandler.java:1601)
at org.finos.legend.server.pac4j.internal.UsernameFilter.doFilter(UsernameFilter.java:51)
at org.eclipse.jetty.servlet.FilterHolder.doFilter(FilterHolder.java:193)
at org.eclipse.jetty.servlet.ServletHandler$Chain.doFilter(ServletHandler.java:1601)
at org.pac4j.j2e.filter.SecurityFilter.lambda$internalFilter$0(SecurityFilter.java:95)
at org.pac4j.core.engine.DefaultSecurityLogic.perform(DefaultSecurityLogic.java:140)
at org.pac4j.j2e.filter.SecurityFilter.internalFilter(SecurityFilter.java:93)
at org.pac4j.j2e.filter.AbstractConfigFilter.doFilter(AbstractConfigFilter.java:81)
at org.eclipse.jetty.servlet.FilterHolder.doFilter(FilterHolder.java:193)
at org.eclipse.jetty.servlet.ServletHandler$Chain.doFilter(ServletHandler.java:1601)
at org.eclipse.jetty.servlet.ServletHandler.doHandle(ServletHandler.java:548)
at org.eclipse.jetty.server.handler.ScopedHandler.nextHandle(ScopedHandler.java:233)
at org.eclipse.jetty.server.session.SessionHandler.doHandle(SessionHandler.java:1624)
at org.eclipse.jetty.server.handler.ScopedHandler.nextHandle(ScopedHandler.java:233)
at org.eclipse.jetty.server.handler.ContextHandler.doHandle(ContextHandler.java:1434)
at org.eclipse.jetty.server.handler.ScopedHandler.nextScope(ScopedHandler.java:188)
at org.eclipse.jetty.servlet.ServletHandler.doScope(ServletHandler.java:501)
at org.eclipse.jetty.server.session.SessionHandler.doScope(SessionHandler.java:1594)
at org.eclipse.jetty.server.handler.ScopedHandler.nextScope(ScopedHandler.java:186)
at org.eclipse.jetty.server.handler.ContextHandler.doScope(ContextHandler.java:1349)
at org.eclipse.jetty.server.handler.ScopedHandler.handle(ScopedHandler.java:141)
at org.eclipse.jetty.server.handler.HandlerWrapper.handle(HandlerWrapper.java:127)
at com.codahale.metrics.jetty9.InstrumentedHandler.handle(InstrumentedHandler.java:313)
at io.dropwizard.jetty.ContextRoutingHandler.handle(ContextRoutingHandler.java:37)
at org.eclipse.jetty.server.handler.gzip.GzipHandler.handle(GzipHandler.java:713)
at io.dropwizard.jetty.BiDiGzipHandler.handle(BiDiGzipHandler.java:67)
at org.eclipse.jetty.server.handler.StatisticsHandler.handle(StatisticsHandler.java:179)
at org.eclipse.jetty.server.handler.HandlerWrapper.handle(HandlerWrapper.java:127)
at org.eclipse.jetty.server.Server.handle(Server.java:516)
at org.eclipse.jetty.server.HttpChannel.lambda$handle$1(HttpChannel.java:400)
at org.eclipse.jetty.server.HttpChannel.dispatch(HttpChannel.java:645)
at org.eclipse.jetty.server.HttpChannel.handle(HttpChannel.java:392)
at org.eclipse.jetty.server.HttpConnection.onFillable(HttpConnection.java:277)
at org.eclipse.jetty.io.AbstractConnection$ReadCallback.succeeded(AbstractConnection.java:311)
at org.eclipse.jetty.io.FillInterest.fillable(FillInterest.java:105)
at org.eclipse.jetty.io.ChannelEndPoint$1.run(ChannelEndPoint.java:104)
at org.eclipse.jetty.util.thread.strategy.EatWhatYouKill.runTask(EatWhatYouKill.java:338)
at org.eclipse.jetty.util.thread.strategy.EatWhatYouKill.doProduce(EatWhatYouKill.java:315)
at org.eclipse.jetty.util.thread.strategy.EatWhatYouKill.tryProduce(EatWhatYouKill.java:173)
at org.eclipse.jetty.util.thread.strategy.EatWhatYouKill.run(EatWhatYouKill.java:131)
at org.eclipse.jetty.util.thread.ReservedThreadExecutor$ReservedThread.run(ReservedThreadExecutor.java:409)
at org.eclipse.jetty.util.thread.QueuedThreadPool.runJob(QueuedThreadPool.java:883)
at org.eclipse.jetty.util.thread.QueuedThreadPool$Runner.run(QueuedThreadPool.java:1034)
at java.base/java.lang.Thread.run(Thread.java:829)
Caused by: net.snowflake.client.jdbc.SnowflakeSQLException: SQL compilation error:
Object 'PERSONTABLE' does not exist or not authorized.
at net.snowflake.client.jdbc.SnowflakeUtil.checkErrorAndThrowExceptionSub(SnowflakeUtil.java:127)
at net.snowflake.client.jdbc.SnowflakeUtil.checkErrorAndThrowException(SnowflakeUtil.java:67)
at net.snowflake.client.core.StmtUtil.pollForOutput(StmtUtil.java:442)
at net.snowflake.client.core.StmtUtil.execute(StmtUtil.java:345)
at net.snowflake.client.core.SFStatement.executeHelper(SFStatement.java:486)
at net.snowflake.client.core.SFStatement.executeQueryInternal(SFStatement.java:197)
at net.snowflake.client.core.SFStatement.executeQuery(SFStatement.java:134)
at net.snowflake.client.core.SFStatement.execute(SFStatement.java:743)
at net.snowflake.client.core.SFStatement.execute(SFStatement.java:639)
at net.snowflake.client.jdbc.SnowflakeStatementV1.executeQueryInternal(SnowflakeStatementV1.java:238)
at net.snowflake.client.jdbc.SnowflakeStatementV1.executeQuery(SnowflakeStatementV1.java:133)
at com.zaxxer.hikari.pool.ProxyStatement.executeQuery(ProxyStatement.java:110)
at com.zaxxer.hikari.pool.HikariProxyStatement.executeQuery(HikariProxyStatement.java)
at org.finos.legend.engine.plan.execution.stores.relational.result.SQLExecutionResult.<init>(SQLExecutionResult.java:95)
... 101 more
"}'"
	at org.finos.legend.pure.runtime.java.compiled.generation.processors.support.CompiledSupport.pureAssert(CompiledSupport.java:1994)
	at org.finos.legend.pure.generated.platform_pure_basics_tests_assertEq.Root_meta_pure_functions_asserts_assertEq_Any_1__Any_1__Function_1__Boolean_1_(platform_pure_basics_tests_assertEq.java:44)
	at org.finos.legend.pure.generated.core_pure_protocol_vX_X_X_invocations_execution.Root_meta_protocols_pure_vX_X_X_invocation_execution_execute_executePlan_String_1__String_1__Integer_1__String_1_(core_pure_protocol_vX_X_X_invocations_execution.java:751)
	at org.finos.legend.pure.generated.core_pure_protocol_vX_X_X_invocations_execution.Root_meta_protocols_pure_vX_X_X_invocation_execution_execute_executePlan_ExecutionPlan_1__String_1__Integer_1__Extension_MANY__String_1_(core_pure_protocol_vX_X_X_invocations_execution.java:745)
	at org.finos.legend.pure.generated.core_pure_protocol_vX_X_X_invocations_execution.Root_meta_protocols_pure_vX_X_X_invocation_execution_execute_executePlan_ExecutionPlan_1__ExecutionContext_$0_1$__String_1__Integer_1__Extension_MANY__Result_1_(core_pure_protocol_vX_X_X_invocations_execution.java:738)
	at jdk.internal.reflect.GeneratedMethodAccessor96.invoke(Unknown Source)
	at java.base/jdk.internal.reflect.DelegatingMethodAccessorImpl.invoke(DelegatingMethodAccessorImpl.java:43)
	at java.base/java.lang.reflect.Method.invoke(Method.java:566)
	at org.finos.legend.pure.runtime.java.compiled.metadata.JavaMethodWithParamsSharedPureFunction.execute(JavaMethodWithParamsSharedPureFunction.java:59)
	at org.finos.legend.pure.runtime.java.compiled.generation.processors.support.Pure._evaluateToMany(Pure.java:546)
	at org.finos.legend.pure.generated.CoreGen.evaluateToMany(CoreGen.java:147)
	at org.finos.legend.pure.generated.CoreGen.evaluateToMany(CoreGen.java:134)
	at org.finos.legend.pure.generated.core_pure_router_router_entry$9$1.value(core_pure_router_router_entry.java:318)
	at org.finos.legend.pure.generated.core_pure_router_router_entry$9$1.execute(core_pure_router_router_entry.java:311)
	at org.finos.legend.pure.generated.core_pure_router_router_entry$9$1.execute(core_pure_router_router_entry.java:307)
	at org.finos.legend.pure.runtime.java.compiled.generation.processors.support.Pure.evaluate(Pure.java:485)
	at org.finos.legend.pure.runtime.java.compiled.generation.processors.support.Pure.legendTest(Pure.java:216)
	at org.finos.legend.pure.generated.CoreGen.legendTest(CoreGen.java:61)
	at org.finos.legend.pure.generated.core_pure_router_router_entry$9.valueOf(core_pure_router_router_entry.java:303)
	at org.finos.legend.pure.generated.core_pure_router_router_entry$9.execute(core_pure_router_router_entry.java:298)
	at org.finos.legend.pure.generated.core_pure_router_router_entry$9.execute(core_pure_router_router_entry.java:294)
	at org.finos.legend.pure.runtime.java.compiled.generation.processors.support.Pure.evaluate(Pure.java:485)
	at org.finos.legend.pure.runtime.java.compiled.generation.processors.support.Pure.traceSpan(Pure.java:1482)
	at org.finos.legend.pure.generated.CoreGen.traceSpan(CoreGen.java:203)
	at org.finos.legend.pure.generated.core_pure_router_router_entry.Root_meta_pure_router_executePlan_ExecutionPlan_1__ExecutionContext_1__Extension_MANY__Result_$0_1$_(core_pure_router_router_entry.java:290)
	at org.finos.legend.pure.generated.core_pure_router_router_entry.Root_meta_pure_router_executePlan_ExecutionPlan_1__Extension_MANY__Result_$0_1$_(core_pure_router_router_entry.java:285)
	at org.finos.legend.pure.generated.core_relational_relational_sqlQueryToString_dbTestRunner_testRunner$20.execute(core_relational_relational_sqlQueryToString_dbTestRunner_testRunner.java:386)
	at org.finos.legend.pure.generated.core_relational_relational_sqlQueryToString_dbTestRunner_testRunner.Root_meta_relational_dbTestRunner_runSqlQueryTest_SQLQuery_1__Literal_$1_MANY$__Pair_MANY__Function_$0_1$__DbTestConfig_1__Boolean_1_(core_relational_relational_sqlQueryToString_dbTestRunner_testRunner.java:424)
	at org.finos.legend.pure.generated.core_relational_relational_sqlQueryToString_dbTestRunner_testRunner.Root_meta_relational_dbTestRunner_runSqlQueryTest_SQLQuery_1__Literal_$1_MANY$__Function_$0_1$__DbTestConfig_1__Boolean_1_(core_relational_relational_sqlQueryToString_dbTestRunner_testRunner.java:374)
	at org.finos.legend.pure.generated.core_relational_relational_sqlQueryToString_testSuite_selectSubClauses_aggregationDynaFns.Root_meta_relational_tests_dbSpecificTests_sqlQueryTests_selectSubClauses_aggregationDynaFns_average_testAverage_DbTestConfig_1__Boolean_1_(core_relational_relational_sqlQueryToString_testSuite_selectSubClauses_aggregationDynaFns.java:162)
	at java.base/jdk.internal.reflect.NativeMethodAccessorImpl.invoke0(Native Method)
	at java.base/jdk.internal.reflect.NativeMethodAccessorImpl.invoke(NativeMethodAccessorImpl.java:62)
	at java.base/jdk.internal.reflect.DelegatingMethodAccessorImpl.invoke(DelegatingMethodAccessorImpl.java:43)
	at java.base/java.lang.reflect.Method.invoke(Method.java:566)
	at org.finos.legend.pure.runtime.java.compiled.testHelper.PureTestBuilderCompiled.executeFn(PureTestBuilderCompiled.java:113)
	at org.finos.legend.pure.runtime.java.compiled.testHelper.PureTestBuilderCompiled.lambda$buildSuite$0(PureTestBuilderCompiled.java:79)
	at org.finos.legend.pure.m3.execution.test.PureTestBuilder$PureTestCase.runTest(PureTestBuilder.java:95)
	at junit.framework.TestCase.runBare(TestCase.java:142)
	at org.finos.legend.engine.server.test.shared.Relational_DbSpecific_UsingPureClientTestSuite$2.runTest(Relational_DbSpecific_UsingPureClientTestSuite.java:90)
	at junit.framework.TestCase.runBare(TestCase.java:142)
	at junit.framework.TestResult$1.protect(TestResult.java:122)
	at junit.framework.TestResult.runProtected(TestResult.java:142)
	at junit.framework.TestResult.run(TestResult.java:125)
	at junit.framework.TestCase.run(TestCase.java:130)
	at junit.framework.TestSuite.runTest(TestSuite.java:241)
	at junit.framework.TestSuite.run(TestSuite.java:236)
	at junit.framework.TestSuite.runTest(TestSuite.java:241)
	at junit.framework.TestSuite.run(TestSuite.java:236)
	at junit.framework.TestSuite.runTest(TestSuite.java:241)
	at junit.framework.TestSuite.run(TestSuite.java:236)
	at junit.framework.TestSuite.runTest(TestSuite.java:241)
	at junit.framework.TestSuite.run(TestSuite.java:236)
	at junit.framework.TestSuite.runTest(TestSuite.java:241)
	at junit.framework.TestSuite.run(TestSuite.java:236)
	at junit.framework.TestSuite.runTest(TestSuite.java:241)
	at junit.framework.TestSuite.run(TestSuite.java:236)
	at junit.extensions.TestDecorator.basicRun(TestDecorator.java:24)
	at junit.extensions.TestSetup$1.protect(TestSetup.java:23)
	at junit.framework.TestResult.runProtected(TestResult.java:142)
	at junit.extensions.TestSetup.run(TestSetup.java:27)
	at org.junit.internal.runners.JUnit38ClassRunner.run(JUnit38ClassRunner.java:90)
	at org.apache.maven.surefire.junit4.JUnit4Provider.execute(JUnit4Provider.java:365)
	at org.apache.maven.surefire.junit4.JUnit4Provider.executeWithRerun(JUnit4Provider.java:273)
	at org.apache.maven.surefire.junit4.JUnit4Provider.executeTestSet(JUnit4Provider.java:238)
	at org.apache.maven.surefire.junit4.JUnit4Provider.invoke(JUnit4Provider.java:159)
	at org.apache.maven.surefire.booter.ForkedBooter.invokeProviderInSameClassLoader(ForkedBooter.java:384)
	at org.apache.maven.surefire.booter.ForkedBooter.runSuitesInProcess(ForkedBooter.java:345)
	at org.apache.maven.surefire.booter.ForkedBooter.execute(ForkedBooter.java:126)
	at org.apache.maven.surefire.booter.ForkedBooter.main(ForkedBooter.java:418)
]]></error>
    <system-out><![CDATA[Running db test selectSubClauses::aggregationDynaFns::average::testAverage
{"duration":0.0,"eventType":"EXECUTION_PLAN_EXEC_ERROR","info":{"code":-1,"message":"SnowflakeSQLException: SQL compilation error:\nObject 'PERSONTABLE' does not exist or not authorized.","status":"error","trace":"java.lang.RuntimeException: net.snowflake.client.jdbc.SnowflakeSQLException: SQL compilation error:\nObject 'PERSONTABLE' does not exist or not authorized.\n\tat org.finos.legend.engine.plan.execution.stores.relational.result.SQLExecutionResult.<init>(SQLExecutionResult.java:123)\n\tat org.finos.legend.engine.plan.execution.stores.relational.RelationalExecutor.execute(RelationalExecutor.java:241)\n\tat org.finos.legend.engine.plan.execution.stores.relational.plugin.RelationalExecutionNodeExecutor.visit(RelationalExecutionNodeExecutor.java:238)\n\tat org.finos.legend.engine.plan.execution.stores.relational.plugin.RelationalExecutionNodeExecutor.visit(RelationalExecutionNodeExecutor.java:346)\n\tat org.finos.legend.engine.plan.execution.stores.relational.plugin.RelationalExecutionNodeExecutor.visit(RelationalExecutionNodeExecutor.java:92)\n\tat org.finos.legend.engine.protocol.pure.v1.model.executionPlan.nodes.RelationalDataTypeInstantiationExecutionNode.accept(RelationalDataTypeInstantiationExecutionNode.java:22)\n\tat org.finos.legend.engine.plan.execution.stores.relational.RelationalExecutionExtension.lambda$getExtraNodeExecutors$fbe53481$1(RelationalExecutionExtension.java:50)\n\tat org.finos.legend.engine.plan.execution.nodes.ExecutionNodeExecutor.lambda$visit$0(ExecutionNodeExecutor.java:164)\n\tat java.base/java.util.stream.ReferencePipeline$3$1.accept(ReferencePipeline.java:195)\n\tat java.base/java.util.Spliterators$ArraySpliterator.tryAdvance(Spliterators.java:958)\n\tat java.base/java.util.stream.ReferencePipeline.forEachWithCancel(ReferencePipeline.java:127)\n\tat java.base/java.util.stream.AbstractPipeline.copyIntoWithCancel(AbstractPipeline.java:502)\n\tat java.base/java.util.stream.AbstractPipeline.copyInto(AbstractPipeline.java:488)\n\tat java.base/java.util.stream.AbstractPipeline.wrapAndCopyInto(AbstractPipeline.java:474)\n\tat java.base/java.util.stream.FindOps$FindOp.evaluateSequential(FindOps.java:150)\n\tat java.base/java.util.stream.AbstractPipeline.evaluate(AbstractPipeline.java:234)\n\tat java.base/java.util.stream.ReferencePipeline.findFirst(ReferencePipeline.java:543)\n\tat org.finos.legend.engine.plan.execution.nodes.ExecutionNodeExecutor.visit(ExecutionNodeExecutor.java:164)\n\tat org.finos.legend.engine.plan.execution.nodes.ExecutionNodeExecutor.visit(ExecutionNodeExecutor.java:107)\n\tat org.finos.legend.engine.protocol.pure.v1.model.executionPlan.nodes.RelationalDataTypeInstantiationExecutionNode.accept(RelationalDataTypeInstantiationExecutionNode.java:22)\n\tat org.finos.legend.engine.plan.execution.PlanExecutor.execute(PlanExecutor.java:238)\n\tat org.finos.legend.engine.plan.execution.PlanExecutor.execute(PlanExecutor.java:225)\n\tat org.finos.legend.engine.plan.execution.api.ExecutePlan.doExecutePlanLegacy(ExecutePlan.java:102)\n\tat org.finos.legend.engine.plan.execution.api.ExecutePlan.doExecutePlan(ExecutePlan.java:84)\n\tat org.finos.legend.engine.plan.execution.api.ExecutePlanLegacy.executePlan(ExecutePlanLegacy.java:56)\n\tat jdk.internal.reflect.GeneratedMethodAccessor100.invoke(Unknown Source)\n\tat java.base/jdk.internal.reflect.DelegatingMethodAccessorImpl.invoke(DelegatingMethodAccessorImpl.java:43)\n\tat java.base/java.lang.reflect.Method.invoke(Method.java:566)\n\tat org.glassfish.jersey.server.model.internal.ResourceMethodInvocationHandlerFactory$1.invoke(ResourceMethodInvocationHandlerFactory.java:81)\n\tat org.glassfish.jersey.server.model.internal.AbstractJavaResourceMethodDispatcher$1.run(AbstractJavaResourceMethodDispatcher.java:144)\n\tat org.glassfish.jersey.server.model.internal.AbstractJavaResourceMethodDispatcher.invoke(AbstractJavaResourceMethodDispatcher.java:161)\n\tat org.glassfish.jersey.server.model.internal.JavaResourceMethodDispatcherProvider$ResponseOutInvoker.doDispatch(JavaResourceMethodDispatcherProvider.java:160)\n\tat org.glassfish.jersey.server.model.internal.AbstractJavaResourceMethodDispatcher.dispatch(AbstractJavaResourceMethodDispatcher.java:99)\n\tat org.glassfish.jersey.server.model.ResourceMethodInvoker.invoke(ResourceMethodInvoker.java:389)\n\tat org.glassfish.jersey.server.model.ResourceMethodInvoker.apply(ResourceMethodInvoker.java:347)\n\tat org.glassfish.jersey.server.model.ResourceMethodInvoker.apply(ResourceMethodInvoker.java:102)\n\tat org.glassfish.jersey.server.ServerRuntime$2.run(ServerRuntime.java:326)\n\tat org.glassfish.jersey.internal.Errors$1.call(Errors.java:271)\n\tat org.glassfish.jersey.internal.Errors$1.call(Errors.java:267)\n\tat org.glassfish.jersey.internal.Errors.process(Errors.java:315)\n\tat org.glassfish.jersey.internal.Errors.process(Errors.java:297)\n\tat org.glassfish.jersey.internal.Errors.process(Errors.java:267)\n\tat org.glassfish.jersey.process.internal.RequestScope.runInScope(RequestScope.java:317)\n\tat org.glassfish.jersey.server.ServerRuntime.process(ServerRuntime.java:305)\n\tat org.glassfish.jersey.server.ApplicationHandler.handle(ApplicationHandler.java:1154)\n\tat org.glassfish.jersey.servlet.WebComponent.serviceImpl(WebComponent.java:473)\n\tat org.glassfish.jersey.servlet.WebComponent.service(WebComponent.java:427)\n\tat org.glassfish.jersey.servlet.ServletContainer.service(ServletContainer.java:388)\n\tat org.glassfish.jersey.servlet.ServletContainer.service(ServletContainer.java:341)\n\tat org.glassfish.jersey.servlet.ServletContainer.service(ServletContainer.java:228)\n\tat org.eclipse.jetty.servlet.ServletHolder.handle(ServletHolder.java:799)\n\tat org.eclipse.jetty.servlet.ServletHandler$ChainEnd.doFilter(ServletHandler.java:1631)\n\tat io.dropwizard.servlets.ThreadNameFilter.doFilter(ThreadNameFilter.java:35)\n\tat org.eclipse.jetty.servlet.FilterHolder.doFilter(FilterHolder.java:193)\n\tat org.eclipse.jetty.servlet.ServletHandler$Chain.doFilter(ServletHandler.java:1601)\n\tat io.dropwizard.jersey.filter.AllowedMethodsFilter.handle(AllowedMethodsFilter.java:45)\n\tat io.dropwizard.jersey.filter.AllowedMethodsFilter.doFilter(AllowedMethodsFilter.java:39)\n\tat org.eclipse.jetty.servlet.FilterHolder.doFilter(FilterHolder.java:193)\n\tat org.eclipse.jetty.servlet.ServletHandler$Chain.doFilter(ServletHandler.java:1601)\n\tat org.finos.legend.server.pac4j.internal.UsernameFilter.doFilter(UsernameFilter.java:51)\n\tat org.eclipse.jetty.servlet.FilterHolder.doFilter(FilterHolder.java:193)\n\tat org.eclipse.jetty.servlet.ServletHandler$Chain.doFilter(ServletHandler.java:1601)\n\tat org.pac4j.j2e.filter.SecurityFilter.lambda$internalFilter$0(SecurityFilter.java:95)\n\tat org.pac4j.core.engine.DefaultSecurityLogic.perform(DefaultSecurityLogic.java:140)\n\tat org.pac4j.j2e.filter.SecurityFilter.internalFilter(SecurityFilter.java:93)\n\tat org.pac4j.j2e.filter.AbstractConfigFilter.doFilter(AbstractConfigFilter.java:81)\n\tat org.eclipse.jetty.servlet.FilterHolder.doFilter(FilterHolder.java:193)\n\tat org.eclipse.jetty.servlet.ServletHandler$Chain.doFilter(ServletHandler.java:1601)\n\tat org.eclipse.jetty.servlet.ServletHandler.doHandle(ServletHandler.java:548)\n\tat org.eclipse.jetty.server.handler.ScopedHandler.nextHandle(ScopedHandler.java:233)\n\tat org.eclipse.jetty.server.session.SessionHandler.doHandle(SessionHandler.java:1624)\n\tat org.eclipse.jetty.server.handler.ScopedHandler.nextHandle(ScopedHandler.java:233)\n\tat org.eclipse.jetty.server.handler.ContextHandler.doHandle(ContextHandler.java:1434)\n\tat org.eclipse.jetty.server.handler.ScopedHandler.nextScope(ScopedHandler.java:188)\n\tat org.eclipse.jetty.servlet.ServletHandler.doScope(ServletHandler.java:501)\n\tat org.eclipse.jetty.server.session.SessionHandler.doScope(SessionHandler.java:1594)\n\tat org.eclipse.jetty.server.handler.ScopedHandler.nextScope(ScopedHandler.java:186)\n\tat org.eclipse.jetty.server.handler.ContextHandler.doScope(ContextHandler.java:1349)\n\tat org.eclipse.jetty.server.handler.ScopedHandler.handle(ScopedHandler.java:141)\n\tat org.eclipse.jetty.server.handler.HandlerWrapper.handle(HandlerWrapper.java:127)\n\tat com.codahale.metrics.jetty9.InstrumentedHandler.handle(InstrumentedHandler.java:313)\n\tat io.dropwizard.jetty.ContextRoutingHandler.handle(ContextRoutingHandler.java:37)\n\tat org.eclipse.jetty.server.handler.gzip.GzipHandler.handle(GzipHandler.java:713)\n\tat io.dropwizard.jetty.BiDiGzipHandler.handle(BiDiGzipHandler.java:67)\n\tat org.eclipse.jetty.server.handler.StatisticsHandler.handle(StatisticsHandler.java:179)\n\tat org.eclipse.jetty.server.handler.HandlerWrapper.handle(HandlerWrapper.java:127)\n\tat org.eclipse.jetty.server.Server.handle(Server.java:516)\n\tat org.eclipse.jetty.server.HttpChannel.lambda$handle$1(HttpChannel.java:400)\n\tat org.eclipse.jetty.server.HttpChannel.dispatch(HttpChannel.java:645)\n\tat org.eclipse.jetty.server.HttpChannel.handle(HttpChannel.java:392)\n\tat org.eclipse.jetty.server.HttpConnection.onFillable(HttpConnection.java:277)\n\tat org.eclipse.jetty.io.AbstractConnection$ReadCallback.succeeded(AbstractConnection.java:311)\n\tat org.eclipse.jetty.io.FillInterest.fillable(FillInterest.java:105)\n\tat org.eclipse.jetty.io.ChannelEndPoint$1.run(ChannelEndPoint.java:104)\n\tat org.eclipse.jetty.util.thread.strategy.EatWhatYouKill.runTask(EatWhatYouKill.java:338)\n\tat org.eclipse.jetty.util.thread.strategy.EatWhatYouKill.doProduce(EatWhatYouKill.java:315)\n\tat org.eclipse.jetty.util.thread.strategy.EatWhatYouKill.tryProduce(EatWhatYouKill.java:173)\n\tat org.eclipse.jetty.util.thread.strategy.EatWhatYouKill.run(EatWhatYouKill.java:131)\n\tat org.eclipse.jetty.util.thread.ReservedThreadExecutor$ReservedThread.run(ReservedThreadExecutor.java:409)\n\tat org.eclipse.jetty.util.thread.QueuedThreadPool.runJob(QueuedThreadPool.java:883)\n\tat org.eclipse.jetty.util.thread.QueuedThreadPool$Runner.run(QueuedThreadPool.java:1034)\n\tat java.base/java.lang.Thread.run(Thread.java:829)\nCaused by: net.snowflake.client.jdbc.SnowflakeSQLException: SQL compilation error:\nObject 'PERSONTABLE' does not exist or not authorized.\n\tat net.snowflake.client.jdbc.SnowflakeUtil.checkErrorAndThrowExceptionSub(SnowflakeUtil.java:127)\n\tat net.snowflake.client.jdbc.SnowflakeUtil.checkErrorAndThrowException(SnowflakeUtil.java:67)\n\tat net.snowflake.client.core.StmtUtil.pollForOutput(StmtUtil.java:442)\n\tat net.snowflake.client.core.StmtUtil.execute(StmtUtil.java:345)\n\tat net.snowflake.client.core.SFStatement.executeHelper(SFStatement.java:486)\n\tat net.snowflake.client.core.SFStatement.executeQueryInternal(SFStatement.java:197)\n\tat net.snowflake.client.core.SFStatement.executeQuery(SFStatement.java:134)\n\tat net.snowflake.client.core.SFStatement.execute(SFStatement.java:743)\n\tat net.snowflake.client.core.SFStatement.execute(SFStatement.java:639)\n\tat net.snowflake.client.jdbc.SnowflakeStatementV1.executeQueryInternal(SnowflakeStatementV1.java:238)\n\tat net.snowflake.client.jdbc.SnowflakeStatementV1.executeQuery(SnowflakeStatementV1.java:133)\n\tat com.zaxxer.hikari.pool.ProxyStatement.executeQuery(ProxyStatement.java:110)\n\tat com.zaxxer.hikari.pool.HikariProxyStatement.executeQuery(HikariProxyStatement.java)\n\tat org.finos.legend.engine.plan.execution.stores.relational.result.SQLExecutionResult.<init>(SQLExecutionResult.java:95)\n\t... 101 more\n"},"mode":"DEV","timeStamp":"2023-02-23 01:31:30.424","user":"_UNKNOWN_"}
| **selectSubClauses::aggregationDynaFns::average::testAverage** | failing :x: |
]]></system-out>
  </testcase>
  <testcase name="testOnAllRows[Snowflake]" classname="org.finos.legend.engine.server.test.shared.Relational_DbSpecific_UsingPureClientTestSuite$2" time="0.192">
    <error message="Assert failure at (resource:/platform/pure/basics/tests/assertEq.pure line:34 column:5), &quot;500 &apos;{&quot;code&quot;:-1,&quot;message&quot;:&quot;SnowflakeSQLException: SQL compilation error:&#10;Object &apos;PERSONTABLE&apos; does not exist or not authorized.&quot;,&quot;status&quot;:&quot;error&quot;,&quot;trace&quot;:&quot;java.lang.RuntimeException: net.snowflake.client.jdbc.SnowflakeSQLException: SQL compilation error:&#10;Object &apos;PERSONTABLE&apos; does not exist or not authorized.&#10;at org.finos.legend.engine.plan.execution.stores.relational.result.SQLExecutionResult.&lt;init&gt;(SQLExecutionResult.java:123)&#10;at org.finos.legend.engine.plan.execution.stores.relational.RelationalExecutor.execute(RelationalExecutor.java:241)&#10;at org.finos.legend.engine.plan.execution.stores.relational.plugin.RelationalExecutionNodeExecutor.visit(RelationalExecutionNodeExecutor.java:238)&#10;at org.finos.legend.engine.plan.execution.stores.relational.plugin.RelationalExecutionNodeExecutor.visit(RelationalExecutionNodeExecutor.java:346)&#10;at org.finos.legend.engine.plan.execution.stores.relational.plugin.RelationalExecutionNodeExecutor.visit(RelationalExecutionNodeExecutor.java:92)&#10;at org.finos.legend.engine.protocol.pure.v1.model.executionPlan.nodes.RelationalDataTypeInstantiationExecutionNode.accept(RelationalDataTypeInstantiationExecutionNode.java:22)&#10;at org.finos.legend.engine.plan.execution.stores.relational.RelationalExecutionExtension.lambda$getExtraNodeExecutors$fbe53481$1(RelationalExecutionExtension.java:50)&#10;at org.finos.legend.engine.plan.execution.nodes.ExecutionNodeExecutor.lambda$visit$0(ExecutionNodeExecutor.java:164)&#10;at java.base/java.util.stream.ReferencePipeline$3$1.accept(ReferencePipeline.java:195)&#10;at java.base/java.util.Spliterators$ArraySpliterator.tryAdvance(Spliterators.java:958)&#10;at java.base/java.util.stream.ReferencePipeline.forEachWithCancel(ReferencePipeline.java:127)&#10;at java.base/java.util.stream.AbstractPipeline.copyIntoWithCancel(AbstractPipeline.java:502)&#10;at java.base/java.util.stream.AbstractPipeline.copyInto(AbstractPipeline.java:488)&#10;at java.base/java.util.stream.AbstractPipeline.wrapAndCopyInto(AbstractPipeline.java:474)&#10;at java.base/java.util.stream.FindOps$FindOp.evaluateSequential(FindOps.java:150)&#10;at java.base/java.util.stream.AbstractPipeline.evaluate(AbstractPipeline.java:234)&#10;at java.base/java.util.stream.ReferencePipeline.findFirst(ReferencePipeline.java:543)&#10;at org.finos.legend.engine.plan.execution.nodes.ExecutionNodeExecutor.visit(ExecutionNodeExecutor.java:164)&#10;at org.finos.legend.engine.plan.execution.nodes.ExecutionNodeExecutor.visit(ExecutionNodeExecutor.java:107)&#10;at org.finos.legend.engine.protocol.pure.v1.model.executionPlan.nodes.RelationalDataTypeInstantiationExecutionNode.accept(RelationalDataTypeInstantiationExecutionNode.java:22)&#10;at org.finos.legend.engine.plan.execution.PlanExecutor.execute(PlanExecutor.java:238)&#10;at org.finos.legend.engine.plan.execution.PlanExecutor.execute(PlanExecutor.java:225)&#10;at org.finos.legend.engine.plan.execution.api.ExecutePlan.doExecutePlanLegacy(ExecutePlan.java:102)&#10;at org.finos.legend.engine.plan.execution.api.ExecutePlan.doExecutePlan(ExecutePlan.java:84)&#10;at org.finos.legend.engine.plan.execution.api.ExecutePlanLegacy.executePlan(ExecutePlanLegacy.java:56)&#10;at jdk.internal.reflect.GeneratedMethodAccessor100.invoke(Unknown Source)&#10;at java.base/jdk.internal.reflect.DelegatingMethodAccessorImpl.invoke(DelegatingMethodAccessorImpl.java:43)&#10;at java.base/java.lang.reflect.Method.invoke(Method.java:566)&#10;at org.glassfish.jersey.server.model.internal.ResourceMethodInvocationHandlerFactory$1.invoke(ResourceMethodInvocationHandlerFactory.java:81)&#10;at org.glassfish.jersey.server.model.internal.AbstractJavaResourceMethodDispatcher$1.run(AbstractJavaResourceMethodDispatcher.java:144)&#10;at org.glassfish.jersey.server.model.internal.AbstractJavaResourceMethodDispatcher.invoke(AbstractJavaResourceMethodDispatcher.java:161)&#10;at org.glassfish.jersey.server.model.internal.JavaResourceMethodDispatcherProvider$ResponseOutInvoker.doDispatch(JavaResourceMethodDispatcherProvider.java:160)&#10;at org.glassfish.jersey.server.model.internal.AbstractJavaResourceMethodDispatcher.dispatch(AbstractJavaResourceMethodDispatcher.java:99)&#10;at org.glassfish.jersey.server.model.ResourceMethodInvoker.invoke(ResourceMethodInvoker.java:389)&#10;at org.glassfish.jersey.server.model.ResourceMethodInvoker.apply(ResourceMethodInvoker.java:347)&#10;at org.glassfish.jersey.server.model.ResourceMethodInvoker.apply(ResourceMethodInvoker.java:102)&#10;at org.glassfish.jersey.server.ServerRuntime$2.run(ServerRuntime.java:326)&#10;at org.glassfish.jersey.internal.Errors$1.call(Errors.java:271)&#10;at org.glassfish.jersey.internal.Errors$1.call(Errors.java:267)&#10;at org.glassfish.jersey.internal.Errors.process(Errors.java:315)&#10;at org.glassfish.jersey.internal.Errors.process(Errors.java:297)&#10;at org.glassfish.jersey.internal.Errors.process(Errors.java:267)&#10;at org.glassfish.jersey.process.internal.RequestScope.runInScope(RequestScope.java:317)&#10;at org.glassfish.jersey.server.ServerRuntime.process(ServerRuntime.java:305)&#10;at org.glassfish.jersey.server.ApplicationHandler.handle(ApplicationHandler.java:1154)&#10;at org.glassfish.jersey.servlet.WebComponent.serviceImpl(WebComponent.java:473)&#10;at org.glassfish.jersey.servlet.WebComponent.service(WebComponent.java:427)&#10;at org.glassfish.jersey.servlet.ServletContainer.service(ServletContainer.java:388)&#10;at org.glassfish.jersey.servlet.ServletContainer.service(ServletContainer.java:341)&#10;at org.glassfish.jersey.servlet.ServletContainer.service(ServletContainer.java:228)&#10;at org.eclipse.jetty.servlet.ServletHolder.handle(ServletHolder.java:799)&#10;at org.eclipse.jetty.servlet.ServletHandler$ChainEnd.doFilter(ServletHandler.java:1631)&#10;at io.dropwizard.servlets.ThreadNameFilter.doFilter(ThreadNameFilter.java:35)&#10;at org.eclipse.jetty.servlet.FilterHolder.doFilter(FilterHolder.java:193)&#10;at org.eclipse.jetty.servlet.ServletHandler$Chain.doFilter(ServletHandler.java:1601)&#10;at io.dropwizard.jersey.filter.AllowedMethodsFilter.handle(AllowedMethodsFilter.java:45)&#10;at io.dropwizard.jersey.filter.AllowedMethodsFilter.doFilter(AllowedMethodsFilter.java:39)&#10;at org.eclipse.jetty.servlet.FilterHolder.doFilter(FilterHolder.java:193)&#10;at org.eclipse.jetty.servlet.ServletHandler$Chain.doFilter(ServletHandler.java:1601)&#10;at org.finos.legend.server.pac4j.internal.UsernameFilter.doFilter(UsernameFilter.java:51)&#10;at org.eclipse.jetty.servlet.FilterHolder.doFilter(FilterHolder.java:193)&#10;at org.eclipse.jetty.servlet.ServletHandler$Chain.doFilter(ServletHandler.java:1601)&#10;at org.pac4j.j2e.filter.SecurityFilter.lambda$internalFilter$0(SecurityFilter.java:95)&#10;at org.pac4j.core.engine.DefaultSecurityLogic.perform(DefaultSecurityLogic.java:140)&#10;at org.pac4j.j2e.filter.SecurityFilter.internalFilter(SecurityFilter.java:93)&#10;at org.pac4j.j2e.filter.AbstractConfigFilter.doFilter(AbstractConfigFilter.java:81)&#10;at org.eclipse.jetty.servlet.FilterHolder.doFilter(FilterHolder.java:193)&#10;at org.eclipse.jetty.servlet.ServletHandler$Chain.doFilter(ServletHandler.java:1601)&#10;at org.eclipse.jetty.servlet.ServletHandler.doHandle(ServletHandler.java:548)&#10;at org.eclipse.jetty.server.handler.ScopedHandler.nextHandle(ScopedHandler.java:233)&#10;at org.eclipse.jetty.server.session.SessionHandler.doHandle(SessionHandler.java:1624)&#10;at org.eclipse.jetty.server.handler.ScopedHandler.nextHandle(ScopedHandler.java:233)&#10;at org.eclipse.jetty.server.handler.ContextHandler.doHandle(ContextHandler.java:1434)&#10;at org.eclipse.jetty.server.handler.ScopedHandler.nextScope(ScopedHandler.java:188)&#10;at org.eclipse.jetty.servlet.ServletHandler.doScope(ServletHandler.java:501)&#10;at org.eclipse.jetty.server.session.SessionHandler.doScope(SessionHandler.java:1594)&#10;at org.eclipse.jetty.server.handler.ScopedHandler.nextScope(ScopedHandler.java:186)&#10;at org.eclipse.jetty.server.handler.ContextHandler.doScope(ContextHandler.java:1349)&#10;at org.eclipse.jetty.server.handler.ScopedHandler.handle(ScopedHandler.java:141)&#10;at org.eclipse.jetty.server.handler.HandlerWrapper.handle(HandlerWrapper.java:127)&#10;at com.codahale.metrics.jetty9.InstrumentedHandler.handle(InstrumentedHandler.java:313)&#10;at io.dropwizard.jetty.ContextRoutingHandler.handle(ContextRoutingHandler.java:37)&#10;at org.eclipse.jetty.server.handler.gzip.GzipHandler.handle(GzipHandler.java:713)&#10;at io.dropwizard.jetty.BiDiGzipHandler.handle(BiDiGzipHandler.java:67)&#10;at org.eclipse.jetty.server.handler.StatisticsHandler.handle(StatisticsHandler.java:179)&#10;at org.eclipse.jetty.server.handler.HandlerWrapper.handle(HandlerWrapper.java:127)&#10;at org.eclipse.jetty.server.Server.handle(Server.java:516)&#10;at org.eclipse.jetty.server.HttpChannel.lambda$handle$1(HttpChannel.java:400)&#10;at org.eclipse.jetty.server.HttpChannel.dispatch(HttpChannel.java:645)&#10;at org.eclipse.jetty.server.HttpChannel.handle(HttpChannel.java:392)&#10;at org.eclipse.jetty.server.HttpConnection.onFillable(HttpConnection.java:277)&#10;at org.eclipse.jetty.io.AbstractConnection$ReadCallback.succeeded(AbstractConnection.java:311)&#10;at org.eclipse.jetty.io.FillInterest.fillable(FillInterest.java:105)&#10;at org.eclipse.jetty.io.ChannelEndPoint$1.run(ChannelEndPoint.java:104)&#10;at org.eclipse.jetty.util.thread.strategy.EatWhatYouKill.runTask(EatWhatYouKill.java:338)&#10;at org.eclipse.jetty.util.thread.strategy.EatWhatYouKill.doProduce(EatWhatYouKill.java:315)&#10;at org.eclipse.jetty.util.thread.strategy.EatWhatYouKill.tryProduce(EatWhatYouKill.java:173)&#10;at org.eclipse.jetty.util.thread.strategy.EatWhatYouKill.run(EatWhatYouKill.java:131)&#10;at org.eclipse.jetty.util.thread.ReservedThreadExecutor$ReservedThread.run(ReservedThreadExecutor.java:409)&#10;at org.eclipse.jetty.util.thread.QueuedThreadPool.runJob(QueuedThreadPool.java:883)&#10;at org.eclipse.jetty.util.thread.QueuedThreadPool$Runner.run(QueuedThreadPool.java:1034)&#10;at java.base/java.lang.Thread.run(Thread.java:829)&#10;Caused by: net.snowflake.client.jdbc.SnowflakeSQLException: SQL compilation error:&#10;Object &apos;PERSONTABLE&apos; does not exist or not authorized.&#10;at net.snowflake.client.jdbc.SnowflakeUtil.checkErrorAndThrowExceptionSub(SnowflakeUtil.java:127)&#10;at net.snowflake.client.jdbc.SnowflakeUtil.checkErrorAndThrowException(SnowflakeUtil.java:67)&#10;at net.snowflake.client.core.StmtUtil.pollForOutput(StmtUtil.java:442)&#10;at net.snowflake.client.core.StmtUtil.execute(StmtUtil.java:345)&#10;at net.snowflake.client.core.SFStatement.executeHelper(SFStatement.java:486)&#10;at net.snowflake.client.core.SFStatement.executeQueryInternal(SFStatement.java:197)&#10;at net.snowflake.client.core.SFStatement.executeQuery(SFStatement.java:134)&#10;at net.snowflake.client.core.SFStatement.execute(SFStatement.java:743)&#10;at net.snowflake.client.core.SFStatement.execute(SFStatement.java:639)&#10;at net.snowflake.client.jdbc.SnowflakeStatementV1.executeQueryInternal(SnowflakeStatementV1.java:238)&#10;at net.snowflake.client.jdbc.SnowflakeStatementV1.executeQuery(SnowflakeStatementV1.java:133)&#10;at com.zaxxer.hikari.pool.ProxyStatement.executeQuery(ProxyStatement.java:110)&#10;at com.zaxxer.hikari.pool.HikariProxyStatement.executeQuery(HikariProxyStatement.java)&#10;at org.finos.legend.engine.plan.execution.stores.relational.result.SQLExecutionResult.&lt;init&gt;(SQLExecutionResult.java:95)&#10;... 101 more&#10;&quot;}&apos;&quot;" type="Assert failure at (resource"><![CDATA[Assert failure at (resource:/platform/pure/basics/tests/assertEq.pure line:34 column:5), "500 '{"code":-1,"message":"SnowflakeSQLException: SQL compilation error:
Object 'PERSONTABLE' does not exist or not authorized.","status":"error","trace":"java.lang.RuntimeException: net.snowflake.client.jdbc.SnowflakeSQLException: SQL compilation error:
Object 'PERSONTABLE' does not exist or not authorized.
at org.finos.legend.engine.plan.execution.stores.relational.result.SQLExecutionResult.<init>(SQLExecutionResult.java:123)
at org.finos.legend.engine.plan.execution.stores.relational.RelationalExecutor.execute(RelationalExecutor.java:241)
at org.finos.legend.engine.plan.execution.stores.relational.plugin.RelationalExecutionNodeExecutor.visit(RelationalExecutionNodeExecutor.java:238)
at org.finos.legend.engine.plan.execution.stores.relational.plugin.RelationalExecutionNodeExecutor.visit(RelationalExecutionNodeExecutor.java:346)
at org.finos.legend.engine.plan.execution.stores.relational.plugin.RelationalExecutionNodeExecutor.visit(RelationalExecutionNodeExecutor.java:92)
at org.finos.legend.engine.protocol.pure.v1.model.executionPlan.nodes.RelationalDataTypeInstantiationExecutionNode.accept(RelationalDataTypeInstantiationExecutionNode.java:22)
at org.finos.legend.engine.plan.execution.stores.relational.RelationalExecutionExtension.lambda$getExtraNodeExecutors$fbe53481$1(RelationalExecutionExtension.java:50)
at org.finos.legend.engine.plan.execution.nodes.ExecutionNodeExecutor.lambda$visit$0(ExecutionNodeExecutor.java:164)
at java.base/java.util.stream.ReferencePipeline$3$1.accept(ReferencePipeline.java:195)
at java.base/java.util.Spliterators$ArraySpliterator.tryAdvance(Spliterators.java:958)
at java.base/java.util.stream.ReferencePipeline.forEachWithCancel(ReferencePipeline.java:127)
at java.base/java.util.stream.AbstractPipeline.copyIntoWithCancel(AbstractPipeline.java:502)
at java.base/java.util.stream.AbstractPipeline.copyInto(AbstractPipeline.java:488)
at java.base/java.util.stream.AbstractPipeline.wrapAndCopyInto(AbstractPipeline.java:474)
at java.base/java.util.stream.FindOps$FindOp.evaluateSequential(FindOps.java:150)
at java.base/java.util.stream.AbstractPipeline.evaluate(AbstractPipeline.java:234)
at java.base/java.util.stream.ReferencePipeline.findFirst(ReferencePipeline.java:543)
at org.finos.legend.engine.plan.execution.nodes.ExecutionNodeExecutor.visit(ExecutionNodeExecutor.java:164)
at org.finos.legend.engine.plan.execution.nodes.ExecutionNodeExecutor.visit(ExecutionNodeExecutor.java:107)
at org.finos.legend.engine.protocol.pure.v1.model.executionPlan.nodes.RelationalDataTypeInstantiationExecutionNode.accept(RelationalDataTypeInstantiationExecutionNode.java:22)
at org.finos.legend.engine.plan.execution.PlanExecutor.execute(PlanExecutor.java:238)
at org.finos.legend.engine.plan.execution.PlanExecutor.execute(PlanExecutor.java:225)
at org.finos.legend.engine.plan.execution.api.ExecutePlan.doExecutePlanLegacy(ExecutePlan.java:102)
at org.finos.legend.engine.plan.execution.api.ExecutePlan.doExecutePlan(ExecutePlan.java:84)
at org.finos.legend.engine.plan.execution.api.ExecutePlanLegacy.executePlan(ExecutePlanLegacy.java:56)
at jdk.internal.reflect.GeneratedMethodAccessor100.invoke(Unknown Source)
at java.base/jdk.internal.reflect.DelegatingMethodAccessorImpl.invoke(DelegatingMethodAccessorImpl.java:43)
at java.base/java.lang.reflect.Method.invoke(Method.java:566)
at org.glassfish.jersey.server.model.internal.ResourceMethodInvocationHandlerFactory$1.invoke(ResourceMethodInvocationHandlerFactory.java:81)
at org.glassfish.jersey.server.model.internal.AbstractJavaResourceMethodDispatcher$1.run(AbstractJavaResourceMethodDispatcher.java:144)
at org.glassfish.jersey.server.model.internal.AbstractJavaResourceMethodDispatcher.invoke(AbstractJavaResourceMethodDispatcher.java:161)
at org.glassfish.jersey.server.model.internal.JavaResourceMethodDispatcherProvider$ResponseOutInvoker.doDispatch(JavaResourceMethodDispatcherProvider.java:160)
at org.glassfish.jersey.server.model.internal.AbstractJavaResourceMethodDispatcher.dispatch(AbstractJavaResourceMethodDispatcher.java:99)
at org.glassfish.jersey.server.model.ResourceMethodInvoker.invoke(ResourceMethodInvoker.java:389)
at org.glassfish.jersey.server.model.ResourceMethodInvoker.apply(ResourceMethodInvoker.java:347)
at org.glassfish.jersey.server.model.ResourceMethodInvoker.apply(ResourceMethodInvoker.java:102)
at org.glassfish.jersey.server.ServerRuntime$2.run(ServerRuntime.java:326)
at org.glassfish.jersey.internal.Errors$1.call(Errors.java:271)
at org.glassfish.jersey.internal.Errors$1.call(Errors.java:267)
at org.glassfish.jersey.internal.Errors.process(Errors.java:315)
at org.glassfish.jersey.internal.Errors.process(Errors.java:297)
at org.glassfish.jersey.internal.Errors.process(Errors.java:267)
at org.glassfish.jersey.process.internal.RequestScope.runInScope(RequestScope.java:317)
at org.glassfish.jersey.server.ServerRuntime.process(ServerRuntime.java:305)
at org.glassfish.jersey.server.ApplicationHandler.handle(ApplicationHandler.java:1154)
at org.glassfish.jersey.servlet.WebComponent.serviceImpl(WebComponent.java:473)
at org.glassfish.jersey.servlet.WebComponent.service(WebComponent.java:427)
at org.glassfish.jersey.servlet.ServletContainer.service(ServletContainer.java:388)
at org.glassfish.jersey.servlet.ServletContainer.service(ServletContainer.java:341)
at org.glassfish.jersey.servlet.ServletContainer.service(ServletContainer.java:228)
at org.eclipse.jetty.servlet.ServletHolder.handle(ServletHolder.java:799)
at org.eclipse.jetty.servlet.ServletHandler$ChainEnd.doFilter(ServletHandler.java:1631)
at io.dropwizard.servlets.ThreadNameFilter.doFilter(ThreadNameFilter.java:35)
at org.eclipse.jetty.servlet.FilterHolder.doFilter(FilterHolder.java:193)
at org.eclipse.jetty.servlet.ServletHandler$Chain.doFilter(ServletHandler.java:1601)
at io.dropwizard.jersey.filter.AllowedMethodsFilter.handle(AllowedMethodsFilter.java:45)
at io.dropwizard.jersey.filter.AllowedMethodsFilter.doFilter(AllowedMethodsFilter.java:39)
at org.eclipse.jetty.servlet.FilterHolder.doFilter(FilterHolder.java:193)
at org.eclipse.jetty.servlet.ServletHandler$Chain.doFilter(ServletHandler.java:1601)
at org.finos.legend.server.pac4j.internal.UsernameFilter.doFilter(UsernameFilter.java:51)
at org.eclipse.jetty.servlet.FilterHolder.doFilter(FilterHolder.java:193)
at org.eclipse.jetty.servlet.ServletHandler$Chain.doFilter(ServletHandler.java:1601)
at org.pac4j.j2e.filter.SecurityFilter.lambda$internalFilter$0(SecurityFilter.java:95)
at org.pac4j.core.engine.DefaultSecurityLogic.perform(DefaultSecurityLogic.java:140)
at org.pac4j.j2e.filter.SecurityFilter.internalFilter(SecurityFilter.java:93)
at org.pac4j.j2e.filter.AbstractConfigFilter.doFilter(AbstractConfigFilter.java:81)
at org.eclipse.jetty.servlet.FilterHolder.doFilter(FilterHolder.java:193)
at org.eclipse.jetty.servlet.ServletHandler$Chain.doFilter(ServletHandler.java:1601)
at org.eclipse.jetty.servlet.ServletHandler.doHandle(ServletHandler.java:548)
at org.eclipse.jetty.server.handler.ScopedHandler.nextHandle(ScopedHandler.java:233)
at org.eclipse.jetty.server.session.SessionHandler.doHandle(SessionHandler.java:1624)
at org.eclipse.jetty.server.handler.ScopedHandler.nextHandle(ScopedHandler.java:233)
at org.eclipse.jetty.server.handler.ContextHandler.doHandle(ContextHandler.java:1434)
at org.eclipse.jetty.server.handler.ScopedHandler.nextScope(ScopedHandler.java:188)
at org.eclipse.jetty.servlet.ServletHandler.doScope(ServletHandler.java:501)
at org.eclipse.jetty.server.session.SessionHandler.doScope(SessionHandler.java:1594)
at org.eclipse.jetty.server.handler.ScopedHandler.nextScope(ScopedHandler.java:186)
at org.eclipse.jetty.server.handler.ContextHandler.doScope(ContextHandler.java:1349)
at org.eclipse.jetty.server.handler.ScopedHandler.handle(ScopedHandler.java:141)
at org.eclipse.jetty.server.handler.HandlerWrapper.handle(HandlerWrapper.java:127)
at com.codahale.metrics.jetty9.InstrumentedHandler.handle(InstrumentedHandler.java:313)
at io.dropwizard.jetty.ContextRoutingHandler.handle(ContextRoutingHandler.java:37)
at org.eclipse.jetty.server.handler.gzip.GzipHandler.handle(GzipHandler.java:713)
at io.dropwizard.jetty.BiDiGzipHandler.handle(BiDiGzipHandler.java:67)
at org.eclipse.jetty.server.handler.StatisticsHandler.handle(StatisticsHandler.java:179)
at org.eclipse.jetty.server.handler.HandlerWrapper.handle(HandlerWrapper.java:127)
at org.eclipse.jetty.server.Server.handle(Server.java:516)
at org.eclipse.jetty.server.HttpChannel.lambda$handle$1(HttpChannel.java:400)
at org.eclipse.jetty.server.HttpChannel.dispatch(HttpChannel.java:645)
at org.eclipse.jetty.server.HttpChannel.handle(HttpChannel.java:392)
at org.eclipse.jetty.server.HttpConnection.onFillable(HttpConnection.java:277)
at org.eclipse.jetty.io.AbstractConnection$ReadCallback.succeeded(AbstractConnection.java:311)
at org.eclipse.jetty.io.FillInterest.fillable(FillInterest.java:105)
at org.eclipse.jetty.io.ChannelEndPoint$1.run(ChannelEndPoint.java:104)
at org.eclipse.jetty.util.thread.strategy.EatWhatYouKill.runTask(EatWhatYouKill.java:338)
at org.eclipse.jetty.util.thread.strategy.EatWhatYouKill.doProduce(EatWhatYouKill.java:315)
at org.eclipse.jetty.util.thread.strategy.EatWhatYouKill.tryProduce(EatWhatYouKill.java:173)
at org.eclipse.jetty.util.thread.strategy.EatWhatYouKill.run(EatWhatYouKill.java:131)
at org.eclipse.jetty.util.thread.ReservedThreadExecutor$ReservedThread.run(ReservedThreadExecutor.java:409)
at org.eclipse.jetty.util.thread.QueuedThreadPool.runJob(QueuedThreadPool.java:883)
at org.eclipse.jetty.util.thread.QueuedThreadPool$Runner.run(QueuedThreadPool.java:1034)
at java.base/java.lang.Thread.run(Thread.java:829)
Caused by: net.snowflake.client.jdbc.SnowflakeSQLException: SQL compilation error:
Object 'PERSONTABLE' does not exist or not authorized.
at net.snowflake.client.jdbc.SnowflakeUtil.checkErrorAndThrowExceptionSub(SnowflakeUtil.java:127)
at net.snowflake.client.jdbc.SnowflakeUtil.checkErrorAndThrowException(SnowflakeUtil.java:67)
at net.snowflake.client.core.StmtUtil.pollForOutput(StmtUtil.java:442)
at net.snowflake.client.core.StmtUtil.execute(StmtUtil.java:345)
at net.snowflake.client.core.SFStatement.executeHelper(SFStatement.java:486)
at net.snowflake.client.core.SFStatement.executeQueryInternal(SFStatement.java:197)
at net.snowflake.client.core.SFStatement.executeQuery(SFStatement.java:134)
at net.snowflake.client.core.SFStatement.execute(SFStatement.java:743)
at net.snowflake.client.core.SFStatement.execute(SFStatement.java:639)
at net.snowflake.client.jdbc.SnowflakeStatementV1.executeQueryInternal(SnowflakeStatementV1.java:238)
at net.snowflake.client.jdbc.SnowflakeStatementV1.executeQuery(SnowflakeStatementV1.java:133)
at com.zaxxer.hikari.pool.ProxyStatement.executeQuery(ProxyStatement.java:110)
at com.zaxxer.hikari.pool.HikariProxyStatement.executeQuery(HikariProxyStatement.java)
at org.finos.legend.engine.plan.execution.stores.relational.result.SQLExecutionResult.<init>(SQLExecutionResult.java:95)
... 101 more
"}'"
	at org.finos.legend.pure.runtime.java.compiled.generation.processors.support.CompiledSupport.pureAssert(CompiledSupport.java:1994)
	at org.finos.legend.pure.generated.platform_pure_basics_tests_assertEq.Root_meta_pure_functions_asserts_assertEq_Any_1__Any_1__Function_1__Boolean_1_(platform_pure_basics_tests_assertEq.java:44)
	at org.finos.legend.pure.generated.core_pure_protocol_vX_X_X_invocations_execution.Root_meta_protocols_pure_vX_X_X_invocation_execution_execute_executePlan_String_1__String_1__Integer_1__String_1_(core_pure_protocol_vX_X_X_invocations_execution.java:751)
	at org.finos.legend.pure.generated.core_pure_protocol_vX_X_X_invocations_execution.Root_meta_protocols_pure_vX_X_X_invocation_execution_execute_executePlan_ExecutionPlan_1__String_1__Integer_1__Extension_MANY__String_1_(core_pure_protocol_vX_X_X_invocations_execution.java:745)
	at org.finos.legend.pure.generated.core_pure_protocol_vX_X_X_invocations_execution.Root_meta_protocols_pure_vX_X_X_invocation_execution_execute_executePlan_ExecutionPlan_1__ExecutionContext_$0_1$__String_1__Integer_1__Extension_MANY__Result_1_(core_pure_protocol_vX_X_X_invocations_execution.java:738)
	at jdk.internal.reflect.GeneratedMethodAccessor96.invoke(Unknown Source)
	at java.base/jdk.internal.reflect.DelegatingMethodAccessorImpl.invoke(DelegatingMethodAccessorImpl.java:43)
	at java.base/java.lang.reflect.Method.invoke(Method.java:566)
	at org.finos.legend.pure.runtime.java.compiled.metadata.JavaMethodWithParamsSharedPureFunction.execute(JavaMethodWithParamsSharedPureFunction.java:59)
	at org.finos.legend.pure.runtime.java.compiled.generation.processors.support.Pure._evaluateToMany(Pure.java:546)
	at org.finos.legend.pure.generated.CoreGen.evaluateToMany(CoreGen.java:147)
	at org.finos.legend.pure.generated.CoreGen.evaluateToMany(CoreGen.java:134)
	at org.finos.legend.pure.generated.core_pure_router_router_entry$9$1.value(core_pure_router_router_entry.java:318)
	at org.finos.legend.pure.generated.core_pure_router_router_entry$9$1.execute(core_pure_router_router_entry.java:311)
	at org.finos.legend.pure.generated.core_pure_router_router_entry$9$1.execute(core_pure_router_router_entry.java:307)
	at org.finos.legend.pure.runtime.java.compiled.generation.processors.support.Pure.evaluate(Pure.java:485)
	at org.finos.legend.pure.runtime.java.compiled.generation.processors.support.Pure.legendTest(Pure.java:216)
	at org.finos.legend.pure.generated.CoreGen.legendTest(CoreGen.java:61)
	at org.finos.legend.pure.generated.core_pure_router_router_entry$9.valueOf(core_pure_router_router_entry.java:303)
	at org.finos.legend.pure.generated.core_pure_router_router_entry$9.execute(core_pure_router_router_entry.java:298)
	at org.finos.legend.pure.generated.core_pure_router_router_entry$9.execute(core_pure_router_router_entry.java:294)
	at org.finos.legend.pure.runtime.java.compiled.generation.processors.support.Pure.evaluate(Pure.java:485)
	at org.finos.legend.pure.runtime.java.compiled.generation.processors.support.Pure.traceSpan(Pure.java:1482)
	at org.finos.legend.pure.generated.CoreGen.traceSpan(CoreGen.java:203)
	at org.finos.legend.pure.generated.core_pure_router_router_entry.Root_meta_pure_router_executePlan_ExecutionPlan_1__ExecutionContext_1__Extension_MANY__Result_$0_1$_(core_pure_router_router_entry.java:290)
	at org.finos.legend.pure.generated.core_pure_router_router_entry.Root_meta_pure_router_executePlan_ExecutionPlan_1__Extension_MANY__Result_$0_1$_(core_pure_router_router_entry.java:285)
	at org.finos.legend.pure.generated.core_relational_relational_sqlQueryToString_dbTestRunner_testRunner$20.execute(core_relational_relational_sqlQueryToString_dbTestRunner_testRunner.java:386)
	at org.finos.legend.pure.generated.core_relational_relational_sqlQueryToString_dbTestRunner_testRunner.Root_meta_relational_dbTestRunner_runSqlQueryTest_SQLQuery_1__Literal_$1_MANY$__Pair_MANY__Function_$0_1$__DbTestConfig_1__Boolean_1_(core_relational_relational_sqlQueryToString_dbTestRunner_testRunner.java:424)
	at org.finos.legend.pure.generated.core_relational_relational_sqlQueryToString_dbTestRunner_testRunner.Root_meta_relational_dbTestRunner_runSqlQueryTest_SQLQuery_1__Literal_$1_MANY$__Function_$0_1$__DbTestConfig_1__Boolean_1_(core_relational_relational_sqlQueryToString_dbTestRunner_testRunner.java:374)
	at org.finos.legend.pure.generated.core_relational_relational_sqlQueryToString_testSuite_selectSubClauses_aggregationDynaFns.Root_meta_relational_tests_dbSpecificTests_sqlQueryTests_selectSubClauses_aggregationDynaFns_count_testOnAllRows_DbTestConfig_1__Boolean_1_(core_relational_relational_sqlQueryToString_testSuite_selectSubClauses_aggregationDynaFns.java:141)
	at java.base/jdk.internal.reflect.NativeMethodAccessorImpl.invoke0(Native Method)
	at java.base/jdk.internal.reflect.NativeMethodAccessorImpl.invoke(NativeMethodAccessorImpl.java:62)
	at java.base/jdk.internal.reflect.DelegatingMethodAccessorImpl.invoke(DelegatingMethodAccessorImpl.java:43)
	at java.base/java.lang.reflect.Method.invoke(Method.java:566)
	at org.finos.legend.pure.runtime.java.compiled.testHelper.PureTestBuilderCompiled.executeFn(PureTestBuilderCompiled.java:113)
	at org.finos.legend.pure.runtime.java.compiled.testHelper.PureTestBuilderCompiled.lambda$buildSuite$0(PureTestBuilderCompiled.java:79)
	at org.finos.legend.pure.m3.execution.test.PureTestBuilder$PureTestCase.runTest(PureTestBuilder.java:95)
	at junit.framework.TestCase.runBare(TestCase.java:142)
	at org.finos.legend.engine.server.test.shared.Relational_DbSpecific_UsingPureClientTestSuite$2.runTest(Relational_DbSpecific_UsingPureClientTestSuite.java:90)
	at junit.framework.TestCase.runBare(TestCase.java:142)
	at junit.framework.TestResult$1.protect(TestResult.java:122)
	at junit.framework.TestResult.runProtected(TestResult.java:142)
	at junit.framework.TestResult.run(TestResult.java:125)
	at junit.framework.TestCase.run(TestCase.java:130)
	at junit.framework.TestSuite.runTest(TestSuite.java:241)
	at junit.framework.TestSuite.run(TestSuite.java:236)
	at junit.framework.TestSuite.runTest(TestSuite.java:241)
	at junit.framework.TestSuite.run(TestSuite.java:236)
	at junit.framework.TestSuite.runTest(TestSuite.java:241)
	at junit.framework.TestSuite.run(TestSuite.java:236)
	at junit.framework.TestSuite.runTest(TestSuite.java:241)
	at junit.framework.TestSuite.run(TestSuite.java:236)
	at junit.framework.TestSuite.runTest(TestSuite.java:241)
	at junit.framework.TestSuite.run(TestSuite.java:236)
	at junit.framework.TestSuite.runTest(TestSuite.java:241)
	at junit.framework.TestSuite.run(TestSuite.java:236)
	at junit.extensions.TestDecorator.basicRun(TestDecorator.java:24)
	at junit.extensions.TestSetup$1.protect(TestSetup.java:23)
	at junit.framework.TestResult.runProtected(TestResult.java:142)
	at junit.extensions.TestSetup.run(TestSetup.java:27)
	at org.junit.internal.runners.JUnit38ClassRunner.run(JUnit38ClassRunner.java:90)
	at org.apache.maven.surefire.junit4.JUnit4Provider.execute(JUnit4Provider.java:365)
	at org.apache.maven.surefire.junit4.JUnit4Provider.executeWithRerun(JUnit4Provider.java:273)
	at org.apache.maven.surefire.junit4.JUnit4Provider.executeTestSet(JUnit4Provider.java:238)
	at org.apache.maven.surefire.junit4.JUnit4Provider.invoke(JUnit4Provider.java:159)
	at org.apache.maven.surefire.booter.ForkedBooter.invokeProviderInSameClassLoader(ForkedBooter.java:384)
	at org.apache.maven.surefire.booter.ForkedBooter.runSuitesInProcess(ForkedBooter.java:345)
	at org.apache.maven.surefire.booter.ForkedBooter.execute(ForkedBooter.java:126)
	at org.apache.maven.surefire.booter.ForkedBooter.main(ForkedBooter.java:418)
]]></error>
    <system-out><![CDATA[Running db test selectSubClauses::aggregationDynaFns::count::testOnAllRows
{"duration":0.0,"eventType":"EXECUTION_PLAN_EXEC_ERROR","info":{"code":-1,"message":"SnowflakeSQLException: SQL compilation error:\nObject 'PERSONTABLE' does not exist or not authorized.","status":"error","trace":"java.lang.RuntimeException: net.snowflake.client.jdbc.SnowflakeSQLException: SQL compilation error:\nObject 'PERSONTABLE' does not exist or not authorized.\n\tat org.finos.legend.engine.plan.execution.stores.relational.result.SQLExecutionResult.<init>(SQLExecutionResult.java:123)\n\tat org.finos.legend.engine.plan.execution.stores.relational.RelationalExecutor.execute(RelationalExecutor.java:241)\n\tat org.finos.legend.engine.plan.execution.stores.relational.plugin.RelationalExecutionNodeExecutor.visit(RelationalExecutionNodeExecutor.java:238)\n\tat org.finos.legend.engine.plan.execution.stores.relational.plugin.RelationalExecutionNodeExecutor.visit(RelationalExecutionNodeExecutor.java:346)\n\tat org.finos.legend.engine.plan.execution.stores.relational.plugin.RelationalExecutionNodeExecutor.visit(RelationalExecutionNodeExecutor.java:92)\n\tat org.finos.legend.engine.protocol.pure.v1.model.executionPlan.nodes.RelationalDataTypeInstantiationExecutionNode.accept(RelationalDataTypeInstantiationExecutionNode.java:22)\n\tat org.finos.legend.engine.plan.execution.stores.relational.RelationalExecutionExtension.lambda$getExtraNodeExecutors$fbe53481$1(RelationalExecutionExtension.java:50)\n\tat org.finos.legend.engine.plan.execution.nodes.ExecutionNodeExecutor.lambda$visit$0(ExecutionNodeExecutor.java:164)\n\tat java.base/java.util.stream.ReferencePipeline$3$1.accept(ReferencePipeline.java:195)\n\tat java.base/java.util.Spliterators$ArraySpliterator.tryAdvance(Spliterators.java:958)\n\tat java.base/java.util.stream.ReferencePipeline.forEachWithCancel(ReferencePipeline.java:127)\n\tat java.base/java.util.stream.AbstractPipeline.copyIntoWithCancel(AbstractPipeline.java:502)\n\tat java.base/java.util.stream.AbstractPipeline.copyInto(AbstractPipeline.java:488)\n\tat java.base/java.util.stream.AbstractPipeline.wrapAndCopyInto(AbstractPipeline.java:474)\n\tat java.base/java.util.stream.FindOps$FindOp.evaluateSequential(FindOps.java:150)\n\tat java.base/java.util.stream.AbstractPipeline.evaluate(AbstractPipeline.java:234)\n\tat java.base/java.util.stream.ReferencePipeline.findFirst(ReferencePipeline.java:543)\n\tat org.finos.legend.engine.plan.execution.nodes.ExecutionNodeExecutor.visit(ExecutionNodeExecutor.java:164)\n\tat org.finos.legend.engine.plan.execution.nodes.ExecutionNodeExecutor.visit(ExecutionNodeExecutor.java:107)\n\tat org.finos.legend.engine.protocol.pure.v1.model.executionPlan.nodes.RelationalDataTypeInstantiationExecutionNode.accept(RelationalDataTypeInstantiationExecutionNode.java:22)\n\tat org.finos.legend.engine.plan.execution.PlanExecutor.execute(PlanExecutor.java:238)\n\tat org.finos.legend.engine.plan.execution.PlanExecutor.execute(PlanExecutor.java:225)\n\tat org.finos.legend.engine.plan.execution.api.ExecutePlan.doExecutePlanLegacy(ExecutePlan.java:102)\n\tat org.finos.legend.engine.plan.execution.api.ExecutePlan.doExecutePlan(ExecutePlan.java:84)\n\tat org.finos.legend.engine.plan.execution.api.ExecutePlanLegacy.executePlan(ExecutePlanLegacy.java:56)\n\tat jdk.internal.reflect.GeneratedMethodAccessor100.invoke(Unknown Source)\n\tat java.base/jdk.internal.reflect.DelegatingMethodAccessorImpl.invoke(DelegatingMethodAccessorImpl.java:43)\n\tat java.base/java.lang.reflect.Method.invoke(Method.java:566)\n\tat org.glassfish.jersey.server.model.internal.ResourceMethodInvocationHandlerFactory$1.invoke(ResourceMethodInvocationHandlerFactory.java:81)\n\tat org.glassfish.jersey.server.model.internal.AbstractJavaResourceMethodDispatcher$1.run(AbstractJavaResourceMethodDispatcher.java:144)\n\tat org.glassfish.jersey.server.model.internal.AbstractJavaResourceMethodDispatcher.invoke(AbstractJavaResourceMethodDispatcher.java:161)\n\tat org.glassfish.jersey.server.model.internal.JavaResourceMethodDispatcherProvider$ResponseOutInvoker.doDispatch(JavaResourceMethodDispatcherProvider.java:160)\n\tat org.glassfish.jersey.server.model.internal.AbstractJavaResourceMethodDispatcher.dispatch(AbstractJavaResourceMethodDispatcher.java:99)\n\tat org.glassfish.jersey.server.model.ResourceMethodInvoker.invoke(ResourceMethodInvoker.java:389)\n\tat org.glassfish.jersey.server.model.ResourceMethodInvoker.apply(ResourceMethodInvoker.java:347)\n\tat org.glassfish.jersey.server.model.ResourceMethodInvoker.apply(ResourceMethodInvoker.java:102)\n\tat org.glassfish.jersey.server.ServerRuntime$2.run(ServerRuntime.java:326)\n\tat org.glassfish.jersey.internal.Errors$1.call(Errors.java:271)\n\tat org.glassfish.jersey.internal.Errors$1.call(Errors.java:267)\n\tat org.glassfish.jersey.internal.Errors.process(Errors.java:315)\n\tat org.glassfish.jersey.internal.Errors.process(Errors.java:297)\n\tat org.glassfish.jersey.internal.Errors.process(Errors.java:267)\n\tat org.glassfish.jersey.process.internal.RequestScope.runInScope(RequestScope.java:317)\n\tat org.glassfish.jersey.server.ServerRuntime.process(ServerRuntime.java:305)\n\tat org.glassfish.jersey.server.ApplicationHandler.handle(ApplicationHandler.java:1154)\n\tat org.glassfish.jersey.servlet.WebComponent.serviceImpl(WebComponent.java:473)\n\tat org.glassfish.jersey.servlet.WebComponent.service(WebComponent.java:427)\n\tat org.glassfish.jersey.servlet.ServletContainer.service(ServletContainer.java:388)\n\tat org.glassfish.jersey.servlet.ServletContainer.service(ServletContainer.java:341)\n\tat org.glassfish.jersey.servlet.ServletContainer.service(ServletContainer.java:228)\n\tat org.eclipse.jetty.servlet.ServletHolder.handle(ServletHolder.java:799)\n\tat org.eclipse.jetty.servlet.ServletHandler$ChainEnd.doFilter(ServletHandler.java:1631)\n\tat io.dropwizard.servlets.ThreadNameFilter.doFilter(ThreadNameFilter.java:35)\n\tat org.eclipse.jetty.servlet.FilterHolder.doFilter(FilterHolder.java:193)\n\tat org.eclipse.jetty.servlet.ServletHandler$Chain.doFilter(ServletHandler.java:1601)\n\tat io.dropwizard.jersey.filter.AllowedMethodsFilter.handle(AllowedMethodsFilter.java:45)\n\tat io.dropwizard.jersey.filter.AllowedMethodsFilter.doFilter(AllowedMethodsFilter.java:39)\n\tat org.eclipse.jetty.servlet.FilterHolder.doFilter(FilterHolder.java:193)\n\tat org.eclipse.jetty.servlet.ServletHandler$Chain.doFilter(ServletHandler.java:1601)\n\tat org.finos.legend.server.pac4j.internal.UsernameFilter.doFilter(UsernameFilter.java:51)\n\tat org.eclipse.jetty.servlet.FilterHolder.doFilter(FilterHolder.java:193)\n\tat org.eclipse.jetty.servlet.ServletHandler$Chain.doFilter(ServletHandler.java:1601)\n\tat org.pac4j.j2e.filter.SecurityFilter.lambda$internalFilter$0(SecurityFilter.java:95)\n\tat org.pac4j.core.engine.DefaultSecurityLogic.perform(DefaultSecurityLogic.java:140)\n\tat org.pac4j.j2e.filter.SecurityFilter.internalFilter(SecurityFilter.java:93)\n\tat org.pac4j.j2e.filter.AbstractConfigFilter.doFilter(AbstractConfigFilter.java:81)\n\tat org.eclipse.jetty.servlet.FilterHolder.doFilter(FilterHolder.java:193)\n\tat org.eclipse.jetty.servlet.ServletHandler$Chain.doFilter(ServletHandler.java:1601)\n\tat org.eclipse.jetty.servlet.ServletHandler.doHandle(ServletHandler.java:548)\n\tat org.eclipse.jetty.server.handler.ScopedHandler.nextHandle(ScopedHandler.java:233)\n\tat org.eclipse.jetty.server.session.SessionHandler.doHandle(SessionHandler.java:1624)\n\tat org.eclipse.jetty.server.handler.ScopedHandler.nextHandle(ScopedHandler.java:233)\n\tat org.eclipse.jetty.server.handler.ContextHandler.doHandle(ContextHandler.java:1434)\n\tat org.eclipse.jetty.server.handler.ScopedHandler.nextScope(ScopedHandler.java:188)\n\tat org.eclipse.jetty.servlet.ServletHandler.doScope(ServletHandler.java:501)\n\tat org.eclipse.jetty.server.session.SessionHandler.doScope(SessionHandler.java:1594)\n\tat org.eclipse.jetty.server.handler.ScopedHandler.nextScope(ScopedHandler.java:186)\n\tat org.eclipse.jetty.server.handler.ContextHandler.doScope(ContextHandler.java:1349)\n\tat org.eclipse.jetty.server.handler.ScopedHandler.handle(ScopedHandler.java:141)\n\tat org.eclipse.jetty.server.handler.HandlerWrapper.handle(HandlerWrapper.java:127)\n\tat com.codahale.metrics.jetty9.InstrumentedHandler.handle(InstrumentedHandler.java:313)\n\tat io.dropwizard.jetty.ContextRoutingHandler.handle(ContextRoutingHandler.java:37)\n\tat org.eclipse.jetty.server.handler.gzip.GzipHandler.handle(GzipHandler.java:713)\n\tat io.dropwizard.jetty.BiDiGzipHandler.handle(BiDiGzipHandler.java:67)\n\tat org.eclipse.jetty.server.handler.StatisticsHandler.handle(StatisticsHandler.java:179)\n\tat org.eclipse.jetty.server.handler.HandlerWrapper.handle(HandlerWrapper.java:127)\n\tat org.eclipse.jetty.server.Server.handle(Server.java:516)\n\tat org.eclipse.jetty.server.HttpChannel.lambda$handle$1(HttpChannel.java:400)\n\tat org.eclipse.jetty.server.HttpChannel.dispatch(HttpChannel.java:645)\n\tat org.eclipse.jetty.server.HttpChannel.handle(HttpChannel.java:392)\n\tat org.eclipse.jetty.server.HttpConnection.onFillable(HttpConnection.java:277)\n\tat org.eclipse.jetty.io.AbstractConnection$ReadCallback.succeeded(AbstractConnection.java:311)\n\tat org.eclipse.jetty.io.FillInterest.fillable(FillInterest.java:105)\n\tat org.eclipse.jetty.io.ChannelEndPoint$1.run(ChannelEndPoint.java:104)\n\tat org.eclipse.jetty.util.thread.strategy.EatWhatYouKill.runTask(EatWhatYouKill.java:338)\n\tat org.eclipse.jetty.util.thread.strategy.EatWhatYouKill.doProduce(EatWhatYouKill.java:315)\n\tat org.eclipse.jetty.util.thread.strategy.EatWhatYouKill.tryProduce(EatWhatYouKill.java:173)\n\tat org.eclipse.jetty.util.thread.strategy.EatWhatYouKill.run(EatWhatYouKill.java:131)\n\tat org.eclipse.jetty.util.thread.ReservedThreadExecutor$ReservedThread.run(ReservedThreadExecutor.java:409)\n\tat org.eclipse.jetty.util.thread.QueuedThreadPool.runJob(QueuedThreadPool.java:883)\n\tat org.eclipse.jetty.util.thread.QueuedThreadPool$Runner.run(QueuedThreadPool.java:1034)\n\tat java.base/java.lang.Thread.run(Thread.java:829)\nCaused by: net.snowflake.client.jdbc.SnowflakeSQLException: SQL compilation error:\nObject 'PERSONTABLE' does not exist or not authorized.\n\tat net.snowflake.client.jdbc.SnowflakeUtil.checkErrorAndThrowExceptionSub(SnowflakeUtil.java:127)\n\tat net.snowflake.client.jdbc.SnowflakeUtil.checkErrorAndThrowException(SnowflakeUtil.java:67)\n\tat net.snowflake.client.core.StmtUtil.pollForOutput(StmtUtil.java:442)\n\tat net.snowflake.client.core.StmtUtil.execute(StmtUtil.java:345)\n\tat net.snowflake.client.core.SFStatement.executeHelper(SFStatement.java:486)\n\tat net.snowflake.client.core.SFStatement.executeQueryInternal(SFStatement.java:197)\n\tat net.snowflake.client.core.SFStatement.executeQuery(SFStatement.java:134)\n\tat net.snowflake.client.core.SFStatement.execute(SFStatement.java:743)\n\tat net.snowflake.client.core.SFStatement.execute(SFStatement.java:639)\n\tat net.snowflake.client.jdbc.SnowflakeStatementV1.executeQueryInternal(SnowflakeStatementV1.java:238)\n\tat net.snowflake.client.jdbc.SnowflakeStatementV1.executeQuery(SnowflakeStatementV1.java:133)\n\tat com.zaxxer.hikari.pool.ProxyStatement.executeQuery(ProxyStatement.java:110)\n\tat com.zaxxer.hikari.pool.HikariProxyStatement.executeQuery(HikariProxyStatement.java)\n\tat org.finos.legend.engine.plan.execution.stores.relational.result.SQLExecutionResult.<init>(SQLExecutionResult.java:95)\n\t... 101 more\n"},"mode":"DEV","timeStamp":"2023-02-23 01:31:30.608","user":"_UNKNOWN_"}
| **selectSubClauses::aggregationDynaFns::count::testOnAllRows** | failing :x: |
]]></system-out>
  </testcase>
  <testcase name="testMax[Snowflake]" classname="org.finos.legend.engine.server.test.shared.Relational_DbSpecific_UsingPureClientTestSuite$2" time="0.22">
    <error message="Assert failure at (resource:/platform/pure/basics/tests/assertEq.pure line:34 column:5), &quot;500 &apos;{&quot;code&quot;:-1,&quot;message&quot;:&quot;SnowflakeSQLException: SQL compilation error:&#10;Object &apos;PERSONTABLE&apos; does not exist or not authorized.&quot;,&quot;status&quot;:&quot;error&quot;,&quot;trace&quot;:&quot;java.lang.RuntimeException: net.snowflake.client.jdbc.SnowflakeSQLException: SQL compilation error:&#10;Object &apos;PERSONTABLE&apos; does not exist or not authorized.&#10;at org.finos.legend.engine.plan.execution.stores.relational.result.SQLExecutionResult.&lt;init&gt;(SQLExecutionResult.java:123)&#10;at org.finos.legend.engine.plan.execution.stores.relational.RelationalExecutor.execute(RelationalExecutor.java:241)&#10;at org.finos.legend.engine.plan.execution.stores.relational.plugin.RelationalExecutionNodeExecutor.visit(RelationalExecutionNodeExecutor.java:238)&#10;at org.finos.legend.engine.plan.execution.stores.relational.plugin.RelationalExecutionNodeExecutor.visit(RelationalExecutionNodeExecutor.java:346)&#10;at org.finos.legend.engine.plan.execution.stores.relational.plugin.RelationalExecutionNodeExecutor.visit(RelationalExecutionNodeExecutor.java:92)&#10;at org.finos.legend.engine.protocol.pure.v1.model.executionPlan.nodes.RelationalDataTypeInstantiationExecutionNode.accept(RelationalDataTypeInstantiationExecutionNode.java:22)&#10;at org.finos.legend.engine.plan.execution.stores.relational.RelationalExecutionExtension.lambda$getExtraNodeExecutors$fbe53481$1(RelationalExecutionExtension.java:50)&#10;at org.finos.legend.engine.plan.execution.nodes.ExecutionNodeExecutor.lambda$visit$0(ExecutionNodeExecutor.java:164)&#10;at java.base/java.util.stream.ReferencePipeline$3$1.accept(ReferencePipeline.java:195)&#10;at java.base/java.util.Spliterators$ArraySpliterator.tryAdvance(Spliterators.java:958)&#10;at java.base/java.util.stream.ReferencePipeline.forEachWithCancel(ReferencePipeline.java:127)&#10;at java.base/java.util.stream.AbstractPipeline.copyIntoWithCancel(AbstractPipeline.java:502)&#10;at java.base/java.util.stream.AbstractPipeline.copyInto(AbstractPipeline.java:488)&#10;at java.base/java.util.stream.AbstractPipeline.wrapAndCopyInto(AbstractPipeline.java:474)&#10;at java.base/java.util.stream.FindOps$FindOp.evaluateSequential(FindOps.java:150)&#10;at java.base/java.util.stream.AbstractPipeline.evaluate(AbstractPipeline.java:234)&#10;at java.base/java.util.stream.ReferencePipeline.findFirst(ReferencePipeline.java:543)&#10;at org.finos.legend.engine.plan.execution.nodes.ExecutionNodeExecutor.visit(ExecutionNodeExecutor.java:164)&#10;at org.finos.legend.engine.plan.execution.nodes.ExecutionNodeExecutor.visit(ExecutionNodeExecutor.java:107)&#10;at org.finos.legend.engine.protocol.pure.v1.model.executionPlan.nodes.RelationalDataTypeInstantiationExecutionNode.accept(RelationalDataTypeInstantiationExecutionNode.java:22)&#10;at org.finos.legend.engine.plan.execution.PlanExecutor.execute(PlanExecutor.java:238)&#10;at org.finos.legend.engine.plan.execution.PlanExecutor.execute(PlanExecutor.java:225)&#10;at org.finos.legend.engine.plan.execution.api.ExecutePlan.doExecutePlanLegacy(ExecutePlan.java:102)&#10;at org.finos.legend.engine.plan.execution.api.ExecutePlan.doExecutePlan(ExecutePlan.java:84)&#10;at org.finos.legend.engine.plan.execution.api.ExecutePlanLegacy.executePlan(ExecutePlanLegacy.java:56)&#10;at jdk.internal.reflect.GeneratedMethodAccessor100.invoke(Unknown Source)&#10;at java.base/jdk.internal.reflect.DelegatingMethodAccessorImpl.invoke(DelegatingMethodAccessorImpl.java:43)&#10;at java.base/java.lang.reflect.Method.invoke(Method.java:566)&#10;at org.glassfish.jersey.server.model.internal.ResourceMethodInvocationHandlerFactory$1.invoke(ResourceMethodInvocationHandlerFactory.java:81)&#10;at org.glassfish.jersey.server.model.internal.AbstractJavaResourceMethodDispatcher$1.run(AbstractJavaResourceMethodDispatcher.java:144)&#10;at org.glassfish.jersey.server.model.internal.AbstractJavaResourceMethodDispatcher.invoke(AbstractJavaResourceMethodDispatcher.java:161)&#10;at org.glassfish.jersey.server.model.internal.JavaResourceMethodDispatcherProvider$ResponseOutInvoker.doDispatch(JavaResourceMethodDispatcherProvider.java:160)&#10;at org.glassfish.jersey.server.model.internal.AbstractJavaResourceMethodDispatcher.dispatch(AbstractJavaResourceMethodDispatcher.java:99)&#10;at org.glassfish.jersey.server.model.ResourceMethodInvoker.invoke(ResourceMethodInvoker.java:389)&#10;at org.glassfish.jersey.server.model.ResourceMethodInvoker.apply(ResourceMethodInvoker.java:347)&#10;at org.glassfish.jersey.server.model.ResourceMethodInvoker.apply(ResourceMethodInvoker.java:102)&#10;at org.glassfish.jersey.server.ServerRuntime$2.run(ServerRuntime.java:326)&#10;at org.glassfish.jersey.internal.Errors$1.call(Errors.java:271)&#10;at org.glassfish.jersey.internal.Errors$1.call(Errors.java:267)&#10;at org.glassfish.jersey.internal.Errors.process(Errors.java:315)&#10;at org.glassfish.jersey.internal.Errors.process(Errors.java:297)&#10;at org.glassfish.jersey.internal.Errors.process(Errors.java:267)&#10;at org.glassfish.jersey.process.internal.RequestScope.runInScope(RequestScope.java:317)&#10;at org.glassfish.jersey.server.ServerRuntime.process(ServerRuntime.java:305)&#10;at org.glassfish.jersey.server.ApplicationHandler.handle(ApplicationHandler.java:1154)&#10;at org.glassfish.jersey.servlet.WebComponent.serviceImpl(WebComponent.java:473)&#10;at org.glassfish.jersey.servlet.WebComponent.service(WebComponent.java:427)&#10;at org.glassfish.jersey.servlet.ServletContainer.service(ServletContainer.java:388)&#10;at org.glassfish.jersey.servlet.ServletContainer.service(ServletContainer.java:341)&#10;at org.glassfish.jersey.servlet.ServletContainer.service(ServletContainer.java:228)&#10;at org.eclipse.jetty.servlet.ServletHolder.handle(ServletHolder.java:799)&#10;at org.eclipse.jetty.servlet.ServletHandler$ChainEnd.doFilter(ServletHandler.java:1631)&#10;at io.dropwizard.servlets.ThreadNameFilter.doFilter(ThreadNameFilter.java:35)&#10;at org.eclipse.jetty.servlet.FilterHolder.doFilter(FilterHolder.java:193)&#10;at org.eclipse.jetty.servlet.ServletHandler$Chain.doFilter(ServletHandler.java:1601)&#10;at io.dropwizard.jersey.filter.AllowedMethodsFilter.handle(AllowedMethodsFilter.java:45)&#10;at io.dropwizard.jersey.filter.AllowedMethodsFilter.doFilter(AllowedMethodsFilter.java:39)&#10;at org.eclipse.jetty.servlet.FilterHolder.doFilter(FilterHolder.java:193)&#10;at org.eclipse.jetty.servlet.ServletHandler$Chain.doFilter(ServletHandler.java:1601)&#10;at org.finos.legend.server.pac4j.internal.UsernameFilter.doFilter(UsernameFilter.java:51)&#10;at org.eclipse.jetty.servlet.FilterHolder.doFilter(FilterHolder.java:193)&#10;at org.eclipse.jetty.servlet.ServletHandler$Chain.doFilter(ServletHandler.java:1601)&#10;at org.pac4j.j2e.filter.SecurityFilter.lambda$internalFilter$0(SecurityFilter.java:95)&#10;at org.pac4j.core.engine.DefaultSecurityLogic.perform(DefaultSecurityLogic.java:140)&#10;at org.pac4j.j2e.filter.SecurityFilter.internalFilter(SecurityFilter.java:93)&#10;at org.pac4j.j2e.filter.AbstractConfigFilter.doFilter(AbstractConfigFilter.java:81)&#10;at org.eclipse.jetty.servlet.FilterHolder.doFilter(FilterHolder.java:193)&#10;at org.eclipse.jetty.servlet.ServletHandler$Chain.doFilter(ServletHandler.java:1601)&#10;at org.eclipse.jetty.servlet.ServletHandler.doHandle(ServletHandler.java:548)&#10;at org.eclipse.jetty.server.handler.ScopedHandler.nextHandle(ScopedHandler.java:233)&#10;at org.eclipse.jetty.server.session.SessionHandler.doHandle(SessionHandler.java:1624)&#10;at org.eclipse.jetty.server.handler.ScopedHandler.nextHandle(ScopedHandler.java:233)&#10;at org.eclipse.jetty.server.handler.ContextHandler.doHandle(ContextHandler.java:1434)&#10;at org.eclipse.jetty.server.handler.ScopedHandler.nextScope(ScopedHandler.java:188)&#10;at org.eclipse.jetty.servlet.ServletHandler.doScope(ServletHandler.java:501)&#10;at org.eclipse.jetty.server.session.SessionHandler.doScope(SessionHandler.java:1594)&#10;at org.eclipse.jetty.server.handler.ScopedHandler.nextScope(ScopedHandler.java:186)&#10;at org.eclipse.jetty.server.handler.ContextHandler.doScope(ContextHandler.java:1349)&#10;at org.eclipse.jetty.server.handler.ScopedHandler.handle(ScopedHandler.java:141)&#10;at org.eclipse.jetty.server.handler.HandlerWrapper.handle(HandlerWrapper.java:127)&#10;at com.codahale.metrics.jetty9.InstrumentedHandler.handle(InstrumentedHandler.java:313)&#10;at io.dropwizard.jetty.ContextRoutingHandler.handle(ContextRoutingHandler.java:37)&#10;at org.eclipse.jetty.server.handler.gzip.GzipHandler.handle(GzipHandler.java:713)&#10;at io.dropwizard.jetty.BiDiGzipHandler.handle(BiDiGzipHandler.java:67)&#10;at org.eclipse.jetty.server.handler.StatisticsHandler.handle(StatisticsHandler.java:179)&#10;at org.eclipse.jetty.server.handler.HandlerWrapper.handle(HandlerWrapper.java:127)&#10;at org.eclipse.jetty.server.Server.handle(Server.java:516)&#10;at org.eclipse.jetty.server.HttpChannel.lambda$handle$1(HttpChannel.java:400)&#10;at org.eclipse.jetty.server.HttpChannel.dispatch(HttpChannel.java:645)&#10;at org.eclipse.jetty.server.HttpChannel.handle(HttpChannel.java:392)&#10;at org.eclipse.jetty.server.HttpConnection.onFillable(HttpConnection.java:277)&#10;at org.eclipse.jetty.io.AbstractConnection$ReadCallback.succeeded(AbstractConnection.java:311)&#10;at org.eclipse.jetty.io.FillInterest.fillable(FillInterest.java:105)&#10;at org.eclipse.jetty.io.ChannelEndPoint$1.run(ChannelEndPoint.java:104)&#10;at org.eclipse.jetty.util.thread.strategy.EatWhatYouKill.runTask(EatWhatYouKill.java:338)&#10;at org.eclipse.jetty.util.thread.strategy.EatWhatYouKill.doProduce(EatWhatYouKill.java:315)&#10;at org.eclipse.jetty.util.thread.strategy.EatWhatYouKill.tryProduce(EatWhatYouKill.java:173)&#10;at org.eclipse.jetty.util.thread.strategy.EatWhatYouKill.run(EatWhatYouKill.java:131)&#10;at org.eclipse.jetty.util.thread.ReservedThreadExecutor$ReservedThread.run(ReservedThreadExecutor.java:409)&#10;at org.eclipse.jetty.util.thread.QueuedThreadPool.runJob(QueuedThreadPool.java:883)&#10;at org.eclipse.jetty.util.thread.QueuedThreadPool$Runner.run(QueuedThreadPool.java:1034)&#10;at java.base/java.lang.Thread.run(Thread.java:829)&#10;Caused by: net.snowflake.client.jdbc.SnowflakeSQLException: SQL compilation error:&#10;Object &apos;PERSONTABLE&apos; does not exist or not authorized.&#10;at net.snowflake.client.jdbc.SnowflakeUtil.checkErrorAndThrowExceptionSub(SnowflakeUtil.java:127)&#10;at net.snowflake.client.jdbc.SnowflakeUtil.checkErrorAndThrowException(SnowflakeUtil.java:67)&#10;at net.snowflake.client.core.StmtUtil.pollForOutput(StmtUtil.java:442)&#10;at net.snowflake.client.core.StmtUtil.execute(StmtUtil.java:345)&#10;at net.snowflake.client.core.SFStatement.executeHelper(SFStatement.java:486)&#10;at net.snowflake.client.core.SFStatement.executeQueryInternal(SFStatement.java:197)&#10;at net.snowflake.client.core.SFStatement.executeQuery(SFStatement.java:134)&#10;at net.snowflake.client.core.SFStatement.execute(SFStatement.java:743)&#10;at net.snowflake.client.core.SFStatement.execute(SFStatement.java:639)&#10;at net.snowflake.client.jdbc.SnowflakeStatementV1.executeQueryInternal(SnowflakeStatementV1.java:238)&#10;at net.snowflake.client.jdbc.SnowflakeStatementV1.executeQuery(SnowflakeStatementV1.java:133)&#10;at com.zaxxer.hikari.pool.ProxyStatement.executeQuery(ProxyStatement.java:110)&#10;at com.zaxxer.hikari.pool.HikariProxyStatement.executeQuery(HikariProxyStatement.java)&#10;at org.finos.legend.engine.plan.execution.stores.relational.result.SQLExecutionResult.&lt;init&gt;(SQLExecutionResult.java:95)&#10;... 101 more&#10;&quot;}&apos;&quot;" type="Assert failure at (resource"><![CDATA[Assert failure at (resource:/platform/pure/basics/tests/assertEq.pure line:34 column:5), "500 '{"code":-1,"message":"SnowflakeSQLException: SQL compilation error:
Object 'PERSONTABLE' does not exist or not authorized.","status":"error","trace":"java.lang.RuntimeException: net.snowflake.client.jdbc.SnowflakeSQLException: SQL compilation error:
Object 'PERSONTABLE' does not exist or not authorized.
at org.finos.legend.engine.plan.execution.stores.relational.result.SQLExecutionResult.<init>(SQLExecutionResult.java:123)
at org.finos.legend.engine.plan.execution.stores.relational.RelationalExecutor.execute(RelationalExecutor.java:241)
at org.finos.legend.engine.plan.execution.stores.relational.plugin.RelationalExecutionNodeExecutor.visit(RelationalExecutionNodeExecutor.java:238)
at org.finos.legend.engine.plan.execution.stores.relational.plugin.RelationalExecutionNodeExecutor.visit(RelationalExecutionNodeExecutor.java:346)
at org.finos.legend.engine.plan.execution.stores.relational.plugin.RelationalExecutionNodeExecutor.visit(RelationalExecutionNodeExecutor.java:92)
at org.finos.legend.engine.protocol.pure.v1.model.executionPlan.nodes.RelationalDataTypeInstantiationExecutionNode.accept(RelationalDataTypeInstantiationExecutionNode.java:22)
at org.finos.legend.engine.plan.execution.stores.relational.RelationalExecutionExtension.lambda$getExtraNodeExecutors$fbe53481$1(RelationalExecutionExtension.java:50)
at org.finos.legend.engine.plan.execution.nodes.ExecutionNodeExecutor.lambda$visit$0(ExecutionNodeExecutor.java:164)
at java.base/java.util.stream.ReferencePipeline$3$1.accept(ReferencePipeline.java:195)
at java.base/java.util.Spliterators$ArraySpliterator.tryAdvance(Spliterators.java:958)
at java.base/java.util.stream.ReferencePipeline.forEachWithCancel(ReferencePipeline.java:127)
at java.base/java.util.stream.AbstractPipeline.copyIntoWithCancel(AbstractPipeline.java:502)
at java.base/java.util.stream.AbstractPipeline.copyInto(AbstractPipeline.java:488)
at java.base/java.util.stream.AbstractPipeline.wrapAndCopyInto(AbstractPipeline.java:474)
at java.base/java.util.stream.FindOps$FindOp.evaluateSequential(FindOps.java:150)
at java.base/java.util.stream.AbstractPipeline.evaluate(AbstractPipeline.java:234)
at java.base/java.util.stream.ReferencePipeline.findFirst(ReferencePipeline.java:543)
at org.finos.legend.engine.plan.execution.nodes.ExecutionNodeExecutor.visit(ExecutionNodeExecutor.java:164)
at org.finos.legend.engine.plan.execution.nodes.ExecutionNodeExecutor.visit(ExecutionNodeExecutor.java:107)
at org.finos.legend.engine.protocol.pure.v1.model.executionPlan.nodes.RelationalDataTypeInstantiationExecutionNode.accept(RelationalDataTypeInstantiationExecutionNode.java:22)
at org.finos.legend.engine.plan.execution.PlanExecutor.execute(PlanExecutor.java:238)
at org.finos.legend.engine.plan.execution.PlanExecutor.execute(PlanExecutor.java:225)
at org.finos.legend.engine.plan.execution.api.ExecutePlan.doExecutePlanLegacy(ExecutePlan.java:102)
at org.finos.legend.engine.plan.execution.api.ExecutePlan.doExecutePlan(ExecutePlan.java:84)
at org.finos.legend.engine.plan.execution.api.ExecutePlanLegacy.executePlan(ExecutePlanLegacy.java:56)
at jdk.internal.reflect.GeneratedMethodAccessor100.invoke(Unknown Source)
at java.base/jdk.internal.reflect.DelegatingMethodAccessorImpl.invoke(DelegatingMethodAccessorImpl.java:43)
at java.base/java.lang.reflect.Method.invoke(Method.java:566)
at org.glassfish.jersey.server.model.internal.ResourceMethodInvocationHandlerFactory$1.invoke(ResourceMethodInvocationHandlerFactory.java:81)
at org.glassfish.jersey.server.model.internal.AbstractJavaResourceMethodDispatcher$1.run(AbstractJavaResourceMethodDispatcher.java:144)
at org.glassfish.jersey.server.model.internal.AbstractJavaResourceMethodDispatcher.invoke(AbstractJavaResourceMethodDispatcher.java:161)
at org.glassfish.jersey.server.model.internal.JavaResourceMethodDispatcherProvider$ResponseOutInvoker.doDispatch(JavaResourceMethodDispatcherProvider.java:160)
at org.glassfish.jersey.server.model.internal.AbstractJavaResourceMethodDispatcher.dispatch(AbstractJavaResourceMethodDispatcher.java:99)
at org.glassfish.jersey.server.model.ResourceMethodInvoker.invoke(ResourceMethodInvoker.java:389)
at org.glassfish.jersey.server.model.ResourceMethodInvoker.apply(ResourceMethodInvoker.java:347)
at org.glassfish.jersey.server.model.ResourceMethodInvoker.apply(ResourceMethodInvoker.java:102)
at org.glassfish.jersey.server.ServerRuntime$2.run(ServerRuntime.java:326)
at org.glassfish.jersey.internal.Errors$1.call(Errors.java:271)
at org.glassfish.jersey.internal.Errors$1.call(Errors.java:267)
at org.glassfish.jersey.internal.Errors.process(Errors.java:315)
at org.glassfish.jersey.internal.Errors.process(Errors.java:297)
at org.glassfish.jersey.internal.Errors.process(Errors.java:267)
at org.glassfish.jersey.process.internal.RequestScope.runInScope(RequestScope.java:317)
at org.glassfish.jersey.server.ServerRuntime.process(ServerRuntime.java:305)
at org.glassfish.jersey.server.ApplicationHandler.handle(ApplicationHandler.java:1154)
at org.glassfish.jersey.servlet.WebComponent.serviceImpl(WebComponent.java:473)
at org.glassfish.jersey.servlet.WebComponent.service(WebComponent.java:427)
at org.glassfish.jersey.servlet.ServletContainer.service(ServletContainer.java:388)
at org.glassfish.jersey.servlet.ServletContainer.service(ServletContainer.java:341)
at org.glassfish.jersey.servlet.ServletContainer.service(ServletContainer.java:228)
at org.eclipse.jetty.servlet.ServletHolder.handle(ServletHolder.java:799)
at org.eclipse.jetty.servlet.ServletHandler$ChainEnd.doFilter(ServletHandler.java:1631)
at io.dropwizard.servlets.ThreadNameFilter.doFilter(ThreadNameFilter.java:35)
at org.eclipse.jetty.servlet.FilterHolder.doFilter(FilterHolder.java:193)
at org.eclipse.jetty.servlet.ServletHandler$Chain.doFilter(ServletHandler.java:1601)
at io.dropwizard.jersey.filter.AllowedMethodsFilter.handle(AllowedMethodsFilter.java:45)
at io.dropwizard.jersey.filter.AllowedMethodsFilter.doFilter(AllowedMethodsFilter.java:39)
at org.eclipse.jetty.servlet.FilterHolder.doFilter(FilterHolder.java:193)
at org.eclipse.jetty.servlet.ServletHandler$Chain.doFilter(ServletHandler.java:1601)
at org.finos.legend.server.pac4j.internal.UsernameFilter.doFilter(UsernameFilter.java:51)
at org.eclipse.jetty.servlet.FilterHolder.doFilter(FilterHolder.java:193)
at org.eclipse.jetty.servlet.ServletHandler$Chain.doFilter(ServletHandler.java:1601)
at org.pac4j.j2e.filter.SecurityFilter.lambda$internalFilter$0(SecurityFilter.java:95)
at org.pac4j.core.engine.DefaultSecurityLogic.perform(DefaultSecurityLogic.java:140)
at org.pac4j.j2e.filter.SecurityFilter.internalFilter(SecurityFilter.java:93)
at org.pac4j.j2e.filter.AbstractConfigFilter.doFilter(AbstractConfigFilter.java:81)
at org.eclipse.jetty.servlet.FilterHolder.doFilter(FilterHolder.java:193)
at org.eclipse.jetty.servlet.ServletHandler$Chain.doFilter(ServletHandler.java:1601)
at org.eclipse.jetty.servlet.ServletHandler.doHandle(ServletHandler.java:548)
at org.eclipse.jetty.server.handler.ScopedHandler.nextHandle(ScopedHandler.java:233)
at org.eclipse.jetty.server.session.SessionHandler.doHandle(SessionHandler.java:1624)
at org.eclipse.jetty.server.handler.ScopedHandler.nextHandle(ScopedHandler.java:233)
at org.eclipse.jetty.server.handler.ContextHandler.doHandle(ContextHandler.java:1434)
at org.eclipse.jetty.server.handler.ScopedHandler.nextScope(ScopedHandler.java:188)
at org.eclipse.jetty.servlet.ServletHandler.doScope(ServletHandler.java:501)
at org.eclipse.jetty.server.session.SessionHandler.doScope(SessionHandler.java:1594)
at org.eclipse.jetty.server.handler.ScopedHandler.nextScope(ScopedHandler.java:186)
at org.eclipse.jetty.server.handler.ContextHandler.doScope(ContextHandler.java:1349)
at org.eclipse.jetty.server.handler.ScopedHandler.handle(ScopedHandler.java:141)
at org.eclipse.jetty.server.handler.HandlerWrapper.handle(HandlerWrapper.java:127)
at com.codahale.metrics.jetty9.InstrumentedHandler.handle(InstrumentedHandler.java:313)
at io.dropwizard.jetty.ContextRoutingHandler.handle(ContextRoutingHandler.java:37)
at org.eclipse.jetty.server.handler.gzip.GzipHandler.handle(GzipHandler.java:713)
at io.dropwizard.jetty.BiDiGzipHandler.handle(BiDiGzipHandler.java:67)
at org.eclipse.jetty.server.handler.StatisticsHandler.handle(StatisticsHandler.java:179)
at org.eclipse.jetty.server.handler.HandlerWrapper.handle(HandlerWrapper.java:127)
at org.eclipse.jetty.server.Server.handle(Server.java:516)
at org.eclipse.jetty.server.HttpChannel.lambda$handle$1(HttpChannel.java:400)
at org.eclipse.jetty.server.HttpChannel.dispatch(HttpChannel.java:645)
at org.eclipse.jetty.server.HttpChannel.handle(HttpChannel.java:392)
at org.eclipse.jetty.server.HttpConnection.onFillable(HttpConnection.java:277)
at org.eclipse.jetty.io.AbstractConnection$ReadCallback.succeeded(AbstractConnection.java:311)
at org.eclipse.jetty.io.FillInterest.fillable(FillInterest.java:105)
at org.eclipse.jetty.io.ChannelEndPoint$1.run(ChannelEndPoint.java:104)
at org.eclipse.jetty.util.thread.strategy.EatWhatYouKill.runTask(EatWhatYouKill.java:338)
at org.eclipse.jetty.util.thread.strategy.EatWhatYouKill.doProduce(EatWhatYouKill.java:315)
at org.eclipse.jetty.util.thread.strategy.EatWhatYouKill.tryProduce(EatWhatYouKill.java:173)
at org.eclipse.jetty.util.thread.strategy.EatWhatYouKill.run(EatWhatYouKill.java:131)
at org.eclipse.jetty.util.thread.ReservedThreadExecutor$ReservedThread.run(ReservedThreadExecutor.java:409)
at org.eclipse.jetty.util.thread.QueuedThreadPool.runJob(QueuedThreadPool.java:883)
at org.eclipse.jetty.util.thread.QueuedThreadPool$Runner.run(QueuedThreadPool.java:1034)
at java.base/java.lang.Thread.run(Thread.java:829)
Caused by: net.snowflake.client.jdbc.SnowflakeSQLException: SQL compilation error:
Object 'PERSONTABLE' does not exist or not authorized.
at net.snowflake.client.jdbc.SnowflakeUtil.checkErrorAndThrowExceptionSub(SnowflakeUtil.java:127)
at net.snowflake.client.jdbc.SnowflakeUtil.checkErrorAndThrowException(SnowflakeUtil.java:67)
at net.snowflake.client.core.StmtUtil.pollForOutput(StmtUtil.java:442)
at net.snowflake.client.core.StmtUtil.execute(StmtUtil.java:345)
at net.snowflake.client.core.SFStatement.executeHelper(SFStatement.java:486)
at net.snowflake.client.core.SFStatement.executeQueryInternal(SFStatement.java:197)
at net.snowflake.client.core.SFStatement.executeQuery(SFStatement.java:134)
at net.snowflake.client.core.SFStatement.execute(SFStatement.java:743)
at net.snowflake.client.core.SFStatement.execute(SFStatement.java:639)
at net.snowflake.client.jdbc.SnowflakeStatementV1.executeQueryInternal(SnowflakeStatementV1.java:238)
at net.snowflake.client.jdbc.SnowflakeStatementV1.executeQuery(SnowflakeStatementV1.java:133)
at com.zaxxer.hikari.pool.ProxyStatement.executeQuery(ProxyStatement.java:110)
at com.zaxxer.hikari.pool.HikariProxyStatement.executeQuery(HikariProxyStatement.java)
at org.finos.legend.engine.plan.execution.stores.relational.result.SQLExecutionResult.<init>(SQLExecutionResult.java:95)
... 101 more
"}'"
	at org.finos.legend.pure.runtime.java.compiled.generation.processors.support.CompiledSupport.pureAssert(CompiledSupport.java:1994)
	at org.finos.legend.pure.generated.platform_pure_basics_tests_assertEq.Root_meta_pure_functions_asserts_assertEq_Any_1__Any_1__Function_1__Boolean_1_(platform_pure_basics_tests_assertEq.java:44)
	at org.finos.legend.pure.generated.core_pure_protocol_vX_X_X_invocations_execution.Root_meta_protocols_pure_vX_X_X_invocation_execution_execute_executePlan_String_1__String_1__Integer_1__String_1_(core_pure_protocol_vX_X_X_invocations_execution.java:751)
	at org.finos.legend.pure.generated.core_pure_protocol_vX_X_X_invocations_execution.Root_meta_protocols_pure_vX_X_X_invocation_execution_execute_executePlan_ExecutionPlan_1__String_1__Integer_1__Extension_MANY__String_1_(core_pure_protocol_vX_X_X_invocations_execution.java:745)
	at org.finos.legend.pure.generated.core_pure_protocol_vX_X_X_invocations_execution.Root_meta_protocols_pure_vX_X_X_invocation_execution_execute_executePlan_ExecutionPlan_1__ExecutionContext_$0_1$__String_1__Integer_1__Extension_MANY__Result_1_(core_pure_protocol_vX_X_X_invocations_execution.java:738)
	at jdk.internal.reflect.GeneratedMethodAccessor96.invoke(Unknown Source)
	at java.base/jdk.internal.reflect.DelegatingMethodAccessorImpl.invoke(DelegatingMethodAccessorImpl.java:43)
	at java.base/java.lang.reflect.Method.invoke(Method.java:566)
	at org.finos.legend.pure.runtime.java.compiled.metadata.JavaMethodWithParamsSharedPureFunction.execute(JavaMethodWithParamsSharedPureFunction.java:59)
	at org.finos.legend.pure.runtime.java.compiled.generation.processors.support.Pure._evaluateToMany(Pure.java:546)
	at org.finos.legend.pure.generated.CoreGen.evaluateToMany(CoreGen.java:147)
	at org.finos.legend.pure.generated.CoreGen.evaluateToMany(CoreGen.java:134)
	at org.finos.legend.pure.generated.core_pure_router_router_entry$9$1.value(core_pure_router_router_entry.java:318)
	at org.finos.legend.pure.generated.core_pure_router_router_entry$9$1.execute(core_pure_router_router_entry.java:311)
	at org.finos.legend.pure.generated.core_pure_router_router_entry$9$1.execute(core_pure_router_router_entry.java:307)
	at org.finos.legend.pure.runtime.java.compiled.generation.processors.support.Pure.evaluate(Pure.java:485)
	at org.finos.legend.pure.runtime.java.compiled.generation.processors.support.Pure.legendTest(Pure.java:216)
	at org.finos.legend.pure.generated.CoreGen.legendTest(CoreGen.java:61)
	at org.finos.legend.pure.generated.core_pure_router_router_entry$9.valueOf(core_pure_router_router_entry.java:303)
	at org.finos.legend.pure.generated.core_pure_router_router_entry$9.execute(core_pure_router_router_entry.java:298)
	at org.finos.legend.pure.generated.core_pure_router_router_entry$9.execute(core_pure_router_router_entry.java:294)
	at org.finos.legend.pure.runtime.java.compiled.generation.processors.support.Pure.evaluate(Pure.java:485)
	at org.finos.legend.pure.runtime.java.compiled.generation.processors.support.Pure.traceSpan(Pure.java:1482)
	at org.finos.legend.pure.generated.CoreGen.traceSpan(CoreGen.java:203)
	at org.finos.legend.pure.generated.core_pure_router_router_entry.Root_meta_pure_router_executePlan_ExecutionPlan_1__ExecutionContext_1__Extension_MANY__Result_$0_1$_(core_pure_router_router_entry.java:290)
	at org.finos.legend.pure.generated.core_pure_router_router_entry.Root_meta_pure_router_executePlan_ExecutionPlan_1__Extension_MANY__Result_$0_1$_(core_pure_router_router_entry.java:285)
	at org.finos.legend.pure.generated.core_relational_relational_sqlQueryToString_dbTestRunner_testRunner$20.execute(core_relational_relational_sqlQueryToString_dbTestRunner_testRunner.java:386)
	at org.finos.legend.pure.generated.core_relational_relational_sqlQueryToString_dbTestRunner_testRunner.Root_meta_relational_dbTestRunner_runSqlQueryTest_SQLQuery_1__Literal_$1_MANY$__Pair_MANY__Function_$0_1$__DbTestConfig_1__Boolean_1_(core_relational_relational_sqlQueryToString_dbTestRunner_testRunner.java:424)
	at org.finos.legend.pure.generated.core_relational_relational_sqlQueryToString_dbTestRunner_testRunner.Root_meta_relational_dbTestRunner_runSqlQueryTest_SQLQuery_1__Literal_$1_MANY$__Function_$0_1$__DbTestConfig_1__Boolean_1_(core_relational_relational_sqlQueryToString_dbTestRunner_testRunner.java:374)
	at org.finos.legend.pure.generated.core_relational_relational_sqlQueryToString_testSuite_selectSubClauses_aggregationDynaFns.Root_meta_relational_tests_dbSpecificTests_sqlQueryTests_selectSubClauses_aggregationDynaFns_max_testMax_DbTestConfig_1__Boolean_1_(core_relational_relational_sqlQueryToString_testSuite_selectSubClauses_aggregationDynaFns.java:182)
	at java.base/jdk.internal.reflect.NativeMethodAccessorImpl.invoke0(Native Method)
	at java.base/jdk.internal.reflect.NativeMethodAccessorImpl.invoke(NativeMethodAccessorImpl.java:62)
	at java.base/jdk.internal.reflect.DelegatingMethodAccessorImpl.invoke(DelegatingMethodAccessorImpl.java:43)
	at java.base/java.lang.reflect.Method.invoke(Method.java:566)
	at org.finos.legend.pure.runtime.java.compiled.testHelper.PureTestBuilderCompiled.executeFn(PureTestBuilderCompiled.java:113)
	at org.finos.legend.pure.runtime.java.compiled.testHelper.PureTestBuilderCompiled.lambda$buildSuite$0(PureTestBuilderCompiled.java:79)
	at org.finos.legend.pure.m3.execution.test.PureTestBuilder$PureTestCase.runTest(PureTestBuilder.java:95)
	at junit.framework.TestCase.runBare(TestCase.java:142)
	at org.finos.legend.engine.server.test.shared.Relational_DbSpecific_UsingPureClientTestSuite$2.runTest(Relational_DbSpecific_UsingPureClientTestSuite.java:90)
	at junit.framework.TestCase.runBare(TestCase.java:142)
	at junit.framework.TestResult$1.protect(TestResult.java:122)
	at junit.framework.TestResult.runProtected(TestResult.java:142)
	at junit.framework.TestResult.run(TestResult.java:125)
	at junit.framework.TestCase.run(TestCase.java:130)
	at junit.framework.TestSuite.runTest(TestSuite.java:241)
	at junit.framework.TestSuite.run(TestSuite.java:236)
	at junit.framework.TestSuite.runTest(TestSuite.java:241)
	at junit.framework.TestSuite.run(TestSuite.java:236)
	at junit.framework.TestSuite.runTest(TestSuite.java:241)
	at junit.framework.TestSuite.run(TestSuite.java:236)
	at junit.framework.TestSuite.runTest(TestSuite.java:241)
	at junit.framework.TestSuite.run(TestSuite.java:236)
	at junit.framework.TestSuite.runTest(TestSuite.java:241)
	at junit.framework.TestSuite.run(TestSuite.java:236)
	at junit.framework.TestSuite.runTest(TestSuite.java:241)
	at junit.framework.TestSuite.run(TestSuite.java:236)
	at junit.extensions.TestDecorator.basicRun(TestDecorator.java:24)
	at junit.extensions.TestSetup$1.protect(TestSetup.java:23)
	at junit.framework.TestResult.runProtected(TestResult.java:142)
	at junit.extensions.TestSetup.run(TestSetup.java:27)
	at org.junit.internal.runners.JUnit38ClassRunner.run(JUnit38ClassRunner.java:90)
	at org.apache.maven.surefire.junit4.JUnit4Provider.execute(JUnit4Provider.java:365)
	at org.apache.maven.surefire.junit4.JUnit4Provider.executeWithRerun(JUnit4Provider.java:273)
	at org.apache.maven.surefire.junit4.JUnit4Provider.executeTestSet(JUnit4Provider.java:238)
	at org.apache.maven.surefire.junit4.JUnit4Provider.invoke(JUnit4Provider.java:159)
	at org.apache.maven.surefire.booter.ForkedBooter.invokeProviderInSameClassLoader(ForkedBooter.java:384)
	at org.apache.maven.surefire.booter.ForkedBooter.runSuitesInProcess(ForkedBooter.java:345)
	at org.apache.maven.surefire.booter.ForkedBooter.execute(ForkedBooter.java:126)
	at org.apache.maven.surefire.booter.ForkedBooter.main(ForkedBooter.java:418)
]]></error>
    <system-out><![CDATA[Running db test selectSubClauses::aggregationDynaFns::max::testMax
{"duration":0.0,"eventType":"EXECUTION_PLAN_EXEC_ERROR","info":{"code":-1,"message":"SnowflakeSQLException: SQL compilation error:\nObject 'PERSONTABLE' does not exist or not authorized.","status":"error","trace":"java.lang.RuntimeException: net.snowflake.client.jdbc.SnowflakeSQLException: SQL compilation error:\nObject 'PERSONTABLE' does not exist or not authorized.\n\tat org.finos.legend.engine.plan.execution.stores.relational.result.SQLExecutionResult.<init>(SQLExecutionResult.java:123)\n\tat org.finos.legend.engine.plan.execution.stores.relational.RelationalExecutor.execute(RelationalExecutor.java:241)\n\tat org.finos.legend.engine.plan.execution.stores.relational.plugin.RelationalExecutionNodeExecutor.visit(RelationalExecutionNodeExecutor.java:238)\n\tat org.finos.legend.engine.plan.execution.stores.relational.plugin.RelationalExecutionNodeExecutor.visit(RelationalExecutionNodeExecutor.java:346)\n\tat org.finos.legend.engine.plan.execution.stores.relational.plugin.RelationalExecutionNodeExecutor.visit(RelationalExecutionNodeExecutor.java:92)\n\tat org.finos.legend.engine.protocol.pure.v1.model.executionPlan.nodes.RelationalDataTypeInstantiationExecutionNode.accept(RelationalDataTypeInstantiationExecutionNode.java:22)\n\tat org.finos.legend.engine.plan.execution.stores.relational.RelationalExecutionExtension.lambda$getExtraNodeExecutors$fbe53481$1(RelationalExecutionExtension.java:50)\n\tat org.finos.legend.engine.plan.execution.nodes.ExecutionNodeExecutor.lambda$visit$0(ExecutionNodeExecutor.java:164)\n\tat java.base/java.util.stream.ReferencePipeline$3$1.accept(ReferencePipeline.java:195)\n\tat java.base/java.util.Spliterators$ArraySpliterator.tryAdvance(Spliterators.java:958)\n\tat java.base/java.util.stream.ReferencePipeline.forEachWithCancel(ReferencePipeline.java:127)\n\tat java.base/java.util.stream.AbstractPipeline.copyIntoWithCancel(AbstractPipeline.java:502)\n\tat java.base/java.util.stream.AbstractPipeline.copyInto(AbstractPipeline.java:488)\n\tat java.base/java.util.stream.AbstractPipeline.wrapAndCopyInto(AbstractPipeline.java:474)\n\tat java.base/java.util.stream.FindOps$FindOp.evaluateSequential(FindOps.java:150)\n\tat java.base/java.util.stream.AbstractPipeline.evaluate(AbstractPipeline.java:234)\n\tat java.base/java.util.stream.ReferencePipeline.findFirst(ReferencePipeline.java:543)\n\tat org.finos.legend.engine.plan.execution.nodes.ExecutionNodeExecutor.visit(ExecutionNodeExecutor.java:164)\n\tat org.finos.legend.engine.plan.execution.nodes.ExecutionNodeExecutor.visit(ExecutionNodeExecutor.java:107)\n\tat org.finos.legend.engine.protocol.pure.v1.model.executionPlan.nodes.RelationalDataTypeInstantiationExecutionNode.accept(RelationalDataTypeInstantiationExecutionNode.java:22)\n\tat org.finos.legend.engine.plan.execution.PlanExecutor.execute(PlanExecutor.java:238)\n\tat org.finos.legend.engine.plan.execution.PlanExecutor.execute(PlanExecutor.java:225)\n\tat org.finos.legend.engine.plan.execution.api.ExecutePlan.doExecutePlanLegacy(ExecutePlan.java:102)\n\tat org.finos.legend.engine.plan.execution.api.ExecutePlan.doExecutePlan(ExecutePlan.java:84)\n\tat org.finos.legend.engine.plan.execution.api.ExecutePlanLegacy.executePlan(ExecutePlanLegacy.java:56)\n\tat jdk.internal.reflect.GeneratedMethodAccessor100.invoke(Unknown Source)\n\tat java.base/jdk.internal.reflect.DelegatingMethodAccessorImpl.invoke(DelegatingMethodAccessorImpl.java:43)\n\tat java.base/java.lang.reflect.Method.invoke(Method.java:566)\n\tat org.glassfish.jersey.server.model.internal.ResourceMethodInvocationHandlerFactory$1.invoke(ResourceMethodInvocationHandlerFactory.java:81)\n\tat org.glassfish.jersey.server.model.internal.AbstractJavaResourceMethodDispatcher$1.run(AbstractJavaResourceMethodDispatcher.java:144)\n\tat org.glassfish.jersey.server.model.internal.AbstractJavaResourceMethodDispatcher.invoke(AbstractJavaResourceMethodDispatcher.java:161)\n\tat org.glassfish.jersey.server.model.internal.JavaResourceMethodDispatcherProvider$ResponseOutInvoker.doDispatch(JavaResourceMethodDispatcherProvider.java:160)\n\tat org.glassfish.jersey.server.model.internal.AbstractJavaResourceMethodDispatcher.dispatch(AbstractJavaResourceMethodDispatcher.java:99)\n\tat org.glassfish.jersey.server.model.ResourceMethodInvoker.invoke(ResourceMethodInvoker.java:389)\n\tat org.glassfish.jersey.server.model.ResourceMethodInvoker.apply(ResourceMethodInvoker.java:347)\n\tat org.glassfish.jersey.server.model.ResourceMethodInvoker.apply(ResourceMethodInvoker.java:102)\n\tat org.glassfish.jersey.server.ServerRuntime$2.run(ServerRuntime.java:326)\n\tat org.glassfish.jersey.internal.Errors$1.call(Errors.java:271)\n\tat org.glassfish.jersey.internal.Errors$1.call(Errors.java:267)\n\tat org.glassfish.jersey.internal.Errors.process(Errors.java:315)\n\tat org.glassfish.jersey.internal.Errors.process(Errors.java:297)\n\tat org.glassfish.jersey.internal.Errors.process(Errors.java:267)\n\tat org.glassfish.jersey.process.internal.RequestScope.runInScope(RequestScope.java:317)\n\tat org.glassfish.jersey.server.ServerRuntime.process(ServerRuntime.java:305)\n\tat org.glassfish.jersey.server.ApplicationHandler.handle(ApplicationHandler.java:1154)\n\tat org.glassfish.jersey.servlet.WebComponent.serviceImpl(WebComponent.java:473)\n\tat org.glassfish.jersey.servlet.WebComponent.service(WebComponent.java:427)\n\tat org.glassfish.jersey.servlet.ServletContainer.service(ServletContainer.java:388)\n\tat org.glassfish.jersey.servlet.ServletContainer.service(ServletContainer.java:341)\n\tat org.glassfish.jersey.servlet.ServletContainer.service(ServletContainer.java:228)\n\tat org.eclipse.jetty.servlet.ServletHolder.handle(ServletHolder.java:799)\n\tat org.eclipse.jetty.servlet.ServletHandler$ChainEnd.doFilter(ServletHandler.java:1631)\n\tat io.dropwizard.servlets.ThreadNameFilter.doFilter(ThreadNameFilter.java:35)\n\tat org.eclipse.jetty.servlet.FilterHolder.doFilter(FilterHolder.java:193)\n\tat org.eclipse.jetty.servlet.ServletHandler$Chain.doFilter(ServletHandler.java:1601)\n\tat io.dropwizard.jersey.filter.AllowedMethodsFilter.handle(AllowedMethodsFilter.java:45)\n\tat io.dropwizard.jersey.filter.AllowedMethodsFilter.doFilter(AllowedMethodsFilter.java:39)\n\tat org.eclipse.jetty.servlet.FilterHolder.doFilter(FilterHolder.java:193)\n\tat org.eclipse.jetty.servlet.ServletHandler$Chain.doFilter(ServletHandler.java:1601)\n\tat org.finos.legend.server.pac4j.internal.UsernameFilter.doFilter(UsernameFilter.java:51)\n\tat org.eclipse.jetty.servlet.FilterHolder.doFilter(FilterHolder.java:193)\n\tat org.eclipse.jetty.servlet.ServletHandler$Chain.doFilter(ServletHandler.java:1601)\n\tat org.pac4j.j2e.filter.SecurityFilter.lambda$internalFilter$0(SecurityFilter.java:95)\n\tat org.pac4j.core.engine.DefaultSecurityLogic.perform(DefaultSecurityLogic.java:140)\n\tat org.pac4j.j2e.filter.SecurityFilter.internalFilter(SecurityFilter.java:93)\n\tat org.pac4j.j2e.filter.AbstractConfigFilter.doFilter(AbstractConfigFilter.java:81)\n\tat org.eclipse.jetty.servlet.FilterHolder.doFilter(FilterHolder.java:193)\n\tat org.eclipse.jetty.servlet.ServletHandler$Chain.doFilter(ServletHandler.java:1601)\n\tat org.eclipse.jetty.servlet.ServletHandler.doHandle(ServletHandler.java:548)\n\tat org.eclipse.jetty.server.handler.ScopedHandler.nextHandle(ScopedHandler.java:233)\n\tat org.eclipse.jetty.server.session.SessionHandler.doHandle(SessionHandler.java:1624)\n\tat org.eclipse.jetty.server.handler.ScopedHandler.nextHandle(ScopedHandler.java:233)\n\tat org.eclipse.jetty.server.handler.ContextHandler.doHandle(ContextHandler.java:1434)\n\tat org.eclipse.jetty.server.handler.ScopedHandler.nextScope(ScopedHandler.java:188)\n\tat org.eclipse.jetty.servlet.ServletHandler.doScope(ServletHandler.java:501)\n\tat org.eclipse.jetty.server.session.SessionHandler.doScope(SessionHandler.java:1594)\n\tat org.eclipse.jetty.server.handler.ScopedHandler.nextScope(ScopedHandler.java:186)\n\tat org.eclipse.jetty.server.handler.ContextHandler.doScope(ContextHandler.java:1349)\n\tat org.eclipse.jetty.server.handler.ScopedHandler.handle(ScopedHandler.java:141)\n\tat org.eclipse.jetty.server.handler.HandlerWrapper.handle(HandlerWrapper.java:127)\n\tat com.codahale.metrics.jetty9.InstrumentedHandler.handle(InstrumentedHandler.java:313)\n\tat io.dropwizard.jetty.ContextRoutingHandler.handle(ContextRoutingHandler.java:37)\n\tat org.eclipse.jetty.server.handler.gzip.GzipHandler.handle(GzipHandler.java:713)\n\tat io.dropwizard.jetty.BiDiGzipHandler.handle(BiDiGzipHandler.java:67)\n\tat org.eclipse.jetty.server.handler.StatisticsHandler.handle(StatisticsHandler.java:179)\n\tat org.eclipse.jetty.server.handler.HandlerWrapper.handle(HandlerWrapper.java:127)\n\tat org.eclipse.jetty.server.Server.handle(Server.java:516)\n\tat org.eclipse.jetty.server.HttpChannel.lambda$handle$1(HttpChannel.java:400)\n\tat org.eclipse.jetty.server.HttpChannel.dispatch(HttpChannel.java:645)\n\tat org.eclipse.jetty.server.HttpChannel.handle(HttpChannel.java:392)\n\tat org.eclipse.jetty.server.HttpConnection.onFillable(HttpConnection.java:277)\n\tat org.eclipse.jetty.io.AbstractConnection$ReadCallback.succeeded(AbstractConnection.java:311)\n\tat org.eclipse.jetty.io.FillInterest.fillable(FillInterest.java:105)\n\tat org.eclipse.jetty.io.ChannelEndPoint$1.run(ChannelEndPoint.java:104)\n\tat org.eclipse.jetty.util.thread.strategy.EatWhatYouKill.runTask(EatWhatYouKill.java:338)\n\tat org.eclipse.jetty.util.thread.strategy.EatWhatYouKill.doProduce(EatWhatYouKill.java:315)\n\tat org.eclipse.jetty.util.thread.strategy.EatWhatYouKill.tryProduce(EatWhatYouKill.java:173)\n\tat org.eclipse.jetty.util.thread.strategy.EatWhatYouKill.run(EatWhatYouKill.java:131)\n\tat org.eclipse.jetty.util.thread.ReservedThreadExecutor$ReservedThread.run(ReservedThreadExecutor.java:409)\n\tat org.eclipse.jetty.util.thread.QueuedThreadPool.runJob(QueuedThreadPool.java:883)\n\tat org.eclipse.jetty.util.thread.QueuedThreadPool$Runner.run(QueuedThreadPool.java:1034)\n\tat java.base/java.lang.Thread.run(Thread.java:829)\nCaused by: net.snowflake.client.jdbc.SnowflakeSQLException: SQL compilation error:\nObject 'PERSONTABLE' does not exist or not authorized.\n\tat net.snowflake.client.jdbc.SnowflakeUtil.checkErrorAndThrowExceptionSub(SnowflakeUtil.java:127)\n\tat net.snowflake.client.jdbc.SnowflakeUtil.checkErrorAndThrowException(SnowflakeUtil.java:67)\n\tat net.snowflake.client.core.StmtUtil.pollForOutput(StmtUtil.java:442)\n\tat net.snowflake.client.core.StmtUtil.execute(StmtUtil.java:345)\n\tat net.snowflake.client.core.SFStatement.executeHelper(SFStatement.java:486)\n\tat net.snowflake.client.core.SFStatement.executeQueryInternal(SFStatement.java:197)\n\tat net.snowflake.client.core.SFStatement.executeQuery(SFStatement.java:134)\n\tat net.snowflake.client.core.SFStatement.execute(SFStatement.java:743)\n\tat net.snowflake.client.core.SFStatement.execute(SFStatement.java:639)\n\tat net.snowflake.client.jdbc.SnowflakeStatementV1.executeQueryInternal(SnowflakeStatementV1.java:238)\n\tat net.snowflake.client.jdbc.SnowflakeStatementV1.executeQuery(SnowflakeStatementV1.java:133)\n\tat com.zaxxer.hikari.pool.ProxyStatement.executeQuery(ProxyStatement.java:110)\n\tat com.zaxxer.hikari.pool.HikariProxyStatement.executeQuery(HikariProxyStatement.java)\n\tat org.finos.legend.engine.plan.execution.stores.relational.result.SQLExecutionResult.<init>(SQLExecutionResult.java:95)\n\t... 101 more\n"},"mode":"DEV","timeStamp":"2023-02-23 01:31:30.831","user":"_UNKNOWN_"}
| **selectSubClauses::aggregationDynaFns::max::testMax** | failing :x: |
]]></system-out>
  </testcase>
  <testcase name="testMin[Snowflake]" classname="org.finos.legend.engine.server.test.shared.Relational_DbSpecific_UsingPureClientTestSuite$2" time="0.176">
    <error message="Assert failure at (resource:/platform/pure/basics/tests/assertEq.pure line:34 column:5), &quot;500 &apos;{&quot;code&quot;:-1,&quot;message&quot;:&quot;SnowflakeSQLException: SQL compilation error:&#10;Object &apos;PERSONTABLE&apos; does not exist or not authorized.&quot;,&quot;status&quot;:&quot;error&quot;,&quot;trace&quot;:&quot;java.lang.RuntimeException: net.snowflake.client.jdbc.SnowflakeSQLException: SQL compilation error:&#10;Object &apos;PERSONTABLE&apos; does not exist or not authorized.&#10;at org.finos.legend.engine.plan.execution.stores.relational.result.SQLExecutionResult.&lt;init&gt;(SQLExecutionResult.java:123)&#10;at org.finos.legend.engine.plan.execution.stores.relational.RelationalExecutor.execute(RelationalExecutor.java:241)&#10;at org.finos.legend.engine.plan.execution.stores.relational.plugin.RelationalExecutionNodeExecutor.visit(RelationalExecutionNodeExecutor.java:238)&#10;at org.finos.legend.engine.plan.execution.stores.relational.plugin.RelationalExecutionNodeExecutor.visit(RelationalExecutionNodeExecutor.java:346)&#10;at org.finos.legend.engine.plan.execution.stores.relational.plugin.RelationalExecutionNodeExecutor.visit(RelationalExecutionNodeExecutor.java:92)&#10;at org.finos.legend.engine.protocol.pure.v1.model.executionPlan.nodes.RelationalDataTypeInstantiationExecutionNode.accept(RelationalDataTypeInstantiationExecutionNode.java:22)&#10;at org.finos.legend.engine.plan.execution.stores.relational.RelationalExecutionExtension.lambda$getExtraNodeExecutors$fbe53481$1(RelationalExecutionExtension.java:50)&#10;at org.finos.legend.engine.plan.execution.nodes.ExecutionNodeExecutor.lambda$visit$0(ExecutionNodeExecutor.java:164)&#10;at java.base/java.util.stream.ReferencePipeline$3$1.accept(ReferencePipeline.java:195)&#10;at java.base/java.util.Spliterators$ArraySpliterator.tryAdvance(Spliterators.java:958)&#10;at java.base/java.util.stream.ReferencePipeline.forEachWithCancel(ReferencePipeline.java:127)&#10;at java.base/java.util.stream.AbstractPipeline.copyIntoWithCancel(AbstractPipeline.java:502)&#10;at java.base/java.util.stream.AbstractPipeline.copyInto(AbstractPipeline.java:488)&#10;at java.base/java.util.stream.AbstractPipeline.wrapAndCopyInto(AbstractPipeline.java:474)&#10;at java.base/java.util.stream.FindOps$FindOp.evaluateSequential(FindOps.java:150)&#10;at java.base/java.util.stream.AbstractPipeline.evaluate(AbstractPipeline.java:234)&#10;at java.base/java.util.stream.ReferencePipeline.findFirst(ReferencePipeline.java:543)&#10;at org.finos.legend.engine.plan.execution.nodes.ExecutionNodeExecutor.visit(ExecutionNodeExecutor.java:164)&#10;at org.finos.legend.engine.plan.execution.nodes.ExecutionNodeExecutor.visit(ExecutionNodeExecutor.java:107)&#10;at org.finos.legend.engine.protocol.pure.v1.model.executionPlan.nodes.RelationalDataTypeInstantiationExecutionNode.accept(RelationalDataTypeInstantiationExecutionNode.java:22)&#10;at org.finos.legend.engine.plan.execution.PlanExecutor.execute(PlanExecutor.java:238)&#10;at org.finos.legend.engine.plan.execution.PlanExecutor.execute(PlanExecutor.java:225)&#10;at org.finos.legend.engine.plan.execution.api.ExecutePlan.doExecutePlanLegacy(ExecutePlan.java:102)&#10;at org.finos.legend.engine.plan.execution.api.ExecutePlan.doExecutePlan(ExecutePlan.java:84)&#10;at org.finos.legend.engine.plan.execution.api.ExecutePlanLegacy.executePlan(ExecutePlanLegacy.java:56)&#10;at jdk.internal.reflect.GeneratedMethodAccessor100.invoke(Unknown Source)&#10;at java.base/jdk.internal.reflect.DelegatingMethodAccessorImpl.invoke(DelegatingMethodAccessorImpl.java:43)&#10;at java.base/java.lang.reflect.Method.invoke(Method.java:566)&#10;at org.glassfish.jersey.server.model.internal.ResourceMethodInvocationHandlerFactory$1.invoke(ResourceMethodInvocationHandlerFactory.java:81)&#10;at org.glassfish.jersey.server.model.internal.AbstractJavaResourceMethodDispatcher$1.run(AbstractJavaResourceMethodDispatcher.java:144)&#10;at org.glassfish.jersey.server.model.internal.AbstractJavaResourceMethodDispatcher.invoke(AbstractJavaResourceMethodDispatcher.java:161)&#10;at org.glassfish.jersey.server.model.internal.JavaResourceMethodDispatcherProvider$ResponseOutInvoker.doDispatch(JavaResourceMethodDispatcherProvider.java:160)&#10;at org.glassfish.jersey.server.model.internal.AbstractJavaResourceMethodDispatcher.dispatch(AbstractJavaResourceMethodDispatcher.java:99)&#10;at org.glassfish.jersey.server.model.ResourceMethodInvoker.invoke(ResourceMethodInvoker.java:389)&#10;at org.glassfish.jersey.server.model.ResourceMethodInvoker.apply(ResourceMethodInvoker.java:347)&#10;at org.glassfish.jersey.server.model.ResourceMethodInvoker.apply(ResourceMethodInvoker.java:102)&#10;at org.glassfish.jersey.server.ServerRuntime$2.run(ServerRuntime.java:326)&#10;at org.glassfish.jersey.internal.Errors$1.call(Errors.java:271)&#10;at org.glassfish.jersey.internal.Errors$1.call(Errors.java:267)&#10;at org.glassfish.jersey.internal.Errors.process(Errors.java:315)&#10;at org.glassfish.jersey.internal.Errors.process(Errors.java:297)&#10;at org.glassfish.jersey.internal.Errors.process(Errors.java:267)&#10;at org.glassfish.jersey.process.internal.RequestScope.runInScope(RequestScope.java:317)&#10;at org.glassfish.jersey.server.ServerRuntime.process(ServerRuntime.java:305)&#10;at org.glassfish.jersey.server.ApplicationHandler.handle(ApplicationHandler.java:1154)&#10;at org.glassfish.jersey.servlet.WebComponent.serviceImpl(WebComponent.java:473)&#10;at org.glassfish.jersey.servlet.WebComponent.service(WebComponent.java:427)&#10;at org.glassfish.jersey.servlet.ServletContainer.service(ServletContainer.java:388)&#10;at org.glassfish.jersey.servlet.ServletContainer.service(ServletContainer.java:341)&#10;at org.glassfish.jersey.servlet.ServletContainer.service(ServletContainer.java:228)&#10;at org.eclipse.jetty.servlet.ServletHolder.handle(ServletHolder.java:799)&#10;at org.eclipse.jetty.servlet.ServletHandler$ChainEnd.doFilter(ServletHandler.java:1631)&#10;at io.dropwizard.servlets.ThreadNameFilter.doFilter(ThreadNameFilter.java:35)&#10;at org.eclipse.jetty.servlet.FilterHolder.doFilter(FilterHolder.java:193)&#10;at org.eclipse.jetty.servlet.ServletHandler$Chain.doFilter(ServletHandler.java:1601)&#10;at io.dropwizard.jersey.filter.AllowedMethodsFilter.handle(AllowedMethodsFilter.java:45)&#10;at io.dropwizard.jersey.filter.AllowedMethodsFilter.doFilter(AllowedMethodsFilter.java:39)&#10;at org.eclipse.jetty.servlet.FilterHolder.doFilter(FilterHolder.java:193)&#10;at org.eclipse.jetty.servlet.ServletHandler$Chain.doFilter(ServletHandler.java:1601)&#10;at org.finos.legend.server.pac4j.internal.UsernameFilter.doFilter(UsernameFilter.java:51)&#10;at org.eclipse.jetty.servlet.FilterHolder.doFilter(FilterHolder.java:193)&#10;at org.eclipse.jetty.servlet.ServletHandler$Chain.doFilter(ServletHandler.java:1601)&#10;at org.pac4j.j2e.filter.SecurityFilter.lambda$internalFilter$0(SecurityFilter.java:95)&#10;at org.pac4j.core.engine.DefaultSecurityLogic.perform(DefaultSecurityLogic.java:140)&#10;at org.pac4j.j2e.filter.SecurityFilter.internalFilter(SecurityFilter.java:93)&#10;at org.pac4j.j2e.filter.AbstractConfigFilter.doFilter(AbstractConfigFilter.java:81)&#10;at org.eclipse.jetty.servlet.FilterHolder.doFilter(FilterHolder.java:193)&#10;at org.eclipse.jetty.servlet.ServletHandler$Chain.doFilter(ServletHandler.java:1601)&#10;at org.eclipse.jetty.servlet.ServletHandler.doHandle(ServletHandler.java:548)&#10;at org.eclipse.jetty.server.handler.ScopedHandler.nextHandle(ScopedHandler.java:233)&#10;at org.eclipse.jetty.server.session.SessionHandler.doHandle(SessionHandler.java:1624)&#10;at org.eclipse.jetty.server.handler.ScopedHandler.nextHandle(ScopedHandler.java:233)&#10;at org.eclipse.jetty.server.handler.ContextHandler.doHandle(ContextHandler.java:1434)&#10;at org.eclipse.jetty.server.handler.ScopedHandler.nextScope(ScopedHandler.java:188)&#10;at org.eclipse.jetty.servlet.ServletHandler.doScope(ServletHandler.java:501)&#10;at org.eclipse.jetty.server.session.SessionHandler.doScope(SessionHandler.java:1594)&#10;at org.eclipse.jetty.server.handler.ScopedHandler.nextScope(ScopedHandler.java:186)&#10;at org.eclipse.jetty.server.handler.ContextHandler.doScope(ContextHandler.java:1349)&#10;at org.eclipse.jetty.server.handler.ScopedHandler.handle(ScopedHandler.java:141)&#10;at org.eclipse.jetty.server.handler.HandlerWrapper.handle(HandlerWrapper.java:127)&#10;at com.codahale.metrics.jetty9.InstrumentedHandler.handle(InstrumentedHandler.java:313)&#10;at io.dropwizard.jetty.ContextRoutingHandler.handle(ContextRoutingHandler.java:37)&#10;at org.eclipse.jetty.server.handler.gzip.GzipHandler.handle(GzipHandler.java:713)&#10;at io.dropwizard.jetty.BiDiGzipHandler.handle(BiDiGzipHandler.java:67)&#10;at org.eclipse.jetty.server.handler.StatisticsHandler.handle(StatisticsHandler.java:179)&#10;at org.eclipse.jetty.server.handler.HandlerWrapper.handle(HandlerWrapper.java:127)&#10;at org.eclipse.jetty.server.Server.handle(Server.java:516)&#10;at org.eclipse.jetty.server.HttpChannel.lambda$handle$1(HttpChannel.java:400)&#10;at org.eclipse.jetty.server.HttpChannel.dispatch(HttpChannel.java:645)&#10;at org.eclipse.jetty.server.HttpChannel.handle(HttpChannel.java:392)&#10;at org.eclipse.jetty.server.HttpConnection.onFillable(HttpConnection.java:277)&#10;at org.eclipse.jetty.io.AbstractConnection$ReadCallback.succeeded(AbstractConnection.java:311)&#10;at org.eclipse.jetty.io.FillInterest.fillable(FillInterest.java:105)&#10;at org.eclipse.jetty.io.ChannelEndPoint$1.run(ChannelEndPoint.java:104)&#10;at org.eclipse.jetty.util.thread.strategy.EatWhatYouKill.runTask(EatWhatYouKill.java:338)&#10;at org.eclipse.jetty.util.thread.strategy.EatWhatYouKill.doProduce(EatWhatYouKill.java:315)&#10;at org.eclipse.jetty.util.thread.strategy.EatWhatYouKill.tryProduce(EatWhatYouKill.java:173)&#10;at org.eclipse.jetty.util.thread.strategy.EatWhatYouKill.run(EatWhatYouKill.java:131)&#10;at org.eclipse.jetty.util.thread.ReservedThreadExecutor$ReservedThread.run(ReservedThreadExecutor.java:409)&#10;at org.eclipse.jetty.util.thread.QueuedThreadPool.runJob(QueuedThreadPool.java:883)&#10;at org.eclipse.jetty.util.thread.QueuedThreadPool$Runner.run(QueuedThreadPool.java:1034)&#10;at java.base/java.lang.Thread.run(Thread.java:829)&#10;Caused by: net.snowflake.client.jdbc.SnowflakeSQLException: SQL compilation error:&#10;Object &apos;PERSONTABLE&apos; does not exist or not authorized.&#10;at net.snowflake.client.jdbc.SnowflakeUtil.checkErrorAndThrowExceptionSub(SnowflakeUtil.java:127)&#10;at net.snowflake.client.jdbc.SnowflakeUtil.checkErrorAndThrowException(SnowflakeUtil.java:67)&#10;at net.snowflake.client.core.StmtUtil.pollForOutput(StmtUtil.java:442)&#10;at net.snowflake.client.core.StmtUtil.execute(StmtUtil.java:345)&#10;at net.snowflake.client.core.SFStatement.executeHelper(SFStatement.java:486)&#10;at net.snowflake.client.core.SFStatement.executeQueryInternal(SFStatement.java:197)&#10;at net.snowflake.client.core.SFStatement.executeQuery(SFStatement.java:134)&#10;at net.snowflake.client.core.SFStatement.execute(SFStatement.java:743)&#10;at net.snowflake.client.core.SFStatement.execute(SFStatement.java:639)&#10;at net.snowflake.client.jdbc.SnowflakeStatementV1.executeQueryInternal(SnowflakeStatementV1.java:238)&#10;at net.snowflake.client.jdbc.SnowflakeStatementV1.executeQuery(SnowflakeStatementV1.java:133)&#10;at com.zaxxer.hikari.pool.ProxyStatement.executeQuery(ProxyStatement.java:110)&#10;at com.zaxxer.hikari.pool.HikariProxyStatement.executeQuery(HikariProxyStatement.java)&#10;at org.finos.legend.engine.plan.execution.stores.relational.result.SQLExecutionResult.&lt;init&gt;(SQLExecutionResult.java:95)&#10;... 101 more&#10;&quot;}&apos;&quot;" type="Assert failure at (resource"><![CDATA[Assert failure at (resource:/platform/pure/basics/tests/assertEq.pure line:34 column:5), "500 '{"code":-1,"message":"SnowflakeSQLException: SQL compilation error:
Object 'PERSONTABLE' does not exist or not authorized.","status":"error","trace":"java.lang.RuntimeException: net.snowflake.client.jdbc.SnowflakeSQLException: SQL compilation error:
Object 'PERSONTABLE' does not exist or not authorized.
at org.finos.legend.engine.plan.execution.stores.relational.result.SQLExecutionResult.<init>(SQLExecutionResult.java:123)
at org.finos.legend.engine.plan.execution.stores.relational.RelationalExecutor.execute(RelationalExecutor.java:241)
at org.finos.legend.engine.plan.execution.stores.relational.plugin.RelationalExecutionNodeExecutor.visit(RelationalExecutionNodeExecutor.java:238)
at org.finos.legend.engine.plan.execution.stores.relational.plugin.RelationalExecutionNodeExecutor.visit(RelationalExecutionNodeExecutor.java:346)
at org.finos.legend.engine.plan.execution.stores.relational.plugin.RelationalExecutionNodeExecutor.visit(RelationalExecutionNodeExecutor.java:92)
at org.finos.legend.engine.protocol.pure.v1.model.executionPlan.nodes.RelationalDataTypeInstantiationExecutionNode.accept(RelationalDataTypeInstantiationExecutionNode.java:22)
at org.finos.legend.engine.plan.execution.stores.relational.RelationalExecutionExtension.lambda$getExtraNodeExecutors$fbe53481$1(RelationalExecutionExtension.java:50)
at org.finos.legend.engine.plan.execution.nodes.ExecutionNodeExecutor.lambda$visit$0(ExecutionNodeExecutor.java:164)
at java.base/java.util.stream.ReferencePipeline$3$1.accept(ReferencePipeline.java:195)
at java.base/java.util.Spliterators$ArraySpliterator.tryAdvance(Spliterators.java:958)
at java.base/java.util.stream.ReferencePipeline.forEachWithCancel(ReferencePipeline.java:127)
at java.base/java.util.stream.AbstractPipeline.copyIntoWithCancel(AbstractPipeline.java:502)
at java.base/java.util.stream.AbstractPipeline.copyInto(AbstractPipeline.java:488)
at java.base/java.util.stream.AbstractPipeline.wrapAndCopyInto(AbstractPipeline.java:474)
at java.base/java.util.stream.FindOps$FindOp.evaluateSequential(FindOps.java:150)
at java.base/java.util.stream.AbstractPipeline.evaluate(AbstractPipeline.java:234)
at java.base/java.util.stream.ReferencePipeline.findFirst(ReferencePipeline.java:543)
at org.finos.legend.engine.plan.execution.nodes.ExecutionNodeExecutor.visit(ExecutionNodeExecutor.java:164)
at org.finos.legend.engine.plan.execution.nodes.ExecutionNodeExecutor.visit(ExecutionNodeExecutor.java:107)
at org.finos.legend.engine.protocol.pure.v1.model.executionPlan.nodes.RelationalDataTypeInstantiationExecutionNode.accept(RelationalDataTypeInstantiationExecutionNode.java:22)
at org.finos.legend.engine.plan.execution.PlanExecutor.execute(PlanExecutor.java:238)
at org.finos.legend.engine.plan.execution.PlanExecutor.execute(PlanExecutor.java:225)
at org.finos.legend.engine.plan.execution.api.ExecutePlan.doExecutePlanLegacy(ExecutePlan.java:102)
at org.finos.legend.engine.plan.execution.api.ExecutePlan.doExecutePlan(ExecutePlan.java:84)
at org.finos.legend.engine.plan.execution.api.ExecutePlanLegacy.executePlan(ExecutePlanLegacy.java:56)
at jdk.internal.reflect.GeneratedMethodAccessor100.invoke(Unknown Source)
at java.base/jdk.internal.reflect.DelegatingMethodAccessorImpl.invoke(DelegatingMethodAccessorImpl.java:43)
at java.base/java.lang.reflect.Method.invoke(Method.java:566)
at org.glassfish.jersey.server.model.internal.ResourceMethodInvocationHandlerFactory$1.invoke(ResourceMethodInvocationHandlerFactory.java:81)
at org.glassfish.jersey.server.model.internal.AbstractJavaResourceMethodDispatcher$1.run(AbstractJavaResourceMethodDispatcher.java:144)
at org.glassfish.jersey.server.model.internal.AbstractJavaResourceMethodDispatcher.invoke(AbstractJavaResourceMethodDispatcher.java:161)
at org.glassfish.jersey.server.model.internal.JavaResourceMethodDispatcherProvider$ResponseOutInvoker.doDispatch(JavaResourceMethodDispatcherProvider.java:160)
at org.glassfish.jersey.server.model.internal.AbstractJavaResourceMethodDispatcher.dispatch(AbstractJavaResourceMethodDispatcher.java:99)
at org.glassfish.jersey.server.model.ResourceMethodInvoker.invoke(ResourceMethodInvoker.java:389)
at org.glassfish.jersey.server.model.ResourceMethodInvoker.apply(ResourceMethodInvoker.java:347)
at org.glassfish.jersey.server.model.ResourceMethodInvoker.apply(ResourceMethodInvoker.java:102)
at org.glassfish.jersey.server.ServerRuntime$2.run(ServerRuntime.java:326)
at org.glassfish.jersey.internal.Errors$1.call(Errors.java:271)
at org.glassfish.jersey.internal.Errors$1.call(Errors.java:267)
at org.glassfish.jersey.internal.Errors.process(Errors.java:315)
at org.glassfish.jersey.internal.Errors.process(Errors.java:297)
at org.glassfish.jersey.internal.Errors.process(Errors.java:267)
at org.glassfish.jersey.process.internal.RequestScope.runInScope(RequestScope.java:317)
at org.glassfish.jersey.server.ServerRuntime.process(ServerRuntime.java:305)
at org.glassfish.jersey.server.ApplicationHandler.handle(ApplicationHandler.java:1154)
at org.glassfish.jersey.servlet.WebComponent.serviceImpl(WebComponent.java:473)
at org.glassfish.jersey.servlet.WebComponent.service(WebComponent.java:427)
at org.glassfish.jersey.servlet.ServletContainer.service(ServletContainer.java:388)
at org.glassfish.jersey.servlet.ServletContainer.service(ServletContainer.java:341)
at org.glassfish.jersey.servlet.ServletContainer.service(ServletContainer.java:228)
at org.eclipse.jetty.servlet.ServletHolder.handle(ServletHolder.java:799)
at org.eclipse.jetty.servlet.ServletHandler$ChainEnd.doFilter(ServletHandler.java:1631)
at io.dropwizard.servlets.ThreadNameFilter.doFilter(ThreadNameFilter.java:35)
at org.eclipse.jetty.servlet.FilterHolder.doFilter(FilterHolder.java:193)
at org.eclipse.jetty.servlet.ServletHandler$Chain.doFilter(ServletHandler.java:1601)
at io.dropwizard.jersey.filter.AllowedMethodsFilter.handle(AllowedMethodsFilter.java:45)
at io.dropwizard.jersey.filter.AllowedMethodsFilter.doFilter(AllowedMethodsFilter.java:39)
at org.eclipse.jetty.servlet.FilterHolder.doFilter(FilterHolder.java:193)
at org.eclipse.jetty.servlet.ServletHandler$Chain.doFilter(ServletHandler.java:1601)
at org.finos.legend.server.pac4j.internal.UsernameFilter.doFilter(UsernameFilter.java:51)
at org.eclipse.jetty.servlet.FilterHolder.doFilter(FilterHolder.java:193)
at org.eclipse.jetty.servlet.ServletHandler$Chain.doFilter(ServletHandler.java:1601)
at org.pac4j.j2e.filter.SecurityFilter.lambda$internalFilter$0(SecurityFilter.java:95)
at org.pac4j.core.engine.DefaultSecurityLogic.perform(DefaultSecurityLogic.java:140)
at org.pac4j.j2e.filter.SecurityFilter.internalFilter(SecurityFilter.java:93)
at org.pac4j.j2e.filter.AbstractConfigFilter.doFilter(AbstractConfigFilter.java:81)
at org.eclipse.jetty.servlet.FilterHolder.doFilter(FilterHolder.java:193)
at org.eclipse.jetty.servlet.ServletHandler$Chain.doFilter(ServletHandler.java:1601)
at org.eclipse.jetty.servlet.ServletHandler.doHandle(ServletHandler.java:548)
at org.eclipse.jetty.server.handler.ScopedHandler.nextHandle(ScopedHandler.java:233)
at org.eclipse.jetty.server.session.SessionHandler.doHandle(SessionHandler.java:1624)
at org.eclipse.jetty.server.handler.ScopedHandler.nextHandle(ScopedHandler.java:233)
at org.eclipse.jetty.server.handler.ContextHandler.doHandle(ContextHandler.java:1434)
at org.eclipse.jetty.server.handler.ScopedHandler.nextScope(ScopedHandler.java:188)
at org.eclipse.jetty.servlet.ServletHandler.doScope(ServletHandler.java:501)
at org.eclipse.jetty.server.session.SessionHandler.doScope(SessionHandler.java:1594)
at org.eclipse.jetty.server.handler.ScopedHandler.nextScope(ScopedHandler.java:186)
at org.eclipse.jetty.server.handler.ContextHandler.doScope(ContextHandler.java:1349)
at org.eclipse.jetty.server.handler.ScopedHandler.handle(ScopedHandler.java:141)
at org.eclipse.jetty.server.handler.HandlerWrapper.handle(HandlerWrapper.java:127)
at com.codahale.metrics.jetty9.InstrumentedHandler.handle(InstrumentedHandler.java:313)
at io.dropwizard.jetty.ContextRoutingHandler.handle(ContextRoutingHandler.java:37)
at org.eclipse.jetty.server.handler.gzip.GzipHandler.handle(GzipHandler.java:713)
at io.dropwizard.jetty.BiDiGzipHandler.handle(BiDiGzipHandler.java:67)
at org.eclipse.jetty.server.handler.StatisticsHandler.handle(StatisticsHandler.java:179)
at org.eclipse.jetty.server.handler.HandlerWrapper.handle(HandlerWrapper.java:127)
at org.eclipse.jetty.server.Server.handle(Server.java:516)
at org.eclipse.jetty.server.HttpChannel.lambda$handle$1(HttpChannel.java:400)
at org.eclipse.jetty.server.HttpChannel.dispatch(HttpChannel.java:645)
at org.eclipse.jetty.server.HttpChannel.handle(HttpChannel.java:392)
at org.eclipse.jetty.server.HttpConnection.onFillable(HttpConnection.java:277)
at org.eclipse.jetty.io.AbstractConnection$ReadCallback.succeeded(AbstractConnection.java:311)
at org.eclipse.jetty.io.FillInterest.fillable(FillInterest.java:105)
at org.eclipse.jetty.io.ChannelEndPoint$1.run(ChannelEndPoint.java:104)
at org.eclipse.jetty.util.thread.strategy.EatWhatYouKill.runTask(EatWhatYouKill.java:338)
at org.eclipse.jetty.util.thread.strategy.EatWhatYouKill.doProduce(EatWhatYouKill.java:315)
at org.eclipse.jetty.util.thread.strategy.EatWhatYouKill.tryProduce(EatWhatYouKill.java:173)
at org.eclipse.jetty.util.thread.strategy.EatWhatYouKill.run(EatWhatYouKill.java:131)
at org.eclipse.jetty.util.thread.ReservedThreadExecutor$ReservedThread.run(ReservedThreadExecutor.java:409)
at org.eclipse.jetty.util.thread.QueuedThreadPool.runJob(QueuedThreadPool.java:883)
at org.eclipse.jetty.util.thread.QueuedThreadPool$Runner.run(QueuedThreadPool.java:1034)
at java.base/java.lang.Thread.run(Thread.java:829)
Caused by: net.snowflake.client.jdbc.SnowflakeSQLException: SQL compilation error:
Object 'PERSONTABLE' does not exist or not authorized.
at net.snowflake.client.jdbc.SnowflakeUtil.checkErrorAndThrowExceptionSub(SnowflakeUtil.java:127)
at net.snowflake.client.jdbc.SnowflakeUtil.checkErrorAndThrowException(SnowflakeUtil.java:67)
at net.snowflake.client.core.StmtUtil.pollForOutput(StmtUtil.java:442)
at net.snowflake.client.core.StmtUtil.execute(StmtUtil.java:345)
at net.snowflake.client.core.SFStatement.executeHelper(SFStatement.java:486)
at net.snowflake.client.core.SFStatement.executeQueryInternal(SFStatement.java:197)
at net.snowflake.client.core.SFStatement.executeQuery(SFStatement.java:134)
at net.snowflake.client.core.SFStatement.execute(SFStatement.java:743)
at net.snowflake.client.core.SFStatement.execute(SFStatement.java:639)
at net.snowflake.client.jdbc.SnowflakeStatementV1.executeQueryInternal(SnowflakeStatementV1.java:238)
at net.snowflake.client.jdbc.SnowflakeStatementV1.executeQuery(SnowflakeStatementV1.java:133)
at com.zaxxer.hikari.pool.ProxyStatement.executeQuery(ProxyStatement.java:110)
at com.zaxxer.hikari.pool.HikariProxyStatement.executeQuery(HikariProxyStatement.java)
at org.finos.legend.engine.plan.execution.stores.relational.result.SQLExecutionResult.<init>(SQLExecutionResult.java:95)
... 101 more
"}'"
	at org.finos.legend.pure.runtime.java.compiled.generation.processors.support.CompiledSupport.pureAssert(CompiledSupport.java:1994)
	at org.finos.legend.pure.generated.platform_pure_basics_tests_assertEq.Root_meta_pure_functions_asserts_assertEq_Any_1__Any_1__Function_1__Boolean_1_(platform_pure_basics_tests_assertEq.java:44)
	at org.finos.legend.pure.generated.core_pure_protocol_vX_X_X_invocations_execution.Root_meta_protocols_pure_vX_X_X_invocation_execution_execute_executePlan_String_1__String_1__Integer_1__String_1_(core_pure_protocol_vX_X_X_invocations_execution.java:751)
	at org.finos.legend.pure.generated.core_pure_protocol_vX_X_X_invocations_execution.Root_meta_protocols_pure_vX_X_X_invocation_execution_execute_executePlan_ExecutionPlan_1__String_1__Integer_1__Extension_MANY__String_1_(core_pure_protocol_vX_X_X_invocations_execution.java:745)
	at org.finos.legend.pure.generated.core_pure_protocol_vX_X_X_invocations_execution.Root_meta_protocols_pure_vX_X_X_invocation_execution_execute_executePlan_ExecutionPlan_1__ExecutionContext_$0_1$__String_1__Integer_1__Extension_MANY__Result_1_(core_pure_protocol_vX_X_X_invocations_execution.java:738)
	at jdk.internal.reflect.GeneratedMethodAccessor96.invoke(Unknown Source)
	at java.base/jdk.internal.reflect.DelegatingMethodAccessorImpl.invoke(DelegatingMethodAccessorImpl.java:43)
	at java.base/java.lang.reflect.Method.invoke(Method.java:566)
	at org.finos.legend.pure.runtime.java.compiled.metadata.JavaMethodWithParamsSharedPureFunction.execute(JavaMethodWithParamsSharedPureFunction.java:59)
	at org.finos.legend.pure.runtime.java.compiled.generation.processors.support.Pure._evaluateToMany(Pure.java:546)
	at org.finos.legend.pure.generated.CoreGen.evaluateToMany(CoreGen.java:147)
	at org.finos.legend.pure.generated.CoreGen.evaluateToMany(CoreGen.java:134)
	at org.finos.legend.pure.generated.core_pure_router_router_entry$9$1.value(core_pure_router_router_entry.java:318)
	at org.finos.legend.pure.generated.core_pure_router_router_entry$9$1.execute(core_pure_router_router_entry.java:311)
	at org.finos.legend.pure.generated.core_pure_router_router_entry$9$1.execute(core_pure_router_router_entry.java:307)
	at org.finos.legend.pure.runtime.java.compiled.generation.processors.support.Pure.evaluate(Pure.java:485)
	at org.finos.legend.pure.runtime.java.compiled.generation.processors.support.Pure.legendTest(Pure.java:216)
	at org.finos.legend.pure.generated.CoreGen.legendTest(CoreGen.java:61)
	at org.finos.legend.pure.generated.core_pure_router_router_entry$9.valueOf(core_pure_router_router_entry.java:303)
	at org.finos.legend.pure.generated.core_pure_router_router_entry$9.execute(core_pure_router_router_entry.java:298)
	at org.finos.legend.pure.generated.core_pure_router_router_entry$9.execute(core_pure_router_router_entry.java:294)
	at org.finos.legend.pure.runtime.java.compiled.generation.processors.support.Pure.evaluate(Pure.java:485)
	at org.finos.legend.pure.runtime.java.compiled.generation.processors.support.Pure.traceSpan(Pure.java:1482)
	at org.finos.legend.pure.generated.CoreGen.traceSpan(CoreGen.java:203)
	at org.finos.legend.pure.generated.core_pure_router_router_entry.Root_meta_pure_router_executePlan_ExecutionPlan_1__ExecutionContext_1__Extension_MANY__Result_$0_1$_(core_pure_router_router_entry.java:290)
	at org.finos.legend.pure.generated.core_pure_router_router_entry.Root_meta_pure_router_executePlan_ExecutionPlan_1__Extension_MANY__Result_$0_1$_(core_pure_router_router_entry.java:285)
	at org.finos.legend.pure.generated.core_relational_relational_sqlQueryToString_dbTestRunner_testRunner$20.execute(core_relational_relational_sqlQueryToString_dbTestRunner_testRunner.java:386)
	at org.finos.legend.pure.generated.core_relational_relational_sqlQueryToString_dbTestRunner_testRunner.Root_meta_relational_dbTestRunner_runSqlQueryTest_SQLQuery_1__Literal_$1_MANY$__Pair_MANY__Function_$0_1$__DbTestConfig_1__Boolean_1_(core_relational_relational_sqlQueryToString_dbTestRunner_testRunner.java:424)
	at org.finos.legend.pure.generated.core_relational_relational_sqlQueryToString_dbTestRunner_testRunner.Root_meta_relational_dbTestRunner_runSqlQueryTest_SQLQuery_1__Literal_$1_MANY$__Function_$0_1$__DbTestConfig_1__Boolean_1_(core_relational_relational_sqlQueryToString_dbTestRunner_testRunner.java:374)
	at org.finos.legend.pure.generated.core_relational_relational_sqlQueryToString_testSuite_selectSubClauses_aggregationDynaFns.Root_meta_relational_tests_dbSpecificTests_sqlQueryTests_selectSubClauses_aggregationDynaFns_min_testMin_DbTestConfig_1__Boolean_1_(core_relational_relational_sqlQueryToString_testSuite_selectSubClauses_aggregationDynaFns.java:192)
	at java.base/jdk.internal.reflect.NativeMethodAccessorImpl.invoke0(Native Method)
	at java.base/jdk.internal.reflect.NativeMethodAccessorImpl.invoke(NativeMethodAccessorImpl.java:62)
	at java.base/jdk.internal.reflect.DelegatingMethodAccessorImpl.invoke(DelegatingMethodAccessorImpl.java:43)
	at java.base/java.lang.reflect.Method.invoke(Method.java:566)
	at org.finos.legend.pure.runtime.java.compiled.testHelper.PureTestBuilderCompiled.executeFn(PureTestBuilderCompiled.java:113)
	at org.finos.legend.pure.runtime.java.compiled.testHelper.PureTestBuilderCompiled.lambda$buildSuite$0(PureTestBuilderCompiled.java:79)
	at org.finos.legend.pure.m3.execution.test.PureTestBuilder$PureTestCase.runTest(PureTestBuilder.java:95)
	at junit.framework.TestCase.runBare(TestCase.java:142)
	at org.finos.legend.engine.server.test.shared.Relational_DbSpecific_UsingPureClientTestSuite$2.runTest(Relational_DbSpecific_UsingPureClientTestSuite.java:90)
	at junit.framework.TestCase.runBare(TestCase.java:142)
	at junit.framework.TestResult$1.protect(TestResult.java:122)
	at junit.framework.TestResult.runProtected(TestResult.java:142)
	at junit.framework.TestResult.run(TestResult.java:125)
	at junit.framework.TestCase.run(TestCase.java:130)
	at junit.framework.TestSuite.runTest(TestSuite.java:241)
	at junit.framework.TestSuite.run(TestSuite.java:236)
	at junit.framework.TestSuite.runTest(TestSuite.java:241)
	at junit.framework.TestSuite.run(TestSuite.java:236)
	at junit.framework.TestSuite.runTest(TestSuite.java:241)
	at junit.framework.TestSuite.run(TestSuite.java:236)
	at junit.framework.TestSuite.runTest(TestSuite.java:241)
	at junit.framework.TestSuite.run(TestSuite.java:236)
	at junit.framework.TestSuite.runTest(TestSuite.java:241)
	at junit.framework.TestSuite.run(TestSuite.java:236)
	at junit.framework.TestSuite.runTest(TestSuite.java:241)
	at junit.framework.TestSuite.run(TestSuite.java:236)
	at junit.extensions.TestDecorator.basicRun(TestDecorator.java:24)
	at junit.extensions.TestSetup$1.protect(TestSetup.java:23)
	at junit.framework.TestResult.runProtected(TestResult.java:142)
	at junit.extensions.TestSetup.run(TestSetup.java:27)
	at org.junit.internal.runners.JUnit38ClassRunner.run(JUnit38ClassRunner.java:90)
	at org.apache.maven.surefire.junit4.JUnit4Provider.execute(JUnit4Provider.java:365)
	at org.apache.maven.surefire.junit4.JUnit4Provider.executeWithRerun(JUnit4Provider.java:273)
	at org.apache.maven.surefire.junit4.JUnit4Provider.executeTestSet(JUnit4Provider.java:238)
	at org.apache.maven.surefire.junit4.JUnit4Provider.invoke(JUnit4Provider.java:159)
	at org.apache.maven.surefire.booter.ForkedBooter.invokeProviderInSameClassLoader(ForkedBooter.java:384)
	at org.apache.maven.surefire.booter.ForkedBooter.runSuitesInProcess(ForkedBooter.java:345)
	at org.apache.maven.surefire.booter.ForkedBooter.execute(ForkedBooter.java:126)
	at org.apache.maven.surefire.booter.ForkedBooter.main(ForkedBooter.java:418)
]]></error>
    <system-out><![CDATA[Running db test selectSubClauses::aggregationDynaFns::min::testMin
{"duration":0.0,"eventType":"EXECUTION_PLAN_EXEC_ERROR","info":{"code":-1,"message":"SnowflakeSQLException: SQL compilation error:\nObject 'PERSONTABLE' does not exist or not authorized.","status":"error","trace":"java.lang.RuntimeException: net.snowflake.client.jdbc.SnowflakeSQLException: SQL compilation error:\nObject 'PERSONTABLE' does not exist or not authorized.\n\tat org.finos.legend.engine.plan.execution.stores.relational.result.SQLExecutionResult.<init>(SQLExecutionResult.java:123)\n\tat org.finos.legend.engine.plan.execution.stores.relational.RelationalExecutor.execute(RelationalExecutor.java:241)\n\tat org.finos.legend.engine.plan.execution.stores.relational.plugin.RelationalExecutionNodeExecutor.visit(RelationalExecutionNodeExecutor.java:238)\n\tat org.finos.legend.engine.plan.execution.stores.relational.plugin.RelationalExecutionNodeExecutor.visit(RelationalExecutionNodeExecutor.java:346)\n\tat org.finos.legend.engine.plan.execution.stores.relational.plugin.RelationalExecutionNodeExecutor.visit(RelationalExecutionNodeExecutor.java:92)\n\tat org.finos.legend.engine.protocol.pure.v1.model.executionPlan.nodes.RelationalDataTypeInstantiationExecutionNode.accept(RelationalDataTypeInstantiationExecutionNode.java:22)\n\tat org.finos.legend.engine.plan.execution.stores.relational.RelationalExecutionExtension.lambda$getExtraNodeExecutors$fbe53481$1(RelationalExecutionExtension.java:50)\n\tat org.finos.legend.engine.plan.execution.nodes.ExecutionNodeExecutor.lambda$visit$0(ExecutionNodeExecutor.java:164)\n\tat java.base/java.util.stream.ReferencePipeline$3$1.accept(ReferencePipeline.java:195)\n\tat java.base/java.util.Spliterators$ArraySpliterator.tryAdvance(Spliterators.java:958)\n\tat java.base/java.util.stream.ReferencePipeline.forEachWithCancel(ReferencePipeline.java:127)\n\tat java.base/java.util.stream.AbstractPipeline.copyIntoWithCancel(AbstractPipeline.java:502)\n\tat java.base/java.util.stream.AbstractPipeline.copyInto(AbstractPipeline.java:488)\n\tat java.base/java.util.stream.AbstractPipeline.wrapAndCopyInto(AbstractPipeline.java:474)\n\tat java.base/java.util.stream.FindOps$FindOp.evaluateSequential(FindOps.java:150)\n\tat java.base/java.util.stream.AbstractPipeline.evaluate(AbstractPipeline.java:234)\n\tat java.base/java.util.stream.ReferencePipeline.findFirst(ReferencePipeline.java:543)\n\tat org.finos.legend.engine.plan.execution.nodes.ExecutionNodeExecutor.visit(ExecutionNodeExecutor.java:164)\n\tat org.finos.legend.engine.plan.execution.nodes.ExecutionNodeExecutor.visit(ExecutionNodeExecutor.java:107)\n\tat org.finos.legend.engine.protocol.pure.v1.model.executionPlan.nodes.RelationalDataTypeInstantiationExecutionNode.accept(RelationalDataTypeInstantiationExecutionNode.java:22)\n\tat org.finos.legend.engine.plan.execution.PlanExecutor.execute(PlanExecutor.java:238)\n\tat org.finos.legend.engine.plan.execution.PlanExecutor.execute(PlanExecutor.java:225)\n\tat org.finos.legend.engine.plan.execution.api.ExecutePlan.doExecutePlanLegacy(ExecutePlan.java:102)\n\tat org.finos.legend.engine.plan.execution.api.ExecutePlan.doExecutePlan(ExecutePlan.java:84)\n\tat org.finos.legend.engine.plan.execution.api.ExecutePlanLegacy.executePlan(ExecutePlanLegacy.java:56)\n\tat jdk.internal.reflect.GeneratedMethodAccessor100.invoke(Unknown Source)\n\tat java.base/jdk.internal.reflect.DelegatingMethodAccessorImpl.invoke(DelegatingMethodAccessorImpl.java:43)\n\tat java.base/java.lang.reflect.Method.invoke(Method.java:566)\n\tat org.glassfish.jersey.server.model.internal.ResourceMethodInvocationHandlerFactory$1.invoke(ResourceMethodInvocationHandlerFactory.java:81)\n\tat org.glassfish.jersey.server.model.internal.AbstractJavaResourceMethodDispatcher$1.run(AbstractJavaResourceMethodDispatcher.java:144)\n\tat org.glassfish.jersey.server.model.internal.AbstractJavaResourceMethodDispatcher.invoke(AbstractJavaResourceMethodDispatcher.java:161)\n\tat org.glassfish.jersey.server.model.internal.JavaResourceMethodDispatcherProvider$ResponseOutInvoker.doDispatch(JavaResourceMethodDispatcherProvider.java:160)\n\tat org.glassfish.jersey.server.model.internal.AbstractJavaResourceMethodDispatcher.dispatch(AbstractJavaResourceMethodDispatcher.java:99)\n\tat org.glassfish.jersey.server.model.ResourceMethodInvoker.invoke(ResourceMethodInvoker.java:389)\n\tat org.glassfish.jersey.server.model.ResourceMethodInvoker.apply(ResourceMethodInvoker.java:347)\n\tat org.glassfish.jersey.server.model.ResourceMethodInvoker.apply(ResourceMethodInvoker.java:102)\n\tat org.glassfish.jersey.server.ServerRuntime$2.run(ServerRuntime.java:326)\n\tat org.glassfish.jersey.internal.Errors$1.call(Errors.java:271)\n\tat org.glassfish.jersey.internal.Errors$1.call(Errors.java:267)\n\tat org.glassfish.jersey.internal.Errors.process(Errors.java:315)\n\tat org.glassfish.jersey.internal.Errors.process(Errors.java:297)\n\tat org.glassfish.jersey.internal.Errors.process(Errors.java:267)\n\tat org.glassfish.jersey.process.internal.RequestScope.runInScope(RequestScope.java:317)\n\tat org.glassfish.jersey.server.ServerRuntime.process(ServerRuntime.java:305)\n\tat org.glassfish.jersey.server.ApplicationHandler.handle(ApplicationHandler.java:1154)\n\tat org.glassfish.jersey.servlet.WebComponent.serviceImpl(WebComponent.java:473)\n\tat org.glassfish.jersey.servlet.WebComponent.service(WebComponent.java:427)\n\tat org.glassfish.jersey.servlet.ServletContainer.service(ServletContainer.java:388)\n\tat org.glassfish.jersey.servlet.ServletContainer.service(ServletContainer.java:341)\n\tat org.glassfish.jersey.servlet.ServletContainer.service(ServletContainer.java:228)\n\tat org.eclipse.jetty.servlet.ServletHolder.handle(ServletHolder.java:799)\n\tat org.eclipse.jetty.servlet.ServletHandler$ChainEnd.doFilter(ServletHandler.java:1631)\n\tat io.dropwizard.servlets.ThreadNameFilter.doFilter(ThreadNameFilter.java:35)\n\tat org.eclipse.jetty.servlet.FilterHolder.doFilter(FilterHolder.java:193)\n\tat org.eclipse.jetty.servlet.ServletHandler$Chain.doFilter(ServletHandler.java:1601)\n\tat io.dropwizard.jersey.filter.AllowedMethodsFilter.handle(AllowedMethodsFilter.java:45)\n\tat io.dropwizard.jersey.filter.AllowedMethodsFilter.doFilter(AllowedMethodsFilter.java:39)\n\tat org.eclipse.jetty.servlet.FilterHolder.doFilter(FilterHolder.java:193)\n\tat org.eclipse.jetty.servlet.ServletHandler$Chain.doFilter(ServletHandler.java:1601)\n\tat org.finos.legend.server.pac4j.internal.UsernameFilter.doFilter(UsernameFilter.java:51)\n\tat org.eclipse.jetty.servlet.FilterHolder.doFilter(FilterHolder.java:193)\n\tat org.eclipse.jetty.servlet.ServletHandler$Chain.doFilter(ServletHandler.java:1601)\n\tat org.pac4j.j2e.filter.SecurityFilter.lambda$internalFilter$0(SecurityFilter.java:95)\n\tat org.pac4j.core.engine.DefaultSecurityLogic.perform(DefaultSecurityLogic.java:140)\n\tat org.pac4j.j2e.filter.SecurityFilter.internalFilter(SecurityFilter.java:93)\n\tat org.pac4j.j2e.filter.AbstractConfigFilter.doFilter(AbstractConfigFilter.java:81)\n\tat org.eclipse.jetty.servlet.FilterHolder.doFilter(FilterHolder.java:193)\n\tat org.eclipse.jetty.servlet.ServletHandler$Chain.doFilter(ServletHandler.java:1601)\n\tat org.eclipse.jetty.servlet.ServletHandler.doHandle(ServletHandler.java:548)\n\tat org.eclipse.jetty.server.handler.ScopedHandler.nextHandle(ScopedHandler.java:233)\n\tat org.eclipse.jetty.server.session.SessionHandler.doHandle(SessionHandler.java:1624)\n\tat org.eclipse.jetty.server.handler.ScopedHandler.nextHandle(ScopedHandler.java:233)\n\tat org.eclipse.jetty.server.handler.ContextHandler.doHandle(ContextHandler.java:1434)\n\tat org.eclipse.jetty.server.handler.ScopedHandler.nextScope(ScopedHandler.java:188)\n\tat org.eclipse.jetty.servlet.ServletHandler.doScope(ServletHandler.java:501)\n\tat org.eclipse.jetty.server.session.SessionHandler.doScope(SessionHandler.java:1594)\n\tat org.eclipse.jetty.server.handler.ScopedHandler.nextScope(ScopedHandler.java:186)\n\tat org.eclipse.jetty.server.handler.ContextHandler.doScope(ContextHandler.java:1349)\n\tat org.eclipse.jetty.server.handler.ScopedHandler.handle(ScopedHandler.java:141)\n\tat org.eclipse.jetty.server.handler.HandlerWrapper.handle(HandlerWrapper.java:127)\n\tat com.codahale.metrics.jetty9.InstrumentedHandler.handle(InstrumentedHandler.java:313)\n\tat io.dropwizard.jetty.ContextRoutingHandler.handle(ContextRoutingHandler.java:37)\n\tat org.eclipse.jetty.server.handler.gzip.GzipHandler.handle(GzipHandler.java:713)\n\tat io.dropwizard.jetty.BiDiGzipHandler.handle(BiDiGzipHandler.java:67)\n\tat org.eclipse.jetty.server.handler.StatisticsHandler.handle(StatisticsHandler.java:179)\n\tat org.eclipse.jetty.server.handler.HandlerWrapper.handle(HandlerWrapper.java:127)\n\tat org.eclipse.jetty.server.Server.handle(Server.java:516)\n\tat org.eclipse.jetty.server.HttpChannel.lambda$handle$1(HttpChannel.java:400)\n\tat org.eclipse.jetty.server.HttpChannel.dispatch(HttpChannel.java:645)\n\tat org.eclipse.jetty.server.HttpChannel.handle(HttpChannel.java:392)\n\tat org.eclipse.jetty.server.HttpConnection.onFillable(HttpConnection.java:277)\n\tat org.eclipse.jetty.io.AbstractConnection$ReadCallback.succeeded(AbstractConnection.java:311)\n\tat org.eclipse.jetty.io.FillInterest.fillable(FillInterest.java:105)\n\tat org.eclipse.jetty.io.ChannelEndPoint$1.run(ChannelEndPoint.java:104)\n\tat org.eclipse.jetty.util.thread.strategy.EatWhatYouKill.runTask(EatWhatYouKill.java:338)\n\tat org.eclipse.jetty.util.thread.strategy.EatWhatYouKill.doProduce(EatWhatYouKill.java:315)\n\tat org.eclipse.jetty.util.thread.strategy.EatWhatYouKill.tryProduce(EatWhatYouKill.java:173)\n\tat org.eclipse.jetty.util.thread.strategy.EatWhatYouKill.run(EatWhatYouKill.java:131)\n\tat org.eclipse.jetty.util.thread.ReservedThreadExecutor$ReservedThread.run(ReservedThreadExecutor.java:409)\n\tat org.eclipse.jetty.util.thread.QueuedThreadPool.runJob(QueuedThreadPool.java:883)\n\tat org.eclipse.jetty.util.thread.QueuedThreadPool$Runner.run(QueuedThreadPool.java:1034)\n\tat java.base/java.lang.Thread.run(Thread.java:829)\nCaused by: net.snowflake.client.jdbc.SnowflakeSQLException: SQL compilation error:\nObject 'PERSONTABLE' does not exist or not authorized.\n\tat net.snowflake.client.jdbc.SnowflakeUtil.checkErrorAndThrowExceptionSub(SnowflakeUtil.java:127)\n\tat net.snowflake.client.jdbc.SnowflakeUtil.checkErrorAndThrowException(SnowflakeUtil.java:67)\n\tat net.snowflake.client.core.StmtUtil.pollForOutput(StmtUtil.java:442)\n\tat net.snowflake.client.core.StmtUtil.execute(StmtUtil.java:345)\n\tat net.snowflake.client.core.SFStatement.executeHelper(SFStatement.java:486)\n\tat net.snowflake.client.core.SFStatement.executeQueryInternal(SFStatement.java:197)\n\tat net.snowflake.client.core.SFStatement.executeQuery(SFStatement.java:134)\n\tat net.snowflake.client.core.SFStatement.execute(SFStatement.java:743)\n\tat net.snowflake.client.core.SFStatement.execute(SFStatement.java:639)\n\tat net.snowflake.client.jdbc.SnowflakeStatementV1.executeQueryInternal(SnowflakeStatementV1.java:238)\n\tat net.snowflake.client.jdbc.SnowflakeStatementV1.executeQuery(SnowflakeStatementV1.java:133)\n\tat com.zaxxer.hikari.pool.ProxyStatement.executeQuery(ProxyStatement.java:110)\n\tat com.zaxxer.hikari.pool.HikariProxyStatement.executeQuery(HikariProxyStatement.java)\n\tat org.finos.legend.engine.plan.execution.stores.relational.result.SQLExecutionResult.<init>(SQLExecutionResult.java:95)\n\t... 101 more\n"},"mode":"DEV","timeStamp":"2023-02-23 01:31:31.002","user":"_UNKNOWN_"}
| **selectSubClauses::aggregationDynaFns::min::testMin** | failing :x: |
]]></system-out>
  </testcase>
  <testcase name="testSize[Snowflake]" classname="org.finos.legend.engine.server.test.shared.Relational_DbSpecific_UsingPureClientTestSuite$2" time="0.2">
    <error message="Assert failure at (resource:/platform/pure/basics/tests/assertEq.pure line:34 column:5), &quot;500 &apos;{&quot;code&quot;:-1,&quot;message&quot;:&quot;SnowflakeSQLException: SQL compilation error:&#10;Object &apos;PERSONTABLE&apos; does not exist or not authorized.&quot;,&quot;status&quot;:&quot;error&quot;,&quot;trace&quot;:&quot;java.lang.RuntimeException: net.snowflake.client.jdbc.SnowflakeSQLException: SQL compilation error:&#10;Object &apos;PERSONTABLE&apos; does not exist or not authorized.&#10;at org.finos.legend.engine.plan.execution.stores.relational.result.SQLExecutionResult.&lt;init&gt;(SQLExecutionResult.java:123)&#10;at org.finos.legend.engine.plan.execution.stores.relational.RelationalExecutor.execute(RelationalExecutor.java:241)&#10;at org.finos.legend.engine.plan.execution.stores.relational.plugin.RelationalExecutionNodeExecutor.visit(RelationalExecutionNodeExecutor.java:238)&#10;at org.finos.legend.engine.plan.execution.stores.relational.plugin.RelationalExecutionNodeExecutor.visit(RelationalExecutionNodeExecutor.java:346)&#10;at org.finos.legend.engine.plan.execution.stores.relational.plugin.RelationalExecutionNodeExecutor.visit(RelationalExecutionNodeExecutor.java:92)&#10;at org.finos.legend.engine.protocol.pure.v1.model.executionPlan.nodes.RelationalDataTypeInstantiationExecutionNode.accept(RelationalDataTypeInstantiationExecutionNode.java:22)&#10;at org.finos.legend.engine.plan.execution.stores.relational.RelationalExecutionExtension.lambda$getExtraNodeExecutors$fbe53481$1(RelationalExecutionExtension.java:50)&#10;at org.finos.legend.engine.plan.execution.nodes.ExecutionNodeExecutor.lambda$visit$0(ExecutionNodeExecutor.java:164)&#10;at java.base/java.util.stream.ReferencePipeline$3$1.accept(ReferencePipeline.java:195)&#10;at java.base/java.util.Spliterators$ArraySpliterator.tryAdvance(Spliterators.java:958)&#10;at java.base/java.util.stream.ReferencePipeline.forEachWithCancel(ReferencePipeline.java:127)&#10;at java.base/java.util.stream.AbstractPipeline.copyIntoWithCancel(AbstractPipeline.java:502)&#10;at java.base/java.util.stream.AbstractPipeline.copyInto(AbstractPipeline.java:488)&#10;at java.base/java.util.stream.AbstractPipeline.wrapAndCopyInto(AbstractPipeline.java:474)&#10;at java.base/java.util.stream.FindOps$FindOp.evaluateSequential(FindOps.java:150)&#10;at java.base/java.util.stream.AbstractPipeline.evaluate(AbstractPipeline.java:234)&#10;at java.base/java.util.stream.ReferencePipeline.findFirst(ReferencePipeline.java:543)&#10;at org.finos.legend.engine.plan.execution.nodes.ExecutionNodeExecutor.visit(ExecutionNodeExecutor.java:164)&#10;at org.finos.legend.engine.plan.execution.nodes.ExecutionNodeExecutor.visit(ExecutionNodeExecutor.java:107)&#10;at org.finos.legend.engine.protocol.pure.v1.model.executionPlan.nodes.RelationalDataTypeInstantiationExecutionNode.accept(RelationalDataTypeInstantiationExecutionNode.java:22)&#10;at org.finos.legend.engine.plan.execution.PlanExecutor.execute(PlanExecutor.java:238)&#10;at org.finos.legend.engine.plan.execution.PlanExecutor.execute(PlanExecutor.java:225)&#10;at org.finos.legend.engine.plan.execution.api.ExecutePlan.doExecutePlanLegacy(ExecutePlan.java:102)&#10;at org.finos.legend.engine.plan.execution.api.ExecutePlan.doExecutePlan(ExecutePlan.java:84)&#10;at org.finos.legend.engine.plan.execution.api.ExecutePlanLegacy.executePlan(ExecutePlanLegacy.java:56)&#10;at jdk.internal.reflect.GeneratedMethodAccessor100.invoke(Unknown Source)&#10;at java.base/jdk.internal.reflect.DelegatingMethodAccessorImpl.invoke(DelegatingMethodAccessorImpl.java:43)&#10;at java.base/java.lang.reflect.Method.invoke(Method.java:566)&#10;at org.glassfish.jersey.server.model.internal.ResourceMethodInvocationHandlerFactory$1.invoke(ResourceMethodInvocationHandlerFactory.java:81)&#10;at org.glassfish.jersey.server.model.internal.AbstractJavaResourceMethodDispatcher$1.run(AbstractJavaResourceMethodDispatcher.java:144)&#10;at org.glassfish.jersey.server.model.internal.AbstractJavaResourceMethodDispatcher.invoke(AbstractJavaResourceMethodDispatcher.java:161)&#10;at org.glassfish.jersey.server.model.internal.JavaResourceMethodDispatcherProvider$ResponseOutInvoker.doDispatch(JavaResourceMethodDispatcherProvider.java:160)&#10;at org.glassfish.jersey.server.model.internal.AbstractJavaResourceMethodDispatcher.dispatch(AbstractJavaResourceMethodDispatcher.java:99)&#10;at org.glassfish.jersey.server.model.ResourceMethodInvoker.invoke(ResourceMethodInvoker.java:389)&#10;at org.glassfish.jersey.server.model.ResourceMethodInvoker.apply(ResourceMethodInvoker.java:347)&#10;at org.glassfish.jersey.server.model.ResourceMethodInvoker.apply(ResourceMethodInvoker.java:102)&#10;at org.glassfish.jersey.server.ServerRuntime$2.run(ServerRuntime.java:326)&#10;at org.glassfish.jersey.internal.Errors$1.call(Errors.java:271)&#10;at org.glassfish.jersey.internal.Errors$1.call(Errors.java:267)&#10;at org.glassfish.jersey.internal.Errors.process(Errors.java:315)&#10;at org.glassfish.jersey.internal.Errors.process(Errors.java:297)&#10;at org.glassfish.jersey.internal.Errors.process(Errors.java:267)&#10;at org.glassfish.jersey.process.internal.RequestScope.runInScope(RequestScope.java:317)&#10;at org.glassfish.jersey.server.ServerRuntime.process(ServerRuntime.java:305)&#10;at org.glassfish.jersey.server.ApplicationHandler.handle(ApplicationHandler.java:1154)&#10;at org.glassfish.jersey.servlet.WebComponent.serviceImpl(WebComponent.java:473)&#10;at org.glassfish.jersey.servlet.WebComponent.service(WebComponent.java:427)&#10;at org.glassfish.jersey.servlet.ServletContainer.service(ServletContainer.java:388)&#10;at org.glassfish.jersey.servlet.ServletContainer.service(ServletContainer.java:341)&#10;at org.glassfish.jersey.servlet.ServletContainer.service(ServletContainer.java:228)&#10;at org.eclipse.jetty.servlet.ServletHolder.handle(ServletHolder.java:799)&#10;at org.eclipse.jetty.servlet.ServletHandler$ChainEnd.doFilter(ServletHandler.java:1631)&#10;at io.dropwizard.servlets.ThreadNameFilter.doFilter(ThreadNameFilter.java:35)&#10;at org.eclipse.jetty.servlet.FilterHolder.doFilter(FilterHolder.java:193)&#10;at org.eclipse.jetty.servlet.ServletHandler$Chain.doFilter(ServletHandler.java:1601)&#10;at io.dropwizard.jersey.filter.AllowedMethodsFilter.handle(AllowedMethodsFilter.java:45)&#10;at io.dropwizard.jersey.filter.AllowedMethodsFilter.doFilter(AllowedMethodsFilter.java:39)&#10;at org.eclipse.jetty.servlet.FilterHolder.doFilter(FilterHolder.java:193)&#10;at org.eclipse.jetty.servlet.ServletHandler$Chain.doFilter(ServletHandler.java:1601)&#10;at org.finos.legend.server.pac4j.internal.UsernameFilter.doFilter(UsernameFilter.java:51)&#10;at org.eclipse.jetty.servlet.FilterHolder.doFilter(FilterHolder.java:193)&#10;at org.eclipse.jetty.servlet.ServletHandler$Chain.doFilter(ServletHandler.java:1601)&#10;at org.pac4j.j2e.filter.SecurityFilter.lambda$internalFilter$0(SecurityFilter.java:95)&#10;at org.pac4j.core.engine.DefaultSecurityLogic.perform(DefaultSecurityLogic.java:140)&#10;at org.pac4j.j2e.filter.SecurityFilter.internalFilter(SecurityFilter.java:93)&#10;at org.pac4j.j2e.filter.AbstractConfigFilter.doFilter(AbstractConfigFilter.java:81)&#10;at org.eclipse.jetty.servlet.FilterHolder.doFilter(FilterHolder.java:193)&#10;at org.eclipse.jetty.servlet.ServletHandler$Chain.doFilter(ServletHandler.java:1601)&#10;at org.eclipse.jetty.servlet.ServletHandler.doHandle(ServletHandler.java:548)&#10;at org.eclipse.jetty.server.handler.ScopedHandler.nextHandle(ScopedHandler.java:233)&#10;at org.eclipse.jetty.server.session.SessionHandler.doHandle(SessionHandler.java:1624)&#10;at org.eclipse.jetty.server.handler.ScopedHandler.nextHandle(ScopedHandler.java:233)&#10;at org.eclipse.jetty.server.handler.ContextHandler.doHandle(ContextHandler.java:1434)&#10;at org.eclipse.jetty.server.handler.ScopedHandler.nextScope(ScopedHandler.java:188)&#10;at org.eclipse.jetty.servlet.ServletHandler.doScope(ServletHandler.java:501)&#10;at org.eclipse.jetty.server.session.SessionHandler.doScope(SessionHandler.java:1594)&#10;at org.eclipse.jetty.server.handler.ScopedHandler.nextScope(ScopedHandler.java:186)&#10;at org.eclipse.jetty.server.handler.ContextHandler.doScope(ContextHandler.java:1349)&#10;at org.eclipse.jetty.server.handler.ScopedHandler.handle(ScopedHandler.java:141)&#10;at org.eclipse.jetty.server.handler.HandlerWrapper.handle(HandlerWrapper.java:127)&#10;at com.codahale.metrics.jetty9.InstrumentedHandler.handle(InstrumentedHandler.java:313)&#10;at io.dropwizard.jetty.ContextRoutingHandler.handle(ContextRoutingHandler.java:37)&#10;at org.eclipse.jetty.server.handler.gzip.GzipHandler.handle(GzipHandler.java:713)&#10;at io.dropwizard.jetty.BiDiGzipHandler.handle(BiDiGzipHandler.java:67)&#10;at org.eclipse.jetty.server.handler.StatisticsHandler.handle(StatisticsHandler.java:179)&#10;at org.eclipse.jetty.server.handler.HandlerWrapper.handle(HandlerWrapper.java:127)&#10;at org.eclipse.jetty.server.Server.handle(Server.java:516)&#10;at org.eclipse.jetty.server.HttpChannel.lambda$handle$1(HttpChannel.java:400)&#10;at org.eclipse.jetty.server.HttpChannel.dispatch(HttpChannel.java:645)&#10;at org.eclipse.jetty.server.HttpChannel.handle(HttpChannel.java:392)&#10;at org.eclipse.jetty.server.HttpConnection.onFillable(HttpConnection.java:277)&#10;at org.eclipse.jetty.io.AbstractConnection$ReadCallback.succeeded(AbstractConnection.java:311)&#10;at org.eclipse.jetty.io.FillInterest.fillable(FillInterest.java:105)&#10;at org.eclipse.jetty.io.ChannelEndPoint$1.run(ChannelEndPoint.java:104)&#10;at org.eclipse.jetty.util.thread.strategy.EatWhatYouKill.runTask(EatWhatYouKill.java:338)&#10;at org.eclipse.jetty.util.thread.strategy.EatWhatYouKill.doProduce(EatWhatYouKill.java:315)&#10;at org.eclipse.jetty.util.thread.strategy.EatWhatYouKill.tryProduce(EatWhatYouKill.java:173)&#10;at org.eclipse.jetty.util.thread.strategy.EatWhatYouKill.run(EatWhatYouKill.java:131)&#10;at org.eclipse.jetty.util.thread.ReservedThreadExecutor$ReservedThread.run(ReservedThreadExecutor.java:409)&#10;at org.eclipse.jetty.util.thread.QueuedThreadPool.runJob(QueuedThreadPool.java:883)&#10;at org.eclipse.jetty.util.thread.QueuedThreadPool$Runner.run(QueuedThreadPool.java:1034)&#10;at java.base/java.lang.Thread.run(Thread.java:829)&#10;Caused by: net.snowflake.client.jdbc.SnowflakeSQLException: SQL compilation error:&#10;Object &apos;PERSONTABLE&apos; does not exist or not authorized.&#10;at net.snowflake.client.jdbc.SnowflakeUtil.checkErrorAndThrowExceptionSub(SnowflakeUtil.java:127)&#10;at net.snowflake.client.jdbc.SnowflakeUtil.checkErrorAndThrowException(SnowflakeUtil.java:67)&#10;at net.snowflake.client.core.StmtUtil.pollForOutput(StmtUtil.java:442)&#10;at net.snowflake.client.core.StmtUtil.execute(StmtUtil.java:345)&#10;at net.snowflake.client.core.SFStatement.executeHelper(SFStatement.java:486)&#10;at net.snowflake.client.core.SFStatement.executeQueryInternal(SFStatement.java:197)&#10;at net.snowflake.client.core.SFStatement.executeQuery(SFStatement.java:134)&#10;at net.snowflake.client.core.SFStatement.execute(SFStatement.java:743)&#10;at net.snowflake.client.core.SFStatement.execute(SFStatement.java:639)&#10;at net.snowflake.client.jdbc.SnowflakeStatementV1.executeQueryInternal(SnowflakeStatementV1.java:238)&#10;at net.snowflake.client.jdbc.SnowflakeStatementV1.executeQuery(SnowflakeStatementV1.java:133)&#10;at com.zaxxer.hikari.pool.ProxyStatement.executeQuery(ProxyStatement.java:110)&#10;at com.zaxxer.hikari.pool.HikariProxyStatement.executeQuery(HikariProxyStatement.java)&#10;at org.finos.legend.engine.plan.execution.stores.relational.result.SQLExecutionResult.&lt;init&gt;(SQLExecutionResult.java:95)&#10;... 101 more&#10;&quot;}&apos;&quot;" type="Assert failure at (resource"><![CDATA[Assert failure at (resource:/platform/pure/basics/tests/assertEq.pure line:34 column:5), "500 '{"code":-1,"message":"SnowflakeSQLException: SQL compilation error:
Object 'PERSONTABLE' does not exist or not authorized.","status":"error","trace":"java.lang.RuntimeException: net.snowflake.client.jdbc.SnowflakeSQLException: SQL compilation error:
Object 'PERSONTABLE' does not exist or not authorized.
at org.finos.legend.engine.plan.execution.stores.relational.result.SQLExecutionResult.<init>(SQLExecutionResult.java:123)
at org.finos.legend.engine.plan.execution.stores.relational.RelationalExecutor.execute(RelationalExecutor.java:241)
at org.finos.legend.engine.plan.execution.stores.relational.plugin.RelationalExecutionNodeExecutor.visit(RelationalExecutionNodeExecutor.java:238)
at org.finos.legend.engine.plan.execution.stores.relational.plugin.RelationalExecutionNodeExecutor.visit(RelationalExecutionNodeExecutor.java:346)
at org.finos.legend.engine.plan.execution.stores.relational.plugin.RelationalExecutionNodeExecutor.visit(RelationalExecutionNodeExecutor.java:92)
at org.finos.legend.engine.protocol.pure.v1.model.executionPlan.nodes.RelationalDataTypeInstantiationExecutionNode.accept(RelationalDataTypeInstantiationExecutionNode.java:22)
at org.finos.legend.engine.plan.execution.stores.relational.RelationalExecutionExtension.lambda$getExtraNodeExecutors$fbe53481$1(RelationalExecutionExtension.java:50)
at org.finos.legend.engine.plan.execution.nodes.ExecutionNodeExecutor.lambda$visit$0(ExecutionNodeExecutor.java:164)
at java.base/java.util.stream.ReferencePipeline$3$1.accept(ReferencePipeline.java:195)
at java.base/java.util.Spliterators$ArraySpliterator.tryAdvance(Spliterators.java:958)
at java.base/java.util.stream.ReferencePipeline.forEachWithCancel(ReferencePipeline.java:127)
at java.base/java.util.stream.AbstractPipeline.copyIntoWithCancel(AbstractPipeline.java:502)
at java.base/java.util.stream.AbstractPipeline.copyInto(AbstractPipeline.java:488)
at java.base/java.util.stream.AbstractPipeline.wrapAndCopyInto(AbstractPipeline.java:474)
at java.base/java.util.stream.FindOps$FindOp.evaluateSequential(FindOps.java:150)
at java.base/java.util.stream.AbstractPipeline.evaluate(AbstractPipeline.java:234)
at java.base/java.util.stream.ReferencePipeline.findFirst(ReferencePipeline.java:543)
at org.finos.legend.engine.plan.execution.nodes.ExecutionNodeExecutor.visit(ExecutionNodeExecutor.java:164)
at org.finos.legend.engine.plan.execution.nodes.ExecutionNodeExecutor.visit(ExecutionNodeExecutor.java:107)
at org.finos.legend.engine.protocol.pure.v1.model.executionPlan.nodes.RelationalDataTypeInstantiationExecutionNode.accept(RelationalDataTypeInstantiationExecutionNode.java:22)
at org.finos.legend.engine.plan.execution.PlanExecutor.execute(PlanExecutor.java:238)
at org.finos.legend.engine.plan.execution.PlanExecutor.execute(PlanExecutor.java:225)
at org.finos.legend.engine.plan.execution.api.ExecutePlan.doExecutePlanLegacy(ExecutePlan.java:102)
at org.finos.legend.engine.plan.execution.api.ExecutePlan.doExecutePlan(ExecutePlan.java:84)
at org.finos.legend.engine.plan.execution.api.ExecutePlanLegacy.executePlan(ExecutePlanLegacy.java:56)
at jdk.internal.reflect.GeneratedMethodAccessor100.invoke(Unknown Source)
at java.base/jdk.internal.reflect.DelegatingMethodAccessorImpl.invoke(DelegatingMethodAccessorImpl.java:43)
at java.base/java.lang.reflect.Method.invoke(Method.java:566)
at org.glassfish.jersey.server.model.internal.ResourceMethodInvocationHandlerFactory$1.invoke(ResourceMethodInvocationHandlerFactory.java:81)
at org.glassfish.jersey.server.model.internal.AbstractJavaResourceMethodDispatcher$1.run(AbstractJavaResourceMethodDispatcher.java:144)
at org.glassfish.jersey.server.model.internal.AbstractJavaResourceMethodDispatcher.invoke(AbstractJavaResourceMethodDispatcher.java:161)
at org.glassfish.jersey.server.model.internal.JavaResourceMethodDispatcherProvider$ResponseOutInvoker.doDispatch(JavaResourceMethodDispatcherProvider.java:160)
at org.glassfish.jersey.server.model.internal.AbstractJavaResourceMethodDispatcher.dispatch(AbstractJavaResourceMethodDispatcher.java:99)
at org.glassfish.jersey.server.model.ResourceMethodInvoker.invoke(ResourceMethodInvoker.java:389)
at org.glassfish.jersey.server.model.ResourceMethodInvoker.apply(ResourceMethodInvoker.java:347)
at org.glassfish.jersey.server.model.ResourceMethodInvoker.apply(ResourceMethodInvoker.java:102)
at org.glassfish.jersey.server.ServerRuntime$2.run(ServerRuntime.java:326)
at org.glassfish.jersey.internal.Errors$1.call(Errors.java:271)
at org.glassfish.jersey.internal.Errors$1.call(Errors.java:267)
at org.glassfish.jersey.internal.Errors.process(Errors.java:315)
at org.glassfish.jersey.internal.Errors.process(Errors.java:297)
at org.glassfish.jersey.internal.Errors.process(Errors.java:267)
at org.glassfish.jersey.process.internal.RequestScope.runInScope(RequestScope.java:317)
at org.glassfish.jersey.server.ServerRuntime.process(ServerRuntime.java:305)
at org.glassfish.jersey.server.ApplicationHandler.handle(ApplicationHandler.java:1154)
at org.glassfish.jersey.servlet.WebComponent.serviceImpl(WebComponent.java:473)
at org.glassfish.jersey.servlet.WebComponent.service(WebComponent.java:427)
at org.glassfish.jersey.servlet.ServletContainer.service(ServletContainer.java:388)
at org.glassfish.jersey.servlet.ServletContainer.service(ServletContainer.java:341)
at org.glassfish.jersey.servlet.ServletContainer.service(ServletContainer.java:228)
at org.eclipse.jetty.servlet.ServletHolder.handle(ServletHolder.java:799)
at org.eclipse.jetty.servlet.ServletHandler$ChainEnd.doFilter(ServletHandler.java:1631)
at io.dropwizard.servlets.ThreadNameFilter.doFilter(ThreadNameFilter.java:35)
at org.eclipse.jetty.servlet.FilterHolder.doFilter(FilterHolder.java:193)
at org.eclipse.jetty.servlet.ServletHandler$Chain.doFilter(ServletHandler.java:1601)
at io.dropwizard.jersey.filter.AllowedMethodsFilter.handle(AllowedMethodsFilter.java:45)
at io.dropwizard.jersey.filter.AllowedMethodsFilter.doFilter(AllowedMethodsFilter.java:39)
at org.eclipse.jetty.servlet.FilterHolder.doFilter(FilterHolder.java:193)
at org.eclipse.jetty.servlet.ServletHandler$Chain.doFilter(ServletHandler.java:1601)
at org.finos.legend.server.pac4j.internal.UsernameFilter.doFilter(UsernameFilter.java:51)
at org.eclipse.jetty.servlet.FilterHolder.doFilter(FilterHolder.java:193)
at org.eclipse.jetty.servlet.ServletHandler$Chain.doFilter(ServletHandler.java:1601)
at org.pac4j.j2e.filter.SecurityFilter.lambda$internalFilter$0(SecurityFilter.java:95)
at org.pac4j.core.engine.DefaultSecurityLogic.perform(DefaultSecurityLogic.java:140)
at org.pac4j.j2e.filter.SecurityFilter.internalFilter(SecurityFilter.java:93)
at org.pac4j.j2e.filter.AbstractConfigFilter.doFilter(AbstractConfigFilter.java:81)
at org.eclipse.jetty.servlet.FilterHolder.doFilter(FilterHolder.java:193)
at org.eclipse.jetty.servlet.ServletHandler$Chain.doFilter(ServletHandler.java:1601)
at org.eclipse.jetty.servlet.ServletHandler.doHandle(ServletHandler.java:548)
at org.eclipse.jetty.server.handler.ScopedHandler.nextHandle(ScopedHandler.java:233)
at org.eclipse.jetty.server.session.SessionHandler.doHandle(SessionHandler.java:1624)
at org.eclipse.jetty.server.handler.ScopedHandler.nextHandle(ScopedHandler.java:233)
at org.eclipse.jetty.server.handler.ContextHandler.doHandle(ContextHandler.java:1434)
at org.eclipse.jetty.server.handler.ScopedHandler.nextScope(ScopedHandler.java:188)
at org.eclipse.jetty.servlet.ServletHandler.doScope(ServletHandler.java:501)
at org.eclipse.jetty.server.session.SessionHandler.doScope(SessionHandler.java:1594)
at org.eclipse.jetty.server.handler.ScopedHandler.nextScope(ScopedHandler.java:186)
at org.eclipse.jetty.server.handler.ContextHandler.doScope(ContextHandler.java:1349)
at org.eclipse.jetty.server.handler.ScopedHandler.handle(ScopedHandler.java:141)
at org.eclipse.jetty.server.handler.HandlerWrapper.handle(HandlerWrapper.java:127)
at com.codahale.metrics.jetty9.InstrumentedHandler.handle(InstrumentedHandler.java:313)
at io.dropwizard.jetty.ContextRoutingHandler.handle(ContextRoutingHandler.java:37)
at org.eclipse.jetty.server.handler.gzip.GzipHandler.handle(GzipHandler.java:713)
at io.dropwizard.jetty.BiDiGzipHandler.handle(BiDiGzipHandler.java:67)
at org.eclipse.jetty.server.handler.StatisticsHandler.handle(StatisticsHandler.java:179)
at org.eclipse.jetty.server.handler.HandlerWrapper.handle(HandlerWrapper.java:127)
at org.eclipse.jetty.server.Server.handle(Server.java:516)
at org.eclipse.jetty.server.HttpChannel.lambda$handle$1(HttpChannel.java:400)
at org.eclipse.jetty.server.HttpChannel.dispatch(HttpChannel.java:645)
at org.eclipse.jetty.server.HttpChannel.handle(HttpChannel.java:392)
at org.eclipse.jetty.server.HttpConnection.onFillable(HttpConnection.java:277)
at org.eclipse.jetty.io.AbstractConnection$ReadCallback.succeeded(AbstractConnection.java:311)
at org.eclipse.jetty.io.FillInterest.fillable(FillInterest.java:105)
at org.eclipse.jetty.io.ChannelEndPoint$1.run(ChannelEndPoint.java:104)
at org.eclipse.jetty.util.thread.strategy.EatWhatYouKill.runTask(EatWhatYouKill.java:338)
at org.eclipse.jetty.util.thread.strategy.EatWhatYouKill.doProduce(EatWhatYouKill.java:315)
at org.eclipse.jetty.util.thread.strategy.EatWhatYouKill.tryProduce(EatWhatYouKill.java:173)
at org.eclipse.jetty.util.thread.strategy.EatWhatYouKill.run(EatWhatYouKill.java:131)
at org.eclipse.jetty.util.thread.ReservedThreadExecutor$ReservedThread.run(ReservedThreadExecutor.java:409)
at org.eclipse.jetty.util.thread.QueuedThreadPool.runJob(QueuedThreadPool.java:883)
at org.eclipse.jetty.util.thread.QueuedThreadPool$Runner.run(QueuedThreadPool.java:1034)
at java.base/java.lang.Thread.run(Thread.java:829)
Caused by: net.snowflake.client.jdbc.SnowflakeSQLException: SQL compilation error:
Object 'PERSONTABLE' does not exist or not authorized.
at net.snowflake.client.jdbc.SnowflakeUtil.checkErrorAndThrowExceptionSub(SnowflakeUtil.java:127)
at net.snowflake.client.jdbc.SnowflakeUtil.checkErrorAndThrowException(SnowflakeUtil.java:67)
at net.snowflake.client.core.StmtUtil.pollForOutput(StmtUtil.java:442)
at net.snowflake.client.core.StmtUtil.execute(StmtUtil.java:345)
at net.snowflake.client.core.SFStatement.executeHelper(SFStatement.java:486)
at net.snowflake.client.core.SFStatement.executeQueryInternal(SFStatement.java:197)
at net.snowflake.client.core.SFStatement.executeQuery(SFStatement.java:134)
at net.snowflake.client.core.SFStatement.execute(SFStatement.java:743)
at net.snowflake.client.core.SFStatement.execute(SFStatement.java:639)
at net.snowflake.client.jdbc.SnowflakeStatementV1.executeQueryInternal(SnowflakeStatementV1.java:238)
at net.snowflake.client.jdbc.SnowflakeStatementV1.executeQuery(SnowflakeStatementV1.java:133)
at com.zaxxer.hikari.pool.ProxyStatement.executeQuery(ProxyStatement.java:110)
at com.zaxxer.hikari.pool.HikariProxyStatement.executeQuery(HikariProxyStatement.java)
at org.finos.legend.engine.plan.execution.stores.relational.result.SQLExecutionResult.<init>(SQLExecutionResult.java:95)
... 101 more
"}'"
	at org.finos.legend.pure.runtime.java.compiled.generation.processors.support.CompiledSupport.pureAssert(CompiledSupport.java:1994)
	at org.finos.legend.pure.generated.platform_pure_basics_tests_assertEq.Root_meta_pure_functions_asserts_assertEq_Any_1__Any_1__Function_1__Boolean_1_(platform_pure_basics_tests_assertEq.java:44)
	at org.finos.legend.pure.generated.core_pure_protocol_vX_X_X_invocations_execution.Root_meta_protocols_pure_vX_X_X_invocation_execution_execute_executePlan_String_1__String_1__Integer_1__String_1_(core_pure_protocol_vX_X_X_invocations_execution.java:751)
	at org.finos.legend.pure.generated.core_pure_protocol_vX_X_X_invocations_execution.Root_meta_protocols_pure_vX_X_X_invocation_execution_execute_executePlan_ExecutionPlan_1__String_1__Integer_1__Extension_MANY__String_1_(core_pure_protocol_vX_X_X_invocations_execution.java:745)
	at org.finos.legend.pure.generated.core_pure_protocol_vX_X_X_invocations_execution.Root_meta_protocols_pure_vX_X_X_invocation_execution_execute_executePlan_ExecutionPlan_1__ExecutionContext_$0_1$__String_1__Integer_1__Extension_MANY__Result_1_(core_pure_protocol_vX_X_X_invocations_execution.java:738)
	at jdk.internal.reflect.GeneratedMethodAccessor96.invoke(Unknown Source)
	at java.base/jdk.internal.reflect.DelegatingMethodAccessorImpl.invoke(DelegatingMethodAccessorImpl.java:43)
	at java.base/java.lang.reflect.Method.invoke(Method.java:566)
	at org.finos.legend.pure.runtime.java.compiled.metadata.JavaMethodWithParamsSharedPureFunction.execute(JavaMethodWithParamsSharedPureFunction.java:59)
	at org.finos.legend.pure.runtime.java.compiled.generation.processors.support.Pure._evaluateToMany(Pure.java:546)
	at org.finos.legend.pure.generated.CoreGen.evaluateToMany(CoreGen.java:147)
	at org.finos.legend.pure.generated.CoreGen.evaluateToMany(CoreGen.java:134)
	at org.finos.legend.pure.generated.core_pure_router_router_entry$9$1.value(core_pure_router_router_entry.java:318)
	at org.finos.legend.pure.generated.core_pure_router_router_entry$9$1.execute(core_pure_router_router_entry.java:311)
	at org.finos.legend.pure.generated.core_pure_router_router_entry$9$1.execute(core_pure_router_router_entry.java:307)
	at org.finos.legend.pure.runtime.java.compiled.generation.processors.support.Pure.evaluate(Pure.java:485)
	at org.finos.legend.pure.runtime.java.compiled.generation.processors.support.Pure.legendTest(Pure.java:216)
	at org.finos.legend.pure.generated.CoreGen.legendTest(CoreGen.java:61)
	at org.finos.legend.pure.generated.core_pure_router_router_entry$9.valueOf(core_pure_router_router_entry.java:303)
	at org.finos.legend.pure.generated.core_pure_router_router_entry$9.execute(core_pure_router_router_entry.java:298)
	at org.finos.legend.pure.generated.core_pure_router_router_entry$9.execute(core_pure_router_router_entry.java:294)
	at org.finos.legend.pure.runtime.java.compiled.generation.processors.support.Pure.evaluate(Pure.java:485)
	at org.finos.legend.pure.runtime.java.compiled.generation.processors.support.Pure.traceSpan(Pure.java:1482)
	at org.finos.legend.pure.generated.CoreGen.traceSpan(CoreGen.java:203)
	at org.finos.legend.pure.generated.core_pure_router_router_entry.Root_meta_pure_router_executePlan_ExecutionPlan_1__ExecutionContext_1__Extension_MANY__Result_$0_1$_(core_pure_router_router_entry.java:290)
	at org.finos.legend.pure.generated.core_pure_router_router_entry.Root_meta_pure_router_executePlan_ExecutionPlan_1__Extension_MANY__Result_$0_1$_(core_pure_router_router_entry.java:285)
	at org.finos.legend.pure.generated.core_relational_relational_sqlQueryToString_dbTestRunner_testRunner$20.execute(core_relational_relational_sqlQueryToString_dbTestRunner_testRunner.java:386)
	at org.finos.legend.pure.generated.core_relational_relational_sqlQueryToString_dbTestRunner_testRunner.Root_meta_relational_dbTestRunner_runSqlQueryTest_SQLQuery_1__Literal_$1_MANY$__Pair_MANY__Function_$0_1$__DbTestConfig_1__Boolean_1_(core_relational_relational_sqlQueryToString_dbTestRunner_testRunner.java:424)
	at org.finos.legend.pure.generated.core_relational_relational_sqlQueryToString_dbTestRunner_testRunner.Root_meta_relational_dbTestRunner_runSqlQueryTest_SQLQuery_1__Literal_$1_MANY$__Function_$0_1$__DbTestConfig_1__Boolean_1_(core_relational_relational_sqlQueryToString_dbTestRunner_testRunner.java:374)
	at org.finos.legend.pure.generated.core_relational_relational_sqlQueryToString_testSuite_selectSubClauses_aggregationDynaFns.Root_meta_relational_tests_dbSpecificTests_sqlQueryTests_selectSubClauses_aggregationDynaFns_size_testSize_DbTestConfig_1__Boolean_1_(core_relational_relational_sqlQueryToString_testSuite_selectSubClauses_aggregationDynaFns.java:151)
	at java.base/jdk.internal.reflect.NativeMethodAccessorImpl.invoke0(Native Method)
	at java.base/jdk.internal.reflect.NativeMethodAccessorImpl.invoke(NativeMethodAccessorImpl.java:62)
	at java.base/jdk.internal.reflect.DelegatingMethodAccessorImpl.invoke(DelegatingMethodAccessorImpl.java:43)
	at java.base/java.lang.reflect.Method.invoke(Method.java:566)
	at org.finos.legend.pure.runtime.java.compiled.testHelper.PureTestBuilderCompiled.executeFn(PureTestBuilderCompiled.java:113)
	at org.finos.legend.pure.runtime.java.compiled.testHelper.PureTestBuilderCompiled.lambda$buildSuite$0(PureTestBuilderCompiled.java:79)
	at org.finos.legend.pure.m3.execution.test.PureTestBuilder$PureTestCase.runTest(PureTestBuilder.java:95)
	at junit.framework.TestCase.runBare(TestCase.java:142)
	at org.finos.legend.engine.server.test.shared.Relational_DbSpecific_UsingPureClientTestSuite$2.runTest(Relational_DbSpecific_UsingPureClientTestSuite.java:90)
	at junit.framework.TestCase.runBare(TestCase.java:142)
	at junit.framework.TestResult$1.protect(TestResult.java:122)
	at junit.framework.TestResult.runProtected(TestResult.java:142)
	at junit.framework.TestResult.run(TestResult.java:125)
	at junit.framework.TestCase.run(TestCase.java:130)
	at junit.framework.TestSuite.runTest(TestSuite.java:241)
	at junit.framework.TestSuite.run(TestSuite.java:236)
	at junit.framework.TestSuite.runTest(TestSuite.java:241)
	at junit.framework.TestSuite.run(TestSuite.java:236)
	at junit.framework.TestSuite.runTest(TestSuite.java:241)
	at junit.framework.TestSuite.run(TestSuite.java:236)
	at junit.framework.TestSuite.runTest(TestSuite.java:241)
	at junit.framework.TestSuite.run(TestSuite.java:236)
	at junit.framework.TestSuite.runTest(TestSuite.java:241)
	at junit.framework.TestSuite.run(TestSuite.java:236)
	at junit.framework.TestSuite.runTest(TestSuite.java:241)
	at junit.framework.TestSuite.run(TestSuite.java:236)
	at junit.extensions.TestDecorator.basicRun(TestDecorator.java:24)
	at junit.extensions.TestSetup$1.protect(TestSetup.java:23)
	at junit.framework.TestResult.runProtected(TestResult.java:142)
	at junit.extensions.TestSetup.run(TestSetup.java:27)
	at org.junit.internal.runners.JUnit38ClassRunner.run(JUnit38ClassRunner.java:90)
	at org.apache.maven.surefire.junit4.JUnit4Provider.execute(JUnit4Provider.java:365)
	at org.apache.maven.surefire.junit4.JUnit4Provider.executeWithRerun(JUnit4Provider.java:273)
	at org.apache.maven.surefire.junit4.JUnit4Provider.executeTestSet(JUnit4Provider.java:238)
	at org.apache.maven.surefire.junit4.JUnit4Provider.invoke(JUnit4Provider.java:159)
	at org.apache.maven.surefire.booter.ForkedBooter.invokeProviderInSameClassLoader(ForkedBooter.java:384)
	at org.apache.maven.surefire.booter.ForkedBooter.runSuitesInProcess(ForkedBooter.java:345)
	at org.apache.maven.surefire.booter.ForkedBooter.execute(ForkedBooter.java:126)
	at org.apache.maven.surefire.booter.ForkedBooter.main(ForkedBooter.java:418)
]]></error>
    <system-out><![CDATA[Running db test selectSubClauses::aggregationDynaFns::size::testSize
{"duration":0.0,"eventType":"EXECUTION_PLAN_EXEC_ERROR","info":{"code":-1,"message":"SnowflakeSQLException: SQL compilation error:\nObject 'PERSONTABLE' does not exist or not authorized.","status":"error","trace":"java.lang.RuntimeException: net.snowflake.client.jdbc.SnowflakeSQLException: SQL compilation error:\nObject 'PERSONTABLE' does not exist or not authorized.\n\tat org.finos.legend.engine.plan.execution.stores.relational.result.SQLExecutionResult.<init>(SQLExecutionResult.java:123)\n\tat org.finos.legend.engine.plan.execution.stores.relational.RelationalExecutor.execute(RelationalExecutor.java:241)\n\tat org.finos.legend.engine.plan.execution.stores.relational.plugin.RelationalExecutionNodeExecutor.visit(RelationalExecutionNodeExecutor.java:238)\n\tat org.finos.legend.engine.plan.execution.stores.relational.plugin.RelationalExecutionNodeExecutor.visit(RelationalExecutionNodeExecutor.java:346)\n\tat org.finos.legend.engine.plan.execution.stores.relational.plugin.RelationalExecutionNodeExecutor.visit(RelationalExecutionNodeExecutor.java:92)\n\tat org.finos.legend.engine.protocol.pure.v1.model.executionPlan.nodes.RelationalDataTypeInstantiationExecutionNode.accept(RelationalDataTypeInstantiationExecutionNode.java:22)\n\tat org.finos.legend.engine.plan.execution.stores.relational.RelationalExecutionExtension.lambda$getExtraNodeExecutors$fbe53481$1(RelationalExecutionExtension.java:50)\n\tat org.finos.legend.engine.plan.execution.nodes.ExecutionNodeExecutor.lambda$visit$0(ExecutionNodeExecutor.java:164)\n\tat java.base/java.util.stream.ReferencePipeline$3$1.accept(ReferencePipeline.java:195)\n\tat java.base/java.util.Spliterators$ArraySpliterator.tryAdvance(Spliterators.java:958)\n\tat java.base/java.util.stream.ReferencePipeline.forEachWithCancel(ReferencePipeline.java:127)\n\tat java.base/java.util.stream.AbstractPipeline.copyIntoWithCancel(AbstractPipeline.java:502)\n\tat java.base/java.util.stream.AbstractPipeline.copyInto(AbstractPipeline.java:488)\n\tat java.base/java.util.stream.AbstractPipeline.wrapAndCopyInto(AbstractPipeline.java:474)\n\tat java.base/java.util.stream.FindOps$FindOp.evaluateSequential(FindOps.java:150)\n\tat java.base/java.util.stream.AbstractPipeline.evaluate(AbstractPipeline.java:234)\n\tat java.base/java.util.stream.ReferencePipeline.findFirst(ReferencePipeline.java:543)\n\tat org.finos.legend.engine.plan.execution.nodes.ExecutionNodeExecutor.visit(ExecutionNodeExecutor.java:164)\n\tat org.finos.legend.engine.plan.execution.nodes.ExecutionNodeExecutor.visit(ExecutionNodeExecutor.java:107)\n\tat org.finos.legend.engine.protocol.pure.v1.model.executionPlan.nodes.RelationalDataTypeInstantiationExecutionNode.accept(RelationalDataTypeInstantiationExecutionNode.java:22)\n\tat org.finos.legend.engine.plan.execution.PlanExecutor.execute(PlanExecutor.java:238)\n\tat org.finos.legend.engine.plan.execution.PlanExecutor.execute(PlanExecutor.java:225)\n\tat org.finos.legend.engine.plan.execution.api.ExecutePlan.doExecutePlanLegacy(ExecutePlan.java:102)\n\tat org.finos.legend.engine.plan.execution.api.ExecutePlan.doExecutePlan(ExecutePlan.java:84)\n\tat org.finos.legend.engine.plan.execution.api.ExecutePlanLegacy.executePlan(ExecutePlanLegacy.java:56)\n\tat jdk.internal.reflect.GeneratedMethodAccessor100.invoke(Unknown Source)\n\tat java.base/jdk.internal.reflect.DelegatingMethodAccessorImpl.invoke(DelegatingMethodAccessorImpl.java:43)\n\tat java.base/java.lang.reflect.Method.invoke(Method.java:566)\n\tat org.glassfish.jersey.server.model.internal.ResourceMethodInvocationHandlerFactory$1.invoke(ResourceMethodInvocationHandlerFactory.java:81)\n\tat org.glassfish.jersey.server.model.internal.AbstractJavaResourceMethodDispatcher$1.run(AbstractJavaResourceMethodDispatcher.java:144)\n\tat org.glassfish.jersey.server.model.internal.AbstractJavaResourceMethodDispatcher.invoke(AbstractJavaResourceMethodDispatcher.java:161)\n\tat org.glassfish.jersey.server.model.internal.JavaResourceMethodDispatcherProvider$ResponseOutInvoker.doDispatch(JavaResourceMethodDispatcherProvider.java:160)\n\tat org.glassfish.jersey.server.model.internal.AbstractJavaResourceMethodDispatcher.dispatch(AbstractJavaResourceMethodDispatcher.java:99)\n\tat org.glassfish.jersey.server.model.ResourceMethodInvoker.invoke(ResourceMethodInvoker.java:389)\n\tat org.glassfish.jersey.server.model.ResourceMethodInvoker.apply(ResourceMethodInvoker.java:347)\n\tat org.glassfish.jersey.server.model.ResourceMethodInvoker.apply(ResourceMethodInvoker.java:102)\n\tat org.glassfish.jersey.server.ServerRuntime$2.run(ServerRuntime.java:326)\n\tat org.glassfish.jersey.internal.Errors$1.call(Errors.java:271)\n\tat org.glassfish.jersey.internal.Errors$1.call(Errors.java:267)\n\tat org.glassfish.jersey.internal.Errors.process(Errors.java:315)\n\tat org.glassfish.jersey.internal.Errors.process(Errors.java:297)\n\tat org.glassfish.jersey.internal.Errors.process(Errors.java:267)\n\tat org.glassfish.jersey.process.internal.RequestScope.runInScope(RequestScope.java:317)\n\tat org.glassfish.jersey.server.ServerRuntime.process(ServerRuntime.java:305)\n\tat org.glassfish.jersey.server.ApplicationHandler.handle(ApplicationHandler.java:1154)\n\tat org.glassfish.jersey.servlet.WebComponent.serviceImpl(WebComponent.java:473)\n\tat org.glassfish.jersey.servlet.WebComponent.service(WebComponent.java:427)\n\tat org.glassfish.jersey.servlet.ServletContainer.service(ServletContainer.java:388)\n\tat org.glassfish.jersey.servlet.ServletContainer.service(ServletContainer.java:341)\n\tat org.glassfish.jersey.servlet.ServletContainer.service(ServletContainer.java:228)\n\tat org.eclipse.jetty.servlet.ServletHolder.handle(ServletHolder.java:799)\n\tat org.eclipse.jetty.servlet.ServletHandler$ChainEnd.doFilter(ServletHandler.java:1631)\n\tat io.dropwizard.servlets.ThreadNameFilter.doFilter(ThreadNameFilter.java:35)\n\tat org.eclipse.jetty.servlet.FilterHolder.doFilter(FilterHolder.java:193)\n\tat org.eclipse.jetty.servlet.ServletHandler$Chain.doFilter(ServletHandler.java:1601)\n\tat io.dropwizard.jersey.filter.AllowedMethodsFilter.handle(AllowedMethodsFilter.java:45)\n\tat io.dropwizard.jersey.filter.AllowedMethodsFilter.doFilter(AllowedMethodsFilter.java:39)\n\tat org.eclipse.jetty.servlet.FilterHolder.doFilter(FilterHolder.java:193)\n\tat org.eclipse.jetty.servlet.ServletHandler$Chain.doFilter(ServletHandler.java:1601)\n\tat org.finos.legend.server.pac4j.internal.UsernameFilter.doFilter(UsernameFilter.java:51)\n\tat org.eclipse.jetty.servlet.FilterHolder.doFilter(FilterHolder.java:193)\n\tat org.eclipse.jetty.servlet.ServletHandler$Chain.doFilter(ServletHandler.java:1601)\n\tat org.pac4j.j2e.filter.SecurityFilter.lambda$internalFilter$0(SecurityFilter.java:95)\n\tat org.pac4j.core.engine.DefaultSecurityLogic.perform(DefaultSecurityLogic.java:140)\n\tat org.pac4j.j2e.filter.SecurityFilter.internalFilter(SecurityFilter.java:93)\n\tat org.pac4j.j2e.filter.AbstractConfigFilter.doFilter(AbstractConfigFilter.java:81)\n\tat org.eclipse.jetty.servlet.FilterHolder.doFilter(FilterHolder.java:193)\n\tat org.eclipse.jetty.servlet.ServletHandler$Chain.doFilter(ServletHandler.java:1601)\n\tat org.eclipse.jetty.servlet.ServletHandler.doHandle(ServletHandler.java:548)\n\tat org.eclipse.jetty.server.handler.ScopedHandler.nextHandle(ScopedHandler.java:233)\n\tat org.eclipse.jetty.server.session.SessionHandler.doHandle(SessionHandler.java:1624)\n\tat org.eclipse.jetty.server.handler.ScopedHandler.nextHandle(ScopedHandler.java:233)\n\tat org.eclipse.jetty.server.handler.ContextHandler.doHandle(ContextHandler.java:1434)\n\tat org.eclipse.jetty.server.handler.ScopedHandler.nextScope(ScopedHandler.java:188)\n\tat org.eclipse.jetty.servlet.ServletHandler.doScope(ServletHandler.java:501)\n\tat org.eclipse.jetty.server.session.SessionHandler.doScope(SessionHandler.java:1594)\n\tat org.eclipse.jetty.server.handler.ScopedHandler.nextScope(ScopedHandler.java:186)\n\tat org.eclipse.jetty.server.handler.ContextHandler.doScope(ContextHandler.java:1349)\n\tat org.eclipse.jetty.server.handler.ScopedHandler.handle(ScopedHandler.java:141)\n\tat org.eclipse.jetty.server.handler.HandlerWrapper.handle(HandlerWrapper.java:127)\n\tat com.codahale.metrics.jetty9.InstrumentedHandler.handle(InstrumentedHandler.java:313)\n\tat io.dropwizard.jetty.ContextRoutingHandler.handle(ContextRoutingHandler.java:37)\n\tat org.eclipse.jetty.server.handler.gzip.GzipHandler.handle(GzipHandler.java:713)\n\tat io.dropwizard.jetty.BiDiGzipHandler.handle(BiDiGzipHandler.java:67)\n\tat org.eclipse.jetty.server.handler.StatisticsHandler.handle(StatisticsHandler.java:179)\n\tat org.eclipse.jetty.server.handler.HandlerWrapper.handle(HandlerWrapper.java:127)\n\tat org.eclipse.jetty.server.Server.handle(Server.java:516)\n\tat org.eclipse.jetty.server.HttpChannel.lambda$handle$1(HttpChannel.java:400)\n\tat org.eclipse.jetty.server.HttpChannel.dispatch(HttpChannel.java:645)\n\tat org.eclipse.jetty.server.HttpChannel.handle(HttpChannel.java:392)\n\tat org.eclipse.jetty.server.HttpConnection.onFillable(HttpConnection.java:277)\n\tat org.eclipse.jetty.io.AbstractConnection$ReadCallback.succeeded(AbstractConnection.java:311)\n\tat org.eclipse.jetty.io.FillInterest.fillable(FillInterest.java:105)\n\tat org.eclipse.jetty.io.ChannelEndPoint$1.run(ChannelEndPoint.java:104)\n\tat org.eclipse.jetty.util.thread.strategy.EatWhatYouKill.runTask(EatWhatYouKill.java:338)\n\tat org.eclipse.jetty.util.thread.strategy.EatWhatYouKill.doProduce(EatWhatYouKill.java:315)\n\tat org.eclipse.jetty.util.thread.strategy.EatWhatYouKill.tryProduce(EatWhatYouKill.java:173)\n\tat org.eclipse.jetty.util.thread.strategy.EatWhatYouKill.run(EatWhatYouKill.java:131)\n\tat org.eclipse.jetty.util.thread.ReservedThreadExecutor$ReservedThread.run(ReservedThreadExecutor.java:409)\n\tat org.eclipse.jetty.util.thread.QueuedThreadPool.runJob(QueuedThreadPool.java:883)\n\tat org.eclipse.jetty.util.thread.QueuedThreadPool$Runner.run(QueuedThreadPool.java:1034)\n\tat java.base/java.lang.Thread.run(Thread.java:829)\nCaused by: net.snowflake.client.jdbc.SnowflakeSQLException: SQL compilation error:\nObject 'PERSONTABLE' does not exist or not authorized.\n\tat net.snowflake.client.jdbc.SnowflakeUtil.checkErrorAndThrowExceptionSub(SnowflakeUtil.java:127)\n\tat net.snowflake.client.jdbc.SnowflakeUtil.checkErrorAndThrowException(SnowflakeUtil.java:67)\n\tat net.snowflake.client.core.StmtUtil.pollForOutput(StmtUtil.java:442)\n\tat net.snowflake.client.core.StmtUtil.execute(StmtUtil.java:345)\n\tat net.snowflake.client.core.SFStatement.executeHelper(SFStatement.java:486)\n\tat net.snowflake.client.core.SFStatement.executeQueryInternal(SFStatement.java:197)\n\tat net.snowflake.client.core.SFStatement.executeQuery(SFStatement.java:134)\n\tat net.snowflake.client.core.SFStatement.execute(SFStatement.java:743)\n\tat net.snowflake.client.core.SFStatement.execute(SFStatement.java:639)\n\tat net.snowflake.client.jdbc.SnowflakeStatementV1.executeQueryInternal(SnowflakeStatementV1.java:238)\n\tat net.snowflake.client.jdbc.SnowflakeStatementV1.executeQuery(SnowflakeStatementV1.java:133)\n\tat com.zaxxer.hikari.pool.ProxyStatement.executeQuery(ProxyStatement.java:110)\n\tat com.zaxxer.hikari.pool.HikariProxyStatement.executeQuery(HikariProxyStatement.java)\n\tat org.finos.legend.engine.plan.execution.stores.relational.result.SQLExecutionResult.<init>(SQLExecutionResult.java:95)\n\t... 101 more\n"},"mode":"DEV","timeStamp":"2023-02-23 01:31:31.206","user":"_UNKNOWN_"}
| **selectSubClauses::aggregationDynaFns::size::testSize** | failing :x: |
]]></system-out>
  </testcase>
  <testcase name="testStdDevPopulation[Snowflake]" classname="org.finos.legend.engine.server.test.shared.Relational_DbSpecific_UsingPureClientTestSuite$2" time="0.15">
    <error message="Assert failure at (resource:/platform/pure/basics/tests/assertEq.pure line:34 column:5), &quot;500 &apos;{&quot;code&quot;:-1,&quot;message&quot;:&quot;SnowflakeSQLException: SQL compilation error:&#10;Object &apos;PERSONTABLE&apos; does not exist or not authorized.&quot;,&quot;status&quot;:&quot;error&quot;,&quot;trace&quot;:&quot;java.lang.RuntimeException: net.snowflake.client.jdbc.SnowflakeSQLException: SQL compilation error:&#10;Object &apos;PERSONTABLE&apos; does not exist or not authorized.&#10;at org.finos.legend.engine.plan.execution.stores.relational.result.SQLExecutionResult.&lt;init&gt;(SQLExecutionResult.java:123)&#10;at org.finos.legend.engine.plan.execution.stores.relational.RelationalExecutor.execute(RelationalExecutor.java:241)&#10;at org.finos.legend.engine.plan.execution.stores.relational.plugin.RelationalExecutionNodeExecutor.visit(RelationalExecutionNodeExecutor.java:238)&#10;at org.finos.legend.engine.plan.execution.stores.relational.plugin.RelationalExecutionNodeExecutor.visit(RelationalExecutionNodeExecutor.java:346)&#10;at org.finos.legend.engine.plan.execution.stores.relational.plugin.RelationalExecutionNodeExecutor.visit(RelationalExecutionNodeExecutor.java:92)&#10;at org.finos.legend.engine.protocol.pure.v1.model.executionPlan.nodes.RelationalDataTypeInstantiationExecutionNode.accept(RelationalDataTypeInstantiationExecutionNode.java:22)&#10;at org.finos.legend.engine.plan.execution.stores.relational.RelationalExecutionExtension.lambda$getExtraNodeExecutors$fbe53481$1(RelationalExecutionExtension.java:50)&#10;at org.finos.legend.engine.plan.execution.nodes.ExecutionNodeExecutor.lambda$visit$0(ExecutionNodeExecutor.java:164)&#10;at java.base/java.util.stream.ReferencePipeline$3$1.accept(ReferencePipeline.java:195)&#10;at java.base/java.util.Spliterators$ArraySpliterator.tryAdvance(Spliterators.java:958)&#10;at java.base/java.util.stream.ReferencePipeline.forEachWithCancel(ReferencePipeline.java:127)&#10;at java.base/java.util.stream.AbstractPipeline.copyIntoWithCancel(AbstractPipeline.java:502)&#10;at java.base/java.util.stream.AbstractPipeline.copyInto(AbstractPipeline.java:488)&#10;at java.base/java.util.stream.AbstractPipeline.wrapAndCopyInto(AbstractPipeline.java:474)&#10;at java.base/java.util.stream.FindOps$FindOp.evaluateSequential(FindOps.java:150)&#10;at java.base/java.util.stream.AbstractPipeline.evaluate(AbstractPipeline.java:234)&#10;at java.base/java.util.stream.ReferencePipeline.findFirst(ReferencePipeline.java:543)&#10;at org.finos.legend.engine.plan.execution.nodes.ExecutionNodeExecutor.visit(ExecutionNodeExecutor.java:164)&#10;at org.finos.legend.engine.plan.execution.nodes.ExecutionNodeExecutor.visit(ExecutionNodeExecutor.java:107)&#10;at org.finos.legend.engine.protocol.pure.v1.model.executionPlan.nodes.RelationalDataTypeInstantiationExecutionNode.accept(RelationalDataTypeInstantiationExecutionNode.java:22)&#10;at org.finos.legend.engine.plan.execution.PlanExecutor.execute(PlanExecutor.java:238)&#10;at org.finos.legend.engine.plan.execution.PlanExecutor.execute(PlanExecutor.java:225)&#10;at org.finos.legend.engine.plan.execution.api.ExecutePlan.doExecutePlanLegacy(ExecutePlan.java:102)&#10;at org.finos.legend.engine.plan.execution.api.ExecutePlan.doExecutePlan(ExecutePlan.java:84)&#10;at org.finos.legend.engine.plan.execution.api.ExecutePlanLegacy.executePlan(ExecutePlanLegacy.java:56)&#10;at jdk.internal.reflect.GeneratedMethodAccessor100.invoke(Unknown Source)&#10;at java.base/jdk.internal.reflect.DelegatingMethodAccessorImpl.invoke(DelegatingMethodAccessorImpl.java:43)&#10;at java.base/java.lang.reflect.Method.invoke(Method.java:566)&#10;at org.glassfish.jersey.server.model.internal.ResourceMethodInvocationHandlerFactory$1.invoke(ResourceMethodInvocationHandlerFactory.java:81)&#10;at org.glassfish.jersey.server.model.internal.AbstractJavaResourceMethodDispatcher$1.run(AbstractJavaResourceMethodDispatcher.java:144)&#10;at org.glassfish.jersey.server.model.internal.AbstractJavaResourceMethodDispatcher.invoke(AbstractJavaResourceMethodDispatcher.java:161)&#10;at org.glassfish.jersey.server.model.internal.JavaResourceMethodDispatcherProvider$ResponseOutInvoker.doDispatch(JavaResourceMethodDispatcherProvider.java:160)&#10;at org.glassfish.jersey.server.model.internal.AbstractJavaResourceMethodDispatcher.dispatch(AbstractJavaResourceMethodDispatcher.java:99)&#10;at org.glassfish.jersey.server.model.ResourceMethodInvoker.invoke(ResourceMethodInvoker.java:389)&#10;at org.glassfish.jersey.server.model.ResourceMethodInvoker.apply(ResourceMethodInvoker.java:347)&#10;at org.glassfish.jersey.server.model.ResourceMethodInvoker.apply(ResourceMethodInvoker.java:102)&#10;at org.glassfish.jersey.server.ServerRuntime$2.run(ServerRuntime.java:326)&#10;at org.glassfish.jersey.internal.Errors$1.call(Errors.java:271)&#10;at org.glassfish.jersey.internal.Errors$1.call(Errors.java:267)&#10;at org.glassfish.jersey.internal.Errors.process(Errors.java:315)&#10;at org.glassfish.jersey.internal.Errors.process(Errors.java:297)&#10;at org.glassfish.jersey.internal.Errors.process(Errors.java:267)&#10;at org.glassfish.jersey.process.internal.RequestScope.runInScope(RequestScope.java:317)&#10;at org.glassfish.jersey.server.ServerRuntime.process(ServerRuntime.java:305)&#10;at org.glassfish.jersey.server.ApplicationHandler.handle(ApplicationHandler.java:1154)&#10;at org.glassfish.jersey.servlet.WebComponent.serviceImpl(WebComponent.java:473)&#10;at org.glassfish.jersey.servlet.WebComponent.service(WebComponent.java:427)&#10;at org.glassfish.jersey.servlet.ServletContainer.service(ServletContainer.java:388)&#10;at org.glassfish.jersey.servlet.ServletContainer.service(ServletContainer.java:341)&#10;at org.glassfish.jersey.servlet.ServletContainer.service(ServletContainer.java:228)&#10;at org.eclipse.jetty.servlet.ServletHolder.handle(ServletHolder.java:799)&#10;at org.eclipse.jetty.servlet.ServletHandler$ChainEnd.doFilter(ServletHandler.java:1631)&#10;at io.dropwizard.servlets.ThreadNameFilter.doFilter(ThreadNameFilter.java:35)&#10;at org.eclipse.jetty.servlet.FilterHolder.doFilter(FilterHolder.java:193)&#10;at org.eclipse.jetty.servlet.ServletHandler$Chain.doFilter(ServletHandler.java:1601)&#10;at io.dropwizard.jersey.filter.AllowedMethodsFilter.handle(AllowedMethodsFilter.java:45)&#10;at io.dropwizard.jersey.filter.AllowedMethodsFilter.doFilter(AllowedMethodsFilter.java:39)&#10;at org.eclipse.jetty.servlet.FilterHolder.doFilter(FilterHolder.java:193)&#10;at org.eclipse.jetty.servlet.ServletHandler$Chain.doFilter(ServletHandler.java:1601)&#10;at org.finos.legend.server.pac4j.internal.UsernameFilter.doFilter(UsernameFilter.java:51)&#10;at org.eclipse.jetty.servlet.FilterHolder.doFilter(FilterHolder.java:193)&#10;at org.eclipse.jetty.servlet.ServletHandler$Chain.doFilter(ServletHandler.java:1601)&#10;at org.pac4j.j2e.filter.SecurityFilter.lambda$internalFilter$0(SecurityFilter.java:95)&#10;at org.pac4j.core.engine.DefaultSecurityLogic.perform(DefaultSecurityLogic.java:140)&#10;at org.pac4j.j2e.filter.SecurityFilter.internalFilter(SecurityFilter.java:93)&#10;at org.pac4j.j2e.filter.AbstractConfigFilter.doFilter(AbstractConfigFilter.java:81)&#10;at org.eclipse.jetty.servlet.FilterHolder.doFilter(FilterHolder.java:193)&#10;at org.eclipse.jetty.servlet.ServletHandler$Chain.doFilter(ServletHandler.java:1601)&#10;at org.eclipse.jetty.servlet.ServletHandler.doHandle(ServletHandler.java:548)&#10;at org.eclipse.jetty.server.handler.ScopedHandler.nextHandle(ScopedHandler.java:233)&#10;at org.eclipse.jetty.server.session.SessionHandler.doHandle(SessionHandler.java:1624)&#10;at org.eclipse.jetty.server.handler.ScopedHandler.nextHandle(ScopedHandler.java:233)&#10;at org.eclipse.jetty.server.handler.ContextHandler.doHandle(ContextHandler.java:1434)&#10;at org.eclipse.jetty.server.handler.ScopedHandler.nextScope(ScopedHandler.java:188)&#10;at org.eclipse.jetty.servlet.ServletHandler.doScope(ServletHandler.java:501)&#10;at org.eclipse.jetty.server.session.SessionHandler.doScope(SessionHandler.java:1594)&#10;at org.eclipse.jetty.server.handler.ScopedHandler.nextScope(ScopedHandler.java:186)&#10;at org.eclipse.jetty.server.handler.ContextHandler.doScope(ContextHandler.java:1349)&#10;at org.eclipse.jetty.server.handler.ScopedHandler.handle(ScopedHandler.java:141)&#10;at org.eclipse.jetty.server.handler.HandlerWrapper.handle(HandlerWrapper.java:127)&#10;at com.codahale.metrics.jetty9.InstrumentedHandler.handle(InstrumentedHandler.java:313)&#10;at io.dropwizard.jetty.ContextRoutingHandler.handle(ContextRoutingHandler.java:37)&#10;at org.eclipse.jetty.server.handler.gzip.GzipHandler.handle(GzipHandler.java:713)&#10;at io.dropwizard.jetty.BiDiGzipHandler.handle(BiDiGzipHandler.java:67)&#10;at org.eclipse.jetty.server.handler.StatisticsHandler.handle(StatisticsHandler.java:179)&#10;at org.eclipse.jetty.server.handler.HandlerWrapper.handle(HandlerWrapper.java:127)&#10;at org.eclipse.jetty.server.Server.handle(Server.java:516)&#10;at org.eclipse.jetty.server.HttpChannel.lambda$handle$1(HttpChannel.java:400)&#10;at org.eclipse.jetty.server.HttpChannel.dispatch(HttpChannel.java:645)&#10;at org.eclipse.jetty.server.HttpChannel.handle(HttpChannel.java:392)&#10;at org.eclipse.jetty.server.HttpConnection.onFillable(HttpConnection.java:277)&#10;at org.eclipse.jetty.io.AbstractConnection$ReadCallback.succeeded(AbstractConnection.java:311)&#10;at org.eclipse.jetty.io.FillInterest.fillable(FillInterest.java:105)&#10;at org.eclipse.jetty.io.ChannelEndPoint$1.run(ChannelEndPoint.java:104)&#10;at org.eclipse.jetty.util.thread.strategy.EatWhatYouKill.runTask(EatWhatYouKill.java:338)&#10;at org.eclipse.jetty.util.thread.strategy.EatWhatYouKill.doProduce(EatWhatYouKill.java:315)&#10;at org.eclipse.jetty.util.thread.strategy.EatWhatYouKill.tryProduce(EatWhatYouKill.java:173)&#10;at org.eclipse.jetty.util.thread.strategy.EatWhatYouKill.run(EatWhatYouKill.java:131)&#10;at org.eclipse.jetty.util.thread.ReservedThreadExecutor$ReservedThread.run(ReservedThreadExecutor.java:409)&#10;at org.eclipse.jetty.util.thread.QueuedThreadPool.runJob(QueuedThreadPool.java:883)&#10;at org.eclipse.jetty.util.thread.QueuedThreadPool$Runner.run(QueuedThreadPool.java:1034)&#10;at java.base/java.lang.Thread.run(Thread.java:829)&#10;Caused by: net.snowflake.client.jdbc.SnowflakeSQLException: SQL compilation error:&#10;Object &apos;PERSONTABLE&apos; does not exist or not authorized.&#10;at net.snowflake.client.jdbc.SnowflakeUtil.checkErrorAndThrowExceptionSub(SnowflakeUtil.java:127)&#10;at net.snowflake.client.jdbc.SnowflakeUtil.checkErrorAndThrowException(SnowflakeUtil.java:67)&#10;at net.snowflake.client.core.StmtUtil.pollForOutput(StmtUtil.java:442)&#10;at net.snowflake.client.core.StmtUtil.execute(StmtUtil.java:345)&#10;at net.snowflake.client.core.SFStatement.executeHelper(SFStatement.java:486)&#10;at net.snowflake.client.core.SFStatement.executeQueryInternal(SFStatement.java:197)&#10;at net.snowflake.client.core.SFStatement.executeQuery(SFStatement.java:134)&#10;at net.snowflake.client.core.SFStatement.execute(SFStatement.java:743)&#10;at net.snowflake.client.core.SFStatement.execute(SFStatement.java:639)&#10;at net.snowflake.client.jdbc.SnowflakeStatementV1.executeQueryInternal(SnowflakeStatementV1.java:238)&#10;at net.snowflake.client.jdbc.SnowflakeStatementV1.executeQuery(SnowflakeStatementV1.java:133)&#10;at com.zaxxer.hikari.pool.ProxyStatement.executeQuery(ProxyStatement.java:110)&#10;at com.zaxxer.hikari.pool.HikariProxyStatement.executeQuery(HikariProxyStatement.java)&#10;at org.finos.legend.engine.plan.execution.stores.relational.result.SQLExecutionResult.&lt;init&gt;(SQLExecutionResult.java:95)&#10;... 101 more&#10;&quot;}&apos;&quot;" type="Assert failure at (resource"><![CDATA[Assert failure at (resource:/platform/pure/basics/tests/assertEq.pure line:34 column:5), "500 '{"code":-1,"message":"SnowflakeSQLException: SQL compilation error:
Object 'PERSONTABLE' does not exist or not authorized.","status":"error","trace":"java.lang.RuntimeException: net.snowflake.client.jdbc.SnowflakeSQLException: SQL compilation error:
Object 'PERSONTABLE' does not exist or not authorized.
at org.finos.legend.engine.plan.execution.stores.relational.result.SQLExecutionResult.<init>(SQLExecutionResult.java:123)
at org.finos.legend.engine.plan.execution.stores.relational.RelationalExecutor.execute(RelationalExecutor.java:241)
at org.finos.legend.engine.plan.execution.stores.relational.plugin.RelationalExecutionNodeExecutor.visit(RelationalExecutionNodeExecutor.java:238)
at org.finos.legend.engine.plan.execution.stores.relational.plugin.RelationalExecutionNodeExecutor.visit(RelationalExecutionNodeExecutor.java:346)
at org.finos.legend.engine.plan.execution.stores.relational.plugin.RelationalExecutionNodeExecutor.visit(RelationalExecutionNodeExecutor.java:92)
at org.finos.legend.engine.protocol.pure.v1.model.executionPlan.nodes.RelationalDataTypeInstantiationExecutionNode.accept(RelationalDataTypeInstantiationExecutionNode.java:22)
at org.finos.legend.engine.plan.execution.stores.relational.RelationalExecutionExtension.lambda$getExtraNodeExecutors$fbe53481$1(RelationalExecutionExtension.java:50)
at org.finos.legend.engine.plan.execution.nodes.ExecutionNodeExecutor.lambda$visit$0(ExecutionNodeExecutor.java:164)
at java.base/java.util.stream.ReferencePipeline$3$1.accept(ReferencePipeline.java:195)
at java.base/java.util.Spliterators$ArraySpliterator.tryAdvance(Spliterators.java:958)
at java.base/java.util.stream.ReferencePipeline.forEachWithCancel(ReferencePipeline.java:127)
at java.base/java.util.stream.AbstractPipeline.copyIntoWithCancel(AbstractPipeline.java:502)
at java.base/java.util.stream.AbstractPipeline.copyInto(AbstractPipeline.java:488)
at java.base/java.util.stream.AbstractPipeline.wrapAndCopyInto(AbstractPipeline.java:474)
at java.base/java.util.stream.FindOps$FindOp.evaluateSequential(FindOps.java:150)
at java.base/java.util.stream.AbstractPipeline.evaluate(AbstractPipeline.java:234)
at java.base/java.util.stream.ReferencePipeline.findFirst(ReferencePipeline.java:543)
at org.finos.legend.engine.plan.execution.nodes.ExecutionNodeExecutor.visit(ExecutionNodeExecutor.java:164)
at org.finos.legend.engine.plan.execution.nodes.ExecutionNodeExecutor.visit(ExecutionNodeExecutor.java:107)
at org.finos.legend.engine.protocol.pure.v1.model.executionPlan.nodes.RelationalDataTypeInstantiationExecutionNode.accept(RelationalDataTypeInstantiationExecutionNode.java:22)
at org.finos.legend.engine.plan.execution.PlanExecutor.execute(PlanExecutor.java:238)
at org.finos.legend.engine.plan.execution.PlanExecutor.execute(PlanExecutor.java:225)
at org.finos.legend.engine.plan.execution.api.ExecutePlan.doExecutePlanLegacy(ExecutePlan.java:102)
at org.finos.legend.engine.plan.execution.api.ExecutePlan.doExecutePlan(ExecutePlan.java:84)
at org.finos.legend.engine.plan.execution.api.ExecutePlanLegacy.executePlan(ExecutePlanLegacy.java:56)
at jdk.internal.reflect.GeneratedMethodAccessor100.invoke(Unknown Source)
at java.base/jdk.internal.reflect.DelegatingMethodAccessorImpl.invoke(DelegatingMethodAccessorImpl.java:43)
at java.base/java.lang.reflect.Method.invoke(Method.java:566)
at org.glassfish.jersey.server.model.internal.ResourceMethodInvocationHandlerFactory$1.invoke(ResourceMethodInvocationHandlerFactory.java:81)
at org.glassfish.jersey.server.model.internal.AbstractJavaResourceMethodDispatcher$1.run(AbstractJavaResourceMethodDispatcher.java:144)
at org.glassfish.jersey.server.model.internal.AbstractJavaResourceMethodDispatcher.invoke(AbstractJavaResourceMethodDispatcher.java:161)
at org.glassfish.jersey.server.model.internal.JavaResourceMethodDispatcherProvider$ResponseOutInvoker.doDispatch(JavaResourceMethodDispatcherProvider.java:160)
at org.glassfish.jersey.server.model.internal.AbstractJavaResourceMethodDispatcher.dispatch(AbstractJavaResourceMethodDispatcher.java:99)
at org.glassfish.jersey.server.model.ResourceMethodInvoker.invoke(ResourceMethodInvoker.java:389)
at org.glassfish.jersey.server.model.ResourceMethodInvoker.apply(ResourceMethodInvoker.java:347)
at org.glassfish.jersey.server.model.ResourceMethodInvoker.apply(ResourceMethodInvoker.java:102)
at org.glassfish.jersey.server.ServerRuntime$2.run(ServerRuntime.java:326)
at org.glassfish.jersey.internal.Errors$1.call(Errors.java:271)
at org.glassfish.jersey.internal.Errors$1.call(Errors.java:267)
at org.glassfish.jersey.internal.Errors.process(Errors.java:315)
at org.glassfish.jersey.internal.Errors.process(Errors.java:297)
at org.glassfish.jersey.internal.Errors.process(Errors.java:267)
at org.glassfish.jersey.process.internal.RequestScope.runInScope(RequestScope.java:317)
at org.glassfish.jersey.server.ServerRuntime.process(ServerRuntime.java:305)
at org.glassfish.jersey.server.ApplicationHandler.handle(ApplicationHandler.java:1154)
at org.glassfish.jersey.servlet.WebComponent.serviceImpl(WebComponent.java:473)
at org.glassfish.jersey.servlet.WebComponent.service(WebComponent.java:427)
at org.glassfish.jersey.servlet.ServletContainer.service(ServletContainer.java:388)
at org.glassfish.jersey.servlet.ServletContainer.service(ServletContainer.java:341)
at org.glassfish.jersey.servlet.ServletContainer.service(ServletContainer.java:228)
at org.eclipse.jetty.servlet.ServletHolder.handle(ServletHolder.java:799)
at org.eclipse.jetty.servlet.ServletHandler$ChainEnd.doFilter(ServletHandler.java:1631)
at io.dropwizard.servlets.ThreadNameFilter.doFilter(ThreadNameFilter.java:35)
at org.eclipse.jetty.servlet.FilterHolder.doFilter(FilterHolder.java:193)
at org.eclipse.jetty.servlet.ServletHandler$Chain.doFilter(ServletHandler.java:1601)
at io.dropwizard.jersey.filter.AllowedMethodsFilter.handle(AllowedMethodsFilter.java:45)
at io.dropwizard.jersey.filter.AllowedMethodsFilter.doFilter(AllowedMethodsFilter.java:39)
at org.eclipse.jetty.servlet.FilterHolder.doFilter(FilterHolder.java:193)
at org.eclipse.jetty.servlet.ServletHandler$Chain.doFilter(ServletHandler.java:1601)
at org.finos.legend.server.pac4j.internal.UsernameFilter.doFilter(UsernameFilter.java:51)
at org.eclipse.jetty.servlet.FilterHolder.doFilter(FilterHolder.java:193)
at org.eclipse.jetty.servlet.ServletHandler$Chain.doFilter(ServletHandler.java:1601)
at org.pac4j.j2e.filter.SecurityFilter.lambda$internalFilter$0(SecurityFilter.java:95)
at org.pac4j.core.engine.DefaultSecurityLogic.perform(DefaultSecurityLogic.java:140)
at org.pac4j.j2e.filter.SecurityFilter.internalFilter(SecurityFilter.java:93)
at org.pac4j.j2e.filter.AbstractConfigFilter.doFilter(AbstractConfigFilter.java:81)
at org.eclipse.jetty.servlet.FilterHolder.doFilter(FilterHolder.java:193)
at org.eclipse.jetty.servlet.ServletHandler$Chain.doFilter(ServletHandler.java:1601)
at org.eclipse.jetty.servlet.ServletHandler.doHandle(ServletHandler.java:548)
at org.eclipse.jetty.server.handler.ScopedHandler.nextHandle(ScopedHandler.java:233)
at org.eclipse.jetty.server.session.SessionHandler.doHandle(SessionHandler.java:1624)
at org.eclipse.jetty.server.handler.ScopedHandler.nextHandle(ScopedHandler.java:233)
at org.eclipse.jetty.server.handler.ContextHandler.doHandle(ContextHandler.java:1434)
at org.eclipse.jetty.server.handler.ScopedHandler.nextScope(ScopedHandler.java:188)
at org.eclipse.jetty.servlet.ServletHandler.doScope(ServletHandler.java:501)
at org.eclipse.jetty.server.session.SessionHandler.doScope(SessionHandler.java:1594)
at org.eclipse.jetty.server.handler.ScopedHandler.nextScope(ScopedHandler.java:186)
at org.eclipse.jetty.server.handler.ContextHandler.doScope(ContextHandler.java:1349)
at org.eclipse.jetty.server.handler.ScopedHandler.handle(ScopedHandler.java:141)
at org.eclipse.jetty.server.handler.HandlerWrapper.handle(HandlerWrapper.java:127)
at com.codahale.metrics.jetty9.InstrumentedHandler.handle(InstrumentedHandler.java:313)
at io.dropwizard.jetty.ContextRoutingHandler.handle(ContextRoutingHandler.java:37)
at org.eclipse.jetty.server.handler.gzip.GzipHandler.handle(GzipHandler.java:713)
at io.dropwizard.jetty.BiDiGzipHandler.handle(BiDiGzipHandler.java:67)
at org.eclipse.jetty.server.handler.StatisticsHandler.handle(StatisticsHandler.java:179)
at org.eclipse.jetty.server.handler.HandlerWrapper.handle(HandlerWrapper.java:127)
at org.eclipse.jetty.server.Server.handle(Server.java:516)
at org.eclipse.jetty.server.HttpChannel.lambda$handle$1(HttpChannel.java:400)
at org.eclipse.jetty.server.HttpChannel.dispatch(HttpChannel.java:645)
at org.eclipse.jetty.server.HttpChannel.handle(HttpChannel.java:392)
at org.eclipse.jetty.server.HttpConnection.onFillable(HttpConnection.java:277)
at org.eclipse.jetty.io.AbstractConnection$ReadCallback.succeeded(AbstractConnection.java:311)
at org.eclipse.jetty.io.FillInterest.fillable(FillInterest.java:105)
at org.eclipse.jetty.io.ChannelEndPoint$1.run(ChannelEndPoint.java:104)
at org.eclipse.jetty.util.thread.strategy.EatWhatYouKill.runTask(EatWhatYouKill.java:338)
at org.eclipse.jetty.util.thread.strategy.EatWhatYouKill.doProduce(EatWhatYouKill.java:315)
at org.eclipse.jetty.util.thread.strategy.EatWhatYouKill.tryProduce(EatWhatYouKill.java:173)
at org.eclipse.jetty.util.thread.strategy.EatWhatYouKill.run(EatWhatYouKill.java:131)
at org.eclipse.jetty.util.thread.ReservedThreadExecutor$ReservedThread.run(ReservedThreadExecutor.java:409)
at org.eclipse.jetty.util.thread.QueuedThreadPool.runJob(QueuedThreadPool.java:883)
at org.eclipse.jetty.util.thread.QueuedThreadPool$Runner.run(QueuedThreadPool.java:1034)
at java.base/java.lang.Thread.run(Thread.java:829)
Caused by: net.snowflake.client.jdbc.SnowflakeSQLException: SQL compilation error:
Object 'PERSONTABLE' does not exist or not authorized.
at net.snowflake.client.jdbc.SnowflakeUtil.checkErrorAndThrowExceptionSub(SnowflakeUtil.java:127)
at net.snowflake.client.jdbc.SnowflakeUtil.checkErrorAndThrowException(SnowflakeUtil.java:67)
at net.snowflake.client.core.StmtUtil.pollForOutput(StmtUtil.java:442)
at net.snowflake.client.core.StmtUtil.execute(StmtUtil.java:345)
at net.snowflake.client.core.SFStatement.executeHelper(SFStatement.java:486)
at net.snowflake.client.core.SFStatement.executeQueryInternal(SFStatement.java:197)
at net.snowflake.client.core.SFStatement.executeQuery(SFStatement.java:134)
at net.snowflake.client.core.SFStatement.execute(SFStatement.java:743)
at net.snowflake.client.core.SFStatement.execute(SFStatement.java:639)
at net.snowflake.client.jdbc.SnowflakeStatementV1.executeQueryInternal(SnowflakeStatementV1.java:238)
at net.snowflake.client.jdbc.SnowflakeStatementV1.executeQuery(SnowflakeStatementV1.java:133)
at com.zaxxer.hikari.pool.ProxyStatement.executeQuery(ProxyStatement.java:110)
at com.zaxxer.hikari.pool.HikariProxyStatement.executeQuery(HikariProxyStatement.java)
at org.finos.legend.engine.plan.execution.stores.relational.result.SQLExecutionResult.<init>(SQLExecutionResult.java:95)
... 101 more
"}'"
	at org.finos.legend.pure.runtime.java.compiled.generation.processors.support.CompiledSupport.pureAssert(CompiledSupport.java:1994)
	at org.finos.legend.pure.generated.platform_pure_basics_tests_assertEq.Root_meta_pure_functions_asserts_assertEq_Any_1__Any_1__Function_1__Boolean_1_(platform_pure_basics_tests_assertEq.java:44)
	at org.finos.legend.pure.generated.core_pure_protocol_vX_X_X_invocations_execution.Root_meta_protocols_pure_vX_X_X_invocation_execution_execute_executePlan_String_1__String_1__Integer_1__String_1_(core_pure_protocol_vX_X_X_invocations_execution.java:751)
	at org.finos.legend.pure.generated.core_pure_protocol_vX_X_X_invocations_execution.Root_meta_protocols_pure_vX_X_X_invocation_execution_execute_executePlan_ExecutionPlan_1__String_1__Integer_1__Extension_MANY__String_1_(core_pure_protocol_vX_X_X_invocations_execution.java:745)
	at org.finos.legend.pure.generated.core_pure_protocol_vX_X_X_invocations_execution.Root_meta_protocols_pure_vX_X_X_invocation_execution_execute_executePlan_ExecutionPlan_1__ExecutionContext_$0_1$__String_1__Integer_1__Extension_MANY__Result_1_(core_pure_protocol_vX_X_X_invocations_execution.java:738)
	at jdk.internal.reflect.GeneratedMethodAccessor96.invoke(Unknown Source)
	at java.base/jdk.internal.reflect.DelegatingMethodAccessorImpl.invoke(DelegatingMethodAccessorImpl.java:43)
	at java.base/java.lang.reflect.Method.invoke(Method.java:566)
	at org.finos.legend.pure.runtime.java.compiled.metadata.JavaMethodWithParamsSharedPureFunction.execute(JavaMethodWithParamsSharedPureFunction.java:59)
	at org.finos.legend.pure.runtime.java.compiled.generation.processors.support.Pure._evaluateToMany(Pure.java:546)
	at org.finos.legend.pure.generated.CoreGen.evaluateToMany(CoreGen.java:147)
	at org.finos.legend.pure.generated.CoreGen.evaluateToMany(CoreGen.java:134)
	at org.finos.legend.pure.generated.core_pure_router_router_entry$9$1.value(core_pure_router_router_entry.java:318)
	at org.finos.legend.pure.generated.core_pure_router_router_entry$9$1.execute(core_pure_router_router_entry.java:311)
	at org.finos.legend.pure.generated.core_pure_router_router_entry$9$1.execute(core_pure_router_router_entry.java:307)
	at org.finos.legend.pure.runtime.java.compiled.generation.processors.support.Pure.evaluate(Pure.java:485)
	at org.finos.legend.pure.runtime.java.compiled.generation.processors.support.Pure.legendTest(Pure.java:216)
	at org.finos.legend.pure.generated.CoreGen.legendTest(CoreGen.java:61)
	at org.finos.legend.pure.generated.core_pure_router_router_entry$9.valueOf(core_pure_router_router_entry.java:303)
	at org.finos.legend.pure.generated.core_pure_router_router_entry$9.execute(core_pure_router_router_entry.java:298)
	at org.finos.legend.pure.generated.core_pure_router_router_entry$9.execute(core_pure_router_router_entry.java:294)
	at org.finos.legend.pure.runtime.java.compiled.generation.processors.support.Pure.evaluate(Pure.java:485)
	at org.finos.legend.pure.runtime.java.compiled.generation.processors.support.Pure.traceSpan(Pure.java:1482)
	at org.finos.legend.pure.generated.CoreGen.traceSpan(CoreGen.java:203)
	at org.finos.legend.pure.generated.core_pure_router_router_entry.Root_meta_pure_router_executePlan_ExecutionPlan_1__ExecutionContext_1__Extension_MANY__Result_$0_1$_(core_pure_router_router_entry.java:290)
	at org.finos.legend.pure.generated.core_pure_router_router_entry.Root_meta_pure_router_executePlan_ExecutionPlan_1__Extension_MANY__Result_$0_1$_(core_pure_router_router_entry.java:285)
	at org.finos.legend.pure.generated.core_relational_relational_sqlQueryToString_dbTestRunner_testRunner$20.execute(core_relational_relational_sqlQueryToString_dbTestRunner_testRunner.java:386)
	at org.finos.legend.pure.generated.core_relational_relational_sqlQueryToString_dbTestRunner_testRunner.Root_meta_relational_dbTestRunner_runSqlQueryTest_SQLQuery_1__Literal_$1_MANY$__Pair_MANY__Function_$0_1$__DbTestConfig_1__Boolean_1_(core_relational_relational_sqlQueryToString_dbTestRunner_testRunner.java:424)
	at org.finos.legend.pure.generated.core_relational_relational_sqlQueryToString_dbTestRunner_testRunner.Root_meta_relational_dbTestRunner_runSqlQueryTest_SQLQuery_1__Literal_$1_MANY$__Function_$0_1$__DbTestConfig_1__Boolean_1_(core_relational_relational_sqlQueryToString_dbTestRunner_testRunner.java:374)
	at org.finos.legend.pure.generated.core_relational_relational_sqlQueryToString_testSuite_selectSubClauses_aggregationDynaFns.Root_meta_relational_tests_dbSpecificTests_sqlQueryTests_selectSubClauses_aggregationDynaFns_stdDevPopulation_testStdDevPopulation_DbTestConfig_1__Boolean_1_(core_relational_relational_sqlQueryToString_testSuite_selectSubClauses_aggregationDynaFns.java:214)
	at java.base/jdk.internal.reflect.NativeMethodAccessorImpl.invoke0(Native Method)
	at java.base/jdk.internal.reflect.NativeMethodAccessorImpl.invoke(NativeMethodAccessorImpl.java:62)
	at java.base/jdk.internal.reflect.DelegatingMethodAccessorImpl.invoke(DelegatingMethodAccessorImpl.java:43)
	at java.base/java.lang.reflect.Method.invoke(Method.java:566)
	at org.finos.legend.pure.runtime.java.compiled.testHelper.PureTestBuilderCompiled.executeFn(PureTestBuilderCompiled.java:113)
	at org.finos.legend.pure.runtime.java.compiled.testHelper.PureTestBuilderCompiled.lambda$buildSuite$0(PureTestBuilderCompiled.java:79)
	at org.finos.legend.pure.m3.execution.test.PureTestBuilder$PureTestCase.runTest(PureTestBuilder.java:95)
	at junit.framework.TestCase.runBare(TestCase.java:142)
	at org.finos.legend.engine.server.test.shared.Relational_DbSpecific_UsingPureClientTestSuite$2.runTest(Relational_DbSpecific_UsingPureClientTestSuite.java:90)
	at junit.framework.TestCase.runBare(TestCase.java:142)
	at junit.framework.TestResult$1.protect(TestResult.java:122)
	at junit.framework.TestResult.runProtected(TestResult.java:142)
	at junit.framework.TestResult.run(TestResult.java:125)
	at junit.framework.TestCase.run(TestCase.java:130)
	at junit.framework.TestSuite.runTest(TestSuite.java:241)
	at junit.framework.TestSuite.run(TestSuite.java:236)
	at junit.framework.TestSuite.runTest(TestSuite.java:241)
	at junit.framework.TestSuite.run(TestSuite.java:236)
	at junit.framework.TestSuite.runTest(TestSuite.java:241)
	at junit.framework.TestSuite.run(TestSuite.java:236)
	at junit.framework.TestSuite.runTest(TestSuite.java:241)
	at junit.framework.TestSuite.run(TestSuite.java:236)
	at junit.framework.TestSuite.runTest(TestSuite.java:241)
	at junit.framework.TestSuite.run(TestSuite.java:236)
	at junit.framework.TestSuite.runTest(TestSuite.java:241)
	at junit.framework.TestSuite.run(TestSuite.java:236)
	at junit.extensions.TestDecorator.basicRun(TestDecorator.java:24)
	at junit.extensions.TestSetup$1.protect(TestSetup.java:23)
	at junit.framework.TestResult.runProtected(TestResult.java:142)
	at junit.extensions.TestSetup.run(TestSetup.java:27)
	at org.junit.internal.runners.JUnit38ClassRunner.run(JUnit38ClassRunner.java:90)
	at org.apache.maven.surefire.junit4.JUnit4Provider.execute(JUnit4Provider.java:365)
	at org.apache.maven.surefire.junit4.JUnit4Provider.executeWithRerun(JUnit4Provider.java:273)
	at org.apache.maven.surefire.junit4.JUnit4Provider.executeTestSet(JUnit4Provider.java:238)
	at org.apache.maven.surefire.junit4.JUnit4Provider.invoke(JUnit4Provider.java:159)
	at org.apache.maven.surefire.booter.ForkedBooter.invokeProviderInSameClassLoader(ForkedBooter.java:384)
	at org.apache.maven.surefire.booter.ForkedBooter.runSuitesInProcess(ForkedBooter.java:345)
	at org.apache.maven.surefire.booter.ForkedBooter.execute(ForkedBooter.java:126)
	at org.apache.maven.surefire.booter.ForkedBooter.main(ForkedBooter.java:418)
]]></error>
    <system-out><![CDATA[Running db test selectSubClauses::aggregationDynaFns::stdDevPopulation::testStdDevPopulation
{"duration":0.0,"eventType":"EXECUTION_PLAN_EXEC_ERROR","info":{"code":-1,"message":"SnowflakeSQLException: SQL compilation error:\nObject 'PERSONTABLE' does not exist or not authorized.","status":"error","trace":"java.lang.RuntimeException: net.snowflake.client.jdbc.SnowflakeSQLException: SQL compilation error:\nObject 'PERSONTABLE' does not exist or not authorized.\n\tat org.finos.legend.engine.plan.execution.stores.relational.result.SQLExecutionResult.<init>(SQLExecutionResult.java:123)\n\tat org.finos.legend.engine.plan.execution.stores.relational.RelationalExecutor.execute(RelationalExecutor.java:241)\n\tat org.finos.legend.engine.plan.execution.stores.relational.plugin.RelationalExecutionNodeExecutor.visit(RelationalExecutionNodeExecutor.java:238)\n\tat org.finos.legend.engine.plan.execution.stores.relational.plugin.RelationalExecutionNodeExecutor.visit(RelationalExecutionNodeExecutor.java:346)\n\tat org.finos.legend.engine.plan.execution.stores.relational.plugin.RelationalExecutionNodeExecutor.visit(RelationalExecutionNodeExecutor.java:92)\n\tat org.finos.legend.engine.protocol.pure.v1.model.executionPlan.nodes.RelationalDataTypeInstantiationExecutionNode.accept(RelationalDataTypeInstantiationExecutionNode.java:22)\n\tat org.finos.legend.engine.plan.execution.stores.relational.RelationalExecutionExtension.lambda$getExtraNodeExecutors$fbe53481$1(RelationalExecutionExtension.java:50)\n\tat org.finos.legend.engine.plan.execution.nodes.ExecutionNodeExecutor.lambda$visit$0(ExecutionNodeExecutor.java:164)\n\tat java.base/java.util.stream.ReferencePipeline$3$1.accept(ReferencePipeline.java:195)\n\tat java.base/java.util.Spliterators$ArraySpliterator.tryAdvance(Spliterators.java:958)\n\tat java.base/java.util.stream.ReferencePipeline.forEachWithCancel(ReferencePipeline.java:127)\n\tat java.base/java.util.stream.AbstractPipeline.copyIntoWithCancel(AbstractPipeline.java:502)\n\tat java.base/java.util.stream.AbstractPipeline.copyInto(AbstractPipeline.java:488)\n\tat java.base/java.util.stream.AbstractPipeline.wrapAndCopyInto(AbstractPipeline.java:474)\n\tat java.base/java.util.stream.FindOps$FindOp.evaluateSequential(FindOps.java:150)\n\tat java.base/java.util.stream.AbstractPipeline.evaluate(AbstractPipeline.java:234)\n\tat java.base/java.util.stream.ReferencePipeline.findFirst(ReferencePipeline.java:543)\n\tat org.finos.legend.engine.plan.execution.nodes.ExecutionNodeExecutor.visit(ExecutionNodeExecutor.java:164)\n\tat org.finos.legend.engine.plan.execution.nodes.ExecutionNodeExecutor.visit(ExecutionNodeExecutor.java:107)\n\tat org.finos.legend.engine.protocol.pure.v1.model.executionPlan.nodes.RelationalDataTypeInstantiationExecutionNode.accept(RelationalDataTypeInstantiationExecutionNode.java:22)\n\tat org.finos.legend.engine.plan.execution.PlanExecutor.execute(PlanExecutor.java:238)\n\tat org.finos.legend.engine.plan.execution.PlanExecutor.execute(PlanExecutor.java:225)\n\tat org.finos.legend.engine.plan.execution.api.ExecutePlan.doExecutePlanLegacy(ExecutePlan.java:102)\n\tat org.finos.legend.engine.plan.execution.api.ExecutePlan.doExecutePlan(ExecutePlan.java:84)\n\tat org.finos.legend.engine.plan.execution.api.ExecutePlanLegacy.executePlan(ExecutePlanLegacy.java:56)\n\tat jdk.internal.reflect.GeneratedMethodAccessor100.invoke(Unknown Source)\n\tat java.base/jdk.internal.reflect.DelegatingMethodAccessorImpl.invoke(DelegatingMethodAccessorImpl.java:43)\n\tat java.base/java.lang.reflect.Method.invoke(Method.java:566)\n\tat org.glassfish.jersey.server.model.internal.ResourceMethodInvocationHandlerFactory$1.invoke(ResourceMethodInvocationHandlerFactory.java:81)\n\tat org.glassfish.jersey.server.model.internal.AbstractJavaResourceMethodDispatcher$1.run(AbstractJavaResourceMethodDispatcher.java:144)\n\tat org.glassfish.jersey.server.model.internal.AbstractJavaResourceMethodDispatcher.invoke(AbstractJavaResourceMethodDispatcher.java:161)\n\tat org.glassfish.jersey.server.model.internal.JavaResourceMethodDispatcherProvider$ResponseOutInvoker.doDispatch(JavaResourceMethodDispatcherProvider.java:160)\n\tat org.glassfish.jersey.server.model.internal.AbstractJavaResourceMethodDispatcher.dispatch(AbstractJavaResourceMethodDispatcher.java:99)\n\tat org.glassfish.jersey.server.model.ResourceMethodInvoker.invoke(ResourceMethodInvoker.java:389)\n\tat org.glassfish.jersey.server.model.ResourceMethodInvoker.apply(ResourceMethodInvoker.java:347)\n\tat org.glassfish.jersey.server.model.ResourceMethodInvoker.apply(ResourceMethodInvoker.java:102)\n\tat org.glassfish.jersey.server.ServerRuntime$2.run(ServerRuntime.java:326)\n\tat org.glassfish.jersey.internal.Errors$1.call(Errors.java:271)\n\tat org.glassfish.jersey.internal.Errors$1.call(Errors.java:267)\n\tat org.glassfish.jersey.internal.Errors.process(Errors.java:315)\n\tat org.glassfish.jersey.internal.Errors.process(Errors.java:297)\n\tat org.glassfish.jersey.internal.Errors.process(Errors.java:267)\n\tat org.glassfish.jersey.process.internal.RequestScope.runInScope(RequestScope.java:317)\n\tat org.glassfish.jersey.server.ServerRuntime.process(ServerRuntime.java:305)\n\tat org.glassfish.jersey.server.ApplicationHandler.handle(ApplicationHandler.java:1154)\n\tat org.glassfish.jersey.servlet.WebComponent.serviceImpl(WebComponent.java:473)\n\tat org.glassfish.jersey.servlet.WebComponent.service(WebComponent.java:427)\n\tat org.glassfish.jersey.servlet.ServletContainer.service(ServletContainer.java:388)\n\tat org.glassfish.jersey.servlet.ServletContainer.service(ServletContainer.java:341)\n\tat org.glassfish.jersey.servlet.ServletContainer.service(ServletContainer.java:228)\n\tat org.eclipse.jetty.servlet.ServletHolder.handle(ServletHolder.java:799)\n\tat org.eclipse.jetty.servlet.ServletHandler$ChainEnd.doFilter(ServletHandler.java:1631)\n\tat io.dropwizard.servlets.ThreadNameFilter.doFilter(ThreadNameFilter.java:35)\n\tat org.eclipse.jetty.servlet.FilterHolder.doFilter(FilterHolder.java:193)\n\tat org.eclipse.jetty.servlet.ServletHandler$Chain.doFilter(ServletHandler.java:1601)\n\tat io.dropwizard.jersey.filter.AllowedMethodsFilter.handle(AllowedMethodsFilter.java:45)\n\tat io.dropwizard.jersey.filter.AllowedMethodsFilter.doFilter(AllowedMethodsFilter.java:39)\n\tat org.eclipse.jetty.servlet.FilterHolder.doFilter(FilterHolder.java:193)\n\tat org.eclipse.jetty.servlet.ServletHandler$Chain.doFilter(ServletHandler.java:1601)\n\tat org.finos.legend.server.pac4j.internal.UsernameFilter.doFilter(UsernameFilter.java:51)\n\tat org.eclipse.jetty.servlet.FilterHolder.doFilter(FilterHolder.java:193)\n\tat org.eclipse.jetty.servlet.ServletHandler$Chain.doFilter(ServletHandler.java:1601)\n\tat org.pac4j.j2e.filter.SecurityFilter.lambda$internalFilter$0(SecurityFilter.java:95)\n\tat org.pac4j.core.engine.DefaultSecurityLogic.perform(DefaultSecurityLogic.java:140)\n\tat org.pac4j.j2e.filter.SecurityFilter.internalFilter(SecurityFilter.java:93)\n\tat org.pac4j.j2e.filter.AbstractConfigFilter.doFilter(AbstractConfigFilter.java:81)\n\tat org.eclipse.jetty.servlet.FilterHolder.doFilter(FilterHolder.java:193)\n\tat org.eclipse.jetty.servlet.ServletHandler$Chain.doFilter(ServletHandler.java:1601)\n\tat org.eclipse.jetty.servlet.ServletHandler.doHandle(ServletHandler.java:548)\n\tat org.eclipse.jetty.server.handler.ScopedHandler.nextHandle(ScopedHandler.java:233)\n\tat org.eclipse.jetty.server.session.SessionHandler.doHandle(SessionHandler.java:1624)\n\tat org.eclipse.jetty.server.handler.ScopedHandler.nextHandle(ScopedHandler.java:233)\n\tat org.eclipse.jetty.server.handler.ContextHandler.doHandle(ContextHandler.java:1434)\n\tat org.eclipse.jetty.server.handler.ScopedHandler.nextScope(ScopedHandler.java:188)\n\tat org.eclipse.jetty.servlet.ServletHandler.doScope(ServletHandler.java:501)\n\tat org.eclipse.jetty.server.session.SessionHandler.doScope(SessionHandler.java:1594)\n\tat org.eclipse.jetty.server.handler.ScopedHandler.nextScope(ScopedHandler.java:186)\n\tat org.eclipse.jetty.server.handler.ContextHandler.doScope(ContextHandler.java:1349)\n\tat org.eclipse.jetty.server.handler.ScopedHandler.handle(ScopedHandler.java:141)\n\tat org.eclipse.jetty.server.handler.HandlerWrapper.handle(HandlerWrapper.java:127)\n\tat com.codahale.metrics.jetty9.InstrumentedHandler.handle(InstrumentedHandler.java:313)\n\tat io.dropwizard.jetty.ContextRoutingHandler.handle(ContextRoutingHandler.java:37)\n\tat org.eclipse.jetty.server.handler.gzip.GzipHandler.handle(GzipHandler.java:713)\n\tat io.dropwizard.jetty.BiDiGzipHandler.handle(BiDiGzipHandler.java:67)\n\tat org.eclipse.jetty.server.handler.StatisticsHandler.handle(StatisticsHandler.java:179)\n\tat org.eclipse.jetty.server.handler.HandlerWrapper.handle(HandlerWrapper.java:127)\n\tat org.eclipse.jetty.server.Server.handle(Server.java:516)\n\tat org.eclipse.jetty.server.HttpChannel.lambda$handle$1(HttpChannel.java:400)\n\tat org.eclipse.jetty.server.HttpChannel.dispatch(HttpChannel.java:645)\n\tat org.eclipse.jetty.server.HttpChannel.handle(HttpChannel.java:392)\n\tat org.eclipse.jetty.server.HttpConnection.onFillable(HttpConnection.java:277)\n\tat org.eclipse.jetty.io.AbstractConnection$ReadCallback.succeeded(AbstractConnection.java:311)\n\tat org.eclipse.jetty.io.FillInterest.fillable(FillInterest.java:105)\n\tat org.eclipse.jetty.io.ChannelEndPoint$1.run(ChannelEndPoint.java:104)\n\tat org.eclipse.jetty.util.thread.strategy.EatWhatYouKill.runTask(EatWhatYouKill.java:338)\n\tat org.eclipse.jetty.util.thread.strategy.EatWhatYouKill.doProduce(EatWhatYouKill.java:315)\n\tat org.eclipse.jetty.util.thread.strategy.EatWhatYouKill.tryProduce(EatWhatYouKill.java:173)\n\tat org.eclipse.jetty.util.thread.strategy.EatWhatYouKill.run(EatWhatYouKill.java:131)\n\tat org.eclipse.jetty.util.thread.ReservedThreadExecutor$ReservedThread.run(ReservedThreadExecutor.java:409)\n\tat org.eclipse.jetty.util.thread.QueuedThreadPool.runJob(QueuedThreadPool.java:883)\n\tat org.eclipse.jetty.util.thread.QueuedThreadPool$Runner.run(QueuedThreadPool.java:1034)\n\tat java.base/java.lang.Thread.run(Thread.java:829)\nCaused by: net.snowflake.client.jdbc.SnowflakeSQLException: SQL compilation error:\nObject 'PERSONTABLE' does not exist or not authorized.\n\tat net.snowflake.client.jdbc.SnowflakeUtil.checkErrorAndThrowExceptionSub(SnowflakeUtil.java:127)\n\tat net.snowflake.client.jdbc.SnowflakeUtil.checkErrorAndThrowException(SnowflakeUtil.java:67)\n\tat net.snowflake.client.core.StmtUtil.pollForOutput(StmtUtil.java:442)\n\tat net.snowflake.client.core.StmtUtil.execute(StmtUtil.java:345)\n\tat net.snowflake.client.core.SFStatement.executeHelper(SFStatement.java:486)\n\tat net.snowflake.client.core.SFStatement.executeQueryInternal(SFStatement.java:197)\n\tat net.snowflake.client.core.SFStatement.executeQuery(SFStatement.java:134)\n\tat net.snowflake.client.core.SFStatement.execute(SFStatement.java:743)\n\tat net.snowflake.client.core.SFStatement.execute(SFStatement.java:639)\n\tat net.snowflake.client.jdbc.SnowflakeStatementV1.executeQueryInternal(SnowflakeStatementV1.java:238)\n\tat net.snowflake.client.jdbc.SnowflakeStatementV1.executeQuery(SnowflakeStatementV1.java:133)\n\tat com.zaxxer.hikari.pool.ProxyStatement.executeQuery(ProxyStatement.java:110)\n\tat com.zaxxer.hikari.pool.HikariProxyStatement.executeQuery(HikariProxyStatement.java)\n\tat org.finos.legend.engine.plan.execution.stores.relational.result.SQLExecutionResult.<init>(SQLExecutionResult.java:95)\n\t... 101 more\n"},"mode":"DEV","timeStamp":"2023-02-23 01:31:31.363","user":"_UNKNOWN_"}
| **selectSubClauses::aggregationDynaFns::stdDevPopulation::testStdDevPopulation** | failing :x: |
]]></system-out>
  </testcase>
  <testcase name="testStdDevSample[Snowflake]" classname="org.finos.legend.engine.server.test.shared.Relational_DbSpecific_UsingPureClientTestSuite$2" time="0.156">
    <error message="Assert failure at (resource:/platform/pure/basics/tests/assertEq.pure line:34 column:5), &quot;500 &apos;{&quot;code&quot;:-1,&quot;message&quot;:&quot;SnowflakeSQLException: SQL compilation error:&#10;Object &apos;PERSONTABLE&apos; does not exist or not authorized.&quot;,&quot;status&quot;:&quot;error&quot;,&quot;trace&quot;:&quot;java.lang.RuntimeException: net.snowflake.client.jdbc.SnowflakeSQLException: SQL compilation error:&#10;Object &apos;PERSONTABLE&apos; does not exist or not authorized.&#10;at org.finos.legend.engine.plan.execution.stores.relational.result.SQLExecutionResult.&lt;init&gt;(SQLExecutionResult.java:123)&#10;at org.finos.legend.engine.plan.execution.stores.relational.RelationalExecutor.execute(RelationalExecutor.java:241)&#10;at org.finos.legend.engine.plan.execution.stores.relational.plugin.RelationalExecutionNodeExecutor.visit(RelationalExecutionNodeExecutor.java:238)&#10;at org.finos.legend.engine.plan.execution.stores.relational.plugin.RelationalExecutionNodeExecutor.visit(RelationalExecutionNodeExecutor.java:346)&#10;at org.finos.legend.engine.plan.execution.stores.relational.plugin.RelationalExecutionNodeExecutor.visit(RelationalExecutionNodeExecutor.java:92)&#10;at org.finos.legend.engine.protocol.pure.v1.model.executionPlan.nodes.RelationalDataTypeInstantiationExecutionNode.accept(RelationalDataTypeInstantiationExecutionNode.java:22)&#10;at org.finos.legend.engine.plan.execution.stores.relational.RelationalExecutionExtension.lambda$getExtraNodeExecutors$fbe53481$1(RelationalExecutionExtension.java:50)&#10;at org.finos.legend.engine.plan.execution.nodes.ExecutionNodeExecutor.lambda$visit$0(ExecutionNodeExecutor.java:164)&#10;at java.base/java.util.stream.ReferencePipeline$3$1.accept(ReferencePipeline.java:195)&#10;at java.base/java.util.Spliterators$ArraySpliterator.tryAdvance(Spliterators.java:958)&#10;at java.base/java.util.stream.ReferencePipeline.forEachWithCancel(ReferencePipeline.java:127)&#10;at java.base/java.util.stream.AbstractPipeline.copyIntoWithCancel(AbstractPipeline.java:502)&#10;at java.base/java.util.stream.AbstractPipeline.copyInto(AbstractPipeline.java:488)&#10;at java.base/java.util.stream.AbstractPipeline.wrapAndCopyInto(AbstractPipeline.java:474)&#10;at java.base/java.util.stream.FindOps$FindOp.evaluateSequential(FindOps.java:150)&#10;at java.base/java.util.stream.AbstractPipeline.evaluate(AbstractPipeline.java:234)&#10;at java.base/java.util.stream.ReferencePipeline.findFirst(ReferencePipeline.java:543)&#10;at org.finos.legend.engine.plan.execution.nodes.ExecutionNodeExecutor.visit(ExecutionNodeExecutor.java:164)&#10;at org.finos.legend.engine.plan.execution.nodes.ExecutionNodeExecutor.visit(ExecutionNodeExecutor.java:107)&#10;at org.finos.legend.engine.protocol.pure.v1.model.executionPlan.nodes.RelationalDataTypeInstantiationExecutionNode.accept(RelationalDataTypeInstantiationExecutionNode.java:22)&#10;at org.finos.legend.engine.plan.execution.PlanExecutor.execute(PlanExecutor.java:238)&#10;at org.finos.legend.engine.plan.execution.PlanExecutor.execute(PlanExecutor.java:225)&#10;at org.finos.legend.engine.plan.execution.api.ExecutePlan.doExecutePlanLegacy(ExecutePlan.java:102)&#10;at org.finos.legend.engine.plan.execution.api.ExecutePlan.doExecutePlan(ExecutePlan.java:84)&#10;at org.finos.legend.engine.plan.execution.api.ExecutePlanLegacy.executePlan(ExecutePlanLegacy.java:56)&#10;at jdk.internal.reflect.GeneratedMethodAccessor100.invoke(Unknown Source)&#10;at java.base/jdk.internal.reflect.DelegatingMethodAccessorImpl.invoke(DelegatingMethodAccessorImpl.java:43)&#10;at java.base/java.lang.reflect.Method.invoke(Method.java:566)&#10;at org.glassfish.jersey.server.model.internal.ResourceMethodInvocationHandlerFactory$1.invoke(ResourceMethodInvocationHandlerFactory.java:81)&#10;at org.glassfish.jersey.server.model.internal.AbstractJavaResourceMethodDispatcher$1.run(AbstractJavaResourceMethodDispatcher.java:144)&#10;at org.glassfish.jersey.server.model.internal.AbstractJavaResourceMethodDispatcher.invoke(AbstractJavaResourceMethodDispatcher.java:161)&#10;at org.glassfish.jersey.server.model.internal.JavaResourceMethodDispatcherProvider$ResponseOutInvoker.doDispatch(JavaResourceMethodDispatcherProvider.java:160)&#10;at org.glassfish.jersey.server.model.internal.AbstractJavaResourceMethodDispatcher.dispatch(AbstractJavaResourceMethodDispatcher.java:99)&#10;at org.glassfish.jersey.server.model.ResourceMethodInvoker.invoke(ResourceMethodInvoker.java:389)&#10;at org.glassfish.jersey.server.model.ResourceMethodInvoker.apply(ResourceMethodInvoker.java:347)&#10;at org.glassfish.jersey.server.model.ResourceMethodInvoker.apply(ResourceMethodInvoker.java:102)&#10;at org.glassfish.jersey.server.ServerRuntime$2.run(ServerRuntime.java:326)&#10;at org.glassfish.jersey.internal.Errors$1.call(Errors.java:271)&#10;at org.glassfish.jersey.internal.Errors$1.call(Errors.java:267)&#10;at org.glassfish.jersey.internal.Errors.process(Errors.java:315)&#10;at org.glassfish.jersey.internal.Errors.process(Errors.java:297)&#10;at org.glassfish.jersey.internal.Errors.process(Errors.java:267)&#10;at org.glassfish.jersey.process.internal.RequestScope.runInScope(RequestScope.java:317)&#10;at org.glassfish.jersey.server.ServerRuntime.process(ServerRuntime.java:305)&#10;at org.glassfish.jersey.server.ApplicationHandler.handle(ApplicationHandler.java:1154)&#10;at org.glassfish.jersey.servlet.WebComponent.serviceImpl(WebComponent.java:473)&#10;at org.glassfish.jersey.servlet.WebComponent.service(WebComponent.java:427)&#10;at org.glassfish.jersey.servlet.ServletContainer.service(ServletContainer.java:388)&#10;at org.glassfish.jersey.servlet.ServletContainer.service(ServletContainer.java:341)&#10;at org.glassfish.jersey.servlet.ServletContainer.service(ServletContainer.java:228)&#10;at org.eclipse.jetty.servlet.ServletHolder.handle(ServletHolder.java:799)&#10;at org.eclipse.jetty.servlet.ServletHandler$ChainEnd.doFilter(ServletHandler.java:1631)&#10;at io.dropwizard.servlets.ThreadNameFilter.doFilter(ThreadNameFilter.java:35)&#10;at org.eclipse.jetty.servlet.FilterHolder.doFilter(FilterHolder.java:193)&#10;at org.eclipse.jetty.servlet.ServletHandler$Chain.doFilter(ServletHandler.java:1601)&#10;at io.dropwizard.jersey.filter.AllowedMethodsFilter.handle(AllowedMethodsFilter.java:45)&#10;at io.dropwizard.jersey.filter.AllowedMethodsFilter.doFilter(AllowedMethodsFilter.java:39)&#10;at org.eclipse.jetty.servlet.FilterHolder.doFilter(FilterHolder.java:193)&#10;at org.eclipse.jetty.servlet.ServletHandler$Chain.doFilter(ServletHandler.java:1601)&#10;at org.finos.legend.server.pac4j.internal.UsernameFilter.doFilter(UsernameFilter.java:51)&#10;at org.eclipse.jetty.servlet.FilterHolder.doFilter(FilterHolder.java:193)&#10;at org.eclipse.jetty.servlet.ServletHandler$Chain.doFilter(ServletHandler.java:1601)&#10;at org.pac4j.j2e.filter.SecurityFilter.lambda$internalFilter$0(SecurityFilter.java:95)&#10;at org.pac4j.core.engine.DefaultSecurityLogic.perform(DefaultSecurityLogic.java:140)&#10;at org.pac4j.j2e.filter.SecurityFilter.internalFilter(SecurityFilter.java:93)&#10;at org.pac4j.j2e.filter.AbstractConfigFilter.doFilter(AbstractConfigFilter.java:81)&#10;at org.eclipse.jetty.servlet.FilterHolder.doFilter(FilterHolder.java:193)&#10;at org.eclipse.jetty.servlet.ServletHandler$Chain.doFilter(ServletHandler.java:1601)&#10;at org.eclipse.jetty.servlet.ServletHandler.doHandle(ServletHandler.java:548)&#10;at org.eclipse.jetty.server.handler.ScopedHandler.nextHandle(ScopedHandler.java:233)&#10;at org.eclipse.jetty.server.session.SessionHandler.doHandle(SessionHandler.java:1624)&#10;at org.eclipse.jetty.server.handler.ScopedHandler.nextHandle(ScopedHandler.java:233)&#10;at org.eclipse.jetty.server.handler.ContextHandler.doHandle(ContextHandler.java:1434)&#10;at org.eclipse.jetty.server.handler.ScopedHandler.nextScope(ScopedHandler.java:188)&#10;at org.eclipse.jetty.servlet.ServletHandler.doScope(ServletHandler.java:501)&#10;at org.eclipse.jetty.server.session.SessionHandler.doScope(SessionHandler.java:1594)&#10;at org.eclipse.jetty.server.handler.ScopedHandler.nextScope(ScopedHandler.java:186)&#10;at org.eclipse.jetty.server.handler.ContextHandler.doScope(ContextHandler.java:1349)&#10;at org.eclipse.jetty.server.handler.ScopedHandler.handle(ScopedHandler.java:141)&#10;at org.eclipse.jetty.server.handler.HandlerWrapper.handle(HandlerWrapper.java:127)&#10;at com.codahale.metrics.jetty9.InstrumentedHandler.handle(InstrumentedHandler.java:313)&#10;at io.dropwizard.jetty.ContextRoutingHandler.handle(ContextRoutingHandler.java:37)&#10;at org.eclipse.jetty.server.handler.gzip.GzipHandler.handle(GzipHandler.java:713)&#10;at io.dropwizard.jetty.BiDiGzipHandler.handle(BiDiGzipHandler.java:67)&#10;at org.eclipse.jetty.server.handler.StatisticsHandler.handle(StatisticsHandler.java:179)&#10;at org.eclipse.jetty.server.handler.HandlerWrapper.handle(HandlerWrapper.java:127)&#10;at org.eclipse.jetty.server.Server.handle(Server.java:516)&#10;at org.eclipse.jetty.server.HttpChannel.lambda$handle$1(HttpChannel.java:400)&#10;at org.eclipse.jetty.server.HttpChannel.dispatch(HttpChannel.java:645)&#10;at org.eclipse.jetty.server.HttpChannel.handle(HttpChannel.java:392)&#10;at org.eclipse.jetty.server.HttpConnection.onFillable(HttpConnection.java:277)&#10;at org.eclipse.jetty.io.AbstractConnection$ReadCallback.succeeded(AbstractConnection.java:311)&#10;at org.eclipse.jetty.io.FillInterest.fillable(FillInterest.java:105)&#10;at org.eclipse.jetty.io.ChannelEndPoint$1.run(ChannelEndPoint.java:104)&#10;at org.eclipse.jetty.util.thread.strategy.EatWhatYouKill.runTask(EatWhatYouKill.java:338)&#10;at org.eclipse.jetty.util.thread.strategy.EatWhatYouKill.doProduce(EatWhatYouKill.java:315)&#10;at org.eclipse.jetty.util.thread.strategy.EatWhatYouKill.tryProduce(EatWhatYouKill.java:173)&#10;at org.eclipse.jetty.util.thread.strategy.EatWhatYouKill.run(EatWhatYouKill.java:131)&#10;at org.eclipse.jetty.util.thread.ReservedThreadExecutor$ReservedThread.run(ReservedThreadExecutor.java:409)&#10;at org.eclipse.jetty.util.thread.QueuedThreadPool.runJob(QueuedThreadPool.java:883)&#10;at org.eclipse.jetty.util.thread.QueuedThreadPool$Runner.run(QueuedThreadPool.java:1034)&#10;at java.base/java.lang.Thread.run(Thread.java:829)&#10;Caused by: net.snowflake.client.jdbc.SnowflakeSQLException: SQL compilation error:&#10;Object &apos;PERSONTABLE&apos; does not exist or not authorized.&#10;at net.snowflake.client.jdbc.SnowflakeUtil.checkErrorAndThrowExceptionSub(SnowflakeUtil.java:127)&#10;at net.snowflake.client.jdbc.SnowflakeUtil.checkErrorAndThrowException(SnowflakeUtil.java:67)&#10;at net.snowflake.client.core.StmtUtil.pollForOutput(StmtUtil.java:442)&#10;at net.snowflake.client.core.StmtUtil.execute(StmtUtil.java:345)&#10;at net.snowflake.client.core.SFStatement.executeHelper(SFStatement.java:486)&#10;at net.snowflake.client.core.SFStatement.executeQueryInternal(SFStatement.java:197)&#10;at net.snowflake.client.core.SFStatement.executeQuery(SFStatement.java:134)&#10;at net.snowflake.client.core.SFStatement.execute(SFStatement.java:743)&#10;at net.snowflake.client.core.SFStatement.execute(SFStatement.java:639)&#10;at net.snowflake.client.jdbc.SnowflakeStatementV1.executeQueryInternal(SnowflakeStatementV1.java:238)&#10;at net.snowflake.client.jdbc.SnowflakeStatementV1.executeQuery(SnowflakeStatementV1.java:133)&#10;at com.zaxxer.hikari.pool.ProxyStatement.executeQuery(ProxyStatement.java:110)&#10;at com.zaxxer.hikari.pool.HikariProxyStatement.executeQuery(HikariProxyStatement.java)&#10;at org.finos.legend.engine.plan.execution.stores.relational.result.SQLExecutionResult.&lt;init&gt;(SQLExecutionResult.java:95)&#10;... 101 more&#10;&quot;}&apos;&quot;" type="Assert failure at (resource"><![CDATA[Assert failure at (resource:/platform/pure/basics/tests/assertEq.pure line:34 column:5), "500 '{"code":-1,"message":"SnowflakeSQLException: SQL compilation error:
Object 'PERSONTABLE' does not exist or not authorized.","status":"error","trace":"java.lang.RuntimeException: net.snowflake.client.jdbc.SnowflakeSQLException: SQL compilation error:
Object 'PERSONTABLE' does not exist or not authorized.
at org.finos.legend.engine.plan.execution.stores.relational.result.SQLExecutionResult.<init>(SQLExecutionResult.java:123)
at org.finos.legend.engine.plan.execution.stores.relational.RelationalExecutor.execute(RelationalExecutor.java:241)
at org.finos.legend.engine.plan.execution.stores.relational.plugin.RelationalExecutionNodeExecutor.visit(RelationalExecutionNodeExecutor.java:238)
at org.finos.legend.engine.plan.execution.stores.relational.plugin.RelationalExecutionNodeExecutor.visit(RelationalExecutionNodeExecutor.java:346)
at org.finos.legend.engine.plan.execution.stores.relational.plugin.RelationalExecutionNodeExecutor.visit(RelationalExecutionNodeExecutor.java:92)
at org.finos.legend.engine.protocol.pure.v1.model.executionPlan.nodes.RelationalDataTypeInstantiationExecutionNode.accept(RelationalDataTypeInstantiationExecutionNode.java:22)
at org.finos.legend.engine.plan.execution.stores.relational.RelationalExecutionExtension.lambda$getExtraNodeExecutors$fbe53481$1(RelationalExecutionExtension.java:50)
at org.finos.legend.engine.plan.execution.nodes.ExecutionNodeExecutor.lambda$visit$0(ExecutionNodeExecutor.java:164)
at java.base/java.util.stream.ReferencePipeline$3$1.accept(ReferencePipeline.java:195)
at java.base/java.util.Spliterators$ArraySpliterator.tryAdvance(Spliterators.java:958)
at java.base/java.util.stream.ReferencePipeline.forEachWithCancel(ReferencePipeline.java:127)
at java.base/java.util.stream.AbstractPipeline.copyIntoWithCancel(AbstractPipeline.java:502)
at java.base/java.util.stream.AbstractPipeline.copyInto(AbstractPipeline.java:488)
at java.base/java.util.stream.AbstractPipeline.wrapAndCopyInto(AbstractPipeline.java:474)
at java.base/java.util.stream.FindOps$FindOp.evaluateSequential(FindOps.java:150)
at java.base/java.util.stream.AbstractPipeline.evaluate(AbstractPipeline.java:234)
at java.base/java.util.stream.ReferencePipeline.findFirst(ReferencePipeline.java:543)
at org.finos.legend.engine.plan.execution.nodes.ExecutionNodeExecutor.visit(ExecutionNodeExecutor.java:164)
at org.finos.legend.engine.plan.execution.nodes.ExecutionNodeExecutor.visit(ExecutionNodeExecutor.java:107)
at org.finos.legend.engine.protocol.pure.v1.model.executionPlan.nodes.RelationalDataTypeInstantiationExecutionNode.accept(RelationalDataTypeInstantiationExecutionNode.java:22)
at org.finos.legend.engine.plan.execution.PlanExecutor.execute(PlanExecutor.java:238)
at org.finos.legend.engine.plan.execution.PlanExecutor.execute(PlanExecutor.java:225)
at org.finos.legend.engine.plan.execution.api.ExecutePlan.doExecutePlanLegacy(ExecutePlan.java:102)
at org.finos.legend.engine.plan.execution.api.ExecutePlan.doExecutePlan(ExecutePlan.java:84)
at org.finos.legend.engine.plan.execution.api.ExecutePlanLegacy.executePlan(ExecutePlanLegacy.java:56)
at jdk.internal.reflect.GeneratedMethodAccessor100.invoke(Unknown Source)
at java.base/jdk.internal.reflect.DelegatingMethodAccessorImpl.invoke(DelegatingMethodAccessorImpl.java:43)
at java.base/java.lang.reflect.Method.invoke(Method.java:566)
at org.glassfish.jersey.server.model.internal.ResourceMethodInvocationHandlerFactory$1.invoke(ResourceMethodInvocationHandlerFactory.java:81)
at org.glassfish.jersey.server.model.internal.AbstractJavaResourceMethodDispatcher$1.run(AbstractJavaResourceMethodDispatcher.java:144)
at org.glassfish.jersey.server.model.internal.AbstractJavaResourceMethodDispatcher.invoke(AbstractJavaResourceMethodDispatcher.java:161)
at org.glassfish.jersey.server.model.internal.JavaResourceMethodDispatcherProvider$ResponseOutInvoker.doDispatch(JavaResourceMethodDispatcherProvider.java:160)
at org.glassfish.jersey.server.model.internal.AbstractJavaResourceMethodDispatcher.dispatch(AbstractJavaResourceMethodDispatcher.java:99)
at org.glassfish.jersey.server.model.ResourceMethodInvoker.invoke(ResourceMethodInvoker.java:389)
at org.glassfish.jersey.server.model.ResourceMethodInvoker.apply(ResourceMethodInvoker.java:347)
at org.glassfish.jersey.server.model.ResourceMethodInvoker.apply(ResourceMethodInvoker.java:102)
at org.glassfish.jersey.server.ServerRuntime$2.run(ServerRuntime.java:326)
at org.glassfish.jersey.internal.Errors$1.call(Errors.java:271)
at org.glassfish.jersey.internal.Errors$1.call(Errors.java:267)
at org.glassfish.jersey.internal.Errors.process(Errors.java:315)
at org.glassfish.jersey.internal.Errors.process(Errors.java:297)
at org.glassfish.jersey.internal.Errors.process(Errors.java:267)
at org.glassfish.jersey.process.internal.RequestScope.runInScope(RequestScope.java:317)
at org.glassfish.jersey.server.ServerRuntime.process(ServerRuntime.java:305)
at org.glassfish.jersey.server.ApplicationHandler.handle(ApplicationHandler.java:1154)
at org.glassfish.jersey.servlet.WebComponent.serviceImpl(WebComponent.java:473)
at org.glassfish.jersey.servlet.WebComponent.service(WebComponent.java:427)
at org.glassfish.jersey.servlet.ServletContainer.service(ServletContainer.java:388)
at org.glassfish.jersey.servlet.ServletContainer.service(ServletContainer.java:341)
at org.glassfish.jersey.servlet.ServletContainer.service(ServletContainer.java:228)
at org.eclipse.jetty.servlet.ServletHolder.handle(ServletHolder.java:799)
at org.eclipse.jetty.servlet.ServletHandler$ChainEnd.doFilter(ServletHandler.java:1631)
at io.dropwizard.servlets.ThreadNameFilter.doFilter(ThreadNameFilter.java:35)
at org.eclipse.jetty.servlet.FilterHolder.doFilter(FilterHolder.java:193)
at org.eclipse.jetty.servlet.ServletHandler$Chain.doFilter(ServletHandler.java:1601)
at io.dropwizard.jersey.filter.AllowedMethodsFilter.handle(AllowedMethodsFilter.java:45)
at io.dropwizard.jersey.filter.AllowedMethodsFilter.doFilter(AllowedMethodsFilter.java:39)
at org.eclipse.jetty.servlet.FilterHolder.doFilter(FilterHolder.java:193)
at org.eclipse.jetty.servlet.ServletHandler$Chain.doFilter(ServletHandler.java:1601)
at org.finos.legend.server.pac4j.internal.UsernameFilter.doFilter(UsernameFilter.java:51)
at org.eclipse.jetty.servlet.FilterHolder.doFilter(FilterHolder.java:193)
at org.eclipse.jetty.servlet.ServletHandler$Chain.doFilter(ServletHandler.java:1601)
at org.pac4j.j2e.filter.SecurityFilter.lambda$internalFilter$0(SecurityFilter.java:95)
at org.pac4j.core.engine.DefaultSecurityLogic.perform(DefaultSecurityLogic.java:140)
at org.pac4j.j2e.filter.SecurityFilter.internalFilter(SecurityFilter.java:93)
at org.pac4j.j2e.filter.AbstractConfigFilter.doFilter(AbstractConfigFilter.java:81)
at org.eclipse.jetty.servlet.FilterHolder.doFilter(FilterHolder.java:193)
at org.eclipse.jetty.servlet.ServletHandler$Chain.doFilter(ServletHandler.java:1601)
at org.eclipse.jetty.servlet.ServletHandler.doHandle(ServletHandler.java:548)
at org.eclipse.jetty.server.handler.ScopedHandler.nextHandle(ScopedHandler.java:233)
at org.eclipse.jetty.server.session.SessionHandler.doHandle(SessionHandler.java:1624)
at org.eclipse.jetty.server.handler.ScopedHandler.nextHandle(ScopedHandler.java:233)
at org.eclipse.jetty.server.handler.ContextHandler.doHandle(ContextHandler.java:1434)
at org.eclipse.jetty.server.handler.ScopedHandler.nextScope(ScopedHandler.java:188)
at org.eclipse.jetty.servlet.ServletHandler.doScope(ServletHandler.java:501)
at org.eclipse.jetty.server.session.SessionHandler.doScope(SessionHandler.java:1594)
at org.eclipse.jetty.server.handler.ScopedHandler.nextScope(ScopedHandler.java:186)
at org.eclipse.jetty.server.handler.ContextHandler.doScope(ContextHandler.java:1349)
at org.eclipse.jetty.server.handler.ScopedHandler.handle(ScopedHandler.java:141)
at org.eclipse.jetty.server.handler.HandlerWrapper.handle(HandlerWrapper.java:127)
at com.codahale.metrics.jetty9.InstrumentedHandler.handle(InstrumentedHandler.java:313)
at io.dropwizard.jetty.ContextRoutingHandler.handle(ContextRoutingHandler.java:37)
at org.eclipse.jetty.server.handler.gzip.GzipHandler.handle(GzipHandler.java:713)
at io.dropwizard.jetty.BiDiGzipHandler.handle(BiDiGzipHandler.java:67)
at org.eclipse.jetty.server.handler.StatisticsHandler.handle(StatisticsHandler.java:179)
at org.eclipse.jetty.server.handler.HandlerWrapper.handle(HandlerWrapper.java:127)
at org.eclipse.jetty.server.Server.handle(Server.java:516)
at org.eclipse.jetty.server.HttpChannel.lambda$handle$1(HttpChannel.java:400)
at org.eclipse.jetty.server.HttpChannel.dispatch(HttpChannel.java:645)
at org.eclipse.jetty.server.HttpChannel.handle(HttpChannel.java:392)
at org.eclipse.jetty.server.HttpConnection.onFillable(HttpConnection.java:277)
at org.eclipse.jetty.io.AbstractConnection$ReadCallback.succeeded(AbstractConnection.java:311)
at org.eclipse.jetty.io.FillInterest.fillable(FillInterest.java:105)
at org.eclipse.jetty.io.ChannelEndPoint$1.run(ChannelEndPoint.java:104)
at org.eclipse.jetty.util.thread.strategy.EatWhatYouKill.runTask(EatWhatYouKill.java:338)
at org.eclipse.jetty.util.thread.strategy.EatWhatYouKill.doProduce(EatWhatYouKill.java:315)
at org.eclipse.jetty.util.thread.strategy.EatWhatYouKill.tryProduce(EatWhatYouKill.java:173)
at org.eclipse.jetty.util.thread.strategy.EatWhatYouKill.run(EatWhatYouKill.java:131)
at org.eclipse.jetty.util.thread.ReservedThreadExecutor$ReservedThread.run(ReservedThreadExecutor.java:409)
at org.eclipse.jetty.util.thread.QueuedThreadPool.runJob(QueuedThreadPool.java:883)
at org.eclipse.jetty.util.thread.QueuedThreadPool$Runner.run(QueuedThreadPool.java:1034)
at java.base/java.lang.Thread.run(Thread.java:829)
Caused by: net.snowflake.client.jdbc.SnowflakeSQLException: SQL compilation error:
Object 'PERSONTABLE' does not exist or not authorized.
at net.snowflake.client.jdbc.SnowflakeUtil.checkErrorAndThrowExceptionSub(SnowflakeUtil.java:127)
at net.snowflake.client.jdbc.SnowflakeUtil.checkErrorAndThrowException(SnowflakeUtil.java:67)
at net.snowflake.client.core.StmtUtil.pollForOutput(StmtUtil.java:442)
at net.snowflake.client.core.StmtUtil.execute(StmtUtil.java:345)
at net.snowflake.client.core.SFStatement.executeHelper(SFStatement.java:486)
at net.snowflake.client.core.SFStatement.executeQueryInternal(SFStatement.java:197)
at net.snowflake.client.core.SFStatement.executeQuery(SFStatement.java:134)
at net.snowflake.client.core.SFStatement.execute(SFStatement.java:743)
at net.snowflake.client.core.SFStatement.execute(SFStatement.java:639)
at net.snowflake.client.jdbc.SnowflakeStatementV1.executeQueryInternal(SnowflakeStatementV1.java:238)
at net.snowflake.client.jdbc.SnowflakeStatementV1.executeQuery(SnowflakeStatementV1.java:133)
at com.zaxxer.hikari.pool.ProxyStatement.executeQuery(ProxyStatement.java:110)
at com.zaxxer.hikari.pool.HikariProxyStatement.executeQuery(HikariProxyStatement.java)
at org.finos.legend.engine.plan.execution.stores.relational.result.SQLExecutionResult.<init>(SQLExecutionResult.java:95)
... 101 more
"}'"
	at org.finos.legend.pure.runtime.java.compiled.generation.processors.support.CompiledSupport.pureAssert(CompiledSupport.java:1994)
	at org.finos.legend.pure.generated.platform_pure_basics_tests_assertEq.Root_meta_pure_functions_asserts_assertEq_Any_1__Any_1__Function_1__Boolean_1_(platform_pure_basics_tests_assertEq.java:44)
	at org.finos.legend.pure.generated.core_pure_protocol_vX_X_X_invocations_execution.Root_meta_protocols_pure_vX_X_X_invocation_execution_execute_executePlan_String_1__String_1__Integer_1__String_1_(core_pure_protocol_vX_X_X_invocations_execution.java:751)
	at org.finos.legend.pure.generated.core_pure_protocol_vX_X_X_invocations_execution.Root_meta_protocols_pure_vX_X_X_invocation_execution_execute_executePlan_ExecutionPlan_1__String_1__Integer_1__Extension_MANY__String_1_(core_pure_protocol_vX_X_X_invocations_execution.java:745)
	at org.finos.legend.pure.generated.core_pure_protocol_vX_X_X_invocations_execution.Root_meta_protocols_pure_vX_X_X_invocation_execution_execute_executePlan_ExecutionPlan_1__ExecutionContext_$0_1$__String_1__Integer_1__Extension_MANY__Result_1_(core_pure_protocol_vX_X_X_invocations_execution.java:738)
	at jdk.internal.reflect.GeneratedMethodAccessor96.invoke(Unknown Source)
	at java.base/jdk.internal.reflect.DelegatingMethodAccessorImpl.invoke(DelegatingMethodAccessorImpl.java:43)
	at java.base/java.lang.reflect.Method.invoke(Method.java:566)
	at org.finos.legend.pure.runtime.java.compiled.metadata.JavaMethodWithParamsSharedPureFunction.execute(JavaMethodWithParamsSharedPureFunction.java:59)
	at org.finos.legend.pure.runtime.java.compiled.generation.processors.support.Pure._evaluateToMany(Pure.java:546)
	at org.finos.legend.pure.generated.CoreGen.evaluateToMany(CoreGen.java:147)
	at org.finos.legend.pure.generated.CoreGen.evaluateToMany(CoreGen.java:134)
	at org.finos.legend.pure.generated.core_pure_router_router_entry$9$1.value(core_pure_router_router_entry.java:318)
	at org.finos.legend.pure.generated.core_pure_router_router_entry$9$1.execute(core_pure_router_router_entry.java:311)
	at org.finos.legend.pure.generated.core_pure_router_router_entry$9$1.execute(core_pure_router_router_entry.java:307)
	at org.finos.legend.pure.runtime.java.compiled.generation.processors.support.Pure.evaluate(Pure.java:485)
	at org.finos.legend.pure.runtime.java.compiled.generation.processors.support.Pure.legendTest(Pure.java:216)
	at org.finos.legend.pure.generated.CoreGen.legendTest(CoreGen.java:61)
	at org.finos.legend.pure.generated.core_pure_router_router_entry$9.valueOf(core_pure_router_router_entry.java:303)
	at org.finos.legend.pure.generated.core_pure_router_router_entry$9.execute(core_pure_router_router_entry.java:298)
	at org.finos.legend.pure.generated.core_pure_router_router_entry$9.execute(core_pure_router_router_entry.java:294)
	at org.finos.legend.pure.runtime.java.compiled.generation.processors.support.Pure.evaluate(Pure.java:485)
	at org.finos.legend.pure.runtime.java.compiled.generation.processors.support.Pure.traceSpan(Pure.java:1482)
	at org.finos.legend.pure.generated.CoreGen.traceSpan(CoreGen.java:203)
	at org.finos.legend.pure.generated.core_pure_router_router_entry.Root_meta_pure_router_executePlan_ExecutionPlan_1__ExecutionContext_1__Extension_MANY__Result_$0_1$_(core_pure_router_router_entry.java:290)
	at org.finos.legend.pure.generated.core_pure_router_router_entry.Root_meta_pure_router_executePlan_ExecutionPlan_1__Extension_MANY__Result_$0_1$_(core_pure_router_router_entry.java:285)
	at org.finos.legend.pure.generated.core_relational_relational_sqlQueryToString_dbTestRunner_testRunner$20.execute(core_relational_relational_sqlQueryToString_dbTestRunner_testRunner.java:386)
	at org.finos.legend.pure.generated.core_relational_relational_sqlQueryToString_dbTestRunner_testRunner.Root_meta_relational_dbTestRunner_runSqlQueryTest_SQLQuery_1__Literal_$1_MANY$__Pair_MANY__Function_$0_1$__DbTestConfig_1__Boolean_1_(core_relational_relational_sqlQueryToString_dbTestRunner_testRunner.java:424)
	at org.finos.legend.pure.generated.core_relational_relational_sqlQueryToString_dbTestRunner_testRunner.Root_meta_relational_dbTestRunner_runSqlQueryTest_SQLQuery_1__Literal_$1_MANY$__Function_$0_1$__DbTestConfig_1__Boolean_1_(core_relational_relational_sqlQueryToString_dbTestRunner_testRunner.java:374)
	at org.finos.legend.pure.generated.core_relational_relational_sqlQueryToString_testSuite_selectSubClauses_aggregationDynaFns.Root_meta_relational_tests_dbSpecificTests_sqlQueryTests_selectSubClauses_aggregationDynaFns_stdDevSample_testStdDevSample_DbTestConfig_1__Boolean_1_(core_relational_relational_sqlQueryToString_testSuite_selectSubClauses_aggregationDynaFns.java:203)
	at java.base/jdk.internal.reflect.NativeMethodAccessorImpl.invoke0(Native Method)
	at java.base/jdk.internal.reflect.NativeMethodAccessorImpl.invoke(NativeMethodAccessorImpl.java:62)
	at java.base/jdk.internal.reflect.DelegatingMethodAccessorImpl.invoke(DelegatingMethodAccessorImpl.java:43)
	at java.base/java.lang.reflect.Method.invoke(Method.java:566)
	at org.finos.legend.pure.runtime.java.compiled.testHelper.PureTestBuilderCompiled.executeFn(PureTestBuilderCompiled.java:113)
	at org.finos.legend.pure.runtime.java.compiled.testHelper.PureTestBuilderCompiled.lambda$buildSuite$0(PureTestBuilderCompiled.java:79)
	at org.finos.legend.pure.m3.execution.test.PureTestBuilder$PureTestCase.runTest(PureTestBuilder.java:95)
	at junit.framework.TestCase.runBare(TestCase.java:142)
	at org.finos.legend.engine.server.test.shared.Relational_DbSpecific_UsingPureClientTestSuite$2.runTest(Relational_DbSpecific_UsingPureClientTestSuite.java:90)
	at junit.framework.TestCase.runBare(TestCase.java:142)
	at junit.framework.TestResult$1.protect(TestResult.java:122)
	at junit.framework.TestResult.runProtected(TestResult.java:142)
	at junit.framework.TestResult.run(TestResult.java:125)
	at junit.framework.TestCase.run(TestCase.java:130)
	at junit.framework.TestSuite.runTest(TestSuite.java:241)
	at junit.framework.TestSuite.run(TestSuite.java:236)
	at junit.framework.TestSuite.runTest(TestSuite.java:241)
	at junit.framework.TestSuite.run(TestSuite.java:236)
	at junit.framework.TestSuite.runTest(TestSuite.java:241)
	at junit.framework.TestSuite.run(TestSuite.java:236)
	at junit.framework.TestSuite.runTest(TestSuite.java:241)
	at junit.framework.TestSuite.run(TestSuite.java:236)
	at junit.framework.TestSuite.runTest(TestSuite.java:241)
	at junit.framework.TestSuite.run(TestSuite.java:236)
	at junit.framework.TestSuite.runTest(TestSuite.java:241)
	at junit.framework.TestSuite.run(TestSuite.java:236)
	at junit.extensions.TestDecorator.basicRun(TestDecorator.java:24)
	at junit.extensions.TestSetup$1.protect(TestSetup.java:23)
	at junit.framework.TestResult.runProtected(TestResult.java:142)
	at junit.extensions.TestSetup.run(TestSetup.java:27)
	at org.junit.internal.runners.JUnit38ClassRunner.run(JUnit38ClassRunner.java:90)
	at org.apache.maven.surefire.junit4.JUnit4Provider.execute(JUnit4Provider.java:365)
	at org.apache.maven.surefire.junit4.JUnit4Provider.executeWithRerun(JUnit4Provider.java:273)
	at org.apache.maven.surefire.junit4.JUnit4Provider.executeTestSet(JUnit4Provider.java:238)
	at org.apache.maven.surefire.junit4.JUnit4Provider.invoke(JUnit4Provider.java:159)
	at org.apache.maven.surefire.booter.ForkedBooter.invokeProviderInSameClassLoader(ForkedBooter.java:384)
	at org.apache.maven.surefire.booter.ForkedBooter.runSuitesInProcess(ForkedBooter.java:345)
	at org.apache.maven.surefire.booter.ForkedBooter.execute(ForkedBooter.java:126)
	at org.apache.maven.surefire.booter.ForkedBooter.main(ForkedBooter.java:418)
]]></error>
    <system-out><![CDATA[Running db test selectSubClauses::aggregationDynaFns::stdDevSample::testStdDevSample
{"duration":0.0,"eventType":"EXECUTION_PLAN_EXEC_ERROR","info":{"code":-1,"message":"SnowflakeSQLException: SQL compilation error:\nObject 'PERSONTABLE' does not exist or not authorized.","status":"error","trace":"java.lang.RuntimeException: net.snowflake.client.jdbc.SnowflakeSQLException: SQL compilation error:\nObject 'PERSONTABLE' does not exist or not authorized.\n\tat org.finos.legend.engine.plan.execution.stores.relational.result.SQLExecutionResult.<init>(SQLExecutionResult.java:123)\n\tat org.finos.legend.engine.plan.execution.stores.relational.RelationalExecutor.execute(RelationalExecutor.java:241)\n\tat org.finos.legend.engine.plan.execution.stores.relational.plugin.RelationalExecutionNodeExecutor.visit(RelationalExecutionNodeExecutor.java:238)\n\tat org.finos.legend.engine.plan.execution.stores.relational.plugin.RelationalExecutionNodeExecutor.visit(RelationalExecutionNodeExecutor.java:346)\n\tat org.finos.legend.engine.plan.execution.stores.relational.plugin.RelationalExecutionNodeExecutor.visit(RelationalExecutionNodeExecutor.java:92)\n\tat org.finos.legend.engine.protocol.pure.v1.model.executionPlan.nodes.RelationalDataTypeInstantiationExecutionNode.accept(RelationalDataTypeInstantiationExecutionNode.java:22)\n\tat org.finos.legend.engine.plan.execution.stores.relational.RelationalExecutionExtension.lambda$getExtraNodeExecutors$fbe53481$1(RelationalExecutionExtension.java:50)\n\tat org.finos.legend.engine.plan.execution.nodes.ExecutionNodeExecutor.lambda$visit$0(ExecutionNodeExecutor.java:164)\n\tat java.base/java.util.stream.ReferencePipeline$3$1.accept(ReferencePipeline.java:195)\n\tat java.base/java.util.Spliterators$ArraySpliterator.tryAdvance(Spliterators.java:958)\n\tat java.base/java.util.stream.ReferencePipeline.forEachWithCancel(ReferencePipeline.java:127)\n\tat java.base/java.util.stream.AbstractPipeline.copyIntoWithCancel(AbstractPipeline.java:502)\n\tat java.base/java.util.stream.AbstractPipeline.copyInto(AbstractPipeline.java:488)\n\tat java.base/java.util.stream.AbstractPipeline.wrapAndCopyInto(AbstractPipeline.java:474)\n\tat java.base/java.util.stream.FindOps$FindOp.evaluateSequential(FindOps.java:150)\n\tat java.base/java.util.stream.AbstractPipeline.evaluate(AbstractPipeline.java:234)\n\tat java.base/java.util.stream.ReferencePipeline.findFirst(ReferencePipeline.java:543)\n\tat org.finos.legend.engine.plan.execution.nodes.ExecutionNodeExecutor.visit(ExecutionNodeExecutor.java:164)\n\tat org.finos.legend.engine.plan.execution.nodes.ExecutionNodeExecutor.visit(ExecutionNodeExecutor.java:107)\n\tat org.finos.legend.engine.protocol.pure.v1.model.executionPlan.nodes.RelationalDataTypeInstantiationExecutionNode.accept(RelationalDataTypeInstantiationExecutionNode.java:22)\n\tat org.finos.legend.engine.plan.execution.PlanExecutor.execute(PlanExecutor.java:238)\n\tat org.finos.legend.engine.plan.execution.PlanExecutor.execute(PlanExecutor.java:225)\n\tat org.finos.legend.engine.plan.execution.api.ExecutePlan.doExecutePlanLegacy(ExecutePlan.java:102)\n\tat org.finos.legend.engine.plan.execution.api.ExecutePlan.doExecutePlan(ExecutePlan.java:84)\n\tat org.finos.legend.engine.plan.execution.api.ExecutePlanLegacy.executePlan(ExecutePlanLegacy.java:56)\n\tat jdk.internal.reflect.GeneratedMethodAccessor100.invoke(Unknown Source)\n\tat java.base/jdk.internal.reflect.DelegatingMethodAccessorImpl.invoke(DelegatingMethodAccessorImpl.java:43)\n\tat java.base/java.lang.reflect.Method.invoke(Method.java:566)\n\tat org.glassfish.jersey.server.model.internal.ResourceMethodInvocationHandlerFactory$1.invoke(ResourceMethodInvocationHandlerFactory.java:81)\n\tat org.glassfish.jersey.server.model.internal.AbstractJavaResourceMethodDispatcher$1.run(AbstractJavaResourceMethodDispatcher.java:144)\n\tat org.glassfish.jersey.server.model.internal.AbstractJavaResourceMethodDispatcher.invoke(AbstractJavaResourceMethodDispatcher.java:161)\n\tat org.glassfish.jersey.server.model.internal.JavaResourceMethodDispatcherProvider$ResponseOutInvoker.doDispatch(JavaResourceMethodDispatcherProvider.java:160)\n\tat org.glassfish.jersey.server.model.internal.AbstractJavaResourceMethodDispatcher.dispatch(AbstractJavaResourceMethodDispatcher.java:99)\n\tat org.glassfish.jersey.server.model.ResourceMethodInvoker.invoke(ResourceMethodInvoker.java:389)\n\tat org.glassfish.jersey.server.model.ResourceMethodInvoker.apply(ResourceMethodInvoker.java:347)\n\tat org.glassfish.jersey.server.model.ResourceMethodInvoker.apply(ResourceMethodInvoker.java:102)\n\tat org.glassfish.jersey.server.ServerRuntime$2.run(ServerRuntime.java:326)\n\tat org.glassfish.jersey.internal.Errors$1.call(Errors.java:271)\n\tat org.glassfish.jersey.internal.Errors$1.call(Errors.java:267)\n\tat org.glassfish.jersey.internal.Errors.process(Errors.java:315)\n\tat org.glassfish.jersey.internal.Errors.process(Errors.java:297)\n\tat org.glassfish.jersey.internal.Errors.process(Errors.java:267)\n\tat org.glassfish.jersey.process.internal.RequestScope.runInScope(RequestScope.java:317)\n\tat org.glassfish.jersey.server.ServerRuntime.process(ServerRuntime.java:305)\n\tat org.glassfish.jersey.server.ApplicationHandler.handle(ApplicationHandler.java:1154)\n\tat org.glassfish.jersey.servlet.WebComponent.serviceImpl(WebComponent.java:473)\n\tat org.glassfish.jersey.servlet.WebComponent.service(WebComponent.java:427)\n\tat org.glassfish.jersey.servlet.ServletContainer.service(ServletContainer.java:388)\n\tat org.glassfish.jersey.servlet.ServletContainer.service(ServletContainer.java:341)\n\tat org.glassfish.jersey.servlet.ServletContainer.service(ServletContainer.java:228)\n\tat org.eclipse.jetty.servlet.ServletHolder.handle(ServletHolder.java:799)\n\tat org.eclipse.jetty.servlet.ServletHandler$ChainEnd.doFilter(ServletHandler.java:1631)\n\tat io.dropwizard.servlets.ThreadNameFilter.doFilter(ThreadNameFilter.java:35)\n\tat org.eclipse.jetty.servlet.FilterHolder.doFilter(FilterHolder.java:193)\n\tat org.eclipse.jetty.servlet.ServletHandler$Chain.doFilter(ServletHandler.java:1601)\n\tat io.dropwizard.jersey.filter.AllowedMethodsFilter.handle(AllowedMethodsFilter.java:45)\n\tat io.dropwizard.jersey.filter.AllowedMethodsFilter.doFilter(AllowedMethodsFilter.java:39)\n\tat org.eclipse.jetty.servlet.FilterHolder.doFilter(FilterHolder.java:193)\n\tat org.eclipse.jetty.servlet.ServletHandler$Chain.doFilter(ServletHandler.java:1601)\n\tat org.finos.legend.server.pac4j.internal.UsernameFilter.doFilter(UsernameFilter.java:51)\n\tat org.eclipse.jetty.servlet.FilterHolder.doFilter(FilterHolder.java:193)\n\tat org.eclipse.jetty.servlet.ServletHandler$Chain.doFilter(ServletHandler.java:1601)\n\tat org.pac4j.j2e.filter.SecurityFilter.lambda$internalFilter$0(SecurityFilter.java:95)\n\tat org.pac4j.core.engine.DefaultSecurityLogic.perform(DefaultSecurityLogic.java:140)\n\tat org.pac4j.j2e.filter.SecurityFilter.internalFilter(SecurityFilter.java:93)\n\tat org.pac4j.j2e.filter.AbstractConfigFilter.doFilter(AbstractConfigFilter.java:81)\n\tat org.eclipse.jetty.servlet.FilterHolder.doFilter(FilterHolder.java:193)\n\tat org.eclipse.jetty.servlet.ServletHandler$Chain.doFilter(ServletHandler.java:1601)\n\tat org.eclipse.jetty.servlet.ServletHandler.doHandle(ServletHandler.java:548)\n\tat org.eclipse.jetty.server.handler.ScopedHandler.nextHandle(ScopedHandler.java:233)\n\tat org.eclipse.jetty.server.session.SessionHandler.doHandle(SessionHandler.java:1624)\n\tat org.eclipse.jetty.server.handler.ScopedHandler.nextHandle(ScopedHandler.java:233)\n\tat org.eclipse.jetty.server.handler.ContextHandler.doHandle(ContextHandler.java:1434)\n\tat org.eclipse.jetty.server.handler.ScopedHandler.nextScope(ScopedHandler.java:188)\n\tat org.eclipse.jetty.servlet.ServletHandler.doScope(ServletHandler.java:501)\n\tat org.eclipse.jetty.server.session.SessionHandler.doScope(SessionHandler.java:1594)\n\tat org.eclipse.jetty.server.handler.ScopedHandler.nextScope(ScopedHandler.java:186)\n\tat org.eclipse.jetty.server.handler.ContextHandler.doScope(ContextHandler.java:1349)\n\tat org.eclipse.jetty.server.handler.ScopedHandler.handle(ScopedHandler.java:141)\n\tat org.eclipse.jetty.server.handler.HandlerWrapper.handle(HandlerWrapper.java:127)\n\tat com.codahale.metrics.jetty9.InstrumentedHandler.handle(InstrumentedHandler.java:313)\n\tat io.dropwizard.jetty.ContextRoutingHandler.handle(ContextRoutingHandler.java:37)\n\tat org.eclipse.jetty.server.handler.gzip.GzipHandler.handle(GzipHandler.java:713)\n\tat io.dropwizard.jetty.BiDiGzipHandler.handle(BiDiGzipHandler.java:67)\n\tat org.eclipse.jetty.server.handler.StatisticsHandler.handle(StatisticsHandler.java:179)\n\tat org.eclipse.jetty.server.handler.HandlerWrapper.handle(HandlerWrapper.java:127)\n\tat org.eclipse.jetty.server.Server.handle(Server.java:516)\n\tat org.eclipse.jetty.server.HttpChannel.lambda$handle$1(HttpChannel.java:400)\n\tat org.eclipse.jetty.server.HttpChannel.dispatch(HttpChannel.java:645)\n\tat org.eclipse.jetty.server.HttpChannel.handle(HttpChannel.java:392)\n\tat org.eclipse.jetty.server.HttpConnection.onFillable(HttpConnection.java:277)\n\tat org.eclipse.jetty.io.AbstractConnection$ReadCallback.succeeded(AbstractConnection.java:311)\n\tat org.eclipse.jetty.io.FillInterest.fillable(FillInterest.java:105)\n\tat org.eclipse.jetty.io.ChannelEndPoint$1.run(ChannelEndPoint.java:104)\n\tat org.eclipse.jetty.util.thread.strategy.EatWhatYouKill.runTask(EatWhatYouKill.java:338)\n\tat org.eclipse.jetty.util.thread.strategy.EatWhatYouKill.doProduce(EatWhatYouKill.java:315)\n\tat org.eclipse.jetty.util.thread.strategy.EatWhatYouKill.tryProduce(EatWhatYouKill.java:173)\n\tat org.eclipse.jetty.util.thread.strategy.EatWhatYouKill.run(EatWhatYouKill.java:131)\n\tat org.eclipse.jetty.util.thread.ReservedThreadExecutor$ReservedThread.run(ReservedThreadExecutor.java:409)\n\tat org.eclipse.jetty.util.thread.QueuedThreadPool.runJob(QueuedThreadPool.java:883)\n\tat org.eclipse.jetty.util.thread.QueuedThreadPool$Runner.run(QueuedThreadPool.java:1034)\n\tat java.base/java.lang.Thread.run(Thread.java:829)\nCaused by: net.snowflake.client.jdbc.SnowflakeSQLException: SQL compilation error:\nObject 'PERSONTABLE' does not exist or not authorized.\n\tat net.snowflake.client.jdbc.SnowflakeUtil.checkErrorAndThrowExceptionSub(SnowflakeUtil.java:127)\n\tat net.snowflake.client.jdbc.SnowflakeUtil.checkErrorAndThrowException(SnowflakeUtil.java:67)\n\tat net.snowflake.client.core.StmtUtil.pollForOutput(StmtUtil.java:442)\n\tat net.snowflake.client.core.StmtUtil.execute(StmtUtil.java:345)\n\tat net.snowflake.client.core.SFStatement.executeHelper(SFStatement.java:486)\n\tat net.snowflake.client.core.SFStatement.executeQueryInternal(SFStatement.java:197)\n\tat net.snowflake.client.core.SFStatement.executeQuery(SFStatement.java:134)\n\tat net.snowflake.client.core.SFStatement.execute(SFStatement.java:743)\n\tat net.snowflake.client.core.SFStatement.execute(SFStatement.java:639)\n\tat net.snowflake.client.jdbc.SnowflakeStatementV1.executeQueryInternal(SnowflakeStatementV1.java:238)\n\tat net.snowflake.client.jdbc.SnowflakeStatementV1.executeQuery(SnowflakeStatementV1.java:133)\n\tat com.zaxxer.hikari.pool.ProxyStatement.executeQuery(ProxyStatement.java:110)\n\tat com.zaxxer.hikari.pool.HikariProxyStatement.executeQuery(HikariProxyStatement.java)\n\tat org.finos.legend.engine.plan.execution.stores.relational.result.SQLExecutionResult.<init>(SQLExecutionResult.java:95)\n\t... 101 more\n"},"mode":"DEV","timeStamp":"2023-02-23 01:31:31.522","user":"_UNKNOWN_"}
| **selectSubClauses::aggregationDynaFns::stdDevSample::testStdDevSample** | failing :x: |
]]></system-out>
  </testcase>
  <testcase name="testSum[Snowflake]" classname="org.finos.legend.engine.server.test.shared.Relational_DbSpecific_UsingPureClientTestSuite$2" time="0.168">
    <error message="Assert failure at (resource:/platform/pure/basics/tests/assertEq.pure line:34 column:5), &quot;500 &apos;{&quot;code&quot;:-1,&quot;message&quot;:&quot;SnowflakeSQLException: SQL compilation error:&#10;Object &apos;PERSONTABLE&apos; does not exist or not authorized.&quot;,&quot;status&quot;:&quot;error&quot;,&quot;trace&quot;:&quot;java.lang.RuntimeException: net.snowflake.client.jdbc.SnowflakeSQLException: SQL compilation error:&#10;Object &apos;PERSONTABLE&apos; does not exist or not authorized.&#10;at org.finos.legend.engine.plan.execution.stores.relational.result.SQLExecutionResult.&lt;init&gt;(SQLExecutionResult.java:123)&#10;at org.finos.legend.engine.plan.execution.stores.relational.RelationalExecutor.execute(RelationalExecutor.java:241)&#10;at org.finos.legend.engine.plan.execution.stores.relational.plugin.RelationalExecutionNodeExecutor.visit(RelationalExecutionNodeExecutor.java:238)&#10;at org.finos.legend.engine.plan.execution.stores.relational.plugin.RelationalExecutionNodeExecutor.visit(RelationalExecutionNodeExecutor.java:346)&#10;at org.finos.legend.engine.plan.execution.stores.relational.plugin.RelationalExecutionNodeExecutor.visit(RelationalExecutionNodeExecutor.java:92)&#10;at org.finos.legend.engine.protocol.pure.v1.model.executionPlan.nodes.RelationalDataTypeInstantiationExecutionNode.accept(RelationalDataTypeInstantiationExecutionNode.java:22)&#10;at org.finos.legend.engine.plan.execution.stores.relational.RelationalExecutionExtension.lambda$getExtraNodeExecutors$fbe53481$1(RelationalExecutionExtension.java:50)&#10;at org.finos.legend.engine.plan.execution.nodes.ExecutionNodeExecutor.lambda$visit$0(ExecutionNodeExecutor.java:164)&#10;at java.base/java.util.stream.ReferencePipeline$3$1.accept(ReferencePipeline.java:195)&#10;at java.base/java.util.Spliterators$ArraySpliterator.tryAdvance(Spliterators.java:958)&#10;at java.base/java.util.stream.ReferencePipeline.forEachWithCancel(ReferencePipeline.java:127)&#10;at java.base/java.util.stream.AbstractPipeline.copyIntoWithCancel(AbstractPipeline.java:502)&#10;at java.base/java.util.stream.AbstractPipeline.copyInto(AbstractPipeline.java:488)&#10;at java.base/java.util.stream.AbstractPipeline.wrapAndCopyInto(AbstractPipeline.java:474)&#10;at java.base/java.util.stream.FindOps$FindOp.evaluateSequential(FindOps.java:150)&#10;at java.base/java.util.stream.AbstractPipeline.evaluate(AbstractPipeline.java:234)&#10;at java.base/java.util.stream.ReferencePipeline.findFirst(ReferencePipeline.java:543)&#10;at org.finos.legend.engine.plan.execution.nodes.ExecutionNodeExecutor.visit(ExecutionNodeExecutor.java:164)&#10;at org.finos.legend.engine.plan.execution.nodes.ExecutionNodeExecutor.visit(ExecutionNodeExecutor.java:107)&#10;at org.finos.legend.engine.protocol.pure.v1.model.executionPlan.nodes.RelationalDataTypeInstantiationExecutionNode.accept(RelationalDataTypeInstantiationExecutionNode.java:22)&#10;at org.finos.legend.engine.plan.execution.PlanExecutor.execute(PlanExecutor.java:238)&#10;at org.finos.legend.engine.plan.execution.PlanExecutor.execute(PlanExecutor.java:225)&#10;at org.finos.legend.engine.plan.execution.api.ExecutePlan.doExecutePlanLegacy(ExecutePlan.java:102)&#10;at org.finos.legend.engine.plan.execution.api.ExecutePlan.doExecutePlan(ExecutePlan.java:84)&#10;at org.finos.legend.engine.plan.execution.api.ExecutePlanLegacy.executePlan(ExecutePlanLegacy.java:56)&#10;at jdk.internal.reflect.GeneratedMethodAccessor100.invoke(Unknown Source)&#10;at java.base/jdk.internal.reflect.DelegatingMethodAccessorImpl.invoke(DelegatingMethodAccessorImpl.java:43)&#10;at java.base/java.lang.reflect.Method.invoke(Method.java:566)&#10;at org.glassfish.jersey.server.model.internal.ResourceMethodInvocationHandlerFactory$1.invoke(ResourceMethodInvocationHandlerFactory.java:81)&#10;at org.glassfish.jersey.server.model.internal.AbstractJavaResourceMethodDispatcher$1.run(AbstractJavaResourceMethodDispatcher.java:144)&#10;at org.glassfish.jersey.server.model.internal.AbstractJavaResourceMethodDispatcher.invoke(AbstractJavaResourceMethodDispatcher.java:161)&#10;at org.glassfish.jersey.server.model.internal.JavaResourceMethodDispatcherProvider$ResponseOutInvoker.doDispatch(JavaResourceMethodDispatcherProvider.java:160)&#10;at org.glassfish.jersey.server.model.internal.AbstractJavaResourceMethodDispatcher.dispatch(AbstractJavaResourceMethodDispatcher.java:99)&#10;at org.glassfish.jersey.server.model.ResourceMethodInvoker.invoke(ResourceMethodInvoker.java:389)&#10;at org.glassfish.jersey.server.model.ResourceMethodInvoker.apply(ResourceMethodInvoker.java:347)&#10;at org.glassfish.jersey.server.model.ResourceMethodInvoker.apply(ResourceMethodInvoker.java:102)&#10;at org.glassfish.jersey.server.ServerRuntime$2.run(ServerRuntime.java:326)&#10;at org.glassfish.jersey.internal.Errors$1.call(Errors.java:271)&#10;at org.glassfish.jersey.internal.Errors$1.call(Errors.java:267)&#10;at org.glassfish.jersey.internal.Errors.process(Errors.java:315)&#10;at org.glassfish.jersey.internal.Errors.process(Errors.java:297)&#10;at org.glassfish.jersey.internal.Errors.process(Errors.java:267)&#10;at org.glassfish.jersey.process.internal.RequestScope.runInScope(RequestScope.java:317)&#10;at org.glassfish.jersey.server.ServerRuntime.process(ServerRuntime.java:305)&#10;at org.glassfish.jersey.server.ApplicationHandler.handle(ApplicationHandler.java:1154)&#10;at org.glassfish.jersey.servlet.WebComponent.serviceImpl(WebComponent.java:473)&#10;at org.glassfish.jersey.servlet.WebComponent.service(WebComponent.java:427)&#10;at org.glassfish.jersey.servlet.ServletContainer.service(ServletContainer.java:388)&#10;at org.glassfish.jersey.servlet.ServletContainer.service(ServletContainer.java:341)&#10;at org.glassfish.jersey.servlet.ServletContainer.service(ServletContainer.java:228)&#10;at org.eclipse.jetty.servlet.ServletHolder.handle(ServletHolder.java:799)&#10;at org.eclipse.jetty.servlet.ServletHandler$ChainEnd.doFilter(ServletHandler.java:1631)&#10;at io.dropwizard.servlets.ThreadNameFilter.doFilter(ThreadNameFilter.java:35)&#10;at org.eclipse.jetty.servlet.FilterHolder.doFilter(FilterHolder.java:193)&#10;at org.eclipse.jetty.servlet.ServletHandler$Chain.doFilter(ServletHandler.java:1601)&#10;at io.dropwizard.jersey.filter.AllowedMethodsFilter.handle(AllowedMethodsFilter.java:45)&#10;at io.dropwizard.jersey.filter.AllowedMethodsFilter.doFilter(AllowedMethodsFilter.java:39)&#10;at org.eclipse.jetty.servlet.FilterHolder.doFilter(FilterHolder.java:193)&#10;at org.eclipse.jetty.servlet.ServletHandler$Chain.doFilter(ServletHandler.java:1601)&#10;at org.finos.legend.server.pac4j.internal.UsernameFilter.doFilter(UsernameFilter.java:51)&#10;at org.eclipse.jetty.servlet.FilterHolder.doFilter(FilterHolder.java:193)&#10;at org.eclipse.jetty.servlet.ServletHandler$Chain.doFilter(ServletHandler.java:1601)&#10;at org.pac4j.j2e.filter.SecurityFilter.lambda$internalFilter$0(SecurityFilter.java:95)&#10;at org.pac4j.core.engine.DefaultSecurityLogic.perform(DefaultSecurityLogic.java:140)&#10;at org.pac4j.j2e.filter.SecurityFilter.internalFilter(SecurityFilter.java:93)&#10;at org.pac4j.j2e.filter.AbstractConfigFilter.doFilter(AbstractConfigFilter.java:81)&#10;at org.eclipse.jetty.servlet.FilterHolder.doFilter(FilterHolder.java:193)&#10;at org.eclipse.jetty.servlet.ServletHandler$Chain.doFilter(ServletHandler.java:1601)&#10;at org.eclipse.jetty.servlet.ServletHandler.doHandle(ServletHandler.java:548)&#10;at org.eclipse.jetty.server.handler.ScopedHandler.nextHandle(ScopedHandler.java:233)&#10;at org.eclipse.jetty.server.session.SessionHandler.doHandle(SessionHandler.java:1624)&#10;at org.eclipse.jetty.server.handler.ScopedHandler.nextHandle(ScopedHandler.java:233)&#10;at org.eclipse.jetty.server.handler.ContextHandler.doHandle(ContextHandler.java:1434)&#10;at org.eclipse.jetty.server.handler.ScopedHandler.nextScope(ScopedHandler.java:188)&#10;at org.eclipse.jetty.servlet.ServletHandler.doScope(ServletHandler.java:501)&#10;at org.eclipse.jetty.server.session.SessionHandler.doScope(SessionHandler.java:1594)&#10;at org.eclipse.jetty.server.handler.ScopedHandler.nextScope(ScopedHandler.java:186)&#10;at org.eclipse.jetty.server.handler.ContextHandler.doScope(ContextHandler.java:1349)&#10;at org.eclipse.jetty.server.handler.ScopedHandler.handle(ScopedHandler.java:141)&#10;at org.eclipse.jetty.server.handler.HandlerWrapper.handle(HandlerWrapper.java:127)&#10;at com.codahale.metrics.jetty9.InstrumentedHandler.handle(InstrumentedHandler.java:313)&#10;at io.dropwizard.jetty.ContextRoutingHandler.handle(ContextRoutingHandler.java:37)&#10;at org.eclipse.jetty.server.handler.gzip.GzipHandler.handle(GzipHandler.java:713)&#10;at io.dropwizard.jetty.BiDiGzipHandler.handle(BiDiGzipHandler.java:67)&#10;at org.eclipse.jetty.server.handler.StatisticsHandler.handle(StatisticsHandler.java:179)&#10;at org.eclipse.jetty.server.handler.HandlerWrapper.handle(HandlerWrapper.java:127)&#10;at org.eclipse.jetty.server.Server.handle(Server.java:516)&#10;at org.eclipse.jetty.server.HttpChannel.lambda$handle$1(HttpChannel.java:400)&#10;at org.eclipse.jetty.server.HttpChannel.dispatch(HttpChannel.java:645)&#10;at org.eclipse.jetty.server.HttpChannel.handle(HttpChannel.java:392)&#10;at org.eclipse.jetty.server.HttpConnection.onFillable(HttpConnection.java:277)&#10;at org.eclipse.jetty.io.AbstractConnection$ReadCallback.succeeded(AbstractConnection.java:311)&#10;at org.eclipse.jetty.io.FillInterest.fillable(FillInterest.java:105)&#10;at org.eclipse.jetty.io.ChannelEndPoint$1.run(ChannelEndPoint.java:104)&#10;at org.eclipse.jetty.util.thread.strategy.EatWhatYouKill.runTask(EatWhatYouKill.java:338)&#10;at org.eclipse.jetty.util.thread.strategy.EatWhatYouKill.doProduce(EatWhatYouKill.java:315)&#10;at org.eclipse.jetty.util.thread.strategy.EatWhatYouKill.tryProduce(EatWhatYouKill.java:173)&#10;at org.eclipse.jetty.util.thread.strategy.EatWhatYouKill.run(EatWhatYouKill.java:131)&#10;at org.eclipse.jetty.util.thread.ReservedThreadExecutor$ReservedThread.run(ReservedThreadExecutor.java:409)&#10;at org.eclipse.jetty.util.thread.QueuedThreadPool.runJob(QueuedThreadPool.java:883)&#10;at org.eclipse.jetty.util.thread.QueuedThreadPool$Runner.run(QueuedThreadPool.java:1034)&#10;at java.base/java.lang.Thread.run(Thread.java:829)&#10;Caused by: net.snowflake.client.jdbc.SnowflakeSQLException: SQL compilation error:&#10;Object &apos;PERSONTABLE&apos; does not exist or not authorized.&#10;at net.snowflake.client.jdbc.SnowflakeUtil.checkErrorAndThrowExceptionSub(SnowflakeUtil.java:127)&#10;at net.snowflake.client.jdbc.SnowflakeUtil.checkErrorAndThrowException(SnowflakeUtil.java:67)&#10;at net.snowflake.client.core.StmtUtil.pollForOutput(StmtUtil.java:442)&#10;at net.snowflake.client.core.StmtUtil.execute(StmtUtil.java:345)&#10;at net.snowflake.client.core.SFStatement.executeHelper(SFStatement.java:486)&#10;at net.snowflake.client.core.SFStatement.executeQueryInternal(SFStatement.java:197)&#10;at net.snowflake.client.core.SFStatement.executeQuery(SFStatement.java:134)&#10;at net.snowflake.client.core.SFStatement.execute(SFStatement.java:743)&#10;at net.snowflake.client.core.SFStatement.execute(SFStatement.java:639)&#10;at net.snowflake.client.jdbc.SnowflakeStatementV1.executeQueryInternal(SnowflakeStatementV1.java:238)&#10;at net.snowflake.client.jdbc.SnowflakeStatementV1.executeQuery(SnowflakeStatementV1.java:133)&#10;at com.zaxxer.hikari.pool.ProxyStatement.executeQuery(ProxyStatement.java:110)&#10;at com.zaxxer.hikari.pool.HikariProxyStatement.executeQuery(HikariProxyStatement.java)&#10;at org.finos.legend.engine.plan.execution.stores.relational.result.SQLExecutionResult.&lt;init&gt;(SQLExecutionResult.java:95)&#10;... 101 more&#10;&quot;}&apos;&quot;" type="Assert failure at (resource"><![CDATA[Assert failure at (resource:/platform/pure/basics/tests/assertEq.pure line:34 column:5), "500 '{"code":-1,"message":"SnowflakeSQLException: SQL compilation error:
Object 'PERSONTABLE' does not exist or not authorized.","status":"error","trace":"java.lang.RuntimeException: net.snowflake.client.jdbc.SnowflakeSQLException: SQL compilation error:
Object 'PERSONTABLE' does not exist or not authorized.
at org.finos.legend.engine.plan.execution.stores.relational.result.SQLExecutionResult.<init>(SQLExecutionResult.java:123)
at org.finos.legend.engine.plan.execution.stores.relational.RelationalExecutor.execute(RelationalExecutor.java:241)
at org.finos.legend.engine.plan.execution.stores.relational.plugin.RelationalExecutionNodeExecutor.visit(RelationalExecutionNodeExecutor.java:238)
at org.finos.legend.engine.plan.execution.stores.relational.plugin.RelationalExecutionNodeExecutor.visit(RelationalExecutionNodeExecutor.java:346)
at org.finos.legend.engine.plan.execution.stores.relational.plugin.RelationalExecutionNodeExecutor.visit(RelationalExecutionNodeExecutor.java:92)
at org.finos.legend.engine.protocol.pure.v1.model.executionPlan.nodes.RelationalDataTypeInstantiationExecutionNode.accept(RelationalDataTypeInstantiationExecutionNode.java:22)
at org.finos.legend.engine.plan.execution.stores.relational.RelationalExecutionExtension.lambda$getExtraNodeExecutors$fbe53481$1(RelationalExecutionExtension.java:50)
at org.finos.legend.engine.plan.execution.nodes.ExecutionNodeExecutor.lambda$visit$0(ExecutionNodeExecutor.java:164)
at java.base/java.util.stream.ReferencePipeline$3$1.accept(ReferencePipeline.java:195)
at java.base/java.util.Spliterators$ArraySpliterator.tryAdvance(Spliterators.java:958)
at java.base/java.util.stream.ReferencePipeline.forEachWithCancel(ReferencePipeline.java:127)
at java.base/java.util.stream.AbstractPipeline.copyIntoWithCancel(AbstractPipeline.java:502)
at java.base/java.util.stream.AbstractPipeline.copyInto(AbstractPipeline.java:488)
at java.base/java.util.stream.AbstractPipeline.wrapAndCopyInto(AbstractPipeline.java:474)
at java.base/java.util.stream.FindOps$FindOp.evaluateSequential(FindOps.java:150)
at java.base/java.util.stream.AbstractPipeline.evaluate(AbstractPipeline.java:234)
at java.base/java.util.stream.ReferencePipeline.findFirst(ReferencePipeline.java:543)
at org.finos.legend.engine.plan.execution.nodes.ExecutionNodeExecutor.visit(ExecutionNodeExecutor.java:164)
at org.finos.legend.engine.plan.execution.nodes.ExecutionNodeExecutor.visit(ExecutionNodeExecutor.java:107)
at org.finos.legend.engine.protocol.pure.v1.model.executionPlan.nodes.RelationalDataTypeInstantiationExecutionNode.accept(RelationalDataTypeInstantiationExecutionNode.java:22)
at org.finos.legend.engine.plan.execution.PlanExecutor.execute(PlanExecutor.java:238)
at org.finos.legend.engine.plan.execution.PlanExecutor.execute(PlanExecutor.java:225)
at org.finos.legend.engine.plan.execution.api.ExecutePlan.doExecutePlanLegacy(ExecutePlan.java:102)
at org.finos.legend.engine.plan.execution.api.ExecutePlan.doExecutePlan(ExecutePlan.java:84)
at org.finos.legend.engine.plan.execution.api.ExecutePlanLegacy.executePlan(ExecutePlanLegacy.java:56)
at jdk.internal.reflect.GeneratedMethodAccessor100.invoke(Unknown Source)
at java.base/jdk.internal.reflect.DelegatingMethodAccessorImpl.invoke(DelegatingMethodAccessorImpl.java:43)
at java.base/java.lang.reflect.Method.invoke(Method.java:566)
at org.glassfish.jersey.server.model.internal.ResourceMethodInvocationHandlerFactory$1.invoke(ResourceMethodInvocationHandlerFactory.java:81)
at org.glassfish.jersey.server.model.internal.AbstractJavaResourceMethodDispatcher$1.run(AbstractJavaResourceMethodDispatcher.java:144)
at org.glassfish.jersey.server.model.internal.AbstractJavaResourceMethodDispatcher.invoke(AbstractJavaResourceMethodDispatcher.java:161)
at org.glassfish.jersey.server.model.internal.JavaResourceMethodDispatcherProvider$ResponseOutInvoker.doDispatch(JavaResourceMethodDispatcherProvider.java:160)
at org.glassfish.jersey.server.model.internal.AbstractJavaResourceMethodDispatcher.dispatch(AbstractJavaResourceMethodDispatcher.java:99)
at org.glassfish.jersey.server.model.ResourceMethodInvoker.invoke(ResourceMethodInvoker.java:389)
at org.glassfish.jersey.server.model.ResourceMethodInvoker.apply(ResourceMethodInvoker.java:347)
at org.glassfish.jersey.server.model.ResourceMethodInvoker.apply(ResourceMethodInvoker.java:102)
at org.glassfish.jersey.server.ServerRuntime$2.run(ServerRuntime.java:326)
at org.glassfish.jersey.internal.Errors$1.call(Errors.java:271)
at org.glassfish.jersey.internal.Errors$1.call(Errors.java:267)
at org.glassfish.jersey.internal.Errors.process(Errors.java:315)
at org.glassfish.jersey.internal.Errors.process(Errors.java:297)
at org.glassfish.jersey.internal.Errors.process(Errors.java:267)
at org.glassfish.jersey.process.internal.RequestScope.runInScope(RequestScope.java:317)
at org.glassfish.jersey.server.ServerRuntime.process(ServerRuntime.java:305)
at org.glassfish.jersey.server.ApplicationHandler.handle(ApplicationHandler.java:1154)
at org.glassfish.jersey.servlet.WebComponent.serviceImpl(WebComponent.java:473)
at org.glassfish.jersey.servlet.WebComponent.service(WebComponent.java:427)
at org.glassfish.jersey.servlet.ServletContainer.service(ServletContainer.java:388)
at org.glassfish.jersey.servlet.ServletContainer.service(ServletContainer.java:341)
at org.glassfish.jersey.servlet.ServletContainer.service(ServletContainer.java:228)
at org.eclipse.jetty.servlet.ServletHolder.handle(ServletHolder.java:799)
at org.eclipse.jetty.servlet.ServletHandler$ChainEnd.doFilter(ServletHandler.java:1631)
at io.dropwizard.servlets.ThreadNameFilter.doFilter(ThreadNameFilter.java:35)
at org.eclipse.jetty.servlet.FilterHolder.doFilter(FilterHolder.java:193)
at org.eclipse.jetty.servlet.ServletHandler$Chain.doFilter(ServletHandler.java:1601)
at io.dropwizard.jersey.filter.AllowedMethodsFilter.handle(AllowedMethodsFilter.java:45)
at io.dropwizard.jersey.filter.AllowedMethodsFilter.doFilter(AllowedMethodsFilter.java:39)
at org.eclipse.jetty.servlet.FilterHolder.doFilter(FilterHolder.java:193)
at org.eclipse.jetty.servlet.ServletHandler$Chain.doFilter(ServletHandler.java:1601)
at org.finos.legend.server.pac4j.internal.UsernameFilter.doFilter(UsernameFilter.java:51)
at org.eclipse.jetty.servlet.FilterHolder.doFilter(FilterHolder.java:193)
at org.eclipse.jetty.servlet.ServletHandler$Chain.doFilter(ServletHandler.java:1601)
at org.pac4j.j2e.filter.SecurityFilter.lambda$internalFilter$0(SecurityFilter.java:95)
at org.pac4j.core.engine.DefaultSecurityLogic.perform(DefaultSecurityLogic.java:140)
at org.pac4j.j2e.filter.SecurityFilter.internalFilter(SecurityFilter.java:93)
at org.pac4j.j2e.filter.AbstractConfigFilter.doFilter(AbstractConfigFilter.java:81)
at org.eclipse.jetty.servlet.FilterHolder.doFilter(FilterHolder.java:193)
at org.eclipse.jetty.servlet.ServletHandler$Chain.doFilter(ServletHandler.java:1601)
at org.eclipse.jetty.servlet.ServletHandler.doHandle(ServletHandler.java:548)
at org.eclipse.jetty.server.handler.ScopedHandler.nextHandle(ScopedHandler.java:233)
at org.eclipse.jetty.server.session.SessionHandler.doHandle(SessionHandler.java:1624)
at org.eclipse.jetty.server.handler.ScopedHandler.nextHandle(ScopedHandler.java:233)
at org.eclipse.jetty.server.handler.ContextHandler.doHandle(ContextHandler.java:1434)
at org.eclipse.jetty.server.handler.ScopedHandler.nextScope(ScopedHandler.java:188)
at org.eclipse.jetty.servlet.ServletHandler.doScope(ServletHandler.java:501)
at org.eclipse.jetty.server.session.SessionHandler.doScope(SessionHandler.java:1594)
at org.eclipse.jetty.server.handler.ScopedHandler.nextScope(ScopedHandler.java:186)
at org.eclipse.jetty.server.handler.ContextHandler.doScope(ContextHandler.java:1349)
at org.eclipse.jetty.server.handler.ScopedHandler.handle(ScopedHandler.java:141)
at org.eclipse.jetty.server.handler.HandlerWrapper.handle(HandlerWrapper.java:127)
at com.codahale.metrics.jetty9.InstrumentedHandler.handle(InstrumentedHandler.java:313)
at io.dropwizard.jetty.ContextRoutingHandler.handle(ContextRoutingHandler.java:37)
at org.eclipse.jetty.server.handler.gzip.GzipHandler.handle(GzipHandler.java:713)
at io.dropwizard.jetty.BiDiGzipHandler.handle(BiDiGzipHandler.java:67)
at org.eclipse.jetty.server.handler.StatisticsHandler.handle(StatisticsHandler.java:179)
at org.eclipse.jetty.server.handler.HandlerWrapper.handle(HandlerWrapper.java:127)
at org.eclipse.jetty.server.Server.handle(Server.java:516)
at org.eclipse.jetty.server.HttpChannel.lambda$handle$1(HttpChannel.java:400)
at org.eclipse.jetty.server.HttpChannel.dispatch(HttpChannel.java:645)
at org.eclipse.jetty.server.HttpChannel.handle(HttpChannel.java:392)
at org.eclipse.jetty.server.HttpConnection.onFillable(HttpConnection.java:277)
at org.eclipse.jetty.io.AbstractConnection$ReadCallback.succeeded(AbstractConnection.java:311)
at org.eclipse.jetty.io.FillInterest.fillable(FillInterest.java:105)
at org.eclipse.jetty.io.ChannelEndPoint$1.run(ChannelEndPoint.java:104)
at org.eclipse.jetty.util.thread.strategy.EatWhatYouKill.runTask(EatWhatYouKill.java:338)
at org.eclipse.jetty.util.thread.strategy.EatWhatYouKill.doProduce(EatWhatYouKill.java:315)
at org.eclipse.jetty.util.thread.strategy.EatWhatYouKill.tryProduce(EatWhatYouKill.java:173)
at org.eclipse.jetty.util.thread.strategy.EatWhatYouKill.run(EatWhatYouKill.java:131)
at org.eclipse.jetty.util.thread.ReservedThreadExecutor$ReservedThread.run(ReservedThreadExecutor.java:409)
at org.eclipse.jetty.util.thread.QueuedThreadPool.runJob(QueuedThreadPool.java:883)
at org.eclipse.jetty.util.thread.QueuedThreadPool$Runner.run(QueuedThreadPool.java:1034)
at java.base/java.lang.Thread.run(Thread.java:829)
Caused by: net.snowflake.client.jdbc.SnowflakeSQLException: SQL compilation error:
Object 'PERSONTABLE' does not exist or not authorized.
at net.snowflake.client.jdbc.SnowflakeUtil.checkErrorAndThrowExceptionSub(SnowflakeUtil.java:127)
at net.snowflake.client.jdbc.SnowflakeUtil.checkErrorAndThrowException(SnowflakeUtil.java:67)
at net.snowflake.client.core.StmtUtil.pollForOutput(StmtUtil.java:442)
at net.snowflake.client.core.StmtUtil.execute(StmtUtil.java:345)
at net.snowflake.client.core.SFStatement.executeHelper(SFStatement.java:486)
at net.snowflake.client.core.SFStatement.executeQueryInternal(SFStatement.java:197)
at net.snowflake.client.core.SFStatement.executeQuery(SFStatement.java:134)
at net.snowflake.client.core.SFStatement.execute(SFStatement.java:743)
at net.snowflake.client.core.SFStatement.execute(SFStatement.java:639)
at net.snowflake.client.jdbc.SnowflakeStatementV1.executeQueryInternal(SnowflakeStatementV1.java:238)
at net.snowflake.client.jdbc.SnowflakeStatementV1.executeQuery(SnowflakeStatementV1.java:133)
at com.zaxxer.hikari.pool.ProxyStatement.executeQuery(ProxyStatement.java:110)
at com.zaxxer.hikari.pool.HikariProxyStatement.executeQuery(HikariProxyStatement.java)
at org.finos.legend.engine.plan.execution.stores.relational.result.SQLExecutionResult.<init>(SQLExecutionResult.java:95)
... 101 more
"}'"
	at org.finos.legend.pure.runtime.java.compiled.generation.processors.support.CompiledSupport.pureAssert(CompiledSupport.java:1994)
	at org.finos.legend.pure.generated.platform_pure_basics_tests_assertEq.Root_meta_pure_functions_asserts_assertEq_Any_1__Any_1__Function_1__Boolean_1_(platform_pure_basics_tests_assertEq.java:44)
	at org.finos.legend.pure.generated.core_pure_protocol_vX_X_X_invocations_execution.Root_meta_protocols_pure_vX_X_X_invocation_execution_execute_executePlan_String_1__String_1__Integer_1__String_1_(core_pure_protocol_vX_X_X_invocations_execution.java:751)
	at org.finos.legend.pure.generated.core_pure_protocol_vX_X_X_invocations_execution.Root_meta_protocols_pure_vX_X_X_invocation_execution_execute_executePlan_ExecutionPlan_1__String_1__Integer_1__Extension_MANY__String_1_(core_pure_protocol_vX_X_X_invocations_execution.java:745)
	at org.finos.legend.pure.generated.core_pure_protocol_vX_X_X_invocations_execution.Root_meta_protocols_pure_vX_X_X_invocation_execution_execute_executePlan_ExecutionPlan_1__ExecutionContext_$0_1$__String_1__Integer_1__Extension_MANY__Result_1_(core_pure_protocol_vX_X_X_invocations_execution.java:738)
	at jdk.internal.reflect.GeneratedMethodAccessor96.invoke(Unknown Source)
	at java.base/jdk.internal.reflect.DelegatingMethodAccessorImpl.invoke(DelegatingMethodAccessorImpl.java:43)
	at java.base/java.lang.reflect.Method.invoke(Method.java:566)
	at org.finos.legend.pure.runtime.java.compiled.metadata.JavaMethodWithParamsSharedPureFunction.execute(JavaMethodWithParamsSharedPureFunction.java:59)
	at org.finos.legend.pure.runtime.java.compiled.generation.processors.support.Pure._evaluateToMany(Pure.java:546)
	at org.finos.legend.pure.generated.CoreGen.evaluateToMany(CoreGen.java:147)
	at org.finos.legend.pure.generated.CoreGen.evaluateToMany(CoreGen.java:134)
	at org.finos.legend.pure.generated.core_pure_router_router_entry$9$1.value(core_pure_router_router_entry.java:318)
	at org.finos.legend.pure.generated.core_pure_router_router_entry$9$1.execute(core_pure_router_router_entry.java:311)
	at org.finos.legend.pure.generated.core_pure_router_router_entry$9$1.execute(core_pure_router_router_entry.java:307)
	at org.finos.legend.pure.runtime.java.compiled.generation.processors.support.Pure.evaluate(Pure.java:485)
	at org.finos.legend.pure.runtime.java.compiled.generation.processors.support.Pure.legendTest(Pure.java:216)
	at org.finos.legend.pure.generated.CoreGen.legendTest(CoreGen.java:61)
	at org.finos.legend.pure.generated.core_pure_router_router_entry$9.valueOf(core_pure_router_router_entry.java:303)
	at org.finos.legend.pure.generated.core_pure_router_router_entry$9.execute(core_pure_router_router_entry.java:298)
	at org.finos.legend.pure.generated.core_pure_router_router_entry$9.execute(core_pure_router_router_entry.java:294)
	at org.finos.legend.pure.runtime.java.compiled.generation.processors.support.Pure.evaluate(Pure.java:485)
	at org.finos.legend.pure.runtime.java.compiled.generation.processors.support.Pure.traceSpan(Pure.java:1482)
	at org.finos.legend.pure.generated.CoreGen.traceSpan(CoreGen.java:203)
	at org.finos.legend.pure.generated.core_pure_router_router_entry.Root_meta_pure_router_executePlan_ExecutionPlan_1__ExecutionContext_1__Extension_MANY__Result_$0_1$_(core_pure_router_router_entry.java:290)
	at org.finos.legend.pure.generated.core_pure_router_router_entry.Root_meta_pure_router_executePlan_ExecutionPlan_1__Extension_MANY__Result_$0_1$_(core_pure_router_router_entry.java:285)
	at org.finos.legend.pure.generated.core_relational_relational_sqlQueryToString_dbTestRunner_testRunner$20.execute(core_relational_relational_sqlQueryToString_dbTestRunner_testRunner.java:386)
	at org.finos.legend.pure.generated.core_relational_relational_sqlQueryToString_dbTestRunner_testRunner.Root_meta_relational_dbTestRunner_runSqlQueryTest_SQLQuery_1__Literal_$1_MANY$__Pair_MANY__Function_$0_1$__DbTestConfig_1__Boolean_1_(core_relational_relational_sqlQueryToString_dbTestRunner_testRunner.java:424)
	at org.finos.legend.pure.generated.core_relational_relational_sqlQueryToString_dbTestRunner_testRunner.Root_meta_relational_dbTestRunner_runSqlQueryTest_SQLQuery_1__Literal_$1_MANY$__Function_$0_1$__DbTestConfig_1__Boolean_1_(core_relational_relational_sqlQueryToString_dbTestRunner_testRunner.java:374)
	at org.finos.legend.pure.generated.core_relational_relational_sqlQueryToString_testSuite_selectSubClauses_aggregationDynaFns.Root_meta_relational_tests_dbSpecificTests_sqlQueryTests_selectSubClauses_aggregationDynaFns_sum_testSum_DbTestConfig_1__Boolean_1_(core_relational_relational_sqlQueryToString_testSuite_selectSubClauses_aggregationDynaFns.java:172)
	at java.base/jdk.internal.reflect.NativeMethodAccessorImpl.invoke0(Native Method)
	at java.base/jdk.internal.reflect.NativeMethodAccessorImpl.invoke(NativeMethodAccessorImpl.java:62)
	at java.base/jdk.internal.reflect.DelegatingMethodAccessorImpl.invoke(DelegatingMethodAccessorImpl.java:43)
	at java.base/java.lang.reflect.Method.invoke(Method.java:566)
	at org.finos.legend.pure.runtime.java.compiled.testHelper.PureTestBuilderCompiled.executeFn(PureTestBuilderCompiled.java:113)
	at org.finos.legend.pure.runtime.java.compiled.testHelper.PureTestBuilderCompiled.lambda$buildSuite$0(PureTestBuilderCompiled.java:79)
	at org.finos.legend.pure.m3.execution.test.PureTestBuilder$PureTestCase.runTest(PureTestBuilder.java:95)
	at junit.framework.TestCase.runBare(TestCase.java:142)
	at org.finos.legend.engine.server.test.shared.Relational_DbSpecific_UsingPureClientTestSuite$2.runTest(Relational_DbSpecific_UsingPureClientTestSuite.java:90)
	at junit.framework.TestCase.runBare(TestCase.java:142)
	at junit.framework.TestResult$1.protect(TestResult.java:122)
	at junit.framework.TestResult.runProtected(TestResult.java:142)
	at junit.framework.TestResult.run(TestResult.java:125)
	at junit.framework.TestCase.run(TestCase.java:130)
	at junit.framework.TestSuite.runTest(TestSuite.java:241)
	at junit.framework.TestSuite.run(TestSuite.java:236)
	at junit.framework.TestSuite.runTest(TestSuite.java:241)
	at junit.framework.TestSuite.run(TestSuite.java:236)
	at junit.framework.TestSuite.runTest(TestSuite.java:241)
	at junit.framework.TestSuite.run(TestSuite.java:236)
	at junit.framework.TestSuite.runTest(TestSuite.java:241)
	at junit.framework.TestSuite.run(TestSuite.java:236)
	at junit.framework.TestSuite.runTest(TestSuite.java:241)
	at junit.framework.TestSuite.run(TestSuite.java:236)
	at junit.framework.TestSuite.runTest(TestSuite.java:241)
	at junit.framework.TestSuite.run(TestSuite.java:236)
	at junit.extensions.TestDecorator.basicRun(TestDecorator.java:24)
	at junit.extensions.TestSetup$1.protect(TestSetup.java:23)
	at junit.framework.TestResult.runProtected(TestResult.java:142)
	at junit.extensions.TestSetup.run(TestSetup.java:27)
	at org.junit.internal.runners.JUnit38ClassRunner.run(JUnit38ClassRunner.java:90)
	at org.apache.maven.surefire.junit4.JUnit4Provider.execute(JUnit4Provider.java:365)
	at org.apache.maven.surefire.junit4.JUnit4Provider.executeWithRerun(JUnit4Provider.java:273)
	at org.apache.maven.surefire.junit4.JUnit4Provider.executeTestSet(JUnit4Provider.java:238)
	at org.apache.maven.surefire.junit4.JUnit4Provider.invoke(JUnit4Provider.java:159)
	at org.apache.maven.surefire.booter.ForkedBooter.invokeProviderInSameClassLoader(ForkedBooter.java:384)
	at org.apache.maven.surefire.booter.ForkedBooter.runSuitesInProcess(ForkedBooter.java:345)
	at org.apache.maven.surefire.booter.ForkedBooter.execute(ForkedBooter.java:126)
	at org.apache.maven.surefire.booter.ForkedBooter.main(ForkedBooter.java:418)
]]></error>
    <system-out><![CDATA[Running db test selectSubClauses::aggregationDynaFns::sum::testSum
{"duration":0.0,"eventType":"EXECUTION_PLAN_EXEC_ERROR","info":{"code":-1,"message":"SnowflakeSQLException: SQL compilation error:\nObject 'PERSONTABLE' does not exist or not authorized.","status":"error","trace":"java.lang.RuntimeException: net.snowflake.client.jdbc.SnowflakeSQLException: SQL compilation error:\nObject 'PERSONTABLE' does not exist or not authorized.\n\tat org.finos.legend.engine.plan.execution.stores.relational.result.SQLExecutionResult.<init>(SQLExecutionResult.java:123)\n\tat org.finos.legend.engine.plan.execution.stores.relational.RelationalExecutor.execute(RelationalExecutor.java:241)\n\tat org.finos.legend.engine.plan.execution.stores.relational.plugin.RelationalExecutionNodeExecutor.visit(RelationalExecutionNodeExecutor.java:238)\n\tat org.finos.legend.engine.plan.execution.stores.relational.plugin.RelationalExecutionNodeExecutor.visit(RelationalExecutionNodeExecutor.java:346)\n\tat org.finos.legend.engine.plan.execution.stores.relational.plugin.RelationalExecutionNodeExecutor.visit(RelationalExecutionNodeExecutor.java:92)\n\tat org.finos.legend.engine.protocol.pure.v1.model.executionPlan.nodes.RelationalDataTypeInstantiationExecutionNode.accept(RelationalDataTypeInstantiationExecutionNode.java:22)\n\tat org.finos.legend.engine.plan.execution.stores.relational.RelationalExecutionExtension.lambda$getExtraNodeExecutors$fbe53481$1(RelationalExecutionExtension.java:50)\n\tat org.finos.legend.engine.plan.execution.nodes.ExecutionNodeExecutor.lambda$visit$0(ExecutionNodeExecutor.java:164)\n\tat java.base/java.util.stream.ReferencePipeline$3$1.accept(ReferencePipeline.java:195)\n\tat java.base/java.util.Spliterators$ArraySpliterator.tryAdvance(Spliterators.java:958)\n\tat java.base/java.util.stream.ReferencePipeline.forEachWithCancel(ReferencePipeline.java:127)\n\tat java.base/java.util.stream.AbstractPipeline.copyIntoWithCancel(AbstractPipeline.java:502)\n\tat java.base/java.util.stream.AbstractPipeline.copyInto(AbstractPipeline.java:488)\n\tat java.base/java.util.stream.AbstractPipeline.wrapAndCopyInto(AbstractPipeline.java:474)\n\tat java.base/java.util.stream.FindOps$FindOp.evaluateSequential(FindOps.java:150)\n\tat java.base/java.util.stream.AbstractPipeline.evaluate(AbstractPipeline.java:234)\n\tat java.base/java.util.stream.ReferencePipeline.findFirst(ReferencePipeline.java:543)\n\tat org.finos.legend.engine.plan.execution.nodes.ExecutionNodeExecutor.visit(ExecutionNodeExecutor.java:164)\n\tat org.finos.legend.engine.plan.execution.nodes.ExecutionNodeExecutor.visit(ExecutionNodeExecutor.java:107)\n\tat org.finos.legend.engine.protocol.pure.v1.model.executionPlan.nodes.RelationalDataTypeInstantiationExecutionNode.accept(RelationalDataTypeInstantiationExecutionNode.java:22)\n\tat org.finos.legend.engine.plan.execution.PlanExecutor.execute(PlanExecutor.java:238)\n\tat org.finos.legend.engine.plan.execution.PlanExecutor.execute(PlanExecutor.java:225)\n\tat org.finos.legend.engine.plan.execution.api.ExecutePlan.doExecutePlanLegacy(ExecutePlan.java:102)\n\tat org.finos.legend.engine.plan.execution.api.ExecutePlan.doExecutePlan(ExecutePlan.java:84)\n\tat org.finos.legend.engine.plan.execution.api.ExecutePlanLegacy.executePlan(ExecutePlanLegacy.java:56)\n\tat jdk.internal.reflect.GeneratedMethodAccessor100.invoke(Unknown Source)\n\tat java.base/jdk.internal.reflect.DelegatingMethodAccessorImpl.invoke(DelegatingMethodAccessorImpl.java:43)\n\tat java.base/java.lang.reflect.Method.invoke(Method.java:566)\n\tat org.glassfish.jersey.server.model.internal.ResourceMethodInvocationHandlerFactory$1.invoke(ResourceMethodInvocationHandlerFactory.java:81)\n\tat org.glassfish.jersey.server.model.internal.AbstractJavaResourceMethodDispatcher$1.run(AbstractJavaResourceMethodDispatcher.java:144)\n\tat org.glassfish.jersey.server.model.internal.AbstractJavaResourceMethodDispatcher.invoke(AbstractJavaResourceMethodDispatcher.java:161)\n\tat org.glassfish.jersey.server.model.internal.JavaResourceMethodDispatcherProvider$ResponseOutInvoker.doDispatch(JavaResourceMethodDispatcherProvider.java:160)\n\tat org.glassfish.jersey.server.model.internal.AbstractJavaResourceMethodDispatcher.dispatch(AbstractJavaResourceMethodDispatcher.java:99)\n\tat org.glassfish.jersey.server.model.ResourceMethodInvoker.invoke(ResourceMethodInvoker.java:389)\n\tat org.glassfish.jersey.server.model.ResourceMethodInvoker.apply(ResourceMethodInvoker.java:347)\n\tat org.glassfish.jersey.server.model.ResourceMethodInvoker.apply(ResourceMethodInvoker.java:102)\n\tat org.glassfish.jersey.server.ServerRuntime$2.run(ServerRuntime.java:326)\n\tat org.glassfish.jersey.internal.Errors$1.call(Errors.java:271)\n\tat org.glassfish.jersey.internal.Errors$1.call(Errors.java:267)\n\tat org.glassfish.jersey.internal.Errors.process(Errors.java:315)\n\tat org.glassfish.jersey.internal.Errors.process(Errors.java:297)\n\tat org.glassfish.jersey.internal.Errors.process(Errors.java:267)\n\tat org.glassfish.jersey.process.internal.RequestScope.runInScope(RequestScope.java:317)\n\tat org.glassfish.jersey.server.ServerRuntime.process(ServerRuntime.java:305)\n\tat org.glassfish.jersey.server.ApplicationHandler.handle(ApplicationHandler.java:1154)\n\tat org.glassfish.jersey.servlet.WebComponent.serviceImpl(WebComponent.java:473)\n\tat org.glassfish.jersey.servlet.WebComponent.service(WebComponent.java:427)\n\tat org.glassfish.jersey.servlet.ServletContainer.service(ServletContainer.java:388)\n\tat org.glassfish.jersey.servlet.ServletContainer.service(ServletContainer.java:341)\n\tat org.glassfish.jersey.servlet.ServletContainer.service(ServletContainer.java:228)\n\tat org.eclipse.jetty.servlet.ServletHolder.handle(ServletHolder.java:799)\n\tat org.eclipse.jetty.servlet.ServletHandler$ChainEnd.doFilter(ServletHandler.java:1631)\n\tat io.dropwizard.servlets.ThreadNameFilter.doFilter(ThreadNameFilter.java:35)\n\tat org.eclipse.jetty.servlet.FilterHolder.doFilter(FilterHolder.java:193)\n\tat org.eclipse.jetty.servlet.ServletHandler$Chain.doFilter(ServletHandler.java:1601)\n\tat io.dropwizard.jersey.filter.AllowedMethodsFilter.handle(AllowedMethodsFilter.java:45)\n\tat io.dropwizard.jersey.filter.AllowedMethodsFilter.doFilter(AllowedMethodsFilter.java:39)\n\tat org.eclipse.jetty.servlet.FilterHolder.doFilter(FilterHolder.java:193)\n\tat org.eclipse.jetty.servlet.ServletHandler$Chain.doFilter(ServletHandler.java:1601)\n\tat org.finos.legend.server.pac4j.internal.UsernameFilter.doFilter(UsernameFilter.java:51)\n\tat org.eclipse.jetty.servlet.FilterHolder.doFilter(FilterHolder.java:193)\n\tat org.eclipse.jetty.servlet.ServletHandler$Chain.doFilter(ServletHandler.java:1601)\n\tat org.pac4j.j2e.filter.SecurityFilter.lambda$internalFilter$0(SecurityFilter.java:95)\n\tat org.pac4j.core.engine.DefaultSecurityLogic.perform(DefaultSecurityLogic.java:140)\n\tat org.pac4j.j2e.filter.SecurityFilter.internalFilter(SecurityFilter.java:93)\n\tat org.pac4j.j2e.filter.AbstractConfigFilter.doFilter(AbstractConfigFilter.java:81)\n\tat org.eclipse.jetty.servlet.FilterHolder.doFilter(FilterHolder.java:193)\n\tat org.eclipse.jetty.servlet.ServletHandler$Chain.doFilter(ServletHandler.java:1601)\n\tat org.eclipse.jetty.servlet.ServletHandler.doHandle(ServletHandler.java:548)\n\tat org.eclipse.jetty.server.handler.ScopedHandler.nextHandle(ScopedHandler.java:233)\n\tat org.eclipse.jetty.server.session.SessionHandler.doHandle(SessionHandler.java:1624)\n\tat org.eclipse.jetty.server.handler.ScopedHandler.nextHandle(ScopedHandler.java:233)\n\tat org.eclipse.jetty.server.handler.ContextHandler.doHandle(ContextHandler.java:1434)\n\tat org.eclipse.jetty.server.handler.ScopedHandler.nextScope(ScopedHandler.java:188)\n\tat org.eclipse.jetty.servlet.ServletHandler.doScope(ServletHandler.java:501)\n\tat org.eclipse.jetty.server.session.SessionHandler.doScope(SessionHandler.java:1594)\n\tat org.eclipse.jetty.server.handler.ScopedHandler.nextScope(ScopedHandler.java:186)\n\tat org.eclipse.jetty.server.handler.ContextHandler.doScope(ContextHandler.java:1349)\n\tat org.eclipse.jetty.server.handler.ScopedHandler.handle(ScopedHandler.java:141)\n\tat org.eclipse.jetty.server.handler.HandlerWrapper.handle(HandlerWrapper.java:127)\n\tat com.codahale.metrics.jetty9.InstrumentedHandler.handle(InstrumentedHandler.java:313)\n\tat io.dropwizard.jetty.ContextRoutingHandler.handle(ContextRoutingHandler.java:37)\n\tat org.eclipse.jetty.server.handler.gzip.GzipHandler.handle(GzipHandler.java:713)\n\tat io.dropwizard.jetty.BiDiGzipHandler.handle(BiDiGzipHandler.java:67)\n\tat org.eclipse.jetty.server.handler.StatisticsHandler.handle(StatisticsHandler.java:179)\n\tat org.eclipse.jetty.server.handler.HandlerWrapper.handle(HandlerWrapper.java:127)\n\tat org.eclipse.jetty.server.Server.handle(Server.java:516)\n\tat org.eclipse.jetty.server.HttpChannel.lambda$handle$1(HttpChannel.java:400)\n\tat org.eclipse.jetty.server.HttpChannel.dispatch(HttpChannel.java:645)\n\tat org.eclipse.jetty.server.HttpChannel.handle(HttpChannel.java:392)\n\tat org.eclipse.jetty.server.HttpConnection.onFillable(HttpConnection.java:277)\n\tat org.eclipse.jetty.io.AbstractConnection$ReadCallback.succeeded(AbstractConnection.java:311)\n\tat org.eclipse.jetty.io.FillInterest.fillable(FillInterest.java:105)\n\tat org.eclipse.jetty.io.ChannelEndPoint$1.run(ChannelEndPoint.java:104)\n\tat org.eclipse.jetty.util.thread.strategy.EatWhatYouKill.runTask(EatWhatYouKill.java:338)\n\tat org.eclipse.jetty.util.thread.strategy.EatWhatYouKill.doProduce(EatWhatYouKill.java:315)\n\tat org.eclipse.jetty.util.thread.strategy.EatWhatYouKill.tryProduce(EatWhatYouKill.java:173)\n\tat org.eclipse.jetty.util.thread.strategy.EatWhatYouKill.run(EatWhatYouKill.java:131)\n\tat org.eclipse.jetty.util.thread.ReservedThreadExecutor$ReservedThread.run(ReservedThreadExecutor.java:409)\n\tat org.eclipse.jetty.util.thread.QueuedThreadPool.runJob(QueuedThreadPool.java:883)\n\tat org.eclipse.jetty.util.thread.QueuedThreadPool$Runner.run(QueuedThreadPool.java:1034)\n\tat java.base/java.lang.Thread.run(Thread.java:829)\nCaused by: net.snowflake.client.jdbc.SnowflakeSQLException: SQL compilation error:\nObject 'PERSONTABLE' does not exist or not authorized.\n\tat net.snowflake.client.jdbc.SnowflakeUtil.checkErrorAndThrowExceptionSub(SnowflakeUtil.java:127)\n\tat net.snowflake.client.jdbc.SnowflakeUtil.checkErrorAndThrowException(SnowflakeUtil.java:67)\n\tat net.snowflake.client.core.StmtUtil.pollForOutput(StmtUtil.java:442)\n\tat net.snowflake.client.core.StmtUtil.execute(StmtUtil.java:345)\n\tat net.snowflake.client.core.SFStatement.executeHelper(SFStatement.java:486)\n\tat net.snowflake.client.core.SFStatement.executeQueryInternal(SFStatement.java:197)\n\tat net.snowflake.client.core.SFStatement.executeQuery(SFStatement.java:134)\n\tat net.snowflake.client.core.SFStatement.execute(SFStatement.java:743)\n\tat net.snowflake.client.core.SFStatement.execute(SFStatement.java:639)\n\tat net.snowflake.client.jdbc.SnowflakeStatementV1.executeQueryInternal(SnowflakeStatementV1.java:238)\n\tat net.snowflake.client.jdbc.SnowflakeStatementV1.executeQuery(SnowflakeStatementV1.java:133)\n\tat com.zaxxer.hikari.pool.ProxyStatement.executeQuery(ProxyStatement.java:110)\n\tat com.zaxxer.hikari.pool.HikariProxyStatement.executeQuery(HikariProxyStatement.java)\n\tat org.finos.legend.engine.plan.execution.stores.relational.result.SQLExecutionResult.<init>(SQLExecutionResult.java:95)\n\t... 101 more\n"},"mode":"DEV","timeStamp":"2023-02-23 01:31:31.690","user":"_UNKNOWN_"}
| **selectSubClauses::aggregationDynaFns::sum::testSum** | failing :x: |
]]></system-out>
  </testcase>
  <testcase name="testDropLimitByVendor[Snowflake]" classname="org.finos.legend.engine.server.test.shared.Relational_DbSpecific_UsingPureClientTestSuite$2" time="0.739">
    <error message="Assert failure at (resource:/platform/pure/basics/tests/assertEq.pure line:34 column:5), &quot;500 &apos;{&quot;code&quot;:-1,&quot;message&quot;:&quot;SnowflakeSQLException: SQL compilation error:&#10;Object &apos;PERSONTABLE&apos; does not exist or not authorized.&quot;,&quot;status&quot;:&quot;error&quot;,&quot;trace&quot;:&quot;java.lang.RuntimeException: net.snowflake.client.jdbc.SnowflakeSQLException: SQL compilation error:&#10;Object &apos;PERSONTABLE&apos; does not exist or not authorized.&#10;at org.finos.legend.engine.plan.execution.stores.relational.result.SQLExecutionResult.&lt;init&gt;(SQLExecutionResult.java:123)&#10;at org.finos.legend.engine.plan.execution.stores.relational.RelationalExecutor.execute(RelationalExecutor.java:241)&#10;at org.finos.legend.engine.plan.execution.stores.relational.plugin.RelationalExecutionNodeExecutor.visit(RelationalExecutionNodeExecutor.java:238)&#10;at org.finos.legend.engine.plan.execution.stores.relational.plugin.RelationalExecutionNodeExecutor.visit(RelationalExecutionNodeExecutor.java:252)&#10;at org.finos.legend.engine.plan.execution.stores.relational.plugin.RelationalExecutionNodeExecutor.visit(RelationalExecutionNodeExecutor.java:92)&#10;at org.finos.legend.engine.protocol.pure.v1.model.executionPlan.nodes.RelationalTdsInstantiationExecutionNode.accept(RelationalTdsInstantiationExecutionNode.java:22)&#10;at org.finos.legend.engine.plan.execution.stores.relational.RelationalExecutionExtension.lambda$getExtraNodeExecutors$fbe53481$1(RelationalExecutionExtension.java:50)&#10;at org.finos.legend.engine.plan.execution.nodes.ExecutionNodeExecutor.lambda$visit$0(ExecutionNodeExecutor.java:164)&#10;at java.base/java.util.stream.ReferencePipeline$3$1.accept(ReferencePipeline.java:195)&#10;at java.base/java.util.Spliterators$ArraySpliterator.tryAdvance(Spliterators.java:958)&#10;at java.base/java.util.stream.ReferencePipeline.forEachWithCancel(ReferencePipeline.java:127)&#10;at java.base/java.util.stream.AbstractPipeline.copyIntoWithCancel(AbstractPipeline.java:502)&#10;at java.base/java.util.stream.AbstractPipeline.copyInto(AbstractPipeline.java:488)&#10;at java.base/java.util.stream.AbstractPipeline.wrapAndCopyInto(AbstractPipeline.java:474)&#10;at java.base/java.util.stream.FindOps$FindOp.evaluateSequential(FindOps.java:150)&#10;at java.base/java.util.stream.AbstractPipeline.evaluate(AbstractPipeline.java:234)&#10;at java.base/java.util.stream.ReferencePipeline.findFirst(ReferencePipeline.java:543)&#10;at org.finos.legend.engine.plan.execution.nodes.ExecutionNodeExecutor.visit(ExecutionNodeExecutor.java:164)&#10;at org.finos.legend.engine.plan.execution.nodes.ExecutionNodeExecutor.visit(ExecutionNodeExecutor.java:107)&#10;at org.finos.legend.engine.protocol.pure.v1.model.executionPlan.nodes.RelationalTdsInstantiationExecutionNode.accept(RelationalTdsInstantiationExecutionNode.java:22)&#10;at org.finos.legend.engine.plan.execution.PlanExecutor.execute(PlanExecutor.java:238)&#10;at org.finos.legend.engine.plan.execution.PlanExecutor.execute(PlanExecutor.java:225)&#10;at org.finos.legend.engine.plan.execution.api.ExecutePlan.doExecutePlanLegacy(ExecutePlan.java:102)&#10;at org.finos.legend.engine.plan.execution.api.ExecutePlan.doExecutePlan(ExecutePlan.java:84)&#10;at org.finos.legend.engine.plan.execution.api.ExecutePlanLegacy.executePlan(ExecutePlanLegacy.java:56)&#10;at jdk.internal.reflect.GeneratedMethodAccessor100.invoke(Unknown Source)&#10;at java.base/jdk.internal.reflect.DelegatingMethodAccessorImpl.invoke(DelegatingMethodAccessorImpl.java:43)&#10;at java.base/java.lang.reflect.Method.invoke(Method.java:566)&#10;at org.glassfish.jersey.server.model.internal.ResourceMethodInvocationHandlerFactory$1.invoke(ResourceMethodInvocationHandlerFactory.java:81)&#10;at org.glassfish.jersey.server.model.internal.AbstractJavaResourceMethodDispatcher$1.run(AbstractJavaResourceMethodDispatcher.java:144)&#10;at org.glassfish.jersey.server.model.internal.AbstractJavaResourceMethodDispatcher.invoke(AbstractJavaResourceMethodDispatcher.java:161)&#10;at org.glassfish.jersey.server.model.internal.JavaResourceMethodDispatcherProvider$ResponseOutInvoker.doDispatch(JavaResourceMethodDispatcherProvider.java:160)&#10;at org.glassfish.jersey.server.model.internal.AbstractJavaResourceMethodDispatcher.dispatch(AbstractJavaResourceMethodDispatcher.java:99)&#10;at org.glassfish.jersey.server.model.ResourceMethodInvoker.invoke(ResourceMethodInvoker.java:389)&#10;at org.glassfish.jersey.server.model.ResourceMethodInvoker.apply(ResourceMethodInvoker.java:347)&#10;at org.glassfish.jersey.server.model.ResourceMethodInvoker.apply(ResourceMethodInvoker.java:102)&#10;at org.glassfish.jersey.server.ServerRuntime$2.run(ServerRuntime.java:326)&#10;at org.glassfish.jersey.internal.Errors$1.call(Errors.java:271)&#10;at org.glassfish.jersey.internal.Errors$1.call(Errors.java:267)&#10;at org.glassfish.jersey.internal.Errors.process(Errors.java:315)&#10;at org.glassfish.jersey.internal.Errors.process(Errors.java:297)&#10;at org.glassfish.jersey.internal.Errors.process(Errors.java:267)&#10;at org.glassfish.jersey.process.internal.RequestScope.runInScope(RequestScope.java:317)&#10;at org.glassfish.jersey.server.ServerRuntime.process(ServerRuntime.java:305)&#10;at org.glassfish.jersey.server.ApplicationHandler.handle(ApplicationHandler.java:1154)&#10;at org.glassfish.jersey.servlet.WebComponent.serviceImpl(WebComponent.java:473)&#10;at org.glassfish.jersey.servlet.WebComponent.service(WebComponent.java:427)&#10;at org.glassfish.jersey.servlet.ServletContainer.service(ServletContainer.java:388)&#10;at org.glassfish.jersey.servlet.ServletContainer.service(ServletContainer.java:341)&#10;at org.glassfish.jersey.servlet.ServletContainer.service(ServletContainer.java:228)&#10;at org.eclipse.jetty.servlet.ServletHolder.handle(ServletHolder.java:799)&#10;at org.eclipse.jetty.servlet.ServletHandler$ChainEnd.doFilter(ServletHandler.java:1631)&#10;at io.dropwizard.servlets.ThreadNameFilter.doFilter(ThreadNameFilter.java:35)&#10;at org.eclipse.jetty.servlet.FilterHolder.doFilter(FilterHolder.java:193)&#10;at org.eclipse.jetty.servlet.ServletHandler$Chain.doFilter(ServletHandler.java:1601)&#10;at io.dropwizard.jersey.filter.AllowedMethodsFilter.handle(AllowedMethodsFilter.java:45)&#10;at io.dropwizard.jersey.filter.AllowedMethodsFilter.doFilter(AllowedMethodsFilter.java:39)&#10;at org.eclipse.jetty.servlet.FilterHolder.doFilter(FilterHolder.java:193)&#10;at org.eclipse.jetty.servlet.ServletHandler$Chain.doFilter(ServletHandler.java:1601)&#10;at org.finos.legend.server.pac4j.internal.UsernameFilter.doFilter(UsernameFilter.java:51)&#10;at org.eclipse.jetty.servlet.FilterHolder.doFilter(FilterHolder.java:193)&#10;at org.eclipse.jetty.servlet.ServletHandler$Chain.doFilter(ServletHandler.java:1601)&#10;at org.pac4j.j2e.filter.SecurityFilter.lambda$internalFilter$0(SecurityFilter.java:95)&#10;at org.pac4j.core.engine.DefaultSecurityLogic.perform(DefaultSecurityLogic.java:140)&#10;at org.pac4j.j2e.filter.SecurityFilter.internalFilter(SecurityFilter.java:93)&#10;at org.pac4j.j2e.filter.AbstractConfigFilter.doFilter(AbstractConfigFilter.java:81)&#10;at org.eclipse.jetty.servlet.FilterHolder.doFilter(FilterHolder.java:193)&#10;at org.eclipse.jetty.servlet.ServletHandler$Chain.doFilter(ServletHandler.java:1601)&#10;at org.eclipse.jetty.servlet.ServletHandler.doHandle(ServletHandler.java:548)&#10;at org.eclipse.jetty.server.handler.ScopedHandler.nextHandle(ScopedHandler.java:233)&#10;at org.eclipse.jetty.server.session.SessionHandler.doHandle(SessionHandler.java:1624)&#10;at org.eclipse.jetty.server.handler.ScopedHandler.nextHandle(ScopedHandler.java:233)&#10;at org.eclipse.jetty.server.handler.ContextHandler.doHandle(ContextHandler.java:1434)&#10;at org.eclipse.jetty.server.handler.ScopedHandler.nextScope(ScopedHandler.java:188)&#10;at org.eclipse.jetty.servlet.ServletHandler.doScope(ServletHandler.java:501)&#10;at org.eclipse.jetty.server.session.SessionHandler.doScope(SessionHandler.java:1594)&#10;at org.eclipse.jetty.server.handler.ScopedHandler.nextScope(ScopedHandler.java:186)&#10;at org.eclipse.jetty.server.handler.ContextHandler.doScope(ContextHandler.java:1349)&#10;at org.eclipse.jetty.server.handler.ScopedHandler.handle(ScopedHandler.java:141)&#10;at org.eclipse.jetty.server.handler.HandlerWrapper.handle(HandlerWrapper.java:127)&#10;at com.codahale.metrics.jetty9.InstrumentedHandler.handle(InstrumentedHandler.java:313)&#10;at io.dropwizard.jetty.ContextRoutingHandler.handle(ContextRoutingHandler.java:37)&#10;at org.eclipse.jetty.server.handler.gzip.GzipHandler.handle(GzipHandler.java:713)&#10;at io.dropwizard.jetty.BiDiGzipHandler.handle(BiDiGzipHandler.java:67)&#10;at org.eclipse.jetty.server.handler.StatisticsHandler.handle(StatisticsHandler.java:179)&#10;at org.eclipse.jetty.server.handler.HandlerWrapper.handle(HandlerWrapper.java:127)&#10;at org.eclipse.jetty.server.Server.handle(Server.java:516)&#10;at org.eclipse.jetty.server.HttpChannel.lambda$handle$1(HttpChannel.java:400)&#10;at org.eclipse.jetty.server.HttpChannel.dispatch(HttpChannel.java:645)&#10;at org.eclipse.jetty.server.HttpChannel.handle(HttpChannel.java:392)&#10;at org.eclipse.jetty.server.HttpConnection.onFillable(HttpConnection.java:277)&#10;at org.eclipse.jetty.io.AbstractConnection$ReadCallback.succeeded(AbstractConnection.java:311)&#10;at org.eclipse.jetty.io.FillInterest.fillable(FillInterest.java:105)&#10;at org.eclipse.jetty.io.ChannelEndPoint$1.run(ChannelEndPoint.java:104)&#10;at org.eclipse.jetty.util.thread.strategy.EatWhatYouKill.runTask(EatWhatYouKill.java:338)&#10;at org.eclipse.jetty.util.thread.strategy.EatWhatYouKill.doProduce(EatWhatYouKill.java:315)&#10;at org.eclipse.jetty.util.thread.strategy.EatWhatYouKill.tryProduce(EatWhatYouKill.java:173)&#10;at org.eclipse.jetty.util.thread.strategy.EatWhatYouKill.run(EatWhatYouKill.java:131)&#10;at org.eclipse.jetty.util.thread.ReservedThreadExecutor$ReservedThread.run(ReservedThreadExecutor.java:409)&#10;at org.eclipse.jetty.util.thread.QueuedThreadPool.runJob(QueuedThreadPool.java:883)&#10;at org.eclipse.jetty.util.thread.QueuedThreadPool$Runner.run(QueuedThreadPool.java:1034)&#10;at java.base/java.lang.Thread.run(Thread.java:829)&#10;Caused by: net.snowflake.client.jdbc.SnowflakeSQLException: SQL compilation error:&#10;Object &apos;PERSONTABLE&apos; does not exist or not authorized.&#10;at net.snowflake.client.jdbc.SnowflakeUtil.checkErrorAndThrowExceptionSub(SnowflakeUtil.java:127)&#10;at net.snowflake.client.jdbc.SnowflakeUtil.checkErrorAndThrowException(SnowflakeUtil.java:67)&#10;at net.snowflake.client.core.StmtUtil.pollForOutput(StmtUtil.java:442)&#10;at net.snowflake.client.core.StmtUtil.execute(StmtUtil.java:345)&#10;at net.snowflake.client.core.SFStatement.executeHelper(SFStatement.java:486)&#10;at net.snowflake.client.core.SFStatement.executeQueryInternal(SFStatement.java:197)&#10;at net.snowflake.client.core.SFStatement.executeQuery(SFStatement.java:134)&#10;at net.snowflake.client.core.SFStatement.execute(SFStatement.java:743)&#10;at net.snowflake.client.core.SFStatement.execute(SFStatement.java:639)&#10;at net.snowflake.client.jdbc.SnowflakeStatementV1.executeQueryInternal(SnowflakeStatementV1.java:238)&#10;at net.snowflake.client.jdbc.SnowflakeStatementV1.executeQuery(SnowflakeStatementV1.java:133)&#10;at com.zaxxer.hikari.pool.ProxyStatement.executeQuery(ProxyStatement.java:110)&#10;at com.zaxxer.hikari.pool.HikariProxyStatement.executeQuery(HikariProxyStatement.java)&#10;at org.finos.legend.engine.plan.execution.stores.relational.result.SQLExecutionResult.&lt;init&gt;(SQLExecutionResult.java:95)&#10;... 101 more&#10;&quot;}&apos;&quot;" type="Assert failure at (resource"><![CDATA[Assert failure at (resource:/platform/pure/basics/tests/assertEq.pure line:34 column:5), "500 '{"code":-1,"message":"SnowflakeSQLException: SQL compilation error:
Object 'PERSONTABLE' does not exist or not authorized.","status":"error","trace":"java.lang.RuntimeException: net.snowflake.client.jdbc.SnowflakeSQLException: SQL compilation error:
Object 'PERSONTABLE' does not exist or not authorized.
at org.finos.legend.engine.plan.execution.stores.relational.result.SQLExecutionResult.<init>(SQLExecutionResult.java:123)
at org.finos.legend.engine.plan.execution.stores.relational.RelationalExecutor.execute(RelationalExecutor.java:241)
at org.finos.legend.engine.plan.execution.stores.relational.plugin.RelationalExecutionNodeExecutor.visit(RelationalExecutionNodeExecutor.java:238)
at org.finos.legend.engine.plan.execution.stores.relational.plugin.RelationalExecutionNodeExecutor.visit(RelationalExecutionNodeExecutor.java:252)
at org.finos.legend.engine.plan.execution.stores.relational.plugin.RelationalExecutionNodeExecutor.visit(RelationalExecutionNodeExecutor.java:92)
at org.finos.legend.engine.protocol.pure.v1.model.executionPlan.nodes.RelationalTdsInstantiationExecutionNode.accept(RelationalTdsInstantiationExecutionNode.java:22)
at org.finos.legend.engine.plan.execution.stores.relational.RelationalExecutionExtension.lambda$getExtraNodeExecutors$fbe53481$1(RelationalExecutionExtension.java:50)
at org.finos.legend.engine.plan.execution.nodes.ExecutionNodeExecutor.lambda$visit$0(ExecutionNodeExecutor.java:164)
at java.base/java.util.stream.ReferencePipeline$3$1.accept(ReferencePipeline.java:195)
at java.base/java.util.Spliterators$ArraySpliterator.tryAdvance(Spliterators.java:958)
at java.base/java.util.stream.ReferencePipeline.forEachWithCancel(ReferencePipeline.java:127)
at java.base/java.util.stream.AbstractPipeline.copyIntoWithCancel(AbstractPipeline.java:502)
at java.base/java.util.stream.AbstractPipeline.copyInto(AbstractPipeline.java:488)
at java.base/java.util.stream.AbstractPipeline.wrapAndCopyInto(AbstractPipeline.java:474)
at java.base/java.util.stream.FindOps$FindOp.evaluateSequential(FindOps.java:150)
at java.base/java.util.stream.AbstractPipeline.evaluate(AbstractPipeline.java:234)
at java.base/java.util.stream.ReferencePipeline.findFirst(ReferencePipeline.java:543)
at org.finos.legend.engine.plan.execution.nodes.ExecutionNodeExecutor.visit(ExecutionNodeExecutor.java:164)
at org.finos.legend.engine.plan.execution.nodes.ExecutionNodeExecutor.visit(ExecutionNodeExecutor.java:107)
at org.finos.legend.engine.protocol.pure.v1.model.executionPlan.nodes.RelationalTdsInstantiationExecutionNode.accept(RelationalTdsInstantiationExecutionNode.java:22)
at org.finos.legend.engine.plan.execution.PlanExecutor.execute(PlanExecutor.java:238)
at org.finos.legend.engine.plan.execution.PlanExecutor.execute(PlanExecutor.java:225)
at org.finos.legend.engine.plan.execution.api.ExecutePlan.doExecutePlanLegacy(ExecutePlan.java:102)
at org.finos.legend.engine.plan.execution.api.ExecutePlan.doExecutePlan(ExecutePlan.java:84)
at org.finos.legend.engine.plan.execution.api.ExecutePlanLegacy.executePlan(ExecutePlanLegacy.java:56)
at jdk.internal.reflect.GeneratedMethodAccessor100.invoke(Unknown Source)
at java.base/jdk.internal.reflect.DelegatingMethodAccessorImpl.invoke(DelegatingMethodAccessorImpl.java:43)
at java.base/java.lang.reflect.Method.invoke(Method.java:566)
at org.glassfish.jersey.server.model.internal.ResourceMethodInvocationHandlerFactory$1.invoke(ResourceMethodInvocationHandlerFactory.java:81)
at org.glassfish.jersey.server.model.internal.AbstractJavaResourceMethodDispatcher$1.run(AbstractJavaResourceMethodDispatcher.java:144)
at org.glassfish.jersey.server.model.internal.AbstractJavaResourceMethodDispatcher.invoke(AbstractJavaResourceMethodDispatcher.java:161)
at org.glassfish.jersey.server.model.internal.JavaResourceMethodDispatcherProvider$ResponseOutInvoker.doDispatch(JavaResourceMethodDispatcherProvider.java:160)
at org.glassfish.jersey.server.model.internal.AbstractJavaResourceMethodDispatcher.dispatch(AbstractJavaResourceMethodDispatcher.java:99)
at org.glassfish.jersey.server.model.ResourceMethodInvoker.invoke(ResourceMethodInvoker.java:389)
at org.glassfish.jersey.server.model.ResourceMethodInvoker.apply(ResourceMethodInvoker.java:347)
at org.glassfish.jersey.server.model.ResourceMethodInvoker.apply(ResourceMethodInvoker.java:102)
at org.glassfish.jersey.server.ServerRuntime$2.run(ServerRuntime.java:326)
at org.glassfish.jersey.internal.Errors$1.call(Errors.java:271)
at org.glassfish.jersey.internal.Errors$1.call(Errors.java:267)
at org.glassfish.jersey.internal.Errors.process(Errors.java:315)
at org.glassfish.jersey.internal.Errors.process(Errors.java:297)
at org.glassfish.jersey.internal.Errors.process(Errors.java:267)
at org.glassfish.jersey.process.internal.RequestScope.runInScope(RequestScope.java:317)
at org.glassfish.jersey.server.ServerRuntime.process(ServerRuntime.java:305)
at org.glassfish.jersey.server.ApplicationHandler.handle(ApplicationHandler.java:1154)
at org.glassfish.jersey.servlet.WebComponent.serviceImpl(WebComponent.java:473)
at org.glassfish.jersey.servlet.WebComponent.service(WebComponent.java:427)
at org.glassfish.jersey.servlet.ServletContainer.service(ServletContainer.java:388)
at org.glassfish.jersey.servlet.ServletContainer.service(ServletContainer.java:341)
at org.glassfish.jersey.servlet.ServletContainer.service(ServletContainer.java:228)
at org.eclipse.jetty.servlet.ServletHolder.handle(ServletHolder.java:799)
at org.eclipse.jetty.servlet.ServletHandler$ChainEnd.doFilter(ServletHandler.java:1631)
at io.dropwizard.servlets.ThreadNameFilter.doFilter(ThreadNameFilter.java:35)
at org.eclipse.jetty.servlet.FilterHolder.doFilter(FilterHolder.java:193)
at org.eclipse.jetty.servlet.ServletHandler$Chain.doFilter(ServletHandler.java:1601)
at io.dropwizard.jersey.filter.AllowedMethodsFilter.handle(AllowedMethodsFilter.java:45)
at io.dropwizard.jersey.filter.AllowedMethodsFilter.doFilter(AllowedMethodsFilter.java:39)
at org.eclipse.jetty.servlet.FilterHolder.doFilter(FilterHolder.java:193)
at org.eclipse.jetty.servlet.ServletHandler$Chain.doFilter(ServletHandler.java:1601)
at org.finos.legend.server.pac4j.internal.UsernameFilter.doFilter(UsernameFilter.java:51)
at org.eclipse.jetty.servlet.FilterHolder.doFilter(FilterHolder.java:193)
at org.eclipse.jetty.servlet.ServletHandler$Chain.doFilter(ServletHandler.java:1601)
at org.pac4j.j2e.filter.SecurityFilter.lambda$internalFilter$0(SecurityFilter.java:95)
at org.pac4j.core.engine.DefaultSecurityLogic.perform(DefaultSecurityLogic.java:140)
at org.pac4j.j2e.filter.SecurityFilter.internalFilter(SecurityFilter.java:93)
at org.pac4j.j2e.filter.AbstractConfigFilter.doFilter(AbstractConfigFilter.java:81)
at org.eclipse.jetty.servlet.FilterHolder.doFilter(FilterHolder.java:193)
at org.eclipse.jetty.servlet.ServletHandler$Chain.doFilter(ServletHandler.java:1601)
at org.eclipse.jetty.servlet.ServletHandler.doHandle(ServletHandler.java:548)
at org.eclipse.jetty.server.handler.ScopedHandler.nextHandle(ScopedHandler.java:233)
at org.eclipse.jetty.server.session.SessionHandler.doHandle(SessionHandler.java:1624)
at org.eclipse.jetty.server.handler.ScopedHandler.nextHandle(ScopedHandler.java:233)
at org.eclipse.jetty.server.handler.ContextHandler.doHandle(ContextHandler.java:1434)
at org.eclipse.jetty.server.handler.ScopedHandler.nextScope(ScopedHandler.java:188)
at org.eclipse.jetty.servlet.ServletHandler.doScope(ServletHandler.java:501)
at org.eclipse.jetty.server.session.SessionHandler.doScope(SessionHandler.java:1594)
at org.eclipse.jetty.server.handler.ScopedHandler.nextScope(ScopedHandler.java:186)
at org.eclipse.jetty.server.handler.ContextHandler.doScope(ContextHandler.java:1349)
at org.eclipse.jetty.server.handler.ScopedHandler.handle(ScopedHandler.java:141)
at org.eclipse.jetty.server.handler.HandlerWrapper.handle(HandlerWrapper.java:127)
at com.codahale.metrics.jetty9.InstrumentedHandler.handle(InstrumentedHandler.java:313)
at io.dropwizard.jetty.ContextRoutingHandler.handle(ContextRoutingHandler.java:37)
at org.eclipse.jetty.server.handler.gzip.GzipHandler.handle(GzipHandler.java:713)
at io.dropwizard.jetty.BiDiGzipHandler.handle(BiDiGzipHandler.java:67)
at org.eclipse.jetty.server.handler.StatisticsHandler.handle(StatisticsHandler.java:179)
at org.eclipse.jetty.server.handler.HandlerWrapper.handle(HandlerWrapper.java:127)
at org.eclipse.jetty.server.Server.handle(Server.java:516)
at org.eclipse.jetty.server.HttpChannel.lambda$handle$1(HttpChannel.java:400)
at org.eclipse.jetty.server.HttpChannel.dispatch(HttpChannel.java:645)
at org.eclipse.jetty.server.HttpChannel.handle(HttpChannel.java:392)
at org.eclipse.jetty.server.HttpConnection.onFillable(HttpConnection.java:277)
at org.eclipse.jetty.io.AbstractConnection$ReadCallback.succeeded(AbstractConnection.java:311)
at org.eclipse.jetty.io.FillInterest.fillable(FillInterest.java:105)
at org.eclipse.jetty.io.ChannelEndPoint$1.run(ChannelEndPoint.java:104)
at org.eclipse.jetty.util.thread.strategy.EatWhatYouKill.runTask(EatWhatYouKill.java:338)
at org.eclipse.jetty.util.thread.strategy.EatWhatYouKill.doProduce(EatWhatYouKill.java:315)
at org.eclipse.jetty.util.thread.strategy.EatWhatYouKill.tryProduce(EatWhatYouKill.java:173)
at org.eclipse.jetty.util.thread.strategy.EatWhatYouKill.run(EatWhatYouKill.java:131)
at org.eclipse.jetty.util.thread.ReservedThreadExecutor$ReservedThread.run(ReservedThreadExecutor.java:409)
at org.eclipse.jetty.util.thread.QueuedThreadPool.runJob(QueuedThreadPool.java:883)
at org.eclipse.jetty.util.thread.QueuedThreadPool$Runner.run(QueuedThreadPool.java:1034)
at java.base/java.lang.Thread.run(Thread.java:829)
Caused by: net.snowflake.client.jdbc.SnowflakeSQLException: SQL compilation error:
Object 'PERSONTABLE' does not exist or not authorized.
at net.snowflake.client.jdbc.SnowflakeUtil.checkErrorAndThrowExceptionSub(SnowflakeUtil.java:127)
at net.snowflake.client.jdbc.SnowflakeUtil.checkErrorAndThrowException(SnowflakeUtil.java:67)
at net.snowflake.client.core.StmtUtil.pollForOutput(StmtUtil.java:442)
at net.snowflake.client.core.StmtUtil.execute(StmtUtil.java:345)
at net.snowflake.client.core.SFStatement.executeHelper(SFStatement.java:486)
at net.snowflake.client.core.SFStatement.executeQueryInternal(SFStatement.java:197)
at net.snowflake.client.core.SFStatement.executeQuery(SFStatement.java:134)
at net.snowflake.client.core.SFStatement.execute(SFStatement.java:743)
at net.snowflake.client.core.SFStatement.execute(SFStatement.java:639)
at net.snowflake.client.jdbc.SnowflakeStatementV1.executeQueryInternal(SnowflakeStatementV1.java:238)
at net.snowflake.client.jdbc.SnowflakeStatementV1.executeQuery(SnowflakeStatementV1.java:133)
at com.zaxxer.hikari.pool.ProxyStatement.executeQuery(ProxyStatement.java:110)
at com.zaxxer.hikari.pool.HikariProxyStatement.executeQuery(HikariProxyStatement.java)
at org.finos.legend.engine.plan.execution.stores.relational.result.SQLExecutionResult.<init>(SQLExecutionResult.java:95)
... 101 more
"}'"
	at org.finos.legend.pure.runtime.java.compiled.generation.processors.support.CompiledSupport.pureAssert(CompiledSupport.java:1994)
	at org.finos.legend.pure.generated.platform_pure_basics_tests_assertEq.Root_meta_pure_functions_asserts_assertEq_Any_1__Any_1__Function_1__Boolean_1_(platform_pure_basics_tests_assertEq.java:44)
	at org.finos.legend.pure.generated.core_pure_protocol_vX_X_X_invocations_execution.Root_meta_protocols_pure_vX_X_X_invocation_execution_execute_executePlan_String_1__String_1__Integer_1__String_1_(core_pure_protocol_vX_X_X_invocations_execution.java:751)
	at org.finos.legend.pure.generated.core_pure_protocol_vX_X_X_invocations_execution.Root_meta_protocols_pure_vX_X_X_invocation_execution_execute_executePlan_ExecutionPlan_1__String_1__Integer_1__Extension_MANY__String_1_(core_pure_protocol_vX_X_X_invocations_execution.java:745)
	at org.finos.legend.pure.generated.core_pure_protocol_vX_X_X_invocations_execution.Root_meta_protocols_pure_vX_X_X_invocation_execution_execute_executePlan_ExecutionPlan_1__ExecutionContext_$0_1$__String_1__Integer_1__Extension_MANY__Result_1_(core_pure_protocol_vX_X_X_invocations_execution.java:738)
	at jdk.internal.reflect.GeneratedMethodAccessor96.invoke(Unknown Source)
	at java.base/jdk.internal.reflect.DelegatingMethodAccessorImpl.invoke(DelegatingMethodAccessorImpl.java:43)
	at java.base/java.lang.reflect.Method.invoke(Method.java:566)
	at org.finos.legend.pure.runtime.java.compiled.metadata.JavaMethodWithParamsSharedPureFunction.execute(JavaMethodWithParamsSharedPureFunction.java:59)
	at org.finos.legend.pure.runtime.java.compiled.generation.processors.support.Pure._evaluateToMany(Pure.java:546)
	at org.finos.legend.pure.generated.CoreGen.evaluateToMany(CoreGen.java:147)
	at org.finos.legend.pure.generated.CoreGen.evaluateToMany(CoreGen.java:134)
	at org.finos.legend.pure.generated.core_pure_router_router_entry$9$1.value(core_pure_router_router_entry.java:318)
	at org.finos.legend.pure.generated.core_pure_router_router_entry$9$1.execute(core_pure_router_router_entry.java:311)
	at org.finos.legend.pure.generated.core_pure_router_router_entry$9$1.execute(core_pure_router_router_entry.java:307)
	at org.finos.legend.pure.runtime.java.compiled.generation.processors.support.Pure.evaluate(Pure.java:485)
	at org.finos.legend.pure.runtime.java.compiled.generation.processors.support.Pure.legendTest(Pure.java:216)
	at org.finos.legend.pure.generated.CoreGen.legendTest(CoreGen.java:61)
	at org.finos.legend.pure.generated.core_pure_router_router_entry$9.valueOf(core_pure_router_router_entry.java:303)
	at org.finos.legend.pure.generated.core_pure_router_router_entry$9.execute(core_pure_router_router_entry.java:298)
	at org.finos.legend.pure.generated.core_pure_router_router_entry$9.execute(core_pure_router_router_entry.java:294)
	at org.finos.legend.pure.runtime.java.compiled.generation.processors.support.Pure.evaluate(Pure.java:485)
	at org.finos.legend.pure.runtime.java.compiled.generation.processors.support.Pure.traceSpan(Pure.java:1482)
	at org.finos.legend.pure.generated.CoreGen.traceSpan(CoreGen.java:203)
	at org.finos.legend.pure.generated.core_pure_router_router_entry.Root_meta_pure_router_executePlan_ExecutionPlan_1__ExecutionContext_1__Extension_MANY__Result_$0_1$_(core_pure_router_router_entry.java:290)
	at org.finos.legend.pure.generated.core_pure_router_router_entry.Root_meta_pure_router_executePlan_ExecutionPlan_1__Extension_MANY__Result_$0_1$_(core_pure_router_router_entry.java:285)
	at org.finos.legend.pure.generated.core_relational_relational_sqlQueryToString_dbTestRunner_executionPlanTestRunner$19.execute(core_relational_relational_sqlQueryToString_dbTestRunner_executionPlanTestRunner.java:305)
	at org.finos.legend.pure.generated.core_relational_relational_sqlQueryToString_dbTestRunner_executionPlanTestRunner.Root_meta_relational_dbTestRunner_executeViaPlan_FunctionDefinition_1__Mapping_1__Database_1__DbTestConfig_1__Extension_MANY__Result_$0_1$_(core_relational_relational_sqlQueryToString_dbTestRunner_executionPlanTestRunner.java:309)
	at org.finos.legend.pure.generated.core_relational_relational_sqlQueryToString_testSuite_selectSubClauses_range.Root_meta_relational_tests_dbSpecificTests_sqlQueryTests_selectSubClauses_drop_testDropLimitByVendor_DbTestConfig_1__Boolean_1_(core_relational_relational_sqlQueryToString_testSuite_selectSubClauses_range.java:782)
	at java.base/jdk.internal.reflect.NativeMethodAccessorImpl.invoke0(Native Method)
	at java.base/jdk.internal.reflect.NativeMethodAccessorImpl.invoke(NativeMethodAccessorImpl.java:62)
	at java.base/jdk.internal.reflect.DelegatingMethodAccessorImpl.invoke(DelegatingMethodAccessorImpl.java:43)
	at java.base/java.lang.reflect.Method.invoke(Method.java:566)
	at org.finos.legend.pure.runtime.java.compiled.testHelper.PureTestBuilderCompiled.executeFn(PureTestBuilderCompiled.java:113)
	at org.finos.legend.pure.runtime.java.compiled.testHelper.PureTestBuilderCompiled.lambda$buildSuite$0(PureTestBuilderCompiled.java:79)
	at org.finos.legend.pure.m3.execution.test.PureTestBuilder$PureTestCase.runTest(PureTestBuilder.java:95)
	at junit.framework.TestCase.runBare(TestCase.java:142)
	at org.finos.legend.engine.server.test.shared.Relational_DbSpecific_UsingPureClientTestSuite$2.runTest(Relational_DbSpecific_UsingPureClientTestSuite.java:90)
	at junit.framework.TestCase.runBare(TestCase.java:142)
	at junit.framework.TestResult$1.protect(TestResult.java:122)
	at junit.framework.TestResult.runProtected(TestResult.java:142)
	at junit.framework.TestResult.run(TestResult.java:125)
	at junit.framework.TestCase.run(TestCase.java:130)
	at junit.framework.TestSuite.runTest(TestSuite.java:241)
	at junit.framework.TestSuite.run(TestSuite.java:236)
	at junit.framework.TestSuite.runTest(TestSuite.java:241)
	at junit.framework.TestSuite.run(TestSuite.java:236)
	at junit.framework.TestSuite.runTest(TestSuite.java:241)
	at junit.framework.TestSuite.run(TestSuite.java:236)
	at junit.framework.TestSuite.runTest(TestSuite.java:241)
	at junit.framework.TestSuite.run(TestSuite.java:236)
	at junit.framework.TestSuite.runTest(TestSuite.java:241)
	at junit.framework.TestSuite.run(TestSuite.java:236)
	at junit.extensions.TestDecorator.basicRun(TestDecorator.java:24)
	at junit.extensions.TestSetup$1.protect(TestSetup.java:23)
	at junit.framework.TestResult.runProtected(TestResult.java:142)
	at junit.extensions.TestSetup.run(TestSetup.java:27)
	at org.junit.internal.runners.JUnit38ClassRunner.run(JUnit38ClassRunner.java:90)
	at org.apache.maven.surefire.junit4.JUnit4Provider.execute(JUnit4Provider.java:365)
	at org.apache.maven.surefire.junit4.JUnit4Provider.executeWithRerun(JUnit4Provider.java:273)
	at org.apache.maven.surefire.junit4.JUnit4Provider.executeTestSet(JUnit4Provider.java:238)
	at org.apache.maven.surefire.junit4.JUnit4Provider.invoke(JUnit4Provider.java:159)
	at org.apache.maven.surefire.booter.ForkedBooter.invokeProviderInSameClassLoader(ForkedBooter.java:384)
	at org.apache.maven.surefire.booter.ForkedBooter.runSuitesInProcess(ForkedBooter.java:345)
	at org.apache.maven.surefire.booter.ForkedBooter.execute(ForkedBooter.java:126)
	at org.apache.maven.surefire.booter.ForkedBooter.main(ForkedBooter.java:418)
]]></error>
    <system-out><![CDATA[Running db test selectSubClauses::drop::testDropLimitByVendor
{"duration":0.0,"eventType":"EXECUTION_PLAN_EXEC_ERROR","info":{"code":-1,"message":"SnowflakeSQLException: SQL compilation error:\nObject 'PERSONTABLE' does not exist or not authorized.","status":"error","trace":"java.lang.RuntimeException: net.snowflake.client.jdbc.SnowflakeSQLException: SQL compilation error:\nObject 'PERSONTABLE' does not exist or not authorized.\n\tat org.finos.legend.engine.plan.execution.stores.relational.result.SQLExecutionResult.<init>(SQLExecutionResult.java:123)\n\tat org.finos.legend.engine.plan.execution.stores.relational.RelationalExecutor.execute(RelationalExecutor.java:241)\n\tat org.finos.legend.engine.plan.execution.stores.relational.plugin.RelationalExecutionNodeExecutor.visit(RelationalExecutionNodeExecutor.java:238)\n\tat org.finos.legend.engine.plan.execution.stores.relational.plugin.RelationalExecutionNodeExecutor.visit(RelationalExecutionNodeExecutor.java:252)\n\tat org.finos.legend.engine.plan.execution.stores.relational.plugin.RelationalExecutionNodeExecutor.visit(RelationalExecutionNodeExecutor.java:92)\n\tat org.finos.legend.engine.protocol.pure.v1.model.executionPlan.nodes.RelationalTdsInstantiationExecutionNode.accept(RelationalTdsInstantiationExecutionNode.java:22)\n\tat org.finos.legend.engine.plan.execution.stores.relational.RelationalExecutionExtension.lambda$getExtraNodeExecutors$fbe53481$1(RelationalExecutionExtension.java:50)\n\tat org.finos.legend.engine.plan.execution.nodes.ExecutionNodeExecutor.lambda$visit$0(ExecutionNodeExecutor.java:164)\n\tat java.base/java.util.stream.ReferencePipeline$3$1.accept(ReferencePipeline.java:195)\n\tat java.base/java.util.Spliterators$ArraySpliterator.tryAdvance(Spliterators.java:958)\n\tat java.base/java.util.stream.ReferencePipeline.forEachWithCancel(ReferencePipeline.java:127)\n\tat java.base/java.util.stream.AbstractPipeline.copyIntoWithCancel(AbstractPipeline.java:502)\n\tat java.base/java.util.stream.AbstractPipeline.copyInto(AbstractPipeline.java:488)\n\tat java.base/java.util.stream.AbstractPipeline.wrapAndCopyInto(AbstractPipeline.java:474)\n\tat java.base/java.util.stream.FindOps$FindOp.evaluateSequential(FindOps.java:150)\n\tat java.base/java.util.stream.AbstractPipeline.evaluate(AbstractPipeline.java:234)\n\tat java.base/java.util.stream.ReferencePipeline.findFirst(ReferencePipeline.java:543)\n\tat org.finos.legend.engine.plan.execution.nodes.ExecutionNodeExecutor.visit(ExecutionNodeExecutor.java:164)\n\tat org.finos.legend.engine.plan.execution.nodes.ExecutionNodeExecutor.visit(ExecutionNodeExecutor.java:107)\n\tat org.finos.legend.engine.protocol.pure.v1.model.executionPlan.nodes.RelationalTdsInstantiationExecutionNode.accept(RelationalTdsInstantiationExecutionNode.java:22)\n\tat org.finos.legend.engine.plan.execution.PlanExecutor.execute(PlanExecutor.java:238)\n\tat org.finos.legend.engine.plan.execution.PlanExecutor.execute(PlanExecutor.java:225)\n\tat org.finos.legend.engine.plan.execution.api.ExecutePlan.doExecutePlanLegacy(ExecutePlan.java:102)\n\tat org.finos.legend.engine.plan.execution.api.ExecutePlan.doExecutePlan(ExecutePlan.java:84)\n\tat org.finos.legend.engine.plan.execution.api.ExecutePlanLegacy.executePlan(ExecutePlanLegacy.java:56)\n\tat jdk.internal.reflect.GeneratedMethodAccessor100.invoke(Unknown Source)\n\tat java.base/jdk.internal.reflect.DelegatingMethodAccessorImpl.invoke(DelegatingMethodAccessorImpl.java:43)\n\tat java.base/java.lang.reflect.Method.invoke(Method.java:566)\n\tat org.glassfish.jersey.server.model.internal.ResourceMethodInvocationHandlerFactory$1.invoke(ResourceMethodInvocationHandlerFactory.java:81)\n\tat org.glassfish.jersey.server.model.internal.AbstractJavaResourceMethodDispatcher$1.run(AbstractJavaResourceMethodDispatcher.java:144)\n\tat org.glassfish.jersey.server.model.internal.AbstractJavaResourceMethodDispatcher.invoke(AbstractJavaResourceMethodDispatcher.java:161)\n\tat org.glassfish.jersey.server.model.internal.JavaResourceMethodDispatcherProvider$ResponseOutInvoker.doDispatch(JavaResourceMethodDispatcherProvider.java:160)\n\tat org.glassfish.jersey.server.model.internal.AbstractJavaResourceMethodDispatcher.dispatch(AbstractJavaResourceMethodDispatcher.java:99)\n\tat org.glassfish.jersey.server.model.ResourceMethodInvoker.invoke(ResourceMethodInvoker.java:389)\n\tat org.glassfish.jersey.server.model.ResourceMethodInvoker.apply(ResourceMethodInvoker.java:347)\n\tat org.glassfish.jersey.server.model.ResourceMethodInvoker.apply(ResourceMethodInvoker.java:102)\n\tat org.glassfish.jersey.server.ServerRuntime$2.run(ServerRuntime.java:326)\n\tat org.glassfish.jersey.internal.Errors$1.call(Errors.java:271)\n\tat org.glassfish.jersey.internal.Errors$1.call(Errors.java:267)\n\tat org.glassfish.jersey.internal.Errors.process(Errors.java:315)\n\tat org.glassfish.jersey.internal.Errors.process(Errors.java:297)\n\tat org.glassfish.jersey.internal.Errors.process(Errors.java:267)\n\tat org.glassfish.jersey.process.internal.RequestScope.runInScope(RequestScope.java:317)\n\tat org.glassfish.jersey.server.ServerRuntime.process(ServerRuntime.java:305)\n\tat org.glassfish.jersey.server.ApplicationHandler.handle(ApplicationHandler.java:1154)\n\tat org.glassfish.jersey.servlet.WebComponent.serviceImpl(WebComponent.java:473)\n\tat org.glassfish.jersey.servlet.WebComponent.service(WebComponent.java:427)\n\tat org.glassfish.jersey.servlet.ServletContainer.service(ServletContainer.java:388)\n\tat org.glassfish.jersey.servlet.ServletContainer.service(ServletContainer.java:341)\n\tat org.glassfish.jersey.servlet.ServletContainer.service(ServletContainer.java:228)\n\tat org.eclipse.jetty.servlet.ServletHolder.handle(ServletHolder.java:799)\n\tat org.eclipse.jetty.servlet.ServletHandler$ChainEnd.doFilter(ServletHandler.java:1631)\n\tat io.dropwizard.servlets.ThreadNameFilter.doFilter(ThreadNameFilter.java:35)\n\tat org.eclipse.jetty.servlet.FilterHolder.doFilter(FilterHolder.java:193)\n\tat org.eclipse.jetty.servlet.ServletHandler$Chain.doFilter(ServletHandler.java:1601)\n\tat io.dropwizard.jersey.filter.AllowedMethodsFilter.handle(AllowedMethodsFilter.java:45)\n\tat io.dropwizard.jersey.filter.AllowedMethodsFilter.doFilter(AllowedMethodsFilter.java:39)\n\tat org.eclipse.jetty.servlet.FilterHolder.doFilter(FilterHolder.java:193)\n\tat org.eclipse.jetty.servlet.ServletHandler$Chain.doFilter(ServletHandler.java:1601)\n\tat org.finos.legend.server.pac4j.internal.UsernameFilter.doFilter(UsernameFilter.java:51)\n\tat org.eclipse.jetty.servlet.FilterHolder.doFilter(FilterHolder.java:193)\n\tat org.eclipse.jetty.servlet.ServletHandler$Chain.doFilter(ServletHandler.java:1601)\n\tat org.pac4j.j2e.filter.SecurityFilter.lambda$internalFilter$0(SecurityFilter.java:95)\n\tat org.pac4j.core.engine.DefaultSecurityLogic.perform(DefaultSecurityLogic.java:140)\n\tat org.pac4j.j2e.filter.SecurityFilter.internalFilter(SecurityFilter.java:93)\n\tat org.pac4j.j2e.filter.AbstractConfigFilter.doFilter(AbstractConfigFilter.java:81)\n\tat org.eclipse.jetty.servlet.FilterHolder.doFilter(FilterHolder.java:193)\n\tat org.eclipse.jetty.servlet.ServletHandler$Chain.doFilter(ServletHandler.java:1601)\n\tat org.eclipse.jetty.servlet.ServletHandler.doHandle(ServletHandler.java:548)\n\tat org.eclipse.jetty.server.handler.ScopedHandler.nextHandle(ScopedHandler.java:233)\n\tat org.eclipse.jetty.server.session.SessionHandler.doHandle(SessionHandler.java:1624)\n\tat org.eclipse.jetty.server.handler.ScopedHandler.nextHandle(ScopedHandler.java:233)\n\tat org.eclipse.jetty.server.handler.ContextHandler.doHandle(ContextHandler.java:1434)\n\tat org.eclipse.jetty.server.handler.ScopedHandler.nextScope(ScopedHandler.java:188)\n\tat org.eclipse.jetty.servlet.ServletHandler.doScope(ServletHandler.java:501)\n\tat org.eclipse.jetty.server.session.SessionHandler.doScope(SessionHandler.java:1594)\n\tat org.eclipse.jetty.server.handler.ScopedHandler.nextScope(ScopedHandler.java:186)\n\tat org.eclipse.jetty.server.handler.ContextHandler.doScope(ContextHandler.java:1349)\n\tat org.eclipse.jetty.server.handler.ScopedHandler.handle(ScopedHandler.java:141)\n\tat org.eclipse.jetty.server.handler.HandlerWrapper.handle(HandlerWrapper.java:127)\n\tat com.codahale.metrics.jetty9.InstrumentedHandler.handle(InstrumentedHandler.java:313)\n\tat io.dropwizard.jetty.ContextRoutingHandler.handle(ContextRoutingHandler.java:37)\n\tat org.eclipse.jetty.server.handler.gzip.GzipHandler.handle(GzipHandler.java:713)\n\tat io.dropwizard.jetty.BiDiGzipHandler.handle(BiDiGzipHandler.java:67)\n\tat org.eclipse.jetty.server.handler.StatisticsHandler.handle(StatisticsHandler.java:179)\n\tat org.eclipse.jetty.server.handler.HandlerWrapper.handle(HandlerWrapper.java:127)\n\tat org.eclipse.jetty.server.Server.handle(Server.java:516)\n\tat org.eclipse.jetty.server.HttpChannel.lambda$handle$1(HttpChannel.java:400)\n\tat org.eclipse.jetty.server.HttpChannel.dispatch(HttpChannel.java:645)\n\tat org.eclipse.jetty.server.HttpChannel.handle(HttpChannel.java:392)\n\tat org.eclipse.jetty.server.HttpConnection.onFillable(HttpConnection.java:277)\n\tat org.eclipse.jetty.io.AbstractConnection$ReadCallback.succeeded(AbstractConnection.java:311)\n\tat org.eclipse.jetty.io.FillInterest.fillable(FillInterest.java:105)\n\tat org.eclipse.jetty.io.ChannelEndPoint$1.run(ChannelEndPoint.java:104)\n\tat org.eclipse.jetty.util.thread.strategy.EatWhatYouKill.runTask(EatWhatYouKill.java:338)\n\tat org.eclipse.jetty.util.thread.strategy.EatWhatYouKill.doProduce(EatWhatYouKill.java:315)\n\tat org.eclipse.jetty.util.thread.strategy.EatWhatYouKill.tryProduce(EatWhatYouKill.java:173)\n\tat org.eclipse.jetty.util.thread.strategy.EatWhatYouKill.run(EatWhatYouKill.java:131)\n\tat org.eclipse.jetty.util.thread.ReservedThreadExecutor$ReservedThread.run(ReservedThreadExecutor.java:409)\n\tat org.eclipse.jetty.util.thread.QueuedThreadPool.runJob(QueuedThreadPool.java:883)\n\tat org.eclipse.jetty.util.thread.QueuedThreadPool$Runner.run(QueuedThreadPool.java:1034)\n\tat java.base/java.lang.Thread.run(Thread.java:829)\nCaused by: net.snowflake.client.jdbc.SnowflakeSQLException: SQL compilation error:\nObject 'PERSONTABLE' does not exist or not authorized.\n\tat net.snowflake.client.jdbc.SnowflakeUtil.checkErrorAndThrowExceptionSub(SnowflakeUtil.java:127)\n\tat net.snowflake.client.jdbc.SnowflakeUtil.checkErrorAndThrowException(SnowflakeUtil.java:67)\n\tat net.snowflake.client.core.StmtUtil.pollForOutput(StmtUtil.java:442)\n\tat net.snowflake.client.core.StmtUtil.execute(StmtUtil.java:345)\n\tat net.snowflake.client.core.SFStatement.executeHelper(SFStatement.java:486)\n\tat net.snowflake.client.core.SFStatement.executeQueryInternal(SFStatement.java:197)\n\tat net.snowflake.client.core.SFStatement.executeQuery(SFStatement.java:134)\n\tat net.snowflake.client.core.SFStatement.execute(SFStatement.java:743)\n\tat net.snowflake.client.core.SFStatement.execute(SFStatement.java:639)\n\tat net.snowflake.client.jdbc.SnowflakeStatementV1.executeQueryInternal(SnowflakeStatementV1.java:238)\n\tat net.snowflake.client.jdbc.SnowflakeStatementV1.executeQuery(SnowflakeStatementV1.java:133)\n\tat com.zaxxer.hikari.pool.ProxyStatement.executeQuery(ProxyStatement.java:110)\n\tat com.zaxxer.hikari.pool.HikariProxyStatement.executeQuery(HikariProxyStatement.java)\n\tat org.finos.legend.engine.plan.execution.stores.relational.result.SQLExecutionResult.<init>(SQLExecutionResult.java:95)\n\t... 101 more\n"},"mode":"DEV","timeStamp":"2023-02-23 01:31:32.429","user":"_UNKNOWN_"}
| **selectSubClauses::drop::testDropLimitByVendor** | failing :x: |
]]></system-out>
  </testcase>
  <testcase name="testSimpleDrop[Snowflake]" classname="org.finos.legend.engine.server.test.shared.Relational_DbSpecific_UsingPureClientTestSuite$2" time="2.167">
    <error message="Assert failure at (resource:/platform/pure/basics/tests/assertEq.pure line:34 column:5), &quot;500 &apos;{&quot;code&quot;:-1,&quot;message&quot;:&quot;SnowflakeSQLException: SQL compilation error:&#10;Object &apos;PERSONTABLE&apos; does not exist or not authorized.&quot;,&quot;status&quot;:&quot;error&quot;,&quot;trace&quot;:&quot;java.lang.RuntimeException: net.snowflake.client.jdbc.SnowflakeSQLException: SQL compilation error:&#10;Object &apos;PERSONTABLE&apos; does not exist or not authorized.&#10;at org.finos.legend.engine.plan.execution.stores.relational.result.SQLExecutionResult.&lt;init&gt;(SQLExecutionResult.java:123)&#10;at org.finos.legend.engine.plan.execution.stores.relational.RelationalExecutor.execute(RelationalExecutor.java:241)&#10;at org.finos.legend.engine.plan.execution.stores.relational.plugin.RelationalExecutionNodeExecutor.visit(RelationalExecutionNodeExecutor.java:238)&#10;at org.finos.legend.engine.plan.execution.stores.relational.plugin.RelationalExecutionNodeExecutor.visit(RelationalExecutionNodeExecutor.java:292)&#10;at org.finos.legend.engine.plan.execution.stores.relational.plugin.RelationalExecutionNodeExecutor.visit(RelationalExecutionNodeExecutor.java:92)&#10;at org.finos.legend.engine.protocol.pure.v1.model.executionPlan.nodes.RelationalClassInstantiationExecutionNode.accept(RelationalClassInstantiationExecutionNode.java:22)&#10;at org.finos.legend.engine.plan.execution.stores.relational.RelationalExecutionExtension.lambda$getExtraNodeExecutors$fbe53481$1(RelationalExecutionExtension.java:50)&#10;at org.finos.legend.engine.plan.execution.nodes.ExecutionNodeExecutor.lambda$visit$0(ExecutionNodeExecutor.java:164)&#10;at java.base/java.util.stream.ReferencePipeline$3$1.accept(ReferencePipeline.java:195)&#10;at java.base/java.util.Spliterators$ArraySpliterator.tryAdvance(Spliterators.java:958)&#10;at java.base/java.util.stream.ReferencePipeline.forEachWithCancel(ReferencePipeline.java:127)&#10;at java.base/java.util.stream.AbstractPipeline.copyIntoWithCancel(AbstractPipeline.java:502)&#10;at java.base/java.util.stream.AbstractPipeline.copyInto(AbstractPipeline.java:488)&#10;at java.base/java.util.stream.AbstractPipeline.wrapAndCopyInto(AbstractPipeline.java:474)&#10;at java.base/java.util.stream.FindOps$FindOp.evaluateSequential(FindOps.java:150)&#10;at java.base/java.util.stream.AbstractPipeline.evaluate(AbstractPipeline.java:234)&#10;at java.base/java.util.stream.ReferencePipeline.findFirst(ReferencePipeline.java:543)&#10;at org.finos.legend.engine.plan.execution.nodes.ExecutionNodeExecutor.visit(ExecutionNodeExecutor.java:164)&#10;at org.finos.legend.engine.plan.execution.nodes.ExecutionNodeExecutor.visit(ExecutionNodeExecutor.java:107)&#10;at org.finos.legend.engine.protocol.pure.v1.model.executionPlan.nodes.RelationalClassInstantiationExecutionNode.accept(RelationalClassInstantiationExecutionNode.java:22)&#10;at org.finos.legend.engine.plan.execution.PlanExecutor.execute(PlanExecutor.java:238)&#10;at org.finos.legend.engine.plan.execution.PlanExecutor.execute(PlanExecutor.java:225)&#10;at org.finos.legend.engine.plan.execution.api.ExecutePlan.doExecutePlanLegacy(ExecutePlan.java:102)&#10;at org.finos.legend.engine.plan.execution.api.ExecutePlan.doExecutePlan(ExecutePlan.java:84)&#10;at org.finos.legend.engine.plan.execution.api.ExecutePlanLegacy.executePlan(ExecutePlanLegacy.java:56)&#10;at jdk.internal.reflect.GeneratedMethodAccessor100.invoke(Unknown Source)&#10;at java.base/jdk.internal.reflect.DelegatingMethodAccessorImpl.invoke(DelegatingMethodAccessorImpl.java:43)&#10;at java.base/java.lang.reflect.Method.invoke(Method.java:566)&#10;at org.glassfish.jersey.server.model.internal.ResourceMethodInvocationHandlerFactory$1.invoke(ResourceMethodInvocationHandlerFactory.java:81)&#10;at org.glassfish.jersey.server.model.internal.AbstractJavaResourceMethodDispatcher$1.run(AbstractJavaResourceMethodDispatcher.java:144)&#10;at org.glassfish.jersey.server.model.internal.AbstractJavaResourceMethodDispatcher.invoke(AbstractJavaResourceMethodDispatcher.java:161)&#10;at org.glassfish.jersey.server.model.internal.JavaResourceMethodDispatcherProvider$ResponseOutInvoker.doDispatch(JavaResourceMethodDispatcherProvider.java:160)&#10;at org.glassfish.jersey.server.model.internal.AbstractJavaResourceMethodDispatcher.dispatch(AbstractJavaResourceMethodDispatcher.java:99)&#10;at org.glassfish.jersey.server.model.ResourceMethodInvoker.invoke(ResourceMethodInvoker.java:389)&#10;at org.glassfish.jersey.server.model.ResourceMethodInvoker.apply(ResourceMethodInvoker.java:347)&#10;at org.glassfish.jersey.server.model.ResourceMethodInvoker.apply(ResourceMethodInvoker.java:102)&#10;at org.glassfish.jersey.server.ServerRuntime$2.run(ServerRuntime.java:326)&#10;at org.glassfish.jersey.internal.Errors$1.call(Errors.java:271)&#10;at org.glassfish.jersey.internal.Errors$1.call(Errors.java:267)&#10;at org.glassfish.jersey.internal.Errors.process(Errors.java:315)&#10;at org.glassfish.jersey.internal.Errors.process(Errors.java:297)&#10;at org.glassfish.jersey.internal.Errors.process(Errors.java:267)&#10;at org.glassfish.jersey.process.internal.RequestScope.runInScope(RequestScope.java:317)&#10;at org.glassfish.jersey.server.ServerRuntime.process(ServerRuntime.java:305)&#10;at org.glassfish.jersey.server.ApplicationHandler.handle(ApplicationHandler.java:1154)&#10;at org.glassfish.jersey.servlet.WebComponent.serviceImpl(WebComponent.java:473)&#10;at org.glassfish.jersey.servlet.WebComponent.service(WebComponent.java:427)&#10;at org.glassfish.jersey.servlet.ServletContainer.service(ServletContainer.java:388)&#10;at org.glassfish.jersey.servlet.ServletContainer.service(ServletContainer.java:341)&#10;at org.glassfish.jersey.servlet.ServletContainer.service(ServletContainer.java:228)&#10;at org.eclipse.jetty.servlet.ServletHolder.handle(ServletHolder.java:799)&#10;at org.eclipse.jetty.servlet.ServletHandler$ChainEnd.doFilter(ServletHandler.java:1631)&#10;at io.dropwizard.servlets.ThreadNameFilter.doFilter(ThreadNameFilter.java:35)&#10;at org.eclipse.jetty.servlet.FilterHolder.doFilter(FilterHolder.java:193)&#10;at org.eclipse.jetty.servlet.ServletHandler$Chain.doFilter(ServletHandler.java:1601)&#10;at io.dropwizard.jersey.filter.AllowedMethodsFilter.handle(AllowedMethodsFilter.java:45)&#10;at io.dropwizard.jersey.filter.AllowedMethodsFilter.doFilter(AllowedMethodsFilter.java:39)&#10;at org.eclipse.jetty.servlet.FilterHolder.doFilter(FilterHolder.java:193)&#10;at org.eclipse.jetty.servlet.ServletHandler$Chain.doFilter(ServletHandler.java:1601)&#10;at org.finos.legend.server.pac4j.internal.UsernameFilter.doFilter(UsernameFilter.java:51)&#10;at org.eclipse.jetty.servlet.FilterHolder.doFilter(FilterHolder.java:193)&#10;at org.eclipse.jetty.servlet.ServletHandler$Chain.doFilter(ServletHandler.java:1601)&#10;at org.pac4j.j2e.filter.SecurityFilter.lambda$internalFilter$0(SecurityFilter.java:95)&#10;at org.pac4j.core.engine.DefaultSecurityLogic.perform(DefaultSecurityLogic.java:140)&#10;at org.pac4j.j2e.filter.SecurityFilter.internalFilter(SecurityFilter.java:93)&#10;at org.pac4j.j2e.filter.AbstractConfigFilter.doFilter(AbstractConfigFilter.java:81)&#10;at org.eclipse.jetty.servlet.FilterHolder.doFilter(FilterHolder.java:193)&#10;at org.eclipse.jetty.servlet.ServletHandler$Chain.doFilter(ServletHandler.java:1601)&#10;at org.eclipse.jetty.servlet.ServletHandler.doHandle(ServletHandler.java:548)&#10;at org.eclipse.jetty.server.handler.ScopedHandler.nextHandle(ScopedHandler.java:233)&#10;at org.eclipse.jetty.server.session.SessionHandler.doHandle(SessionHandler.java:1624)&#10;at org.eclipse.jetty.server.handler.ScopedHandler.nextHandle(ScopedHandler.java:233)&#10;at org.eclipse.jetty.server.handler.ContextHandler.doHandle(ContextHandler.java:1434)&#10;at org.eclipse.jetty.server.handler.ScopedHandler.nextScope(ScopedHandler.java:188)&#10;at org.eclipse.jetty.servlet.ServletHandler.doScope(ServletHandler.java:501)&#10;at org.eclipse.jetty.server.session.SessionHandler.doScope(SessionHandler.java:1594)&#10;at org.eclipse.jetty.server.handler.ScopedHandler.nextScope(ScopedHandler.java:186)&#10;at org.eclipse.jetty.server.handler.ContextHandler.doScope(ContextHandler.java:1349)&#10;at org.eclipse.jetty.server.handler.ScopedHandler.handle(ScopedHandler.java:141)&#10;at org.eclipse.jetty.server.handler.HandlerWrapper.handle(HandlerWrapper.java:127)&#10;at com.codahale.metrics.jetty9.InstrumentedHandler.handle(InstrumentedHandler.java:313)&#10;at io.dropwizard.jetty.ContextRoutingHandler.handle(ContextRoutingHandler.java:37)&#10;at org.eclipse.jetty.server.handler.gzip.GzipHandler.handle(GzipHandler.java:713)&#10;at io.dropwizard.jetty.BiDiGzipHandler.handle(BiDiGzipHandler.java:67)&#10;at org.eclipse.jetty.server.handler.StatisticsHandler.handle(StatisticsHandler.java:179)&#10;at org.eclipse.jetty.server.handler.HandlerWrapper.handle(HandlerWrapper.java:127)&#10;at org.eclipse.jetty.server.Server.handle(Server.java:516)&#10;at org.eclipse.jetty.server.HttpChannel.lambda$handle$1(HttpChannel.java:400)&#10;at org.eclipse.jetty.server.HttpChannel.dispatch(HttpChannel.java:645)&#10;at org.eclipse.jetty.server.HttpChannel.handle(HttpChannel.java:392)&#10;at org.eclipse.jetty.server.HttpConnection.onFillable(HttpConnection.java:277)&#10;at org.eclipse.jetty.io.AbstractConnection$ReadCallback.succeeded(AbstractConnection.java:311)&#10;at org.eclipse.jetty.io.FillInterest.fillable(FillInterest.java:105)&#10;at org.eclipse.jetty.io.ChannelEndPoint$1.run(ChannelEndPoint.java:104)&#10;at org.eclipse.jetty.util.thread.strategy.EatWhatYouKill.runTask(EatWhatYouKill.java:338)&#10;at org.eclipse.jetty.util.thread.strategy.EatWhatYouKill.doProduce(EatWhatYouKill.java:315)&#10;at org.eclipse.jetty.util.thread.strategy.EatWhatYouKill.tryProduce(EatWhatYouKill.java:173)&#10;at org.eclipse.jetty.util.thread.strategy.EatWhatYouKill.run(EatWhatYouKill.java:131)&#10;at org.eclipse.jetty.util.thread.ReservedThreadExecutor$ReservedThread.run(ReservedThreadExecutor.java:409)&#10;at org.eclipse.jetty.util.thread.QueuedThreadPool.runJob(QueuedThreadPool.java:883)&#10;at org.eclipse.jetty.util.thread.QueuedThreadPool$Runner.run(QueuedThreadPool.java:1034)&#10;at java.base/java.lang.Thread.run(Thread.java:829)&#10;Caused by: net.snowflake.client.jdbc.SnowflakeSQLException: SQL compilation error:&#10;Object &apos;PERSONTABLE&apos; does not exist or not authorized.&#10;at net.snowflake.client.jdbc.SnowflakeUtil.checkErrorAndThrowExceptionSub(SnowflakeUtil.java:127)&#10;at net.snowflake.client.jdbc.SnowflakeUtil.checkErrorAndThrowException(SnowflakeUtil.java:67)&#10;at net.snowflake.client.core.StmtUtil.pollForOutput(StmtUtil.java:442)&#10;at net.snowflake.client.core.StmtUtil.execute(StmtUtil.java:345)&#10;at net.snowflake.client.core.SFStatement.executeHelper(SFStatement.java:486)&#10;at net.snowflake.client.core.SFStatement.executeQueryInternal(SFStatement.java:197)&#10;at net.snowflake.client.core.SFStatement.executeQuery(SFStatement.java:134)&#10;at net.snowflake.client.core.SFStatement.execute(SFStatement.java:743)&#10;at net.snowflake.client.core.SFStatement.execute(SFStatement.java:639)&#10;at net.snowflake.client.jdbc.SnowflakeStatementV1.executeQueryInternal(SnowflakeStatementV1.java:238)&#10;at net.snowflake.client.jdbc.SnowflakeStatementV1.executeQuery(SnowflakeStatementV1.java:133)&#10;at com.zaxxer.hikari.pool.ProxyStatement.executeQuery(ProxyStatement.java:110)&#10;at com.zaxxer.hikari.pool.HikariProxyStatement.executeQuery(HikariProxyStatement.java)&#10;at org.finos.legend.engine.plan.execution.stores.relational.result.SQLExecutionResult.&lt;init&gt;(SQLExecutionResult.java:95)&#10;... 101 more&#10;&quot;}&apos;&quot;" type="Assert failure at (resource"><![CDATA[Assert failure at (resource:/platform/pure/basics/tests/assertEq.pure line:34 column:5), "500 '{"code":-1,"message":"SnowflakeSQLException: SQL compilation error:
Object 'PERSONTABLE' does not exist or not authorized.","status":"error","trace":"java.lang.RuntimeException: net.snowflake.client.jdbc.SnowflakeSQLException: SQL compilation error:
Object 'PERSONTABLE' does not exist or not authorized.
at org.finos.legend.engine.plan.execution.stores.relational.result.SQLExecutionResult.<init>(SQLExecutionResult.java:123)
at org.finos.legend.engine.plan.execution.stores.relational.RelationalExecutor.execute(RelationalExecutor.java:241)
at org.finos.legend.engine.plan.execution.stores.relational.plugin.RelationalExecutionNodeExecutor.visit(RelationalExecutionNodeExecutor.java:238)
at org.finos.legend.engine.plan.execution.stores.relational.plugin.RelationalExecutionNodeExecutor.visit(RelationalExecutionNodeExecutor.java:292)
at org.finos.legend.engine.plan.execution.stores.relational.plugin.RelationalExecutionNodeExecutor.visit(RelationalExecutionNodeExecutor.java:92)
at org.finos.legend.engine.protocol.pure.v1.model.executionPlan.nodes.RelationalClassInstantiationExecutionNode.accept(RelationalClassInstantiationExecutionNode.java:22)
at org.finos.legend.engine.plan.execution.stores.relational.RelationalExecutionExtension.lambda$getExtraNodeExecutors$fbe53481$1(RelationalExecutionExtension.java:50)
at org.finos.legend.engine.plan.execution.nodes.ExecutionNodeExecutor.lambda$visit$0(ExecutionNodeExecutor.java:164)
at java.base/java.util.stream.ReferencePipeline$3$1.accept(ReferencePipeline.java:195)
at java.base/java.util.Spliterators$ArraySpliterator.tryAdvance(Spliterators.java:958)
at java.base/java.util.stream.ReferencePipeline.forEachWithCancel(ReferencePipeline.java:127)
at java.base/java.util.stream.AbstractPipeline.copyIntoWithCancel(AbstractPipeline.java:502)
at java.base/java.util.stream.AbstractPipeline.copyInto(AbstractPipeline.java:488)
at java.base/java.util.stream.AbstractPipeline.wrapAndCopyInto(AbstractPipeline.java:474)
at java.base/java.util.stream.FindOps$FindOp.evaluateSequential(FindOps.java:150)
at java.base/java.util.stream.AbstractPipeline.evaluate(AbstractPipeline.java:234)
at java.base/java.util.stream.ReferencePipeline.findFirst(ReferencePipeline.java:543)
at org.finos.legend.engine.plan.execution.nodes.ExecutionNodeExecutor.visit(ExecutionNodeExecutor.java:164)
at org.finos.legend.engine.plan.execution.nodes.ExecutionNodeExecutor.visit(ExecutionNodeExecutor.java:107)
at org.finos.legend.engine.protocol.pure.v1.model.executionPlan.nodes.RelationalClassInstantiationExecutionNode.accept(RelationalClassInstantiationExecutionNode.java:22)
at org.finos.legend.engine.plan.execution.PlanExecutor.execute(PlanExecutor.java:238)
at org.finos.legend.engine.plan.execution.PlanExecutor.execute(PlanExecutor.java:225)
at org.finos.legend.engine.plan.execution.api.ExecutePlan.doExecutePlanLegacy(ExecutePlan.java:102)
at org.finos.legend.engine.plan.execution.api.ExecutePlan.doExecutePlan(ExecutePlan.java:84)
at org.finos.legend.engine.plan.execution.api.ExecutePlanLegacy.executePlan(ExecutePlanLegacy.java:56)
at jdk.internal.reflect.GeneratedMethodAccessor100.invoke(Unknown Source)
at java.base/jdk.internal.reflect.DelegatingMethodAccessorImpl.invoke(DelegatingMethodAccessorImpl.java:43)
at java.base/java.lang.reflect.Method.invoke(Method.java:566)
at org.glassfish.jersey.server.model.internal.ResourceMethodInvocationHandlerFactory$1.invoke(ResourceMethodInvocationHandlerFactory.java:81)
at org.glassfish.jersey.server.model.internal.AbstractJavaResourceMethodDispatcher$1.run(AbstractJavaResourceMethodDispatcher.java:144)
at org.glassfish.jersey.server.model.internal.AbstractJavaResourceMethodDispatcher.invoke(AbstractJavaResourceMethodDispatcher.java:161)
at org.glassfish.jersey.server.model.internal.JavaResourceMethodDispatcherProvider$ResponseOutInvoker.doDispatch(JavaResourceMethodDispatcherProvider.java:160)
at org.glassfish.jersey.server.model.internal.AbstractJavaResourceMethodDispatcher.dispatch(AbstractJavaResourceMethodDispatcher.java:99)
at org.glassfish.jersey.server.model.ResourceMethodInvoker.invoke(ResourceMethodInvoker.java:389)
at org.glassfish.jersey.server.model.ResourceMethodInvoker.apply(ResourceMethodInvoker.java:347)
at org.glassfish.jersey.server.model.ResourceMethodInvoker.apply(ResourceMethodInvoker.java:102)
at org.glassfish.jersey.server.ServerRuntime$2.run(ServerRuntime.java:326)
at org.glassfish.jersey.internal.Errors$1.call(Errors.java:271)
at org.glassfish.jersey.internal.Errors$1.call(Errors.java:267)
at org.glassfish.jersey.internal.Errors.process(Errors.java:315)
at org.glassfish.jersey.internal.Errors.process(Errors.java:297)
at org.glassfish.jersey.internal.Errors.process(Errors.java:267)
at org.glassfish.jersey.process.internal.RequestScope.runInScope(RequestScope.java:317)
at org.glassfish.jersey.server.ServerRuntime.process(ServerRuntime.java:305)
at org.glassfish.jersey.server.ApplicationHandler.handle(ApplicationHandler.java:1154)
at org.glassfish.jersey.servlet.WebComponent.serviceImpl(WebComponent.java:473)
at org.glassfish.jersey.servlet.WebComponent.service(WebComponent.java:427)
at org.glassfish.jersey.servlet.ServletContainer.service(ServletContainer.java:388)
at org.glassfish.jersey.servlet.ServletContainer.service(ServletContainer.java:341)
at org.glassfish.jersey.servlet.ServletContainer.service(ServletContainer.java:228)
at org.eclipse.jetty.servlet.ServletHolder.handle(ServletHolder.java:799)
at org.eclipse.jetty.servlet.ServletHandler$ChainEnd.doFilter(ServletHandler.java:1631)
at io.dropwizard.servlets.ThreadNameFilter.doFilter(ThreadNameFilter.java:35)
at org.eclipse.jetty.servlet.FilterHolder.doFilter(FilterHolder.java:193)
at org.eclipse.jetty.servlet.ServletHandler$Chain.doFilter(ServletHandler.java:1601)
at io.dropwizard.jersey.filter.AllowedMethodsFilter.handle(AllowedMethodsFilter.java:45)
at io.dropwizard.jersey.filter.AllowedMethodsFilter.doFilter(AllowedMethodsFilter.java:39)
at org.eclipse.jetty.servlet.FilterHolder.doFilter(FilterHolder.java:193)
at org.eclipse.jetty.servlet.ServletHandler$Chain.doFilter(ServletHandler.java:1601)
at org.finos.legend.server.pac4j.internal.UsernameFilter.doFilter(UsernameFilter.java:51)
at org.eclipse.jetty.servlet.FilterHolder.doFilter(FilterHolder.java:193)
at org.eclipse.jetty.servlet.ServletHandler$Chain.doFilter(ServletHandler.java:1601)
at org.pac4j.j2e.filter.SecurityFilter.lambda$internalFilter$0(SecurityFilter.java:95)
at org.pac4j.core.engine.DefaultSecurityLogic.perform(DefaultSecurityLogic.java:140)
at org.pac4j.j2e.filter.SecurityFilter.internalFilter(SecurityFilter.java:93)
at org.pac4j.j2e.filter.AbstractConfigFilter.doFilter(AbstractConfigFilter.java:81)
at org.eclipse.jetty.servlet.FilterHolder.doFilter(FilterHolder.java:193)
at org.eclipse.jetty.servlet.ServletHandler$Chain.doFilter(ServletHandler.java:1601)
at org.eclipse.jetty.servlet.ServletHandler.doHandle(ServletHandler.java:548)
at org.eclipse.jetty.server.handler.ScopedHandler.nextHandle(ScopedHandler.java:233)
at org.eclipse.jetty.server.session.SessionHandler.doHandle(SessionHandler.java:1624)
at org.eclipse.jetty.server.handler.ScopedHandler.nextHandle(ScopedHandler.java:233)
at org.eclipse.jetty.server.handler.ContextHandler.doHandle(ContextHandler.java:1434)
at org.eclipse.jetty.server.handler.ScopedHandler.nextScope(ScopedHandler.java:188)
at org.eclipse.jetty.servlet.ServletHandler.doScope(ServletHandler.java:501)
at org.eclipse.jetty.server.session.SessionHandler.doScope(SessionHandler.java:1594)
at org.eclipse.jetty.server.handler.ScopedHandler.nextScope(ScopedHandler.java:186)
at org.eclipse.jetty.server.handler.ContextHandler.doScope(ContextHandler.java:1349)
at org.eclipse.jetty.server.handler.ScopedHandler.handle(ScopedHandler.java:141)
at org.eclipse.jetty.server.handler.HandlerWrapper.handle(HandlerWrapper.java:127)
at com.codahale.metrics.jetty9.InstrumentedHandler.handle(InstrumentedHandler.java:313)
at io.dropwizard.jetty.ContextRoutingHandler.handle(ContextRoutingHandler.java:37)
at org.eclipse.jetty.server.handler.gzip.GzipHandler.handle(GzipHandler.java:713)
at io.dropwizard.jetty.BiDiGzipHandler.handle(BiDiGzipHandler.java:67)
at org.eclipse.jetty.server.handler.StatisticsHandler.handle(StatisticsHandler.java:179)
at org.eclipse.jetty.server.handler.HandlerWrapper.handle(HandlerWrapper.java:127)
at org.eclipse.jetty.server.Server.handle(Server.java:516)
at org.eclipse.jetty.server.HttpChannel.lambda$handle$1(HttpChannel.java:400)
at org.eclipse.jetty.server.HttpChannel.dispatch(HttpChannel.java:645)
at org.eclipse.jetty.server.HttpChannel.handle(HttpChannel.java:392)
at org.eclipse.jetty.server.HttpConnection.onFillable(HttpConnection.java:277)
at org.eclipse.jetty.io.AbstractConnection$ReadCallback.succeeded(AbstractConnection.java:311)
at org.eclipse.jetty.io.FillInterest.fillable(FillInterest.java:105)
at org.eclipse.jetty.io.ChannelEndPoint$1.run(ChannelEndPoint.java:104)
at org.eclipse.jetty.util.thread.strategy.EatWhatYouKill.runTask(EatWhatYouKill.java:338)
at org.eclipse.jetty.util.thread.strategy.EatWhatYouKill.doProduce(EatWhatYouKill.java:315)
at org.eclipse.jetty.util.thread.strategy.EatWhatYouKill.tryProduce(EatWhatYouKill.java:173)
at org.eclipse.jetty.util.thread.strategy.EatWhatYouKill.run(EatWhatYouKill.java:131)
at org.eclipse.jetty.util.thread.ReservedThreadExecutor$ReservedThread.run(ReservedThreadExecutor.java:409)
at org.eclipse.jetty.util.thread.QueuedThreadPool.runJob(QueuedThreadPool.java:883)
at org.eclipse.jetty.util.thread.QueuedThreadPool$Runner.run(QueuedThreadPool.java:1034)
at java.base/java.lang.Thread.run(Thread.java:829)
Caused by: net.snowflake.client.jdbc.SnowflakeSQLException: SQL compilation error:
Object 'PERSONTABLE' does not exist or not authorized.
at net.snowflake.client.jdbc.SnowflakeUtil.checkErrorAndThrowExceptionSub(SnowflakeUtil.java:127)
at net.snowflake.client.jdbc.SnowflakeUtil.checkErrorAndThrowException(SnowflakeUtil.java:67)
at net.snowflake.client.core.StmtUtil.pollForOutput(StmtUtil.java:442)
at net.snowflake.client.core.StmtUtil.execute(StmtUtil.java:345)
at net.snowflake.client.core.SFStatement.executeHelper(SFStatement.java:486)
at net.snowflake.client.core.SFStatement.executeQueryInternal(SFStatement.java:197)
at net.snowflake.client.core.SFStatement.executeQuery(SFStatement.java:134)
at net.snowflake.client.core.SFStatement.execute(SFStatement.java:743)
at net.snowflake.client.core.SFStatement.execute(SFStatement.java:639)
at net.snowflake.client.jdbc.SnowflakeStatementV1.executeQueryInternal(SnowflakeStatementV1.java:238)
at net.snowflake.client.jdbc.SnowflakeStatementV1.executeQuery(SnowflakeStatementV1.java:133)
at com.zaxxer.hikari.pool.ProxyStatement.executeQuery(ProxyStatement.java:110)
at com.zaxxer.hikari.pool.HikariProxyStatement.executeQuery(HikariProxyStatement.java)
at org.finos.legend.engine.plan.execution.stores.relational.result.SQLExecutionResult.<init>(SQLExecutionResult.java:95)
... 101 more
"}'"
	at org.finos.legend.pure.runtime.java.compiled.generation.processors.support.CompiledSupport.pureAssert(CompiledSupport.java:1994)
	at org.finos.legend.pure.generated.platform_pure_basics_tests_assertEq.Root_meta_pure_functions_asserts_assertEq_Any_1__Any_1__Function_1__Boolean_1_(platform_pure_basics_tests_assertEq.java:44)
	at org.finos.legend.pure.generated.core_pure_protocol_vX_X_X_invocations_execution.Root_meta_protocols_pure_vX_X_X_invocation_execution_execute_executePlan_String_1__String_1__Integer_1__String_1_(core_pure_protocol_vX_X_X_invocations_execution.java:751)
	at org.finos.legend.pure.generated.core_pure_protocol_vX_X_X_invocations_execution.Root_meta_protocols_pure_vX_X_X_invocation_execution_execute_executePlan_ExecutionPlan_1__String_1__Integer_1__Extension_MANY__String_1_(core_pure_protocol_vX_X_X_invocations_execution.java:745)
	at org.finos.legend.pure.generated.core_pure_protocol_vX_X_X_invocations_execution.Root_meta_protocols_pure_vX_X_X_invocation_execution_execute_executePlan_ExecutionPlan_1__ExecutionContext_$0_1$__String_1__Integer_1__Extension_MANY__Result_1_(core_pure_protocol_vX_X_X_invocations_execution.java:738)
	at jdk.internal.reflect.GeneratedMethodAccessor96.invoke(Unknown Source)
	at java.base/jdk.internal.reflect.DelegatingMethodAccessorImpl.invoke(DelegatingMethodAccessorImpl.java:43)
	at java.base/java.lang.reflect.Method.invoke(Method.java:566)
	at org.finos.legend.pure.runtime.java.compiled.metadata.JavaMethodWithParamsSharedPureFunction.execute(JavaMethodWithParamsSharedPureFunction.java:59)
	at org.finos.legend.pure.runtime.java.compiled.generation.processors.support.Pure._evaluateToMany(Pure.java:546)
	at org.finos.legend.pure.generated.CoreGen.evaluateToMany(CoreGen.java:147)
	at org.finos.legend.pure.generated.CoreGen.evaluateToMany(CoreGen.java:134)
	at org.finos.legend.pure.generated.core_pure_router_router_entry$9$1.value(core_pure_router_router_entry.java:318)
	at org.finos.legend.pure.generated.core_pure_router_router_entry$9$1.execute(core_pure_router_router_entry.java:311)
	at org.finos.legend.pure.generated.core_pure_router_router_entry$9$1.execute(core_pure_router_router_entry.java:307)
	at org.finos.legend.pure.runtime.java.compiled.generation.processors.support.Pure.evaluate(Pure.java:485)
	at org.finos.legend.pure.runtime.java.compiled.generation.processors.support.Pure.legendTest(Pure.java:216)
	at org.finos.legend.pure.generated.CoreGen.legendTest(CoreGen.java:61)
	at org.finos.legend.pure.generated.core_pure_router_router_entry$9.valueOf(core_pure_router_router_entry.java:303)
	at org.finos.legend.pure.generated.core_pure_router_router_entry$9.execute(core_pure_router_router_entry.java:298)
	at org.finos.legend.pure.generated.core_pure_router_router_entry$9.execute(core_pure_router_router_entry.java:294)
	at org.finos.legend.pure.runtime.java.compiled.generation.processors.support.Pure.evaluate(Pure.java:485)
	at org.finos.legend.pure.runtime.java.compiled.generation.processors.support.Pure.traceSpan(Pure.java:1482)
	at org.finos.legend.pure.generated.CoreGen.traceSpan(CoreGen.java:203)
	at org.finos.legend.pure.generated.core_pure_router_router_entry.Root_meta_pure_router_executePlan_ExecutionPlan_1__ExecutionContext_1__Extension_MANY__Result_$0_1$_(core_pure_router_router_entry.java:290)
	at org.finos.legend.pure.generated.core_pure_router_router_entry.Root_meta_pure_router_executePlan_ExecutionPlan_1__Extension_MANY__Result_$0_1$_(core_pure_router_router_entry.java:285)
	at org.finos.legend.pure.generated.core_relational_relational_sqlQueryToString_dbTestRunner_executionPlanTestRunner$19.execute(core_relational_relational_sqlQueryToString_dbTestRunner_executionPlanTestRunner.java:305)
	at org.finos.legend.pure.generated.core_relational_relational_sqlQueryToString_dbTestRunner_executionPlanTestRunner.Root_meta_relational_dbTestRunner_executeViaPlan_FunctionDefinition_1__Mapping_1__Database_1__DbTestConfig_1__Extension_MANY__Result_$0_1$_(core_relational_relational_sqlQueryToString_dbTestRunner_executionPlanTestRunner.java:309)
	at org.finos.legend.pure.generated.core_relational_relational_sqlQueryToString_testSuite_selectSubClauses_range.Root_meta_relational_tests_dbSpecificTests_sqlQueryTests_selectSubClauses_drop_testSimpleDrop_DbTestConfig_1__Boolean_1_(core_relational_relational_sqlQueryToString_testSuite_selectSubClauses_range.java:717)
	at java.base/jdk.internal.reflect.NativeMethodAccessorImpl.invoke0(Native Method)
	at java.base/jdk.internal.reflect.NativeMethodAccessorImpl.invoke(NativeMethodAccessorImpl.java:62)
	at java.base/jdk.internal.reflect.DelegatingMethodAccessorImpl.invoke(DelegatingMethodAccessorImpl.java:43)
	at java.base/java.lang.reflect.Method.invoke(Method.java:566)
	at org.finos.legend.pure.runtime.java.compiled.testHelper.PureTestBuilderCompiled.executeFn(PureTestBuilderCompiled.java:113)
	at org.finos.legend.pure.runtime.java.compiled.testHelper.PureTestBuilderCompiled.lambda$buildSuite$0(PureTestBuilderCompiled.java:79)
	at org.finos.legend.pure.m3.execution.test.PureTestBuilder$PureTestCase.runTest(PureTestBuilder.java:95)
	at junit.framework.TestCase.runBare(TestCase.java:142)
	at org.finos.legend.engine.server.test.shared.Relational_DbSpecific_UsingPureClientTestSuite$2.runTest(Relational_DbSpecific_UsingPureClientTestSuite.java:90)
	at junit.framework.TestCase.runBare(TestCase.java:142)
	at junit.framework.TestResult$1.protect(TestResult.java:122)
	at junit.framework.TestResult.runProtected(TestResult.java:142)
	at junit.framework.TestResult.run(TestResult.java:125)
	at junit.framework.TestCase.run(TestCase.java:130)
	at junit.framework.TestSuite.runTest(TestSuite.java:241)
	at junit.framework.TestSuite.run(TestSuite.java:236)
	at junit.framework.TestSuite.runTest(TestSuite.java:241)
	at junit.framework.TestSuite.run(TestSuite.java:236)
	at junit.framework.TestSuite.runTest(TestSuite.java:241)
	at junit.framework.TestSuite.run(TestSuite.java:236)
	at junit.framework.TestSuite.runTest(TestSuite.java:241)
	at junit.framework.TestSuite.run(TestSuite.java:236)
	at junit.framework.TestSuite.runTest(TestSuite.java:241)
	at junit.framework.TestSuite.run(TestSuite.java:236)
	at junit.extensions.TestDecorator.basicRun(TestDecorator.java:24)
	at junit.extensions.TestSetup$1.protect(TestSetup.java:23)
	at junit.framework.TestResult.runProtected(TestResult.java:142)
	at junit.extensions.TestSetup.run(TestSetup.java:27)
	at org.junit.internal.runners.JUnit38ClassRunner.run(JUnit38ClassRunner.java:90)
	at org.apache.maven.surefire.junit4.JUnit4Provider.execute(JUnit4Provider.java:365)
	at org.apache.maven.surefire.junit4.JUnit4Provider.executeWithRerun(JUnit4Provider.java:273)
	at org.apache.maven.surefire.junit4.JUnit4Provider.executeTestSet(JUnit4Provider.java:238)
	at org.apache.maven.surefire.junit4.JUnit4Provider.invoke(JUnit4Provider.java:159)
	at org.apache.maven.surefire.booter.ForkedBooter.invokeProviderInSameClassLoader(ForkedBooter.java:384)
	at org.apache.maven.surefire.booter.ForkedBooter.runSuitesInProcess(ForkedBooter.java:345)
	at org.apache.maven.surefire.booter.ForkedBooter.execute(ForkedBooter.java:126)
	at org.apache.maven.surefire.booter.ForkedBooter.main(ForkedBooter.java:418)
]]></error>
    <system-out><![CDATA[Running db test selectSubClauses::drop::testSimpleDrop
{"duration":0.0,"eventType":"EXECUTION_PLAN_EXEC_ERROR","info":{"code":-1,"message":"SnowflakeSQLException: SQL compilation error:\nObject 'PERSONTABLE' does not exist or not authorized.","status":"error","trace":"java.lang.RuntimeException: net.snowflake.client.jdbc.SnowflakeSQLException: SQL compilation error:\nObject 'PERSONTABLE' does not exist or not authorized.\n\tat org.finos.legend.engine.plan.execution.stores.relational.result.SQLExecutionResult.<init>(SQLExecutionResult.java:123)\n\tat org.finos.legend.engine.plan.execution.stores.relational.RelationalExecutor.execute(RelationalExecutor.java:241)\n\tat org.finos.legend.engine.plan.execution.stores.relational.plugin.RelationalExecutionNodeExecutor.visit(RelationalExecutionNodeExecutor.java:238)\n\tat org.finos.legend.engine.plan.execution.stores.relational.plugin.RelationalExecutionNodeExecutor.visit(RelationalExecutionNodeExecutor.java:292)\n\tat org.finos.legend.engine.plan.execution.stores.relational.plugin.RelationalExecutionNodeExecutor.visit(RelationalExecutionNodeExecutor.java:92)\n\tat org.finos.legend.engine.protocol.pure.v1.model.executionPlan.nodes.RelationalClassInstantiationExecutionNode.accept(RelationalClassInstantiationExecutionNode.java:22)\n\tat org.finos.legend.engine.plan.execution.stores.relational.RelationalExecutionExtension.lambda$getExtraNodeExecutors$fbe53481$1(RelationalExecutionExtension.java:50)\n\tat org.finos.legend.engine.plan.execution.nodes.ExecutionNodeExecutor.lambda$visit$0(ExecutionNodeExecutor.java:164)\n\tat java.base/java.util.stream.ReferencePipeline$3$1.accept(ReferencePipeline.java:195)\n\tat java.base/java.util.Spliterators$ArraySpliterator.tryAdvance(Spliterators.java:958)\n\tat java.base/java.util.stream.ReferencePipeline.forEachWithCancel(ReferencePipeline.java:127)\n\tat java.base/java.util.stream.AbstractPipeline.copyIntoWithCancel(AbstractPipeline.java:502)\n\tat java.base/java.util.stream.AbstractPipeline.copyInto(AbstractPipeline.java:488)\n\tat java.base/java.util.stream.AbstractPipeline.wrapAndCopyInto(AbstractPipeline.java:474)\n\tat java.base/java.util.stream.FindOps$FindOp.evaluateSequential(FindOps.java:150)\n\tat java.base/java.util.stream.AbstractPipeline.evaluate(AbstractPipeline.java:234)\n\tat java.base/java.util.stream.ReferencePipeline.findFirst(ReferencePipeline.java:543)\n\tat org.finos.legend.engine.plan.execution.nodes.ExecutionNodeExecutor.visit(ExecutionNodeExecutor.java:164)\n\tat org.finos.legend.engine.plan.execution.nodes.ExecutionNodeExecutor.visit(ExecutionNodeExecutor.java:107)\n\tat org.finos.legend.engine.protocol.pure.v1.model.executionPlan.nodes.RelationalClassInstantiationExecutionNode.accept(RelationalClassInstantiationExecutionNode.java:22)\n\tat org.finos.legend.engine.plan.execution.PlanExecutor.execute(PlanExecutor.java:238)\n\tat org.finos.legend.engine.plan.execution.PlanExecutor.execute(PlanExecutor.java:225)\n\tat org.finos.legend.engine.plan.execution.api.ExecutePlan.doExecutePlanLegacy(ExecutePlan.java:102)\n\tat org.finos.legend.engine.plan.execution.api.ExecutePlan.doExecutePlan(ExecutePlan.java:84)\n\tat org.finos.legend.engine.plan.execution.api.ExecutePlanLegacy.executePlan(ExecutePlanLegacy.java:56)\n\tat jdk.internal.reflect.GeneratedMethodAccessor100.invoke(Unknown Source)\n\tat java.base/jdk.internal.reflect.DelegatingMethodAccessorImpl.invoke(DelegatingMethodAccessorImpl.java:43)\n\tat java.base/java.lang.reflect.Method.invoke(Method.java:566)\n\tat org.glassfish.jersey.server.model.internal.ResourceMethodInvocationHandlerFactory$1.invoke(ResourceMethodInvocationHandlerFactory.java:81)\n\tat org.glassfish.jersey.server.model.internal.AbstractJavaResourceMethodDispatcher$1.run(AbstractJavaResourceMethodDispatcher.java:144)\n\tat org.glassfish.jersey.server.model.internal.AbstractJavaResourceMethodDispatcher.invoke(AbstractJavaResourceMethodDispatcher.java:161)\n\tat org.glassfish.jersey.server.model.internal.JavaResourceMethodDispatcherProvider$ResponseOutInvoker.doDispatch(JavaResourceMethodDispatcherProvider.java:160)\n\tat org.glassfish.jersey.server.model.internal.AbstractJavaResourceMethodDispatcher.dispatch(AbstractJavaResourceMethodDispatcher.java:99)\n\tat org.glassfish.jersey.server.model.ResourceMethodInvoker.invoke(ResourceMethodInvoker.java:389)\n\tat org.glassfish.jersey.server.model.ResourceMethodInvoker.apply(ResourceMethodInvoker.java:347)\n\tat org.glassfish.jersey.server.model.ResourceMethodInvoker.apply(ResourceMethodInvoker.java:102)\n\tat org.glassfish.jersey.server.ServerRuntime$2.run(ServerRuntime.java:326)\n\tat org.glassfish.jersey.internal.Errors$1.call(Errors.java:271)\n\tat org.glassfish.jersey.internal.Errors$1.call(Errors.java:267)\n\tat org.glassfish.jersey.internal.Errors.process(Errors.java:315)\n\tat org.glassfish.jersey.internal.Errors.process(Errors.java:297)\n\tat org.glassfish.jersey.internal.Errors.process(Errors.java:267)\n\tat org.glassfish.jersey.process.internal.RequestScope.runInScope(RequestScope.java:317)\n\tat org.glassfish.jersey.server.ServerRuntime.process(ServerRuntime.java:305)\n\tat org.glassfish.jersey.server.ApplicationHandler.handle(ApplicationHandler.java:1154)\n\tat org.glassfish.jersey.servlet.WebComponent.serviceImpl(WebComponent.java:473)\n\tat org.glassfish.jersey.servlet.WebComponent.service(WebComponent.java:427)\n\tat org.glassfish.jersey.servlet.ServletContainer.service(ServletContainer.java:388)\n\tat org.glassfish.jersey.servlet.ServletContainer.service(ServletContainer.java:341)\n\tat org.glassfish.jersey.servlet.ServletContainer.service(ServletContainer.java:228)\n\tat org.eclipse.jetty.servlet.ServletHolder.handle(ServletHolder.java:799)\n\tat org.eclipse.jetty.servlet.ServletHandler$ChainEnd.doFilter(ServletHandler.java:1631)\n\tat io.dropwizard.servlets.ThreadNameFilter.doFilter(ThreadNameFilter.java:35)\n\tat org.eclipse.jetty.servlet.FilterHolder.doFilter(FilterHolder.java:193)\n\tat org.eclipse.jetty.servlet.ServletHandler$Chain.doFilter(ServletHandler.java:1601)\n\tat io.dropwizard.jersey.filter.AllowedMethodsFilter.handle(AllowedMethodsFilter.java:45)\n\tat io.dropwizard.jersey.filter.AllowedMethodsFilter.doFilter(AllowedMethodsFilter.java:39)\n\tat org.eclipse.jetty.servlet.FilterHolder.doFilter(FilterHolder.java:193)\n\tat org.eclipse.jetty.servlet.ServletHandler$Chain.doFilter(ServletHandler.java:1601)\n\tat org.finos.legend.server.pac4j.internal.UsernameFilter.doFilter(UsernameFilter.java:51)\n\tat org.eclipse.jetty.servlet.FilterHolder.doFilter(FilterHolder.java:193)\n\tat org.eclipse.jetty.servlet.ServletHandler$Chain.doFilter(ServletHandler.java:1601)\n\tat org.pac4j.j2e.filter.SecurityFilter.lambda$internalFilter$0(SecurityFilter.java:95)\n\tat org.pac4j.core.engine.DefaultSecurityLogic.perform(DefaultSecurityLogic.java:140)\n\tat org.pac4j.j2e.filter.SecurityFilter.internalFilter(SecurityFilter.java:93)\n\tat org.pac4j.j2e.filter.AbstractConfigFilter.doFilter(AbstractConfigFilter.java:81)\n\tat org.eclipse.jetty.servlet.FilterHolder.doFilter(FilterHolder.java:193)\n\tat org.eclipse.jetty.servlet.ServletHandler$Chain.doFilter(ServletHandler.java:1601)\n\tat org.eclipse.jetty.servlet.ServletHandler.doHandle(ServletHandler.java:548)\n\tat org.eclipse.jetty.server.handler.ScopedHandler.nextHandle(ScopedHandler.java:233)\n\tat org.eclipse.jetty.server.session.SessionHandler.doHandle(SessionHandler.java:1624)\n\tat org.eclipse.jetty.server.handler.ScopedHandler.nextHandle(ScopedHandler.java:233)\n\tat org.eclipse.jetty.server.handler.ContextHandler.doHandle(ContextHandler.java:1434)\n\tat org.eclipse.jetty.server.handler.ScopedHandler.nextScope(ScopedHandler.java:188)\n\tat org.eclipse.jetty.servlet.ServletHandler.doScope(ServletHandler.java:501)\n\tat org.eclipse.jetty.server.session.SessionHandler.doScope(SessionHandler.java:1594)\n\tat org.eclipse.jetty.server.handler.ScopedHandler.nextScope(ScopedHandler.java:186)\n\tat org.eclipse.jetty.server.handler.ContextHandler.doScope(ContextHandler.java:1349)\n\tat org.eclipse.jetty.server.handler.ScopedHandler.handle(ScopedHandler.java:141)\n\tat org.eclipse.jetty.server.handler.HandlerWrapper.handle(HandlerWrapper.java:127)\n\tat com.codahale.metrics.jetty9.InstrumentedHandler.handle(InstrumentedHandler.java:313)\n\tat io.dropwizard.jetty.ContextRoutingHandler.handle(ContextRoutingHandler.java:37)\n\tat org.eclipse.jetty.server.handler.gzip.GzipHandler.handle(GzipHandler.java:713)\n\tat io.dropwizard.jetty.BiDiGzipHandler.handle(BiDiGzipHandler.java:67)\n\tat org.eclipse.jetty.server.handler.StatisticsHandler.handle(StatisticsHandler.java:179)\n\tat org.eclipse.jetty.server.handler.HandlerWrapper.handle(HandlerWrapper.java:127)\n\tat org.eclipse.jetty.server.Server.handle(Server.java:516)\n\tat org.eclipse.jetty.server.HttpChannel.lambda$handle$1(HttpChannel.java:400)\n\tat org.eclipse.jetty.server.HttpChannel.dispatch(HttpChannel.java:645)\n\tat org.eclipse.jetty.server.HttpChannel.handle(HttpChannel.java:392)\n\tat org.eclipse.jetty.server.HttpConnection.onFillable(HttpConnection.java:277)\n\tat org.eclipse.jetty.io.AbstractConnection$ReadCallback.succeeded(AbstractConnection.java:311)\n\tat org.eclipse.jetty.io.FillInterest.fillable(FillInterest.java:105)\n\tat org.eclipse.jetty.io.ChannelEndPoint$1.run(ChannelEndPoint.java:104)\n\tat org.eclipse.jetty.util.thread.strategy.EatWhatYouKill.runTask(EatWhatYouKill.java:338)\n\tat org.eclipse.jetty.util.thread.strategy.EatWhatYouKill.doProduce(EatWhatYouKill.java:315)\n\tat org.eclipse.jetty.util.thread.strategy.EatWhatYouKill.tryProduce(EatWhatYouKill.java:173)\n\tat org.eclipse.jetty.util.thread.strategy.EatWhatYouKill.run(EatWhatYouKill.java:131)\n\tat org.eclipse.jetty.util.thread.ReservedThreadExecutor$ReservedThread.run(ReservedThreadExecutor.java:409)\n\tat org.eclipse.jetty.util.thread.QueuedThreadPool.runJob(QueuedThreadPool.java:883)\n\tat org.eclipse.jetty.util.thread.QueuedThreadPool$Runner.run(QueuedThreadPool.java:1034)\n\tat java.base/java.lang.Thread.run(Thread.java:829)\nCaused by: net.snowflake.client.jdbc.SnowflakeSQLException: SQL compilation error:\nObject 'PERSONTABLE' does not exist or not authorized.\n\tat net.snowflake.client.jdbc.SnowflakeUtil.checkErrorAndThrowExceptionSub(SnowflakeUtil.java:127)\n\tat net.snowflake.client.jdbc.SnowflakeUtil.checkErrorAndThrowException(SnowflakeUtil.java:67)\n\tat net.snowflake.client.core.StmtUtil.pollForOutput(StmtUtil.java:442)\n\tat net.snowflake.client.core.StmtUtil.execute(StmtUtil.java:345)\n\tat net.snowflake.client.core.SFStatement.executeHelper(SFStatement.java:486)\n\tat net.snowflake.client.core.SFStatement.executeQueryInternal(SFStatement.java:197)\n\tat net.snowflake.client.core.SFStatement.executeQuery(SFStatement.java:134)\n\tat net.snowflake.client.core.SFStatement.execute(SFStatement.java:743)\n\tat net.snowflake.client.core.SFStatement.execute(SFStatement.java:639)\n\tat net.snowflake.client.jdbc.SnowflakeStatementV1.executeQueryInternal(SnowflakeStatementV1.java:238)\n\tat net.snowflake.client.jdbc.SnowflakeStatementV1.executeQuery(SnowflakeStatementV1.java:133)\n\tat com.zaxxer.hikari.pool.ProxyStatement.executeQuery(ProxyStatement.java:110)\n\tat com.zaxxer.hikari.pool.HikariProxyStatement.executeQuery(HikariProxyStatement.java)\n\tat org.finos.legend.engine.plan.execution.stores.relational.result.SQLExecutionResult.<init>(SQLExecutionResult.java:95)\n\t... 101 more\n"},"mode":"DEV","timeStamp":"2023-02-23 01:31:34.603","user":"_UNKNOWN_"}
| **selectSubClauses::drop::testSimpleDrop** | failing :x: |
]]></system-out>
  </testcase>
  <testcase name="testFilterAfterFilter[Snowflake]" classname="org.finos.legend.engine.server.test.shared.Relational_DbSpecific_UsingPureClientTestSuite$2" time="2.69">
    <error message="Assert failure at (resource:/platform/pure/basics/tests/assertEq.pure line:34 column:5), &quot;500 &apos;{&quot;code&quot;:-1,&quot;message&quot;:&quot;SnowflakeSQLException: SQL compilation error:&#10;Object &apos;PERSONTABLE&apos; does not exist or not authorized.&quot;,&quot;status&quot;:&quot;error&quot;,&quot;trace&quot;:&quot;java.lang.RuntimeException: net.snowflake.client.jdbc.SnowflakeSQLException: SQL compilation error:&#10;Object &apos;PERSONTABLE&apos; does not exist or not authorized.&#10;at org.finos.legend.engine.plan.execution.stores.relational.result.SQLExecutionResult.&lt;init&gt;(SQLExecutionResult.java:123)&#10;at org.finos.legend.engine.plan.execution.stores.relational.RelationalExecutor.execute(RelationalExecutor.java:241)&#10;at org.finos.legend.engine.plan.execution.stores.relational.plugin.RelationalExecutionNodeExecutor.visit(RelationalExecutionNodeExecutor.java:238)&#10;at org.finos.legend.engine.plan.execution.stores.relational.plugin.RelationalExecutionNodeExecutor.visit(RelationalExecutionNodeExecutor.java:292)&#10;at org.finos.legend.engine.plan.execution.stores.relational.plugin.RelationalExecutionNodeExecutor.visit(RelationalExecutionNodeExecutor.java:92)&#10;at org.finos.legend.engine.protocol.pure.v1.model.executionPlan.nodes.RelationalClassInstantiationExecutionNode.accept(RelationalClassInstantiationExecutionNode.java:22)&#10;at org.finos.legend.engine.plan.execution.stores.relational.RelationalExecutionExtension.lambda$getExtraNodeExecutors$fbe53481$1(RelationalExecutionExtension.java:50)&#10;at org.finos.legend.engine.plan.execution.nodes.ExecutionNodeExecutor.lambda$visit$0(ExecutionNodeExecutor.java:164)&#10;at java.base/java.util.stream.ReferencePipeline$3$1.accept(ReferencePipeline.java:195)&#10;at java.base/java.util.Spliterators$ArraySpliterator.tryAdvance(Spliterators.java:958)&#10;at java.base/java.util.stream.ReferencePipeline.forEachWithCancel(ReferencePipeline.java:127)&#10;at java.base/java.util.stream.AbstractPipeline.copyIntoWithCancel(AbstractPipeline.java:502)&#10;at java.base/java.util.stream.AbstractPipeline.copyInto(AbstractPipeline.java:488)&#10;at java.base/java.util.stream.AbstractPipeline.wrapAndCopyInto(AbstractPipeline.java:474)&#10;at java.base/java.util.stream.FindOps$FindOp.evaluateSequential(FindOps.java:150)&#10;at java.base/java.util.stream.AbstractPipeline.evaluate(AbstractPipeline.java:234)&#10;at java.base/java.util.stream.ReferencePipeline.findFirst(ReferencePipeline.java:543)&#10;at org.finos.legend.engine.plan.execution.nodes.ExecutionNodeExecutor.visit(ExecutionNodeExecutor.java:164)&#10;at org.finos.legend.engine.plan.execution.nodes.ExecutionNodeExecutor.visit(ExecutionNodeExecutor.java:107)&#10;at org.finos.legend.engine.protocol.pure.v1.model.executionPlan.nodes.RelationalClassInstantiationExecutionNode.accept(RelationalClassInstantiationExecutionNode.java:22)&#10;at org.finos.legend.engine.plan.execution.PlanExecutor.execute(PlanExecutor.java:238)&#10;at org.finos.legend.engine.plan.execution.PlanExecutor.execute(PlanExecutor.java:225)&#10;at org.finos.legend.engine.plan.execution.api.ExecutePlan.doExecutePlanLegacy(ExecutePlan.java:102)&#10;at org.finos.legend.engine.plan.execution.api.ExecutePlan.doExecutePlan(ExecutePlan.java:84)&#10;at org.finos.legend.engine.plan.execution.api.ExecutePlanLegacy.executePlan(ExecutePlanLegacy.java:56)&#10;at jdk.internal.reflect.GeneratedMethodAccessor100.invoke(Unknown Source)&#10;at java.base/jdk.internal.reflect.DelegatingMethodAccessorImpl.invoke(DelegatingMethodAccessorImpl.java:43)&#10;at java.base/java.lang.reflect.Method.invoke(Method.java:566)&#10;at org.glassfish.jersey.server.model.internal.ResourceMethodInvocationHandlerFactory$1.invoke(ResourceMethodInvocationHandlerFactory.java:81)&#10;at org.glassfish.jersey.server.model.internal.AbstractJavaResourceMethodDispatcher$1.run(AbstractJavaResourceMethodDispatcher.java:144)&#10;at org.glassfish.jersey.server.model.internal.AbstractJavaResourceMethodDispatcher.invoke(AbstractJavaResourceMethodDispatcher.java:161)&#10;at org.glassfish.jersey.server.model.internal.JavaResourceMethodDispatcherProvider$ResponseOutInvoker.doDispatch(JavaResourceMethodDispatcherProvider.java:160)&#10;at org.glassfish.jersey.server.model.internal.AbstractJavaResourceMethodDispatcher.dispatch(AbstractJavaResourceMethodDispatcher.java:99)&#10;at org.glassfish.jersey.server.model.ResourceMethodInvoker.invoke(ResourceMethodInvoker.java:389)&#10;at org.glassfish.jersey.server.model.ResourceMethodInvoker.apply(ResourceMethodInvoker.java:347)&#10;at org.glassfish.jersey.server.model.ResourceMethodInvoker.apply(ResourceMethodInvoker.java:102)&#10;at org.glassfish.jersey.server.ServerRuntime$2.run(ServerRuntime.java:326)&#10;at org.glassfish.jersey.internal.Errors$1.call(Errors.java:271)&#10;at org.glassfish.jersey.internal.Errors$1.call(Errors.java:267)&#10;at org.glassfish.jersey.internal.Errors.process(Errors.java:315)&#10;at org.glassfish.jersey.internal.Errors.process(Errors.java:297)&#10;at org.glassfish.jersey.internal.Errors.process(Errors.java:267)&#10;at org.glassfish.jersey.process.internal.RequestScope.runInScope(RequestScope.java:317)&#10;at org.glassfish.jersey.server.ServerRuntime.process(ServerRuntime.java:305)&#10;at org.glassfish.jersey.server.ApplicationHandler.handle(ApplicationHandler.java:1154)&#10;at org.glassfish.jersey.servlet.WebComponent.serviceImpl(WebComponent.java:473)&#10;at org.glassfish.jersey.servlet.WebComponent.service(WebComponent.java:427)&#10;at org.glassfish.jersey.servlet.ServletContainer.service(ServletContainer.java:388)&#10;at org.glassfish.jersey.servlet.ServletContainer.service(ServletContainer.java:341)&#10;at org.glassfish.jersey.servlet.ServletContainer.service(ServletContainer.java:228)&#10;at org.eclipse.jetty.servlet.ServletHolder.handle(ServletHolder.java:799)&#10;at org.eclipse.jetty.servlet.ServletHandler$ChainEnd.doFilter(ServletHandler.java:1631)&#10;at io.dropwizard.servlets.ThreadNameFilter.doFilter(ThreadNameFilter.java:35)&#10;at org.eclipse.jetty.servlet.FilterHolder.doFilter(FilterHolder.java:193)&#10;at org.eclipse.jetty.servlet.ServletHandler$Chain.doFilter(ServletHandler.java:1601)&#10;at io.dropwizard.jersey.filter.AllowedMethodsFilter.handle(AllowedMethodsFilter.java:45)&#10;at io.dropwizard.jersey.filter.AllowedMethodsFilter.doFilter(AllowedMethodsFilter.java:39)&#10;at org.eclipse.jetty.servlet.FilterHolder.doFilter(FilterHolder.java:193)&#10;at org.eclipse.jetty.servlet.ServletHandler$Chain.doFilter(ServletHandler.java:1601)&#10;at org.finos.legend.server.pac4j.internal.UsernameFilter.doFilter(UsernameFilter.java:51)&#10;at org.eclipse.jetty.servlet.FilterHolder.doFilter(FilterHolder.java:193)&#10;at org.eclipse.jetty.servlet.ServletHandler$Chain.doFilter(ServletHandler.java:1601)&#10;at org.pac4j.j2e.filter.SecurityFilter.lambda$internalFilter$0(SecurityFilter.java:95)&#10;at org.pac4j.core.engine.DefaultSecurityLogic.perform(DefaultSecurityLogic.java:140)&#10;at org.pac4j.j2e.filter.SecurityFilter.internalFilter(SecurityFilter.java:93)&#10;at org.pac4j.j2e.filter.AbstractConfigFilter.doFilter(AbstractConfigFilter.java:81)&#10;at org.eclipse.jetty.servlet.FilterHolder.doFilter(FilterHolder.java:193)&#10;at org.eclipse.jetty.servlet.ServletHandler$Chain.doFilter(ServletHandler.java:1601)&#10;at org.eclipse.jetty.servlet.ServletHandler.doHandle(ServletHandler.java:548)&#10;at org.eclipse.jetty.server.handler.ScopedHandler.nextHandle(ScopedHandler.java:233)&#10;at org.eclipse.jetty.server.session.SessionHandler.doHandle(SessionHandler.java:1624)&#10;at org.eclipse.jetty.server.handler.ScopedHandler.nextHandle(ScopedHandler.java:233)&#10;at org.eclipse.jetty.server.handler.ContextHandler.doHandle(ContextHandler.java:1434)&#10;at org.eclipse.jetty.server.handler.ScopedHandler.nextScope(ScopedHandler.java:188)&#10;at org.eclipse.jetty.servlet.ServletHandler.doScope(ServletHandler.java:501)&#10;at org.eclipse.jetty.server.session.SessionHandler.doScope(SessionHandler.java:1594)&#10;at org.eclipse.jetty.server.handler.ScopedHandler.nextScope(ScopedHandler.java:186)&#10;at org.eclipse.jetty.server.handler.ContextHandler.doScope(ContextHandler.java:1349)&#10;at org.eclipse.jetty.server.handler.ScopedHandler.handle(ScopedHandler.java:141)&#10;at org.eclipse.jetty.server.handler.HandlerWrapper.handle(HandlerWrapper.java:127)&#10;at com.codahale.metrics.jetty9.InstrumentedHandler.handle(InstrumentedHandler.java:313)&#10;at io.dropwizard.jetty.ContextRoutingHandler.handle(ContextRoutingHandler.java:37)&#10;at org.eclipse.jetty.server.handler.gzip.GzipHandler.handle(GzipHandler.java:713)&#10;at io.dropwizard.jetty.BiDiGzipHandler.handle(BiDiGzipHandler.java:67)&#10;at org.eclipse.jetty.server.handler.StatisticsHandler.handle(StatisticsHandler.java:179)&#10;at org.eclipse.jetty.server.handler.HandlerWrapper.handle(HandlerWrapper.java:127)&#10;at org.eclipse.jetty.server.Server.handle(Server.java:516)&#10;at org.eclipse.jetty.server.HttpChannel.lambda$handle$1(HttpChannel.java:400)&#10;at org.eclipse.jetty.server.HttpChannel.dispatch(HttpChannel.java:645)&#10;at org.eclipse.jetty.server.HttpChannel.handle(HttpChannel.java:392)&#10;at org.eclipse.jetty.server.HttpConnection.onFillable(HttpConnection.java:277)&#10;at org.eclipse.jetty.io.AbstractConnection$ReadCallback.succeeded(AbstractConnection.java:311)&#10;at org.eclipse.jetty.io.FillInterest.fillable(FillInterest.java:105)&#10;at org.eclipse.jetty.io.ChannelEndPoint$1.run(ChannelEndPoint.java:104)&#10;at org.eclipse.jetty.util.thread.strategy.EatWhatYouKill.runTask(EatWhatYouKill.java:338)&#10;at org.eclipse.jetty.util.thread.strategy.EatWhatYouKill.doProduce(EatWhatYouKill.java:315)&#10;at org.eclipse.jetty.util.thread.strategy.EatWhatYouKill.tryProduce(EatWhatYouKill.java:173)&#10;at org.eclipse.jetty.util.thread.strategy.EatWhatYouKill.run(EatWhatYouKill.java:131)&#10;at org.eclipse.jetty.util.thread.ReservedThreadExecutor$ReservedThread.run(ReservedThreadExecutor.java:409)&#10;at org.eclipse.jetty.util.thread.QueuedThreadPool.runJob(QueuedThreadPool.java:883)&#10;at org.eclipse.jetty.util.thread.QueuedThreadPool$Runner.run(QueuedThreadPool.java:1034)&#10;at java.base/java.lang.Thread.run(Thread.java:829)&#10;Caused by: net.snowflake.client.jdbc.SnowflakeSQLException: SQL compilation error:&#10;Object &apos;PERSONTABLE&apos; does not exist or not authorized.&#10;at net.snowflake.client.jdbc.SnowflakeUtil.checkErrorAndThrowExceptionSub(SnowflakeUtil.java:127)&#10;at net.snowflake.client.jdbc.SnowflakeUtil.checkErrorAndThrowException(SnowflakeUtil.java:67)&#10;at net.snowflake.client.core.StmtUtil.pollForOutput(StmtUtil.java:442)&#10;at net.snowflake.client.core.StmtUtil.execute(StmtUtil.java:345)&#10;at net.snowflake.client.core.SFStatement.executeHelper(SFStatement.java:486)&#10;at net.snowflake.client.core.SFStatement.executeQueryInternal(SFStatement.java:197)&#10;at net.snowflake.client.core.SFStatement.executeQuery(SFStatement.java:134)&#10;at net.snowflake.client.core.SFStatement.execute(SFStatement.java:743)&#10;at net.snowflake.client.core.SFStatement.execute(SFStatement.java:639)&#10;at net.snowflake.client.jdbc.SnowflakeStatementV1.executeQueryInternal(SnowflakeStatementV1.java:238)&#10;at net.snowflake.client.jdbc.SnowflakeStatementV1.executeQuery(SnowflakeStatementV1.java:133)&#10;at com.zaxxer.hikari.pool.ProxyStatement.executeQuery(ProxyStatement.java:110)&#10;at com.zaxxer.hikari.pool.HikariProxyStatement.executeQuery(HikariProxyStatement.java)&#10;at org.finos.legend.engine.plan.execution.stores.relational.result.SQLExecutionResult.&lt;init&gt;(SQLExecutionResult.java:95)&#10;... 101 more&#10;&quot;}&apos;&quot;" type="Assert failure at (resource"><![CDATA[Assert failure at (resource:/platform/pure/basics/tests/assertEq.pure line:34 column:5), "500 '{"code":-1,"message":"SnowflakeSQLException: SQL compilation error:
Object 'PERSONTABLE' does not exist or not authorized.","status":"error","trace":"java.lang.RuntimeException: net.snowflake.client.jdbc.SnowflakeSQLException: SQL compilation error:
Object 'PERSONTABLE' does not exist or not authorized.
at org.finos.legend.engine.plan.execution.stores.relational.result.SQLExecutionResult.<init>(SQLExecutionResult.java:123)
at org.finos.legend.engine.plan.execution.stores.relational.RelationalExecutor.execute(RelationalExecutor.java:241)
at org.finos.legend.engine.plan.execution.stores.relational.plugin.RelationalExecutionNodeExecutor.visit(RelationalExecutionNodeExecutor.java:238)
at org.finos.legend.engine.plan.execution.stores.relational.plugin.RelationalExecutionNodeExecutor.visit(RelationalExecutionNodeExecutor.java:292)
at org.finos.legend.engine.plan.execution.stores.relational.plugin.RelationalExecutionNodeExecutor.visit(RelationalExecutionNodeExecutor.java:92)
at org.finos.legend.engine.protocol.pure.v1.model.executionPlan.nodes.RelationalClassInstantiationExecutionNode.accept(RelationalClassInstantiationExecutionNode.java:22)
at org.finos.legend.engine.plan.execution.stores.relational.RelationalExecutionExtension.lambda$getExtraNodeExecutors$fbe53481$1(RelationalExecutionExtension.java:50)
at org.finos.legend.engine.plan.execution.nodes.ExecutionNodeExecutor.lambda$visit$0(ExecutionNodeExecutor.java:164)
at java.base/java.util.stream.ReferencePipeline$3$1.accept(ReferencePipeline.java:195)
at java.base/java.util.Spliterators$ArraySpliterator.tryAdvance(Spliterators.java:958)
at java.base/java.util.stream.ReferencePipeline.forEachWithCancel(ReferencePipeline.java:127)
at java.base/java.util.stream.AbstractPipeline.copyIntoWithCancel(AbstractPipeline.java:502)
at java.base/java.util.stream.AbstractPipeline.copyInto(AbstractPipeline.java:488)
at java.base/java.util.stream.AbstractPipeline.wrapAndCopyInto(AbstractPipeline.java:474)
at java.base/java.util.stream.FindOps$FindOp.evaluateSequential(FindOps.java:150)
at java.base/java.util.stream.AbstractPipeline.evaluate(AbstractPipeline.java:234)
at java.base/java.util.stream.ReferencePipeline.findFirst(ReferencePipeline.java:543)
at org.finos.legend.engine.plan.execution.nodes.ExecutionNodeExecutor.visit(ExecutionNodeExecutor.java:164)
at org.finos.legend.engine.plan.execution.nodes.ExecutionNodeExecutor.visit(ExecutionNodeExecutor.java:107)
at org.finos.legend.engine.protocol.pure.v1.model.executionPlan.nodes.RelationalClassInstantiationExecutionNode.accept(RelationalClassInstantiationExecutionNode.java:22)
at org.finos.legend.engine.plan.execution.PlanExecutor.execute(PlanExecutor.java:238)
at org.finos.legend.engine.plan.execution.PlanExecutor.execute(PlanExecutor.java:225)
at org.finos.legend.engine.plan.execution.api.ExecutePlan.doExecutePlanLegacy(ExecutePlan.java:102)
at org.finos.legend.engine.plan.execution.api.ExecutePlan.doExecutePlan(ExecutePlan.java:84)
at org.finos.legend.engine.plan.execution.api.ExecutePlanLegacy.executePlan(ExecutePlanLegacy.java:56)
at jdk.internal.reflect.GeneratedMethodAccessor100.invoke(Unknown Source)
at java.base/jdk.internal.reflect.DelegatingMethodAccessorImpl.invoke(DelegatingMethodAccessorImpl.java:43)
at java.base/java.lang.reflect.Method.invoke(Method.java:566)
at org.glassfish.jersey.server.model.internal.ResourceMethodInvocationHandlerFactory$1.invoke(ResourceMethodInvocationHandlerFactory.java:81)
at org.glassfish.jersey.server.model.internal.AbstractJavaResourceMethodDispatcher$1.run(AbstractJavaResourceMethodDispatcher.java:144)
at org.glassfish.jersey.server.model.internal.AbstractJavaResourceMethodDispatcher.invoke(AbstractJavaResourceMethodDispatcher.java:161)
at org.glassfish.jersey.server.model.internal.JavaResourceMethodDispatcherProvider$ResponseOutInvoker.doDispatch(JavaResourceMethodDispatcherProvider.java:160)
at org.glassfish.jersey.server.model.internal.AbstractJavaResourceMethodDispatcher.dispatch(AbstractJavaResourceMethodDispatcher.java:99)
at org.glassfish.jersey.server.model.ResourceMethodInvoker.invoke(ResourceMethodInvoker.java:389)
at org.glassfish.jersey.server.model.ResourceMethodInvoker.apply(ResourceMethodInvoker.java:347)
at org.glassfish.jersey.server.model.ResourceMethodInvoker.apply(ResourceMethodInvoker.java:102)
at org.glassfish.jersey.server.ServerRuntime$2.run(ServerRuntime.java:326)
at org.glassfish.jersey.internal.Errors$1.call(Errors.java:271)
at org.glassfish.jersey.internal.Errors$1.call(Errors.java:267)
at org.glassfish.jersey.internal.Errors.process(Errors.java:315)
at org.glassfish.jersey.internal.Errors.process(Errors.java:297)
at org.glassfish.jersey.internal.Errors.process(Errors.java:267)
at org.glassfish.jersey.process.internal.RequestScope.runInScope(RequestScope.java:317)
at org.glassfish.jersey.server.ServerRuntime.process(ServerRuntime.java:305)
at org.glassfish.jersey.server.ApplicationHandler.handle(ApplicationHandler.java:1154)
at org.glassfish.jersey.servlet.WebComponent.serviceImpl(WebComponent.java:473)
at org.glassfish.jersey.servlet.WebComponent.service(WebComponent.java:427)
at org.glassfish.jersey.servlet.ServletContainer.service(ServletContainer.java:388)
at org.glassfish.jersey.servlet.ServletContainer.service(ServletContainer.java:341)
at org.glassfish.jersey.servlet.ServletContainer.service(ServletContainer.java:228)
at org.eclipse.jetty.servlet.ServletHolder.handle(ServletHolder.java:799)
at org.eclipse.jetty.servlet.ServletHandler$ChainEnd.doFilter(ServletHandler.java:1631)
at io.dropwizard.servlets.ThreadNameFilter.doFilter(ThreadNameFilter.java:35)
at org.eclipse.jetty.servlet.FilterHolder.doFilter(FilterHolder.java:193)
at org.eclipse.jetty.servlet.ServletHandler$Chain.doFilter(ServletHandler.java:1601)
at io.dropwizard.jersey.filter.AllowedMethodsFilter.handle(AllowedMethodsFilter.java:45)
at io.dropwizard.jersey.filter.AllowedMethodsFilter.doFilter(AllowedMethodsFilter.java:39)
at org.eclipse.jetty.servlet.FilterHolder.doFilter(FilterHolder.java:193)
at org.eclipse.jetty.servlet.ServletHandler$Chain.doFilter(ServletHandler.java:1601)
at org.finos.legend.server.pac4j.internal.UsernameFilter.doFilter(UsernameFilter.java:51)
at org.eclipse.jetty.servlet.FilterHolder.doFilter(FilterHolder.java:193)
at org.eclipse.jetty.servlet.ServletHandler$Chain.doFilter(ServletHandler.java:1601)
at org.pac4j.j2e.filter.SecurityFilter.lambda$internalFilter$0(SecurityFilter.java:95)
at org.pac4j.core.engine.DefaultSecurityLogic.perform(DefaultSecurityLogic.java:140)
at org.pac4j.j2e.filter.SecurityFilter.internalFilter(SecurityFilter.java:93)
at org.pac4j.j2e.filter.AbstractConfigFilter.doFilter(AbstractConfigFilter.java:81)
at org.eclipse.jetty.servlet.FilterHolder.doFilter(FilterHolder.java:193)
at org.eclipse.jetty.servlet.ServletHandler$Chain.doFilter(ServletHandler.java:1601)
at org.eclipse.jetty.servlet.ServletHandler.doHandle(ServletHandler.java:548)
at org.eclipse.jetty.server.handler.ScopedHandler.nextHandle(ScopedHandler.java:233)
at org.eclipse.jetty.server.session.SessionHandler.doHandle(SessionHandler.java:1624)
at org.eclipse.jetty.server.handler.ScopedHandler.nextHandle(ScopedHandler.java:233)
at org.eclipse.jetty.server.handler.ContextHandler.doHandle(ContextHandler.java:1434)
at org.eclipse.jetty.server.handler.ScopedHandler.nextScope(ScopedHandler.java:188)
at org.eclipse.jetty.servlet.ServletHandler.doScope(ServletHandler.java:501)
at org.eclipse.jetty.server.session.SessionHandler.doScope(SessionHandler.java:1594)
at org.eclipse.jetty.server.handler.ScopedHandler.nextScope(ScopedHandler.java:186)
at org.eclipse.jetty.server.handler.ContextHandler.doScope(ContextHandler.java:1349)
at org.eclipse.jetty.server.handler.ScopedHandler.handle(ScopedHandler.java:141)
at org.eclipse.jetty.server.handler.HandlerWrapper.handle(HandlerWrapper.java:127)
at com.codahale.metrics.jetty9.InstrumentedHandler.handle(InstrumentedHandler.java:313)
at io.dropwizard.jetty.ContextRoutingHandler.handle(ContextRoutingHandler.java:37)
at org.eclipse.jetty.server.handler.gzip.GzipHandler.handle(GzipHandler.java:713)
at io.dropwizard.jetty.BiDiGzipHandler.handle(BiDiGzipHandler.java:67)
at org.eclipse.jetty.server.handler.StatisticsHandler.handle(StatisticsHandler.java:179)
at org.eclipse.jetty.server.handler.HandlerWrapper.handle(HandlerWrapper.java:127)
at org.eclipse.jetty.server.Server.handle(Server.java:516)
at org.eclipse.jetty.server.HttpChannel.lambda$handle$1(HttpChannel.java:400)
at org.eclipse.jetty.server.HttpChannel.dispatch(HttpChannel.java:645)
at org.eclipse.jetty.server.HttpChannel.handle(HttpChannel.java:392)
at org.eclipse.jetty.server.HttpConnection.onFillable(HttpConnection.java:277)
at org.eclipse.jetty.io.AbstractConnection$ReadCallback.succeeded(AbstractConnection.java:311)
at org.eclipse.jetty.io.FillInterest.fillable(FillInterest.java:105)
at org.eclipse.jetty.io.ChannelEndPoint$1.run(ChannelEndPoint.java:104)
at org.eclipse.jetty.util.thread.strategy.EatWhatYouKill.runTask(EatWhatYouKill.java:338)
at org.eclipse.jetty.util.thread.strategy.EatWhatYouKill.doProduce(EatWhatYouKill.java:315)
at org.eclipse.jetty.util.thread.strategy.EatWhatYouKill.tryProduce(EatWhatYouKill.java:173)
at org.eclipse.jetty.util.thread.strategy.EatWhatYouKill.run(EatWhatYouKill.java:131)
at org.eclipse.jetty.util.thread.ReservedThreadExecutor$ReservedThread.run(ReservedThreadExecutor.java:409)
at org.eclipse.jetty.util.thread.QueuedThreadPool.runJob(QueuedThreadPool.java:883)
at org.eclipse.jetty.util.thread.QueuedThreadPool$Runner.run(QueuedThreadPool.java:1034)
at java.base/java.lang.Thread.run(Thread.java:829)
Caused by: net.snowflake.client.jdbc.SnowflakeSQLException: SQL compilation error:
Object 'PERSONTABLE' does not exist or not authorized.
at net.snowflake.client.jdbc.SnowflakeUtil.checkErrorAndThrowExceptionSub(SnowflakeUtil.java:127)
at net.snowflake.client.jdbc.SnowflakeUtil.checkErrorAndThrowException(SnowflakeUtil.java:67)
at net.snowflake.client.core.StmtUtil.pollForOutput(StmtUtil.java:442)
at net.snowflake.client.core.StmtUtil.execute(StmtUtil.java:345)
at net.snowflake.client.core.SFStatement.executeHelper(SFStatement.java:486)
at net.snowflake.client.core.SFStatement.executeQueryInternal(SFStatement.java:197)
at net.snowflake.client.core.SFStatement.executeQuery(SFStatement.java:134)
at net.snowflake.client.core.SFStatement.execute(SFStatement.java:743)
at net.snowflake.client.core.SFStatement.execute(SFStatement.java:639)
at net.snowflake.client.jdbc.SnowflakeStatementV1.executeQueryInternal(SnowflakeStatementV1.java:238)
at net.snowflake.client.jdbc.SnowflakeStatementV1.executeQuery(SnowflakeStatementV1.java:133)
at com.zaxxer.hikari.pool.ProxyStatement.executeQuery(ProxyStatement.java:110)
at com.zaxxer.hikari.pool.HikariProxyStatement.executeQuery(HikariProxyStatement.java)
at org.finos.legend.engine.plan.execution.stores.relational.result.SQLExecutionResult.<init>(SQLExecutionResult.java:95)
... 101 more
"}'"
	at org.finos.legend.pure.runtime.java.compiled.generation.processors.support.CompiledSupport.pureAssert(CompiledSupport.java:1994)
	at org.finos.legend.pure.generated.platform_pure_basics_tests_assertEq.Root_meta_pure_functions_asserts_assertEq_Any_1__Any_1__Function_1__Boolean_1_(platform_pure_basics_tests_assertEq.java:44)
	at org.finos.legend.pure.generated.core_pure_protocol_vX_X_X_invocations_execution.Root_meta_protocols_pure_vX_X_X_invocation_execution_execute_executePlan_String_1__String_1__Integer_1__String_1_(core_pure_protocol_vX_X_X_invocations_execution.java:751)
	at org.finos.legend.pure.generated.core_pure_protocol_vX_X_X_invocations_execution.Root_meta_protocols_pure_vX_X_X_invocation_execution_execute_executePlan_ExecutionPlan_1__String_1__Integer_1__Extension_MANY__String_1_(core_pure_protocol_vX_X_X_invocations_execution.java:745)
	at org.finos.legend.pure.generated.core_pure_protocol_vX_X_X_invocations_execution.Root_meta_protocols_pure_vX_X_X_invocation_execution_execute_executePlan_ExecutionPlan_1__ExecutionContext_$0_1$__String_1__Integer_1__Extension_MANY__Result_1_(core_pure_protocol_vX_X_X_invocations_execution.java:738)
	at jdk.internal.reflect.GeneratedMethodAccessor96.invoke(Unknown Source)
	at java.base/jdk.internal.reflect.DelegatingMethodAccessorImpl.invoke(DelegatingMethodAccessorImpl.java:43)
	at java.base/java.lang.reflect.Method.invoke(Method.java:566)
	at org.finos.legend.pure.runtime.java.compiled.metadata.JavaMethodWithParamsSharedPureFunction.execute(JavaMethodWithParamsSharedPureFunction.java:59)
	at org.finos.legend.pure.runtime.java.compiled.generation.processors.support.Pure._evaluateToMany(Pure.java:546)
	at org.finos.legend.pure.generated.CoreGen.evaluateToMany(CoreGen.java:147)
	at org.finos.legend.pure.generated.CoreGen.evaluateToMany(CoreGen.java:134)
	at org.finos.legend.pure.generated.core_pure_router_router_entry$9$1.value(core_pure_router_router_entry.java:318)
	at org.finos.legend.pure.generated.core_pure_router_router_entry$9$1.execute(core_pure_router_router_entry.java:311)
	at org.finos.legend.pure.generated.core_pure_router_router_entry$9$1.execute(core_pure_router_router_entry.java:307)
	at org.finos.legend.pure.runtime.java.compiled.generation.processors.support.Pure.evaluate(Pure.java:485)
	at org.finos.legend.pure.runtime.java.compiled.generation.processors.support.Pure.legendTest(Pure.java:216)
	at org.finos.legend.pure.generated.CoreGen.legendTest(CoreGen.java:61)
	at org.finos.legend.pure.generated.core_pure_router_router_entry$9.valueOf(core_pure_router_router_entry.java:303)
	at org.finos.legend.pure.generated.core_pure_router_router_entry$9.execute(core_pure_router_router_entry.java:298)
	at org.finos.legend.pure.generated.core_pure_router_router_entry$9.execute(core_pure_router_router_entry.java:294)
	at org.finos.legend.pure.runtime.java.compiled.generation.processors.support.Pure.evaluate(Pure.java:485)
	at org.finos.legend.pure.runtime.java.compiled.generation.processors.support.Pure.traceSpan(Pure.java:1482)
	at org.finos.legend.pure.generated.CoreGen.traceSpan(CoreGen.java:203)
	at org.finos.legend.pure.generated.core_pure_router_router_entry.Root_meta_pure_router_executePlan_ExecutionPlan_1__ExecutionContext_1__Extension_MANY__Result_$0_1$_(core_pure_router_router_entry.java:290)
	at org.finos.legend.pure.generated.core_pure_router_router_entry.Root_meta_pure_router_executePlan_ExecutionPlan_1__Extension_MANY__Result_$0_1$_(core_pure_router_router_entry.java:285)
	at org.finos.legend.pure.generated.core_relational_relational_sqlQueryToString_dbTestRunner_executionPlanTestRunner$19.execute(core_relational_relational_sqlQueryToString_dbTestRunner_executionPlanTestRunner.java:305)
	at org.finos.legend.pure.generated.core_relational_relational_sqlQueryToString_dbTestRunner_executionPlanTestRunner.Root_meta_relational_dbTestRunner_executeViaPlan_FunctionDefinition_1__Mapping_1__Database_1__DbTestConfig_1__Extension_MANY__Result_$0_1$_(core_relational_relational_sqlQueryToString_dbTestRunner_executionPlanTestRunner.java:309)
	at org.finos.legend.pure.generated.core_relational_relational_sqlQueryToString_testSuite_selectSubClauses_filters.Root_meta_relational_tests_dbSpecificTests_sqlQueryTests_selectSubClauses_filters_testFilterAfterFilter_DbTestConfig_1__Boolean_1_(core_relational_relational_sqlQueryToString_testSuite_selectSubClauses_filters.java:847)
	at java.base/jdk.internal.reflect.NativeMethodAccessorImpl.invoke0(Native Method)
	at java.base/jdk.internal.reflect.NativeMethodAccessorImpl.invoke(NativeMethodAccessorImpl.java:62)
	at java.base/jdk.internal.reflect.DelegatingMethodAccessorImpl.invoke(DelegatingMethodAccessorImpl.java:43)
	at java.base/java.lang.reflect.Method.invoke(Method.java:566)
	at org.finos.legend.pure.runtime.java.compiled.testHelper.PureTestBuilderCompiled.executeFn(PureTestBuilderCompiled.java:113)
	at org.finos.legend.pure.runtime.java.compiled.testHelper.PureTestBuilderCompiled.lambda$buildSuite$0(PureTestBuilderCompiled.java:79)
	at org.finos.legend.pure.m3.execution.test.PureTestBuilder$PureTestCase.runTest(PureTestBuilder.java:95)
	at junit.framework.TestCase.runBare(TestCase.java:142)
	at org.finos.legend.engine.server.test.shared.Relational_DbSpecific_UsingPureClientTestSuite$2.runTest(Relational_DbSpecific_UsingPureClientTestSuite.java:90)
	at junit.framework.TestCase.runBare(TestCase.java:142)
	at junit.framework.TestResult$1.protect(TestResult.java:122)
	at junit.framework.TestResult.runProtected(TestResult.java:142)
	at junit.framework.TestResult.run(TestResult.java:125)
	at junit.framework.TestCase.run(TestCase.java:130)
	at junit.framework.TestSuite.runTest(TestSuite.java:241)
	at junit.framework.TestSuite.run(TestSuite.java:236)
	at junit.framework.TestSuite.runTest(TestSuite.java:241)
	at junit.framework.TestSuite.run(TestSuite.java:236)
	at junit.framework.TestSuite.runTest(TestSuite.java:241)
	at junit.framework.TestSuite.run(TestSuite.java:236)
	at junit.framework.TestSuite.runTest(TestSuite.java:241)
	at junit.framework.TestSuite.run(TestSuite.java:236)
	at junit.framework.TestSuite.runTest(TestSuite.java:241)
	at junit.framework.TestSuite.run(TestSuite.java:236)
	at junit.extensions.TestDecorator.basicRun(TestDecorator.java:24)
	at junit.extensions.TestSetup$1.protect(TestSetup.java:23)
	at junit.framework.TestResult.runProtected(TestResult.java:142)
	at junit.extensions.TestSetup.run(TestSetup.java:27)
	at org.junit.internal.runners.JUnit38ClassRunner.run(JUnit38ClassRunner.java:90)
	at org.apache.maven.surefire.junit4.JUnit4Provider.execute(JUnit4Provider.java:365)
	at org.apache.maven.surefire.junit4.JUnit4Provider.executeWithRerun(JUnit4Provider.java:273)
	at org.apache.maven.surefire.junit4.JUnit4Provider.executeTestSet(JUnit4Provider.java:238)
	at org.apache.maven.surefire.junit4.JUnit4Provider.invoke(JUnit4Provider.java:159)
	at org.apache.maven.surefire.booter.ForkedBooter.invokeProviderInSameClassLoader(ForkedBooter.java:384)
	at org.apache.maven.surefire.booter.ForkedBooter.runSuitesInProcess(ForkedBooter.java:345)
	at org.apache.maven.surefire.booter.ForkedBooter.execute(ForkedBooter.java:126)
	at org.apache.maven.surefire.booter.ForkedBooter.main(ForkedBooter.java:418)
]]></error>
    <system-out><![CDATA[Running db test selectSubClauses::filters::testFilterAfterFilter
{"duration":0.0,"eventType":"EXECUTION_PLAN_EXEC_ERROR","info":{"code":-1,"message":"SnowflakeSQLException: SQL compilation error:\nObject 'PERSONTABLE' does not exist or not authorized.","status":"error","trace":"java.lang.RuntimeException: net.snowflake.client.jdbc.SnowflakeSQLException: SQL compilation error:\nObject 'PERSONTABLE' does not exist or not authorized.\n\tat org.finos.legend.engine.plan.execution.stores.relational.result.SQLExecutionResult.<init>(SQLExecutionResult.java:123)\n\tat org.finos.legend.engine.plan.execution.stores.relational.RelationalExecutor.execute(RelationalExecutor.java:241)\n\tat org.finos.legend.engine.plan.execution.stores.relational.plugin.RelationalExecutionNodeExecutor.visit(RelationalExecutionNodeExecutor.java:238)\n\tat org.finos.legend.engine.plan.execution.stores.relational.plugin.RelationalExecutionNodeExecutor.visit(RelationalExecutionNodeExecutor.java:292)\n\tat org.finos.legend.engine.plan.execution.stores.relational.plugin.RelationalExecutionNodeExecutor.visit(RelationalExecutionNodeExecutor.java:92)\n\tat org.finos.legend.engine.protocol.pure.v1.model.executionPlan.nodes.RelationalClassInstantiationExecutionNode.accept(RelationalClassInstantiationExecutionNode.java:22)\n\tat org.finos.legend.engine.plan.execution.stores.relational.RelationalExecutionExtension.lambda$getExtraNodeExecutors$fbe53481$1(RelationalExecutionExtension.java:50)\n\tat org.finos.legend.engine.plan.execution.nodes.ExecutionNodeExecutor.lambda$visit$0(ExecutionNodeExecutor.java:164)\n\tat java.base/java.util.stream.ReferencePipeline$3$1.accept(ReferencePipeline.java:195)\n\tat java.base/java.util.Spliterators$ArraySpliterator.tryAdvance(Spliterators.java:958)\n\tat java.base/java.util.stream.ReferencePipeline.forEachWithCancel(ReferencePipeline.java:127)\n\tat java.base/java.util.stream.AbstractPipeline.copyIntoWithCancel(AbstractPipeline.java:502)\n\tat java.base/java.util.stream.AbstractPipeline.copyInto(AbstractPipeline.java:488)\n\tat java.base/java.util.stream.AbstractPipeline.wrapAndCopyInto(AbstractPipeline.java:474)\n\tat java.base/java.util.stream.FindOps$FindOp.evaluateSequential(FindOps.java:150)\n\tat java.base/java.util.stream.AbstractPipeline.evaluate(AbstractPipeline.java:234)\n\tat java.base/java.util.stream.ReferencePipeline.findFirst(ReferencePipeline.java:543)\n\tat org.finos.legend.engine.plan.execution.nodes.ExecutionNodeExecutor.visit(ExecutionNodeExecutor.java:164)\n\tat org.finos.legend.engine.plan.execution.nodes.ExecutionNodeExecutor.visit(ExecutionNodeExecutor.java:107)\n\tat org.finos.legend.engine.protocol.pure.v1.model.executionPlan.nodes.RelationalClassInstantiationExecutionNode.accept(RelationalClassInstantiationExecutionNode.java:22)\n\tat org.finos.legend.engine.plan.execution.PlanExecutor.execute(PlanExecutor.java:238)\n\tat org.finos.legend.engine.plan.execution.PlanExecutor.execute(PlanExecutor.java:225)\n\tat org.finos.legend.engine.plan.execution.api.ExecutePlan.doExecutePlanLegacy(ExecutePlan.java:102)\n\tat org.finos.legend.engine.plan.execution.api.ExecutePlan.doExecutePlan(ExecutePlan.java:84)\n\tat org.finos.legend.engine.plan.execution.api.ExecutePlanLegacy.executePlan(ExecutePlanLegacy.java:56)\n\tat jdk.internal.reflect.GeneratedMethodAccessor100.invoke(Unknown Source)\n\tat java.base/jdk.internal.reflect.DelegatingMethodAccessorImpl.invoke(DelegatingMethodAccessorImpl.java:43)\n\tat java.base/java.lang.reflect.Method.invoke(Method.java:566)\n\tat org.glassfish.jersey.server.model.internal.ResourceMethodInvocationHandlerFactory$1.invoke(ResourceMethodInvocationHandlerFactory.java:81)\n\tat org.glassfish.jersey.server.model.internal.AbstractJavaResourceMethodDispatcher$1.run(AbstractJavaResourceMethodDispatcher.java:144)\n\tat org.glassfish.jersey.server.model.internal.AbstractJavaResourceMethodDispatcher.invoke(AbstractJavaResourceMethodDispatcher.java:161)\n\tat org.glassfish.jersey.server.model.internal.JavaResourceMethodDispatcherProvider$ResponseOutInvoker.doDispatch(JavaResourceMethodDispatcherProvider.java:160)\n\tat org.glassfish.jersey.server.model.internal.AbstractJavaResourceMethodDispatcher.dispatch(AbstractJavaResourceMethodDispatcher.java:99)\n\tat org.glassfish.jersey.server.model.ResourceMethodInvoker.invoke(ResourceMethodInvoker.java:389)\n\tat org.glassfish.jersey.server.model.ResourceMethodInvoker.apply(ResourceMethodInvoker.java:347)\n\tat org.glassfish.jersey.server.model.ResourceMethodInvoker.apply(ResourceMethodInvoker.java:102)\n\tat org.glassfish.jersey.server.ServerRuntime$2.run(ServerRuntime.java:326)\n\tat org.glassfish.jersey.internal.Errors$1.call(Errors.java:271)\n\tat org.glassfish.jersey.internal.Errors$1.call(Errors.java:267)\n\tat org.glassfish.jersey.internal.Errors.process(Errors.java:315)\n\tat org.glassfish.jersey.internal.Errors.process(Errors.java:297)\n\tat org.glassfish.jersey.internal.Errors.process(Errors.java:267)\n\tat org.glassfish.jersey.process.internal.RequestScope.runInScope(RequestScope.java:317)\n\tat org.glassfish.jersey.server.ServerRuntime.process(ServerRuntime.java:305)\n\tat org.glassfish.jersey.server.ApplicationHandler.handle(ApplicationHandler.java:1154)\n\tat org.glassfish.jersey.servlet.WebComponent.serviceImpl(WebComponent.java:473)\n\tat org.glassfish.jersey.servlet.WebComponent.service(WebComponent.java:427)\n\tat org.glassfish.jersey.servlet.ServletContainer.service(ServletContainer.java:388)\n\tat org.glassfish.jersey.servlet.ServletContainer.service(ServletContainer.java:341)\n\tat org.glassfish.jersey.servlet.ServletContainer.service(ServletContainer.java:228)\n\tat org.eclipse.jetty.servlet.ServletHolder.handle(ServletHolder.java:799)\n\tat org.eclipse.jetty.servlet.ServletHandler$ChainEnd.doFilter(ServletHandler.java:1631)\n\tat io.dropwizard.servlets.ThreadNameFilter.doFilter(ThreadNameFilter.java:35)\n\tat org.eclipse.jetty.servlet.FilterHolder.doFilter(FilterHolder.java:193)\n\tat org.eclipse.jetty.servlet.ServletHandler$Chain.doFilter(ServletHandler.java:1601)\n\tat io.dropwizard.jersey.filter.AllowedMethodsFilter.handle(AllowedMethodsFilter.java:45)\n\tat io.dropwizard.jersey.filter.AllowedMethodsFilter.doFilter(AllowedMethodsFilter.java:39)\n\tat org.eclipse.jetty.servlet.FilterHolder.doFilter(FilterHolder.java:193)\n\tat org.eclipse.jetty.servlet.ServletHandler$Chain.doFilter(ServletHandler.java:1601)\n\tat org.finos.legend.server.pac4j.internal.UsernameFilter.doFilter(UsernameFilter.java:51)\n\tat org.eclipse.jetty.servlet.FilterHolder.doFilter(FilterHolder.java:193)\n\tat org.eclipse.jetty.servlet.ServletHandler$Chain.doFilter(ServletHandler.java:1601)\n\tat org.pac4j.j2e.filter.SecurityFilter.lambda$internalFilter$0(SecurityFilter.java:95)\n\tat org.pac4j.core.engine.DefaultSecurityLogic.perform(DefaultSecurityLogic.java:140)\n\tat org.pac4j.j2e.filter.SecurityFilter.internalFilter(SecurityFilter.java:93)\n\tat org.pac4j.j2e.filter.AbstractConfigFilter.doFilter(AbstractConfigFilter.java:81)\n\tat org.eclipse.jetty.servlet.FilterHolder.doFilter(FilterHolder.java:193)\n\tat org.eclipse.jetty.servlet.ServletHandler$Chain.doFilter(ServletHandler.java:1601)\n\tat org.eclipse.jetty.servlet.ServletHandler.doHandle(ServletHandler.java:548)\n\tat org.eclipse.jetty.server.handler.ScopedHandler.nextHandle(ScopedHandler.java:233)\n\tat org.eclipse.jetty.server.session.SessionHandler.doHandle(SessionHandler.java:1624)\n\tat org.eclipse.jetty.server.handler.ScopedHandler.nextHandle(ScopedHandler.java:233)\n\tat org.eclipse.jetty.server.handler.ContextHandler.doHandle(ContextHandler.java:1434)\n\tat org.eclipse.jetty.server.handler.ScopedHandler.nextScope(ScopedHandler.java:188)\n\tat org.eclipse.jetty.servlet.ServletHandler.doScope(ServletHandler.java:501)\n\tat org.eclipse.jetty.server.session.SessionHandler.doScope(SessionHandler.java:1594)\n\tat org.eclipse.jetty.server.handler.ScopedHandler.nextScope(ScopedHandler.java:186)\n\tat org.eclipse.jetty.server.handler.ContextHandler.doScope(ContextHandler.java:1349)\n\tat org.eclipse.jetty.server.handler.ScopedHandler.handle(ScopedHandler.java:141)\n\tat org.eclipse.jetty.server.handler.HandlerWrapper.handle(HandlerWrapper.java:127)\n\tat com.codahale.metrics.jetty9.InstrumentedHandler.handle(InstrumentedHandler.java:313)\n\tat io.dropwizard.jetty.ContextRoutingHandler.handle(ContextRoutingHandler.java:37)\n\tat org.eclipse.jetty.server.handler.gzip.GzipHandler.handle(GzipHandler.java:713)\n\tat io.dropwizard.jetty.BiDiGzipHandler.handle(BiDiGzipHandler.java:67)\n\tat org.eclipse.jetty.server.handler.StatisticsHandler.handle(StatisticsHandler.java:179)\n\tat org.eclipse.jetty.server.handler.HandlerWrapper.handle(HandlerWrapper.java:127)\n\tat org.eclipse.jetty.server.Server.handle(Server.java:516)\n\tat org.eclipse.jetty.server.HttpChannel.lambda$handle$1(HttpChannel.java:400)\n\tat org.eclipse.jetty.server.HttpChannel.dispatch(HttpChannel.java:645)\n\tat org.eclipse.jetty.server.HttpChannel.handle(HttpChannel.java:392)\n\tat org.eclipse.jetty.server.HttpConnection.onFillable(HttpConnection.java:277)\n\tat org.eclipse.jetty.io.AbstractConnection$ReadCallback.succeeded(AbstractConnection.java:311)\n\tat org.eclipse.jetty.io.FillInterest.fillable(FillInterest.java:105)\n\tat org.eclipse.jetty.io.ChannelEndPoint$1.run(ChannelEndPoint.java:104)\n\tat org.eclipse.jetty.util.thread.strategy.EatWhatYouKill.runTask(EatWhatYouKill.java:338)\n\tat org.eclipse.jetty.util.thread.strategy.EatWhatYouKill.doProduce(EatWhatYouKill.java:315)\n\tat org.eclipse.jetty.util.thread.strategy.EatWhatYouKill.tryProduce(EatWhatYouKill.java:173)\n\tat org.eclipse.jetty.util.thread.strategy.EatWhatYouKill.run(EatWhatYouKill.java:131)\n\tat org.eclipse.jetty.util.thread.ReservedThreadExecutor$ReservedThread.run(ReservedThreadExecutor.java:409)\n\tat org.eclipse.jetty.util.thread.QueuedThreadPool.runJob(QueuedThreadPool.java:883)\n\tat org.eclipse.jetty.util.thread.QueuedThreadPool$Runner.run(QueuedThreadPool.java:1034)\n\tat java.base/java.lang.Thread.run(Thread.java:829)\nCaused by: net.snowflake.client.jdbc.SnowflakeSQLException: SQL compilation error:\nObject 'PERSONTABLE' does not exist or not authorized.\n\tat net.snowflake.client.jdbc.SnowflakeUtil.checkErrorAndThrowExceptionSub(SnowflakeUtil.java:127)\n\tat net.snowflake.client.jdbc.SnowflakeUtil.checkErrorAndThrowException(SnowflakeUtil.java:67)\n\tat net.snowflake.client.core.StmtUtil.pollForOutput(StmtUtil.java:442)\n\tat net.snowflake.client.core.StmtUtil.execute(StmtUtil.java:345)\n\tat net.snowflake.client.core.SFStatement.executeHelper(SFStatement.java:486)\n\tat net.snowflake.client.core.SFStatement.executeQueryInternal(SFStatement.java:197)\n\tat net.snowflake.client.core.SFStatement.executeQuery(SFStatement.java:134)\n\tat net.snowflake.client.core.SFStatement.execute(SFStatement.java:743)\n\tat net.snowflake.client.core.SFStatement.execute(SFStatement.java:639)\n\tat net.snowflake.client.jdbc.SnowflakeStatementV1.executeQueryInternal(SnowflakeStatementV1.java:238)\n\tat net.snowflake.client.jdbc.SnowflakeStatementV1.executeQuery(SnowflakeStatementV1.java:133)\n\tat com.zaxxer.hikari.pool.ProxyStatement.executeQuery(ProxyStatement.java:110)\n\tat com.zaxxer.hikari.pool.HikariProxyStatement.executeQuery(HikariProxyStatement.java)\n\tat org.finos.legend.engine.plan.execution.stores.relational.result.SQLExecutionResult.<init>(SQLExecutionResult.java:95)\n\t... 101 more\n"},"mode":"DEV","timeStamp":"2023-02-23 01:31:37.287","user":"_UNKNOWN_"}
| **selectSubClauses::filters::testFilterAfterFilter** | failing :x: |
]]></system-out>
  </testcase>
  <testcase name="testFilterMultipleExpressions[Snowflake]" classname="org.finos.legend.engine.server.test.shared.Relational_DbSpecific_UsingPureClientTestSuite$2" time="0.865">
    <error message="Assert failure at (resource:/platform/pure/basics/tests/assertEq.pure line:34 column:5), &quot;500 &apos;{&quot;code&quot;:-1,&quot;message&quot;:&quot;SnowflakeSQLException: SQL compilation error:&#10;Object &apos;PERSONTABLE&apos; does not exist or not authorized.&quot;,&quot;status&quot;:&quot;error&quot;,&quot;trace&quot;:&quot;java.lang.RuntimeException: net.snowflake.client.jdbc.SnowflakeSQLException: SQL compilation error:&#10;Object &apos;PERSONTABLE&apos; does not exist or not authorized.&#10;at org.finos.legend.engine.plan.execution.stores.relational.result.SQLExecutionResult.&lt;init&gt;(SQLExecutionResult.java:123)&#10;at org.finos.legend.engine.plan.execution.stores.relational.RelationalExecutor.execute(RelationalExecutor.java:241)&#10;at org.finos.legend.engine.plan.execution.stores.relational.plugin.RelationalExecutionNodeExecutor.visit(RelationalExecutionNodeExecutor.java:238)&#10;at org.finos.legend.engine.plan.execution.stores.relational.plugin.RelationalExecutionNodeExecutor.visit(RelationalExecutionNodeExecutor.java:252)&#10;at org.finos.legend.engine.plan.execution.stores.relational.plugin.RelationalExecutionNodeExecutor.visit(RelationalExecutionNodeExecutor.java:92)&#10;at org.finos.legend.engine.protocol.pure.v1.model.executionPlan.nodes.RelationalTdsInstantiationExecutionNode.accept(RelationalTdsInstantiationExecutionNode.java:22)&#10;at org.finos.legend.engine.plan.execution.stores.relational.RelationalExecutionExtension.lambda$getExtraNodeExecutors$fbe53481$1(RelationalExecutionExtension.java:50)&#10;at org.finos.legend.engine.plan.execution.nodes.ExecutionNodeExecutor.lambda$visit$0(ExecutionNodeExecutor.java:164)&#10;at java.base/java.util.stream.ReferencePipeline$3$1.accept(ReferencePipeline.java:195)&#10;at java.base/java.util.Spliterators$ArraySpliterator.tryAdvance(Spliterators.java:958)&#10;at java.base/java.util.stream.ReferencePipeline.forEachWithCancel(ReferencePipeline.java:127)&#10;at java.base/java.util.stream.AbstractPipeline.copyIntoWithCancel(AbstractPipeline.java:502)&#10;at java.base/java.util.stream.AbstractPipeline.copyInto(AbstractPipeline.java:488)&#10;at java.base/java.util.stream.AbstractPipeline.wrapAndCopyInto(AbstractPipeline.java:474)&#10;at java.base/java.util.stream.FindOps$FindOp.evaluateSequential(FindOps.java:150)&#10;at java.base/java.util.stream.AbstractPipeline.evaluate(AbstractPipeline.java:234)&#10;at java.base/java.util.stream.ReferencePipeline.findFirst(ReferencePipeline.java:543)&#10;at org.finos.legend.engine.plan.execution.nodes.ExecutionNodeExecutor.visit(ExecutionNodeExecutor.java:164)&#10;at org.finos.legend.engine.plan.execution.nodes.ExecutionNodeExecutor.visit(ExecutionNodeExecutor.java:107)&#10;at org.finos.legend.engine.protocol.pure.v1.model.executionPlan.nodes.RelationalTdsInstantiationExecutionNode.accept(RelationalTdsInstantiationExecutionNode.java:22)&#10;at org.finos.legend.engine.plan.execution.PlanExecutor.execute(PlanExecutor.java:238)&#10;at org.finos.legend.engine.plan.execution.PlanExecutor.execute(PlanExecutor.java:225)&#10;at org.finos.legend.engine.plan.execution.api.ExecutePlan.doExecutePlanLegacy(ExecutePlan.java:102)&#10;at org.finos.legend.engine.plan.execution.api.ExecutePlan.doExecutePlan(ExecutePlan.java:84)&#10;at org.finos.legend.engine.plan.execution.api.ExecutePlanLegacy.executePlan(ExecutePlanLegacy.java:56)&#10;at jdk.internal.reflect.GeneratedMethodAccessor100.invoke(Unknown Source)&#10;at java.base/jdk.internal.reflect.DelegatingMethodAccessorImpl.invoke(DelegatingMethodAccessorImpl.java:43)&#10;at java.base/java.lang.reflect.Method.invoke(Method.java:566)&#10;at org.glassfish.jersey.server.model.internal.ResourceMethodInvocationHandlerFactory$1.invoke(ResourceMethodInvocationHandlerFactory.java:81)&#10;at org.glassfish.jersey.server.model.internal.AbstractJavaResourceMethodDispatcher$1.run(AbstractJavaResourceMethodDispatcher.java:144)&#10;at org.glassfish.jersey.server.model.internal.AbstractJavaResourceMethodDispatcher.invoke(AbstractJavaResourceMethodDispatcher.java:161)&#10;at org.glassfish.jersey.server.model.internal.JavaResourceMethodDispatcherProvider$ResponseOutInvoker.doDispatch(JavaResourceMethodDispatcherProvider.java:160)&#10;at org.glassfish.jersey.server.model.internal.AbstractJavaResourceMethodDispatcher.dispatch(AbstractJavaResourceMethodDispatcher.java:99)&#10;at org.glassfish.jersey.server.model.ResourceMethodInvoker.invoke(ResourceMethodInvoker.java:389)&#10;at org.glassfish.jersey.server.model.ResourceMethodInvoker.apply(ResourceMethodInvoker.java:347)&#10;at org.glassfish.jersey.server.model.ResourceMethodInvoker.apply(ResourceMethodInvoker.java:102)&#10;at org.glassfish.jersey.server.ServerRuntime$2.run(ServerRuntime.java:326)&#10;at org.glassfish.jersey.internal.Errors$1.call(Errors.java:271)&#10;at org.glassfish.jersey.internal.Errors$1.call(Errors.java:267)&#10;at org.glassfish.jersey.internal.Errors.process(Errors.java:315)&#10;at org.glassfish.jersey.internal.Errors.process(Errors.java:297)&#10;at org.glassfish.jersey.internal.Errors.process(Errors.java:267)&#10;at org.glassfish.jersey.process.internal.RequestScope.runInScope(RequestScope.java:317)&#10;at org.glassfish.jersey.server.ServerRuntime.process(ServerRuntime.java:305)&#10;at org.glassfish.jersey.server.ApplicationHandler.handle(ApplicationHandler.java:1154)&#10;at org.glassfish.jersey.servlet.WebComponent.serviceImpl(WebComponent.java:473)&#10;at org.glassfish.jersey.servlet.WebComponent.service(WebComponent.java:427)&#10;at org.glassfish.jersey.servlet.ServletContainer.service(ServletContainer.java:388)&#10;at org.glassfish.jersey.servlet.ServletContainer.service(ServletContainer.java:341)&#10;at org.glassfish.jersey.servlet.ServletContainer.service(ServletContainer.java:228)&#10;at org.eclipse.jetty.servlet.ServletHolder.handle(ServletHolder.java:799)&#10;at org.eclipse.jetty.servlet.ServletHandler$ChainEnd.doFilter(ServletHandler.java:1631)&#10;at io.dropwizard.servlets.ThreadNameFilter.doFilter(ThreadNameFilter.java:35)&#10;at org.eclipse.jetty.servlet.FilterHolder.doFilter(FilterHolder.java:193)&#10;at org.eclipse.jetty.servlet.ServletHandler$Chain.doFilter(ServletHandler.java:1601)&#10;at io.dropwizard.jersey.filter.AllowedMethodsFilter.handle(AllowedMethodsFilter.java:45)&#10;at io.dropwizard.jersey.filter.AllowedMethodsFilter.doFilter(AllowedMethodsFilter.java:39)&#10;at org.eclipse.jetty.servlet.FilterHolder.doFilter(FilterHolder.java:193)&#10;at org.eclipse.jetty.servlet.ServletHandler$Chain.doFilter(ServletHandler.java:1601)&#10;at org.finos.legend.server.pac4j.internal.UsernameFilter.doFilter(UsernameFilter.java:51)&#10;at org.eclipse.jetty.servlet.FilterHolder.doFilter(FilterHolder.java:193)&#10;at org.eclipse.jetty.servlet.ServletHandler$Chain.doFilter(ServletHandler.java:1601)&#10;at org.pac4j.j2e.filter.SecurityFilter.lambda$internalFilter$0(SecurityFilter.java:95)&#10;at org.pac4j.core.engine.DefaultSecurityLogic.perform(DefaultSecurityLogic.java:140)&#10;at org.pac4j.j2e.filter.SecurityFilter.internalFilter(SecurityFilter.java:93)&#10;at org.pac4j.j2e.filter.AbstractConfigFilter.doFilter(AbstractConfigFilter.java:81)&#10;at org.eclipse.jetty.servlet.FilterHolder.doFilter(FilterHolder.java:193)&#10;at org.eclipse.jetty.servlet.ServletHandler$Chain.doFilter(ServletHandler.java:1601)&#10;at org.eclipse.jetty.servlet.ServletHandler.doHandle(ServletHandler.java:548)&#10;at org.eclipse.jetty.server.handler.ScopedHandler.nextHandle(ScopedHandler.java:233)&#10;at org.eclipse.jetty.server.session.SessionHandler.doHandle(SessionHandler.java:1624)&#10;at org.eclipse.jetty.server.handler.ScopedHandler.nextHandle(ScopedHandler.java:233)&#10;at org.eclipse.jetty.server.handler.ContextHandler.doHandle(ContextHandler.java:1434)&#10;at org.eclipse.jetty.server.handler.ScopedHandler.nextScope(ScopedHandler.java:188)&#10;at org.eclipse.jetty.servlet.ServletHandler.doScope(ServletHandler.java:501)&#10;at org.eclipse.jetty.server.session.SessionHandler.doScope(SessionHandler.java:1594)&#10;at org.eclipse.jetty.server.handler.ScopedHandler.nextScope(ScopedHandler.java:186)&#10;at org.eclipse.jetty.server.handler.ContextHandler.doScope(ContextHandler.java:1349)&#10;at org.eclipse.jetty.server.handler.ScopedHandler.handle(ScopedHandler.java:141)&#10;at org.eclipse.jetty.server.handler.HandlerWrapper.handle(HandlerWrapper.java:127)&#10;at com.codahale.metrics.jetty9.InstrumentedHandler.handle(InstrumentedHandler.java:313)&#10;at io.dropwizard.jetty.ContextRoutingHandler.handle(ContextRoutingHandler.java:37)&#10;at org.eclipse.jetty.server.handler.gzip.GzipHandler.handle(GzipHandler.java:713)&#10;at io.dropwizard.jetty.BiDiGzipHandler.handle(BiDiGzipHandler.java:67)&#10;at org.eclipse.jetty.server.handler.StatisticsHandler.handle(StatisticsHandler.java:179)&#10;at org.eclipse.jetty.server.handler.HandlerWrapper.handle(HandlerWrapper.java:127)&#10;at org.eclipse.jetty.server.Server.handle(Server.java:516)&#10;at org.eclipse.jetty.server.HttpChannel.lambda$handle$1(HttpChannel.java:400)&#10;at org.eclipse.jetty.server.HttpChannel.dispatch(HttpChannel.java:645)&#10;at org.eclipse.jetty.server.HttpChannel.handle(HttpChannel.java:392)&#10;at org.eclipse.jetty.server.HttpConnection.onFillable(HttpConnection.java:277)&#10;at org.eclipse.jetty.io.AbstractConnection$ReadCallback.succeeded(AbstractConnection.java:311)&#10;at org.eclipse.jetty.io.FillInterest.fillable(FillInterest.java:105)&#10;at org.eclipse.jetty.io.ChannelEndPoint$1.run(ChannelEndPoint.java:104)&#10;at org.eclipse.jetty.util.thread.strategy.EatWhatYouKill.runTask(EatWhatYouKill.java:338)&#10;at org.eclipse.jetty.util.thread.strategy.EatWhatYouKill.doProduce(EatWhatYouKill.java:315)&#10;at org.eclipse.jetty.util.thread.strategy.EatWhatYouKill.tryProduce(EatWhatYouKill.java:173)&#10;at org.eclipse.jetty.util.thread.strategy.EatWhatYouKill.run(EatWhatYouKill.java:131)&#10;at org.eclipse.jetty.util.thread.ReservedThreadExecutor$ReservedThread.run(ReservedThreadExecutor.java:409)&#10;at org.eclipse.jetty.util.thread.QueuedThreadPool.runJob(QueuedThreadPool.java:883)&#10;at org.eclipse.jetty.util.thread.QueuedThreadPool$Runner.run(QueuedThreadPool.java:1034)&#10;at java.base/java.lang.Thread.run(Thread.java:829)&#10;Caused by: net.snowflake.client.jdbc.SnowflakeSQLException: SQL compilation error:&#10;Object &apos;PERSONTABLE&apos; does not exist or not authorized.&#10;at net.snowflake.client.jdbc.SnowflakeUtil.checkErrorAndThrowExceptionSub(SnowflakeUtil.java:127)&#10;at net.snowflake.client.jdbc.SnowflakeUtil.checkErrorAndThrowException(SnowflakeUtil.java:67)&#10;at net.snowflake.client.core.StmtUtil.pollForOutput(StmtUtil.java:442)&#10;at net.snowflake.client.core.StmtUtil.execute(StmtUtil.java:345)&#10;at net.snowflake.client.core.SFStatement.executeHelper(SFStatement.java:486)&#10;at net.snowflake.client.core.SFStatement.executeQueryInternal(SFStatement.java:197)&#10;at net.snowflake.client.core.SFStatement.executeQuery(SFStatement.java:134)&#10;at net.snowflake.client.core.SFStatement.execute(SFStatement.java:743)&#10;at net.snowflake.client.core.SFStatement.execute(SFStatement.java:639)&#10;at net.snowflake.client.jdbc.SnowflakeStatementV1.executeQueryInternal(SnowflakeStatementV1.java:238)&#10;at net.snowflake.client.jdbc.SnowflakeStatementV1.executeQuery(SnowflakeStatementV1.java:133)&#10;at com.zaxxer.hikari.pool.ProxyStatement.executeQuery(ProxyStatement.java:110)&#10;at com.zaxxer.hikari.pool.HikariProxyStatement.executeQuery(HikariProxyStatement.java)&#10;at org.finos.legend.engine.plan.execution.stores.relational.result.SQLExecutionResult.&lt;init&gt;(SQLExecutionResult.java:95)&#10;... 101 more&#10;&quot;}&apos;&quot;" type="Assert failure at (resource"><![CDATA[Assert failure at (resource:/platform/pure/basics/tests/assertEq.pure line:34 column:5), "500 '{"code":-1,"message":"SnowflakeSQLException: SQL compilation error:
Object 'PERSONTABLE' does not exist or not authorized.","status":"error","trace":"java.lang.RuntimeException: net.snowflake.client.jdbc.SnowflakeSQLException: SQL compilation error:
Object 'PERSONTABLE' does not exist or not authorized.
at org.finos.legend.engine.plan.execution.stores.relational.result.SQLExecutionResult.<init>(SQLExecutionResult.java:123)
at org.finos.legend.engine.plan.execution.stores.relational.RelationalExecutor.execute(RelationalExecutor.java:241)
at org.finos.legend.engine.plan.execution.stores.relational.plugin.RelationalExecutionNodeExecutor.visit(RelationalExecutionNodeExecutor.java:238)
at org.finos.legend.engine.plan.execution.stores.relational.plugin.RelationalExecutionNodeExecutor.visit(RelationalExecutionNodeExecutor.java:252)
at org.finos.legend.engine.plan.execution.stores.relational.plugin.RelationalExecutionNodeExecutor.visit(RelationalExecutionNodeExecutor.java:92)
at org.finos.legend.engine.protocol.pure.v1.model.executionPlan.nodes.RelationalTdsInstantiationExecutionNode.accept(RelationalTdsInstantiationExecutionNode.java:22)
at org.finos.legend.engine.plan.execution.stores.relational.RelationalExecutionExtension.lambda$getExtraNodeExecutors$fbe53481$1(RelationalExecutionExtension.java:50)
at org.finos.legend.engine.plan.execution.nodes.ExecutionNodeExecutor.lambda$visit$0(ExecutionNodeExecutor.java:164)
at java.base/java.util.stream.ReferencePipeline$3$1.accept(ReferencePipeline.java:195)
at java.base/java.util.Spliterators$ArraySpliterator.tryAdvance(Spliterators.java:958)
at java.base/java.util.stream.ReferencePipeline.forEachWithCancel(ReferencePipeline.java:127)
at java.base/java.util.stream.AbstractPipeline.copyIntoWithCancel(AbstractPipeline.java:502)
at java.base/java.util.stream.AbstractPipeline.copyInto(AbstractPipeline.java:488)
at java.base/java.util.stream.AbstractPipeline.wrapAndCopyInto(AbstractPipeline.java:474)
at java.base/java.util.stream.FindOps$FindOp.evaluateSequential(FindOps.java:150)
at java.base/java.util.stream.AbstractPipeline.evaluate(AbstractPipeline.java:234)
at java.base/java.util.stream.ReferencePipeline.findFirst(ReferencePipeline.java:543)
at org.finos.legend.engine.plan.execution.nodes.ExecutionNodeExecutor.visit(ExecutionNodeExecutor.java:164)
at org.finos.legend.engine.plan.execution.nodes.ExecutionNodeExecutor.visit(ExecutionNodeExecutor.java:107)
at org.finos.legend.engine.protocol.pure.v1.model.executionPlan.nodes.RelationalTdsInstantiationExecutionNode.accept(RelationalTdsInstantiationExecutionNode.java:22)
at org.finos.legend.engine.plan.execution.PlanExecutor.execute(PlanExecutor.java:238)
at org.finos.legend.engine.plan.execution.PlanExecutor.execute(PlanExecutor.java:225)
at org.finos.legend.engine.plan.execution.api.ExecutePlan.doExecutePlanLegacy(ExecutePlan.java:102)
at org.finos.legend.engine.plan.execution.api.ExecutePlan.doExecutePlan(ExecutePlan.java:84)
at org.finos.legend.engine.plan.execution.api.ExecutePlanLegacy.executePlan(ExecutePlanLegacy.java:56)
at jdk.internal.reflect.GeneratedMethodAccessor100.invoke(Unknown Source)
at java.base/jdk.internal.reflect.DelegatingMethodAccessorImpl.invoke(DelegatingMethodAccessorImpl.java:43)
at java.base/java.lang.reflect.Method.invoke(Method.java:566)
at org.glassfish.jersey.server.model.internal.ResourceMethodInvocationHandlerFactory$1.invoke(ResourceMethodInvocationHandlerFactory.java:81)
at org.glassfish.jersey.server.model.internal.AbstractJavaResourceMethodDispatcher$1.run(AbstractJavaResourceMethodDispatcher.java:144)
at org.glassfish.jersey.server.model.internal.AbstractJavaResourceMethodDispatcher.invoke(AbstractJavaResourceMethodDispatcher.java:161)
at org.glassfish.jersey.server.model.internal.JavaResourceMethodDispatcherProvider$ResponseOutInvoker.doDispatch(JavaResourceMethodDispatcherProvider.java:160)
at org.glassfish.jersey.server.model.internal.AbstractJavaResourceMethodDispatcher.dispatch(AbstractJavaResourceMethodDispatcher.java:99)
at org.glassfish.jersey.server.model.ResourceMethodInvoker.invoke(ResourceMethodInvoker.java:389)
at org.glassfish.jersey.server.model.ResourceMethodInvoker.apply(ResourceMethodInvoker.java:347)
at org.glassfish.jersey.server.model.ResourceMethodInvoker.apply(ResourceMethodInvoker.java:102)
at org.glassfish.jersey.server.ServerRuntime$2.run(ServerRuntime.java:326)
at org.glassfish.jersey.internal.Errors$1.call(Errors.java:271)
at org.glassfish.jersey.internal.Errors$1.call(Errors.java:267)
at org.glassfish.jersey.internal.Errors.process(Errors.java:315)
at org.glassfish.jersey.internal.Errors.process(Errors.java:297)
at org.glassfish.jersey.internal.Errors.process(Errors.java:267)
at org.glassfish.jersey.process.internal.RequestScope.runInScope(RequestScope.java:317)
at org.glassfish.jersey.server.ServerRuntime.process(ServerRuntime.java:305)
at org.glassfish.jersey.server.ApplicationHandler.handle(ApplicationHandler.java:1154)
at org.glassfish.jersey.servlet.WebComponent.serviceImpl(WebComponent.java:473)
at org.glassfish.jersey.servlet.WebComponent.service(WebComponent.java:427)
at org.glassfish.jersey.servlet.ServletContainer.service(ServletContainer.java:388)
at org.glassfish.jersey.servlet.ServletContainer.service(ServletContainer.java:341)
at org.glassfish.jersey.servlet.ServletContainer.service(ServletContainer.java:228)
at org.eclipse.jetty.servlet.ServletHolder.handle(ServletHolder.java:799)
at org.eclipse.jetty.servlet.ServletHandler$ChainEnd.doFilter(ServletHandler.java:1631)
at io.dropwizard.servlets.ThreadNameFilter.doFilter(ThreadNameFilter.java:35)
at org.eclipse.jetty.servlet.FilterHolder.doFilter(FilterHolder.java:193)
at org.eclipse.jetty.servlet.ServletHandler$Chain.doFilter(ServletHandler.java:1601)
at io.dropwizard.jersey.filter.AllowedMethodsFilter.handle(AllowedMethodsFilter.java:45)
at io.dropwizard.jersey.filter.AllowedMethodsFilter.doFilter(AllowedMethodsFilter.java:39)
at org.eclipse.jetty.servlet.FilterHolder.doFilter(FilterHolder.java:193)
at org.eclipse.jetty.servlet.ServletHandler$Chain.doFilter(ServletHandler.java:1601)
at org.finos.legend.server.pac4j.internal.UsernameFilter.doFilter(UsernameFilter.java:51)
at org.eclipse.jetty.servlet.FilterHolder.doFilter(FilterHolder.java:193)
at org.eclipse.jetty.servlet.ServletHandler$Chain.doFilter(ServletHandler.java:1601)
at org.pac4j.j2e.filter.SecurityFilter.lambda$internalFilter$0(SecurityFilter.java:95)
at org.pac4j.core.engine.DefaultSecurityLogic.perform(DefaultSecurityLogic.java:140)
at org.pac4j.j2e.filter.SecurityFilter.internalFilter(SecurityFilter.java:93)
at org.pac4j.j2e.filter.AbstractConfigFilter.doFilter(AbstractConfigFilter.java:81)
at org.eclipse.jetty.servlet.FilterHolder.doFilter(FilterHolder.java:193)
at org.eclipse.jetty.servlet.ServletHandler$Chain.doFilter(ServletHandler.java:1601)
at org.eclipse.jetty.servlet.ServletHandler.doHandle(ServletHandler.java:548)
at org.eclipse.jetty.server.handler.ScopedHandler.nextHandle(ScopedHandler.java:233)
at org.eclipse.jetty.server.session.SessionHandler.doHandle(SessionHandler.java:1624)
at org.eclipse.jetty.server.handler.ScopedHandler.nextHandle(ScopedHandler.java:233)
at org.eclipse.jetty.server.handler.ContextHandler.doHandle(ContextHandler.java:1434)
at org.eclipse.jetty.server.handler.ScopedHandler.nextScope(ScopedHandler.java:188)
at org.eclipse.jetty.servlet.ServletHandler.doScope(ServletHandler.java:501)
at org.eclipse.jetty.server.session.SessionHandler.doScope(SessionHandler.java:1594)
at org.eclipse.jetty.server.handler.ScopedHandler.nextScope(ScopedHandler.java:186)
at org.eclipse.jetty.server.handler.ContextHandler.doScope(ContextHandler.java:1349)
at org.eclipse.jetty.server.handler.ScopedHandler.handle(ScopedHandler.java:141)
at org.eclipse.jetty.server.handler.HandlerWrapper.handle(HandlerWrapper.java:127)
at com.codahale.metrics.jetty9.InstrumentedHandler.handle(InstrumentedHandler.java:313)
at io.dropwizard.jetty.ContextRoutingHandler.handle(ContextRoutingHandler.java:37)
at org.eclipse.jetty.server.handler.gzip.GzipHandler.handle(GzipHandler.java:713)
at io.dropwizard.jetty.BiDiGzipHandler.handle(BiDiGzipHandler.java:67)
at org.eclipse.jetty.server.handler.StatisticsHandler.handle(StatisticsHandler.java:179)
at org.eclipse.jetty.server.handler.HandlerWrapper.handle(HandlerWrapper.java:127)
at org.eclipse.jetty.server.Server.handle(Server.java:516)
at org.eclipse.jetty.server.HttpChannel.lambda$handle$1(HttpChannel.java:400)
at org.eclipse.jetty.server.HttpChannel.dispatch(HttpChannel.java:645)
at org.eclipse.jetty.server.HttpChannel.handle(HttpChannel.java:392)
at org.eclipse.jetty.server.HttpConnection.onFillable(HttpConnection.java:277)
at org.eclipse.jetty.io.AbstractConnection$ReadCallback.succeeded(AbstractConnection.java:311)
at org.eclipse.jetty.io.FillInterest.fillable(FillInterest.java:105)
at org.eclipse.jetty.io.ChannelEndPoint$1.run(ChannelEndPoint.java:104)
at org.eclipse.jetty.util.thread.strategy.EatWhatYouKill.runTask(EatWhatYouKill.java:338)
at org.eclipse.jetty.util.thread.strategy.EatWhatYouKill.doProduce(EatWhatYouKill.java:315)
at org.eclipse.jetty.util.thread.strategy.EatWhatYouKill.tryProduce(EatWhatYouKill.java:173)
at org.eclipse.jetty.util.thread.strategy.EatWhatYouKill.run(EatWhatYouKill.java:131)
at org.eclipse.jetty.util.thread.ReservedThreadExecutor$ReservedThread.run(ReservedThreadExecutor.java:409)
at org.eclipse.jetty.util.thread.QueuedThreadPool.runJob(QueuedThreadPool.java:883)
at org.eclipse.jetty.util.thread.QueuedThreadPool$Runner.run(QueuedThreadPool.java:1034)
at java.base/java.lang.Thread.run(Thread.java:829)
Caused by: net.snowflake.client.jdbc.SnowflakeSQLException: SQL compilation error:
Object 'PERSONTABLE' does not exist or not authorized.
at net.snowflake.client.jdbc.SnowflakeUtil.checkErrorAndThrowExceptionSub(SnowflakeUtil.java:127)
at net.snowflake.client.jdbc.SnowflakeUtil.checkErrorAndThrowException(SnowflakeUtil.java:67)
at net.snowflake.client.core.StmtUtil.pollForOutput(StmtUtil.java:442)
at net.snowflake.client.core.StmtUtil.execute(StmtUtil.java:345)
at net.snowflake.client.core.SFStatement.executeHelper(SFStatement.java:486)
at net.snowflake.client.core.SFStatement.executeQueryInternal(SFStatement.java:197)
at net.snowflake.client.core.SFStatement.executeQuery(SFStatement.java:134)
at net.snowflake.client.core.SFStatement.execute(SFStatement.java:743)
at net.snowflake.client.core.SFStatement.execute(SFStatement.java:639)
at net.snowflake.client.jdbc.SnowflakeStatementV1.executeQueryInternal(SnowflakeStatementV1.java:238)
at net.snowflake.client.jdbc.SnowflakeStatementV1.executeQuery(SnowflakeStatementV1.java:133)
at com.zaxxer.hikari.pool.ProxyStatement.executeQuery(ProxyStatement.java:110)
at com.zaxxer.hikari.pool.HikariProxyStatement.executeQuery(HikariProxyStatement.java)
at org.finos.legend.engine.plan.execution.stores.relational.result.SQLExecutionResult.<init>(SQLExecutionResult.java:95)
... 101 more
"}'"
	at org.finos.legend.pure.runtime.java.compiled.generation.processors.support.CompiledSupport.pureAssert(CompiledSupport.java:1994)
	at org.finos.legend.pure.generated.platform_pure_basics_tests_assertEq.Root_meta_pure_functions_asserts_assertEq_Any_1__Any_1__Function_1__Boolean_1_(platform_pure_basics_tests_assertEq.java:44)
	at org.finos.legend.pure.generated.core_pure_protocol_vX_X_X_invocations_execution.Root_meta_protocols_pure_vX_X_X_invocation_execution_execute_executePlan_String_1__String_1__Integer_1__String_1_(core_pure_protocol_vX_X_X_invocations_execution.java:751)
	at org.finos.legend.pure.generated.core_pure_protocol_vX_X_X_invocations_execution.Root_meta_protocols_pure_vX_X_X_invocation_execution_execute_executePlan_ExecutionPlan_1__String_1__Integer_1__Extension_MANY__String_1_(core_pure_protocol_vX_X_X_invocations_execution.java:745)
	at org.finos.legend.pure.generated.core_pure_protocol_vX_X_X_invocations_execution.Root_meta_protocols_pure_vX_X_X_invocation_execution_execute_executePlan_ExecutionPlan_1__ExecutionContext_$0_1$__String_1__Integer_1__Extension_MANY__Result_1_(core_pure_protocol_vX_X_X_invocations_execution.java:738)
	at jdk.internal.reflect.GeneratedMethodAccessor96.invoke(Unknown Source)
	at java.base/jdk.internal.reflect.DelegatingMethodAccessorImpl.invoke(DelegatingMethodAccessorImpl.java:43)
	at java.base/java.lang.reflect.Method.invoke(Method.java:566)
	at org.finos.legend.pure.runtime.java.compiled.metadata.JavaMethodWithParamsSharedPureFunction.execute(JavaMethodWithParamsSharedPureFunction.java:59)
	at org.finos.legend.pure.runtime.java.compiled.generation.processors.support.Pure._evaluateToMany(Pure.java:546)
	at org.finos.legend.pure.generated.CoreGen.evaluateToMany(CoreGen.java:147)
	at org.finos.legend.pure.generated.CoreGen.evaluateToMany(CoreGen.java:134)
	at org.finos.legend.pure.generated.core_pure_router_router_entry$9$1.value(core_pure_router_router_entry.java:318)
	at org.finos.legend.pure.generated.core_pure_router_router_entry$9$1.execute(core_pure_router_router_entry.java:311)
	at org.finos.legend.pure.generated.core_pure_router_router_entry$9$1.execute(core_pure_router_router_entry.java:307)
	at org.finos.legend.pure.runtime.java.compiled.generation.processors.support.Pure.evaluate(Pure.java:485)
	at org.finos.legend.pure.runtime.java.compiled.generation.processors.support.Pure.legendTest(Pure.java:216)
	at org.finos.legend.pure.generated.CoreGen.legendTest(CoreGen.java:61)
	at org.finos.legend.pure.generated.core_pure_router_router_entry$9.valueOf(core_pure_router_router_entry.java:303)
	at org.finos.legend.pure.generated.core_pure_router_router_entry$9.execute(core_pure_router_router_entry.java:298)
	at org.finos.legend.pure.generated.core_pure_router_router_entry$9.execute(core_pure_router_router_entry.java:294)
	at org.finos.legend.pure.runtime.java.compiled.generation.processors.support.Pure.evaluate(Pure.java:485)
	at org.finos.legend.pure.runtime.java.compiled.generation.processors.support.Pure.traceSpan(Pure.java:1482)
	at org.finos.legend.pure.generated.CoreGen.traceSpan(CoreGen.java:203)
	at org.finos.legend.pure.generated.core_pure_router_router_entry.Root_meta_pure_router_executePlan_ExecutionPlan_1__ExecutionContext_1__Extension_MANY__Result_$0_1$_(core_pure_router_router_entry.java:290)
	at org.finos.legend.pure.generated.core_pure_router_router_entry.Root_meta_pure_router_executePlan_ExecutionPlan_1__Extension_MANY__Result_$0_1$_(core_pure_router_router_entry.java:285)
	at org.finos.legend.pure.generated.core_relational_relational_sqlQueryToString_dbTestRunner_executionPlanTestRunner$19.execute(core_relational_relational_sqlQueryToString_dbTestRunner_executionPlanTestRunner.java:305)
	at org.finos.legend.pure.generated.core_relational_relational_sqlQueryToString_dbTestRunner_executionPlanTestRunner.Root_meta_relational_dbTestRunner_executeViaPlan_FunctionDefinition_1__Mapping_1__Database_1__DbTestConfig_1__Extension_MANY__Result_$0_1$_(core_relational_relational_sqlQueryToString_dbTestRunner_executionPlanTestRunner.java:309)
	at org.finos.legend.pure.generated.core_relational_relational_sqlQueryToString_testSuite_selectSubClauses_filters.Root_meta_relational_tests_dbSpecificTests_sqlQueryTests_selectSubClauses_filters_testFilterMultipleExpressions_DbTestConfig_1__Boolean_1_(core_relational_relational_sqlQueryToString_testSuite_selectSubClauses_filters.java:811)
	at java.base/jdk.internal.reflect.NativeMethodAccessorImpl.invoke0(Native Method)
	at java.base/jdk.internal.reflect.NativeMethodAccessorImpl.invoke(NativeMethodAccessorImpl.java:62)
	at java.base/jdk.internal.reflect.DelegatingMethodAccessorImpl.invoke(DelegatingMethodAccessorImpl.java:43)
	at java.base/java.lang.reflect.Method.invoke(Method.java:566)
	at org.finos.legend.pure.runtime.java.compiled.testHelper.PureTestBuilderCompiled.executeFn(PureTestBuilderCompiled.java:113)
	at org.finos.legend.pure.runtime.java.compiled.testHelper.PureTestBuilderCompiled.lambda$buildSuite$0(PureTestBuilderCompiled.java:79)
	at org.finos.legend.pure.m3.execution.test.PureTestBuilder$PureTestCase.runTest(PureTestBuilder.java:95)
	at junit.framework.TestCase.runBare(TestCase.java:142)
	at org.finos.legend.engine.server.test.shared.Relational_DbSpecific_UsingPureClientTestSuite$2.runTest(Relational_DbSpecific_UsingPureClientTestSuite.java:90)
	at junit.framework.TestCase.runBare(TestCase.java:142)
	at junit.framework.TestResult$1.protect(TestResult.java:122)
	at junit.framework.TestResult.runProtected(TestResult.java:142)
	at junit.framework.TestResult.run(TestResult.java:125)
	at junit.framework.TestCase.run(TestCase.java:130)
	at junit.framework.TestSuite.runTest(TestSuite.java:241)
	at junit.framework.TestSuite.run(TestSuite.java:236)
	at junit.framework.TestSuite.runTest(TestSuite.java:241)
	at junit.framework.TestSuite.run(TestSuite.java:236)
	at junit.framework.TestSuite.runTest(TestSuite.java:241)
	at junit.framework.TestSuite.run(TestSuite.java:236)
	at junit.framework.TestSuite.runTest(TestSuite.java:241)
	at junit.framework.TestSuite.run(TestSuite.java:236)
	at junit.framework.TestSuite.runTest(TestSuite.java:241)
	at junit.framework.TestSuite.run(TestSuite.java:236)
	at junit.extensions.TestDecorator.basicRun(TestDecorator.java:24)
	at junit.extensions.TestSetup$1.protect(TestSetup.java:23)
	at junit.framework.TestResult.runProtected(TestResult.java:142)
	at junit.extensions.TestSetup.run(TestSetup.java:27)
	at org.junit.internal.runners.JUnit38ClassRunner.run(JUnit38ClassRunner.java:90)
	at org.apache.maven.surefire.junit4.JUnit4Provider.execute(JUnit4Provider.java:365)
	at org.apache.maven.surefire.junit4.JUnit4Provider.executeWithRerun(JUnit4Provider.java:273)
	at org.apache.maven.surefire.junit4.JUnit4Provider.executeTestSet(JUnit4Provider.java:238)
	at org.apache.maven.surefire.junit4.JUnit4Provider.invoke(JUnit4Provider.java:159)
	at org.apache.maven.surefire.booter.ForkedBooter.invokeProviderInSameClassLoader(ForkedBooter.java:384)
	at org.apache.maven.surefire.booter.ForkedBooter.runSuitesInProcess(ForkedBooter.java:345)
	at org.apache.maven.surefire.booter.ForkedBooter.execute(ForkedBooter.java:126)
	at org.apache.maven.surefire.booter.ForkedBooter.main(ForkedBooter.java:418)
]]></error>
    <system-out><![CDATA[Running db test selectSubClauses::filters::testFilterMultipleExpressions
{"duration":0.0,"eventType":"EXECUTION_PLAN_EXEC_ERROR","info":{"code":-1,"message":"SnowflakeSQLException: SQL compilation error:\nObject 'PERSONTABLE' does not exist or not authorized.","status":"error","trace":"java.lang.RuntimeException: net.snowflake.client.jdbc.SnowflakeSQLException: SQL compilation error:\nObject 'PERSONTABLE' does not exist or not authorized.\n\tat org.finos.legend.engine.plan.execution.stores.relational.result.SQLExecutionResult.<init>(SQLExecutionResult.java:123)\n\tat org.finos.legend.engine.plan.execution.stores.relational.RelationalExecutor.execute(RelationalExecutor.java:241)\n\tat org.finos.legend.engine.plan.execution.stores.relational.plugin.RelationalExecutionNodeExecutor.visit(RelationalExecutionNodeExecutor.java:238)\n\tat org.finos.legend.engine.plan.execution.stores.relational.plugin.RelationalExecutionNodeExecutor.visit(RelationalExecutionNodeExecutor.java:252)\n\tat org.finos.legend.engine.plan.execution.stores.relational.plugin.RelationalExecutionNodeExecutor.visit(RelationalExecutionNodeExecutor.java:92)\n\tat org.finos.legend.engine.protocol.pure.v1.model.executionPlan.nodes.RelationalTdsInstantiationExecutionNode.accept(RelationalTdsInstantiationExecutionNode.java:22)\n\tat org.finos.legend.engine.plan.execution.stores.relational.RelationalExecutionExtension.lambda$getExtraNodeExecutors$fbe53481$1(RelationalExecutionExtension.java:50)\n\tat org.finos.legend.engine.plan.execution.nodes.ExecutionNodeExecutor.lambda$visit$0(ExecutionNodeExecutor.java:164)\n\tat java.base/java.util.stream.ReferencePipeline$3$1.accept(ReferencePipeline.java:195)\n\tat java.base/java.util.Spliterators$ArraySpliterator.tryAdvance(Spliterators.java:958)\n\tat java.base/java.util.stream.ReferencePipeline.forEachWithCancel(ReferencePipeline.java:127)\n\tat java.base/java.util.stream.AbstractPipeline.copyIntoWithCancel(AbstractPipeline.java:502)\n\tat java.base/java.util.stream.AbstractPipeline.copyInto(AbstractPipeline.java:488)\n\tat java.base/java.util.stream.AbstractPipeline.wrapAndCopyInto(AbstractPipeline.java:474)\n\tat java.base/java.util.stream.FindOps$FindOp.evaluateSequential(FindOps.java:150)\n\tat java.base/java.util.stream.AbstractPipeline.evaluate(AbstractPipeline.java:234)\n\tat java.base/java.util.stream.ReferencePipeline.findFirst(ReferencePipeline.java:543)\n\tat org.finos.legend.engine.plan.execution.nodes.ExecutionNodeExecutor.visit(ExecutionNodeExecutor.java:164)\n\tat org.finos.legend.engine.plan.execution.nodes.ExecutionNodeExecutor.visit(ExecutionNodeExecutor.java:107)\n\tat org.finos.legend.engine.protocol.pure.v1.model.executionPlan.nodes.RelationalTdsInstantiationExecutionNode.accept(RelationalTdsInstantiationExecutionNode.java:22)\n\tat org.finos.legend.engine.plan.execution.PlanExecutor.execute(PlanExecutor.java:238)\n\tat org.finos.legend.engine.plan.execution.PlanExecutor.execute(PlanExecutor.java:225)\n\tat org.finos.legend.engine.plan.execution.api.ExecutePlan.doExecutePlanLegacy(ExecutePlan.java:102)\n\tat org.finos.legend.engine.plan.execution.api.ExecutePlan.doExecutePlan(ExecutePlan.java:84)\n\tat org.finos.legend.engine.plan.execution.api.ExecutePlanLegacy.executePlan(ExecutePlanLegacy.java:56)\n\tat jdk.internal.reflect.GeneratedMethodAccessor100.invoke(Unknown Source)\n\tat java.base/jdk.internal.reflect.DelegatingMethodAccessorImpl.invoke(DelegatingMethodAccessorImpl.java:43)\n\tat java.base/java.lang.reflect.Method.invoke(Method.java:566)\n\tat org.glassfish.jersey.server.model.internal.ResourceMethodInvocationHandlerFactory$1.invoke(ResourceMethodInvocationHandlerFactory.java:81)\n\tat org.glassfish.jersey.server.model.internal.AbstractJavaResourceMethodDispatcher$1.run(AbstractJavaResourceMethodDispatcher.java:144)\n\tat org.glassfish.jersey.server.model.internal.AbstractJavaResourceMethodDispatcher.invoke(AbstractJavaResourceMethodDispatcher.java:161)\n\tat org.glassfish.jersey.server.model.internal.JavaResourceMethodDispatcherProvider$ResponseOutInvoker.doDispatch(JavaResourceMethodDispatcherProvider.java:160)\n\tat org.glassfish.jersey.server.model.internal.AbstractJavaResourceMethodDispatcher.dispatch(AbstractJavaResourceMethodDispatcher.java:99)\n\tat org.glassfish.jersey.server.model.ResourceMethodInvoker.invoke(ResourceMethodInvoker.java:389)\n\tat org.glassfish.jersey.server.model.ResourceMethodInvoker.apply(ResourceMethodInvoker.java:347)\n\tat org.glassfish.jersey.server.model.ResourceMethodInvoker.apply(ResourceMethodInvoker.java:102)\n\tat org.glassfish.jersey.server.ServerRuntime$2.run(ServerRuntime.java:326)\n\tat org.glassfish.jersey.internal.Errors$1.call(Errors.java:271)\n\tat org.glassfish.jersey.internal.Errors$1.call(Errors.java:267)\n\tat org.glassfish.jersey.internal.Errors.process(Errors.java:315)\n\tat org.glassfish.jersey.internal.Errors.process(Errors.java:297)\n\tat org.glassfish.jersey.internal.Errors.process(Errors.java:267)\n\tat org.glassfish.jersey.process.internal.RequestScope.runInScope(RequestScope.java:317)\n\tat org.glassfish.jersey.server.ServerRuntime.process(ServerRuntime.java:305)\n\tat org.glassfish.jersey.server.ApplicationHandler.handle(ApplicationHandler.java:1154)\n\tat org.glassfish.jersey.servlet.WebComponent.serviceImpl(WebComponent.java:473)\n\tat org.glassfish.jersey.servlet.WebComponent.service(WebComponent.java:427)\n\tat org.glassfish.jersey.servlet.ServletContainer.service(ServletContainer.java:388)\n\tat org.glassfish.jersey.servlet.ServletContainer.service(ServletContainer.java:341)\n\tat org.glassfish.jersey.servlet.ServletContainer.service(ServletContainer.java:228)\n\tat org.eclipse.jetty.servlet.ServletHolder.handle(ServletHolder.java:799)\n\tat org.eclipse.jetty.servlet.ServletHandler$ChainEnd.doFilter(ServletHandler.java:1631)\n\tat io.dropwizard.servlets.ThreadNameFilter.doFilter(ThreadNameFilter.java:35)\n\tat org.eclipse.jetty.servlet.FilterHolder.doFilter(FilterHolder.java:193)\n\tat org.eclipse.jetty.servlet.ServletHandler$Chain.doFilter(ServletHandler.java:1601)\n\tat io.dropwizard.jersey.filter.AllowedMethodsFilter.handle(AllowedMethodsFilter.java:45)\n\tat io.dropwizard.jersey.filter.AllowedMethodsFilter.doFilter(AllowedMethodsFilter.java:39)\n\tat org.eclipse.jetty.servlet.FilterHolder.doFilter(FilterHolder.java:193)\n\tat org.eclipse.jetty.servlet.ServletHandler$Chain.doFilter(ServletHandler.java:1601)\n\tat org.finos.legend.server.pac4j.internal.UsernameFilter.doFilter(UsernameFilter.java:51)\n\tat org.eclipse.jetty.servlet.FilterHolder.doFilter(FilterHolder.java:193)\n\tat org.eclipse.jetty.servlet.ServletHandler$Chain.doFilter(ServletHandler.java:1601)\n\tat org.pac4j.j2e.filter.SecurityFilter.lambda$internalFilter$0(SecurityFilter.java:95)\n\tat org.pac4j.core.engine.DefaultSecurityLogic.perform(DefaultSecurityLogic.java:140)\n\tat org.pac4j.j2e.filter.SecurityFilter.internalFilter(SecurityFilter.java:93)\n\tat org.pac4j.j2e.filter.AbstractConfigFilter.doFilter(AbstractConfigFilter.java:81)\n\tat org.eclipse.jetty.servlet.FilterHolder.doFilter(FilterHolder.java:193)\n\tat org.eclipse.jetty.servlet.ServletHandler$Chain.doFilter(ServletHandler.java:1601)\n\tat org.eclipse.jetty.servlet.ServletHandler.doHandle(ServletHandler.java:548)\n\tat org.eclipse.jetty.server.handler.ScopedHandler.nextHandle(ScopedHandler.java:233)\n\tat org.eclipse.jetty.server.session.SessionHandler.doHandle(SessionHandler.java:1624)\n\tat org.eclipse.jetty.server.handler.ScopedHandler.nextHandle(ScopedHandler.java:233)\n\tat org.eclipse.jetty.server.handler.ContextHandler.doHandle(ContextHandler.java:1434)\n\tat org.eclipse.jetty.server.handler.ScopedHandler.nextScope(ScopedHandler.java:188)\n\tat org.eclipse.jetty.servlet.ServletHandler.doScope(ServletHandler.java:501)\n\tat org.eclipse.jetty.server.session.SessionHandler.doScope(SessionHandler.java:1594)\n\tat org.eclipse.jetty.server.handler.ScopedHandler.nextScope(ScopedHandler.java:186)\n\tat org.eclipse.jetty.server.handler.ContextHandler.doScope(ContextHandler.java:1349)\n\tat org.eclipse.jetty.server.handler.ScopedHandler.handle(ScopedHandler.java:141)\n\tat org.eclipse.jetty.server.handler.HandlerWrapper.handle(HandlerWrapper.java:127)\n\tat com.codahale.metrics.jetty9.InstrumentedHandler.handle(InstrumentedHandler.java:313)\n\tat io.dropwizard.jetty.ContextRoutingHandler.handle(ContextRoutingHandler.java:37)\n\tat org.eclipse.jetty.server.handler.gzip.GzipHandler.handle(GzipHandler.java:713)\n\tat io.dropwizard.jetty.BiDiGzipHandler.handle(BiDiGzipHandler.java:67)\n\tat org.eclipse.jetty.server.handler.StatisticsHandler.handle(StatisticsHandler.java:179)\n\tat org.eclipse.jetty.server.handler.HandlerWrapper.handle(HandlerWrapper.java:127)\n\tat org.eclipse.jetty.server.Server.handle(Server.java:516)\n\tat org.eclipse.jetty.server.HttpChannel.lambda$handle$1(HttpChannel.java:400)\n\tat org.eclipse.jetty.server.HttpChannel.dispatch(HttpChannel.java:645)\n\tat org.eclipse.jetty.server.HttpChannel.handle(HttpChannel.java:392)\n\tat org.eclipse.jetty.server.HttpConnection.onFillable(HttpConnection.java:277)\n\tat org.eclipse.jetty.io.AbstractConnection$ReadCallback.succeeded(AbstractConnection.java:311)\n\tat org.eclipse.jetty.io.FillInterest.fillable(FillInterest.java:105)\n\tat org.eclipse.jetty.io.ChannelEndPoint$1.run(ChannelEndPoint.java:104)\n\tat org.eclipse.jetty.util.thread.strategy.EatWhatYouKill.runTask(EatWhatYouKill.java:338)\n\tat org.eclipse.jetty.util.thread.strategy.EatWhatYouKill.doProduce(EatWhatYouKill.java:315)\n\tat org.eclipse.jetty.util.thread.strategy.EatWhatYouKill.tryProduce(EatWhatYouKill.java:173)\n\tat org.eclipse.jetty.util.thread.strategy.EatWhatYouKill.run(EatWhatYouKill.java:131)\n\tat org.eclipse.jetty.util.thread.ReservedThreadExecutor$ReservedThread.run(ReservedThreadExecutor.java:409)\n\tat org.eclipse.jetty.util.thread.QueuedThreadPool.runJob(QueuedThreadPool.java:883)\n\tat org.eclipse.jetty.util.thread.QueuedThreadPool$Runner.run(QueuedThreadPool.java:1034)\n\tat java.base/java.lang.Thread.run(Thread.java:829)\nCaused by: net.snowflake.client.jdbc.SnowflakeSQLException: SQL compilation error:\nObject 'PERSONTABLE' does not exist or not authorized.\n\tat net.snowflake.client.jdbc.SnowflakeUtil.checkErrorAndThrowExceptionSub(SnowflakeUtil.java:127)\n\tat net.snowflake.client.jdbc.SnowflakeUtil.checkErrorAndThrowException(SnowflakeUtil.java:67)\n\tat net.snowflake.client.core.StmtUtil.pollForOutput(StmtUtil.java:442)\n\tat net.snowflake.client.core.StmtUtil.execute(StmtUtil.java:345)\n\tat net.snowflake.client.core.SFStatement.executeHelper(SFStatement.java:486)\n\tat net.snowflake.client.core.SFStatement.executeQueryInternal(SFStatement.java:197)\n\tat net.snowflake.client.core.SFStatement.executeQuery(SFStatement.java:134)\n\tat net.snowflake.client.core.SFStatement.execute(SFStatement.java:743)\n\tat net.snowflake.client.core.SFStatement.execute(SFStatement.java:639)\n\tat net.snowflake.client.jdbc.SnowflakeStatementV1.executeQueryInternal(SnowflakeStatementV1.java:238)\n\tat net.snowflake.client.jdbc.SnowflakeStatementV1.executeQuery(SnowflakeStatementV1.java:133)\n\tat com.zaxxer.hikari.pool.ProxyStatement.executeQuery(ProxyStatement.java:110)\n\tat com.zaxxer.hikari.pool.HikariProxyStatement.executeQuery(HikariProxyStatement.java)\n\tat org.finos.legend.engine.plan.execution.stores.relational.result.SQLExecutionResult.<init>(SQLExecutionResult.java:95)\n\t... 101 more\n"},"mode":"DEV","timeStamp":"2023-02-23 01:31:38.148","user":"_UNKNOWN_"}
| **selectSubClauses::filters::testFilterMultipleExpressions** | failing :x: |
]]></system-out>
  </testcase>
  <testcase name="testFilterOnAssociatedClassAggValueAfterGroupBy[Snowflake]" classname="org.finos.legend.engine.server.test.shared.Relational_DbSpecific_UsingPureClientTestSuite$2" time="0.507">
    <error message="Assert failure at (resource:/platform/pure/basics/tests/assertEq.pure line:34 column:5), &quot;500 &apos;{&quot;code&quot;:-1,&quot;message&quot;:&quot;SnowflakeSQLException: SQL compilation error:&#10;Object &apos;PERSONTABLE&apos; does not exist or not authorized.&quot;,&quot;status&quot;:&quot;error&quot;,&quot;trace&quot;:&quot;java.lang.RuntimeException: net.snowflake.client.jdbc.SnowflakeSQLException: SQL compilation error:&#10;Object &apos;PERSONTABLE&apos; does not exist or not authorized.&#10;at org.finos.legend.engine.plan.execution.stores.relational.result.SQLExecutionResult.&lt;init&gt;(SQLExecutionResult.java:123)&#10;at org.finos.legend.engine.plan.execution.stores.relational.RelationalExecutor.execute(RelationalExecutor.java:241)&#10;at org.finos.legend.engine.plan.execution.stores.relational.plugin.RelationalExecutionNodeExecutor.visit(RelationalExecutionNodeExecutor.java:238)&#10;at org.finos.legend.engine.plan.execution.stores.relational.plugin.RelationalExecutionNodeExecutor.visit(RelationalExecutionNodeExecutor.java:252)&#10;at org.finos.legend.engine.plan.execution.stores.relational.plugin.RelationalExecutionNodeExecutor.visit(RelationalExecutionNodeExecutor.java:92)&#10;at org.finos.legend.engine.protocol.pure.v1.model.executionPlan.nodes.RelationalTdsInstantiationExecutionNode.accept(RelationalTdsInstantiationExecutionNode.java:22)&#10;at org.finos.legend.engine.plan.execution.stores.relational.RelationalExecutionExtension.lambda$getExtraNodeExecutors$fbe53481$1(RelationalExecutionExtension.java:50)&#10;at org.finos.legend.engine.plan.execution.nodes.ExecutionNodeExecutor.lambda$visit$0(ExecutionNodeExecutor.java:164)&#10;at java.base/java.util.stream.ReferencePipeline$3$1.accept(ReferencePipeline.java:195)&#10;at java.base/java.util.Spliterators$ArraySpliterator.tryAdvance(Spliterators.java:958)&#10;at java.base/java.util.stream.ReferencePipeline.forEachWithCancel(ReferencePipeline.java:127)&#10;at java.base/java.util.stream.AbstractPipeline.copyIntoWithCancel(AbstractPipeline.java:502)&#10;at java.base/java.util.stream.AbstractPipeline.copyInto(AbstractPipeline.java:488)&#10;at java.base/java.util.stream.AbstractPipeline.wrapAndCopyInto(AbstractPipeline.java:474)&#10;at java.base/java.util.stream.FindOps$FindOp.evaluateSequential(FindOps.java:150)&#10;at java.base/java.util.stream.AbstractPipeline.evaluate(AbstractPipeline.java:234)&#10;at java.base/java.util.stream.ReferencePipeline.findFirst(ReferencePipeline.java:543)&#10;at org.finos.legend.engine.plan.execution.nodes.ExecutionNodeExecutor.visit(ExecutionNodeExecutor.java:164)&#10;at org.finos.legend.engine.plan.execution.nodes.ExecutionNodeExecutor.visit(ExecutionNodeExecutor.java:107)&#10;at org.finos.legend.engine.protocol.pure.v1.model.executionPlan.nodes.RelationalTdsInstantiationExecutionNode.accept(RelationalTdsInstantiationExecutionNode.java:22)&#10;at org.finos.legend.engine.plan.execution.PlanExecutor.execute(PlanExecutor.java:238)&#10;at org.finos.legend.engine.plan.execution.PlanExecutor.execute(PlanExecutor.java:225)&#10;at org.finos.legend.engine.plan.execution.api.ExecutePlan.doExecutePlanLegacy(ExecutePlan.java:102)&#10;at org.finos.legend.engine.plan.execution.api.ExecutePlan.doExecutePlan(ExecutePlan.java:84)&#10;at org.finos.legend.engine.plan.execution.api.ExecutePlanLegacy.executePlan(ExecutePlanLegacy.java:56)&#10;at jdk.internal.reflect.GeneratedMethodAccessor100.invoke(Unknown Source)&#10;at java.base/jdk.internal.reflect.DelegatingMethodAccessorImpl.invoke(DelegatingMethodAccessorImpl.java:43)&#10;at java.base/java.lang.reflect.Method.invoke(Method.java:566)&#10;at org.glassfish.jersey.server.model.internal.ResourceMethodInvocationHandlerFactory$1.invoke(ResourceMethodInvocationHandlerFactory.java:81)&#10;at org.glassfish.jersey.server.model.internal.AbstractJavaResourceMethodDispatcher$1.run(AbstractJavaResourceMethodDispatcher.java:144)&#10;at org.glassfish.jersey.server.model.internal.AbstractJavaResourceMethodDispatcher.invoke(AbstractJavaResourceMethodDispatcher.java:161)&#10;at org.glassfish.jersey.server.model.internal.JavaResourceMethodDispatcherProvider$ResponseOutInvoker.doDispatch(JavaResourceMethodDispatcherProvider.java:160)&#10;at org.glassfish.jersey.server.model.internal.AbstractJavaResourceMethodDispatcher.dispatch(AbstractJavaResourceMethodDispatcher.java:99)&#10;at org.glassfish.jersey.server.model.ResourceMethodInvoker.invoke(ResourceMethodInvoker.java:389)&#10;at org.glassfish.jersey.server.model.ResourceMethodInvoker.apply(ResourceMethodInvoker.java:347)&#10;at org.glassfish.jersey.server.model.ResourceMethodInvoker.apply(ResourceMethodInvoker.java:102)&#10;at org.glassfish.jersey.server.ServerRuntime$2.run(ServerRuntime.java:326)&#10;at org.glassfish.jersey.internal.Errors$1.call(Errors.java:271)&#10;at org.glassfish.jersey.internal.Errors$1.call(Errors.java:267)&#10;at org.glassfish.jersey.internal.Errors.process(Errors.java:315)&#10;at org.glassfish.jersey.internal.Errors.process(Errors.java:297)&#10;at org.glassfish.jersey.internal.Errors.process(Errors.java:267)&#10;at org.glassfish.jersey.process.internal.RequestScope.runInScope(RequestScope.java:317)&#10;at org.glassfish.jersey.server.ServerRuntime.process(ServerRuntime.java:305)&#10;at org.glassfish.jersey.server.ApplicationHandler.handle(ApplicationHandler.java:1154)&#10;at org.glassfish.jersey.servlet.WebComponent.serviceImpl(WebComponent.java:473)&#10;at org.glassfish.jersey.servlet.WebComponent.service(WebComponent.java:427)&#10;at org.glassfish.jersey.servlet.ServletContainer.service(ServletContainer.java:388)&#10;at org.glassfish.jersey.servlet.ServletContainer.service(ServletContainer.java:341)&#10;at org.glassfish.jersey.servlet.ServletContainer.service(ServletContainer.java:228)&#10;at org.eclipse.jetty.servlet.ServletHolder.handle(ServletHolder.java:799)&#10;at org.eclipse.jetty.servlet.ServletHandler$ChainEnd.doFilter(ServletHandler.java:1631)&#10;at io.dropwizard.servlets.ThreadNameFilter.doFilter(ThreadNameFilter.java:35)&#10;at org.eclipse.jetty.servlet.FilterHolder.doFilter(FilterHolder.java:193)&#10;at org.eclipse.jetty.servlet.ServletHandler$Chain.doFilter(ServletHandler.java:1601)&#10;at io.dropwizard.jersey.filter.AllowedMethodsFilter.handle(AllowedMethodsFilter.java:45)&#10;at io.dropwizard.jersey.filter.AllowedMethodsFilter.doFilter(AllowedMethodsFilter.java:39)&#10;at org.eclipse.jetty.servlet.FilterHolder.doFilter(FilterHolder.java:193)&#10;at org.eclipse.jetty.servlet.ServletHandler$Chain.doFilter(ServletHandler.java:1601)&#10;at org.finos.legend.server.pac4j.internal.UsernameFilter.doFilter(UsernameFilter.java:51)&#10;at org.eclipse.jetty.servlet.FilterHolder.doFilter(FilterHolder.java:193)&#10;at org.eclipse.jetty.servlet.ServletHandler$Chain.doFilter(ServletHandler.java:1601)&#10;at org.pac4j.j2e.filter.SecurityFilter.lambda$internalFilter$0(SecurityFilter.java:95)&#10;at org.pac4j.core.engine.DefaultSecurityLogic.perform(DefaultSecurityLogic.java:140)&#10;at org.pac4j.j2e.filter.SecurityFilter.internalFilter(SecurityFilter.java:93)&#10;at org.pac4j.j2e.filter.AbstractConfigFilter.doFilter(AbstractConfigFilter.java:81)&#10;at org.eclipse.jetty.servlet.FilterHolder.doFilter(FilterHolder.java:193)&#10;at org.eclipse.jetty.servlet.ServletHandler$Chain.doFilter(ServletHandler.java:1601)&#10;at org.eclipse.jetty.servlet.ServletHandler.doHandle(ServletHandler.java:548)&#10;at org.eclipse.jetty.server.handler.ScopedHandler.nextHandle(ScopedHandler.java:233)&#10;at org.eclipse.jetty.server.session.SessionHandler.doHandle(SessionHandler.java:1624)&#10;at org.eclipse.jetty.server.handler.ScopedHandler.nextHandle(ScopedHandler.java:233)&#10;at org.eclipse.jetty.server.handler.ContextHandler.doHandle(ContextHandler.java:1434)&#10;at org.eclipse.jetty.server.handler.ScopedHandler.nextScope(ScopedHandler.java:188)&#10;at org.eclipse.jetty.servlet.ServletHandler.doScope(ServletHandler.java:501)&#10;at org.eclipse.jetty.server.session.SessionHandler.doScope(SessionHandler.java:1594)&#10;at org.eclipse.jetty.server.handler.ScopedHandler.nextScope(ScopedHandler.java:186)&#10;at org.eclipse.jetty.server.handler.ContextHandler.doScope(ContextHandler.java:1349)&#10;at org.eclipse.jetty.server.handler.ScopedHandler.handle(ScopedHandler.java:141)&#10;at org.eclipse.jetty.server.handler.HandlerWrapper.handle(HandlerWrapper.java:127)&#10;at com.codahale.metrics.jetty9.InstrumentedHandler.handle(InstrumentedHandler.java:313)&#10;at io.dropwizard.jetty.ContextRoutingHandler.handle(ContextRoutingHandler.java:37)&#10;at org.eclipse.jetty.server.handler.gzip.GzipHandler.handle(GzipHandler.java:713)&#10;at io.dropwizard.jetty.BiDiGzipHandler.handle(BiDiGzipHandler.java:67)&#10;at org.eclipse.jetty.server.handler.StatisticsHandler.handle(StatisticsHandler.java:179)&#10;at org.eclipse.jetty.server.handler.HandlerWrapper.handle(HandlerWrapper.java:127)&#10;at org.eclipse.jetty.server.Server.handle(Server.java:516)&#10;at org.eclipse.jetty.server.HttpChannel.lambda$handle$1(HttpChannel.java:400)&#10;at org.eclipse.jetty.server.HttpChannel.dispatch(HttpChannel.java:645)&#10;at org.eclipse.jetty.server.HttpChannel.handle(HttpChannel.java:392)&#10;at org.eclipse.jetty.server.HttpConnection.onFillable(HttpConnection.java:277)&#10;at org.eclipse.jetty.io.AbstractConnection$ReadCallback.succeeded(AbstractConnection.java:311)&#10;at org.eclipse.jetty.io.FillInterest.fillable(FillInterest.java:105)&#10;at org.eclipse.jetty.io.ChannelEndPoint$1.run(ChannelEndPoint.java:104)&#10;at org.eclipse.jetty.util.thread.strategy.EatWhatYouKill.runTask(EatWhatYouKill.java:338)&#10;at org.eclipse.jetty.util.thread.strategy.EatWhatYouKill.doProduce(EatWhatYouKill.java:315)&#10;at org.eclipse.jetty.util.thread.strategy.EatWhatYouKill.tryProduce(EatWhatYouKill.java:173)&#10;at org.eclipse.jetty.util.thread.strategy.EatWhatYouKill.run(EatWhatYouKill.java:131)&#10;at org.eclipse.jetty.util.thread.ReservedThreadExecutor$ReservedThread.run(ReservedThreadExecutor.java:409)&#10;at org.eclipse.jetty.util.thread.QueuedThreadPool.runJob(QueuedThreadPool.java:883)&#10;at org.eclipse.jetty.util.thread.QueuedThreadPool$Runner.run(QueuedThreadPool.java:1034)&#10;at java.base/java.lang.Thread.run(Thread.java:829)&#10;Caused by: net.snowflake.client.jdbc.SnowflakeSQLException: SQL compilation error:&#10;Object &apos;PERSONTABLE&apos; does not exist or not authorized.&#10;at net.snowflake.client.jdbc.SnowflakeUtil.checkErrorAndThrowExceptionSub(SnowflakeUtil.java:127)&#10;at net.snowflake.client.jdbc.SnowflakeUtil.checkErrorAndThrowException(SnowflakeUtil.java:67)&#10;at net.snowflake.client.core.StmtUtil.pollForOutput(StmtUtil.java:442)&#10;at net.snowflake.client.core.StmtUtil.execute(StmtUtil.java:345)&#10;at net.snowflake.client.core.SFStatement.executeHelper(SFStatement.java:486)&#10;at net.snowflake.client.core.SFStatement.executeQueryInternal(SFStatement.java:197)&#10;at net.snowflake.client.core.SFStatement.executeQuery(SFStatement.java:134)&#10;at net.snowflake.client.core.SFStatement.execute(SFStatement.java:743)&#10;at net.snowflake.client.core.SFStatement.execute(SFStatement.java:639)&#10;at net.snowflake.client.jdbc.SnowflakeStatementV1.executeQueryInternal(SnowflakeStatementV1.java:238)&#10;at net.snowflake.client.jdbc.SnowflakeStatementV1.executeQuery(SnowflakeStatementV1.java:133)&#10;at com.zaxxer.hikari.pool.ProxyStatement.executeQuery(ProxyStatement.java:110)&#10;at com.zaxxer.hikari.pool.HikariProxyStatement.executeQuery(HikariProxyStatement.java)&#10;at org.finos.legend.engine.plan.execution.stores.relational.result.SQLExecutionResult.&lt;init&gt;(SQLExecutionResult.java:95)&#10;... 101 more&#10;&quot;}&apos;&quot;" type="Assert failure at (resource"><![CDATA[Assert failure at (resource:/platform/pure/basics/tests/assertEq.pure line:34 column:5), "500 '{"code":-1,"message":"SnowflakeSQLException: SQL compilation error:
Object 'PERSONTABLE' does not exist or not authorized.","status":"error","trace":"java.lang.RuntimeException: net.snowflake.client.jdbc.SnowflakeSQLException: SQL compilation error:
Object 'PERSONTABLE' does not exist or not authorized.
at org.finos.legend.engine.plan.execution.stores.relational.result.SQLExecutionResult.<init>(SQLExecutionResult.java:123)
at org.finos.legend.engine.plan.execution.stores.relational.RelationalExecutor.execute(RelationalExecutor.java:241)
at org.finos.legend.engine.plan.execution.stores.relational.plugin.RelationalExecutionNodeExecutor.visit(RelationalExecutionNodeExecutor.java:238)
at org.finos.legend.engine.plan.execution.stores.relational.plugin.RelationalExecutionNodeExecutor.visit(RelationalExecutionNodeExecutor.java:252)
at org.finos.legend.engine.plan.execution.stores.relational.plugin.RelationalExecutionNodeExecutor.visit(RelationalExecutionNodeExecutor.java:92)
at org.finos.legend.engine.protocol.pure.v1.model.executionPlan.nodes.RelationalTdsInstantiationExecutionNode.accept(RelationalTdsInstantiationExecutionNode.java:22)
at org.finos.legend.engine.plan.execution.stores.relational.RelationalExecutionExtension.lambda$getExtraNodeExecutors$fbe53481$1(RelationalExecutionExtension.java:50)
at org.finos.legend.engine.plan.execution.nodes.ExecutionNodeExecutor.lambda$visit$0(ExecutionNodeExecutor.java:164)
at java.base/java.util.stream.ReferencePipeline$3$1.accept(ReferencePipeline.java:195)
at java.base/java.util.Spliterators$ArraySpliterator.tryAdvance(Spliterators.java:958)
at java.base/java.util.stream.ReferencePipeline.forEachWithCancel(ReferencePipeline.java:127)
at java.base/java.util.stream.AbstractPipeline.copyIntoWithCancel(AbstractPipeline.java:502)
at java.base/java.util.stream.AbstractPipeline.copyInto(AbstractPipeline.java:488)
at java.base/java.util.stream.AbstractPipeline.wrapAndCopyInto(AbstractPipeline.java:474)
at java.base/java.util.stream.FindOps$FindOp.evaluateSequential(FindOps.java:150)
at java.base/java.util.stream.AbstractPipeline.evaluate(AbstractPipeline.java:234)
at java.base/java.util.stream.ReferencePipeline.findFirst(ReferencePipeline.java:543)
at org.finos.legend.engine.plan.execution.nodes.ExecutionNodeExecutor.visit(ExecutionNodeExecutor.java:164)
at org.finos.legend.engine.plan.execution.nodes.ExecutionNodeExecutor.visit(ExecutionNodeExecutor.java:107)
at org.finos.legend.engine.protocol.pure.v1.model.executionPlan.nodes.RelationalTdsInstantiationExecutionNode.accept(RelationalTdsInstantiationExecutionNode.java:22)
at org.finos.legend.engine.plan.execution.PlanExecutor.execute(PlanExecutor.java:238)
at org.finos.legend.engine.plan.execution.PlanExecutor.execute(PlanExecutor.java:225)
at org.finos.legend.engine.plan.execution.api.ExecutePlan.doExecutePlanLegacy(ExecutePlan.java:102)
at org.finos.legend.engine.plan.execution.api.ExecutePlan.doExecutePlan(ExecutePlan.java:84)
at org.finos.legend.engine.plan.execution.api.ExecutePlanLegacy.executePlan(ExecutePlanLegacy.java:56)
at jdk.internal.reflect.GeneratedMethodAccessor100.invoke(Unknown Source)
at java.base/jdk.internal.reflect.DelegatingMethodAccessorImpl.invoke(DelegatingMethodAccessorImpl.java:43)
at java.base/java.lang.reflect.Method.invoke(Method.java:566)
at org.glassfish.jersey.server.model.internal.ResourceMethodInvocationHandlerFactory$1.invoke(ResourceMethodInvocationHandlerFactory.java:81)
at org.glassfish.jersey.server.model.internal.AbstractJavaResourceMethodDispatcher$1.run(AbstractJavaResourceMethodDispatcher.java:144)
at org.glassfish.jersey.server.model.internal.AbstractJavaResourceMethodDispatcher.invoke(AbstractJavaResourceMethodDispatcher.java:161)
at org.glassfish.jersey.server.model.internal.JavaResourceMethodDispatcherProvider$ResponseOutInvoker.doDispatch(JavaResourceMethodDispatcherProvider.java:160)
at org.glassfish.jersey.server.model.internal.AbstractJavaResourceMethodDispatcher.dispatch(AbstractJavaResourceMethodDispatcher.java:99)
at org.glassfish.jersey.server.model.ResourceMethodInvoker.invoke(ResourceMethodInvoker.java:389)
at org.glassfish.jersey.server.model.ResourceMethodInvoker.apply(ResourceMethodInvoker.java:347)
at org.glassfish.jersey.server.model.ResourceMethodInvoker.apply(ResourceMethodInvoker.java:102)
at org.glassfish.jersey.server.ServerRuntime$2.run(ServerRuntime.java:326)
at org.glassfish.jersey.internal.Errors$1.call(Errors.java:271)
at org.glassfish.jersey.internal.Errors$1.call(Errors.java:267)
at org.glassfish.jersey.internal.Errors.process(Errors.java:315)
at org.glassfish.jersey.internal.Errors.process(Errors.java:297)
at org.glassfish.jersey.internal.Errors.process(Errors.java:267)
at org.glassfish.jersey.process.internal.RequestScope.runInScope(RequestScope.java:317)
at org.glassfish.jersey.server.ServerRuntime.process(ServerRuntime.java:305)
at org.glassfish.jersey.server.ApplicationHandler.handle(ApplicationHandler.java:1154)
at org.glassfish.jersey.servlet.WebComponent.serviceImpl(WebComponent.java:473)
at org.glassfish.jersey.servlet.WebComponent.service(WebComponent.java:427)
at org.glassfish.jersey.servlet.ServletContainer.service(ServletContainer.java:388)
at org.glassfish.jersey.servlet.ServletContainer.service(ServletContainer.java:341)
at org.glassfish.jersey.servlet.ServletContainer.service(ServletContainer.java:228)
at org.eclipse.jetty.servlet.ServletHolder.handle(ServletHolder.java:799)
at org.eclipse.jetty.servlet.ServletHandler$ChainEnd.doFilter(ServletHandler.java:1631)
at io.dropwizard.servlets.ThreadNameFilter.doFilter(ThreadNameFilter.java:35)
at org.eclipse.jetty.servlet.FilterHolder.doFilter(FilterHolder.java:193)
at org.eclipse.jetty.servlet.ServletHandler$Chain.doFilter(ServletHandler.java:1601)
at io.dropwizard.jersey.filter.AllowedMethodsFilter.handle(AllowedMethodsFilter.java:45)
at io.dropwizard.jersey.filter.AllowedMethodsFilter.doFilter(AllowedMethodsFilter.java:39)
at org.eclipse.jetty.servlet.FilterHolder.doFilter(FilterHolder.java:193)
at org.eclipse.jetty.servlet.ServletHandler$Chain.doFilter(ServletHandler.java:1601)
at org.finos.legend.server.pac4j.internal.UsernameFilter.doFilter(UsernameFilter.java:51)
at org.eclipse.jetty.servlet.FilterHolder.doFilter(FilterHolder.java:193)
at org.eclipse.jetty.servlet.ServletHandler$Chain.doFilter(ServletHandler.java:1601)
at org.pac4j.j2e.filter.SecurityFilter.lambda$internalFilter$0(SecurityFilter.java:95)
at org.pac4j.core.engine.DefaultSecurityLogic.perform(DefaultSecurityLogic.java:140)
at org.pac4j.j2e.filter.SecurityFilter.internalFilter(SecurityFilter.java:93)
at org.pac4j.j2e.filter.AbstractConfigFilter.doFilter(AbstractConfigFilter.java:81)
at org.eclipse.jetty.servlet.FilterHolder.doFilter(FilterHolder.java:193)
at org.eclipse.jetty.servlet.ServletHandler$Chain.doFilter(ServletHandler.java:1601)
at org.eclipse.jetty.servlet.ServletHandler.doHandle(ServletHandler.java:548)
at org.eclipse.jetty.server.handler.ScopedHandler.nextHandle(ScopedHandler.java:233)
at org.eclipse.jetty.server.session.SessionHandler.doHandle(SessionHandler.java:1624)
at org.eclipse.jetty.server.handler.ScopedHandler.nextHandle(ScopedHandler.java:233)
at org.eclipse.jetty.server.handler.ContextHandler.doHandle(ContextHandler.java:1434)
at org.eclipse.jetty.server.handler.ScopedHandler.nextScope(ScopedHandler.java:188)
at org.eclipse.jetty.servlet.ServletHandler.doScope(ServletHandler.java:501)
at org.eclipse.jetty.server.session.SessionHandler.doScope(SessionHandler.java:1594)
at org.eclipse.jetty.server.handler.ScopedHandler.nextScope(ScopedHandler.java:186)
at org.eclipse.jetty.server.handler.ContextHandler.doScope(ContextHandler.java:1349)
at org.eclipse.jetty.server.handler.ScopedHandler.handle(ScopedHandler.java:141)
at org.eclipse.jetty.server.handler.HandlerWrapper.handle(HandlerWrapper.java:127)
at com.codahale.metrics.jetty9.InstrumentedHandler.handle(InstrumentedHandler.java:313)
at io.dropwizard.jetty.ContextRoutingHandler.handle(ContextRoutingHandler.java:37)
at org.eclipse.jetty.server.handler.gzip.GzipHandler.handle(GzipHandler.java:713)
at io.dropwizard.jetty.BiDiGzipHandler.handle(BiDiGzipHandler.java:67)
at org.eclipse.jetty.server.handler.StatisticsHandler.handle(StatisticsHandler.java:179)
at org.eclipse.jetty.server.handler.HandlerWrapper.handle(HandlerWrapper.java:127)
at org.eclipse.jetty.server.Server.handle(Server.java:516)
at org.eclipse.jetty.server.HttpChannel.lambda$handle$1(HttpChannel.java:400)
at org.eclipse.jetty.server.HttpChannel.dispatch(HttpChannel.java:645)
at org.eclipse.jetty.server.HttpChannel.handle(HttpChannel.java:392)
at org.eclipse.jetty.server.HttpConnection.onFillable(HttpConnection.java:277)
at org.eclipse.jetty.io.AbstractConnection$ReadCallback.succeeded(AbstractConnection.java:311)
at org.eclipse.jetty.io.FillInterest.fillable(FillInterest.java:105)
at org.eclipse.jetty.io.ChannelEndPoint$1.run(ChannelEndPoint.java:104)
at org.eclipse.jetty.util.thread.strategy.EatWhatYouKill.runTask(EatWhatYouKill.java:338)
at org.eclipse.jetty.util.thread.strategy.EatWhatYouKill.doProduce(EatWhatYouKill.java:315)
at org.eclipse.jetty.util.thread.strategy.EatWhatYouKill.tryProduce(EatWhatYouKill.java:173)
at org.eclipse.jetty.util.thread.strategy.EatWhatYouKill.run(EatWhatYouKill.java:131)
at org.eclipse.jetty.util.thread.ReservedThreadExecutor$ReservedThread.run(ReservedThreadExecutor.java:409)
at org.eclipse.jetty.util.thread.QueuedThreadPool.runJob(QueuedThreadPool.java:883)
at org.eclipse.jetty.util.thread.QueuedThreadPool$Runner.run(QueuedThreadPool.java:1034)
at java.base/java.lang.Thread.run(Thread.java:829)
Caused by: net.snowflake.client.jdbc.SnowflakeSQLException: SQL compilation error:
Object 'PERSONTABLE' does not exist or not authorized.
at net.snowflake.client.jdbc.SnowflakeUtil.checkErrorAndThrowExceptionSub(SnowflakeUtil.java:127)
at net.snowflake.client.jdbc.SnowflakeUtil.checkErrorAndThrowException(SnowflakeUtil.java:67)
at net.snowflake.client.core.StmtUtil.pollForOutput(StmtUtil.java:442)
at net.snowflake.client.core.StmtUtil.execute(StmtUtil.java:345)
at net.snowflake.client.core.SFStatement.executeHelper(SFStatement.java:486)
at net.snowflake.client.core.SFStatement.executeQueryInternal(SFStatement.java:197)
at net.snowflake.client.core.SFStatement.executeQuery(SFStatement.java:134)
at net.snowflake.client.core.SFStatement.execute(SFStatement.java:743)
at net.snowflake.client.core.SFStatement.execute(SFStatement.java:639)
at net.snowflake.client.jdbc.SnowflakeStatementV1.executeQueryInternal(SnowflakeStatementV1.java:238)
at net.snowflake.client.jdbc.SnowflakeStatementV1.executeQuery(SnowflakeStatementV1.java:133)
at com.zaxxer.hikari.pool.ProxyStatement.executeQuery(ProxyStatement.java:110)
at com.zaxxer.hikari.pool.HikariProxyStatement.executeQuery(HikariProxyStatement.java)
at org.finos.legend.engine.plan.execution.stores.relational.result.SQLExecutionResult.<init>(SQLExecutionResult.java:95)
... 101 more
"}'"
	at org.finos.legend.pure.runtime.java.compiled.generation.processors.support.CompiledSupport.pureAssert(CompiledSupport.java:1994)
	at org.finos.legend.pure.generated.platform_pure_basics_tests_assertEq.Root_meta_pure_functions_asserts_assertEq_Any_1__Any_1__Function_1__Boolean_1_(platform_pure_basics_tests_assertEq.java:44)
	at org.finos.legend.pure.generated.core_pure_protocol_vX_X_X_invocations_execution.Root_meta_protocols_pure_vX_X_X_invocation_execution_execute_executePlan_String_1__String_1__Integer_1__String_1_(core_pure_protocol_vX_X_X_invocations_execution.java:751)
	at org.finos.legend.pure.generated.core_pure_protocol_vX_X_X_invocations_execution.Root_meta_protocols_pure_vX_X_X_invocation_execution_execute_executePlan_ExecutionPlan_1__String_1__Integer_1__Extension_MANY__String_1_(core_pure_protocol_vX_X_X_invocations_execution.java:745)
	at org.finos.legend.pure.generated.core_pure_protocol_vX_X_X_invocations_execution.Root_meta_protocols_pure_vX_X_X_invocation_execution_execute_executePlan_ExecutionPlan_1__ExecutionContext_$0_1$__String_1__Integer_1__Extension_MANY__Result_1_(core_pure_protocol_vX_X_X_invocations_execution.java:738)
	at jdk.internal.reflect.GeneratedMethodAccessor96.invoke(Unknown Source)
	at java.base/jdk.internal.reflect.DelegatingMethodAccessorImpl.invoke(DelegatingMethodAccessorImpl.java:43)
	at java.base/java.lang.reflect.Method.invoke(Method.java:566)
	at org.finos.legend.pure.runtime.java.compiled.metadata.JavaMethodWithParamsSharedPureFunction.execute(JavaMethodWithParamsSharedPureFunction.java:59)
	at org.finos.legend.pure.runtime.java.compiled.generation.processors.support.Pure._evaluateToMany(Pure.java:546)
	at org.finos.legend.pure.generated.CoreGen.evaluateToMany(CoreGen.java:147)
	at org.finos.legend.pure.generated.CoreGen.evaluateToMany(CoreGen.java:134)
	at org.finos.legend.pure.generated.core_pure_router_router_entry$9$1.value(core_pure_router_router_entry.java:318)
	at org.finos.legend.pure.generated.core_pure_router_router_entry$9$1.execute(core_pure_router_router_entry.java:311)
	at org.finos.legend.pure.generated.core_pure_router_router_entry$9$1.execute(core_pure_router_router_entry.java:307)
	at org.finos.legend.pure.runtime.java.compiled.generation.processors.support.Pure.evaluate(Pure.java:485)
	at org.finos.legend.pure.runtime.java.compiled.generation.processors.support.Pure.legendTest(Pure.java:216)
	at org.finos.legend.pure.generated.CoreGen.legendTest(CoreGen.java:61)
	at org.finos.legend.pure.generated.core_pure_router_router_entry$9.valueOf(core_pure_router_router_entry.java:303)
	at org.finos.legend.pure.generated.core_pure_router_router_entry$9.execute(core_pure_router_router_entry.java:298)
	at org.finos.legend.pure.generated.core_pure_router_router_entry$9.execute(core_pure_router_router_entry.java:294)
	at org.finos.legend.pure.runtime.java.compiled.generation.processors.support.Pure.evaluate(Pure.java:485)
	at org.finos.legend.pure.runtime.java.compiled.generation.processors.support.Pure.traceSpan(Pure.java:1482)
	at org.finos.legend.pure.generated.CoreGen.traceSpan(CoreGen.java:203)
	at org.finos.legend.pure.generated.core_pure_router_router_entry.Root_meta_pure_router_executePlan_ExecutionPlan_1__ExecutionContext_1__Extension_MANY__Result_$0_1$_(core_pure_router_router_entry.java:290)
	at org.finos.legend.pure.generated.core_pure_router_router_entry.Root_meta_pure_router_executePlan_ExecutionPlan_1__Extension_MANY__Result_$0_1$_(core_pure_router_router_entry.java:285)
	at org.finos.legend.pure.generated.core_relational_relational_sqlQueryToString_dbTestRunner_executionPlanTestRunner$19.execute(core_relational_relational_sqlQueryToString_dbTestRunner_executionPlanTestRunner.java:305)
	at org.finos.legend.pure.generated.core_relational_relational_sqlQueryToString_dbTestRunner_executionPlanTestRunner.Root_meta_relational_dbTestRunner_executeViaPlan_FunctionDefinition_1__Mapping_1__Database_1__DbTestConfig_1__Extension_MANY__Result_$0_1$_(core_relational_relational_sqlQueryToString_dbTestRunner_executionPlanTestRunner.java:309)
	at org.finos.legend.pure.generated.core_relational_relational_sqlQueryToString_testSuite_selectSubClauses_filters.Root_meta_relational_tests_dbSpecificTests_sqlQueryTests_selectSubClauses_filters_testFilterOnAssociatedClassAggValueAfterGroupBy_DbTestConfig_1__Boolean_1_(core_relational_relational_sqlQueryToString_testSuite_selectSubClauses_filters.java:775)
	at java.base/jdk.internal.reflect.NativeMethodAccessorImpl.invoke0(Native Method)
	at java.base/jdk.internal.reflect.NativeMethodAccessorImpl.invoke(NativeMethodAccessorImpl.java:62)
	at java.base/jdk.internal.reflect.DelegatingMethodAccessorImpl.invoke(DelegatingMethodAccessorImpl.java:43)
	at java.base/java.lang.reflect.Method.invoke(Method.java:566)
	at org.finos.legend.pure.runtime.java.compiled.testHelper.PureTestBuilderCompiled.executeFn(PureTestBuilderCompiled.java:113)
	at org.finos.legend.pure.runtime.java.compiled.testHelper.PureTestBuilderCompiled.lambda$buildSuite$0(PureTestBuilderCompiled.java:79)
	at org.finos.legend.pure.m3.execution.test.PureTestBuilder$PureTestCase.runTest(PureTestBuilder.java:95)
	at junit.framework.TestCase.runBare(TestCase.java:142)
	at org.finos.legend.engine.server.test.shared.Relational_DbSpecific_UsingPureClientTestSuite$2.runTest(Relational_DbSpecific_UsingPureClientTestSuite.java:90)
	at junit.framework.TestCase.runBare(TestCase.java:142)
	at junit.framework.TestResult$1.protect(TestResult.java:122)
	at junit.framework.TestResult.runProtected(TestResult.java:142)
	at junit.framework.TestResult.run(TestResult.java:125)
	at junit.framework.TestCase.run(TestCase.java:130)
	at junit.framework.TestSuite.runTest(TestSuite.java:241)
	at junit.framework.TestSuite.run(TestSuite.java:236)
	at junit.framework.TestSuite.runTest(TestSuite.java:241)
	at junit.framework.TestSuite.run(TestSuite.java:236)
	at junit.framework.TestSuite.runTest(TestSuite.java:241)
	at junit.framework.TestSuite.run(TestSuite.java:236)
	at junit.framework.TestSuite.runTest(TestSuite.java:241)
	at junit.framework.TestSuite.run(TestSuite.java:236)
	at junit.framework.TestSuite.runTest(TestSuite.java:241)
	at junit.framework.TestSuite.run(TestSuite.java:236)
	at junit.extensions.TestDecorator.basicRun(TestDecorator.java:24)
	at junit.extensions.TestSetup$1.protect(TestSetup.java:23)
	at junit.framework.TestResult.runProtected(TestResult.java:142)
	at junit.extensions.TestSetup.run(TestSetup.java:27)
	at org.junit.internal.runners.JUnit38ClassRunner.run(JUnit38ClassRunner.java:90)
	at org.apache.maven.surefire.junit4.JUnit4Provider.execute(JUnit4Provider.java:365)
	at org.apache.maven.surefire.junit4.JUnit4Provider.executeWithRerun(JUnit4Provider.java:273)
	at org.apache.maven.surefire.junit4.JUnit4Provider.executeTestSet(JUnit4Provider.java:238)
	at org.apache.maven.surefire.junit4.JUnit4Provider.invoke(JUnit4Provider.java:159)
	at org.apache.maven.surefire.booter.ForkedBooter.invokeProviderInSameClassLoader(ForkedBooter.java:384)
	at org.apache.maven.surefire.booter.ForkedBooter.runSuitesInProcess(ForkedBooter.java:345)
	at org.apache.maven.surefire.booter.ForkedBooter.execute(ForkedBooter.java:126)
	at org.apache.maven.surefire.booter.ForkedBooter.main(ForkedBooter.java:418)
]]></error>
    <system-out><![CDATA[Running db test selectSubClauses::filters::testFilterOnAssociatedClassAggValueAfterGroupBy
{"duration":0.0,"eventType":"EXECUTION_PLAN_EXEC_ERROR","info":{"code":-1,"message":"SnowflakeSQLException: SQL compilation error:\nObject 'PERSONTABLE' does not exist or not authorized.","status":"error","trace":"java.lang.RuntimeException: net.snowflake.client.jdbc.SnowflakeSQLException: SQL compilation error:\nObject 'PERSONTABLE' does not exist or not authorized.\n\tat org.finos.legend.engine.plan.execution.stores.relational.result.SQLExecutionResult.<init>(SQLExecutionResult.java:123)\n\tat org.finos.legend.engine.plan.execution.stores.relational.RelationalExecutor.execute(RelationalExecutor.java:241)\n\tat org.finos.legend.engine.plan.execution.stores.relational.plugin.RelationalExecutionNodeExecutor.visit(RelationalExecutionNodeExecutor.java:238)\n\tat org.finos.legend.engine.plan.execution.stores.relational.plugin.RelationalExecutionNodeExecutor.visit(RelationalExecutionNodeExecutor.java:252)\n\tat org.finos.legend.engine.plan.execution.stores.relational.plugin.RelationalExecutionNodeExecutor.visit(RelationalExecutionNodeExecutor.java:92)\n\tat org.finos.legend.engine.protocol.pure.v1.model.executionPlan.nodes.RelationalTdsInstantiationExecutionNode.accept(RelationalTdsInstantiationExecutionNode.java:22)\n\tat org.finos.legend.engine.plan.execution.stores.relational.RelationalExecutionExtension.lambda$getExtraNodeExecutors$fbe53481$1(RelationalExecutionExtension.java:50)\n\tat org.finos.legend.engine.plan.execution.nodes.ExecutionNodeExecutor.lambda$visit$0(ExecutionNodeExecutor.java:164)\n\tat java.base/java.util.stream.ReferencePipeline$3$1.accept(ReferencePipeline.java:195)\n\tat java.base/java.util.Spliterators$ArraySpliterator.tryAdvance(Spliterators.java:958)\n\tat java.base/java.util.stream.ReferencePipeline.forEachWithCancel(ReferencePipeline.java:127)\n\tat java.base/java.util.stream.AbstractPipeline.copyIntoWithCancel(AbstractPipeline.java:502)\n\tat java.base/java.util.stream.AbstractPipeline.copyInto(AbstractPipeline.java:488)\n\tat java.base/java.util.stream.AbstractPipeline.wrapAndCopyInto(AbstractPipeline.java:474)\n\tat java.base/java.util.stream.FindOps$FindOp.evaluateSequential(FindOps.java:150)\n\tat java.base/java.util.stream.AbstractPipeline.evaluate(AbstractPipeline.java:234)\n\tat java.base/java.util.stream.ReferencePipeline.findFirst(ReferencePipeline.java:543)\n\tat org.finos.legend.engine.plan.execution.nodes.ExecutionNodeExecutor.visit(ExecutionNodeExecutor.java:164)\n\tat org.finos.legend.engine.plan.execution.nodes.ExecutionNodeExecutor.visit(ExecutionNodeExecutor.java:107)\n\tat org.finos.legend.engine.protocol.pure.v1.model.executionPlan.nodes.RelationalTdsInstantiationExecutionNode.accept(RelationalTdsInstantiationExecutionNode.java:22)\n\tat org.finos.legend.engine.plan.execution.PlanExecutor.execute(PlanExecutor.java:238)\n\tat org.finos.legend.engine.plan.execution.PlanExecutor.execute(PlanExecutor.java:225)\n\tat org.finos.legend.engine.plan.execution.api.ExecutePlan.doExecutePlanLegacy(ExecutePlan.java:102)\n\tat org.finos.legend.engine.plan.execution.api.ExecutePlan.doExecutePlan(ExecutePlan.java:84)\n\tat org.finos.legend.engine.plan.execution.api.ExecutePlanLegacy.executePlan(ExecutePlanLegacy.java:56)\n\tat jdk.internal.reflect.GeneratedMethodAccessor100.invoke(Unknown Source)\n\tat java.base/jdk.internal.reflect.DelegatingMethodAccessorImpl.invoke(DelegatingMethodAccessorImpl.java:43)\n\tat java.base/java.lang.reflect.Method.invoke(Method.java:566)\n\tat org.glassfish.jersey.server.model.internal.ResourceMethodInvocationHandlerFactory$1.invoke(ResourceMethodInvocationHandlerFactory.java:81)\n\tat org.glassfish.jersey.server.model.internal.AbstractJavaResourceMethodDispatcher$1.run(AbstractJavaResourceMethodDispatcher.java:144)\n\tat org.glassfish.jersey.server.model.internal.AbstractJavaResourceMethodDispatcher.invoke(AbstractJavaResourceMethodDispatcher.java:161)\n\tat org.glassfish.jersey.server.model.internal.JavaResourceMethodDispatcherProvider$ResponseOutInvoker.doDispatch(JavaResourceMethodDispatcherProvider.java:160)\n\tat org.glassfish.jersey.server.model.internal.AbstractJavaResourceMethodDispatcher.dispatch(AbstractJavaResourceMethodDispatcher.java:99)\n\tat org.glassfish.jersey.server.model.ResourceMethodInvoker.invoke(ResourceMethodInvoker.java:389)\n\tat org.glassfish.jersey.server.model.ResourceMethodInvoker.apply(ResourceMethodInvoker.java:347)\n\tat org.glassfish.jersey.server.model.ResourceMethodInvoker.apply(ResourceMethodInvoker.java:102)\n\tat org.glassfish.jersey.server.ServerRuntime$2.run(ServerRuntime.java:326)\n\tat org.glassfish.jersey.internal.Errors$1.call(Errors.java:271)\n\tat org.glassfish.jersey.internal.Errors$1.call(Errors.java:267)\n\tat org.glassfish.jersey.internal.Errors.process(Errors.java:315)\n\tat org.glassfish.jersey.internal.Errors.process(Errors.java:297)\n\tat org.glassfish.jersey.internal.Errors.process(Errors.java:267)\n\tat org.glassfish.jersey.process.internal.RequestScope.runInScope(RequestScope.java:317)\n\tat org.glassfish.jersey.server.ServerRuntime.process(ServerRuntime.java:305)\n\tat org.glassfish.jersey.server.ApplicationHandler.handle(ApplicationHandler.java:1154)\n\tat org.glassfish.jersey.servlet.WebComponent.serviceImpl(WebComponent.java:473)\n\tat org.glassfish.jersey.servlet.WebComponent.service(WebComponent.java:427)\n\tat org.glassfish.jersey.servlet.ServletContainer.service(ServletContainer.java:388)\n\tat org.glassfish.jersey.servlet.ServletContainer.service(ServletContainer.java:341)\n\tat org.glassfish.jersey.servlet.ServletContainer.service(ServletContainer.java:228)\n\tat org.eclipse.jetty.servlet.ServletHolder.handle(ServletHolder.java:799)\n\tat org.eclipse.jetty.servlet.ServletHandler$ChainEnd.doFilter(ServletHandler.java:1631)\n\tat io.dropwizard.servlets.ThreadNameFilter.doFilter(ThreadNameFilter.java:35)\n\tat org.eclipse.jetty.servlet.FilterHolder.doFilter(FilterHolder.java:193)\n\tat org.eclipse.jetty.servlet.ServletHandler$Chain.doFilter(ServletHandler.java:1601)\n\tat io.dropwizard.jersey.filter.AllowedMethodsFilter.handle(AllowedMethodsFilter.java:45)\n\tat io.dropwizard.jersey.filter.AllowedMethodsFilter.doFilter(AllowedMethodsFilter.java:39)\n\tat org.eclipse.jetty.servlet.FilterHolder.doFilter(FilterHolder.java:193)\n\tat org.eclipse.jetty.servlet.ServletHandler$Chain.doFilter(ServletHandler.java:1601)\n\tat org.finos.legend.server.pac4j.internal.UsernameFilter.doFilter(UsernameFilter.java:51)\n\tat org.eclipse.jetty.servlet.FilterHolder.doFilter(FilterHolder.java:193)\n\tat org.eclipse.jetty.servlet.ServletHandler$Chain.doFilter(ServletHandler.java:1601)\n\tat org.pac4j.j2e.filter.SecurityFilter.lambda$internalFilter$0(SecurityFilter.java:95)\n\tat org.pac4j.core.engine.DefaultSecurityLogic.perform(DefaultSecurityLogic.java:140)\n\tat org.pac4j.j2e.filter.SecurityFilter.internalFilter(SecurityFilter.java:93)\n\tat org.pac4j.j2e.filter.AbstractConfigFilter.doFilter(AbstractConfigFilter.java:81)\n\tat org.eclipse.jetty.servlet.FilterHolder.doFilter(FilterHolder.java:193)\n\tat org.eclipse.jetty.servlet.ServletHandler$Chain.doFilter(ServletHandler.java:1601)\n\tat org.eclipse.jetty.servlet.ServletHandler.doHandle(ServletHandler.java:548)\n\tat org.eclipse.jetty.server.handler.ScopedHandler.nextHandle(ScopedHandler.java:233)\n\tat org.eclipse.jetty.server.session.SessionHandler.doHandle(SessionHandler.java:1624)\n\tat org.eclipse.jetty.server.handler.ScopedHandler.nextHandle(ScopedHandler.java:233)\n\tat org.eclipse.jetty.server.handler.ContextHandler.doHandle(ContextHandler.java:1434)\n\tat org.eclipse.jetty.server.handler.ScopedHandler.nextScope(ScopedHandler.java:188)\n\tat org.eclipse.jetty.servlet.ServletHandler.doScope(ServletHandler.java:501)\n\tat org.eclipse.jetty.server.session.SessionHandler.doScope(SessionHandler.java:1594)\n\tat org.eclipse.jetty.server.handler.ScopedHandler.nextScope(ScopedHandler.java:186)\n\tat org.eclipse.jetty.server.handler.ContextHandler.doScope(ContextHandler.java:1349)\n\tat org.eclipse.jetty.server.handler.ScopedHandler.handle(ScopedHandler.java:141)\n\tat org.eclipse.jetty.server.handler.HandlerWrapper.handle(HandlerWrapper.java:127)\n\tat com.codahale.metrics.jetty9.InstrumentedHandler.handle(InstrumentedHandler.java:313)\n\tat io.dropwizard.jetty.ContextRoutingHandler.handle(ContextRoutingHandler.java:37)\n\tat org.eclipse.jetty.server.handler.gzip.GzipHandler.handle(GzipHandler.java:713)\n\tat io.dropwizard.jetty.BiDiGzipHandler.handle(BiDiGzipHandler.java:67)\n\tat org.eclipse.jetty.server.handler.StatisticsHandler.handle(StatisticsHandler.java:179)\n\tat org.eclipse.jetty.server.handler.HandlerWrapper.handle(HandlerWrapper.java:127)\n\tat org.eclipse.jetty.server.Server.handle(Server.java:516)\n\tat org.eclipse.jetty.server.HttpChannel.lambda$handle$1(HttpChannel.java:400)\n\tat org.eclipse.jetty.server.HttpChannel.dispatch(HttpChannel.java:645)\n\tat org.eclipse.jetty.server.HttpChannel.handle(HttpChannel.java:392)\n\tat org.eclipse.jetty.server.HttpConnection.onFillable(HttpConnection.java:277)\n\tat org.eclipse.jetty.io.AbstractConnection$ReadCallback.succeeded(AbstractConnection.java:311)\n\tat org.eclipse.jetty.io.FillInterest.fillable(FillInterest.java:105)\n\tat org.eclipse.jetty.io.ChannelEndPoint$1.run(ChannelEndPoint.java:104)\n\tat org.eclipse.jetty.util.thread.strategy.EatWhatYouKill.runTask(EatWhatYouKill.java:338)\n\tat org.eclipse.jetty.util.thread.strategy.EatWhatYouKill.doProduce(EatWhatYouKill.java:315)\n\tat org.eclipse.jetty.util.thread.strategy.EatWhatYouKill.tryProduce(EatWhatYouKill.java:173)\n\tat org.eclipse.jetty.util.thread.strategy.EatWhatYouKill.run(EatWhatYouKill.java:131)\n\tat org.eclipse.jetty.util.thread.ReservedThreadExecutor$ReservedThread.run(ReservedThreadExecutor.java:409)\n\tat org.eclipse.jetty.util.thread.QueuedThreadPool.runJob(QueuedThreadPool.java:883)\n\tat org.eclipse.jetty.util.thread.QueuedThreadPool$Runner.run(QueuedThreadPool.java:1034)\n\tat java.base/java.lang.Thread.run(Thread.java:829)\nCaused by: net.snowflake.client.jdbc.SnowflakeSQLException: SQL compilation error:\nObject 'PERSONTABLE' does not exist or not authorized.\n\tat net.snowflake.client.jdbc.SnowflakeUtil.checkErrorAndThrowExceptionSub(SnowflakeUtil.java:127)\n\tat net.snowflake.client.jdbc.SnowflakeUtil.checkErrorAndThrowException(SnowflakeUtil.java:67)\n\tat net.snowflake.client.core.StmtUtil.pollForOutput(StmtUtil.java:442)\n\tat net.snowflake.client.core.StmtUtil.execute(StmtUtil.java:345)\n\tat net.snowflake.client.core.SFStatement.executeHelper(SFStatement.java:486)\n\tat net.snowflake.client.core.SFStatement.executeQueryInternal(SFStatement.java:197)\n\tat net.snowflake.client.core.SFStatement.executeQuery(SFStatement.java:134)\n\tat net.snowflake.client.core.SFStatement.execute(SFStatement.java:743)\n\tat net.snowflake.client.core.SFStatement.execute(SFStatement.java:639)\n\tat net.snowflake.client.jdbc.SnowflakeStatementV1.executeQueryInternal(SnowflakeStatementV1.java:238)\n\tat net.snowflake.client.jdbc.SnowflakeStatementV1.executeQuery(SnowflakeStatementV1.java:133)\n\tat com.zaxxer.hikari.pool.ProxyStatement.executeQuery(ProxyStatement.java:110)\n\tat com.zaxxer.hikari.pool.HikariProxyStatement.executeQuery(HikariProxyStatement.java)\n\tat org.finos.legend.engine.plan.execution.stores.relational.result.SQLExecutionResult.<init>(SQLExecutionResult.java:95)\n\t... 101 more\n"},"mode":"DEV","timeStamp":"2023-02-23 01:31:38.659","user":"_UNKNOWN_"}
| **selectSubClauses::filters::testFilterOnAssociatedClassAggValueAfterGroupBy** | failing :x: |
]]></system-out>
  </testcase>
  <testcase name="testGreaterThanEqualString[Snowflake]" classname="org.finos.legend.engine.server.test.shared.Relational_DbSpecific_UsingPureClientTestSuite$2" time="1.789">
    <error message="Assert failure at (resource:/platform/pure/basics/tests/assertEq.pure line:34 column:5), &quot;500 &apos;{&quot;code&quot;:-1,&quot;message&quot;:&quot;SnowflakeSQLException: SQL compilation error:&#10;Object &apos;PERSONTABLE&apos; does not exist or not authorized.&quot;,&quot;status&quot;:&quot;error&quot;,&quot;trace&quot;:&quot;java.lang.RuntimeException: net.snowflake.client.jdbc.SnowflakeSQLException: SQL compilation error:&#10;Object &apos;PERSONTABLE&apos; does not exist or not authorized.&#10;at org.finos.legend.engine.plan.execution.stores.relational.result.SQLExecutionResult.&lt;init&gt;(SQLExecutionResult.java:123)&#10;at org.finos.legend.engine.plan.execution.stores.relational.RelationalExecutor.execute(RelationalExecutor.java:241)&#10;at org.finos.legend.engine.plan.execution.stores.relational.plugin.RelationalExecutionNodeExecutor.visit(RelationalExecutionNodeExecutor.java:238)&#10;at org.finos.legend.engine.plan.execution.stores.relational.plugin.RelationalExecutionNodeExecutor.visit(RelationalExecutionNodeExecutor.java:292)&#10;at org.finos.legend.engine.plan.execution.stores.relational.plugin.RelationalExecutionNodeExecutor.visit(RelationalExecutionNodeExecutor.java:92)&#10;at org.finos.legend.engine.protocol.pure.v1.model.executionPlan.nodes.RelationalClassInstantiationExecutionNode.accept(RelationalClassInstantiationExecutionNode.java:22)&#10;at org.finos.legend.engine.plan.execution.stores.relational.RelationalExecutionExtension.lambda$getExtraNodeExecutors$fbe53481$1(RelationalExecutionExtension.java:50)&#10;at org.finos.legend.engine.plan.execution.nodes.ExecutionNodeExecutor.lambda$visit$0(ExecutionNodeExecutor.java:164)&#10;at java.base/java.util.stream.ReferencePipeline$3$1.accept(ReferencePipeline.java:195)&#10;at java.base/java.util.Spliterators$ArraySpliterator.tryAdvance(Spliterators.java:958)&#10;at java.base/java.util.stream.ReferencePipeline.forEachWithCancel(ReferencePipeline.java:127)&#10;at java.base/java.util.stream.AbstractPipeline.copyIntoWithCancel(AbstractPipeline.java:502)&#10;at java.base/java.util.stream.AbstractPipeline.copyInto(AbstractPipeline.java:488)&#10;at java.base/java.util.stream.AbstractPipeline.wrapAndCopyInto(AbstractPipeline.java:474)&#10;at java.base/java.util.stream.FindOps$FindOp.evaluateSequential(FindOps.java:150)&#10;at java.base/java.util.stream.AbstractPipeline.evaluate(AbstractPipeline.java:234)&#10;at java.base/java.util.stream.ReferencePipeline.findFirst(ReferencePipeline.java:543)&#10;at org.finos.legend.engine.plan.execution.nodes.ExecutionNodeExecutor.visit(ExecutionNodeExecutor.java:164)&#10;at org.finos.legend.engine.plan.execution.nodes.ExecutionNodeExecutor.visit(ExecutionNodeExecutor.java:107)&#10;at org.finos.legend.engine.protocol.pure.v1.model.executionPlan.nodes.RelationalClassInstantiationExecutionNode.accept(RelationalClassInstantiationExecutionNode.java:22)&#10;at org.finos.legend.engine.plan.execution.PlanExecutor.execute(PlanExecutor.java:238)&#10;at org.finos.legend.engine.plan.execution.PlanExecutor.execute(PlanExecutor.java:225)&#10;at org.finos.legend.engine.plan.execution.api.ExecutePlan.doExecutePlanLegacy(ExecutePlan.java:102)&#10;at org.finos.legend.engine.plan.execution.api.ExecutePlan.doExecutePlan(ExecutePlan.java:84)&#10;at org.finos.legend.engine.plan.execution.api.ExecutePlanLegacy.executePlan(ExecutePlanLegacy.java:56)&#10;at jdk.internal.reflect.GeneratedMethodAccessor100.invoke(Unknown Source)&#10;at java.base/jdk.internal.reflect.DelegatingMethodAccessorImpl.invoke(DelegatingMethodAccessorImpl.java:43)&#10;at java.base/java.lang.reflect.Method.invoke(Method.java:566)&#10;at org.glassfish.jersey.server.model.internal.ResourceMethodInvocationHandlerFactory$1.invoke(ResourceMethodInvocationHandlerFactory.java:81)&#10;at org.glassfish.jersey.server.model.internal.AbstractJavaResourceMethodDispatcher$1.run(AbstractJavaResourceMethodDispatcher.java:144)&#10;at org.glassfish.jersey.server.model.internal.AbstractJavaResourceMethodDispatcher.invoke(AbstractJavaResourceMethodDispatcher.java:161)&#10;at org.glassfish.jersey.server.model.internal.JavaResourceMethodDispatcherProvider$ResponseOutInvoker.doDispatch(JavaResourceMethodDispatcherProvider.java:160)&#10;at org.glassfish.jersey.server.model.internal.AbstractJavaResourceMethodDispatcher.dispatch(AbstractJavaResourceMethodDispatcher.java:99)&#10;at org.glassfish.jersey.server.model.ResourceMethodInvoker.invoke(ResourceMethodInvoker.java:389)&#10;at org.glassfish.jersey.server.model.ResourceMethodInvoker.apply(ResourceMethodInvoker.java:347)&#10;at org.glassfish.jersey.server.model.ResourceMethodInvoker.apply(ResourceMethodInvoker.java:102)&#10;at org.glassfish.jersey.server.ServerRuntime$2.run(ServerRuntime.java:326)&#10;at org.glassfish.jersey.internal.Errors$1.call(Errors.java:271)&#10;at org.glassfish.jersey.internal.Errors$1.call(Errors.java:267)&#10;at org.glassfish.jersey.internal.Errors.process(Errors.java:315)&#10;at org.glassfish.jersey.internal.Errors.process(Errors.java:297)&#10;at org.glassfish.jersey.internal.Errors.process(Errors.java:267)&#10;at org.glassfish.jersey.process.internal.RequestScope.runInScope(RequestScope.java:317)&#10;at org.glassfish.jersey.server.ServerRuntime.process(ServerRuntime.java:305)&#10;at org.glassfish.jersey.server.ApplicationHandler.handle(ApplicationHandler.java:1154)&#10;at org.glassfish.jersey.servlet.WebComponent.serviceImpl(WebComponent.java:473)&#10;at org.glassfish.jersey.servlet.WebComponent.service(WebComponent.java:427)&#10;at org.glassfish.jersey.servlet.ServletContainer.service(ServletContainer.java:388)&#10;at org.glassfish.jersey.servlet.ServletContainer.service(ServletContainer.java:341)&#10;at org.glassfish.jersey.servlet.ServletContainer.service(ServletContainer.java:228)&#10;at org.eclipse.jetty.servlet.ServletHolder.handle(ServletHolder.java:799)&#10;at org.eclipse.jetty.servlet.ServletHandler$ChainEnd.doFilter(ServletHandler.java:1631)&#10;at io.dropwizard.servlets.ThreadNameFilter.doFilter(ThreadNameFilter.java:35)&#10;at org.eclipse.jetty.servlet.FilterHolder.doFilter(FilterHolder.java:193)&#10;at org.eclipse.jetty.servlet.ServletHandler$Chain.doFilter(ServletHandler.java:1601)&#10;at io.dropwizard.jersey.filter.AllowedMethodsFilter.handle(AllowedMethodsFilter.java:45)&#10;at io.dropwizard.jersey.filter.AllowedMethodsFilter.doFilter(AllowedMethodsFilter.java:39)&#10;at org.eclipse.jetty.servlet.FilterHolder.doFilter(FilterHolder.java:193)&#10;at org.eclipse.jetty.servlet.ServletHandler$Chain.doFilter(ServletHandler.java:1601)&#10;at org.finos.legend.server.pac4j.internal.UsernameFilter.doFilter(UsernameFilter.java:51)&#10;at org.eclipse.jetty.servlet.FilterHolder.doFilter(FilterHolder.java:193)&#10;at org.eclipse.jetty.servlet.ServletHandler$Chain.doFilter(ServletHandler.java:1601)&#10;at org.pac4j.j2e.filter.SecurityFilter.lambda$internalFilter$0(SecurityFilter.java:95)&#10;at org.pac4j.core.engine.DefaultSecurityLogic.perform(DefaultSecurityLogic.java:140)&#10;at org.pac4j.j2e.filter.SecurityFilter.internalFilter(SecurityFilter.java:93)&#10;at org.pac4j.j2e.filter.AbstractConfigFilter.doFilter(AbstractConfigFilter.java:81)&#10;at org.eclipse.jetty.servlet.FilterHolder.doFilter(FilterHolder.java:193)&#10;at org.eclipse.jetty.servlet.ServletHandler$Chain.doFilter(ServletHandler.java:1601)&#10;at org.eclipse.jetty.servlet.ServletHandler.doHandle(ServletHandler.java:548)&#10;at org.eclipse.jetty.server.handler.ScopedHandler.nextHandle(ScopedHandler.java:233)&#10;at org.eclipse.jetty.server.session.SessionHandler.doHandle(SessionHandler.java:1624)&#10;at org.eclipse.jetty.server.handler.ScopedHandler.nextHandle(ScopedHandler.java:233)&#10;at org.eclipse.jetty.server.handler.ContextHandler.doHandle(ContextHandler.java:1434)&#10;at org.eclipse.jetty.server.handler.ScopedHandler.nextScope(ScopedHandler.java:188)&#10;at org.eclipse.jetty.servlet.ServletHandler.doScope(ServletHandler.java:501)&#10;at org.eclipse.jetty.server.session.SessionHandler.doScope(SessionHandler.java:1594)&#10;at org.eclipse.jetty.server.handler.ScopedHandler.nextScope(ScopedHandler.java:186)&#10;at org.eclipse.jetty.server.handler.ContextHandler.doScope(ContextHandler.java:1349)&#10;at org.eclipse.jetty.server.handler.ScopedHandler.handle(ScopedHandler.java:141)&#10;at org.eclipse.jetty.server.handler.HandlerWrapper.handle(HandlerWrapper.java:127)&#10;at com.codahale.metrics.jetty9.InstrumentedHandler.handle(InstrumentedHandler.java:313)&#10;at io.dropwizard.jetty.ContextRoutingHandler.handle(ContextRoutingHandler.java:37)&#10;at org.eclipse.jetty.server.handler.gzip.GzipHandler.handle(GzipHandler.java:713)&#10;at io.dropwizard.jetty.BiDiGzipHandler.handle(BiDiGzipHandler.java:67)&#10;at org.eclipse.jetty.server.handler.StatisticsHandler.handle(StatisticsHandler.java:179)&#10;at org.eclipse.jetty.server.handler.HandlerWrapper.handle(HandlerWrapper.java:127)&#10;at org.eclipse.jetty.server.Server.handle(Server.java:516)&#10;at org.eclipse.jetty.server.HttpChannel.lambda$handle$1(HttpChannel.java:400)&#10;at org.eclipse.jetty.server.HttpChannel.dispatch(HttpChannel.java:645)&#10;at org.eclipse.jetty.server.HttpChannel.handle(HttpChannel.java:392)&#10;at org.eclipse.jetty.server.HttpConnection.onFillable(HttpConnection.java:277)&#10;at org.eclipse.jetty.io.AbstractConnection$ReadCallback.succeeded(AbstractConnection.java:311)&#10;at org.eclipse.jetty.io.FillInterest.fillable(FillInterest.java:105)&#10;at org.eclipse.jetty.io.ChannelEndPoint$1.run(ChannelEndPoint.java:104)&#10;at org.eclipse.jetty.util.thread.strategy.EatWhatYouKill.runTask(EatWhatYouKill.java:338)&#10;at org.eclipse.jetty.util.thread.strategy.EatWhatYouKill.doProduce(EatWhatYouKill.java:315)&#10;at org.eclipse.jetty.util.thread.strategy.EatWhatYouKill.tryProduce(EatWhatYouKill.java:173)&#10;at org.eclipse.jetty.util.thread.strategy.EatWhatYouKill.run(EatWhatYouKill.java:131)&#10;at org.eclipse.jetty.util.thread.ReservedThreadExecutor$ReservedThread.run(ReservedThreadExecutor.java:409)&#10;at org.eclipse.jetty.util.thread.QueuedThreadPool.runJob(QueuedThreadPool.java:883)&#10;at org.eclipse.jetty.util.thread.QueuedThreadPool$Runner.run(QueuedThreadPool.java:1034)&#10;at java.base/java.lang.Thread.run(Thread.java:829)&#10;Caused by: net.snowflake.client.jdbc.SnowflakeSQLException: SQL compilation error:&#10;Object &apos;PERSONTABLE&apos; does not exist or not authorized.&#10;at net.snowflake.client.jdbc.SnowflakeUtil.checkErrorAndThrowExceptionSub(SnowflakeUtil.java:127)&#10;at net.snowflake.client.jdbc.SnowflakeUtil.checkErrorAndThrowException(SnowflakeUtil.java:67)&#10;at net.snowflake.client.core.StmtUtil.pollForOutput(StmtUtil.java:442)&#10;at net.snowflake.client.core.StmtUtil.execute(StmtUtil.java:345)&#10;at net.snowflake.client.core.SFStatement.executeHelper(SFStatement.java:486)&#10;at net.snowflake.client.core.SFStatement.executeQueryInternal(SFStatement.java:197)&#10;at net.snowflake.client.core.SFStatement.executeQuery(SFStatement.java:134)&#10;at net.snowflake.client.core.SFStatement.execute(SFStatement.java:743)&#10;at net.snowflake.client.core.SFStatement.execute(SFStatement.java:639)&#10;at net.snowflake.client.jdbc.SnowflakeStatementV1.executeQueryInternal(SnowflakeStatementV1.java:238)&#10;at net.snowflake.client.jdbc.SnowflakeStatementV1.executeQuery(SnowflakeStatementV1.java:133)&#10;at com.zaxxer.hikari.pool.ProxyStatement.executeQuery(ProxyStatement.java:110)&#10;at com.zaxxer.hikari.pool.HikariProxyStatement.executeQuery(HikariProxyStatement.java)&#10;at org.finos.legend.engine.plan.execution.stores.relational.result.SQLExecutionResult.&lt;init&gt;(SQLExecutionResult.java:95)&#10;... 101 more&#10;&quot;}&apos;&quot;" type="Assert failure at (resource"><![CDATA[Assert failure at (resource:/platform/pure/basics/tests/assertEq.pure line:34 column:5), "500 '{"code":-1,"message":"SnowflakeSQLException: SQL compilation error:
Object 'PERSONTABLE' does not exist or not authorized.","status":"error","trace":"java.lang.RuntimeException: net.snowflake.client.jdbc.SnowflakeSQLException: SQL compilation error:
Object 'PERSONTABLE' does not exist or not authorized.
at org.finos.legend.engine.plan.execution.stores.relational.result.SQLExecutionResult.<init>(SQLExecutionResult.java:123)
at org.finos.legend.engine.plan.execution.stores.relational.RelationalExecutor.execute(RelationalExecutor.java:241)
at org.finos.legend.engine.plan.execution.stores.relational.plugin.RelationalExecutionNodeExecutor.visit(RelationalExecutionNodeExecutor.java:238)
at org.finos.legend.engine.plan.execution.stores.relational.plugin.RelationalExecutionNodeExecutor.visit(RelationalExecutionNodeExecutor.java:292)
at org.finos.legend.engine.plan.execution.stores.relational.plugin.RelationalExecutionNodeExecutor.visit(RelationalExecutionNodeExecutor.java:92)
at org.finos.legend.engine.protocol.pure.v1.model.executionPlan.nodes.RelationalClassInstantiationExecutionNode.accept(RelationalClassInstantiationExecutionNode.java:22)
at org.finos.legend.engine.plan.execution.stores.relational.RelationalExecutionExtension.lambda$getExtraNodeExecutors$fbe53481$1(RelationalExecutionExtension.java:50)
at org.finos.legend.engine.plan.execution.nodes.ExecutionNodeExecutor.lambda$visit$0(ExecutionNodeExecutor.java:164)
at java.base/java.util.stream.ReferencePipeline$3$1.accept(ReferencePipeline.java:195)
at java.base/java.util.Spliterators$ArraySpliterator.tryAdvance(Spliterators.java:958)
at java.base/java.util.stream.ReferencePipeline.forEachWithCancel(ReferencePipeline.java:127)
at java.base/java.util.stream.AbstractPipeline.copyIntoWithCancel(AbstractPipeline.java:502)
at java.base/java.util.stream.AbstractPipeline.copyInto(AbstractPipeline.java:488)
at java.base/java.util.stream.AbstractPipeline.wrapAndCopyInto(AbstractPipeline.java:474)
at java.base/java.util.stream.FindOps$FindOp.evaluateSequential(FindOps.java:150)
at java.base/java.util.stream.AbstractPipeline.evaluate(AbstractPipeline.java:234)
at java.base/java.util.stream.ReferencePipeline.findFirst(ReferencePipeline.java:543)
at org.finos.legend.engine.plan.execution.nodes.ExecutionNodeExecutor.visit(ExecutionNodeExecutor.java:164)
at org.finos.legend.engine.plan.execution.nodes.ExecutionNodeExecutor.visit(ExecutionNodeExecutor.java:107)
at org.finos.legend.engine.protocol.pure.v1.model.executionPlan.nodes.RelationalClassInstantiationExecutionNode.accept(RelationalClassInstantiationExecutionNode.java:22)
at org.finos.legend.engine.plan.execution.PlanExecutor.execute(PlanExecutor.java:238)
at org.finos.legend.engine.plan.execution.PlanExecutor.execute(PlanExecutor.java:225)
at org.finos.legend.engine.plan.execution.api.ExecutePlan.doExecutePlanLegacy(ExecutePlan.java:102)
at org.finos.legend.engine.plan.execution.api.ExecutePlan.doExecutePlan(ExecutePlan.java:84)
at org.finos.legend.engine.plan.execution.api.ExecutePlanLegacy.executePlan(ExecutePlanLegacy.java:56)
at jdk.internal.reflect.GeneratedMethodAccessor100.invoke(Unknown Source)
at java.base/jdk.internal.reflect.DelegatingMethodAccessorImpl.invoke(DelegatingMethodAccessorImpl.java:43)
at java.base/java.lang.reflect.Method.invoke(Method.java:566)
at org.glassfish.jersey.server.model.internal.ResourceMethodInvocationHandlerFactory$1.invoke(ResourceMethodInvocationHandlerFactory.java:81)
at org.glassfish.jersey.server.model.internal.AbstractJavaResourceMethodDispatcher$1.run(AbstractJavaResourceMethodDispatcher.java:144)
at org.glassfish.jersey.server.model.internal.AbstractJavaResourceMethodDispatcher.invoke(AbstractJavaResourceMethodDispatcher.java:161)
at org.glassfish.jersey.server.model.internal.JavaResourceMethodDispatcherProvider$ResponseOutInvoker.doDispatch(JavaResourceMethodDispatcherProvider.java:160)
at org.glassfish.jersey.server.model.internal.AbstractJavaResourceMethodDispatcher.dispatch(AbstractJavaResourceMethodDispatcher.java:99)
at org.glassfish.jersey.server.model.ResourceMethodInvoker.invoke(ResourceMethodInvoker.java:389)
at org.glassfish.jersey.server.model.ResourceMethodInvoker.apply(ResourceMethodInvoker.java:347)
at org.glassfish.jersey.server.model.ResourceMethodInvoker.apply(ResourceMethodInvoker.java:102)
at org.glassfish.jersey.server.ServerRuntime$2.run(ServerRuntime.java:326)
at org.glassfish.jersey.internal.Errors$1.call(Errors.java:271)
at org.glassfish.jersey.internal.Errors$1.call(Errors.java:267)
at org.glassfish.jersey.internal.Errors.process(Errors.java:315)
at org.glassfish.jersey.internal.Errors.process(Errors.java:297)
at org.glassfish.jersey.internal.Errors.process(Errors.java:267)
at org.glassfish.jersey.process.internal.RequestScope.runInScope(RequestScope.java:317)
at org.glassfish.jersey.server.ServerRuntime.process(ServerRuntime.java:305)
at org.glassfish.jersey.server.ApplicationHandler.handle(ApplicationHandler.java:1154)
at org.glassfish.jersey.servlet.WebComponent.serviceImpl(WebComponent.java:473)
at org.glassfish.jersey.servlet.WebComponent.service(WebComponent.java:427)
at org.glassfish.jersey.servlet.ServletContainer.service(ServletContainer.java:388)
at org.glassfish.jersey.servlet.ServletContainer.service(ServletContainer.java:341)
at org.glassfish.jersey.servlet.ServletContainer.service(ServletContainer.java:228)
at org.eclipse.jetty.servlet.ServletHolder.handle(ServletHolder.java:799)
at org.eclipse.jetty.servlet.ServletHandler$ChainEnd.doFilter(ServletHandler.java:1631)
at io.dropwizard.servlets.ThreadNameFilter.doFilter(ThreadNameFilter.java:35)
at org.eclipse.jetty.servlet.FilterHolder.doFilter(FilterHolder.java:193)
at org.eclipse.jetty.servlet.ServletHandler$Chain.doFilter(ServletHandler.java:1601)
at io.dropwizard.jersey.filter.AllowedMethodsFilter.handle(AllowedMethodsFilter.java:45)
at io.dropwizard.jersey.filter.AllowedMethodsFilter.doFilter(AllowedMethodsFilter.java:39)
at org.eclipse.jetty.servlet.FilterHolder.doFilter(FilterHolder.java:193)
at org.eclipse.jetty.servlet.ServletHandler$Chain.doFilter(ServletHandler.java:1601)
at org.finos.legend.server.pac4j.internal.UsernameFilter.doFilter(UsernameFilter.java:51)
at org.eclipse.jetty.servlet.FilterHolder.doFilter(FilterHolder.java:193)
at org.eclipse.jetty.servlet.ServletHandler$Chain.doFilter(ServletHandler.java:1601)
at org.pac4j.j2e.filter.SecurityFilter.lambda$internalFilter$0(SecurityFilter.java:95)
at org.pac4j.core.engine.DefaultSecurityLogic.perform(DefaultSecurityLogic.java:140)
at org.pac4j.j2e.filter.SecurityFilter.internalFilter(SecurityFilter.java:93)
at org.pac4j.j2e.filter.AbstractConfigFilter.doFilter(AbstractConfigFilter.java:81)
at org.eclipse.jetty.servlet.FilterHolder.doFilter(FilterHolder.java:193)
at org.eclipse.jetty.servlet.ServletHandler$Chain.doFilter(ServletHandler.java:1601)
at org.eclipse.jetty.servlet.ServletHandler.doHandle(ServletHandler.java:548)
at org.eclipse.jetty.server.handler.ScopedHandler.nextHandle(ScopedHandler.java:233)
at org.eclipse.jetty.server.session.SessionHandler.doHandle(SessionHandler.java:1624)
at org.eclipse.jetty.server.handler.ScopedHandler.nextHandle(ScopedHandler.java:233)
at org.eclipse.jetty.server.handler.ContextHandler.doHandle(ContextHandler.java:1434)
at org.eclipse.jetty.server.handler.ScopedHandler.nextScope(ScopedHandler.java:188)
at org.eclipse.jetty.servlet.ServletHandler.doScope(ServletHandler.java:501)
at org.eclipse.jetty.server.session.SessionHandler.doScope(SessionHandler.java:1594)
at org.eclipse.jetty.server.handler.ScopedHandler.nextScope(ScopedHandler.java:186)
at org.eclipse.jetty.server.handler.ContextHandler.doScope(ContextHandler.java:1349)
at org.eclipse.jetty.server.handler.ScopedHandler.handle(ScopedHandler.java:141)
at org.eclipse.jetty.server.handler.HandlerWrapper.handle(HandlerWrapper.java:127)
at com.codahale.metrics.jetty9.InstrumentedHandler.handle(InstrumentedHandler.java:313)
at io.dropwizard.jetty.ContextRoutingHandler.handle(ContextRoutingHandler.java:37)
at org.eclipse.jetty.server.handler.gzip.GzipHandler.handle(GzipHandler.java:713)
at io.dropwizard.jetty.BiDiGzipHandler.handle(BiDiGzipHandler.java:67)
at org.eclipse.jetty.server.handler.StatisticsHandler.handle(StatisticsHandler.java:179)
at org.eclipse.jetty.server.handler.HandlerWrapper.handle(HandlerWrapper.java:127)
at org.eclipse.jetty.server.Server.handle(Server.java:516)
at org.eclipse.jetty.server.HttpChannel.lambda$handle$1(HttpChannel.java:400)
at org.eclipse.jetty.server.HttpChannel.dispatch(HttpChannel.java:645)
at org.eclipse.jetty.server.HttpChannel.handle(HttpChannel.java:392)
at org.eclipse.jetty.server.HttpConnection.onFillable(HttpConnection.java:277)
at org.eclipse.jetty.io.AbstractConnection$ReadCallback.succeeded(AbstractConnection.java:311)
at org.eclipse.jetty.io.FillInterest.fillable(FillInterest.java:105)
at org.eclipse.jetty.io.ChannelEndPoint$1.run(ChannelEndPoint.java:104)
at org.eclipse.jetty.util.thread.strategy.EatWhatYouKill.runTask(EatWhatYouKill.java:338)
at org.eclipse.jetty.util.thread.strategy.EatWhatYouKill.doProduce(EatWhatYouKill.java:315)
at org.eclipse.jetty.util.thread.strategy.EatWhatYouKill.tryProduce(EatWhatYouKill.java:173)
at org.eclipse.jetty.util.thread.strategy.EatWhatYouKill.run(EatWhatYouKill.java:131)
at org.eclipse.jetty.util.thread.ReservedThreadExecutor$ReservedThread.run(ReservedThreadExecutor.java:409)
at org.eclipse.jetty.util.thread.QueuedThreadPool.runJob(QueuedThreadPool.java:883)
at org.eclipse.jetty.util.thread.QueuedThreadPool$Runner.run(QueuedThreadPool.java:1034)
at java.base/java.lang.Thread.run(Thread.java:829)
Caused by: net.snowflake.client.jdbc.SnowflakeSQLException: SQL compilation error:
Object 'PERSONTABLE' does not exist or not authorized.
at net.snowflake.client.jdbc.SnowflakeUtil.checkErrorAndThrowExceptionSub(SnowflakeUtil.java:127)
at net.snowflake.client.jdbc.SnowflakeUtil.checkErrorAndThrowException(SnowflakeUtil.java:67)
at net.snowflake.client.core.StmtUtil.pollForOutput(StmtUtil.java:442)
at net.snowflake.client.core.StmtUtil.execute(StmtUtil.java:345)
at net.snowflake.client.core.SFStatement.executeHelper(SFStatement.java:486)
at net.snowflake.client.core.SFStatement.executeQueryInternal(SFStatement.java:197)
at net.snowflake.client.core.SFStatement.executeQuery(SFStatement.java:134)
at net.snowflake.client.core.SFStatement.execute(SFStatement.java:743)
at net.snowflake.client.core.SFStatement.execute(SFStatement.java:639)
at net.snowflake.client.jdbc.SnowflakeStatementV1.executeQueryInternal(SnowflakeStatementV1.java:238)
at net.snowflake.client.jdbc.SnowflakeStatementV1.executeQuery(SnowflakeStatementV1.java:133)
at com.zaxxer.hikari.pool.ProxyStatement.executeQuery(ProxyStatement.java:110)
at com.zaxxer.hikari.pool.HikariProxyStatement.executeQuery(HikariProxyStatement.java)
at org.finos.legend.engine.plan.execution.stores.relational.result.SQLExecutionResult.<init>(SQLExecutionResult.java:95)
... 101 more
"}'"
	at org.finos.legend.pure.runtime.java.compiled.generation.processors.support.CompiledSupport.pureAssert(CompiledSupport.java:1994)
	at org.finos.legend.pure.generated.platform_pure_basics_tests_assertEq.Root_meta_pure_functions_asserts_assertEq_Any_1__Any_1__Function_1__Boolean_1_(platform_pure_basics_tests_assertEq.java:44)
	at org.finos.legend.pure.generated.core_pure_protocol_vX_X_X_invocations_execution.Root_meta_protocols_pure_vX_X_X_invocation_execution_execute_executePlan_String_1__String_1__Integer_1__String_1_(core_pure_protocol_vX_X_X_invocations_execution.java:751)
	at org.finos.legend.pure.generated.core_pure_protocol_vX_X_X_invocations_execution.Root_meta_protocols_pure_vX_X_X_invocation_execution_execute_executePlan_ExecutionPlan_1__String_1__Integer_1__Extension_MANY__String_1_(core_pure_protocol_vX_X_X_invocations_execution.java:745)
	at org.finos.legend.pure.generated.core_pure_protocol_vX_X_X_invocations_execution.Root_meta_protocols_pure_vX_X_X_invocation_execution_execute_executePlan_ExecutionPlan_1__ExecutionContext_$0_1$__String_1__Integer_1__Extension_MANY__Result_1_(core_pure_protocol_vX_X_X_invocations_execution.java:738)
	at jdk.internal.reflect.GeneratedMethodAccessor96.invoke(Unknown Source)
	at java.base/jdk.internal.reflect.DelegatingMethodAccessorImpl.invoke(DelegatingMethodAccessorImpl.java:43)
	at java.base/java.lang.reflect.Method.invoke(Method.java:566)
	at org.finos.legend.pure.runtime.java.compiled.metadata.JavaMethodWithParamsSharedPureFunction.execute(JavaMethodWithParamsSharedPureFunction.java:59)
	at org.finos.legend.pure.runtime.java.compiled.generation.processors.support.Pure._evaluateToMany(Pure.java:546)
	at org.finos.legend.pure.generated.CoreGen.evaluateToMany(CoreGen.java:147)
	at org.finos.legend.pure.generated.CoreGen.evaluateToMany(CoreGen.java:134)
	at org.finos.legend.pure.generated.core_pure_router_router_entry$9$1.value(core_pure_router_router_entry.java:318)
	at org.finos.legend.pure.generated.core_pure_router_router_entry$9$1.execute(core_pure_router_router_entry.java:311)
	at org.finos.legend.pure.generated.core_pure_router_router_entry$9$1.execute(core_pure_router_router_entry.java:307)
	at org.finos.legend.pure.runtime.java.compiled.generation.processors.support.Pure.evaluate(Pure.java:485)
	at org.finos.legend.pure.runtime.java.compiled.generation.processors.support.Pure.legendTest(Pure.java:216)
	at org.finos.legend.pure.generated.CoreGen.legendTest(CoreGen.java:61)
	at org.finos.legend.pure.generated.core_pure_router_router_entry$9.valueOf(core_pure_router_router_entry.java:303)
	at org.finos.legend.pure.generated.core_pure_router_router_entry$9.execute(core_pure_router_router_entry.java:298)
	at org.finos.legend.pure.generated.core_pure_router_router_entry$9.execute(core_pure_router_router_entry.java:294)
	at org.finos.legend.pure.runtime.java.compiled.generation.processors.support.Pure.evaluate(Pure.java:485)
	at org.finos.legend.pure.runtime.java.compiled.generation.processors.support.Pure.traceSpan(Pure.java:1482)
	at org.finos.legend.pure.generated.CoreGen.traceSpan(CoreGen.java:203)
	at org.finos.legend.pure.generated.core_pure_router_router_entry.Root_meta_pure_router_executePlan_ExecutionPlan_1__ExecutionContext_1__Extension_MANY__Result_$0_1$_(core_pure_router_router_entry.java:290)
	at org.finos.legend.pure.generated.core_pure_router_router_entry.Root_meta_pure_router_executePlan_ExecutionPlan_1__Extension_MANY__Result_$0_1$_(core_pure_router_router_entry.java:285)
	at org.finos.legend.pure.generated.core_relational_relational_sqlQueryToString_dbTestRunner_executionPlanTestRunner$19.execute(core_relational_relational_sqlQueryToString_dbTestRunner_executionPlanTestRunner.java:305)
	at org.finos.legend.pure.generated.core_relational_relational_sqlQueryToString_dbTestRunner_executionPlanTestRunner.Root_meta_relational_dbTestRunner_executeViaPlan_FunctionDefinition_1__Mapping_1__Database_1__DbTestConfig_1__Extension_MANY__Result_$0_1$_(core_relational_relational_sqlQueryToString_dbTestRunner_executionPlanTestRunner.java:309)
	at org.finos.legend.pure.generated.core_relational_relational_sqlQueryToString_testSuite_selectSubClauses_filters.Root_meta_relational_tests_dbSpecificTests_sqlQueryTests_selectSubClauses_filters_testGreaterThanEqualString_DbTestConfig_1__Boolean_1_(core_relational_relational_sqlQueryToString_testSuite_selectSubClauses_filters.java:705)
	at java.base/jdk.internal.reflect.NativeMethodAccessorImpl.invoke0(Native Method)
	at java.base/jdk.internal.reflect.NativeMethodAccessorImpl.invoke(NativeMethodAccessorImpl.java:62)
	at java.base/jdk.internal.reflect.DelegatingMethodAccessorImpl.invoke(DelegatingMethodAccessorImpl.java:43)
	at java.base/java.lang.reflect.Method.invoke(Method.java:566)
	at org.finos.legend.pure.runtime.java.compiled.testHelper.PureTestBuilderCompiled.executeFn(PureTestBuilderCompiled.java:113)
	at org.finos.legend.pure.runtime.java.compiled.testHelper.PureTestBuilderCompiled.lambda$buildSuite$0(PureTestBuilderCompiled.java:79)
	at org.finos.legend.pure.m3.execution.test.PureTestBuilder$PureTestCase.runTest(PureTestBuilder.java:95)
	at junit.framework.TestCase.runBare(TestCase.java:142)
	at org.finos.legend.engine.server.test.shared.Relational_DbSpecific_UsingPureClientTestSuite$2.runTest(Relational_DbSpecific_UsingPureClientTestSuite.java:90)
	at junit.framework.TestCase.runBare(TestCase.java:142)
	at junit.framework.TestResult$1.protect(TestResult.java:122)
	at junit.framework.TestResult.runProtected(TestResult.java:142)
	at junit.framework.TestResult.run(TestResult.java:125)
	at junit.framework.TestCase.run(TestCase.java:130)
	at junit.framework.TestSuite.runTest(TestSuite.java:241)
	at junit.framework.TestSuite.run(TestSuite.java:236)
	at junit.framework.TestSuite.runTest(TestSuite.java:241)
	at junit.framework.TestSuite.run(TestSuite.java:236)
	at junit.framework.TestSuite.runTest(TestSuite.java:241)
	at junit.framework.TestSuite.run(TestSuite.java:236)
	at junit.framework.TestSuite.runTest(TestSuite.java:241)
	at junit.framework.TestSuite.run(TestSuite.java:236)
	at junit.framework.TestSuite.runTest(TestSuite.java:241)
	at junit.framework.TestSuite.run(TestSuite.java:236)
	at junit.extensions.TestDecorator.basicRun(TestDecorator.java:24)
	at junit.extensions.TestSetup$1.protect(TestSetup.java:23)
	at junit.framework.TestResult.runProtected(TestResult.java:142)
	at junit.extensions.TestSetup.run(TestSetup.java:27)
	at org.junit.internal.runners.JUnit38ClassRunner.run(JUnit38ClassRunner.java:90)
	at org.apache.maven.surefire.junit4.JUnit4Provider.execute(JUnit4Provider.java:365)
	at org.apache.maven.surefire.junit4.JUnit4Provider.executeWithRerun(JUnit4Provider.java:273)
	at org.apache.maven.surefire.junit4.JUnit4Provider.executeTestSet(JUnit4Provider.java:238)
	at org.apache.maven.surefire.junit4.JUnit4Provider.invoke(JUnit4Provider.java:159)
	at org.apache.maven.surefire.booter.ForkedBooter.invokeProviderInSameClassLoader(ForkedBooter.java:384)
	at org.apache.maven.surefire.booter.ForkedBooter.runSuitesInProcess(ForkedBooter.java:345)
	at org.apache.maven.surefire.booter.ForkedBooter.execute(ForkedBooter.java:126)
	at org.apache.maven.surefire.booter.ForkedBooter.main(ForkedBooter.java:418)
]]></error>
    <system-out><![CDATA[Running db test selectSubClauses::filters::testGreaterThanEqualString
{"duration":0.0,"eventType":"EXECUTION_PLAN_EXEC_ERROR","info":{"code":-1,"message":"SnowflakeSQLException: SQL compilation error:\nObject 'PERSONTABLE' does not exist or not authorized.","status":"error","trace":"java.lang.RuntimeException: net.snowflake.client.jdbc.SnowflakeSQLException: SQL compilation error:\nObject 'PERSONTABLE' does not exist or not authorized.\n\tat org.finos.legend.engine.plan.execution.stores.relational.result.SQLExecutionResult.<init>(SQLExecutionResult.java:123)\n\tat org.finos.legend.engine.plan.execution.stores.relational.RelationalExecutor.execute(RelationalExecutor.java:241)\n\tat org.finos.legend.engine.plan.execution.stores.relational.plugin.RelationalExecutionNodeExecutor.visit(RelationalExecutionNodeExecutor.java:238)\n\tat org.finos.legend.engine.plan.execution.stores.relational.plugin.RelationalExecutionNodeExecutor.visit(RelationalExecutionNodeExecutor.java:292)\n\tat org.finos.legend.engine.plan.execution.stores.relational.plugin.RelationalExecutionNodeExecutor.visit(RelationalExecutionNodeExecutor.java:92)\n\tat org.finos.legend.engine.protocol.pure.v1.model.executionPlan.nodes.RelationalClassInstantiationExecutionNode.accept(RelationalClassInstantiationExecutionNode.java:22)\n\tat org.finos.legend.engine.plan.execution.stores.relational.RelationalExecutionExtension.lambda$getExtraNodeExecutors$fbe53481$1(RelationalExecutionExtension.java:50)\n\tat org.finos.legend.engine.plan.execution.nodes.ExecutionNodeExecutor.lambda$visit$0(ExecutionNodeExecutor.java:164)\n\tat java.base/java.util.stream.ReferencePipeline$3$1.accept(ReferencePipeline.java:195)\n\tat java.base/java.util.Spliterators$ArraySpliterator.tryAdvance(Spliterators.java:958)\n\tat java.base/java.util.stream.ReferencePipeline.forEachWithCancel(ReferencePipeline.java:127)\n\tat java.base/java.util.stream.AbstractPipeline.copyIntoWithCancel(AbstractPipeline.java:502)\n\tat java.base/java.util.stream.AbstractPipeline.copyInto(AbstractPipeline.java:488)\n\tat java.base/java.util.stream.AbstractPipeline.wrapAndCopyInto(AbstractPipeline.java:474)\n\tat java.base/java.util.stream.FindOps$FindOp.evaluateSequential(FindOps.java:150)\n\tat java.base/java.util.stream.AbstractPipeline.evaluate(AbstractPipeline.java:234)\n\tat java.base/java.util.stream.ReferencePipeline.findFirst(ReferencePipeline.java:543)\n\tat org.finos.legend.engine.plan.execution.nodes.ExecutionNodeExecutor.visit(ExecutionNodeExecutor.java:164)\n\tat org.finos.legend.engine.plan.execution.nodes.ExecutionNodeExecutor.visit(ExecutionNodeExecutor.java:107)\n\tat org.finos.legend.engine.protocol.pure.v1.model.executionPlan.nodes.RelationalClassInstantiationExecutionNode.accept(RelationalClassInstantiationExecutionNode.java:22)\n\tat org.finos.legend.engine.plan.execution.PlanExecutor.execute(PlanExecutor.java:238)\n\tat org.finos.legend.engine.plan.execution.PlanExecutor.execute(PlanExecutor.java:225)\n\tat org.finos.legend.engine.plan.execution.api.ExecutePlan.doExecutePlanLegacy(ExecutePlan.java:102)\n\tat org.finos.legend.engine.plan.execution.api.ExecutePlan.doExecutePlan(ExecutePlan.java:84)\n\tat org.finos.legend.engine.plan.execution.api.ExecutePlanLegacy.executePlan(ExecutePlanLegacy.java:56)\n\tat jdk.internal.reflect.GeneratedMethodAccessor100.invoke(Unknown Source)\n\tat java.base/jdk.internal.reflect.DelegatingMethodAccessorImpl.invoke(DelegatingMethodAccessorImpl.java:43)\n\tat java.base/java.lang.reflect.Method.invoke(Method.java:566)\n\tat org.glassfish.jersey.server.model.internal.ResourceMethodInvocationHandlerFactory$1.invoke(ResourceMethodInvocationHandlerFactory.java:81)\n\tat org.glassfish.jersey.server.model.internal.AbstractJavaResourceMethodDispatcher$1.run(AbstractJavaResourceMethodDispatcher.java:144)\n\tat org.glassfish.jersey.server.model.internal.AbstractJavaResourceMethodDispatcher.invoke(AbstractJavaResourceMethodDispatcher.java:161)\n\tat org.glassfish.jersey.server.model.internal.JavaResourceMethodDispatcherProvider$ResponseOutInvoker.doDispatch(JavaResourceMethodDispatcherProvider.java:160)\n\tat org.glassfish.jersey.server.model.internal.AbstractJavaResourceMethodDispatcher.dispatch(AbstractJavaResourceMethodDispatcher.java:99)\n\tat org.glassfish.jersey.server.model.ResourceMethodInvoker.invoke(ResourceMethodInvoker.java:389)\n\tat org.glassfish.jersey.server.model.ResourceMethodInvoker.apply(ResourceMethodInvoker.java:347)\n\tat org.glassfish.jersey.server.model.ResourceMethodInvoker.apply(ResourceMethodInvoker.java:102)\n\tat org.glassfish.jersey.server.ServerRuntime$2.run(ServerRuntime.java:326)\n\tat org.glassfish.jersey.internal.Errors$1.call(Errors.java:271)\n\tat org.glassfish.jersey.internal.Errors$1.call(Errors.java:267)\n\tat org.glassfish.jersey.internal.Errors.process(Errors.java:315)\n\tat org.glassfish.jersey.internal.Errors.process(Errors.java:297)\n\tat org.glassfish.jersey.internal.Errors.process(Errors.java:267)\n\tat org.glassfish.jersey.process.internal.RequestScope.runInScope(RequestScope.java:317)\n\tat org.glassfish.jersey.server.ServerRuntime.process(ServerRuntime.java:305)\n\tat org.glassfish.jersey.server.ApplicationHandler.handle(ApplicationHandler.java:1154)\n\tat org.glassfish.jersey.servlet.WebComponent.serviceImpl(WebComponent.java:473)\n\tat org.glassfish.jersey.servlet.WebComponent.service(WebComponent.java:427)\n\tat org.glassfish.jersey.servlet.ServletContainer.service(ServletContainer.java:388)\n\tat org.glassfish.jersey.servlet.ServletContainer.service(ServletContainer.java:341)\n\tat org.glassfish.jersey.servlet.ServletContainer.service(ServletContainer.java:228)\n\tat org.eclipse.jetty.servlet.ServletHolder.handle(ServletHolder.java:799)\n\tat org.eclipse.jetty.servlet.ServletHandler$ChainEnd.doFilter(ServletHandler.java:1631)\n\tat io.dropwizard.servlets.ThreadNameFilter.doFilter(ThreadNameFilter.java:35)\n\tat org.eclipse.jetty.servlet.FilterHolder.doFilter(FilterHolder.java:193)\n\tat org.eclipse.jetty.servlet.ServletHandler$Chain.doFilter(ServletHandler.java:1601)\n\tat io.dropwizard.jersey.filter.AllowedMethodsFilter.handle(AllowedMethodsFilter.java:45)\n\tat io.dropwizard.jersey.filter.AllowedMethodsFilter.doFilter(AllowedMethodsFilter.java:39)\n\tat org.eclipse.jetty.servlet.FilterHolder.doFilter(FilterHolder.java:193)\n\tat org.eclipse.jetty.servlet.ServletHandler$Chain.doFilter(ServletHandler.java:1601)\n\tat org.finos.legend.server.pac4j.internal.UsernameFilter.doFilter(UsernameFilter.java:51)\n\tat org.eclipse.jetty.servlet.FilterHolder.doFilter(FilterHolder.java:193)\n\tat org.eclipse.jetty.servlet.ServletHandler$Chain.doFilter(ServletHandler.java:1601)\n\tat org.pac4j.j2e.filter.SecurityFilter.lambda$internalFilter$0(SecurityFilter.java:95)\n\tat org.pac4j.core.engine.DefaultSecurityLogic.perform(DefaultSecurityLogic.java:140)\n\tat org.pac4j.j2e.filter.SecurityFilter.internalFilter(SecurityFilter.java:93)\n\tat org.pac4j.j2e.filter.AbstractConfigFilter.doFilter(AbstractConfigFilter.java:81)\n\tat org.eclipse.jetty.servlet.FilterHolder.doFilter(FilterHolder.java:193)\n\tat org.eclipse.jetty.servlet.ServletHandler$Chain.doFilter(ServletHandler.java:1601)\n\tat org.eclipse.jetty.servlet.ServletHandler.doHandle(ServletHandler.java:548)\n\tat org.eclipse.jetty.server.handler.ScopedHandler.nextHandle(ScopedHandler.java:233)\n\tat org.eclipse.jetty.server.session.SessionHandler.doHandle(SessionHandler.java:1624)\n\tat org.eclipse.jetty.server.handler.ScopedHandler.nextHandle(ScopedHandler.java:233)\n\tat org.eclipse.jetty.server.handler.ContextHandler.doHandle(ContextHandler.java:1434)\n\tat org.eclipse.jetty.server.handler.ScopedHandler.nextScope(ScopedHandler.java:188)\n\tat org.eclipse.jetty.servlet.ServletHandler.doScope(ServletHandler.java:501)\n\tat org.eclipse.jetty.server.session.SessionHandler.doScope(SessionHandler.java:1594)\n\tat org.eclipse.jetty.server.handler.ScopedHandler.nextScope(ScopedHandler.java:186)\n\tat org.eclipse.jetty.server.handler.ContextHandler.doScope(ContextHandler.java:1349)\n\tat org.eclipse.jetty.server.handler.ScopedHandler.handle(ScopedHandler.java:141)\n\tat org.eclipse.jetty.server.handler.HandlerWrapper.handle(HandlerWrapper.java:127)\n\tat com.codahale.metrics.jetty9.InstrumentedHandler.handle(InstrumentedHandler.java:313)\n\tat io.dropwizard.jetty.ContextRoutingHandler.handle(ContextRoutingHandler.java:37)\n\tat org.eclipse.jetty.server.handler.gzip.GzipHandler.handle(GzipHandler.java:713)\n\tat io.dropwizard.jetty.BiDiGzipHandler.handle(BiDiGzipHandler.java:67)\n\tat org.eclipse.jetty.server.handler.StatisticsHandler.handle(StatisticsHandler.java:179)\n\tat org.eclipse.jetty.server.handler.HandlerWrapper.handle(HandlerWrapper.java:127)\n\tat org.eclipse.jetty.server.Server.handle(Server.java:516)\n\tat org.eclipse.jetty.server.HttpChannel.lambda$handle$1(HttpChannel.java:400)\n\tat org.eclipse.jetty.server.HttpChannel.dispatch(HttpChannel.java:645)\n\tat org.eclipse.jetty.server.HttpChannel.handle(HttpChannel.java:392)\n\tat org.eclipse.jetty.server.HttpConnection.onFillable(HttpConnection.java:277)\n\tat org.eclipse.jetty.io.AbstractConnection$ReadCallback.succeeded(AbstractConnection.java:311)\n\tat org.eclipse.jetty.io.FillInterest.fillable(FillInterest.java:105)\n\tat org.eclipse.jetty.io.ChannelEndPoint$1.run(ChannelEndPoint.java:104)\n\tat org.eclipse.jetty.util.thread.strategy.EatWhatYouKill.runTask(EatWhatYouKill.java:338)\n\tat org.eclipse.jetty.util.thread.strategy.EatWhatYouKill.doProduce(EatWhatYouKill.java:315)\n\tat org.eclipse.jetty.util.thread.strategy.EatWhatYouKill.tryProduce(EatWhatYouKill.java:173)\n\tat org.eclipse.jetty.util.thread.strategy.EatWhatYouKill.run(EatWhatYouKill.java:131)\n\tat org.eclipse.jetty.util.thread.ReservedThreadExecutor$ReservedThread.run(ReservedThreadExecutor.java:409)\n\tat org.eclipse.jetty.util.thread.QueuedThreadPool.runJob(QueuedThreadPool.java:883)\n\tat org.eclipse.jetty.util.thread.QueuedThreadPool$Runner.run(QueuedThreadPool.java:1034)\n\tat java.base/java.lang.Thread.run(Thread.java:829)\nCaused by: net.snowflake.client.jdbc.SnowflakeSQLException: SQL compilation error:\nObject 'PERSONTABLE' does not exist or not authorized.\n\tat net.snowflake.client.jdbc.SnowflakeUtil.checkErrorAndThrowExceptionSub(SnowflakeUtil.java:127)\n\tat net.snowflake.client.jdbc.SnowflakeUtil.checkErrorAndThrowException(SnowflakeUtil.java:67)\n\tat net.snowflake.client.core.StmtUtil.pollForOutput(StmtUtil.java:442)\n\tat net.snowflake.client.core.StmtUtil.execute(StmtUtil.java:345)\n\tat net.snowflake.client.core.SFStatement.executeHelper(SFStatement.java:486)\n\tat net.snowflake.client.core.SFStatement.executeQueryInternal(SFStatement.java:197)\n\tat net.snowflake.client.core.SFStatement.executeQuery(SFStatement.java:134)\n\tat net.snowflake.client.core.SFStatement.execute(SFStatement.java:743)\n\tat net.snowflake.client.core.SFStatement.execute(SFStatement.java:639)\n\tat net.snowflake.client.jdbc.SnowflakeStatementV1.executeQueryInternal(SnowflakeStatementV1.java:238)\n\tat net.snowflake.client.jdbc.SnowflakeStatementV1.executeQuery(SnowflakeStatementV1.java:133)\n\tat com.zaxxer.hikari.pool.ProxyStatement.executeQuery(ProxyStatement.java:110)\n\tat com.zaxxer.hikari.pool.HikariProxyStatement.executeQuery(HikariProxyStatement.java)\n\tat org.finos.legend.engine.plan.execution.stores.relational.result.SQLExecutionResult.<init>(SQLExecutionResult.java:95)\n\t... 101 more\n"},"mode":"DEV","timeStamp":"2023-02-23 01:31:40.443","user":"_UNKNOWN_"}
| **selectSubClauses::filters::testGreaterThanEqualString** | failing :x: |
]]></system-out>
  </testcase>
  <testcase name="testLessThanEqualString[Snowflake]" classname="org.finos.legend.engine.server.test.shared.Relational_DbSpecific_UsingPureClientTestSuite$2" time="1.744">
    <error message="Assert failure at (resource:/platform/pure/basics/tests/assertEq.pure line:34 column:5), &quot;500 &apos;{&quot;code&quot;:-1,&quot;message&quot;:&quot;SnowflakeSQLException: SQL compilation error:&#10;Object &apos;PERSONTABLE&apos; does not exist or not authorized.&quot;,&quot;status&quot;:&quot;error&quot;,&quot;trace&quot;:&quot;java.lang.RuntimeException: net.snowflake.client.jdbc.SnowflakeSQLException: SQL compilation error:&#10;Object &apos;PERSONTABLE&apos; does not exist or not authorized.&#10;at org.finos.legend.engine.plan.execution.stores.relational.result.SQLExecutionResult.&lt;init&gt;(SQLExecutionResult.java:123)&#10;at org.finos.legend.engine.plan.execution.stores.relational.RelationalExecutor.execute(RelationalExecutor.java:241)&#10;at org.finos.legend.engine.plan.execution.stores.relational.plugin.RelationalExecutionNodeExecutor.visit(RelationalExecutionNodeExecutor.java:238)&#10;at org.finos.legend.engine.plan.execution.stores.relational.plugin.RelationalExecutionNodeExecutor.visit(RelationalExecutionNodeExecutor.java:292)&#10;at org.finos.legend.engine.plan.execution.stores.relational.plugin.RelationalExecutionNodeExecutor.visit(RelationalExecutionNodeExecutor.java:92)&#10;at org.finos.legend.engine.protocol.pure.v1.model.executionPlan.nodes.RelationalClassInstantiationExecutionNode.accept(RelationalClassInstantiationExecutionNode.java:22)&#10;at org.finos.legend.engine.plan.execution.stores.relational.RelationalExecutionExtension.lambda$getExtraNodeExecutors$fbe53481$1(RelationalExecutionExtension.java:50)&#10;at org.finos.legend.engine.plan.execution.nodes.ExecutionNodeExecutor.lambda$visit$0(ExecutionNodeExecutor.java:164)&#10;at java.base/java.util.stream.ReferencePipeline$3$1.accept(ReferencePipeline.java:195)&#10;at java.base/java.util.Spliterators$ArraySpliterator.tryAdvance(Spliterators.java:958)&#10;at java.base/java.util.stream.ReferencePipeline.forEachWithCancel(ReferencePipeline.java:127)&#10;at java.base/java.util.stream.AbstractPipeline.copyIntoWithCancel(AbstractPipeline.java:502)&#10;at java.base/java.util.stream.AbstractPipeline.copyInto(AbstractPipeline.java:488)&#10;at java.base/java.util.stream.AbstractPipeline.wrapAndCopyInto(AbstractPipeline.java:474)&#10;at java.base/java.util.stream.FindOps$FindOp.evaluateSequential(FindOps.java:150)&#10;at java.base/java.util.stream.AbstractPipeline.evaluate(AbstractPipeline.java:234)&#10;at java.base/java.util.stream.ReferencePipeline.findFirst(ReferencePipeline.java:543)&#10;at org.finos.legend.engine.plan.execution.nodes.ExecutionNodeExecutor.visit(ExecutionNodeExecutor.java:164)&#10;at org.finos.legend.engine.plan.execution.nodes.ExecutionNodeExecutor.visit(ExecutionNodeExecutor.java:107)&#10;at org.finos.legend.engine.protocol.pure.v1.model.executionPlan.nodes.RelationalClassInstantiationExecutionNode.accept(RelationalClassInstantiationExecutionNode.java:22)&#10;at org.finos.legend.engine.plan.execution.PlanExecutor.execute(PlanExecutor.java:238)&#10;at org.finos.legend.engine.plan.execution.PlanExecutor.execute(PlanExecutor.java:225)&#10;at org.finos.legend.engine.plan.execution.api.ExecutePlan.doExecutePlanLegacy(ExecutePlan.java:102)&#10;at org.finos.legend.engine.plan.execution.api.ExecutePlan.doExecutePlan(ExecutePlan.java:84)&#10;at org.finos.legend.engine.plan.execution.api.ExecutePlanLegacy.executePlan(ExecutePlanLegacy.java:56)&#10;at jdk.internal.reflect.GeneratedMethodAccessor100.invoke(Unknown Source)&#10;at java.base/jdk.internal.reflect.DelegatingMethodAccessorImpl.invoke(DelegatingMethodAccessorImpl.java:43)&#10;at java.base/java.lang.reflect.Method.invoke(Method.java:566)&#10;at org.glassfish.jersey.server.model.internal.ResourceMethodInvocationHandlerFactory$1.invoke(ResourceMethodInvocationHandlerFactory.java:81)&#10;at org.glassfish.jersey.server.model.internal.AbstractJavaResourceMethodDispatcher$1.run(AbstractJavaResourceMethodDispatcher.java:144)&#10;at org.glassfish.jersey.server.model.internal.AbstractJavaResourceMethodDispatcher.invoke(AbstractJavaResourceMethodDispatcher.java:161)&#10;at org.glassfish.jersey.server.model.internal.JavaResourceMethodDispatcherProvider$ResponseOutInvoker.doDispatch(JavaResourceMethodDispatcherProvider.java:160)&#10;at org.glassfish.jersey.server.model.internal.AbstractJavaResourceMethodDispatcher.dispatch(AbstractJavaResourceMethodDispatcher.java:99)&#10;at org.glassfish.jersey.server.model.ResourceMethodInvoker.invoke(ResourceMethodInvoker.java:389)&#10;at org.glassfish.jersey.server.model.ResourceMethodInvoker.apply(ResourceMethodInvoker.java:347)&#10;at org.glassfish.jersey.server.model.ResourceMethodInvoker.apply(ResourceMethodInvoker.java:102)&#10;at org.glassfish.jersey.server.ServerRuntime$2.run(ServerRuntime.java:326)&#10;at org.glassfish.jersey.internal.Errors$1.call(Errors.java:271)&#10;at org.glassfish.jersey.internal.Errors$1.call(Errors.java:267)&#10;at org.glassfish.jersey.internal.Errors.process(Errors.java:315)&#10;at org.glassfish.jersey.internal.Errors.process(Errors.java:297)&#10;at org.glassfish.jersey.internal.Errors.process(Errors.java:267)&#10;at org.glassfish.jersey.process.internal.RequestScope.runInScope(RequestScope.java:317)&#10;at org.glassfish.jersey.server.ServerRuntime.process(ServerRuntime.java:305)&#10;at org.glassfish.jersey.server.ApplicationHandler.handle(ApplicationHandler.java:1154)&#10;at org.glassfish.jersey.servlet.WebComponent.serviceImpl(WebComponent.java:473)&#10;at org.glassfish.jersey.servlet.WebComponent.service(WebComponent.java:427)&#10;at org.glassfish.jersey.servlet.ServletContainer.service(ServletContainer.java:388)&#10;at org.glassfish.jersey.servlet.ServletContainer.service(ServletContainer.java:341)&#10;at org.glassfish.jersey.servlet.ServletContainer.service(ServletContainer.java:228)&#10;at org.eclipse.jetty.servlet.ServletHolder.handle(ServletHolder.java:799)&#10;at org.eclipse.jetty.servlet.ServletHandler$ChainEnd.doFilter(ServletHandler.java:1631)&#10;at io.dropwizard.servlets.ThreadNameFilter.doFilter(ThreadNameFilter.java:35)&#10;at org.eclipse.jetty.servlet.FilterHolder.doFilter(FilterHolder.java:193)&#10;at org.eclipse.jetty.servlet.ServletHandler$Chain.doFilter(ServletHandler.java:1601)&#10;at io.dropwizard.jersey.filter.AllowedMethodsFilter.handle(AllowedMethodsFilter.java:45)&#10;at io.dropwizard.jersey.filter.AllowedMethodsFilter.doFilter(AllowedMethodsFilter.java:39)&#10;at org.eclipse.jetty.servlet.FilterHolder.doFilter(FilterHolder.java:193)&#10;at org.eclipse.jetty.servlet.ServletHandler$Chain.doFilter(ServletHandler.java:1601)&#10;at org.finos.legend.server.pac4j.internal.UsernameFilter.doFilter(UsernameFilter.java:51)&#10;at org.eclipse.jetty.servlet.FilterHolder.doFilter(FilterHolder.java:193)&#10;at org.eclipse.jetty.servlet.ServletHandler$Chain.doFilter(ServletHandler.java:1601)&#10;at org.pac4j.j2e.filter.SecurityFilter.lambda$internalFilter$0(SecurityFilter.java:95)&#10;at org.pac4j.core.engine.DefaultSecurityLogic.perform(DefaultSecurityLogic.java:140)&#10;at org.pac4j.j2e.filter.SecurityFilter.internalFilter(SecurityFilter.java:93)&#10;at org.pac4j.j2e.filter.AbstractConfigFilter.doFilter(AbstractConfigFilter.java:81)&#10;at org.eclipse.jetty.servlet.FilterHolder.doFilter(FilterHolder.java:193)&#10;at org.eclipse.jetty.servlet.ServletHandler$Chain.doFilter(ServletHandler.java:1601)&#10;at org.eclipse.jetty.servlet.ServletHandler.doHandle(ServletHandler.java:548)&#10;at org.eclipse.jetty.server.handler.ScopedHandler.nextHandle(ScopedHandler.java:233)&#10;at org.eclipse.jetty.server.session.SessionHandler.doHandle(SessionHandler.java:1624)&#10;at org.eclipse.jetty.server.handler.ScopedHandler.nextHandle(ScopedHandler.java:233)&#10;at org.eclipse.jetty.server.handler.ContextHandler.doHandle(ContextHandler.java:1434)&#10;at org.eclipse.jetty.server.handler.ScopedHandler.nextScope(ScopedHandler.java:188)&#10;at org.eclipse.jetty.servlet.ServletHandler.doScope(ServletHandler.java:501)&#10;at org.eclipse.jetty.server.session.SessionHandler.doScope(SessionHandler.java:1594)&#10;at org.eclipse.jetty.server.handler.ScopedHandler.nextScope(ScopedHandler.java:186)&#10;at org.eclipse.jetty.server.handler.ContextHandler.doScope(ContextHandler.java:1349)&#10;at org.eclipse.jetty.server.handler.ScopedHandler.handle(ScopedHandler.java:141)&#10;at org.eclipse.jetty.server.handler.HandlerWrapper.handle(HandlerWrapper.java:127)&#10;at com.codahale.metrics.jetty9.InstrumentedHandler.handle(InstrumentedHandler.java:313)&#10;at io.dropwizard.jetty.ContextRoutingHandler.handle(ContextRoutingHandler.java:37)&#10;at org.eclipse.jetty.server.handler.gzip.GzipHandler.handle(GzipHandler.java:713)&#10;at io.dropwizard.jetty.BiDiGzipHandler.handle(BiDiGzipHandler.java:67)&#10;at org.eclipse.jetty.server.handler.StatisticsHandler.handle(StatisticsHandler.java:179)&#10;at org.eclipse.jetty.server.handler.HandlerWrapper.handle(HandlerWrapper.java:127)&#10;at org.eclipse.jetty.server.Server.handle(Server.java:516)&#10;at org.eclipse.jetty.server.HttpChannel.lambda$handle$1(HttpChannel.java:400)&#10;at org.eclipse.jetty.server.HttpChannel.dispatch(HttpChannel.java:645)&#10;at org.eclipse.jetty.server.HttpChannel.handle(HttpChannel.java:392)&#10;at org.eclipse.jetty.server.HttpConnection.onFillable(HttpConnection.java:277)&#10;at org.eclipse.jetty.io.AbstractConnection$ReadCallback.succeeded(AbstractConnection.java:311)&#10;at org.eclipse.jetty.io.FillInterest.fillable(FillInterest.java:105)&#10;at org.eclipse.jetty.io.ChannelEndPoint$1.run(ChannelEndPoint.java:104)&#10;at org.eclipse.jetty.util.thread.strategy.EatWhatYouKill.runTask(EatWhatYouKill.java:338)&#10;at org.eclipse.jetty.util.thread.strategy.EatWhatYouKill.doProduce(EatWhatYouKill.java:315)&#10;at org.eclipse.jetty.util.thread.strategy.EatWhatYouKill.tryProduce(EatWhatYouKill.java:173)&#10;at org.eclipse.jetty.util.thread.strategy.EatWhatYouKill.run(EatWhatYouKill.java:131)&#10;at org.eclipse.jetty.util.thread.ReservedThreadExecutor$ReservedThread.run(ReservedThreadExecutor.java:409)&#10;at org.eclipse.jetty.util.thread.QueuedThreadPool.runJob(QueuedThreadPool.java:883)&#10;at org.eclipse.jetty.util.thread.QueuedThreadPool$Runner.run(QueuedThreadPool.java:1034)&#10;at java.base/java.lang.Thread.run(Thread.java:829)&#10;Caused by: net.snowflake.client.jdbc.SnowflakeSQLException: SQL compilation error:&#10;Object &apos;PERSONTABLE&apos; does not exist or not authorized.&#10;at net.snowflake.client.jdbc.SnowflakeUtil.checkErrorAndThrowExceptionSub(SnowflakeUtil.java:127)&#10;at net.snowflake.client.jdbc.SnowflakeUtil.checkErrorAndThrowException(SnowflakeUtil.java:67)&#10;at net.snowflake.client.core.StmtUtil.pollForOutput(StmtUtil.java:442)&#10;at net.snowflake.client.core.StmtUtil.execute(StmtUtil.java:345)&#10;at net.snowflake.client.core.SFStatement.executeHelper(SFStatement.java:486)&#10;at net.snowflake.client.core.SFStatement.executeQueryInternal(SFStatement.java:197)&#10;at net.snowflake.client.core.SFStatement.executeQuery(SFStatement.java:134)&#10;at net.snowflake.client.core.SFStatement.execute(SFStatement.java:743)&#10;at net.snowflake.client.core.SFStatement.execute(SFStatement.java:639)&#10;at net.snowflake.client.jdbc.SnowflakeStatementV1.executeQueryInternal(SnowflakeStatementV1.java:238)&#10;at net.snowflake.client.jdbc.SnowflakeStatementV1.executeQuery(SnowflakeStatementV1.java:133)&#10;at com.zaxxer.hikari.pool.ProxyStatement.executeQuery(ProxyStatement.java:110)&#10;at com.zaxxer.hikari.pool.HikariProxyStatement.executeQuery(HikariProxyStatement.java)&#10;at org.finos.legend.engine.plan.execution.stores.relational.result.SQLExecutionResult.&lt;init&gt;(SQLExecutionResult.java:95)&#10;... 101 more&#10;&quot;}&apos;&quot;" type="Assert failure at (resource"><![CDATA[Assert failure at (resource:/platform/pure/basics/tests/assertEq.pure line:34 column:5), "500 '{"code":-1,"message":"SnowflakeSQLException: SQL compilation error:
Object 'PERSONTABLE' does not exist or not authorized.","status":"error","trace":"java.lang.RuntimeException: net.snowflake.client.jdbc.SnowflakeSQLException: SQL compilation error:
Object 'PERSONTABLE' does not exist or not authorized.
at org.finos.legend.engine.plan.execution.stores.relational.result.SQLExecutionResult.<init>(SQLExecutionResult.java:123)
at org.finos.legend.engine.plan.execution.stores.relational.RelationalExecutor.execute(RelationalExecutor.java:241)
at org.finos.legend.engine.plan.execution.stores.relational.plugin.RelationalExecutionNodeExecutor.visit(RelationalExecutionNodeExecutor.java:238)
at org.finos.legend.engine.plan.execution.stores.relational.plugin.RelationalExecutionNodeExecutor.visit(RelationalExecutionNodeExecutor.java:292)
at org.finos.legend.engine.plan.execution.stores.relational.plugin.RelationalExecutionNodeExecutor.visit(RelationalExecutionNodeExecutor.java:92)
at org.finos.legend.engine.protocol.pure.v1.model.executionPlan.nodes.RelationalClassInstantiationExecutionNode.accept(RelationalClassInstantiationExecutionNode.java:22)
at org.finos.legend.engine.plan.execution.stores.relational.RelationalExecutionExtension.lambda$getExtraNodeExecutors$fbe53481$1(RelationalExecutionExtension.java:50)
at org.finos.legend.engine.plan.execution.nodes.ExecutionNodeExecutor.lambda$visit$0(ExecutionNodeExecutor.java:164)
at java.base/java.util.stream.ReferencePipeline$3$1.accept(ReferencePipeline.java:195)
at java.base/java.util.Spliterators$ArraySpliterator.tryAdvance(Spliterators.java:958)
at java.base/java.util.stream.ReferencePipeline.forEachWithCancel(ReferencePipeline.java:127)
at java.base/java.util.stream.AbstractPipeline.copyIntoWithCancel(AbstractPipeline.java:502)
at java.base/java.util.stream.AbstractPipeline.copyInto(AbstractPipeline.java:488)
at java.base/java.util.stream.AbstractPipeline.wrapAndCopyInto(AbstractPipeline.java:474)
at java.base/java.util.stream.FindOps$FindOp.evaluateSequential(FindOps.java:150)
at java.base/java.util.stream.AbstractPipeline.evaluate(AbstractPipeline.java:234)
at java.base/java.util.stream.ReferencePipeline.findFirst(ReferencePipeline.java:543)
at org.finos.legend.engine.plan.execution.nodes.ExecutionNodeExecutor.visit(ExecutionNodeExecutor.java:164)
at org.finos.legend.engine.plan.execution.nodes.ExecutionNodeExecutor.visit(ExecutionNodeExecutor.java:107)
at org.finos.legend.engine.protocol.pure.v1.model.executionPlan.nodes.RelationalClassInstantiationExecutionNode.accept(RelationalClassInstantiationExecutionNode.java:22)
at org.finos.legend.engine.plan.execution.PlanExecutor.execute(PlanExecutor.java:238)
at org.finos.legend.engine.plan.execution.PlanExecutor.execute(PlanExecutor.java:225)
at org.finos.legend.engine.plan.execution.api.ExecutePlan.doExecutePlanLegacy(ExecutePlan.java:102)
at org.finos.legend.engine.plan.execution.api.ExecutePlan.doExecutePlan(ExecutePlan.java:84)
at org.finos.legend.engine.plan.execution.api.ExecutePlanLegacy.executePlan(ExecutePlanLegacy.java:56)
at jdk.internal.reflect.GeneratedMethodAccessor100.invoke(Unknown Source)
at java.base/jdk.internal.reflect.DelegatingMethodAccessorImpl.invoke(DelegatingMethodAccessorImpl.java:43)
at java.base/java.lang.reflect.Method.invoke(Method.java:566)
at org.glassfish.jersey.server.model.internal.ResourceMethodInvocationHandlerFactory$1.invoke(ResourceMethodInvocationHandlerFactory.java:81)
at org.glassfish.jersey.server.model.internal.AbstractJavaResourceMethodDispatcher$1.run(AbstractJavaResourceMethodDispatcher.java:144)
at org.glassfish.jersey.server.model.internal.AbstractJavaResourceMethodDispatcher.invoke(AbstractJavaResourceMethodDispatcher.java:161)
at org.glassfish.jersey.server.model.internal.JavaResourceMethodDispatcherProvider$ResponseOutInvoker.doDispatch(JavaResourceMethodDispatcherProvider.java:160)
at org.glassfish.jersey.server.model.internal.AbstractJavaResourceMethodDispatcher.dispatch(AbstractJavaResourceMethodDispatcher.java:99)
at org.glassfish.jersey.server.model.ResourceMethodInvoker.invoke(ResourceMethodInvoker.java:389)
at org.glassfish.jersey.server.model.ResourceMethodInvoker.apply(ResourceMethodInvoker.java:347)
at org.glassfish.jersey.server.model.ResourceMethodInvoker.apply(ResourceMethodInvoker.java:102)
at org.glassfish.jersey.server.ServerRuntime$2.run(ServerRuntime.java:326)
at org.glassfish.jersey.internal.Errors$1.call(Errors.java:271)
at org.glassfish.jersey.internal.Errors$1.call(Errors.java:267)
at org.glassfish.jersey.internal.Errors.process(Errors.java:315)
at org.glassfish.jersey.internal.Errors.process(Errors.java:297)
at org.glassfish.jersey.internal.Errors.process(Errors.java:267)
at org.glassfish.jersey.process.internal.RequestScope.runInScope(RequestScope.java:317)
at org.glassfish.jersey.server.ServerRuntime.process(ServerRuntime.java:305)
at org.glassfish.jersey.server.ApplicationHandler.handle(ApplicationHandler.java:1154)
at org.glassfish.jersey.servlet.WebComponent.serviceImpl(WebComponent.java:473)
at org.glassfish.jersey.servlet.WebComponent.service(WebComponent.java:427)
at org.glassfish.jersey.servlet.ServletContainer.service(ServletContainer.java:388)
at org.glassfish.jersey.servlet.ServletContainer.service(ServletContainer.java:341)
at org.glassfish.jersey.servlet.ServletContainer.service(ServletContainer.java:228)
at org.eclipse.jetty.servlet.ServletHolder.handle(ServletHolder.java:799)
at org.eclipse.jetty.servlet.ServletHandler$ChainEnd.doFilter(ServletHandler.java:1631)
at io.dropwizard.servlets.ThreadNameFilter.doFilter(ThreadNameFilter.java:35)
at org.eclipse.jetty.servlet.FilterHolder.doFilter(FilterHolder.java:193)
at org.eclipse.jetty.servlet.ServletHandler$Chain.doFilter(ServletHandler.java:1601)
at io.dropwizard.jersey.filter.AllowedMethodsFilter.handle(AllowedMethodsFilter.java:45)
at io.dropwizard.jersey.filter.AllowedMethodsFilter.doFilter(AllowedMethodsFilter.java:39)
at org.eclipse.jetty.servlet.FilterHolder.doFilter(FilterHolder.java:193)
at org.eclipse.jetty.servlet.ServletHandler$Chain.doFilter(ServletHandler.java:1601)
at org.finos.legend.server.pac4j.internal.UsernameFilter.doFilter(UsernameFilter.java:51)
at org.eclipse.jetty.servlet.FilterHolder.doFilter(FilterHolder.java:193)
at org.eclipse.jetty.servlet.ServletHandler$Chain.doFilter(ServletHandler.java:1601)
at org.pac4j.j2e.filter.SecurityFilter.lambda$internalFilter$0(SecurityFilter.java:95)
at org.pac4j.core.engine.DefaultSecurityLogic.perform(DefaultSecurityLogic.java:140)
at org.pac4j.j2e.filter.SecurityFilter.internalFilter(SecurityFilter.java:93)
at org.pac4j.j2e.filter.AbstractConfigFilter.doFilter(AbstractConfigFilter.java:81)
at org.eclipse.jetty.servlet.FilterHolder.doFilter(FilterHolder.java:193)
at org.eclipse.jetty.servlet.ServletHandler$Chain.doFilter(ServletHandler.java:1601)
at org.eclipse.jetty.servlet.ServletHandler.doHandle(ServletHandler.java:548)
at org.eclipse.jetty.server.handler.ScopedHandler.nextHandle(ScopedHandler.java:233)
at org.eclipse.jetty.server.session.SessionHandler.doHandle(SessionHandler.java:1624)
at org.eclipse.jetty.server.handler.ScopedHandler.nextHandle(ScopedHandler.java:233)
at org.eclipse.jetty.server.handler.ContextHandler.doHandle(ContextHandler.java:1434)
at org.eclipse.jetty.server.handler.ScopedHandler.nextScope(ScopedHandler.java:188)
at org.eclipse.jetty.servlet.ServletHandler.doScope(ServletHandler.java:501)
at org.eclipse.jetty.server.session.SessionHandler.doScope(SessionHandler.java:1594)
at org.eclipse.jetty.server.handler.ScopedHandler.nextScope(ScopedHandler.java:186)
at org.eclipse.jetty.server.handler.ContextHandler.doScope(ContextHandler.java:1349)
at org.eclipse.jetty.server.handler.ScopedHandler.handle(ScopedHandler.java:141)
at org.eclipse.jetty.server.handler.HandlerWrapper.handle(HandlerWrapper.java:127)
at com.codahale.metrics.jetty9.InstrumentedHandler.handle(InstrumentedHandler.java:313)
at io.dropwizard.jetty.ContextRoutingHandler.handle(ContextRoutingHandler.java:37)
at org.eclipse.jetty.server.handler.gzip.GzipHandler.handle(GzipHandler.java:713)
at io.dropwizard.jetty.BiDiGzipHandler.handle(BiDiGzipHandler.java:67)
at org.eclipse.jetty.server.handler.StatisticsHandler.handle(StatisticsHandler.java:179)
at org.eclipse.jetty.server.handler.HandlerWrapper.handle(HandlerWrapper.java:127)
at org.eclipse.jetty.server.Server.handle(Server.java:516)
at org.eclipse.jetty.server.HttpChannel.lambda$handle$1(HttpChannel.java:400)
at org.eclipse.jetty.server.HttpChannel.dispatch(HttpChannel.java:645)
at org.eclipse.jetty.server.HttpChannel.handle(HttpChannel.java:392)
at org.eclipse.jetty.server.HttpConnection.onFillable(HttpConnection.java:277)
at org.eclipse.jetty.io.AbstractConnection$ReadCallback.succeeded(AbstractConnection.java:311)
at org.eclipse.jetty.io.FillInterest.fillable(FillInterest.java:105)
at org.eclipse.jetty.io.ChannelEndPoint$1.run(ChannelEndPoint.java:104)
at org.eclipse.jetty.util.thread.strategy.EatWhatYouKill.runTask(EatWhatYouKill.java:338)
at org.eclipse.jetty.util.thread.strategy.EatWhatYouKill.doProduce(EatWhatYouKill.java:315)
at org.eclipse.jetty.util.thread.strategy.EatWhatYouKill.tryProduce(EatWhatYouKill.java:173)
at org.eclipse.jetty.util.thread.strategy.EatWhatYouKill.run(EatWhatYouKill.java:131)
at org.eclipse.jetty.util.thread.ReservedThreadExecutor$ReservedThread.run(ReservedThreadExecutor.java:409)
at org.eclipse.jetty.util.thread.QueuedThreadPool.runJob(QueuedThreadPool.java:883)
at org.eclipse.jetty.util.thread.QueuedThreadPool$Runner.run(QueuedThreadPool.java:1034)
at java.base/java.lang.Thread.run(Thread.java:829)
Caused by: net.snowflake.client.jdbc.SnowflakeSQLException: SQL compilation error:
Object 'PERSONTABLE' does not exist or not authorized.
at net.snowflake.client.jdbc.SnowflakeUtil.checkErrorAndThrowExceptionSub(SnowflakeUtil.java:127)
at net.snowflake.client.jdbc.SnowflakeUtil.checkErrorAndThrowException(SnowflakeUtil.java:67)
at net.snowflake.client.core.StmtUtil.pollForOutput(StmtUtil.java:442)
at net.snowflake.client.core.StmtUtil.execute(StmtUtil.java:345)
at net.snowflake.client.core.SFStatement.executeHelper(SFStatement.java:486)
at net.snowflake.client.core.SFStatement.executeQueryInternal(SFStatement.java:197)
at net.snowflake.client.core.SFStatement.executeQuery(SFStatement.java:134)
at net.snowflake.client.core.SFStatement.execute(SFStatement.java:743)
at net.snowflake.client.core.SFStatement.execute(SFStatement.java:639)
at net.snowflake.client.jdbc.SnowflakeStatementV1.executeQueryInternal(SnowflakeStatementV1.java:238)
at net.snowflake.client.jdbc.SnowflakeStatementV1.executeQuery(SnowflakeStatementV1.java:133)
at com.zaxxer.hikari.pool.ProxyStatement.executeQuery(ProxyStatement.java:110)
at com.zaxxer.hikari.pool.HikariProxyStatement.executeQuery(HikariProxyStatement.java)
at org.finos.legend.engine.plan.execution.stores.relational.result.SQLExecutionResult.<init>(SQLExecutionResult.java:95)
... 101 more
"}'"
	at org.finos.legend.pure.runtime.java.compiled.generation.processors.support.CompiledSupport.pureAssert(CompiledSupport.java:1994)
	at org.finos.legend.pure.generated.platform_pure_basics_tests_assertEq.Root_meta_pure_functions_asserts_assertEq_Any_1__Any_1__Function_1__Boolean_1_(platform_pure_basics_tests_assertEq.java:44)
	at org.finos.legend.pure.generated.core_pure_protocol_vX_X_X_invocations_execution.Root_meta_protocols_pure_vX_X_X_invocation_execution_execute_executePlan_String_1__String_1__Integer_1__String_1_(core_pure_protocol_vX_X_X_invocations_execution.java:751)
	at org.finos.legend.pure.generated.core_pure_protocol_vX_X_X_invocations_execution.Root_meta_protocols_pure_vX_X_X_invocation_execution_execute_executePlan_ExecutionPlan_1__String_1__Integer_1__Extension_MANY__String_1_(core_pure_protocol_vX_X_X_invocations_execution.java:745)
	at org.finos.legend.pure.generated.core_pure_protocol_vX_X_X_invocations_execution.Root_meta_protocols_pure_vX_X_X_invocation_execution_execute_executePlan_ExecutionPlan_1__ExecutionContext_$0_1$__String_1__Integer_1__Extension_MANY__Result_1_(core_pure_protocol_vX_X_X_invocations_execution.java:738)
	at jdk.internal.reflect.GeneratedMethodAccessor96.invoke(Unknown Source)
	at java.base/jdk.internal.reflect.DelegatingMethodAccessorImpl.invoke(DelegatingMethodAccessorImpl.java:43)
	at java.base/java.lang.reflect.Method.invoke(Method.java:566)
	at org.finos.legend.pure.runtime.java.compiled.metadata.JavaMethodWithParamsSharedPureFunction.execute(JavaMethodWithParamsSharedPureFunction.java:59)
	at org.finos.legend.pure.runtime.java.compiled.generation.processors.support.Pure._evaluateToMany(Pure.java:546)
	at org.finos.legend.pure.generated.CoreGen.evaluateToMany(CoreGen.java:147)
	at org.finos.legend.pure.generated.CoreGen.evaluateToMany(CoreGen.java:134)
	at org.finos.legend.pure.generated.core_pure_router_router_entry$9$1.value(core_pure_router_router_entry.java:318)
	at org.finos.legend.pure.generated.core_pure_router_router_entry$9$1.execute(core_pure_router_router_entry.java:311)
	at org.finos.legend.pure.generated.core_pure_router_router_entry$9$1.execute(core_pure_router_router_entry.java:307)
	at org.finos.legend.pure.runtime.java.compiled.generation.processors.support.Pure.evaluate(Pure.java:485)
	at org.finos.legend.pure.runtime.java.compiled.generation.processors.support.Pure.legendTest(Pure.java:216)
	at org.finos.legend.pure.generated.CoreGen.legendTest(CoreGen.java:61)
	at org.finos.legend.pure.generated.core_pure_router_router_entry$9.valueOf(core_pure_router_router_entry.java:303)
	at org.finos.legend.pure.generated.core_pure_router_router_entry$9.execute(core_pure_router_router_entry.java:298)
	at org.finos.legend.pure.generated.core_pure_router_router_entry$9.execute(core_pure_router_router_entry.java:294)
	at org.finos.legend.pure.runtime.java.compiled.generation.processors.support.Pure.evaluate(Pure.java:485)
	at org.finos.legend.pure.runtime.java.compiled.generation.processors.support.Pure.traceSpan(Pure.java:1482)
	at org.finos.legend.pure.generated.CoreGen.traceSpan(CoreGen.java:203)
	at org.finos.legend.pure.generated.core_pure_router_router_entry.Root_meta_pure_router_executePlan_ExecutionPlan_1__ExecutionContext_1__Extension_MANY__Result_$0_1$_(core_pure_router_router_entry.java:290)
	at org.finos.legend.pure.generated.core_pure_router_router_entry.Root_meta_pure_router_executePlan_ExecutionPlan_1__Extension_MANY__Result_$0_1$_(core_pure_router_router_entry.java:285)
	at org.finos.legend.pure.generated.core_relational_relational_sqlQueryToString_dbTestRunner_executionPlanTestRunner$19.execute(core_relational_relational_sqlQueryToString_dbTestRunner_executionPlanTestRunner.java:305)
	at org.finos.legend.pure.generated.core_relational_relational_sqlQueryToString_dbTestRunner_executionPlanTestRunner.Root_meta_relational_dbTestRunner_executeViaPlan_FunctionDefinition_1__Mapping_1__Database_1__DbTestConfig_1__Extension_MANY__Result_$0_1$_(core_relational_relational_sqlQueryToString_dbTestRunner_executionPlanTestRunner.java:309)
	at org.finos.legend.pure.generated.core_relational_relational_sqlQueryToString_testSuite_selectSubClauses_filters.Root_meta_relational_tests_dbSpecificTests_sqlQueryTests_selectSubClauses_filters_testLessThanEqualString_DbTestConfig_1__Boolean_1_(core_relational_relational_sqlQueryToString_testSuite_selectSubClauses_filters.java:670)
	at java.base/jdk.internal.reflect.NativeMethodAccessorImpl.invoke0(Native Method)
	at java.base/jdk.internal.reflect.NativeMethodAccessorImpl.invoke(NativeMethodAccessorImpl.java:62)
	at java.base/jdk.internal.reflect.DelegatingMethodAccessorImpl.invoke(DelegatingMethodAccessorImpl.java:43)
	at java.base/java.lang.reflect.Method.invoke(Method.java:566)
	at org.finos.legend.pure.runtime.java.compiled.testHelper.PureTestBuilderCompiled.executeFn(PureTestBuilderCompiled.java:113)
	at org.finos.legend.pure.runtime.java.compiled.testHelper.PureTestBuilderCompiled.lambda$buildSuite$0(PureTestBuilderCompiled.java:79)
	at org.finos.legend.pure.m3.execution.test.PureTestBuilder$PureTestCase.runTest(PureTestBuilder.java:95)
	at junit.framework.TestCase.runBare(TestCase.java:142)
	at org.finos.legend.engine.server.test.shared.Relational_DbSpecific_UsingPureClientTestSuite$2.runTest(Relational_DbSpecific_UsingPureClientTestSuite.java:90)
	at junit.framework.TestCase.runBare(TestCase.java:142)
	at junit.framework.TestResult$1.protect(TestResult.java:122)
	at junit.framework.TestResult.runProtected(TestResult.java:142)
	at junit.framework.TestResult.run(TestResult.java:125)
	at junit.framework.TestCase.run(TestCase.java:130)
	at junit.framework.TestSuite.runTest(TestSuite.java:241)
	at junit.framework.TestSuite.run(TestSuite.java:236)
	at junit.framework.TestSuite.runTest(TestSuite.java:241)
	at junit.framework.TestSuite.run(TestSuite.java:236)
	at junit.framework.TestSuite.runTest(TestSuite.java:241)
	at junit.framework.TestSuite.run(TestSuite.java:236)
	at junit.framework.TestSuite.runTest(TestSuite.java:241)
	at junit.framework.TestSuite.run(TestSuite.java:236)
	at junit.framework.TestSuite.runTest(TestSuite.java:241)
	at junit.framework.TestSuite.run(TestSuite.java:236)
	at junit.extensions.TestDecorator.basicRun(TestDecorator.java:24)
	at junit.extensions.TestSetup$1.protect(TestSetup.java:23)
	at junit.framework.TestResult.runProtected(TestResult.java:142)
	at junit.extensions.TestSetup.run(TestSetup.java:27)
	at org.junit.internal.runners.JUnit38ClassRunner.run(JUnit38ClassRunner.java:90)
	at org.apache.maven.surefire.junit4.JUnit4Provider.execute(JUnit4Provider.java:365)
	at org.apache.maven.surefire.junit4.JUnit4Provider.executeWithRerun(JUnit4Provider.java:273)
	at org.apache.maven.surefire.junit4.JUnit4Provider.executeTestSet(JUnit4Provider.java:238)
	at org.apache.maven.surefire.junit4.JUnit4Provider.invoke(JUnit4Provider.java:159)
	at org.apache.maven.surefire.booter.ForkedBooter.invokeProviderInSameClassLoader(ForkedBooter.java:384)
	at org.apache.maven.surefire.booter.ForkedBooter.runSuitesInProcess(ForkedBooter.java:345)
	at org.apache.maven.surefire.booter.ForkedBooter.execute(ForkedBooter.java:126)
	at org.apache.maven.surefire.booter.ForkedBooter.main(ForkedBooter.java:418)
]]></error>
    <system-out><![CDATA[Running db test selectSubClauses::filters::testLessThanEqualString
{"duration":0.0,"eventType":"EXECUTION_PLAN_EXEC_ERROR","info":{"code":-1,"message":"SnowflakeSQLException: SQL compilation error:\nObject 'PERSONTABLE' does not exist or not authorized.","status":"error","trace":"java.lang.RuntimeException: net.snowflake.client.jdbc.SnowflakeSQLException: SQL compilation error:\nObject 'PERSONTABLE' does not exist or not authorized.\n\tat org.finos.legend.engine.plan.execution.stores.relational.result.SQLExecutionResult.<init>(SQLExecutionResult.java:123)\n\tat org.finos.legend.engine.plan.execution.stores.relational.RelationalExecutor.execute(RelationalExecutor.java:241)\n\tat org.finos.legend.engine.plan.execution.stores.relational.plugin.RelationalExecutionNodeExecutor.visit(RelationalExecutionNodeExecutor.java:238)\n\tat org.finos.legend.engine.plan.execution.stores.relational.plugin.RelationalExecutionNodeExecutor.visit(RelationalExecutionNodeExecutor.java:292)\n\tat org.finos.legend.engine.plan.execution.stores.relational.plugin.RelationalExecutionNodeExecutor.visit(RelationalExecutionNodeExecutor.java:92)\n\tat org.finos.legend.engine.protocol.pure.v1.model.executionPlan.nodes.RelationalClassInstantiationExecutionNode.accept(RelationalClassInstantiationExecutionNode.java:22)\n\tat org.finos.legend.engine.plan.execution.stores.relational.RelationalExecutionExtension.lambda$getExtraNodeExecutors$fbe53481$1(RelationalExecutionExtension.java:50)\n\tat org.finos.legend.engine.plan.execution.nodes.ExecutionNodeExecutor.lambda$visit$0(ExecutionNodeExecutor.java:164)\n\tat java.base/java.util.stream.ReferencePipeline$3$1.accept(ReferencePipeline.java:195)\n\tat java.base/java.util.Spliterators$ArraySpliterator.tryAdvance(Spliterators.java:958)\n\tat java.base/java.util.stream.ReferencePipeline.forEachWithCancel(ReferencePipeline.java:127)\n\tat java.base/java.util.stream.AbstractPipeline.copyIntoWithCancel(AbstractPipeline.java:502)\n\tat java.base/java.util.stream.AbstractPipeline.copyInto(AbstractPipeline.java:488)\n\tat java.base/java.util.stream.AbstractPipeline.wrapAndCopyInto(AbstractPipeline.java:474)\n\tat java.base/java.util.stream.FindOps$FindOp.evaluateSequential(FindOps.java:150)\n\tat java.base/java.util.stream.AbstractPipeline.evaluate(AbstractPipeline.java:234)\n\tat java.base/java.util.stream.ReferencePipeline.findFirst(ReferencePipeline.java:543)\n\tat org.finos.legend.engine.plan.execution.nodes.ExecutionNodeExecutor.visit(ExecutionNodeExecutor.java:164)\n\tat org.finos.legend.engine.plan.execution.nodes.ExecutionNodeExecutor.visit(ExecutionNodeExecutor.java:107)\n\tat org.finos.legend.engine.protocol.pure.v1.model.executionPlan.nodes.RelationalClassInstantiationExecutionNode.accept(RelationalClassInstantiationExecutionNode.java:22)\n\tat org.finos.legend.engine.plan.execution.PlanExecutor.execute(PlanExecutor.java:238)\n\tat org.finos.legend.engine.plan.execution.PlanExecutor.execute(PlanExecutor.java:225)\n\tat org.finos.legend.engine.plan.execution.api.ExecutePlan.doExecutePlanLegacy(ExecutePlan.java:102)\n\tat org.finos.legend.engine.plan.execution.api.ExecutePlan.doExecutePlan(ExecutePlan.java:84)\n\tat org.finos.legend.engine.plan.execution.api.ExecutePlanLegacy.executePlan(ExecutePlanLegacy.java:56)\n\tat jdk.internal.reflect.GeneratedMethodAccessor100.invoke(Unknown Source)\n\tat java.base/jdk.internal.reflect.DelegatingMethodAccessorImpl.invoke(DelegatingMethodAccessorImpl.java:43)\n\tat java.base/java.lang.reflect.Method.invoke(Method.java:566)\n\tat org.glassfish.jersey.server.model.internal.ResourceMethodInvocationHandlerFactory$1.invoke(ResourceMethodInvocationHandlerFactory.java:81)\n\tat org.glassfish.jersey.server.model.internal.AbstractJavaResourceMethodDispatcher$1.run(AbstractJavaResourceMethodDispatcher.java:144)\n\tat org.glassfish.jersey.server.model.internal.AbstractJavaResourceMethodDispatcher.invoke(AbstractJavaResourceMethodDispatcher.java:161)\n\tat org.glassfish.jersey.server.model.internal.JavaResourceMethodDispatcherProvider$ResponseOutInvoker.doDispatch(JavaResourceMethodDispatcherProvider.java:160)\n\tat org.glassfish.jersey.server.model.internal.AbstractJavaResourceMethodDispatcher.dispatch(AbstractJavaResourceMethodDispatcher.java:99)\n\tat org.glassfish.jersey.server.model.ResourceMethodInvoker.invoke(ResourceMethodInvoker.java:389)\n\tat org.glassfish.jersey.server.model.ResourceMethodInvoker.apply(ResourceMethodInvoker.java:347)\n\tat org.glassfish.jersey.server.model.ResourceMethodInvoker.apply(ResourceMethodInvoker.java:102)\n\tat org.glassfish.jersey.server.ServerRuntime$2.run(ServerRuntime.java:326)\n\tat org.glassfish.jersey.internal.Errors$1.call(Errors.java:271)\n\tat org.glassfish.jersey.internal.Errors$1.call(Errors.java:267)\n\tat org.glassfish.jersey.internal.Errors.process(Errors.java:315)\n\tat org.glassfish.jersey.internal.Errors.process(Errors.java:297)\n\tat org.glassfish.jersey.internal.Errors.process(Errors.java:267)\n\tat org.glassfish.jersey.process.internal.RequestScope.runInScope(RequestScope.java:317)\n\tat org.glassfish.jersey.server.ServerRuntime.process(ServerRuntime.java:305)\n\tat org.glassfish.jersey.server.ApplicationHandler.handle(ApplicationHandler.java:1154)\n\tat org.glassfish.jersey.servlet.WebComponent.serviceImpl(WebComponent.java:473)\n\tat org.glassfish.jersey.servlet.WebComponent.service(WebComponent.java:427)\n\tat org.glassfish.jersey.servlet.ServletContainer.service(ServletContainer.java:388)\n\tat org.glassfish.jersey.servlet.ServletContainer.service(ServletContainer.java:341)\n\tat org.glassfish.jersey.servlet.ServletContainer.service(ServletContainer.java:228)\n\tat org.eclipse.jetty.servlet.ServletHolder.handle(ServletHolder.java:799)\n\tat org.eclipse.jetty.servlet.ServletHandler$ChainEnd.doFilter(ServletHandler.java:1631)\n\tat io.dropwizard.servlets.ThreadNameFilter.doFilter(ThreadNameFilter.java:35)\n\tat org.eclipse.jetty.servlet.FilterHolder.doFilter(FilterHolder.java:193)\n\tat org.eclipse.jetty.servlet.ServletHandler$Chain.doFilter(ServletHandler.java:1601)\n\tat io.dropwizard.jersey.filter.AllowedMethodsFilter.handle(AllowedMethodsFilter.java:45)\n\tat io.dropwizard.jersey.filter.AllowedMethodsFilter.doFilter(AllowedMethodsFilter.java:39)\n\tat org.eclipse.jetty.servlet.FilterHolder.doFilter(FilterHolder.java:193)\n\tat org.eclipse.jetty.servlet.ServletHandler$Chain.doFilter(ServletHandler.java:1601)\n\tat org.finos.legend.server.pac4j.internal.UsernameFilter.doFilter(UsernameFilter.java:51)\n\tat org.eclipse.jetty.servlet.FilterHolder.doFilter(FilterHolder.java:193)\n\tat org.eclipse.jetty.servlet.ServletHandler$Chain.doFilter(ServletHandler.java:1601)\n\tat org.pac4j.j2e.filter.SecurityFilter.lambda$internalFilter$0(SecurityFilter.java:95)\n\tat org.pac4j.core.engine.DefaultSecurityLogic.perform(DefaultSecurityLogic.java:140)\n\tat org.pac4j.j2e.filter.SecurityFilter.internalFilter(SecurityFilter.java:93)\n\tat org.pac4j.j2e.filter.AbstractConfigFilter.doFilter(AbstractConfigFilter.java:81)\n\tat org.eclipse.jetty.servlet.FilterHolder.doFilter(FilterHolder.java:193)\n\tat org.eclipse.jetty.servlet.ServletHandler$Chain.doFilter(ServletHandler.java:1601)\n\tat org.eclipse.jetty.servlet.ServletHandler.doHandle(ServletHandler.java:548)\n\tat org.eclipse.jetty.server.handler.ScopedHandler.nextHandle(ScopedHandler.java:233)\n\tat org.eclipse.jetty.server.session.SessionHandler.doHandle(SessionHandler.java:1624)\n\tat org.eclipse.jetty.server.handler.ScopedHandler.nextHandle(ScopedHandler.java:233)\n\tat org.eclipse.jetty.server.handler.ContextHandler.doHandle(ContextHandler.java:1434)\n\tat org.eclipse.jetty.server.handler.ScopedHandler.nextScope(ScopedHandler.java:188)\n\tat org.eclipse.jetty.servlet.ServletHandler.doScope(ServletHandler.java:501)\n\tat org.eclipse.jetty.server.session.SessionHandler.doScope(SessionHandler.java:1594)\n\tat org.eclipse.jetty.server.handler.ScopedHandler.nextScope(ScopedHandler.java:186)\n\tat org.eclipse.jetty.server.handler.ContextHandler.doScope(ContextHandler.java:1349)\n\tat org.eclipse.jetty.server.handler.ScopedHandler.handle(ScopedHandler.java:141)\n\tat org.eclipse.jetty.server.handler.HandlerWrapper.handle(HandlerWrapper.java:127)\n\tat com.codahale.metrics.jetty9.InstrumentedHandler.handle(InstrumentedHandler.java:313)\n\tat io.dropwizard.jetty.ContextRoutingHandler.handle(ContextRoutingHandler.java:37)\n\tat org.eclipse.jetty.server.handler.gzip.GzipHandler.handle(GzipHandler.java:713)\n\tat io.dropwizard.jetty.BiDiGzipHandler.handle(BiDiGzipHandler.java:67)\n\tat org.eclipse.jetty.server.handler.StatisticsHandler.handle(StatisticsHandler.java:179)\n\tat org.eclipse.jetty.server.handler.HandlerWrapper.handle(HandlerWrapper.java:127)\n\tat org.eclipse.jetty.server.Server.handle(Server.java:516)\n\tat org.eclipse.jetty.server.HttpChannel.lambda$handle$1(HttpChannel.java:400)\n\tat org.eclipse.jetty.server.HttpChannel.dispatch(HttpChannel.java:645)\n\tat org.eclipse.jetty.server.HttpChannel.handle(HttpChannel.java:392)\n\tat org.eclipse.jetty.server.HttpConnection.onFillable(HttpConnection.java:277)\n\tat org.eclipse.jetty.io.AbstractConnection$ReadCallback.succeeded(AbstractConnection.java:311)\n\tat org.eclipse.jetty.io.FillInterest.fillable(FillInterest.java:105)\n\tat org.eclipse.jetty.io.ChannelEndPoint$1.run(ChannelEndPoint.java:104)\n\tat org.eclipse.jetty.util.thread.strategy.EatWhatYouKill.runTask(EatWhatYouKill.java:338)\n\tat org.eclipse.jetty.util.thread.strategy.EatWhatYouKill.doProduce(EatWhatYouKill.java:315)\n\tat org.eclipse.jetty.util.thread.strategy.EatWhatYouKill.tryProduce(EatWhatYouKill.java:173)\n\tat org.eclipse.jetty.util.thread.strategy.EatWhatYouKill.run(EatWhatYouKill.java:131)\n\tat org.eclipse.jetty.util.thread.ReservedThreadExecutor$ReservedThread.run(ReservedThreadExecutor.java:409)\n\tat org.eclipse.jetty.util.thread.QueuedThreadPool.runJob(QueuedThreadPool.java:883)\n\tat org.eclipse.jetty.util.thread.QueuedThreadPool$Runner.run(QueuedThreadPool.java:1034)\n\tat java.base/java.lang.Thread.run(Thread.java:829)\nCaused by: net.snowflake.client.jdbc.SnowflakeSQLException: SQL compilation error:\nObject 'PERSONTABLE' does not exist or not authorized.\n\tat net.snowflake.client.jdbc.SnowflakeUtil.checkErrorAndThrowExceptionSub(SnowflakeUtil.java:127)\n\tat net.snowflake.client.jdbc.SnowflakeUtil.checkErrorAndThrowException(SnowflakeUtil.java:67)\n\tat net.snowflake.client.core.StmtUtil.pollForOutput(StmtUtil.java:442)\n\tat net.snowflake.client.core.StmtUtil.execute(StmtUtil.java:345)\n\tat net.snowflake.client.core.SFStatement.executeHelper(SFStatement.java:486)\n\tat net.snowflake.client.core.SFStatement.executeQueryInternal(SFStatement.java:197)\n\tat net.snowflake.client.core.SFStatement.executeQuery(SFStatement.java:134)\n\tat net.snowflake.client.core.SFStatement.execute(SFStatement.java:743)\n\tat net.snowflake.client.core.SFStatement.execute(SFStatement.java:639)\n\tat net.snowflake.client.jdbc.SnowflakeStatementV1.executeQueryInternal(SnowflakeStatementV1.java:238)\n\tat net.snowflake.client.jdbc.SnowflakeStatementV1.executeQuery(SnowflakeStatementV1.java:133)\n\tat com.zaxxer.hikari.pool.ProxyStatement.executeQuery(ProxyStatement.java:110)\n\tat com.zaxxer.hikari.pool.HikariProxyStatement.executeQuery(HikariProxyStatement.java)\n\tat org.finos.legend.engine.plan.execution.stores.relational.result.SQLExecutionResult.<init>(SQLExecutionResult.java:95)\n\t... 101 more\n"},"mode":"DEV","timeStamp":"2023-02-23 01:31:42.194","user":"_UNKNOWN_"}
| **selectSubClauses::filters::testLessThanEqualString** | failing :x: |
]]></system-out>
  </testcase>
  <testcase name="testSelectEqual[Snowflake]" classname="org.finos.legend.engine.server.test.shared.Relational_DbSpecific_UsingPureClientTestSuite$2" time="2.186">
    <error message="Assert failure at (resource:/platform/pure/basics/tests/assertEq.pure line:34 column:5), &quot;500 &apos;{&quot;code&quot;:-1,&quot;message&quot;:&quot;SnowflakeSQLException: SQL compilation error:&#10;Object &apos;PERSONTABLE&apos; does not exist or not authorized.&quot;,&quot;status&quot;:&quot;error&quot;,&quot;trace&quot;:&quot;java.lang.RuntimeException: net.snowflake.client.jdbc.SnowflakeSQLException: SQL compilation error:&#10;Object &apos;PERSONTABLE&apos; does not exist or not authorized.&#10;at org.finos.legend.engine.plan.execution.stores.relational.result.SQLExecutionResult.&lt;init&gt;(SQLExecutionResult.java:123)&#10;at org.finos.legend.engine.plan.execution.stores.relational.RelationalExecutor.execute(RelationalExecutor.java:241)&#10;at org.finos.legend.engine.plan.execution.stores.relational.plugin.RelationalExecutionNodeExecutor.visit(RelationalExecutionNodeExecutor.java:238)&#10;at org.finos.legend.engine.plan.execution.stores.relational.plugin.RelationalExecutionNodeExecutor.visit(RelationalExecutionNodeExecutor.java:292)&#10;at org.finos.legend.engine.plan.execution.stores.relational.plugin.RelationalExecutionNodeExecutor.visit(RelationalExecutionNodeExecutor.java:92)&#10;at org.finos.legend.engine.protocol.pure.v1.model.executionPlan.nodes.RelationalClassInstantiationExecutionNode.accept(RelationalClassInstantiationExecutionNode.java:22)&#10;at org.finos.legend.engine.plan.execution.stores.relational.RelationalExecutionExtension.lambda$getExtraNodeExecutors$fbe53481$1(RelationalExecutionExtension.java:50)&#10;at org.finos.legend.engine.plan.execution.nodes.ExecutionNodeExecutor.lambda$visit$0(ExecutionNodeExecutor.java:164)&#10;at java.base/java.util.stream.ReferencePipeline$3$1.accept(ReferencePipeline.java:195)&#10;at java.base/java.util.Spliterators$ArraySpliterator.tryAdvance(Spliterators.java:958)&#10;at java.base/java.util.stream.ReferencePipeline.forEachWithCancel(ReferencePipeline.java:127)&#10;at java.base/java.util.stream.AbstractPipeline.copyIntoWithCancel(AbstractPipeline.java:502)&#10;at java.base/java.util.stream.AbstractPipeline.copyInto(AbstractPipeline.java:488)&#10;at java.base/java.util.stream.AbstractPipeline.wrapAndCopyInto(AbstractPipeline.java:474)&#10;at java.base/java.util.stream.FindOps$FindOp.evaluateSequential(FindOps.java:150)&#10;at java.base/java.util.stream.AbstractPipeline.evaluate(AbstractPipeline.java:234)&#10;at java.base/java.util.stream.ReferencePipeline.findFirst(ReferencePipeline.java:543)&#10;at org.finos.legend.engine.plan.execution.nodes.ExecutionNodeExecutor.visit(ExecutionNodeExecutor.java:164)&#10;at org.finos.legend.engine.plan.execution.nodes.ExecutionNodeExecutor.visit(ExecutionNodeExecutor.java:107)&#10;at org.finos.legend.engine.protocol.pure.v1.model.executionPlan.nodes.RelationalClassInstantiationExecutionNode.accept(RelationalClassInstantiationExecutionNode.java:22)&#10;at org.finos.legend.engine.plan.execution.PlanExecutor.execute(PlanExecutor.java:238)&#10;at org.finos.legend.engine.plan.execution.PlanExecutor.execute(PlanExecutor.java:225)&#10;at org.finos.legend.engine.plan.execution.api.ExecutePlan.doExecutePlanLegacy(ExecutePlan.java:102)&#10;at org.finos.legend.engine.plan.execution.api.ExecutePlan.doExecutePlan(ExecutePlan.java:84)&#10;at org.finos.legend.engine.plan.execution.api.ExecutePlanLegacy.executePlan(ExecutePlanLegacy.java:56)&#10;at jdk.internal.reflect.GeneratedMethodAccessor100.invoke(Unknown Source)&#10;at java.base/jdk.internal.reflect.DelegatingMethodAccessorImpl.invoke(DelegatingMethodAccessorImpl.java:43)&#10;at java.base/java.lang.reflect.Method.invoke(Method.java:566)&#10;at org.glassfish.jersey.server.model.internal.ResourceMethodInvocationHandlerFactory$1.invoke(ResourceMethodInvocationHandlerFactory.java:81)&#10;at org.glassfish.jersey.server.model.internal.AbstractJavaResourceMethodDispatcher$1.run(AbstractJavaResourceMethodDispatcher.java:144)&#10;at org.glassfish.jersey.server.model.internal.AbstractJavaResourceMethodDispatcher.invoke(AbstractJavaResourceMethodDispatcher.java:161)&#10;at org.glassfish.jersey.server.model.internal.JavaResourceMethodDispatcherProvider$ResponseOutInvoker.doDispatch(JavaResourceMethodDispatcherProvider.java:160)&#10;at org.glassfish.jersey.server.model.internal.AbstractJavaResourceMethodDispatcher.dispatch(AbstractJavaResourceMethodDispatcher.java:99)&#10;at org.glassfish.jersey.server.model.ResourceMethodInvoker.invoke(ResourceMethodInvoker.java:389)&#10;at org.glassfish.jersey.server.model.ResourceMethodInvoker.apply(ResourceMethodInvoker.java:347)&#10;at org.glassfish.jersey.server.model.ResourceMethodInvoker.apply(ResourceMethodInvoker.java:102)&#10;at org.glassfish.jersey.server.ServerRuntime$2.run(ServerRuntime.java:326)&#10;at org.glassfish.jersey.internal.Errors$1.call(Errors.java:271)&#10;at org.glassfish.jersey.internal.Errors$1.call(Errors.java:267)&#10;at org.glassfish.jersey.internal.Errors.process(Errors.java:315)&#10;at org.glassfish.jersey.internal.Errors.process(Errors.java:297)&#10;at org.glassfish.jersey.internal.Errors.process(Errors.java:267)&#10;at org.glassfish.jersey.process.internal.RequestScope.runInScope(RequestScope.java:317)&#10;at org.glassfish.jersey.server.ServerRuntime.process(ServerRuntime.java:305)&#10;at org.glassfish.jersey.server.ApplicationHandler.handle(ApplicationHandler.java:1154)&#10;at org.glassfish.jersey.servlet.WebComponent.serviceImpl(WebComponent.java:473)&#10;at org.glassfish.jersey.servlet.WebComponent.service(WebComponent.java:427)&#10;at org.glassfish.jersey.servlet.ServletContainer.service(ServletContainer.java:388)&#10;at org.glassfish.jersey.servlet.ServletContainer.service(ServletContainer.java:341)&#10;at org.glassfish.jersey.servlet.ServletContainer.service(ServletContainer.java:228)&#10;at org.eclipse.jetty.servlet.ServletHolder.handle(ServletHolder.java:799)&#10;at org.eclipse.jetty.servlet.ServletHandler$ChainEnd.doFilter(ServletHandler.java:1631)&#10;at io.dropwizard.servlets.ThreadNameFilter.doFilter(ThreadNameFilter.java:35)&#10;at org.eclipse.jetty.servlet.FilterHolder.doFilter(FilterHolder.java:193)&#10;at org.eclipse.jetty.servlet.ServletHandler$Chain.doFilter(ServletHandler.java:1601)&#10;at io.dropwizard.jersey.filter.AllowedMethodsFilter.handle(AllowedMethodsFilter.java:45)&#10;at io.dropwizard.jersey.filter.AllowedMethodsFilter.doFilter(AllowedMethodsFilter.java:39)&#10;at org.eclipse.jetty.servlet.FilterHolder.doFilter(FilterHolder.java:193)&#10;at org.eclipse.jetty.servlet.ServletHandler$Chain.doFilter(ServletHandler.java:1601)&#10;at org.finos.legend.server.pac4j.internal.UsernameFilter.doFilter(UsernameFilter.java:51)&#10;at org.eclipse.jetty.servlet.FilterHolder.doFilter(FilterHolder.java:193)&#10;at org.eclipse.jetty.servlet.ServletHandler$Chain.doFilter(ServletHandler.java:1601)&#10;at org.pac4j.j2e.filter.SecurityFilter.lambda$internalFilter$0(SecurityFilter.java:95)&#10;at org.pac4j.core.engine.DefaultSecurityLogic.perform(DefaultSecurityLogic.java:140)&#10;at org.pac4j.j2e.filter.SecurityFilter.internalFilter(SecurityFilter.java:93)&#10;at org.pac4j.j2e.filter.AbstractConfigFilter.doFilter(AbstractConfigFilter.java:81)&#10;at org.eclipse.jetty.servlet.FilterHolder.doFilter(FilterHolder.java:193)&#10;at org.eclipse.jetty.servlet.ServletHandler$Chain.doFilter(ServletHandler.java:1601)&#10;at org.eclipse.jetty.servlet.ServletHandler.doHandle(ServletHandler.java:548)&#10;at org.eclipse.jetty.server.handler.ScopedHandler.nextHandle(ScopedHandler.java:233)&#10;at org.eclipse.jetty.server.session.SessionHandler.doHandle(SessionHandler.java:1624)&#10;at org.eclipse.jetty.server.handler.ScopedHandler.nextHandle(ScopedHandler.java:233)&#10;at org.eclipse.jetty.server.handler.ContextHandler.doHandle(ContextHandler.java:1434)&#10;at org.eclipse.jetty.server.handler.ScopedHandler.nextScope(ScopedHandler.java:188)&#10;at org.eclipse.jetty.servlet.ServletHandler.doScope(ServletHandler.java:501)&#10;at org.eclipse.jetty.server.session.SessionHandler.doScope(SessionHandler.java:1594)&#10;at org.eclipse.jetty.server.handler.ScopedHandler.nextScope(ScopedHandler.java:186)&#10;at org.eclipse.jetty.server.handler.ContextHandler.doScope(ContextHandler.java:1349)&#10;at org.eclipse.jetty.server.handler.ScopedHandler.handle(ScopedHandler.java:141)&#10;at org.eclipse.jetty.server.handler.HandlerWrapper.handle(HandlerWrapper.java:127)&#10;at com.codahale.metrics.jetty9.InstrumentedHandler.handle(InstrumentedHandler.java:313)&#10;at io.dropwizard.jetty.ContextRoutingHandler.handle(ContextRoutingHandler.java:37)&#10;at org.eclipse.jetty.server.handler.gzip.GzipHandler.handle(GzipHandler.java:713)&#10;at io.dropwizard.jetty.BiDiGzipHandler.handle(BiDiGzipHandler.java:67)&#10;at org.eclipse.jetty.server.handler.StatisticsHandler.handle(StatisticsHandler.java:179)&#10;at org.eclipse.jetty.server.handler.HandlerWrapper.handle(HandlerWrapper.java:127)&#10;at org.eclipse.jetty.server.Server.handle(Server.java:516)&#10;at org.eclipse.jetty.server.HttpChannel.lambda$handle$1(HttpChannel.java:400)&#10;at org.eclipse.jetty.server.HttpChannel.dispatch(HttpChannel.java:645)&#10;at org.eclipse.jetty.server.HttpChannel.handle(HttpChannel.java:392)&#10;at org.eclipse.jetty.server.HttpConnection.onFillable(HttpConnection.java:277)&#10;at org.eclipse.jetty.io.AbstractConnection$ReadCallback.succeeded(AbstractConnection.java:311)&#10;at org.eclipse.jetty.io.FillInterest.fillable(FillInterest.java:105)&#10;at org.eclipse.jetty.io.ChannelEndPoint$1.run(ChannelEndPoint.java:104)&#10;at org.eclipse.jetty.util.thread.strategy.EatWhatYouKill.runTask(EatWhatYouKill.java:338)&#10;at org.eclipse.jetty.util.thread.strategy.EatWhatYouKill.doProduce(EatWhatYouKill.java:315)&#10;at org.eclipse.jetty.util.thread.strategy.EatWhatYouKill.tryProduce(EatWhatYouKill.java:173)&#10;at org.eclipse.jetty.util.thread.strategy.EatWhatYouKill.run(EatWhatYouKill.java:131)&#10;at org.eclipse.jetty.util.thread.ReservedThreadExecutor$ReservedThread.run(ReservedThreadExecutor.java:409)&#10;at org.eclipse.jetty.util.thread.QueuedThreadPool.runJob(QueuedThreadPool.java:883)&#10;at org.eclipse.jetty.util.thread.QueuedThreadPool$Runner.run(QueuedThreadPool.java:1034)&#10;at java.base/java.lang.Thread.run(Thread.java:829)&#10;Caused by: net.snowflake.client.jdbc.SnowflakeSQLException: SQL compilation error:&#10;Object &apos;PERSONTABLE&apos; does not exist or not authorized.&#10;at net.snowflake.client.jdbc.SnowflakeUtil.checkErrorAndThrowExceptionSub(SnowflakeUtil.java:127)&#10;at net.snowflake.client.jdbc.SnowflakeUtil.checkErrorAndThrowException(SnowflakeUtil.java:67)&#10;at net.snowflake.client.core.StmtUtil.pollForOutput(StmtUtil.java:442)&#10;at net.snowflake.client.core.StmtUtil.execute(StmtUtil.java:345)&#10;at net.snowflake.client.core.SFStatement.executeHelper(SFStatement.java:486)&#10;at net.snowflake.client.core.SFStatement.executeQueryInternal(SFStatement.java:197)&#10;at net.snowflake.client.core.SFStatement.executeQuery(SFStatement.java:134)&#10;at net.snowflake.client.core.SFStatement.execute(SFStatement.java:743)&#10;at net.snowflake.client.core.SFStatement.execute(SFStatement.java:639)&#10;at net.snowflake.client.jdbc.SnowflakeStatementV1.executeQueryInternal(SnowflakeStatementV1.java:238)&#10;at net.snowflake.client.jdbc.SnowflakeStatementV1.executeQuery(SnowflakeStatementV1.java:133)&#10;at com.zaxxer.hikari.pool.ProxyStatement.executeQuery(ProxyStatement.java:110)&#10;at com.zaxxer.hikari.pool.HikariProxyStatement.executeQuery(HikariProxyStatement.java)&#10;at org.finos.legend.engine.plan.execution.stores.relational.result.SQLExecutionResult.&lt;init&gt;(SQLExecutionResult.java:95)&#10;... 101 more&#10;&quot;}&apos;&quot;" type="Assert failure at (resource"><![CDATA[Assert failure at (resource:/platform/pure/basics/tests/assertEq.pure line:34 column:5), "500 '{"code":-1,"message":"SnowflakeSQLException: SQL compilation error:
Object 'PERSONTABLE' does not exist or not authorized.","status":"error","trace":"java.lang.RuntimeException: net.snowflake.client.jdbc.SnowflakeSQLException: SQL compilation error:
Object 'PERSONTABLE' does not exist or not authorized.
at org.finos.legend.engine.plan.execution.stores.relational.result.SQLExecutionResult.<init>(SQLExecutionResult.java:123)
at org.finos.legend.engine.plan.execution.stores.relational.RelationalExecutor.execute(RelationalExecutor.java:241)
at org.finos.legend.engine.plan.execution.stores.relational.plugin.RelationalExecutionNodeExecutor.visit(RelationalExecutionNodeExecutor.java:238)
at org.finos.legend.engine.plan.execution.stores.relational.plugin.RelationalExecutionNodeExecutor.visit(RelationalExecutionNodeExecutor.java:292)
at org.finos.legend.engine.plan.execution.stores.relational.plugin.RelationalExecutionNodeExecutor.visit(RelationalExecutionNodeExecutor.java:92)
at org.finos.legend.engine.protocol.pure.v1.model.executionPlan.nodes.RelationalClassInstantiationExecutionNode.accept(RelationalClassInstantiationExecutionNode.java:22)
at org.finos.legend.engine.plan.execution.stores.relational.RelationalExecutionExtension.lambda$getExtraNodeExecutors$fbe53481$1(RelationalExecutionExtension.java:50)
at org.finos.legend.engine.plan.execution.nodes.ExecutionNodeExecutor.lambda$visit$0(ExecutionNodeExecutor.java:164)
at java.base/java.util.stream.ReferencePipeline$3$1.accept(ReferencePipeline.java:195)
at java.base/java.util.Spliterators$ArraySpliterator.tryAdvance(Spliterators.java:958)
at java.base/java.util.stream.ReferencePipeline.forEachWithCancel(ReferencePipeline.java:127)
at java.base/java.util.stream.AbstractPipeline.copyIntoWithCancel(AbstractPipeline.java:502)
at java.base/java.util.stream.AbstractPipeline.copyInto(AbstractPipeline.java:488)
at java.base/java.util.stream.AbstractPipeline.wrapAndCopyInto(AbstractPipeline.java:474)
at java.base/java.util.stream.FindOps$FindOp.evaluateSequential(FindOps.java:150)
at java.base/java.util.stream.AbstractPipeline.evaluate(AbstractPipeline.java:234)
at java.base/java.util.stream.ReferencePipeline.findFirst(ReferencePipeline.java:543)
at org.finos.legend.engine.plan.execution.nodes.ExecutionNodeExecutor.visit(ExecutionNodeExecutor.java:164)
at org.finos.legend.engine.plan.execution.nodes.ExecutionNodeExecutor.visit(ExecutionNodeExecutor.java:107)
at org.finos.legend.engine.protocol.pure.v1.model.executionPlan.nodes.RelationalClassInstantiationExecutionNode.accept(RelationalClassInstantiationExecutionNode.java:22)
at org.finos.legend.engine.plan.execution.PlanExecutor.execute(PlanExecutor.java:238)
at org.finos.legend.engine.plan.execution.PlanExecutor.execute(PlanExecutor.java:225)
at org.finos.legend.engine.plan.execution.api.ExecutePlan.doExecutePlanLegacy(ExecutePlan.java:102)
at org.finos.legend.engine.plan.execution.api.ExecutePlan.doExecutePlan(ExecutePlan.java:84)
at org.finos.legend.engine.plan.execution.api.ExecutePlanLegacy.executePlan(ExecutePlanLegacy.java:56)
at jdk.internal.reflect.GeneratedMethodAccessor100.invoke(Unknown Source)
at java.base/jdk.internal.reflect.DelegatingMethodAccessorImpl.invoke(DelegatingMethodAccessorImpl.java:43)
at java.base/java.lang.reflect.Method.invoke(Method.java:566)
at org.glassfish.jersey.server.model.internal.ResourceMethodInvocationHandlerFactory$1.invoke(ResourceMethodInvocationHandlerFactory.java:81)
at org.glassfish.jersey.server.model.internal.AbstractJavaResourceMethodDispatcher$1.run(AbstractJavaResourceMethodDispatcher.java:144)
at org.glassfish.jersey.server.model.internal.AbstractJavaResourceMethodDispatcher.invoke(AbstractJavaResourceMethodDispatcher.java:161)
at org.glassfish.jersey.server.model.internal.JavaResourceMethodDispatcherProvider$ResponseOutInvoker.doDispatch(JavaResourceMethodDispatcherProvider.java:160)
at org.glassfish.jersey.server.model.internal.AbstractJavaResourceMethodDispatcher.dispatch(AbstractJavaResourceMethodDispatcher.java:99)
at org.glassfish.jersey.server.model.ResourceMethodInvoker.invoke(ResourceMethodInvoker.java:389)
at org.glassfish.jersey.server.model.ResourceMethodInvoker.apply(ResourceMethodInvoker.java:347)
at org.glassfish.jersey.server.model.ResourceMethodInvoker.apply(ResourceMethodInvoker.java:102)
at org.glassfish.jersey.server.ServerRuntime$2.run(ServerRuntime.java:326)
at org.glassfish.jersey.internal.Errors$1.call(Errors.java:271)
at org.glassfish.jersey.internal.Errors$1.call(Errors.java:267)
at org.glassfish.jersey.internal.Errors.process(Errors.java:315)
at org.glassfish.jersey.internal.Errors.process(Errors.java:297)
at org.glassfish.jersey.internal.Errors.process(Errors.java:267)
at org.glassfish.jersey.process.internal.RequestScope.runInScope(RequestScope.java:317)
at org.glassfish.jersey.server.ServerRuntime.process(ServerRuntime.java:305)
at org.glassfish.jersey.server.ApplicationHandler.handle(ApplicationHandler.java:1154)
at org.glassfish.jersey.servlet.WebComponent.serviceImpl(WebComponent.java:473)
at org.glassfish.jersey.servlet.WebComponent.service(WebComponent.java:427)
at org.glassfish.jersey.servlet.ServletContainer.service(ServletContainer.java:388)
at org.glassfish.jersey.servlet.ServletContainer.service(ServletContainer.java:341)
at org.glassfish.jersey.servlet.ServletContainer.service(ServletContainer.java:228)
at org.eclipse.jetty.servlet.ServletHolder.handle(ServletHolder.java:799)
at org.eclipse.jetty.servlet.ServletHandler$ChainEnd.doFilter(ServletHandler.java:1631)
at io.dropwizard.servlets.ThreadNameFilter.doFilter(ThreadNameFilter.java:35)
at org.eclipse.jetty.servlet.FilterHolder.doFilter(FilterHolder.java:193)
at org.eclipse.jetty.servlet.ServletHandler$Chain.doFilter(ServletHandler.java:1601)
at io.dropwizard.jersey.filter.AllowedMethodsFilter.handle(AllowedMethodsFilter.java:45)
at io.dropwizard.jersey.filter.AllowedMethodsFilter.doFilter(AllowedMethodsFilter.java:39)
at org.eclipse.jetty.servlet.FilterHolder.doFilter(FilterHolder.java:193)
at org.eclipse.jetty.servlet.ServletHandler$Chain.doFilter(ServletHandler.java:1601)
at org.finos.legend.server.pac4j.internal.UsernameFilter.doFilter(UsernameFilter.java:51)
at org.eclipse.jetty.servlet.FilterHolder.doFilter(FilterHolder.java:193)
at org.eclipse.jetty.servlet.ServletHandler$Chain.doFilter(ServletHandler.java:1601)
at org.pac4j.j2e.filter.SecurityFilter.lambda$internalFilter$0(SecurityFilter.java:95)
at org.pac4j.core.engine.DefaultSecurityLogic.perform(DefaultSecurityLogic.java:140)
at org.pac4j.j2e.filter.SecurityFilter.internalFilter(SecurityFilter.java:93)
at org.pac4j.j2e.filter.AbstractConfigFilter.doFilter(AbstractConfigFilter.java:81)
at org.eclipse.jetty.servlet.FilterHolder.doFilter(FilterHolder.java:193)
at org.eclipse.jetty.servlet.ServletHandler$Chain.doFilter(ServletHandler.java:1601)
at org.eclipse.jetty.servlet.ServletHandler.doHandle(ServletHandler.java:548)
at org.eclipse.jetty.server.handler.ScopedHandler.nextHandle(ScopedHandler.java:233)
at org.eclipse.jetty.server.session.SessionHandler.doHandle(SessionHandler.java:1624)
at org.eclipse.jetty.server.handler.ScopedHandler.nextHandle(ScopedHandler.java:233)
at org.eclipse.jetty.server.handler.ContextHandler.doHandle(ContextHandler.java:1434)
at org.eclipse.jetty.server.handler.ScopedHandler.nextScope(ScopedHandler.java:188)
at org.eclipse.jetty.servlet.ServletHandler.doScope(ServletHandler.java:501)
at org.eclipse.jetty.server.session.SessionHandler.doScope(SessionHandler.java:1594)
at org.eclipse.jetty.server.handler.ScopedHandler.nextScope(ScopedHandler.java:186)
at org.eclipse.jetty.server.handler.ContextHandler.doScope(ContextHandler.java:1349)
at org.eclipse.jetty.server.handler.ScopedHandler.handle(ScopedHandler.java:141)
at org.eclipse.jetty.server.handler.HandlerWrapper.handle(HandlerWrapper.java:127)
at com.codahale.metrics.jetty9.InstrumentedHandler.handle(InstrumentedHandler.java:313)
at io.dropwizard.jetty.ContextRoutingHandler.handle(ContextRoutingHandler.java:37)
at org.eclipse.jetty.server.handler.gzip.GzipHandler.handle(GzipHandler.java:713)
at io.dropwizard.jetty.BiDiGzipHandler.handle(BiDiGzipHandler.java:67)
at org.eclipse.jetty.server.handler.StatisticsHandler.handle(StatisticsHandler.java:179)
at org.eclipse.jetty.server.handler.HandlerWrapper.handle(HandlerWrapper.java:127)
at org.eclipse.jetty.server.Server.handle(Server.java:516)
at org.eclipse.jetty.server.HttpChannel.lambda$handle$1(HttpChannel.java:400)
at org.eclipse.jetty.server.HttpChannel.dispatch(HttpChannel.java:645)
at org.eclipse.jetty.server.HttpChannel.handle(HttpChannel.java:392)
at org.eclipse.jetty.server.HttpConnection.onFillable(HttpConnection.java:277)
at org.eclipse.jetty.io.AbstractConnection$ReadCallback.succeeded(AbstractConnection.java:311)
at org.eclipse.jetty.io.FillInterest.fillable(FillInterest.java:105)
at org.eclipse.jetty.io.ChannelEndPoint$1.run(ChannelEndPoint.java:104)
at org.eclipse.jetty.util.thread.strategy.EatWhatYouKill.runTask(EatWhatYouKill.java:338)
at org.eclipse.jetty.util.thread.strategy.EatWhatYouKill.doProduce(EatWhatYouKill.java:315)
at org.eclipse.jetty.util.thread.strategy.EatWhatYouKill.tryProduce(EatWhatYouKill.java:173)
at org.eclipse.jetty.util.thread.strategy.EatWhatYouKill.run(EatWhatYouKill.java:131)
at org.eclipse.jetty.util.thread.ReservedThreadExecutor$ReservedThread.run(ReservedThreadExecutor.java:409)
at org.eclipse.jetty.util.thread.QueuedThreadPool.runJob(QueuedThreadPool.java:883)
at org.eclipse.jetty.util.thread.QueuedThreadPool$Runner.run(QueuedThreadPool.java:1034)
at java.base/java.lang.Thread.run(Thread.java:829)
Caused by: net.snowflake.client.jdbc.SnowflakeSQLException: SQL compilation error:
Object 'PERSONTABLE' does not exist or not authorized.
at net.snowflake.client.jdbc.SnowflakeUtil.checkErrorAndThrowExceptionSub(SnowflakeUtil.java:127)
at net.snowflake.client.jdbc.SnowflakeUtil.checkErrorAndThrowException(SnowflakeUtil.java:67)
at net.snowflake.client.core.StmtUtil.pollForOutput(StmtUtil.java:442)
at net.snowflake.client.core.StmtUtil.execute(StmtUtil.java:345)
at net.snowflake.client.core.SFStatement.executeHelper(SFStatement.java:486)
at net.snowflake.client.core.SFStatement.executeQueryInternal(SFStatement.java:197)
at net.snowflake.client.core.SFStatement.executeQuery(SFStatement.java:134)
at net.snowflake.client.core.SFStatement.execute(SFStatement.java:743)
at net.snowflake.client.core.SFStatement.execute(SFStatement.java:639)
at net.snowflake.client.jdbc.SnowflakeStatementV1.executeQueryInternal(SnowflakeStatementV1.java:238)
at net.snowflake.client.jdbc.SnowflakeStatementV1.executeQuery(SnowflakeStatementV1.java:133)
at com.zaxxer.hikari.pool.ProxyStatement.executeQuery(ProxyStatement.java:110)
at com.zaxxer.hikari.pool.HikariProxyStatement.executeQuery(HikariProxyStatement.java)
at org.finos.legend.engine.plan.execution.stores.relational.result.SQLExecutionResult.<init>(SQLExecutionResult.java:95)
... 101 more
"}'"
	at org.finos.legend.pure.runtime.java.compiled.generation.processors.support.CompiledSupport.pureAssert(CompiledSupport.java:1994)
	at org.finos.legend.pure.generated.platform_pure_basics_tests_assertEq.Root_meta_pure_functions_asserts_assertEq_Any_1__Any_1__Function_1__Boolean_1_(platform_pure_basics_tests_assertEq.java:44)
	at org.finos.legend.pure.generated.core_pure_protocol_vX_X_X_invocations_execution.Root_meta_protocols_pure_vX_X_X_invocation_execution_execute_executePlan_String_1__String_1__Integer_1__String_1_(core_pure_protocol_vX_X_X_invocations_execution.java:751)
	at org.finos.legend.pure.generated.core_pure_protocol_vX_X_X_invocations_execution.Root_meta_protocols_pure_vX_X_X_invocation_execution_execute_executePlan_ExecutionPlan_1__String_1__Integer_1__Extension_MANY__String_1_(core_pure_protocol_vX_X_X_invocations_execution.java:745)
	at org.finos.legend.pure.generated.core_pure_protocol_vX_X_X_invocations_execution.Root_meta_protocols_pure_vX_X_X_invocation_execution_execute_executePlan_ExecutionPlan_1__ExecutionContext_$0_1$__String_1__Integer_1__Extension_MANY__Result_1_(core_pure_protocol_vX_X_X_invocations_execution.java:738)
	at jdk.internal.reflect.GeneratedMethodAccessor96.invoke(Unknown Source)
	at java.base/jdk.internal.reflect.DelegatingMethodAccessorImpl.invoke(DelegatingMethodAccessorImpl.java:43)
	at java.base/java.lang.reflect.Method.invoke(Method.java:566)
	at org.finos.legend.pure.runtime.java.compiled.metadata.JavaMethodWithParamsSharedPureFunction.execute(JavaMethodWithParamsSharedPureFunction.java:59)
	at org.finos.legend.pure.runtime.java.compiled.generation.processors.support.Pure._evaluateToMany(Pure.java:546)
	at org.finos.legend.pure.generated.CoreGen.evaluateToMany(CoreGen.java:147)
	at org.finos.legend.pure.generated.CoreGen.evaluateToMany(CoreGen.java:134)
	at org.finos.legend.pure.generated.core_pure_router_router_entry$9$1.value(core_pure_router_router_entry.java:318)
	at org.finos.legend.pure.generated.core_pure_router_router_entry$9$1.execute(core_pure_router_router_entry.java:311)
	at org.finos.legend.pure.generated.core_pure_router_router_entry$9$1.execute(core_pure_router_router_entry.java:307)
	at org.finos.legend.pure.runtime.java.compiled.generation.processors.support.Pure.evaluate(Pure.java:485)
	at org.finos.legend.pure.runtime.java.compiled.generation.processors.support.Pure.legendTest(Pure.java:216)
	at org.finos.legend.pure.generated.CoreGen.legendTest(CoreGen.java:61)
	at org.finos.legend.pure.generated.core_pure_router_router_entry$9.valueOf(core_pure_router_router_entry.java:303)
	at org.finos.legend.pure.generated.core_pure_router_router_entry$9.execute(core_pure_router_router_entry.java:298)
	at org.finos.legend.pure.generated.core_pure_router_router_entry$9.execute(core_pure_router_router_entry.java:294)
	at org.finos.legend.pure.runtime.java.compiled.generation.processors.support.Pure.evaluate(Pure.java:485)
	at org.finos.legend.pure.runtime.java.compiled.generation.processors.support.Pure.traceSpan(Pure.java:1482)
	at org.finos.legend.pure.generated.CoreGen.traceSpan(CoreGen.java:203)
	at org.finos.legend.pure.generated.core_pure_router_router_entry.Root_meta_pure_router_executePlan_ExecutionPlan_1__ExecutionContext_1__Extension_MANY__Result_$0_1$_(core_pure_router_router_entry.java:290)
	at org.finos.legend.pure.generated.core_pure_router_router_entry.Root_meta_pure_router_executePlan_ExecutionPlan_1__Extension_MANY__Result_$0_1$_(core_pure_router_router_entry.java:285)
	at org.finos.legend.pure.generated.core_relational_relational_sqlQueryToString_dbTestRunner_executionPlanTestRunner$19.execute(core_relational_relational_sqlQueryToString_dbTestRunner_executionPlanTestRunner.java:305)
	at org.finos.legend.pure.generated.core_relational_relational_sqlQueryToString_dbTestRunner_executionPlanTestRunner.Root_meta_relational_dbTestRunner_executeViaPlan_FunctionDefinition_1__Mapping_1__Database_1__DbTestConfig_1__Extension_MANY__Result_$0_1$_(core_relational_relational_sqlQueryToString_dbTestRunner_executionPlanTestRunner.java:309)
	at org.finos.legend.pure.generated.core_relational_relational_sqlQueryToString_testSuite_selectSubClauses_filters.Root_meta_relational_tests_dbSpecificTests_sqlQueryTests_selectSubClauses_filters_testSelectEqual_DbTestConfig_1__Boolean_1_(core_relational_relational_sqlQueryToString_testSuite_selectSubClauses_filters.java:635)
	at java.base/jdk.internal.reflect.NativeMethodAccessorImpl.invoke0(Native Method)
	at java.base/jdk.internal.reflect.NativeMethodAccessorImpl.invoke(NativeMethodAccessorImpl.java:62)
	at java.base/jdk.internal.reflect.DelegatingMethodAccessorImpl.invoke(DelegatingMethodAccessorImpl.java:43)
	at java.base/java.lang.reflect.Method.invoke(Method.java:566)
	at org.finos.legend.pure.runtime.java.compiled.testHelper.PureTestBuilderCompiled.executeFn(PureTestBuilderCompiled.java:113)
	at org.finos.legend.pure.runtime.java.compiled.testHelper.PureTestBuilderCompiled.lambda$buildSuite$0(PureTestBuilderCompiled.java:79)
	at org.finos.legend.pure.m3.execution.test.PureTestBuilder$PureTestCase.runTest(PureTestBuilder.java:95)
	at junit.framework.TestCase.runBare(TestCase.java:142)
	at org.finos.legend.engine.server.test.shared.Relational_DbSpecific_UsingPureClientTestSuite$2.runTest(Relational_DbSpecific_UsingPureClientTestSuite.java:90)
	at junit.framework.TestCase.runBare(TestCase.java:142)
	at junit.framework.TestResult$1.protect(TestResult.java:122)
	at junit.framework.TestResult.runProtected(TestResult.java:142)
	at junit.framework.TestResult.run(TestResult.java:125)
	at junit.framework.TestCase.run(TestCase.java:130)
	at junit.framework.TestSuite.runTest(TestSuite.java:241)
	at junit.framework.TestSuite.run(TestSuite.java:236)
	at junit.framework.TestSuite.runTest(TestSuite.java:241)
	at junit.framework.TestSuite.run(TestSuite.java:236)
	at junit.framework.TestSuite.runTest(TestSuite.java:241)
	at junit.framework.TestSuite.run(TestSuite.java:236)
	at junit.framework.TestSuite.runTest(TestSuite.java:241)
	at junit.framework.TestSuite.run(TestSuite.java:236)
	at junit.framework.TestSuite.runTest(TestSuite.java:241)
	at junit.framework.TestSuite.run(TestSuite.java:236)
	at junit.extensions.TestDecorator.basicRun(TestDecorator.java:24)
	at junit.extensions.TestSetup$1.protect(TestSetup.java:23)
	at junit.framework.TestResult.runProtected(TestResult.java:142)
	at junit.extensions.TestSetup.run(TestSetup.java:27)
	at org.junit.internal.runners.JUnit38ClassRunner.run(JUnit38ClassRunner.java:90)
	at org.apache.maven.surefire.junit4.JUnit4Provider.execute(JUnit4Provider.java:365)
	at org.apache.maven.surefire.junit4.JUnit4Provider.executeWithRerun(JUnit4Provider.java:273)
	at org.apache.maven.surefire.junit4.JUnit4Provider.executeTestSet(JUnit4Provider.java:238)
	at org.apache.maven.surefire.junit4.JUnit4Provider.invoke(JUnit4Provider.java:159)
	at org.apache.maven.surefire.booter.ForkedBooter.invokeProviderInSameClassLoader(ForkedBooter.java:384)
	at org.apache.maven.surefire.booter.ForkedBooter.runSuitesInProcess(ForkedBooter.java:345)
	at org.apache.maven.surefire.booter.ForkedBooter.execute(ForkedBooter.java:126)
	at org.apache.maven.surefire.booter.ForkedBooter.main(ForkedBooter.java:418)
]]></error>
    <system-out><![CDATA[Running db test selectSubClauses::filters::testSelectEqual
| **selectSubClauses::filters::testSelectEqual** | failing :x: |
]]></system-out>
  </testcase>
  <testcase name="testSelectNotEqual[Snowflake]" classname="org.finos.legend.engine.server.test.shared.Relational_DbSpecific_UsingPureClientTestSuite$2" time="1.701">
    <error message="Assert failure at (resource:/platform/pure/basics/tests/assertEq.pure line:34 column:5), &quot;500 &apos;{&quot;code&quot;:-1,&quot;message&quot;:&quot;SnowflakeSQLException: SQL compilation error:&#10;Object &apos;PERSONTABLE&apos; does not exist or not authorized.&quot;,&quot;status&quot;:&quot;error&quot;,&quot;trace&quot;:&quot;java.lang.RuntimeException: net.snowflake.client.jdbc.SnowflakeSQLException: SQL compilation error:&#10;Object &apos;PERSONTABLE&apos; does not exist or not authorized.&#10;at org.finos.legend.engine.plan.execution.stores.relational.result.SQLExecutionResult.&lt;init&gt;(SQLExecutionResult.java:123)&#10;at org.finos.legend.engine.plan.execution.stores.relational.RelationalExecutor.execute(RelationalExecutor.java:241)&#10;at org.finos.legend.engine.plan.execution.stores.relational.plugin.RelationalExecutionNodeExecutor.visit(RelationalExecutionNodeExecutor.java:238)&#10;at org.finos.legend.engine.plan.execution.stores.relational.plugin.RelationalExecutionNodeExecutor.visit(RelationalExecutionNodeExecutor.java:292)&#10;at org.finos.legend.engine.plan.execution.stores.relational.plugin.RelationalExecutionNodeExecutor.visit(RelationalExecutionNodeExecutor.java:92)&#10;at org.finos.legend.engine.protocol.pure.v1.model.executionPlan.nodes.RelationalClassInstantiationExecutionNode.accept(RelationalClassInstantiationExecutionNode.java:22)&#10;at org.finos.legend.engine.plan.execution.stores.relational.RelationalExecutionExtension.lambda$getExtraNodeExecutors$fbe53481$1(RelationalExecutionExtension.java:50)&#10;at org.finos.legend.engine.plan.execution.nodes.ExecutionNodeExecutor.lambda$visit$0(ExecutionNodeExecutor.java:164)&#10;at java.base/java.util.stream.ReferencePipeline$3$1.accept(ReferencePipeline.java:195)&#10;at java.base/java.util.Spliterators$ArraySpliterator.tryAdvance(Spliterators.java:958)&#10;at java.base/java.util.stream.ReferencePipeline.forEachWithCancel(ReferencePipeline.java:127)&#10;at java.base/java.util.stream.AbstractPipeline.copyIntoWithCancel(AbstractPipeline.java:502)&#10;at java.base/java.util.stream.AbstractPipeline.copyInto(AbstractPipeline.java:488)&#10;at java.base/java.util.stream.AbstractPipeline.wrapAndCopyInto(AbstractPipeline.java:474)&#10;at java.base/java.util.stream.FindOps$FindOp.evaluateSequential(FindOps.java:150)&#10;at java.base/java.util.stream.AbstractPipeline.evaluate(AbstractPipeline.java:234)&#10;at java.base/java.util.stream.ReferencePipeline.findFirst(ReferencePipeline.java:543)&#10;at org.finos.legend.engine.plan.execution.nodes.ExecutionNodeExecutor.visit(ExecutionNodeExecutor.java:164)&#10;at org.finos.legend.engine.plan.execution.nodes.ExecutionNodeExecutor.visit(ExecutionNodeExecutor.java:107)&#10;at org.finos.legend.engine.protocol.pure.v1.model.executionPlan.nodes.RelationalClassInstantiationExecutionNode.accept(RelationalClassInstantiationExecutionNode.java:22)&#10;at org.finos.legend.engine.plan.execution.PlanExecutor.execute(PlanExecutor.java:238)&#10;at org.finos.legend.engine.plan.execution.PlanExecutor.execute(PlanExecutor.java:225)&#10;at org.finos.legend.engine.plan.execution.api.ExecutePlan.doExecutePlanLegacy(ExecutePlan.java:102)&#10;at org.finos.legend.engine.plan.execution.api.ExecutePlan.doExecutePlan(ExecutePlan.java:84)&#10;at org.finos.legend.engine.plan.execution.api.ExecutePlanLegacy.executePlan(ExecutePlanLegacy.java:56)&#10;at jdk.internal.reflect.GeneratedMethodAccessor100.invoke(Unknown Source)&#10;at java.base/jdk.internal.reflect.DelegatingMethodAccessorImpl.invoke(DelegatingMethodAccessorImpl.java:43)&#10;at java.base/java.lang.reflect.Method.invoke(Method.java:566)&#10;at org.glassfish.jersey.server.model.internal.ResourceMethodInvocationHandlerFactory$1.invoke(ResourceMethodInvocationHandlerFactory.java:81)&#10;at org.glassfish.jersey.server.model.internal.AbstractJavaResourceMethodDispatcher$1.run(AbstractJavaResourceMethodDispatcher.java:144)&#10;at org.glassfish.jersey.server.model.internal.AbstractJavaResourceMethodDispatcher.invoke(AbstractJavaResourceMethodDispatcher.java:161)&#10;at org.glassfish.jersey.server.model.internal.JavaResourceMethodDispatcherProvider$ResponseOutInvoker.doDispatch(JavaResourceMethodDispatcherProvider.java:160)&#10;at org.glassfish.jersey.server.model.internal.AbstractJavaResourceMethodDispatcher.dispatch(AbstractJavaResourceMethodDispatcher.java:99)&#10;at org.glassfish.jersey.server.model.ResourceMethodInvoker.invoke(ResourceMethodInvoker.java:389)&#10;at org.glassfish.jersey.server.model.ResourceMethodInvoker.apply(ResourceMethodInvoker.java:347)&#10;at org.glassfish.jersey.server.model.ResourceMethodInvoker.apply(ResourceMethodInvoker.java:102)&#10;at org.glassfish.jersey.server.ServerRuntime$2.run(ServerRuntime.java:326)&#10;at org.glassfish.jersey.internal.Errors$1.call(Errors.java:271)&#10;at org.glassfish.jersey.internal.Errors$1.call(Errors.java:267)&#10;at org.glassfish.jersey.internal.Errors.process(Errors.java:315)&#10;at org.glassfish.jersey.internal.Errors.process(Errors.java:297)&#10;at org.glassfish.jersey.internal.Errors.process(Errors.java:267)&#10;at org.glassfish.jersey.process.internal.RequestScope.runInScope(RequestScope.java:317)&#10;at org.glassfish.jersey.server.ServerRuntime.process(ServerRuntime.java:305)&#10;at org.glassfish.jersey.server.ApplicationHandler.handle(ApplicationHandler.java:1154)&#10;at org.glassfish.jersey.servlet.WebComponent.serviceImpl(WebComponent.java:473)&#10;at org.glassfish.jersey.servlet.WebComponent.service(WebComponent.java:427)&#10;at org.glassfish.jersey.servlet.ServletContainer.service(ServletContainer.java:388)&#10;at org.glassfish.jersey.servlet.ServletContainer.service(ServletContainer.java:341)&#10;at org.glassfish.jersey.servlet.ServletContainer.service(ServletContainer.java:228)&#10;at org.eclipse.jetty.servlet.ServletHolder.handle(ServletHolder.java:799)&#10;at org.eclipse.jetty.servlet.ServletHandler$ChainEnd.doFilter(ServletHandler.java:1631)&#10;at io.dropwizard.servlets.ThreadNameFilter.doFilter(ThreadNameFilter.java:35)&#10;at org.eclipse.jetty.servlet.FilterHolder.doFilter(FilterHolder.java:193)&#10;at org.eclipse.jetty.servlet.ServletHandler$Chain.doFilter(ServletHandler.java:1601)&#10;at io.dropwizard.jersey.filter.AllowedMethodsFilter.handle(AllowedMethodsFilter.java:45)&#10;at io.dropwizard.jersey.filter.AllowedMethodsFilter.doFilter(AllowedMethodsFilter.java:39)&#10;at org.eclipse.jetty.servlet.FilterHolder.doFilter(FilterHolder.java:193)&#10;at org.eclipse.jetty.servlet.ServletHandler$Chain.doFilter(ServletHandler.java:1601)&#10;at org.finos.legend.server.pac4j.internal.UsernameFilter.doFilter(UsernameFilter.java:51)&#10;at org.eclipse.jetty.servlet.FilterHolder.doFilter(FilterHolder.java:193)&#10;at org.eclipse.jetty.servlet.ServletHandler$Chain.doFilter(ServletHandler.java:1601)&#10;at org.pac4j.j2e.filter.SecurityFilter.lambda$internalFilter$0(SecurityFilter.java:95)&#10;at org.pac4j.core.engine.DefaultSecurityLogic.perform(DefaultSecurityLogic.java:140)&#10;at org.pac4j.j2e.filter.SecurityFilter.internalFilter(SecurityFilter.java:93)&#10;at org.pac4j.j2e.filter.AbstractConfigFilter.doFilter(AbstractConfigFilter.java:81)&#10;at org.eclipse.jetty.servlet.FilterHolder.doFilter(FilterHolder.java:193)&#10;at org.eclipse.jetty.servlet.ServletHandler$Chain.doFilter(ServletHandler.java:1601)&#10;at org.eclipse.jetty.servlet.ServletHandler.doHandle(ServletHandler.java:548)&#10;at org.eclipse.jetty.server.handler.ScopedHandler.nextHandle(ScopedHandler.java:233)&#10;at org.eclipse.jetty.server.session.SessionHandler.doHandle(SessionHandler.java:1624)&#10;at org.eclipse.jetty.server.handler.ScopedHandler.nextHandle(ScopedHandler.java:233)&#10;at org.eclipse.jetty.server.handler.ContextHandler.doHandle(ContextHandler.java:1434)&#10;at org.eclipse.jetty.server.handler.ScopedHandler.nextScope(ScopedHandler.java:188)&#10;at org.eclipse.jetty.servlet.ServletHandler.doScope(ServletHandler.java:501)&#10;at org.eclipse.jetty.server.session.SessionHandler.doScope(SessionHandler.java:1594)&#10;at org.eclipse.jetty.server.handler.ScopedHandler.nextScope(ScopedHandler.java:186)&#10;at org.eclipse.jetty.server.handler.ContextHandler.doScope(ContextHandler.java:1349)&#10;at org.eclipse.jetty.server.handler.ScopedHandler.handle(ScopedHandler.java:141)&#10;at org.eclipse.jetty.server.handler.HandlerWrapper.handle(HandlerWrapper.java:127)&#10;at com.codahale.metrics.jetty9.InstrumentedHandler.handle(InstrumentedHandler.java:313)&#10;at io.dropwizard.jetty.ContextRoutingHandler.handle(ContextRoutingHandler.java:37)&#10;at org.eclipse.jetty.server.handler.gzip.GzipHandler.handle(GzipHandler.java:713)&#10;at io.dropwizard.jetty.BiDiGzipHandler.handle(BiDiGzipHandler.java:67)&#10;at org.eclipse.jetty.server.handler.StatisticsHandler.handle(StatisticsHandler.java:179)&#10;at org.eclipse.jetty.server.handler.HandlerWrapper.handle(HandlerWrapper.java:127)&#10;at org.eclipse.jetty.server.Server.handle(Server.java:516)&#10;at org.eclipse.jetty.server.HttpChannel.lambda$handle$1(HttpChannel.java:400)&#10;at org.eclipse.jetty.server.HttpChannel.dispatch(HttpChannel.java:645)&#10;at org.eclipse.jetty.server.HttpChannel.handle(HttpChannel.java:392)&#10;at org.eclipse.jetty.server.HttpConnection.onFillable(HttpConnection.java:277)&#10;at org.eclipse.jetty.io.AbstractConnection$ReadCallback.succeeded(AbstractConnection.java:311)&#10;at org.eclipse.jetty.io.FillInterest.fillable(FillInterest.java:105)&#10;at org.eclipse.jetty.io.ChannelEndPoint$1.run(ChannelEndPoint.java:104)&#10;at org.eclipse.jetty.util.thread.strategy.EatWhatYouKill.runTask(EatWhatYouKill.java:338)&#10;at org.eclipse.jetty.util.thread.strategy.EatWhatYouKill.doProduce(EatWhatYouKill.java:315)&#10;at org.eclipse.jetty.util.thread.strategy.EatWhatYouKill.tryProduce(EatWhatYouKill.java:173)&#10;at org.eclipse.jetty.util.thread.strategy.EatWhatYouKill.run(EatWhatYouKill.java:131)&#10;at org.eclipse.jetty.util.thread.ReservedThreadExecutor$ReservedThread.run(ReservedThreadExecutor.java:409)&#10;at org.eclipse.jetty.util.thread.QueuedThreadPool.runJob(QueuedThreadPool.java:883)&#10;at org.eclipse.jetty.util.thread.QueuedThreadPool$Runner.run(QueuedThreadPool.java:1034)&#10;at java.base/java.lang.Thread.run(Thread.java:829)&#10;Caused by: net.snowflake.client.jdbc.SnowflakeSQLException: SQL compilation error:&#10;Object &apos;PERSONTABLE&apos; does not exist or not authorized.&#10;at net.snowflake.client.jdbc.SnowflakeUtil.checkErrorAndThrowExceptionSub(SnowflakeUtil.java:127)&#10;at net.snowflake.client.jdbc.SnowflakeUtil.checkErrorAndThrowException(SnowflakeUtil.java:67)&#10;at net.snowflake.client.core.StmtUtil.pollForOutput(StmtUtil.java:442)&#10;at net.snowflake.client.core.StmtUtil.execute(StmtUtil.java:345)&#10;at net.snowflake.client.core.SFStatement.executeHelper(SFStatement.java:486)&#10;at net.snowflake.client.core.SFStatement.executeQueryInternal(SFStatement.java:197)&#10;at net.snowflake.client.core.SFStatement.executeQuery(SFStatement.java:134)&#10;at net.snowflake.client.core.SFStatement.execute(SFStatement.java:743)&#10;at net.snowflake.client.core.SFStatement.execute(SFStatement.java:639)&#10;at net.snowflake.client.jdbc.SnowflakeStatementV1.executeQueryInternal(SnowflakeStatementV1.java:238)&#10;at net.snowflake.client.jdbc.SnowflakeStatementV1.executeQuery(SnowflakeStatementV1.java:133)&#10;at com.zaxxer.hikari.pool.ProxyStatement.executeQuery(ProxyStatement.java:110)&#10;at com.zaxxer.hikari.pool.HikariProxyStatement.executeQuery(HikariProxyStatement.java)&#10;at org.finos.legend.engine.plan.execution.stores.relational.result.SQLExecutionResult.&lt;init&gt;(SQLExecutionResult.java:95)&#10;... 101 more&#10;&quot;}&apos;&quot;" type="Assert failure at (resource"><![CDATA[Assert failure at (resource:/platform/pure/basics/tests/assertEq.pure line:34 column:5), "500 '{"code":-1,"message":"SnowflakeSQLException: SQL compilation error:
Object 'PERSONTABLE' does not exist or not authorized.","status":"error","trace":"java.lang.RuntimeException: net.snowflake.client.jdbc.SnowflakeSQLException: SQL compilation error:
Object 'PERSONTABLE' does not exist or not authorized.
at org.finos.legend.engine.plan.execution.stores.relational.result.SQLExecutionResult.<init>(SQLExecutionResult.java:123)
at org.finos.legend.engine.plan.execution.stores.relational.RelationalExecutor.execute(RelationalExecutor.java:241)
at org.finos.legend.engine.plan.execution.stores.relational.plugin.RelationalExecutionNodeExecutor.visit(RelationalExecutionNodeExecutor.java:238)
at org.finos.legend.engine.plan.execution.stores.relational.plugin.RelationalExecutionNodeExecutor.visit(RelationalExecutionNodeExecutor.java:292)
at org.finos.legend.engine.plan.execution.stores.relational.plugin.RelationalExecutionNodeExecutor.visit(RelationalExecutionNodeExecutor.java:92)
at org.finos.legend.engine.protocol.pure.v1.model.executionPlan.nodes.RelationalClassInstantiationExecutionNode.accept(RelationalClassInstantiationExecutionNode.java:22)
at org.finos.legend.engine.plan.execution.stores.relational.RelationalExecutionExtension.lambda$getExtraNodeExecutors$fbe53481$1(RelationalExecutionExtension.java:50)
at org.finos.legend.engine.plan.execution.nodes.ExecutionNodeExecutor.lambda$visit$0(ExecutionNodeExecutor.java:164)
at java.base/java.util.stream.ReferencePipeline$3$1.accept(ReferencePipeline.java:195)
at java.base/java.util.Spliterators$ArraySpliterator.tryAdvance(Spliterators.java:958)
at java.base/java.util.stream.ReferencePipeline.forEachWithCancel(ReferencePipeline.java:127)
at java.base/java.util.stream.AbstractPipeline.copyIntoWithCancel(AbstractPipeline.java:502)
at java.base/java.util.stream.AbstractPipeline.copyInto(AbstractPipeline.java:488)
at java.base/java.util.stream.AbstractPipeline.wrapAndCopyInto(AbstractPipeline.java:474)
at java.base/java.util.stream.FindOps$FindOp.evaluateSequential(FindOps.java:150)
at java.base/java.util.stream.AbstractPipeline.evaluate(AbstractPipeline.java:234)
at java.base/java.util.stream.ReferencePipeline.findFirst(ReferencePipeline.java:543)
at org.finos.legend.engine.plan.execution.nodes.ExecutionNodeExecutor.visit(ExecutionNodeExecutor.java:164)
at org.finos.legend.engine.plan.execution.nodes.ExecutionNodeExecutor.visit(ExecutionNodeExecutor.java:107)
at org.finos.legend.engine.protocol.pure.v1.model.executionPlan.nodes.RelationalClassInstantiationExecutionNode.accept(RelationalClassInstantiationExecutionNode.java:22)
at org.finos.legend.engine.plan.execution.PlanExecutor.execute(PlanExecutor.java:238)
at org.finos.legend.engine.plan.execution.PlanExecutor.execute(PlanExecutor.java:225)
at org.finos.legend.engine.plan.execution.api.ExecutePlan.doExecutePlanLegacy(ExecutePlan.java:102)
at org.finos.legend.engine.plan.execution.api.ExecutePlan.doExecutePlan(ExecutePlan.java:84)
at org.finos.legend.engine.plan.execution.api.ExecutePlanLegacy.executePlan(ExecutePlanLegacy.java:56)
at jdk.internal.reflect.GeneratedMethodAccessor100.invoke(Unknown Source)
at java.base/jdk.internal.reflect.DelegatingMethodAccessorImpl.invoke(DelegatingMethodAccessorImpl.java:43)
at java.base/java.lang.reflect.Method.invoke(Method.java:566)
at org.glassfish.jersey.server.model.internal.ResourceMethodInvocationHandlerFactory$1.invoke(ResourceMethodInvocationHandlerFactory.java:81)
at org.glassfish.jersey.server.model.internal.AbstractJavaResourceMethodDispatcher$1.run(AbstractJavaResourceMethodDispatcher.java:144)
at org.glassfish.jersey.server.model.internal.AbstractJavaResourceMethodDispatcher.invoke(AbstractJavaResourceMethodDispatcher.java:161)
at org.glassfish.jersey.server.model.internal.JavaResourceMethodDispatcherProvider$ResponseOutInvoker.doDispatch(JavaResourceMethodDispatcherProvider.java:160)
at org.glassfish.jersey.server.model.internal.AbstractJavaResourceMethodDispatcher.dispatch(AbstractJavaResourceMethodDispatcher.java:99)
at org.glassfish.jersey.server.model.ResourceMethodInvoker.invoke(ResourceMethodInvoker.java:389)
at org.glassfish.jersey.server.model.ResourceMethodInvoker.apply(ResourceMethodInvoker.java:347)
at org.glassfish.jersey.server.model.ResourceMethodInvoker.apply(ResourceMethodInvoker.java:102)
at org.glassfish.jersey.server.ServerRuntime$2.run(ServerRuntime.java:326)
at org.glassfish.jersey.internal.Errors$1.call(Errors.java:271)
at org.glassfish.jersey.internal.Errors$1.call(Errors.java:267)
at org.glassfish.jersey.internal.Errors.process(Errors.java:315)
at org.glassfish.jersey.internal.Errors.process(Errors.java:297)
at org.glassfish.jersey.internal.Errors.process(Errors.java:267)
at org.glassfish.jersey.process.internal.RequestScope.runInScope(RequestScope.java:317)
at org.glassfish.jersey.server.ServerRuntime.process(ServerRuntime.java:305)
at org.glassfish.jersey.server.ApplicationHandler.handle(ApplicationHandler.java:1154)
at org.glassfish.jersey.servlet.WebComponent.serviceImpl(WebComponent.java:473)
at org.glassfish.jersey.servlet.WebComponent.service(WebComponent.java:427)
at org.glassfish.jersey.servlet.ServletContainer.service(ServletContainer.java:388)
at org.glassfish.jersey.servlet.ServletContainer.service(ServletContainer.java:341)
at org.glassfish.jersey.servlet.ServletContainer.service(ServletContainer.java:228)
at org.eclipse.jetty.servlet.ServletHolder.handle(ServletHolder.java:799)
at org.eclipse.jetty.servlet.ServletHandler$ChainEnd.doFilter(ServletHandler.java:1631)
at io.dropwizard.servlets.ThreadNameFilter.doFilter(ThreadNameFilter.java:35)
at org.eclipse.jetty.servlet.FilterHolder.doFilter(FilterHolder.java:193)
at org.eclipse.jetty.servlet.ServletHandler$Chain.doFilter(ServletHandler.java:1601)
at io.dropwizard.jersey.filter.AllowedMethodsFilter.handle(AllowedMethodsFilter.java:45)
at io.dropwizard.jersey.filter.AllowedMethodsFilter.doFilter(AllowedMethodsFilter.java:39)
at org.eclipse.jetty.servlet.FilterHolder.doFilter(FilterHolder.java:193)
at org.eclipse.jetty.servlet.ServletHandler$Chain.doFilter(ServletHandler.java:1601)
at org.finos.legend.server.pac4j.internal.UsernameFilter.doFilter(UsernameFilter.java:51)
at org.eclipse.jetty.servlet.FilterHolder.doFilter(FilterHolder.java:193)
at org.eclipse.jetty.servlet.ServletHandler$Chain.doFilter(ServletHandler.java:1601)
at org.pac4j.j2e.filter.SecurityFilter.lambda$internalFilter$0(SecurityFilter.java:95)
at org.pac4j.core.engine.DefaultSecurityLogic.perform(DefaultSecurityLogic.java:140)
at org.pac4j.j2e.filter.SecurityFilter.internalFilter(SecurityFilter.java:93)
at org.pac4j.j2e.filter.AbstractConfigFilter.doFilter(AbstractConfigFilter.java:81)
at org.eclipse.jetty.servlet.FilterHolder.doFilter(FilterHolder.java:193)
at org.eclipse.jetty.servlet.ServletHandler$Chain.doFilter(ServletHandler.java:1601)
at org.eclipse.jetty.servlet.ServletHandler.doHandle(ServletHandler.java:548)
at org.eclipse.jetty.server.handler.ScopedHandler.nextHandle(ScopedHandler.java:233)
at org.eclipse.jetty.server.session.SessionHandler.doHandle(SessionHandler.java:1624)
at org.eclipse.jetty.server.handler.ScopedHandler.nextHandle(ScopedHandler.java:233)
at org.eclipse.jetty.server.handler.ContextHandler.doHandle(ContextHandler.java:1434)
at org.eclipse.jetty.server.handler.ScopedHandler.nextScope(ScopedHandler.java:188)
at org.eclipse.jetty.servlet.ServletHandler.doScope(ServletHandler.java:501)
at org.eclipse.jetty.server.session.SessionHandler.doScope(SessionHandler.java:1594)
at org.eclipse.jetty.server.handler.ScopedHandler.nextScope(ScopedHandler.java:186)
at org.eclipse.jetty.server.handler.ContextHandler.doScope(ContextHandler.java:1349)
at org.eclipse.jetty.server.handler.ScopedHandler.handle(ScopedHandler.java:141)
at org.eclipse.jetty.server.handler.HandlerWrapper.handle(HandlerWrapper.java:127)
at com.codahale.metrics.jetty9.InstrumentedHandler.handle(InstrumentedHandler.java:313)
at io.dropwizard.jetty.ContextRoutingHandler.handle(ContextRoutingHandler.java:37)
at org.eclipse.jetty.server.handler.gzip.GzipHandler.handle(GzipHandler.java:713)
at io.dropwizard.jetty.BiDiGzipHandler.handle(BiDiGzipHandler.java:67)
at org.eclipse.jetty.server.handler.StatisticsHandler.handle(StatisticsHandler.java:179)
at org.eclipse.jetty.server.handler.HandlerWrapper.handle(HandlerWrapper.java:127)
at org.eclipse.jetty.server.Server.handle(Server.java:516)
at org.eclipse.jetty.server.HttpChannel.lambda$handle$1(HttpChannel.java:400)
at org.eclipse.jetty.server.HttpChannel.dispatch(HttpChannel.java:645)
at org.eclipse.jetty.server.HttpChannel.handle(HttpChannel.java:392)
at org.eclipse.jetty.server.HttpConnection.onFillable(HttpConnection.java:277)
at org.eclipse.jetty.io.AbstractConnection$ReadCallback.succeeded(AbstractConnection.java:311)
at org.eclipse.jetty.io.FillInterest.fillable(FillInterest.java:105)
at org.eclipse.jetty.io.ChannelEndPoint$1.run(ChannelEndPoint.java:104)
at org.eclipse.jetty.util.thread.strategy.EatWhatYouKill.runTask(EatWhatYouKill.java:338)
at org.eclipse.jetty.util.thread.strategy.EatWhatYouKill.doProduce(EatWhatYouKill.java:315)
at org.eclipse.jetty.util.thread.strategy.EatWhatYouKill.tryProduce(EatWhatYouKill.java:173)
at org.eclipse.jetty.util.thread.strategy.EatWhatYouKill.run(EatWhatYouKill.java:131)
at org.eclipse.jetty.util.thread.ReservedThreadExecutor$ReservedThread.run(ReservedThreadExecutor.java:409)
at org.eclipse.jetty.util.thread.QueuedThreadPool.runJob(QueuedThreadPool.java:883)
at org.eclipse.jetty.util.thread.QueuedThreadPool$Runner.run(QueuedThreadPool.java:1034)
at java.base/java.lang.Thread.run(Thread.java:829)
Caused by: net.snowflake.client.jdbc.SnowflakeSQLException: SQL compilation error:
Object 'PERSONTABLE' does not exist or not authorized.
at net.snowflake.client.jdbc.SnowflakeUtil.checkErrorAndThrowExceptionSub(SnowflakeUtil.java:127)
at net.snowflake.client.jdbc.SnowflakeUtil.checkErrorAndThrowException(SnowflakeUtil.java:67)
at net.snowflake.client.core.StmtUtil.pollForOutput(StmtUtil.java:442)
at net.snowflake.client.core.StmtUtil.execute(StmtUtil.java:345)
at net.snowflake.client.core.SFStatement.executeHelper(SFStatement.java:486)
at net.snowflake.client.core.SFStatement.executeQueryInternal(SFStatement.java:197)
at net.snowflake.client.core.SFStatement.executeQuery(SFStatement.java:134)
at net.snowflake.client.core.SFStatement.execute(SFStatement.java:743)
at net.snowflake.client.core.SFStatement.execute(SFStatement.java:639)
at net.snowflake.client.jdbc.SnowflakeStatementV1.executeQueryInternal(SnowflakeStatementV1.java:238)
at net.snowflake.client.jdbc.SnowflakeStatementV1.executeQuery(SnowflakeStatementV1.java:133)
at com.zaxxer.hikari.pool.ProxyStatement.executeQuery(ProxyStatement.java:110)
at com.zaxxer.hikari.pool.HikariProxyStatement.executeQuery(HikariProxyStatement.java)
at org.finos.legend.engine.plan.execution.stores.relational.result.SQLExecutionResult.<init>(SQLExecutionResult.java:95)
... 101 more
"}'"
	at org.finos.legend.pure.runtime.java.compiled.generation.processors.support.CompiledSupport.pureAssert(CompiledSupport.java:1994)
	at org.finos.legend.pure.generated.platform_pure_basics_tests_assertEq.Root_meta_pure_functions_asserts_assertEq_Any_1__Any_1__Function_1__Boolean_1_(platform_pure_basics_tests_assertEq.java:44)
	at org.finos.legend.pure.generated.core_pure_protocol_vX_X_X_invocations_execution.Root_meta_protocols_pure_vX_X_X_invocation_execution_execute_executePlan_String_1__String_1__Integer_1__String_1_(core_pure_protocol_vX_X_X_invocations_execution.java:751)
	at org.finos.legend.pure.generated.core_pure_protocol_vX_X_X_invocations_execution.Root_meta_protocols_pure_vX_X_X_invocation_execution_execute_executePlan_ExecutionPlan_1__String_1__Integer_1__Extension_MANY__String_1_(core_pure_protocol_vX_X_X_invocations_execution.java:745)
	at org.finos.legend.pure.generated.core_pure_protocol_vX_X_X_invocations_execution.Root_meta_protocols_pure_vX_X_X_invocation_execution_execute_executePlan_ExecutionPlan_1__ExecutionContext_$0_1$__String_1__Integer_1__Extension_MANY__Result_1_(core_pure_protocol_vX_X_X_invocations_execution.java:738)
	at jdk.internal.reflect.GeneratedMethodAccessor96.invoke(Unknown Source)
	at java.base/jdk.internal.reflect.DelegatingMethodAccessorImpl.invoke(DelegatingMethodAccessorImpl.java:43)
	at java.base/java.lang.reflect.Method.invoke(Method.java:566)
	at org.finos.legend.pure.runtime.java.compiled.metadata.JavaMethodWithParamsSharedPureFunction.execute(JavaMethodWithParamsSharedPureFunction.java:59)
	at org.finos.legend.pure.runtime.java.compiled.generation.processors.support.Pure._evaluateToMany(Pure.java:546)
	at org.finos.legend.pure.generated.CoreGen.evaluateToMany(CoreGen.java:147)
	at org.finos.legend.pure.generated.CoreGen.evaluateToMany(CoreGen.java:134)
	at org.finos.legend.pure.generated.core_pure_router_router_entry$9$1.value(core_pure_router_router_entry.java:318)
	at org.finos.legend.pure.generated.core_pure_router_router_entry$9$1.execute(core_pure_router_router_entry.java:311)
	at org.finos.legend.pure.generated.core_pure_router_router_entry$9$1.execute(core_pure_router_router_entry.java:307)
	at org.finos.legend.pure.runtime.java.compiled.generation.processors.support.Pure.evaluate(Pure.java:485)
	at org.finos.legend.pure.runtime.java.compiled.generation.processors.support.Pure.legendTest(Pure.java:216)
	at org.finos.legend.pure.generated.CoreGen.legendTest(CoreGen.java:61)
	at org.finos.legend.pure.generated.core_pure_router_router_entry$9.valueOf(core_pure_router_router_entry.java:303)
	at org.finos.legend.pure.generated.core_pure_router_router_entry$9.execute(core_pure_router_router_entry.java:298)
	at org.finos.legend.pure.generated.core_pure_router_router_entry$9.execute(core_pure_router_router_entry.java:294)
	at org.finos.legend.pure.runtime.java.compiled.generation.processors.support.Pure.evaluate(Pure.java:485)
	at org.finos.legend.pure.runtime.java.compiled.generation.processors.support.Pure.traceSpan(Pure.java:1482)
	at org.finos.legend.pure.generated.CoreGen.traceSpan(CoreGen.java:203)
	at org.finos.legend.pure.generated.core_pure_router_router_entry.Root_meta_pure_router_executePlan_ExecutionPlan_1__ExecutionContext_1__Extension_MANY__Result_$0_1$_(core_pure_router_router_entry.java:290)
	at org.finos.legend.pure.generated.core_pure_router_router_entry.Root_meta_pure_router_executePlan_ExecutionPlan_1__Extension_MANY__Result_$0_1$_(core_pure_router_router_entry.java:285)
	at org.finos.legend.pure.generated.core_relational_relational_sqlQueryToString_dbTestRunner_executionPlanTestRunner$19.execute(core_relational_relational_sqlQueryToString_dbTestRunner_executionPlanTestRunner.java:305)
	at org.finos.legend.pure.generated.core_relational_relational_sqlQueryToString_dbTestRunner_executionPlanTestRunner.Root_meta_relational_dbTestRunner_executeViaPlan_FunctionDefinition_1__Mapping_1__Database_1__DbTestConfig_1__Extension_MANY__Result_$0_1$_(core_relational_relational_sqlQueryToString_dbTestRunner_executionPlanTestRunner.java:309)
	at org.finos.legend.pure.generated.core_relational_relational_sqlQueryToString_testSuite_selectSubClauses_filters.Root_meta_relational_tests_dbSpecificTests_sqlQueryTests_selectSubClauses_filters_testSelectNotEqual_DbTestConfig_1__Boolean_1_(core_relational_relational_sqlQueryToString_testSuite_selectSubClauses_filters.java:740)
	at java.base/jdk.internal.reflect.NativeMethodAccessorImpl.invoke0(Native Method)
	at java.base/jdk.internal.reflect.NativeMethodAccessorImpl.invoke(NativeMethodAccessorImpl.java:62)
	at java.base/jdk.internal.reflect.DelegatingMethodAccessorImpl.invoke(DelegatingMethodAccessorImpl.java:43)
	at java.base/java.lang.reflect.Method.invoke(Method.java:566)
	at org.finos.legend.pure.runtime.java.compiled.testHelper.PureTestBuilderCompiled.executeFn(PureTestBuilderCompiled.java:113)
	at org.finos.legend.pure.runtime.java.compiled.testHelper.PureTestBuilderCompiled.lambda$buildSuite$0(PureTestBuilderCompiled.java:79)
	at org.finos.legend.pure.m3.execution.test.PureTestBuilder$PureTestCase.runTest(PureTestBuilder.java:95)
	at junit.framework.TestCase.runBare(TestCase.java:142)
	at org.finos.legend.engine.server.test.shared.Relational_DbSpecific_UsingPureClientTestSuite$2.runTest(Relational_DbSpecific_UsingPureClientTestSuite.java:90)
	at junit.framework.TestCase.runBare(TestCase.java:142)
	at junit.framework.TestResult$1.protect(TestResult.java:122)
	at junit.framework.TestResult.runProtected(TestResult.java:142)
	at junit.framework.TestResult.run(TestResult.java:125)
	at junit.framework.TestCase.run(TestCase.java:130)
	at junit.framework.TestSuite.runTest(TestSuite.java:241)
	at junit.framework.TestSuite.run(TestSuite.java:236)
	at junit.framework.TestSuite.runTest(TestSuite.java:241)
	at junit.framework.TestSuite.run(TestSuite.java:236)
	at junit.framework.TestSuite.runTest(TestSuite.java:241)
	at junit.framework.TestSuite.run(TestSuite.java:236)
	at junit.framework.TestSuite.runTest(TestSuite.java:241)
	at junit.framework.TestSuite.run(TestSuite.java:236)
	at junit.framework.TestSuite.runTest(TestSuite.java:241)
	at junit.framework.TestSuite.run(TestSuite.java:236)
	at junit.extensions.TestDecorator.basicRun(TestDecorator.java:24)
	at junit.extensions.TestSetup$1.protect(TestSetup.java:23)
	at junit.framework.TestResult.runProtected(TestResult.java:142)
	at junit.extensions.TestSetup.run(TestSetup.java:27)
	at org.junit.internal.runners.JUnit38ClassRunner.run(JUnit38ClassRunner.java:90)
	at org.apache.maven.surefire.junit4.JUnit4Provider.execute(JUnit4Provider.java:365)
	at org.apache.maven.surefire.junit4.JUnit4Provider.executeWithRerun(JUnit4Provider.java:273)
	at org.apache.maven.surefire.junit4.JUnit4Provider.executeTestSet(JUnit4Provider.java:238)
	at org.apache.maven.surefire.junit4.JUnit4Provider.invoke(JUnit4Provider.java:159)
	at org.apache.maven.surefire.booter.ForkedBooter.invokeProviderInSameClassLoader(ForkedBooter.java:384)
	at org.apache.maven.surefire.booter.ForkedBooter.runSuitesInProcess(ForkedBooter.java:345)
	at org.apache.maven.surefire.booter.ForkedBooter.execute(ForkedBooter.java:126)
	at org.apache.maven.surefire.booter.ForkedBooter.main(ForkedBooter.java:418)
]]></error>
    <system-out><![CDATA[Running db test selectSubClauses::filters::testSelectNotEqual
{"duration":0.0,"eventType":"EXECUTION_PLAN_EXEC_ERROR","info":{"code":-1,"message":"SnowflakeSQLException: SQL compilation error:\nObject 'PERSONTABLE' does not exist or not authorized.","status":"error","trace":"java.lang.RuntimeException: net.snowflake.client.jdbc.SnowflakeSQLException: SQL compilation error:\nObject 'PERSONTABLE' does not exist or not authorized.\n\tat org.finos.legend.engine.plan.execution.stores.relational.result.SQLExecutionResult.<init>(SQLExecutionResult.java:123)\n\tat org.finos.legend.engine.plan.execution.stores.relational.RelationalExecutor.execute(RelationalExecutor.java:241)\n\tat org.finos.legend.engine.plan.execution.stores.relational.plugin.RelationalExecutionNodeExecutor.visit(RelationalExecutionNodeExecutor.java:238)\n\tat org.finos.legend.engine.plan.execution.stores.relational.plugin.RelationalExecutionNodeExecutor.visit(RelationalExecutionNodeExecutor.java:292)\n\tat org.finos.legend.engine.plan.execution.stores.relational.plugin.RelationalExecutionNodeExecutor.visit(RelationalExecutionNodeExecutor.java:92)\n\tat org.finos.legend.engine.protocol.pure.v1.model.executionPlan.nodes.RelationalClassInstantiationExecutionNode.accept(RelationalClassInstantiationExecutionNode.java:22)\n\tat org.finos.legend.engine.plan.execution.stores.relational.RelationalExecutionExtension.lambda$getExtraNodeExecutors$fbe53481$1(RelationalExecutionExtension.java:50)\n\tat org.finos.legend.engine.plan.execution.nodes.ExecutionNodeExecutor.lambda$visit$0(ExecutionNodeExecutor.java:164)\n\tat java.base/java.util.stream.ReferencePipeline$3$1.accept(ReferencePipeline.java:195)\n\tat java.base/java.util.Spliterators$ArraySpliterator.tryAdvance(Spliterators.java:958)\n\tat java.base/java.util.stream.ReferencePipeline.forEachWithCancel(ReferencePipeline.java:127)\n\tat java.base/java.util.stream.AbstractPipeline.copyIntoWithCancel(AbstractPipeline.java:502)\n\tat java.base/java.util.stream.AbstractPipeline.copyInto(AbstractPipeline.java:488)\n\tat java.base/java.util.stream.AbstractPipeline.wrapAndCopyInto(AbstractPipeline.java:474)\n\tat java.base/java.util.stream.FindOps$FindOp.evaluateSequential(FindOps.java:150)\n\tat java.base/java.util.stream.AbstractPipeline.evaluate(AbstractPipeline.java:234)\n\tat java.base/java.util.stream.ReferencePipeline.findFirst(ReferencePipeline.java:543)\n\tat org.finos.legend.engine.plan.execution.nodes.ExecutionNodeExecutor.visit(ExecutionNodeExecutor.java:164)\n\tat org.finos.legend.engine.plan.execution.nodes.ExecutionNodeExecutor.visit(ExecutionNodeExecutor.java:107)\n\tat org.finos.legend.engine.protocol.pure.v1.model.executionPlan.nodes.RelationalClassInstantiationExecutionNode.accept(RelationalClassInstantiationExecutionNode.java:22)\n\tat org.finos.legend.engine.plan.execution.PlanExecutor.execute(PlanExecutor.java:238)\n\tat org.finos.legend.engine.plan.execution.PlanExecutor.execute(PlanExecutor.java:225)\n\tat org.finos.legend.engine.plan.execution.api.ExecutePlan.doExecutePlanLegacy(ExecutePlan.java:102)\n\tat org.finos.legend.engine.plan.execution.api.ExecutePlan.doExecutePlan(ExecutePlan.java:84)\n\tat org.finos.legend.engine.plan.execution.api.ExecutePlanLegacy.executePlan(ExecutePlanLegacy.java:56)\n\tat jdk.internal.reflect.GeneratedMethodAccessor100.invoke(Unknown Source)\n\tat java.base/jdk.internal.reflect.DelegatingMethodAccessorImpl.invoke(DelegatingMethodAccessorImpl.java:43)\n\tat java.base/java.lang.reflect.Method.invoke(Method.java:566)\n\tat org.glassfish.jersey.server.model.internal.ResourceMethodInvocationHandlerFactory$1.invoke(ResourceMethodInvocationHandlerFactory.java:81)\n\tat org.glassfish.jersey.server.model.internal.AbstractJavaResourceMethodDispatcher$1.run(AbstractJavaResourceMethodDispatcher.java:144)\n\tat org.glassfish.jersey.server.model.internal.AbstractJavaResourceMethodDispatcher.invoke(AbstractJavaResourceMethodDispatcher.java:161)\n\tat org.glassfish.jersey.server.model.internal.JavaResourceMethodDispatcherProvider$ResponseOutInvoker.doDispatch(JavaResourceMethodDispatcherProvider.java:160)\n\tat org.glassfish.jersey.server.model.internal.AbstractJavaResourceMethodDispatcher.dispatch(AbstractJavaResourceMethodDispatcher.java:99)\n\tat org.glassfish.jersey.server.model.ResourceMethodInvoker.invoke(ResourceMethodInvoker.java:389)\n\tat org.glassfish.jersey.server.model.ResourceMethodInvoker.apply(ResourceMethodInvoker.java:347)\n\tat org.glassfish.jersey.server.model.ResourceMethodInvoker.apply(ResourceMethodInvoker.java:102)\n\tat org.glassfish.jersey.server.ServerRuntime$2.run(ServerRuntime.java:326)\n\tat org.glassfish.jersey.internal.Errors$1.call(Errors.java:271)\n\tat org.glassfish.jersey.internal.Errors$1.call(Errors.java:267)\n\tat org.glassfish.jersey.internal.Errors.process(Errors.java:315)\n\tat org.glassfish.jersey.internal.Errors.process(Errors.java:297)\n\tat org.glassfish.jersey.internal.Errors.process(Errors.java:267)\n\tat org.glassfish.jersey.process.internal.RequestScope.runInScope(RequestScope.java:317)\n\tat org.glassfish.jersey.server.ServerRuntime.process(ServerRuntime.java:305)\n\tat org.glassfish.jersey.server.ApplicationHandler.handle(ApplicationHandler.java:1154)\n\tat org.glassfish.jersey.servlet.WebComponent.serviceImpl(WebComponent.java:473)\n\tat org.glassfish.jersey.servlet.WebComponent.service(WebComponent.java:427)\n\tat org.glassfish.jersey.servlet.ServletContainer.service(ServletContainer.java:388)\n\tat org.glassfish.jersey.servlet.ServletContainer.service(ServletContainer.java:341)\n\tat org.glassfish.jersey.servlet.ServletContainer.service(ServletContainer.java:228)\n\tat org.eclipse.jetty.servlet.ServletHolder.handle(ServletHolder.java:799)\n\tat org.eclipse.jetty.servlet.ServletHandler$ChainEnd.doFilter(ServletHandler.java:1631)\n\tat io.dropwizard.servlets.ThreadNameFilter.doFilter(ThreadNameFilter.java:35)\n\tat org.eclipse.jetty.servlet.FilterHolder.doFilter(FilterHolder.java:193)\n\tat org.eclipse.jetty.servlet.ServletHandler$Chain.doFilter(ServletHandler.java:1601)\n\tat io.dropwizard.jersey.filter.AllowedMethodsFilter.handle(AllowedMethodsFilter.java:45)\n\tat io.dropwizard.jersey.filter.AllowedMethodsFilter.doFilter(AllowedMethodsFilter.java:39)\n\tat org.eclipse.jetty.servlet.FilterHolder.doFilter(FilterHolder.java:193)\n\tat org.eclipse.jetty.servlet.ServletHandler$Chain.doFilter(ServletHandler.java:1601)\n\tat org.finos.legend.server.pac4j.internal.UsernameFilter.doFilter(UsernameFilter.java:51)\n\tat org.eclipse.jetty.servlet.FilterHolder.doFilter(FilterHolder.java:193)\n\tat org.eclipse.jetty.servlet.ServletHandler$Chain.doFilter(ServletHandler.java:1601)\n\tat org.pac4j.j2e.filter.SecurityFilter.lambda$internalFilter$0(SecurityFilter.java:95)\n\tat org.pac4j.core.engine.DefaultSecurityLogic.perform(DefaultSecurityLogic.java:140)\n\tat org.pac4j.j2e.filter.SecurityFilter.internalFilter(SecurityFilter.java:93)\n\tat org.pac4j.j2e.filter.AbstractConfigFilter.doFilter(AbstractConfigFilter.java:81)\n\tat org.eclipse.jetty.servlet.FilterHolder.doFilter(FilterHolder.java:193)\n\tat org.eclipse.jetty.servlet.ServletHandler$Chain.doFilter(ServletHandler.java:1601)\n\tat org.eclipse.jetty.servlet.ServletHandler.doHandle(ServletHandler.java:548)\n\tat org.eclipse.jetty.server.handler.ScopedHandler.nextHandle(ScopedHandler.java:233)\n\tat org.eclipse.jetty.server.session.SessionHandler.doHandle(SessionHandler.java:1624)\n\tat org.eclipse.jetty.server.handler.ScopedHandler.nextHandle(ScopedHandler.java:233)\n\tat org.eclipse.jetty.server.handler.ContextHandler.doHandle(ContextHandler.java:1434)\n\tat org.eclipse.jetty.server.handler.ScopedHandler.nextScope(ScopedHandler.java:188)\n\tat org.eclipse.jetty.servlet.ServletHandler.doScope(ServletHandler.java:501)\n\tat org.eclipse.jetty.server.session.SessionHandler.doScope(SessionHandler.java:1594)\n\tat org.eclipse.jetty.server.handler.ScopedHandler.nextScope(ScopedHandler.java:186)\n\tat org.eclipse.jetty.server.handler.ContextHandler.doScope(ContextHandler.java:1349)\n\tat org.eclipse.jetty.server.handler.ScopedHandler.handle(ScopedHandler.java:141)\n\tat org.eclipse.jetty.server.handler.HandlerWrapper.handle(HandlerWrapper.java:127)\n\tat com.codahale.metrics.jetty9.InstrumentedHandler.handle(InstrumentedHandler.java:313)\n\tat io.dropwizard.jetty.ContextRoutingHandler.handle(ContextRoutingHandler.java:37)\n\tat org.eclipse.jetty.server.handler.gzip.GzipHandler.handle(GzipHandler.java:713)\n\tat io.dropwizard.jetty.BiDiGzipHandler.handle(BiDiGzipHandler.java:67)\n\tat org.eclipse.jetty.server.handler.StatisticsHandler.handle(StatisticsHandler.java:179)\n\tat org.eclipse.jetty.server.handler.HandlerWrapper.handle(HandlerWrapper.java:127)\n\tat org.eclipse.jetty.server.Server.handle(Server.java:516)\n\tat org.eclipse.jetty.server.HttpChannel.lambda$handle$1(HttpChannel.java:400)\n\tat org.eclipse.jetty.server.HttpChannel.dispatch(HttpChannel.java:645)\n\tat org.eclipse.jetty.server.HttpChannel.handle(HttpChannel.java:392)\n\tat org.eclipse.jetty.server.HttpConnection.onFillable(HttpConnection.java:277)\n\tat org.eclipse.jetty.io.AbstractConnection$ReadCallback.succeeded(AbstractConnection.java:311)\n\tat org.eclipse.jetty.io.FillInterest.fillable(FillInterest.java:105)\n\tat org.eclipse.jetty.io.ChannelEndPoint$1.run(ChannelEndPoint.java:104)\n\tat org.eclipse.jetty.util.thread.strategy.EatWhatYouKill.runTask(EatWhatYouKill.java:338)\n\tat org.eclipse.jetty.util.thread.strategy.EatWhatYouKill.doProduce(EatWhatYouKill.java:315)\n\tat org.eclipse.jetty.util.thread.strategy.EatWhatYouKill.tryProduce(EatWhatYouKill.java:173)\n\tat org.eclipse.jetty.util.thread.strategy.EatWhatYouKill.run(EatWhatYouKill.java:131)\n\tat org.eclipse.jetty.util.thread.ReservedThreadExecutor$ReservedThread.run(ReservedThreadExecutor.java:409)\n\tat org.eclipse.jetty.util.thread.QueuedThreadPool.runJob(QueuedThreadPool.java:883)\n\tat org.eclipse.jetty.util.thread.QueuedThreadPool$Runner.run(QueuedThreadPool.java:1034)\n\tat java.base/java.lang.Thread.run(Thread.java:829)\nCaused by: net.snowflake.client.jdbc.SnowflakeSQLException: SQL compilation error:\nObject 'PERSONTABLE' does not exist or not authorized.\n\tat net.snowflake.client.jdbc.SnowflakeUtil.checkErrorAndThrowExceptionSub(SnowflakeUtil.java:127)\n\tat net.snowflake.client.jdbc.SnowflakeUtil.checkErrorAndThrowException(SnowflakeUtil.java:67)\n\tat net.snowflake.client.core.StmtUtil.pollForOutput(StmtUtil.java:442)\n\tat net.snowflake.client.core.StmtUtil.execute(StmtUtil.java:345)\n\tat net.snowflake.client.core.SFStatement.executeHelper(SFStatement.java:486)\n\tat net.snowflake.client.core.SFStatement.executeQueryInternal(SFStatement.java:197)\n\tat net.snowflake.client.core.SFStatement.executeQuery(SFStatement.java:134)\n\tat net.snowflake.client.core.SFStatement.execute(SFStatement.java:743)\n\tat net.snowflake.client.core.SFStatement.execute(SFStatement.java:639)\n\tat net.snowflake.client.jdbc.SnowflakeStatementV1.executeQueryInternal(SnowflakeStatementV1.java:238)\n\tat net.snowflake.client.jdbc.SnowflakeStatementV1.executeQuery(SnowflakeStatementV1.java:133)\n\tat com.zaxxer.hikari.pool.ProxyStatement.executeQuery(ProxyStatement.java:110)\n\tat com.zaxxer.hikari.pool.HikariProxyStatement.executeQuery(HikariProxyStatement.java)\n\tat org.finos.legend.engine.plan.execution.stores.relational.result.SQLExecutionResult.<init>(SQLExecutionResult.java:95)\n\t... 101 more\n"},"mode":"DEV","timeStamp":"2023-02-23 01:31:44.382","user":"_UNKNOWN_"}
{"duration":0.0,"eventType":"EXECUTION_PLAN_EXEC_ERROR","info":{"code":-1,"message":"SnowflakeSQLException: SQL compilation error:\nObject 'PERSONTABLE' does not exist or not authorized.","status":"error","trace":"java.lang.RuntimeException: net.snowflake.client.jdbc.SnowflakeSQLException: SQL compilation error:\nObject 'PERSONTABLE' does not exist or not authorized.\n\tat org.finos.legend.engine.plan.execution.stores.relational.result.SQLExecutionResult.<init>(SQLExecutionResult.java:123)\n\tat org.finos.legend.engine.plan.execution.stores.relational.RelationalExecutor.execute(RelationalExecutor.java:241)\n\tat org.finos.legend.engine.plan.execution.stores.relational.plugin.RelationalExecutionNodeExecutor.visit(RelationalExecutionNodeExecutor.java:238)\n\tat org.finos.legend.engine.plan.execution.stores.relational.plugin.RelationalExecutionNodeExecutor.visit(RelationalExecutionNodeExecutor.java:292)\n\tat org.finos.legend.engine.plan.execution.stores.relational.plugin.RelationalExecutionNodeExecutor.visit(RelationalExecutionNodeExecutor.java:92)\n\tat org.finos.legend.engine.protocol.pure.v1.model.executionPlan.nodes.RelationalClassInstantiationExecutionNode.accept(RelationalClassInstantiationExecutionNode.java:22)\n\tat org.finos.legend.engine.plan.execution.stores.relational.RelationalExecutionExtension.lambda$getExtraNodeExecutors$fbe53481$1(RelationalExecutionExtension.java:50)\n\tat org.finos.legend.engine.plan.execution.nodes.ExecutionNodeExecutor.lambda$visit$0(ExecutionNodeExecutor.java:164)\n\tat java.base/java.util.stream.ReferencePipeline$3$1.accept(ReferencePipeline.java:195)\n\tat java.base/java.util.Spliterators$ArraySpliterator.tryAdvance(Spliterators.java:958)\n\tat java.base/java.util.stream.ReferencePipeline.forEachWithCancel(ReferencePipeline.java:127)\n\tat java.base/java.util.stream.AbstractPipeline.copyIntoWithCancel(AbstractPipeline.java:502)\n\tat java.base/java.util.stream.AbstractPipeline.copyInto(AbstractPipeline.java:488)\n\tat java.base/java.util.stream.AbstractPipeline.wrapAndCopyInto(AbstractPipeline.java:474)\n\tat java.base/java.util.stream.FindOps$FindOp.evaluateSequential(FindOps.java:150)\n\tat java.base/java.util.stream.AbstractPipeline.evaluate(AbstractPipeline.java:234)\n\tat java.base/java.util.stream.ReferencePipeline.findFirst(ReferencePipeline.java:543)\n\tat org.finos.legend.engine.plan.execution.nodes.ExecutionNodeExecutor.visit(ExecutionNodeExecutor.java:164)\n\tat org.finos.legend.engine.plan.execution.nodes.ExecutionNodeExecutor.visit(ExecutionNodeExecutor.java:107)\n\tat org.finos.legend.engine.protocol.pure.v1.model.executionPlan.nodes.RelationalClassInstantiationExecutionNode.accept(RelationalClassInstantiationExecutionNode.java:22)\n\tat org.finos.legend.engine.plan.execution.PlanExecutor.execute(PlanExecutor.java:238)\n\tat org.finos.legend.engine.plan.execution.PlanExecutor.execute(PlanExecutor.java:225)\n\tat org.finos.legend.engine.plan.execution.api.ExecutePlan.doExecutePlanLegacy(ExecutePlan.java:102)\n\tat org.finos.legend.engine.plan.execution.api.ExecutePlan.doExecutePlan(ExecutePlan.java:84)\n\tat org.finos.legend.engine.plan.execution.api.ExecutePlanLegacy.executePlan(ExecutePlanLegacy.java:56)\n\tat jdk.internal.reflect.GeneratedMethodAccessor100.invoke(Unknown Source)\n\tat java.base/jdk.internal.reflect.DelegatingMethodAccessorImpl.invoke(DelegatingMethodAccessorImpl.java:43)\n\tat java.base/java.lang.reflect.Method.invoke(Method.java:566)\n\tat org.glassfish.jersey.server.model.internal.ResourceMethodInvocationHandlerFactory$1.invoke(ResourceMethodInvocationHandlerFactory.java:81)\n\tat org.glassfish.jersey.server.model.internal.AbstractJavaResourceMethodDispatcher$1.run(AbstractJavaResourceMethodDispatcher.java:144)\n\tat org.glassfish.jersey.server.model.internal.AbstractJavaResourceMethodDispatcher.invoke(AbstractJavaResourceMethodDispatcher.java:161)\n\tat org.glassfish.jersey.server.model.internal.JavaResourceMethodDispatcherProvider$ResponseOutInvoker.doDispatch(JavaResourceMethodDispatcherProvider.java:160)\n\tat org.glassfish.jersey.server.model.internal.AbstractJavaResourceMethodDispatcher.dispatch(AbstractJavaResourceMethodDispatcher.java:99)\n\tat org.glassfish.jersey.server.model.ResourceMethodInvoker.invoke(ResourceMethodInvoker.java:389)\n\tat org.glassfish.jersey.server.model.ResourceMethodInvoker.apply(ResourceMethodInvoker.java:347)\n\tat org.glassfish.jersey.server.model.ResourceMethodInvoker.apply(ResourceMethodInvoker.java:102)\n\tat org.glassfish.jersey.server.ServerRuntime$2.run(ServerRuntime.java:326)\n\tat org.glassfish.jersey.internal.Errors$1.call(Errors.java:271)\n\tat org.glassfish.jersey.internal.Errors$1.call(Errors.java:267)\n\tat org.glassfish.jersey.internal.Errors.process(Errors.java:315)\n\tat org.glassfish.jersey.internal.Errors.process(Errors.java:297)\n\tat org.glassfish.jersey.internal.Errors.process(Errors.java:267)\n\tat org.glassfish.jersey.process.internal.RequestScope.runInScope(RequestScope.java:317)\n\tat org.glassfish.jersey.server.ServerRuntime.process(ServerRuntime.java:305)\n\tat org.glassfish.jersey.server.ApplicationHandler.handle(ApplicationHandler.java:1154)\n\tat org.glassfish.jersey.servlet.WebComponent.serviceImpl(WebComponent.java:473)\n\tat org.glassfish.jersey.servlet.WebComponent.service(WebComponent.java:427)\n\tat org.glassfish.jersey.servlet.ServletContainer.service(ServletContainer.java:388)\n\tat org.glassfish.jersey.servlet.ServletContainer.service(ServletContainer.java:341)\n\tat org.glassfish.jersey.servlet.ServletContainer.service(ServletContainer.java:228)\n\tat org.eclipse.jetty.servlet.ServletHolder.handle(ServletHolder.java:799)\n\tat org.eclipse.jetty.servlet.ServletHandler$ChainEnd.doFilter(ServletHandler.java:1631)\n\tat io.dropwizard.servlets.ThreadNameFilter.doFilter(ThreadNameFilter.java:35)\n\tat org.eclipse.jetty.servlet.FilterHolder.doFilter(FilterHolder.java:193)\n\tat org.eclipse.jetty.servlet.ServletHandler$Chain.doFilter(ServletHandler.java:1601)\n\tat io.dropwizard.jersey.filter.AllowedMethodsFilter.handle(AllowedMethodsFilter.java:45)\n\tat io.dropwizard.jersey.filter.AllowedMethodsFilter.doFilter(AllowedMethodsFilter.java:39)\n\tat org.eclipse.jetty.servlet.FilterHolder.doFilter(FilterHolder.java:193)\n\tat org.eclipse.jetty.servlet.ServletHandler$Chain.doFilter(ServletHandler.java:1601)\n\tat org.finos.legend.server.pac4j.internal.UsernameFilter.doFilter(UsernameFilter.java:51)\n\tat org.eclipse.jetty.servlet.FilterHolder.doFilter(FilterHolder.java:193)\n\tat org.eclipse.jetty.servlet.ServletHandler$Chain.doFilter(ServletHandler.java:1601)\n\tat org.pac4j.j2e.filter.SecurityFilter.lambda$internalFilter$0(SecurityFilter.java:95)\n\tat org.pac4j.core.engine.DefaultSecurityLogic.perform(DefaultSecurityLogic.java:140)\n\tat org.pac4j.j2e.filter.SecurityFilter.internalFilter(SecurityFilter.java:93)\n\tat org.pac4j.j2e.filter.AbstractConfigFilter.doFilter(AbstractConfigFilter.java:81)\n\tat org.eclipse.jetty.servlet.FilterHolder.doFilter(FilterHolder.java:193)\n\tat org.eclipse.jetty.servlet.ServletHandler$Chain.doFilter(ServletHandler.java:1601)\n\tat org.eclipse.jetty.servlet.ServletHandler.doHandle(ServletHandler.java:548)\n\tat org.eclipse.jetty.server.handler.ScopedHandler.nextHandle(ScopedHandler.java:233)\n\tat org.eclipse.jetty.server.session.SessionHandler.doHandle(SessionHandler.java:1624)\n\tat org.eclipse.jetty.server.handler.ScopedHandler.nextHandle(ScopedHandler.java:233)\n\tat org.eclipse.jetty.server.handler.ContextHandler.doHandle(ContextHandler.java:1434)\n\tat org.eclipse.jetty.server.handler.ScopedHandler.nextScope(ScopedHandler.java:188)\n\tat org.eclipse.jetty.servlet.ServletHandler.doScope(ServletHandler.java:501)\n\tat org.eclipse.jetty.server.session.SessionHandler.doScope(SessionHandler.java:1594)\n\tat org.eclipse.jetty.server.handler.ScopedHandler.nextScope(ScopedHandler.java:186)\n\tat org.eclipse.jetty.server.handler.ContextHandler.doScope(ContextHandler.java:1349)\n\tat org.eclipse.jetty.server.handler.ScopedHandler.handle(ScopedHandler.java:141)\n\tat org.eclipse.jetty.server.handler.HandlerWrapper.handle(HandlerWrapper.java:127)\n\tat com.codahale.metrics.jetty9.InstrumentedHandler.handle(InstrumentedHandler.java:313)\n\tat io.dropwizard.jetty.ContextRoutingHandler.handle(ContextRoutingHandler.java:37)\n\tat org.eclipse.jetty.server.handler.gzip.GzipHandler.handle(GzipHandler.java:713)\n\tat io.dropwizard.jetty.BiDiGzipHandler.handle(BiDiGzipHandler.java:67)\n\tat org.eclipse.jetty.server.handler.StatisticsHandler.handle(StatisticsHandler.java:179)\n\tat org.eclipse.jetty.server.handler.HandlerWrapper.handle(HandlerWrapper.java:127)\n\tat org.eclipse.jetty.server.Server.handle(Server.java:516)\n\tat org.eclipse.jetty.server.HttpChannel.lambda$handle$1(HttpChannel.java:400)\n\tat org.eclipse.jetty.server.HttpChannel.dispatch(HttpChannel.java:645)\n\tat org.eclipse.jetty.server.HttpChannel.handle(HttpChannel.java:392)\n\tat org.eclipse.jetty.server.HttpConnection.onFillable(HttpConnection.java:277)\n\tat org.eclipse.jetty.io.AbstractConnection$ReadCallback.succeeded(AbstractConnection.java:311)\n\tat org.eclipse.jetty.io.FillInterest.fillable(FillInterest.java:105)\n\tat org.eclipse.jetty.io.ChannelEndPoint$1.run(ChannelEndPoint.java:104)\n\tat org.eclipse.jetty.util.thread.strategy.EatWhatYouKill.runTask(EatWhatYouKill.java:338)\n\tat org.eclipse.jetty.util.thread.strategy.EatWhatYouKill.doProduce(EatWhatYouKill.java:315)\n\tat org.eclipse.jetty.util.thread.strategy.EatWhatYouKill.tryProduce(EatWhatYouKill.java:173)\n\tat org.eclipse.jetty.util.thread.strategy.EatWhatYouKill.run(EatWhatYouKill.java:131)\n\tat org.eclipse.jetty.util.thread.ReservedThreadExecutor$ReservedThread.run(ReservedThreadExecutor.java:409)\n\tat org.eclipse.jetty.util.thread.QueuedThreadPool.runJob(QueuedThreadPool.java:883)\n\tat org.eclipse.jetty.util.thread.QueuedThreadPool$Runner.run(QueuedThreadPool.java:1034)\n\tat java.base/java.lang.Thread.run(Thread.java:829)\nCaused by: net.snowflake.client.jdbc.SnowflakeSQLException: SQL compilation error:\nObject 'PERSONTABLE' does not exist or not authorized.\n\tat net.snowflake.client.jdbc.SnowflakeUtil.checkErrorAndThrowExceptionSub(SnowflakeUtil.java:127)\n\tat net.snowflake.client.jdbc.SnowflakeUtil.checkErrorAndThrowException(SnowflakeUtil.java:67)\n\tat net.snowflake.client.core.StmtUtil.pollForOutput(StmtUtil.java:442)\n\tat net.snowflake.client.core.StmtUtil.execute(StmtUtil.java:345)\n\tat net.snowflake.client.core.SFStatement.executeHelper(SFStatement.java:486)\n\tat net.snowflake.client.core.SFStatement.executeQueryInternal(SFStatement.java:197)\n\tat net.snowflake.client.core.SFStatement.executeQuery(SFStatement.java:134)\n\tat net.snowflake.client.core.SFStatement.execute(SFStatement.java:743)\n\tat net.snowflake.client.core.SFStatement.execute(SFStatement.java:639)\n\tat net.snowflake.client.jdbc.SnowflakeStatementV1.executeQueryInternal(SnowflakeStatementV1.java:238)\n\tat net.snowflake.client.jdbc.SnowflakeStatementV1.executeQuery(SnowflakeStatementV1.java:133)\n\tat com.zaxxer.hikari.pool.ProxyStatement.executeQuery(ProxyStatement.java:110)\n\tat com.zaxxer.hikari.pool.HikariProxyStatement.executeQuery(HikariProxyStatement.java)\n\tat org.finos.legend.engine.plan.execution.stores.relational.result.SQLExecutionResult.<init>(SQLExecutionResult.java:95)\n\t... 101 more\n"},"mode":"DEV","timeStamp":"2023-02-23 01:31:46.084","user":"_UNKNOWN_"}
| **selectSubClauses::filters::testSelectNotEqual** | failing :x: |
]]></system-out>
  </testcase>
  <testcase name="simpleGroupByCount[Snowflake]" classname="org.finos.legend.engine.server.test.shared.Relational_DbSpecific_UsingPureClientTestSuite$2" time="0.733">
    <error message="Assert failure at (resource:/platform/pure/basics/tests/assertEq.pure line:34 column:5), &quot;500 &apos;{&quot;code&quot;:-1,&quot;message&quot;:&quot;SnowflakeSQLException: SQL compilation error:&#10;Object &apos;TRADETABLE&apos; does not exist or not authorized.&quot;,&quot;status&quot;:&quot;error&quot;,&quot;trace&quot;:&quot;java.lang.RuntimeException: net.snowflake.client.jdbc.SnowflakeSQLException: SQL compilation error:&#10;Object &apos;TRADETABLE&apos; does not exist or not authorized.&#10;at org.finos.legend.engine.plan.execution.stores.relational.result.SQLExecutionResult.&lt;init&gt;(SQLExecutionResult.java:123)&#10;at org.finos.legend.engine.plan.execution.stores.relational.RelationalExecutor.execute(RelationalExecutor.java:241)&#10;at org.finos.legend.engine.plan.execution.stores.relational.plugin.RelationalExecutionNodeExecutor.visit(RelationalExecutionNodeExecutor.java:238)&#10;at org.finos.legend.engine.plan.execution.stores.relational.plugin.RelationalExecutionNodeExecutor.visit(RelationalExecutionNodeExecutor.java:252)&#10;at org.finos.legend.engine.plan.execution.stores.relational.plugin.RelationalExecutionNodeExecutor.visit(RelationalExecutionNodeExecutor.java:92)&#10;at org.finos.legend.engine.protocol.pure.v1.model.executionPlan.nodes.RelationalTdsInstantiationExecutionNode.accept(RelationalTdsInstantiationExecutionNode.java:22)&#10;at org.finos.legend.engine.plan.execution.stores.relational.RelationalExecutionExtension.lambda$getExtraNodeExecutors$fbe53481$1(RelationalExecutionExtension.java:50)&#10;at org.finos.legend.engine.plan.execution.nodes.ExecutionNodeExecutor.lambda$visit$0(ExecutionNodeExecutor.java:164)&#10;at java.base/java.util.stream.ReferencePipeline$3$1.accept(ReferencePipeline.java:195)&#10;at java.base/java.util.Spliterators$ArraySpliterator.tryAdvance(Spliterators.java:958)&#10;at java.base/java.util.stream.ReferencePipeline.forEachWithCancel(ReferencePipeline.java:127)&#10;at java.base/java.util.stream.AbstractPipeline.copyIntoWithCancel(AbstractPipeline.java:502)&#10;at java.base/java.util.stream.AbstractPipeline.copyInto(AbstractPipeline.java:488)&#10;at java.base/java.util.stream.AbstractPipeline.wrapAndCopyInto(AbstractPipeline.java:474)&#10;at java.base/java.util.stream.FindOps$FindOp.evaluateSequential(FindOps.java:150)&#10;at java.base/java.util.stream.AbstractPipeline.evaluate(AbstractPipeline.java:234)&#10;at java.base/java.util.stream.ReferencePipeline.findFirst(ReferencePipeline.java:543)&#10;at org.finos.legend.engine.plan.execution.nodes.ExecutionNodeExecutor.visit(ExecutionNodeExecutor.java:164)&#10;at org.finos.legend.engine.plan.execution.nodes.ExecutionNodeExecutor.visit(ExecutionNodeExecutor.java:107)&#10;at org.finos.legend.engine.protocol.pure.v1.model.executionPlan.nodes.RelationalTdsInstantiationExecutionNode.accept(RelationalTdsInstantiationExecutionNode.java:22)&#10;at org.finos.legend.engine.plan.execution.PlanExecutor.execute(PlanExecutor.java:238)&#10;at org.finos.legend.engine.plan.execution.PlanExecutor.execute(PlanExecutor.java:225)&#10;at org.finos.legend.engine.plan.execution.api.ExecutePlan.doExecutePlanLegacy(ExecutePlan.java:102)&#10;at org.finos.legend.engine.plan.execution.api.ExecutePlan.doExecutePlan(ExecutePlan.java:84)&#10;at org.finos.legend.engine.plan.execution.api.ExecutePlanLegacy.executePlan(ExecutePlanLegacy.java:56)&#10;at jdk.internal.reflect.GeneratedMethodAccessor100.invoke(Unknown Source)&#10;at java.base/jdk.internal.reflect.DelegatingMethodAccessorImpl.invoke(DelegatingMethodAccessorImpl.java:43)&#10;at java.base/java.lang.reflect.Method.invoke(Method.java:566)&#10;at org.glassfish.jersey.server.model.internal.ResourceMethodInvocationHandlerFactory$1.invoke(ResourceMethodInvocationHandlerFactory.java:81)&#10;at org.glassfish.jersey.server.model.internal.AbstractJavaResourceMethodDispatcher$1.run(AbstractJavaResourceMethodDispatcher.java:144)&#10;at org.glassfish.jersey.server.model.internal.AbstractJavaResourceMethodDispatcher.invoke(AbstractJavaResourceMethodDispatcher.java:161)&#10;at org.glassfish.jersey.server.model.internal.JavaResourceMethodDispatcherProvider$ResponseOutInvoker.doDispatch(JavaResourceMethodDispatcherProvider.java:160)&#10;at org.glassfish.jersey.server.model.internal.AbstractJavaResourceMethodDispatcher.dispatch(AbstractJavaResourceMethodDispatcher.java:99)&#10;at org.glassfish.jersey.server.model.ResourceMethodInvoker.invoke(ResourceMethodInvoker.java:389)&#10;at org.glassfish.jersey.server.model.ResourceMethodInvoker.apply(ResourceMethodInvoker.java:347)&#10;at org.glassfish.jersey.server.model.ResourceMethodInvoker.apply(ResourceMethodInvoker.java:102)&#10;at org.glassfish.jersey.server.ServerRuntime$2.run(ServerRuntime.java:326)&#10;at org.glassfish.jersey.internal.Errors$1.call(Errors.java:271)&#10;at org.glassfish.jersey.internal.Errors$1.call(Errors.java:267)&#10;at org.glassfish.jersey.internal.Errors.process(Errors.java:315)&#10;at org.glassfish.jersey.internal.Errors.process(Errors.java:297)&#10;at org.glassfish.jersey.internal.Errors.process(Errors.java:267)&#10;at org.glassfish.jersey.process.internal.RequestScope.runInScope(RequestScope.java:317)&#10;at org.glassfish.jersey.server.ServerRuntime.process(ServerRuntime.java:305)&#10;at org.glassfish.jersey.server.ApplicationHandler.handle(ApplicationHandler.java:1154)&#10;at org.glassfish.jersey.servlet.WebComponent.serviceImpl(WebComponent.java:473)&#10;at org.glassfish.jersey.servlet.WebComponent.service(WebComponent.java:427)&#10;at org.glassfish.jersey.servlet.ServletContainer.service(ServletContainer.java:388)&#10;at org.glassfish.jersey.servlet.ServletContainer.service(ServletContainer.java:341)&#10;at org.glassfish.jersey.servlet.ServletContainer.service(ServletContainer.java:228)&#10;at org.eclipse.jetty.servlet.ServletHolder.handle(ServletHolder.java:799)&#10;at org.eclipse.jetty.servlet.ServletHandler$ChainEnd.doFilter(ServletHandler.java:1631)&#10;at io.dropwizard.servlets.ThreadNameFilter.doFilter(ThreadNameFilter.java:35)&#10;at org.eclipse.jetty.servlet.FilterHolder.doFilter(FilterHolder.java:193)&#10;at org.eclipse.jetty.servlet.ServletHandler$Chain.doFilter(ServletHandler.java:1601)&#10;at io.dropwizard.jersey.filter.AllowedMethodsFilter.handle(AllowedMethodsFilter.java:45)&#10;at io.dropwizard.jersey.filter.AllowedMethodsFilter.doFilter(AllowedMethodsFilter.java:39)&#10;at org.eclipse.jetty.servlet.FilterHolder.doFilter(FilterHolder.java:193)&#10;at org.eclipse.jetty.servlet.ServletHandler$Chain.doFilter(ServletHandler.java:1601)&#10;at org.finos.legend.server.pac4j.internal.UsernameFilter.doFilter(UsernameFilter.java:51)&#10;at org.eclipse.jetty.servlet.FilterHolder.doFilter(FilterHolder.java:193)&#10;at org.eclipse.jetty.servlet.ServletHandler$Chain.doFilter(ServletHandler.java:1601)&#10;at org.pac4j.j2e.filter.SecurityFilter.lambda$internalFilter$0(SecurityFilter.java:95)&#10;at org.pac4j.core.engine.DefaultSecurityLogic.perform(DefaultSecurityLogic.java:140)&#10;at org.pac4j.j2e.filter.SecurityFilter.internalFilter(SecurityFilter.java:93)&#10;at org.pac4j.j2e.filter.AbstractConfigFilter.doFilter(AbstractConfigFilter.java:81)&#10;at org.eclipse.jetty.servlet.FilterHolder.doFilter(FilterHolder.java:193)&#10;at org.eclipse.jetty.servlet.ServletHandler$Chain.doFilter(ServletHandler.java:1601)&#10;at org.eclipse.jetty.servlet.ServletHandler.doHandle(ServletHandler.java:548)&#10;at org.eclipse.jetty.server.handler.ScopedHandler.nextHandle(ScopedHandler.java:233)&#10;at org.eclipse.jetty.server.session.SessionHandler.doHandle(SessionHandler.java:1624)&#10;at org.eclipse.jetty.server.handler.ScopedHandler.nextHandle(ScopedHandler.java:233)&#10;at org.eclipse.jetty.server.handler.ContextHandler.doHandle(ContextHandler.java:1434)&#10;at org.eclipse.jetty.server.handler.ScopedHandler.nextScope(ScopedHandler.java:188)&#10;at org.eclipse.jetty.servlet.ServletHandler.doScope(ServletHandler.java:501)&#10;at org.eclipse.jetty.server.session.SessionHandler.doScope(SessionHandler.java:1594)&#10;at org.eclipse.jetty.server.handler.ScopedHandler.nextScope(ScopedHandler.java:186)&#10;at org.eclipse.jetty.server.handler.ContextHandler.doScope(ContextHandler.java:1349)&#10;at org.eclipse.jetty.server.handler.ScopedHandler.handle(ScopedHandler.java:141)&#10;at org.eclipse.jetty.server.handler.HandlerWrapper.handle(HandlerWrapper.java:127)&#10;at com.codahale.metrics.jetty9.InstrumentedHandler.handle(InstrumentedHandler.java:313)&#10;at io.dropwizard.jetty.ContextRoutingHandler.handle(ContextRoutingHandler.java:37)&#10;at org.eclipse.jetty.server.handler.gzip.GzipHandler.handle(GzipHandler.java:713)&#10;at io.dropwizard.jetty.BiDiGzipHandler.handle(BiDiGzipHandler.java:67)&#10;at org.eclipse.jetty.server.handler.StatisticsHandler.handle(StatisticsHandler.java:179)&#10;at org.eclipse.jetty.server.handler.HandlerWrapper.handle(HandlerWrapper.java:127)&#10;at org.eclipse.jetty.server.Server.handle(Server.java:516)&#10;at org.eclipse.jetty.server.HttpChannel.lambda$handle$1(HttpChannel.java:400)&#10;at org.eclipse.jetty.server.HttpChannel.dispatch(HttpChannel.java:645)&#10;at org.eclipse.jetty.server.HttpChannel.handle(HttpChannel.java:392)&#10;at org.eclipse.jetty.server.HttpConnection.onFillable(HttpConnection.java:277)&#10;at org.eclipse.jetty.io.AbstractConnection$ReadCallback.succeeded(AbstractConnection.java:311)&#10;at org.eclipse.jetty.io.FillInterest.fillable(FillInterest.java:105)&#10;at org.eclipse.jetty.io.ChannelEndPoint$1.run(ChannelEndPoint.java:104)&#10;at org.eclipse.jetty.util.thread.strategy.EatWhatYouKill.runTask(EatWhatYouKill.java:338)&#10;at org.eclipse.jetty.util.thread.strategy.EatWhatYouKill.doProduce(EatWhatYouKill.java:315)&#10;at org.eclipse.jetty.util.thread.strategy.EatWhatYouKill.tryProduce(EatWhatYouKill.java:173)&#10;at org.eclipse.jetty.util.thread.strategy.EatWhatYouKill.run(EatWhatYouKill.java:131)&#10;at org.eclipse.jetty.util.thread.ReservedThreadExecutor$ReservedThread.run(ReservedThreadExecutor.java:409)&#10;at org.eclipse.jetty.util.thread.QueuedThreadPool.runJob(QueuedThreadPool.java:883)&#10;at org.eclipse.jetty.util.thread.QueuedThreadPool$Runner.run(QueuedThreadPool.java:1034)&#10;at java.base/java.lang.Thread.run(Thread.java:829)&#10;Caused by: net.snowflake.client.jdbc.SnowflakeSQLException: SQL compilation error:&#10;Object &apos;TRADETABLE&apos; does not exist or not authorized.&#10;at net.snowflake.client.jdbc.SnowflakeUtil.checkErrorAndThrowExceptionSub(SnowflakeUtil.java:127)&#10;at net.snowflake.client.jdbc.SnowflakeUtil.checkErrorAndThrowException(SnowflakeUtil.java:67)&#10;at net.snowflake.client.core.StmtUtil.pollForOutput(StmtUtil.java:442)&#10;at net.snowflake.client.core.StmtUtil.execute(StmtUtil.java:345)&#10;at net.snowflake.client.core.SFStatement.executeHelper(SFStatement.java:486)&#10;at net.snowflake.client.core.SFStatement.executeQueryInternal(SFStatement.java:197)&#10;at net.snowflake.client.core.SFStatement.executeQuery(SFStatement.java:134)&#10;at net.snowflake.client.core.SFStatement.execute(SFStatement.java:743)&#10;at net.snowflake.client.core.SFStatement.execute(SFStatement.java:639)&#10;at net.snowflake.client.jdbc.SnowflakeStatementV1.executeQueryInternal(SnowflakeStatementV1.java:238)&#10;at net.snowflake.client.jdbc.SnowflakeStatementV1.executeQuery(SnowflakeStatementV1.java:133)&#10;at com.zaxxer.hikari.pool.ProxyStatement.executeQuery(ProxyStatement.java:110)&#10;at com.zaxxer.hikari.pool.HikariProxyStatement.executeQuery(HikariProxyStatement.java)&#10;at org.finos.legend.engine.plan.execution.stores.relational.result.SQLExecutionResult.&lt;init&gt;(SQLExecutionResult.java:95)&#10;... 101 more&#10;&quot;}&apos;&quot;" type="Assert failure at (resource"><![CDATA[Assert failure at (resource:/platform/pure/basics/tests/assertEq.pure line:34 column:5), "500 '{"code":-1,"message":"SnowflakeSQLException: SQL compilation error:
Object 'TRADETABLE' does not exist or not authorized.","status":"error","trace":"java.lang.RuntimeException: net.snowflake.client.jdbc.SnowflakeSQLException: SQL compilation error:
Object 'TRADETABLE' does not exist or not authorized.
at org.finos.legend.engine.plan.execution.stores.relational.result.SQLExecutionResult.<init>(SQLExecutionResult.java:123)
at org.finos.legend.engine.plan.execution.stores.relational.RelationalExecutor.execute(RelationalExecutor.java:241)
at org.finos.legend.engine.plan.execution.stores.relational.plugin.RelationalExecutionNodeExecutor.visit(RelationalExecutionNodeExecutor.java:238)
at org.finos.legend.engine.plan.execution.stores.relational.plugin.RelationalExecutionNodeExecutor.visit(RelationalExecutionNodeExecutor.java:252)
at org.finos.legend.engine.plan.execution.stores.relational.plugin.RelationalExecutionNodeExecutor.visit(RelationalExecutionNodeExecutor.java:92)
at org.finos.legend.engine.protocol.pure.v1.model.executionPlan.nodes.RelationalTdsInstantiationExecutionNode.accept(RelationalTdsInstantiationExecutionNode.java:22)
at org.finos.legend.engine.plan.execution.stores.relational.RelationalExecutionExtension.lambda$getExtraNodeExecutors$fbe53481$1(RelationalExecutionExtension.java:50)
at org.finos.legend.engine.plan.execution.nodes.ExecutionNodeExecutor.lambda$visit$0(ExecutionNodeExecutor.java:164)
at java.base/java.util.stream.ReferencePipeline$3$1.accept(ReferencePipeline.java:195)
at java.base/java.util.Spliterators$ArraySpliterator.tryAdvance(Spliterators.java:958)
at java.base/java.util.stream.ReferencePipeline.forEachWithCancel(ReferencePipeline.java:127)
at java.base/java.util.stream.AbstractPipeline.copyIntoWithCancel(AbstractPipeline.java:502)
at java.base/java.util.stream.AbstractPipeline.copyInto(AbstractPipeline.java:488)
at java.base/java.util.stream.AbstractPipeline.wrapAndCopyInto(AbstractPipeline.java:474)
at java.base/java.util.stream.FindOps$FindOp.evaluateSequential(FindOps.java:150)
at java.base/java.util.stream.AbstractPipeline.evaluate(AbstractPipeline.java:234)
at java.base/java.util.stream.ReferencePipeline.findFirst(ReferencePipeline.java:543)
at org.finos.legend.engine.plan.execution.nodes.ExecutionNodeExecutor.visit(ExecutionNodeExecutor.java:164)
at org.finos.legend.engine.plan.execution.nodes.ExecutionNodeExecutor.visit(ExecutionNodeExecutor.java:107)
at org.finos.legend.engine.protocol.pure.v1.model.executionPlan.nodes.RelationalTdsInstantiationExecutionNode.accept(RelationalTdsInstantiationExecutionNode.java:22)
at org.finos.legend.engine.plan.execution.PlanExecutor.execute(PlanExecutor.java:238)
at org.finos.legend.engine.plan.execution.PlanExecutor.execute(PlanExecutor.java:225)
at org.finos.legend.engine.plan.execution.api.ExecutePlan.doExecutePlanLegacy(ExecutePlan.java:102)
at org.finos.legend.engine.plan.execution.api.ExecutePlan.doExecutePlan(ExecutePlan.java:84)
at org.finos.legend.engine.plan.execution.api.ExecutePlanLegacy.executePlan(ExecutePlanLegacy.java:56)
at jdk.internal.reflect.GeneratedMethodAccessor100.invoke(Unknown Source)
at java.base/jdk.internal.reflect.DelegatingMethodAccessorImpl.invoke(DelegatingMethodAccessorImpl.java:43)
at java.base/java.lang.reflect.Method.invoke(Method.java:566)
at org.glassfish.jersey.server.model.internal.ResourceMethodInvocationHandlerFactory$1.invoke(ResourceMethodInvocationHandlerFactory.java:81)
at org.glassfish.jersey.server.model.internal.AbstractJavaResourceMethodDispatcher$1.run(AbstractJavaResourceMethodDispatcher.java:144)
at org.glassfish.jersey.server.model.internal.AbstractJavaResourceMethodDispatcher.invoke(AbstractJavaResourceMethodDispatcher.java:161)
at org.glassfish.jersey.server.model.internal.JavaResourceMethodDispatcherProvider$ResponseOutInvoker.doDispatch(JavaResourceMethodDispatcherProvider.java:160)
at org.glassfish.jersey.server.model.internal.AbstractJavaResourceMethodDispatcher.dispatch(AbstractJavaResourceMethodDispatcher.java:99)
at org.glassfish.jersey.server.model.ResourceMethodInvoker.invoke(ResourceMethodInvoker.java:389)
at org.glassfish.jersey.server.model.ResourceMethodInvoker.apply(ResourceMethodInvoker.java:347)
at org.glassfish.jersey.server.model.ResourceMethodInvoker.apply(ResourceMethodInvoker.java:102)
at org.glassfish.jersey.server.ServerRuntime$2.run(ServerRuntime.java:326)
at org.glassfish.jersey.internal.Errors$1.call(Errors.java:271)
at org.glassfish.jersey.internal.Errors$1.call(Errors.java:267)
at org.glassfish.jersey.internal.Errors.process(Errors.java:315)
at org.glassfish.jersey.internal.Errors.process(Errors.java:297)
at org.glassfish.jersey.internal.Errors.process(Errors.java:267)
at org.glassfish.jersey.process.internal.RequestScope.runInScope(RequestScope.java:317)
at org.glassfish.jersey.server.ServerRuntime.process(ServerRuntime.java:305)
at org.glassfish.jersey.server.ApplicationHandler.handle(ApplicationHandler.java:1154)
at org.glassfish.jersey.servlet.WebComponent.serviceImpl(WebComponent.java:473)
at org.glassfish.jersey.servlet.WebComponent.service(WebComponent.java:427)
at org.glassfish.jersey.servlet.ServletContainer.service(ServletContainer.java:388)
at org.glassfish.jersey.servlet.ServletContainer.service(ServletContainer.java:341)
at org.glassfish.jersey.servlet.ServletContainer.service(ServletContainer.java:228)
at org.eclipse.jetty.servlet.ServletHolder.handle(ServletHolder.java:799)
at org.eclipse.jetty.servlet.ServletHandler$ChainEnd.doFilter(ServletHandler.java:1631)
at io.dropwizard.servlets.ThreadNameFilter.doFilter(ThreadNameFilter.java:35)
at org.eclipse.jetty.servlet.FilterHolder.doFilter(FilterHolder.java:193)
at org.eclipse.jetty.servlet.ServletHandler$Chain.doFilter(ServletHandler.java:1601)
at io.dropwizard.jersey.filter.AllowedMethodsFilter.handle(AllowedMethodsFilter.java:45)
at io.dropwizard.jersey.filter.AllowedMethodsFilter.doFilter(AllowedMethodsFilter.java:39)
at org.eclipse.jetty.servlet.FilterHolder.doFilter(FilterHolder.java:193)
at org.eclipse.jetty.servlet.ServletHandler$Chain.doFilter(ServletHandler.java:1601)
at org.finos.legend.server.pac4j.internal.UsernameFilter.doFilter(UsernameFilter.java:51)
at org.eclipse.jetty.servlet.FilterHolder.doFilter(FilterHolder.java:193)
at org.eclipse.jetty.servlet.ServletHandler$Chain.doFilter(ServletHandler.java:1601)
at org.pac4j.j2e.filter.SecurityFilter.lambda$internalFilter$0(SecurityFilter.java:95)
at org.pac4j.core.engine.DefaultSecurityLogic.perform(DefaultSecurityLogic.java:140)
at org.pac4j.j2e.filter.SecurityFilter.internalFilter(SecurityFilter.java:93)
at org.pac4j.j2e.filter.AbstractConfigFilter.doFilter(AbstractConfigFilter.java:81)
at org.eclipse.jetty.servlet.FilterHolder.doFilter(FilterHolder.java:193)
at org.eclipse.jetty.servlet.ServletHandler$Chain.doFilter(ServletHandler.java:1601)
at org.eclipse.jetty.servlet.ServletHandler.doHandle(ServletHandler.java:548)
at org.eclipse.jetty.server.handler.ScopedHandler.nextHandle(ScopedHandler.java:233)
at org.eclipse.jetty.server.session.SessionHandler.doHandle(SessionHandler.java:1624)
at org.eclipse.jetty.server.handler.ScopedHandler.nextHandle(ScopedHandler.java:233)
at org.eclipse.jetty.server.handler.ContextHandler.doHandle(ContextHandler.java:1434)
at org.eclipse.jetty.server.handler.ScopedHandler.nextScope(ScopedHandler.java:188)
at org.eclipse.jetty.servlet.ServletHandler.doScope(ServletHandler.java:501)
at org.eclipse.jetty.server.session.SessionHandler.doScope(SessionHandler.java:1594)
at org.eclipse.jetty.server.handler.ScopedHandler.nextScope(ScopedHandler.java:186)
at org.eclipse.jetty.server.handler.ContextHandler.doScope(ContextHandler.java:1349)
at org.eclipse.jetty.server.handler.ScopedHandler.handle(ScopedHandler.java:141)
at org.eclipse.jetty.server.handler.HandlerWrapper.handle(HandlerWrapper.java:127)
at com.codahale.metrics.jetty9.InstrumentedHandler.handle(InstrumentedHandler.java:313)
at io.dropwizard.jetty.ContextRoutingHandler.handle(ContextRoutingHandler.java:37)
at org.eclipse.jetty.server.handler.gzip.GzipHandler.handle(GzipHandler.java:713)
at io.dropwizard.jetty.BiDiGzipHandler.handle(BiDiGzipHandler.java:67)
at org.eclipse.jetty.server.handler.StatisticsHandler.handle(StatisticsHandler.java:179)
at org.eclipse.jetty.server.handler.HandlerWrapper.handle(HandlerWrapper.java:127)
at org.eclipse.jetty.server.Server.handle(Server.java:516)
at org.eclipse.jetty.server.HttpChannel.lambda$handle$1(HttpChannel.java:400)
at org.eclipse.jetty.server.HttpChannel.dispatch(HttpChannel.java:645)
at org.eclipse.jetty.server.HttpChannel.handle(HttpChannel.java:392)
at org.eclipse.jetty.server.HttpConnection.onFillable(HttpConnection.java:277)
at org.eclipse.jetty.io.AbstractConnection$ReadCallback.succeeded(AbstractConnection.java:311)
at org.eclipse.jetty.io.FillInterest.fillable(FillInterest.java:105)
at org.eclipse.jetty.io.ChannelEndPoint$1.run(ChannelEndPoint.java:104)
at org.eclipse.jetty.util.thread.strategy.EatWhatYouKill.runTask(EatWhatYouKill.java:338)
at org.eclipse.jetty.util.thread.strategy.EatWhatYouKill.doProduce(EatWhatYouKill.java:315)
at org.eclipse.jetty.util.thread.strategy.EatWhatYouKill.tryProduce(EatWhatYouKill.java:173)
at org.eclipse.jetty.util.thread.strategy.EatWhatYouKill.run(EatWhatYouKill.java:131)
at org.eclipse.jetty.util.thread.ReservedThreadExecutor$ReservedThread.run(ReservedThreadExecutor.java:409)
at org.eclipse.jetty.util.thread.QueuedThreadPool.runJob(QueuedThreadPool.java:883)
at org.eclipse.jetty.util.thread.QueuedThreadPool$Runner.run(QueuedThreadPool.java:1034)
at java.base/java.lang.Thread.run(Thread.java:829)
Caused by: net.snowflake.client.jdbc.SnowflakeSQLException: SQL compilation error:
Object 'TRADETABLE' does not exist or not authorized.
at net.snowflake.client.jdbc.SnowflakeUtil.checkErrorAndThrowExceptionSub(SnowflakeUtil.java:127)
at net.snowflake.client.jdbc.SnowflakeUtil.checkErrorAndThrowException(SnowflakeUtil.java:67)
at net.snowflake.client.core.StmtUtil.pollForOutput(StmtUtil.java:442)
at net.snowflake.client.core.StmtUtil.execute(StmtUtil.java:345)
at net.snowflake.client.core.SFStatement.executeHelper(SFStatement.java:486)
at net.snowflake.client.core.SFStatement.executeQueryInternal(SFStatement.java:197)
at net.snowflake.client.core.SFStatement.executeQuery(SFStatement.java:134)
at net.snowflake.client.core.SFStatement.execute(SFStatement.java:743)
at net.snowflake.client.core.SFStatement.execute(SFStatement.java:639)
at net.snowflake.client.jdbc.SnowflakeStatementV1.executeQueryInternal(SnowflakeStatementV1.java:238)
at net.snowflake.client.jdbc.SnowflakeStatementV1.executeQuery(SnowflakeStatementV1.java:133)
at com.zaxxer.hikari.pool.ProxyStatement.executeQuery(ProxyStatement.java:110)
at com.zaxxer.hikari.pool.HikariProxyStatement.executeQuery(HikariProxyStatement.java)
at org.finos.legend.engine.plan.execution.stores.relational.result.SQLExecutionResult.<init>(SQLExecutionResult.java:95)
... 101 more
"}'"
	at org.finos.legend.pure.runtime.java.compiled.generation.processors.support.CompiledSupport.pureAssert(CompiledSupport.java:1994)
	at org.finos.legend.pure.generated.platform_pure_basics_tests_assertEq.Root_meta_pure_functions_asserts_assertEq_Any_1__Any_1__Function_1__Boolean_1_(platform_pure_basics_tests_assertEq.java:44)
	at org.finos.legend.pure.generated.core_pure_protocol_vX_X_X_invocations_execution.Root_meta_protocols_pure_vX_X_X_invocation_execution_execute_executePlan_String_1__String_1__Integer_1__String_1_(core_pure_protocol_vX_X_X_invocations_execution.java:751)
	at org.finos.legend.pure.generated.core_pure_protocol_vX_X_X_invocations_execution.Root_meta_protocols_pure_vX_X_X_invocation_execution_execute_executePlan_ExecutionPlan_1__String_1__Integer_1__Extension_MANY__String_1_(core_pure_protocol_vX_X_X_invocations_execution.java:745)
	at org.finos.legend.pure.generated.core_pure_protocol_vX_X_X_invocations_execution.Root_meta_protocols_pure_vX_X_X_invocation_execution_execute_executePlan_ExecutionPlan_1__ExecutionContext_$0_1$__String_1__Integer_1__Extension_MANY__Result_1_(core_pure_protocol_vX_X_X_invocations_execution.java:738)
	at jdk.internal.reflect.GeneratedMethodAccessor96.invoke(Unknown Source)
	at java.base/jdk.internal.reflect.DelegatingMethodAccessorImpl.invoke(DelegatingMethodAccessorImpl.java:43)
	at java.base/java.lang.reflect.Method.invoke(Method.java:566)
	at org.finos.legend.pure.runtime.java.compiled.metadata.JavaMethodWithParamsSharedPureFunction.execute(JavaMethodWithParamsSharedPureFunction.java:59)
	at org.finos.legend.pure.runtime.java.compiled.generation.processors.support.Pure._evaluateToMany(Pure.java:546)
	at org.finos.legend.pure.generated.CoreGen.evaluateToMany(CoreGen.java:147)
	at org.finos.legend.pure.generated.CoreGen.evaluateToMany(CoreGen.java:134)
	at org.finos.legend.pure.generated.core_pure_router_router_entry$9$1.value(core_pure_router_router_entry.java:318)
	at org.finos.legend.pure.generated.core_pure_router_router_entry$9$1.execute(core_pure_router_router_entry.java:311)
	at org.finos.legend.pure.generated.core_pure_router_router_entry$9$1.execute(core_pure_router_router_entry.java:307)
	at org.finos.legend.pure.runtime.java.compiled.generation.processors.support.Pure.evaluate(Pure.java:485)
	at org.finos.legend.pure.runtime.java.compiled.generation.processors.support.Pure.legendTest(Pure.java:216)
	at org.finos.legend.pure.generated.CoreGen.legendTest(CoreGen.java:61)
	at org.finos.legend.pure.generated.core_pure_router_router_entry$9.valueOf(core_pure_router_router_entry.java:303)
	at org.finos.legend.pure.generated.core_pure_router_router_entry$9.execute(core_pure_router_router_entry.java:298)
	at org.finos.legend.pure.generated.core_pure_router_router_entry$9.execute(core_pure_router_router_entry.java:294)
	at org.finos.legend.pure.runtime.java.compiled.generation.processors.support.Pure.evaluate(Pure.java:485)
	at org.finos.legend.pure.runtime.java.compiled.generation.processors.support.Pure.traceSpan(Pure.java:1482)
	at org.finos.legend.pure.generated.CoreGen.traceSpan(CoreGen.java:203)
	at org.finos.legend.pure.generated.core_pure_router_router_entry.Root_meta_pure_router_executePlan_ExecutionPlan_1__ExecutionContext_1__Extension_MANY__Result_$0_1$_(core_pure_router_router_entry.java:290)
	at org.finos.legend.pure.generated.core_pure_router_router_entry.Root_meta_pure_router_executePlan_ExecutionPlan_1__Extension_MANY__Result_$0_1$_(core_pure_router_router_entry.java:285)
	at org.finos.legend.pure.generated.core_relational_relational_sqlQueryToString_dbTestRunner_executionPlanTestRunner$19.execute(core_relational_relational_sqlQueryToString_dbTestRunner_executionPlanTestRunner.java:305)
	at org.finos.legend.pure.generated.core_relational_relational_sqlQueryToString_dbTestRunner_executionPlanTestRunner.Root_meta_relational_dbTestRunner_executeViaPlan_FunctionDefinition_1__Mapping_1__Database_1__DbTestConfig_1__Extension_MANY__Result_$0_1$_(core_relational_relational_sqlQueryToString_dbTestRunner_executionPlanTestRunner.java:309)
	at org.finos.legend.pure.generated.core_relational_relational_sqlQueryToString_testSuite_selectSubClauses_groupBy.Root_meta_relational_tests_dbSpecificTests_sqlQueryTests_selectSubClauses_groupBy_simpleGroupByCount_DbTestConfig_1__Boolean_1_(core_relational_relational_sqlQueryToString_testSuite_selectSubClauses_groupBy.java:146)
	at java.base/jdk.internal.reflect.NativeMethodAccessorImpl.invoke0(Native Method)
	at java.base/jdk.internal.reflect.NativeMethodAccessorImpl.invoke(NativeMethodAccessorImpl.java:62)
	at java.base/jdk.internal.reflect.DelegatingMethodAccessorImpl.invoke(DelegatingMethodAccessorImpl.java:43)
	at java.base/java.lang.reflect.Method.invoke(Method.java:566)
	at org.finos.legend.pure.runtime.java.compiled.testHelper.PureTestBuilderCompiled.executeFn(PureTestBuilderCompiled.java:113)
	at org.finos.legend.pure.runtime.java.compiled.testHelper.PureTestBuilderCompiled.lambda$buildSuite$0(PureTestBuilderCompiled.java:79)
	at org.finos.legend.pure.m3.execution.test.PureTestBuilder$PureTestCase.runTest(PureTestBuilder.java:95)
	at junit.framework.TestCase.runBare(TestCase.java:142)
	at org.finos.legend.engine.server.test.shared.Relational_DbSpecific_UsingPureClientTestSuite$2.runTest(Relational_DbSpecific_UsingPureClientTestSuite.java:90)
	at junit.framework.TestCase.runBare(TestCase.java:142)
	at junit.framework.TestResult$1.protect(TestResult.java:122)
	at junit.framework.TestResult.runProtected(TestResult.java:142)
	at junit.framework.TestResult.run(TestResult.java:125)
	at junit.framework.TestCase.run(TestCase.java:130)
	at junit.framework.TestSuite.runTest(TestSuite.java:241)
	at junit.framework.TestSuite.run(TestSuite.java:236)
	at junit.framework.TestSuite.runTest(TestSuite.java:241)
	at junit.framework.TestSuite.run(TestSuite.java:236)
	at junit.framework.TestSuite.runTest(TestSuite.java:241)
	at junit.framework.TestSuite.run(TestSuite.java:236)
	at junit.framework.TestSuite.runTest(TestSuite.java:241)
	at junit.framework.TestSuite.run(TestSuite.java:236)
	at junit.framework.TestSuite.runTest(TestSuite.java:241)
	at junit.framework.TestSuite.run(TestSuite.java:236)
	at junit.extensions.TestDecorator.basicRun(TestDecorator.java:24)
	at junit.extensions.TestSetup$1.protect(TestSetup.java:23)
	at junit.framework.TestResult.runProtected(TestResult.java:142)
	at junit.extensions.TestSetup.run(TestSetup.java:27)
	at org.junit.internal.runners.JUnit38ClassRunner.run(JUnit38ClassRunner.java:90)
	at org.apache.maven.surefire.junit4.JUnit4Provider.execute(JUnit4Provider.java:365)
	at org.apache.maven.surefire.junit4.JUnit4Provider.executeWithRerun(JUnit4Provider.java:273)
	at org.apache.maven.surefire.junit4.JUnit4Provider.executeTestSet(JUnit4Provider.java:238)
	at org.apache.maven.surefire.junit4.JUnit4Provider.invoke(JUnit4Provider.java:159)
	at org.apache.maven.surefire.booter.ForkedBooter.invokeProviderInSameClassLoader(ForkedBooter.java:384)
	at org.apache.maven.surefire.booter.ForkedBooter.runSuitesInProcess(ForkedBooter.java:345)
	at org.apache.maven.surefire.booter.ForkedBooter.execute(ForkedBooter.java:126)
	at org.apache.maven.surefire.booter.ForkedBooter.main(ForkedBooter.java:418)
]]></error>
    <system-out><![CDATA[Running db test selectSubClauses::groupBy::simpleGroupByCount
{"duration":0.0,"eventType":"EXECUTION_PLAN_EXEC_ERROR","info":{"code":-1,"message":"SnowflakeSQLException: SQL compilation error:\nObject 'TRADETABLE' does not exist or not authorized.","status":"error","trace":"java.lang.RuntimeException: net.snowflake.client.jdbc.SnowflakeSQLException: SQL compilation error:\nObject 'TRADETABLE' does not exist or not authorized.\n\tat org.finos.legend.engine.plan.execution.stores.relational.result.SQLExecutionResult.<init>(SQLExecutionResult.java:123)\n\tat org.finos.legend.engine.plan.execution.stores.relational.RelationalExecutor.execute(RelationalExecutor.java:241)\n\tat org.finos.legend.engine.plan.execution.stores.relational.plugin.RelationalExecutionNodeExecutor.visit(RelationalExecutionNodeExecutor.java:238)\n\tat org.finos.legend.engine.plan.execution.stores.relational.plugin.RelationalExecutionNodeExecutor.visit(RelationalExecutionNodeExecutor.java:252)\n\tat org.finos.legend.engine.plan.execution.stores.relational.plugin.RelationalExecutionNodeExecutor.visit(RelationalExecutionNodeExecutor.java:92)\n\tat org.finos.legend.engine.protocol.pure.v1.model.executionPlan.nodes.RelationalTdsInstantiationExecutionNode.accept(RelationalTdsInstantiationExecutionNode.java:22)\n\tat org.finos.legend.engine.plan.execution.stores.relational.RelationalExecutionExtension.lambda$getExtraNodeExecutors$fbe53481$1(RelationalExecutionExtension.java:50)\n\tat org.finos.legend.engine.plan.execution.nodes.ExecutionNodeExecutor.lambda$visit$0(ExecutionNodeExecutor.java:164)\n\tat java.base/java.util.stream.ReferencePipeline$3$1.accept(ReferencePipeline.java:195)\n\tat java.base/java.util.Spliterators$ArraySpliterator.tryAdvance(Spliterators.java:958)\n\tat java.base/java.util.stream.ReferencePipeline.forEachWithCancel(ReferencePipeline.java:127)\n\tat java.base/java.util.stream.AbstractPipeline.copyIntoWithCancel(AbstractPipeline.java:502)\n\tat java.base/java.util.stream.AbstractPipeline.copyInto(AbstractPipeline.java:488)\n\tat java.base/java.util.stream.AbstractPipeline.wrapAndCopyInto(AbstractPipeline.java:474)\n\tat java.base/java.util.stream.FindOps$FindOp.evaluateSequential(FindOps.java:150)\n\tat java.base/java.util.stream.AbstractPipeline.evaluate(AbstractPipeline.java:234)\n\tat java.base/java.util.stream.ReferencePipeline.findFirst(ReferencePipeline.java:543)\n\tat org.finos.legend.engine.plan.execution.nodes.ExecutionNodeExecutor.visit(ExecutionNodeExecutor.java:164)\n\tat org.finos.legend.engine.plan.execution.nodes.ExecutionNodeExecutor.visit(ExecutionNodeExecutor.java:107)\n\tat org.finos.legend.engine.protocol.pure.v1.model.executionPlan.nodes.RelationalTdsInstantiationExecutionNode.accept(RelationalTdsInstantiationExecutionNode.java:22)\n\tat org.finos.legend.engine.plan.execution.PlanExecutor.execute(PlanExecutor.java:238)\n\tat org.finos.legend.engine.plan.execution.PlanExecutor.execute(PlanExecutor.java:225)\n\tat org.finos.legend.engine.plan.execution.api.ExecutePlan.doExecutePlanLegacy(ExecutePlan.java:102)\n\tat org.finos.legend.engine.plan.execution.api.ExecutePlan.doExecutePlan(ExecutePlan.java:84)\n\tat org.finos.legend.engine.plan.execution.api.ExecutePlanLegacy.executePlan(ExecutePlanLegacy.java:56)\n\tat jdk.internal.reflect.GeneratedMethodAccessor100.invoke(Unknown Source)\n\tat java.base/jdk.internal.reflect.DelegatingMethodAccessorImpl.invoke(DelegatingMethodAccessorImpl.java:43)\n\tat java.base/java.lang.reflect.Method.invoke(Method.java:566)\n\tat org.glassfish.jersey.server.model.internal.ResourceMethodInvocationHandlerFactory$1.invoke(ResourceMethodInvocationHandlerFactory.java:81)\n\tat org.glassfish.jersey.server.model.internal.AbstractJavaResourceMethodDispatcher$1.run(AbstractJavaResourceMethodDispatcher.java:144)\n\tat org.glassfish.jersey.server.model.internal.AbstractJavaResourceMethodDispatcher.invoke(AbstractJavaResourceMethodDispatcher.java:161)\n\tat org.glassfish.jersey.server.model.internal.JavaResourceMethodDispatcherProvider$ResponseOutInvoker.doDispatch(JavaResourceMethodDispatcherProvider.java:160)\n\tat org.glassfish.jersey.server.model.internal.AbstractJavaResourceMethodDispatcher.dispatch(AbstractJavaResourceMethodDispatcher.java:99)\n\tat org.glassfish.jersey.server.model.ResourceMethodInvoker.invoke(ResourceMethodInvoker.java:389)\n\tat org.glassfish.jersey.server.model.ResourceMethodInvoker.apply(ResourceMethodInvoker.java:347)\n\tat org.glassfish.jersey.server.model.ResourceMethodInvoker.apply(ResourceMethodInvoker.java:102)\n\tat org.glassfish.jersey.server.ServerRuntime$2.run(ServerRuntime.java:326)\n\tat org.glassfish.jersey.internal.Errors$1.call(Errors.java:271)\n\tat org.glassfish.jersey.internal.Errors$1.call(Errors.java:267)\n\tat org.glassfish.jersey.internal.Errors.process(Errors.java:315)\n\tat org.glassfish.jersey.internal.Errors.process(Errors.java:297)\n\tat org.glassfish.jersey.internal.Errors.process(Errors.java:267)\n\tat org.glassfish.jersey.process.internal.RequestScope.runInScope(RequestScope.java:317)\n\tat org.glassfish.jersey.server.ServerRuntime.process(ServerRuntime.java:305)\n\tat org.glassfish.jersey.server.ApplicationHandler.handle(ApplicationHandler.java:1154)\n\tat org.glassfish.jersey.servlet.WebComponent.serviceImpl(WebComponent.java:473)\n\tat org.glassfish.jersey.servlet.WebComponent.service(WebComponent.java:427)\n\tat org.glassfish.jersey.servlet.ServletContainer.service(ServletContainer.java:388)\n\tat org.glassfish.jersey.servlet.ServletContainer.service(ServletContainer.java:341)\n\tat org.glassfish.jersey.servlet.ServletContainer.service(ServletContainer.java:228)\n\tat org.eclipse.jetty.servlet.ServletHolder.handle(ServletHolder.java:799)\n\tat org.eclipse.jetty.servlet.ServletHandler$ChainEnd.doFilter(ServletHandler.java:1631)\n\tat io.dropwizard.servlets.ThreadNameFilter.doFilter(ThreadNameFilter.java:35)\n\tat org.eclipse.jetty.servlet.FilterHolder.doFilter(FilterHolder.java:193)\n\tat org.eclipse.jetty.servlet.ServletHandler$Chain.doFilter(ServletHandler.java:1601)\n\tat io.dropwizard.jersey.filter.AllowedMethodsFilter.handle(AllowedMethodsFilter.java:45)\n\tat io.dropwizard.jersey.filter.AllowedMethodsFilter.doFilter(AllowedMethodsFilter.java:39)\n\tat org.eclipse.jetty.servlet.FilterHolder.doFilter(FilterHolder.java:193)\n\tat org.eclipse.jetty.servlet.ServletHandler$Chain.doFilter(ServletHandler.java:1601)\n\tat org.finos.legend.server.pac4j.internal.UsernameFilter.doFilter(UsernameFilter.java:51)\n\tat org.eclipse.jetty.servlet.FilterHolder.doFilter(FilterHolder.java:193)\n\tat org.eclipse.jetty.servlet.ServletHandler$Chain.doFilter(ServletHandler.java:1601)\n\tat org.pac4j.j2e.filter.SecurityFilter.lambda$internalFilter$0(SecurityFilter.java:95)\n\tat org.pac4j.core.engine.DefaultSecurityLogic.perform(DefaultSecurityLogic.java:140)\n\tat org.pac4j.j2e.filter.SecurityFilter.internalFilter(SecurityFilter.java:93)\n\tat org.pac4j.j2e.filter.AbstractConfigFilter.doFilter(AbstractConfigFilter.java:81)\n\tat org.eclipse.jetty.servlet.FilterHolder.doFilter(FilterHolder.java:193)\n\tat org.eclipse.jetty.servlet.ServletHandler$Chain.doFilter(ServletHandler.java:1601)\n\tat org.eclipse.jetty.servlet.ServletHandler.doHandle(ServletHandler.java:548)\n\tat org.eclipse.jetty.server.handler.ScopedHandler.nextHandle(ScopedHandler.java:233)\n\tat org.eclipse.jetty.server.session.SessionHandler.doHandle(SessionHandler.java:1624)\n\tat org.eclipse.jetty.server.handler.ScopedHandler.nextHandle(ScopedHandler.java:233)\n\tat org.eclipse.jetty.server.handler.ContextHandler.doHandle(ContextHandler.java:1434)\n\tat org.eclipse.jetty.server.handler.ScopedHandler.nextScope(ScopedHandler.java:188)\n\tat org.eclipse.jetty.servlet.ServletHandler.doScope(ServletHandler.java:501)\n\tat org.eclipse.jetty.server.session.SessionHandler.doScope(SessionHandler.java:1594)\n\tat org.eclipse.jetty.server.handler.ScopedHandler.nextScope(ScopedHandler.java:186)\n\tat org.eclipse.jetty.server.handler.ContextHandler.doScope(ContextHandler.java:1349)\n\tat org.eclipse.jetty.server.handler.ScopedHandler.handle(ScopedHandler.java:141)\n\tat org.eclipse.jetty.server.handler.HandlerWrapper.handle(HandlerWrapper.java:127)\n\tat com.codahale.metrics.jetty9.InstrumentedHandler.handle(InstrumentedHandler.java:313)\n\tat io.dropwizard.jetty.ContextRoutingHandler.handle(ContextRoutingHandler.java:37)\n\tat org.eclipse.jetty.server.handler.gzip.GzipHandler.handle(GzipHandler.java:713)\n\tat io.dropwizard.jetty.BiDiGzipHandler.handle(BiDiGzipHandler.java:67)\n\tat org.eclipse.jetty.server.handler.StatisticsHandler.handle(StatisticsHandler.java:179)\n\tat org.eclipse.jetty.server.handler.HandlerWrapper.handle(HandlerWrapper.java:127)\n\tat org.eclipse.jetty.server.Server.handle(Server.java:516)\n\tat org.eclipse.jetty.server.HttpChannel.lambda$handle$1(HttpChannel.java:400)\n\tat org.eclipse.jetty.server.HttpChannel.dispatch(HttpChannel.java:645)\n\tat org.eclipse.jetty.server.HttpChannel.handle(HttpChannel.java:392)\n\tat org.eclipse.jetty.server.HttpConnection.onFillable(HttpConnection.java:277)\n\tat org.eclipse.jetty.io.AbstractConnection$ReadCallback.succeeded(AbstractConnection.java:311)\n\tat org.eclipse.jetty.io.FillInterest.fillable(FillInterest.java:105)\n\tat org.eclipse.jetty.io.ChannelEndPoint$1.run(ChannelEndPoint.java:104)\n\tat org.eclipse.jetty.util.thread.strategy.EatWhatYouKill.runTask(EatWhatYouKill.java:338)\n\tat org.eclipse.jetty.util.thread.strategy.EatWhatYouKill.doProduce(EatWhatYouKill.java:315)\n\tat org.eclipse.jetty.util.thread.strategy.EatWhatYouKill.tryProduce(EatWhatYouKill.java:173)\n\tat org.eclipse.jetty.util.thread.strategy.EatWhatYouKill.run(EatWhatYouKill.java:131)\n\tat org.eclipse.jetty.util.thread.ReservedThreadExecutor$ReservedThread.run(ReservedThreadExecutor.java:409)\n\tat org.eclipse.jetty.util.thread.QueuedThreadPool.runJob(QueuedThreadPool.java:883)\n\tat org.eclipse.jetty.util.thread.QueuedThreadPool$Runner.run(QueuedThreadPool.java:1034)\n\tat java.base/java.lang.Thread.run(Thread.java:829)\nCaused by: net.snowflake.client.jdbc.SnowflakeSQLException: SQL compilation error:\nObject 'TRADETABLE' does not exist or not authorized.\n\tat net.snowflake.client.jdbc.SnowflakeUtil.checkErrorAndThrowExceptionSub(SnowflakeUtil.java:127)\n\tat net.snowflake.client.jdbc.SnowflakeUtil.checkErrorAndThrowException(SnowflakeUtil.java:67)\n\tat net.snowflake.client.core.StmtUtil.pollForOutput(StmtUtil.java:442)\n\tat net.snowflake.client.core.StmtUtil.execute(StmtUtil.java:345)\n\tat net.snowflake.client.core.SFStatement.executeHelper(SFStatement.java:486)\n\tat net.snowflake.client.core.SFStatement.executeQueryInternal(SFStatement.java:197)\n\tat net.snowflake.client.core.SFStatement.executeQuery(SFStatement.java:134)\n\tat net.snowflake.client.core.SFStatement.execute(SFStatement.java:743)\n\tat net.snowflake.client.core.SFStatement.execute(SFStatement.java:639)\n\tat net.snowflake.client.jdbc.SnowflakeStatementV1.executeQueryInternal(SnowflakeStatementV1.java:238)\n\tat net.snowflake.client.jdbc.SnowflakeStatementV1.executeQuery(SnowflakeStatementV1.java:133)\n\tat com.zaxxer.hikari.pool.ProxyStatement.executeQuery(ProxyStatement.java:110)\n\tat com.zaxxer.hikari.pool.HikariProxyStatement.executeQuery(HikariProxyStatement.java)\n\tat org.finos.legend.engine.plan.execution.stores.relational.result.SQLExecutionResult.<init>(SQLExecutionResult.java:95)\n\t... 101 more\n"},"mode":"DEV","timeStamp":"2023-02-23 01:31:46.807","user":"_UNKNOWN_"}
| **selectSubClauses::groupBy::simpleGroupByCount** | failing :x: |
]]></system-out>
  </testcase>
  <testcase name="testInnerJoinSimple[Snowflake]" classname="org.finos.legend.engine.server.test.shared.Relational_DbSpecific_UsingPureClientTestSuite$2" time="0.616">
    <error message="Assert failure at (resource:/platform/pure/basics/tests/assertEq.pure line:34 column:5), &quot;500 &apos;{&quot;code&quot;:-1,&quot;message&quot;:&quot;SnowflakeSQLException: SQL compilation error:&#10;Object &apos;PERSONTABLE&apos; does not exist or not authorized.&quot;,&quot;status&quot;:&quot;error&quot;,&quot;trace&quot;:&quot;java.lang.RuntimeException: net.snowflake.client.jdbc.SnowflakeSQLException: SQL compilation error:&#10;Object &apos;PERSONTABLE&apos; does not exist or not authorized.&#10;at org.finos.legend.engine.plan.execution.stores.relational.result.SQLExecutionResult.&lt;init&gt;(SQLExecutionResult.java:123)&#10;at org.finos.legend.engine.plan.execution.stores.relational.RelationalExecutor.execute(RelationalExecutor.java:241)&#10;at org.finos.legend.engine.plan.execution.stores.relational.plugin.RelationalExecutionNodeExecutor.visit(RelationalExecutionNodeExecutor.java:238)&#10;at org.finos.legend.engine.plan.execution.stores.relational.plugin.RelationalExecutionNodeExecutor.visit(RelationalExecutionNodeExecutor.java:252)&#10;at org.finos.legend.engine.plan.execution.stores.relational.plugin.RelationalExecutionNodeExecutor.visit(RelationalExecutionNodeExecutor.java:92)&#10;at org.finos.legend.engine.protocol.pure.v1.model.executionPlan.nodes.RelationalTdsInstantiationExecutionNode.accept(RelationalTdsInstantiationExecutionNode.java:22)&#10;at org.finos.legend.engine.plan.execution.stores.relational.RelationalExecutionExtension.lambda$getExtraNodeExecutors$fbe53481$1(RelationalExecutionExtension.java:50)&#10;at org.finos.legend.engine.plan.execution.nodes.ExecutionNodeExecutor.lambda$visit$0(ExecutionNodeExecutor.java:164)&#10;at java.base/java.util.stream.ReferencePipeline$3$1.accept(ReferencePipeline.java:195)&#10;at java.base/java.util.Spliterators$ArraySpliterator.tryAdvance(Spliterators.java:958)&#10;at java.base/java.util.stream.ReferencePipeline.forEachWithCancel(ReferencePipeline.java:127)&#10;at java.base/java.util.stream.AbstractPipeline.copyIntoWithCancel(AbstractPipeline.java:502)&#10;at java.base/java.util.stream.AbstractPipeline.copyInto(AbstractPipeline.java:488)&#10;at java.base/java.util.stream.AbstractPipeline.wrapAndCopyInto(AbstractPipeline.java:474)&#10;at java.base/java.util.stream.FindOps$FindOp.evaluateSequential(FindOps.java:150)&#10;at java.base/java.util.stream.AbstractPipeline.evaluate(AbstractPipeline.java:234)&#10;at java.base/java.util.stream.ReferencePipeline.findFirst(ReferencePipeline.java:543)&#10;at org.finos.legend.engine.plan.execution.nodes.ExecutionNodeExecutor.visit(ExecutionNodeExecutor.java:164)&#10;at org.finos.legend.engine.plan.execution.nodes.ExecutionNodeExecutor.visit(ExecutionNodeExecutor.java:107)&#10;at org.finos.legend.engine.protocol.pure.v1.model.executionPlan.nodes.RelationalTdsInstantiationExecutionNode.accept(RelationalTdsInstantiationExecutionNode.java:22)&#10;at org.finos.legend.engine.plan.execution.PlanExecutor.execute(PlanExecutor.java:238)&#10;at org.finos.legend.engine.plan.execution.PlanExecutor.execute(PlanExecutor.java:225)&#10;at org.finos.legend.engine.plan.execution.api.ExecutePlan.doExecutePlanLegacy(ExecutePlan.java:102)&#10;at org.finos.legend.engine.plan.execution.api.ExecutePlan.doExecutePlan(ExecutePlan.java:84)&#10;at org.finos.legend.engine.plan.execution.api.ExecutePlanLegacy.executePlan(ExecutePlanLegacy.java:56)&#10;at jdk.internal.reflect.GeneratedMethodAccessor100.invoke(Unknown Source)&#10;at java.base/jdk.internal.reflect.DelegatingMethodAccessorImpl.invoke(DelegatingMethodAccessorImpl.java:43)&#10;at java.base/java.lang.reflect.Method.invoke(Method.java:566)&#10;at org.glassfish.jersey.server.model.internal.ResourceMethodInvocationHandlerFactory$1.invoke(ResourceMethodInvocationHandlerFactory.java:81)&#10;at org.glassfish.jersey.server.model.internal.AbstractJavaResourceMethodDispatcher$1.run(AbstractJavaResourceMethodDispatcher.java:144)&#10;at org.glassfish.jersey.server.model.internal.AbstractJavaResourceMethodDispatcher.invoke(AbstractJavaResourceMethodDispatcher.java:161)&#10;at org.glassfish.jersey.server.model.internal.JavaResourceMethodDispatcherProvider$ResponseOutInvoker.doDispatch(JavaResourceMethodDispatcherProvider.java:160)&#10;at org.glassfish.jersey.server.model.internal.AbstractJavaResourceMethodDispatcher.dispatch(AbstractJavaResourceMethodDispatcher.java:99)&#10;at org.glassfish.jersey.server.model.ResourceMethodInvoker.invoke(ResourceMethodInvoker.java:389)&#10;at org.glassfish.jersey.server.model.ResourceMethodInvoker.apply(ResourceMethodInvoker.java:347)&#10;at org.glassfish.jersey.server.model.ResourceMethodInvoker.apply(ResourceMethodInvoker.java:102)&#10;at org.glassfish.jersey.server.ServerRuntime$2.run(ServerRuntime.java:326)&#10;at org.glassfish.jersey.internal.Errors$1.call(Errors.java:271)&#10;at org.glassfish.jersey.internal.Errors$1.call(Errors.java:267)&#10;at org.glassfish.jersey.internal.Errors.process(Errors.java:315)&#10;at org.glassfish.jersey.internal.Errors.process(Errors.java:297)&#10;at org.glassfish.jersey.internal.Errors.process(Errors.java:267)&#10;at org.glassfish.jersey.process.internal.RequestScope.runInScope(RequestScope.java:317)&#10;at org.glassfish.jersey.server.ServerRuntime.process(ServerRuntime.java:305)&#10;at org.glassfish.jersey.server.ApplicationHandler.handle(ApplicationHandler.java:1154)&#10;at org.glassfish.jersey.servlet.WebComponent.serviceImpl(WebComponent.java:473)&#10;at org.glassfish.jersey.servlet.WebComponent.service(WebComponent.java:427)&#10;at org.glassfish.jersey.servlet.ServletContainer.service(ServletContainer.java:388)&#10;at org.glassfish.jersey.servlet.ServletContainer.service(ServletContainer.java:341)&#10;at org.glassfish.jersey.servlet.ServletContainer.service(ServletContainer.java:228)&#10;at org.eclipse.jetty.servlet.ServletHolder.handle(ServletHolder.java:799)&#10;at org.eclipse.jetty.servlet.ServletHandler$ChainEnd.doFilter(ServletHandler.java:1631)&#10;at io.dropwizard.servlets.ThreadNameFilter.doFilter(ThreadNameFilter.java:35)&#10;at org.eclipse.jetty.servlet.FilterHolder.doFilter(FilterHolder.java:193)&#10;at org.eclipse.jetty.servlet.ServletHandler$Chain.doFilter(ServletHandler.java:1601)&#10;at io.dropwizard.jersey.filter.AllowedMethodsFilter.handle(AllowedMethodsFilter.java:45)&#10;at io.dropwizard.jersey.filter.AllowedMethodsFilter.doFilter(AllowedMethodsFilter.java:39)&#10;at org.eclipse.jetty.servlet.FilterHolder.doFilter(FilterHolder.java:193)&#10;at org.eclipse.jetty.servlet.ServletHandler$Chain.doFilter(ServletHandler.java:1601)&#10;at org.finos.legend.server.pac4j.internal.UsernameFilter.doFilter(UsernameFilter.java:51)&#10;at org.eclipse.jetty.servlet.FilterHolder.doFilter(FilterHolder.java:193)&#10;at org.eclipse.jetty.servlet.ServletHandler$Chain.doFilter(ServletHandler.java:1601)&#10;at org.pac4j.j2e.filter.SecurityFilter.lambda$internalFilter$0(SecurityFilter.java:95)&#10;at org.pac4j.core.engine.DefaultSecurityLogic.perform(DefaultSecurityLogic.java:140)&#10;at org.pac4j.j2e.filter.SecurityFilter.internalFilter(SecurityFilter.java:93)&#10;at org.pac4j.j2e.filter.AbstractConfigFilter.doFilter(AbstractConfigFilter.java:81)&#10;at org.eclipse.jetty.servlet.FilterHolder.doFilter(FilterHolder.java:193)&#10;at org.eclipse.jetty.servlet.ServletHandler$Chain.doFilter(ServletHandler.java:1601)&#10;at org.eclipse.jetty.servlet.ServletHandler.doHandle(ServletHandler.java:548)&#10;at org.eclipse.jetty.server.handler.ScopedHandler.nextHandle(ScopedHandler.java:233)&#10;at org.eclipse.jetty.server.session.SessionHandler.doHandle(SessionHandler.java:1624)&#10;at org.eclipse.jetty.server.handler.ScopedHandler.nextHandle(ScopedHandler.java:233)&#10;at org.eclipse.jetty.server.handler.ContextHandler.doHandle(ContextHandler.java:1434)&#10;at org.eclipse.jetty.server.handler.ScopedHandler.nextScope(ScopedHandler.java:188)&#10;at org.eclipse.jetty.servlet.ServletHandler.doScope(ServletHandler.java:501)&#10;at org.eclipse.jetty.server.session.SessionHandler.doScope(SessionHandler.java:1594)&#10;at org.eclipse.jetty.server.handler.ScopedHandler.nextScope(ScopedHandler.java:186)&#10;at org.eclipse.jetty.server.handler.ContextHandler.doScope(ContextHandler.java:1349)&#10;at org.eclipse.jetty.server.handler.ScopedHandler.handle(ScopedHandler.java:141)&#10;at org.eclipse.jetty.server.handler.HandlerWrapper.handle(HandlerWrapper.java:127)&#10;at com.codahale.metrics.jetty9.InstrumentedHandler.handle(InstrumentedHandler.java:313)&#10;at io.dropwizard.jetty.ContextRoutingHandler.handle(ContextRoutingHandler.java:37)&#10;at org.eclipse.jetty.server.handler.gzip.GzipHandler.handle(GzipHandler.java:713)&#10;at io.dropwizard.jetty.BiDiGzipHandler.handle(BiDiGzipHandler.java:67)&#10;at org.eclipse.jetty.server.handler.StatisticsHandler.handle(StatisticsHandler.java:179)&#10;at org.eclipse.jetty.server.handler.HandlerWrapper.handle(HandlerWrapper.java:127)&#10;at org.eclipse.jetty.server.Server.handle(Server.java:516)&#10;at org.eclipse.jetty.server.HttpChannel.lambda$handle$1(HttpChannel.java:400)&#10;at org.eclipse.jetty.server.HttpChannel.dispatch(HttpChannel.java:645)&#10;at org.eclipse.jetty.server.HttpChannel.handle(HttpChannel.java:392)&#10;at org.eclipse.jetty.server.HttpConnection.onFillable(HttpConnection.java:277)&#10;at org.eclipse.jetty.io.AbstractConnection$ReadCallback.succeeded(AbstractConnection.java:311)&#10;at org.eclipse.jetty.io.FillInterest.fillable(FillInterest.java:105)&#10;at org.eclipse.jetty.io.ChannelEndPoint$1.run(ChannelEndPoint.java:104)&#10;at org.eclipse.jetty.util.thread.strategy.EatWhatYouKill.runTask(EatWhatYouKill.java:338)&#10;at org.eclipse.jetty.util.thread.strategy.EatWhatYouKill.doProduce(EatWhatYouKill.java:315)&#10;at org.eclipse.jetty.util.thread.strategy.EatWhatYouKill.tryProduce(EatWhatYouKill.java:173)&#10;at org.eclipse.jetty.util.thread.strategy.EatWhatYouKill.run(EatWhatYouKill.java:131)&#10;at org.eclipse.jetty.util.thread.ReservedThreadExecutor$ReservedThread.run(ReservedThreadExecutor.java:409)&#10;at org.eclipse.jetty.util.thread.QueuedThreadPool.runJob(QueuedThreadPool.java:883)&#10;at org.eclipse.jetty.util.thread.QueuedThreadPool$Runner.run(QueuedThreadPool.java:1034)&#10;at java.base/java.lang.Thread.run(Thread.java:829)&#10;Caused by: net.snowflake.client.jdbc.SnowflakeSQLException: SQL compilation error:&#10;Object &apos;PERSONTABLE&apos; does not exist or not authorized.&#10;at net.snowflake.client.jdbc.SnowflakeUtil.checkErrorAndThrowExceptionSub(SnowflakeUtil.java:127)&#10;at net.snowflake.client.jdbc.SnowflakeUtil.checkErrorAndThrowException(SnowflakeUtil.java:67)&#10;at net.snowflake.client.core.StmtUtil.pollForOutput(StmtUtil.java:442)&#10;at net.snowflake.client.core.StmtUtil.execute(StmtUtil.java:345)&#10;at net.snowflake.client.core.SFStatement.executeHelper(SFStatement.java:486)&#10;at net.snowflake.client.core.SFStatement.executeQueryInternal(SFStatement.java:197)&#10;at net.snowflake.client.core.SFStatement.executeQuery(SFStatement.java:134)&#10;at net.snowflake.client.core.SFStatement.execute(SFStatement.java:743)&#10;at net.snowflake.client.core.SFStatement.execute(SFStatement.java:639)&#10;at net.snowflake.client.jdbc.SnowflakeStatementV1.executeQueryInternal(SnowflakeStatementV1.java:238)&#10;at net.snowflake.client.jdbc.SnowflakeStatementV1.executeQuery(SnowflakeStatementV1.java:133)&#10;at com.zaxxer.hikari.pool.ProxyStatement.executeQuery(ProxyStatement.java:110)&#10;at com.zaxxer.hikari.pool.HikariProxyStatement.executeQuery(HikariProxyStatement.java)&#10;at org.finos.legend.engine.plan.execution.stores.relational.result.SQLExecutionResult.&lt;init&gt;(SQLExecutionResult.java:95)&#10;... 101 more&#10;&quot;}&apos;&quot;" type="Assert failure at (resource"><![CDATA[Assert failure at (resource:/platform/pure/basics/tests/assertEq.pure line:34 column:5), "500 '{"code":-1,"message":"SnowflakeSQLException: SQL compilation error:
Object 'PERSONTABLE' does not exist or not authorized.","status":"error","trace":"java.lang.RuntimeException: net.snowflake.client.jdbc.SnowflakeSQLException: SQL compilation error:
Object 'PERSONTABLE' does not exist or not authorized.
at org.finos.legend.engine.plan.execution.stores.relational.result.SQLExecutionResult.<init>(SQLExecutionResult.java:123)
at org.finos.legend.engine.plan.execution.stores.relational.RelationalExecutor.execute(RelationalExecutor.java:241)
at org.finos.legend.engine.plan.execution.stores.relational.plugin.RelationalExecutionNodeExecutor.visit(RelationalExecutionNodeExecutor.java:238)
at org.finos.legend.engine.plan.execution.stores.relational.plugin.RelationalExecutionNodeExecutor.visit(RelationalExecutionNodeExecutor.java:252)
at org.finos.legend.engine.plan.execution.stores.relational.plugin.RelationalExecutionNodeExecutor.visit(RelationalExecutionNodeExecutor.java:92)
at org.finos.legend.engine.protocol.pure.v1.model.executionPlan.nodes.RelationalTdsInstantiationExecutionNode.accept(RelationalTdsInstantiationExecutionNode.java:22)
at org.finos.legend.engine.plan.execution.stores.relational.RelationalExecutionExtension.lambda$getExtraNodeExecutors$fbe53481$1(RelationalExecutionExtension.java:50)
at org.finos.legend.engine.plan.execution.nodes.ExecutionNodeExecutor.lambda$visit$0(ExecutionNodeExecutor.java:164)
at java.base/java.util.stream.ReferencePipeline$3$1.accept(ReferencePipeline.java:195)
at java.base/java.util.Spliterators$ArraySpliterator.tryAdvance(Spliterators.java:958)
at java.base/java.util.stream.ReferencePipeline.forEachWithCancel(ReferencePipeline.java:127)
at java.base/java.util.stream.AbstractPipeline.copyIntoWithCancel(AbstractPipeline.java:502)
at java.base/java.util.stream.AbstractPipeline.copyInto(AbstractPipeline.java:488)
at java.base/java.util.stream.AbstractPipeline.wrapAndCopyInto(AbstractPipeline.java:474)
at java.base/java.util.stream.FindOps$FindOp.evaluateSequential(FindOps.java:150)
at java.base/java.util.stream.AbstractPipeline.evaluate(AbstractPipeline.java:234)
at java.base/java.util.stream.ReferencePipeline.findFirst(ReferencePipeline.java:543)
at org.finos.legend.engine.plan.execution.nodes.ExecutionNodeExecutor.visit(ExecutionNodeExecutor.java:164)
at org.finos.legend.engine.plan.execution.nodes.ExecutionNodeExecutor.visit(ExecutionNodeExecutor.java:107)
at org.finos.legend.engine.protocol.pure.v1.model.executionPlan.nodes.RelationalTdsInstantiationExecutionNode.accept(RelationalTdsInstantiationExecutionNode.java:22)
at org.finos.legend.engine.plan.execution.PlanExecutor.execute(PlanExecutor.java:238)
at org.finos.legend.engine.plan.execution.PlanExecutor.execute(PlanExecutor.java:225)
at org.finos.legend.engine.plan.execution.api.ExecutePlan.doExecutePlanLegacy(ExecutePlan.java:102)
at org.finos.legend.engine.plan.execution.api.ExecutePlan.doExecutePlan(ExecutePlan.java:84)
at org.finos.legend.engine.plan.execution.api.ExecutePlanLegacy.executePlan(ExecutePlanLegacy.java:56)
at jdk.internal.reflect.GeneratedMethodAccessor100.invoke(Unknown Source)
at java.base/jdk.internal.reflect.DelegatingMethodAccessorImpl.invoke(DelegatingMethodAccessorImpl.java:43)
at java.base/java.lang.reflect.Method.invoke(Method.java:566)
at org.glassfish.jersey.server.model.internal.ResourceMethodInvocationHandlerFactory$1.invoke(ResourceMethodInvocationHandlerFactory.java:81)
at org.glassfish.jersey.server.model.internal.AbstractJavaResourceMethodDispatcher$1.run(AbstractJavaResourceMethodDispatcher.java:144)
at org.glassfish.jersey.server.model.internal.AbstractJavaResourceMethodDispatcher.invoke(AbstractJavaResourceMethodDispatcher.java:161)
at org.glassfish.jersey.server.model.internal.JavaResourceMethodDispatcherProvider$ResponseOutInvoker.doDispatch(JavaResourceMethodDispatcherProvider.java:160)
at org.glassfish.jersey.server.model.internal.AbstractJavaResourceMethodDispatcher.dispatch(AbstractJavaResourceMethodDispatcher.java:99)
at org.glassfish.jersey.server.model.ResourceMethodInvoker.invoke(ResourceMethodInvoker.java:389)
at org.glassfish.jersey.server.model.ResourceMethodInvoker.apply(ResourceMethodInvoker.java:347)
at org.glassfish.jersey.server.model.ResourceMethodInvoker.apply(ResourceMethodInvoker.java:102)
at org.glassfish.jersey.server.ServerRuntime$2.run(ServerRuntime.java:326)
at org.glassfish.jersey.internal.Errors$1.call(Errors.java:271)
at org.glassfish.jersey.internal.Errors$1.call(Errors.java:267)
at org.glassfish.jersey.internal.Errors.process(Errors.java:315)
at org.glassfish.jersey.internal.Errors.process(Errors.java:297)
at org.glassfish.jersey.internal.Errors.process(Errors.java:267)
at org.glassfish.jersey.process.internal.RequestScope.runInScope(RequestScope.java:317)
at org.glassfish.jersey.server.ServerRuntime.process(ServerRuntime.java:305)
at org.glassfish.jersey.server.ApplicationHandler.handle(ApplicationHandler.java:1154)
at org.glassfish.jersey.servlet.WebComponent.serviceImpl(WebComponent.java:473)
at org.glassfish.jersey.servlet.WebComponent.service(WebComponent.java:427)
at org.glassfish.jersey.servlet.ServletContainer.service(ServletContainer.java:388)
at org.glassfish.jersey.servlet.ServletContainer.service(ServletContainer.java:341)
at org.glassfish.jersey.servlet.ServletContainer.service(ServletContainer.java:228)
at org.eclipse.jetty.servlet.ServletHolder.handle(ServletHolder.java:799)
at org.eclipse.jetty.servlet.ServletHandler$ChainEnd.doFilter(ServletHandler.java:1631)
at io.dropwizard.servlets.ThreadNameFilter.doFilter(ThreadNameFilter.java:35)
at org.eclipse.jetty.servlet.FilterHolder.doFilter(FilterHolder.java:193)
at org.eclipse.jetty.servlet.ServletHandler$Chain.doFilter(ServletHandler.java:1601)
at io.dropwizard.jersey.filter.AllowedMethodsFilter.handle(AllowedMethodsFilter.java:45)
at io.dropwizard.jersey.filter.AllowedMethodsFilter.doFilter(AllowedMethodsFilter.java:39)
at org.eclipse.jetty.servlet.FilterHolder.doFilter(FilterHolder.java:193)
at org.eclipse.jetty.servlet.ServletHandler$Chain.doFilter(ServletHandler.java:1601)
at org.finos.legend.server.pac4j.internal.UsernameFilter.doFilter(UsernameFilter.java:51)
at org.eclipse.jetty.servlet.FilterHolder.doFilter(FilterHolder.java:193)
at org.eclipse.jetty.servlet.ServletHandler$Chain.doFilter(ServletHandler.java:1601)
at org.pac4j.j2e.filter.SecurityFilter.lambda$internalFilter$0(SecurityFilter.java:95)
at org.pac4j.core.engine.DefaultSecurityLogic.perform(DefaultSecurityLogic.java:140)
at org.pac4j.j2e.filter.SecurityFilter.internalFilter(SecurityFilter.java:93)
at org.pac4j.j2e.filter.AbstractConfigFilter.doFilter(AbstractConfigFilter.java:81)
at org.eclipse.jetty.servlet.FilterHolder.doFilter(FilterHolder.java:193)
at org.eclipse.jetty.servlet.ServletHandler$Chain.doFilter(ServletHandler.java:1601)
at org.eclipse.jetty.servlet.ServletHandler.doHandle(ServletHandler.java:548)
at org.eclipse.jetty.server.handler.ScopedHandler.nextHandle(ScopedHandler.java:233)
at org.eclipse.jetty.server.session.SessionHandler.doHandle(SessionHandler.java:1624)
at org.eclipse.jetty.server.handler.ScopedHandler.nextHandle(ScopedHandler.java:233)
at org.eclipse.jetty.server.handler.ContextHandler.doHandle(ContextHandler.java:1434)
at org.eclipse.jetty.server.handler.ScopedHandler.nextScope(ScopedHandler.java:188)
at org.eclipse.jetty.servlet.ServletHandler.doScope(ServletHandler.java:501)
at org.eclipse.jetty.server.session.SessionHandler.doScope(SessionHandler.java:1594)
at org.eclipse.jetty.server.handler.ScopedHandler.nextScope(ScopedHandler.java:186)
at org.eclipse.jetty.server.handler.ContextHandler.doScope(ContextHandler.java:1349)
at org.eclipse.jetty.server.handler.ScopedHandler.handle(ScopedHandler.java:141)
at org.eclipse.jetty.server.handler.HandlerWrapper.handle(HandlerWrapper.java:127)
at com.codahale.metrics.jetty9.InstrumentedHandler.handle(InstrumentedHandler.java:313)
at io.dropwizard.jetty.ContextRoutingHandler.handle(ContextRoutingHandler.java:37)
at org.eclipse.jetty.server.handler.gzip.GzipHandler.handle(GzipHandler.java:713)
at io.dropwizard.jetty.BiDiGzipHandler.handle(BiDiGzipHandler.java:67)
at org.eclipse.jetty.server.handler.StatisticsHandler.handle(StatisticsHandler.java:179)
at org.eclipse.jetty.server.handler.HandlerWrapper.handle(HandlerWrapper.java:127)
at org.eclipse.jetty.server.Server.handle(Server.java:516)
at org.eclipse.jetty.server.HttpChannel.lambda$handle$1(HttpChannel.java:400)
at org.eclipse.jetty.server.HttpChannel.dispatch(HttpChannel.java:645)
at org.eclipse.jetty.server.HttpChannel.handle(HttpChannel.java:392)
at org.eclipse.jetty.server.HttpConnection.onFillable(HttpConnection.java:277)
at org.eclipse.jetty.io.AbstractConnection$ReadCallback.succeeded(AbstractConnection.java:311)
at org.eclipse.jetty.io.FillInterest.fillable(FillInterest.java:105)
at org.eclipse.jetty.io.ChannelEndPoint$1.run(ChannelEndPoint.java:104)
at org.eclipse.jetty.util.thread.strategy.EatWhatYouKill.runTask(EatWhatYouKill.java:338)
at org.eclipse.jetty.util.thread.strategy.EatWhatYouKill.doProduce(EatWhatYouKill.java:315)
at org.eclipse.jetty.util.thread.strategy.EatWhatYouKill.tryProduce(EatWhatYouKill.java:173)
at org.eclipse.jetty.util.thread.strategy.EatWhatYouKill.run(EatWhatYouKill.java:131)
at org.eclipse.jetty.util.thread.ReservedThreadExecutor$ReservedThread.run(ReservedThreadExecutor.java:409)
at org.eclipse.jetty.util.thread.QueuedThreadPool.runJob(QueuedThreadPool.java:883)
at org.eclipse.jetty.util.thread.QueuedThreadPool$Runner.run(QueuedThreadPool.java:1034)
at java.base/java.lang.Thread.run(Thread.java:829)
Caused by: net.snowflake.client.jdbc.SnowflakeSQLException: SQL compilation error:
Object 'PERSONTABLE' does not exist or not authorized.
at net.snowflake.client.jdbc.SnowflakeUtil.checkErrorAndThrowExceptionSub(SnowflakeUtil.java:127)
at net.snowflake.client.jdbc.SnowflakeUtil.checkErrorAndThrowException(SnowflakeUtil.java:67)
at net.snowflake.client.core.StmtUtil.pollForOutput(StmtUtil.java:442)
at net.snowflake.client.core.StmtUtil.execute(StmtUtil.java:345)
at net.snowflake.client.core.SFStatement.executeHelper(SFStatement.java:486)
at net.snowflake.client.core.SFStatement.executeQueryInternal(SFStatement.java:197)
at net.snowflake.client.core.SFStatement.executeQuery(SFStatement.java:134)
at net.snowflake.client.core.SFStatement.execute(SFStatement.java:743)
at net.snowflake.client.core.SFStatement.execute(SFStatement.java:639)
at net.snowflake.client.jdbc.SnowflakeStatementV1.executeQueryInternal(SnowflakeStatementV1.java:238)
at net.snowflake.client.jdbc.SnowflakeStatementV1.executeQuery(SnowflakeStatementV1.java:133)
at com.zaxxer.hikari.pool.ProxyStatement.executeQuery(ProxyStatement.java:110)
at com.zaxxer.hikari.pool.HikariProxyStatement.executeQuery(HikariProxyStatement.java)
at org.finos.legend.engine.plan.execution.stores.relational.result.SQLExecutionResult.<init>(SQLExecutionResult.java:95)
... 101 more
"}'"
	at org.finos.legend.pure.runtime.java.compiled.generation.processors.support.CompiledSupport.pureAssert(CompiledSupport.java:1994)
	at org.finos.legend.pure.generated.platform_pure_basics_tests_assertEq.Root_meta_pure_functions_asserts_assertEq_Any_1__Any_1__Function_1__Boolean_1_(platform_pure_basics_tests_assertEq.java:44)
	at org.finos.legend.pure.generated.core_pure_protocol_vX_X_X_invocations_execution.Root_meta_protocols_pure_vX_X_X_invocation_execution_execute_executePlan_String_1__String_1__Integer_1__String_1_(core_pure_protocol_vX_X_X_invocations_execution.java:751)
	at org.finos.legend.pure.generated.core_pure_protocol_vX_X_X_invocations_execution.Root_meta_protocols_pure_vX_X_X_invocation_execution_execute_executePlan_ExecutionPlan_1__String_1__Integer_1__Extension_MANY__String_1_(core_pure_protocol_vX_X_X_invocations_execution.java:745)
	at org.finos.legend.pure.generated.core_pure_protocol_vX_X_X_invocations_execution.Root_meta_protocols_pure_vX_X_X_invocation_execution_execute_executePlan_ExecutionPlan_1__ExecutionContext_$0_1$__String_1__Integer_1__Extension_MANY__Result_1_(core_pure_protocol_vX_X_X_invocations_execution.java:738)
	at jdk.internal.reflect.GeneratedMethodAccessor96.invoke(Unknown Source)
	at java.base/jdk.internal.reflect.DelegatingMethodAccessorImpl.invoke(DelegatingMethodAccessorImpl.java:43)
	at java.base/java.lang.reflect.Method.invoke(Method.java:566)
	at org.finos.legend.pure.runtime.java.compiled.metadata.JavaMethodWithParamsSharedPureFunction.execute(JavaMethodWithParamsSharedPureFunction.java:59)
	at org.finos.legend.pure.runtime.java.compiled.generation.processors.support.Pure._evaluateToMany(Pure.java:546)
	at org.finos.legend.pure.generated.CoreGen.evaluateToMany(CoreGen.java:147)
	at org.finos.legend.pure.generated.CoreGen.evaluateToMany(CoreGen.java:134)
	at org.finos.legend.pure.generated.core_pure_router_router_entry$9$1.value(core_pure_router_router_entry.java:318)
	at org.finos.legend.pure.generated.core_pure_router_router_entry$9$1.execute(core_pure_router_router_entry.java:311)
	at org.finos.legend.pure.generated.core_pure_router_router_entry$9$1.execute(core_pure_router_router_entry.java:307)
	at org.finos.legend.pure.runtime.java.compiled.generation.processors.support.Pure.evaluate(Pure.java:485)
	at org.finos.legend.pure.runtime.java.compiled.generation.processors.support.Pure.legendTest(Pure.java:216)
	at org.finos.legend.pure.generated.CoreGen.legendTest(CoreGen.java:61)
	at org.finos.legend.pure.generated.core_pure_router_router_entry$9.valueOf(core_pure_router_router_entry.java:303)
	at org.finos.legend.pure.generated.core_pure_router_router_entry$9.execute(core_pure_router_router_entry.java:298)
	at org.finos.legend.pure.generated.core_pure_router_router_entry$9.execute(core_pure_router_router_entry.java:294)
	at org.finos.legend.pure.runtime.java.compiled.generation.processors.support.Pure.evaluate(Pure.java:485)
	at org.finos.legend.pure.runtime.java.compiled.generation.processors.support.Pure.traceSpan(Pure.java:1482)
	at org.finos.legend.pure.generated.CoreGen.traceSpan(CoreGen.java:203)
	at org.finos.legend.pure.generated.core_pure_router_router_entry.Root_meta_pure_router_executePlan_ExecutionPlan_1__ExecutionContext_1__Extension_MANY__Result_$0_1$_(core_pure_router_router_entry.java:290)
	at org.finos.legend.pure.generated.core_pure_router_router_entry.Root_meta_pure_router_executePlan_ExecutionPlan_1__Extension_MANY__Result_$0_1$_(core_pure_router_router_entry.java:285)
	at org.finos.legend.pure.generated.core_relational_relational_sqlQueryToString_dbTestRunner_executionPlanTestRunner$19.execute(core_relational_relational_sqlQueryToString_dbTestRunner_executionPlanTestRunner.java:305)
	at org.finos.legend.pure.generated.core_relational_relational_sqlQueryToString_dbTestRunner_executionPlanTestRunner.Root_meta_relational_dbTestRunner_executeViaPlan_FunctionDefinition_1__Mapping_1__Database_1__DbTestConfig_1__Extension_MANY__Result_$0_1$_(core_relational_relational_sqlQueryToString_dbTestRunner_executionPlanTestRunner.java:309)
	at org.finos.legend.pure.generated.core_relational_relational_sqlQueryToString_testSuite_selectSubClauses_join.Root_meta_relational_tests_dbSpecificTests_sqlQueryTests_selectSubClauses_join_testInnerJoinSimple_DbTestConfig_1__Boolean_1_(core_relational_relational_sqlQueryToString_testSuite_selectSubClauses_join.java:647)
	at java.base/jdk.internal.reflect.NativeMethodAccessorImpl.invoke0(Native Method)
	at java.base/jdk.internal.reflect.NativeMethodAccessorImpl.invoke(NativeMethodAccessorImpl.java:62)
	at java.base/jdk.internal.reflect.DelegatingMethodAccessorImpl.invoke(DelegatingMethodAccessorImpl.java:43)
	at java.base/java.lang.reflect.Method.invoke(Method.java:566)
	at org.finos.legend.pure.runtime.java.compiled.testHelper.PureTestBuilderCompiled.executeFn(PureTestBuilderCompiled.java:113)
	at org.finos.legend.pure.runtime.java.compiled.testHelper.PureTestBuilderCompiled.lambda$buildSuite$0(PureTestBuilderCompiled.java:79)
	at org.finos.legend.pure.m3.execution.test.PureTestBuilder$PureTestCase.runTest(PureTestBuilder.java:95)
	at junit.framework.TestCase.runBare(TestCase.java:142)
	at org.finos.legend.engine.server.test.shared.Relational_DbSpecific_UsingPureClientTestSuite$2.runTest(Relational_DbSpecific_UsingPureClientTestSuite.java:90)
	at junit.framework.TestCase.runBare(TestCase.java:142)
	at junit.framework.TestResult$1.protect(TestResult.java:122)
	at junit.framework.TestResult.runProtected(TestResult.java:142)
	at junit.framework.TestResult.run(TestResult.java:125)
	at junit.framework.TestCase.run(TestCase.java:130)
	at junit.framework.TestSuite.runTest(TestSuite.java:241)
	at junit.framework.TestSuite.run(TestSuite.java:236)
	at junit.framework.TestSuite.runTest(TestSuite.java:241)
	at junit.framework.TestSuite.run(TestSuite.java:236)
	at junit.framework.TestSuite.runTest(TestSuite.java:241)
	at junit.framework.TestSuite.run(TestSuite.java:236)
	at junit.framework.TestSuite.runTest(TestSuite.java:241)
	at junit.framework.TestSuite.run(TestSuite.java:236)
	at junit.framework.TestSuite.runTest(TestSuite.java:241)
	at junit.framework.TestSuite.run(TestSuite.java:236)
	at junit.extensions.TestDecorator.basicRun(TestDecorator.java:24)
	at junit.extensions.TestSetup$1.protect(TestSetup.java:23)
	at junit.framework.TestResult.runProtected(TestResult.java:142)
	at junit.extensions.TestSetup.run(TestSetup.java:27)
	at org.junit.internal.runners.JUnit38ClassRunner.run(JUnit38ClassRunner.java:90)
	at org.apache.maven.surefire.junit4.JUnit4Provider.execute(JUnit4Provider.java:365)
	at org.apache.maven.surefire.junit4.JUnit4Provider.executeWithRerun(JUnit4Provider.java:273)
	at org.apache.maven.surefire.junit4.JUnit4Provider.executeTestSet(JUnit4Provider.java:238)
	at org.apache.maven.surefire.junit4.JUnit4Provider.invoke(JUnit4Provider.java:159)
	at org.apache.maven.surefire.booter.ForkedBooter.invokeProviderInSameClassLoader(ForkedBooter.java:384)
	at org.apache.maven.surefire.booter.ForkedBooter.runSuitesInProcess(ForkedBooter.java:345)
	at org.apache.maven.surefire.booter.ForkedBooter.execute(ForkedBooter.java:126)
	at org.apache.maven.surefire.booter.ForkedBooter.main(ForkedBooter.java:418)
]]></error>
    <system-out><![CDATA[Running db test selectSubClauses::join::testInnerJoinSimple
{"duration":0.0,"eventType":"EXECUTION_PLAN_EXEC_ERROR","info":{"code":-1,"message":"SnowflakeSQLException: SQL compilation error:\nObject 'PERSONTABLE' does not exist or not authorized.","status":"error","trace":"java.lang.RuntimeException: net.snowflake.client.jdbc.SnowflakeSQLException: SQL compilation error:\nObject 'PERSONTABLE' does not exist or not authorized.\n\tat org.finos.legend.engine.plan.execution.stores.relational.result.SQLExecutionResult.<init>(SQLExecutionResult.java:123)\n\tat org.finos.legend.engine.plan.execution.stores.relational.RelationalExecutor.execute(RelationalExecutor.java:241)\n\tat org.finos.legend.engine.plan.execution.stores.relational.plugin.RelationalExecutionNodeExecutor.visit(RelationalExecutionNodeExecutor.java:238)\n\tat org.finos.legend.engine.plan.execution.stores.relational.plugin.RelationalExecutionNodeExecutor.visit(RelationalExecutionNodeExecutor.java:252)\n\tat org.finos.legend.engine.plan.execution.stores.relational.plugin.RelationalExecutionNodeExecutor.visit(RelationalExecutionNodeExecutor.java:92)\n\tat org.finos.legend.engine.protocol.pure.v1.model.executionPlan.nodes.RelationalTdsInstantiationExecutionNode.accept(RelationalTdsInstantiationExecutionNode.java:22)\n\tat org.finos.legend.engine.plan.execution.stores.relational.RelationalExecutionExtension.lambda$getExtraNodeExecutors$fbe53481$1(RelationalExecutionExtension.java:50)\n\tat org.finos.legend.engine.plan.execution.nodes.ExecutionNodeExecutor.lambda$visit$0(ExecutionNodeExecutor.java:164)\n\tat java.base/java.util.stream.ReferencePipeline$3$1.accept(ReferencePipeline.java:195)\n\tat java.base/java.util.Spliterators$ArraySpliterator.tryAdvance(Spliterators.java:958)\n\tat java.base/java.util.stream.ReferencePipeline.forEachWithCancel(ReferencePipeline.java:127)\n\tat java.base/java.util.stream.AbstractPipeline.copyIntoWithCancel(AbstractPipeline.java:502)\n\tat java.base/java.util.stream.AbstractPipeline.copyInto(AbstractPipeline.java:488)\n\tat java.base/java.util.stream.AbstractPipeline.wrapAndCopyInto(AbstractPipeline.java:474)\n\tat java.base/java.util.stream.FindOps$FindOp.evaluateSequential(FindOps.java:150)\n\tat java.base/java.util.stream.AbstractPipeline.evaluate(AbstractPipeline.java:234)\n\tat java.base/java.util.stream.ReferencePipeline.findFirst(ReferencePipeline.java:543)\n\tat org.finos.legend.engine.plan.execution.nodes.ExecutionNodeExecutor.visit(ExecutionNodeExecutor.java:164)\n\tat org.finos.legend.engine.plan.execution.nodes.ExecutionNodeExecutor.visit(ExecutionNodeExecutor.java:107)\n\tat org.finos.legend.engine.protocol.pure.v1.model.executionPlan.nodes.RelationalTdsInstantiationExecutionNode.accept(RelationalTdsInstantiationExecutionNode.java:22)\n\tat org.finos.legend.engine.plan.execution.PlanExecutor.execute(PlanExecutor.java:238)\n\tat org.finos.legend.engine.plan.execution.PlanExecutor.execute(PlanExecutor.java:225)\n\tat org.finos.legend.engine.plan.execution.api.ExecutePlan.doExecutePlanLegacy(ExecutePlan.java:102)\n\tat org.finos.legend.engine.plan.execution.api.ExecutePlan.doExecutePlan(ExecutePlan.java:84)\n\tat org.finos.legend.engine.plan.execution.api.ExecutePlanLegacy.executePlan(ExecutePlanLegacy.java:56)\n\tat jdk.internal.reflect.GeneratedMethodAccessor100.invoke(Unknown Source)\n\tat java.base/jdk.internal.reflect.DelegatingMethodAccessorImpl.invoke(DelegatingMethodAccessorImpl.java:43)\n\tat java.base/java.lang.reflect.Method.invoke(Method.java:566)\n\tat org.glassfish.jersey.server.model.internal.ResourceMethodInvocationHandlerFactory$1.invoke(ResourceMethodInvocationHandlerFactory.java:81)\n\tat org.glassfish.jersey.server.model.internal.AbstractJavaResourceMethodDispatcher$1.run(AbstractJavaResourceMethodDispatcher.java:144)\n\tat org.glassfish.jersey.server.model.internal.AbstractJavaResourceMethodDispatcher.invoke(AbstractJavaResourceMethodDispatcher.java:161)\n\tat org.glassfish.jersey.server.model.internal.JavaResourceMethodDispatcherProvider$ResponseOutInvoker.doDispatch(JavaResourceMethodDispatcherProvider.java:160)\n\tat org.glassfish.jersey.server.model.internal.AbstractJavaResourceMethodDispatcher.dispatch(AbstractJavaResourceMethodDispatcher.java:99)\n\tat org.glassfish.jersey.server.model.ResourceMethodInvoker.invoke(ResourceMethodInvoker.java:389)\n\tat org.glassfish.jersey.server.model.ResourceMethodInvoker.apply(ResourceMethodInvoker.java:347)\n\tat org.glassfish.jersey.server.model.ResourceMethodInvoker.apply(ResourceMethodInvoker.java:102)\n\tat org.glassfish.jersey.server.ServerRuntime$2.run(ServerRuntime.java:326)\n\tat org.glassfish.jersey.internal.Errors$1.call(Errors.java:271)\n\tat org.glassfish.jersey.internal.Errors$1.call(Errors.java:267)\n\tat org.glassfish.jersey.internal.Errors.process(Errors.java:315)\n\tat org.glassfish.jersey.internal.Errors.process(Errors.java:297)\n\tat org.glassfish.jersey.internal.Errors.process(Errors.java:267)\n\tat org.glassfish.jersey.process.internal.RequestScope.runInScope(RequestScope.java:317)\n\tat org.glassfish.jersey.server.ServerRuntime.process(ServerRuntime.java:305)\n\tat org.glassfish.jersey.server.ApplicationHandler.handle(ApplicationHandler.java:1154)\n\tat org.glassfish.jersey.servlet.WebComponent.serviceImpl(WebComponent.java:473)\n\tat org.glassfish.jersey.servlet.WebComponent.service(WebComponent.java:427)\n\tat org.glassfish.jersey.servlet.ServletContainer.service(ServletContainer.java:388)\n\tat org.glassfish.jersey.servlet.ServletContainer.service(ServletContainer.java:341)\n\tat org.glassfish.jersey.servlet.ServletContainer.service(ServletContainer.java:228)\n\tat org.eclipse.jetty.servlet.ServletHolder.handle(ServletHolder.java:799)\n\tat org.eclipse.jetty.servlet.ServletHandler$ChainEnd.doFilter(ServletHandler.java:1631)\n\tat io.dropwizard.servlets.ThreadNameFilter.doFilter(ThreadNameFilter.java:35)\n\tat org.eclipse.jetty.servlet.FilterHolder.doFilter(FilterHolder.java:193)\n\tat org.eclipse.jetty.servlet.ServletHandler$Chain.doFilter(ServletHandler.java:1601)\n\tat io.dropwizard.jersey.filter.AllowedMethodsFilter.handle(AllowedMethodsFilter.java:45)\n\tat io.dropwizard.jersey.filter.AllowedMethodsFilter.doFilter(AllowedMethodsFilter.java:39)\n\tat org.eclipse.jetty.servlet.FilterHolder.doFilter(FilterHolder.java:193)\n\tat org.eclipse.jetty.servlet.ServletHandler$Chain.doFilter(ServletHandler.java:1601)\n\tat org.finos.legend.server.pac4j.internal.UsernameFilter.doFilter(UsernameFilter.java:51)\n\tat org.eclipse.jetty.servlet.FilterHolder.doFilter(FilterHolder.java:193)\n\tat org.eclipse.jetty.servlet.ServletHandler$Chain.doFilter(ServletHandler.java:1601)\n\tat org.pac4j.j2e.filter.SecurityFilter.lambda$internalFilter$0(SecurityFilter.java:95)\n\tat org.pac4j.core.engine.DefaultSecurityLogic.perform(DefaultSecurityLogic.java:140)\n\tat org.pac4j.j2e.filter.SecurityFilter.internalFilter(SecurityFilter.java:93)\n\tat org.pac4j.j2e.filter.AbstractConfigFilter.doFilter(AbstractConfigFilter.java:81)\n\tat org.eclipse.jetty.servlet.FilterHolder.doFilter(FilterHolder.java:193)\n\tat org.eclipse.jetty.servlet.ServletHandler$Chain.doFilter(ServletHandler.java:1601)\n\tat org.eclipse.jetty.servlet.ServletHandler.doHandle(ServletHandler.java:548)\n\tat org.eclipse.jetty.server.handler.ScopedHandler.nextHandle(ScopedHandler.java:233)\n\tat org.eclipse.jetty.server.session.SessionHandler.doHandle(SessionHandler.java:1624)\n\tat org.eclipse.jetty.server.handler.ScopedHandler.nextHandle(ScopedHandler.java:233)\n\tat org.eclipse.jetty.server.handler.ContextHandler.doHandle(ContextHandler.java:1434)\n\tat org.eclipse.jetty.server.handler.ScopedHandler.nextScope(ScopedHandler.java:188)\n\tat org.eclipse.jetty.servlet.ServletHandler.doScope(ServletHandler.java:501)\n\tat org.eclipse.jetty.server.session.SessionHandler.doScope(SessionHandler.java:1594)\n\tat org.eclipse.jetty.server.handler.ScopedHandler.nextScope(ScopedHandler.java:186)\n\tat org.eclipse.jetty.server.handler.ContextHandler.doScope(ContextHandler.java:1349)\n\tat org.eclipse.jetty.server.handler.ScopedHandler.handle(ScopedHandler.java:141)\n\tat org.eclipse.jetty.server.handler.HandlerWrapper.handle(HandlerWrapper.java:127)\n\tat com.codahale.metrics.jetty9.InstrumentedHandler.handle(InstrumentedHandler.java:313)\n\tat io.dropwizard.jetty.ContextRoutingHandler.handle(ContextRoutingHandler.java:37)\n\tat org.eclipse.jetty.server.handler.gzip.GzipHandler.handle(GzipHandler.java:713)\n\tat io.dropwizard.jetty.BiDiGzipHandler.handle(BiDiGzipHandler.java:67)\n\tat org.eclipse.jetty.server.handler.StatisticsHandler.handle(StatisticsHandler.java:179)\n\tat org.eclipse.jetty.server.handler.HandlerWrapper.handle(HandlerWrapper.java:127)\n\tat org.eclipse.jetty.server.Server.handle(Server.java:516)\n\tat org.eclipse.jetty.server.HttpChannel.lambda$handle$1(HttpChannel.java:400)\n\tat org.eclipse.jetty.server.HttpChannel.dispatch(HttpChannel.java:645)\n\tat org.eclipse.jetty.server.HttpChannel.handle(HttpChannel.java:392)\n\tat org.eclipse.jetty.server.HttpConnection.onFillable(HttpConnection.java:277)\n\tat org.eclipse.jetty.io.AbstractConnection$ReadCallback.succeeded(AbstractConnection.java:311)\n\tat org.eclipse.jetty.io.FillInterest.fillable(FillInterest.java:105)\n\tat org.eclipse.jetty.io.ChannelEndPoint$1.run(ChannelEndPoint.java:104)\n\tat org.eclipse.jetty.util.thread.strategy.EatWhatYouKill.runTask(EatWhatYouKill.java:338)\n\tat org.eclipse.jetty.util.thread.strategy.EatWhatYouKill.doProduce(EatWhatYouKill.java:315)\n\tat org.eclipse.jetty.util.thread.strategy.EatWhatYouKill.tryProduce(EatWhatYouKill.java:173)\n\tat org.eclipse.jetty.util.thread.strategy.EatWhatYouKill.run(EatWhatYouKill.java:131)\n\tat org.eclipse.jetty.util.thread.ReservedThreadExecutor$ReservedThread.run(ReservedThreadExecutor.java:409)\n\tat org.eclipse.jetty.util.thread.QueuedThreadPool.runJob(QueuedThreadPool.java:883)\n\tat org.eclipse.jetty.util.thread.QueuedThreadPool$Runner.run(QueuedThreadPool.java:1034)\n\tat java.base/java.lang.Thread.run(Thread.java:829)\nCaused by: net.snowflake.client.jdbc.SnowflakeSQLException: SQL compilation error:\nObject 'PERSONTABLE' does not exist or not authorized.\n\tat net.snowflake.client.jdbc.SnowflakeUtil.checkErrorAndThrowExceptionSub(SnowflakeUtil.java:127)\n\tat net.snowflake.client.jdbc.SnowflakeUtil.checkErrorAndThrowException(SnowflakeUtil.java:67)\n\tat net.snowflake.client.core.StmtUtil.pollForOutput(StmtUtil.java:442)\n\tat net.snowflake.client.core.StmtUtil.execute(StmtUtil.java:345)\n\tat net.snowflake.client.core.SFStatement.executeHelper(SFStatement.java:486)\n\tat net.snowflake.client.core.SFStatement.executeQueryInternal(SFStatement.java:197)\n\tat net.snowflake.client.core.SFStatement.executeQuery(SFStatement.java:134)\n\tat net.snowflake.client.core.SFStatement.execute(SFStatement.java:743)\n\tat net.snowflake.client.core.SFStatement.execute(SFStatement.java:639)\n\tat net.snowflake.client.jdbc.SnowflakeStatementV1.executeQueryInternal(SnowflakeStatementV1.java:238)\n\tat net.snowflake.client.jdbc.SnowflakeStatementV1.executeQuery(SnowflakeStatementV1.java:133)\n\tat com.zaxxer.hikari.pool.ProxyStatement.executeQuery(ProxyStatement.java:110)\n\tat com.zaxxer.hikari.pool.HikariProxyStatement.executeQuery(HikariProxyStatement.java)\n\tat org.finos.legend.engine.plan.execution.stores.relational.result.SQLExecutionResult.<init>(SQLExecutionResult.java:95)\n\t... 101 more\n"},"mode":"DEV","timeStamp":"2023-02-23 01:31:47.429","user":"_UNKNOWN_"}
| **selectSubClauses::join::testInnerJoinSimple** | failing :x: |
]]></system-out>
  </testcase>
  <testcase name="testJoinByMultiColumnName[Snowflake]" classname="org.finos.legend.engine.server.test.shared.Relational_DbSpecific_UsingPureClientTestSuite$2" time="0.332">
    <error message="Assert failure at (resource:/platform/pure/basics/tests/assertEq.pure line:34 column:5), &quot;500 &apos;{&quot;code&quot;:-1,&quot;message&quot;:&quot;SnowflakeSQLException: SQL compilation error:&#10;Object &apos;PERSONTABLE&apos; does not exist or not authorized.&quot;,&quot;status&quot;:&quot;error&quot;,&quot;trace&quot;:&quot;java.lang.RuntimeException: net.snowflake.client.jdbc.SnowflakeSQLException: SQL compilation error:&#10;Object &apos;PERSONTABLE&apos; does not exist or not authorized.&#10;at org.finos.legend.engine.plan.execution.stores.relational.result.SQLExecutionResult.&lt;init&gt;(SQLExecutionResult.java:123)&#10;at org.finos.legend.engine.plan.execution.stores.relational.RelationalExecutor.execute(RelationalExecutor.java:241)&#10;at org.finos.legend.engine.plan.execution.stores.relational.plugin.RelationalExecutionNodeExecutor.visit(RelationalExecutionNodeExecutor.java:238)&#10;at org.finos.legend.engine.plan.execution.stores.relational.plugin.RelationalExecutionNodeExecutor.visit(RelationalExecutionNodeExecutor.java:252)&#10;at org.finos.legend.engine.plan.execution.stores.relational.plugin.RelationalExecutionNodeExecutor.visit(RelationalExecutionNodeExecutor.java:92)&#10;at org.finos.legend.engine.protocol.pure.v1.model.executionPlan.nodes.RelationalTdsInstantiationExecutionNode.accept(RelationalTdsInstantiationExecutionNode.java:22)&#10;at org.finos.legend.engine.plan.execution.stores.relational.RelationalExecutionExtension.lambda$getExtraNodeExecutors$fbe53481$1(RelationalExecutionExtension.java:50)&#10;at org.finos.legend.engine.plan.execution.nodes.ExecutionNodeExecutor.lambda$visit$0(ExecutionNodeExecutor.java:164)&#10;at java.base/java.util.stream.ReferencePipeline$3$1.accept(ReferencePipeline.java:195)&#10;at java.base/java.util.Spliterators$ArraySpliterator.tryAdvance(Spliterators.java:958)&#10;at java.base/java.util.stream.ReferencePipeline.forEachWithCancel(ReferencePipeline.java:127)&#10;at java.base/java.util.stream.AbstractPipeline.copyIntoWithCancel(AbstractPipeline.java:502)&#10;at java.base/java.util.stream.AbstractPipeline.copyInto(AbstractPipeline.java:488)&#10;at java.base/java.util.stream.AbstractPipeline.wrapAndCopyInto(AbstractPipeline.java:474)&#10;at java.base/java.util.stream.FindOps$FindOp.evaluateSequential(FindOps.java:150)&#10;at java.base/java.util.stream.AbstractPipeline.evaluate(AbstractPipeline.java:234)&#10;at java.base/java.util.stream.ReferencePipeline.findFirst(ReferencePipeline.java:543)&#10;at org.finos.legend.engine.plan.execution.nodes.ExecutionNodeExecutor.visit(ExecutionNodeExecutor.java:164)&#10;at org.finos.legend.engine.plan.execution.nodes.ExecutionNodeExecutor.visit(ExecutionNodeExecutor.java:107)&#10;at org.finos.legend.engine.protocol.pure.v1.model.executionPlan.nodes.RelationalTdsInstantiationExecutionNode.accept(RelationalTdsInstantiationExecutionNode.java:22)&#10;at org.finos.legend.engine.plan.execution.PlanExecutor.execute(PlanExecutor.java:238)&#10;at org.finos.legend.engine.plan.execution.PlanExecutor.execute(PlanExecutor.java:225)&#10;at org.finos.legend.engine.plan.execution.api.ExecutePlan.doExecutePlanLegacy(ExecutePlan.java:102)&#10;at org.finos.legend.engine.plan.execution.api.ExecutePlan.doExecutePlan(ExecutePlan.java:84)&#10;at org.finos.legend.engine.plan.execution.api.ExecutePlanLegacy.executePlan(ExecutePlanLegacy.java:56)&#10;at jdk.internal.reflect.GeneratedMethodAccessor100.invoke(Unknown Source)&#10;at java.base/jdk.internal.reflect.DelegatingMethodAccessorImpl.invoke(DelegatingMethodAccessorImpl.java:43)&#10;at java.base/java.lang.reflect.Method.invoke(Method.java:566)&#10;at org.glassfish.jersey.server.model.internal.ResourceMethodInvocationHandlerFactory$1.invoke(ResourceMethodInvocationHandlerFactory.java:81)&#10;at org.glassfish.jersey.server.model.internal.AbstractJavaResourceMethodDispatcher$1.run(AbstractJavaResourceMethodDispatcher.java:144)&#10;at org.glassfish.jersey.server.model.internal.AbstractJavaResourceMethodDispatcher.invoke(AbstractJavaResourceMethodDispatcher.java:161)&#10;at org.glassfish.jersey.server.model.internal.JavaResourceMethodDispatcherProvider$ResponseOutInvoker.doDispatch(JavaResourceMethodDispatcherProvider.java:160)&#10;at org.glassfish.jersey.server.model.internal.AbstractJavaResourceMethodDispatcher.dispatch(AbstractJavaResourceMethodDispatcher.java:99)&#10;at org.glassfish.jersey.server.model.ResourceMethodInvoker.invoke(ResourceMethodInvoker.java:389)&#10;at org.glassfish.jersey.server.model.ResourceMethodInvoker.apply(ResourceMethodInvoker.java:347)&#10;at org.glassfish.jersey.server.model.ResourceMethodInvoker.apply(ResourceMethodInvoker.java:102)&#10;at org.glassfish.jersey.server.ServerRuntime$2.run(ServerRuntime.java:326)&#10;at org.glassfish.jersey.internal.Errors$1.call(Errors.java:271)&#10;at org.glassfish.jersey.internal.Errors$1.call(Errors.java:267)&#10;at org.glassfish.jersey.internal.Errors.process(Errors.java:315)&#10;at org.glassfish.jersey.internal.Errors.process(Errors.java:297)&#10;at org.glassfish.jersey.internal.Errors.process(Errors.java:267)&#10;at org.glassfish.jersey.process.internal.RequestScope.runInScope(RequestScope.java:317)&#10;at org.glassfish.jersey.server.ServerRuntime.process(ServerRuntime.java:305)&#10;at org.glassfish.jersey.server.ApplicationHandler.handle(ApplicationHandler.java:1154)&#10;at org.glassfish.jersey.servlet.WebComponent.serviceImpl(WebComponent.java:473)&#10;at org.glassfish.jersey.servlet.WebComponent.service(WebComponent.java:427)&#10;at org.glassfish.jersey.servlet.ServletContainer.service(ServletContainer.java:388)&#10;at org.glassfish.jersey.servlet.ServletContainer.service(ServletContainer.java:341)&#10;at org.glassfish.jersey.servlet.ServletContainer.service(ServletContainer.java:228)&#10;at org.eclipse.jetty.servlet.ServletHolder.handle(ServletHolder.java:799)&#10;at org.eclipse.jetty.servlet.ServletHandler$ChainEnd.doFilter(ServletHandler.java:1631)&#10;at io.dropwizard.servlets.ThreadNameFilter.doFilter(ThreadNameFilter.java:35)&#10;at org.eclipse.jetty.servlet.FilterHolder.doFilter(FilterHolder.java:193)&#10;at org.eclipse.jetty.servlet.ServletHandler$Chain.doFilter(ServletHandler.java:1601)&#10;at io.dropwizard.jersey.filter.AllowedMethodsFilter.handle(AllowedMethodsFilter.java:45)&#10;at io.dropwizard.jersey.filter.AllowedMethodsFilter.doFilter(AllowedMethodsFilter.java:39)&#10;at org.eclipse.jetty.servlet.FilterHolder.doFilter(FilterHolder.java:193)&#10;at org.eclipse.jetty.servlet.ServletHandler$Chain.doFilter(ServletHandler.java:1601)&#10;at org.finos.legend.server.pac4j.internal.UsernameFilter.doFilter(UsernameFilter.java:51)&#10;at org.eclipse.jetty.servlet.FilterHolder.doFilter(FilterHolder.java:193)&#10;at org.eclipse.jetty.servlet.ServletHandler$Chain.doFilter(ServletHandler.java:1601)&#10;at org.pac4j.j2e.filter.SecurityFilter.lambda$internalFilter$0(SecurityFilter.java:95)&#10;at org.pac4j.core.engine.DefaultSecurityLogic.perform(DefaultSecurityLogic.java:140)&#10;at org.pac4j.j2e.filter.SecurityFilter.internalFilter(SecurityFilter.java:93)&#10;at org.pac4j.j2e.filter.AbstractConfigFilter.doFilter(AbstractConfigFilter.java:81)&#10;at org.eclipse.jetty.servlet.FilterHolder.doFilter(FilterHolder.java:193)&#10;at org.eclipse.jetty.servlet.ServletHandler$Chain.doFilter(ServletHandler.java:1601)&#10;at org.eclipse.jetty.servlet.ServletHandler.doHandle(ServletHandler.java:548)&#10;at org.eclipse.jetty.server.handler.ScopedHandler.nextHandle(ScopedHandler.java:233)&#10;at org.eclipse.jetty.server.session.SessionHandler.doHandle(SessionHandler.java:1624)&#10;at org.eclipse.jetty.server.handler.ScopedHandler.nextHandle(ScopedHandler.java:233)&#10;at org.eclipse.jetty.server.handler.ContextHandler.doHandle(ContextHandler.java:1434)&#10;at org.eclipse.jetty.server.handler.ScopedHandler.nextScope(ScopedHandler.java:188)&#10;at org.eclipse.jetty.servlet.ServletHandler.doScope(ServletHandler.java:501)&#10;at org.eclipse.jetty.server.session.SessionHandler.doScope(SessionHandler.java:1594)&#10;at org.eclipse.jetty.server.handler.ScopedHandler.nextScope(ScopedHandler.java:186)&#10;at org.eclipse.jetty.server.handler.ContextHandler.doScope(ContextHandler.java:1349)&#10;at org.eclipse.jetty.server.handler.ScopedHandler.handle(ScopedHandler.java:141)&#10;at org.eclipse.jetty.server.handler.HandlerWrapper.handle(HandlerWrapper.java:127)&#10;at com.codahale.metrics.jetty9.InstrumentedHandler.handle(InstrumentedHandler.java:313)&#10;at io.dropwizard.jetty.ContextRoutingHandler.handle(ContextRoutingHandler.java:37)&#10;at org.eclipse.jetty.server.handler.gzip.GzipHandler.handle(GzipHandler.java:713)&#10;at io.dropwizard.jetty.BiDiGzipHandler.handle(BiDiGzipHandler.java:67)&#10;at org.eclipse.jetty.server.handler.StatisticsHandler.handle(StatisticsHandler.java:179)&#10;at org.eclipse.jetty.server.handler.HandlerWrapper.handle(HandlerWrapper.java:127)&#10;at org.eclipse.jetty.server.Server.handle(Server.java:516)&#10;at org.eclipse.jetty.server.HttpChannel.lambda$handle$1(HttpChannel.java:400)&#10;at org.eclipse.jetty.server.HttpChannel.dispatch(HttpChannel.java:645)&#10;at org.eclipse.jetty.server.HttpChannel.handle(HttpChannel.java:392)&#10;at org.eclipse.jetty.server.HttpConnection.onFillable(HttpConnection.java:277)&#10;at org.eclipse.jetty.io.AbstractConnection$ReadCallback.succeeded(AbstractConnection.java:311)&#10;at org.eclipse.jetty.io.FillInterest.fillable(FillInterest.java:105)&#10;at org.eclipse.jetty.io.ChannelEndPoint$1.run(ChannelEndPoint.java:104)&#10;at org.eclipse.jetty.util.thread.strategy.EatWhatYouKill.runTask(EatWhatYouKill.java:338)&#10;at org.eclipse.jetty.util.thread.strategy.EatWhatYouKill.doProduce(EatWhatYouKill.java:315)&#10;at org.eclipse.jetty.util.thread.strategy.EatWhatYouKill.tryProduce(EatWhatYouKill.java:173)&#10;at org.eclipse.jetty.util.thread.strategy.EatWhatYouKill.run(EatWhatYouKill.java:131)&#10;at org.eclipse.jetty.util.thread.ReservedThreadExecutor$ReservedThread.run(ReservedThreadExecutor.java:409)&#10;at org.eclipse.jetty.util.thread.QueuedThreadPool.runJob(QueuedThreadPool.java:883)&#10;at org.eclipse.jetty.util.thread.QueuedThreadPool$Runner.run(QueuedThreadPool.java:1034)&#10;at java.base/java.lang.Thread.run(Thread.java:829)&#10;Caused by: net.snowflake.client.jdbc.SnowflakeSQLException: SQL compilation error:&#10;Object &apos;PERSONTABLE&apos; does not exist or not authorized.&#10;at net.snowflake.client.jdbc.SnowflakeUtil.checkErrorAndThrowExceptionSub(SnowflakeUtil.java:127)&#10;at net.snowflake.client.jdbc.SnowflakeUtil.checkErrorAndThrowException(SnowflakeUtil.java:67)&#10;at net.snowflake.client.core.StmtUtil.pollForOutput(StmtUtil.java:442)&#10;at net.snowflake.client.core.StmtUtil.execute(StmtUtil.java:345)&#10;at net.snowflake.client.core.SFStatement.executeHelper(SFStatement.java:486)&#10;at net.snowflake.client.core.SFStatement.executeQueryInternal(SFStatement.java:197)&#10;at net.snowflake.client.core.SFStatement.executeQuery(SFStatement.java:134)&#10;at net.snowflake.client.core.SFStatement.execute(SFStatement.java:743)&#10;at net.snowflake.client.core.SFStatement.execute(SFStatement.java:639)&#10;at net.snowflake.client.jdbc.SnowflakeStatementV1.executeQueryInternal(SnowflakeStatementV1.java:238)&#10;at net.snowflake.client.jdbc.SnowflakeStatementV1.executeQuery(SnowflakeStatementV1.java:133)&#10;at com.zaxxer.hikari.pool.ProxyStatement.executeQuery(ProxyStatement.java:110)&#10;at com.zaxxer.hikari.pool.HikariProxyStatement.executeQuery(HikariProxyStatement.java)&#10;at org.finos.legend.engine.plan.execution.stores.relational.result.SQLExecutionResult.&lt;init&gt;(SQLExecutionResult.java:95)&#10;... 101 more&#10;&quot;}&apos;&quot;" type="Assert failure at (resource"><![CDATA[Assert failure at (resource:/platform/pure/basics/tests/assertEq.pure line:34 column:5), "500 '{"code":-1,"message":"SnowflakeSQLException: SQL compilation error:
Object 'PERSONTABLE' does not exist or not authorized.","status":"error","trace":"java.lang.RuntimeException: net.snowflake.client.jdbc.SnowflakeSQLException: SQL compilation error:
Object 'PERSONTABLE' does not exist or not authorized.
at org.finos.legend.engine.plan.execution.stores.relational.result.SQLExecutionResult.<init>(SQLExecutionResult.java:123)
at org.finos.legend.engine.plan.execution.stores.relational.RelationalExecutor.execute(RelationalExecutor.java:241)
at org.finos.legend.engine.plan.execution.stores.relational.plugin.RelationalExecutionNodeExecutor.visit(RelationalExecutionNodeExecutor.java:238)
at org.finos.legend.engine.plan.execution.stores.relational.plugin.RelationalExecutionNodeExecutor.visit(RelationalExecutionNodeExecutor.java:252)
at org.finos.legend.engine.plan.execution.stores.relational.plugin.RelationalExecutionNodeExecutor.visit(RelationalExecutionNodeExecutor.java:92)
at org.finos.legend.engine.protocol.pure.v1.model.executionPlan.nodes.RelationalTdsInstantiationExecutionNode.accept(RelationalTdsInstantiationExecutionNode.java:22)
at org.finos.legend.engine.plan.execution.stores.relational.RelationalExecutionExtension.lambda$getExtraNodeExecutors$fbe53481$1(RelationalExecutionExtension.java:50)
at org.finos.legend.engine.plan.execution.nodes.ExecutionNodeExecutor.lambda$visit$0(ExecutionNodeExecutor.java:164)
at java.base/java.util.stream.ReferencePipeline$3$1.accept(ReferencePipeline.java:195)
at java.base/java.util.Spliterators$ArraySpliterator.tryAdvance(Spliterators.java:958)
at java.base/java.util.stream.ReferencePipeline.forEachWithCancel(ReferencePipeline.java:127)
at java.base/java.util.stream.AbstractPipeline.copyIntoWithCancel(AbstractPipeline.java:502)
at java.base/java.util.stream.AbstractPipeline.copyInto(AbstractPipeline.java:488)
at java.base/java.util.stream.AbstractPipeline.wrapAndCopyInto(AbstractPipeline.java:474)
at java.base/java.util.stream.FindOps$FindOp.evaluateSequential(FindOps.java:150)
at java.base/java.util.stream.AbstractPipeline.evaluate(AbstractPipeline.java:234)
at java.base/java.util.stream.ReferencePipeline.findFirst(ReferencePipeline.java:543)
at org.finos.legend.engine.plan.execution.nodes.ExecutionNodeExecutor.visit(ExecutionNodeExecutor.java:164)
at org.finos.legend.engine.plan.execution.nodes.ExecutionNodeExecutor.visit(ExecutionNodeExecutor.java:107)
at org.finos.legend.engine.protocol.pure.v1.model.executionPlan.nodes.RelationalTdsInstantiationExecutionNode.accept(RelationalTdsInstantiationExecutionNode.java:22)
at org.finos.legend.engine.plan.execution.PlanExecutor.execute(PlanExecutor.java:238)
at org.finos.legend.engine.plan.execution.PlanExecutor.execute(PlanExecutor.java:225)
at org.finos.legend.engine.plan.execution.api.ExecutePlan.doExecutePlanLegacy(ExecutePlan.java:102)
at org.finos.legend.engine.plan.execution.api.ExecutePlan.doExecutePlan(ExecutePlan.java:84)
at org.finos.legend.engine.plan.execution.api.ExecutePlanLegacy.executePlan(ExecutePlanLegacy.java:56)
at jdk.internal.reflect.GeneratedMethodAccessor100.invoke(Unknown Source)
at java.base/jdk.internal.reflect.DelegatingMethodAccessorImpl.invoke(DelegatingMethodAccessorImpl.java:43)
at java.base/java.lang.reflect.Method.invoke(Method.java:566)
at org.glassfish.jersey.server.model.internal.ResourceMethodInvocationHandlerFactory$1.invoke(ResourceMethodInvocationHandlerFactory.java:81)
at org.glassfish.jersey.server.model.internal.AbstractJavaResourceMethodDispatcher$1.run(AbstractJavaResourceMethodDispatcher.java:144)
at org.glassfish.jersey.server.model.internal.AbstractJavaResourceMethodDispatcher.invoke(AbstractJavaResourceMethodDispatcher.java:161)
at org.glassfish.jersey.server.model.internal.JavaResourceMethodDispatcherProvider$ResponseOutInvoker.doDispatch(JavaResourceMethodDispatcherProvider.java:160)
at org.glassfish.jersey.server.model.internal.AbstractJavaResourceMethodDispatcher.dispatch(AbstractJavaResourceMethodDispatcher.java:99)
at org.glassfish.jersey.server.model.ResourceMethodInvoker.invoke(ResourceMethodInvoker.java:389)
at org.glassfish.jersey.server.model.ResourceMethodInvoker.apply(ResourceMethodInvoker.java:347)
at org.glassfish.jersey.server.model.ResourceMethodInvoker.apply(ResourceMethodInvoker.java:102)
at org.glassfish.jersey.server.ServerRuntime$2.run(ServerRuntime.java:326)
at org.glassfish.jersey.internal.Errors$1.call(Errors.java:271)
at org.glassfish.jersey.internal.Errors$1.call(Errors.java:267)
at org.glassfish.jersey.internal.Errors.process(Errors.java:315)
at org.glassfish.jersey.internal.Errors.process(Errors.java:297)
at org.glassfish.jersey.internal.Errors.process(Errors.java:267)
at org.glassfish.jersey.process.internal.RequestScope.runInScope(RequestScope.java:317)
at org.glassfish.jersey.server.ServerRuntime.process(ServerRuntime.java:305)
at org.glassfish.jersey.server.ApplicationHandler.handle(ApplicationHandler.java:1154)
at org.glassfish.jersey.servlet.WebComponent.serviceImpl(WebComponent.java:473)
at org.glassfish.jersey.servlet.WebComponent.service(WebComponent.java:427)
at org.glassfish.jersey.servlet.ServletContainer.service(ServletContainer.java:388)
at org.glassfish.jersey.servlet.ServletContainer.service(ServletContainer.java:341)
at org.glassfish.jersey.servlet.ServletContainer.service(ServletContainer.java:228)
at org.eclipse.jetty.servlet.ServletHolder.handle(ServletHolder.java:799)
at org.eclipse.jetty.servlet.ServletHandler$ChainEnd.doFilter(ServletHandler.java:1631)
at io.dropwizard.servlets.ThreadNameFilter.doFilter(ThreadNameFilter.java:35)
at org.eclipse.jetty.servlet.FilterHolder.doFilter(FilterHolder.java:193)
at org.eclipse.jetty.servlet.ServletHandler$Chain.doFilter(ServletHandler.java:1601)
at io.dropwizard.jersey.filter.AllowedMethodsFilter.handle(AllowedMethodsFilter.java:45)
at io.dropwizard.jersey.filter.AllowedMethodsFilter.doFilter(AllowedMethodsFilter.java:39)
at org.eclipse.jetty.servlet.FilterHolder.doFilter(FilterHolder.java:193)
at org.eclipse.jetty.servlet.ServletHandler$Chain.doFilter(ServletHandler.java:1601)
at org.finos.legend.server.pac4j.internal.UsernameFilter.doFilter(UsernameFilter.java:51)
at org.eclipse.jetty.servlet.FilterHolder.doFilter(FilterHolder.java:193)
at org.eclipse.jetty.servlet.ServletHandler$Chain.doFilter(ServletHandler.java:1601)
at org.pac4j.j2e.filter.SecurityFilter.lambda$internalFilter$0(SecurityFilter.java:95)
at org.pac4j.core.engine.DefaultSecurityLogic.perform(DefaultSecurityLogic.java:140)
at org.pac4j.j2e.filter.SecurityFilter.internalFilter(SecurityFilter.java:93)
at org.pac4j.j2e.filter.AbstractConfigFilter.doFilter(AbstractConfigFilter.java:81)
at org.eclipse.jetty.servlet.FilterHolder.doFilter(FilterHolder.java:193)
at org.eclipse.jetty.servlet.ServletHandler$Chain.doFilter(ServletHandler.java:1601)
at org.eclipse.jetty.servlet.ServletHandler.doHandle(ServletHandler.java:548)
at org.eclipse.jetty.server.handler.ScopedHandler.nextHandle(ScopedHandler.java:233)
at org.eclipse.jetty.server.session.SessionHandler.doHandle(SessionHandler.java:1624)
at org.eclipse.jetty.server.handler.ScopedHandler.nextHandle(ScopedHandler.java:233)
at org.eclipse.jetty.server.handler.ContextHandler.doHandle(ContextHandler.java:1434)
at org.eclipse.jetty.server.handler.ScopedHandler.nextScope(ScopedHandler.java:188)
at org.eclipse.jetty.servlet.ServletHandler.doScope(ServletHandler.java:501)
at org.eclipse.jetty.server.session.SessionHandler.doScope(SessionHandler.java:1594)
at org.eclipse.jetty.server.handler.ScopedHandler.nextScope(ScopedHandler.java:186)
at org.eclipse.jetty.server.handler.ContextHandler.doScope(ContextHandler.java:1349)
at org.eclipse.jetty.server.handler.ScopedHandler.handle(ScopedHandler.java:141)
at org.eclipse.jetty.server.handler.HandlerWrapper.handle(HandlerWrapper.java:127)
at com.codahale.metrics.jetty9.InstrumentedHandler.handle(InstrumentedHandler.java:313)
at io.dropwizard.jetty.ContextRoutingHandler.handle(ContextRoutingHandler.java:37)
at org.eclipse.jetty.server.handler.gzip.GzipHandler.handle(GzipHandler.java:713)
at io.dropwizard.jetty.BiDiGzipHandler.handle(BiDiGzipHandler.java:67)
at org.eclipse.jetty.server.handler.StatisticsHandler.handle(StatisticsHandler.java:179)
at org.eclipse.jetty.server.handler.HandlerWrapper.handle(HandlerWrapper.java:127)
at org.eclipse.jetty.server.Server.handle(Server.java:516)
at org.eclipse.jetty.server.HttpChannel.lambda$handle$1(HttpChannel.java:400)
at org.eclipse.jetty.server.HttpChannel.dispatch(HttpChannel.java:645)
at org.eclipse.jetty.server.HttpChannel.handle(HttpChannel.java:392)
at org.eclipse.jetty.server.HttpConnection.onFillable(HttpConnection.java:277)
at org.eclipse.jetty.io.AbstractConnection$ReadCallback.succeeded(AbstractConnection.java:311)
at org.eclipse.jetty.io.FillInterest.fillable(FillInterest.java:105)
at org.eclipse.jetty.io.ChannelEndPoint$1.run(ChannelEndPoint.java:104)
at org.eclipse.jetty.util.thread.strategy.EatWhatYouKill.runTask(EatWhatYouKill.java:338)
at org.eclipse.jetty.util.thread.strategy.EatWhatYouKill.doProduce(EatWhatYouKill.java:315)
at org.eclipse.jetty.util.thread.strategy.EatWhatYouKill.tryProduce(EatWhatYouKill.java:173)
at org.eclipse.jetty.util.thread.strategy.EatWhatYouKill.run(EatWhatYouKill.java:131)
at org.eclipse.jetty.util.thread.ReservedThreadExecutor$ReservedThread.run(ReservedThreadExecutor.java:409)
at org.eclipse.jetty.util.thread.QueuedThreadPool.runJob(QueuedThreadPool.java:883)
at org.eclipse.jetty.util.thread.QueuedThreadPool$Runner.run(QueuedThreadPool.java:1034)
at java.base/java.lang.Thread.run(Thread.java:829)
Caused by: net.snowflake.client.jdbc.SnowflakeSQLException: SQL compilation error:
Object 'PERSONTABLE' does not exist or not authorized.
at net.snowflake.client.jdbc.SnowflakeUtil.checkErrorAndThrowExceptionSub(SnowflakeUtil.java:127)
at net.snowflake.client.jdbc.SnowflakeUtil.checkErrorAndThrowException(SnowflakeUtil.java:67)
at net.snowflake.client.core.StmtUtil.pollForOutput(StmtUtil.java:442)
at net.snowflake.client.core.StmtUtil.execute(StmtUtil.java:345)
at net.snowflake.client.core.SFStatement.executeHelper(SFStatement.java:486)
at net.snowflake.client.core.SFStatement.executeQueryInternal(SFStatement.java:197)
at net.snowflake.client.core.SFStatement.executeQuery(SFStatement.java:134)
at net.snowflake.client.core.SFStatement.execute(SFStatement.java:743)
at net.snowflake.client.core.SFStatement.execute(SFStatement.java:639)
at net.snowflake.client.jdbc.SnowflakeStatementV1.executeQueryInternal(SnowflakeStatementV1.java:238)
at net.snowflake.client.jdbc.SnowflakeStatementV1.executeQuery(SnowflakeStatementV1.java:133)
at com.zaxxer.hikari.pool.ProxyStatement.executeQuery(ProxyStatement.java:110)
at com.zaxxer.hikari.pool.HikariProxyStatement.executeQuery(HikariProxyStatement.java)
at org.finos.legend.engine.plan.execution.stores.relational.result.SQLExecutionResult.<init>(SQLExecutionResult.java:95)
... 101 more
"}'"
	at org.finos.legend.pure.runtime.java.compiled.generation.processors.support.CompiledSupport.pureAssert(CompiledSupport.java:1994)
	at org.finos.legend.pure.generated.platform_pure_basics_tests_assertEq.Root_meta_pure_functions_asserts_assertEq_Any_1__Any_1__Function_1__Boolean_1_(platform_pure_basics_tests_assertEq.java:44)
	at org.finos.legend.pure.generated.core_pure_protocol_vX_X_X_invocations_execution.Root_meta_protocols_pure_vX_X_X_invocation_execution_execute_executePlan_String_1__String_1__Integer_1__String_1_(core_pure_protocol_vX_X_X_invocations_execution.java:751)
	at org.finos.legend.pure.generated.core_pure_protocol_vX_X_X_invocations_execution.Root_meta_protocols_pure_vX_X_X_invocation_execution_execute_executePlan_ExecutionPlan_1__String_1__Integer_1__Extension_MANY__String_1_(core_pure_protocol_vX_X_X_invocations_execution.java:745)
	at org.finos.legend.pure.generated.core_pure_protocol_vX_X_X_invocations_execution.Root_meta_protocols_pure_vX_X_X_invocation_execution_execute_executePlan_ExecutionPlan_1__ExecutionContext_$0_1$__String_1__Integer_1__Extension_MANY__Result_1_(core_pure_protocol_vX_X_X_invocations_execution.java:738)
	at jdk.internal.reflect.GeneratedMethodAccessor96.invoke(Unknown Source)
	at java.base/jdk.internal.reflect.DelegatingMethodAccessorImpl.invoke(DelegatingMethodAccessorImpl.java:43)
	at java.base/java.lang.reflect.Method.invoke(Method.java:566)
	at org.finos.legend.pure.runtime.java.compiled.metadata.JavaMethodWithParamsSharedPureFunction.execute(JavaMethodWithParamsSharedPureFunction.java:59)
	at org.finos.legend.pure.runtime.java.compiled.generation.processors.support.Pure._evaluateToMany(Pure.java:546)
	at org.finos.legend.pure.generated.CoreGen.evaluateToMany(CoreGen.java:147)
	at org.finos.legend.pure.generated.CoreGen.evaluateToMany(CoreGen.java:134)
	at org.finos.legend.pure.generated.core_pure_router_router_entry$9$1.value(core_pure_router_router_entry.java:318)
	at org.finos.legend.pure.generated.core_pure_router_router_entry$9$1.execute(core_pure_router_router_entry.java:311)
	at org.finos.legend.pure.generated.core_pure_router_router_entry$9$1.execute(core_pure_router_router_entry.java:307)
	at org.finos.legend.pure.runtime.java.compiled.generation.processors.support.Pure.evaluate(Pure.java:485)
	at org.finos.legend.pure.runtime.java.compiled.generation.processors.support.Pure.legendTest(Pure.java:216)
	at org.finos.legend.pure.generated.CoreGen.legendTest(CoreGen.java:61)
	at org.finos.legend.pure.generated.core_pure_router_router_entry$9.valueOf(core_pure_router_router_entry.java:303)
	at org.finos.legend.pure.generated.core_pure_router_router_entry$9.execute(core_pure_router_router_entry.java:298)
	at org.finos.legend.pure.generated.core_pure_router_router_entry$9.execute(core_pure_router_router_entry.java:294)
	at org.finos.legend.pure.runtime.java.compiled.generation.processors.support.Pure.evaluate(Pure.java:485)
	at org.finos.legend.pure.runtime.java.compiled.generation.processors.support.Pure.traceSpan(Pure.java:1482)
	at org.finos.legend.pure.generated.CoreGen.traceSpan(CoreGen.java:203)
	at org.finos.legend.pure.generated.core_pure_router_router_entry.Root_meta_pure_router_executePlan_ExecutionPlan_1__ExecutionContext_1__Extension_MANY__Result_$0_1$_(core_pure_router_router_entry.java:290)
	at org.finos.legend.pure.generated.core_pure_router_router_entry.Root_meta_pure_router_executePlan_ExecutionPlan_1__Extension_MANY__Result_$0_1$_(core_pure_router_router_entry.java:285)
	at org.finos.legend.pure.generated.core_relational_relational_sqlQueryToString_dbTestRunner_executionPlanTestRunner$19.execute(core_relational_relational_sqlQueryToString_dbTestRunner_executionPlanTestRunner.java:305)
	at org.finos.legend.pure.generated.core_relational_relational_sqlQueryToString_dbTestRunner_executionPlanTestRunner.Root_meta_relational_dbTestRunner_executeViaPlan_FunctionDefinition_1__Mapping_1__Database_1__DbTestConfig_1__Extension_MANY__Result_$0_1$_(core_relational_relational_sqlQueryToString_dbTestRunner_executionPlanTestRunner.java:309)
	at org.finos.legend.pure.generated.core_relational_relational_sqlQueryToString_testSuite_selectSubClauses_join.Root_meta_relational_tests_dbSpecificTests_sqlQueryTests_selectSubClauses_join_testJoinByMultiColumnName_DbTestConfig_1__Boolean_1_(core_relational_relational_sqlQueryToString_testSuite_selectSubClauses_join.java:567)
	at java.base/jdk.internal.reflect.NativeMethodAccessorImpl.invoke0(Native Method)
	at java.base/jdk.internal.reflect.NativeMethodAccessorImpl.invoke(NativeMethodAccessorImpl.java:62)
	at java.base/jdk.internal.reflect.DelegatingMethodAccessorImpl.invoke(DelegatingMethodAccessorImpl.java:43)
	at java.base/java.lang.reflect.Method.invoke(Method.java:566)
	at org.finos.legend.pure.runtime.java.compiled.testHelper.PureTestBuilderCompiled.executeFn(PureTestBuilderCompiled.java:113)
	at org.finos.legend.pure.runtime.java.compiled.testHelper.PureTestBuilderCompiled.lambda$buildSuite$0(PureTestBuilderCompiled.java:79)
	at org.finos.legend.pure.m3.execution.test.PureTestBuilder$PureTestCase.runTest(PureTestBuilder.java:95)
	at junit.framework.TestCase.runBare(TestCase.java:142)
	at org.finos.legend.engine.server.test.shared.Relational_DbSpecific_UsingPureClientTestSuite$2.runTest(Relational_DbSpecific_UsingPureClientTestSuite.java:90)
	at junit.framework.TestCase.runBare(TestCase.java:142)
	at junit.framework.TestResult$1.protect(TestResult.java:122)
	at junit.framework.TestResult.runProtected(TestResult.java:142)
	at junit.framework.TestResult.run(TestResult.java:125)
	at junit.framework.TestCase.run(TestCase.java:130)
	at junit.framework.TestSuite.runTest(TestSuite.java:241)
	at junit.framework.TestSuite.run(TestSuite.java:236)
	at junit.framework.TestSuite.runTest(TestSuite.java:241)
	at junit.framework.TestSuite.run(TestSuite.java:236)
	at junit.framework.TestSuite.runTest(TestSuite.java:241)
	at junit.framework.TestSuite.run(TestSuite.java:236)
	at junit.framework.TestSuite.runTest(TestSuite.java:241)
	at junit.framework.TestSuite.run(TestSuite.java:236)
	at junit.framework.TestSuite.runTest(TestSuite.java:241)
	at junit.framework.TestSuite.run(TestSuite.java:236)
	at junit.extensions.TestDecorator.basicRun(TestDecorator.java:24)
	at junit.extensions.TestSetup$1.protect(TestSetup.java:23)
	at junit.framework.TestResult.runProtected(TestResult.java:142)
	at junit.extensions.TestSetup.run(TestSetup.java:27)
	at org.junit.internal.runners.JUnit38ClassRunner.run(JUnit38ClassRunner.java:90)
	at org.apache.maven.surefire.junit4.JUnit4Provider.execute(JUnit4Provider.java:365)
	at org.apache.maven.surefire.junit4.JUnit4Provider.executeWithRerun(JUnit4Provider.java:273)
	at org.apache.maven.surefire.junit4.JUnit4Provider.executeTestSet(JUnit4Provider.java:238)
	at org.apache.maven.surefire.junit4.JUnit4Provider.invoke(JUnit4Provider.java:159)
	at org.apache.maven.surefire.booter.ForkedBooter.invokeProviderInSameClassLoader(ForkedBooter.java:384)
	at org.apache.maven.surefire.booter.ForkedBooter.runSuitesInProcess(ForkedBooter.java:345)
	at org.apache.maven.surefire.booter.ForkedBooter.execute(ForkedBooter.java:126)
	at org.apache.maven.surefire.booter.ForkedBooter.main(ForkedBooter.java:418)
]]></error>
    <system-out><![CDATA[Running db test selectSubClauses::join::testJoinByMultiColumnName
{"duration":0.0,"eventType":"EXECUTION_PLAN_EXEC_ERROR","info":{"code":-1,"message":"SnowflakeSQLException: SQL compilation error:\nObject 'PERSONTABLE' does not exist or not authorized.","status":"error","trace":"java.lang.RuntimeException: net.snowflake.client.jdbc.SnowflakeSQLException: SQL compilation error:\nObject 'PERSONTABLE' does not exist or not authorized.\n\tat org.finos.legend.engine.plan.execution.stores.relational.result.SQLExecutionResult.<init>(SQLExecutionResult.java:123)\n\tat org.finos.legend.engine.plan.execution.stores.relational.RelationalExecutor.execute(RelationalExecutor.java:241)\n\tat org.finos.legend.engine.plan.execution.stores.relational.plugin.RelationalExecutionNodeExecutor.visit(RelationalExecutionNodeExecutor.java:238)\n\tat org.finos.legend.engine.plan.execution.stores.relational.plugin.RelationalExecutionNodeExecutor.visit(RelationalExecutionNodeExecutor.java:252)\n\tat org.finos.legend.engine.plan.execution.stores.relational.plugin.RelationalExecutionNodeExecutor.visit(RelationalExecutionNodeExecutor.java:92)\n\tat org.finos.legend.engine.protocol.pure.v1.model.executionPlan.nodes.RelationalTdsInstantiationExecutionNode.accept(RelationalTdsInstantiationExecutionNode.java:22)\n\tat org.finos.legend.engine.plan.execution.stores.relational.RelationalExecutionExtension.lambda$getExtraNodeExecutors$fbe53481$1(RelationalExecutionExtension.java:50)\n\tat org.finos.legend.engine.plan.execution.nodes.ExecutionNodeExecutor.lambda$visit$0(ExecutionNodeExecutor.java:164)\n\tat java.base/java.util.stream.ReferencePipeline$3$1.accept(ReferencePipeline.java:195)\n\tat java.base/java.util.Spliterators$ArraySpliterator.tryAdvance(Spliterators.java:958)\n\tat java.base/java.util.stream.ReferencePipeline.forEachWithCancel(ReferencePipeline.java:127)\n\tat java.base/java.util.stream.AbstractPipeline.copyIntoWithCancel(AbstractPipeline.java:502)\n\tat java.base/java.util.stream.AbstractPipeline.copyInto(AbstractPipeline.java:488)\n\tat java.base/java.util.stream.AbstractPipeline.wrapAndCopyInto(AbstractPipeline.java:474)\n\tat java.base/java.util.stream.FindOps$FindOp.evaluateSequential(FindOps.java:150)\n\tat java.base/java.util.stream.AbstractPipeline.evaluate(AbstractPipeline.java:234)\n\tat java.base/java.util.stream.ReferencePipeline.findFirst(ReferencePipeline.java:543)\n\tat org.finos.legend.engine.plan.execution.nodes.ExecutionNodeExecutor.visit(ExecutionNodeExecutor.java:164)\n\tat org.finos.legend.engine.plan.execution.nodes.ExecutionNodeExecutor.visit(ExecutionNodeExecutor.java:107)\n\tat org.finos.legend.engine.protocol.pure.v1.model.executionPlan.nodes.RelationalTdsInstantiationExecutionNode.accept(RelationalTdsInstantiationExecutionNode.java:22)\n\tat org.finos.legend.engine.plan.execution.PlanExecutor.execute(PlanExecutor.java:238)\n\tat org.finos.legend.engine.plan.execution.PlanExecutor.execute(PlanExecutor.java:225)\n\tat org.finos.legend.engine.plan.execution.api.ExecutePlan.doExecutePlanLegacy(ExecutePlan.java:102)\n\tat org.finos.legend.engine.plan.execution.api.ExecutePlan.doExecutePlan(ExecutePlan.java:84)\n\tat org.finos.legend.engine.plan.execution.api.ExecutePlanLegacy.executePlan(ExecutePlanLegacy.java:56)\n\tat jdk.internal.reflect.GeneratedMethodAccessor100.invoke(Unknown Source)\n\tat java.base/jdk.internal.reflect.DelegatingMethodAccessorImpl.invoke(DelegatingMethodAccessorImpl.java:43)\n\tat java.base/java.lang.reflect.Method.invoke(Method.java:566)\n\tat org.glassfish.jersey.server.model.internal.ResourceMethodInvocationHandlerFactory$1.invoke(ResourceMethodInvocationHandlerFactory.java:81)\n\tat org.glassfish.jersey.server.model.internal.AbstractJavaResourceMethodDispatcher$1.run(AbstractJavaResourceMethodDispatcher.java:144)\n\tat org.glassfish.jersey.server.model.internal.AbstractJavaResourceMethodDispatcher.invoke(AbstractJavaResourceMethodDispatcher.java:161)\n\tat org.glassfish.jersey.server.model.internal.JavaResourceMethodDispatcherProvider$ResponseOutInvoker.doDispatch(JavaResourceMethodDispatcherProvider.java:160)\n\tat org.glassfish.jersey.server.model.internal.AbstractJavaResourceMethodDispatcher.dispatch(AbstractJavaResourceMethodDispatcher.java:99)\n\tat org.glassfish.jersey.server.model.ResourceMethodInvoker.invoke(ResourceMethodInvoker.java:389)\n\tat org.glassfish.jersey.server.model.ResourceMethodInvoker.apply(ResourceMethodInvoker.java:347)\n\tat org.glassfish.jersey.server.model.ResourceMethodInvoker.apply(ResourceMethodInvoker.java:102)\n\tat org.glassfish.jersey.server.ServerRuntime$2.run(ServerRuntime.java:326)\n\tat org.glassfish.jersey.internal.Errors$1.call(Errors.java:271)\n\tat org.glassfish.jersey.internal.Errors$1.call(Errors.java:267)\n\tat org.glassfish.jersey.internal.Errors.process(Errors.java:315)\n\tat org.glassfish.jersey.internal.Errors.process(Errors.java:297)\n\tat org.glassfish.jersey.internal.Errors.process(Errors.java:267)\n\tat org.glassfish.jersey.process.internal.RequestScope.runInScope(RequestScope.java:317)\n\tat org.glassfish.jersey.server.ServerRuntime.process(ServerRuntime.java:305)\n\tat org.glassfish.jersey.server.ApplicationHandler.handle(ApplicationHandler.java:1154)\n\tat org.glassfish.jersey.servlet.WebComponent.serviceImpl(WebComponent.java:473)\n\tat org.glassfish.jersey.servlet.WebComponent.service(WebComponent.java:427)\n\tat org.glassfish.jersey.servlet.ServletContainer.service(ServletContainer.java:388)\n\tat org.glassfish.jersey.servlet.ServletContainer.service(ServletContainer.java:341)\n\tat org.glassfish.jersey.servlet.ServletContainer.service(ServletContainer.java:228)\n\tat org.eclipse.jetty.servlet.ServletHolder.handle(ServletHolder.java:799)\n\tat org.eclipse.jetty.servlet.ServletHandler$ChainEnd.doFilter(ServletHandler.java:1631)\n\tat io.dropwizard.servlets.ThreadNameFilter.doFilter(ThreadNameFilter.java:35)\n\tat org.eclipse.jetty.servlet.FilterHolder.doFilter(FilterHolder.java:193)\n\tat org.eclipse.jetty.servlet.ServletHandler$Chain.doFilter(ServletHandler.java:1601)\n\tat io.dropwizard.jersey.filter.AllowedMethodsFilter.handle(AllowedMethodsFilter.java:45)\n\tat io.dropwizard.jersey.filter.AllowedMethodsFilter.doFilter(AllowedMethodsFilter.java:39)\n\tat org.eclipse.jetty.servlet.FilterHolder.doFilter(FilterHolder.java:193)\n\tat org.eclipse.jetty.servlet.ServletHandler$Chain.doFilter(ServletHandler.java:1601)\n\tat org.finos.legend.server.pac4j.internal.UsernameFilter.doFilter(UsernameFilter.java:51)\n\tat org.eclipse.jetty.servlet.FilterHolder.doFilter(FilterHolder.java:193)\n\tat org.eclipse.jetty.servlet.ServletHandler$Chain.doFilter(ServletHandler.java:1601)\n\tat org.pac4j.j2e.filter.SecurityFilter.lambda$internalFilter$0(SecurityFilter.java:95)\n\tat org.pac4j.core.engine.DefaultSecurityLogic.perform(DefaultSecurityLogic.java:140)\n\tat org.pac4j.j2e.filter.SecurityFilter.internalFilter(SecurityFilter.java:93)\n\tat org.pac4j.j2e.filter.AbstractConfigFilter.doFilter(AbstractConfigFilter.java:81)\n\tat org.eclipse.jetty.servlet.FilterHolder.doFilter(FilterHolder.java:193)\n\tat org.eclipse.jetty.servlet.ServletHandler$Chain.doFilter(ServletHandler.java:1601)\n\tat org.eclipse.jetty.servlet.ServletHandler.doHandle(ServletHandler.java:548)\n\tat org.eclipse.jetty.server.handler.ScopedHandler.nextHandle(ScopedHandler.java:233)\n\tat org.eclipse.jetty.server.session.SessionHandler.doHandle(SessionHandler.java:1624)\n\tat org.eclipse.jetty.server.handler.ScopedHandler.nextHandle(ScopedHandler.java:233)\n\tat org.eclipse.jetty.server.handler.ContextHandler.doHandle(ContextHandler.java:1434)\n\tat org.eclipse.jetty.server.handler.ScopedHandler.nextScope(ScopedHandler.java:188)\n\tat org.eclipse.jetty.servlet.ServletHandler.doScope(ServletHandler.java:501)\n\tat org.eclipse.jetty.server.session.SessionHandler.doScope(SessionHandler.java:1594)\n\tat org.eclipse.jetty.server.handler.ScopedHandler.nextScope(ScopedHandler.java:186)\n\tat org.eclipse.jetty.server.handler.ContextHandler.doScope(ContextHandler.java:1349)\n\tat org.eclipse.jetty.server.handler.ScopedHandler.handle(ScopedHandler.java:141)\n\tat org.eclipse.jetty.server.handler.HandlerWrapper.handle(HandlerWrapper.java:127)\n\tat com.codahale.metrics.jetty9.InstrumentedHandler.handle(InstrumentedHandler.java:313)\n\tat io.dropwizard.jetty.ContextRoutingHandler.handle(ContextRoutingHandler.java:37)\n\tat org.eclipse.jetty.server.handler.gzip.GzipHandler.handle(GzipHandler.java:713)\n\tat io.dropwizard.jetty.BiDiGzipHandler.handle(BiDiGzipHandler.java:67)\n\tat org.eclipse.jetty.server.handler.StatisticsHandler.handle(StatisticsHandler.java:179)\n\tat org.eclipse.jetty.server.handler.HandlerWrapper.handle(HandlerWrapper.java:127)\n\tat org.eclipse.jetty.server.Server.handle(Server.java:516)\n\tat org.eclipse.jetty.server.HttpChannel.lambda$handle$1(HttpChannel.java:400)\n\tat org.eclipse.jetty.server.HttpChannel.dispatch(HttpChannel.java:645)\n\tat org.eclipse.jetty.server.HttpChannel.handle(HttpChannel.java:392)\n\tat org.eclipse.jetty.server.HttpConnection.onFillable(HttpConnection.java:277)\n\tat org.eclipse.jetty.io.AbstractConnection$ReadCallback.succeeded(AbstractConnection.java:311)\n\tat org.eclipse.jetty.io.FillInterest.fillable(FillInterest.java:105)\n\tat org.eclipse.jetty.io.ChannelEndPoint$1.run(ChannelEndPoint.java:104)\n\tat org.eclipse.jetty.util.thread.strategy.EatWhatYouKill.runTask(EatWhatYouKill.java:338)\n\tat org.eclipse.jetty.util.thread.strategy.EatWhatYouKill.doProduce(EatWhatYouKill.java:315)\n\tat org.eclipse.jetty.util.thread.strategy.EatWhatYouKill.tryProduce(EatWhatYouKill.java:173)\n\tat org.eclipse.jetty.util.thread.strategy.EatWhatYouKill.run(EatWhatYouKill.java:131)\n\tat org.eclipse.jetty.util.thread.ReservedThreadExecutor$ReservedThread.run(ReservedThreadExecutor.java:409)\n\tat org.eclipse.jetty.util.thread.QueuedThreadPool.runJob(QueuedThreadPool.java:883)\n\tat org.eclipse.jetty.util.thread.QueuedThreadPool$Runner.run(QueuedThreadPool.java:1034)\n\tat java.base/java.lang.Thread.run(Thread.java:829)\nCaused by: net.snowflake.client.jdbc.SnowflakeSQLException: SQL compilation error:\nObject 'PERSONTABLE' does not exist or not authorized.\n\tat net.snowflake.client.jdbc.SnowflakeUtil.checkErrorAndThrowExceptionSub(SnowflakeUtil.java:127)\n\tat net.snowflake.client.jdbc.SnowflakeUtil.checkErrorAndThrowException(SnowflakeUtil.java:67)\n\tat net.snowflake.client.core.StmtUtil.pollForOutput(StmtUtil.java:442)\n\tat net.snowflake.client.core.StmtUtil.execute(StmtUtil.java:345)\n\tat net.snowflake.client.core.SFStatement.executeHelper(SFStatement.java:486)\n\tat net.snowflake.client.core.SFStatement.executeQueryInternal(SFStatement.java:197)\n\tat net.snowflake.client.core.SFStatement.executeQuery(SFStatement.java:134)\n\tat net.snowflake.client.core.SFStatement.execute(SFStatement.java:743)\n\tat net.snowflake.client.core.SFStatement.execute(SFStatement.java:639)\n\tat net.snowflake.client.jdbc.SnowflakeStatementV1.executeQueryInternal(SnowflakeStatementV1.java:238)\n\tat net.snowflake.client.jdbc.SnowflakeStatementV1.executeQuery(SnowflakeStatementV1.java:133)\n\tat com.zaxxer.hikari.pool.ProxyStatement.executeQuery(ProxyStatement.java:110)\n\tat com.zaxxer.hikari.pool.HikariProxyStatement.executeQuery(HikariProxyStatement.java)\n\tat org.finos.legend.engine.plan.execution.stores.relational.result.SQLExecutionResult.<init>(SQLExecutionResult.java:95)\n\t... 101 more\n"},"mode":"DEV","timeStamp":"2023-02-23 01:31:47.764","user":"_UNKNOWN_"}
| **selectSubClauses::join::testJoinByMultiColumnName** | failing :x: |
]]></system-out>
  </testcase>
  <testcase name="testJoinBySingleColumnName[Snowflake]" classname="org.finos.legend.engine.server.test.shared.Relational_DbSpecific_UsingPureClientTestSuite$2" time="0.276">
    <error message="Assert failure at (resource:/platform/pure/basics/tests/assertEq.pure line:34 column:5), &quot;500 &apos;{&quot;code&quot;:-1,&quot;message&quot;:&quot;SnowflakeSQLException: SQL compilation error:&#10;Object &apos;PERSONTABLE&apos; does not exist or not authorized.&quot;,&quot;status&quot;:&quot;error&quot;,&quot;trace&quot;:&quot;java.lang.RuntimeException: net.snowflake.client.jdbc.SnowflakeSQLException: SQL compilation error:&#10;Object &apos;PERSONTABLE&apos; does not exist or not authorized.&#10;at org.finos.legend.engine.plan.execution.stores.relational.result.SQLExecutionResult.&lt;init&gt;(SQLExecutionResult.java:123)&#10;at org.finos.legend.engine.plan.execution.stores.relational.RelationalExecutor.execute(RelationalExecutor.java:241)&#10;at org.finos.legend.engine.plan.execution.stores.relational.plugin.RelationalExecutionNodeExecutor.visit(RelationalExecutionNodeExecutor.java:238)&#10;at org.finos.legend.engine.plan.execution.stores.relational.plugin.RelationalExecutionNodeExecutor.visit(RelationalExecutionNodeExecutor.java:252)&#10;at org.finos.legend.engine.plan.execution.stores.relational.plugin.RelationalExecutionNodeExecutor.visit(RelationalExecutionNodeExecutor.java:92)&#10;at org.finos.legend.engine.protocol.pure.v1.model.executionPlan.nodes.RelationalTdsInstantiationExecutionNode.accept(RelationalTdsInstantiationExecutionNode.java:22)&#10;at org.finos.legend.engine.plan.execution.stores.relational.RelationalExecutionExtension.lambda$getExtraNodeExecutors$fbe53481$1(RelationalExecutionExtension.java:50)&#10;at org.finos.legend.engine.plan.execution.nodes.ExecutionNodeExecutor.lambda$visit$0(ExecutionNodeExecutor.java:164)&#10;at java.base/java.util.stream.ReferencePipeline$3$1.accept(ReferencePipeline.java:195)&#10;at java.base/java.util.Spliterators$ArraySpliterator.tryAdvance(Spliterators.java:958)&#10;at java.base/java.util.stream.ReferencePipeline.forEachWithCancel(ReferencePipeline.java:127)&#10;at java.base/java.util.stream.AbstractPipeline.copyIntoWithCancel(AbstractPipeline.java:502)&#10;at java.base/java.util.stream.AbstractPipeline.copyInto(AbstractPipeline.java:488)&#10;at java.base/java.util.stream.AbstractPipeline.wrapAndCopyInto(AbstractPipeline.java:474)&#10;at java.base/java.util.stream.FindOps$FindOp.evaluateSequential(FindOps.java:150)&#10;at java.base/java.util.stream.AbstractPipeline.evaluate(AbstractPipeline.java:234)&#10;at java.base/java.util.stream.ReferencePipeline.findFirst(ReferencePipeline.java:543)&#10;at org.finos.legend.engine.plan.execution.nodes.ExecutionNodeExecutor.visit(ExecutionNodeExecutor.java:164)&#10;at org.finos.legend.engine.plan.execution.nodes.ExecutionNodeExecutor.visit(ExecutionNodeExecutor.java:107)&#10;at org.finos.legend.engine.protocol.pure.v1.model.executionPlan.nodes.RelationalTdsInstantiationExecutionNode.accept(RelationalTdsInstantiationExecutionNode.java:22)&#10;at org.finos.legend.engine.plan.execution.PlanExecutor.execute(PlanExecutor.java:238)&#10;at org.finos.legend.engine.plan.execution.PlanExecutor.execute(PlanExecutor.java:225)&#10;at org.finos.legend.engine.plan.execution.api.ExecutePlan.doExecutePlanLegacy(ExecutePlan.java:102)&#10;at org.finos.legend.engine.plan.execution.api.ExecutePlan.doExecutePlan(ExecutePlan.java:84)&#10;at org.finos.legend.engine.plan.execution.api.ExecutePlanLegacy.executePlan(ExecutePlanLegacy.java:56)&#10;at jdk.internal.reflect.GeneratedMethodAccessor100.invoke(Unknown Source)&#10;at java.base/jdk.internal.reflect.DelegatingMethodAccessorImpl.invoke(DelegatingMethodAccessorImpl.java:43)&#10;at java.base/java.lang.reflect.Method.invoke(Method.java:566)&#10;at org.glassfish.jersey.server.model.internal.ResourceMethodInvocationHandlerFactory$1.invoke(ResourceMethodInvocationHandlerFactory.java:81)&#10;at org.glassfish.jersey.server.model.internal.AbstractJavaResourceMethodDispatcher$1.run(AbstractJavaResourceMethodDispatcher.java:144)&#10;at org.glassfish.jersey.server.model.internal.AbstractJavaResourceMethodDispatcher.invoke(AbstractJavaResourceMethodDispatcher.java:161)&#10;at org.glassfish.jersey.server.model.internal.JavaResourceMethodDispatcherProvider$ResponseOutInvoker.doDispatch(JavaResourceMethodDispatcherProvider.java:160)&#10;at org.glassfish.jersey.server.model.internal.AbstractJavaResourceMethodDispatcher.dispatch(AbstractJavaResourceMethodDispatcher.java:99)&#10;at org.glassfish.jersey.server.model.ResourceMethodInvoker.invoke(ResourceMethodInvoker.java:389)&#10;at org.glassfish.jersey.server.model.ResourceMethodInvoker.apply(ResourceMethodInvoker.java:347)&#10;at org.glassfish.jersey.server.model.ResourceMethodInvoker.apply(ResourceMethodInvoker.java:102)&#10;at org.glassfish.jersey.server.ServerRuntime$2.run(ServerRuntime.java:326)&#10;at org.glassfish.jersey.internal.Errors$1.call(Errors.java:271)&#10;at org.glassfish.jersey.internal.Errors$1.call(Errors.java:267)&#10;at org.glassfish.jersey.internal.Errors.process(Errors.java:315)&#10;at org.glassfish.jersey.internal.Errors.process(Errors.java:297)&#10;at org.glassfish.jersey.internal.Errors.process(Errors.java:267)&#10;at org.glassfish.jersey.process.internal.RequestScope.runInScope(RequestScope.java:317)&#10;at org.glassfish.jersey.server.ServerRuntime.process(ServerRuntime.java:305)&#10;at org.glassfish.jersey.server.ApplicationHandler.handle(ApplicationHandler.java:1154)&#10;at org.glassfish.jersey.servlet.WebComponent.serviceImpl(WebComponent.java:473)&#10;at org.glassfish.jersey.servlet.WebComponent.service(WebComponent.java:427)&#10;at org.glassfish.jersey.servlet.ServletContainer.service(ServletContainer.java:388)&#10;at org.glassfish.jersey.servlet.ServletContainer.service(ServletContainer.java:341)&#10;at org.glassfish.jersey.servlet.ServletContainer.service(ServletContainer.java:228)&#10;at org.eclipse.jetty.servlet.ServletHolder.handle(ServletHolder.java:799)&#10;at org.eclipse.jetty.servlet.ServletHandler$ChainEnd.doFilter(ServletHandler.java:1631)&#10;at io.dropwizard.servlets.ThreadNameFilter.doFilter(ThreadNameFilter.java:35)&#10;at org.eclipse.jetty.servlet.FilterHolder.doFilter(FilterHolder.java:193)&#10;at org.eclipse.jetty.servlet.ServletHandler$Chain.doFilter(ServletHandler.java:1601)&#10;at io.dropwizard.jersey.filter.AllowedMethodsFilter.handle(AllowedMethodsFilter.java:45)&#10;at io.dropwizard.jersey.filter.AllowedMethodsFilter.doFilter(AllowedMethodsFilter.java:39)&#10;at org.eclipse.jetty.servlet.FilterHolder.doFilter(FilterHolder.java:193)&#10;at org.eclipse.jetty.servlet.ServletHandler$Chain.doFilter(ServletHandler.java:1601)&#10;at org.finos.legend.server.pac4j.internal.UsernameFilter.doFilter(UsernameFilter.java:51)&#10;at org.eclipse.jetty.servlet.FilterHolder.doFilter(FilterHolder.java:193)&#10;at org.eclipse.jetty.servlet.ServletHandler$Chain.doFilter(ServletHandler.java:1601)&#10;at org.pac4j.j2e.filter.SecurityFilter.lambda$internalFilter$0(SecurityFilter.java:95)&#10;at org.pac4j.core.engine.DefaultSecurityLogic.perform(DefaultSecurityLogic.java:140)&#10;at org.pac4j.j2e.filter.SecurityFilter.internalFilter(SecurityFilter.java:93)&#10;at org.pac4j.j2e.filter.AbstractConfigFilter.doFilter(AbstractConfigFilter.java:81)&#10;at org.eclipse.jetty.servlet.FilterHolder.doFilter(FilterHolder.java:193)&#10;at org.eclipse.jetty.servlet.ServletHandler$Chain.doFilter(ServletHandler.java:1601)&#10;at org.eclipse.jetty.servlet.ServletHandler.doHandle(ServletHandler.java:548)&#10;at org.eclipse.jetty.server.handler.ScopedHandler.nextHandle(ScopedHandler.java:233)&#10;at org.eclipse.jetty.server.session.SessionHandler.doHandle(SessionHandler.java:1624)&#10;at org.eclipse.jetty.server.handler.ScopedHandler.nextHandle(ScopedHandler.java:233)&#10;at org.eclipse.jetty.server.handler.ContextHandler.doHandle(ContextHandler.java:1434)&#10;at org.eclipse.jetty.server.handler.ScopedHandler.nextScope(ScopedHandler.java:188)&#10;at org.eclipse.jetty.servlet.ServletHandler.doScope(ServletHandler.java:501)&#10;at org.eclipse.jetty.server.session.SessionHandler.doScope(SessionHandler.java:1594)&#10;at org.eclipse.jetty.server.handler.ScopedHandler.nextScope(ScopedHandler.java:186)&#10;at org.eclipse.jetty.server.handler.ContextHandler.doScope(ContextHandler.java:1349)&#10;at org.eclipse.jetty.server.handler.ScopedHandler.handle(ScopedHandler.java:141)&#10;at org.eclipse.jetty.server.handler.HandlerWrapper.handle(HandlerWrapper.java:127)&#10;at com.codahale.metrics.jetty9.InstrumentedHandler.handle(InstrumentedHandler.java:313)&#10;at io.dropwizard.jetty.ContextRoutingHandler.handle(ContextRoutingHandler.java:37)&#10;at org.eclipse.jetty.server.handler.gzip.GzipHandler.handle(GzipHandler.java:713)&#10;at io.dropwizard.jetty.BiDiGzipHandler.handle(BiDiGzipHandler.java:67)&#10;at org.eclipse.jetty.server.handler.StatisticsHandler.handle(StatisticsHandler.java:179)&#10;at org.eclipse.jetty.server.handler.HandlerWrapper.handle(HandlerWrapper.java:127)&#10;at org.eclipse.jetty.server.Server.handle(Server.java:516)&#10;at org.eclipse.jetty.server.HttpChannel.lambda$handle$1(HttpChannel.java:400)&#10;at org.eclipse.jetty.server.HttpChannel.dispatch(HttpChannel.java:645)&#10;at org.eclipse.jetty.server.HttpChannel.handle(HttpChannel.java:392)&#10;at org.eclipse.jetty.server.HttpConnection.onFillable(HttpConnection.java:277)&#10;at org.eclipse.jetty.io.AbstractConnection$ReadCallback.succeeded(AbstractConnection.java:311)&#10;at org.eclipse.jetty.io.FillInterest.fillable(FillInterest.java:105)&#10;at org.eclipse.jetty.io.ChannelEndPoint$1.run(ChannelEndPoint.java:104)&#10;at org.eclipse.jetty.util.thread.strategy.EatWhatYouKill.runTask(EatWhatYouKill.java:338)&#10;at org.eclipse.jetty.util.thread.strategy.EatWhatYouKill.doProduce(EatWhatYouKill.java:315)&#10;at org.eclipse.jetty.util.thread.strategy.EatWhatYouKill.tryProduce(EatWhatYouKill.java:173)&#10;at org.eclipse.jetty.util.thread.strategy.EatWhatYouKill.run(EatWhatYouKill.java:131)&#10;at org.eclipse.jetty.util.thread.ReservedThreadExecutor$ReservedThread.run(ReservedThreadExecutor.java:409)&#10;at org.eclipse.jetty.util.thread.QueuedThreadPool.runJob(QueuedThreadPool.java:883)&#10;at org.eclipse.jetty.util.thread.QueuedThreadPool$Runner.run(QueuedThreadPool.java:1034)&#10;at java.base/java.lang.Thread.run(Thread.java:829)&#10;Caused by: net.snowflake.client.jdbc.SnowflakeSQLException: SQL compilation error:&#10;Object &apos;PERSONTABLE&apos; does not exist or not authorized.&#10;at net.snowflake.client.jdbc.SnowflakeUtil.checkErrorAndThrowExceptionSub(SnowflakeUtil.java:127)&#10;at net.snowflake.client.jdbc.SnowflakeUtil.checkErrorAndThrowException(SnowflakeUtil.java:67)&#10;at net.snowflake.client.core.StmtUtil.pollForOutput(StmtUtil.java:442)&#10;at net.snowflake.client.core.StmtUtil.execute(StmtUtil.java:345)&#10;at net.snowflake.client.core.SFStatement.executeHelper(SFStatement.java:486)&#10;at net.snowflake.client.core.SFStatement.executeQueryInternal(SFStatement.java:197)&#10;at net.snowflake.client.core.SFStatement.executeQuery(SFStatement.java:134)&#10;at net.snowflake.client.core.SFStatement.execute(SFStatement.java:743)&#10;at net.snowflake.client.core.SFStatement.execute(SFStatement.java:639)&#10;at net.snowflake.client.jdbc.SnowflakeStatementV1.executeQueryInternal(SnowflakeStatementV1.java:238)&#10;at net.snowflake.client.jdbc.SnowflakeStatementV1.executeQuery(SnowflakeStatementV1.java:133)&#10;at com.zaxxer.hikari.pool.ProxyStatement.executeQuery(ProxyStatement.java:110)&#10;at com.zaxxer.hikari.pool.HikariProxyStatement.executeQuery(HikariProxyStatement.java)&#10;at org.finos.legend.engine.plan.execution.stores.relational.result.SQLExecutionResult.&lt;init&gt;(SQLExecutionResult.java:95)&#10;... 101 more&#10;&quot;}&apos;&quot;" type="Assert failure at (resource"><![CDATA[Assert failure at (resource:/platform/pure/basics/tests/assertEq.pure line:34 column:5), "500 '{"code":-1,"message":"SnowflakeSQLException: SQL compilation error:
Object 'PERSONTABLE' does not exist or not authorized.","status":"error","trace":"java.lang.RuntimeException: net.snowflake.client.jdbc.SnowflakeSQLException: SQL compilation error:
Object 'PERSONTABLE' does not exist or not authorized.
at org.finos.legend.engine.plan.execution.stores.relational.result.SQLExecutionResult.<init>(SQLExecutionResult.java:123)
at org.finos.legend.engine.plan.execution.stores.relational.RelationalExecutor.execute(RelationalExecutor.java:241)
at org.finos.legend.engine.plan.execution.stores.relational.plugin.RelationalExecutionNodeExecutor.visit(RelationalExecutionNodeExecutor.java:238)
at org.finos.legend.engine.plan.execution.stores.relational.plugin.RelationalExecutionNodeExecutor.visit(RelationalExecutionNodeExecutor.java:252)
at org.finos.legend.engine.plan.execution.stores.relational.plugin.RelationalExecutionNodeExecutor.visit(RelationalExecutionNodeExecutor.java:92)
at org.finos.legend.engine.protocol.pure.v1.model.executionPlan.nodes.RelationalTdsInstantiationExecutionNode.accept(RelationalTdsInstantiationExecutionNode.java:22)
at org.finos.legend.engine.plan.execution.stores.relational.RelationalExecutionExtension.lambda$getExtraNodeExecutors$fbe53481$1(RelationalExecutionExtension.java:50)
at org.finos.legend.engine.plan.execution.nodes.ExecutionNodeExecutor.lambda$visit$0(ExecutionNodeExecutor.java:164)
at java.base/java.util.stream.ReferencePipeline$3$1.accept(ReferencePipeline.java:195)
at java.base/java.util.Spliterators$ArraySpliterator.tryAdvance(Spliterators.java:958)
at java.base/java.util.stream.ReferencePipeline.forEachWithCancel(ReferencePipeline.java:127)
at java.base/java.util.stream.AbstractPipeline.copyIntoWithCancel(AbstractPipeline.java:502)
at java.base/java.util.stream.AbstractPipeline.copyInto(AbstractPipeline.java:488)
at java.base/java.util.stream.AbstractPipeline.wrapAndCopyInto(AbstractPipeline.java:474)
at java.base/java.util.stream.FindOps$FindOp.evaluateSequential(FindOps.java:150)
at java.base/java.util.stream.AbstractPipeline.evaluate(AbstractPipeline.java:234)
at java.base/java.util.stream.ReferencePipeline.findFirst(ReferencePipeline.java:543)
at org.finos.legend.engine.plan.execution.nodes.ExecutionNodeExecutor.visit(ExecutionNodeExecutor.java:164)
at org.finos.legend.engine.plan.execution.nodes.ExecutionNodeExecutor.visit(ExecutionNodeExecutor.java:107)
at org.finos.legend.engine.protocol.pure.v1.model.executionPlan.nodes.RelationalTdsInstantiationExecutionNode.accept(RelationalTdsInstantiationExecutionNode.java:22)
at org.finos.legend.engine.plan.execution.PlanExecutor.execute(PlanExecutor.java:238)
at org.finos.legend.engine.plan.execution.PlanExecutor.execute(PlanExecutor.java:225)
at org.finos.legend.engine.plan.execution.api.ExecutePlan.doExecutePlanLegacy(ExecutePlan.java:102)
at org.finos.legend.engine.plan.execution.api.ExecutePlan.doExecutePlan(ExecutePlan.java:84)
at org.finos.legend.engine.plan.execution.api.ExecutePlanLegacy.executePlan(ExecutePlanLegacy.java:56)
at jdk.internal.reflect.GeneratedMethodAccessor100.invoke(Unknown Source)
at java.base/jdk.internal.reflect.DelegatingMethodAccessorImpl.invoke(DelegatingMethodAccessorImpl.java:43)
at java.base/java.lang.reflect.Method.invoke(Method.java:566)
at org.glassfish.jersey.server.model.internal.ResourceMethodInvocationHandlerFactory$1.invoke(ResourceMethodInvocationHandlerFactory.java:81)
at org.glassfish.jersey.server.model.internal.AbstractJavaResourceMethodDispatcher$1.run(AbstractJavaResourceMethodDispatcher.java:144)
at org.glassfish.jersey.server.model.internal.AbstractJavaResourceMethodDispatcher.invoke(AbstractJavaResourceMethodDispatcher.java:161)
at org.glassfish.jersey.server.model.internal.JavaResourceMethodDispatcherProvider$ResponseOutInvoker.doDispatch(JavaResourceMethodDispatcherProvider.java:160)
at org.glassfish.jersey.server.model.internal.AbstractJavaResourceMethodDispatcher.dispatch(AbstractJavaResourceMethodDispatcher.java:99)
at org.glassfish.jersey.server.model.ResourceMethodInvoker.invoke(ResourceMethodInvoker.java:389)
at org.glassfish.jersey.server.model.ResourceMethodInvoker.apply(ResourceMethodInvoker.java:347)
at org.glassfish.jersey.server.model.ResourceMethodInvoker.apply(ResourceMethodInvoker.java:102)
at org.glassfish.jersey.server.ServerRuntime$2.run(ServerRuntime.java:326)
at org.glassfish.jersey.internal.Errors$1.call(Errors.java:271)
at org.glassfish.jersey.internal.Errors$1.call(Errors.java:267)
at org.glassfish.jersey.internal.Errors.process(Errors.java:315)
at org.glassfish.jersey.internal.Errors.process(Errors.java:297)
at org.glassfish.jersey.internal.Errors.process(Errors.java:267)
at org.glassfish.jersey.process.internal.RequestScope.runInScope(RequestScope.java:317)
at org.glassfish.jersey.server.ServerRuntime.process(ServerRuntime.java:305)
at org.glassfish.jersey.server.ApplicationHandler.handle(ApplicationHandler.java:1154)
at org.glassfish.jersey.servlet.WebComponent.serviceImpl(WebComponent.java:473)
at org.glassfish.jersey.servlet.WebComponent.service(WebComponent.java:427)
at org.glassfish.jersey.servlet.ServletContainer.service(ServletContainer.java:388)
at org.glassfish.jersey.servlet.ServletContainer.service(ServletContainer.java:341)
at org.glassfish.jersey.servlet.ServletContainer.service(ServletContainer.java:228)
at org.eclipse.jetty.servlet.ServletHolder.handle(ServletHolder.java:799)
at org.eclipse.jetty.servlet.ServletHandler$ChainEnd.doFilter(ServletHandler.java:1631)
at io.dropwizard.servlets.ThreadNameFilter.doFilter(ThreadNameFilter.java:35)
at org.eclipse.jetty.servlet.FilterHolder.doFilter(FilterHolder.java:193)
at org.eclipse.jetty.servlet.ServletHandler$Chain.doFilter(ServletHandler.java:1601)
at io.dropwizard.jersey.filter.AllowedMethodsFilter.handle(AllowedMethodsFilter.java:45)
at io.dropwizard.jersey.filter.AllowedMethodsFilter.doFilter(AllowedMethodsFilter.java:39)
at org.eclipse.jetty.servlet.FilterHolder.doFilter(FilterHolder.java:193)
at org.eclipse.jetty.servlet.ServletHandler$Chain.doFilter(ServletHandler.java:1601)
at org.finos.legend.server.pac4j.internal.UsernameFilter.doFilter(UsernameFilter.java:51)
at org.eclipse.jetty.servlet.FilterHolder.doFilter(FilterHolder.java:193)
at org.eclipse.jetty.servlet.ServletHandler$Chain.doFilter(ServletHandler.java:1601)
at org.pac4j.j2e.filter.SecurityFilter.lambda$internalFilter$0(SecurityFilter.java:95)
at org.pac4j.core.engine.DefaultSecurityLogic.perform(DefaultSecurityLogic.java:140)
at org.pac4j.j2e.filter.SecurityFilter.internalFilter(SecurityFilter.java:93)
at org.pac4j.j2e.filter.AbstractConfigFilter.doFilter(AbstractConfigFilter.java:81)
at org.eclipse.jetty.servlet.FilterHolder.doFilter(FilterHolder.java:193)
at org.eclipse.jetty.servlet.ServletHandler$Chain.doFilter(ServletHandler.java:1601)
at org.eclipse.jetty.servlet.ServletHandler.doHandle(ServletHandler.java:548)
at org.eclipse.jetty.server.handler.ScopedHandler.nextHandle(ScopedHandler.java:233)
at org.eclipse.jetty.server.session.SessionHandler.doHandle(SessionHandler.java:1624)
at org.eclipse.jetty.server.handler.ScopedHandler.nextHandle(ScopedHandler.java:233)
at org.eclipse.jetty.server.handler.ContextHandler.doHandle(ContextHandler.java:1434)
at org.eclipse.jetty.server.handler.ScopedHandler.nextScope(ScopedHandler.java:188)
at org.eclipse.jetty.servlet.ServletHandler.doScope(ServletHandler.java:501)
at org.eclipse.jetty.server.session.SessionHandler.doScope(SessionHandler.java:1594)
at org.eclipse.jetty.server.handler.ScopedHandler.nextScope(ScopedHandler.java:186)
at org.eclipse.jetty.server.handler.ContextHandler.doScope(ContextHandler.java:1349)
at org.eclipse.jetty.server.handler.ScopedHandler.handle(ScopedHandler.java:141)
at org.eclipse.jetty.server.handler.HandlerWrapper.handle(HandlerWrapper.java:127)
at com.codahale.metrics.jetty9.InstrumentedHandler.handle(InstrumentedHandler.java:313)
at io.dropwizard.jetty.ContextRoutingHandler.handle(ContextRoutingHandler.java:37)
at org.eclipse.jetty.server.handler.gzip.GzipHandler.handle(GzipHandler.java:713)
at io.dropwizard.jetty.BiDiGzipHandler.handle(BiDiGzipHandler.java:67)
at org.eclipse.jetty.server.handler.StatisticsHandler.handle(StatisticsHandler.java:179)
at org.eclipse.jetty.server.handler.HandlerWrapper.handle(HandlerWrapper.java:127)
at org.eclipse.jetty.server.Server.handle(Server.java:516)
at org.eclipse.jetty.server.HttpChannel.lambda$handle$1(HttpChannel.java:400)
at org.eclipse.jetty.server.HttpChannel.dispatch(HttpChannel.java:645)
at org.eclipse.jetty.server.HttpChannel.handle(HttpChannel.java:392)
at org.eclipse.jetty.server.HttpConnection.onFillable(HttpConnection.java:277)
at org.eclipse.jetty.io.AbstractConnection$ReadCallback.succeeded(AbstractConnection.java:311)
at org.eclipse.jetty.io.FillInterest.fillable(FillInterest.java:105)
at org.eclipse.jetty.io.ChannelEndPoint$1.run(ChannelEndPoint.java:104)
at org.eclipse.jetty.util.thread.strategy.EatWhatYouKill.runTask(EatWhatYouKill.java:338)
at org.eclipse.jetty.util.thread.strategy.EatWhatYouKill.doProduce(EatWhatYouKill.java:315)
at org.eclipse.jetty.util.thread.strategy.EatWhatYouKill.tryProduce(EatWhatYouKill.java:173)
at org.eclipse.jetty.util.thread.strategy.EatWhatYouKill.run(EatWhatYouKill.java:131)
at org.eclipse.jetty.util.thread.ReservedThreadExecutor$ReservedThread.run(ReservedThreadExecutor.java:409)
at org.eclipse.jetty.util.thread.QueuedThreadPool.runJob(QueuedThreadPool.java:883)
at org.eclipse.jetty.util.thread.QueuedThreadPool$Runner.run(QueuedThreadPool.java:1034)
at java.base/java.lang.Thread.run(Thread.java:829)
Caused by: net.snowflake.client.jdbc.SnowflakeSQLException: SQL compilation error:
Object 'PERSONTABLE' does not exist or not authorized.
at net.snowflake.client.jdbc.SnowflakeUtil.checkErrorAndThrowExceptionSub(SnowflakeUtil.java:127)
at net.snowflake.client.jdbc.SnowflakeUtil.checkErrorAndThrowException(SnowflakeUtil.java:67)
at net.snowflake.client.core.StmtUtil.pollForOutput(StmtUtil.java:442)
at net.snowflake.client.core.StmtUtil.execute(StmtUtil.java:345)
at net.snowflake.client.core.SFStatement.executeHelper(SFStatement.java:486)
at net.snowflake.client.core.SFStatement.executeQueryInternal(SFStatement.java:197)
at net.snowflake.client.core.SFStatement.executeQuery(SFStatement.java:134)
at net.snowflake.client.core.SFStatement.execute(SFStatement.java:743)
at net.snowflake.client.core.SFStatement.execute(SFStatement.java:639)
at net.snowflake.client.jdbc.SnowflakeStatementV1.executeQueryInternal(SnowflakeStatementV1.java:238)
at net.snowflake.client.jdbc.SnowflakeStatementV1.executeQuery(SnowflakeStatementV1.java:133)
at com.zaxxer.hikari.pool.ProxyStatement.executeQuery(ProxyStatement.java:110)
at com.zaxxer.hikari.pool.HikariProxyStatement.executeQuery(HikariProxyStatement.java)
at org.finos.legend.engine.plan.execution.stores.relational.result.SQLExecutionResult.<init>(SQLExecutionResult.java:95)
... 101 more
"}'"
	at org.finos.legend.pure.runtime.java.compiled.generation.processors.support.CompiledSupport.pureAssert(CompiledSupport.java:1994)
	at org.finos.legend.pure.generated.platform_pure_basics_tests_assertEq.Root_meta_pure_functions_asserts_assertEq_Any_1__Any_1__Function_1__Boolean_1_(platform_pure_basics_tests_assertEq.java:44)
	at org.finos.legend.pure.generated.core_pure_protocol_vX_X_X_invocations_execution.Root_meta_protocols_pure_vX_X_X_invocation_execution_execute_executePlan_String_1__String_1__Integer_1__String_1_(core_pure_protocol_vX_X_X_invocations_execution.java:751)
	at org.finos.legend.pure.generated.core_pure_protocol_vX_X_X_invocations_execution.Root_meta_protocols_pure_vX_X_X_invocation_execution_execute_executePlan_ExecutionPlan_1__String_1__Integer_1__Extension_MANY__String_1_(core_pure_protocol_vX_X_X_invocations_execution.java:745)
	at org.finos.legend.pure.generated.core_pure_protocol_vX_X_X_invocations_execution.Root_meta_protocols_pure_vX_X_X_invocation_execution_execute_executePlan_ExecutionPlan_1__ExecutionContext_$0_1$__String_1__Integer_1__Extension_MANY__Result_1_(core_pure_protocol_vX_X_X_invocations_execution.java:738)
	at jdk.internal.reflect.GeneratedMethodAccessor96.invoke(Unknown Source)
	at java.base/jdk.internal.reflect.DelegatingMethodAccessorImpl.invoke(DelegatingMethodAccessorImpl.java:43)
	at java.base/java.lang.reflect.Method.invoke(Method.java:566)
	at org.finos.legend.pure.runtime.java.compiled.metadata.JavaMethodWithParamsSharedPureFunction.execute(JavaMethodWithParamsSharedPureFunction.java:59)
	at org.finos.legend.pure.runtime.java.compiled.generation.processors.support.Pure._evaluateToMany(Pure.java:546)
	at org.finos.legend.pure.generated.CoreGen.evaluateToMany(CoreGen.java:147)
	at org.finos.legend.pure.generated.CoreGen.evaluateToMany(CoreGen.java:134)
	at org.finos.legend.pure.generated.core_pure_router_router_entry$9$1.value(core_pure_router_router_entry.java:318)
	at org.finos.legend.pure.generated.core_pure_router_router_entry$9$1.execute(core_pure_router_router_entry.java:311)
	at org.finos.legend.pure.generated.core_pure_router_router_entry$9$1.execute(core_pure_router_router_entry.java:307)
	at org.finos.legend.pure.runtime.java.compiled.generation.processors.support.Pure.evaluate(Pure.java:485)
	at org.finos.legend.pure.runtime.java.compiled.generation.processors.support.Pure.legendTest(Pure.java:216)
	at org.finos.legend.pure.generated.CoreGen.legendTest(CoreGen.java:61)
	at org.finos.legend.pure.generated.core_pure_router_router_entry$9.valueOf(core_pure_router_router_entry.java:303)
	at org.finos.legend.pure.generated.core_pure_router_router_entry$9.execute(core_pure_router_router_entry.java:298)
	at org.finos.legend.pure.generated.core_pure_router_router_entry$9.execute(core_pure_router_router_entry.java:294)
	at org.finos.legend.pure.runtime.java.compiled.generation.processors.support.Pure.evaluate(Pure.java:485)
	at org.finos.legend.pure.runtime.java.compiled.generation.processors.support.Pure.traceSpan(Pure.java:1482)
	at org.finos.legend.pure.generated.CoreGen.traceSpan(CoreGen.java:203)
	at org.finos.legend.pure.generated.core_pure_router_router_entry.Root_meta_pure_router_executePlan_ExecutionPlan_1__ExecutionContext_1__Extension_MANY__Result_$0_1$_(core_pure_router_router_entry.java:290)
	at org.finos.legend.pure.generated.core_pure_router_router_entry.Root_meta_pure_router_executePlan_ExecutionPlan_1__Extension_MANY__Result_$0_1$_(core_pure_router_router_entry.java:285)
	at org.finos.legend.pure.generated.core_relational_relational_sqlQueryToString_dbTestRunner_executionPlanTestRunner$19.execute(core_relational_relational_sqlQueryToString_dbTestRunner_executionPlanTestRunner.java:305)
	at org.finos.legend.pure.generated.core_relational_relational_sqlQueryToString_dbTestRunner_executionPlanTestRunner.Root_meta_relational_dbTestRunner_executeViaPlan_FunctionDefinition_1__Mapping_1__Database_1__DbTestConfig_1__Extension_MANY__Result_$0_1$_(core_relational_relational_sqlQueryToString_dbTestRunner_executionPlanTestRunner.java:309)
	at org.finos.legend.pure.generated.core_relational_relational_sqlQueryToString_testSuite_selectSubClauses_join.Root_meta_relational_tests_dbSpecificTests_sqlQueryTests_selectSubClauses_join_testJoinBySingleColumnName_DbTestConfig_1__Boolean_1_(core_relational_relational_sqlQueryToString_testSuite_selectSubClauses_join.java:607)
	at java.base/jdk.internal.reflect.NativeMethodAccessorImpl.invoke0(Native Method)
	at java.base/jdk.internal.reflect.NativeMethodAccessorImpl.invoke(NativeMethodAccessorImpl.java:62)
	at java.base/jdk.internal.reflect.DelegatingMethodAccessorImpl.invoke(DelegatingMethodAccessorImpl.java:43)
	at java.base/java.lang.reflect.Method.invoke(Method.java:566)
	at org.finos.legend.pure.runtime.java.compiled.testHelper.PureTestBuilderCompiled.executeFn(PureTestBuilderCompiled.java:113)
	at org.finos.legend.pure.runtime.java.compiled.testHelper.PureTestBuilderCompiled.lambda$buildSuite$0(PureTestBuilderCompiled.java:79)
	at org.finos.legend.pure.m3.execution.test.PureTestBuilder$PureTestCase.runTest(PureTestBuilder.java:95)
	at junit.framework.TestCase.runBare(TestCase.java:142)
	at org.finos.legend.engine.server.test.shared.Relational_DbSpecific_UsingPureClientTestSuite$2.runTest(Relational_DbSpecific_UsingPureClientTestSuite.java:90)
	at junit.framework.TestCase.runBare(TestCase.java:142)
	at junit.framework.TestResult$1.protect(TestResult.java:122)
	at junit.framework.TestResult.runProtected(TestResult.java:142)
	at junit.framework.TestResult.run(TestResult.java:125)
	at junit.framework.TestCase.run(TestCase.java:130)
	at junit.framework.TestSuite.runTest(TestSuite.java:241)
	at junit.framework.TestSuite.run(TestSuite.java:236)
	at junit.framework.TestSuite.runTest(TestSuite.java:241)
	at junit.framework.TestSuite.run(TestSuite.java:236)
	at junit.framework.TestSuite.runTest(TestSuite.java:241)
	at junit.framework.TestSuite.run(TestSuite.java:236)
	at junit.framework.TestSuite.runTest(TestSuite.java:241)
	at junit.framework.TestSuite.run(TestSuite.java:236)
	at junit.framework.TestSuite.runTest(TestSuite.java:241)
	at junit.framework.TestSuite.run(TestSuite.java:236)
	at junit.extensions.TestDecorator.basicRun(TestDecorator.java:24)
	at junit.extensions.TestSetup$1.protect(TestSetup.java:23)
	at junit.framework.TestResult.runProtected(TestResult.java:142)
	at junit.extensions.TestSetup.run(TestSetup.java:27)
	at org.junit.internal.runners.JUnit38ClassRunner.run(JUnit38ClassRunner.java:90)
	at org.apache.maven.surefire.junit4.JUnit4Provider.execute(JUnit4Provider.java:365)
	at org.apache.maven.surefire.junit4.JUnit4Provider.executeWithRerun(JUnit4Provider.java:273)
	at org.apache.maven.surefire.junit4.JUnit4Provider.executeTestSet(JUnit4Provider.java:238)
	at org.apache.maven.surefire.junit4.JUnit4Provider.invoke(JUnit4Provider.java:159)
	at org.apache.maven.surefire.booter.ForkedBooter.invokeProviderInSameClassLoader(ForkedBooter.java:384)
	at org.apache.maven.surefire.booter.ForkedBooter.runSuitesInProcess(ForkedBooter.java:345)
	at org.apache.maven.surefire.booter.ForkedBooter.execute(ForkedBooter.java:126)
	at org.apache.maven.surefire.booter.ForkedBooter.main(ForkedBooter.java:418)
]]></error>
    <system-out><![CDATA[Running db test selectSubClauses::join::testJoinBySingleColumnName
{"duration":0.0,"eventType":"EXECUTION_PLAN_EXEC_ERROR","info":{"code":-1,"message":"SnowflakeSQLException: SQL compilation error:\nObject 'PERSONTABLE' does not exist or not authorized.","status":"error","trace":"java.lang.RuntimeException: net.snowflake.client.jdbc.SnowflakeSQLException: SQL compilation error:\nObject 'PERSONTABLE' does not exist or not authorized.\n\tat org.finos.legend.engine.plan.execution.stores.relational.result.SQLExecutionResult.<init>(SQLExecutionResult.java:123)\n\tat org.finos.legend.engine.plan.execution.stores.relational.RelationalExecutor.execute(RelationalExecutor.java:241)\n\tat org.finos.legend.engine.plan.execution.stores.relational.plugin.RelationalExecutionNodeExecutor.visit(RelationalExecutionNodeExecutor.java:238)\n\tat org.finos.legend.engine.plan.execution.stores.relational.plugin.RelationalExecutionNodeExecutor.visit(RelationalExecutionNodeExecutor.java:252)\n\tat org.finos.legend.engine.plan.execution.stores.relational.plugin.RelationalExecutionNodeExecutor.visit(RelationalExecutionNodeExecutor.java:92)\n\tat org.finos.legend.engine.protocol.pure.v1.model.executionPlan.nodes.RelationalTdsInstantiationExecutionNode.accept(RelationalTdsInstantiationExecutionNode.java:22)\n\tat org.finos.legend.engine.plan.execution.stores.relational.RelationalExecutionExtension.lambda$getExtraNodeExecutors$fbe53481$1(RelationalExecutionExtension.java:50)\n\tat org.finos.legend.engine.plan.execution.nodes.ExecutionNodeExecutor.lambda$visit$0(ExecutionNodeExecutor.java:164)\n\tat java.base/java.util.stream.ReferencePipeline$3$1.accept(ReferencePipeline.java:195)\n\tat java.base/java.util.Spliterators$ArraySpliterator.tryAdvance(Spliterators.java:958)\n\tat java.base/java.util.stream.ReferencePipeline.forEachWithCancel(ReferencePipeline.java:127)\n\tat java.base/java.util.stream.AbstractPipeline.copyIntoWithCancel(AbstractPipeline.java:502)\n\tat java.base/java.util.stream.AbstractPipeline.copyInto(AbstractPipeline.java:488)\n\tat java.base/java.util.stream.AbstractPipeline.wrapAndCopyInto(AbstractPipeline.java:474)\n\tat java.base/java.util.stream.FindOps$FindOp.evaluateSequential(FindOps.java:150)\n\tat java.base/java.util.stream.AbstractPipeline.evaluate(AbstractPipeline.java:234)\n\tat java.base/java.util.stream.ReferencePipeline.findFirst(ReferencePipeline.java:543)\n\tat org.finos.legend.engine.plan.execution.nodes.ExecutionNodeExecutor.visit(ExecutionNodeExecutor.java:164)\n\tat org.finos.legend.engine.plan.execution.nodes.ExecutionNodeExecutor.visit(ExecutionNodeExecutor.java:107)\n\tat org.finos.legend.engine.protocol.pure.v1.model.executionPlan.nodes.RelationalTdsInstantiationExecutionNode.accept(RelationalTdsInstantiationExecutionNode.java:22)\n\tat org.finos.legend.engine.plan.execution.PlanExecutor.execute(PlanExecutor.java:238)\n\tat org.finos.legend.engine.plan.execution.PlanExecutor.execute(PlanExecutor.java:225)\n\tat org.finos.legend.engine.plan.execution.api.ExecutePlan.doExecutePlanLegacy(ExecutePlan.java:102)\n\tat org.finos.legend.engine.plan.execution.api.ExecutePlan.doExecutePlan(ExecutePlan.java:84)\n\tat org.finos.legend.engine.plan.execution.api.ExecutePlanLegacy.executePlan(ExecutePlanLegacy.java:56)\n\tat jdk.internal.reflect.GeneratedMethodAccessor100.invoke(Unknown Source)\n\tat java.base/jdk.internal.reflect.DelegatingMethodAccessorImpl.invoke(DelegatingMethodAccessorImpl.java:43)\n\tat java.base/java.lang.reflect.Method.invoke(Method.java:566)\n\tat org.glassfish.jersey.server.model.internal.ResourceMethodInvocationHandlerFactory$1.invoke(ResourceMethodInvocationHandlerFactory.java:81)\n\tat org.glassfish.jersey.server.model.internal.AbstractJavaResourceMethodDispatcher$1.run(AbstractJavaResourceMethodDispatcher.java:144)\n\tat org.glassfish.jersey.server.model.internal.AbstractJavaResourceMethodDispatcher.invoke(AbstractJavaResourceMethodDispatcher.java:161)\n\tat org.glassfish.jersey.server.model.internal.JavaResourceMethodDispatcherProvider$ResponseOutInvoker.doDispatch(JavaResourceMethodDispatcherProvider.java:160)\n\tat org.glassfish.jersey.server.model.internal.AbstractJavaResourceMethodDispatcher.dispatch(AbstractJavaResourceMethodDispatcher.java:99)\n\tat org.glassfish.jersey.server.model.ResourceMethodInvoker.invoke(ResourceMethodInvoker.java:389)\n\tat org.glassfish.jersey.server.model.ResourceMethodInvoker.apply(ResourceMethodInvoker.java:347)\n\tat org.glassfish.jersey.server.model.ResourceMethodInvoker.apply(ResourceMethodInvoker.java:102)\n\tat org.glassfish.jersey.server.ServerRuntime$2.run(ServerRuntime.java:326)\n\tat org.glassfish.jersey.internal.Errors$1.call(Errors.java:271)\n\tat org.glassfish.jersey.internal.Errors$1.call(Errors.java:267)\n\tat org.glassfish.jersey.internal.Errors.process(Errors.java:315)\n\tat org.glassfish.jersey.internal.Errors.process(Errors.java:297)\n\tat org.glassfish.jersey.internal.Errors.process(Errors.java:267)\n\tat org.glassfish.jersey.process.internal.RequestScope.runInScope(RequestScope.java:317)\n\tat org.glassfish.jersey.server.ServerRuntime.process(ServerRuntime.java:305)\n\tat org.glassfish.jersey.server.ApplicationHandler.handle(ApplicationHandler.java:1154)\n\tat org.glassfish.jersey.servlet.WebComponent.serviceImpl(WebComponent.java:473)\n\tat org.glassfish.jersey.servlet.WebComponent.service(WebComponent.java:427)\n\tat org.glassfish.jersey.servlet.ServletContainer.service(ServletContainer.java:388)\n\tat org.glassfish.jersey.servlet.ServletContainer.service(ServletContainer.java:341)\n\tat org.glassfish.jersey.servlet.ServletContainer.service(ServletContainer.java:228)\n\tat org.eclipse.jetty.servlet.ServletHolder.handle(ServletHolder.java:799)\n\tat org.eclipse.jetty.servlet.ServletHandler$ChainEnd.doFilter(ServletHandler.java:1631)\n\tat io.dropwizard.servlets.ThreadNameFilter.doFilter(ThreadNameFilter.java:35)\n\tat org.eclipse.jetty.servlet.FilterHolder.doFilter(FilterHolder.java:193)\n\tat org.eclipse.jetty.servlet.ServletHandler$Chain.doFilter(ServletHandler.java:1601)\n\tat io.dropwizard.jersey.filter.AllowedMethodsFilter.handle(AllowedMethodsFilter.java:45)\n\tat io.dropwizard.jersey.filter.AllowedMethodsFilter.doFilter(AllowedMethodsFilter.java:39)\n\tat org.eclipse.jetty.servlet.FilterHolder.doFilter(FilterHolder.java:193)\n\tat org.eclipse.jetty.servlet.ServletHandler$Chain.doFilter(ServletHandler.java:1601)\n\tat org.finos.legend.server.pac4j.internal.UsernameFilter.doFilter(UsernameFilter.java:51)\n\tat org.eclipse.jetty.servlet.FilterHolder.doFilter(FilterHolder.java:193)\n\tat org.eclipse.jetty.servlet.ServletHandler$Chain.doFilter(ServletHandler.java:1601)\n\tat org.pac4j.j2e.filter.SecurityFilter.lambda$internalFilter$0(SecurityFilter.java:95)\n\tat org.pac4j.core.engine.DefaultSecurityLogic.perform(DefaultSecurityLogic.java:140)\n\tat org.pac4j.j2e.filter.SecurityFilter.internalFilter(SecurityFilter.java:93)\n\tat org.pac4j.j2e.filter.AbstractConfigFilter.doFilter(AbstractConfigFilter.java:81)\n\tat org.eclipse.jetty.servlet.FilterHolder.doFilter(FilterHolder.java:193)\n\tat org.eclipse.jetty.servlet.ServletHandler$Chain.doFilter(ServletHandler.java:1601)\n\tat org.eclipse.jetty.servlet.ServletHandler.doHandle(ServletHandler.java:548)\n\tat org.eclipse.jetty.server.handler.ScopedHandler.nextHandle(ScopedHandler.java:233)\n\tat org.eclipse.jetty.server.session.SessionHandler.doHandle(SessionHandler.java:1624)\n\tat org.eclipse.jetty.server.handler.ScopedHandler.nextHandle(ScopedHandler.java:233)\n\tat org.eclipse.jetty.server.handler.ContextHandler.doHandle(ContextHandler.java:1434)\n\tat org.eclipse.jetty.server.handler.ScopedHandler.nextScope(ScopedHandler.java:188)\n\tat org.eclipse.jetty.servlet.ServletHandler.doScope(ServletHandler.java:501)\n\tat org.eclipse.jetty.server.session.SessionHandler.doScope(SessionHandler.java:1594)\n\tat org.eclipse.jetty.server.handler.ScopedHandler.nextScope(ScopedHandler.java:186)\n\tat org.eclipse.jetty.server.handler.ContextHandler.doScope(ContextHandler.java:1349)\n\tat org.eclipse.jetty.server.handler.ScopedHandler.handle(ScopedHandler.java:141)\n\tat org.eclipse.jetty.server.handler.HandlerWrapper.handle(HandlerWrapper.java:127)\n\tat com.codahale.metrics.jetty9.InstrumentedHandler.handle(InstrumentedHandler.java:313)\n\tat io.dropwizard.jetty.ContextRoutingHandler.handle(ContextRoutingHandler.java:37)\n\tat org.eclipse.jetty.server.handler.gzip.GzipHandler.handle(GzipHandler.java:713)\n\tat io.dropwizard.jetty.BiDiGzipHandler.handle(BiDiGzipHandler.java:67)\n\tat org.eclipse.jetty.server.handler.StatisticsHandler.handle(StatisticsHandler.java:179)\n\tat org.eclipse.jetty.server.handler.HandlerWrapper.handle(HandlerWrapper.java:127)\n\tat org.eclipse.jetty.server.Server.handle(Server.java:516)\n\tat org.eclipse.jetty.server.HttpChannel.lambda$handle$1(HttpChannel.java:400)\n\tat org.eclipse.jetty.server.HttpChannel.dispatch(HttpChannel.java:645)\n\tat org.eclipse.jetty.server.HttpChannel.handle(HttpChannel.java:392)\n\tat org.eclipse.jetty.server.HttpConnection.onFillable(HttpConnection.java:277)\n\tat org.eclipse.jetty.io.AbstractConnection$ReadCallback.succeeded(AbstractConnection.java:311)\n\tat org.eclipse.jetty.io.FillInterest.fillable(FillInterest.java:105)\n\tat org.eclipse.jetty.io.ChannelEndPoint$1.run(ChannelEndPoint.java:104)\n\tat org.eclipse.jetty.util.thread.strategy.EatWhatYouKill.runTask(EatWhatYouKill.java:338)\n\tat org.eclipse.jetty.util.thread.strategy.EatWhatYouKill.doProduce(EatWhatYouKill.java:315)\n\tat org.eclipse.jetty.util.thread.strategy.EatWhatYouKill.tryProduce(EatWhatYouKill.java:173)\n\tat org.eclipse.jetty.util.thread.strategy.EatWhatYouKill.run(EatWhatYouKill.java:131)\n\tat org.eclipse.jetty.util.thread.ReservedThreadExecutor$ReservedThread.run(ReservedThreadExecutor.java:409)\n\tat org.eclipse.jetty.util.thread.QueuedThreadPool.runJob(QueuedThreadPool.java:883)\n\tat org.eclipse.jetty.util.thread.QueuedThreadPool$Runner.run(QueuedThreadPool.java:1034)\n\tat java.base/java.lang.Thread.run(Thread.java:829)\nCaused by: net.snowflake.client.jdbc.SnowflakeSQLException: SQL compilation error:\nObject 'PERSONTABLE' does not exist or not authorized.\n\tat net.snowflake.client.jdbc.SnowflakeUtil.checkErrorAndThrowExceptionSub(SnowflakeUtil.java:127)\n\tat net.snowflake.client.jdbc.SnowflakeUtil.checkErrorAndThrowException(SnowflakeUtil.java:67)\n\tat net.snowflake.client.core.StmtUtil.pollForOutput(StmtUtil.java:442)\n\tat net.snowflake.client.core.StmtUtil.execute(StmtUtil.java:345)\n\tat net.snowflake.client.core.SFStatement.executeHelper(SFStatement.java:486)\n\tat net.snowflake.client.core.SFStatement.executeQueryInternal(SFStatement.java:197)\n\tat net.snowflake.client.core.SFStatement.executeQuery(SFStatement.java:134)\n\tat net.snowflake.client.core.SFStatement.execute(SFStatement.java:743)\n\tat net.snowflake.client.core.SFStatement.execute(SFStatement.java:639)\n\tat net.snowflake.client.jdbc.SnowflakeStatementV1.executeQueryInternal(SnowflakeStatementV1.java:238)\n\tat net.snowflake.client.jdbc.SnowflakeStatementV1.executeQuery(SnowflakeStatementV1.java:133)\n\tat com.zaxxer.hikari.pool.ProxyStatement.executeQuery(ProxyStatement.java:110)\n\tat com.zaxxer.hikari.pool.HikariProxyStatement.executeQuery(HikariProxyStatement.java)\n\tat org.finos.legend.engine.plan.execution.stores.relational.result.SQLExecutionResult.<init>(SQLExecutionResult.java:95)\n\t... 101 more\n"},"mode":"DEV","timeStamp":"2023-02-23 01:31:48.039","user":"_UNKNOWN_"}
| **selectSubClauses::join::testJoinBySingleColumnName** | failing :x: |
]]></system-out>
  </testcase>
  <testcase name="testLeftOuterJoinSimple[Snowflake]" classname="org.finos.legend.engine.server.test.shared.Relational_DbSpecific_UsingPureClientTestSuite$2" time="0.296">
    <error message="Assert failure at (resource:/platform/pure/basics/tests/assertEq.pure line:34 column:5), &quot;500 &apos;{&quot;code&quot;:-1,&quot;message&quot;:&quot;SnowflakeSQLException: SQL compilation error:&#10;Object &apos;PERSONTABLE&apos; does not exist or not authorized.&quot;,&quot;status&quot;:&quot;error&quot;,&quot;trace&quot;:&quot;java.lang.RuntimeException: net.snowflake.client.jdbc.SnowflakeSQLException: SQL compilation error:&#10;Object &apos;PERSONTABLE&apos; does not exist or not authorized.&#10;at org.finos.legend.engine.plan.execution.stores.relational.result.SQLExecutionResult.&lt;init&gt;(SQLExecutionResult.java:123)&#10;at org.finos.legend.engine.plan.execution.stores.relational.RelationalExecutor.execute(RelationalExecutor.java:241)&#10;at org.finos.legend.engine.plan.execution.stores.relational.plugin.RelationalExecutionNodeExecutor.visit(RelationalExecutionNodeExecutor.java:238)&#10;at org.finos.legend.engine.plan.execution.stores.relational.plugin.RelationalExecutionNodeExecutor.visit(RelationalExecutionNodeExecutor.java:252)&#10;at org.finos.legend.engine.plan.execution.stores.relational.plugin.RelationalExecutionNodeExecutor.visit(RelationalExecutionNodeExecutor.java:92)&#10;at org.finos.legend.engine.protocol.pure.v1.model.executionPlan.nodes.RelationalTdsInstantiationExecutionNode.accept(RelationalTdsInstantiationExecutionNode.java:22)&#10;at org.finos.legend.engine.plan.execution.stores.relational.RelationalExecutionExtension.lambda$getExtraNodeExecutors$fbe53481$1(RelationalExecutionExtension.java:50)&#10;at org.finos.legend.engine.plan.execution.nodes.ExecutionNodeExecutor.lambda$visit$0(ExecutionNodeExecutor.java:164)&#10;at java.base/java.util.stream.ReferencePipeline$3$1.accept(ReferencePipeline.java:195)&#10;at java.base/java.util.Spliterators$ArraySpliterator.tryAdvance(Spliterators.java:958)&#10;at java.base/java.util.stream.ReferencePipeline.forEachWithCancel(ReferencePipeline.java:127)&#10;at java.base/java.util.stream.AbstractPipeline.copyIntoWithCancel(AbstractPipeline.java:502)&#10;at java.base/java.util.stream.AbstractPipeline.copyInto(AbstractPipeline.java:488)&#10;at java.base/java.util.stream.AbstractPipeline.wrapAndCopyInto(AbstractPipeline.java:474)&#10;at java.base/java.util.stream.FindOps$FindOp.evaluateSequential(FindOps.java:150)&#10;at java.base/java.util.stream.AbstractPipeline.evaluate(AbstractPipeline.java:234)&#10;at java.base/java.util.stream.ReferencePipeline.findFirst(ReferencePipeline.java:543)&#10;at org.finos.legend.engine.plan.execution.nodes.ExecutionNodeExecutor.visit(ExecutionNodeExecutor.java:164)&#10;at org.finos.legend.engine.plan.execution.nodes.ExecutionNodeExecutor.visit(ExecutionNodeExecutor.java:107)&#10;at org.finos.legend.engine.protocol.pure.v1.model.executionPlan.nodes.RelationalTdsInstantiationExecutionNode.accept(RelationalTdsInstantiationExecutionNode.java:22)&#10;at org.finos.legend.engine.plan.execution.PlanExecutor.execute(PlanExecutor.java:238)&#10;at org.finos.legend.engine.plan.execution.PlanExecutor.execute(PlanExecutor.java:225)&#10;at org.finos.legend.engine.plan.execution.api.ExecutePlan.doExecutePlanLegacy(ExecutePlan.java:102)&#10;at org.finos.legend.engine.plan.execution.api.ExecutePlan.doExecutePlan(ExecutePlan.java:84)&#10;at org.finos.legend.engine.plan.execution.api.ExecutePlanLegacy.executePlan(ExecutePlanLegacy.java:56)&#10;at jdk.internal.reflect.GeneratedMethodAccessor100.invoke(Unknown Source)&#10;at java.base/jdk.internal.reflect.DelegatingMethodAccessorImpl.invoke(DelegatingMethodAccessorImpl.java:43)&#10;at java.base/java.lang.reflect.Method.invoke(Method.java:566)&#10;at org.glassfish.jersey.server.model.internal.ResourceMethodInvocationHandlerFactory$1.invoke(ResourceMethodInvocationHandlerFactory.java:81)&#10;at org.glassfish.jersey.server.model.internal.AbstractJavaResourceMethodDispatcher$1.run(AbstractJavaResourceMethodDispatcher.java:144)&#10;at org.glassfish.jersey.server.model.internal.AbstractJavaResourceMethodDispatcher.invoke(AbstractJavaResourceMethodDispatcher.java:161)&#10;at org.glassfish.jersey.server.model.internal.JavaResourceMethodDispatcherProvider$ResponseOutInvoker.doDispatch(JavaResourceMethodDispatcherProvider.java:160)&#10;at org.glassfish.jersey.server.model.internal.AbstractJavaResourceMethodDispatcher.dispatch(AbstractJavaResourceMethodDispatcher.java:99)&#10;at org.glassfish.jersey.server.model.ResourceMethodInvoker.invoke(ResourceMethodInvoker.java:389)&#10;at org.glassfish.jersey.server.model.ResourceMethodInvoker.apply(ResourceMethodInvoker.java:347)&#10;at org.glassfish.jersey.server.model.ResourceMethodInvoker.apply(ResourceMethodInvoker.java:102)&#10;at org.glassfish.jersey.server.ServerRuntime$2.run(ServerRuntime.java:326)&#10;at org.glassfish.jersey.internal.Errors$1.call(Errors.java:271)&#10;at org.glassfish.jersey.internal.Errors$1.call(Errors.java:267)&#10;at org.glassfish.jersey.internal.Errors.process(Errors.java:315)&#10;at org.glassfish.jersey.internal.Errors.process(Errors.java:297)&#10;at org.glassfish.jersey.internal.Errors.process(Errors.java:267)&#10;at org.glassfish.jersey.process.internal.RequestScope.runInScope(RequestScope.java:317)&#10;at org.glassfish.jersey.server.ServerRuntime.process(ServerRuntime.java:305)&#10;at org.glassfish.jersey.server.ApplicationHandler.handle(ApplicationHandler.java:1154)&#10;at org.glassfish.jersey.servlet.WebComponent.serviceImpl(WebComponent.java:473)&#10;at org.glassfish.jersey.servlet.WebComponent.service(WebComponent.java:427)&#10;at org.glassfish.jersey.servlet.ServletContainer.service(ServletContainer.java:388)&#10;at org.glassfish.jersey.servlet.ServletContainer.service(ServletContainer.java:341)&#10;at org.glassfish.jersey.servlet.ServletContainer.service(ServletContainer.java:228)&#10;at org.eclipse.jetty.servlet.ServletHolder.handle(ServletHolder.java:799)&#10;at org.eclipse.jetty.servlet.ServletHandler$ChainEnd.doFilter(ServletHandler.java:1631)&#10;at io.dropwizard.servlets.ThreadNameFilter.doFilter(ThreadNameFilter.java:35)&#10;at org.eclipse.jetty.servlet.FilterHolder.doFilter(FilterHolder.java:193)&#10;at org.eclipse.jetty.servlet.ServletHandler$Chain.doFilter(ServletHandler.java:1601)&#10;at io.dropwizard.jersey.filter.AllowedMethodsFilter.handle(AllowedMethodsFilter.java:45)&#10;at io.dropwizard.jersey.filter.AllowedMethodsFilter.doFilter(AllowedMethodsFilter.java:39)&#10;at org.eclipse.jetty.servlet.FilterHolder.doFilter(FilterHolder.java:193)&#10;at org.eclipse.jetty.servlet.ServletHandler$Chain.doFilter(ServletHandler.java:1601)&#10;at org.finos.legend.server.pac4j.internal.UsernameFilter.doFilter(UsernameFilter.java:51)&#10;at org.eclipse.jetty.servlet.FilterHolder.doFilter(FilterHolder.java:193)&#10;at org.eclipse.jetty.servlet.ServletHandler$Chain.doFilter(ServletHandler.java:1601)&#10;at org.pac4j.j2e.filter.SecurityFilter.lambda$internalFilter$0(SecurityFilter.java:95)&#10;at org.pac4j.core.engine.DefaultSecurityLogic.perform(DefaultSecurityLogic.java:140)&#10;at org.pac4j.j2e.filter.SecurityFilter.internalFilter(SecurityFilter.java:93)&#10;at org.pac4j.j2e.filter.AbstractConfigFilter.doFilter(AbstractConfigFilter.java:81)&#10;at org.eclipse.jetty.servlet.FilterHolder.doFilter(FilterHolder.java:193)&#10;at org.eclipse.jetty.servlet.ServletHandler$Chain.doFilter(ServletHandler.java:1601)&#10;at org.eclipse.jetty.servlet.ServletHandler.doHandle(ServletHandler.java:548)&#10;at org.eclipse.jetty.server.handler.ScopedHandler.nextHandle(ScopedHandler.java:233)&#10;at org.eclipse.jetty.server.session.SessionHandler.doHandle(SessionHandler.java:1624)&#10;at org.eclipse.jetty.server.handler.ScopedHandler.nextHandle(ScopedHandler.java:233)&#10;at org.eclipse.jetty.server.handler.ContextHandler.doHandle(ContextHandler.java:1434)&#10;at org.eclipse.jetty.server.handler.ScopedHandler.nextScope(ScopedHandler.java:188)&#10;at org.eclipse.jetty.servlet.ServletHandler.doScope(ServletHandler.java:501)&#10;at org.eclipse.jetty.server.session.SessionHandler.doScope(SessionHandler.java:1594)&#10;at org.eclipse.jetty.server.handler.ScopedHandler.nextScope(ScopedHandler.java:186)&#10;at org.eclipse.jetty.server.handler.ContextHandler.doScope(ContextHandler.java:1349)&#10;at org.eclipse.jetty.server.handler.ScopedHandler.handle(ScopedHandler.java:141)&#10;at org.eclipse.jetty.server.handler.HandlerWrapper.handle(HandlerWrapper.java:127)&#10;at com.codahale.metrics.jetty9.InstrumentedHandler.handle(InstrumentedHandler.java:313)&#10;at io.dropwizard.jetty.ContextRoutingHandler.handle(ContextRoutingHandler.java:37)&#10;at org.eclipse.jetty.server.handler.gzip.GzipHandler.handle(GzipHandler.java:713)&#10;at io.dropwizard.jetty.BiDiGzipHandler.handle(BiDiGzipHandler.java:67)&#10;at org.eclipse.jetty.server.handler.StatisticsHandler.handle(StatisticsHandler.java:179)&#10;at org.eclipse.jetty.server.handler.HandlerWrapper.handle(HandlerWrapper.java:127)&#10;at org.eclipse.jetty.server.Server.handle(Server.java:516)&#10;at org.eclipse.jetty.server.HttpChannel.lambda$handle$1(HttpChannel.java:400)&#10;at org.eclipse.jetty.server.HttpChannel.dispatch(HttpChannel.java:645)&#10;at org.eclipse.jetty.server.HttpChannel.handle(HttpChannel.java:392)&#10;at org.eclipse.jetty.server.HttpConnection.onFillable(HttpConnection.java:277)&#10;at org.eclipse.jetty.io.AbstractConnection$ReadCallback.succeeded(AbstractConnection.java:311)&#10;at org.eclipse.jetty.io.FillInterest.fillable(FillInterest.java:105)&#10;at org.eclipse.jetty.io.ChannelEndPoint$1.run(ChannelEndPoint.java:104)&#10;at org.eclipse.jetty.util.thread.strategy.EatWhatYouKill.runTask(EatWhatYouKill.java:338)&#10;at org.eclipse.jetty.util.thread.strategy.EatWhatYouKill.doProduce(EatWhatYouKill.java:315)&#10;at org.eclipse.jetty.util.thread.strategy.EatWhatYouKill.tryProduce(EatWhatYouKill.java:173)&#10;at org.eclipse.jetty.util.thread.strategy.EatWhatYouKill.run(EatWhatYouKill.java:131)&#10;at org.eclipse.jetty.util.thread.ReservedThreadExecutor$ReservedThread.run(ReservedThreadExecutor.java:409)&#10;at org.eclipse.jetty.util.thread.QueuedThreadPool.runJob(QueuedThreadPool.java:883)&#10;at org.eclipse.jetty.util.thread.QueuedThreadPool$Runner.run(QueuedThreadPool.java:1034)&#10;at java.base/java.lang.Thread.run(Thread.java:829)&#10;Caused by: net.snowflake.client.jdbc.SnowflakeSQLException: SQL compilation error:&#10;Object &apos;PERSONTABLE&apos; does not exist or not authorized.&#10;at net.snowflake.client.jdbc.SnowflakeUtil.checkErrorAndThrowExceptionSub(SnowflakeUtil.java:127)&#10;at net.snowflake.client.jdbc.SnowflakeUtil.checkErrorAndThrowException(SnowflakeUtil.java:67)&#10;at net.snowflake.client.core.StmtUtil.pollForOutput(StmtUtil.java:442)&#10;at net.snowflake.client.core.StmtUtil.execute(StmtUtil.java:345)&#10;at net.snowflake.client.core.SFStatement.executeHelper(SFStatement.java:486)&#10;at net.snowflake.client.core.SFStatement.executeQueryInternal(SFStatement.java:197)&#10;at net.snowflake.client.core.SFStatement.executeQuery(SFStatement.java:134)&#10;at net.snowflake.client.core.SFStatement.execute(SFStatement.java:743)&#10;at net.snowflake.client.core.SFStatement.execute(SFStatement.java:639)&#10;at net.snowflake.client.jdbc.SnowflakeStatementV1.executeQueryInternal(SnowflakeStatementV1.java:238)&#10;at net.snowflake.client.jdbc.SnowflakeStatementV1.executeQuery(SnowflakeStatementV1.java:133)&#10;at com.zaxxer.hikari.pool.ProxyStatement.executeQuery(ProxyStatement.java:110)&#10;at com.zaxxer.hikari.pool.HikariProxyStatement.executeQuery(HikariProxyStatement.java)&#10;at org.finos.legend.engine.plan.execution.stores.relational.result.SQLExecutionResult.&lt;init&gt;(SQLExecutionResult.java:95)&#10;... 101 more&#10;&quot;}&apos;&quot;" type="Assert failure at (resource"><![CDATA[Assert failure at (resource:/platform/pure/basics/tests/assertEq.pure line:34 column:5), "500 '{"code":-1,"message":"SnowflakeSQLException: SQL compilation error:
Object 'PERSONTABLE' does not exist or not authorized.","status":"error","trace":"java.lang.RuntimeException: net.snowflake.client.jdbc.SnowflakeSQLException: SQL compilation error:
Object 'PERSONTABLE' does not exist or not authorized.
at org.finos.legend.engine.plan.execution.stores.relational.result.SQLExecutionResult.<init>(SQLExecutionResult.java:123)
at org.finos.legend.engine.plan.execution.stores.relational.RelationalExecutor.execute(RelationalExecutor.java:241)
at org.finos.legend.engine.plan.execution.stores.relational.plugin.RelationalExecutionNodeExecutor.visit(RelationalExecutionNodeExecutor.java:238)
at org.finos.legend.engine.plan.execution.stores.relational.plugin.RelationalExecutionNodeExecutor.visit(RelationalExecutionNodeExecutor.java:252)
at org.finos.legend.engine.plan.execution.stores.relational.plugin.RelationalExecutionNodeExecutor.visit(RelationalExecutionNodeExecutor.java:92)
at org.finos.legend.engine.protocol.pure.v1.model.executionPlan.nodes.RelationalTdsInstantiationExecutionNode.accept(RelationalTdsInstantiationExecutionNode.java:22)
at org.finos.legend.engine.plan.execution.stores.relational.RelationalExecutionExtension.lambda$getExtraNodeExecutors$fbe53481$1(RelationalExecutionExtension.java:50)
at org.finos.legend.engine.plan.execution.nodes.ExecutionNodeExecutor.lambda$visit$0(ExecutionNodeExecutor.java:164)
at java.base/java.util.stream.ReferencePipeline$3$1.accept(ReferencePipeline.java:195)
at java.base/java.util.Spliterators$ArraySpliterator.tryAdvance(Spliterators.java:958)
at java.base/java.util.stream.ReferencePipeline.forEachWithCancel(ReferencePipeline.java:127)
at java.base/java.util.stream.AbstractPipeline.copyIntoWithCancel(AbstractPipeline.java:502)
at java.base/java.util.stream.AbstractPipeline.copyInto(AbstractPipeline.java:488)
at java.base/java.util.stream.AbstractPipeline.wrapAndCopyInto(AbstractPipeline.java:474)
at java.base/java.util.stream.FindOps$FindOp.evaluateSequential(FindOps.java:150)
at java.base/java.util.stream.AbstractPipeline.evaluate(AbstractPipeline.java:234)
at java.base/java.util.stream.ReferencePipeline.findFirst(ReferencePipeline.java:543)
at org.finos.legend.engine.plan.execution.nodes.ExecutionNodeExecutor.visit(ExecutionNodeExecutor.java:164)
at org.finos.legend.engine.plan.execution.nodes.ExecutionNodeExecutor.visit(ExecutionNodeExecutor.java:107)
at org.finos.legend.engine.protocol.pure.v1.model.executionPlan.nodes.RelationalTdsInstantiationExecutionNode.accept(RelationalTdsInstantiationExecutionNode.java:22)
at org.finos.legend.engine.plan.execution.PlanExecutor.execute(PlanExecutor.java:238)
at org.finos.legend.engine.plan.execution.PlanExecutor.execute(PlanExecutor.java:225)
at org.finos.legend.engine.plan.execution.api.ExecutePlan.doExecutePlanLegacy(ExecutePlan.java:102)
at org.finos.legend.engine.plan.execution.api.ExecutePlan.doExecutePlan(ExecutePlan.java:84)
at org.finos.legend.engine.plan.execution.api.ExecutePlanLegacy.executePlan(ExecutePlanLegacy.java:56)
at jdk.internal.reflect.GeneratedMethodAccessor100.invoke(Unknown Source)
at java.base/jdk.internal.reflect.DelegatingMethodAccessorImpl.invoke(DelegatingMethodAccessorImpl.java:43)
at java.base/java.lang.reflect.Method.invoke(Method.java:566)
at org.glassfish.jersey.server.model.internal.ResourceMethodInvocationHandlerFactory$1.invoke(ResourceMethodInvocationHandlerFactory.java:81)
at org.glassfish.jersey.server.model.internal.AbstractJavaResourceMethodDispatcher$1.run(AbstractJavaResourceMethodDispatcher.java:144)
at org.glassfish.jersey.server.model.internal.AbstractJavaResourceMethodDispatcher.invoke(AbstractJavaResourceMethodDispatcher.java:161)
at org.glassfish.jersey.server.model.internal.JavaResourceMethodDispatcherProvider$ResponseOutInvoker.doDispatch(JavaResourceMethodDispatcherProvider.java:160)
at org.glassfish.jersey.server.model.internal.AbstractJavaResourceMethodDispatcher.dispatch(AbstractJavaResourceMethodDispatcher.java:99)
at org.glassfish.jersey.server.model.ResourceMethodInvoker.invoke(ResourceMethodInvoker.java:389)
at org.glassfish.jersey.server.model.ResourceMethodInvoker.apply(ResourceMethodInvoker.java:347)
at org.glassfish.jersey.server.model.ResourceMethodInvoker.apply(ResourceMethodInvoker.java:102)
at org.glassfish.jersey.server.ServerRuntime$2.run(ServerRuntime.java:326)
at org.glassfish.jersey.internal.Errors$1.call(Errors.java:271)
at org.glassfish.jersey.internal.Errors$1.call(Errors.java:267)
at org.glassfish.jersey.internal.Errors.process(Errors.java:315)
at org.glassfish.jersey.internal.Errors.process(Errors.java:297)
at org.glassfish.jersey.internal.Errors.process(Errors.java:267)
at org.glassfish.jersey.process.internal.RequestScope.runInScope(RequestScope.java:317)
at org.glassfish.jersey.server.ServerRuntime.process(ServerRuntime.java:305)
at org.glassfish.jersey.server.ApplicationHandler.handle(ApplicationHandler.java:1154)
at org.glassfish.jersey.servlet.WebComponent.serviceImpl(WebComponent.java:473)
at org.glassfish.jersey.servlet.WebComponent.service(WebComponent.java:427)
at org.glassfish.jersey.servlet.ServletContainer.service(ServletContainer.java:388)
at org.glassfish.jersey.servlet.ServletContainer.service(ServletContainer.java:341)
at org.glassfish.jersey.servlet.ServletContainer.service(ServletContainer.java:228)
at org.eclipse.jetty.servlet.ServletHolder.handle(ServletHolder.java:799)
at org.eclipse.jetty.servlet.ServletHandler$ChainEnd.doFilter(ServletHandler.java:1631)
at io.dropwizard.servlets.ThreadNameFilter.doFilter(ThreadNameFilter.java:35)
at org.eclipse.jetty.servlet.FilterHolder.doFilter(FilterHolder.java:193)
at org.eclipse.jetty.servlet.ServletHandler$Chain.doFilter(ServletHandler.java:1601)
at io.dropwizard.jersey.filter.AllowedMethodsFilter.handle(AllowedMethodsFilter.java:45)
at io.dropwizard.jersey.filter.AllowedMethodsFilter.doFilter(AllowedMethodsFilter.java:39)
at org.eclipse.jetty.servlet.FilterHolder.doFilter(FilterHolder.java:193)
at org.eclipse.jetty.servlet.ServletHandler$Chain.doFilter(ServletHandler.java:1601)
at org.finos.legend.server.pac4j.internal.UsernameFilter.doFilter(UsernameFilter.java:51)
at org.eclipse.jetty.servlet.FilterHolder.doFilter(FilterHolder.java:193)
at org.eclipse.jetty.servlet.ServletHandler$Chain.doFilter(ServletHandler.java:1601)
at org.pac4j.j2e.filter.SecurityFilter.lambda$internalFilter$0(SecurityFilter.java:95)
at org.pac4j.core.engine.DefaultSecurityLogic.perform(DefaultSecurityLogic.java:140)
at org.pac4j.j2e.filter.SecurityFilter.internalFilter(SecurityFilter.java:93)
at org.pac4j.j2e.filter.AbstractConfigFilter.doFilter(AbstractConfigFilter.java:81)
at org.eclipse.jetty.servlet.FilterHolder.doFilter(FilterHolder.java:193)
at org.eclipse.jetty.servlet.ServletHandler$Chain.doFilter(ServletHandler.java:1601)
at org.eclipse.jetty.servlet.ServletHandler.doHandle(ServletHandler.java:548)
at org.eclipse.jetty.server.handler.ScopedHandler.nextHandle(ScopedHandler.java:233)
at org.eclipse.jetty.server.session.SessionHandler.doHandle(SessionHandler.java:1624)
at org.eclipse.jetty.server.handler.ScopedHandler.nextHandle(ScopedHandler.java:233)
at org.eclipse.jetty.server.handler.ContextHandler.doHandle(ContextHandler.java:1434)
at org.eclipse.jetty.server.handler.ScopedHandler.nextScope(ScopedHandler.java:188)
at org.eclipse.jetty.servlet.ServletHandler.doScope(ServletHandler.java:501)
at org.eclipse.jetty.server.session.SessionHandler.doScope(SessionHandler.java:1594)
at org.eclipse.jetty.server.handler.ScopedHandler.nextScope(ScopedHandler.java:186)
at org.eclipse.jetty.server.handler.ContextHandler.doScope(ContextHandler.java:1349)
at org.eclipse.jetty.server.handler.ScopedHandler.handle(ScopedHandler.java:141)
at org.eclipse.jetty.server.handler.HandlerWrapper.handle(HandlerWrapper.java:127)
at com.codahale.metrics.jetty9.InstrumentedHandler.handle(InstrumentedHandler.java:313)
at io.dropwizard.jetty.ContextRoutingHandler.handle(ContextRoutingHandler.java:37)
at org.eclipse.jetty.server.handler.gzip.GzipHandler.handle(GzipHandler.java:713)
at io.dropwizard.jetty.BiDiGzipHandler.handle(BiDiGzipHandler.java:67)
at org.eclipse.jetty.server.handler.StatisticsHandler.handle(StatisticsHandler.java:179)
at org.eclipse.jetty.server.handler.HandlerWrapper.handle(HandlerWrapper.java:127)
at org.eclipse.jetty.server.Server.handle(Server.java:516)
at org.eclipse.jetty.server.HttpChannel.lambda$handle$1(HttpChannel.java:400)
at org.eclipse.jetty.server.HttpChannel.dispatch(HttpChannel.java:645)
at org.eclipse.jetty.server.HttpChannel.handle(HttpChannel.java:392)
at org.eclipse.jetty.server.HttpConnection.onFillable(HttpConnection.java:277)
at org.eclipse.jetty.io.AbstractConnection$ReadCallback.succeeded(AbstractConnection.java:311)
at org.eclipse.jetty.io.FillInterest.fillable(FillInterest.java:105)
at org.eclipse.jetty.io.ChannelEndPoint$1.run(ChannelEndPoint.java:104)
at org.eclipse.jetty.util.thread.strategy.EatWhatYouKill.runTask(EatWhatYouKill.java:338)
at org.eclipse.jetty.util.thread.strategy.EatWhatYouKill.doProduce(EatWhatYouKill.java:315)
at org.eclipse.jetty.util.thread.strategy.EatWhatYouKill.tryProduce(EatWhatYouKill.java:173)
at org.eclipse.jetty.util.thread.strategy.EatWhatYouKill.run(EatWhatYouKill.java:131)
at org.eclipse.jetty.util.thread.ReservedThreadExecutor$ReservedThread.run(ReservedThreadExecutor.java:409)
at org.eclipse.jetty.util.thread.QueuedThreadPool.runJob(QueuedThreadPool.java:883)
at org.eclipse.jetty.util.thread.QueuedThreadPool$Runner.run(QueuedThreadPool.java:1034)
at java.base/java.lang.Thread.run(Thread.java:829)
Caused by: net.snowflake.client.jdbc.SnowflakeSQLException: SQL compilation error:
Object 'PERSONTABLE' does not exist or not authorized.
at net.snowflake.client.jdbc.SnowflakeUtil.checkErrorAndThrowExceptionSub(SnowflakeUtil.java:127)
at net.snowflake.client.jdbc.SnowflakeUtil.checkErrorAndThrowException(SnowflakeUtil.java:67)
at net.snowflake.client.core.StmtUtil.pollForOutput(StmtUtil.java:442)
at net.snowflake.client.core.StmtUtil.execute(StmtUtil.java:345)
at net.snowflake.client.core.SFStatement.executeHelper(SFStatement.java:486)
at net.snowflake.client.core.SFStatement.executeQueryInternal(SFStatement.java:197)
at net.snowflake.client.core.SFStatement.executeQuery(SFStatement.java:134)
at net.snowflake.client.core.SFStatement.execute(SFStatement.java:743)
at net.snowflake.client.core.SFStatement.execute(SFStatement.java:639)
at net.snowflake.client.jdbc.SnowflakeStatementV1.executeQueryInternal(SnowflakeStatementV1.java:238)
at net.snowflake.client.jdbc.SnowflakeStatementV1.executeQuery(SnowflakeStatementV1.java:133)
at com.zaxxer.hikari.pool.ProxyStatement.executeQuery(ProxyStatement.java:110)
at com.zaxxer.hikari.pool.HikariProxyStatement.executeQuery(HikariProxyStatement.java)
at org.finos.legend.engine.plan.execution.stores.relational.result.SQLExecutionResult.<init>(SQLExecutionResult.java:95)
... 101 more
"}'"
	at org.finos.legend.pure.runtime.java.compiled.generation.processors.support.CompiledSupport.pureAssert(CompiledSupport.java:1994)
	at org.finos.legend.pure.generated.platform_pure_basics_tests_assertEq.Root_meta_pure_functions_asserts_assertEq_Any_1__Any_1__Function_1__Boolean_1_(platform_pure_basics_tests_assertEq.java:44)
	at org.finos.legend.pure.generated.core_pure_protocol_vX_X_X_invocations_execution.Root_meta_protocols_pure_vX_X_X_invocation_execution_execute_executePlan_String_1__String_1__Integer_1__String_1_(core_pure_protocol_vX_X_X_invocations_execution.java:751)
	at org.finos.legend.pure.generated.core_pure_protocol_vX_X_X_invocations_execution.Root_meta_protocols_pure_vX_X_X_invocation_execution_execute_executePlan_ExecutionPlan_1__String_1__Integer_1__Extension_MANY__String_1_(core_pure_protocol_vX_X_X_invocations_execution.java:745)
	at org.finos.legend.pure.generated.core_pure_protocol_vX_X_X_invocations_execution.Root_meta_protocols_pure_vX_X_X_invocation_execution_execute_executePlan_ExecutionPlan_1__ExecutionContext_$0_1$__String_1__Integer_1__Extension_MANY__Result_1_(core_pure_protocol_vX_X_X_invocations_execution.java:738)
	at jdk.internal.reflect.GeneratedMethodAccessor96.invoke(Unknown Source)
	at java.base/jdk.internal.reflect.DelegatingMethodAccessorImpl.invoke(DelegatingMethodAccessorImpl.java:43)
	at java.base/java.lang.reflect.Method.invoke(Method.java:566)
	at org.finos.legend.pure.runtime.java.compiled.metadata.JavaMethodWithParamsSharedPureFunction.execute(JavaMethodWithParamsSharedPureFunction.java:59)
	at org.finos.legend.pure.runtime.java.compiled.generation.processors.support.Pure._evaluateToMany(Pure.java:546)
	at org.finos.legend.pure.generated.CoreGen.evaluateToMany(CoreGen.java:147)
	at org.finos.legend.pure.generated.CoreGen.evaluateToMany(CoreGen.java:134)
	at org.finos.legend.pure.generated.core_pure_router_router_entry$9$1.value(core_pure_router_router_entry.java:318)
	at org.finos.legend.pure.generated.core_pure_router_router_entry$9$1.execute(core_pure_router_router_entry.java:311)
	at org.finos.legend.pure.generated.core_pure_router_router_entry$9$1.execute(core_pure_router_router_entry.java:307)
	at org.finos.legend.pure.runtime.java.compiled.generation.processors.support.Pure.evaluate(Pure.java:485)
	at org.finos.legend.pure.runtime.java.compiled.generation.processors.support.Pure.legendTest(Pure.java:216)
	at org.finos.legend.pure.generated.CoreGen.legendTest(CoreGen.java:61)
	at org.finos.legend.pure.generated.core_pure_router_router_entry$9.valueOf(core_pure_router_router_entry.java:303)
	at org.finos.legend.pure.generated.core_pure_router_router_entry$9.execute(core_pure_router_router_entry.java:298)
	at org.finos.legend.pure.generated.core_pure_router_router_entry$9.execute(core_pure_router_router_entry.java:294)
	at org.finos.legend.pure.runtime.java.compiled.generation.processors.support.Pure.evaluate(Pure.java:485)
	at org.finos.legend.pure.runtime.java.compiled.generation.processors.support.Pure.traceSpan(Pure.java:1482)
	at org.finos.legend.pure.generated.CoreGen.traceSpan(CoreGen.java:203)
	at org.finos.legend.pure.generated.core_pure_router_router_entry.Root_meta_pure_router_executePlan_ExecutionPlan_1__ExecutionContext_1__Extension_MANY__Result_$0_1$_(core_pure_router_router_entry.java:290)
	at org.finos.legend.pure.generated.core_pure_router_router_entry.Root_meta_pure_router_executePlan_ExecutionPlan_1__Extension_MANY__Result_$0_1$_(core_pure_router_router_entry.java:285)
	at org.finos.legend.pure.generated.core_relational_relational_sqlQueryToString_dbTestRunner_executionPlanTestRunner$19.execute(core_relational_relational_sqlQueryToString_dbTestRunner_executionPlanTestRunner.java:305)
	at org.finos.legend.pure.generated.core_relational_relational_sqlQueryToString_dbTestRunner_executionPlanTestRunner.Root_meta_relational_dbTestRunner_executeViaPlan_FunctionDefinition_1__Mapping_1__Database_1__DbTestConfig_1__Extension_MANY__Result_$0_1$_(core_relational_relational_sqlQueryToString_dbTestRunner_executionPlanTestRunner.java:309)
	at org.finos.legend.pure.generated.core_relational_relational_sqlQueryToString_testSuite_selectSubClauses_join.Root_meta_relational_tests_dbSpecificTests_sqlQueryTests_selectSubClauses_join_testLeftOuterJoinSimple_DbTestConfig_1__Boolean_1_(core_relational_relational_sqlQueryToString_testSuite_selectSubClauses_join.java:683)
	at java.base/jdk.internal.reflect.NativeMethodAccessorImpl.invoke0(Native Method)
	at java.base/jdk.internal.reflect.NativeMethodAccessorImpl.invoke(NativeMethodAccessorImpl.java:62)
	at java.base/jdk.internal.reflect.DelegatingMethodAccessorImpl.invoke(DelegatingMethodAccessorImpl.java:43)
	at java.base/java.lang.reflect.Method.invoke(Method.java:566)
	at org.finos.legend.pure.runtime.java.compiled.testHelper.PureTestBuilderCompiled.executeFn(PureTestBuilderCompiled.java:113)
	at org.finos.legend.pure.runtime.java.compiled.testHelper.PureTestBuilderCompiled.lambda$buildSuite$0(PureTestBuilderCompiled.java:79)
	at org.finos.legend.pure.m3.execution.test.PureTestBuilder$PureTestCase.runTest(PureTestBuilder.java:95)
	at junit.framework.TestCase.runBare(TestCase.java:142)
	at org.finos.legend.engine.server.test.shared.Relational_DbSpecific_UsingPureClientTestSuite$2.runTest(Relational_DbSpecific_UsingPureClientTestSuite.java:90)
	at junit.framework.TestCase.runBare(TestCase.java:142)
	at junit.framework.TestResult$1.protect(TestResult.java:122)
	at junit.framework.TestResult.runProtected(TestResult.java:142)
	at junit.framework.TestResult.run(TestResult.java:125)
	at junit.framework.TestCase.run(TestCase.java:130)
	at junit.framework.TestSuite.runTest(TestSuite.java:241)
	at junit.framework.TestSuite.run(TestSuite.java:236)
	at junit.framework.TestSuite.runTest(TestSuite.java:241)
	at junit.framework.TestSuite.run(TestSuite.java:236)
	at junit.framework.TestSuite.runTest(TestSuite.java:241)
	at junit.framework.TestSuite.run(TestSuite.java:236)
	at junit.framework.TestSuite.runTest(TestSuite.java:241)
	at junit.framework.TestSuite.run(TestSuite.java:236)
	at junit.framework.TestSuite.runTest(TestSuite.java:241)
	at junit.framework.TestSuite.run(TestSuite.java:236)
	at junit.extensions.TestDecorator.basicRun(TestDecorator.java:24)
	at junit.extensions.TestSetup$1.protect(TestSetup.java:23)
	at junit.framework.TestResult.runProtected(TestResult.java:142)
	at junit.extensions.TestSetup.run(TestSetup.java:27)
	at org.junit.internal.runners.JUnit38ClassRunner.run(JUnit38ClassRunner.java:90)
	at org.apache.maven.surefire.junit4.JUnit4Provider.execute(JUnit4Provider.java:365)
	at org.apache.maven.surefire.junit4.JUnit4Provider.executeWithRerun(JUnit4Provider.java:273)
	at org.apache.maven.surefire.junit4.JUnit4Provider.executeTestSet(JUnit4Provider.java:238)
	at org.apache.maven.surefire.junit4.JUnit4Provider.invoke(JUnit4Provider.java:159)
	at org.apache.maven.surefire.booter.ForkedBooter.invokeProviderInSameClassLoader(ForkedBooter.java:384)
	at org.apache.maven.surefire.booter.ForkedBooter.runSuitesInProcess(ForkedBooter.java:345)
	at org.apache.maven.surefire.booter.ForkedBooter.execute(ForkedBooter.java:126)
	at org.apache.maven.surefire.booter.ForkedBooter.main(ForkedBooter.java:418)
]]></error>
    <system-out><![CDATA[Running db test selectSubClauses::join::testLeftOuterJoinSimple
{"duration":0.0,"eventType":"EXECUTION_PLAN_EXEC_ERROR","info":{"code":-1,"message":"SnowflakeSQLException: SQL compilation error:\nObject 'PERSONTABLE' does not exist or not authorized.","status":"error","trace":"java.lang.RuntimeException: net.snowflake.client.jdbc.SnowflakeSQLException: SQL compilation error:\nObject 'PERSONTABLE' does not exist or not authorized.\n\tat org.finos.legend.engine.plan.execution.stores.relational.result.SQLExecutionResult.<init>(SQLExecutionResult.java:123)\n\tat org.finos.legend.engine.plan.execution.stores.relational.RelationalExecutor.execute(RelationalExecutor.java:241)\n\tat org.finos.legend.engine.plan.execution.stores.relational.plugin.RelationalExecutionNodeExecutor.visit(RelationalExecutionNodeExecutor.java:238)\n\tat org.finos.legend.engine.plan.execution.stores.relational.plugin.RelationalExecutionNodeExecutor.visit(RelationalExecutionNodeExecutor.java:252)\n\tat org.finos.legend.engine.plan.execution.stores.relational.plugin.RelationalExecutionNodeExecutor.visit(RelationalExecutionNodeExecutor.java:92)\n\tat org.finos.legend.engine.protocol.pure.v1.model.executionPlan.nodes.RelationalTdsInstantiationExecutionNode.accept(RelationalTdsInstantiationExecutionNode.java:22)\n\tat org.finos.legend.engine.plan.execution.stores.relational.RelationalExecutionExtension.lambda$getExtraNodeExecutors$fbe53481$1(RelationalExecutionExtension.java:50)\n\tat org.finos.legend.engine.plan.execution.nodes.ExecutionNodeExecutor.lambda$visit$0(ExecutionNodeExecutor.java:164)\n\tat java.base/java.util.stream.ReferencePipeline$3$1.accept(ReferencePipeline.java:195)\n\tat java.base/java.util.Spliterators$ArraySpliterator.tryAdvance(Spliterators.java:958)\n\tat java.base/java.util.stream.ReferencePipeline.forEachWithCancel(ReferencePipeline.java:127)\n\tat java.base/java.util.stream.AbstractPipeline.copyIntoWithCancel(AbstractPipeline.java:502)\n\tat java.base/java.util.stream.AbstractPipeline.copyInto(AbstractPipeline.java:488)\n\tat java.base/java.util.stream.AbstractPipeline.wrapAndCopyInto(AbstractPipeline.java:474)\n\tat java.base/java.util.stream.FindOps$FindOp.evaluateSequential(FindOps.java:150)\n\tat java.base/java.util.stream.AbstractPipeline.evaluate(AbstractPipeline.java:234)\n\tat java.base/java.util.stream.ReferencePipeline.findFirst(ReferencePipeline.java:543)\n\tat org.finos.legend.engine.plan.execution.nodes.ExecutionNodeExecutor.visit(ExecutionNodeExecutor.java:164)\n\tat org.finos.legend.engine.plan.execution.nodes.ExecutionNodeExecutor.visit(ExecutionNodeExecutor.java:107)\n\tat org.finos.legend.engine.protocol.pure.v1.model.executionPlan.nodes.RelationalTdsInstantiationExecutionNode.accept(RelationalTdsInstantiationExecutionNode.java:22)\n\tat org.finos.legend.engine.plan.execution.PlanExecutor.execute(PlanExecutor.java:238)\n\tat org.finos.legend.engine.plan.execution.PlanExecutor.execute(PlanExecutor.java:225)\n\tat org.finos.legend.engine.plan.execution.api.ExecutePlan.doExecutePlanLegacy(ExecutePlan.java:102)\n\tat org.finos.legend.engine.plan.execution.api.ExecutePlan.doExecutePlan(ExecutePlan.java:84)\n\tat org.finos.legend.engine.plan.execution.api.ExecutePlanLegacy.executePlan(ExecutePlanLegacy.java:56)\n\tat jdk.internal.reflect.GeneratedMethodAccessor100.invoke(Unknown Source)\n\tat java.base/jdk.internal.reflect.DelegatingMethodAccessorImpl.invoke(DelegatingMethodAccessorImpl.java:43)\n\tat java.base/java.lang.reflect.Method.invoke(Method.java:566)\n\tat org.glassfish.jersey.server.model.internal.ResourceMethodInvocationHandlerFactory$1.invoke(ResourceMethodInvocationHandlerFactory.java:81)\n\tat org.glassfish.jersey.server.model.internal.AbstractJavaResourceMethodDispatcher$1.run(AbstractJavaResourceMethodDispatcher.java:144)\n\tat org.glassfish.jersey.server.model.internal.AbstractJavaResourceMethodDispatcher.invoke(AbstractJavaResourceMethodDispatcher.java:161)\n\tat org.glassfish.jersey.server.model.internal.JavaResourceMethodDispatcherProvider$ResponseOutInvoker.doDispatch(JavaResourceMethodDispatcherProvider.java:160)\n\tat org.glassfish.jersey.server.model.internal.AbstractJavaResourceMethodDispatcher.dispatch(AbstractJavaResourceMethodDispatcher.java:99)\n\tat org.glassfish.jersey.server.model.ResourceMethodInvoker.invoke(ResourceMethodInvoker.java:389)\n\tat org.glassfish.jersey.server.model.ResourceMethodInvoker.apply(ResourceMethodInvoker.java:347)\n\tat org.glassfish.jersey.server.model.ResourceMethodInvoker.apply(ResourceMethodInvoker.java:102)\n\tat org.glassfish.jersey.server.ServerRuntime$2.run(ServerRuntime.java:326)\n\tat org.glassfish.jersey.internal.Errors$1.call(Errors.java:271)\n\tat org.glassfish.jersey.internal.Errors$1.call(Errors.java:267)\n\tat org.glassfish.jersey.internal.Errors.process(Errors.java:315)\n\tat org.glassfish.jersey.internal.Errors.process(Errors.java:297)\n\tat org.glassfish.jersey.internal.Errors.process(Errors.java:267)\n\tat org.glassfish.jersey.process.internal.RequestScope.runInScope(RequestScope.java:317)\n\tat org.glassfish.jersey.server.ServerRuntime.process(ServerRuntime.java:305)\n\tat org.glassfish.jersey.server.ApplicationHandler.handle(ApplicationHandler.java:1154)\n\tat org.glassfish.jersey.servlet.WebComponent.serviceImpl(WebComponent.java:473)\n\tat org.glassfish.jersey.servlet.WebComponent.service(WebComponent.java:427)\n\tat org.glassfish.jersey.servlet.ServletContainer.service(ServletContainer.java:388)\n\tat org.glassfish.jersey.servlet.ServletContainer.service(ServletContainer.java:341)\n\tat org.glassfish.jersey.servlet.ServletContainer.service(ServletContainer.java:228)\n\tat org.eclipse.jetty.servlet.ServletHolder.handle(ServletHolder.java:799)\n\tat org.eclipse.jetty.servlet.ServletHandler$ChainEnd.doFilter(ServletHandler.java:1631)\n\tat io.dropwizard.servlets.ThreadNameFilter.doFilter(ThreadNameFilter.java:35)\n\tat org.eclipse.jetty.servlet.FilterHolder.doFilter(FilterHolder.java:193)\n\tat org.eclipse.jetty.servlet.ServletHandler$Chain.doFilter(ServletHandler.java:1601)\n\tat io.dropwizard.jersey.filter.AllowedMethodsFilter.handle(AllowedMethodsFilter.java:45)\n\tat io.dropwizard.jersey.filter.AllowedMethodsFilter.doFilter(AllowedMethodsFilter.java:39)\n\tat org.eclipse.jetty.servlet.FilterHolder.doFilter(FilterHolder.java:193)\n\tat org.eclipse.jetty.servlet.ServletHandler$Chain.doFilter(ServletHandler.java:1601)\n\tat org.finos.legend.server.pac4j.internal.UsernameFilter.doFilter(UsernameFilter.java:51)\n\tat org.eclipse.jetty.servlet.FilterHolder.doFilter(FilterHolder.java:193)\n\tat org.eclipse.jetty.servlet.ServletHandler$Chain.doFilter(ServletHandler.java:1601)\n\tat org.pac4j.j2e.filter.SecurityFilter.lambda$internalFilter$0(SecurityFilter.java:95)\n\tat org.pac4j.core.engine.DefaultSecurityLogic.perform(DefaultSecurityLogic.java:140)\n\tat org.pac4j.j2e.filter.SecurityFilter.internalFilter(SecurityFilter.java:93)\n\tat org.pac4j.j2e.filter.AbstractConfigFilter.doFilter(AbstractConfigFilter.java:81)\n\tat org.eclipse.jetty.servlet.FilterHolder.doFilter(FilterHolder.java:193)\n\tat org.eclipse.jetty.servlet.ServletHandler$Chain.doFilter(ServletHandler.java:1601)\n\tat org.eclipse.jetty.servlet.ServletHandler.doHandle(ServletHandler.java:548)\n\tat org.eclipse.jetty.server.handler.ScopedHandler.nextHandle(ScopedHandler.java:233)\n\tat org.eclipse.jetty.server.session.SessionHandler.doHandle(SessionHandler.java:1624)\n\tat org.eclipse.jetty.server.handler.ScopedHandler.nextHandle(ScopedHandler.java:233)\n\tat org.eclipse.jetty.server.handler.ContextHandler.doHandle(ContextHandler.java:1434)\n\tat org.eclipse.jetty.server.handler.ScopedHandler.nextScope(ScopedHandler.java:188)\n\tat org.eclipse.jetty.servlet.ServletHandler.doScope(ServletHandler.java:501)\n\tat org.eclipse.jetty.server.session.SessionHandler.doScope(SessionHandler.java:1594)\n\tat org.eclipse.jetty.server.handler.ScopedHandler.nextScope(ScopedHandler.java:186)\n\tat org.eclipse.jetty.server.handler.ContextHandler.doScope(ContextHandler.java:1349)\n\tat org.eclipse.jetty.server.handler.ScopedHandler.handle(ScopedHandler.java:141)\n\tat org.eclipse.jetty.server.handler.HandlerWrapper.handle(HandlerWrapper.java:127)\n\tat com.codahale.metrics.jetty9.InstrumentedHandler.handle(InstrumentedHandler.java:313)\n\tat io.dropwizard.jetty.ContextRoutingHandler.handle(ContextRoutingHandler.java:37)\n\tat org.eclipse.jetty.server.handler.gzip.GzipHandler.handle(GzipHandler.java:713)\n\tat io.dropwizard.jetty.BiDiGzipHandler.handle(BiDiGzipHandler.java:67)\n\tat org.eclipse.jetty.server.handler.StatisticsHandler.handle(StatisticsHandler.java:179)\n\tat org.eclipse.jetty.server.handler.HandlerWrapper.handle(HandlerWrapper.java:127)\n\tat org.eclipse.jetty.server.Server.handle(Server.java:516)\n\tat org.eclipse.jetty.server.HttpChannel.lambda$handle$1(HttpChannel.java:400)\n\tat org.eclipse.jetty.server.HttpChannel.dispatch(HttpChannel.java:645)\n\tat org.eclipse.jetty.server.HttpChannel.handle(HttpChannel.java:392)\n\tat org.eclipse.jetty.server.HttpConnection.onFillable(HttpConnection.java:277)\n\tat org.eclipse.jetty.io.AbstractConnection$ReadCallback.succeeded(AbstractConnection.java:311)\n\tat org.eclipse.jetty.io.FillInterest.fillable(FillInterest.java:105)\n\tat org.eclipse.jetty.io.ChannelEndPoint$1.run(ChannelEndPoint.java:104)\n\tat org.eclipse.jetty.util.thread.strategy.EatWhatYouKill.runTask(EatWhatYouKill.java:338)\n\tat org.eclipse.jetty.util.thread.strategy.EatWhatYouKill.doProduce(EatWhatYouKill.java:315)\n\tat org.eclipse.jetty.util.thread.strategy.EatWhatYouKill.tryProduce(EatWhatYouKill.java:173)\n\tat org.eclipse.jetty.util.thread.strategy.EatWhatYouKill.run(EatWhatYouKill.java:131)\n\tat org.eclipse.jetty.util.thread.ReservedThreadExecutor$ReservedThread.run(ReservedThreadExecutor.java:409)\n\tat org.eclipse.jetty.util.thread.QueuedThreadPool.runJob(QueuedThreadPool.java:883)\n\tat org.eclipse.jetty.util.thread.QueuedThreadPool$Runner.run(QueuedThreadPool.java:1034)\n\tat java.base/java.lang.Thread.run(Thread.java:829)\nCaused by: net.snowflake.client.jdbc.SnowflakeSQLException: SQL compilation error:\nObject 'PERSONTABLE' does not exist or not authorized.\n\tat net.snowflake.client.jdbc.SnowflakeUtil.checkErrorAndThrowExceptionSub(SnowflakeUtil.java:127)\n\tat net.snowflake.client.jdbc.SnowflakeUtil.checkErrorAndThrowException(SnowflakeUtil.java:67)\n\tat net.snowflake.client.core.StmtUtil.pollForOutput(StmtUtil.java:442)\n\tat net.snowflake.client.core.StmtUtil.execute(StmtUtil.java:345)\n\tat net.snowflake.client.core.SFStatement.executeHelper(SFStatement.java:486)\n\tat net.snowflake.client.core.SFStatement.executeQueryInternal(SFStatement.java:197)\n\tat net.snowflake.client.core.SFStatement.executeQuery(SFStatement.java:134)\n\tat net.snowflake.client.core.SFStatement.execute(SFStatement.java:743)\n\tat net.snowflake.client.core.SFStatement.execute(SFStatement.java:639)\n\tat net.snowflake.client.jdbc.SnowflakeStatementV1.executeQueryInternal(SnowflakeStatementV1.java:238)\n\tat net.snowflake.client.jdbc.SnowflakeStatementV1.executeQuery(SnowflakeStatementV1.java:133)\n\tat com.zaxxer.hikari.pool.ProxyStatement.executeQuery(ProxyStatement.java:110)\n\tat com.zaxxer.hikari.pool.HikariProxyStatement.executeQuery(HikariProxyStatement.java)\n\tat org.finos.legend.engine.plan.execution.stores.relational.result.SQLExecutionResult.<init>(SQLExecutionResult.java:95)\n\t... 101 more\n"},"mode":"DEV","timeStamp":"2023-02-23 01:31:48.338","user":"_UNKNOWN_"}
| **selectSubClauses::join::testLeftOuterJoinSimple** | failing :x: |
]]></system-out>
  </testcase>
  <testcase name="testRightOuterJoinSimple[Snowflake]" classname="org.finos.legend.engine.server.test.shared.Relational_DbSpecific_UsingPureClientTestSuite$2" time="0.31">
    <error message="Assert failure at (resource:/platform/pure/basics/tests/assertEq.pure line:34 column:5), &quot;500 &apos;{&quot;code&quot;:-1,&quot;message&quot;:&quot;SnowflakeSQLException: SQL compilation error:&#10;Object &apos;PERSONTABLE&apos; does not exist or not authorized.&quot;,&quot;status&quot;:&quot;error&quot;,&quot;trace&quot;:&quot;java.lang.RuntimeException: net.snowflake.client.jdbc.SnowflakeSQLException: SQL compilation error:&#10;Object &apos;PERSONTABLE&apos; does not exist or not authorized.&#10;at org.finos.legend.engine.plan.execution.stores.relational.result.SQLExecutionResult.&lt;init&gt;(SQLExecutionResult.java:123)&#10;at org.finos.legend.engine.plan.execution.stores.relational.RelationalExecutor.execute(RelationalExecutor.java:241)&#10;at org.finos.legend.engine.plan.execution.stores.relational.plugin.RelationalExecutionNodeExecutor.visit(RelationalExecutionNodeExecutor.java:238)&#10;at org.finos.legend.engine.plan.execution.stores.relational.plugin.RelationalExecutionNodeExecutor.visit(RelationalExecutionNodeExecutor.java:252)&#10;at org.finos.legend.engine.plan.execution.stores.relational.plugin.RelationalExecutionNodeExecutor.visit(RelationalExecutionNodeExecutor.java:92)&#10;at org.finos.legend.engine.protocol.pure.v1.model.executionPlan.nodes.RelationalTdsInstantiationExecutionNode.accept(RelationalTdsInstantiationExecutionNode.java:22)&#10;at org.finos.legend.engine.plan.execution.stores.relational.RelationalExecutionExtension.lambda$getExtraNodeExecutors$fbe53481$1(RelationalExecutionExtension.java:50)&#10;at org.finos.legend.engine.plan.execution.nodes.ExecutionNodeExecutor.lambda$visit$0(ExecutionNodeExecutor.java:164)&#10;at java.base/java.util.stream.ReferencePipeline$3$1.accept(ReferencePipeline.java:195)&#10;at java.base/java.util.Spliterators$ArraySpliterator.tryAdvance(Spliterators.java:958)&#10;at java.base/java.util.stream.ReferencePipeline.forEachWithCancel(ReferencePipeline.java:127)&#10;at java.base/java.util.stream.AbstractPipeline.copyIntoWithCancel(AbstractPipeline.java:502)&#10;at java.base/java.util.stream.AbstractPipeline.copyInto(AbstractPipeline.java:488)&#10;at java.base/java.util.stream.AbstractPipeline.wrapAndCopyInto(AbstractPipeline.java:474)&#10;at java.base/java.util.stream.FindOps$FindOp.evaluateSequential(FindOps.java:150)&#10;at java.base/java.util.stream.AbstractPipeline.evaluate(AbstractPipeline.java:234)&#10;at java.base/java.util.stream.ReferencePipeline.findFirst(ReferencePipeline.java:543)&#10;at org.finos.legend.engine.plan.execution.nodes.ExecutionNodeExecutor.visit(ExecutionNodeExecutor.java:164)&#10;at org.finos.legend.engine.plan.execution.nodes.ExecutionNodeExecutor.visit(ExecutionNodeExecutor.java:107)&#10;at org.finos.legend.engine.protocol.pure.v1.model.executionPlan.nodes.RelationalTdsInstantiationExecutionNode.accept(RelationalTdsInstantiationExecutionNode.java:22)&#10;at org.finos.legend.engine.plan.execution.PlanExecutor.execute(PlanExecutor.java:238)&#10;at org.finos.legend.engine.plan.execution.PlanExecutor.execute(PlanExecutor.java:225)&#10;at org.finos.legend.engine.plan.execution.api.ExecutePlan.doExecutePlanLegacy(ExecutePlan.java:102)&#10;at org.finos.legend.engine.plan.execution.api.ExecutePlan.doExecutePlan(ExecutePlan.java:84)&#10;at org.finos.legend.engine.plan.execution.api.ExecutePlanLegacy.executePlan(ExecutePlanLegacy.java:56)&#10;at jdk.internal.reflect.GeneratedMethodAccessor100.invoke(Unknown Source)&#10;at java.base/jdk.internal.reflect.DelegatingMethodAccessorImpl.invoke(DelegatingMethodAccessorImpl.java:43)&#10;at java.base/java.lang.reflect.Method.invoke(Method.java:566)&#10;at org.glassfish.jersey.server.model.internal.ResourceMethodInvocationHandlerFactory$1.invoke(ResourceMethodInvocationHandlerFactory.java:81)&#10;at org.glassfish.jersey.server.model.internal.AbstractJavaResourceMethodDispatcher$1.run(AbstractJavaResourceMethodDispatcher.java:144)&#10;at org.glassfish.jersey.server.model.internal.AbstractJavaResourceMethodDispatcher.invoke(AbstractJavaResourceMethodDispatcher.java:161)&#10;at org.glassfish.jersey.server.model.internal.JavaResourceMethodDispatcherProvider$ResponseOutInvoker.doDispatch(JavaResourceMethodDispatcherProvider.java:160)&#10;at org.glassfish.jersey.server.model.internal.AbstractJavaResourceMethodDispatcher.dispatch(AbstractJavaResourceMethodDispatcher.java:99)&#10;at org.glassfish.jersey.server.model.ResourceMethodInvoker.invoke(ResourceMethodInvoker.java:389)&#10;at org.glassfish.jersey.server.model.ResourceMethodInvoker.apply(ResourceMethodInvoker.java:347)&#10;at org.glassfish.jersey.server.model.ResourceMethodInvoker.apply(ResourceMethodInvoker.java:102)&#10;at org.glassfish.jersey.server.ServerRuntime$2.run(ServerRuntime.java:326)&#10;at org.glassfish.jersey.internal.Errors$1.call(Errors.java:271)&#10;at org.glassfish.jersey.internal.Errors$1.call(Errors.java:267)&#10;at org.glassfish.jersey.internal.Errors.process(Errors.java:315)&#10;at org.glassfish.jersey.internal.Errors.process(Errors.java:297)&#10;at org.glassfish.jersey.internal.Errors.process(Errors.java:267)&#10;at org.glassfish.jersey.process.internal.RequestScope.runInScope(RequestScope.java:317)&#10;at org.glassfish.jersey.server.ServerRuntime.process(ServerRuntime.java:305)&#10;at org.glassfish.jersey.server.ApplicationHandler.handle(ApplicationHandler.java:1154)&#10;at org.glassfish.jersey.servlet.WebComponent.serviceImpl(WebComponent.java:473)&#10;at org.glassfish.jersey.servlet.WebComponent.service(WebComponent.java:427)&#10;at org.glassfish.jersey.servlet.ServletContainer.service(ServletContainer.java:388)&#10;at org.glassfish.jersey.servlet.ServletContainer.service(ServletContainer.java:341)&#10;at org.glassfish.jersey.servlet.ServletContainer.service(ServletContainer.java:228)&#10;at org.eclipse.jetty.servlet.ServletHolder.handle(ServletHolder.java:799)&#10;at org.eclipse.jetty.servlet.ServletHandler$ChainEnd.doFilter(ServletHandler.java:1631)&#10;at io.dropwizard.servlets.ThreadNameFilter.doFilter(ThreadNameFilter.java:35)&#10;at org.eclipse.jetty.servlet.FilterHolder.doFilter(FilterHolder.java:193)&#10;at org.eclipse.jetty.servlet.ServletHandler$Chain.doFilter(ServletHandler.java:1601)&#10;at io.dropwizard.jersey.filter.AllowedMethodsFilter.handle(AllowedMethodsFilter.java:45)&#10;at io.dropwizard.jersey.filter.AllowedMethodsFilter.doFilter(AllowedMethodsFilter.java:39)&#10;at org.eclipse.jetty.servlet.FilterHolder.doFilter(FilterHolder.java:193)&#10;at org.eclipse.jetty.servlet.ServletHandler$Chain.doFilter(ServletHandler.java:1601)&#10;at org.finos.legend.server.pac4j.internal.UsernameFilter.doFilter(UsernameFilter.java:51)&#10;at org.eclipse.jetty.servlet.FilterHolder.doFilter(FilterHolder.java:193)&#10;at org.eclipse.jetty.servlet.ServletHandler$Chain.doFilter(ServletHandler.java:1601)&#10;at org.pac4j.j2e.filter.SecurityFilter.lambda$internalFilter$0(SecurityFilter.java:95)&#10;at org.pac4j.core.engine.DefaultSecurityLogic.perform(DefaultSecurityLogic.java:140)&#10;at org.pac4j.j2e.filter.SecurityFilter.internalFilter(SecurityFilter.java:93)&#10;at org.pac4j.j2e.filter.AbstractConfigFilter.doFilter(AbstractConfigFilter.java:81)&#10;at org.eclipse.jetty.servlet.FilterHolder.doFilter(FilterHolder.java:193)&#10;at org.eclipse.jetty.servlet.ServletHandler$Chain.doFilter(ServletHandler.java:1601)&#10;at org.eclipse.jetty.servlet.ServletHandler.doHandle(ServletHandler.java:548)&#10;at org.eclipse.jetty.server.handler.ScopedHandler.nextHandle(ScopedHandler.java:233)&#10;at org.eclipse.jetty.server.session.SessionHandler.doHandle(SessionHandler.java:1624)&#10;at org.eclipse.jetty.server.handler.ScopedHandler.nextHandle(ScopedHandler.java:233)&#10;at org.eclipse.jetty.server.handler.ContextHandler.doHandle(ContextHandler.java:1434)&#10;at org.eclipse.jetty.server.handler.ScopedHandler.nextScope(ScopedHandler.java:188)&#10;at org.eclipse.jetty.servlet.ServletHandler.doScope(ServletHandler.java:501)&#10;at org.eclipse.jetty.server.session.SessionHandler.doScope(SessionHandler.java:1594)&#10;at org.eclipse.jetty.server.handler.ScopedHandler.nextScope(ScopedHandler.java:186)&#10;at org.eclipse.jetty.server.handler.ContextHandler.doScope(ContextHandler.java:1349)&#10;at org.eclipse.jetty.server.handler.ScopedHandler.handle(ScopedHandler.java:141)&#10;at org.eclipse.jetty.server.handler.HandlerWrapper.handle(HandlerWrapper.java:127)&#10;at com.codahale.metrics.jetty9.InstrumentedHandler.handle(InstrumentedHandler.java:313)&#10;at io.dropwizard.jetty.ContextRoutingHandler.handle(ContextRoutingHandler.java:37)&#10;at org.eclipse.jetty.server.handler.gzip.GzipHandler.handle(GzipHandler.java:713)&#10;at io.dropwizard.jetty.BiDiGzipHandler.handle(BiDiGzipHandler.java:67)&#10;at org.eclipse.jetty.server.handler.StatisticsHandler.handle(StatisticsHandler.java:179)&#10;at org.eclipse.jetty.server.handler.HandlerWrapper.handle(HandlerWrapper.java:127)&#10;at org.eclipse.jetty.server.Server.handle(Server.java:516)&#10;at org.eclipse.jetty.server.HttpChannel.lambda$handle$1(HttpChannel.java:400)&#10;at org.eclipse.jetty.server.HttpChannel.dispatch(HttpChannel.java:645)&#10;at org.eclipse.jetty.server.HttpChannel.handle(HttpChannel.java:392)&#10;at org.eclipse.jetty.server.HttpConnection.onFillable(HttpConnection.java:277)&#10;at org.eclipse.jetty.io.AbstractConnection$ReadCallback.succeeded(AbstractConnection.java:311)&#10;at org.eclipse.jetty.io.FillInterest.fillable(FillInterest.java:105)&#10;at org.eclipse.jetty.io.ChannelEndPoint$1.run(ChannelEndPoint.java:104)&#10;at org.eclipse.jetty.util.thread.strategy.EatWhatYouKill.runTask(EatWhatYouKill.java:338)&#10;at org.eclipse.jetty.util.thread.strategy.EatWhatYouKill.doProduce(EatWhatYouKill.java:315)&#10;at org.eclipse.jetty.util.thread.strategy.EatWhatYouKill.tryProduce(EatWhatYouKill.java:173)&#10;at org.eclipse.jetty.util.thread.strategy.EatWhatYouKill.run(EatWhatYouKill.java:131)&#10;at org.eclipse.jetty.util.thread.ReservedThreadExecutor$ReservedThread.run(ReservedThreadExecutor.java:409)&#10;at org.eclipse.jetty.util.thread.QueuedThreadPool.runJob(QueuedThreadPool.java:883)&#10;at org.eclipse.jetty.util.thread.QueuedThreadPool$Runner.run(QueuedThreadPool.java:1034)&#10;at java.base/java.lang.Thread.run(Thread.java:829)&#10;Caused by: net.snowflake.client.jdbc.SnowflakeSQLException: SQL compilation error:&#10;Object &apos;PERSONTABLE&apos; does not exist or not authorized.&#10;at net.snowflake.client.jdbc.SnowflakeUtil.checkErrorAndThrowExceptionSub(SnowflakeUtil.java:127)&#10;at net.snowflake.client.jdbc.SnowflakeUtil.checkErrorAndThrowException(SnowflakeUtil.java:67)&#10;at net.snowflake.client.core.StmtUtil.pollForOutput(StmtUtil.java:442)&#10;at net.snowflake.client.core.StmtUtil.execute(StmtUtil.java:345)&#10;at net.snowflake.client.core.SFStatement.executeHelper(SFStatement.java:486)&#10;at net.snowflake.client.core.SFStatement.executeQueryInternal(SFStatement.java:197)&#10;at net.snowflake.client.core.SFStatement.executeQuery(SFStatement.java:134)&#10;at net.snowflake.client.core.SFStatement.execute(SFStatement.java:743)&#10;at net.snowflake.client.core.SFStatement.execute(SFStatement.java:639)&#10;at net.snowflake.client.jdbc.SnowflakeStatementV1.executeQueryInternal(SnowflakeStatementV1.java:238)&#10;at net.snowflake.client.jdbc.SnowflakeStatementV1.executeQuery(SnowflakeStatementV1.java:133)&#10;at com.zaxxer.hikari.pool.ProxyStatement.executeQuery(ProxyStatement.java:110)&#10;at com.zaxxer.hikari.pool.HikariProxyStatement.executeQuery(HikariProxyStatement.java)&#10;at org.finos.legend.engine.plan.execution.stores.relational.result.SQLExecutionResult.&lt;init&gt;(SQLExecutionResult.java:95)&#10;... 101 more&#10;&quot;}&apos;&quot;" type="Assert failure at (resource"><![CDATA[Assert failure at (resource:/platform/pure/basics/tests/assertEq.pure line:34 column:5), "500 '{"code":-1,"message":"SnowflakeSQLException: SQL compilation error:
Object 'PERSONTABLE' does not exist or not authorized.","status":"error","trace":"java.lang.RuntimeException: net.snowflake.client.jdbc.SnowflakeSQLException: SQL compilation error:
Object 'PERSONTABLE' does not exist or not authorized.
at org.finos.legend.engine.plan.execution.stores.relational.result.SQLExecutionResult.<init>(SQLExecutionResult.java:123)
at org.finos.legend.engine.plan.execution.stores.relational.RelationalExecutor.execute(RelationalExecutor.java:241)
at org.finos.legend.engine.plan.execution.stores.relational.plugin.RelationalExecutionNodeExecutor.visit(RelationalExecutionNodeExecutor.java:238)
at org.finos.legend.engine.plan.execution.stores.relational.plugin.RelationalExecutionNodeExecutor.visit(RelationalExecutionNodeExecutor.java:252)
at org.finos.legend.engine.plan.execution.stores.relational.plugin.RelationalExecutionNodeExecutor.visit(RelationalExecutionNodeExecutor.java:92)
at org.finos.legend.engine.protocol.pure.v1.model.executionPlan.nodes.RelationalTdsInstantiationExecutionNode.accept(RelationalTdsInstantiationExecutionNode.java:22)
at org.finos.legend.engine.plan.execution.stores.relational.RelationalExecutionExtension.lambda$getExtraNodeExecutors$fbe53481$1(RelationalExecutionExtension.java:50)
at org.finos.legend.engine.plan.execution.nodes.ExecutionNodeExecutor.lambda$visit$0(ExecutionNodeExecutor.java:164)
at java.base/java.util.stream.ReferencePipeline$3$1.accept(ReferencePipeline.java:195)
at java.base/java.util.Spliterators$ArraySpliterator.tryAdvance(Spliterators.java:958)
at java.base/java.util.stream.ReferencePipeline.forEachWithCancel(ReferencePipeline.java:127)
at java.base/java.util.stream.AbstractPipeline.copyIntoWithCancel(AbstractPipeline.java:502)
at java.base/java.util.stream.AbstractPipeline.copyInto(AbstractPipeline.java:488)
at java.base/java.util.stream.AbstractPipeline.wrapAndCopyInto(AbstractPipeline.java:474)
at java.base/java.util.stream.FindOps$FindOp.evaluateSequential(FindOps.java:150)
at java.base/java.util.stream.AbstractPipeline.evaluate(AbstractPipeline.java:234)
at java.base/java.util.stream.ReferencePipeline.findFirst(ReferencePipeline.java:543)
at org.finos.legend.engine.plan.execution.nodes.ExecutionNodeExecutor.visit(ExecutionNodeExecutor.java:164)
at org.finos.legend.engine.plan.execution.nodes.ExecutionNodeExecutor.visit(ExecutionNodeExecutor.java:107)
at org.finos.legend.engine.protocol.pure.v1.model.executionPlan.nodes.RelationalTdsInstantiationExecutionNode.accept(RelationalTdsInstantiationExecutionNode.java:22)
at org.finos.legend.engine.plan.execution.PlanExecutor.execute(PlanExecutor.java:238)
at org.finos.legend.engine.plan.execution.PlanExecutor.execute(PlanExecutor.java:225)
at org.finos.legend.engine.plan.execution.api.ExecutePlan.doExecutePlanLegacy(ExecutePlan.java:102)
at org.finos.legend.engine.plan.execution.api.ExecutePlan.doExecutePlan(ExecutePlan.java:84)
at org.finos.legend.engine.plan.execution.api.ExecutePlanLegacy.executePlan(ExecutePlanLegacy.java:56)
at jdk.internal.reflect.GeneratedMethodAccessor100.invoke(Unknown Source)
at java.base/jdk.internal.reflect.DelegatingMethodAccessorImpl.invoke(DelegatingMethodAccessorImpl.java:43)
at java.base/java.lang.reflect.Method.invoke(Method.java:566)
at org.glassfish.jersey.server.model.internal.ResourceMethodInvocationHandlerFactory$1.invoke(ResourceMethodInvocationHandlerFactory.java:81)
at org.glassfish.jersey.server.model.internal.AbstractJavaResourceMethodDispatcher$1.run(AbstractJavaResourceMethodDispatcher.java:144)
at org.glassfish.jersey.server.model.internal.AbstractJavaResourceMethodDispatcher.invoke(AbstractJavaResourceMethodDispatcher.java:161)
at org.glassfish.jersey.server.model.internal.JavaResourceMethodDispatcherProvider$ResponseOutInvoker.doDispatch(JavaResourceMethodDispatcherProvider.java:160)
at org.glassfish.jersey.server.model.internal.AbstractJavaResourceMethodDispatcher.dispatch(AbstractJavaResourceMethodDispatcher.java:99)
at org.glassfish.jersey.server.model.ResourceMethodInvoker.invoke(ResourceMethodInvoker.java:389)
at org.glassfish.jersey.server.model.ResourceMethodInvoker.apply(ResourceMethodInvoker.java:347)
at org.glassfish.jersey.server.model.ResourceMethodInvoker.apply(ResourceMethodInvoker.java:102)
at org.glassfish.jersey.server.ServerRuntime$2.run(ServerRuntime.java:326)
at org.glassfish.jersey.internal.Errors$1.call(Errors.java:271)
at org.glassfish.jersey.internal.Errors$1.call(Errors.java:267)
at org.glassfish.jersey.internal.Errors.process(Errors.java:315)
at org.glassfish.jersey.internal.Errors.process(Errors.java:297)
at org.glassfish.jersey.internal.Errors.process(Errors.java:267)
at org.glassfish.jersey.process.internal.RequestScope.runInScope(RequestScope.java:317)
at org.glassfish.jersey.server.ServerRuntime.process(ServerRuntime.java:305)
at org.glassfish.jersey.server.ApplicationHandler.handle(ApplicationHandler.java:1154)
at org.glassfish.jersey.servlet.WebComponent.serviceImpl(WebComponent.java:473)
at org.glassfish.jersey.servlet.WebComponent.service(WebComponent.java:427)
at org.glassfish.jersey.servlet.ServletContainer.service(ServletContainer.java:388)
at org.glassfish.jersey.servlet.ServletContainer.service(ServletContainer.java:341)
at org.glassfish.jersey.servlet.ServletContainer.service(ServletContainer.java:228)
at org.eclipse.jetty.servlet.ServletHolder.handle(ServletHolder.java:799)
at org.eclipse.jetty.servlet.ServletHandler$ChainEnd.doFilter(ServletHandler.java:1631)
at io.dropwizard.servlets.ThreadNameFilter.doFilter(ThreadNameFilter.java:35)
at org.eclipse.jetty.servlet.FilterHolder.doFilter(FilterHolder.java:193)
at org.eclipse.jetty.servlet.ServletHandler$Chain.doFilter(ServletHandler.java:1601)
at io.dropwizard.jersey.filter.AllowedMethodsFilter.handle(AllowedMethodsFilter.java:45)
at io.dropwizard.jersey.filter.AllowedMethodsFilter.doFilter(AllowedMethodsFilter.java:39)
at org.eclipse.jetty.servlet.FilterHolder.doFilter(FilterHolder.java:193)
at org.eclipse.jetty.servlet.ServletHandler$Chain.doFilter(ServletHandler.java:1601)
at org.finos.legend.server.pac4j.internal.UsernameFilter.doFilter(UsernameFilter.java:51)
at org.eclipse.jetty.servlet.FilterHolder.doFilter(FilterHolder.java:193)
at org.eclipse.jetty.servlet.ServletHandler$Chain.doFilter(ServletHandler.java:1601)
at org.pac4j.j2e.filter.SecurityFilter.lambda$internalFilter$0(SecurityFilter.java:95)
at org.pac4j.core.engine.DefaultSecurityLogic.perform(DefaultSecurityLogic.java:140)
at org.pac4j.j2e.filter.SecurityFilter.internalFilter(SecurityFilter.java:93)
at org.pac4j.j2e.filter.AbstractConfigFilter.doFilter(AbstractConfigFilter.java:81)
at org.eclipse.jetty.servlet.FilterHolder.doFilter(FilterHolder.java:193)
at org.eclipse.jetty.servlet.ServletHandler$Chain.doFilter(ServletHandler.java:1601)
at org.eclipse.jetty.servlet.ServletHandler.doHandle(ServletHandler.java:548)
at org.eclipse.jetty.server.handler.ScopedHandler.nextHandle(ScopedHandler.java:233)
at org.eclipse.jetty.server.session.SessionHandler.doHandle(SessionHandler.java:1624)
at org.eclipse.jetty.server.handler.ScopedHandler.nextHandle(ScopedHandler.java:233)
at org.eclipse.jetty.server.handler.ContextHandler.doHandle(ContextHandler.java:1434)
at org.eclipse.jetty.server.handler.ScopedHandler.nextScope(ScopedHandler.java:188)
at org.eclipse.jetty.servlet.ServletHandler.doScope(ServletHandler.java:501)
at org.eclipse.jetty.server.session.SessionHandler.doScope(SessionHandler.java:1594)
at org.eclipse.jetty.server.handler.ScopedHandler.nextScope(ScopedHandler.java:186)
at org.eclipse.jetty.server.handler.ContextHandler.doScope(ContextHandler.java:1349)
at org.eclipse.jetty.server.handler.ScopedHandler.handle(ScopedHandler.java:141)
at org.eclipse.jetty.server.handler.HandlerWrapper.handle(HandlerWrapper.java:127)
at com.codahale.metrics.jetty9.InstrumentedHandler.handle(InstrumentedHandler.java:313)
at io.dropwizard.jetty.ContextRoutingHandler.handle(ContextRoutingHandler.java:37)
at org.eclipse.jetty.server.handler.gzip.GzipHandler.handle(GzipHandler.java:713)
at io.dropwizard.jetty.BiDiGzipHandler.handle(BiDiGzipHandler.java:67)
at org.eclipse.jetty.server.handler.StatisticsHandler.handle(StatisticsHandler.java:179)
at org.eclipse.jetty.server.handler.HandlerWrapper.handle(HandlerWrapper.java:127)
at org.eclipse.jetty.server.Server.handle(Server.java:516)
at org.eclipse.jetty.server.HttpChannel.lambda$handle$1(HttpChannel.java:400)
at org.eclipse.jetty.server.HttpChannel.dispatch(HttpChannel.java:645)
at org.eclipse.jetty.server.HttpChannel.handle(HttpChannel.java:392)
at org.eclipse.jetty.server.HttpConnection.onFillable(HttpConnection.java:277)
at org.eclipse.jetty.io.AbstractConnection$ReadCallback.succeeded(AbstractConnection.java:311)
at org.eclipse.jetty.io.FillInterest.fillable(FillInterest.java:105)
at org.eclipse.jetty.io.ChannelEndPoint$1.run(ChannelEndPoint.java:104)
at org.eclipse.jetty.util.thread.strategy.EatWhatYouKill.runTask(EatWhatYouKill.java:338)
at org.eclipse.jetty.util.thread.strategy.EatWhatYouKill.doProduce(EatWhatYouKill.java:315)
at org.eclipse.jetty.util.thread.strategy.EatWhatYouKill.tryProduce(EatWhatYouKill.java:173)
at org.eclipse.jetty.util.thread.strategy.EatWhatYouKill.run(EatWhatYouKill.java:131)
at org.eclipse.jetty.util.thread.ReservedThreadExecutor$ReservedThread.run(ReservedThreadExecutor.java:409)
at org.eclipse.jetty.util.thread.QueuedThreadPool.runJob(QueuedThreadPool.java:883)
at org.eclipse.jetty.util.thread.QueuedThreadPool$Runner.run(QueuedThreadPool.java:1034)
at java.base/java.lang.Thread.run(Thread.java:829)
Caused by: net.snowflake.client.jdbc.SnowflakeSQLException: SQL compilation error:
Object 'PERSONTABLE' does not exist or not authorized.
at net.snowflake.client.jdbc.SnowflakeUtil.checkErrorAndThrowExceptionSub(SnowflakeUtil.java:127)
at net.snowflake.client.jdbc.SnowflakeUtil.checkErrorAndThrowException(SnowflakeUtil.java:67)
at net.snowflake.client.core.StmtUtil.pollForOutput(StmtUtil.java:442)
at net.snowflake.client.core.StmtUtil.execute(StmtUtil.java:345)
at net.snowflake.client.core.SFStatement.executeHelper(SFStatement.java:486)
at net.snowflake.client.core.SFStatement.executeQueryInternal(SFStatement.java:197)
at net.snowflake.client.core.SFStatement.executeQuery(SFStatement.java:134)
at net.snowflake.client.core.SFStatement.execute(SFStatement.java:743)
at net.snowflake.client.core.SFStatement.execute(SFStatement.java:639)
at net.snowflake.client.jdbc.SnowflakeStatementV1.executeQueryInternal(SnowflakeStatementV1.java:238)
at net.snowflake.client.jdbc.SnowflakeStatementV1.executeQuery(SnowflakeStatementV1.java:133)
at com.zaxxer.hikari.pool.ProxyStatement.executeQuery(ProxyStatement.java:110)
at com.zaxxer.hikari.pool.HikariProxyStatement.executeQuery(HikariProxyStatement.java)
at org.finos.legend.engine.plan.execution.stores.relational.result.SQLExecutionResult.<init>(SQLExecutionResult.java:95)
... 101 more
"}'"
	at org.finos.legend.pure.runtime.java.compiled.generation.processors.support.CompiledSupport.pureAssert(CompiledSupport.java:1994)
	at org.finos.legend.pure.generated.platform_pure_basics_tests_assertEq.Root_meta_pure_functions_asserts_assertEq_Any_1__Any_1__Function_1__Boolean_1_(platform_pure_basics_tests_assertEq.java:44)
	at org.finos.legend.pure.generated.core_pure_protocol_vX_X_X_invocations_execution.Root_meta_protocols_pure_vX_X_X_invocation_execution_execute_executePlan_String_1__String_1__Integer_1__String_1_(core_pure_protocol_vX_X_X_invocations_execution.java:751)
	at org.finos.legend.pure.generated.core_pure_protocol_vX_X_X_invocations_execution.Root_meta_protocols_pure_vX_X_X_invocation_execution_execute_executePlan_ExecutionPlan_1__String_1__Integer_1__Extension_MANY__String_1_(core_pure_protocol_vX_X_X_invocations_execution.java:745)
	at org.finos.legend.pure.generated.core_pure_protocol_vX_X_X_invocations_execution.Root_meta_protocols_pure_vX_X_X_invocation_execution_execute_executePlan_ExecutionPlan_1__ExecutionContext_$0_1$__String_1__Integer_1__Extension_MANY__Result_1_(core_pure_protocol_vX_X_X_invocations_execution.java:738)
	at jdk.internal.reflect.GeneratedMethodAccessor96.invoke(Unknown Source)
	at java.base/jdk.internal.reflect.DelegatingMethodAccessorImpl.invoke(DelegatingMethodAccessorImpl.java:43)
	at java.base/java.lang.reflect.Method.invoke(Method.java:566)
	at org.finos.legend.pure.runtime.java.compiled.metadata.JavaMethodWithParamsSharedPureFunction.execute(JavaMethodWithParamsSharedPureFunction.java:59)
	at org.finos.legend.pure.runtime.java.compiled.generation.processors.support.Pure._evaluateToMany(Pure.java:546)
	at org.finos.legend.pure.generated.CoreGen.evaluateToMany(CoreGen.java:147)
	at org.finos.legend.pure.generated.CoreGen.evaluateToMany(CoreGen.java:134)
	at org.finos.legend.pure.generated.core_pure_router_router_entry$9$1.value(core_pure_router_router_entry.java:318)
	at org.finos.legend.pure.generated.core_pure_router_router_entry$9$1.execute(core_pure_router_router_entry.java:311)
	at org.finos.legend.pure.generated.core_pure_router_router_entry$9$1.execute(core_pure_router_router_entry.java:307)
	at org.finos.legend.pure.runtime.java.compiled.generation.processors.support.Pure.evaluate(Pure.java:485)
	at org.finos.legend.pure.runtime.java.compiled.generation.processors.support.Pure.legendTest(Pure.java:216)
	at org.finos.legend.pure.generated.CoreGen.legendTest(CoreGen.java:61)
	at org.finos.legend.pure.generated.core_pure_router_router_entry$9.valueOf(core_pure_router_router_entry.java:303)
	at org.finos.legend.pure.generated.core_pure_router_router_entry$9.execute(core_pure_router_router_entry.java:298)
	at org.finos.legend.pure.generated.core_pure_router_router_entry$9.execute(core_pure_router_router_entry.java:294)
	at org.finos.legend.pure.runtime.java.compiled.generation.processors.support.Pure.evaluate(Pure.java:485)
	at org.finos.legend.pure.runtime.java.compiled.generation.processors.support.Pure.traceSpan(Pure.java:1482)
	at org.finos.legend.pure.generated.CoreGen.traceSpan(CoreGen.java:203)
	at org.finos.legend.pure.generated.core_pure_router_router_entry.Root_meta_pure_router_executePlan_ExecutionPlan_1__ExecutionContext_1__Extension_MANY__Result_$0_1$_(core_pure_router_router_entry.java:290)
	at org.finos.legend.pure.generated.core_pure_router_router_entry.Root_meta_pure_router_executePlan_ExecutionPlan_1__Extension_MANY__Result_$0_1$_(core_pure_router_router_entry.java:285)
	at org.finos.legend.pure.generated.core_relational_relational_sqlQueryToString_dbTestRunner_executionPlanTestRunner$19.execute(core_relational_relational_sqlQueryToString_dbTestRunner_executionPlanTestRunner.java:305)
	at org.finos.legend.pure.generated.core_relational_relational_sqlQueryToString_dbTestRunner_executionPlanTestRunner.Root_meta_relational_dbTestRunner_executeViaPlan_FunctionDefinition_1__Mapping_1__Database_1__DbTestConfig_1__Extension_MANY__Result_$0_1$_(core_relational_relational_sqlQueryToString_dbTestRunner_executionPlanTestRunner.java:309)
	at org.finos.legend.pure.generated.core_relational_relational_sqlQueryToString_testSuite_selectSubClauses_join.Root_meta_relational_tests_dbSpecificTests_sqlQueryTests_selectSubClauses_join_testRightOuterJoinSimple_DbTestConfig_1__Boolean_1_(core_relational_relational_sqlQueryToString_testSuite_selectSubClauses_join.java:719)
	at java.base/jdk.internal.reflect.NativeMethodAccessorImpl.invoke0(Native Method)
	at java.base/jdk.internal.reflect.NativeMethodAccessorImpl.invoke(NativeMethodAccessorImpl.java:62)
	at java.base/jdk.internal.reflect.DelegatingMethodAccessorImpl.invoke(DelegatingMethodAccessorImpl.java:43)
	at java.base/java.lang.reflect.Method.invoke(Method.java:566)
	at org.finos.legend.pure.runtime.java.compiled.testHelper.PureTestBuilderCompiled.executeFn(PureTestBuilderCompiled.java:113)
	at org.finos.legend.pure.runtime.java.compiled.testHelper.PureTestBuilderCompiled.lambda$buildSuite$0(PureTestBuilderCompiled.java:79)
	at org.finos.legend.pure.m3.execution.test.PureTestBuilder$PureTestCase.runTest(PureTestBuilder.java:95)
	at junit.framework.TestCase.runBare(TestCase.java:142)
	at org.finos.legend.engine.server.test.shared.Relational_DbSpecific_UsingPureClientTestSuite$2.runTest(Relational_DbSpecific_UsingPureClientTestSuite.java:90)
	at junit.framework.TestCase.runBare(TestCase.java:142)
	at junit.framework.TestResult$1.protect(TestResult.java:122)
	at junit.framework.TestResult.runProtected(TestResult.java:142)
	at junit.framework.TestResult.run(TestResult.java:125)
	at junit.framework.TestCase.run(TestCase.java:130)
	at junit.framework.TestSuite.runTest(TestSuite.java:241)
	at junit.framework.TestSuite.run(TestSuite.java:236)
	at junit.framework.TestSuite.runTest(TestSuite.java:241)
	at junit.framework.TestSuite.run(TestSuite.java:236)
	at junit.framework.TestSuite.runTest(TestSuite.java:241)
	at junit.framework.TestSuite.run(TestSuite.java:236)
	at junit.framework.TestSuite.runTest(TestSuite.java:241)
	at junit.framework.TestSuite.run(TestSuite.java:236)
	at junit.framework.TestSuite.runTest(TestSuite.java:241)
	at junit.framework.TestSuite.run(TestSuite.java:236)
	at junit.extensions.TestDecorator.basicRun(TestDecorator.java:24)
	at junit.extensions.TestSetup$1.protect(TestSetup.java:23)
	at junit.framework.TestResult.runProtected(TestResult.java:142)
	at junit.extensions.TestSetup.run(TestSetup.java:27)
	at org.junit.internal.runners.JUnit38ClassRunner.run(JUnit38ClassRunner.java:90)
	at org.apache.maven.surefire.junit4.JUnit4Provider.execute(JUnit4Provider.java:365)
	at org.apache.maven.surefire.junit4.JUnit4Provider.executeWithRerun(JUnit4Provider.java:273)
	at org.apache.maven.surefire.junit4.JUnit4Provider.executeTestSet(JUnit4Provider.java:238)
	at org.apache.maven.surefire.junit4.JUnit4Provider.invoke(JUnit4Provider.java:159)
	at org.apache.maven.surefire.booter.ForkedBooter.invokeProviderInSameClassLoader(ForkedBooter.java:384)
	at org.apache.maven.surefire.booter.ForkedBooter.runSuitesInProcess(ForkedBooter.java:345)
	at org.apache.maven.surefire.booter.ForkedBooter.execute(ForkedBooter.java:126)
	at org.apache.maven.surefire.booter.ForkedBooter.main(ForkedBooter.java:418)
]]></error>
    <system-out><![CDATA[Running db test selectSubClauses::join::testRightOuterJoinSimple
{"duration":0.0,"eventType":"EXECUTION_PLAN_EXEC_ERROR","info":{"code":-1,"message":"SnowflakeSQLException: SQL compilation error:\nObject 'PERSONTABLE' does not exist or not authorized.","status":"error","trace":"java.lang.RuntimeException: net.snowflake.client.jdbc.SnowflakeSQLException: SQL compilation error:\nObject 'PERSONTABLE' does not exist or not authorized.\n\tat org.finos.legend.engine.plan.execution.stores.relational.result.SQLExecutionResult.<init>(SQLExecutionResult.java:123)\n\tat org.finos.legend.engine.plan.execution.stores.relational.RelationalExecutor.execute(RelationalExecutor.java:241)\n\tat org.finos.legend.engine.plan.execution.stores.relational.plugin.RelationalExecutionNodeExecutor.visit(RelationalExecutionNodeExecutor.java:238)\n\tat org.finos.legend.engine.plan.execution.stores.relational.plugin.RelationalExecutionNodeExecutor.visit(RelationalExecutionNodeExecutor.java:252)\n\tat org.finos.legend.engine.plan.execution.stores.relational.plugin.RelationalExecutionNodeExecutor.visit(RelationalExecutionNodeExecutor.java:92)\n\tat org.finos.legend.engine.protocol.pure.v1.model.executionPlan.nodes.RelationalTdsInstantiationExecutionNode.accept(RelationalTdsInstantiationExecutionNode.java:22)\n\tat org.finos.legend.engine.plan.execution.stores.relational.RelationalExecutionExtension.lambda$getExtraNodeExecutors$fbe53481$1(RelationalExecutionExtension.java:50)\n\tat org.finos.legend.engine.plan.execution.nodes.ExecutionNodeExecutor.lambda$visit$0(ExecutionNodeExecutor.java:164)\n\tat java.base/java.util.stream.ReferencePipeline$3$1.accept(ReferencePipeline.java:195)\n\tat java.base/java.util.Spliterators$ArraySpliterator.tryAdvance(Spliterators.java:958)\n\tat java.base/java.util.stream.ReferencePipeline.forEachWithCancel(ReferencePipeline.java:127)\n\tat java.base/java.util.stream.AbstractPipeline.copyIntoWithCancel(AbstractPipeline.java:502)\n\tat java.base/java.util.stream.AbstractPipeline.copyInto(AbstractPipeline.java:488)\n\tat java.base/java.util.stream.AbstractPipeline.wrapAndCopyInto(AbstractPipeline.java:474)\n\tat java.base/java.util.stream.FindOps$FindOp.evaluateSequential(FindOps.java:150)\n\tat java.base/java.util.stream.AbstractPipeline.evaluate(AbstractPipeline.java:234)\n\tat java.base/java.util.stream.ReferencePipeline.findFirst(ReferencePipeline.java:543)\n\tat org.finos.legend.engine.plan.execution.nodes.ExecutionNodeExecutor.visit(ExecutionNodeExecutor.java:164)\n\tat org.finos.legend.engine.plan.execution.nodes.ExecutionNodeExecutor.visit(ExecutionNodeExecutor.java:107)\n\tat org.finos.legend.engine.protocol.pure.v1.model.executionPlan.nodes.RelationalTdsInstantiationExecutionNode.accept(RelationalTdsInstantiationExecutionNode.java:22)\n\tat org.finos.legend.engine.plan.execution.PlanExecutor.execute(PlanExecutor.java:238)\n\tat org.finos.legend.engine.plan.execution.PlanExecutor.execute(PlanExecutor.java:225)\n\tat org.finos.legend.engine.plan.execution.api.ExecutePlan.doExecutePlanLegacy(ExecutePlan.java:102)\n\tat org.finos.legend.engine.plan.execution.api.ExecutePlan.doExecutePlan(ExecutePlan.java:84)\n\tat org.finos.legend.engine.plan.execution.api.ExecutePlanLegacy.executePlan(ExecutePlanLegacy.java:56)\n\tat jdk.internal.reflect.GeneratedMethodAccessor100.invoke(Unknown Source)\n\tat java.base/jdk.internal.reflect.DelegatingMethodAccessorImpl.invoke(DelegatingMethodAccessorImpl.java:43)\n\tat java.base/java.lang.reflect.Method.invoke(Method.java:566)\n\tat org.glassfish.jersey.server.model.internal.ResourceMethodInvocationHandlerFactory$1.invoke(ResourceMethodInvocationHandlerFactory.java:81)\n\tat org.glassfish.jersey.server.model.internal.AbstractJavaResourceMethodDispatcher$1.run(AbstractJavaResourceMethodDispatcher.java:144)\n\tat org.glassfish.jersey.server.model.internal.AbstractJavaResourceMethodDispatcher.invoke(AbstractJavaResourceMethodDispatcher.java:161)\n\tat org.glassfish.jersey.server.model.internal.JavaResourceMethodDispatcherProvider$ResponseOutInvoker.doDispatch(JavaResourceMethodDispatcherProvider.java:160)\n\tat org.glassfish.jersey.server.model.internal.AbstractJavaResourceMethodDispatcher.dispatch(AbstractJavaResourceMethodDispatcher.java:99)\n\tat org.glassfish.jersey.server.model.ResourceMethodInvoker.invoke(ResourceMethodInvoker.java:389)\n\tat org.glassfish.jersey.server.model.ResourceMethodInvoker.apply(ResourceMethodInvoker.java:347)\n\tat org.glassfish.jersey.server.model.ResourceMethodInvoker.apply(ResourceMethodInvoker.java:102)\n\tat org.glassfish.jersey.server.ServerRuntime$2.run(ServerRuntime.java:326)\n\tat org.glassfish.jersey.internal.Errors$1.call(Errors.java:271)\n\tat org.glassfish.jersey.internal.Errors$1.call(Errors.java:267)\n\tat org.glassfish.jersey.internal.Errors.process(Errors.java:315)\n\tat org.glassfish.jersey.internal.Errors.process(Errors.java:297)\n\tat org.glassfish.jersey.internal.Errors.process(Errors.java:267)\n\tat org.glassfish.jersey.process.internal.RequestScope.runInScope(RequestScope.java:317)\n\tat org.glassfish.jersey.server.ServerRuntime.process(ServerRuntime.java:305)\n\tat org.glassfish.jersey.server.ApplicationHandler.handle(ApplicationHandler.java:1154)\n\tat org.glassfish.jersey.servlet.WebComponent.serviceImpl(WebComponent.java:473)\n\tat org.glassfish.jersey.servlet.WebComponent.service(WebComponent.java:427)\n\tat org.glassfish.jersey.servlet.ServletContainer.service(ServletContainer.java:388)\n\tat org.glassfish.jersey.servlet.ServletContainer.service(ServletContainer.java:341)\n\tat org.glassfish.jersey.servlet.ServletContainer.service(ServletContainer.java:228)\n\tat org.eclipse.jetty.servlet.ServletHolder.handle(ServletHolder.java:799)\n\tat org.eclipse.jetty.servlet.ServletHandler$ChainEnd.doFilter(ServletHandler.java:1631)\n\tat io.dropwizard.servlets.ThreadNameFilter.doFilter(ThreadNameFilter.java:35)\n\tat org.eclipse.jetty.servlet.FilterHolder.doFilter(FilterHolder.java:193)\n\tat org.eclipse.jetty.servlet.ServletHandler$Chain.doFilter(ServletHandler.java:1601)\n\tat io.dropwizard.jersey.filter.AllowedMethodsFilter.handle(AllowedMethodsFilter.java:45)\n\tat io.dropwizard.jersey.filter.AllowedMethodsFilter.doFilter(AllowedMethodsFilter.java:39)\n\tat org.eclipse.jetty.servlet.FilterHolder.doFilter(FilterHolder.java:193)\n\tat org.eclipse.jetty.servlet.ServletHandler$Chain.doFilter(ServletHandler.java:1601)\n\tat org.finos.legend.server.pac4j.internal.UsernameFilter.doFilter(UsernameFilter.java:51)\n\tat org.eclipse.jetty.servlet.FilterHolder.doFilter(FilterHolder.java:193)\n\tat org.eclipse.jetty.servlet.ServletHandler$Chain.doFilter(ServletHandler.java:1601)\n\tat org.pac4j.j2e.filter.SecurityFilter.lambda$internalFilter$0(SecurityFilter.java:95)\n\tat org.pac4j.core.engine.DefaultSecurityLogic.perform(DefaultSecurityLogic.java:140)\n\tat org.pac4j.j2e.filter.SecurityFilter.internalFilter(SecurityFilter.java:93)\n\tat org.pac4j.j2e.filter.AbstractConfigFilter.doFilter(AbstractConfigFilter.java:81)\n\tat org.eclipse.jetty.servlet.FilterHolder.doFilter(FilterHolder.java:193)\n\tat org.eclipse.jetty.servlet.ServletHandler$Chain.doFilter(ServletHandler.java:1601)\n\tat org.eclipse.jetty.servlet.ServletHandler.doHandle(ServletHandler.java:548)\n\tat org.eclipse.jetty.server.handler.ScopedHandler.nextHandle(ScopedHandler.java:233)\n\tat org.eclipse.jetty.server.session.SessionHandler.doHandle(SessionHandler.java:1624)\n\tat org.eclipse.jetty.server.handler.ScopedHandler.nextHandle(ScopedHandler.java:233)\n\tat org.eclipse.jetty.server.handler.ContextHandler.doHandle(ContextHandler.java:1434)\n\tat org.eclipse.jetty.server.handler.ScopedHandler.nextScope(ScopedHandler.java:188)\n\tat org.eclipse.jetty.servlet.ServletHandler.doScope(ServletHandler.java:501)\n\tat org.eclipse.jetty.server.session.SessionHandler.doScope(SessionHandler.java:1594)\n\tat org.eclipse.jetty.server.handler.ScopedHandler.nextScope(ScopedHandler.java:186)\n\tat org.eclipse.jetty.server.handler.ContextHandler.doScope(ContextHandler.java:1349)\n\tat org.eclipse.jetty.server.handler.ScopedHandler.handle(ScopedHandler.java:141)\n\tat org.eclipse.jetty.server.handler.HandlerWrapper.handle(HandlerWrapper.java:127)\n\tat com.codahale.metrics.jetty9.InstrumentedHandler.handle(InstrumentedHandler.java:313)\n\tat io.dropwizard.jetty.ContextRoutingHandler.handle(ContextRoutingHandler.java:37)\n\tat org.eclipse.jetty.server.handler.gzip.GzipHandler.handle(GzipHandler.java:713)\n\tat io.dropwizard.jetty.BiDiGzipHandler.handle(BiDiGzipHandler.java:67)\n\tat org.eclipse.jetty.server.handler.StatisticsHandler.handle(StatisticsHandler.java:179)\n\tat org.eclipse.jetty.server.handler.HandlerWrapper.handle(HandlerWrapper.java:127)\n\tat org.eclipse.jetty.server.Server.handle(Server.java:516)\n\tat org.eclipse.jetty.server.HttpChannel.lambda$handle$1(HttpChannel.java:400)\n\tat org.eclipse.jetty.server.HttpChannel.dispatch(HttpChannel.java:645)\n\tat org.eclipse.jetty.server.HttpChannel.handle(HttpChannel.java:392)\n\tat org.eclipse.jetty.server.HttpConnection.onFillable(HttpConnection.java:277)\n\tat org.eclipse.jetty.io.AbstractConnection$ReadCallback.succeeded(AbstractConnection.java:311)\n\tat org.eclipse.jetty.io.FillInterest.fillable(FillInterest.java:105)\n\tat org.eclipse.jetty.io.ChannelEndPoint$1.run(ChannelEndPoint.java:104)\n\tat org.eclipse.jetty.util.thread.strategy.EatWhatYouKill.runTask(EatWhatYouKill.java:338)\n\tat org.eclipse.jetty.util.thread.strategy.EatWhatYouKill.doProduce(EatWhatYouKill.java:315)\n\tat org.eclipse.jetty.util.thread.strategy.EatWhatYouKill.tryProduce(EatWhatYouKill.java:173)\n\tat org.eclipse.jetty.util.thread.strategy.EatWhatYouKill.run(EatWhatYouKill.java:131)\n\tat org.eclipse.jetty.util.thread.ReservedThreadExecutor$ReservedThread.run(ReservedThreadExecutor.java:409)\n\tat org.eclipse.jetty.util.thread.QueuedThreadPool.runJob(QueuedThreadPool.java:883)\n\tat org.eclipse.jetty.util.thread.QueuedThreadPool$Runner.run(QueuedThreadPool.java:1034)\n\tat java.base/java.lang.Thread.run(Thread.java:829)\nCaused by: net.snowflake.client.jdbc.SnowflakeSQLException: SQL compilation error:\nObject 'PERSONTABLE' does not exist or not authorized.\n\tat net.snowflake.client.jdbc.SnowflakeUtil.checkErrorAndThrowExceptionSub(SnowflakeUtil.java:127)\n\tat net.snowflake.client.jdbc.SnowflakeUtil.checkErrorAndThrowException(SnowflakeUtil.java:67)\n\tat net.snowflake.client.core.StmtUtil.pollForOutput(StmtUtil.java:442)\n\tat net.snowflake.client.core.StmtUtil.execute(StmtUtil.java:345)\n\tat net.snowflake.client.core.SFStatement.executeHelper(SFStatement.java:486)\n\tat net.snowflake.client.core.SFStatement.executeQueryInternal(SFStatement.java:197)\n\tat net.snowflake.client.core.SFStatement.executeQuery(SFStatement.java:134)\n\tat net.snowflake.client.core.SFStatement.execute(SFStatement.java:743)\n\tat net.snowflake.client.core.SFStatement.execute(SFStatement.java:639)\n\tat net.snowflake.client.jdbc.SnowflakeStatementV1.executeQueryInternal(SnowflakeStatementV1.java:238)\n\tat net.snowflake.client.jdbc.SnowflakeStatementV1.executeQuery(SnowflakeStatementV1.java:133)\n\tat com.zaxxer.hikari.pool.ProxyStatement.executeQuery(ProxyStatement.java:110)\n\tat com.zaxxer.hikari.pool.HikariProxyStatement.executeQuery(HikariProxyStatement.java)\n\tat org.finos.legend.engine.plan.execution.stores.relational.result.SQLExecutionResult.<init>(SQLExecutionResult.java:95)\n\t... 101 more\n"},"mode":"DEV","timeStamp":"2023-02-23 01:31:48.641","user":"_UNKNOWN_"}
| **selectSubClauses::join::testRightOuterJoinSimple** | failing :x: |
]]></system-out>
  </testcase>
  <testcase name="testSelfJoinInner[Snowflake]" classname="org.finos.legend.engine.server.test.shared.Relational_DbSpecific_UsingPureClientTestSuite$2" time="0.308">
    <error message="Assert failure at (resource:/platform/pure/basics/tests/assertEq.pure line:34 column:5), &quot;500 &apos;{&quot;code&quot;:-1,&quot;message&quot;:&quot;SnowflakeSQLException: SQL compilation error:&#10;Object &apos;PERSONTABLE&apos; does not exist or not authorized.&quot;,&quot;status&quot;:&quot;error&quot;,&quot;trace&quot;:&quot;java.lang.RuntimeException: net.snowflake.client.jdbc.SnowflakeSQLException: SQL compilation error:&#10;Object &apos;PERSONTABLE&apos; does not exist or not authorized.&#10;at org.finos.legend.engine.plan.execution.stores.relational.result.SQLExecutionResult.&lt;init&gt;(SQLExecutionResult.java:123)&#10;at org.finos.legend.engine.plan.execution.stores.relational.RelationalExecutor.execute(RelationalExecutor.java:241)&#10;at org.finos.legend.engine.plan.execution.stores.relational.plugin.RelationalExecutionNodeExecutor.visit(RelationalExecutionNodeExecutor.java:238)&#10;at org.finos.legend.engine.plan.execution.stores.relational.plugin.RelationalExecutionNodeExecutor.visit(RelationalExecutionNodeExecutor.java:252)&#10;at org.finos.legend.engine.plan.execution.stores.relational.plugin.RelationalExecutionNodeExecutor.visit(RelationalExecutionNodeExecutor.java:92)&#10;at org.finos.legend.engine.protocol.pure.v1.model.executionPlan.nodes.RelationalTdsInstantiationExecutionNode.accept(RelationalTdsInstantiationExecutionNode.java:22)&#10;at org.finos.legend.engine.plan.execution.stores.relational.RelationalExecutionExtension.lambda$getExtraNodeExecutors$fbe53481$1(RelationalExecutionExtension.java:50)&#10;at org.finos.legend.engine.plan.execution.nodes.ExecutionNodeExecutor.lambda$visit$0(ExecutionNodeExecutor.java:164)&#10;at java.base/java.util.stream.ReferencePipeline$3$1.accept(ReferencePipeline.java:195)&#10;at java.base/java.util.Spliterators$ArraySpliterator.tryAdvance(Spliterators.java:958)&#10;at java.base/java.util.stream.ReferencePipeline.forEachWithCancel(ReferencePipeline.java:127)&#10;at java.base/java.util.stream.AbstractPipeline.copyIntoWithCancel(AbstractPipeline.java:502)&#10;at java.base/java.util.stream.AbstractPipeline.copyInto(AbstractPipeline.java:488)&#10;at java.base/java.util.stream.AbstractPipeline.wrapAndCopyInto(AbstractPipeline.java:474)&#10;at java.base/java.util.stream.FindOps$FindOp.evaluateSequential(FindOps.java:150)&#10;at java.base/java.util.stream.AbstractPipeline.evaluate(AbstractPipeline.java:234)&#10;at java.base/java.util.stream.ReferencePipeline.findFirst(ReferencePipeline.java:543)&#10;at org.finos.legend.engine.plan.execution.nodes.ExecutionNodeExecutor.visit(ExecutionNodeExecutor.java:164)&#10;at org.finos.legend.engine.plan.execution.nodes.ExecutionNodeExecutor.visit(ExecutionNodeExecutor.java:107)&#10;at org.finos.legend.engine.protocol.pure.v1.model.executionPlan.nodes.RelationalTdsInstantiationExecutionNode.accept(RelationalTdsInstantiationExecutionNode.java:22)&#10;at org.finos.legend.engine.plan.execution.PlanExecutor.execute(PlanExecutor.java:238)&#10;at org.finos.legend.engine.plan.execution.PlanExecutor.execute(PlanExecutor.java:225)&#10;at org.finos.legend.engine.plan.execution.api.ExecutePlan.doExecutePlanLegacy(ExecutePlan.java:102)&#10;at org.finos.legend.engine.plan.execution.api.ExecutePlan.doExecutePlan(ExecutePlan.java:84)&#10;at org.finos.legend.engine.plan.execution.api.ExecutePlanLegacy.executePlan(ExecutePlanLegacy.java:56)&#10;at jdk.internal.reflect.GeneratedMethodAccessor100.invoke(Unknown Source)&#10;at java.base/jdk.internal.reflect.DelegatingMethodAccessorImpl.invoke(DelegatingMethodAccessorImpl.java:43)&#10;at java.base/java.lang.reflect.Method.invoke(Method.java:566)&#10;at org.glassfish.jersey.server.model.internal.ResourceMethodInvocationHandlerFactory$1.invoke(ResourceMethodInvocationHandlerFactory.java:81)&#10;at org.glassfish.jersey.server.model.internal.AbstractJavaResourceMethodDispatcher$1.run(AbstractJavaResourceMethodDispatcher.java:144)&#10;at org.glassfish.jersey.server.model.internal.AbstractJavaResourceMethodDispatcher.invoke(AbstractJavaResourceMethodDispatcher.java:161)&#10;at org.glassfish.jersey.server.model.internal.JavaResourceMethodDispatcherProvider$ResponseOutInvoker.doDispatch(JavaResourceMethodDispatcherProvider.java:160)&#10;at org.glassfish.jersey.server.model.internal.AbstractJavaResourceMethodDispatcher.dispatch(AbstractJavaResourceMethodDispatcher.java:99)&#10;at org.glassfish.jersey.server.model.ResourceMethodInvoker.invoke(ResourceMethodInvoker.java:389)&#10;at org.glassfish.jersey.server.model.ResourceMethodInvoker.apply(ResourceMethodInvoker.java:347)&#10;at org.glassfish.jersey.server.model.ResourceMethodInvoker.apply(ResourceMethodInvoker.java:102)&#10;at org.glassfish.jersey.server.ServerRuntime$2.run(ServerRuntime.java:326)&#10;at org.glassfish.jersey.internal.Errors$1.call(Errors.java:271)&#10;at org.glassfish.jersey.internal.Errors$1.call(Errors.java:267)&#10;at org.glassfish.jersey.internal.Errors.process(Errors.java:315)&#10;at org.glassfish.jersey.internal.Errors.process(Errors.java:297)&#10;at org.glassfish.jersey.internal.Errors.process(Errors.java:267)&#10;at org.glassfish.jersey.process.internal.RequestScope.runInScope(RequestScope.java:317)&#10;at org.glassfish.jersey.server.ServerRuntime.process(ServerRuntime.java:305)&#10;at org.glassfish.jersey.server.ApplicationHandler.handle(ApplicationHandler.java:1154)&#10;at org.glassfish.jersey.servlet.WebComponent.serviceImpl(WebComponent.java:473)&#10;at org.glassfish.jersey.servlet.WebComponent.service(WebComponent.java:427)&#10;at org.glassfish.jersey.servlet.ServletContainer.service(ServletContainer.java:388)&#10;at org.glassfish.jersey.servlet.ServletContainer.service(ServletContainer.java:341)&#10;at org.glassfish.jersey.servlet.ServletContainer.service(ServletContainer.java:228)&#10;at org.eclipse.jetty.servlet.ServletHolder.handle(ServletHolder.java:799)&#10;at org.eclipse.jetty.servlet.ServletHandler$ChainEnd.doFilter(ServletHandler.java:1631)&#10;at io.dropwizard.servlets.ThreadNameFilter.doFilter(ThreadNameFilter.java:35)&#10;at org.eclipse.jetty.servlet.FilterHolder.doFilter(FilterHolder.java:193)&#10;at org.eclipse.jetty.servlet.ServletHandler$Chain.doFilter(ServletHandler.java:1601)&#10;at io.dropwizard.jersey.filter.AllowedMethodsFilter.handle(AllowedMethodsFilter.java:45)&#10;at io.dropwizard.jersey.filter.AllowedMethodsFilter.doFilter(AllowedMethodsFilter.java:39)&#10;at org.eclipse.jetty.servlet.FilterHolder.doFilter(FilterHolder.java:193)&#10;at org.eclipse.jetty.servlet.ServletHandler$Chain.doFilter(ServletHandler.java:1601)&#10;at org.finos.legend.server.pac4j.internal.UsernameFilter.doFilter(UsernameFilter.java:51)&#10;at org.eclipse.jetty.servlet.FilterHolder.doFilter(FilterHolder.java:193)&#10;at org.eclipse.jetty.servlet.ServletHandler$Chain.doFilter(ServletHandler.java:1601)&#10;at org.pac4j.j2e.filter.SecurityFilter.lambda$internalFilter$0(SecurityFilter.java:95)&#10;at org.pac4j.core.engine.DefaultSecurityLogic.perform(DefaultSecurityLogic.java:140)&#10;at org.pac4j.j2e.filter.SecurityFilter.internalFilter(SecurityFilter.java:93)&#10;at org.pac4j.j2e.filter.AbstractConfigFilter.doFilter(AbstractConfigFilter.java:81)&#10;at org.eclipse.jetty.servlet.FilterHolder.doFilter(FilterHolder.java:193)&#10;at org.eclipse.jetty.servlet.ServletHandler$Chain.doFilter(ServletHandler.java:1601)&#10;at org.eclipse.jetty.servlet.ServletHandler.doHandle(ServletHandler.java:548)&#10;at org.eclipse.jetty.server.handler.ScopedHandler.nextHandle(ScopedHandler.java:233)&#10;at org.eclipse.jetty.server.session.SessionHandler.doHandle(SessionHandler.java:1624)&#10;at org.eclipse.jetty.server.handler.ScopedHandler.nextHandle(ScopedHandler.java:233)&#10;at org.eclipse.jetty.server.handler.ContextHandler.doHandle(ContextHandler.java:1434)&#10;at org.eclipse.jetty.server.handler.ScopedHandler.nextScope(ScopedHandler.java:188)&#10;at org.eclipse.jetty.servlet.ServletHandler.doScope(ServletHandler.java:501)&#10;at org.eclipse.jetty.server.session.SessionHandler.doScope(SessionHandler.java:1594)&#10;at org.eclipse.jetty.server.handler.ScopedHandler.nextScope(ScopedHandler.java:186)&#10;at org.eclipse.jetty.server.handler.ContextHandler.doScope(ContextHandler.java:1349)&#10;at org.eclipse.jetty.server.handler.ScopedHandler.handle(ScopedHandler.java:141)&#10;at org.eclipse.jetty.server.handler.HandlerWrapper.handle(HandlerWrapper.java:127)&#10;at com.codahale.metrics.jetty9.InstrumentedHandler.handle(InstrumentedHandler.java:313)&#10;at io.dropwizard.jetty.ContextRoutingHandler.handle(ContextRoutingHandler.java:37)&#10;at org.eclipse.jetty.server.handler.gzip.GzipHandler.handle(GzipHandler.java:713)&#10;at io.dropwizard.jetty.BiDiGzipHandler.handle(BiDiGzipHandler.java:67)&#10;at org.eclipse.jetty.server.handler.StatisticsHandler.handle(StatisticsHandler.java:179)&#10;at org.eclipse.jetty.server.handler.HandlerWrapper.handle(HandlerWrapper.java:127)&#10;at org.eclipse.jetty.server.Server.handle(Server.java:516)&#10;at org.eclipse.jetty.server.HttpChannel.lambda$handle$1(HttpChannel.java:400)&#10;at org.eclipse.jetty.server.HttpChannel.dispatch(HttpChannel.java:645)&#10;at org.eclipse.jetty.server.HttpChannel.handle(HttpChannel.java:392)&#10;at org.eclipse.jetty.server.HttpConnection.onFillable(HttpConnection.java:277)&#10;at org.eclipse.jetty.io.AbstractConnection$ReadCallback.succeeded(AbstractConnection.java:311)&#10;at org.eclipse.jetty.io.FillInterest.fillable(FillInterest.java:105)&#10;at org.eclipse.jetty.io.ChannelEndPoint$1.run(ChannelEndPoint.java:104)&#10;at org.eclipse.jetty.util.thread.strategy.EatWhatYouKill.runTask(EatWhatYouKill.java:338)&#10;at org.eclipse.jetty.util.thread.strategy.EatWhatYouKill.doProduce(EatWhatYouKill.java:315)&#10;at org.eclipse.jetty.util.thread.strategy.EatWhatYouKill.tryProduce(EatWhatYouKill.java:173)&#10;at org.eclipse.jetty.util.thread.strategy.EatWhatYouKill.run(EatWhatYouKill.java:131)&#10;at org.eclipse.jetty.util.thread.ReservedThreadExecutor$ReservedThread.run(ReservedThreadExecutor.java:409)&#10;at org.eclipse.jetty.util.thread.QueuedThreadPool.runJob(QueuedThreadPool.java:883)&#10;at org.eclipse.jetty.util.thread.QueuedThreadPool$Runner.run(QueuedThreadPool.java:1034)&#10;at java.base/java.lang.Thread.run(Thread.java:829)&#10;Caused by: net.snowflake.client.jdbc.SnowflakeSQLException: SQL compilation error:&#10;Object &apos;PERSONTABLE&apos; does not exist or not authorized.&#10;at net.snowflake.client.jdbc.SnowflakeUtil.checkErrorAndThrowExceptionSub(SnowflakeUtil.java:127)&#10;at net.snowflake.client.jdbc.SnowflakeUtil.checkErrorAndThrowException(SnowflakeUtil.java:67)&#10;at net.snowflake.client.core.StmtUtil.pollForOutput(StmtUtil.java:442)&#10;at net.snowflake.client.core.StmtUtil.execute(StmtUtil.java:345)&#10;at net.snowflake.client.core.SFStatement.executeHelper(SFStatement.java:486)&#10;at net.snowflake.client.core.SFStatement.executeQueryInternal(SFStatement.java:197)&#10;at net.snowflake.client.core.SFStatement.executeQuery(SFStatement.java:134)&#10;at net.snowflake.client.core.SFStatement.execute(SFStatement.java:743)&#10;at net.snowflake.client.core.SFStatement.execute(SFStatement.java:639)&#10;at net.snowflake.client.jdbc.SnowflakeStatementV1.executeQueryInternal(SnowflakeStatementV1.java:238)&#10;at net.snowflake.client.jdbc.SnowflakeStatementV1.executeQuery(SnowflakeStatementV1.java:133)&#10;at com.zaxxer.hikari.pool.ProxyStatement.executeQuery(ProxyStatement.java:110)&#10;at com.zaxxer.hikari.pool.HikariProxyStatement.executeQuery(HikariProxyStatement.java)&#10;at org.finos.legend.engine.plan.execution.stores.relational.result.SQLExecutionResult.&lt;init&gt;(SQLExecutionResult.java:95)&#10;... 101 more&#10;&quot;}&apos;&quot;" type="Assert failure at (resource"><![CDATA[Assert failure at (resource:/platform/pure/basics/tests/assertEq.pure line:34 column:5), "500 '{"code":-1,"message":"SnowflakeSQLException: SQL compilation error:
Object 'PERSONTABLE' does not exist or not authorized.","status":"error","trace":"java.lang.RuntimeException: net.snowflake.client.jdbc.SnowflakeSQLException: SQL compilation error:
Object 'PERSONTABLE' does not exist or not authorized.
at org.finos.legend.engine.plan.execution.stores.relational.result.SQLExecutionResult.<init>(SQLExecutionResult.java:123)
at org.finos.legend.engine.plan.execution.stores.relational.RelationalExecutor.execute(RelationalExecutor.java:241)
at org.finos.legend.engine.plan.execution.stores.relational.plugin.RelationalExecutionNodeExecutor.visit(RelationalExecutionNodeExecutor.java:238)
at org.finos.legend.engine.plan.execution.stores.relational.plugin.RelationalExecutionNodeExecutor.visit(RelationalExecutionNodeExecutor.java:252)
at org.finos.legend.engine.plan.execution.stores.relational.plugin.RelationalExecutionNodeExecutor.visit(RelationalExecutionNodeExecutor.java:92)
at org.finos.legend.engine.protocol.pure.v1.model.executionPlan.nodes.RelationalTdsInstantiationExecutionNode.accept(RelationalTdsInstantiationExecutionNode.java:22)
at org.finos.legend.engine.plan.execution.stores.relational.RelationalExecutionExtension.lambda$getExtraNodeExecutors$fbe53481$1(RelationalExecutionExtension.java:50)
at org.finos.legend.engine.plan.execution.nodes.ExecutionNodeExecutor.lambda$visit$0(ExecutionNodeExecutor.java:164)
at java.base/java.util.stream.ReferencePipeline$3$1.accept(ReferencePipeline.java:195)
at java.base/java.util.Spliterators$ArraySpliterator.tryAdvance(Spliterators.java:958)
at java.base/java.util.stream.ReferencePipeline.forEachWithCancel(ReferencePipeline.java:127)
at java.base/java.util.stream.AbstractPipeline.copyIntoWithCancel(AbstractPipeline.java:502)
at java.base/java.util.stream.AbstractPipeline.copyInto(AbstractPipeline.java:488)
at java.base/java.util.stream.AbstractPipeline.wrapAndCopyInto(AbstractPipeline.java:474)
at java.base/java.util.stream.FindOps$FindOp.evaluateSequential(FindOps.java:150)
at java.base/java.util.stream.AbstractPipeline.evaluate(AbstractPipeline.java:234)
at java.base/java.util.stream.ReferencePipeline.findFirst(ReferencePipeline.java:543)
at org.finos.legend.engine.plan.execution.nodes.ExecutionNodeExecutor.visit(ExecutionNodeExecutor.java:164)
at org.finos.legend.engine.plan.execution.nodes.ExecutionNodeExecutor.visit(ExecutionNodeExecutor.java:107)
at org.finos.legend.engine.protocol.pure.v1.model.executionPlan.nodes.RelationalTdsInstantiationExecutionNode.accept(RelationalTdsInstantiationExecutionNode.java:22)
at org.finos.legend.engine.plan.execution.PlanExecutor.execute(PlanExecutor.java:238)
at org.finos.legend.engine.plan.execution.PlanExecutor.execute(PlanExecutor.java:225)
at org.finos.legend.engine.plan.execution.api.ExecutePlan.doExecutePlanLegacy(ExecutePlan.java:102)
at org.finos.legend.engine.plan.execution.api.ExecutePlan.doExecutePlan(ExecutePlan.java:84)
at org.finos.legend.engine.plan.execution.api.ExecutePlanLegacy.executePlan(ExecutePlanLegacy.java:56)
at jdk.internal.reflect.GeneratedMethodAccessor100.invoke(Unknown Source)
at java.base/jdk.internal.reflect.DelegatingMethodAccessorImpl.invoke(DelegatingMethodAccessorImpl.java:43)
at java.base/java.lang.reflect.Method.invoke(Method.java:566)
at org.glassfish.jersey.server.model.internal.ResourceMethodInvocationHandlerFactory$1.invoke(ResourceMethodInvocationHandlerFactory.java:81)
at org.glassfish.jersey.server.model.internal.AbstractJavaResourceMethodDispatcher$1.run(AbstractJavaResourceMethodDispatcher.java:144)
at org.glassfish.jersey.server.model.internal.AbstractJavaResourceMethodDispatcher.invoke(AbstractJavaResourceMethodDispatcher.java:161)
at org.glassfish.jersey.server.model.internal.JavaResourceMethodDispatcherProvider$ResponseOutInvoker.doDispatch(JavaResourceMethodDispatcherProvider.java:160)
at org.glassfish.jersey.server.model.internal.AbstractJavaResourceMethodDispatcher.dispatch(AbstractJavaResourceMethodDispatcher.java:99)
at org.glassfish.jersey.server.model.ResourceMethodInvoker.invoke(ResourceMethodInvoker.java:389)
at org.glassfish.jersey.server.model.ResourceMethodInvoker.apply(ResourceMethodInvoker.java:347)
at org.glassfish.jersey.server.model.ResourceMethodInvoker.apply(ResourceMethodInvoker.java:102)
at org.glassfish.jersey.server.ServerRuntime$2.run(ServerRuntime.java:326)
at org.glassfish.jersey.internal.Errors$1.call(Errors.java:271)
at org.glassfish.jersey.internal.Errors$1.call(Errors.java:267)
at org.glassfish.jersey.internal.Errors.process(Errors.java:315)
at org.glassfish.jersey.internal.Errors.process(Errors.java:297)
at org.glassfish.jersey.internal.Errors.process(Errors.java:267)
at org.glassfish.jersey.process.internal.RequestScope.runInScope(RequestScope.java:317)
at org.glassfish.jersey.server.ServerRuntime.process(ServerRuntime.java:305)
at org.glassfish.jersey.server.ApplicationHandler.handle(ApplicationHandler.java:1154)
at org.glassfish.jersey.servlet.WebComponent.serviceImpl(WebComponent.java:473)
at org.glassfish.jersey.servlet.WebComponent.service(WebComponent.java:427)
at org.glassfish.jersey.servlet.ServletContainer.service(ServletContainer.java:388)
at org.glassfish.jersey.servlet.ServletContainer.service(ServletContainer.java:341)
at org.glassfish.jersey.servlet.ServletContainer.service(ServletContainer.java:228)
at org.eclipse.jetty.servlet.ServletHolder.handle(ServletHolder.java:799)
at org.eclipse.jetty.servlet.ServletHandler$ChainEnd.doFilter(ServletHandler.java:1631)
at io.dropwizard.servlets.ThreadNameFilter.doFilter(ThreadNameFilter.java:35)
at org.eclipse.jetty.servlet.FilterHolder.doFilter(FilterHolder.java:193)
at org.eclipse.jetty.servlet.ServletHandler$Chain.doFilter(ServletHandler.java:1601)
at io.dropwizard.jersey.filter.AllowedMethodsFilter.handle(AllowedMethodsFilter.java:45)
at io.dropwizard.jersey.filter.AllowedMethodsFilter.doFilter(AllowedMethodsFilter.java:39)
at org.eclipse.jetty.servlet.FilterHolder.doFilter(FilterHolder.java:193)
at org.eclipse.jetty.servlet.ServletHandler$Chain.doFilter(ServletHandler.java:1601)
at org.finos.legend.server.pac4j.internal.UsernameFilter.doFilter(UsernameFilter.java:51)
at org.eclipse.jetty.servlet.FilterHolder.doFilter(FilterHolder.java:193)
at org.eclipse.jetty.servlet.ServletHandler$Chain.doFilter(ServletHandler.java:1601)
at org.pac4j.j2e.filter.SecurityFilter.lambda$internalFilter$0(SecurityFilter.java:95)
at org.pac4j.core.engine.DefaultSecurityLogic.perform(DefaultSecurityLogic.java:140)
at org.pac4j.j2e.filter.SecurityFilter.internalFilter(SecurityFilter.java:93)
at org.pac4j.j2e.filter.AbstractConfigFilter.doFilter(AbstractConfigFilter.java:81)
at org.eclipse.jetty.servlet.FilterHolder.doFilter(FilterHolder.java:193)
at org.eclipse.jetty.servlet.ServletHandler$Chain.doFilter(ServletHandler.java:1601)
at org.eclipse.jetty.servlet.ServletHandler.doHandle(ServletHandler.java:548)
at org.eclipse.jetty.server.handler.ScopedHandler.nextHandle(ScopedHandler.java:233)
at org.eclipse.jetty.server.session.SessionHandler.doHandle(SessionHandler.java:1624)
at org.eclipse.jetty.server.handler.ScopedHandler.nextHandle(ScopedHandler.java:233)
at org.eclipse.jetty.server.handler.ContextHandler.doHandle(ContextHandler.java:1434)
at org.eclipse.jetty.server.handler.ScopedHandler.nextScope(ScopedHandler.java:188)
at org.eclipse.jetty.servlet.ServletHandler.doScope(ServletHandler.java:501)
at org.eclipse.jetty.server.session.SessionHandler.doScope(SessionHandler.java:1594)
at org.eclipse.jetty.server.handler.ScopedHandler.nextScope(ScopedHandler.java:186)
at org.eclipse.jetty.server.handler.ContextHandler.doScope(ContextHandler.java:1349)
at org.eclipse.jetty.server.handler.ScopedHandler.handle(ScopedHandler.java:141)
at org.eclipse.jetty.server.handler.HandlerWrapper.handle(HandlerWrapper.java:127)
at com.codahale.metrics.jetty9.InstrumentedHandler.handle(InstrumentedHandler.java:313)
at io.dropwizard.jetty.ContextRoutingHandler.handle(ContextRoutingHandler.java:37)
at org.eclipse.jetty.server.handler.gzip.GzipHandler.handle(GzipHandler.java:713)
at io.dropwizard.jetty.BiDiGzipHandler.handle(BiDiGzipHandler.java:67)
at org.eclipse.jetty.server.handler.StatisticsHandler.handle(StatisticsHandler.java:179)
at org.eclipse.jetty.server.handler.HandlerWrapper.handle(HandlerWrapper.java:127)
at org.eclipse.jetty.server.Server.handle(Server.java:516)
at org.eclipse.jetty.server.HttpChannel.lambda$handle$1(HttpChannel.java:400)
at org.eclipse.jetty.server.HttpChannel.dispatch(HttpChannel.java:645)
at org.eclipse.jetty.server.HttpChannel.handle(HttpChannel.java:392)
at org.eclipse.jetty.server.HttpConnection.onFillable(HttpConnection.java:277)
at org.eclipse.jetty.io.AbstractConnection$ReadCallback.succeeded(AbstractConnection.java:311)
at org.eclipse.jetty.io.FillInterest.fillable(FillInterest.java:105)
at org.eclipse.jetty.io.ChannelEndPoint$1.run(ChannelEndPoint.java:104)
at org.eclipse.jetty.util.thread.strategy.EatWhatYouKill.runTask(EatWhatYouKill.java:338)
at org.eclipse.jetty.util.thread.strategy.EatWhatYouKill.doProduce(EatWhatYouKill.java:315)
at org.eclipse.jetty.util.thread.strategy.EatWhatYouKill.tryProduce(EatWhatYouKill.java:173)
at org.eclipse.jetty.util.thread.strategy.EatWhatYouKill.run(EatWhatYouKill.java:131)
at org.eclipse.jetty.util.thread.ReservedThreadExecutor$ReservedThread.run(ReservedThreadExecutor.java:409)
at org.eclipse.jetty.util.thread.QueuedThreadPool.runJob(QueuedThreadPool.java:883)
at org.eclipse.jetty.util.thread.QueuedThreadPool$Runner.run(QueuedThreadPool.java:1034)
at java.base/java.lang.Thread.run(Thread.java:829)
Caused by: net.snowflake.client.jdbc.SnowflakeSQLException: SQL compilation error:
Object 'PERSONTABLE' does not exist or not authorized.
at net.snowflake.client.jdbc.SnowflakeUtil.checkErrorAndThrowExceptionSub(SnowflakeUtil.java:127)
at net.snowflake.client.jdbc.SnowflakeUtil.checkErrorAndThrowException(SnowflakeUtil.java:67)
at net.snowflake.client.core.StmtUtil.pollForOutput(StmtUtil.java:442)
at net.snowflake.client.core.StmtUtil.execute(StmtUtil.java:345)
at net.snowflake.client.core.SFStatement.executeHelper(SFStatement.java:486)
at net.snowflake.client.core.SFStatement.executeQueryInternal(SFStatement.java:197)
at net.snowflake.client.core.SFStatement.executeQuery(SFStatement.java:134)
at net.snowflake.client.core.SFStatement.execute(SFStatement.java:743)
at net.snowflake.client.core.SFStatement.execute(SFStatement.java:639)
at net.snowflake.client.jdbc.SnowflakeStatementV1.executeQueryInternal(SnowflakeStatementV1.java:238)
at net.snowflake.client.jdbc.SnowflakeStatementV1.executeQuery(SnowflakeStatementV1.java:133)
at com.zaxxer.hikari.pool.ProxyStatement.executeQuery(ProxyStatement.java:110)
at com.zaxxer.hikari.pool.HikariProxyStatement.executeQuery(HikariProxyStatement.java)
at org.finos.legend.engine.plan.execution.stores.relational.result.SQLExecutionResult.<init>(SQLExecutionResult.java:95)
... 101 more
"}'"
	at org.finos.legend.pure.runtime.java.compiled.generation.processors.support.CompiledSupport.pureAssert(CompiledSupport.java:1994)
	at org.finos.legend.pure.generated.platform_pure_basics_tests_assertEq.Root_meta_pure_functions_asserts_assertEq_Any_1__Any_1__Function_1__Boolean_1_(platform_pure_basics_tests_assertEq.java:44)
	at org.finos.legend.pure.generated.core_pure_protocol_vX_X_X_invocations_execution.Root_meta_protocols_pure_vX_X_X_invocation_execution_execute_executePlan_String_1__String_1__Integer_1__String_1_(core_pure_protocol_vX_X_X_invocations_execution.java:751)
	at org.finos.legend.pure.generated.core_pure_protocol_vX_X_X_invocations_execution.Root_meta_protocols_pure_vX_X_X_invocation_execution_execute_executePlan_ExecutionPlan_1__String_1__Integer_1__Extension_MANY__String_1_(core_pure_protocol_vX_X_X_invocations_execution.java:745)
	at org.finos.legend.pure.generated.core_pure_protocol_vX_X_X_invocations_execution.Root_meta_protocols_pure_vX_X_X_invocation_execution_execute_executePlan_ExecutionPlan_1__ExecutionContext_$0_1$__String_1__Integer_1__Extension_MANY__Result_1_(core_pure_protocol_vX_X_X_invocations_execution.java:738)
	at jdk.internal.reflect.GeneratedMethodAccessor96.invoke(Unknown Source)
	at java.base/jdk.internal.reflect.DelegatingMethodAccessorImpl.invoke(DelegatingMethodAccessorImpl.java:43)
	at java.base/java.lang.reflect.Method.invoke(Method.java:566)
	at org.finos.legend.pure.runtime.java.compiled.metadata.JavaMethodWithParamsSharedPureFunction.execute(JavaMethodWithParamsSharedPureFunction.java:59)
	at org.finos.legend.pure.runtime.java.compiled.generation.processors.support.Pure._evaluateToMany(Pure.java:546)
	at org.finos.legend.pure.generated.CoreGen.evaluateToMany(CoreGen.java:147)
	at org.finos.legend.pure.generated.CoreGen.evaluateToMany(CoreGen.java:134)
	at org.finos.legend.pure.generated.core_pure_router_router_entry$9$1.value(core_pure_router_router_entry.java:318)
	at org.finos.legend.pure.generated.core_pure_router_router_entry$9$1.execute(core_pure_router_router_entry.java:311)
	at org.finos.legend.pure.generated.core_pure_router_router_entry$9$1.execute(core_pure_router_router_entry.java:307)
	at org.finos.legend.pure.runtime.java.compiled.generation.processors.support.Pure.evaluate(Pure.java:485)
	at org.finos.legend.pure.runtime.java.compiled.generation.processors.support.Pure.legendTest(Pure.java:216)
	at org.finos.legend.pure.generated.CoreGen.legendTest(CoreGen.java:61)
	at org.finos.legend.pure.generated.core_pure_router_router_entry$9.valueOf(core_pure_router_router_entry.java:303)
	at org.finos.legend.pure.generated.core_pure_router_router_entry$9.execute(core_pure_router_router_entry.java:298)
	at org.finos.legend.pure.generated.core_pure_router_router_entry$9.execute(core_pure_router_router_entry.java:294)
	at org.finos.legend.pure.runtime.java.compiled.generation.processors.support.Pure.evaluate(Pure.java:485)
	at org.finos.legend.pure.runtime.java.compiled.generation.processors.support.Pure.traceSpan(Pure.java:1482)
	at org.finos.legend.pure.generated.CoreGen.traceSpan(CoreGen.java:203)
	at org.finos.legend.pure.generated.core_pure_router_router_entry.Root_meta_pure_router_executePlan_ExecutionPlan_1__ExecutionContext_1__Extension_MANY__Result_$0_1$_(core_pure_router_router_entry.java:290)
	at org.finos.legend.pure.generated.core_pure_router_router_entry.Root_meta_pure_router_executePlan_ExecutionPlan_1__Extension_MANY__Result_$0_1$_(core_pure_router_router_entry.java:285)
	at org.finos.legend.pure.generated.core_relational_relational_sqlQueryToString_dbTestRunner_executionPlanTestRunner$19.execute(core_relational_relational_sqlQueryToString_dbTestRunner_executionPlanTestRunner.java:305)
	at org.finos.legend.pure.generated.core_relational_relational_sqlQueryToString_dbTestRunner_executionPlanTestRunner.Root_meta_relational_dbTestRunner_executeViaPlan_FunctionDefinition_1__Mapping_1__Database_1__DbTestConfig_1__Extension_MANY__Result_$0_1$_(core_relational_relational_sqlQueryToString_dbTestRunner_executionPlanTestRunner.java:309)
	at org.finos.legend.pure.generated.core_relational_relational_sqlQueryToString_testSuite_selectSubClauses_join.Root_meta_relational_tests_dbSpecificTests_sqlQueryTests_selectSubClauses_join_testSelfJoinInner_DbTestConfig_1__Boolean_1_(core_relational_relational_sqlQueryToString_testSuite_selectSubClauses_join.java:760)
	at java.base/jdk.internal.reflect.NativeMethodAccessorImpl.invoke0(Native Method)
	at java.base/jdk.internal.reflect.NativeMethodAccessorImpl.invoke(NativeMethodAccessorImpl.java:62)
	at java.base/jdk.internal.reflect.DelegatingMethodAccessorImpl.invoke(DelegatingMethodAccessorImpl.java:43)
	at java.base/java.lang.reflect.Method.invoke(Method.java:566)
	at org.finos.legend.pure.runtime.java.compiled.testHelper.PureTestBuilderCompiled.executeFn(PureTestBuilderCompiled.java:113)
	at org.finos.legend.pure.runtime.java.compiled.testHelper.PureTestBuilderCompiled.lambda$buildSuite$0(PureTestBuilderCompiled.java:79)
	at org.finos.legend.pure.m3.execution.test.PureTestBuilder$PureTestCase.runTest(PureTestBuilder.java:95)
	at junit.framework.TestCase.runBare(TestCase.java:142)
	at org.finos.legend.engine.server.test.shared.Relational_DbSpecific_UsingPureClientTestSuite$2.runTest(Relational_DbSpecific_UsingPureClientTestSuite.java:90)
	at junit.framework.TestCase.runBare(TestCase.java:142)
	at junit.framework.TestResult$1.protect(TestResult.java:122)
	at junit.framework.TestResult.runProtected(TestResult.java:142)
	at junit.framework.TestResult.run(TestResult.java:125)
	at junit.framework.TestCase.run(TestCase.java:130)
	at junit.framework.TestSuite.runTest(TestSuite.java:241)
	at junit.framework.TestSuite.run(TestSuite.java:236)
	at junit.framework.TestSuite.runTest(TestSuite.java:241)
	at junit.framework.TestSuite.run(TestSuite.java:236)
	at junit.framework.TestSuite.runTest(TestSuite.java:241)
	at junit.framework.TestSuite.run(TestSuite.java:236)
	at junit.framework.TestSuite.runTest(TestSuite.java:241)
	at junit.framework.TestSuite.run(TestSuite.java:236)
	at junit.framework.TestSuite.runTest(TestSuite.java:241)
	at junit.framework.TestSuite.run(TestSuite.java:236)
	at junit.extensions.TestDecorator.basicRun(TestDecorator.java:24)
	at junit.extensions.TestSetup$1.protect(TestSetup.java:23)
	at junit.framework.TestResult.runProtected(TestResult.java:142)
	at junit.extensions.TestSetup.run(TestSetup.java:27)
	at org.junit.internal.runners.JUnit38ClassRunner.run(JUnit38ClassRunner.java:90)
	at org.apache.maven.surefire.junit4.JUnit4Provider.execute(JUnit4Provider.java:365)
	at org.apache.maven.surefire.junit4.JUnit4Provider.executeWithRerun(JUnit4Provider.java:273)
	at org.apache.maven.surefire.junit4.JUnit4Provider.executeTestSet(JUnit4Provider.java:238)
	at org.apache.maven.surefire.junit4.JUnit4Provider.invoke(JUnit4Provider.java:159)
	at org.apache.maven.surefire.booter.ForkedBooter.invokeProviderInSameClassLoader(ForkedBooter.java:384)
	at org.apache.maven.surefire.booter.ForkedBooter.runSuitesInProcess(ForkedBooter.java:345)
	at org.apache.maven.surefire.booter.ForkedBooter.execute(ForkedBooter.java:126)
	at org.apache.maven.surefire.booter.ForkedBooter.main(ForkedBooter.java:418)
]]></error>
    <system-out><![CDATA[Running db test selectSubClauses::join::testSelfJoinInner
{"duration":0.0,"eventType":"EXECUTION_PLAN_EXEC_ERROR","info":{"code":-1,"message":"SnowflakeSQLException: SQL compilation error:\nObject 'PERSONTABLE' does not exist or not authorized.","status":"error","trace":"java.lang.RuntimeException: net.snowflake.client.jdbc.SnowflakeSQLException: SQL compilation error:\nObject 'PERSONTABLE' does not exist or not authorized.\n\tat org.finos.legend.engine.plan.execution.stores.relational.result.SQLExecutionResult.<init>(SQLExecutionResult.java:123)\n\tat org.finos.legend.engine.plan.execution.stores.relational.RelationalExecutor.execute(RelationalExecutor.java:241)\n\tat org.finos.legend.engine.plan.execution.stores.relational.plugin.RelationalExecutionNodeExecutor.visit(RelationalExecutionNodeExecutor.java:238)\n\tat org.finos.legend.engine.plan.execution.stores.relational.plugin.RelationalExecutionNodeExecutor.visit(RelationalExecutionNodeExecutor.java:252)\n\tat org.finos.legend.engine.plan.execution.stores.relational.plugin.RelationalExecutionNodeExecutor.visit(RelationalExecutionNodeExecutor.java:92)\n\tat org.finos.legend.engine.protocol.pure.v1.model.executionPlan.nodes.RelationalTdsInstantiationExecutionNode.accept(RelationalTdsInstantiationExecutionNode.java:22)\n\tat org.finos.legend.engine.plan.execution.stores.relational.RelationalExecutionExtension.lambda$getExtraNodeExecutors$fbe53481$1(RelationalExecutionExtension.java:50)\n\tat org.finos.legend.engine.plan.execution.nodes.ExecutionNodeExecutor.lambda$visit$0(ExecutionNodeExecutor.java:164)\n\tat java.base/java.util.stream.ReferencePipeline$3$1.accept(ReferencePipeline.java:195)\n\tat java.base/java.util.Spliterators$ArraySpliterator.tryAdvance(Spliterators.java:958)\n\tat java.base/java.util.stream.ReferencePipeline.forEachWithCancel(ReferencePipeline.java:127)\n\tat java.base/java.util.stream.AbstractPipeline.copyIntoWithCancel(AbstractPipeline.java:502)\n\tat java.base/java.util.stream.AbstractPipeline.copyInto(AbstractPipeline.java:488)\n\tat java.base/java.util.stream.AbstractPipeline.wrapAndCopyInto(AbstractPipeline.java:474)\n\tat java.base/java.util.stream.FindOps$FindOp.evaluateSequential(FindOps.java:150)\n\tat java.base/java.util.stream.AbstractPipeline.evaluate(AbstractPipeline.java:234)\n\tat java.base/java.util.stream.ReferencePipeline.findFirst(ReferencePipeline.java:543)\n\tat org.finos.legend.engine.plan.execution.nodes.ExecutionNodeExecutor.visit(ExecutionNodeExecutor.java:164)\n\tat org.finos.legend.engine.plan.execution.nodes.ExecutionNodeExecutor.visit(ExecutionNodeExecutor.java:107)\n\tat org.finos.legend.engine.protocol.pure.v1.model.executionPlan.nodes.RelationalTdsInstantiationExecutionNode.accept(RelationalTdsInstantiationExecutionNode.java:22)\n\tat org.finos.legend.engine.plan.execution.PlanExecutor.execute(PlanExecutor.java:238)\n\tat org.finos.legend.engine.plan.execution.PlanExecutor.execute(PlanExecutor.java:225)\n\tat org.finos.legend.engine.plan.execution.api.ExecutePlan.doExecutePlanLegacy(ExecutePlan.java:102)\n\tat org.finos.legend.engine.plan.execution.api.ExecutePlan.doExecutePlan(ExecutePlan.java:84)\n\tat org.finos.legend.engine.plan.execution.api.ExecutePlanLegacy.executePlan(ExecutePlanLegacy.java:56)\n\tat jdk.internal.reflect.GeneratedMethodAccessor100.invoke(Unknown Source)\n\tat java.base/jdk.internal.reflect.DelegatingMethodAccessorImpl.invoke(DelegatingMethodAccessorImpl.java:43)\n\tat java.base/java.lang.reflect.Method.invoke(Method.java:566)\n\tat org.glassfish.jersey.server.model.internal.ResourceMethodInvocationHandlerFactory$1.invoke(ResourceMethodInvocationHandlerFactory.java:81)\n\tat org.glassfish.jersey.server.model.internal.AbstractJavaResourceMethodDispatcher$1.run(AbstractJavaResourceMethodDispatcher.java:144)\n\tat org.glassfish.jersey.server.model.internal.AbstractJavaResourceMethodDispatcher.invoke(AbstractJavaResourceMethodDispatcher.java:161)\n\tat org.glassfish.jersey.server.model.internal.JavaResourceMethodDispatcherProvider$ResponseOutInvoker.doDispatch(JavaResourceMethodDispatcherProvider.java:160)\n\tat org.glassfish.jersey.server.model.internal.AbstractJavaResourceMethodDispatcher.dispatch(AbstractJavaResourceMethodDispatcher.java:99)\n\tat org.glassfish.jersey.server.model.ResourceMethodInvoker.invoke(ResourceMethodInvoker.java:389)\n\tat org.glassfish.jersey.server.model.ResourceMethodInvoker.apply(ResourceMethodInvoker.java:347)\n\tat org.glassfish.jersey.server.model.ResourceMethodInvoker.apply(ResourceMethodInvoker.java:102)\n\tat org.glassfish.jersey.server.ServerRuntime$2.run(ServerRuntime.java:326)\n\tat org.glassfish.jersey.internal.Errors$1.call(Errors.java:271)\n\tat org.glassfish.jersey.internal.Errors$1.call(Errors.java:267)\n\tat org.glassfish.jersey.internal.Errors.process(Errors.java:315)\n\tat org.glassfish.jersey.internal.Errors.process(Errors.java:297)\n\tat org.glassfish.jersey.internal.Errors.process(Errors.java:267)\n\tat org.glassfish.jersey.process.internal.RequestScope.runInScope(RequestScope.java:317)\n\tat org.glassfish.jersey.server.ServerRuntime.process(ServerRuntime.java:305)\n\tat org.glassfish.jersey.server.ApplicationHandler.handle(ApplicationHandler.java:1154)\n\tat org.glassfish.jersey.servlet.WebComponent.serviceImpl(WebComponent.java:473)\n\tat org.glassfish.jersey.servlet.WebComponent.service(WebComponent.java:427)\n\tat org.glassfish.jersey.servlet.ServletContainer.service(ServletContainer.java:388)\n\tat org.glassfish.jersey.servlet.ServletContainer.service(ServletContainer.java:341)\n\tat org.glassfish.jersey.servlet.ServletContainer.service(ServletContainer.java:228)\n\tat org.eclipse.jetty.servlet.ServletHolder.handle(ServletHolder.java:799)\n\tat org.eclipse.jetty.servlet.ServletHandler$ChainEnd.doFilter(ServletHandler.java:1631)\n\tat io.dropwizard.servlets.ThreadNameFilter.doFilter(ThreadNameFilter.java:35)\n\tat org.eclipse.jetty.servlet.FilterHolder.doFilter(FilterHolder.java:193)\n\tat org.eclipse.jetty.servlet.ServletHandler$Chain.doFilter(ServletHandler.java:1601)\n\tat io.dropwizard.jersey.filter.AllowedMethodsFilter.handle(AllowedMethodsFilter.java:45)\n\tat io.dropwizard.jersey.filter.AllowedMethodsFilter.doFilter(AllowedMethodsFilter.java:39)\n\tat org.eclipse.jetty.servlet.FilterHolder.doFilter(FilterHolder.java:193)\n\tat org.eclipse.jetty.servlet.ServletHandler$Chain.doFilter(ServletHandler.java:1601)\n\tat org.finos.legend.server.pac4j.internal.UsernameFilter.doFilter(UsernameFilter.java:51)\n\tat org.eclipse.jetty.servlet.FilterHolder.doFilter(FilterHolder.java:193)\n\tat org.eclipse.jetty.servlet.ServletHandler$Chain.doFilter(ServletHandler.java:1601)\n\tat org.pac4j.j2e.filter.SecurityFilter.lambda$internalFilter$0(SecurityFilter.java:95)\n\tat org.pac4j.core.engine.DefaultSecurityLogic.perform(DefaultSecurityLogic.java:140)\n\tat org.pac4j.j2e.filter.SecurityFilter.internalFilter(SecurityFilter.java:93)\n\tat org.pac4j.j2e.filter.AbstractConfigFilter.doFilter(AbstractConfigFilter.java:81)\n\tat org.eclipse.jetty.servlet.FilterHolder.doFilter(FilterHolder.java:193)\n\tat org.eclipse.jetty.servlet.ServletHandler$Chain.doFilter(ServletHandler.java:1601)\n\tat org.eclipse.jetty.servlet.ServletHandler.doHandle(ServletHandler.java:548)\n\tat org.eclipse.jetty.server.handler.ScopedHandler.nextHandle(ScopedHandler.java:233)\n\tat org.eclipse.jetty.server.session.SessionHandler.doHandle(SessionHandler.java:1624)\n\tat org.eclipse.jetty.server.handler.ScopedHandler.nextHandle(ScopedHandler.java:233)\n\tat org.eclipse.jetty.server.handler.ContextHandler.doHandle(ContextHandler.java:1434)\n\tat org.eclipse.jetty.server.handler.ScopedHandler.nextScope(ScopedHandler.java:188)\n\tat org.eclipse.jetty.servlet.ServletHandler.doScope(ServletHandler.java:501)\n\tat org.eclipse.jetty.server.session.SessionHandler.doScope(SessionHandler.java:1594)\n\tat org.eclipse.jetty.server.handler.ScopedHandler.nextScope(ScopedHandler.java:186)\n\tat org.eclipse.jetty.server.handler.ContextHandler.doScope(ContextHandler.java:1349)\n\tat org.eclipse.jetty.server.handler.ScopedHandler.handle(ScopedHandler.java:141)\n\tat org.eclipse.jetty.server.handler.HandlerWrapper.handle(HandlerWrapper.java:127)\n\tat com.codahale.metrics.jetty9.InstrumentedHandler.handle(InstrumentedHandler.java:313)\n\tat io.dropwizard.jetty.ContextRoutingHandler.handle(ContextRoutingHandler.java:37)\n\tat org.eclipse.jetty.server.handler.gzip.GzipHandler.handle(GzipHandler.java:713)\n\tat io.dropwizard.jetty.BiDiGzipHandler.handle(BiDiGzipHandler.java:67)\n\tat org.eclipse.jetty.server.handler.StatisticsHandler.handle(StatisticsHandler.java:179)\n\tat org.eclipse.jetty.server.handler.HandlerWrapper.handle(HandlerWrapper.java:127)\n\tat org.eclipse.jetty.server.Server.handle(Server.java:516)\n\tat org.eclipse.jetty.server.HttpChannel.lambda$handle$1(HttpChannel.java:400)\n\tat org.eclipse.jetty.server.HttpChannel.dispatch(HttpChannel.java:645)\n\tat org.eclipse.jetty.server.HttpChannel.handle(HttpChannel.java:392)\n\tat org.eclipse.jetty.server.HttpConnection.onFillable(HttpConnection.java:277)\n\tat org.eclipse.jetty.io.AbstractConnection$ReadCallback.succeeded(AbstractConnection.java:311)\n\tat org.eclipse.jetty.io.FillInterest.fillable(FillInterest.java:105)\n\tat org.eclipse.jetty.io.ChannelEndPoint$1.run(ChannelEndPoint.java:104)\n\tat org.eclipse.jetty.util.thread.strategy.EatWhatYouKill.runTask(EatWhatYouKill.java:338)\n\tat org.eclipse.jetty.util.thread.strategy.EatWhatYouKill.doProduce(EatWhatYouKill.java:315)\n\tat org.eclipse.jetty.util.thread.strategy.EatWhatYouKill.tryProduce(EatWhatYouKill.java:173)\n\tat org.eclipse.jetty.util.thread.strategy.EatWhatYouKill.run(EatWhatYouKill.java:131)\n\tat org.eclipse.jetty.util.thread.ReservedThreadExecutor$ReservedThread.run(ReservedThreadExecutor.java:409)\n\tat org.eclipse.jetty.util.thread.QueuedThreadPool.runJob(QueuedThreadPool.java:883)\n\tat org.eclipse.jetty.util.thread.QueuedThreadPool$Runner.run(QueuedThreadPool.java:1034)\n\tat java.base/java.lang.Thread.run(Thread.java:829)\nCaused by: net.snowflake.client.jdbc.SnowflakeSQLException: SQL compilation error:\nObject 'PERSONTABLE' does not exist or not authorized.\n\tat net.snowflake.client.jdbc.SnowflakeUtil.checkErrorAndThrowExceptionSub(SnowflakeUtil.java:127)\n\tat net.snowflake.client.jdbc.SnowflakeUtil.checkErrorAndThrowException(SnowflakeUtil.java:67)\n\tat net.snowflake.client.core.StmtUtil.pollForOutput(StmtUtil.java:442)\n\tat net.snowflake.client.core.StmtUtil.execute(StmtUtil.java:345)\n\tat net.snowflake.client.core.SFStatement.executeHelper(SFStatement.java:486)\n\tat net.snowflake.client.core.SFStatement.executeQueryInternal(SFStatement.java:197)\n\tat net.snowflake.client.core.SFStatement.executeQuery(SFStatement.java:134)\n\tat net.snowflake.client.core.SFStatement.execute(SFStatement.java:743)\n\tat net.snowflake.client.core.SFStatement.execute(SFStatement.java:639)\n\tat net.snowflake.client.jdbc.SnowflakeStatementV1.executeQueryInternal(SnowflakeStatementV1.java:238)\n\tat net.snowflake.client.jdbc.SnowflakeStatementV1.executeQuery(SnowflakeStatementV1.java:133)\n\tat com.zaxxer.hikari.pool.ProxyStatement.executeQuery(ProxyStatement.java:110)\n\tat com.zaxxer.hikari.pool.HikariProxyStatement.executeQuery(HikariProxyStatement.java)\n\tat org.finos.legend.engine.plan.execution.stores.relational.result.SQLExecutionResult.<init>(SQLExecutionResult.java:95)\n\t... 101 more\n"},"mode":"DEV","timeStamp":"2023-02-23 01:31:48.949","user":"_UNKNOWN_"}
| **selectSubClauses::join::testSelfJoinInner** | failing :x: |
]]></system-out>
  </testcase>
  <testcase name="testSelfJoinOuter[Snowflake]" classname="org.finos.legend.engine.server.test.shared.Relational_DbSpecific_UsingPureClientTestSuite$2" time="0.282">
    <error message="Assert failure at (resource:/platform/pure/basics/tests/assertEq.pure line:34 column:5), &quot;500 &apos;{&quot;code&quot;:-1,&quot;message&quot;:&quot;SnowflakeSQLException: SQL compilation error:&#10;Object &apos;PERSONTABLE&apos; does not exist or not authorized.&quot;,&quot;status&quot;:&quot;error&quot;,&quot;trace&quot;:&quot;java.lang.RuntimeException: net.snowflake.client.jdbc.SnowflakeSQLException: SQL compilation error:&#10;Object &apos;PERSONTABLE&apos; does not exist or not authorized.&#10;at org.finos.legend.engine.plan.execution.stores.relational.result.SQLExecutionResult.&lt;init&gt;(SQLExecutionResult.java:123)&#10;at org.finos.legend.engine.plan.execution.stores.relational.RelationalExecutor.execute(RelationalExecutor.java:241)&#10;at org.finos.legend.engine.plan.execution.stores.relational.plugin.RelationalExecutionNodeExecutor.visit(RelationalExecutionNodeExecutor.java:238)&#10;at org.finos.legend.engine.plan.execution.stores.relational.plugin.RelationalExecutionNodeExecutor.visit(RelationalExecutionNodeExecutor.java:252)&#10;at org.finos.legend.engine.plan.execution.stores.relational.plugin.RelationalExecutionNodeExecutor.visit(RelationalExecutionNodeExecutor.java:92)&#10;at org.finos.legend.engine.protocol.pure.v1.model.executionPlan.nodes.RelationalTdsInstantiationExecutionNode.accept(RelationalTdsInstantiationExecutionNode.java:22)&#10;at org.finos.legend.engine.plan.execution.stores.relational.RelationalExecutionExtension.lambda$getExtraNodeExecutors$fbe53481$1(RelationalExecutionExtension.java:50)&#10;at org.finos.legend.engine.plan.execution.nodes.ExecutionNodeExecutor.lambda$visit$0(ExecutionNodeExecutor.java:164)&#10;at java.base/java.util.stream.ReferencePipeline$3$1.accept(ReferencePipeline.java:195)&#10;at java.base/java.util.Spliterators$ArraySpliterator.tryAdvance(Spliterators.java:958)&#10;at java.base/java.util.stream.ReferencePipeline.forEachWithCancel(ReferencePipeline.java:127)&#10;at java.base/java.util.stream.AbstractPipeline.copyIntoWithCancel(AbstractPipeline.java:502)&#10;at java.base/java.util.stream.AbstractPipeline.copyInto(AbstractPipeline.java:488)&#10;at java.base/java.util.stream.AbstractPipeline.wrapAndCopyInto(AbstractPipeline.java:474)&#10;at java.base/java.util.stream.FindOps$FindOp.evaluateSequential(FindOps.java:150)&#10;at java.base/java.util.stream.AbstractPipeline.evaluate(AbstractPipeline.java:234)&#10;at java.base/java.util.stream.ReferencePipeline.findFirst(ReferencePipeline.java:543)&#10;at org.finos.legend.engine.plan.execution.nodes.ExecutionNodeExecutor.visit(ExecutionNodeExecutor.java:164)&#10;at org.finos.legend.engine.plan.execution.nodes.ExecutionNodeExecutor.visit(ExecutionNodeExecutor.java:107)&#10;at org.finos.legend.engine.protocol.pure.v1.model.executionPlan.nodes.RelationalTdsInstantiationExecutionNode.accept(RelationalTdsInstantiationExecutionNode.java:22)&#10;at org.finos.legend.engine.plan.execution.PlanExecutor.execute(PlanExecutor.java:238)&#10;at org.finos.legend.engine.plan.execution.PlanExecutor.execute(PlanExecutor.java:225)&#10;at org.finos.legend.engine.plan.execution.api.ExecutePlan.doExecutePlanLegacy(ExecutePlan.java:102)&#10;at org.finos.legend.engine.plan.execution.api.ExecutePlan.doExecutePlan(ExecutePlan.java:84)&#10;at org.finos.legend.engine.plan.execution.api.ExecutePlanLegacy.executePlan(ExecutePlanLegacy.java:56)&#10;at jdk.internal.reflect.GeneratedMethodAccessor100.invoke(Unknown Source)&#10;at java.base/jdk.internal.reflect.DelegatingMethodAccessorImpl.invoke(DelegatingMethodAccessorImpl.java:43)&#10;at java.base/java.lang.reflect.Method.invoke(Method.java:566)&#10;at org.glassfish.jersey.server.model.internal.ResourceMethodInvocationHandlerFactory$1.invoke(ResourceMethodInvocationHandlerFactory.java:81)&#10;at org.glassfish.jersey.server.model.internal.AbstractJavaResourceMethodDispatcher$1.run(AbstractJavaResourceMethodDispatcher.java:144)&#10;at org.glassfish.jersey.server.model.internal.AbstractJavaResourceMethodDispatcher.invoke(AbstractJavaResourceMethodDispatcher.java:161)&#10;at org.glassfish.jersey.server.model.internal.JavaResourceMethodDispatcherProvider$ResponseOutInvoker.doDispatch(JavaResourceMethodDispatcherProvider.java:160)&#10;at org.glassfish.jersey.server.model.internal.AbstractJavaResourceMethodDispatcher.dispatch(AbstractJavaResourceMethodDispatcher.java:99)&#10;at org.glassfish.jersey.server.model.ResourceMethodInvoker.invoke(ResourceMethodInvoker.java:389)&#10;at org.glassfish.jersey.server.model.ResourceMethodInvoker.apply(ResourceMethodInvoker.java:347)&#10;at org.glassfish.jersey.server.model.ResourceMethodInvoker.apply(ResourceMethodInvoker.java:102)&#10;at org.glassfish.jersey.server.ServerRuntime$2.run(ServerRuntime.java:326)&#10;at org.glassfish.jersey.internal.Errors$1.call(Errors.java:271)&#10;at org.glassfish.jersey.internal.Errors$1.call(Errors.java:267)&#10;at org.glassfish.jersey.internal.Errors.process(Errors.java:315)&#10;at org.glassfish.jersey.internal.Errors.process(Errors.java:297)&#10;at org.glassfish.jersey.internal.Errors.process(Errors.java:267)&#10;at org.glassfish.jersey.process.internal.RequestScope.runInScope(RequestScope.java:317)&#10;at org.glassfish.jersey.server.ServerRuntime.process(ServerRuntime.java:305)&#10;at org.glassfish.jersey.server.ApplicationHandler.handle(ApplicationHandler.java:1154)&#10;at org.glassfish.jersey.servlet.WebComponent.serviceImpl(WebComponent.java:473)&#10;at org.glassfish.jersey.servlet.WebComponent.service(WebComponent.java:427)&#10;at org.glassfish.jersey.servlet.ServletContainer.service(ServletContainer.java:388)&#10;at org.glassfish.jersey.servlet.ServletContainer.service(ServletContainer.java:341)&#10;at org.glassfish.jersey.servlet.ServletContainer.service(ServletContainer.java:228)&#10;at org.eclipse.jetty.servlet.ServletHolder.handle(ServletHolder.java:799)&#10;at org.eclipse.jetty.servlet.ServletHandler$ChainEnd.doFilter(ServletHandler.java:1631)&#10;at io.dropwizard.servlets.ThreadNameFilter.doFilter(ThreadNameFilter.java:35)&#10;at org.eclipse.jetty.servlet.FilterHolder.doFilter(FilterHolder.java:193)&#10;at org.eclipse.jetty.servlet.ServletHandler$Chain.doFilter(ServletHandler.java:1601)&#10;at io.dropwizard.jersey.filter.AllowedMethodsFilter.handle(AllowedMethodsFilter.java:45)&#10;at io.dropwizard.jersey.filter.AllowedMethodsFilter.doFilter(AllowedMethodsFilter.java:39)&#10;at org.eclipse.jetty.servlet.FilterHolder.doFilter(FilterHolder.java:193)&#10;at org.eclipse.jetty.servlet.ServletHandler$Chain.doFilter(ServletHandler.java:1601)&#10;at org.finos.legend.server.pac4j.internal.UsernameFilter.doFilter(UsernameFilter.java:51)&#10;at org.eclipse.jetty.servlet.FilterHolder.doFilter(FilterHolder.java:193)&#10;at org.eclipse.jetty.servlet.ServletHandler$Chain.doFilter(ServletHandler.java:1601)&#10;at org.pac4j.j2e.filter.SecurityFilter.lambda$internalFilter$0(SecurityFilter.java:95)&#10;at org.pac4j.core.engine.DefaultSecurityLogic.perform(DefaultSecurityLogic.java:140)&#10;at org.pac4j.j2e.filter.SecurityFilter.internalFilter(SecurityFilter.java:93)&#10;at org.pac4j.j2e.filter.AbstractConfigFilter.doFilter(AbstractConfigFilter.java:81)&#10;at org.eclipse.jetty.servlet.FilterHolder.doFilter(FilterHolder.java:193)&#10;at org.eclipse.jetty.servlet.ServletHandler$Chain.doFilter(ServletHandler.java:1601)&#10;at org.eclipse.jetty.servlet.ServletHandler.doHandle(ServletHandler.java:548)&#10;at org.eclipse.jetty.server.handler.ScopedHandler.nextHandle(ScopedHandler.java:233)&#10;at org.eclipse.jetty.server.session.SessionHandler.doHandle(SessionHandler.java:1624)&#10;at org.eclipse.jetty.server.handler.ScopedHandler.nextHandle(ScopedHandler.java:233)&#10;at org.eclipse.jetty.server.handler.ContextHandler.doHandle(ContextHandler.java:1434)&#10;at org.eclipse.jetty.server.handler.ScopedHandler.nextScope(ScopedHandler.java:188)&#10;at org.eclipse.jetty.servlet.ServletHandler.doScope(ServletHandler.java:501)&#10;at org.eclipse.jetty.server.session.SessionHandler.doScope(SessionHandler.java:1594)&#10;at org.eclipse.jetty.server.handler.ScopedHandler.nextScope(ScopedHandler.java:186)&#10;at org.eclipse.jetty.server.handler.ContextHandler.doScope(ContextHandler.java:1349)&#10;at org.eclipse.jetty.server.handler.ScopedHandler.handle(ScopedHandler.java:141)&#10;at org.eclipse.jetty.server.handler.HandlerWrapper.handle(HandlerWrapper.java:127)&#10;at com.codahale.metrics.jetty9.InstrumentedHandler.handle(InstrumentedHandler.java:313)&#10;at io.dropwizard.jetty.ContextRoutingHandler.handle(ContextRoutingHandler.java:37)&#10;at org.eclipse.jetty.server.handler.gzip.GzipHandler.handle(GzipHandler.java:713)&#10;at io.dropwizard.jetty.BiDiGzipHandler.handle(BiDiGzipHandler.java:67)&#10;at org.eclipse.jetty.server.handler.StatisticsHandler.handle(StatisticsHandler.java:179)&#10;at org.eclipse.jetty.server.handler.HandlerWrapper.handle(HandlerWrapper.java:127)&#10;at org.eclipse.jetty.server.Server.handle(Server.java:516)&#10;at org.eclipse.jetty.server.HttpChannel.lambda$handle$1(HttpChannel.java:400)&#10;at org.eclipse.jetty.server.HttpChannel.dispatch(HttpChannel.java:645)&#10;at org.eclipse.jetty.server.HttpChannel.handle(HttpChannel.java:392)&#10;at org.eclipse.jetty.server.HttpConnection.onFillable(HttpConnection.java:277)&#10;at org.eclipse.jetty.io.AbstractConnection$ReadCallback.succeeded(AbstractConnection.java:311)&#10;at org.eclipse.jetty.io.FillInterest.fillable(FillInterest.java:105)&#10;at org.eclipse.jetty.io.ChannelEndPoint$1.run(ChannelEndPoint.java:104)&#10;at org.eclipse.jetty.util.thread.strategy.EatWhatYouKill.runTask(EatWhatYouKill.java:338)&#10;at org.eclipse.jetty.util.thread.strategy.EatWhatYouKill.doProduce(EatWhatYouKill.java:315)&#10;at org.eclipse.jetty.util.thread.strategy.EatWhatYouKill.tryProduce(EatWhatYouKill.java:173)&#10;at org.eclipse.jetty.util.thread.strategy.EatWhatYouKill.run(EatWhatYouKill.java:131)&#10;at org.eclipse.jetty.util.thread.ReservedThreadExecutor$ReservedThread.run(ReservedThreadExecutor.java:409)&#10;at org.eclipse.jetty.util.thread.QueuedThreadPool.runJob(QueuedThreadPool.java:883)&#10;at org.eclipse.jetty.util.thread.QueuedThreadPool$Runner.run(QueuedThreadPool.java:1034)&#10;at java.base/java.lang.Thread.run(Thread.java:829)&#10;Caused by: net.snowflake.client.jdbc.SnowflakeSQLException: SQL compilation error:&#10;Object &apos;PERSONTABLE&apos; does not exist or not authorized.&#10;at net.snowflake.client.jdbc.SnowflakeUtil.checkErrorAndThrowExceptionSub(SnowflakeUtil.java:127)&#10;at net.snowflake.client.jdbc.SnowflakeUtil.checkErrorAndThrowException(SnowflakeUtil.java:67)&#10;at net.snowflake.client.core.StmtUtil.pollForOutput(StmtUtil.java:442)&#10;at net.snowflake.client.core.StmtUtil.execute(StmtUtil.java:345)&#10;at net.snowflake.client.core.SFStatement.executeHelper(SFStatement.java:486)&#10;at net.snowflake.client.core.SFStatement.executeQueryInternal(SFStatement.java:197)&#10;at net.snowflake.client.core.SFStatement.executeQuery(SFStatement.java:134)&#10;at net.snowflake.client.core.SFStatement.execute(SFStatement.java:743)&#10;at net.snowflake.client.core.SFStatement.execute(SFStatement.java:639)&#10;at net.snowflake.client.jdbc.SnowflakeStatementV1.executeQueryInternal(SnowflakeStatementV1.java:238)&#10;at net.snowflake.client.jdbc.SnowflakeStatementV1.executeQuery(SnowflakeStatementV1.java:133)&#10;at com.zaxxer.hikari.pool.ProxyStatement.executeQuery(ProxyStatement.java:110)&#10;at com.zaxxer.hikari.pool.HikariProxyStatement.executeQuery(HikariProxyStatement.java)&#10;at org.finos.legend.engine.plan.execution.stores.relational.result.SQLExecutionResult.&lt;init&gt;(SQLExecutionResult.java:95)&#10;... 101 more&#10;&quot;}&apos;&quot;" type="Assert failure at (resource"><![CDATA[Assert failure at (resource:/platform/pure/basics/tests/assertEq.pure line:34 column:5), "500 '{"code":-1,"message":"SnowflakeSQLException: SQL compilation error:
Object 'PERSONTABLE' does not exist or not authorized.","status":"error","trace":"java.lang.RuntimeException: net.snowflake.client.jdbc.SnowflakeSQLException: SQL compilation error:
Object 'PERSONTABLE' does not exist or not authorized.
at org.finos.legend.engine.plan.execution.stores.relational.result.SQLExecutionResult.<init>(SQLExecutionResult.java:123)
at org.finos.legend.engine.plan.execution.stores.relational.RelationalExecutor.execute(RelationalExecutor.java:241)
at org.finos.legend.engine.plan.execution.stores.relational.plugin.RelationalExecutionNodeExecutor.visit(RelationalExecutionNodeExecutor.java:238)
at org.finos.legend.engine.plan.execution.stores.relational.plugin.RelationalExecutionNodeExecutor.visit(RelationalExecutionNodeExecutor.java:252)
at org.finos.legend.engine.plan.execution.stores.relational.plugin.RelationalExecutionNodeExecutor.visit(RelationalExecutionNodeExecutor.java:92)
at org.finos.legend.engine.protocol.pure.v1.model.executionPlan.nodes.RelationalTdsInstantiationExecutionNode.accept(RelationalTdsInstantiationExecutionNode.java:22)
at org.finos.legend.engine.plan.execution.stores.relational.RelationalExecutionExtension.lambda$getExtraNodeExecutors$fbe53481$1(RelationalExecutionExtension.java:50)
at org.finos.legend.engine.plan.execution.nodes.ExecutionNodeExecutor.lambda$visit$0(ExecutionNodeExecutor.java:164)
at java.base/java.util.stream.ReferencePipeline$3$1.accept(ReferencePipeline.java:195)
at java.base/java.util.Spliterators$ArraySpliterator.tryAdvance(Spliterators.java:958)
at java.base/java.util.stream.ReferencePipeline.forEachWithCancel(ReferencePipeline.java:127)
at java.base/java.util.stream.AbstractPipeline.copyIntoWithCancel(AbstractPipeline.java:502)
at java.base/java.util.stream.AbstractPipeline.copyInto(AbstractPipeline.java:488)
at java.base/java.util.stream.AbstractPipeline.wrapAndCopyInto(AbstractPipeline.java:474)
at java.base/java.util.stream.FindOps$FindOp.evaluateSequential(FindOps.java:150)
at java.base/java.util.stream.AbstractPipeline.evaluate(AbstractPipeline.java:234)
at java.base/java.util.stream.ReferencePipeline.findFirst(ReferencePipeline.java:543)
at org.finos.legend.engine.plan.execution.nodes.ExecutionNodeExecutor.visit(ExecutionNodeExecutor.java:164)
at org.finos.legend.engine.plan.execution.nodes.ExecutionNodeExecutor.visit(ExecutionNodeExecutor.java:107)
at org.finos.legend.engine.protocol.pure.v1.model.executionPlan.nodes.RelationalTdsInstantiationExecutionNode.accept(RelationalTdsInstantiationExecutionNode.java:22)
at org.finos.legend.engine.plan.execution.PlanExecutor.execute(PlanExecutor.java:238)
at org.finos.legend.engine.plan.execution.PlanExecutor.execute(PlanExecutor.java:225)
at org.finos.legend.engine.plan.execution.api.ExecutePlan.doExecutePlanLegacy(ExecutePlan.java:102)
at org.finos.legend.engine.plan.execution.api.ExecutePlan.doExecutePlan(ExecutePlan.java:84)
at org.finos.legend.engine.plan.execution.api.ExecutePlanLegacy.executePlan(ExecutePlanLegacy.java:56)
at jdk.internal.reflect.GeneratedMethodAccessor100.invoke(Unknown Source)
at java.base/jdk.internal.reflect.DelegatingMethodAccessorImpl.invoke(DelegatingMethodAccessorImpl.java:43)
at java.base/java.lang.reflect.Method.invoke(Method.java:566)
at org.glassfish.jersey.server.model.internal.ResourceMethodInvocationHandlerFactory$1.invoke(ResourceMethodInvocationHandlerFactory.java:81)
at org.glassfish.jersey.server.model.internal.AbstractJavaResourceMethodDispatcher$1.run(AbstractJavaResourceMethodDispatcher.java:144)
at org.glassfish.jersey.server.model.internal.AbstractJavaResourceMethodDispatcher.invoke(AbstractJavaResourceMethodDispatcher.java:161)
at org.glassfish.jersey.server.model.internal.JavaResourceMethodDispatcherProvider$ResponseOutInvoker.doDispatch(JavaResourceMethodDispatcherProvider.java:160)
at org.glassfish.jersey.server.model.internal.AbstractJavaResourceMethodDispatcher.dispatch(AbstractJavaResourceMethodDispatcher.java:99)
at org.glassfish.jersey.server.model.ResourceMethodInvoker.invoke(ResourceMethodInvoker.java:389)
at org.glassfish.jersey.server.model.ResourceMethodInvoker.apply(ResourceMethodInvoker.java:347)
at org.glassfish.jersey.server.model.ResourceMethodInvoker.apply(ResourceMethodInvoker.java:102)
at org.glassfish.jersey.server.ServerRuntime$2.run(ServerRuntime.java:326)
at org.glassfish.jersey.internal.Errors$1.call(Errors.java:271)
at org.glassfish.jersey.internal.Errors$1.call(Errors.java:267)
at org.glassfish.jersey.internal.Errors.process(Errors.java:315)
at org.glassfish.jersey.internal.Errors.process(Errors.java:297)
at org.glassfish.jersey.internal.Errors.process(Errors.java:267)
at org.glassfish.jersey.process.internal.RequestScope.runInScope(RequestScope.java:317)
at org.glassfish.jersey.server.ServerRuntime.process(ServerRuntime.java:305)
at org.glassfish.jersey.server.ApplicationHandler.handle(ApplicationHandler.java:1154)
at org.glassfish.jersey.servlet.WebComponent.serviceImpl(WebComponent.java:473)
at org.glassfish.jersey.servlet.WebComponent.service(WebComponent.java:427)
at org.glassfish.jersey.servlet.ServletContainer.service(ServletContainer.java:388)
at org.glassfish.jersey.servlet.ServletContainer.service(ServletContainer.java:341)
at org.glassfish.jersey.servlet.ServletContainer.service(ServletContainer.java:228)
at org.eclipse.jetty.servlet.ServletHolder.handle(ServletHolder.java:799)
at org.eclipse.jetty.servlet.ServletHandler$ChainEnd.doFilter(ServletHandler.java:1631)
at io.dropwizard.servlets.ThreadNameFilter.doFilter(ThreadNameFilter.java:35)
at org.eclipse.jetty.servlet.FilterHolder.doFilter(FilterHolder.java:193)
at org.eclipse.jetty.servlet.ServletHandler$Chain.doFilter(ServletHandler.java:1601)
at io.dropwizard.jersey.filter.AllowedMethodsFilter.handle(AllowedMethodsFilter.java:45)
at io.dropwizard.jersey.filter.AllowedMethodsFilter.doFilter(AllowedMethodsFilter.java:39)
at org.eclipse.jetty.servlet.FilterHolder.doFilter(FilterHolder.java:193)
at org.eclipse.jetty.servlet.ServletHandler$Chain.doFilter(ServletHandler.java:1601)
at org.finos.legend.server.pac4j.internal.UsernameFilter.doFilter(UsernameFilter.java:51)
at org.eclipse.jetty.servlet.FilterHolder.doFilter(FilterHolder.java:193)
at org.eclipse.jetty.servlet.ServletHandler$Chain.doFilter(ServletHandler.java:1601)
at org.pac4j.j2e.filter.SecurityFilter.lambda$internalFilter$0(SecurityFilter.java:95)
at org.pac4j.core.engine.DefaultSecurityLogic.perform(DefaultSecurityLogic.java:140)
at org.pac4j.j2e.filter.SecurityFilter.internalFilter(SecurityFilter.java:93)
at org.pac4j.j2e.filter.AbstractConfigFilter.doFilter(AbstractConfigFilter.java:81)
at org.eclipse.jetty.servlet.FilterHolder.doFilter(FilterHolder.java:193)
at org.eclipse.jetty.servlet.ServletHandler$Chain.doFilter(ServletHandler.java:1601)
at org.eclipse.jetty.servlet.ServletHandler.doHandle(ServletHandler.java:548)
at org.eclipse.jetty.server.handler.ScopedHandler.nextHandle(ScopedHandler.java:233)
at org.eclipse.jetty.server.session.SessionHandler.doHandle(SessionHandler.java:1624)
at org.eclipse.jetty.server.handler.ScopedHandler.nextHandle(ScopedHandler.java:233)
at org.eclipse.jetty.server.handler.ContextHandler.doHandle(ContextHandler.java:1434)
at org.eclipse.jetty.server.handler.ScopedHandler.nextScope(ScopedHandler.java:188)
at org.eclipse.jetty.servlet.ServletHandler.doScope(ServletHandler.java:501)
at org.eclipse.jetty.server.session.SessionHandler.doScope(SessionHandler.java:1594)
at org.eclipse.jetty.server.handler.ScopedHandler.nextScope(ScopedHandler.java:186)
at org.eclipse.jetty.server.handler.ContextHandler.doScope(ContextHandler.java:1349)
at org.eclipse.jetty.server.handler.ScopedHandler.handle(ScopedHandler.java:141)
at org.eclipse.jetty.server.handler.HandlerWrapper.handle(HandlerWrapper.java:127)
at com.codahale.metrics.jetty9.InstrumentedHandler.handle(InstrumentedHandler.java:313)
at io.dropwizard.jetty.ContextRoutingHandler.handle(ContextRoutingHandler.java:37)
at org.eclipse.jetty.server.handler.gzip.GzipHandler.handle(GzipHandler.java:713)
at io.dropwizard.jetty.BiDiGzipHandler.handle(BiDiGzipHandler.java:67)
at org.eclipse.jetty.server.handler.StatisticsHandler.handle(StatisticsHandler.java:179)
at org.eclipse.jetty.server.handler.HandlerWrapper.handle(HandlerWrapper.java:127)
at org.eclipse.jetty.server.Server.handle(Server.java:516)
at org.eclipse.jetty.server.HttpChannel.lambda$handle$1(HttpChannel.java:400)
at org.eclipse.jetty.server.HttpChannel.dispatch(HttpChannel.java:645)
at org.eclipse.jetty.server.HttpChannel.handle(HttpChannel.java:392)
at org.eclipse.jetty.server.HttpConnection.onFillable(HttpConnection.java:277)
at org.eclipse.jetty.io.AbstractConnection$ReadCallback.succeeded(AbstractConnection.java:311)
at org.eclipse.jetty.io.FillInterest.fillable(FillInterest.java:105)
at org.eclipse.jetty.io.ChannelEndPoint$1.run(ChannelEndPoint.java:104)
at org.eclipse.jetty.util.thread.strategy.EatWhatYouKill.runTask(EatWhatYouKill.java:338)
at org.eclipse.jetty.util.thread.strategy.EatWhatYouKill.doProduce(EatWhatYouKill.java:315)
at org.eclipse.jetty.util.thread.strategy.EatWhatYouKill.tryProduce(EatWhatYouKill.java:173)
at org.eclipse.jetty.util.thread.strategy.EatWhatYouKill.run(EatWhatYouKill.java:131)
at org.eclipse.jetty.util.thread.ReservedThreadExecutor$ReservedThread.run(ReservedThreadExecutor.java:409)
at org.eclipse.jetty.util.thread.QueuedThreadPool.runJob(QueuedThreadPool.java:883)
at org.eclipse.jetty.util.thread.QueuedThreadPool$Runner.run(QueuedThreadPool.java:1034)
at java.base/java.lang.Thread.run(Thread.java:829)
Caused by: net.snowflake.client.jdbc.SnowflakeSQLException: SQL compilation error:
Object 'PERSONTABLE' does not exist or not authorized.
at net.snowflake.client.jdbc.SnowflakeUtil.checkErrorAndThrowExceptionSub(SnowflakeUtil.java:127)
at net.snowflake.client.jdbc.SnowflakeUtil.checkErrorAndThrowException(SnowflakeUtil.java:67)
at net.snowflake.client.core.StmtUtil.pollForOutput(StmtUtil.java:442)
at net.snowflake.client.core.StmtUtil.execute(StmtUtil.java:345)
at net.snowflake.client.core.SFStatement.executeHelper(SFStatement.java:486)
at net.snowflake.client.core.SFStatement.executeQueryInternal(SFStatement.java:197)
at net.snowflake.client.core.SFStatement.executeQuery(SFStatement.java:134)
at net.snowflake.client.core.SFStatement.execute(SFStatement.java:743)
at net.snowflake.client.core.SFStatement.execute(SFStatement.java:639)
at net.snowflake.client.jdbc.SnowflakeStatementV1.executeQueryInternal(SnowflakeStatementV1.java:238)
at net.snowflake.client.jdbc.SnowflakeStatementV1.executeQuery(SnowflakeStatementV1.java:133)
at com.zaxxer.hikari.pool.ProxyStatement.executeQuery(ProxyStatement.java:110)
at com.zaxxer.hikari.pool.HikariProxyStatement.executeQuery(HikariProxyStatement.java)
at org.finos.legend.engine.plan.execution.stores.relational.result.SQLExecutionResult.<init>(SQLExecutionResult.java:95)
... 101 more
"}'"
	at org.finos.legend.pure.runtime.java.compiled.generation.processors.support.CompiledSupport.pureAssert(CompiledSupport.java:1994)
	at org.finos.legend.pure.generated.platform_pure_basics_tests_assertEq.Root_meta_pure_functions_asserts_assertEq_Any_1__Any_1__Function_1__Boolean_1_(platform_pure_basics_tests_assertEq.java:44)
	at org.finos.legend.pure.generated.core_pure_protocol_vX_X_X_invocations_execution.Root_meta_protocols_pure_vX_X_X_invocation_execution_execute_executePlan_String_1__String_1__Integer_1__String_1_(core_pure_protocol_vX_X_X_invocations_execution.java:751)
	at org.finos.legend.pure.generated.core_pure_protocol_vX_X_X_invocations_execution.Root_meta_protocols_pure_vX_X_X_invocation_execution_execute_executePlan_ExecutionPlan_1__String_1__Integer_1__Extension_MANY__String_1_(core_pure_protocol_vX_X_X_invocations_execution.java:745)
	at org.finos.legend.pure.generated.core_pure_protocol_vX_X_X_invocations_execution.Root_meta_protocols_pure_vX_X_X_invocation_execution_execute_executePlan_ExecutionPlan_1__ExecutionContext_$0_1$__String_1__Integer_1__Extension_MANY__Result_1_(core_pure_protocol_vX_X_X_invocations_execution.java:738)
	at jdk.internal.reflect.GeneratedMethodAccessor96.invoke(Unknown Source)
	at java.base/jdk.internal.reflect.DelegatingMethodAccessorImpl.invoke(DelegatingMethodAccessorImpl.java:43)
	at java.base/java.lang.reflect.Method.invoke(Method.java:566)
	at org.finos.legend.pure.runtime.java.compiled.metadata.JavaMethodWithParamsSharedPureFunction.execute(JavaMethodWithParamsSharedPureFunction.java:59)
	at org.finos.legend.pure.runtime.java.compiled.generation.processors.support.Pure._evaluateToMany(Pure.java:546)
	at org.finos.legend.pure.generated.CoreGen.evaluateToMany(CoreGen.java:147)
	at org.finos.legend.pure.generated.CoreGen.evaluateToMany(CoreGen.java:134)
	at org.finos.legend.pure.generated.core_pure_router_router_entry$9$1.value(core_pure_router_router_entry.java:318)
	at org.finos.legend.pure.generated.core_pure_router_router_entry$9$1.execute(core_pure_router_router_entry.java:311)
	at org.finos.legend.pure.generated.core_pure_router_router_entry$9$1.execute(core_pure_router_router_entry.java:307)
	at org.finos.legend.pure.runtime.java.compiled.generation.processors.support.Pure.evaluate(Pure.java:485)
	at org.finos.legend.pure.runtime.java.compiled.generation.processors.support.Pure.legendTest(Pure.java:216)
	at org.finos.legend.pure.generated.CoreGen.legendTest(CoreGen.java:61)
	at org.finos.legend.pure.generated.core_pure_router_router_entry$9.valueOf(core_pure_router_router_entry.java:303)
	at org.finos.legend.pure.generated.core_pure_router_router_entry$9.execute(core_pure_router_router_entry.java:298)
	at org.finos.legend.pure.generated.core_pure_router_router_entry$9.execute(core_pure_router_router_entry.java:294)
	at org.finos.legend.pure.runtime.java.compiled.generation.processors.support.Pure.evaluate(Pure.java:485)
	at org.finos.legend.pure.runtime.java.compiled.generation.processors.support.Pure.traceSpan(Pure.java:1482)
	at org.finos.legend.pure.generated.CoreGen.traceSpan(CoreGen.java:203)
	at org.finos.legend.pure.generated.core_pure_router_router_entry.Root_meta_pure_router_executePlan_ExecutionPlan_1__ExecutionContext_1__Extension_MANY__Result_$0_1$_(core_pure_router_router_entry.java:290)
	at org.finos.legend.pure.generated.core_pure_router_router_entry.Root_meta_pure_router_executePlan_ExecutionPlan_1__Extension_MANY__Result_$0_1$_(core_pure_router_router_entry.java:285)
	at org.finos.legend.pure.generated.core_relational_relational_sqlQueryToString_dbTestRunner_executionPlanTestRunner$19.execute(core_relational_relational_sqlQueryToString_dbTestRunner_executionPlanTestRunner.java:305)
	at org.finos.legend.pure.generated.core_relational_relational_sqlQueryToString_dbTestRunner_executionPlanTestRunner.Root_meta_relational_dbTestRunner_executeViaPlan_FunctionDefinition_1__Mapping_1__Database_1__DbTestConfig_1__Extension_MANY__Result_$0_1$_(core_relational_relational_sqlQueryToString_dbTestRunner_executionPlanTestRunner.java:309)
	at org.finos.legend.pure.generated.core_relational_relational_sqlQueryToString_testSuite_selectSubClauses_join.Root_meta_relational_tests_dbSpecificTests_sqlQueryTests_selectSubClauses_join_testSelfJoinOuter_DbTestConfig_1__Boolean_1_(core_relational_relational_sqlQueryToString_testSuite_selectSubClauses_join.java:819)
	at java.base/jdk.internal.reflect.NativeMethodAccessorImpl.invoke0(Native Method)
	at java.base/jdk.internal.reflect.NativeMethodAccessorImpl.invoke(NativeMethodAccessorImpl.java:62)
	at java.base/jdk.internal.reflect.DelegatingMethodAccessorImpl.invoke(DelegatingMethodAccessorImpl.java:43)
	at java.base/java.lang.reflect.Method.invoke(Method.java:566)
	at org.finos.legend.pure.runtime.java.compiled.testHelper.PureTestBuilderCompiled.executeFn(PureTestBuilderCompiled.java:113)
	at org.finos.legend.pure.runtime.java.compiled.testHelper.PureTestBuilderCompiled.lambda$buildSuite$0(PureTestBuilderCompiled.java:79)
	at org.finos.legend.pure.m3.execution.test.PureTestBuilder$PureTestCase.runTest(PureTestBuilder.java:95)
	at junit.framework.TestCase.runBare(TestCase.java:142)
	at org.finos.legend.engine.server.test.shared.Relational_DbSpecific_UsingPureClientTestSuite$2.runTest(Relational_DbSpecific_UsingPureClientTestSuite.java:90)
	at junit.framework.TestCase.runBare(TestCase.java:142)
	at junit.framework.TestResult$1.protect(TestResult.java:122)
	at junit.framework.TestResult.runProtected(TestResult.java:142)
	at junit.framework.TestResult.run(TestResult.java:125)
	at junit.framework.TestCase.run(TestCase.java:130)
	at junit.framework.TestSuite.runTest(TestSuite.java:241)
	at junit.framework.TestSuite.run(TestSuite.java:236)
	at junit.framework.TestSuite.runTest(TestSuite.java:241)
	at junit.framework.TestSuite.run(TestSuite.java:236)
	at junit.framework.TestSuite.runTest(TestSuite.java:241)
	at junit.framework.TestSuite.run(TestSuite.java:236)
	at junit.framework.TestSuite.runTest(TestSuite.java:241)
	at junit.framework.TestSuite.run(TestSuite.java:236)
	at junit.framework.TestSuite.runTest(TestSuite.java:241)
	at junit.framework.TestSuite.run(TestSuite.java:236)
	at junit.extensions.TestDecorator.basicRun(TestDecorator.java:24)
	at junit.extensions.TestSetup$1.protect(TestSetup.java:23)
	at junit.framework.TestResult.runProtected(TestResult.java:142)
	at junit.extensions.TestSetup.run(TestSetup.java:27)
	at org.junit.internal.runners.JUnit38ClassRunner.run(JUnit38ClassRunner.java:90)
	at org.apache.maven.surefire.junit4.JUnit4Provider.execute(JUnit4Provider.java:365)
	at org.apache.maven.surefire.junit4.JUnit4Provider.executeWithRerun(JUnit4Provider.java:273)
	at org.apache.maven.surefire.junit4.JUnit4Provider.executeTestSet(JUnit4Provider.java:238)
	at org.apache.maven.surefire.junit4.JUnit4Provider.invoke(JUnit4Provider.java:159)
	at org.apache.maven.surefire.booter.ForkedBooter.invokeProviderInSameClassLoader(ForkedBooter.java:384)
	at org.apache.maven.surefire.booter.ForkedBooter.runSuitesInProcess(ForkedBooter.java:345)
	at org.apache.maven.surefire.booter.ForkedBooter.execute(ForkedBooter.java:126)
	at org.apache.maven.surefire.booter.ForkedBooter.main(ForkedBooter.java:418)
]]></error>
    <system-out><![CDATA[Running db test selectSubClauses::join::testSelfJoinOuter
{"duration":0.0,"eventType":"EXECUTION_PLAN_EXEC_ERROR","info":{"code":-1,"message":"SnowflakeSQLException: SQL compilation error:\nObject 'PERSONTABLE' does not exist or not authorized.","status":"error","trace":"java.lang.RuntimeException: net.snowflake.client.jdbc.SnowflakeSQLException: SQL compilation error:\nObject 'PERSONTABLE' does not exist or not authorized.\n\tat org.finos.legend.engine.plan.execution.stores.relational.result.SQLExecutionResult.<init>(SQLExecutionResult.java:123)\n\tat org.finos.legend.engine.plan.execution.stores.relational.RelationalExecutor.execute(RelationalExecutor.java:241)\n\tat org.finos.legend.engine.plan.execution.stores.relational.plugin.RelationalExecutionNodeExecutor.visit(RelationalExecutionNodeExecutor.java:238)\n\tat org.finos.legend.engine.plan.execution.stores.relational.plugin.RelationalExecutionNodeExecutor.visit(RelationalExecutionNodeExecutor.java:252)\n\tat org.finos.legend.engine.plan.execution.stores.relational.plugin.RelationalExecutionNodeExecutor.visit(RelationalExecutionNodeExecutor.java:92)\n\tat org.finos.legend.engine.protocol.pure.v1.model.executionPlan.nodes.RelationalTdsInstantiationExecutionNode.accept(RelationalTdsInstantiationExecutionNode.java:22)\n\tat org.finos.legend.engine.plan.execution.stores.relational.RelationalExecutionExtension.lambda$getExtraNodeExecutors$fbe53481$1(RelationalExecutionExtension.java:50)\n\tat org.finos.legend.engine.plan.execution.nodes.ExecutionNodeExecutor.lambda$visit$0(ExecutionNodeExecutor.java:164)\n\tat java.base/java.util.stream.ReferencePipeline$3$1.accept(ReferencePipeline.java:195)\n\tat java.base/java.util.Spliterators$ArraySpliterator.tryAdvance(Spliterators.java:958)\n\tat java.base/java.util.stream.ReferencePipeline.forEachWithCancel(ReferencePipeline.java:127)\n\tat java.base/java.util.stream.AbstractPipeline.copyIntoWithCancel(AbstractPipeline.java:502)\n\tat java.base/java.util.stream.AbstractPipeline.copyInto(AbstractPipeline.java:488)\n\tat java.base/java.util.stream.AbstractPipeline.wrapAndCopyInto(AbstractPipeline.java:474)\n\tat java.base/java.util.stream.FindOps$FindOp.evaluateSequential(FindOps.java:150)\n\tat java.base/java.util.stream.AbstractPipeline.evaluate(AbstractPipeline.java:234)\n\tat java.base/java.util.stream.ReferencePipeline.findFirst(ReferencePipeline.java:543)\n\tat org.finos.legend.engine.plan.execution.nodes.ExecutionNodeExecutor.visit(ExecutionNodeExecutor.java:164)\n\tat org.finos.legend.engine.plan.execution.nodes.ExecutionNodeExecutor.visit(ExecutionNodeExecutor.java:107)\n\tat org.finos.legend.engine.protocol.pure.v1.model.executionPlan.nodes.RelationalTdsInstantiationExecutionNode.accept(RelationalTdsInstantiationExecutionNode.java:22)\n\tat org.finos.legend.engine.plan.execution.PlanExecutor.execute(PlanExecutor.java:238)\n\tat org.finos.legend.engine.plan.execution.PlanExecutor.execute(PlanExecutor.java:225)\n\tat org.finos.legend.engine.plan.execution.api.ExecutePlan.doExecutePlanLegacy(ExecutePlan.java:102)\n\tat org.finos.legend.engine.plan.execution.api.ExecutePlan.doExecutePlan(ExecutePlan.java:84)\n\tat org.finos.legend.engine.plan.execution.api.ExecutePlanLegacy.executePlan(ExecutePlanLegacy.java:56)\n\tat jdk.internal.reflect.GeneratedMethodAccessor100.invoke(Unknown Source)\n\tat java.base/jdk.internal.reflect.DelegatingMethodAccessorImpl.invoke(DelegatingMethodAccessorImpl.java:43)\n\tat java.base/java.lang.reflect.Method.invoke(Method.java:566)\n\tat org.glassfish.jersey.server.model.internal.ResourceMethodInvocationHandlerFactory$1.invoke(ResourceMethodInvocationHandlerFactory.java:81)\n\tat org.glassfish.jersey.server.model.internal.AbstractJavaResourceMethodDispatcher$1.run(AbstractJavaResourceMethodDispatcher.java:144)\n\tat org.glassfish.jersey.server.model.internal.AbstractJavaResourceMethodDispatcher.invoke(AbstractJavaResourceMethodDispatcher.java:161)\n\tat org.glassfish.jersey.server.model.internal.JavaResourceMethodDispatcherProvider$ResponseOutInvoker.doDispatch(JavaResourceMethodDispatcherProvider.java:160)\n\tat org.glassfish.jersey.server.model.internal.AbstractJavaResourceMethodDispatcher.dispatch(AbstractJavaResourceMethodDispatcher.java:99)\n\tat org.glassfish.jersey.server.model.ResourceMethodInvoker.invoke(ResourceMethodInvoker.java:389)\n\tat org.glassfish.jersey.server.model.ResourceMethodInvoker.apply(ResourceMethodInvoker.java:347)\n\tat org.glassfish.jersey.server.model.ResourceMethodInvoker.apply(ResourceMethodInvoker.java:102)\n\tat org.glassfish.jersey.server.ServerRuntime$2.run(ServerRuntime.java:326)\n\tat org.glassfish.jersey.internal.Errors$1.call(Errors.java:271)\n\tat org.glassfish.jersey.internal.Errors$1.call(Errors.java:267)\n\tat org.glassfish.jersey.internal.Errors.process(Errors.java:315)\n\tat org.glassfish.jersey.internal.Errors.process(Errors.java:297)\n\tat org.glassfish.jersey.internal.Errors.process(Errors.java:267)\n\tat org.glassfish.jersey.process.internal.RequestScope.runInScope(RequestScope.java:317)\n\tat org.glassfish.jersey.server.ServerRuntime.process(ServerRuntime.java:305)\n\tat org.glassfish.jersey.server.ApplicationHandler.handle(ApplicationHandler.java:1154)\n\tat org.glassfish.jersey.servlet.WebComponent.serviceImpl(WebComponent.java:473)\n\tat org.glassfish.jersey.servlet.WebComponent.service(WebComponent.java:427)\n\tat org.glassfish.jersey.servlet.ServletContainer.service(ServletContainer.java:388)\n\tat org.glassfish.jersey.servlet.ServletContainer.service(ServletContainer.java:341)\n\tat org.glassfish.jersey.servlet.ServletContainer.service(ServletContainer.java:228)\n\tat org.eclipse.jetty.servlet.ServletHolder.handle(ServletHolder.java:799)\n\tat org.eclipse.jetty.servlet.ServletHandler$ChainEnd.doFilter(ServletHandler.java:1631)\n\tat io.dropwizard.servlets.ThreadNameFilter.doFilter(ThreadNameFilter.java:35)\n\tat org.eclipse.jetty.servlet.FilterHolder.doFilter(FilterHolder.java:193)\n\tat org.eclipse.jetty.servlet.ServletHandler$Chain.doFilter(ServletHandler.java:1601)\n\tat io.dropwizard.jersey.filter.AllowedMethodsFilter.handle(AllowedMethodsFilter.java:45)\n\tat io.dropwizard.jersey.filter.AllowedMethodsFilter.doFilter(AllowedMethodsFilter.java:39)\n\tat org.eclipse.jetty.servlet.FilterHolder.doFilter(FilterHolder.java:193)\n\tat org.eclipse.jetty.servlet.ServletHandler$Chain.doFilter(ServletHandler.java:1601)\n\tat org.finos.legend.server.pac4j.internal.UsernameFilter.doFilter(UsernameFilter.java:51)\n\tat org.eclipse.jetty.servlet.FilterHolder.doFilter(FilterHolder.java:193)\n\tat org.eclipse.jetty.servlet.ServletHandler$Chain.doFilter(ServletHandler.java:1601)\n\tat org.pac4j.j2e.filter.SecurityFilter.lambda$internalFilter$0(SecurityFilter.java:95)\n\tat org.pac4j.core.engine.DefaultSecurityLogic.perform(DefaultSecurityLogic.java:140)\n\tat org.pac4j.j2e.filter.SecurityFilter.internalFilter(SecurityFilter.java:93)\n\tat org.pac4j.j2e.filter.AbstractConfigFilter.doFilter(AbstractConfigFilter.java:81)\n\tat org.eclipse.jetty.servlet.FilterHolder.doFilter(FilterHolder.java:193)\n\tat org.eclipse.jetty.servlet.ServletHandler$Chain.doFilter(ServletHandler.java:1601)\n\tat org.eclipse.jetty.servlet.ServletHandler.doHandle(ServletHandler.java:548)\n\tat org.eclipse.jetty.server.handler.ScopedHandler.nextHandle(ScopedHandler.java:233)\n\tat org.eclipse.jetty.server.session.SessionHandler.doHandle(SessionHandler.java:1624)\n\tat org.eclipse.jetty.server.handler.ScopedHandler.nextHandle(ScopedHandler.java:233)\n\tat org.eclipse.jetty.server.handler.ContextHandler.doHandle(ContextHandler.java:1434)\n\tat org.eclipse.jetty.server.handler.ScopedHandler.nextScope(ScopedHandler.java:188)\n\tat org.eclipse.jetty.servlet.ServletHandler.doScope(ServletHandler.java:501)\n\tat org.eclipse.jetty.server.session.SessionHandler.doScope(SessionHandler.java:1594)\n\tat org.eclipse.jetty.server.handler.ScopedHandler.nextScope(ScopedHandler.java:186)\n\tat org.eclipse.jetty.server.handler.ContextHandler.doScope(ContextHandler.java:1349)\n\tat org.eclipse.jetty.server.handler.ScopedHandler.handle(ScopedHandler.java:141)\n\tat org.eclipse.jetty.server.handler.HandlerWrapper.handle(HandlerWrapper.java:127)\n\tat com.codahale.metrics.jetty9.InstrumentedHandler.handle(InstrumentedHandler.java:313)\n\tat io.dropwizard.jetty.ContextRoutingHandler.handle(ContextRoutingHandler.java:37)\n\tat org.eclipse.jetty.server.handler.gzip.GzipHandler.handle(GzipHandler.java:713)\n\tat io.dropwizard.jetty.BiDiGzipHandler.handle(BiDiGzipHandler.java:67)\n\tat org.eclipse.jetty.server.handler.StatisticsHandler.handle(StatisticsHandler.java:179)\n\tat org.eclipse.jetty.server.handler.HandlerWrapper.handle(HandlerWrapper.java:127)\n\tat org.eclipse.jetty.server.Server.handle(Server.java:516)\n\tat org.eclipse.jetty.server.HttpChannel.lambda$handle$1(HttpChannel.java:400)\n\tat org.eclipse.jetty.server.HttpChannel.dispatch(HttpChannel.java:645)\n\tat org.eclipse.jetty.server.HttpChannel.handle(HttpChannel.java:392)\n\tat org.eclipse.jetty.server.HttpConnection.onFillable(HttpConnection.java:277)\n\tat org.eclipse.jetty.io.AbstractConnection$ReadCallback.succeeded(AbstractConnection.java:311)\n\tat org.eclipse.jetty.io.FillInterest.fillable(FillInterest.java:105)\n\tat org.eclipse.jetty.io.ChannelEndPoint$1.run(ChannelEndPoint.java:104)\n\tat org.eclipse.jetty.util.thread.strategy.EatWhatYouKill.runTask(EatWhatYouKill.java:338)\n\tat org.eclipse.jetty.util.thread.strategy.EatWhatYouKill.doProduce(EatWhatYouKill.java:315)\n\tat org.eclipse.jetty.util.thread.strategy.EatWhatYouKill.tryProduce(EatWhatYouKill.java:173)\n\tat org.eclipse.jetty.util.thread.strategy.EatWhatYouKill.run(EatWhatYouKill.java:131)\n\tat org.eclipse.jetty.util.thread.ReservedThreadExecutor$ReservedThread.run(ReservedThreadExecutor.java:409)\n\tat org.eclipse.jetty.util.thread.QueuedThreadPool.runJob(QueuedThreadPool.java:883)\n\tat org.eclipse.jetty.util.thread.QueuedThreadPool$Runner.run(QueuedThreadPool.java:1034)\n\tat java.base/java.lang.Thread.run(Thread.java:829)\nCaused by: net.snowflake.client.jdbc.SnowflakeSQLException: SQL compilation error:\nObject 'PERSONTABLE' does not exist or not authorized.\n\tat net.snowflake.client.jdbc.SnowflakeUtil.checkErrorAndThrowExceptionSub(SnowflakeUtil.java:127)\n\tat net.snowflake.client.jdbc.SnowflakeUtil.checkErrorAndThrowException(SnowflakeUtil.java:67)\n\tat net.snowflake.client.core.StmtUtil.pollForOutput(StmtUtil.java:442)\n\tat net.snowflake.client.core.StmtUtil.execute(StmtUtil.java:345)\n\tat net.snowflake.client.core.SFStatement.executeHelper(SFStatement.java:486)\n\tat net.snowflake.client.core.SFStatement.executeQueryInternal(SFStatement.java:197)\n\tat net.snowflake.client.core.SFStatement.executeQuery(SFStatement.java:134)\n\tat net.snowflake.client.core.SFStatement.execute(SFStatement.java:743)\n\tat net.snowflake.client.core.SFStatement.execute(SFStatement.java:639)\n\tat net.snowflake.client.jdbc.SnowflakeStatementV1.executeQueryInternal(SnowflakeStatementV1.java:238)\n\tat net.snowflake.client.jdbc.SnowflakeStatementV1.executeQuery(SnowflakeStatementV1.java:133)\n\tat com.zaxxer.hikari.pool.ProxyStatement.executeQuery(ProxyStatement.java:110)\n\tat com.zaxxer.hikari.pool.HikariProxyStatement.executeQuery(HikariProxyStatement.java)\n\tat org.finos.legend.engine.plan.execution.stores.relational.result.SQLExecutionResult.<init>(SQLExecutionResult.java:95)\n\t... 101 more\n"},"mode":"DEV","timeStamp":"2023-02-23 01:31:49.235","user":"_UNKNOWN_"}
| **selectSubClauses::join::testSelfJoinOuter** | failing :x: |
]]></system-out>
  </testcase>
  <testcase name="testSimpleLimit[Snowflake]" classname="org.finos.legend.engine.server.test.shared.Relational_DbSpecific_UsingPureClientTestSuite$2" time="1.636">
    <error message="Assert failure at (resource:/platform/pure/basics/tests/assertEq.pure line:34 column:5), &quot;500 &apos;{&quot;code&quot;:-1,&quot;message&quot;:&quot;SnowflakeSQLException: SQL compilation error:&#10;Object &apos;PERSONTABLE&apos; does not exist or not authorized.&quot;,&quot;status&quot;:&quot;error&quot;,&quot;trace&quot;:&quot;java.lang.RuntimeException: net.snowflake.client.jdbc.SnowflakeSQLException: SQL compilation error:&#10;Object &apos;PERSONTABLE&apos; does not exist or not authorized.&#10;at org.finos.legend.engine.plan.execution.stores.relational.result.SQLExecutionResult.&lt;init&gt;(SQLExecutionResult.java:123)&#10;at org.finos.legend.engine.plan.execution.stores.relational.RelationalExecutor.execute(RelationalExecutor.java:241)&#10;at org.finos.legend.engine.plan.execution.stores.relational.plugin.RelationalExecutionNodeExecutor.visit(RelationalExecutionNodeExecutor.java:238)&#10;at org.finos.legend.engine.plan.execution.stores.relational.plugin.RelationalExecutionNodeExecutor.visit(RelationalExecutionNodeExecutor.java:292)&#10;at org.finos.legend.engine.plan.execution.stores.relational.plugin.RelationalExecutionNodeExecutor.visit(RelationalExecutionNodeExecutor.java:92)&#10;at org.finos.legend.engine.protocol.pure.v1.model.executionPlan.nodes.RelationalClassInstantiationExecutionNode.accept(RelationalClassInstantiationExecutionNode.java:22)&#10;at org.finos.legend.engine.plan.execution.stores.relational.RelationalExecutionExtension.lambda$getExtraNodeExecutors$fbe53481$1(RelationalExecutionExtension.java:50)&#10;at org.finos.legend.engine.plan.execution.nodes.ExecutionNodeExecutor.lambda$visit$0(ExecutionNodeExecutor.java:164)&#10;at java.base/java.util.stream.ReferencePipeline$3$1.accept(ReferencePipeline.java:195)&#10;at java.base/java.util.Spliterators$ArraySpliterator.tryAdvance(Spliterators.java:958)&#10;at java.base/java.util.stream.ReferencePipeline.forEachWithCancel(ReferencePipeline.java:127)&#10;at java.base/java.util.stream.AbstractPipeline.copyIntoWithCancel(AbstractPipeline.java:502)&#10;at java.base/java.util.stream.AbstractPipeline.copyInto(AbstractPipeline.java:488)&#10;at java.base/java.util.stream.AbstractPipeline.wrapAndCopyInto(AbstractPipeline.java:474)&#10;at java.base/java.util.stream.FindOps$FindOp.evaluateSequential(FindOps.java:150)&#10;at java.base/java.util.stream.AbstractPipeline.evaluate(AbstractPipeline.java:234)&#10;at java.base/java.util.stream.ReferencePipeline.findFirst(ReferencePipeline.java:543)&#10;at org.finos.legend.engine.plan.execution.nodes.ExecutionNodeExecutor.visit(ExecutionNodeExecutor.java:164)&#10;at org.finos.legend.engine.plan.execution.nodes.ExecutionNodeExecutor.visit(ExecutionNodeExecutor.java:107)&#10;at org.finos.legend.engine.protocol.pure.v1.model.executionPlan.nodes.RelationalClassInstantiationExecutionNode.accept(RelationalClassInstantiationExecutionNode.java:22)&#10;at org.finos.legend.engine.plan.execution.PlanExecutor.execute(PlanExecutor.java:238)&#10;at org.finos.legend.engine.plan.execution.PlanExecutor.execute(PlanExecutor.java:225)&#10;at org.finos.legend.engine.plan.execution.api.ExecutePlan.doExecutePlanLegacy(ExecutePlan.java:102)&#10;at org.finos.legend.engine.plan.execution.api.ExecutePlan.doExecutePlan(ExecutePlan.java:84)&#10;at org.finos.legend.engine.plan.execution.api.ExecutePlanLegacy.executePlan(ExecutePlanLegacy.java:56)&#10;at jdk.internal.reflect.GeneratedMethodAccessor100.invoke(Unknown Source)&#10;at java.base/jdk.internal.reflect.DelegatingMethodAccessorImpl.invoke(DelegatingMethodAccessorImpl.java:43)&#10;at java.base/java.lang.reflect.Method.invoke(Method.java:566)&#10;at org.glassfish.jersey.server.model.internal.ResourceMethodInvocationHandlerFactory$1.invoke(ResourceMethodInvocationHandlerFactory.java:81)&#10;at org.glassfish.jersey.server.model.internal.AbstractJavaResourceMethodDispatcher$1.run(AbstractJavaResourceMethodDispatcher.java:144)&#10;at org.glassfish.jersey.server.model.internal.AbstractJavaResourceMethodDispatcher.invoke(AbstractJavaResourceMethodDispatcher.java:161)&#10;at org.glassfish.jersey.server.model.internal.JavaResourceMethodDispatcherProvider$ResponseOutInvoker.doDispatch(JavaResourceMethodDispatcherProvider.java:160)&#10;at org.glassfish.jersey.server.model.internal.AbstractJavaResourceMethodDispatcher.dispatch(AbstractJavaResourceMethodDispatcher.java:99)&#10;at org.glassfish.jersey.server.model.ResourceMethodInvoker.invoke(ResourceMethodInvoker.java:389)&#10;at org.glassfish.jersey.server.model.ResourceMethodInvoker.apply(ResourceMethodInvoker.java:347)&#10;at org.glassfish.jersey.server.model.ResourceMethodInvoker.apply(ResourceMethodInvoker.java:102)&#10;at org.glassfish.jersey.server.ServerRuntime$2.run(ServerRuntime.java:326)&#10;at org.glassfish.jersey.internal.Errors$1.call(Errors.java:271)&#10;at org.glassfish.jersey.internal.Errors$1.call(Errors.java:267)&#10;at org.glassfish.jersey.internal.Errors.process(Errors.java:315)&#10;at org.glassfish.jersey.internal.Errors.process(Errors.java:297)&#10;at org.glassfish.jersey.internal.Errors.process(Errors.java:267)&#10;at org.glassfish.jersey.process.internal.RequestScope.runInScope(RequestScope.java:317)&#10;at org.glassfish.jersey.server.ServerRuntime.process(ServerRuntime.java:305)&#10;at org.glassfish.jersey.server.ApplicationHandler.handle(ApplicationHandler.java:1154)&#10;at org.glassfish.jersey.servlet.WebComponent.serviceImpl(WebComponent.java:473)&#10;at org.glassfish.jersey.servlet.WebComponent.service(WebComponent.java:427)&#10;at org.glassfish.jersey.servlet.ServletContainer.service(ServletContainer.java:388)&#10;at org.glassfish.jersey.servlet.ServletContainer.service(ServletContainer.java:341)&#10;at org.glassfish.jersey.servlet.ServletContainer.service(ServletContainer.java:228)&#10;at org.eclipse.jetty.servlet.ServletHolder.handle(ServletHolder.java:799)&#10;at org.eclipse.jetty.servlet.ServletHandler$ChainEnd.doFilter(ServletHandler.java:1631)&#10;at io.dropwizard.servlets.ThreadNameFilter.doFilter(ThreadNameFilter.java:35)&#10;at org.eclipse.jetty.servlet.FilterHolder.doFilter(FilterHolder.java:193)&#10;at org.eclipse.jetty.servlet.ServletHandler$Chain.doFilter(ServletHandler.java:1601)&#10;at io.dropwizard.jersey.filter.AllowedMethodsFilter.handle(AllowedMethodsFilter.java:45)&#10;at io.dropwizard.jersey.filter.AllowedMethodsFilter.doFilter(AllowedMethodsFilter.java:39)&#10;at org.eclipse.jetty.servlet.FilterHolder.doFilter(FilterHolder.java:193)&#10;at org.eclipse.jetty.servlet.ServletHandler$Chain.doFilter(ServletHandler.java:1601)&#10;at org.finos.legend.server.pac4j.internal.UsernameFilter.doFilter(UsernameFilter.java:51)&#10;at org.eclipse.jetty.servlet.FilterHolder.doFilter(FilterHolder.java:193)&#10;at org.eclipse.jetty.servlet.ServletHandler$Chain.doFilter(ServletHandler.java:1601)&#10;at org.pac4j.j2e.filter.SecurityFilter.lambda$internalFilter$0(SecurityFilter.java:95)&#10;at org.pac4j.core.engine.DefaultSecurityLogic.perform(DefaultSecurityLogic.java:140)&#10;at org.pac4j.j2e.filter.SecurityFilter.internalFilter(SecurityFilter.java:93)&#10;at org.pac4j.j2e.filter.AbstractConfigFilter.doFilter(AbstractConfigFilter.java:81)&#10;at org.eclipse.jetty.servlet.FilterHolder.doFilter(FilterHolder.java:193)&#10;at org.eclipse.jetty.servlet.ServletHandler$Chain.doFilter(ServletHandler.java:1601)&#10;at org.eclipse.jetty.servlet.ServletHandler.doHandle(ServletHandler.java:548)&#10;at org.eclipse.jetty.server.handler.ScopedHandler.nextHandle(ScopedHandler.java:233)&#10;at org.eclipse.jetty.server.session.SessionHandler.doHandle(SessionHandler.java:1624)&#10;at org.eclipse.jetty.server.handler.ScopedHandler.nextHandle(ScopedHandler.java:233)&#10;at org.eclipse.jetty.server.handler.ContextHandler.doHandle(ContextHandler.java:1434)&#10;at org.eclipse.jetty.server.handler.ScopedHandler.nextScope(ScopedHandler.java:188)&#10;at org.eclipse.jetty.servlet.ServletHandler.doScope(ServletHandler.java:501)&#10;at org.eclipse.jetty.server.session.SessionHandler.doScope(SessionHandler.java:1594)&#10;at org.eclipse.jetty.server.handler.ScopedHandler.nextScope(ScopedHandler.java:186)&#10;at org.eclipse.jetty.server.handler.ContextHandler.doScope(ContextHandler.java:1349)&#10;at org.eclipse.jetty.server.handler.ScopedHandler.handle(ScopedHandler.java:141)&#10;at org.eclipse.jetty.server.handler.HandlerWrapper.handle(HandlerWrapper.java:127)&#10;at com.codahale.metrics.jetty9.InstrumentedHandler.handle(InstrumentedHandler.java:313)&#10;at io.dropwizard.jetty.ContextRoutingHandler.handle(ContextRoutingHandler.java:37)&#10;at org.eclipse.jetty.server.handler.gzip.GzipHandler.handle(GzipHandler.java:713)&#10;at io.dropwizard.jetty.BiDiGzipHandler.handle(BiDiGzipHandler.java:67)&#10;at org.eclipse.jetty.server.handler.StatisticsHandler.handle(StatisticsHandler.java:179)&#10;at org.eclipse.jetty.server.handler.HandlerWrapper.handle(HandlerWrapper.java:127)&#10;at org.eclipse.jetty.server.Server.handle(Server.java:516)&#10;at org.eclipse.jetty.server.HttpChannel.lambda$handle$1(HttpChannel.java:400)&#10;at org.eclipse.jetty.server.HttpChannel.dispatch(HttpChannel.java:645)&#10;at org.eclipse.jetty.server.HttpChannel.handle(HttpChannel.java:392)&#10;at org.eclipse.jetty.server.HttpConnection.onFillable(HttpConnection.java:277)&#10;at org.eclipse.jetty.io.AbstractConnection$ReadCallback.succeeded(AbstractConnection.java:311)&#10;at org.eclipse.jetty.io.FillInterest.fillable(FillInterest.java:105)&#10;at org.eclipse.jetty.io.ChannelEndPoint$1.run(ChannelEndPoint.java:104)&#10;at org.eclipse.jetty.util.thread.strategy.EatWhatYouKill.runTask(EatWhatYouKill.java:338)&#10;at org.eclipse.jetty.util.thread.strategy.EatWhatYouKill.doProduce(EatWhatYouKill.java:315)&#10;at org.eclipse.jetty.util.thread.strategy.EatWhatYouKill.tryProduce(EatWhatYouKill.java:173)&#10;at org.eclipse.jetty.util.thread.strategy.EatWhatYouKill.run(EatWhatYouKill.java:131)&#10;at org.eclipse.jetty.util.thread.ReservedThreadExecutor$ReservedThread.run(ReservedThreadExecutor.java:409)&#10;at org.eclipse.jetty.util.thread.QueuedThreadPool.runJob(QueuedThreadPool.java:883)&#10;at org.eclipse.jetty.util.thread.QueuedThreadPool$Runner.run(QueuedThreadPool.java:1034)&#10;at java.base/java.lang.Thread.run(Thread.java:829)&#10;Caused by: net.snowflake.client.jdbc.SnowflakeSQLException: SQL compilation error:&#10;Object &apos;PERSONTABLE&apos; does not exist or not authorized.&#10;at net.snowflake.client.jdbc.SnowflakeUtil.checkErrorAndThrowExceptionSub(SnowflakeUtil.java:127)&#10;at net.snowflake.client.jdbc.SnowflakeUtil.checkErrorAndThrowException(SnowflakeUtil.java:67)&#10;at net.snowflake.client.core.StmtUtil.pollForOutput(StmtUtil.java:442)&#10;at net.snowflake.client.core.StmtUtil.execute(StmtUtil.java:345)&#10;at net.snowflake.client.core.SFStatement.executeHelper(SFStatement.java:486)&#10;at net.snowflake.client.core.SFStatement.executeQueryInternal(SFStatement.java:197)&#10;at net.snowflake.client.core.SFStatement.executeQuery(SFStatement.java:134)&#10;at net.snowflake.client.core.SFStatement.execute(SFStatement.java:743)&#10;at net.snowflake.client.core.SFStatement.execute(SFStatement.java:639)&#10;at net.snowflake.client.jdbc.SnowflakeStatementV1.executeQueryInternal(SnowflakeStatementV1.java:238)&#10;at net.snowflake.client.jdbc.SnowflakeStatementV1.executeQuery(SnowflakeStatementV1.java:133)&#10;at com.zaxxer.hikari.pool.ProxyStatement.executeQuery(ProxyStatement.java:110)&#10;at com.zaxxer.hikari.pool.HikariProxyStatement.executeQuery(HikariProxyStatement.java)&#10;at org.finos.legend.engine.plan.execution.stores.relational.result.SQLExecutionResult.&lt;init&gt;(SQLExecutionResult.java:95)&#10;... 101 more&#10;&quot;}&apos;&quot;" type="Assert failure at (resource"><![CDATA[Assert failure at (resource:/platform/pure/basics/tests/assertEq.pure line:34 column:5), "500 '{"code":-1,"message":"SnowflakeSQLException: SQL compilation error:
Object 'PERSONTABLE' does not exist or not authorized.","status":"error","trace":"java.lang.RuntimeException: net.snowflake.client.jdbc.SnowflakeSQLException: SQL compilation error:
Object 'PERSONTABLE' does not exist or not authorized.
at org.finos.legend.engine.plan.execution.stores.relational.result.SQLExecutionResult.<init>(SQLExecutionResult.java:123)
at org.finos.legend.engine.plan.execution.stores.relational.RelationalExecutor.execute(RelationalExecutor.java:241)
at org.finos.legend.engine.plan.execution.stores.relational.plugin.RelationalExecutionNodeExecutor.visit(RelationalExecutionNodeExecutor.java:238)
at org.finos.legend.engine.plan.execution.stores.relational.plugin.RelationalExecutionNodeExecutor.visit(RelationalExecutionNodeExecutor.java:292)
at org.finos.legend.engine.plan.execution.stores.relational.plugin.RelationalExecutionNodeExecutor.visit(RelationalExecutionNodeExecutor.java:92)
at org.finos.legend.engine.protocol.pure.v1.model.executionPlan.nodes.RelationalClassInstantiationExecutionNode.accept(RelationalClassInstantiationExecutionNode.java:22)
at org.finos.legend.engine.plan.execution.stores.relational.RelationalExecutionExtension.lambda$getExtraNodeExecutors$fbe53481$1(RelationalExecutionExtension.java:50)
at org.finos.legend.engine.plan.execution.nodes.ExecutionNodeExecutor.lambda$visit$0(ExecutionNodeExecutor.java:164)
at java.base/java.util.stream.ReferencePipeline$3$1.accept(ReferencePipeline.java:195)
at java.base/java.util.Spliterators$ArraySpliterator.tryAdvance(Spliterators.java:958)
at java.base/java.util.stream.ReferencePipeline.forEachWithCancel(ReferencePipeline.java:127)
at java.base/java.util.stream.AbstractPipeline.copyIntoWithCancel(AbstractPipeline.java:502)
at java.base/java.util.stream.AbstractPipeline.copyInto(AbstractPipeline.java:488)
at java.base/java.util.stream.AbstractPipeline.wrapAndCopyInto(AbstractPipeline.java:474)
at java.base/java.util.stream.FindOps$FindOp.evaluateSequential(FindOps.java:150)
at java.base/java.util.stream.AbstractPipeline.evaluate(AbstractPipeline.java:234)
at java.base/java.util.stream.ReferencePipeline.findFirst(ReferencePipeline.java:543)
at org.finos.legend.engine.plan.execution.nodes.ExecutionNodeExecutor.visit(ExecutionNodeExecutor.java:164)
at org.finos.legend.engine.plan.execution.nodes.ExecutionNodeExecutor.visit(ExecutionNodeExecutor.java:107)
at org.finos.legend.engine.protocol.pure.v1.model.executionPlan.nodes.RelationalClassInstantiationExecutionNode.accept(RelationalClassInstantiationExecutionNode.java:22)
at org.finos.legend.engine.plan.execution.PlanExecutor.execute(PlanExecutor.java:238)
at org.finos.legend.engine.plan.execution.PlanExecutor.execute(PlanExecutor.java:225)
at org.finos.legend.engine.plan.execution.api.ExecutePlan.doExecutePlanLegacy(ExecutePlan.java:102)
at org.finos.legend.engine.plan.execution.api.ExecutePlan.doExecutePlan(ExecutePlan.java:84)
at org.finos.legend.engine.plan.execution.api.ExecutePlanLegacy.executePlan(ExecutePlanLegacy.java:56)
at jdk.internal.reflect.GeneratedMethodAccessor100.invoke(Unknown Source)
at java.base/jdk.internal.reflect.DelegatingMethodAccessorImpl.invoke(DelegatingMethodAccessorImpl.java:43)
at java.base/java.lang.reflect.Method.invoke(Method.java:566)
at org.glassfish.jersey.server.model.internal.ResourceMethodInvocationHandlerFactory$1.invoke(ResourceMethodInvocationHandlerFactory.java:81)
at org.glassfish.jersey.server.model.internal.AbstractJavaResourceMethodDispatcher$1.run(AbstractJavaResourceMethodDispatcher.java:144)
at org.glassfish.jersey.server.model.internal.AbstractJavaResourceMethodDispatcher.invoke(AbstractJavaResourceMethodDispatcher.java:161)
at org.glassfish.jersey.server.model.internal.JavaResourceMethodDispatcherProvider$ResponseOutInvoker.doDispatch(JavaResourceMethodDispatcherProvider.java:160)
at org.glassfish.jersey.server.model.internal.AbstractJavaResourceMethodDispatcher.dispatch(AbstractJavaResourceMethodDispatcher.java:99)
at org.glassfish.jersey.server.model.ResourceMethodInvoker.invoke(ResourceMethodInvoker.java:389)
at org.glassfish.jersey.server.model.ResourceMethodInvoker.apply(ResourceMethodInvoker.java:347)
at org.glassfish.jersey.server.model.ResourceMethodInvoker.apply(ResourceMethodInvoker.java:102)
at org.glassfish.jersey.server.ServerRuntime$2.run(ServerRuntime.java:326)
at org.glassfish.jersey.internal.Errors$1.call(Errors.java:271)
at org.glassfish.jersey.internal.Errors$1.call(Errors.java:267)
at org.glassfish.jersey.internal.Errors.process(Errors.java:315)
at org.glassfish.jersey.internal.Errors.process(Errors.java:297)
at org.glassfish.jersey.internal.Errors.process(Errors.java:267)
at org.glassfish.jersey.process.internal.RequestScope.runInScope(RequestScope.java:317)
at org.glassfish.jersey.server.ServerRuntime.process(ServerRuntime.java:305)
at org.glassfish.jersey.server.ApplicationHandler.handle(ApplicationHandler.java:1154)
at org.glassfish.jersey.servlet.WebComponent.serviceImpl(WebComponent.java:473)
at org.glassfish.jersey.servlet.WebComponent.service(WebComponent.java:427)
at org.glassfish.jersey.servlet.ServletContainer.service(ServletContainer.java:388)
at org.glassfish.jersey.servlet.ServletContainer.service(ServletContainer.java:341)
at org.glassfish.jersey.servlet.ServletContainer.service(ServletContainer.java:228)
at org.eclipse.jetty.servlet.ServletHolder.handle(ServletHolder.java:799)
at org.eclipse.jetty.servlet.ServletHandler$ChainEnd.doFilter(ServletHandler.java:1631)
at io.dropwizard.servlets.ThreadNameFilter.doFilter(ThreadNameFilter.java:35)
at org.eclipse.jetty.servlet.FilterHolder.doFilter(FilterHolder.java:193)
at org.eclipse.jetty.servlet.ServletHandler$Chain.doFilter(ServletHandler.java:1601)
at io.dropwizard.jersey.filter.AllowedMethodsFilter.handle(AllowedMethodsFilter.java:45)
at io.dropwizard.jersey.filter.AllowedMethodsFilter.doFilter(AllowedMethodsFilter.java:39)
at org.eclipse.jetty.servlet.FilterHolder.doFilter(FilterHolder.java:193)
at org.eclipse.jetty.servlet.ServletHandler$Chain.doFilter(ServletHandler.java:1601)
at org.finos.legend.server.pac4j.internal.UsernameFilter.doFilter(UsernameFilter.java:51)
at org.eclipse.jetty.servlet.FilterHolder.doFilter(FilterHolder.java:193)
at org.eclipse.jetty.servlet.ServletHandler$Chain.doFilter(ServletHandler.java:1601)
at org.pac4j.j2e.filter.SecurityFilter.lambda$internalFilter$0(SecurityFilter.java:95)
at org.pac4j.core.engine.DefaultSecurityLogic.perform(DefaultSecurityLogic.java:140)
at org.pac4j.j2e.filter.SecurityFilter.internalFilter(SecurityFilter.java:93)
at org.pac4j.j2e.filter.AbstractConfigFilter.doFilter(AbstractConfigFilter.java:81)
at org.eclipse.jetty.servlet.FilterHolder.doFilter(FilterHolder.java:193)
at org.eclipse.jetty.servlet.ServletHandler$Chain.doFilter(ServletHandler.java:1601)
at org.eclipse.jetty.servlet.ServletHandler.doHandle(ServletHandler.java:548)
at org.eclipse.jetty.server.handler.ScopedHandler.nextHandle(ScopedHandler.java:233)
at org.eclipse.jetty.server.session.SessionHandler.doHandle(SessionHandler.java:1624)
at org.eclipse.jetty.server.handler.ScopedHandler.nextHandle(ScopedHandler.java:233)
at org.eclipse.jetty.server.handler.ContextHandler.doHandle(ContextHandler.java:1434)
at org.eclipse.jetty.server.handler.ScopedHandler.nextScope(ScopedHandler.java:188)
at org.eclipse.jetty.servlet.ServletHandler.doScope(ServletHandler.java:501)
at org.eclipse.jetty.server.session.SessionHandler.doScope(SessionHandler.java:1594)
at org.eclipse.jetty.server.handler.ScopedHandler.nextScope(ScopedHandler.java:186)
at org.eclipse.jetty.server.handler.ContextHandler.doScope(ContextHandler.java:1349)
at org.eclipse.jetty.server.handler.ScopedHandler.handle(ScopedHandler.java:141)
at org.eclipse.jetty.server.handler.HandlerWrapper.handle(HandlerWrapper.java:127)
at com.codahale.metrics.jetty9.InstrumentedHandler.handle(InstrumentedHandler.java:313)
at io.dropwizard.jetty.ContextRoutingHandler.handle(ContextRoutingHandler.java:37)
at org.eclipse.jetty.server.handler.gzip.GzipHandler.handle(GzipHandler.java:713)
at io.dropwizard.jetty.BiDiGzipHandler.handle(BiDiGzipHandler.java:67)
at org.eclipse.jetty.server.handler.StatisticsHandler.handle(StatisticsHandler.java:179)
at org.eclipse.jetty.server.handler.HandlerWrapper.handle(HandlerWrapper.java:127)
at org.eclipse.jetty.server.Server.handle(Server.java:516)
at org.eclipse.jetty.server.HttpChannel.lambda$handle$1(HttpChannel.java:400)
at org.eclipse.jetty.server.HttpChannel.dispatch(HttpChannel.java:645)
at org.eclipse.jetty.server.HttpChannel.handle(HttpChannel.java:392)
at org.eclipse.jetty.server.HttpConnection.onFillable(HttpConnection.java:277)
at org.eclipse.jetty.io.AbstractConnection$ReadCallback.succeeded(AbstractConnection.java:311)
at org.eclipse.jetty.io.FillInterest.fillable(FillInterest.java:105)
at org.eclipse.jetty.io.ChannelEndPoint$1.run(ChannelEndPoint.java:104)
at org.eclipse.jetty.util.thread.strategy.EatWhatYouKill.runTask(EatWhatYouKill.java:338)
at org.eclipse.jetty.util.thread.strategy.EatWhatYouKill.doProduce(EatWhatYouKill.java:315)
at org.eclipse.jetty.util.thread.strategy.EatWhatYouKill.tryProduce(EatWhatYouKill.java:173)
at org.eclipse.jetty.util.thread.strategy.EatWhatYouKill.run(EatWhatYouKill.java:131)
at org.eclipse.jetty.util.thread.ReservedThreadExecutor$ReservedThread.run(ReservedThreadExecutor.java:409)
at org.eclipse.jetty.util.thread.QueuedThreadPool.runJob(QueuedThreadPool.java:883)
at org.eclipse.jetty.util.thread.QueuedThreadPool$Runner.run(QueuedThreadPool.java:1034)
at java.base/java.lang.Thread.run(Thread.java:829)
Caused by: net.snowflake.client.jdbc.SnowflakeSQLException: SQL compilation error:
Object 'PERSONTABLE' does not exist or not authorized.
at net.snowflake.client.jdbc.SnowflakeUtil.checkErrorAndThrowExceptionSub(SnowflakeUtil.java:127)
at net.snowflake.client.jdbc.SnowflakeUtil.checkErrorAndThrowException(SnowflakeUtil.java:67)
at net.snowflake.client.core.StmtUtil.pollForOutput(StmtUtil.java:442)
at net.snowflake.client.core.StmtUtil.execute(StmtUtil.java:345)
at net.snowflake.client.core.SFStatement.executeHelper(SFStatement.java:486)
at net.snowflake.client.core.SFStatement.executeQueryInternal(SFStatement.java:197)
at net.snowflake.client.core.SFStatement.executeQuery(SFStatement.java:134)
at net.snowflake.client.core.SFStatement.execute(SFStatement.java:743)
at net.snowflake.client.core.SFStatement.execute(SFStatement.java:639)
at net.snowflake.client.jdbc.SnowflakeStatementV1.executeQueryInternal(SnowflakeStatementV1.java:238)
at net.snowflake.client.jdbc.SnowflakeStatementV1.executeQuery(SnowflakeStatementV1.java:133)
at com.zaxxer.hikari.pool.ProxyStatement.executeQuery(ProxyStatement.java:110)
at com.zaxxer.hikari.pool.HikariProxyStatement.executeQuery(HikariProxyStatement.java)
at org.finos.legend.engine.plan.execution.stores.relational.result.SQLExecutionResult.<init>(SQLExecutionResult.java:95)
... 101 more
"}'"
	at org.finos.legend.pure.runtime.java.compiled.generation.processors.support.CompiledSupport.pureAssert(CompiledSupport.java:1994)
	at org.finos.legend.pure.generated.platform_pure_basics_tests_assertEq.Root_meta_pure_functions_asserts_assertEq_Any_1__Any_1__Function_1__Boolean_1_(platform_pure_basics_tests_assertEq.java:44)
	at org.finos.legend.pure.generated.core_pure_protocol_vX_X_X_invocations_execution.Root_meta_protocols_pure_vX_X_X_invocation_execution_execute_executePlan_String_1__String_1__Integer_1__String_1_(core_pure_protocol_vX_X_X_invocations_execution.java:751)
	at org.finos.legend.pure.generated.core_pure_protocol_vX_X_X_invocations_execution.Root_meta_protocols_pure_vX_X_X_invocation_execution_execute_executePlan_ExecutionPlan_1__String_1__Integer_1__Extension_MANY__String_1_(core_pure_protocol_vX_X_X_invocations_execution.java:745)
	at org.finos.legend.pure.generated.core_pure_protocol_vX_X_X_invocations_execution.Root_meta_protocols_pure_vX_X_X_invocation_execution_execute_executePlan_ExecutionPlan_1__ExecutionContext_$0_1$__String_1__Integer_1__Extension_MANY__Result_1_(core_pure_protocol_vX_X_X_invocations_execution.java:738)
	at jdk.internal.reflect.GeneratedMethodAccessor96.invoke(Unknown Source)
	at java.base/jdk.internal.reflect.DelegatingMethodAccessorImpl.invoke(DelegatingMethodAccessorImpl.java:43)
	at java.base/java.lang.reflect.Method.invoke(Method.java:566)
	at org.finos.legend.pure.runtime.java.compiled.metadata.JavaMethodWithParamsSharedPureFunction.execute(JavaMethodWithParamsSharedPureFunction.java:59)
	at org.finos.legend.pure.runtime.java.compiled.generation.processors.support.Pure._evaluateToMany(Pure.java:546)
	at org.finos.legend.pure.generated.CoreGen.evaluateToMany(CoreGen.java:147)
	at org.finos.legend.pure.generated.CoreGen.evaluateToMany(CoreGen.java:134)
	at org.finos.legend.pure.generated.core_pure_router_router_entry$9$1.value(core_pure_router_router_entry.java:318)
	at org.finos.legend.pure.generated.core_pure_router_router_entry$9$1.execute(core_pure_router_router_entry.java:311)
	at org.finos.legend.pure.generated.core_pure_router_router_entry$9$1.execute(core_pure_router_router_entry.java:307)
	at org.finos.legend.pure.runtime.java.compiled.generation.processors.support.Pure.evaluate(Pure.java:485)
	at org.finos.legend.pure.runtime.java.compiled.generation.processors.support.Pure.legendTest(Pure.java:216)
	at org.finos.legend.pure.generated.CoreGen.legendTest(CoreGen.java:61)
	at org.finos.legend.pure.generated.core_pure_router_router_entry$9.valueOf(core_pure_router_router_entry.java:303)
	at org.finos.legend.pure.generated.core_pure_router_router_entry$9.execute(core_pure_router_router_entry.java:298)
	at org.finos.legend.pure.generated.core_pure_router_router_entry$9.execute(core_pure_router_router_entry.java:294)
	at org.finos.legend.pure.runtime.java.compiled.generation.processors.support.Pure.evaluate(Pure.java:485)
	at org.finos.legend.pure.runtime.java.compiled.generation.processors.support.Pure.traceSpan(Pure.java:1482)
	at org.finos.legend.pure.generated.CoreGen.traceSpan(CoreGen.java:203)
	at org.finos.legend.pure.generated.core_pure_router_router_entry.Root_meta_pure_router_executePlan_ExecutionPlan_1__ExecutionContext_1__Extension_MANY__Result_$0_1$_(core_pure_router_router_entry.java:290)
	at org.finos.legend.pure.generated.core_pure_router_router_entry.Root_meta_pure_router_executePlan_ExecutionPlan_1__Extension_MANY__Result_$0_1$_(core_pure_router_router_entry.java:285)
	at org.finos.legend.pure.generated.core_relational_relational_sqlQueryToString_dbTestRunner_executionPlanTestRunner$19.execute(core_relational_relational_sqlQueryToString_dbTestRunner_executionPlanTestRunner.java:305)
	at org.finos.legend.pure.generated.core_relational_relational_sqlQueryToString_dbTestRunner_executionPlanTestRunner.Root_meta_relational_dbTestRunner_executeViaPlan_FunctionDefinition_1__Mapping_1__Database_1__DbTestConfig_1__Extension_MANY__Result_$0_1$_(core_relational_relational_sqlQueryToString_dbTestRunner_executionPlanTestRunner.java:309)
	at org.finos.legend.pure.generated.core_relational_relational_sqlQueryToString_testSuite_selectSubClauses_range.Root_meta_relational_tests_dbSpecificTests_sqlQueryTests_selectSubClauses_limit_testSimpleLimit_DbTestConfig_1__Boolean_1_(core_relational_relational_sqlQueryToString_testSuite_selectSubClauses_range.java:587)
	at java.base/jdk.internal.reflect.NativeMethodAccessorImpl.invoke0(Native Method)
	at java.base/jdk.internal.reflect.NativeMethodAccessorImpl.invoke(NativeMethodAccessorImpl.java:62)
	at java.base/jdk.internal.reflect.DelegatingMethodAccessorImpl.invoke(DelegatingMethodAccessorImpl.java:43)
	at java.base/java.lang.reflect.Method.invoke(Method.java:566)
	at org.finos.legend.pure.runtime.java.compiled.testHelper.PureTestBuilderCompiled.executeFn(PureTestBuilderCompiled.java:113)
	at org.finos.legend.pure.runtime.java.compiled.testHelper.PureTestBuilderCompiled.lambda$buildSuite$0(PureTestBuilderCompiled.java:79)
	at org.finos.legend.pure.m3.execution.test.PureTestBuilder$PureTestCase.runTest(PureTestBuilder.java:95)
	at junit.framework.TestCase.runBare(TestCase.java:142)
	at org.finos.legend.engine.server.test.shared.Relational_DbSpecific_UsingPureClientTestSuite$2.runTest(Relational_DbSpecific_UsingPureClientTestSuite.java:90)
	at junit.framework.TestCase.runBare(TestCase.java:142)
	at junit.framework.TestResult$1.protect(TestResult.java:122)
	at junit.framework.TestResult.runProtected(TestResult.java:142)
	at junit.framework.TestResult.run(TestResult.java:125)
	at junit.framework.TestCase.run(TestCase.java:130)
	at junit.framework.TestSuite.runTest(TestSuite.java:241)
	at junit.framework.TestSuite.run(TestSuite.java:236)
	at junit.framework.TestSuite.runTest(TestSuite.java:241)
	at junit.framework.TestSuite.run(TestSuite.java:236)
	at junit.framework.TestSuite.runTest(TestSuite.java:241)
	at junit.framework.TestSuite.run(TestSuite.java:236)
	at junit.framework.TestSuite.runTest(TestSuite.java:241)
	at junit.framework.TestSuite.run(TestSuite.java:236)
	at junit.framework.TestSuite.runTest(TestSuite.java:241)
	at junit.framework.TestSuite.run(TestSuite.java:236)
	at junit.extensions.TestDecorator.basicRun(TestDecorator.java:24)
	at junit.extensions.TestSetup$1.protect(TestSetup.java:23)
	at junit.framework.TestResult.runProtected(TestResult.java:142)
	at junit.extensions.TestSetup.run(TestSetup.java:27)
	at org.junit.internal.runners.JUnit38ClassRunner.run(JUnit38ClassRunner.java:90)
	at org.apache.maven.surefire.junit4.JUnit4Provider.execute(JUnit4Provider.java:365)
	at org.apache.maven.surefire.junit4.JUnit4Provider.executeWithRerun(JUnit4Provider.java:273)
	at org.apache.maven.surefire.junit4.JUnit4Provider.executeTestSet(JUnit4Provider.java:238)
	at org.apache.maven.surefire.junit4.JUnit4Provider.invoke(JUnit4Provider.java:159)
	at org.apache.maven.surefire.booter.ForkedBooter.invokeProviderInSameClassLoader(ForkedBooter.java:384)
	at org.apache.maven.surefire.booter.ForkedBooter.runSuitesInProcess(ForkedBooter.java:345)
	at org.apache.maven.surefire.booter.ForkedBooter.execute(ForkedBooter.java:126)
	at org.apache.maven.surefire.booter.ForkedBooter.main(ForkedBooter.java:418)
]]></error>
    <system-out><![CDATA[Running db test selectSubClauses::limit::testSimpleLimit
{"duration":0.0,"eventType":"EXECUTION_PLAN_EXEC_ERROR","info":{"code":-1,"message":"SnowflakeSQLException: SQL compilation error:\nObject 'PERSONTABLE' does not exist or not authorized.","status":"error","trace":"java.lang.RuntimeException: net.snowflake.client.jdbc.SnowflakeSQLException: SQL compilation error:\nObject 'PERSONTABLE' does not exist or not authorized.\n\tat org.finos.legend.engine.plan.execution.stores.relational.result.SQLExecutionResult.<init>(SQLExecutionResult.java:123)\n\tat org.finos.legend.engine.plan.execution.stores.relational.RelationalExecutor.execute(RelationalExecutor.java:241)\n\tat org.finos.legend.engine.plan.execution.stores.relational.plugin.RelationalExecutionNodeExecutor.visit(RelationalExecutionNodeExecutor.java:238)\n\tat org.finos.legend.engine.plan.execution.stores.relational.plugin.RelationalExecutionNodeExecutor.visit(RelationalExecutionNodeExecutor.java:292)\n\tat org.finos.legend.engine.plan.execution.stores.relational.plugin.RelationalExecutionNodeExecutor.visit(RelationalExecutionNodeExecutor.java:92)\n\tat org.finos.legend.engine.protocol.pure.v1.model.executionPlan.nodes.RelationalClassInstantiationExecutionNode.accept(RelationalClassInstantiationExecutionNode.java:22)\n\tat org.finos.legend.engine.plan.execution.stores.relational.RelationalExecutionExtension.lambda$getExtraNodeExecutors$fbe53481$1(RelationalExecutionExtension.java:50)\n\tat org.finos.legend.engine.plan.execution.nodes.ExecutionNodeExecutor.lambda$visit$0(ExecutionNodeExecutor.java:164)\n\tat java.base/java.util.stream.ReferencePipeline$3$1.accept(ReferencePipeline.java:195)\n\tat java.base/java.util.Spliterators$ArraySpliterator.tryAdvance(Spliterators.java:958)\n\tat java.base/java.util.stream.ReferencePipeline.forEachWithCancel(ReferencePipeline.java:127)\n\tat java.base/java.util.stream.AbstractPipeline.copyIntoWithCancel(AbstractPipeline.java:502)\n\tat java.base/java.util.stream.AbstractPipeline.copyInto(AbstractPipeline.java:488)\n\tat java.base/java.util.stream.AbstractPipeline.wrapAndCopyInto(AbstractPipeline.java:474)\n\tat java.base/java.util.stream.FindOps$FindOp.evaluateSequential(FindOps.java:150)\n\tat java.base/java.util.stream.AbstractPipeline.evaluate(AbstractPipeline.java:234)\n\tat java.base/java.util.stream.ReferencePipeline.findFirst(ReferencePipeline.java:543)\n\tat org.finos.legend.engine.plan.execution.nodes.ExecutionNodeExecutor.visit(ExecutionNodeExecutor.java:164)\n\tat org.finos.legend.engine.plan.execution.nodes.ExecutionNodeExecutor.visit(ExecutionNodeExecutor.java:107)\n\tat org.finos.legend.engine.protocol.pure.v1.model.executionPlan.nodes.RelationalClassInstantiationExecutionNode.accept(RelationalClassInstantiationExecutionNode.java:22)\n\tat org.finos.legend.engine.plan.execution.PlanExecutor.execute(PlanExecutor.java:238)\n\tat org.finos.legend.engine.plan.execution.PlanExecutor.execute(PlanExecutor.java:225)\n\tat org.finos.legend.engine.plan.execution.api.ExecutePlan.doExecutePlanLegacy(ExecutePlan.java:102)\n\tat org.finos.legend.engine.plan.execution.api.ExecutePlan.doExecutePlan(ExecutePlan.java:84)\n\tat org.finos.legend.engine.plan.execution.api.ExecutePlanLegacy.executePlan(ExecutePlanLegacy.java:56)\n\tat jdk.internal.reflect.GeneratedMethodAccessor100.invoke(Unknown Source)\n\tat java.base/jdk.internal.reflect.DelegatingMethodAccessorImpl.invoke(DelegatingMethodAccessorImpl.java:43)\n\tat java.base/java.lang.reflect.Method.invoke(Method.java:566)\n\tat org.glassfish.jersey.server.model.internal.ResourceMethodInvocationHandlerFactory$1.invoke(ResourceMethodInvocationHandlerFactory.java:81)\n\tat org.glassfish.jersey.server.model.internal.AbstractJavaResourceMethodDispatcher$1.run(AbstractJavaResourceMethodDispatcher.java:144)\n\tat org.glassfish.jersey.server.model.internal.AbstractJavaResourceMethodDispatcher.invoke(AbstractJavaResourceMethodDispatcher.java:161)\n\tat org.glassfish.jersey.server.model.internal.JavaResourceMethodDispatcherProvider$ResponseOutInvoker.doDispatch(JavaResourceMethodDispatcherProvider.java:160)\n\tat org.glassfish.jersey.server.model.internal.AbstractJavaResourceMethodDispatcher.dispatch(AbstractJavaResourceMethodDispatcher.java:99)\n\tat org.glassfish.jersey.server.model.ResourceMethodInvoker.invoke(ResourceMethodInvoker.java:389)\n\tat org.glassfish.jersey.server.model.ResourceMethodInvoker.apply(ResourceMethodInvoker.java:347)\n\tat org.glassfish.jersey.server.model.ResourceMethodInvoker.apply(ResourceMethodInvoker.java:102)\n\tat org.glassfish.jersey.server.ServerRuntime$2.run(ServerRuntime.java:326)\n\tat org.glassfish.jersey.internal.Errors$1.call(Errors.java:271)\n\tat org.glassfish.jersey.internal.Errors$1.call(Errors.java:267)\n\tat org.glassfish.jersey.internal.Errors.process(Errors.java:315)\n\tat org.glassfish.jersey.internal.Errors.process(Errors.java:297)\n\tat org.glassfish.jersey.internal.Errors.process(Errors.java:267)\n\tat org.glassfish.jersey.process.internal.RequestScope.runInScope(RequestScope.java:317)\n\tat org.glassfish.jersey.server.ServerRuntime.process(ServerRuntime.java:305)\n\tat org.glassfish.jersey.server.ApplicationHandler.handle(ApplicationHandler.java:1154)\n\tat org.glassfish.jersey.servlet.WebComponent.serviceImpl(WebComponent.java:473)\n\tat org.glassfish.jersey.servlet.WebComponent.service(WebComponent.java:427)\n\tat org.glassfish.jersey.servlet.ServletContainer.service(ServletContainer.java:388)\n\tat org.glassfish.jersey.servlet.ServletContainer.service(ServletContainer.java:341)\n\tat org.glassfish.jersey.servlet.ServletContainer.service(ServletContainer.java:228)\n\tat org.eclipse.jetty.servlet.ServletHolder.handle(ServletHolder.java:799)\n\tat org.eclipse.jetty.servlet.ServletHandler$ChainEnd.doFilter(ServletHandler.java:1631)\n\tat io.dropwizard.servlets.ThreadNameFilter.doFilter(ThreadNameFilter.java:35)\n\tat org.eclipse.jetty.servlet.FilterHolder.doFilter(FilterHolder.java:193)\n\tat org.eclipse.jetty.servlet.ServletHandler$Chain.doFilter(ServletHandler.java:1601)\n\tat io.dropwizard.jersey.filter.AllowedMethodsFilter.handle(AllowedMethodsFilter.java:45)\n\tat io.dropwizard.jersey.filter.AllowedMethodsFilter.doFilter(AllowedMethodsFilter.java:39)\n\tat org.eclipse.jetty.servlet.FilterHolder.doFilter(FilterHolder.java:193)\n\tat org.eclipse.jetty.servlet.ServletHandler$Chain.doFilter(ServletHandler.java:1601)\n\tat org.finos.legend.server.pac4j.internal.UsernameFilter.doFilter(UsernameFilter.java:51)\n\tat org.eclipse.jetty.servlet.FilterHolder.doFilter(FilterHolder.java:193)\n\tat org.eclipse.jetty.servlet.ServletHandler$Chain.doFilter(ServletHandler.java:1601)\n\tat org.pac4j.j2e.filter.SecurityFilter.lambda$internalFilter$0(SecurityFilter.java:95)\n\tat org.pac4j.core.engine.DefaultSecurityLogic.perform(DefaultSecurityLogic.java:140)\n\tat org.pac4j.j2e.filter.SecurityFilter.internalFilter(SecurityFilter.java:93)\n\tat org.pac4j.j2e.filter.AbstractConfigFilter.doFilter(AbstractConfigFilter.java:81)\n\tat org.eclipse.jetty.servlet.FilterHolder.doFilter(FilterHolder.java:193)\n\tat org.eclipse.jetty.servlet.ServletHandler$Chain.doFilter(ServletHandler.java:1601)\n\tat org.eclipse.jetty.servlet.ServletHandler.doHandle(ServletHandler.java:548)\n\tat org.eclipse.jetty.server.handler.ScopedHandler.nextHandle(ScopedHandler.java:233)\n\tat org.eclipse.jetty.server.session.SessionHandler.doHandle(SessionHandler.java:1624)\n\tat org.eclipse.jetty.server.handler.ScopedHandler.nextHandle(ScopedHandler.java:233)\n\tat org.eclipse.jetty.server.handler.ContextHandler.doHandle(ContextHandler.java:1434)\n\tat org.eclipse.jetty.server.handler.ScopedHandler.nextScope(ScopedHandler.java:188)\n\tat org.eclipse.jetty.servlet.ServletHandler.doScope(ServletHandler.java:501)\n\tat org.eclipse.jetty.server.session.SessionHandler.doScope(SessionHandler.java:1594)\n\tat org.eclipse.jetty.server.handler.ScopedHandler.nextScope(ScopedHandler.java:186)\n\tat org.eclipse.jetty.server.handler.ContextHandler.doScope(ContextHandler.java:1349)\n\tat org.eclipse.jetty.server.handler.ScopedHandler.handle(ScopedHandler.java:141)\n\tat org.eclipse.jetty.server.handler.HandlerWrapper.handle(HandlerWrapper.java:127)\n\tat com.codahale.metrics.jetty9.InstrumentedHandler.handle(InstrumentedHandler.java:313)\n\tat io.dropwizard.jetty.ContextRoutingHandler.handle(ContextRoutingHandler.java:37)\n\tat org.eclipse.jetty.server.handler.gzip.GzipHandler.handle(GzipHandler.java:713)\n\tat io.dropwizard.jetty.BiDiGzipHandler.handle(BiDiGzipHandler.java:67)\n\tat org.eclipse.jetty.server.handler.StatisticsHandler.handle(StatisticsHandler.java:179)\n\tat org.eclipse.jetty.server.handler.HandlerWrapper.handle(HandlerWrapper.java:127)\n\tat org.eclipse.jetty.server.Server.handle(Server.java:516)\n\tat org.eclipse.jetty.server.HttpChannel.lambda$handle$1(HttpChannel.java:400)\n\tat org.eclipse.jetty.server.HttpChannel.dispatch(HttpChannel.java:645)\n\tat org.eclipse.jetty.server.HttpChannel.handle(HttpChannel.java:392)\n\tat org.eclipse.jetty.server.HttpConnection.onFillable(HttpConnection.java:277)\n\tat org.eclipse.jetty.io.AbstractConnection$ReadCallback.succeeded(AbstractConnection.java:311)\n\tat org.eclipse.jetty.io.FillInterest.fillable(FillInterest.java:105)\n\tat org.eclipse.jetty.io.ChannelEndPoint$1.run(ChannelEndPoint.java:104)\n\tat org.eclipse.jetty.util.thread.strategy.EatWhatYouKill.runTask(EatWhatYouKill.java:338)\n\tat org.eclipse.jetty.util.thread.strategy.EatWhatYouKill.doProduce(EatWhatYouKill.java:315)\n\tat org.eclipse.jetty.util.thread.strategy.EatWhatYouKill.tryProduce(EatWhatYouKill.java:173)\n\tat org.eclipse.jetty.util.thread.strategy.EatWhatYouKill.run(EatWhatYouKill.java:131)\n\tat org.eclipse.jetty.util.thread.ReservedThreadExecutor$ReservedThread.run(ReservedThreadExecutor.java:409)\n\tat org.eclipse.jetty.util.thread.QueuedThreadPool.runJob(QueuedThreadPool.java:883)\n\tat org.eclipse.jetty.util.thread.QueuedThreadPool$Runner.run(QueuedThreadPool.java:1034)\n\tat java.base/java.lang.Thread.run(Thread.java:829)\nCaused by: net.snowflake.client.jdbc.SnowflakeSQLException: SQL compilation error:\nObject 'PERSONTABLE' does not exist or not authorized.\n\tat net.snowflake.client.jdbc.SnowflakeUtil.checkErrorAndThrowExceptionSub(SnowflakeUtil.java:127)\n\tat net.snowflake.client.jdbc.SnowflakeUtil.checkErrorAndThrowException(SnowflakeUtil.java:67)\n\tat net.snowflake.client.core.StmtUtil.pollForOutput(StmtUtil.java:442)\n\tat net.snowflake.client.core.StmtUtil.execute(StmtUtil.java:345)\n\tat net.snowflake.client.core.SFStatement.executeHelper(SFStatement.java:486)\n\tat net.snowflake.client.core.SFStatement.executeQueryInternal(SFStatement.java:197)\n\tat net.snowflake.client.core.SFStatement.executeQuery(SFStatement.java:134)\n\tat net.snowflake.client.core.SFStatement.execute(SFStatement.java:743)\n\tat net.snowflake.client.core.SFStatement.execute(SFStatement.java:639)\n\tat net.snowflake.client.jdbc.SnowflakeStatementV1.executeQueryInternal(SnowflakeStatementV1.java:238)\n\tat net.snowflake.client.jdbc.SnowflakeStatementV1.executeQuery(SnowflakeStatementV1.java:133)\n\tat com.zaxxer.hikari.pool.ProxyStatement.executeQuery(ProxyStatement.java:110)\n\tat com.zaxxer.hikari.pool.HikariProxyStatement.executeQuery(HikariProxyStatement.java)\n\tat org.finos.legend.engine.plan.execution.stores.relational.result.SQLExecutionResult.<init>(SQLExecutionResult.java:95)\n\t... 101 more\n"},"mode":"DEV","timeStamp":"2023-02-23 01:31:50.876","user":"_UNKNOWN_"}
| **selectSubClauses::limit::testSimpleLimit** | failing :x: |
]]></system-out>
  </testcase>
  <testcase name="groupByAfterConcatenate[Snowflake]" classname="org.finos.legend.engine.server.test.shared.Relational_DbSpecific_UsingPureClientTestSuite$2" time="0.698">
    <error message="Assert failure at (resource:/platform/pure/basics/tests/assertEq.pure line:34 column:5), &quot;500 &apos;{&quot;code&quot;:-1,&quot;message&quot;:&quot;SnowflakeSQLException: SQL compilation error:&#10;Object &apos;FIRMTABLE&apos; does not exist or not authorized.&quot;,&quot;status&quot;:&quot;error&quot;,&quot;trace&quot;:&quot;java.lang.RuntimeException: net.snowflake.client.jdbc.SnowflakeSQLException: SQL compilation error:&#10;Object &apos;FIRMTABLE&apos; does not exist or not authorized.&#10;at org.finos.legend.engine.plan.execution.stores.relational.result.SQLExecutionResult.&lt;init&gt;(SQLExecutionResult.java:123)&#10;at org.finos.legend.engine.plan.execution.stores.relational.RelationalExecutor.execute(RelationalExecutor.java:241)&#10;at org.finos.legend.engine.plan.execution.stores.relational.plugin.RelationalExecutionNodeExecutor.visit(RelationalExecutionNodeExecutor.java:238)&#10;at org.finos.legend.engine.plan.execution.stores.relational.plugin.RelationalExecutionNodeExecutor.visit(RelationalExecutionNodeExecutor.java:252)&#10;at org.finos.legend.engine.plan.execution.stores.relational.plugin.RelationalExecutionNodeExecutor.visit(RelationalExecutionNodeExecutor.java:92)&#10;at org.finos.legend.engine.protocol.pure.v1.model.executionPlan.nodes.RelationalTdsInstantiationExecutionNode.accept(RelationalTdsInstantiationExecutionNode.java:22)&#10;at org.finos.legend.engine.plan.execution.stores.relational.RelationalExecutionExtension.lambda$getExtraNodeExecutors$fbe53481$1(RelationalExecutionExtension.java:50)&#10;at org.finos.legend.engine.plan.execution.nodes.ExecutionNodeExecutor.lambda$visit$0(ExecutionNodeExecutor.java:164)&#10;at java.base/java.util.stream.ReferencePipeline$3$1.accept(ReferencePipeline.java:195)&#10;at java.base/java.util.Spliterators$ArraySpliterator.tryAdvance(Spliterators.java:958)&#10;at java.base/java.util.stream.ReferencePipeline.forEachWithCancel(ReferencePipeline.java:127)&#10;at java.base/java.util.stream.AbstractPipeline.copyIntoWithCancel(AbstractPipeline.java:502)&#10;at java.base/java.util.stream.AbstractPipeline.copyInto(AbstractPipeline.java:488)&#10;at java.base/java.util.stream.AbstractPipeline.wrapAndCopyInto(AbstractPipeline.java:474)&#10;at java.base/java.util.stream.FindOps$FindOp.evaluateSequential(FindOps.java:150)&#10;at java.base/java.util.stream.AbstractPipeline.evaluate(AbstractPipeline.java:234)&#10;at java.base/java.util.stream.ReferencePipeline.findFirst(ReferencePipeline.java:543)&#10;at org.finos.legend.engine.plan.execution.nodes.ExecutionNodeExecutor.visit(ExecutionNodeExecutor.java:164)&#10;at org.finos.legend.engine.plan.execution.nodes.ExecutionNodeExecutor.visit(ExecutionNodeExecutor.java:107)&#10;at org.finos.legend.engine.protocol.pure.v1.model.executionPlan.nodes.RelationalTdsInstantiationExecutionNode.accept(RelationalTdsInstantiationExecutionNode.java:22)&#10;at org.finos.legend.engine.plan.execution.PlanExecutor.execute(PlanExecutor.java:238)&#10;at org.finos.legend.engine.plan.execution.PlanExecutor.execute(PlanExecutor.java:225)&#10;at org.finos.legend.engine.plan.execution.api.ExecutePlan.doExecutePlanLegacy(ExecutePlan.java:102)&#10;at org.finos.legend.engine.plan.execution.api.ExecutePlan.doExecutePlan(ExecutePlan.java:84)&#10;at org.finos.legend.engine.plan.execution.api.ExecutePlanLegacy.executePlan(ExecutePlanLegacy.java:56)&#10;at jdk.internal.reflect.GeneratedMethodAccessor100.invoke(Unknown Source)&#10;at java.base/jdk.internal.reflect.DelegatingMethodAccessorImpl.invoke(DelegatingMethodAccessorImpl.java:43)&#10;at java.base/java.lang.reflect.Method.invoke(Method.java:566)&#10;at org.glassfish.jersey.server.model.internal.ResourceMethodInvocationHandlerFactory$1.invoke(ResourceMethodInvocationHandlerFactory.java:81)&#10;at org.glassfish.jersey.server.model.internal.AbstractJavaResourceMethodDispatcher$1.run(AbstractJavaResourceMethodDispatcher.java:144)&#10;at org.glassfish.jersey.server.model.internal.AbstractJavaResourceMethodDispatcher.invoke(AbstractJavaResourceMethodDispatcher.java:161)&#10;at org.glassfish.jersey.server.model.internal.JavaResourceMethodDispatcherProvider$ResponseOutInvoker.doDispatch(JavaResourceMethodDispatcherProvider.java:160)&#10;at org.glassfish.jersey.server.model.internal.AbstractJavaResourceMethodDispatcher.dispatch(AbstractJavaResourceMethodDispatcher.java:99)&#10;at org.glassfish.jersey.server.model.ResourceMethodInvoker.invoke(ResourceMethodInvoker.java:389)&#10;at org.glassfish.jersey.server.model.ResourceMethodInvoker.apply(ResourceMethodInvoker.java:347)&#10;at org.glassfish.jersey.server.model.ResourceMethodInvoker.apply(ResourceMethodInvoker.java:102)&#10;at org.glassfish.jersey.server.ServerRuntime$2.run(ServerRuntime.java:326)&#10;at org.glassfish.jersey.internal.Errors$1.call(Errors.java:271)&#10;at org.glassfish.jersey.internal.Errors$1.call(Errors.java:267)&#10;at org.glassfish.jersey.internal.Errors.process(Errors.java:315)&#10;at org.glassfish.jersey.internal.Errors.process(Errors.java:297)&#10;at org.glassfish.jersey.internal.Errors.process(Errors.java:267)&#10;at org.glassfish.jersey.process.internal.RequestScope.runInScope(RequestScope.java:317)&#10;at org.glassfish.jersey.server.ServerRuntime.process(ServerRuntime.java:305)&#10;at org.glassfish.jersey.server.ApplicationHandler.handle(ApplicationHandler.java:1154)&#10;at org.glassfish.jersey.servlet.WebComponent.serviceImpl(WebComponent.java:473)&#10;at org.glassfish.jersey.servlet.WebComponent.service(WebComponent.java:427)&#10;at org.glassfish.jersey.servlet.ServletContainer.service(ServletContainer.java:388)&#10;at org.glassfish.jersey.servlet.ServletContainer.service(ServletContainer.java:341)&#10;at org.glassfish.jersey.servlet.ServletContainer.service(ServletContainer.java:228)&#10;at org.eclipse.jetty.servlet.ServletHolder.handle(ServletHolder.java:799)&#10;at org.eclipse.jetty.servlet.ServletHandler$ChainEnd.doFilter(ServletHandler.java:1631)&#10;at io.dropwizard.servlets.ThreadNameFilter.doFilter(ThreadNameFilter.java:35)&#10;at org.eclipse.jetty.servlet.FilterHolder.doFilter(FilterHolder.java:193)&#10;at org.eclipse.jetty.servlet.ServletHandler$Chain.doFilter(ServletHandler.java:1601)&#10;at io.dropwizard.jersey.filter.AllowedMethodsFilter.handle(AllowedMethodsFilter.java:45)&#10;at io.dropwizard.jersey.filter.AllowedMethodsFilter.doFilter(AllowedMethodsFilter.java:39)&#10;at org.eclipse.jetty.servlet.FilterHolder.doFilter(FilterHolder.java:193)&#10;at org.eclipse.jetty.servlet.ServletHandler$Chain.doFilter(ServletHandler.java:1601)&#10;at org.finos.legend.server.pac4j.internal.UsernameFilter.doFilter(UsernameFilter.java:51)&#10;at org.eclipse.jetty.servlet.FilterHolder.doFilter(FilterHolder.java:193)&#10;at org.eclipse.jetty.servlet.ServletHandler$Chain.doFilter(ServletHandler.java:1601)&#10;at org.pac4j.j2e.filter.SecurityFilter.lambda$internalFilter$0(SecurityFilter.java:95)&#10;at org.pac4j.core.engine.DefaultSecurityLogic.perform(DefaultSecurityLogic.java:140)&#10;at org.pac4j.j2e.filter.SecurityFilter.internalFilter(SecurityFilter.java:93)&#10;at org.pac4j.j2e.filter.AbstractConfigFilter.doFilter(AbstractConfigFilter.java:81)&#10;at org.eclipse.jetty.servlet.FilterHolder.doFilter(FilterHolder.java:193)&#10;at org.eclipse.jetty.servlet.ServletHandler$Chain.doFilter(ServletHandler.java:1601)&#10;at org.eclipse.jetty.servlet.ServletHandler.doHandle(ServletHandler.java:548)&#10;at org.eclipse.jetty.server.handler.ScopedHandler.nextHandle(ScopedHandler.java:233)&#10;at org.eclipse.jetty.server.session.SessionHandler.doHandle(SessionHandler.java:1624)&#10;at org.eclipse.jetty.server.handler.ScopedHandler.nextHandle(ScopedHandler.java:233)&#10;at org.eclipse.jetty.server.handler.ContextHandler.doHandle(ContextHandler.java:1434)&#10;at org.eclipse.jetty.server.handler.ScopedHandler.nextScope(ScopedHandler.java:188)&#10;at org.eclipse.jetty.servlet.ServletHandler.doScope(ServletHandler.java:501)&#10;at org.eclipse.jetty.server.session.SessionHandler.doScope(SessionHandler.java:1594)&#10;at org.eclipse.jetty.server.handler.ScopedHandler.nextScope(ScopedHandler.java:186)&#10;at org.eclipse.jetty.server.handler.ContextHandler.doScope(ContextHandler.java:1349)&#10;at org.eclipse.jetty.server.handler.ScopedHandler.handle(ScopedHandler.java:141)&#10;at org.eclipse.jetty.server.handler.HandlerWrapper.handle(HandlerWrapper.java:127)&#10;at com.codahale.metrics.jetty9.InstrumentedHandler.handle(InstrumentedHandler.java:313)&#10;at io.dropwizard.jetty.ContextRoutingHandler.handle(ContextRoutingHandler.java:37)&#10;at org.eclipse.jetty.server.handler.gzip.GzipHandler.handle(GzipHandler.java:713)&#10;at io.dropwizard.jetty.BiDiGzipHandler.handle(BiDiGzipHandler.java:67)&#10;at org.eclipse.jetty.server.handler.StatisticsHandler.handle(StatisticsHandler.java:179)&#10;at org.eclipse.jetty.server.handler.HandlerWrapper.handle(HandlerWrapper.java:127)&#10;at org.eclipse.jetty.server.Server.handle(Server.java:516)&#10;at org.eclipse.jetty.server.HttpChannel.lambda$handle$1(HttpChannel.java:400)&#10;at org.eclipse.jetty.server.HttpChannel.dispatch(HttpChannel.java:645)&#10;at org.eclipse.jetty.server.HttpChannel.handle(HttpChannel.java:392)&#10;at org.eclipse.jetty.server.HttpConnection.onFillable(HttpConnection.java:277)&#10;at org.eclipse.jetty.io.AbstractConnection$ReadCallback.succeeded(AbstractConnection.java:311)&#10;at org.eclipse.jetty.io.FillInterest.fillable(FillInterest.java:105)&#10;at org.eclipse.jetty.io.ChannelEndPoint$1.run(ChannelEndPoint.java:104)&#10;at org.eclipse.jetty.util.thread.strategy.EatWhatYouKill.runTask(EatWhatYouKill.java:338)&#10;at org.eclipse.jetty.util.thread.strategy.EatWhatYouKill.doProduce(EatWhatYouKill.java:315)&#10;at org.eclipse.jetty.util.thread.strategy.EatWhatYouKill.tryProduce(EatWhatYouKill.java:173)&#10;at org.eclipse.jetty.util.thread.strategy.EatWhatYouKill.run(EatWhatYouKill.java:131)&#10;at org.eclipse.jetty.util.thread.ReservedThreadExecutor$ReservedThread.run(ReservedThreadExecutor.java:409)&#10;at org.eclipse.jetty.util.thread.QueuedThreadPool.runJob(QueuedThreadPool.java:883)&#10;at org.eclipse.jetty.util.thread.QueuedThreadPool$Runner.run(QueuedThreadPool.java:1034)&#10;at java.base/java.lang.Thread.run(Thread.java:829)&#10;Caused by: net.snowflake.client.jdbc.SnowflakeSQLException: SQL compilation error:&#10;Object &apos;FIRMTABLE&apos; does not exist or not authorized.&#10;at net.snowflake.client.jdbc.SnowflakeUtil.checkErrorAndThrowExceptionSub(SnowflakeUtil.java:127)&#10;at net.snowflake.client.jdbc.SnowflakeUtil.checkErrorAndThrowException(SnowflakeUtil.java:67)&#10;at net.snowflake.client.core.StmtUtil.pollForOutput(StmtUtil.java:442)&#10;at net.snowflake.client.core.StmtUtil.execute(StmtUtil.java:345)&#10;at net.snowflake.client.core.SFStatement.executeHelper(SFStatement.java:486)&#10;at net.snowflake.client.core.SFStatement.executeQueryInternal(SFStatement.java:197)&#10;at net.snowflake.client.core.SFStatement.executeQuery(SFStatement.java:134)&#10;at net.snowflake.client.core.SFStatement.execute(SFStatement.java:743)&#10;at net.snowflake.client.core.SFStatement.execute(SFStatement.java:639)&#10;at net.snowflake.client.jdbc.SnowflakeStatementV1.executeQueryInternal(SnowflakeStatementV1.java:238)&#10;at net.snowflake.client.jdbc.SnowflakeStatementV1.executeQuery(SnowflakeStatementV1.java:133)&#10;at com.zaxxer.hikari.pool.ProxyStatement.executeQuery(ProxyStatement.java:110)&#10;at com.zaxxer.hikari.pool.HikariProxyStatement.executeQuery(HikariProxyStatement.java)&#10;at org.finos.legend.engine.plan.execution.stores.relational.result.SQLExecutionResult.&lt;init&gt;(SQLExecutionResult.java:95)&#10;... 101 more&#10;&quot;}&apos;&quot;" type="Assert failure at (resource"><![CDATA[Assert failure at (resource:/platform/pure/basics/tests/assertEq.pure line:34 column:5), "500 '{"code":-1,"message":"SnowflakeSQLException: SQL compilation error:
Object 'FIRMTABLE' does not exist or not authorized.","status":"error","trace":"java.lang.RuntimeException: net.snowflake.client.jdbc.SnowflakeSQLException: SQL compilation error:
Object 'FIRMTABLE' does not exist or not authorized.
at org.finos.legend.engine.plan.execution.stores.relational.result.SQLExecutionResult.<init>(SQLExecutionResult.java:123)
at org.finos.legend.engine.plan.execution.stores.relational.RelationalExecutor.execute(RelationalExecutor.java:241)
at org.finos.legend.engine.plan.execution.stores.relational.plugin.RelationalExecutionNodeExecutor.visit(RelationalExecutionNodeExecutor.java:238)
at org.finos.legend.engine.plan.execution.stores.relational.plugin.RelationalExecutionNodeExecutor.visit(RelationalExecutionNodeExecutor.java:252)
at org.finos.legend.engine.plan.execution.stores.relational.plugin.RelationalExecutionNodeExecutor.visit(RelationalExecutionNodeExecutor.java:92)
at org.finos.legend.engine.protocol.pure.v1.model.executionPlan.nodes.RelationalTdsInstantiationExecutionNode.accept(RelationalTdsInstantiationExecutionNode.java:22)
at org.finos.legend.engine.plan.execution.stores.relational.RelationalExecutionExtension.lambda$getExtraNodeExecutors$fbe53481$1(RelationalExecutionExtension.java:50)
at org.finos.legend.engine.plan.execution.nodes.ExecutionNodeExecutor.lambda$visit$0(ExecutionNodeExecutor.java:164)
at java.base/java.util.stream.ReferencePipeline$3$1.accept(ReferencePipeline.java:195)
at java.base/java.util.Spliterators$ArraySpliterator.tryAdvance(Spliterators.java:958)
at java.base/java.util.stream.ReferencePipeline.forEachWithCancel(ReferencePipeline.java:127)
at java.base/java.util.stream.AbstractPipeline.copyIntoWithCancel(AbstractPipeline.java:502)
at java.base/java.util.stream.AbstractPipeline.copyInto(AbstractPipeline.java:488)
at java.base/java.util.stream.AbstractPipeline.wrapAndCopyInto(AbstractPipeline.java:474)
at java.base/java.util.stream.FindOps$FindOp.evaluateSequential(FindOps.java:150)
at java.base/java.util.stream.AbstractPipeline.evaluate(AbstractPipeline.java:234)
at java.base/java.util.stream.ReferencePipeline.findFirst(ReferencePipeline.java:543)
at org.finos.legend.engine.plan.execution.nodes.ExecutionNodeExecutor.visit(ExecutionNodeExecutor.java:164)
at org.finos.legend.engine.plan.execution.nodes.ExecutionNodeExecutor.visit(ExecutionNodeExecutor.java:107)
at org.finos.legend.engine.protocol.pure.v1.model.executionPlan.nodes.RelationalTdsInstantiationExecutionNode.accept(RelationalTdsInstantiationExecutionNode.java:22)
at org.finos.legend.engine.plan.execution.PlanExecutor.execute(PlanExecutor.java:238)
at org.finos.legend.engine.plan.execution.PlanExecutor.execute(PlanExecutor.java:225)
at org.finos.legend.engine.plan.execution.api.ExecutePlan.doExecutePlanLegacy(ExecutePlan.java:102)
at org.finos.legend.engine.plan.execution.api.ExecutePlan.doExecutePlan(ExecutePlan.java:84)
at org.finos.legend.engine.plan.execution.api.ExecutePlanLegacy.executePlan(ExecutePlanLegacy.java:56)
at jdk.internal.reflect.GeneratedMethodAccessor100.invoke(Unknown Source)
at java.base/jdk.internal.reflect.DelegatingMethodAccessorImpl.invoke(DelegatingMethodAccessorImpl.java:43)
at java.base/java.lang.reflect.Method.invoke(Method.java:566)
at org.glassfish.jersey.server.model.internal.ResourceMethodInvocationHandlerFactory$1.invoke(ResourceMethodInvocationHandlerFactory.java:81)
at org.glassfish.jersey.server.model.internal.AbstractJavaResourceMethodDispatcher$1.run(AbstractJavaResourceMethodDispatcher.java:144)
at org.glassfish.jersey.server.model.internal.AbstractJavaResourceMethodDispatcher.invoke(AbstractJavaResourceMethodDispatcher.java:161)
at org.glassfish.jersey.server.model.internal.JavaResourceMethodDispatcherProvider$ResponseOutInvoker.doDispatch(JavaResourceMethodDispatcherProvider.java:160)
at org.glassfish.jersey.server.model.internal.AbstractJavaResourceMethodDispatcher.dispatch(AbstractJavaResourceMethodDispatcher.java:99)
at org.glassfish.jersey.server.model.ResourceMethodInvoker.invoke(ResourceMethodInvoker.java:389)
at org.glassfish.jersey.server.model.ResourceMethodInvoker.apply(ResourceMethodInvoker.java:347)
at org.glassfish.jersey.server.model.ResourceMethodInvoker.apply(ResourceMethodInvoker.java:102)
at org.glassfish.jersey.server.ServerRuntime$2.run(ServerRuntime.java:326)
at org.glassfish.jersey.internal.Errors$1.call(Errors.java:271)
at org.glassfish.jersey.internal.Errors$1.call(Errors.java:267)
at org.glassfish.jersey.internal.Errors.process(Errors.java:315)
at org.glassfish.jersey.internal.Errors.process(Errors.java:297)
at org.glassfish.jersey.internal.Errors.process(Errors.java:267)
at org.glassfish.jersey.process.internal.RequestScope.runInScope(RequestScope.java:317)
at org.glassfish.jersey.server.ServerRuntime.process(ServerRuntime.java:305)
at org.glassfish.jersey.server.ApplicationHandler.handle(ApplicationHandler.java:1154)
at org.glassfish.jersey.servlet.WebComponent.serviceImpl(WebComponent.java:473)
at org.glassfish.jersey.servlet.WebComponent.service(WebComponent.java:427)
at org.glassfish.jersey.servlet.ServletContainer.service(ServletContainer.java:388)
at org.glassfish.jersey.servlet.ServletContainer.service(ServletContainer.java:341)
at org.glassfish.jersey.servlet.ServletContainer.service(ServletContainer.java:228)
at org.eclipse.jetty.servlet.ServletHolder.handle(ServletHolder.java:799)
at org.eclipse.jetty.servlet.ServletHandler$ChainEnd.doFilter(ServletHandler.java:1631)
at io.dropwizard.servlets.ThreadNameFilter.doFilter(ThreadNameFilter.java:35)
at org.eclipse.jetty.servlet.FilterHolder.doFilter(FilterHolder.java:193)
at org.eclipse.jetty.servlet.ServletHandler$Chain.doFilter(ServletHandler.java:1601)
at io.dropwizard.jersey.filter.AllowedMethodsFilter.handle(AllowedMethodsFilter.java:45)
at io.dropwizard.jersey.filter.AllowedMethodsFilter.doFilter(AllowedMethodsFilter.java:39)
at org.eclipse.jetty.servlet.FilterHolder.doFilter(FilterHolder.java:193)
at org.eclipse.jetty.servlet.ServletHandler$Chain.doFilter(ServletHandler.java:1601)
at org.finos.legend.server.pac4j.internal.UsernameFilter.doFilter(UsernameFilter.java:51)
at org.eclipse.jetty.servlet.FilterHolder.doFilter(FilterHolder.java:193)
at org.eclipse.jetty.servlet.ServletHandler$Chain.doFilter(ServletHandler.java:1601)
at org.pac4j.j2e.filter.SecurityFilter.lambda$internalFilter$0(SecurityFilter.java:95)
at org.pac4j.core.engine.DefaultSecurityLogic.perform(DefaultSecurityLogic.java:140)
at org.pac4j.j2e.filter.SecurityFilter.internalFilter(SecurityFilter.java:93)
at org.pac4j.j2e.filter.AbstractConfigFilter.doFilter(AbstractConfigFilter.java:81)
at org.eclipse.jetty.servlet.FilterHolder.doFilter(FilterHolder.java:193)
at org.eclipse.jetty.servlet.ServletHandler$Chain.doFilter(ServletHandler.java:1601)
at org.eclipse.jetty.servlet.ServletHandler.doHandle(ServletHandler.java:548)
at org.eclipse.jetty.server.handler.ScopedHandler.nextHandle(ScopedHandler.java:233)
at org.eclipse.jetty.server.session.SessionHandler.doHandle(SessionHandler.java:1624)
at org.eclipse.jetty.server.handler.ScopedHandler.nextHandle(ScopedHandler.java:233)
at org.eclipse.jetty.server.handler.ContextHandler.doHandle(ContextHandler.java:1434)
at org.eclipse.jetty.server.handler.ScopedHandler.nextScope(ScopedHandler.java:188)
at org.eclipse.jetty.servlet.ServletHandler.doScope(ServletHandler.java:501)
at org.eclipse.jetty.server.session.SessionHandler.doScope(SessionHandler.java:1594)
at org.eclipse.jetty.server.handler.ScopedHandler.nextScope(ScopedHandler.java:186)
at org.eclipse.jetty.server.handler.ContextHandler.doScope(ContextHandler.java:1349)
at org.eclipse.jetty.server.handler.ScopedHandler.handle(ScopedHandler.java:141)
at org.eclipse.jetty.server.handler.HandlerWrapper.handle(HandlerWrapper.java:127)
at com.codahale.metrics.jetty9.InstrumentedHandler.handle(InstrumentedHandler.java:313)
at io.dropwizard.jetty.ContextRoutingHandler.handle(ContextRoutingHandler.java:37)
at org.eclipse.jetty.server.handler.gzip.GzipHandler.handle(GzipHandler.java:713)
at io.dropwizard.jetty.BiDiGzipHandler.handle(BiDiGzipHandler.java:67)
at org.eclipse.jetty.server.handler.StatisticsHandler.handle(StatisticsHandler.java:179)
at org.eclipse.jetty.server.handler.HandlerWrapper.handle(HandlerWrapper.java:127)
at org.eclipse.jetty.server.Server.handle(Server.java:516)
at org.eclipse.jetty.server.HttpChannel.lambda$handle$1(HttpChannel.java:400)
at org.eclipse.jetty.server.HttpChannel.dispatch(HttpChannel.java:645)
at org.eclipse.jetty.server.HttpChannel.handle(HttpChannel.java:392)
at org.eclipse.jetty.server.HttpConnection.onFillable(HttpConnection.java:277)
at org.eclipse.jetty.io.AbstractConnection$ReadCallback.succeeded(AbstractConnection.java:311)
at org.eclipse.jetty.io.FillInterest.fillable(FillInterest.java:105)
at org.eclipse.jetty.io.ChannelEndPoint$1.run(ChannelEndPoint.java:104)
at org.eclipse.jetty.util.thread.strategy.EatWhatYouKill.runTask(EatWhatYouKill.java:338)
at org.eclipse.jetty.util.thread.strategy.EatWhatYouKill.doProduce(EatWhatYouKill.java:315)
at org.eclipse.jetty.util.thread.strategy.EatWhatYouKill.tryProduce(EatWhatYouKill.java:173)
at org.eclipse.jetty.util.thread.strategy.EatWhatYouKill.run(EatWhatYouKill.java:131)
at org.eclipse.jetty.util.thread.ReservedThreadExecutor$ReservedThread.run(ReservedThreadExecutor.java:409)
at org.eclipse.jetty.util.thread.QueuedThreadPool.runJob(QueuedThreadPool.java:883)
at org.eclipse.jetty.util.thread.QueuedThreadPool$Runner.run(QueuedThreadPool.java:1034)
at java.base/java.lang.Thread.run(Thread.java:829)
Caused by: net.snowflake.client.jdbc.SnowflakeSQLException: SQL compilation error:
Object 'FIRMTABLE' does not exist or not authorized.
at net.snowflake.client.jdbc.SnowflakeUtil.checkErrorAndThrowExceptionSub(SnowflakeUtil.java:127)
at net.snowflake.client.jdbc.SnowflakeUtil.checkErrorAndThrowException(SnowflakeUtil.java:67)
at net.snowflake.client.core.StmtUtil.pollForOutput(StmtUtil.java:442)
at net.snowflake.client.core.StmtUtil.execute(StmtUtil.java:345)
at net.snowflake.client.core.SFStatement.executeHelper(SFStatement.java:486)
at net.snowflake.client.core.SFStatement.executeQueryInternal(SFStatement.java:197)
at net.snowflake.client.core.SFStatement.executeQuery(SFStatement.java:134)
at net.snowflake.client.core.SFStatement.execute(SFStatement.java:743)
at net.snowflake.client.core.SFStatement.execute(SFStatement.java:639)
at net.snowflake.client.jdbc.SnowflakeStatementV1.executeQueryInternal(SnowflakeStatementV1.java:238)
at net.snowflake.client.jdbc.SnowflakeStatementV1.executeQuery(SnowflakeStatementV1.java:133)
at com.zaxxer.hikari.pool.ProxyStatement.executeQuery(ProxyStatement.java:110)
at com.zaxxer.hikari.pool.HikariProxyStatement.executeQuery(HikariProxyStatement.java)
at org.finos.legend.engine.plan.execution.stores.relational.result.SQLExecutionResult.<init>(SQLExecutionResult.java:95)
... 101 more
"}'"
	at org.finos.legend.pure.runtime.java.compiled.generation.processors.support.CompiledSupport.pureAssert(CompiledSupport.java:1994)
	at org.finos.legend.pure.generated.platform_pure_basics_tests_assertEq.Root_meta_pure_functions_asserts_assertEq_Any_1__Any_1__Function_1__Boolean_1_(platform_pure_basics_tests_assertEq.java:44)
	at org.finos.legend.pure.generated.core_pure_protocol_vX_X_X_invocations_execution.Root_meta_protocols_pure_vX_X_X_invocation_execution_execute_executePlan_String_1__String_1__Integer_1__String_1_(core_pure_protocol_vX_X_X_invocations_execution.java:751)
	at org.finos.legend.pure.generated.core_pure_protocol_vX_X_X_invocations_execution.Root_meta_protocols_pure_vX_X_X_invocation_execution_execute_executePlan_ExecutionPlan_1__String_1__Integer_1__Extension_MANY__String_1_(core_pure_protocol_vX_X_X_invocations_execution.java:745)
	at org.finos.legend.pure.generated.core_pure_protocol_vX_X_X_invocations_execution.Root_meta_protocols_pure_vX_X_X_invocation_execution_execute_executePlan_ExecutionPlan_1__ExecutionContext_$0_1$__String_1__Integer_1__Extension_MANY__Result_1_(core_pure_protocol_vX_X_X_invocations_execution.java:738)
	at jdk.internal.reflect.GeneratedMethodAccessor96.invoke(Unknown Source)
	at java.base/jdk.internal.reflect.DelegatingMethodAccessorImpl.invoke(DelegatingMethodAccessorImpl.java:43)
	at java.base/java.lang.reflect.Method.invoke(Method.java:566)
	at org.finos.legend.pure.runtime.java.compiled.metadata.JavaMethodWithParamsSharedPureFunction.execute(JavaMethodWithParamsSharedPureFunction.java:59)
	at org.finos.legend.pure.runtime.java.compiled.generation.processors.support.Pure._evaluateToMany(Pure.java:546)
	at org.finos.legend.pure.generated.CoreGen.evaluateToMany(CoreGen.java:147)
	at org.finos.legend.pure.generated.CoreGen.evaluateToMany(CoreGen.java:134)
	at org.finos.legend.pure.generated.core_pure_router_router_entry$9$1.value(core_pure_router_router_entry.java:318)
	at org.finos.legend.pure.generated.core_pure_router_router_entry$9$1.execute(core_pure_router_router_entry.java:311)
	at org.finos.legend.pure.generated.core_pure_router_router_entry$9$1.execute(core_pure_router_router_entry.java:307)
	at org.finos.legend.pure.runtime.java.compiled.generation.processors.support.Pure.evaluate(Pure.java:485)
	at org.finos.legend.pure.runtime.java.compiled.generation.processors.support.Pure.legendTest(Pure.java:216)
	at org.finos.legend.pure.generated.CoreGen.legendTest(CoreGen.java:61)
	at org.finos.legend.pure.generated.core_pure_router_router_entry$9.valueOf(core_pure_router_router_entry.java:303)
	at org.finos.legend.pure.generated.core_pure_router_router_entry$9.execute(core_pure_router_router_entry.java:298)
	at org.finos.legend.pure.generated.core_pure_router_router_entry$9.execute(core_pure_router_router_entry.java:294)
	at org.finos.legend.pure.runtime.java.compiled.generation.processors.support.Pure.evaluate(Pure.java:485)
	at org.finos.legend.pure.runtime.java.compiled.generation.processors.support.Pure.traceSpan(Pure.java:1482)
	at org.finos.legend.pure.generated.CoreGen.traceSpan(CoreGen.java:203)
	at org.finos.legend.pure.generated.core_pure_router_router_entry.Root_meta_pure_router_executePlan_ExecutionPlan_1__ExecutionContext_1__Extension_MANY__Result_$0_1$_(core_pure_router_router_entry.java:290)
	at org.finos.legend.pure.generated.core_pure_router_router_entry.Root_meta_pure_router_executePlan_ExecutionPlan_1__Extension_MANY__Result_$0_1$_(core_pure_router_router_entry.java:285)
	at org.finos.legend.pure.generated.core_relational_relational_sqlQueryToString_dbTestRunner_executionPlanTestRunner$19.execute(core_relational_relational_sqlQueryToString_dbTestRunner_executionPlanTestRunner.java:305)
	at org.finos.legend.pure.generated.core_relational_relational_sqlQueryToString_dbTestRunner_executionPlanTestRunner.Root_meta_relational_dbTestRunner_executeViaPlan_FunctionDefinition_1__Mapping_1__Database_1__DbTestConfig_1__Extension_MANY__Result_$0_1$_(core_relational_relational_sqlQueryToString_dbTestRunner_executionPlanTestRunner.java:309)
	at org.finos.legend.pure.generated.core_relational_relational_sqlQueryToString_testSuite_selectSubClauses_mixtureOfClauses.Root_meta_relational_tests_dbSpecificTests_sqlQueryTests_selectSubClauses_mixtureOfCluases_groupByAfterConcatenate_DbTestConfig_1__Boolean_1_(core_relational_relational_sqlQueryToString_testSuite_selectSubClauses_mixtureOfClauses.java:685)
	at java.base/jdk.internal.reflect.NativeMethodAccessorImpl.invoke0(Native Method)
	at java.base/jdk.internal.reflect.NativeMethodAccessorImpl.invoke(NativeMethodAccessorImpl.java:62)
	at java.base/jdk.internal.reflect.DelegatingMethodAccessorImpl.invoke(DelegatingMethodAccessorImpl.java:43)
	at java.base/java.lang.reflect.Method.invoke(Method.java:566)
	at org.finos.legend.pure.runtime.java.compiled.testHelper.PureTestBuilderCompiled.executeFn(PureTestBuilderCompiled.java:113)
	at org.finos.legend.pure.runtime.java.compiled.testHelper.PureTestBuilderCompiled.lambda$buildSuite$0(PureTestBuilderCompiled.java:79)
	at org.finos.legend.pure.m3.execution.test.PureTestBuilder$PureTestCase.runTest(PureTestBuilder.java:95)
	at junit.framework.TestCase.runBare(TestCase.java:142)
	at org.finos.legend.engine.server.test.shared.Relational_DbSpecific_UsingPureClientTestSuite$2.runTest(Relational_DbSpecific_UsingPureClientTestSuite.java:90)
	at junit.framework.TestCase.runBare(TestCase.java:142)
	at junit.framework.TestResult$1.protect(TestResult.java:122)
	at junit.framework.TestResult.runProtected(TestResult.java:142)
	at junit.framework.TestResult.run(TestResult.java:125)
	at junit.framework.TestCase.run(TestCase.java:130)
	at junit.framework.TestSuite.runTest(TestSuite.java:241)
	at junit.framework.TestSuite.run(TestSuite.java:236)
	at junit.framework.TestSuite.runTest(TestSuite.java:241)
	at junit.framework.TestSuite.run(TestSuite.java:236)
	at junit.framework.TestSuite.runTest(TestSuite.java:241)
	at junit.framework.TestSuite.run(TestSuite.java:236)
	at junit.framework.TestSuite.runTest(TestSuite.java:241)
	at junit.framework.TestSuite.run(TestSuite.java:236)
	at junit.framework.TestSuite.runTest(TestSuite.java:241)
	at junit.framework.TestSuite.run(TestSuite.java:236)
	at junit.extensions.TestDecorator.basicRun(TestDecorator.java:24)
	at junit.extensions.TestSetup$1.protect(TestSetup.java:23)
	at junit.framework.TestResult.runProtected(TestResult.java:142)
	at junit.extensions.TestSetup.run(TestSetup.java:27)
	at org.junit.internal.runners.JUnit38ClassRunner.run(JUnit38ClassRunner.java:90)
	at org.apache.maven.surefire.junit4.JUnit4Provider.execute(JUnit4Provider.java:365)
	at org.apache.maven.surefire.junit4.JUnit4Provider.executeWithRerun(JUnit4Provider.java:273)
	at org.apache.maven.surefire.junit4.JUnit4Provider.executeTestSet(JUnit4Provider.java:238)
	at org.apache.maven.surefire.junit4.JUnit4Provider.invoke(JUnit4Provider.java:159)
	at org.apache.maven.surefire.booter.ForkedBooter.invokeProviderInSameClassLoader(ForkedBooter.java:384)
	at org.apache.maven.surefire.booter.ForkedBooter.runSuitesInProcess(ForkedBooter.java:345)
	at org.apache.maven.surefire.booter.ForkedBooter.execute(ForkedBooter.java:126)
	at org.apache.maven.surefire.booter.ForkedBooter.main(ForkedBooter.java:418)
]]></error>
    <system-out><![CDATA[Running db test selectSubClauses::mixtureOfCluases::groupByAfterConcatenate
{"duration":0.0,"eventType":"EXECUTION_PLAN_EXEC_ERROR","info":{"code":-1,"message":"SnowflakeSQLException: SQL compilation error:\nObject 'FIRMTABLE' does not exist or not authorized.","status":"error","trace":"java.lang.RuntimeException: net.snowflake.client.jdbc.SnowflakeSQLException: SQL compilation error:\nObject 'FIRMTABLE' does not exist or not authorized.\n\tat org.finos.legend.engine.plan.execution.stores.relational.result.SQLExecutionResult.<init>(SQLExecutionResult.java:123)\n\tat org.finos.legend.engine.plan.execution.stores.relational.RelationalExecutor.execute(RelationalExecutor.java:241)\n\tat org.finos.legend.engine.plan.execution.stores.relational.plugin.RelationalExecutionNodeExecutor.visit(RelationalExecutionNodeExecutor.java:238)\n\tat org.finos.legend.engine.plan.execution.stores.relational.plugin.RelationalExecutionNodeExecutor.visit(RelationalExecutionNodeExecutor.java:252)\n\tat org.finos.legend.engine.plan.execution.stores.relational.plugin.RelationalExecutionNodeExecutor.visit(RelationalExecutionNodeExecutor.java:92)\n\tat org.finos.legend.engine.protocol.pure.v1.model.executionPlan.nodes.RelationalTdsInstantiationExecutionNode.accept(RelationalTdsInstantiationExecutionNode.java:22)\n\tat org.finos.legend.engine.plan.execution.stores.relational.RelationalExecutionExtension.lambda$getExtraNodeExecutors$fbe53481$1(RelationalExecutionExtension.java:50)\n\tat org.finos.legend.engine.plan.execution.nodes.ExecutionNodeExecutor.lambda$visit$0(ExecutionNodeExecutor.java:164)\n\tat java.base/java.util.stream.ReferencePipeline$3$1.accept(ReferencePipeline.java:195)\n\tat java.base/java.util.Spliterators$ArraySpliterator.tryAdvance(Spliterators.java:958)\n\tat java.base/java.util.stream.ReferencePipeline.forEachWithCancel(ReferencePipeline.java:127)\n\tat java.base/java.util.stream.AbstractPipeline.copyIntoWithCancel(AbstractPipeline.java:502)\n\tat java.base/java.util.stream.AbstractPipeline.copyInto(AbstractPipeline.java:488)\n\tat java.base/java.util.stream.AbstractPipeline.wrapAndCopyInto(AbstractPipeline.java:474)\n\tat java.base/java.util.stream.FindOps$FindOp.evaluateSequential(FindOps.java:150)\n\tat java.base/java.util.stream.AbstractPipeline.evaluate(AbstractPipeline.java:234)\n\tat java.base/java.util.stream.ReferencePipeline.findFirst(ReferencePipeline.java:543)\n\tat org.finos.legend.engine.plan.execution.nodes.ExecutionNodeExecutor.visit(ExecutionNodeExecutor.java:164)\n\tat org.finos.legend.engine.plan.execution.nodes.ExecutionNodeExecutor.visit(ExecutionNodeExecutor.java:107)\n\tat org.finos.legend.engine.protocol.pure.v1.model.executionPlan.nodes.RelationalTdsInstantiationExecutionNode.accept(RelationalTdsInstantiationExecutionNode.java:22)\n\tat org.finos.legend.engine.plan.execution.PlanExecutor.execute(PlanExecutor.java:238)\n\tat org.finos.legend.engine.plan.execution.PlanExecutor.execute(PlanExecutor.java:225)\n\tat org.finos.legend.engine.plan.execution.api.ExecutePlan.doExecutePlanLegacy(ExecutePlan.java:102)\n\tat org.finos.legend.engine.plan.execution.api.ExecutePlan.doExecutePlan(ExecutePlan.java:84)\n\tat org.finos.legend.engine.plan.execution.api.ExecutePlanLegacy.executePlan(ExecutePlanLegacy.java:56)\n\tat jdk.internal.reflect.GeneratedMethodAccessor100.invoke(Unknown Source)\n\tat java.base/jdk.internal.reflect.DelegatingMethodAccessorImpl.invoke(DelegatingMethodAccessorImpl.java:43)\n\tat java.base/java.lang.reflect.Method.invoke(Method.java:566)\n\tat org.glassfish.jersey.server.model.internal.ResourceMethodInvocationHandlerFactory$1.invoke(ResourceMethodInvocationHandlerFactory.java:81)\n\tat org.glassfish.jersey.server.model.internal.AbstractJavaResourceMethodDispatcher$1.run(AbstractJavaResourceMethodDispatcher.java:144)\n\tat org.glassfish.jersey.server.model.internal.AbstractJavaResourceMethodDispatcher.invoke(AbstractJavaResourceMethodDispatcher.java:161)\n\tat org.glassfish.jersey.server.model.internal.JavaResourceMethodDispatcherProvider$ResponseOutInvoker.doDispatch(JavaResourceMethodDispatcherProvider.java:160)\n\tat org.glassfish.jersey.server.model.internal.AbstractJavaResourceMethodDispatcher.dispatch(AbstractJavaResourceMethodDispatcher.java:99)\n\tat org.glassfish.jersey.server.model.ResourceMethodInvoker.invoke(ResourceMethodInvoker.java:389)\n\tat org.glassfish.jersey.server.model.ResourceMethodInvoker.apply(ResourceMethodInvoker.java:347)\n\tat org.glassfish.jersey.server.model.ResourceMethodInvoker.apply(ResourceMethodInvoker.java:102)\n\tat org.glassfish.jersey.server.ServerRuntime$2.run(ServerRuntime.java:326)\n\tat org.glassfish.jersey.internal.Errors$1.call(Errors.java:271)\n\tat org.glassfish.jersey.internal.Errors$1.call(Errors.java:267)\n\tat org.glassfish.jersey.internal.Errors.process(Errors.java:315)\n\tat org.glassfish.jersey.internal.Errors.process(Errors.java:297)\n\tat org.glassfish.jersey.internal.Errors.process(Errors.java:267)\n\tat org.glassfish.jersey.process.internal.RequestScope.runInScope(RequestScope.java:317)\n\tat org.glassfish.jersey.server.ServerRuntime.process(ServerRuntime.java:305)\n\tat org.glassfish.jersey.server.ApplicationHandler.handle(ApplicationHandler.java:1154)\n\tat org.glassfish.jersey.servlet.WebComponent.serviceImpl(WebComponent.java:473)\n\tat org.glassfish.jersey.servlet.WebComponent.service(WebComponent.java:427)\n\tat org.glassfish.jersey.servlet.ServletContainer.service(ServletContainer.java:388)\n\tat org.glassfish.jersey.servlet.ServletContainer.service(ServletContainer.java:341)\n\tat org.glassfish.jersey.servlet.ServletContainer.service(ServletContainer.java:228)\n\tat org.eclipse.jetty.servlet.ServletHolder.handle(ServletHolder.java:799)\n\tat org.eclipse.jetty.servlet.ServletHandler$ChainEnd.doFilter(ServletHandler.java:1631)\n\tat io.dropwizard.servlets.ThreadNameFilter.doFilter(ThreadNameFilter.java:35)\n\tat org.eclipse.jetty.servlet.FilterHolder.doFilter(FilterHolder.java:193)\n\tat org.eclipse.jetty.servlet.ServletHandler$Chain.doFilter(ServletHandler.java:1601)\n\tat io.dropwizard.jersey.filter.AllowedMethodsFilter.handle(AllowedMethodsFilter.java:45)\n\tat io.dropwizard.jersey.filter.AllowedMethodsFilter.doFilter(AllowedMethodsFilter.java:39)\n\tat org.eclipse.jetty.servlet.FilterHolder.doFilter(FilterHolder.java:193)\n\tat org.eclipse.jetty.servlet.ServletHandler$Chain.doFilter(ServletHandler.java:1601)\n\tat org.finos.legend.server.pac4j.internal.UsernameFilter.doFilter(UsernameFilter.java:51)\n\tat org.eclipse.jetty.servlet.FilterHolder.doFilter(FilterHolder.java:193)\n\tat org.eclipse.jetty.servlet.ServletHandler$Chain.doFilter(ServletHandler.java:1601)\n\tat org.pac4j.j2e.filter.SecurityFilter.lambda$internalFilter$0(SecurityFilter.java:95)\n\tat org.pac4j.core.engine.DefaultSecurityLogic.perform(DefaultSecurityLogic.java:140)\n\tat org.pac4j.j2e.filter.SecurityFilter.internalFilter(SecurityFilter.java:93)\n\tat org.pac4j.j2e.filter.AbstractConfigFilter.doFilter(AbstractConfigFilter.java:81)\n\tat org.eclipse.jetty.servlet.FilterHolder.doFilter(FilterHolder.java:193)\n\tat org.eclipse.jetty.servlet.ServletHandler$Chain.doFilter(ServletHandler.java:1601)\n\tat org.eclipse.jetty.servlet.ServletHandler.doHandle(ServletHandler.java:548)\n\tat org.eclipse.jetty.server.handler.ScopedHandler.nextHandle(ScopedHandler.java:233)\n\tat org.eclipse.jetty.server.session.SessionHandler.doHandle(SessionHandler.java:1624)\n\tat org.eclipse.jetty.server.handler.ScopedHandler.nextHandle(ScopedHandler.java:233)\n\tat org.eclipse.jetty.server.handler.ContextHandler.doHandle(ContextHandler.java:1434)\n\tat org.eclipse.jetty.server.handler.ScopedHandler.nextScope(ScopedHandler.java:188)\n\tat org.eclipse.jetty.servlet.ServletHandler.doScope(ServletHandler.java:501)\n\tat org.eclipse.jetty.server.session.SessionHandler.doScope(SessionHandler.java:1594)\n\tat org.eclipse.jetty.server.handler.ScopedHandler.nextScope(ScopedHandler.java:186)\n\tat org.eclipse.jetty.server.handler.ContextHandler.doScope(ContextHandler.java:1349)\n\tat org.eclipse.jetty.server.handler.ScopedHandler.handle(ScopedHandler.java:141)\n\tat org.eclipse.jetty.server.handler.HandlerWrapper.handle(HandlerWrapper.java:127)\n\tat com.codahale.metrics.jetty9.InstrumentedHandler.handle(InstrumentedHandler.java:313)\n\tat io.dropwizard.jetty.ContextRoutingHandler.handle(ContextRoutingHandler.java:37)\n\tat org.eclipse.jetty.server.handler.gzip.GzipHandler.handle(GzipHandler.java:713)\n\tat io.dropwizard.jetty.BiDiGzipHandler.handle(BiDiGzipHandler.java:67)\n\tat org.eclipse.jetty.server.handler.StatisticsHandler.handle(StatisticsHandler.java:179)\n\tat org.eclipse.jetty.server.handler.HandlerWrapper.handle(HandlerWrapper.java:127)\n\tat org.eclipse.jetty.server.Server.handle(Server.java:516)\n\tat org.eclipse.jetty.server.HttpChannel.lambda$handle$1(HttpChannel.java:400)\n\tat org.eclipse.jetty.server.HttpChannel.dispatch(HttpChannel.java:645)\n\tat org.eclipse.jetty.server.HttpChannel.handle(HttpChannel.java:392)\n\tat org.eclipse.jetty.server.HttpConnection.onFillable(HttpConnection.java:277)\n\tat org.eclipse.jetty.io.AbstractConnection$ReadCallback.succeeded(AbstractConnection.java:311)\n\tat org.eclipse.jetty.io.FillInterest.fillable(FillInterest.java:105)\n\tat org.eclipse.jetty.io.ChannelEndPoint$1.run(ChannelEndPoint.java:104)\n\tat org.eclipse.jetty.util.thread.strategy.EatWhatYouKill.runTask(EatWhatYouKill.java:338)\n\tat org.eclipse.jetty.util.thread.strategy.EatWhatYouKill.doProduce(EatWhatYouKill.java:315)\n\tat org.eclipse.jetty.util.thread.strategy.EatWhatYouKill.tryProduce(EatWhatYouKill.java:173)\n\tat org.eclipse.jetty.util.thread.strategy.EatWhatYouKill.run(EatWhatYouKill.java:131)\n\tat org.eclipse.jetty.util.thread.ReservedThreadExecutor$ReservedThread.run(ReservedThreadExecutor.java:409)\n\tat org.eclipse.jetty.util.thread.QueuedThreadPool.runJob(QueuedThreadPool.java:883)\n\tat org.eclipse.jetty.util.thread.QueuedThreadPool$Runner.run(QueuedThreadPool.java:1034)\n\tat java.base/java.lang.Thread.run(Thread.java:829)\nCaused by: net.snowflake.client.jdbc.SnowflakeSQLException: SQL compilation error:\nObject 'FIRMTABLE' does not exist or not authorized.\n\tat net.snowflake.client.jdbc.SnowflakeUtil.checkErrorAndThrowExceptionSub(SnowflakeUtil.java:127)\n\tat net.snowflake.client.jdbc.SnowflakeUtil.checkErrorAndThrowException(SnowflakeUtil.java:67)\n\tat net.snowflake.client.core.StmtUtil.pollForOutput(StmtUtil.java:442)\n\tat net.snowflake.client.core.StmtUtil.execute(StmtUtil.java:345)\n\tat net.snowflake.client.core.SFStatement.executeHelper(SFStatement.java:486)\n\tat net.snowflake.client.core.SFStatement.executeQueryInternal(SFStatement.java:197)\n\tat net.snowflake.client.core.SFStatement.executeQuery(SFStatement.java:134)\n\tat net.snowflake.client.core.SFStatement.execute(SFStatement.java:743)\n\tat net.snowflake.client.core.SFStatement.execute(SFStatement.java:639)\n\tat net.snowflake.client.jdbc.SnowflakeStatementV1.executeQueryInternal(SnowflakeStatementV1.java:238)\n\tat net.snowflake.client.jdbc.SnowflakeStatementV1.executeQuery(SnowflakeStatementV1.java:133)\n\tat com.zaxxer.hikari.pool.ProxyStatement.executeQuery(ProxyStatement.java:110)\n\tat com.zaxxer.hikari.pool.HikariProxyStatement.executeQuery(HikariProxyStatement.java)\n\tat org.finos.legend.engine.plan.execution.stores.relational.result.SQLExecutionResult.<init>(SQLExecutionResult.java:95)\n\t... 101 more\n"},"mode":"DEV","timeStamp":"2023-02-23 01:31:51.573","user":"_UNKNOWN_"}
| **selectSubClauses::mixtureOfCluases::groupByAfterConcatenate** | failing :x: |
]]></system-out>
  </testcase>
  <testcase name="testFilterAfterJoinInner[Snowflake]" classname="org.finos.legend.engine.server.test.shared.Relational_DbSpecific_UsingPureClientTestSuite$2" time="0.473">
    <error message="Assert failure at (resource:/platform/pure/basics/tests/assertEq.pure line:34 column:5), &quot;500 &apos;{&quot;code&quot;:-1,&quot;message&quot;:&quot;SnowflakeSQLException: SQL compilation error:&#10;Object &apos;PERSONTABLE&apos; does not exist or not authorized.&quot;,&quot;status&quot;:&quot;error&quot;,&quot;trace&quot;:&quot;java.lang.RuntimeException: net.snowflake.client.jdbc.SnowflakeSQLException: SQL compilation error:&#10;Object &apos;PERSONTABLE&apos; does not exist or not authorized.&#10;at org.finos.legend.engine.plan.execution.stores.relational.result.SQLExecutionResult.&lt;init&gt;(SQLExecutionResult.java:123)&#10;at org.finos.legend.engine.plan.execution.stores.relational.RelationalExecutor.execute(RelationalExecutor.java:241)&#10;at org.finos.legend.engine.plan.execution.stores.relational.plugin.RelationalExecutionNodeExecutor.visit(RelationalExecutionNodeExecutor.java:238)&#10;at org.finos.legend.engine.plan.execution.stores.relational.plugin.RelationalExecutionNodeExecutor.visit(RelationalExecutionNodeExecutor.java:252)&#10;at org.finos.legend.engine.plan.execution.stores.relational.plugin.RelationalExecutionNodeExecutor.visit(RelationalExecutionNodeExecutor.java:92)&#10;at org.finos.legend.engine.protocol.pure.v1.model.executionPlan.nodes.RelationalTdsInstantiationExecutionNode.accept(RelationalTdsInstantiationExecutionNode.java:22)&#10;at org.finos.legend.engine.plan.execution.stores.relational.RelationalExecutionExtension.lambda$getExtraNodeExecutors$fbe53481$1(RelationalExecutionExtension.java:50)&#10;at org.finos.legend.engine.plan.execution.nodes.ExecutionNodeExecutor.lambda$visit$0(ExecutionNodeExecutor.java:164)&#10;at java.base/java.util.stream.ReferencePipeline$3$1.accept(ReferencePipeline.java:195)&#10;at java.base/java.util.Spliterators$ArraySpliterator.tryAdvance(Spliterators.java:958)&#10;at java.base/java.util.stream.ReferencePipeline.forEachWithCancel(ReferencePipeline.java:127)&#10;at java.base/java.util.stream.AbstractPipeline.copyIntoWithCancel(AbstractPipeline.java:502)&#10;at java.base/java.util.stream.AbstractPipeline.copyInto(AbstractPipeline.java:488)&#10;at java.base/java.util.stream.AbstractPipeline.wrapAndCopyInto(AbstractPipeline.java:474)&#10;at java.base/java.util.stream.FindOps$FindOp.evaluateSequential(FindOps.java:150)&#10;at java.base/java.util.stream.AbstractPipeline.evaluate(AbstractPipeline.java:234)&#10;at java.base/java.util.stream.ReferencePipeline.findFirst(ReferencePipeline.java:543)&#10;at org.finos.legend.engine.plan.execution.nodes.ExecutionNodeExecutor.visit(ExecutionNodeExecutor.java:164)&#10;at org.finos.legend.engine.plan.execution.nodes.ExecutionNodeExecutor.visit(ExecutionNodeExecutor.java:107)&#10;at org.finos.legend.engine.protocol.pure.v1.model.executionPlan.nodes.RelationalTdsInstantiationExecutionNode.accept(RelationalTdsInstantiationExecutionNode.java:22)&#10;at org.finos.legend.engine.plan.execution.PlanExecutor.execute(PlanExecutor.java:238)&#10;at org.finos.legend.engine.plan.execution.PlanExecutor.execute(PlanExecutor.java:225)&#10;at org.finos.legend.engine.plan.execution.api.ExecutePlan.doExecutePlanLegacy(ExecutePlan.java:102)&#10;at org.finos.legend.engine.plan.execution.api.ExecutePlan.doExecutePlan(ExecutePlan.java:84)&#10;at org.finos.legend.engine.plan.execution.api.ExecutePlanLegacy.executePlan(ExecutePlanLegacy.java:56)&#10;at jdk.internal.reflect.GeneratedMethodAccessor100.invoke(Unknown Source)&#10;at java.base/jdk.internal.reflect.DelegatingMethodAccessorImpl.invoke(DelegatingMethodAccessorImpl.java:43)&#10;at java.base/java.lang.reflect.Method.invoke(Method.java:566)&#10;at org.glassfish.jersey.server.model.internal.ResourceMethodInvocationHandlerFactory$1.invoke(ResourceMethodInvocationHandlerFactory.java:81)&#10;at org.glassfish.jersey.server.model.internal.AbstractJavaResourceMethodDispatcher$1.run(AbstractJavaResourceMethodDispatcher.java:144)&#10;at org.glassfish.jersey.server.model.internal.AbstractJavaResourceMethodDispatcher.invoke(AbstractJavaResourceMethodDispatcher.java:161)&#10;at org.glassfish.jersey.server.model.internal.JavaResourceMethodDispatcherProvider$ResponseOutInvoker.doDispatch(JavaResourceMethodDispatcherProvider.java:160)&#10;at org.glassfish.jersey.server.model.internal.AbstractJavaResourceMethodDispatcher.dispatch(AbstractJavaResourceMethodDispatcher.java:99)&#10;at org.glassfish.jersey.server.model.ResourceMethodInvoker.invoke(ResourceMethodInvoker.java:389)&#10;at org.glassfish.jersey.server.model.ResourceMethodInvoker.apply(ResourceMethodInvoker.java:347)&#10;at org.glassfish.jersey.server.model.ResourceMethodInvoker.apply(ResourceMethodInvoker.java:102)&#10;at org.glassfish.jersey.server.ServerRuntime$2.run(ServerRuntime.java:326)&#10;at org.glassfish.jersey.internal.Errors$1.call(Errors.java:271)&#10;at org.glassfish.jersey.internal.Errors$1.call(Errors.java:267)&#10;at org.glassfish.jersey.internal.Errors.process(Errors.java:315)&#10;at org.glassfish.jersey.internal.Errors.process(Errors.java:297)&#10;at org.glassfish.jersey.internal.Errors.process(Errors.java:267)&#10;at org.glassfish.jersey.process.internal.RequestScope.runInScope(RequestScope.java:317)&#10;at org.glassfish.jersey.server.ServerRuntime.process(ServerRuntime.java:305)&#10;at org.glassfish.jersey.server.ApplicationHandler.handle(ApplicationHandler.java:1154)&#10;at org.glassfish.jersey.servlet.WebComponent.serviceImpl(WebComponent.java:473)&#10;at org.glassfish.jersey.servlet.WebComponent.service(WebComponent.java:427)&#10;at org.glassfish.jersey.servlet.ServletContainer.service(ServletContainer.java:388)&#10;at org.glassfish.jersey.servlet.ServletContainer.service(ServletContainer.java:341)&#10;at org.glassfish.jersey.servlet.ServletContainer.service(ServletContainer.java:228)&#10;at org.eclipse.jetty.servlet.ServletHolder.handle(ServletHolder.java:799)&#10;at org.eclipse.jetty.servlet.ServletHandler$ChainEnd.doFilter(ServletHandler.java:1631)&#10;at io.dropwizard.servlets.ThreadNameFilter.doFilter(ThreadNameFilter.java:35)&#10;at org.eclipse.jetty.servlet.FilterHolder.doFilter(FilterHolder.java:193)&#10;at org.eclipse.jetty.servlet.ServletHandler$Chain.doFilter(ServletHandler.java:1601)&#10;at io.dropwizard.jersey.filter.AllowedMethodsFilter.handle(AllowedMethodsFilter.java:45)&#10;at io.dropwizard.jersey.filter.AllowedMethodsFilter.doFilter(AllowedMethodsFilter.java:39)&#10;at org.eclipse.jetty.servlet.FilterHolder.doFilter(FilterHolder.java:193)&#10;at org.eclipse.jetty.servlet.ServletHandler$Chain.doFilter(ServletHandler.java:1601)&#10;at org.finos.legend.server.pac4j.internal.UsernameFilter.doFilter(UsernameFilter.java:51)&#10;at org.eclipse.jetty.servlet.FilterHolder.doFilter(FilterHolder.java:193)&#10;at org.eclipse.jetty.servlet.ServletHandler$Chain.doFilter(ServletHandler.java:1601)&#10;at org.pac4j.j2e.filter.SecurityFilter.lambda$internalFilter$0(SecurityFilter.java:95)&#10;at org.pac4j.core.engine.DefaultSecurityLogic.perform(DefaultSecurityLogic.java:140)&#10;at org.pac4j.j2e.filter.SecurityFilter.internalFilter(SecurityFilter.java:93)&#10;at org.pac4j.j2e.filter.AbstractConfigFilter.doFilter(AbstractConfigFilter.java:81)&#10;at org.eclipse.jetty.servlet.FilterHolder.doFilter(FilterHolder.java:193)&#10;at org.eclipse.jetty.servlet.ServletHandler$Chain.doFilter(ServletHandler.java:1601)&#10;at org.eclipse.jetty.servlet.ServletHandler.doHandle(ServletHandler.java:548)&#10;at org.eclipse.jetty.server.handler.ScopedHandler.nextHandle(ScopedHandler.java:233)&#10;at org.eclipse.jetty.server.session.SessionHandler.doHandle(SessionHandler.java:1624)&#10;at org.eclipse.jetty.server.handler.ScopedHandler.nextHandle(ScopedHandler.java:233)&#10;at org.eclipse.jetty.server.handler.ContextHandler.doHandle(ContextHandler.java:1434)&#10;at org.eclipse.jetty.server.handler.ScopedHandler.nextScope(ScopedHandler.java:188)&#10;at org.eclipse.jetty.servlet.ServletHandler.doScope(ServletHandler.java:501)&#10;at org.eclipse.jetty.server.session.SessionHandler.doScope(SessionHandler.java:1594)&#10;at org.eclipse.jetty.server.handler.ScopedHandler.nextScope(ScopedHandler.java:186)&#10;at org.eclipse.jetty.server.handler.ContextHandler.doScope(ContextHandler.java:1349)&#10;at org.eclipse.jetty.server.handler.ScopedHandler.handle(ScopedHandler.java:141)&#10;at org.eclipse.jetty.server.handler.HandlerWrapper.handle(HandlerWrapper.java:127)&#10;at com.codahale.metrics.jetty9.InstrumentedHandler.handle(InstrumentedHandler.java:313)&#10;at io.dropwizard.jetty.ContextRoutingHandler.handle(ContextRoutingHandler.java:37)&#10;at org.eclipse.jetty.server.handler.gzip.GzipHandler.handle(GzipHandler.java:713)&#10;at io.dropwizard.jetty.BiDiGzipHandler.handle(BiDiGzipHandler.java:67)&#10;at org.eclipse.jetty.server.handler.StatisticsHandler.handle(StatisticsHandler.java:179)&#10;at org.eclipse.jetty.server.handler.HandlerWrapper.handle(HandlerWrapper.java:127)&#10;at org.eclipse.jetty.server.Server.handle(Server.java:516)&#10;at org.eclipse.jetty.server.HttpChannel.lambda$handle$1(HttpChannel.java:400)&#10;at org.eclipse.jetty.server.HttpChannel.dispatch(HttpChannel.java:645)&#10;at org.eclipse.jetty.server.HttpChannel.handle(HttpChannel.java:392)&#10;at org.eclipse.jetty.server.HttpConnection.onFillable(HttpConnection.java:277)&#10;at org.eclipse.jetty.io.AbstractConnection$ReadCallback.succeeded(AbstractConnection.java:311)&#10;at org.eclipse.jetty.io.FillInterest.fillable(FillInterest.java:105)&#10;at org.eclipse.jetty.io.ChannelEndPoint$1.run(ChannelEndPoint.java:104)&#10;at org.eclipse.jetty.util.thread.strategy.EatWhatYouKill.runTask(EatWhatYouKill.java:338)&#10;at org.eclipse.jetty.util.thread.strategy.EatWhatYouKill.doProduce(EatWhatYouKill.java:315)&#10;at org.eclipse.jetty.util.thread.strategy.EatWhatYouKill.tryProduce(EatWhatYouKill.java:173)&#10;at org.eclipse.jetty.util.thread.strategy.EatWhatYouKill.run(EatWhatYouKill.java:131)&#10;at org.eclipse.jetty.util.thread.ReservedThreadExecutor$ReservedThread.run(ReservedThreadExecutor.java:409)&#10;at org.eclipse.jetty.util.thread.QueuedThreadPool.runJob(QueuedThreadPool.java:883)&#10;at org.eclipse.jetty.util.thread.QueuedThreadPool$Runner.run(QueuedThreadPool.java:1034)&#10;at java.base/java.lang.Thread.run(Thread.java:829)&#10;Caused by: net.snowflake.client.jdbc.SnowflakeSQLException: SQL compilation error:&#10;Object &apos;PERSONTABLE&apos; does not exist or not authorized.&#10;at net.snowflake.client.jdbc.SnowflakeUtil.checkErrorAndThrowExceptionSub(SnowflakeUtil.java:127)&#10;at net.snowflake.client.jdbc.SnowflakeUtil.checkErrorAndThrowException(SnowflakeUtil.java:67)&#10;at net.snowflake.client.core.StmtUtil.pollForOutput(StmtUtil.java:442)&#10;at net.snowflake.client.core.StmtUtil.execute(StmtUtil.java:345)&#10;at net.snowflake.client.core.SFStatement.executeHelper(SFStatement.java:486)&#10;at net.snowflake.client.core.SFStatement.executeQueryInternal(SFStatement.java:197)&#10;at net.snowflake.client.core.SFStatement.executeQuery(SFStatement.java:134)&#10;at net.snowflake.client.core.SFStatement.execute(SFStatement.java:743)&#10;at net.snowflake.client.core.SFStatement.execute(SFStatement.java:639)&#10;at net.snowflake.client.jdbc.SnowflakeStatementV1.executeQueryInternal(SnowflakeStatementV1.java:238)&#10;at net.snowflake.client.jdbc.SnowflakeStatementV1.executeQuery(SnowflakeStatementV1.java:133)&#10;at com.zaxxer.hikari.pool.ProxyStatement.executeQuery(ProxyStatement.java:110)&#10;at com.zaxxer.hikari.pool.HikariProxyStatement.executeQuery(HikariProxyStatement.java)&#10;at org.finos.legend.engine.plan.execution.stores.relational.result.SQLExecutionResult.&lt;init&gt;(SQLExecutionResult.java:95)&#10;... 101 more&#10;&quot;}&apos;&quot;" type="Assert failure at (resource"><![CDATA[Assert failure at (resource:/platform/pure/basics/tests/assertEq.pure line:34 column:5), "500 '{"code":-1,"message":"SnowflakeSQLException: SQL compilation error:
Object 'PERSONTABLE' does not exist or not authorized.","status":"error","trace":"java.lang.RuntimeException: net.snowflake.client.jdbc.SnowflakeSQLException: SQL compilation error:
Object 'PERSONTABLE' does not exist or not authorized.
at org.finos.legend.engine.plan.execution.stores.relational.result.SQLExecutionResult.<init>(SQLExecutionResult.java:123)
at org.finos.legend.engine.plan.execution.stores.relational.RelationalExecutor.execute(RelationalExecutor.java:241)
at org.finos.legend.engine.plan.execution.stores.relational.plugin.RelationalExecutionNodeExecutor.visit(RelationalExecutionNodeExecutor.java:238)
at org.finos.legend.engine.plan.execution.stores.relational.plugin.RelationalExecutionNodeExecutor.visit(RelationalExecutionNodeExecutor.java:252)
at org.finos.legend.engine.plan.execution.stores.relational.plugin.RelationalExecutionNodeExecutor.visit(RelationalExecutionNodeExecutor.java:92)
at org.finos.legend.engine.protocol.pure.v1.model.executionPlan.nodes.RelationalTdsInstantiationExecutionNode.accept(RelationalTdsInstantiationExecutionNode.java:22)
at org.finos.legend.engine.plan.execution.stores.relational.RelationalExecutionExtension.lambda$getExtraNodeExecutors$fbe53481$1(RelationalExecutionExtension.java:50)
at org.finos.legend.engine.plan.execution.nodes.ExecutionNodeExecutor.lambda$visit$0(ExecutionNodeExecutor.java:164)
at java.base/java.util.stream.ReferencePipeline$3$1.accept(ReferencePipeline.java:195)
at java.base/java.util.Spliterators$ArraySpliterator.tryAdvance(Spliterators.java:958)
at java.base/java.util.stream.ReferencePipeline.forEachWithCancel(ReferencePipeline.java:127)
at java.base/java.util.stream.AbstractPipeline.copyIntoWithCancel(AbstractPipeline.java:502)
at java.base/java.util.stream.AbstractPipeline.copyInto(AbstractPipeline.java:488)
at java.base/java.util.stream.AbstractPipeline.wrapAndCopyInto(AbstractPipeline.java:474)
at java.base/java.util.stream.FindOps$FindOp.evaluateSequential(FindOps.java:150)
at java.base/java.util.stream.AbstractPipeline.evaluate(AbstractPipeline.java:234)
at java.base/java.util.stream.ReferencePipeline.findFirst(ReferencePipeline.java:543)
at org.finos.legend.engine.plan.execution.nodes.ExecutionNodeExecutor.visit(ExecutionNodeExecutor.java:164)
at org.finos.legend.engine.plan.execution.nodes.ExecutionNodeExecutor.visit(ExecutionNodeExecutor.java:107)
at org.finos.legend.engine.protocol.pure.v1.model.executionPlan.nodes.RelationalTdsInstantiationExecutionNode.accept(RelationalTdsInstantiationExecutionNode.java:22)
at org.finos.legend.engine.plan.execution.PlanExecutor.execute(PlanExecutor.java:238)
at org.finos.legend.engine.plan.execution.PlanExecutor.execute(PlanExecutor.java:225)
at org.finos.legend.engine.plan.execution.api.ExecutePlan.doExecutePlanLegacy(ExecutePlan.java:102)
at org.finos.legend.engine.plan.execution.api.ExecutePlan.doExecutePlan(ExecutePlan.java:84)
at org.finos.legend.engine.plan.execution.api.ExecutePlanLegacy.executePlan(ExecutePlanLegacy.java:56)
at jdk.internal.reflect.GeneratedMethodAccessor100.invoke(Unknown Source)
at java.base/jdk.internal.reflect.DelegatingMethodAccessorImpl.invoke(DelegatingMethodAccessorImpl.java:43)
at java.base/java.lang.reflect.Method.invoke(Method.java:566)
at org.glassfish.jersey.server.model.internal.ResourceMethodInvocationHandlerFactory$1.invoke(ResourceMethodInvocationHandlerFactory.java:81)
at org.glassfish.jersey.server.model.internal.AbstractJavaResourceMethodDispatcher$1.run(AbstractJavaResourceMethodDispatcher.java:144)
at org.glassfish.jersey.server.model.internal.AbstractJavaResourceMethodDispatcher.invoke(AbstractJavaResourceMethodDispatcher.java:161)
at org.glassfish.jersey.server.model.internal.JavaResourceMethodDispatcherProvider$ResponseOutInvoker.doDispatch(JavaResourceMethodDispatcherProvider.java:160)
at org.glassfish.jersey.server.model.internal.AbstractJavaResourceMethodDispatcher.dispatch(AbstractJavaResourceMethodDispatcher.java:99)
at org.glassfish.jersey.server.model.ResourceMethodInvoker.invoke(ResourceMethodInvoker.java:389)
at org.glassfish.jersey.server.model.ResourceMethodInvoker.apply(ResourceMethodInvoker.java:347)
at org.glassfish.jersey.server.model.ResourceMethodInvoker.apply(ResourceMethodInvoker.java:102)
at org.glassfish.jersey.server.ServerRuntime$2.run(ServerRuntime.java:326)
at org.glassfish.jersey.internal.Errors$1.call(Errors.java:271)
at org.glassfish.jersey.internal.Errors$1.call(Errors.java:267)
at org.glassfish.jersey.internal.Errors.process(Errors.java:315)
at org.glassfish.jersey.internal.Errors.process(Errors.java:297)
at org.glassfish.jersey.internal.Errors.process(Errors.java:267)
at org.glassfish.jersey.process.internal.RequestScope.runInScope(RequestScope.java:317)
at org.glassfish.jersey.server.ServerRuntime.process(ServerRuntime.java:305)
at org.glassfish.jersey.server.ApplicationHandler.handle(ApplicationHandler.java:1154)
at org.glassfish.jersey.servlet.WebComponent.serviceImpl(WebComponent.java:473)
at org.glassfish.jersey.servlet.WebComponent.service(WebComponent.java:427)
at org.glassfish.jersey.servlet.ServletContainer.service(ServletContainer.java:388)
at org.glassfish.jersey.servlet.ServletContainer.service(ServletContainer.java:341)
at org.glassfish.jersey.servlet.ServletContainer.service(ServletContainer.java:228)
at org.eclipse.jetty.servlet.ServletHolder.handle(ServletHolder.java:799)
at org.eclipse.jetty.servlet.ServletHandler$ChainEnd.doFilter(ServletHandler.java:1631)
at io.dropwizard.servlets.ThreadNameFilter.doFilter(ThreadNameFilter.java:35)
at org.eclipse.jetty.servlet.FilterHolder.doFilter(FilterHolder.java:193)
at org.eclipse.jetty.servlet.ServletHandler$Chain.doFilter(ServletHandler.java:1601)
at io.dropwizard.jersey.filter.AllowedMethodsFilter.handle(AllowedMethodsFilter.java:45)
at io.dropwizard.jersey.filter.AllowedMethodsFilter.doFilter(AllowedMethodsFilter.java:39)
at org.eclipse.jetty.servlet.FilterHolder.doFilter(FilterHolder.java:193)
at org.eclipse.jetty.servlet.ServletHandler$Chain.doFilter(ServletHandler.java:1601)
at org.finos.legend.server.pac4j.internal.UsernameFilter.doFilter(UsernameFilter.java:51)
at org.eclipse.jetty.servlet.FilterHolder.doFilter(FilterHolder.java:193)
at org.eclipse.jetty.servlet.ServletHandler$Chain.doFilter(ServletHandler.java:1601)
at org.pac4j.j2e.filter.SecurityFilter.lambda$internalFilter$0(SecurityFilter.java:95)
at org.pac4j.core.engine.DefaultSecurityLogic.perform(DefaultSecurityLogic.java:140)
at org.pac4j.j2e.filter.SecurityFilter.internalFilter(SecurityFilter.java:93)
at org.pac4j.j2e.filter.AbstractConfigFilter.doFilter(AbstractConfigFilter.java:81)
at org.eclipse.jetty.servlet.FilterHolder.doFilter(FilterHolder.java:193)
at org.eclipse.jetty.servlet.ServletHandler$Chain.doFilter(ServletHandler.java:1601)
at org.eclipse.jetty.servlet.ServletHandler.doHandle(ServletHandler.java:548)
at org.eclipse.jetty.server.handler.ScopedHandler.nextHandle(ScopedHandler.java:233)
at org.eclipse.jetty.server.session.SessionHandler.doHandle(SessionHandler.java:1624)
at org.eclipse.jetty.server.handler.ScopedHandler.nextHandle(ScopedHandler.java:233)
at org.eclipse.jetty.server.handler.ContextHandler.doHandle(ContextHandler.java:1434)
at org.eclipse.jetty.server.handler.ScopedHandler.nextScope(ScopedHandler.java:188)
at org.eclipse.jetty.servlet.ServletHandler.doScope(ServletHandler.java:501)
at org.eclipse.jetty.server.session.SessionHandler.doScope(SessionHandler.java:1594)
at org.eclipse.jetty.server.handler.ScopedHandler.nextScope(ScopedHandler.java:186)
at org.eclipse.jetty.server.handler.ContextHandler.doScope(ContextHandler.java:1349)
at org.eclipse.jetty.server.handler.ScopedHandler.handle(ScopedHandler.java:141)
at org.eclipse.jetty.server.handler.HandlerWrapper.handle(HandlerWrapper.java:127)
at com.codahale.metrics.jetty9.InstrumentedHandler.handle(InstrumentedHandler.java:313)
at io.dropwizard.jetty.ContextRoutingHandler.handle(ContextRoutingHandler.java:37)
at org.eclipse.jetty.server.handler.gzip.GzipHandler.handle(GzipHandler.java:713)
at io.dropwizard.jetty.BiDiGzipHandler.handle(BiDiGzipHandler.java:67)
at org.eclipse.jetty.server.handler.StatisticsHandler.handle(StatisticsHandler.java:179)
at org.eclipse.jetty.server.handler.HandlerWrapper.handle(HandlerWrapper.java:127)
at org.eclipse.jetty.server.Server.handle(Server.java:516)
at org.eclipse.jetty.server.HttpChannel.lambda$handle$1(HttpChannel.java:400)
at org.eclipse.jetty.server.HttpChannel.dispatch(HttpChannel.java:645)
at org.eclipse.jetty.server.HttpChannel.handle(HttpChannel.java:392)
at org.eclipse.jetty.server.HttpConnection.onFillable(HttpConnection.java:277)
at org.eclipse.jetty.io.AbstractConnection$ReadCallback.succeeded(AbstractConnection.java:311)
at org.eclipse.jetty.io.FillInterest.fillable(FillInterest.java:105)
at org.eclipse.jetty.io.ChannelEndPoint$1.run(ChannelEndPoint.java:104)
at org.eclipse.jetty.util.thread.strategy.EatWhatYouKill.runTask(EatWhatYouKill.java:338)
at org.eclipse.jetty.util.thread.strategy.EatWhatYouKill.doProduce(EatWhatYouKill.java:315)
at org.eclipse.jetty.util.thread.strategy.EatWhatYouKill.tryProduce(EatWhatYouKill.java:173)
at org.eclipse.jetty.util.thread.strategy.EatWhatYouKill.run(EatWhatYouKill.java:131)
at org.eclipse.jetty.util.thread.ReservedThreadExecutor$ReservedThread.run(ReservedThreadExecutor.java:409)
at org.eclipse.jetty.util.thread.QueuedThreadPool.runJob(QueuedThreadPool.java:883)
at org.eclipse.jetty.util.thread.QueuedThreadPool$Runner.run(QueuedThreadPool.java:1034)
at java.base/java.lang.Thread.run(Thread.java:829)
Caused by: net.snowflake.client.jdbc.SnowflakeSQLException: SQL compilation error:
Object 'PERSONTABLE' does not exist or not authorized.
at net.snowflake.client.jdbc.SnowflakeUtil.checkErrorAndThrowExceptionSub(SnowflakeUtil.java:127)
at net.snowflake.client.jdbc.SnowflakeUtil.checkErrorAndThrowException(SnowflakeUtil.java:67)
at net.snowflake.client.core.StmtUtil.pollForOutput(StmtUtil.java:442)
at net.snowflake.client.core.StmtUtil.execute(StmtUtil.java:345)
at net.snowflake.client.core.SFStatement.executeHelper(SFStatement.java:486)
at net.snowflake.client.core.SFStatement.executeQueryInternal(SFStatement.java:197)
at net.snowflake.client.core.SFStatement.executeQuery(SFStatement.java:134)
at net.snowflake.client.core.SFStatement.execute(SFStatement.java:743)
at net.snowflake.client.core.SFStatement.execute(SFStatement.java:639)
at net.snowflake.client.jdbc.SnowflakeStatementV1.executeQueryInternal(SnowflakeStatementV1.java:238)
at net.snowflake.client.jdbc.SnowflakeStatementV1.executeQuery(SnowflakeStatementV1.java:133)
at com.zaxxer.hikari.pool.ProxyStatement.executeQuery(ProxyStatement.java:110)
at com.zaxxer.hikari.pool.HikariProxyStatement.executeQuery(HikariProxyStatement.java)
at org.finos.legend.engine.plan.execution.stores.relational.result.SQLExecutionResult.<init>(SQLExecutionResult.java:95)
... 101 more
"}'"
	at org.finos.legend.pure.runtime.java.compiled.generation.processors.support.CompiledSupport.pureAssert(CompiledSupport.java:1994)
	at org.finos.legend.pure.generated.platform_pure_basics_tests_assertEq.Root_meta_pure_functions_asserts_assertEq_Any_1__Any_1__Function_1__Boolean_1_(platform_pure_basics_tests_assertEq.java:44)
	at org.finos.legend.pure.generated.core_pure_protocol_vX_X_X_invocations_execution.Root_meta_protocols_pure_vX_X_X_invocation_execution_execute_executePlan_String_1__String_1__Integer_1__String_1_(core_pure_protocol_vX_X_X_invocations_execution.java:751)
	at org.finos.legend.pure.generated.core_pure_protocol_vX_X_X_invocations_execution.Root_meta_protocols_pure_vX_X_X_invocation_execution_execute_executePlan_ExecutionPlan_1__String_1__Integer_1__Extension_MANY__String_1_(core_pure_protocol_vX_X_X_invocations_execution.java:745)
	at org.finos.legend.pure.generated.core_pure_protocol_vX_X_X_invocations_execution.Root_meta_protocols_pure_vX_X_X_invocation_execution_execute_executePlan_ExecutionPlan_1__ExecutionContext_$0_1$__String_1__Integer_1__Extension_MANY__Result_1_(core_pure_protocol_vX_X_X_invocations_execution.java:738)
	at jdk.internal.reflect.GeneratedMethodAccessor96.invoke(Unknown Source)
	at java.base/jdk.internal.reflect.DelegatingMethodAccessorImpl.invoke(DelegatingMethodAccessorImpl.java:43)
	at java.base/java.lang.reflect.Method.invoke(Method.java:566)
	at org.finos.legend.pure.runtime.java.compiled.metadata.JavaMethodWithParamsSharedPureFunction.execute(JavaMethodWithParamsSharedPureFunction.java:59)
	at org.finos.legend.pure.runtime.java.compiled.generation.processors.support.Pure._evaluateToMany(Pure.java:546)
	at org.finos.legend.pure.generated.CoreGen.evaluateToMany(CoreGen.java:147)
	at org.finos.legend.pure.generated.CoreGen.evaluateToMany(CoreGen.java:134)
	at org.finos.legend.pure.generated.core_pure_router_router_entry$9$1.value(core_pure_router_router_entry.java:318)
	at org.finos.legend.pure.generated.core_pure_router_router_entry$9$1.execute(core_pure_router_router_entry.java:311)
	at org.finos.legend.pure.generated.core_pure_router_router_entry$9$1.execute(core_pure_router_router_entry.java:307)
	at org.finos.legend.pure.runtime.java.compiled.generation.processors.support.Pure.evaluate(Pure.java:485)
	at org.finos.legend.pure.runtime.java.compiled.generation.processors.support.Pure.legendTest(Pure.java:216)
	at org.finos.legend.pure.generated.CoreGen.legendTest(CoreGen.java:61)
	at org.finos.legend.pure.generated.core_pure_router_router_entry$9.valueOf(core_pure_router_router_entry.java:303)
	at org.finos.legend.pure.generated.core_pure_router_router_entry$9.execute(core_pure_router_router_entry.java:298)
	at org.finos.legend.pure.generated.core_pure_router_router_entry$9.execute(core_pure_router_router_entry.java:294)
	at org.finos.legend.pure.runtime.java.compiled.generation.processors.support.Pure.evaluate(Pure.java:485)
	at org.finos.legend.pure.runtime.java.compiled.generation.processors.support.Pure.traceSpan(Pure.java:1482)
	at org.finos.legend.pure.generated.CoreGen.traceSpan(CoreGen.java:203)
	at org.finos.legend.pure.generated.core_pure_router_router_entry.Root_meta_pure_router_executePlan_ExecutionPlan_1__ExecutionContext_1__Extension_MANY__Result_$0_1$_(core_pure_router_router_entry.java:290)
	at org.finos.legend.pure.generated.core_pure_router_router_entry.Root_meta_pure_router_executePlan_ExecutionPlan_1__Extension_MANY__Result_$0_1$_(core_pure_router_router_entry.java:285)
	at org.finos.legend.pure.generated.core_relational_relational_sqlQueryToString_dbTestRunner_executionPlanTestRunner$19.execute(core_relational_relational_sqlQueryToString_dbTestRunner_executionPlanTestRunner.java:305)
	at org.finos.legend.pure.generated.core_relational_relational_sqlQueryToString_dbTestRunner_executionPlanTestRunner.Root_meta_relational_dbTestRunner_executeViaPlan_FunctionDefinition_1__Mapping_1__Database_1__DbTestConfig_1__Extension_MANY__Result_$0_1$_(core_relational_relational_sqlQueryToString_dbTestRunner_executionPlanTestRunner.java:309)
	at org.finos.legend.pure.generated.core_relational_relational_sqlQueryToString_testSuite_selectSubClauses_mixtureOfClauses.Root_meta_relational_tests_dbSpecificTests_sqlQueryTests_selectSubClauses_mixtureOfCluases_testFilterAfterJoinInner_DbTestConfig_1__Boolean_1_(core_relational_relational_sqlQueryToString_testSuite_selectSubClauses_mixtureOfClauses.java:420)
	at java.base/jdk.internal.reflect.NativeMethodAccessorImpl.invoke0(Native Method)
	at java.base/jdk.internal.reflect.NativeMethodAccessorImpl.invoke(NativeMethodAccessorImpl.java:62)
	at java.base/jdk.internal.reflect.DelegatingMethodAccessorImpl.invoke(DelegatingMethodAccessorImpl.java:43)
	at java.base/java.lang.reflect.Method.invoke(Method.java:566)
	at org.finos.legend.pure.runtime.java.compiled.testHelper.PureTestBuilderCompiled.executeFn(PureTestBuilderCompiled.java:113)
	at org.finos.legend.pure.runtime.java.compiled.testHelper.PureTestBuilderCompiled.lambda$buildSuite$0(PureTestBuilderCompiled.java:79)
	at org.finos.legend.pure.m3.execution.test.PureTestBuilder$PureTestCase.runTest(PureTestBuilder.java:95)
	at junit.framework.TestCase.runBare(TestCase.java:142)
	at org.finos.legend.engine.server.test.shared.Relational_DbSpecific_UsingPureClientTestSuite$2.runTest(Relational_DbSpecific_UsingPureClientTestSuite.java:90)
	at junit.framework.TestCase.runBare(TestCase.java:142)
	at junit.framework.TestResult$1.protect(TestResult.java:122)
	at junit.framework.TestResult.runProtected(TestResult.java:142)
	at junit.framework.TestResult.run(TestResult.java:125)
	at junit.framework.TestCase.run(TestCase.java:130)
	at junit.framework.TestSuite.runTest(TestSuite.java:241)
	at junit.framework.TestSuite.run(TestSuite.java:236)
	at junit.framework.TestSuite.runTest(TestSuite.java:241)
	at junit.framework.TestSuite.run(TestSuite.java:236)
	at junit.framework.TestSuite.runTest(TestSuite.java:241)
	at junit.framework.TestSuite.run(TestSuite.java:236)
	at junit.framework.TestSuite.runTest(TestSuite.java:241)
	at junit.framework.TestSuite.run(TestSuite.java:236)
	at junit.framework.TestSuite.runTest(TestSuite.java:241)
	at junit.framework.TestSuite.run(TestSuite.java:236)
	at junit.extensions.TestDecorator.basicRun(TestDecorator.java:24)
	at junit.extensions.TestSetup$1.protect(TestSetup.java:23)
	at junit.framework.TestResult.runProtected(TestResult.java:142)
	at junit.extensions.TestSetup.run(TestSetup.java:27)
	at org.junit.internal.runners.JUnit38ClassRunner.run(JUnit38ClassRunner.java:90)
	at org.apache.maven.surefire.junit4.JUnit4Provider.execute(JUnit4Provider.java:365)
	at org.apache.maven.surefire.junit4.JUnit4Provider.executeWithRerun(JUnit4Provider.java:273)
	at org.apache.maven.surefire.junit4.JUnit4Provider.executeTestSet(JUnit4Provider.java:238)
	at org.apache.maven.surefire.junit4.JUnit4Provider.invoke(JUnit4Provider.java:159)
	at org.apache.maven.surefire.booter.ForkedBooter.invokeProviderInSameClassLoader(ForkedBooter.java:384)
	at org.apache.maven.surefire.booter.ForkedBooter.runSuitesInProcess(ForkedBooter.java:345)
	at org.apache.maven.surefire.booter.ForkedBooter.execute(ForkedBooter.java:126)
	at org.apache.maven.surefire.booter.ForkedBooter.main(ForkedBooter.java:418)
]]></error>
    <system-out><![CDATA[Running db test selectSubClauses::mixtureOfCluases::testFilterAfterJoinInner
{"duration":0.0,"eventType":"EXECUTION_PLAN_EXEC_ERROR","info":{"code":-1,"message":"SnowflakeSQLException: SQL compilation error:\nObject 'PERSONTABLE' does not exist or not authorized.","status":"error","trace":"java.lang.RuntimeException: net.snowflake.client.jdbc.SnowflakeSQLException: SQL compilation error:\nObject 'PERSONTABLE' does not exist or not authorized.\n\tat org.finos.legend.engine.plan.execution.stores.relational.result.SQLExecutionResult.<init>(SQLExecutionResult.java:123)\n\tat org.finos.legend.engine.plan.execution.stores.relational.RelationalExecutor.execute(RelationalExecutor.java:241)\n\tat org.finos.legend.engine.plan.execution.stores.relational.plugin.RelationalExecutionNodeExecutor.visit(RelationalExecutionNodeExecutor.java:238)\n\tat org.finos.legend.engine.plan.execution.stores.relational.plugin.RelationalExecutionNodeExecutor.visit(RelationalExecutionNodeExecutor.java:252)\n\tat org.finos.legend.engine.plan.execution.stores.relational.plugin.RelationalExecutionNodeExecutor.visit(RelationalExecutionNodeExecutor.java:92)\n\tat org.finos.legend.engine.protocol.pure.v1.model.executionPlan.nodes.RelationalTdsInstantiationExecutionNode.accept(RelationalTdsInstantiationExecutionNode.java:22)\n\tat org.finos.legend.engine.plan.execution.stores.relational.RelationalExecutionExtension.lambda$getExtraNodeExecutors$fbe53481$1(RelationalExecutionExtension.java:50)\n\tat org.finos.legend.engine.plan.execution.nodes.ExecutionNodeExecutor.lambda$visit$0(ExecutionNodeExecutor.java:164)\n\tat java.base/java.util.stream.ReferencePipeline$3$1.accept(ReferencePipeline.java:195)\n\tat java.base/java.util.Spliterators$ArraySpliterator.tryAdvance(Spliterators.java:958)\n\tat java.base/java.util.stream.ReferencePipeline.forEachWithCancel(ReferencePipeline.java:127)\n\tat java.base/java.util.stream.AbstractPipeline.copyIntoWithCancel(AbstractPipeline.java:502)\n\tat java.base/java.util.stream.AbstractPipeline.copyInto(AbstractPipeline.java:488)\n\tat java.base/java.util.stream.AbstractPipeline.wrapAndCopyInto(AbstractPipeline.java:474)\n\tat java.base/java.util.stream.FindOps$FindOp.evaluateSequential(FindOps.java:150)\n\tat java.base/java.util.stream.AbstractPipeline.evaluate(AbstractPipeline.java:234)\n\tat java.base/java.util.stream.ReferencePipeline.findFirst(ReferencePipeline.java:543)\n\tat org.finos.legend.engine.plan.execution.nodes.ExecutionNodeExecutor.visit(ExecutionNodeExecutor.java:164)\n\tat org.finos.legend.engine.plan.execution.nodes.ExecutionNodeExecutor.visit(ExecutionNodeExecutor.java:107)\n\tat org.finos.legend.engine.protocol.pure.v1.model.executionPlan.nodes.RelationalTdsInstantiationExecutionNode.accept(RelationalTdsInstantiationExecutionNode.java:22)\n\tat org.finos.legend.engine.plan.execution.PlanExecutor.execute(PlanExecutor.java:238)\n\tat org.finos.legend.engine.plan.execution.PlanExecutor.execute(PlanExecutor.java:225)\n\tat org.finos.legend.engine.plan.execution.api.ExecutePlan.doExecutePlanLegacy(ExecutePlan.java:102)\n\tat org.finos.legend.engine.plan.execution.api.ExecutePlan.doExecutePlan(ExecutePlan.java:84)\n\tat org.finos.legend.engine.plan.execution.api.ExecutePlanLegacy.executePlan(ExecutePlanLegacy.java:56)\n\tat jdk.internal.reflect.GeneratedMethodAccessor100.invoke(Unknown Source)\n\tat java.base/jdk.internal.reflect.DelegatingMethodAccessorImpl.invoke(DelegatingMethodAccessorImpl.java:43)\n\tat java.base/java.lang.reflect.Method.invoke(Method.java:566)\n\tat org.glassfish.jersey.server.model.internal.ResourceMethodInvocationHandlerFactory$1.invoke(ResourceMethodInvocationHandlerFactory.java:81)\n\tat org.glassfish.jersey.server.model.internal.AbstractJavaResourceMethodDispatcher$1.run(AbstractJavaResourceMethodDispatcher.java:144)\n\tat org.glassfish.jersey.server.model.internal.AbstractJavaResourceMethodDispatcher.invoke(AbstractJavaResourceMethodDispatcher.java:161)\n\tat org.glassfish.jersey.server.model.internal.JavaResourceMethodDispatcherProvider$ResponseOutInvoker.doDispatch(JavaResourceMethodDispatcherProvider.java:160)\n\tat org.glassfish.jersey.server.model.internal.AbstractJavaResourceMethodDispatcher.dispatch(AbstractJavaResourceMethodDispatcher.java:99)\n\tat org.glassfish.jersey.server.model.ResourceMethodInvoker.invoke(ResourceMethodInvoker.java:389)\n\tat org.glassfish.jersey.server.model.ResourceMethodInvoker.apply(ResourceMethodInvoker.java:347)\n\tat org.glassfish.jersey.server.model.ResourceMethodInvoker.apply(ResourceMethodInvoker.java:102)\n\tat org.glassfish.jersey.server.ServerRuntime$2.run(ServerRuntime.java:326)\n\tat org.glassfish.jersey.internal.Errors$1.call(Errors.java:271)\n\tat org.glassfish.jersey.internal.Errors$1.call(Errors.java:267)\n\tat org.glassfish.jersey.internal.Errors.process(Errors.java:315)\n\tat org.glassfish.jersey.internal.Errors.process(Errors.java:297)\n\tat org.glassfish.jersey.internal.Errors.process(Errors.java:267)\n\tat org.glassfish.jersey.process.internal.RequestScope.runInScope(RequestScope.java:317)\n\tat org.glassfish.jersey.server.ServerRuntime.process(ServerRuntime.java:305)\n\tat org.glassfish.jersey.server.ApplicationHandler.handle(ApplicationHandler.java:1154)\n\tat org.glassfish.jersey.servlet.WebComponent.serviceImpl(WebComponent.java:473)\n\tat org.glassfish.jersey.servlet.WebComponent.service(WebComponent.java:427)\n\tat org.glassfish.jersey.servlet.ServletContainer.service(ServletContainer.java:388)\n\tat org.glassfish.jersey.servlet.ServletContainer.service(ServletContainer.java:341)\n\tat org.glassfish.jersey.servlet.ServletContainer.service(ServletContainer.java:228)\n\tat org.eclipse.jetty.servlet.ServletHolder.handle(ServletHolder.java:799)\n\tat org.eclipse.jetty.servlet.ServletHandler$ChainEnd.doFilter(ServletHandler.java:1631)\n\tat io.dropwizard.servlets.ThreadNameFilter.doFilter(ThreadNameFilter.java:35)\n\tat org.eclipse.jetty.servlet.FilterHolder.doFilter(FilterHolder.java:193)\n\tat org.eclipse.jetty.servlet.ServletHandler$Chain.doFilter(ServletHandler.java:1601)\n\tat io.dropwizard.jersey.filter.AllowedMethodsFilter.handle(AllowedMethodsFilter.java:45)\n\tat io.dropwizard.jersey.filter.AllowedMethodsFilter.doFilter(AllowedMethodsFilter.java:39)\n\tat org.eclipse.jetty.servlet.FilterHolder.doFilter(FilterHolder.java:193)\n\tat org.eclipse.jetty.servlet.ServletHandler$Chain.doFilter(ServletHandler.java:1601)\n\tat org.finos.legend.server.pac4j.internal.UsernameFilter.doFilter(UsernameFilter.java:51)\n\tat org.eclipse.jetty.servlet.FilterHolder.doFilter(FilterHolder.java:193)\n\tat org.eclipse.jetty.servlet.ServletHandler$Chain.doFilter(ServletHandler.java:1601)\n\tat org.pac4j.j2e.filter.SecurityFilter.lambda$internalFilter$0(SecurityFilter.java:95)\n\tat org.pac4j.core.engine.DefaultSecurityLogic.perform(DefaultSecurityLogic.java:140)\n\tat org.pac4j.j2e.filter.SecurityFilter.internalFilter(SecurityFilter.java:93)\n\tat org.pac4j.j2e.filter.AbstractConfigFilter.doFilter(AbstractConfigFilter.java:81)\n\tat org.eclipse.jetty.servlet.FilterHolder.doFilter(FilterHolder.java:193)\n\tat org.eclipse.jetty.servlet.ServletHandler$Chain.doFilter(ServletHandler.java:1601)\n\tat org.eclipse.jetty.servlet.ServletHandler.doHandle(ServletHandler.java:548)\n\tat org.eclipse.jetty.server.handler.ScopedHandler.nextHandle(ScopedHandler.java:233)\n\tat org.eclipse.jetty.server.session.SessionHandler.doHandle(SessionHandler.java:1624)\n\tat org.eclipse.jetty.server.handler.ScopedHandler.nextHandle(ScopedHandler.java:233)\n\tat org.eclipse.jetty.server.handler.ContextHandler.doHandle(ContextHandler.java:1434)\n\tat org.eclipse.jetty.server.handler.ScopedHandler.nextScope(ScopedHandler.java:188)\n\tat org.eclipse.jetty.servlet.ServletHandler.doScope(ServletHandler.java:501)\n\tat org.eclipse.jetty.server.session.SessionHandler.doScope(SessionHandler.java:1594)\n\tat org.eclipse.jetty.server.handler.ScopedHandler.nextScope(ScopedHandler.java:186)\n\tat org.eclipse.jetty.server.handler.ContextHandler.doScope(ContextHandler.java:1349)\n\tat org.eclipse.jetty.server.handler.ScopedHandler.handle(ScopedHandler.java:141)\n\tat org.eclipse.jetty.server.handler.HandlerWrapper.handle(HandlerWrapper.java:127)\n\tat com.codahale.metrics.jetty9.InstrumentedHandler.handle(InstrumentedHandler.java:313)\n\tat io.dropwizard.jetty.ContextRoutingHandler.handle(ContextRoutingHandler.java:37)\n\tat org.eclipse.jetty.server.handler.gzip.GzipHandler.handle(GzipHandler.java:713)\n\tat io.dropwizard.jetty.BiDiGzipHandler.handle(BiDiGzipHandler.java:67)\n\tat org.eclipse.jetty.server.handler.StatisticsHandler.handle(StatisticsHandler.java:179)\n\tat org.eclipse.jetty.server.handler.HandlerWrapper.handle(HandlerWrapper.java:127)\n\tat org.eclipse.jetty.server.Server.handle(Server.java:516)\n\tat org.eclipse.jetty.server.HttpChannel.lambda$handle$1(HttpChannel.java:400)\n\tat org.eclipse.jetty.server.HttpChannel.dispatch(HttpChannel.java:645)\n\tat org.eclipse.jetty.server.HttpChannel.handle(HttpChannel.java:392)\n\tat org.eclipse.jetty.server.HttpConnection.onFillable(HttpConnection.java:277)\n\tat org.eclipse.jetty.io.AbstractConnection$ReadCallback.succeeded(AbstractConnection.java:311)\n\tat org.eclipse.jetty.io.FillInterest.fillable(FillInterest.java:105)\n\tat org.eclipse.jetty.io.ChannelEndPoint$1.run(ChannelEndPoint.java:104)\n\tat org.eclipse.jetty.util.thread.strategy.EatWhatYouKill.runTask(EatWhatYouKill.java:338)\n\tat org.eclipse.jetty.util.thread.strategy.EatWhatYouKill.doProduce(EatWhatYouKill.java:315)\n\tat org.eclipse.jetty.util.thread.strategy.EatWhatYouKill.tryProduce(EatWhatYouKill.java:173)\n\tat org.eclipse.jetty.util.thread.strategy.EatWhatYouKill.run(EatWhatYouKill.java:131)\n\tat org.eclipse.jetty.util.thread.ReservedThreadExecutor$ReservedThread.run(ReservedThreadExecutor.java:409)\n\tat org.eclipse.jetty.util.thread.QueuedThreadPool.runJob(QueuedThreadPool.java:883)\n\tat org.eclipse.jetty.util.thread.QueuedThreadPool$Runner.run(QueuedThreadPool.java:1034)\n\tat java.base/java.lang.Thread.run(Thread.java:829)\nCaused by: net.snowflake.client.jdbc.SnowflakeSQLException: SQL compilation error:\nObject 'PERSONTABLE' does not exist or not authorized.\n\tat net.snowflake.client.jdbc.SnowflakeUtil.checkErrorAndThrowExceptionSub(SnowflakeUtil.java:127)\n\tat net.snowflake.client.jdbc.SnowflakeUtil.checkErrorAndThrowException(SnowflakeUtil.java:67)\n\tat net.snowflake.client.core.StmtUtil.pollForOutput(StmtUtil.java:442)\n\tat net.snowflake.client.core.StmtUtil.execute(StmtUtil.java:345)\n\tat net.snowflake.client.core.SFStatement.executeHelper(SFStatement.java:486)\n\tat net.snowflake.client.core.SFStatement.executeQueryInternal(SFStatement.java:197)\n\tat net.snowflake.client.core.SFStatement.executeQuery(SFStatement.java:134)\n\tat net.snowflake.client.core.SFStatement.execute(SFStatement.java:743)\n\tat net.snowflake.client.core.SFStatement.execute(SFStatement.java:639)\n\tat net.snowflake.client.jdbc.SnowflakeStatementV1.executeQueryInternal(SnowflakeStatementV1.java:238)\n\tat net.snowflake.client.jdbc.SnowflakeStatementV1.executeQuery(SnowflakeStatementV1.java:133)\n\tat com.zaxxer.hikari.pool.ProxyStatement.executeQuery(ProxyStatement.java:110)\n\tat com.zaxxer.hikari.pool.HikariProxyStatement.executeQuery(HikariProxyStatement.java)\n\tat org.finos.legend.engine.plan.execution.stores.relational.result.SQLExecutionResult.<init>(SQLExecutionResult.java:95)\n\t... 101 more\n"},"mode":"DEV","timeStamp":"2023-02-23 01:31:52.040","user":"_UNKNOWN_"}
| **selectSubClauses::mixtureOfCluases::testFilterAfterJoinInner** | failing :x: |
]]></system-out>
  </testcase>
  <testcase name="testFilterAfterJoinOuter[Snowflake]" classname="org.finos.legend.engine.server.test.shared.Relational_DbSpecific_UsingPureClientTestSuite$2" time="0.365">
    <error message="Assert failure at (resource:/platform/pure/basics/tests/assertEq.pure line:34 column:5), &quot;500 &apos;{&quot;code&quot;:-1,&quot;message&quot;:&quot;SnowflakeSQLException: SQL compilation error:&#10;Object &apos;PERSONTABLE&apos; does not exist or not authorized.&quot;,&quot;status&quot;:&quot;error&quot;,&quot;trace&quot;:&quot;java.lang.RuntimeException: net.snowflake.client.jdbc.SnowflakeSQLException: SQL compilation error:&#10;Object &apos;PERSONTABLE&apos; does not exist or not authorized.&#10;at org.finos.legend.engine.plan.execution.stores.relational.result.SQLExecutionResult.&lt;init&gt;(SQLExecutionResult.java:123)&#10;at org.finos.legend.engine.plan.execution.stores.relational.RelationalExecutor.execute(RelationalExecutor.java:241)&#10;at org.finos.legend.engine.plan.execution.stores.relational.plugin.RelationalExecutionNodeExecutor.visit(RelationalExecutionNodeExecutor.java:238)&#10;at org.finos.legend.engine.plan.execution.stores.relational.plugin.RelationalExecutionNodeExecutor.visit(RelationalExecutionNodeExecutor.java:252)&#10;at org.finos.legend.engine.plan.execution.stores.relational.plugin.RelationalExecutionNodeExecutor.visit(RelationalExecutionNodeExecutor.java:92)&#10;at org.finos.legend.engine.protocol.pure.v1.model.executionPlan.nodes.RelationalTdsInstantiationExecutionNode.accept(RelationalTdsInstantiationExecutionNode.java:22)&#10;at org.finos.legend.engine.plan.execution.stores.relational.RelationalExecutionExtension.lambda$getExtraNodeExecutors$fbe53481$1(RelationalExecutionExtension.java:50)&#10;at org.finos.legend.engine.plan.execution.nodes.ExecutionNodeExecutor.lambda$visit$0(ExecutionNodeExecutor.java:164)&#10;at java.base/java.util.stream.ReferencePipeline$3$1.accept(ReferencePipeline.java:195)&#10;at java.base/java.util.Spliterators$ArraySpliterator.tryAdvance(Spliterators.java:958)&#10;at java.base/java.util.stream.ReferencePipeline.forEachWithCancel(ReferencePipeline.java:127)&#10;at java.base/java.util.stream.AbstractPipeline.copyIntoWithCancel(AbstractPipeline.java:502)&#10;at java.base/java.util.stream.AbstractPipeline.copyInto(AbstractPipeline.java:488)&#10;at java.base/java.util.stream.AbstractPipeline.wrapAndCopyInto(AbstractPipeline.java:474)&#10;at java.base/java.util.stream.FindOps$FindOp.evaluateSequential(FindOps.java:150)&#10;at java.base/java.util.stream.AbstractPipeline.evaluate(AbstractPipeline.java:234)&#10;at java.base/java.util.stream.ReferencePipeline.findFirst(ReferencePipeline.java:543)&#10;at org.finos.legend.engine.plan.execution.nodes.ExecutionNodeExecutor.visit(ExecutionNodeExecutor.java:164)&#10;at org.finos.legend.engine.plan.execution.nodes.ExecutionNodeExecutor.visit(ExecutionNodeExecutor.java:107)&#10;at org.finos.legend.engine.protocol.pure.v1.model.executionPlan.nodes.RelationalTdsInstantiationExecutionNode.accept(RelationalTdsInstantiationExecutionNode.java:22)&#10;at org.finos.legend.engine.plan.execution.PlanExecutor.execute(PlanExecutor.java:238)&#10;at org.finos.legend.engine.plan.execution.PlanExecutor.execute(PlanExecutor.java:225)&#10;at org.finos.legend.engine.plan.execution.api.ExecutePlan.doExecutePlanLegacy(ExecutePlan.java:102)&#10;at org.finos.legend.engine.plan.execution.api.ExecutePlan.doExecutePlan(ExecutePlan.java:84)&#10;at org.finos.legend.engine.plan.execution.api.ExecutePlanLegacy.executePlan(ExecutePlanLegacy.java:56)&#10;at jdk.internal.reflect.GeneratedMethodAccessor100.invoke(Unknown Source)&#10;at java.base/jdk.internal.reflect.DelegatingMethodAccessorImpl.invoke(DelegatingMethodAccessorImpl.java:43)&#10;at java.base/java.lang.reflect.Method.invoke(Method.java:566)&#10;at org.glassfish.jersey.server.model.internal.ResourceMethodInvocationHandlerFactory$1.invoke(ResourceMethodInvocationHandlerFactory.java:81)&#10;at org.glassfish.jersey.server.model.internal.AbstractJavaResourceMethodDispatcher$1.run(AbstractJavaResourceMethodDispatcher.java:144)&#10;at org.glassfish.jersey.server.model.internal.AbstractJavaResourceMethodDispatcher.invoke(AbstractJavaResourceMethodDispatcher.java:161)&#10;at org.glassfish.jersey.server.model.internal.JavaResourceMethodDispatcherProvider$ResponseOutInvoker.doDispatch(JavaResourceMethodDispatcherProvider.java:160)&#10;at org.glassfish.jersey.server.model.internal.AbstractJavaResourceMethodDispatcher.dispatch(AbstractJavaResourceMethodDispatcher.java:99)&#10;at org.glassfish.jersey.server.model.ResourceMethodInvoker.invoke(ResourceMethodInvoker.java:389)&#10;at org.glassfish.jersey.server.model.ResourceMethodInvoker.apply(ResourceMethodInvoker.java:347)&#10;at org.glassfish.jersey.server.model.ResourceMethodInvoker.apply(ResourceMethodInvoker.java:102)&#10;at org.glassfish.jersey.server.ServerRuntime$2.run(ServerRuntime.java:326)&#10;at org.glassfish.jersey.internal.Errors$1.call(Errors.java:271)&#10;at org.glassfish.jersey.internal.Errors$1.call(Errors.java:267)&#10;at org.glassfish.jersey.internal.Errors.process(Errors.java:315)&#10;at org.glassfish.jersey.internal.Errors.process(Errors.java:297)&#10;at org.glassfish.jersey.internal.Errors.process(Errors.java:267)&#10;at org.glassfish.jersey.process.internal.RequestScope.runInScope(RequestScope.java:317)&#10;at org.glassfish.jersey.server.ServerRuntime.process(ServerRuntime.java:305)&#10;at org.glassfish.jersey.server.ApplicationHandler.handle(ApplicationHandler.java:1154)&#10;at org.glassfish.jersey.servlet.WebComponent.serviceImpl(WebComponent.java:473)&#10;at org.glassfish.jersey.servlet.WebComponent.service(WebComponent.java:427)&#10;at org.glassfish.jersey.servlet.ServletContainer.service(ServletContainer.java:388)&#10;at org.glassfish.jersey.servlet.ServletContainer.service(ServletContainer.java:341)&#10;at org.glassfish.jersey.servlet.ServletContainer.service(ServletContainer.java:228)&#10;at org.eclipse.jetty.servlet.ServletHolder.handle(ServletHolder.java:799)&#10;at org.eclipse.jetty.servlet.ServletHandler$ChainEnd.doFilter(ServletHandler.java:1631)&#10;at io.dropwizard.servlets.ThreadNameFilter.doFilter(ThreadNameFilter.java:35)&#10;at org.eclipse.jetty.servlet.FilterHolder.doFilter(FilterHolder.java:193)&#10;at org.eclipse.jetty.servlet.ServletHandler$Chain.doFilter(ServletHandler.java:1601)&#10;at io.dropwizard.jersey.filter.AllowedMethodsFilter.handle(AllowedMethodsFilter.java:45)&#10;at io.dropwizard.jersey.filter.AllowedMethodsFilter.doFilter(AllowedMethodsFilter.java:39)&#10;at org.eclipse.jetty.servlet.FilterHolder.doFilter(FilterHolder.java:193)&#10;at org.eclipse.jetty.servlet.ServletHandler$Chain.doFilter(ServletHandler.java:1601)&#10;at org.finos.legend.server.pac4j.internal.UsernameFilter.doFilter(UsernameFilter.java:51)&#10;at org.eclipse.jetty.servlet.FilterHolder.doFilter(FilterHolder.java:193)&#10;at org.eclipse.jetty.servlet.ServletHandler$Chain.doFilter(ServletHandler.java:1601)&#10;at org.pac4j.j2e.filter.SecurityFilter.lambda$internalFilter$0(SecurityFilter.java:95)&#10;at org.pac4j.core.engine.DefaultSecurityLogic.perform(DefaultSecurityLogic.java:140)&#10;at org.pac4j.j2e.filter.SecurityFilter.internalFilter(SecurityFilter.java:93)&#10;at org.pac4j.j2e.filter.AbstractConfigFilter.doFilter(AbstractConfigFilter.java:81)&#10;at org.eclipse.jetty.servlet.FilterHolder.doFilter(FilterHolder.java:193)&#10;at org.eclipse.jetty.servlet.ServletHandler$Chain.doFilter(ServletHandler.java:1601)&#10;at org.eclipse.jetty.servlet.ServletHandler.doHandle(ServletHandler.java:548)&#10;at org.eclipse.jetty.server.handler.ScopedHandler.nextHandle(ScopedHandler.java:233)&#10;at org.eclipse.jetty.server.session.SessionHandler.doHandle(SessionHandler.java:1624)&#10;at org.eclipse.jetty.server.handler.ScopedHandler.nextHandle(ScopedHandler.java:233)&#10;at org.eclipse.jetty.server.handler.ContextHandler.doHandle(ContextHandler.java:1434)&#10;at org.eclipse.jetty.server.handler.ScopedHandler.nextScope(ScopedHandler.java:188)&#10;at org.eclipse.jetty.servlet.ServletHandler.doScope(ServletHandler.java:501)&#10;at org.eclipse.jetty.server.session.SessionHandler.doScope(SessionHandler.java:1594)&#10;at org.eclipse.jetty.server.handler.ScopedHandler.nextScope(ScopedHandler.java:186)&#10;at org.eclipse.jetty.server.handler.ContextHandler.doScope(ContextHandler.java:1349)&#10;at org.eclipse.jetty.server.handler.ScopedHandler.handle(ScopedHandler.java:141)&#10;at org.eclipse.jetty.server.handler.HandlerWrapper.handle(HandlerWrapper.java:127)&#10;at com.codahale.metrics.jetty9.InstrumentedHandler.handle(InstrumentedHandler.java:313)&#10;at io.dropwizard.jetty.ContextRoutingHandler.handle(ContextRoutingHandler.java:37)&#10;at org.eclipse.jetty.server.handler.gzip.GzipHandler.handle(GzipHandler.java:713)&#10;at io.dropwizard.jetty.BiDiGzipHandler.handle(BiDiGzipHandler.java:67)&#10;at org.eclipse.jetty.server.handler.StatisticsHandler.handle(StatisticsHandler.java:179)&#10;at org.eclipse.jetty.server.handler.HandlerWrapper.handle(HandlerWrapper.java:127)&#10;at org.eclipse.jetty.server.Server.handle(Server.java:516)&#10;at org.eclipse.jetty.server.HttpChannel.lambda$handle$1(HttpChannel.java:400)&#10;at org.eclipse.jetty.server.HttpChannel.dispatch(HttpChannel.java:645)&#10;at org.eclipse.jetty.server.HttpChannel.handle(HttpChannel.java:392)&#10;at org.eclipse.jetty.server.HttpConnection.onFillable(HttpConnection.java:277)&#10;at org.eclipse.jetty.io.AbstractConnection$ReadCallback.succeeded(AbstractConnection.java:311)&#10;at org.eclipse.jetty.io.FillInterest.fillable(FillInterest.java:105)&#10;at org.eclipse.jetty.io.ChannelEndPoint$1.run(ChannelEndPoint.java:104)&#10;at org.eclipse.jetty.util.thread.strategy.EatWhatYouKill.runTask(EatWhatYouKill.java:338)&#10;at org.eclipse.jetty.util.thread.strategy.EatWhatYouKill.doProduce(EatWhatYouKill.java:315)&#10;at org.eclipse.jetty.util.thread.strategy.EatWhatYouKill.tryProduce(EatWhatYouKill.java:173)&#10;at org.eclipse.jetty.util.thread.strategy.EatWhatYouKill.run(EatWhatYouKill.java:131)&#10;at org.eclipse.jetty.util.thread.ReservedThreadExecutor$ReservedThread.run(ReservedThreadExecutor.java:409)&#10;at org.eclipse.jetty.util.thread.QueuedThreadPool.runJob(QueuedThreadPool.java:883)&#10;at org.eclipse.jetty.util.thread.QueuedThreadPool$Runner.run(QueuedThreadPool.java:1034)&#10;at java.base/java.lang.Thread.run(Thread.java:829)&#10;Caused by: net.snowflake.client.jdbc.SnowflakeSQLException: SQL compilation error:&#10;Object &apos;PERSONTABLE&apos; does not exist or not authorized.&#10;at net.snowflake.client.jdbc.SnowflakeUtil.checkErrorAndThrowExceptionSub(SnowflakeUtil.java:127)&#10;at net.snowflake.client.jdbc.SnowflakeUtil.checkErrorAndThrowException(SnowflakeUtil.java:67)&#10;at net.snowflake.client.core.StmtUtil.pollForOutput(StmtUtil.java:442)&#10;at net.snowflake.client.core.StmtUtil.execute(StmtUtil.java:345)&#10;at net.snowflake.client.core.SFStatement.executeHelper(SFStatement.java:486)&#10;at net.snowflake.client.core.SFStatement.executeQueryInternal(SFStatement.java:197)&#10;at net.snowflake.client.core.SFStatement.executeQuery(SFStatement.java:134)&#10;at net.snowflake.client.core.SFStatement.execute(SFStatement.java:743)&#10;at net.snowflake.client.core.SFStatement.execute(SFStatement.java:639)&#10;at net.snowflake.client.jdbc.SnowflakeStatementV1.executeQueryInternal(SnowflakeStatementV1.java:238)&#10;at net.snowflake.client.jdbc.SnowflakeStatementV1.executeQuery(SnowflakeStatementV1.java:133)&#10;at com.zaxxer.hikari.pool.ProxyStatement.executeQuery(ProxyStatement.java:110)&#10;at com.zaxxer.hikari.pool.HikariProxyStatement.executeQuery(HikariProxyStatement.java)&#10;at org.finos.legend.engine.plan.execution.stores.relational.result.SQLExecutionResult.&lt;init&gt;(SQLExecutionResult.java:95)&#10;... 101 more&#10;&quot;}&apos;&quot;" type="Assert failure at (resource"><![CDATA[Assert failure at (resource:/platform/pure/basics/tests/assertEq.pure line:34 column:5), "500 '{"code":-1,"message":"SnowflakeSQLException: SQL compilation error:
Object 'PERSONTABLE' does not exist or not authorized.","status":"error","trace":"java.lang.RuntimeException: net.snowflake.client.jdbc.SnowflakeSQLException: SQL compilation error:
Object 'PERSONTABLE' does not exist or not authorized.
at org.finos.legend.engine.plan.execution.stores.relational.result.SQLExecutionResult.<init>(SQLExecutionResult.java:123)
at org.finos.legend.engine.plan.execution.stores.relational.RelationalExecutor.execute(RelationalExecutor.java:241)
at org.finos.legend.engine.plan.execution.stores.relational.plugin.RelationalExecutionNodeExecutor.visit(RelationalExecutionNodeExecutor.java:238)
at org.finos.legend.engine.plan.execution.stores.relational.plugin.RelationalExecutionNodeExecutor.visit(RelationalExecutionNodeExecutor.java:252)
at org.finos.legend.engine.plan.execution.stores.relational.plugin.RelationalExecutionNodeExecutor.visit(RelationalExecutionNodeExecutor.java:92)
at org.finos.legend.engine.protocol.pure.v1.model.executionPlan.nodes.RelationalTdsInstantiationExecutionNode.accept(RelationalTdsInstantiationExecutionNode.java:22)
at org.finos.legend.engine.plan.execution.stores.relational.RelationalExecutionExtension.lambda$getExtraNodeExecutors$fbe53481$1(RelationalExecutionExtension.java:50)
at org.finos.legend.engine.plan.execution.nodes.ExecutionNodeExecutor.lambda$visit$0(ExecutionNodeExecutor.java:164)
at java.base/java.util.stream.ReferencePipeline$3$1.accept(ReferencePipeline.java:195)
at java.base/java.util.Spliterators$ArraySpliterator.tryAdvance(Spliterators.java:958)
at java.base/java.util.stream.ReferencePipeline.forEachWithCancel(ReferencePipeline.java:127)
at java.base/java.util.stream.AbstractPipeline.copyIntoWithCancel(AbstractPipeline.java:502)
at java.base/java.util.stream.AbstractPipeline.copyInto(AbstractPipeline.java:488)
at java.base/java.util.stream.AbstractPipeline.wrapAndCopyInto(AbstractPipeline.java:474)
at java.base/java.util.stream.FindOps$FindOp.evaluateSequential(FindOps.java:150)
at java.base/java.util.stream.AbstractPipeline.evaluate(AbstractPipeline.java:234)
at java.base/java.util.stream.ReferencePipeline.findFirst(ReferencePipeline.java:543)
at org.finos.legend.engine.plan.execution.nodes.ExecutionNodeExecutor.visit(ExecutionNodeExecutor.java:164)
at org.finos.legend.engine.plan.execution.nodes.ExecutionNodeExecutor.visit(ExecutionNodeExecutor.java:107)
at org.finos.legend.engine.protocol.pure.v1.model.executionPlan.nodes.RelationalTdsInstantiationExecutionNode.accept(RelationalTdsInstantiationExecutionNode.java:22)
at org.finos.legend.engine.plan.execution.PlanExecutor.execute(PlanExecutor.java:238)
at org.finos.legend.engine.plan.execution.PlanExecutor.execute(PlanExecutor.java:225)
at org.finos.legend.engine.plan.execution.api.ExecutePlan.doExecutePlanLegacy(ExecutePlan.java:102)
at org.finos.legend.engine.plan.execution.api.ExecutePlan.doExecutePlan(ExecutePlan.java:84)
at org.finos.legend.engine.plan.execution.api.ExecutePlanLegacy.executePlan(ExecutePlanLegacy.java:56)
at jdk.internal.reflect.GeneratedMethodAccessor100.invoke(Unknown Source)
at java.base/jdk.internal.reflect.DelegatingMethodAccessorImpl.invoke(DelegatingMethodAccessorImpl.java:43)
at java.base/java.lang.reflect.Method.invoke(Method.java:566)
at org.glassfish.jersey.server.model.internal.ResourceMethodInvocationHandlerFactory$1.invoke(ResourceMethodInvocationHandlerFactory.java:81)
at org.glassfish.jersey.server.model.internal.AbstractJavaResourceMethodDispatcher$1.run(AbstractJavaResourceMethodDispatcher.java:144)
at org.glassfish.jersey.server.model.internal.AbstractJavaResourceMethodDispatcher.invoke(AbstractJavaResourceMethodDispatcher.java:161)
at org.glassfish.jersey.server.model.internal.JavaResourceMethodDispatcherProvider$ResponseOutInvoker.doDispatch(JavaResourceMethodDispatcherProvider.java:160)
at org.glassfish.jersey.server.model.internal.AbstractJavaResourceMethodDispatcher.dispatch(AbstractJavaResourceMethodDispatcher.java:99)
at org.glassfish.jersey.server.model.ResourceMethodInvoker.invoke(ResourceMethodInvoker.java:389)
at org.glassfish.jersey.server.model.ResourceMethodInvoker.apply(ResourceMethodInvoker.java:347)
at org.glassfish.jersey.server.model.ResourceMethodInvoker.apply(ResourceMethodInvoker.java:102)
at org.glassfish.jersey.server.ServerRuntime$2.run(ServerRuntime.java:326)
at org.glassfish.jersey.internal.Errors$1.call(Errors.java:271)
at org.glassfish.jersey.internal.Errors$1.call(Errors.java:267)
at org.glassfish.jersey.internal.Errors.process(Errors.java:315)
at org.glassfish.jersey.internal.Errors.process(Errors.java:297)
at org.glassfish.jersey.internal.Errors.process(Errors.java:267)
at org.glassfish.jersey.process.internal.RequestScope.runInScope(RequestScope.java:317)
at org.glassfish.jersey.server.ServerRuntime.process(ServerRuntime.java:305)
at org.glassfish.jersey.server.ApplicationHandler.handle(ApplicationHandler.java:1154)
at org.glassfish.jersey.servlet.WebComponent.serviceImpl(WebComponent.java:473)
at org.glassfish.jersey.servlet.WebComponent.service(WebComponent.java:427)
at org.glassfish.jersey.servlet.ServletContainer.service(ServletContainer.java:388)
at org.glassfish.jersey.servlet.ServletContainer.service(ServletContainer.java:341)
at org.glassfish.jersey.servlet.ServletContainer.service(ServletContainer.java:228)
at org.eclipse.jetty.servlet.ServletHolder.handle(ServletHolder.java:799)
at org.eclipse.jetty.servlet.ServletHandler$ChainEnd.doFilter(ServletHandler.java:1631)
at io.dropwizard.servlets.ThreadNameFilter.doFilter(ThreadNameFilter.java:35)
at org.eclipse.jetty.servlet.FilterHolder.doFilter(FilterHolder.java:193)
at org.eclipse.jetty.servlet.ServletHandler$Chain.doFilter(ServletHandler.java:1601)
at io.dropwizard.jersey.filter.AllowedMethodsFilter.handle(AllowedMethodsFilter.java:45)
at io.dropwizard.jersey.filter.AllowedMethodsFilter.doFilter(AllowedMethodsFilter.java:39)
at org.eclipse.jetty.servlet.FilterHolder.doFilter(FilterHolder.java:193)
at org.eclipse.jetty.servlet.ServletHandler$Chain.doFilter(ServletHandler.java:1601)
at org.finos.legend.server.pac4j.internal.UsernameFilter.doFilter(UsernameFilter.java:51)
at org.eclipse.jetty.servlet.FilterHolder.doFilter(FilterHolder.java:193)
at org.eclipse.jetty.servlet.ServletHandler$Chain.doFilter(ServletHandler.java:1601)
at org.pac4j.j2e.filter.SecurityFilter.lambda$internalFilter$0(SecurityFilter.java:95)
at org.pac4j.core.engine.DefaultSecurityLogic.perform(DefaultSecurityLogic.java:140)
at org.pac4j.j2e.filter.SecurityFilter.internalFilter(SecurityFilter.java:93)
at org.pac4j.j2e.filter.AbstractConfigFilter.doFilter(AbstractConfigFilter.java:81)
at org.eclipse.jetty.servlet.FilterHolder.doFilter(FilterHolder.java:193)
at org.eclipse.jetty.servlet.ServletHandler$Chain.doFilter(ServletHandler.java:1601)
at org.eclipse.jetty.servlet.ServletHandler.doHandle(ServletHandler.java:548)
at org.eclipse.jetty.server.handler.ScopedHandler.nextHandle(ScopedHandler.java:233)
at org.eclipse.jetty.server.session.SessionHandler.doHandle(SessionHandler.java:1624)
at org.eclipse.jetty.server.handler.ScopedHandler.nextHandle(ScopedHandler.java:233)
at org.eclipse.jetty.server.handler.ContextHandler.doHandle(ContextHandler.java:1434)
at org.eclipse.jetty.server.handler.ScopedHandler.nextScope(ScopedHandler.java:188)
at org.eclipse.jetty.servlet.ServletHandler.doScope(ServletHandler.java:501)
at org.eclipse.jetty.server.session.SessionHandler.doScope(SessionHandler.java:1594)
at org.eclipse.jetty.server.handler.ScopedHandler.nextScope(ScopedHandler.java:186)
at org.eclipse.jetty.server.handler.ContextHandler.doScope(ContextHandler.java:1349)
at org.eclipse.jetty.server.handler.ScopedHandler.handle(ScopedHandler.java:141)
at org.eclipse.jetty.server.handler.HandlerWrapper.handle(HandlerWrapper.java:127)
at com.codahale.metrics.jetty9.InstrumentedHandler.handle(InstrumentedHandler.java:313)
at io.dropwizard.jetty.ContextRoutingHandler.handle(ContextRoutingHandler.java:37)
at org.eclipse.jetty.server.handler.gzip.GzipHandler.handle(GzipHandler.java:713)
at io.dropwizard.jetty.BiDiGzipHandler.handle(BiDiGzipHandler.java:67)
at org.eclipse.jetty.server.handler.StatisticsHandler.handle(StatisticsHandler.java:179)
at org.eclipse.jetty.server.handler.HandlerWrapper.handle(HandlerWrapper.java:127)
at org.eclipse.jetty.server.Server.handle(Server.java:516)
at org.eclipse.jetty.server.HttpChannel.lambda$handle$1(HttpChannel.java:400)
at org.eclipse.jetty.server.HttpChannel.dispatch(HttpChannel.java:645)
at org.eclipse.jetty.server.HttpChannel.handle(HttpChannel.java:392)
at org.eclipse.jetty.server.HttpConnection.onFillable(HttpConnection.java:277)
at org.eclipse.jetty.io.AbstractConnection$ReadCallback.succeeded(AbstractConnection.java:311)
at org.eclipse.jetty.io.FillInterest.fillable(FillInterest.java:105)
at org.eclipse.jetty.io.ChannelEndPoint$1.run(ChannelEndPoint.java:104)
at org.eclipse.jetty.util.thread.strategy.EatWhatYouKill.runTask(EatWhatYouKill.java:338)
at org.eclipse.jetty.util.thread.strategy.EatWhatYouKill.doProduce(EatWhatYouKill.java:315)
at org.eclipse.jetty.util.thread.strategy.EatWhatYouKill.tryProduce(EatWhatYouKill.java:173)
at org.eclipse.jetty.util.thread.strategy.EatWhatYouKill.run(EatWhatYouKill.java:131)
at org.eclipse.jetty.util.thread.ReservedThreadExecutor$ReservedThread.run(ReservedThreadExecutor.java:409)
at org.eclipse.jetty.util.thread.QueuedThreadPool.runJob(QueuedThreadPool.java:883)
at org.eclipse.jetty.util.thread.QueuedThreadPool$Runner.run(QueuedThreadPool.java:1034)
at java.base/java.lang.Thread.run(Thread.java:829)
Caused by: net.snowflake.client.jdbc.SnowflakeSQLException: SQL compilation error:
Object 'PERSONTABLE' does not exist or not authorized.
at net.snowflake.client.jdbc.SnowflakeUtil.checkErrorAndThrowExceptionSub(SnowflakeUtil.java:127)
at net.snowflake.client.jdbc.SnowflakeUtil.checkErrorAndThrowException(SnowflakeUtil.java:67)
at net.snowflake.client.core.StmtUtil.pollForOutput(StmtUtil.java:442)
at net.snowflake.client.core.StmtUtil.execute(StmtUtil.java:345)
at net.snowflake.client.core.SFStatement.executeHelper(SFStatement.java:486)
at net.snowflake.client.core.SFStatement.executeQueryInternal(SFStatement.java:197)
at net.snowflake.client.core.SFStatement.executeQuery(SFStatement.java:134)
at net.snowflake.client.core.SFStatement.execute(SFStatement.java:743)
at net.snowflake.client.core.SFStatement.execute(SFStatement.java:639)
at net.snowflake.client.jdbc.SnowflakeStatementV1.executeQueryInternal(SnowflakeStatementV1.java:238)
at net.snowflake.client.jdbc.SnowflakeStatementV1.executeQuery(SnowflakeStatementV1.java:133)
at com.zaxxer.hikari.pool.ProxyStatement.executeQuery(ProxyStatement.java:110)
at com.zaxxer.hikari.pool.HikariProxyStatement.executeQuery(HikariProxyStatement.java)
at org.finos.legend.engine.plan.execution.stores.relational.result.SQLExecutionResult.<init>(SQLExecutionResult.java:95)
... 101 more
"}'"
	at org.finos.legend.pure.runtime.java.compiled.generation.processors.support.CompiledSupport.pureAssert(CompiledSupport.java:1994)
	at org.finos.legend.pure.generated.platform_pure_basics_tests_assertEq.Root_meta_pure_functions_asserts_assertEq_Any_1__Any_1__Function_1__Boolean_1_(platform_pure_basics_tests_assertEq.java:44)
	at org.finos.legend.pure.generated.core_pure_protocol_vX_X_X_invocations_execution.Root_meta_protocols_pure_vX_X_X_invocation_execution_execute_executePlan_String_1__String_1__Integer_1__String_1_(core_pure_protocol_vX_X_X_invocations_execution.java:751)
	at org.finos.legend.pure.generated.core_pure_protocol_vX_X_X_invocations_execution.Root_meta_protocols_pure_vX_X_X_invocation_execution_execute_executePlan_ExecutionPlan_1__String_1__Integer_1__Extension_MANY__String_1_(core_pure_protocol_vX_X_X_invocations_execution.java:745)
	at org.finos.legend.pure.generated.core_pure_protocol_vX_X_X_invocations_execution.Root_meta_protocols_pure_vX_X_X_invocation_execution_execute_executePlan_ExecutionPlan_1__ExecutionContext_$0_1$__String_1__Integer_1__Extension_MANY__Result_1_(core_pure_protocol_vX_X_X_invocations_execution.java:738)
	at jdk.internal.reflect.GeneratedMethodAccessor96.invoke(Unknown Source)
	at java.base/jdk.internal.reflect.DelegatingMethodAccessorImpl.invoke(DelegatingMethodAccessorImpl.java:43)
	at java.base/java.lang.reflect.Method.invoke(Method.java:566)
	at org.finos.legend.pure.runtime.java.compiled.metadata.JavaMethodWithParamsSharedPureFunction.execute(JavaMethodWithParamsSharedPureFunction.java:59)
	at org.finos.legend.pure.runtime.java.compiled.generation.processors.support.Pure._evaluateToMany(Pure.java:546)
	at org.finos.legend.pure.generated.CoreGen.evaluateToMany(CoreGen.java:147)
	at org.finos.legend.pure.generated.CoreGen.evaluateToMany(CoreGen.java:134)
	at org.finos.legend.pure.generated.core_pure_router_router_entry$9$1.value(core_pure_router_router_entry.java:318)
	at org.finos.legend.pure.generated.core_pure_router_router_entry$9$1.execute(core_pure_router_router_entry.java:311)
	at org.finos.legend.pure.generated.core_pure_router_router_entry$9$1.execute(core_pure_router_router_entry.java:307)
	at org.finos.legend.pure.runtime.java.compiled.generation.processors.support.Pure.evaluate(Pure.java:485)
	at org.finos.legend.pure.runtime.java.compiled.generation.processors.support.Pure.legendTest(Pure.java:216)
	at org.finos.legend.pure.generated.CoreGen.legendTest(CoreGen.java:61)
	at org.finos.legend.pure.generated.core_pure_router_router_entry$9.valueOf(core_pure_router_router_entry.java:303)
	at org.finos.legend.pure.generated.core_pure_router_router_entry$9.execute(core_pure_router_router_entry.java:298)
	at org.finos.legend.pure.generated.core_pure_router_router_entry$9.execute(core_pure_router_router_entry.java:294)
	at org.finos.legend.pure.runtime.java.compiled.generation.processors.support.Pure.evaluate(Pure.java:485)
	at org.finos.legend.pure.runtime.java.compiled.generation.processors.support.Pure.traceSpan(Pure.java:1482)
	at org.finos.legend.pure.generated.CoreGen.traceSpan(CoreGen.java:203)
	at org.finos.legend.pure.generated.core_pure_router_router_entry.Root_meta_pure_router_executePlan_ExecutionPlan_1__ExecutionContext_1__Extension_MANY__Result_$0_1$_(core_pure_router_router_entry.java:290)
	at org.finos.legend.pure.generated.core_pure_router_router_entry.Root_meta_pure_router_executePlan_ExecutionPlan_1__Extension_MANY__Result_$0_1$_(core_pure_router_router_entry.java:285)
	at org.finos.legend.pure.generated.core_relational_relational_sqlQueryToString_dbTestRunner_executionPlanTestRunner$19.execute(core_relational_relational_sqlQueryToString_dbTestRunner_executionPlanTestRunner.java:305)
	at org.finos.legend.pure.generated.core_relational_relational_sqlQueryToString_dbTestRunner_executionPlanTestRunner.Root_meta_relational_dbTestRunner_executeViaPlan_FunctionDefinition_1__Mapping_1__Database_1__DbTestConfig_1__Extension_MANY__Result_$0_1$_(core_relational_relational_sqlQueryToString_dbTestRunner_executionPlanTestRunner.java:309)
	at org.finos.legend.pure.generated.core_relational_relational_sqlQueryToString_testSuite_selectSubClauses_mixtureOfClauses.Root_meta_relational_tests_dbSpecificTests_sqlQueryTests_selectSubClauses_mixtureOfCluases_testFilterAfterJoinOuter_DbTestConfig_1__Boolean_1_(core_relational_relational_sqlQueryToString_testSuite_selectSubClauses_mixtureOfClauses.java:484)
	at java.base/jdk.internal.reflect.NativeMethodAccessorImpl.invoke0(Native Method)
	at java.base/jdk.internal.reflect.NativeMethodAccessorImpl.invoke(NativeMethodAccessorImpl.java:62)
	at java.base/jdk.internal.reflect.DelegatingMethodAccessorImpl.invoke(DelegatingMethodAccessorImpl.java:43)
	at java.base/java.lang.reflect.Method.invoke(Method.java:566)
	at org.finos.legend.pure.runtime.java.compiled.testHelper.PureTestBuilderCompiled.executeFn(PureTestBuilderCompiled.java:113)
	at org.finos.legend.pure.runtime.java.compiled.testHelper.PureTestBuilderCompiled.lambda$buildSuite$0(PureTestBuilderCompiled.java:79)
	at org.finos.legend.pure.m3.execution.test.PureTestBuilder$PureTestCase.runTest(PureTestBuilder.java:95)
	at junit.framework.TestCase.runBare(TestCase.java:142)
	at org.finos.legend.engine.server.test.shared.Relational_DbSpecific_UsingPureClientTestSuite$2.runTest(Relational_DbSpecific_UsingPureClientTestSuite.java:90)
	at junit.framework.TestCase.runBare(TestCase.java:142)
	at junit.framework.TestResult$1.protect(TestResult.java:122)
	at junit.framework.TestResult.runProtected(TestResult.java:142)
	at junit.framework.TestResult.run(TestResult.java:125)
	at junit.framework.TestCase.run(TestCase.java:130)
	at junit.framework.TestSuite.runTest(TestSuite.java:241)
	at junit.framework.TestSuite.run(TestSuite.java:236)
	at junit.framework.TestSuite.runTest(TestSuite.java:241)
	at junit.framework.TestSuite.run(TestSuite.java:236)
	at junit.framework.TestSuite.runTest(TestSuite.java:241)
	at junit.framework.TestSuite.run(TestSuite.java:236)
	at junit.framework.TestSuite.runTest(TestSuite.java:241)
	at junit.framework.TestSuite.run(TestSuite.java:236)
	at junit.framework.TestSuite.runTest(TestSuite.java:241)
	at junit.framework.TestSuite.run(TestSuite.java:236)
	at junit.extensions.TestDecorator.basicRun(TestDecorator.java:24)
	at junit.extensions.TestSetup$1.protect(TestSetup.java:23)
	at junit.framework.TestResult.runProtected(TestResult.java:142)
	at junit.extensions.TestSetup.run(TestSetup.java:27)
	at org.junit.internal.runners.JUnit38ClassRunner.run(JUnit38ClassRunner.java:90)
	at org.apache.maven.surefire.junit4.JUnit4Provider.execute(JUnit4Provider.java:365)
	at org.apache.maven.surefire.junit4.JUnit4Provider.executeWithRerun(JUnit4Provider.java:273)
	at org.apache.maven.surefire.junit4.JUnit4Provider.executeTestSet(JUnit4Provider.java:238)
	at org.apache.maven.surefire.junit4.JUnit4Provider.invoke(JUnit4Provider.java:159)
	at org.apache.maven.surefire.booter.ForkedBooter.invokeProviderInSameClassLoader(ForkedBooter.java:384)
	at org.apache.maven.surefire.booter.ForkedBooter.runSuitesInProcess(ForkedBooter.java:345)
	at org.apache.maven.surefire.booter.ForkedBooter.execute(ForkedBooter.java:126)
	at org.apache.maven.surefire.booter.ForkedBooter.main(ForkedBooter.java:418)
]]></error>
    <system-out><![CDATA[Running db test selectSubClauses::mixtureOfCluases::testFilterAfterJoinOuter
{"duration":0.0,"eventType":"EXECUTION_PLAN_EXEC_ERROR","info":{"code":-1,"message":"SnowflakeSQLException: SQL compilation error:\nObject 'PERSONTABLE' does not exist or not authorized.","status":"error","trace":"java.lang.RuntimeException: net.snowflake.client.jdbc.SnowflakeSQLException: SQL compilation error:\nObject 'PERSONTABLE' does not exist or not authorized.\n\tat org.finos.legend.engine.plan.execution.stores.relational.result.SQLExecutionResult.<init>(SQLExecutionResult.java:123)\n\tat org.finos.legend.engine.plan.execution.stores.relational.RelationalExecutor.execute(RelationalExecutor.java:241)\n\tat org.finos.legend.engine.plan.execution.stores.relational.plugin.RelationalExecutionNodeExecutor.visit(RelationalExecutionNodeExecutor.java:238)\n\tat org.finos.legend.engine.plan.execution.stores.relational.plugin.RelationalExecutionNodeExecutor.visit(RelationalExecutionNodeExecutor.java:252)\n\tat org.finos.legend.engine.plan.execution.stores.relational.plugin.RelationalExecutionNodeExecutor.visit(RelationalExecutionNodeExecutor.java:92)\n\tat org.finos.legend.engine.protocol.pure.v1.model.executionPlan.nodes.RelationalTdsInstantiationExecutionNode.accept(RelationalTdsInstantiationExecutionNode.java:22)\n\tat org.finos.legend.engine.plan.execution.stores.relational.RelationalExecutionExtension.lambda$getExtraNodeExecutors$fbe53481$1(RelationalExecutionExtension.java:50)\n\tat org.finos.legend.engine.plan.execution.nodes.ExecutionNodeExecutor.lambda$visit$0(ExecutionNodeExecutor.java:164)\n\tat java.base/java.util.stream.ReferencePipeline$3$1.accept(ReferencePipeline.java:195)\n\tat java.base/java.util.Spliterators$ArraySpliterator.tryAdvance(Spliterators.java:958)\n\tat java.base/java.util.stream.ReferencePipeline.forEachWithCancel(ReferencePipeline.java:127)\n\tat java.base/java.util.stream.AbstractPipeline.copyIntoWithCancel(AbstractPipeline.java:502)\n\tat java.base/java.util.stream.AbstractPipeline.copyInto(AbstractPipeline.java:488)\n\tat java.base/java.util.stream.AbstractPipeline.wrapAndCopyInto(AbstractPipeline.java:474)\n\tat java.base/java.util.stream.FindOps$FindOp.evaluateSequential(FindOps.java:150)\n\tat java.base/java.util.stream.AbstractPipeline.evaluate(AbstractPipeline.java:234)\n\tat java.base/java.util.stream.ReferencePipeline.findFirst(ReferencePipeline.java:543)\n\tat org.finos.legend.engine.plan.execution.nodes.ExecutionNodeExecutor.visit(ExecutionNodeExecutor.java:164)\n\tat org.finos.legend.engine.plan.execution.nodes.ExecutionNodeExecutor.visit(ExecutionNodeExecutor.java:107)\n\tat org.finos.legend.engine.protocol.pure.v1.model.executionPlan.nodes.RelationalTdsInstantiationExecutionNode.accept(RelationalTdsInstantiationExecutionNode.java:22)\n\tat org.finos.legend.engine.plan.execution.PlanExecutor.execute(PlanExecutor.java:238)\n\tat org.finos.legend.engine.plan.execution.PlanExecutor.execute(PlanExecutor.java:225)\n\tat org.finos.legend.engine.plan.execution.api.ExecutePlan.doExecutePlanLegacy(ExecutePlan.java:102)\n\tat org.finos.legend.engine.plan.execution.api.ExecutePlan.doExecutePlan(ExecutePlan.java:84)\n\tat org.finos.legend.engine.plan.execution.api.ExecutePlanLegacy.executePlan(ExecutePlanLegacy.java:56)\n\tat jdk.internal.reflect.GeneratedMethodAccessor100.invoke(Unknown Source)\n\tat java.base/jdk.internal.reflect.DelegatingMethodAccessorImpl.invoke(DelegatingMethodAccessorImpl.java:43)\n\tat java.base/java.lang.reflect.Method.invoke(Method.java:566)\n\tat org.glassfish.jersey.server.model.internal.ResourceMethodInvocationHandlerFactory$1.invoke(ResourceMethodInvocationHandlerFactory.java:81)\n\tat org.glassfish.jersey.server.model.internal.AbstractJavaResourceMethodDispatcher$1.run(AbstractJavaResourceMethodDispatcher.java:144)\n\tat org.glassfish.jersey.server.model.internal.AbstractJavaResourceMethodDispatcher.invoke(AbstractJavaResourceMethodDispatcher.java:161)\n\tat org.glassfish.jersey.server.model.internal.JavaResourceMethodDispatcherProvider$ResponseOutInvoker.doDispatch(JavaResourceMethodDispatcherProvider.java:160)\n\tat org.glassfish.jersey.server.model.internal.AbstractJavaResourceMethodDispatcher.dispatch(AbstractJavaResourceMethodDispatcher.java:99)\n\tat org.glassfish.jersey.server.model.ResourceMethodInvoker.invoke(ResourceMethodInvoker.java:389)\n\tat org.glassfish.jersey.server.model.ResourceMethodInvoker.apply(ResourceMethodInvoker.java:347)\n\tat org.glassfish.jersey.server.model.ResourceMethodInvoker.apply(ResourceMethodInvoker.java:102)\n\tat org.glassfish.jersey.server.ServerRuntime$2.run(ServerRuntime.java:326)\n\tat org.glassfish.jersey.internal.Errors$1.call(Errors.java:271)\n\tat org.glassfish.jersey.internal.Errors$1.call(Errors.java:267)\n\tat org.glassfish.jersey.internal.Errors.process(Errors.java:315)\n\tat org.glassfish.jersey.internal.Errors.process(Errors.java:297)\n\tat org.glassfish.jersey.internal.Errors.process(Errors.java:267)\n\tat org.glassfish.jersey.process.internal.RequestScope.runInScope(RequestScope.java:317)\n\tat org.glassfish.jersey.server.ServerRuntime.process(ServerRuntime.java:305)\n\tat org.glassfish.jersey.server.ApplicationHandler.handle(ApplicationHandler.java:1154)\n\tat org.glassfish.jersey.servlet.WebComponent.serviceImpl(WebComponent.java:473)\n\tat org.glassfish.jersey.servlet.WebComponent.service(WebComponent.java:427)\n\tat org.glassfish.jersey.servlet.ServletContainer.service(ServletContainer.java:388)\n\tat org.glassfish.jersey.servlet.ServletContainer.service(ServletContainer.java:341)\n\tat org.glassfish.jersey.servlet.ServletContainer.service(ServletContainer.java:228)\n\tat org.eclipse.jetty.servlet.ServletHolder.handle(ServletHolder.java:799)\n\tat org.eclipse.jetty.servlet.ServletHandler$ChainEnd.doFilter(ServletHandler.java:1631)\n\tat io.dropwizard.servlets.ThreadNameFilter.doFilter(ThreadNameFilter.java:35)\n\tat org.eclipse.jetty.servlet.FilterHolder.doFilter(FilterHolder.java:193)\n\tat org.eclipse.jetty.servlet.ServletHandler$Chain.doFilter(ServletHandler.java:1601)\n\tat io.dropwizard.jersey.filter.AllowedMethodsFilter.handle(AllowedMethodsFilter.java:45)\n\tat io.dropwizard.jersey.filter.AllowedMethodsFilter.doFilter(AllowedMethodsFilter.java:39)\n\tat org.eclipse.jetty.servlet.FilterHolder.doFilter(FilterHolder.java:193)\n\tat org.eclipse.jetty.servlet.ServletHandler$Chain.doFilter(ServletHandler.java:1601)\n\tat org.finos.legend.server.pac4j.internal.UsernameFilter.doFilter(UsernameFilter.java:51)\n\tat org.eclipse.jetty.servlet.FilterHolder.doFilter(FilterHolder.java:193)\n\tat org.eclipse.jetty.servlet.ServletHandler$Chain.doFilter(ServletHandler.java:1601)\n\tat org.pac4j.j2e.filter.SecurityFilter.lambda$internalFilter$0(SecurityFilter.java:95)\n\tat org.pac4j.core.engine.DefaultSecurityLogic.perform(DefaultSecurityLogic.java:140)\n\tat org.pac4j.j2e.filter.SecurityFilter.internalFilter(SecurityFilter.java:93)\n\tat org.pac4j.j2e.filter.AbstractConfigFilter.doFilter(AbstractConfigFilter.java:81)\n\tat org.eclipse.jetty.servlet.FilterHolder.doFilter(FilterHolder.java:193)\n\tat org.eclipse.jetty.servlet.ServletHandler$Chain.doFilter(ServletHandler.java:1601)\n\tat org.eclipse.jetty.servlet.ServletHandler.doHandle(ServletHandler.java:548)\n\tat org.eclipse.jetty.server.handler.ScopedHandler.nextHandle(ScopedHandler.java:233)\n\tat org.eclipse.jetty.server.session.SessionHandler.doHandle(SessionHandler.java:1624)\n\tat org.eclipse.jetty.server.handler.ScopedHandler.nextHandle(ScopedHandler.java:233)\n\tat org.eclipse.jetty.server.handler.ContextHandler.doHandle(ContextHandler.java:1434)\n\tat org.eclipse.jetty.server.handler.ScopedHandler.nextScope(ScopedHandler.java:188)\n\tat org.eclipse.jetty.servlet.ServletHandler.doScope(ServletHandler.java:501)\n\tat org.eclipse.jetty.server.session.SessionHandler.doScope(SessionHandler.java:1594)\n\tat org.eclipse.jetty.server.handler.ScopedHandler.nextScope(ScopedHandler.java:186)\n\tat org.eclipse.jetty.server.handler.ContextHandler.doScope(ContextHandler.java:1349)\n\tat org.eclipse.jetty.server.handler.ScopedHandler.handle(ScopedHandler.java:141)\n\tat org.eclipse.jetty.server.handler.HandlerWrapper.handle(HandlerWrapper.java:127)\n\tat com.codahale.metrics.jetty9.InstrumentedHandler.handle(InstrumentedHandler.java:313)\n\tat io.dropwizard.jetty.ContextRoutingHandler.handle(ContextRoutingHandler.java:37)\n\tat org.eclipse.jetty.server.handler.gzip.GzipHandler.handle(GzipHandler.java:713)\n\tat io.dropwizard.jetty.BiDiGzipHandler.handle(BiDiGzipHandler.java:67)\n\tat org.eclipse.jetty.server.handler.StatisticsHandler.handle(StatisticsHandler.java:179)\n\tat org.eclipse.jetty.server.handler.HandlerWrapper.handle(HandlerWrapper.java:127)\n\tat org.eclipse.jetty.server.Server.handle(Server.java:516)\n\tat org.eclipse.jetty.server.HttpChannel.lambda$handle$1(HttpChannel.java:400)\n\tat org.eclipse.jetty.server.HttpChannel.dispatch(HttpChannel.java:645)\n\tat org.eclipse.jetty.server.HttpChannel.handle(HttpChannel.java:392)\n\tat org.eclipse.jetty.server.HttpConnection.onFillable(HttpConnection.java:277)\n\tat org.eclipse.jetty.io.AbstractConnection$ReadCallback.succeeded(AbstractConnection.java:311)\n\tat org.eclipse.jetty.io.FillInterest.fillable(FillInterest.java:105)\n\tat org.eclipse.jetty.io.ChannelEndPoint$1.run(ChannelEndPoint.java:104)\n\tat org.eclipse.jetty.util.thread.strategy.EatWhatYouKill.runTask(EatWhatYouKill.java:338)\n\tat org.eclipse.jetty.util.thread.strategy.EatWhatYouKill.doProduce(EatWhatYouKill.java:315)\n\tat org.eclipse.jetty.util.thread.strategy.EatWhatYouKill.tryProduce(EatWhatYouKill.java:173)\n\tat org.eclipse.jetty.util.thread.strategy.EatWhatYouKill.run(EatWhatYouKill.java:131)\n\tat org.eclipse.jetty.util.thread.ReservedThreadExecutor$ReservedThread.run(ReservedThreadExecutor.java:409)\n\tat org.eclipse.jetty.util.thread.QueuedThreadPool.runJob(QueuedThreadPool.java:883)\n\tat org.eclipse.jetty.util.thread.QueuedThreadPool$Runner.run(QueuedThreadPool.java:1034)\n\tat java.base/java.lang.Thread.run(Thread.java:829)\nCaused by: net.snowflake.client.jdbc.SnowflakeSQLException: SQL compilation error:\nObject 'PERSONTABLE' does not exist or not authorized.\n\tat net.snowflake.client.jdbc.SnowflakeUtil.checkErrorAndThrowExceptionSub(SnowflakeUtil.java:127)\n\tat net.snowflake.client.jdbc.SnowflakeUtil.checkErrorAndThrowException(SnowflakeUtil.java:67)\n\tat net.snowflake.client.core.StmtUtil.pollForOutput(StmtUtil.java:442)\n\tat net.snowflake.client.core.StmtUtil.execute(StmtUtil.java:345)\n\tat net.snowflake.client.core.SFStatement.executeHelper(SFStatement.java:486)\n\tat net.snowflake.client.core.SFStatement.executeQueryInternal(SFStatement.java:197)\n\tat net.snowflake.client.core.SFStatement.executeQuery(SFStatement.java:134)\n\tat net.snowflake.client.core.SFStatement.execute(SFStatement.java:743)\n\tat net.snowflake.client.core.SFStatement.execute(SFStatement.java:639)\n\tat net.snowflake.client.jdbc.SnowflakeStatementV1.executeQueryInternal(SnowflakeStatementV1.java:238)\n\tat net.snowflake.client.jdbc.SnowflakeStatementV1.executeQuery(SnowflakeStatementV1.java:133)\n\tat com.zaxxer.hikari.pool.ProxyStatement.executeQuery(ProxyStatement.java:110)\n\tat com.zaxxer.hikari.pool.HikariProxyStatement.executeQuery(HikariProxyStatement.java)\n\tat org.finos.legend.engine.plan.execution.stores.relational.result.SQLExecutionResult.<init>(SQLExecutionResult.java:95)\n\t... 101 more\n"},"mode":"DEV","timeStamp":"2023-02-23 01:31:52.405","user":"_UNKNOWN_"}
| **selectSubClauses::mixtureOfCluases::testFilterAfterJoinOuter** | failing :x: |
]]></system-out>
  </testcase>
  <testcase name="testGroupByAfterJoinInner[Snowflake]" classname="org.finos.legend.engine.server.test.shared.Relational_DbSpecific_UsingPureClientTestSuite$2" time="0.343">
    <error message="Assert failure at (resource:/platform/pure/basics/tests/assertEq.pure line:34 column:5), &quot;500 &apos;{&quot;code&quot;:-1,&quot;message&quot;:&quot;SnowflakeSQLException: SQL compilation error:&#10;Object &apos;PERSONTABLE&apos; does not exist or not authorized.&quot;,&quot;status&quot;:&quot;error&quot;,&quot;trace&quot;:&quot;java.lang.RuntimeException: net.snowflake.client.jdbc.SnowflakeSQLException: SQL compilation error:&#10;Object &apos;PERSONTABLE&apos; does not exist or not authorized.&#10;at org.finos.legend.engine.plan.execution.stores.relational.result.SQLExecutionResult.&lt;init&gt;(SQLExecutionResult.java:123)&#10;at org.finos.legend.engine.plan.execution.stores.relational.RelationalExecutor.execute(RelationalExecutor.java:241)&#10;at org.finos.legend.engine.plan.execution.stores.relational.plugin.RelationalExecutionNodeExecutor.visit(RelationalExecutionNodeExecutor.java:238)&#10;at org.finos.legend.engine.plan.execution.stores.relational.plugin.RelationalExecutionNodeExecutor.visit(RelationalExecutionNodeExecutor.java:252)&#10;at org.finos.legend.engine.plan.execution.stores.relational.plugin.RelationalExecutionNodeExecutor.visit(RelationalExecutionNodeExecutor.java:92)&#10;at org.finos.legend.engine.protocol.pure.v1.model.executionPlan.nodes.RelationalTdsInstantiationExecutionNode.accept(RelationalTdsInstantiationExecutionNode.java:22)&#10;at org.finos.legend.engine.plan.execution.stores.relational.RelationalExecutionExtension.lambda$getExtraNodeExecutors$fbe53481$1(RelationalExecutionExtension.java:50)&#10;at org.finos.legend.engine.plan.execution.nodes.ExecutionNodeExecutor.lambda$visit$0(ExecutionNodeExecutor.java:164)&#10;at java.base/java.util.stream.ReferencePipeline$3$1.accept(ReferencePipeline.java:195)&#10;at java.base/java.util.Spliterators$ArraySpliterator.tryAdvance(Spliterators.java:958)&#10;at java.base/java.util.stream.ReferencePipeline.forEachWithCancel(ReferencePipeline.java:127)&#10;at java.base/java.util.stream.AbstractPipeline.copyIntoWithCancel(AbstractPipeline.java:502)&#10;at java.base/java.util.stream.AbstractPipeline.copyInto(AbstractPipeline.java:488)&#10;at java.base/java.util.stream.AbstractPipeline.wrapAndCopyInto(AbstractPipeline.java:474)&#10;at java.base/java.util.stream.FindOps$FindOp.evaluateSequential(FindOps.java:150)&#10;at java.base/java.util.stream.AbstractPipeline.evaluate(AbstractPipeline.java:234)&#10;at java.base/java.util.stream.ReferencePipeline.findFirst(ReferencePipeline.java:543)&#10;at org.finos.legend.engine.plan.execution.nodes.ExecutionNodeExecutor.visit(ExecutionNodeExecutor.java:164)&#10;at org.finos.legend.engine.plan.execution.nodes.ExecutionNodeExecutor.visit(ExecutionNodeExecutor.java:107)&#10;at org.finos.legend.engine.protocol.pure.v1.model.executionPlan.nodes.RelationalTdsInstantiationExecutionNode.accept(RelationalTdsInstantiationExecutionNode.java:22)&#10;at org.finos.legend.engine.plan.execution.PlanExecutor.execute(PlanExecutor.java:238)&#10;at org.finos.legend.engine.plan.execution.PlanExecutor.execute(PlanExecutor.java:225)&#10;at org.finos.legend.engine.plan.execution.api.ExecutePlan.doExecutePlanLegacy(ExecutePlan.java:102)&#10;at org.finos.legend.engine.plan.execution.api.ExecutePlan.doExecutePlan(ExecutePlan.java:84)&#10;at org.finos.legend.engine.plan.execution.api.ExecutePlanLegacy.executePlan(ExecutePlanLegacy.java:56)&#10;at jdk.internal.reflect.GeneratedMethodAccessor100.invoke(Unknown Source)&#10;at java.base/jdk.internal.reflect.DelegatingMethodAccessorImpl.invoke(DelegatingMethodAccessorImpl.java:43)&#10;at java.base/java.lang.reflect.Method.invoke(Method.java:566)&#10;at org.glassfish.jersey.server.model.internal.ResourceMethodInvocationHandlerFactory$1.invoke(ResourceMethodInvocationHandlerFactory.java:81)&#10;at org.glassfish.jersey.server.model.internal.AbstractJavaResourceMethodDispatcher$1.run(AbstractJavaResourceMethodDispatcher.java:144)&#10;at org.glassfish.jersey.server.model.internal.AbstractJavaResourceMethodDispatcher.invoke(AbstractJavaResourceMethodDispatcher.java:161)&#10;at org.glassfish.jersey.server.model.internal.JavaResourceMethodDispatcherProvider$ResponseOutInvoker.doDispatch(JavaResourceMethodDispatcherProvider.java:160)&#10;at org.glassfish.jersey.server.model.internal.AbstractJavaResourceMethodDispatcher.dispatch(AbstractJavaResourceMethodDispatcher.java:99)&#10;at org.glassfish.jersey.server.model.ResourceMethodInvoker.invoke(ResourceMethodInvoker.java:389)&#10;at org.glassfish.jersey.server.model.ResourceMethodInvoker.apply(ResourceMethodInvoker.java:347)&#10;at org.glassfish.jersey.server.model.ResourceMethodInvoker.apply(ResourceMethodInvoker.java:102)&#10;at org.glassfish.jersey.server.ServerRuntime$2.run(ServerRuntime.java:326)&#10;at org.glassfish.jersey.internal.Errors$1.call(Errors.java:271)&#10;at org.glassfish.jersey.internal.Errors$1.call(Errors.java:267)&#10;at org.glassfish.jersey.internal.Errors.process(Errors.java:315)&#10;at org.glassfish.jersey.internal.Errors.process(Errors.java:297)&#10;at org.glassfish.jersey.internal.Errors.process(Errors.java:267)&#10;at org.glassfish.jersey.process.internal.RequestScope.runInScope(RequestScope.java:317)&#10;at org.glassfish.jersey.server.ServerRuntime.process(ServerRuntime.java:305)&#10;at org.glassfish.jersey.server.ApplicationHandler.handle(ApplicationHandler.java:1154)&#10;at org.glassfish.jersey.servlet.WebComponent.serviceImpl(WebComponent.java:473)&#10;at org.glassfish.jersey.servlet.WebComponent.service(WebComponent.java:427)&#10;at org.glassfish.jersey.servlet.ServletContainer.service(ServletContainer.java:388)&#10;at org.glassfish.jersey.servlet.ServletContainer.service(ServletContainer.java:341)&#10;at org.glassfish.jersey.servlet.ServletContainer.service(ServletContainer.java:228)&#10;at org.eclipse.jetty.servlet.ServletHolder.handle(ServletHolder.java:799)&#10;at org.eclipse.jetty.servlet.ServletHandler$ChainEnd.doFilter(ServletHandler.java:1631)&#10;at io.dropwizard.servlets.ThreadNameFilter.doFilter(ThreadNameFilter.java:35)&#10;at org.eclipse.jetty.servlet.FilterHolder.doFilter(FilterHolder.java:193)&#10;at org.eclipse.jetty.servlet.ServletHandler$Chain.doFilter(ServletHandler.java:1601)&#10;at io.dropwizard.jersey.filter.AllowedMethodsFilter.handle(AllowedMethodsFilter.java:45)&#10;at io.dropwizard.jersey.filter.AllowedMethodsFilter.doFilter(AllowedMethodsFilter.java:39)&#10;at org.eclipse.jetty.servlet.FilterHolder.doFilter(FilterHolder.java:193)&#10;at org.eclipse.jetty.servlet.ServletHandler$Chain.doFilter(ServletHandler.java:1601)&#10;at org.finos.legend.server.pac4j.internal.UsernameFilter.doFilter(UsernameFilter.java:51)&#10;at org.eclipse.jetty.servlet.FilterHolder.doFilter(FilterHolder.java:193)&#10;at org.eclipse.jetty.servlet.ServletHandler$Chain.doFilter(ServletHandler.java:1601)&#10;at org.pac4j.j2e.filter.SecurityFilter.lambda$internalFilter$0(SecurityFilter.java:95)&#10;at org.pac4j.core.engine.DefaultSecurityLogic.perform(DefaultSecurityLogic.java:140)&#10;at org.pac4j.j2e.filter.SecurityFilter.internalFilter(SecurityFilter.java:93)&#10;at org.pac4j.j2e.filter.AbstractConfigFilter.doFilter(AbstractConfigFilter.java:81)&#10;at org.eclipse.jetty.servlet.FilterHolder.doFilter(FilterHolder.java:193)&#10;at org.eclipse.jetty.servlet.ServletHandler$Chain.doFilter(ServletHandler.java:1601)&#10;at org.eclipse.jetty.servlet.ServletHandler.doHandle(ServletHandler.java:548)&#10;at org.eclipse.jetty.server.handler.ScopedHandler.nextHandle(ScopedHandler.java:233)&#10;at org.eclipse.jetty.server.session.SessionHandler.doHandle(SessionHandler.java:1624)&#10;at org.eclipse.jetty.server.handler.ScopedHandler.nextHandle(ScopedHandler.java:233)&#10;at org.eclipse.jetty.server.handler.ContextHandler.doHandle(ContextHandler.java:1434)&#10;at org.eclipse.jetty.server.handler.ScopedHandler.nextScope(ScopedHandler.java:188)&#10;at org.eclipse.jetty.servlet.ServletHandler.doScope(ServletHandler.java:501)&#10;at org.eclipse.jetty.server.session.SessionHandler.doScope(SessionHandler.java:1594)&#10;at org.eclipse.jetty.server.handler.ScopedHandler.nextScope(ScopedHandler.java:186)&#10;at org.eclipse.jetty.server.handler.ContextHandler.doScope(ContextHandler.java:1349)&#10;at org.eclipse.jetty.server.handler.ScopedHandler.handle(ScopedHandler.java:141)&#10;at org.eclipse.jetty.server.handler.HandlerWrapper.handle(HandlerWrapper.java:127)&#10;at com.codahale.metrics.jetty9.InstrumentedHandler.handle(InstrumentedHandler.java:313)&#10;at io.dropwizard.jetty.ContextRoutingHandler.handle(ContextRoutingHandler.java:37)&#10;at org.eclipse.jetty.server.handler.gzip.GzipHandler.handle(GzipHandler.java:713)&#10;at io.dropwizard.jetty.BiDiGzipHandler.handle(BiDiGzipHandler.java:67)&#10;at org.eclipse.jetty.server.handler.StatisticsHandler.handle(StatisticsHandler.java:179)&#10;at org.eclipse.jetty.server.handler.HandlerWrapper.handle(HandlerWrapper.java:127)&#10;at org.eclipse.jetty.server.Server.handle(Server.java:516)&#10;at org.eclipse.jetty.server.HttpChannel.lambda$handle$1(HttpChannel.java:400)&#10;at org.eclipse.jetty.server.HttpChannel.dispatch(HttpChannel.java:645)&#10;at org.eclipse.jetty.server.HttpChannel.handle(HttpChannel.java:392)&#10;at org.eclipse.jetty.server.HttpConnection.onFillable(HttpConnection.java:277)&#10;at org.eclipse.jetty.io.AbstractConnection$ReadCallback.succeeded(AbstractConnection.java:311)&#10;at org.eclipse.jetty.io.FillInterest.fillable(FillInterest.java:105)&#10;at org.eclipse.jetty.io.ChannelEndPoint$1.run(ChannelEndPoint.java:104)&#10;at org.eclipse.jetty.util.thread.strategy.EatWhatYouKill.runTask(EatWhatYouKill.java:338)&#10;at org.eclipse.jetty.util.thread.strategy.EatWhatYouKill.doProduce(EatWhatYouKill.java:315)&#10;at org.eclipse.jetty.util.thread.strategy.EatWhatYouKill.tryProduce(EatWhatYouKill.java:173)&#10;at org.eclipse.jetty.util.thread.strategy.EatWhatYouKill.run(EatWhatYouKill.java:131)&#10;at org.eclipse.jetty.util.thread.ReservedThreadExecutor$ReservedThread.run(ReservedThreadExecutor.java:409)&#10;at org.eclipse.jetty.util.thread.QueuedThreadPool.runJob(QueuedThreadPool.java:883)&#10;at org.eclipse.jetty.util.thread.QueuedThreadPool$Runner.run(QueuedThreadPool.java:1034)&#10;at java.base/java.lang.Thread.run(Thread.java:829)&#10;Caused by: net.snowflake.client.jdbc.SnowflakeSQLException: SQL compilation error:&#10;Object &apos;PERSONTABLE&apos; does not exist or not authorized.&#10;at net.snowflake.client.jdbc.SnowflakeUtil.checkErrorAndThrowExceptionSub(SnowflakeUtil.java:127)&#10;at net.snowflake.client.jdbc.SnowflakeUtil.checkErrorAndThrowException(SnowflakeUtil.java:67)&#10;at net.snowflake.client.core.StmtUtil.pollForOutput(StmtUtil.java:442)&#10;at net.snowflake.client.core.StmtUtil.execute(StmtUtil.java:345)&#10;at net.snowflake.client.core.SFStatement.executeHelper(SFStatement.java:486)&#10;at net.snowflake.client.core.SFStatement.executeQueryInternal(SFStatement.java:197)&#10;at net.snowflake.client.core.SFStatement.executeQuery(SFStatement.java:134)&#10;at net.snowflake.client.core.SFStatement.execute(SFStatement.java:743)&#10;at net.snowflake.client.core.SFStatement.execute(SFStatement.java:639)&#10;at net.snowflake.client.jdbc.SnowflakeStatementV1.executeQueryInternal(SnowflakeStatementV1.java:238)&#10;at net.snowflake.client.jdbc.SnowflakeStatementV1.executeQuery(SnowflakeStatementV1.java:133)&#10;at com.zaxxer.hikari.pool.ProxyStatement.executeQuery(ProxyStatement.java:110)&#10;at com.zaxxer.hikari.pool.HikariProxyStatement.executeQuery(HikariProxyStatement.java)&#10;at org.finos.legend.engine.plan.execution.stores.relational.result.SQLExecutionResult.&lt;init&gt;(SQLExecutionResult.java:95)&#10;... 101 more&#10;&quot;}&apos;&quot;" type="Assert failure at (resource"><![CDATA[Assert failure at (resource:/platform/pure/basics/tests/assertEq.pure line:34 column:5), "500 '{"code":-1,"message":"SnowflakeSQLException: SQL compilation error:
Object 'PERSONTABLE' does not exist or not authorized.","status":"error","trace":"java.lang.RuntimeException: net.snowflake.client.jdbc.SnowflakeSQLException: SQL compilation error:
Object 'PERSONTABLE' does not exist or not authorized.
at org.finos.legend.engine.plan.execution.stores.relational.result.SQLExecutionResult.<init>(SQLExecutionResult.java:123)
at org.finos.legend.engine.plan.execution.stores.relational.RelationalExecutor.execute(RelationalExecutor.java:241)
at org.finos.legend.engine.plan.execution.stores.relational.plugin.RelationalExecutionNodeExecutor.visit(RelationalExecutionNodeExecutor.java:238)
at org.finos.legend.engine.plan.execution.stores.relational.plugin.RelationalExecutionNodeExecutor.visit(RelationalExecutionNodeExecutor.java:252)
at org.finos.legend.engine.plan.execution.stores.relational.plugin.RelationalExecutionNodeExecutor.visit(RelationalExecutionNodeExecutor.java:92)
at org.finos.legend.engine.protocol.pure.v1.model.executionPlan.nodes.RelationalTdsInstantiationExecutionNode.accept(RelationalTdsInstantiationExecutionNode.java:22)
at org.finos.legend.engine.plan.execution.stores.relational.RelationalExecutionExtension.lambda$getExtraNodeExecutors$fbe53481$1(RelationalExecutionExtension.java:50)
at org.finos.legend.engine.plan.execution.nodes.ExecutionNodeExecutor.lambda$visit$0(ExecutionNodeExecutor.java:164)
at java.base/java.util.stream.ReferencePipeline$3$1.accept(ReferencePipeline.java:195)
at java.base/java.util.Spliterators$ArraySpliterator.tryAdvance(Spliterators.java:958)
at java.base/java.util.stream.ReferencePipeline.forEachWithCancel(ReferencePipeline.java:127)
at java.base/java.util.stream.AbstractPipeline.copyIntoWithCancel(AbstractPipeline.java:502)
at java.base/java.util.stream.AbstractPipeline.copyInto(AbstractPipeline.java:488)
at java.base/java.util.stream.AbstractPipeline.wrapAndCopyInto(AbstractPipeline.java:474)
at java.base/java.util.stream.FindOps$FindOp.evaluateSequential(FindOps.java:150)
at java.base/java.util.stream.AbstractPipeline.evaluate(AbstractPipeline.java:234)
at java.base/java.util.stream.ReferencePipeline.findFirst(ReferencePipeline.java:543)
at org.finos.legend.engine.plan.execution.nodes.ExecutionNodeExecutor.visit(ExecutionNodeExecutor.java:164)
at org.finos.legend.engine.plan.execution.nodes.ExecutionNodeExecutor.visit(ExecutionNodeExecutor.java:107)
at org.finos.legend.engine.protocol.pure.v1.model.executionPlan.nodes.RelationalTdsInstantiationExecutionNode.accept(RelationalTdsInstantiationExecutionNode.java:22)
at org.finos.legend.engine.plan.execution.PlanExecutor.execute(PlanExecutor.java:238)
at org.finos.legend.engine.plan.execution.PlanExecutor.execute(PlanExecutor.java:225)
at org.finos.legend.engine.plan.execution.api.ExecutePlan.doExecutePlanLegacy(ExecutePlan.java:102)
at org.finos.legend.engine.plan.execution.api.ExecutePlan.doExecutePlan(ExecutePlan.java:84)
at org.finos.legend.engine.plan.execution.api.ExecutePlanLegacy.executePlan(ExecutePlanLegacy.java:56)
at jdk.internal.reflect.GeneratedMethodAccessor100.invoke(Unknown Source)
at java.base/jdk.internal.reflect.DelegatingMethodAccessorImpl.invoke(DelegatingMethodAccessorImpl.java:43)
at java.base/java.lang.reflect.Method.invoke(Method.java:566)
at org.glassfish.jersey.server.model.internal.ResourceMethodInvocationHandlerFactory$1.invoke(ResourceMethodInvocationHandlerFactory.java:81)
at org.glassfish.jersey.server.model.internal.AbstractJavaResourceMethodDispatcher$1.run(AbstractJavaResourceMethodDispatcher.java:144)
at org.glassfish.jersey.server.model.internal.AbstractJavaResourceMethodDispatcher.invoke(AbstractJavaResourceMethodDispatcher.java:161)
at org.glassfish.jersey.server.model.internal.JavaResourceMethodDispatcherProvider$ResponseOutInvoker.doDispatch(JavaResourceMethodDispatcherProvider.java:160)
at org.glassfish.jersey.server.model.internal.AbstractJavaResourceMethodDispatcher.dispatch(AbstractJavaResourceMethodDispatcher.java:99)
at org.glassfish.jersey.server.model.ResourceMethodInvoker.invoke(ResourceMethodInvoker.java:389)
at org.glassfish.jersey.server.model.ResourceMethodInvoker.apply(ResourceMethodInvoker.java:347)
at org.glassfish.jersey.server.model.ResourceMethodInvoker.apply(ResourceMethodInvoker.java:102)
at org.glassfish.jersey.server.ServerRuntime$2.run(ServerRuntime.java:326)
at org.glassfish.jersey.internal.Errors$1.call(Errors.java:271)
at org.glassfish.jersey.internal.Errors$1.call(Errors.java:267)
at org.glassfish.jersey.internal.Errors.process(Errors.java:315)
at org.glassfish.jersey.internal.Errors.process(Errors.java:297)
at org.glassfish.jersey.internal.Errors.process(Errors.java:267)
at org.glassfish.jersey.process.internal.RequestScope.runInScope(RequestScope.java:317)
at org.glassfish.jersey.server.ServerRuntime.process(ServerRuntime.java:305)
at org.glassfish.jersey.server.ApplicationHandler.handle(ApplicationHandler.java:1154)
at org.glassfish.jersey.servlet.WebComponent.serviceImpl(WebComponent.java:473)
at org.glassfish.jersey.servlet.WebComponent.service(WebComponent.java:427)
at org.glassfish.jersey.servlet.ServletContainer.service(ServletContainer.java:388)
at org.glassfish.jersey.servlet.ServletContainer.service(ServletContainer.java:341)
at org.glassfish.jersey.servlet.ServletContainer.service(ServletContainer.java:228)
at org.eclipse.jetty.servlet.ServletHolder.handle(ServletHolder.java:799)
at org.eclipse.jetty.servlet.ServletHandler$ChainEnd.doFilter(ServletHandler.java:1631)
at io.dropwizard.servlets.ThreadNameFilter.doFilter(ThreadNameFilter.java:35)
at org.eclipse.jetty.servlet.FilterHolder.doFilter(FilterHolder.java:193)
at org.eclipse.jetty.servlet.ServletHandler$Chain.doFilter(ServletHandler.java:1601)
at io.dropwizard.jersey.filter.AllowedMethodsFilter.handle(AllowedMethodsFilter.java:45)
at io.dropwizard.jersey.filter.AllowedMethodsFilter.doFilter(AllowedMethodsFilter.java:39)
at org.eclipse.jetty.servlet.FilterHolder.doFilter(FilterHolder.java:193)
at org.eclipse.jetty.servlet.ServletHandler$Chain.doFilter(ServletHandler.java:1601)
at org.finos.legend.server.pac4j.internal.UsernameFilter.doFilter(UsernameFilter.java:51)
at org.eclipse.jetty.servlet.FilterHolder.doFilter(FilterHolder.java:193)
at org.eclipse.jetty.servlet.ServletHandler$Chain.doFilter(ServletHandler.java:1601)
at org.pac4j.j2e.filter.SecurityFilter.lambda$internalFilter$0(SecurityFilter.java:95)
at org.pac4j.core.engine.DefaultSecurityLogic.perform(DefaultSecurityLogic.java:140)
at org.pac4j.j2e.filter.SecurityFilter.internalFilter(SecurityFilter.java:93)
at org.pac4j.j2e.filter.AbstractConfigFilter.doFilter(AbstractConfigFilter.java:81)
at org.eclipse.jetty.servlet.FilterHolder.doFilter(FilterHolder.java:193)
at org.eclipse.jetty.servlet.ServletHandler$Chain.doFilter(ServletHandler.java:1601)
at org.eclipse.jetty.servlet.ServletHandler.doHandle(ServletHandler.java:548)
at org.eclipse.jetty.server.handler.ScopedHandler.nextHandle(ScopedHandler.java:233)
at org.eclipse.jetty.server.session.SessionHandler.doHandle(SessionHandler.java:1624)
at org.eclipse.jetty.server.handler.ScopedHandler.nextHandle(ScopedHandler.java:233)
at org.eclipse.jetty.server.handler.ContextHandler.doHandle(ContextHandler.java:1434)
at org.eclipse.jetty.server.handler.ScopedHandler.nextScope(ScopedHandler.java:188)
at org.eclipse.jetty.servlet.ServletHandler.doScope(ServletHandler.java:501)
at org.eclipse.jetty.server.session.SessionHandler.doScope(SessionHandler.java:1594)
at org.eclipse.jetty.server.handler.ScopedHandler.nextScope(ScopedHandler.java:186)
at org.eclipse.jetty.server.handler.ContextHandler.doScope(ContextHandler.java:1349)
at org.eclipse.jetty.server.handler.ScopedHandler.handle(ScopedHandler.java:141)
at org.eclipse.jetty.server.handler.HandlerWrapper.handle(HandlerWrapper.java:127)
at com.codahale.metrics.jetty9.InstrumentedHandler.handle(InstrumentedHandler.java:313)
at io.dropwizard.jetty.ContextRoutingHandler.handle(ContextRoutingHandler.java:37)
at org.eclipse.jetty.server.handler.gzip.GzipHandler.handle(GzipHandler.java:713)
at io.dropwizard.jetty.BiDiGzipHandler.handle(BiDiGzipHandler.java:67)
at org.eclipse.jetty.server.handler.StatisticsHandler.handle(StatisticsHandler.java:179)
at org.eclipse.jetty.server.handler.HandlerWrapper.handle(HandlerWrapper.java:127)
at org.eclipse.jetty.server.Server.handle(Server.java:516)
at org.eclipse.jetty.server.HttpChannel.lambda$handle$1(HttpChannel.java:400)
at org.eclipse.jetty.server.HttpChannel.dispatch(HttpChannel.java:645)
at org.eclipse.jetty.server.HttpChannel.handle(HttpChannel.java:392)
at org.eclipse.jetty.server.HttpConnection.onFillable(HttpConnection.java:277)
at org.eclipse.jetty.io.AbstractConnection$ReadCallback.succeeded(AbstractConnection.java:311)
at org.eclipse.jetty.io.FillInterest.fillable(FillInterest.java:105)
at org.eclipse.jetty.io.ChannelEndPoint$1.run(ChannelEndPoint.java:104)
at org.eclipse.jetty.util.thread.strategy.EatWhatYouKill.runTask(EatWhatYouKill.java:338)
at org.eclipse.jetty.util.thread.strategy.EatWhatYouKill.doProduce(EatWhatYouKill.java:315)
at org.eclipse.jetty.util.thread.strategy.EatWhatYouKill.tryProduce(EatWhatYouKill.java:173)
at org.eclipse.jetty.util.thread.strategy.EatWhatYouKill.run(EatWhatYouKill.java:131)
at org.eclipse.jetty.util.thread.ReservedThreadExecutor$ReservedThread.run(ReservedThreadExecutor.java:409)
at org.eclipse.jetty.util.thread.QueuedThreadPool.runJob(QueuedThreadPool.java:883)
at org.eclipse.jetty.util.thread.QueuedThreadPool$Runner.run(QueuedThreadPool.java:1034)
at java.base/java.lang.Thread.run(Thread.java:829)
Caused by: net.snowflake.client.jdbc.SnowflakeSQLException: SQL compilation error:
Object 'PERSONTABLE' does not exist or not authorized.
at net.snowflake.client.jdbc.SnowflakeUtil.checkErrorAndThrowExceptionSub(SnowflakeUtil.java:127)
at net.snowflake.client.jdbc.SnowflakeUtil.checkErrorAndThrowException(SnowflakeUtil.java:67)
at net.snowflake.client.core.StmtUtil.pollForOutput(StmtUtil.java:442)
at net.snowflake.client.core.StmtUtil.execute(StmtUtil.java:345)
at net.snowflake.client.core.SFStatement.executeHelper(SFStatement.java:486)
at net.snowflake.client.core.SFStatement.executeQueryInternal(SFStatement.java:197)
at net.snowflake.client.core.SFStatement.executeQuery(SFStatement.java:134)
at net.snowflake.client.core.SFStatement.execute(SFStatement.java:743)
at net.snowflake.client.core.SFStatement.execute(SFStatement.java:639)
at net.snowflake.client.jdbc.SnowflakeStatementV1.executeQueryInternal(SnowflakeStatementV1.java:238)
at net.snowflake.client.jdbc.SnowflakeStatementV1.executeQuery(SnowflakeStatementV1.java:133)
at com.zaxxer.hikari.pool.ProxyStatement.executeQuery(ProxyStatement.java:110)
at com.zaxxer.hikari.pool.HikariProxyStatement.executeQuery(HikariProxyStatement.java)
at org.finos.legend.engine.plan.execution.stores.relational.result.SQLExecutionResult.<init>(SQLExecutionResult.java:95)
... 101 more
"}'"
	at org.finos.legend.pure.runtime.java.compiled.generation.processors.support.CompiledSupport.pureAssert(CompiledSupport.java:1994)
	at org.finos.legend.pure.generated.platform_pure_basics_tests_assertEq.Root_meta_pure_functions_asserts_assertEq_Any_1__Any_1__Function_1__Boolean_1_(platform_pure_basics_tests_assertEq.java:44)
	at org.finos.legend.pure.generated.core_pure_protocol_vX_X_X_invocations_execution.Root_meta_protocols_pure_vX_X_X_invocation_execution_execute_executePlan_String_1__String_1__Integer_1__String_1_(core_pure_protocol_vX_X_X_invocations_execution.java:751)
	at org.finos.legend.pure.generated.core_pure_protocol_vX_X_X_invocations_execution.Root_meta_protocols_pure_vX_X_X_invocation_execution_execute_executePlan_ExecutionPlan_1__String_1__Integer_1__Extension_MANY__String_1_(core_pure_protocol_vX_X_X_invocations_execution.java:745)
	at org.finos.legend.pure.generated.core_pure_protocol_vX_X_X_invocations_execution.Root_meta_protocols_pure_vX_X_X_invocation_execution_execute_executePlan_ExecutionPlan_1__ExecutionContext_$0_1$__String_1__Integer_1__Extension_MANY__Result_1_(core_pure_protocol_vX_X_X_invocations_execution.java:738)
	at jdk.internal.reflect.GeneratedMethodAccessor96.invoke(Unknown Source)
	at java.base/jdk.internal.reflect.DelegatingMethodAccessorImpl.invoke(DelegatingMethodAccessorImpl.java:43)
	at java.base/java.lang.reflect.Method.invoke(Method.java:566)
	at org.finos.legend.pure.runtime.java.compiled.metadata.JavaMethodWithParamsSharedPureFunction.execute(JavaMethodWithParamsSharedPureFunction.java:59)
	at org.finos.legend.pure.runtime.java.compiled.generation.processors.support.Pure._evaluateToMany(Pure.java:546)
	at org.finos.legend.pure.generated.CoreGen.evaluateToMany(CoreGen.java:147)
	at org.finos.legend.pure.generated.CoreGen.evaluateToMany(CoreGen.java:134)
	at org.finos.legend.pure.generated.core_pure_router_router_entry$9$1.value(core_pure_router_router_entry.java:318)
	at org.finos.legend.pure.generated.core_pure_router_router_entry$9$1.execute(core_pure_router_router_entry.java:311)
	at org.finos.legend.pure.generated.core_pure_router_router_entry$9$1.execute(core_pure_router_router_entry.java:307)
	at org.finos.legend.pure.runtime.java.compiled.generation.processors.support.Pure.evaluate(Pure.java:485)
	at org.finos.legend.pure.runtime.java.compiled.generation.processors.support.Pure.legendTest(Pure.java:216)
	at org.finos.legend.pure.generated.CoreGen.legendTest(CoreGen.java:61)
	at org.finos.legend.pure.generated.core_pure_router_router_entry$9.valueOf(core_pure_router_router_entry.java:303)
	at org.finos.legend.pure.generated.core_pure_router_router_entry$9.execute(core_pure_router_router_entry.java:298)
	at org.finos.legend.pure.generated.core_pure_router_router_entry$9.execute(core_pure_router_router_entry.java:294)
	at org.finos.legend.pure.runtime.java.compiled.generation.processors.support.Pure.evaluate(Pure.java:485)
	at org.finos.legend.pure.runtime.java.compiled.generation.processors.support.Pure.traceSpan(Pure.java:1482)
	at org.finos.legend.pure.generated.CoreGen.traceSpan(CoreGen.java:203)
	at org.finos.legend.pure.generated.core_pure_router_router_entry.Root_meta_pure_router_executePlan_ExecutionPlan_1__ExecutionContext_1__Extension_MANY__Result_$0_1$_(core_pure_router_router_entry.java:290)
	at org.finos.legend.pure.generated.core_pure_router_router_entry.Root_meta_pure_router_executePlan_ExecutionPlan_1__Extension_MANY__Result_$0_1$_(core_pure_router_router_entry.java:285)
	at org.finos.legend.pure.generated.core_relational_relational_sqlQueryToString_dbTestRunner_executionPlanTestRunner$19.execute(core_relational_relational_sqlQueryToString_dbTestRunner_executionPlanTestRunner.java:305)
	at org.finos.legend.pure.generated.core_relational_relational_sqlQueryToString_dbTestRunner_executionPlanTestRunner.Root_meta_relational_dbTestRunner_executeViaPlan_FunctionDefinition_1__Mapping_1__Database_1__DbTestConfig_1__Extension_MANY__Result_$0_1$_(core_relational_relational_sqlQueryToString_dbTestRunner_executionPlanTestRunner.java:309)
	at org.finos.legend.pure.generated.core_relational_relational_sqlQueryToString_testSuite_selectSubClauses_mixtureOfClauses.Root_meta_relational_tests_dbSpecificTests_sqlQueryTests_selectSubClauses_mixtureOfCluases_testGroupByAfterJoinInner_DbTestConfig_1__Boolean_1_(core_relational_relational_sqlQueryToString_testSuite_selectSubClauses_mixtureOfClauses.java:548)
	at java.base/jdk.internal.reflect.NativeMethodAccessorImpl.invoke0(Native Method)
	at java.base/jdk.internal.reflect.NativeMethodAccessorImpl.invoke(NativeMethodAccessorImpl.java:62)
	at java.base/jdk.internal.reflect.DelegatingMethodAccessorImpl.invoke(DelegatingMethodAccessorImpl.java:43)
	at java.base/java.lang.reflect.Method.invoke(Method.java:566)
	at org.finos.legend.pure.runtime.java.compiled.testHelper.PureTestBuilderCompiled.executeFn(PureTestBuilderCompiled.java:113)
	at org.finos.legend.pure.runtime.java.compiled.testHelper.PureTestBuilderCompiled.lambda$buildSuite$0(PureTestBuilderCompiled.java:79)
	at org.finos.legend.pure.m3.execution.test.PureTestBuilder$PureTestCase.runTest(PureTestBuilder.java:95)
	at junit.framework.TestCase.runBare(TestCase.java:142)
	at org.finos.legend.engine.server.test.shared.Relational_DbSpecific_UsingPureClientTestSuite$2.runTest(Relational_DbSpecific_UsingPureClientTestSuite.java:90)
	at junit.framework.TestCase.runBare(TestCase.java:142)
	at junit.framework.TestResult$1.protect(TestResult.java:122)
	at junit.framework.TestResult.runProtected(TestResult.java:142)
	at junit.framework.TestResult.run(TestResult.java:125)
	at junit.framework.TestCase.run(TestCase.java:130)
	at junit.framework.TestSuite.runTest(TestSuite.java:241)
	at junit.framework.TestSuite.run(TestSuite.java:236)
	at junit.framework.TestSuite.runTest(TestSuite.java:241)
	at junit.framework.TestSuite.run(TestSuite.java:236)
	at junit.framework.TestSuite.runTest(TestSuite.java:241)
	at junit.framework.TestSuite.run(TestSuite.java:236)
	at junit.framework.TestSuite.runTest(TestSuite.java:241)
	at junit.framework.TestSuite.run(TestSuite.java:236)
	at junit.framework.TestSuite.runTest(TestSuite.java:241)
	at junit.framework.TestSuite.run(TestSuite.java:236)
	at junit.extensions.TestDecorator.basicRun(TestDecorator.java:24)
	at junit.extensions.TestSetup$1.protect(TestSetup.java:23)
	at junit.framework.TestResult.runProtected(TestResult.java:142)
	at junit.extensions.TestSetup.run(TestSetup.java:27)
	at org.junit.internal.runners.JUnit38ClassRunner.run(JUnit38ClassRunner.java:90)
	at org.apache.maven.surefire.junit4.JUnit4Provider.execute(JUnit4Provider.java:365)
	at org.apache.maven.surefire.junit4.JUnit4Provider.executeWithRerun(JUnit4Provider.java:273)
	at org.apache.maven.surefire.junit4.JUnit4Provider.executeTestSet(JUnit4Provider.java:238)
	at org.apache.maven.surefire.junit4.JUnit4Provider.invoke(JUnit4Provider.java:159)
	at org.apache.maven.surefire.booter.ForkedBooter.invokeProviderInSameClassLoader(ForkedBooter.java:384)
	at org.apache.maven.surefire.booter.ForkedBooter.runSuitesInProcess(ForkedBooter.java:345)
	at org.apache.maven.surefire.booter.ForkedBooter.execute(ForkedBooter.java:126)
	at org.apache.maven.surefire.booter.ForkedBooter.main(ForkedBooter.java:418)
]]></error>
    <system-out><![CDATA[Running db test selectSubClauses::mixtureOfCluases::testGroupByAfterJoinInner
{"duration":0.0,"eventType":"EXECUTION_PLAN_EXEC_ERROR","info":{"code":-1,"message":"SnowflakeSQLException: SQL compilation error:\nObject 'PERSONTABLE' does not exist or not authorized.","status":"error","trace":"java.lang.RuntimeException: net.snowflake.client.jdbc.SnowflakeSQLException: SQL compilation error:\nObject 'PERSONTABLE' does not exist or not authorized.\n\tat org.finos.legend.engine.plan.execution.stores.relational.result.SQLExecutionResult.<init>(SQLExecutionResult.java:123)\n\tat org.finos.legend.engine.plan.execution.stores.relational.RelationalExecutor.execute(RelationalExecutor.java:241)\n\tat org.finos.legend.engine.plan.execution.stores.relational.plugin.RelationalExecutionNodeExecutor.visit(RelationalExecutionNodeExecutor.java:238)\n\tat org.finos.legend.engine.plan.execution.stores.relational.plugin.RelationalExecutionNodeExecutor.visit(RelationalExecutionNodeExecutor.java:252)\n\tat org.finos.legend.engine.plan.execution.stores.relational.plugin.RelationalExecutionNodeExecutor.visit(RelationalExecutionNodeExecutor.java:92)\n\tat org.finos.legend.engine.protocol.pure.v1.model.executionPlan.nodes.RelationalTdsInstantiationExecutionNode.accept(RelationalTdsInstantiationExecutionNode.java:22)\n\tat org.finos.legend.engine.plan.execution.stores.relational.RelationalExecutionExtension.lambda$getExtraNodeExecutors$fbe53481$1(RelationalExecutionExtension.java:50)\n\tat org.finos.legend.engine.plan.execution.nodes.ExecutionNodeExecutor.lambda$visit$0(ExecutionNodeExecutor.java:164)\n\tat java.base/java.util.stream.ReferencePipeline$3$1.accept(ReferencePipeline.java:195)\n\tat java.base/java.util.Spliterators$ArraySpliterator.tryAdvance(Spliterators.java:958)\n\tat java.base/java.util.stream.ReferencePipeline.forEachWithCancel(ReferencePipeline.java:127)\n\tat java.base/java.util.stream.AbstractPipeline.copyIntoWithCancel(AbstractPipeline.java:502)\n\tat java.base/java.util.stream.AbstractPipeline.copyInto(AbstractPipeline.java:488)\n\tat java.base/java.util.stream.AbstractPipeline.wrapAndCopyInto(AbstractPipeline.java:474)\n\tat java.base/java.util.stream.FindOps$FindOp.evaluateSequential(FindOps.java:150)\n\tat java.base/java.util.stream.AbstractPipeline.evaluate(AbstractPipeline.java:234)\n\tat java.base/java.util.stream.ReferencePipeline.findFirst(ReferencePipeline.java:543)\n\tat org.finos.legend.engine.plan.execution.nodes.ExecutionNodeExecutor.visit(ExecutionNodeExecutor.java:164)\n\tat org.finos.legend.engine.plan.execution.nodes.ExecutionNodeExecutor.visit(ExecutionNodeExecutor.java:107)\n\tat org.finos.legend.engine.protocol.pure.v1.model.executionPlan.nodes.RelationalTdsInstantiationExecutionNode.accept(RelationalTdsInstantiationExecutionNode.java:22)\n\tat org.finos.legend.engine.plan.execution.PlanExecutor.execute(PlanExecutor.java:238)\n\tat org.finos.legend.engine.plan.execution.PlanExecutor.execute(PlanExecutor.java:225)\n\tat org.finos.legend.engine.plan.execution.api.ExecutePlan.doExecutePlanLegacy(ExecutePlan.java:102)\n\tat org.finos.legend.engine.plan.execution.api.ExecutePlan.doExecutePlan(ExecutePlan.java:84)\n\tat org.finos.legend.engine.plan.execution.api.ExecutePlanLegacy.executePlan(ExecutePlanLegacy.java:56)\n\tat jdk.internal.reflect.GeneratedMethodAccessor100.invoke(Unknown Source)\n\tat java.base/jdk.internal.reflect.DelegatingMethodAccessorImpl.invoke(DelegatingMethodAccessorImpl.java:43)\n\tat java.base/java.lang.reflect.Method.invoke(Method.java:566)\n\tat org.glassfish.jersey.server.model.internal.ResourceMethodInvocationHandlerFactory$1.invoke(ResourceMethodInvocationHandlerFactory.java:81)\n\tat org.glassfish.jersey.server.model.internal.AbstractJavaResourceMethodDispatcher$1.run(AbstractJavaResourceMethodDispatcher.java:144)\n\tat org.glassfish.jersey.server.model.internal.AbstractJavaResourceMethodDispatcher.invoke(AbstractJavaResourceMethodDispatcher.java:161)\n\tat org.glassfish.jersey.server.model.internal.JavaResourceMethodDispatcherProvider$ResponseOutInvoker.doDispatch(JavaResourceMethodDispatcherProvider.java:160)\n\tat org.glassfish.jersey.server.model.internal.AbstractJavaResourceMethodDispatcher.dispatch(AbstractJavaResourceMethodDispatcher.java:99)\n\tat org.glassfish.jersey.server.model.ResourceMethodInvoker.invoke(ResourceMethodInvoker.java:389)\n\tat org.glassfish.jersey.server.model.ResourceMethodInvoker.apply(ResourceMethodInvoker.java:347)\n\tat org.glassfish.jersey.server.model.ResourceMethodInvoker.apply(ResourceMethodInvoker.java:102)\n\tat org.glassfish.jersey.server.ServerRuntime$2.run(ServerRuntime.java:326)\n\tat org.glassfish.jersey.internal.Errors$1.call(Errors.java:271)\n\tat org.glassfish.jersey.internal.Errors$1.call(Errors.java:267)\n\tat org.glassfish.jersey.internal.Errors.process(Errors.java:315)\n\tat org.glassfish.jersey.internal.Errors.process(Errors.java:297)\n\tat org.glassfish.jersey.internal.Errors.process(Errors.java:267)\n\tat org.glassfish.jersey.process.internal.RequestScope.runInScope(RequestScope.java:317)\n\tat org.glassfish.jersey.server.ServerRuntime.process(ServerRuntime.java:305)\n\tat org.glassfish.jersey.server.ApplicationHandler.handle(ApplicationHandler.java:1154)\n\tat org.glassfish.jersey.servlet.WebComponent.serviceImpl(WebComponent.java:473)\n\tat org.glassfish.jersey.servlet.WebComponent.service(WebComponent.java:427)\n\tat org.glassfish.jersey.servlet.ServletContainer.service(ServletContainer.java:388)\n\tat org.glassfish.jersey.servlet.ServletContainer.service(ServletContainer.java:341)\n\tat org.glassfish.jersey.servlet.ServletContainer.service(ServletContainer.java:228)\n\tat org.eclipse.jetty.servlet.ServletHolder.handle(ServletHolder.java:799)\n\tat org.eclipse.jetty.servlet.ServletHandler$ChainEnd.doFilter(ServletHandler.java:1631)\n\tat io.dropwizard.servlets.ThreadNameFilter.doFilter(ThreadNameFilter.java:35)\n\tat org.eclipse.jetty.servlet.FilterHolder.doFilter(FilterHolder.java:193)\n\tat org.eclipse.jetty.servlet.ServletHandler$Chain.doFilter(ServletHandler.java:1601)\n\tat io.dropwizard.jersey.filter.AllowedMethodsFilter.handle(AllowedMethodsFilter.java:45)\n\tat io.dropwizard.jersey.filter.AllowedMethodsFilter.doFilter(AllowedMethodsFilter.java:39)\n\tat org.eclipse.jetty.servlet.FilterHolder.doFilter(FilterHolder.java:193)\n\tat org.eclipse.jetty.servlet.ServletHandler$Chain.doFilter(ServletHandler.java:1601)\n\tat org.finos.legend.server.pac4j.internal.UsernameFilter.doFilter(UsernameFilter.java:51)\n\tat org.eclipse.jetty.servlet.FilterHolder.doFilter(FilterHolder.java:193)\n\tat org.eclipse.jetty.servlet.ServletHandler$Chain.doFilter(ServletHandler.java:1601)\n\tat org.pac4j.j2e.filter.SecurityFilter.lambda$internalFilter$0(SecurityFilter.java:95)\n\tat org.pac4j.core.engine.DefaultSecurityLogic.perform(DefaultSecurityLogic.java:140)\n\tat org.pac4j.j2e.filter.SecurityFilter.internalFilter(SecurityFilter.java:93)\n\tat org.pac4j.j2e.filter.AbstractConfigFilter.doFilter(AbstractConfigFilter.java:81)\n\tat org.eclipse.jetty.servlet.FilterHolder.doFilter(FilterHolder.java:193)\n\tat org.eclipse.jetty.servlet.ServletHandler$Chain.doFilter(ServletHandler.java:1601)\n\tat org.eclipse.jetty.servlet.ServletHandler.doHandle(ServletHandler.java:548)\n\tat org.eclipse.jetty.server.handler.ScopedHandler.nextHandle(ScopedHandler.java:233)\n\tat org.eclipse.jetty.server.session.SessionHandler.doHandle(SessionHandler.java:1624)\n\tat org.eclipse.jetty.server.handler.ScopedHandler.nextHandle(ScopedHandler.java:233)\n\tat org.eclipse.jetty.server.handler.ContextHandler.doHandle(ContextHandler.java:1434)\n\tat org.eclipse.jetty.server.handler.ScopedHandler.nextScope(ScopedHandler.java:188)\n\tat org.eclipse.jetty.servlet.ServletHandler.doScope(ServletHandler.java:501)\n\tat org.eclipse.jetty.server.session.SessionHandler.doScope(SessionHandler.java:1594)\n\tat org.eclipse.jetty.server.handler.ScopedHandler.nextScope(ScopedHandler.java:186)\n\tat org.eclipse.jetty.server.handler.ContextHandler.doScope(ContextHandler.java:1349)\n\tat org.eclipse.jetty.server.handler.ScopedHandler.handle(ScopedHandler.java:141)\n\tat org.eclipse.jetty.server.handler.HandlerWrapper.handle(HandlerWrapper.java:127)\n\tat com.codahale.metrics.jetty9.InstrumentedHandler.handle(InstrumentedHandler.java:313)\n\tat io.dropwizard.jetty.ContextRoutingHandler.handle(ContextRoutingHandler.java:37)\n\tat org.eclipse.jetty.server.handler.gzip.GzipHandler.handle(GzipHandler.java:713)\n\tat io.dropwizard.jetty.BiDiGzipHandler.handle(BiDiGzipHandler.java:67)\n\tat org.eclipse.jetty.server.handler.StatisticsHandler.handle(StatisticsHandler.java:179)\n\tat org.eclipse.jetty.server.handler.HandlerWrapper.handle(HandlerWrapper.java:127)\n\tat org.eclipse.jetty.server.Server.handle(Server.java:516)\n\tat org.eclipse.jetty.server.HttpChannel.lambda$handle$1(HttpChannel.java:400)\n\tat org.eclipse.jetty.server.HttpChannel.dispatch(HttpChannel.java:645)\n\tat org.eclipse.jetty.server.HttpChannel.handle(HttpChannel.java:392)\n\tat org.eclipse.jetty.server.HttpConnection.onFillable(HttpConnection.java:277)\n\tat org.eclipse.jetty.io.AbstractConnection$ReadCallback.succeeded(AbstractConnection.java:311)\n\tat org.eclipse.jetty.io.FillInterest.fillable(FillInterest.java:105)\n\tat org.eclipse.jetty.io.ChannelEndPoint$1.run(ChannelEndPoint.java:104)\n\tat org.eclipse.jetty.util.thread.strategy.EatWhatYouKill.runTask(EatWhatYouKill.java:338)\n\tat org.eclipse.jetty.util.thread.strategy.EatWhatYouKill.doProduce(EatWhatYouKill.java:315)\n\tat org.eclipse.jetty.util.thread.strategy.EatWhatYouKill.tryProduce(EatWhatYouKill.java:173)\n\tat org.eclipse.jetty.util.thread.strategy.EatWhatYouKill.run(EatWhatYouKill.java:131)\n\tat org.eclipse.jetty.util.thread.ReservedThreadExecutor$ReservedThread.run(ReservedThreadExecutor.java:409)\n\tat org.eclipse.jetty.util.thread.QueuedThreadPool.runJob(QueuedThreadPool.java:883)\n\tat org.eclipse.jetty.util.thread.QueuedThreadPool$Runner.run(QueuedThreadPool.java:1034)\n\tat java.base/java.lang.Thread.run(Thread.java:829)\nCaused by: net.snowflake.client.jdbc.SnowflakeSQLException: SQL compilation error:\nObject 'PERSONTABLE' does not exist or not authorized.\n\tat net.snowflake.client.jdbc.SnowflakeUtil.checkErrorAndThrowExceptionSub(SnowflakeUtil.java:127)\n\tat net.snowflake.client.jdbc.SnowflakeUtil.checkErrorAndThrowException(SnowflakeUtil.java:67)\n\tat net.snowflake.client.core.StmtUtil.pollForOutput(StmtUtil.java:442)\n\tat net.snowflake.client.core.StmtUtil.execute(StmtUtil.java:345)\n\tat net.snowflake.client.core.SFStatement.executeHelper(SFStatement.java:486)\n\tat net.snowflake.client.core.SFStatement.executeQueryInternal(SFStatement.java:197)\n\tat net.snowflake.client.core.SFStatement.executeQuery(SFStatement.java:134)\n\tat net.snowflake.client.core.SFStatement.execute(SFStatement.java:743)\n\tat net.snowflake.client.core.SFStatement.execute(SFStatement.java:639)\n\tat net.snowflake.client.jdbc.SnowflakeStatementV1.executeQueryInternal(SnowflakeStatementV1.java:238)\n\tat net.snowflake.client.jdbc.SnowflakeStatementV1.executeQuery(SnowflakeStatementV1.java:133)\n\tat com.zaxxer.hikari.pool.ProxyStatement.executeQuery(ProxyStatement.java:110)\n\tat com.zaxxer.hikari.pool.HikariProxyStatement.executeQuery(HikariProxyStatement.java)\n\tat org.finos.legend.engine.plan.execution.stores.relational.result.SQLExecutionResult.<init>(SQLExecutionResult.java:95)\n\t... 101 more\n"},"mode":"DEV","timeStamp":"2023-02-23 01:31:52.740","user":"_UNKNOWN_"}
| **selectSubClauses::mixtureOfCluases::testGroupByAfterJoinInner** | failing :x: |
]]></system-out>
  </testcase>
  <testcase name="testGroupByAfterJoinOuter[Snowflake]" classname="org.finos.legend.engine.server.test.shared.Relational_DbSpecific_UsingPureClientTestSuite$2" time="0.319">
    <error message="Assert failure at (resource:/platform/pure/basics/tests/assertEq.pure line:34 column:5), &quot;500 &apos;{&quot;code&quot;:-1,&quot;message&quot;:&quot;SnowflakeSQLException: SQL compilation error:&#10;Object &apos;PERSONTABLE&apos; does not exist or not authorized.&quot;,&quot;status&quot;:&quot;error&quot;,&quot;trace&quot;:&quot;java.lang.RuntimeException: net.snowflake.client.jdbc.SnowflakeSQLException: SQL compilation error:&#10;Object &apos;PERSONTABLE&apos; does not exist or not authorized.&#10;at org.finos.legend.engine.plan.execution.stores.relational.result.SQLExecutionResult.&lt;init&gt;(SQLExecutionResult.java:123)&#10;at org.finos.legend.engine.plan.execution.stores.relational.RelationalExecutor.execute(RelationalExecutor.java:241)&#10;at org.finos.legend.engine.plan.execution.stores.relational.plugin.RelationalExecutionNodeExecutor.visit(RelationalExecutionNodeExecutor.java:238)&#10;at org.finos.legend.engine.plan.execution.stores.relational.plugin.RelationalExecutionNodeExecutor.visit(RelationalExecutionNodeExecutor.java:252)&#10;at org.finos.legend.engine.plan.execution.stores.relational.plugin.RelationalExecutionNodeExecutor.visit(RelationalExecutionNodeExecutor.java:92)&#10;at org.finos.legend.engine.protocol.pure.v1.model.executionPlan.nodes.RelationalTdsInstantiationExecutionNode.accept(RelationalTdsInstantiationExecutionNode.java:22)&#10;at org.finos.legend.engine.plan.execution.stores.relational.RelationalExecutionExtension.lambda$getExtraNodeExecutors$fbe53481$1(RelationalExecutionExtension.java:50)&#10;at org.finos.legend.engine.plan.execution.nodes.ExecutionNodeExecutor.lambda$visit$0(ExecutionNodeExecutor.java:164)&#10;at java.base/java.util.stream.ReferencePipeline$3$1.accept(ReferencePipeline.java:195)&#10;at java.base/java.util.Spliterators$ArraySpliterator.tryAdvance(Spliterators.java:958)&#10;at java.base/java.util.stream.ReferencePipeline.forEachWithCancel(ReferencePipeline.java:127)&#10;at java.base/java.util.stream.AbstractPipeline.copyIntoWithCancel(AbstractPipeline.java:502)&#10;at java.base/java.util.stream.AbstractPipeline.copyInto(AbstractPipeline.java:488)&#10;at java.base/java.util.stream.AbstractPipeline.wrapAndCopyInto(AbstractPipeline.java:474)&#10;at java.base/java.util.stream.FindOps$FindOp.evaluateSequential(FindOps.java:150)&#10;at java.base/java.util.stream.AbstractPipeline.evaluate(AbstractPipeline.java:234)&#10;at java.base/java.util.stream.ReferencePipeline.findFirst(ReferencePipeline.java:543)&#10;at org.finos.legend.engine.plan.execution.nodes.ExecutionNodeExecutor.visit(ExecutionNodeExecutor.java:164)&#10;at org.finos.legend.engine.plan.execution.nodes.ExecutionNodeExecutor.visit(ExecutionNodeExecutor.java:107)&#10;at org.finos.legend.engine.protocol.pure.v1.model.executionPlan.nodes.RelationalTdsInstantiationExecutionNode.accept(RelationalTdsInstantiationExecutionNode.java:22)&#10;at org.finos.legend.engine.plan.execution.PlanExecutor.execute(PlanExecutor.java:238)&#10;at org.finos.legend.engine.plan.execution.PlanExecutor.execute(PlanExecutor.java:225)&#10;at org.finos.legend.engine.plan.execution.api.ExecutePlan.doExecutePlanLegacy(ExecutePlan.java:102)&#10;at org.finos.legend.engine.plan.execution.api.ExecutePlan.doExecutePlan(ExecutePlan.java:84)&#10;at org.finos.legend.engine.plan.execution.api.ExecutePlanLegacy.executePlan(ExecutePlanLegacy.java:56)&#10;at jdk.internal.reflect.GeneratedMethodAccessor100.invoke(Unknown Source)&#10;at java.base/jdk.internal.reflect.DelegatingMethodAccessorImpl.invoke(DelegatingMethodAccessorImpl.java:43)&#10;at java.base/java.lang.reflect.Method.invoke(Method.java:566)&#10;at org.glassfish.jersey.server.model.internal.ResourceMethodInvocationHandlerFactory$1.invoke(ResourceMethodInvocationHandlerFactory.java:81)&#10;at org.glassfish.jersey.server.model.internal.AbstractJavaResourceMethodDispatcher$1.run(AbstractJavaResourceMethodDispatcher.java:144)&#10;at org.glassfish.jersey.server.model.internal.AbstractJavaResourceMethodDispatcher.invoke(AbstractJavaResourceMethodDispatcher.java:161)&#10;at org.glassfish.jersey.server.model.internal.JavaResourceMethodDispatcherProvider$ResponseOutInvoker.doDispatch(JavaResourceMethodDispatcherProvider.java:160)&#10;at org.glassfish.jersey.server.model.internal.AbstractJavaResourceMethodDispatcher.dispatch(AbstractJavaResourceMethodDispatcher.java:99)&#10;at org.glassfish.jersey.server.model.ResourceMethodInvoker.invoke(ResourceMethodInvoker.java:389)&#10;at org.glassfish.jersey.server.model.ResourceMethodInvoker.apply(ResourceMethodInvoker.java:347)&#10;at org.glassfish.jersey.server.model.ResourceMethodInvoker.apply(ResourceMethodInvoker.java:102)&#10;at org.glassfish.jersey.server.ServerRuntime$2.run(ServerRuntime.java:326)&#10;at org.glassfish.jersey.internal.Errors$1.call(Errors.java:271)&#10;at org.glassfish.jersey.internal.Errors$1.call(Errors.java:267)&#10;at org.glassfish.jersey.internal.Errors.process(Errors.java:315)&#10;at org.glassfish.jersey.internal.Errors.process(Errors.java:297)&#10;at org.glassfish.jersey.internal.Errors.process(Errors.java:267)&#10;at org.glassfish.jersey.process.internal.RequestScope.runInScope(RequestScope.java:317)&#10;at org.glassfish.jersey.server.ServerRuntime.process(ServerRuntime.java:305)&#10;at org.glassfish.jersey.server.ApplicationHandler.handle(ApplicationHandler.java:1154)&#10;at org.glassfish.jersey.servlet.WebComponent.serviceImpl(WebComponent.java:473)&#10;at org.glassfish.jersey.servlet.WebComponent.service(WebComponent.java:427)&#10;at org.glassfish.jersey.servlet.ServletContainer.service(ServletContainer.java:388)&#10;at org.glassfish.jersey.servlet.ServletContainer.service(ServletContainer.java:341)&#10;at org.glassfish.jersey.servlet.ServletContainer.service(ServletContainer.java:228)&#10;at org.eclipse.jetty.servlet.ServletHolder.handle(ServletHolder.java:799)&#10;at org.eclipse.jetty.servlet.ServletHandler$ChainEnd.doFilter(ServletHandler.java:1631)&#10;at io.dropwizard.servlets.ThreadNameFilter.doFilter(ThreadNameFilter.java:35)&#10;at org.eclipse.jetty.servlet.FilterHolder.doFilter(FilterHolder.java:193)&#10;at org.eclipse.jetty.servlet.ServletHandler$Chain.doFilter(ServletHandler.java:1601)&#10;at io.dropwizard.jersey.filter.AllowedMethodsFilter.handle(AllowedMethodsFilter.java:45)&#10;at io.dropwizard.jersey.filter.AllowedMethodsFilter.doFilter(AllowedMethodsFilter.java:39)&#10;at org.eclipse.jetty.servlet.FilterHolder.doFilter(FilterHolder.java:193)&#10;at org.eclipse.jetty.servlet.ServletHandler$Chain.doFilter(ServletHandler.java:1601)&#10;at org.finos.legend.server.pac4j.internal.UsernameFilter.doFilter(UsernameFilter.java:51)&#10;at org.eclipse.jetty.servlet.FilterHolder.doFilter(FilterHolder.java:193)&#10;at org.eclipse.jetty.servlet.ServletHandler$Chain.doFilter(ServletHandler.java:1601)&#10;at org.pac4j.j2e.filter.SecurityFilter.lambda$internalFilter$0(SecurityFilter.java:95)&#10;at org.pac4j.core.engine.DefaultSecurityLogic.perform(DefaultSecurityLogic.java:140)&#10;at org.pac4j.j2e.filter.SecurityFilter.internalFilter(SecurityFilter.java:93)&#10;at org.pac4j.j2e.filter.AbstractConfigFilter.doFilter(AbstractConfigFilter.java:81)&#10;at org.eclipse.jetty.servlet.FilterHolder.doFilter(FilterHolder.java:193)&#10;at org.eclipse.jetty.servlet.ServletHandler$Chain.doFilter(ServletHandler.java:1601)&#10;at org.eclipse.jetty.servlet.ServletHandler.doHandle(ServletHandler.java:548)&#10;at org.eclipse.jetty.server.handler.ScopedHandler.nextHandle(ScopedHandler.java:233)&#10;at org.eclipse.jetty.server.session.SessionHandler.doHandle(SessionHandler.java:1624)&#10;at org.eclipse.jetty.server.handler.ScopedHandler.nextHandle(ScopedHandler.java:233)&#10;at org.eclipse.jetty.server.handler.ContextHandler.doHandle(ContextHandler.java:1434)&#10;at org.eclipse.jetty.server.handler.ScopedHandler.nextScope(ScopedHandler.java:188)&#10;at org.eclipse.jetty.servlet.ServletHandler.doScope(ServletHandler.java:501)&#10;at org.eclipse.jetty.server.session.SessionHandler.doScope(SessionHandler.java:1594)&#10;at org.eclipse.jetty.server.handler.ScopedHandler.nextScope(ScopedHandler.java:186)&#10;at org.eclipse.jetty.server.handler.ContextHandler.doScope(ContextHandler.java:1349)&#10;at org.eclipse.jetty.server.handler.ScopedHandler.handle(ScopedHandler.java:141)&#10;at org.eclipse.jetty.server.handler.HandlerWrapper.handle(HandlerWrapper.java:127)&#10;at com.codahale.metrics.jetty9.InstrumentedHandler.handle(InstrumentedHandler.java:313)&#10;at io.dropwizard.jetty.ContextRoutingHandler.handle(ContextRoutingHandler.java:37)&#10;at org.eclipse.jetty.server.handler.gzip.GzipHandler.handle(GzipHandler.java:713)&#10;at io.dropwizard.jetty.BiDiGzipHandler.handle(BiDiGzipHandler.java:67)&#10;at org.eclipse.jetty.server.handler.StatisticsHandler.handle(StatisticsHandler.java:179)&#10;at org.eclipse.jetty.server.handler.HandlerWrapper.handle(HandlerWrapper.java:127)&#10;at org.eclipse.jetty.server.Server.handle(Server.java:516)&#10;at org.eclipse.jetty.server.HttpChannel.lambda$handle$1(HttpChannel.java:400)&#10;at org.eclipse.jetty.server.HttpChannel.dispatch(HttpChannel.java:645)&#10;at org.eclipse.jetty.server.HttpChannel.handle(HttpChannel.java:392)&#10;at org.eclipse.jetty.server.HttpConnection.onFillable(HttpConnection.java:277)&#10;at org.eclipse.jetty.io.AbstractConnection$ReadCallback.succeeded(AbstractConnection.java:311)&#10;at org.eclipse.jetty.io.FillInterest.fillable(FillInterest.java:105)&#10;at org.eclipse.jetty.io.ChannelEndPoint$1.run(ChannelEndPoint.java:104)&#10;at org.eclipse.jetty.util.thread.strategy.EatWhatYouKill.runTask(EatWhatYouKill.java:338)&#10;at org.eclipse.jetty.util.thread.strategy.EatWhatYouKill.doProduce(EatWhatYouKill.java:315)&#10;at org.eclipse.jetty.util.thread.strategy.EatWhatYouKill.tryProduce(EatWhatYouKill.java:173)&#10;at org.eclipse.jetty.util.thread.strategy.EatWhatYouKill.run(EatWhatYouKill.java:131)&#10;at org.eclipse.jetty.util.thread.ReservedThreadExecutor$ReservedThread.run(ReservedThreadExecutor.java:409)&#10;at org.eclipse.jetty.util.thread.QueuedThreadPool.runJob(QueuedThreadPool.java:883)&#10;at org.eclipse.jetty.util.thread.QueuedThreadPool$Runner.run(QueuedThreadPool.java:1034)&#10;at java.base/java.lang.Thread.run(Thread.java:829)&#10;Caused by: net.snowflake.client.jdbc.SnowflakeSQLException: SQL compilation error:&#10;Object &apos;PERSONTABLE&apos; does not exist or not authorized.&#10;at net.snowflake.client.jdbc.SnowflakeUtil.checkErrorAndThrowExceptionSub(SnowflakeUtil.java:127)&#10;at net.snowflake.client.jdbc.SnowflakeUtil.checkErrorAndThrowException(SnowflakeUtil.java:67)&#10;at net.snowflake.client.core.StmtUtil.pollForOutput(StmtUtil.java:442)&#10;at net.snowflake.client.core.StmtUtil.execute(StmtUtil.java:345)&#10;at net.snowflake.client.core.SFStatement.executeHelper(SFStatement.java:486)&#10;at net.snowflake.client.core.SFStatement.executeQueryInternal(SFStatement.java:197)&#10;at net.snowflake.client.core.SFStatement.executeQuery(SFStatement.java:134)&#10;at net.snowflake.client.core.SFStatement.execute(SFStatement.java:743)&#10;at net.snowflake.client.core.SFStatement.execute(SFStatement.java:639)&#10;at net.snowflake.client.jdbc.SnowflakeStatementV1.executeQueryInternal(SnowflakeStatementV1.java:238)&#10;at net.snowflake.client.jdbc.SnowflakeStatementV1.executeQuery(SnowflakeStatementV1.java:133)&#10;at com.zaxxer.hikari.pool.ProxyStatement.executeQuery(ProxyStatement.java:110)&#10;at com.zaxxer.hikari.pool.HikariProxyStatement.executeQuery(HikariProxyStatement.java)&#10;at org.finos.legend.engine.plan.execution.stores.relational.result.SQLExecutionResult.&lt;init&gt;(SQLExecutionResult.java:95)&#10;... 101 more&#10;&quot;}&apos;&quot;" type="Assert failure at (resource"><![CDATA[Assert failure at (resource:/platform/pure/basics/tests/assertEq.pure line:34 column:5), "500 '{"code":-1,"message":"SnowflakeSQLException: SQL compilation error:
Object 'PERSONTABLE' does not exist or not authorized.","status":"error","trace":"java.lang.RuntimeException: net.snowflake.client.jdbc.SnowflakeSQLException: SQL compilation error:
Object 'PERSONTABLE' does not exist or not authorized.
at org.finos.legend.engine.plan.execution.stores.relational.result.SQLExecutionResult.<init>(SQLExecutionResult.java:123)
at org.finos.legend.engine.plan.execution.stores.relational.RelationalExecutor.execute(RelationalExecutor.java:241)
at org.finos.legend.engine.plan.execution.stores.relational.plugin.RelationalExecutionNodeExecutor.visit(RelationalExecutionNodeExecutor.java:238)
at org.finos.legend.engine.plan.execution.stores.relational.plugin.RelationalExecutionNodeExecutor.visit(RelationalExecutionNodeExecutor.java:252)
at org.finos.legend.engine.plan.execution.stores.relational.plugin.RelationalExecutionNodeExecutor.visit(RelationalExecutionNodeExecutor.java:92)
at org.finos.legend.engine.protocol.pure.v1.model.executionPlan.nodes.RelationalTdsInstantiationExecutionNode.accept(RelationalTdsInstantiationExecutionNode.java:22)
at org.finos.legend.engine.plan.execution.stores.relational.RelationalExecutionExtension.lambda$getExtraNodeExecutors$fbe53481$1(RelationalExecutionExtension.java:50)
at org.finos.legend.engine.plan.execution.nodes.ExecutionNodeExecutor.lambda$visit$0(ExecutionNodeExecutor.java:164)
at java.base/java.util.stream.ReferencePipeline$3$1.accept(ReferencePipeline.java:195)
at java.base/java.util.Spliterators$ArraySpliterator.tryAdvance(Spliterators.java:958)
at java.base/java.util.stream.ReferencePipeline.forEachWithCancel(ReferencePipeline.java:127)
at java.base/java.util.stream.AbstractPipeline.copyIntoWithCancel(AbstractPipeline.java:502)
at java.base/java.util.stream.AbstractPipeline.copyInto(AbstractPipeline.java:488)
at java.base/java.util.stream.AbstractPipeline.wrapAndCopyInto(AbstractPipeline.java:474)
at java.base/java.util.stream.FindOps$FindOp.evaluateSequential(FindOps.java:150)
at java.base/java.util.stream.AbstractPipeline.evaluate(AbstractPipeline.java:234)
at java.base/java.util.stream.ReferencePipeline.findFirst(ReferencePipeline.java:543)
at org.finos.legend.engine.plan.execution.nodes.ExecutionNodeExecutor.visit(ExecutionNodeExecutor.java:164)
at org.finos.legend.engine.plan.execution.nodes.ExecutionNodeExecutor.visit(ExecutionNodeExecutor.java:107)
at org.finos.legend.engine.protocol.pure.v1.model.executionPlan.nodes.RelationalTdsInstantiationExecutionNode.accept(RelationalTdsInstantiationExecutionNode.java:22)
at org.finos.legend.engine.plan.execution.PlanExecutor.execute(PlanExecutor.java:238)
at org.finos.legend.engine.plan.execution.PlanExecutor.execute(PlanExecutor.java:225)
at org.finos.legend.engine.plan.execution.api.ExecutePlan.doExecutePlanLegacy(ExecutePlan.java:102)
at org.finos.legend.engine.plan.execution.api.ExecutePlan.doExecutePlan(ExecutePlan.java:84)
at org.finos.legend.engine.plan.execution.api.ExecutePlanLegacy.executePlan(ExecutePlanLegacy.java:56)
at jdk.internal.reflect.GeneratedMethodAccessor100.invoke(Unknown Source)
at java.base/jdk.internal.reflect.DelegatingMethodAccessorImpl.invoke(DelegatingMethodAccessorImpl.java:43)
at java.base/java.lang.reflect.Method.invoke(Method.java:566)
at org.glassfish.jersey.server.model.internal.ResourceMethodInvocationHandlerFactory$1.invoke(ResourceMethodInvocationHandlerFactory.java:81)
at org.glassfish.jersey.server.model.internal.AbstractJavaResourceMethodDispatcher$1.run(AbstractJavaResourceMethodDispatcher.java:144)
at org.glassfish.jersey.server.model.internal.AbstractJavaResourceMethodDispatcher.invoke(AbstractJavaResourceMethodDispatcher.java:161)
at org.glassfish.jersey.server.model.internal.JavaResourceMethodDispatcherProvider$ResponseOutInvoker.doDispatch(JavaResourceMethodDispatcherProvider.java:160)
at org.glassfish.jersey.server.model.internal.AbstractJavaResourceMethodDispatcher.dispatch(AbstractJavaResourceMethodDispatcher.java:99)
at org.glassfish.jersey.server.model.ResourceMethodInvoker.invoke(ResourceMethodInvoker.java:389)
at org.glassfish.jersey.server.model.ResourceMethodInvoker.apply(ResourceMethodInvoker.java:347)
at org.glassfish.jersey.server.model.ResourceMethodInvoker.apply(ResourceMethodInvoker.java:102)
at org.glassfish.jersey.server.ServerRuntime$2.run(ServerRuntime.java:326)
at org.glassfish.jersey.internal.Errors$1.call(Errors.java:271)
at org.glassfish.jersey.internal.Errors$1.call(Errors.java:267)
at org.glassfish.jersey.internal.Errors.process(Errors.java:315)
at org.glassfish.jersey.internal.Errors.process(Errors.java:297)
at org.glassfish.jersey.internal.Errors.process(Errors.java:267)
at org.glassfish.jersey.process.internal.RequestScope.runInScope(RequestScope.java:317)
at org.glassfish.jersey.server.ServerRuntime.process(ServerRuntime.java:305)
at org.glassfish.jersey.server.ApplicationHandler.handle(ApplicationHandler.java:1154)
at org.glassfish.jersey.servlet.WebComponent.serviceImpl(WebComponent.java:473)
at org.glassfish.jersey.servlet.WebComponent.service(WebComponent.java:427)
at org.glassfish.jersey.servlet.ServletContainer.service(ServletContainer.java:388)
at org.glassfish.jersey.servlet.ServletContainer.service(ServletContainer.java:341)
at org.glassfish.jersey.servlet.ServletContainer.service(ServletContainer.java:228)
at org.eclipse.jetty.servlet.ServletHolder.handle(ServletHolder.java:799)
at org.eclipse.jetty.servlet.ServletHandler$ChainEnd.doFilter(ServletHandler.java:1631)
at io.dropwizard.servlets.ThreadNameFilter.doFilter(ThreadNameFilter.java:35)
at org.eclipse.jetty.servlet.FilterHolder.doFilter(FilterHolder.java:193)
at org.eclipse.jetty.servlet.ServletHandler$Chain.doFilter(ServletHandler.java:1601)
at io.dropwizard.jersey.filter.AllowedMethodsFilter.handle(AllowedMethodsFilter.java:45)
at io.dropwizard.jersey.filter.AllowedMethodsFilter.doFilter(AllowedMethodsFilter.java:39)
at org.eclipse.jetty.servlet.FilterHolder.doFilter(FilterHolder.java:193)
at org.eclipse.jetty.servlet.ServletHandler$Chain.doFilter(ServletHandler.java:1601)
at org.finos.legend.server.pac4j.internal.UsernameFilter.doFilter(UsernameFilter.java:51)
at org.eclipse.jetty.servlet.FilterHolder.doFilter(FilterHolder.java:193)
at org.eclipse.jetty.servlet.ServletHandler$Chain.doFilter(ServletHandler.java:1601)
at org.pac4j.j2e.filter.SecurityFilter.lambda$internalFilter$0(SecurityFilter.java:95)
at org.pac4j.core.engine.DefaultSecurityLogic.perform(DefaultSecurityLogic.java:140)
at org.pac4j.j2e.filter.SecurityFilter.internalFilter(SecurityFilter.java:93)
at org.pac4j.j2e.filter.AbstractConfigFilter.doFilter(AbstractConfigFilter.java:81)
at org.eclipse.jetty.servlet.FilterHolder.doFilter(FilterHolder.java:193)
at org.eclipse.jetty.servlet.ServletHandler$Chain.doFilter(ServletHandler.java:1601)
at org.eclipse.jetty.servlet.ServletHandler.doHandle(ServletHandler.java:548)
at org.eclipse.jetty.server.handler.ScopedHandler.nextHandle(ScopedHandler.java:233)
at org.eclipse.jetty.server.session.SessionHandler.doHandle(SessionHandler.java:1624)
at org.eclipse.jetty.server.handler.ScopedHandler.nextHandle(ScopedHandler.java:233)
at org.eclipse.jetty.server.handler.ContextHandler.doHandle(ContextHandler.java:1434)
at org.eclipse.jetty.server.handler.ScopedHandler.nextScope(ScopedHandler.java:188)
at org.eclipse.jetty.servlet.ServletHandler.doScope(ServletHandler.java:501)
at org.eclipse.jetty.server.session.SessionHandler.doScope(SessionHandler.java:1594)
at org.eclipse.jetty.server.handler.ScopedHandler.nextScope(ScopedHandler.java:186)
at org.eclipse.jetty.server.handler.ContextHandler.doScope(ContextHandler.java:1349)
at org.eclipse.jetty.server.handler.ScopedHandler.handle(ScopedHandler.java:141)
at org.eclipse.jetty.server.handler.HandlerWrapper.handle(HandlerWrapper.java:127)
at com.codahale.metrics.jetty9.InstrumentedHandler.handle(InstrumentedHandler.java:313)
at io.dropwizard.jetty.ContextRoutingHandler.handle(ContextRoutingHandler.java:37)
at org.eclipse.jetty.server.handler.gzip.GzipHandler.handle(GzipHandler.java:713)
at io.dropwizard.jetty.BiDiGzipHandler.handle(BiDiGzipHandler.java:67)
at org.eclipse.jetty.server.handler.StatisticsHandler.handle(StatisticsHandler.java:179)
at org.eclipse.jetty.server.handler.HandlerWrapper.handle(HandlerWrapper.java:127)
at org.eclipse.jetty.server.Server.handle(Server.java:516)
at org.eclipse.jetty.server.HttpChannel.lambda$handle$1(HttpChannel.java:400)
at org.eclipse.jetty.server.HttpChannel.dispatch(HttpChannel.java:645)
at org.eclipse.jetty.server.HttpChannel.handle(HttpChannel.java:392)
at org.eclipse.jetty.server.HttpConnection.onFillable(HttpConnection.java:277)
at org.eclipse.jetty.io.AbstractConnection$ReadCallback.succeeded(AbstractConnection.java:311)
at org.eclipse.jetty.io.FillInterest.fillable(FillInterest.java:105)
at org.eclipse.jetty.io.ChannelEndPoint$1.run(ChannelEndPoint.java:104)
at org.eclipse.jetty.util.thread.strategy.EatWhatYouKill.runTask(EatWhatYouKill.java:338)
at org.eclipse.jetty.util.thread.strategy.EatWhatYouKill.doProduce(EatWhatYouKill.java:315)
at org.eclipse.jetty.util.thread.strategy.EatWhatYouKill.tryProduce(EatWhatYouKill.java:173)
at org.eclipse.jetty.util.thread.strategy.EatWhatYouKill.run(EatWhatYouKill.java:131)
at org.eclipse.jetty.util.thread.ReservedThreadExecutor$ReservedThread.run(ReservedThreadExecutor.java:409)
at org.eclipse.jetty.util.thread.QueuedThreadPool.runJob(QueuedThreadPool.java:883)
at org.eclipse.jetty.util.thread.QueuedThreadPool$Runner.run(QueuedThreadPool.java:1034)
at java.base/java.lang.Thread.run(Thread.java:829)
Caused by: net.snowflake.client.jdbc.SnowflakeSQLException: SQL compilation error:
Object 'PERSONTABLE' does not exist or not authorized.
at net.snowflake.client.jdbc.SnowflakeUtil.checkErrorAndThrowExceptionSub(SnowflakeUtil.java:127)
at net.snowflake.client.jdbc.SnowflakeUtil.checkErrorAndThrowException(SnowflakeUtil.java:67)
at net.snowflake.client.core.StmtUtil.pollForOutput(StmtUtil.java:442)
at net.snowflake.client.core.StmtUtil.execute(StmtUtil.java:345)
at net.snowflake.client.core.SFStatement.executeHelper(SFStatement.java:486)
at net.snowflake.client.core.SFStatement.executeQueryInternal(SFStatement.java:197)
at net.snowflake.client.core.SFStatement.executeQuery(SFStatement.java:134)
at net.snowflake.client.core.SFStatement.execute(SFStatement.java:743)
at net.snowflake.client.core.SFStatement.execute(SFStatement.java:639)
at net.snowflake.client.jdbc.SnowflakeStatementV1.executeQueryInternal(SnowflakeStatementV1.java:238)
at net.snowflake.client.jdbc.SnowflakeStatementV1.executeQuery(SnowflakeStatementV1.java:133)
at com.zaxxer.hikari.pool.ProxyStatement.executeQuery(ProxyStatement.java:110)
at com.zaxxer.hikari.pool.HikariProxyStatement.executeQuery(HikariProxyStatement.java)
at org.finos.legend.engine.plan.execution.stores.relational.result.SQLExecutionResult.<init>(SQLExecutionResult.java:95)
... 101 more
"}'"
	at org.finos.legend.pure.runtime.java.compiled.generation.processors.support.CompiledSupport.pureAssert(CompiledSupport.java:1994)
	at org.finos.legend.pure.generated.platform_pure_basics_tests_assertEq.Root_meta_pure_functions_asserts_assertEq_Any_1__Any_1__Function_1__Boolean_1_(platform_pure_basics_tests_assertEq.java:44)
	at org.finos.legend.pure.generated.core_pure_protocol_vX_X_X_invocations_execution.Root_meta_protocols_pure_vX_X_X_invocation_execution_execute_executePlan_String_1__String_1__Integer_1__String_1_(core_pure_protocol_vX_X_X_invocations_execution.java:751)
	at org.finos.legend.pure.generated.core_pure_protocol_vX_X_X_invocations_execution.Root_meta_protocols_pure_vX_X_X_invocation_execution_execute_executePlan_ExecutionPlan_1__String_1__Integer_1__Extension_MANY__String_1_(core_pure_protocol_vX_X_X_invocations_execution.java:745)
	at org.finos.legend.pure.generated.core_pure_protocol_vX_X_X_invocations_execution.Root_meta_protocols_pure_vX_X_X_invocation_execution_execute_executePlan_ExecutionPlan_1__ExecutionContext_$0_1$__String_1__Integer_1__Extension_MANY__Result_1_(core_pure_protocol_vX_X_X_invocations_execution.java:738)
	at jdk.internal.reflect.GeneratedMethodAccessor96.invoke(Unknown Source)
	at java.base/jdk.internal.reflect.DelegatingMethodAccessorImpl.invoke(DelegatingMethodAccessorImpl.java:43)
	at java.base/java.lang.reflect.Method.invoke(Method.java:566)
	at org.finos.legend.pure.runtime.java.compiled.metadata.JavaMethodWithParamsSharedPureFunction.execute(JavaMethodWithParamsSharedPureFunction.java:59)
	at org.finos.legend.pure.runtime.java.compiled.generation.processors.support.Pure._evaluateToMany(Pure.java:546)
	at org.finos.legend.pure.generated.CoreGen.evaluateToMany(CoreGen.java:147)
	at org.finos.legend.pure.generated.CoreGen.evaluateToMany(CoreGen.java:134)
	at org.finos.legend.pure.generated.core_pure_router_router_entry$9$1.value(core_pure_router_router_entry.java:318)
	at org.finos.legend.pure.generated.core_pure_router_router_entry$9$1.execute(core_pure_router_router_entry.java:311)
	at org.finos.legend.pure.generated.core_pure_router_router_entry$9$1.execute(core_pure_router_router_entry.java:307)
	at org.finos.legend.pure.runtime.java.compiled.generation.processors.support.Pure.evaluate(Pure.java:485)
	at org.finos.legend.pure.runtime.java.compiled.generation.processors.support.Pure.legendTest(Pure.java:216)
	at org.finos.legend.pure.generated.CoreGen.legendTest(CoreGen.java:61)
	at org.finos.legend.pure.generated.core_pure_router_router_entry$9.valueOf(core_pure_router_router_entry.java:303)
	at org.finos.legend.pure.generated.core_pure_router_router_entry$9.execute(core_pure_router_router_entry.java:298)
	at org.finos.legend.pure.generated.core_pure_router_router_entry$9.execute(core_pure_router_router_entry.java:294)
	at org.finos.legend.pure.runtime.java.compiled.generation.processors.support.Pure.evaluate(Pure.java:485)
	at org.finos.legend.pure.runtime.java.compiled.generation.processors.support.Pure.traceSpan(Pure.java:1482)
	at org.finos.legend.pure.generated.CoreGen.traceSpan(CoreGen.java:203)
	at org.finos.legend.pure.generated.core_pure_router_router_entry.Root_meta_pure_router_executePlan_ExecutionPlan_1__ExecutionContext_1__Extension_MANY__Result_$0_1$_(core_pure_router_router_entry.java:290)
	at org.finos.legend.pure.generated.core_pure_router_router_entry.Root_meta_pure_router_executePlan_ExecutionPlan_1__Extension_MANY__Result_$0_1$_(core_pure_router_router_entry.java:285)
	at org.finos.legend.pure.generated.core_relational_relational_sqlQueryToString_dbTestRunner_executionPlanTestRunner$19.execute(core_relational_relational_sqlQueryToString_dbTestRunner_executionPlanTestRunner.java:305)
	at org.finos.legend.pure.generated.core_relational_relational_sqlQueryToString_dbTestRunner_executionPlanTestRunner.Root_meta_relational_dbTestRunner_executeViaPlan_FunctionDefinition_1__Mapping_1__Database_1__DbTestConfig_1__Extension_MANY__Result_$0_1$_(core_relational_relational_sqlQueryToString_dbTestRunner_executionPlanTestRunner.java:309)
	at org.finos.legend.pure.generated.core_relational_relational_sqlQueryToString_testSuite_selectSubClauses_mixtureOfClauses.Root_meta_relational_tests_dbSpecificTests_sqlQueryTests_selectSubClauses_mixtureOfCluases_testGroupByAfterJoinOuter_DbTestConfig_1__Boolean_1_(core_relational_relational_sqlQueryToString_testSuite_selectSubClauses_mixtureOfClauses.java:617)
	at java.base/jdk.internal.reflect.NativeMethodAccessorImpl.invoke0(Native Method)
	at java.base/jdk.internal.reflect.NativeMethodAccessorImpl.invoke(NativeMethodAccessorImpl.java:62)
	at java.base/jdk.internal.reflect.DelegatingMethodAccessorImpl.invoke(DelegatingMethodAccessorImpl.java:43)
	at java.base/java.lang.reflect.Method.invoke(Method.java:566)
	at org.finos.legend.pure.runtime.java.compiled.testHelper.PureTestBuilderCompiled.executeFn(PureTestBuilderCompiled.java:113)
	at org.finos.legend.pure.runtime.java.compiled.testHelper.PureTestBuilderCompiled.lambda$buildSuite$0(PureTestBuilderCompiled.java:79)
	at org.finos.legend.pure.m3.execution.test.PureTestBuilder$PureTestCase.runTest(PureTestBuilder.java:95)
	at junit.framework.TestCase.runBare(TestCase.java:142)
	at org.finos.legend.engine.server.test.shared.Relational_DbSpecific_UsingPureClientTestSuite$2.runTest(Relational_DbSpecific_UsingPureClientTestSuite.java:90)
	at junit.framework.TestCase.runBare(TestCase.java:142)
	at junit.framework.TestResult$1.protect(TestResult.java:122)
	at junit.framework.TestResult.runProtected(TestResult.java:142)
	at junit.framework.TestResult.run(TestResult.java:125)
	at junit.framework.TestCase.run(TestCase.java:130)
	at junit.framework.TestSuite.runTest(TestSuite.java:241)
	at junit.framework.TestSuite.run(TestSuite.java:236)
	at junit.framework.TestSuite.runTest(TestSuite.java:241)
	at junit.framework.TestSuite.run(TestSuite.java:236)
	at junit.framework.TestSuite.runTest(TestSuite.java:241)
	at junit.framework.TestSuite.run(TestSuite.java:236)
	at junit.framework.TestSuite.runTest(TestSuite.java:241)
	at junit.framework.TestSuite.run(TestSuite.java:236)
	at junit.framework.TestSuite.runTest(TestSuite.java:241)
	at junit.framework.TestSuite.run(TestSuite.java:236)
	at junit.extensions.TestDecorator.basicRun(TestDecorator.java:24)
	at junit.extensions.TestSetup$1.protect(TestSetup.java:23)
	at junit.framework.TestResult.runProtected(TestResult.java:142)
	at junit.extensions.TestSetup.run(TestSetup.java:27)
	at org.junit.internal.runners.JUnit38ClassRunner.run(JUnit38ClassRunner.java:90)
	at org.apache.maven.surefire.junit4.JUnit4Provider.execute(JUnit4Provider.java:365)
	at org.apache.maven.surefire.junit4.JUnit4Provider.executeWithRerun(JUnit4Provider.java:273)
	at org.apache.maven.surefire.junit4.JUnit4Provider.executeTestSet(JUnit4Provider.java:238)
	at org.apache.maven.surefire.junit4.JUnit4Provider.invoke(JUnit4Provider.java:159)
	at org.apache.maven.surefire.booter.ForkedBooter.invokeProviderInSameClassLoader(ForkedBooter.java:384)
	at org.apache.maven.surefire.booter.ForkedBooter.runSuitesInProcess(ForkedBooter.java:345)
	at org.apache.maven.surefire.booter.ForkedBooter.execute(ForkedBooter.java:126)
	at org.apache.maven.surefire.booter.ForkedBooter.main(ForkedBooter.java:418)
]]></error>
    <system-out><![CDATA[Running db test selectSubClauses::mixtureOfCluases::testGroupByAfterJoinOuter
{"duration":0.0,"eventType":"EXECUTION_PLAN_EXEC_ERROR","info":{"code":-1,"message":"SnowflakeSQLException: SQL compilation error:\nObject 'PERSONTABLE' does not exist or not authorized.","status":"error","trace":"java.lang.RuntimeException: net.snowflake.client.jdbc.SnowflakeSQLException: SQL compilation error:\nObject 'PERSONTABLE' does not exist or not authorized.\n\tat org.finos.legend.engine.plan.execution.stores.relational.result.SQLExecutionResult.<init>(SQLExecutionResult.java:123)\n\tat org.finos.legend.engine.plan.execution.stores.relational.RelationalExecutor.execute(RelationalExecutor.java:241)\n\tat org.finos.legend.engine.plan.execution.stores.relational.plugin.RelationalExecutionNodeExecutor.visit(RelationalExecutionNodeExecutor.java:238)\n\tat org.finos.legend.engine.plan.execution.stores.relational.plugin.RelationalExecutionNodeExecutor.visit(RelationalExecutionNodeExecutor.java:252)\n\tat org.finos.legend.engine.plan.execution.stores.relational.plugin.RelationalExecutionNodeExecutor.visit(RelationalExecutionNodeExecutor.java:92)\n\tat org.finos.legend.engine.protocol.pure.v1.model.executionPlan.nodes.RelationalTdsInstantiationExecutionNode.accept(RelationalTdsInstantiationExecutionNode.java:22)\n\tat org.finos.legend.engine.plan.execution.stores.relational.RelationalExecutionExtension.lambda$getExtraNodeExecutors$fbe53481$1(RelationalExecutionExtension.java:50)\n\tat org.finos.legend.engine.plan.execution.nodes.ExecutionNodeExecutor.lambda$visit$0(ExecutionNodeExecutor.java:164)\n\tat java.base/java.util.stream.ReferencePipeline$3$1.accept(ReferencePipeline.java:195)\n\tat java.base/java.util.Spliterators$ArraySpliterator.tryAdvance(Spliterators.java:958)\n\tat java.base/java.util.stream.ReferencePipeline.forEachWithCancel(ReferencePipeline.java:127)\n\tat java.base/java.util.stream.AbstractPipeline.copyIntoWithCancel(AbstractPipeline.java:502)\n\tat java.base/java.util.stream.AbstractPipeline.copyInto(AbstractPipeline.java:488)\n\tat java.base/java.util.stream.AbstractPipeline.wrapAndCopyInto(AbstractPipeline.java:474)\n\tat java.base/java.util.stream.FindOps$FindOp.evaluateSequential(FindOps.java:150)\n\tat java.base/java.util.stream.AbstractPipeline.evaluate(AbstractPipeline.java:234)\n\tat java.base/java.util.stream.ReferencePipeline.findFirst(ReferencePipeline.java:543)\n\tat org.finos.legend.engine.plan.execution.nodes.ExecutionNodeExecutor.visit(ExecutionNodeExecutor.java:164)\n\tat org.finos.legend.engine.plan.execution.nodes.ExecutionNodeExecutor.visit(ExecutionNodeExecutor.java:107)\n\tat org.finos.legend.engine.protocol.pure.v1.model.executionPlan.nodes.RelationalTdsInstantiationExecutionNode.accept(RelationalTdsInstantiationExecutionNode.java:22)\n\tat org.finos.legend.engine.plan.execution.PlanExecutor.execute(PlanExecutor.java:238)\n\tat org.finos.legend.engine.plan.execution.PlanExecutor.execute(PlanExecutor.java:225)\n\tat org.finos.legend.engine.plan.execution.api.ExecutePlan.doExecutePlanLegacy(ExecutePlan.java:102)\n\tat org.finos.legend.engine.plan.execution.api.ExecutePlan.doExecutePlan(ExecutePlan.java:84)\n\tat org.finos.legend.engine.plan.execution.api.ExecutePlanLegacy.executePlan(ExecutePlanLegacy.java:56)\n\tat jdk.internal.reflect.GeneratedMethodAccessor100.invoke(Unknown Source)\n\tat java.base/jdk.internal.reflect.DelegatingMethodAccessorImpl.invoke(DelegatingMethodAccessorImpl.java:43)\n\tat java.base/java.lang.reflect.Method.invoke(Method.java:566)\n\tat org.glassfish.jersey.server.model.internal.ResourceMethodInvocationHandlerFactory$1.invoke(ResourceMethodInvocationHandlerFactory.java:81)\n\tat org.glassfish.jersey.server.model.internal.AbstractJavaResourceMethodDispatcher$1.run(AbstractJavaResourceMethodDispatcher.java:144)\n\tat org.glassfish.jersey.server.model.internal.AbstractJavaResourceMethodDispatcher.invoke(AbstractJavaResourceMethodDispatcher.java:161)\n\tat org.glassfish.jersey.server.model.internal.JavaResourceMethodDispatcherProvider$ResponseOutInvoker.doDispatch(JavaResourceMethodDispatcherProvider.java:160)\n\tat org.glassfish.jersey.server.model.internal.AbstractJavaResourceMethodDispatcher.dispatch(AbstractJavaResourceMethodDispatcher.java:99)\n\tat org.glassfish.jersey.server.model.ResourceMethodInvoker.invoke(ResourceMethodInvoker.java:389)\n\tat org.glassfish.jersey.server.model.ResourceMethodInvoker.apply(ResourceMethodInvoker.java:347)\n\tat org.glassfish.jersey.server.model.ResourceMethodInvoker.apply(ResourceMethodInvoker.java:102)\n\tat org.glassfish.jersey.server.ServerRuntime$2.run(ServerRuntime.java:326)\n\tat org.glassfish.jersey.internal.Errors$1.call(Errors.java:271)\n\tat org.glassfish.jersey.internal.Errors$1.call(Errors.java:267)\n\tat org.glassfish.jersey.internal.Errors.process(Errors.java:315)\n\tat org.glassfish.jersey.internal.Errors.process(Errors.java:297)\n\tat org.glassfish.jersey.internal.Errors.process(Errors.java:267)\n\tat org.glassfish.jersey.process.internal.RequestScope.runInScope(RequestScope.java:317)\n\tat org.glassfish.jersey.server.ServerRuntime.process(ServerRuntime.java:305)\n\tat org.glassfish.jersey.server.ApplicationHandler.handle(ApplicationHandler.java:1154)\n\tat org.glassfish.jersey.servlet.WebComponent.serviceImpl(WebComponent.java:473)\n\tat org.glassfish.jersey.servlet.WebComponent.service(WebComponent.java:427)\n\tat org.glassfish.jersey.servlet.ServletContainer.service(ServletContainer.java:388)\n\tat org.glassfish.jersey.servlet.ServletContainer.service(ServletContainer.java:341)\n\tat org.glassfish.jersey.servlet.ServletContainer.service(ServletContainer.java:228)\n\tat org.eclipse.jetty.servlet.ServletHolder.handle(ServletHolder.java:799)\n\tat org.eclipse.jetty.servlet.ServletHandler$ChainEnd.doFilter(ServletHandler.java:1631)\n\tat io.dropwizard.servlets.ThreadNameFilter.doFilter(ThreadNameFilter.java:35)\n\tat org.eclipse.jetty.servlet.FilterHolder.doFilter(FilterHolder.java:193)\n\tat org.eclipse.jetty.servlet.ServletHandler$Chain.doFilter(ServletHandler.java:1601)\n\tat io.dropwizard.jersey.filter.AllowedMethodsFilter.handle(AllowedMethodsFilter.java:45)\n\tat io.dropwizard.jersey.filter.AllowedMethodsFilter.doFilter(AllowedMethodsFilter.java:39)\n\tat org.eclipse.jetty.servlet.FilterHolder.doFilter(FilterHolder.java:193)\n\tat org.eclipse.jetty.servlet.ServletHandler$Chain.doFilter(ServletHandler.java:1601)\n\tat org.finos.legend.server.pac4j.internal.UsernameFilter.doFilter(UsernameFilter.java:51)\n\tat org.eclipse.jetty.servlet.FilterHolder.doFilter(FilterHolder.java:193)\n\tat org.eclipse.jetty.servlet.ServletHandler$Chain.doFilter(ServletHandler.java:1601)\n\tat org.pac4j.j2e.filter.SecurityFilter.lambda$internalFilter$0(SecurityFilter.java:95)\n\tat org.pac4j.core.engine.DefaultSecurityLogic.perform(DefaultSecurityLogic.java:140)\n\tat org.pac4j.j2e.filter.SecurityFilter.internalFilter(SecurityFilter.java:93)\n\tat org.pac4j.j2e.filter.AbstractConfigFilter.doFilter(AbstractConfigFilter.java:81)\n\tat org.eclipse.jetty.servlet.FilterHolder.doFilter(FilterHolder.java:193)\n\tat org.eclipse.jetty.servlet.ServletHandler$Chain.doFilter(ServletHandler.java:1601)\n\tat org.eclipse.jetty.servlet.ServletHandler.doHandle(ServletHandler.java:548)\n\tat org.eclipse.jetty.server.handler.ScopedHandler.nextHandle(ScopedHandler.java:233)\n\tat org.eclipse.jetty.server.session.SessionHandler.doHandle(SessionHandler.java:1624)\n\tat org.eclipse.jetty.server.handler.ScopedHandler.nextHandle(ScopedHandler.java:233)\n\tat org.eclipse.jetty.server.handler.ContextHandler.doHandle(ContextHandler.java:1434)\n\tat org.eclipse.jetty.server.handler.ScopedHandler.nextScope(ScopedHandler.java:188)\n\tat org.eclipse.jetty.servlet.ServletHandler.doScope(ServletHandler.java:501)\n\tat org.eclipse.jetty.server.session.SessionHandler.doScope(SessionHandler.java:1594)\n\tat org.eclipse.jetty.server.handler.ScopedHandler.nextScope(ScopedHandler.java:186)\n\tat org.eclipse.jetty.server.handler.ContextHandler.doScope(ContextHandler.java:1349)\n\tat org.eclipse.jetty.server.handler.ScopedHandler.handle(ScopedHandler.java:141)\n\tat org.eclipse.jetty.server.handler.HandlerWrapper.handle(HandlerWrapper.java:127)\n\tat com.codahale.metrics.jetty9.InstrumentedHandler.handle(InstrumentedHandler.java:313)\n\tat io.dropwizard.jetty.ContextRoutingHandler.handle(ContextRoutingHandler.java:37)\n\tat org.eclipse.jetty.server.handler.gzip.GzipHandler.handle(GzipHandler.java:713)\n\tat io.dropwizard.jetty.BiDiGzipHandler.handle(BiDiGzipHandler.java:67)\n\tat org.eclipse.jetty.server.handler.StatisticsHandler.handle(StatisticsHandler.java:179)\n\tat org.eclipse.jetty.server.handler.HandlerWrapper.handle(HandlerWrapper.java:127)\n\tat org.eclipse.jetty.server.Server.handle(Server.java:516)\n\tat org.eclipse.jetty.server.HttpChannel.lambda$handle$1(HttpChannel.java:400)\n\tat org.eclipse.jetty.server.HttpChannel.dispatch(HttpChannel.java:645)\n\tat org.eclipse.jetty.server.HttpChannel.handle(HttpChannel.java:392)\n\tat org.eclipse.jetty.server.HttpConnection.onFillable(HttpConnection.java:277)\n\tat org.eclipse.jetty.io.AbstractConnection$ReadCallback.succeeded(AbstractConnection.java:311)\n\tat org.eclipse.jetty.io.FillInterest.fillable(FillInterest.java:105)\n\tat org.eclipse.jetty.io.ChannelEndPoint$1.run(ChannelEndPoint.java:104)\n\tat org.eclipse.jetty.util.thread.strategy.EatWhatYouKill.runTask(EatWhatYouKill.java:338)\n\tat org.eclipse.jetty.util.thread.strategy.EatWhatYouKill.doProduce(EatWhatYouKill.java:315)\n\tat org.eclipse.jetty.util.thread.strategy.EatWhatYouKill.tryProduce(EatWhatYouKill.java:173)\n\tat org.eclipse.jetty.util.thread.strategy.EatWhatYouKill.run(EatWhatYouKill.java:131)\n\tat org.eclipse.jetty.util.thread.ReservedThreadExecutor$ReservedThread.run(ReservedThreadExecutor.java:409)\n\tat org.eclipse.jetty.util.thread.QueuedThreadPool.runJob(QueuedThreadPool.java:883)\n\tat org.eclipse.jetty.util.thread.QueuedThreadPool$Runner.run(QueuedThreadPool.java:1034)\n\tat java.base/java.lang.Thread.run(Thread.java:829)\nCaused by: net.snowflake.client.jdbc.SnowflakeSQLException: SQL compilation error:\nObject 'PERSONTABLE' does not exist or not authorized.\n\tat net.snowflake.client.jdbc.SnowflakeUtil.checkErrorAndThrowExceptionSub(SnowflakeUtil.java:127)\n\tat net.snowflake.client.jdbc.SnowflakeUtil.checkErrorAndThrowException(SnowflakeUtil.java:67)\n\tat net.snowflake.client.core.StmtUtil.pollForOutput(StmtUtil.java:442)\n\tat net.snowflake.client.core.StmtUtil.execute(StmtUtil.java:345)\n\tat net.snowflake.client.core.SFStatement.executeHelper(SFStatement.java:486)\n\tat net.snowflake.client.core.SFStatement.executeQueryInternal(SFStatement.java:197)\n\tat net.snowflake.client.core.SFStatement.executeQuery(SFStatement.java:134)\n\tat net.snowflake.client.core.SFStatement.execute(SFStatement.java:743)\n\tat net.snowflake.client.core.SFStatement.execute(SFStatement.java:639)\n\tat net.snowflake.client.jdbc.SnowflakeStatementV1.executeQueryInternal(SnowflakeStatementV1.java:238)\n\tat net.snowflake.client.jdbc.SnowflakeStatementV1.executeQuery(SnowflakeStatementV1.java:133)\n\tat com.zaxxer.hikari.pool.ProxyStatement.executeQuery(ProxyStatement.java:110)\n\tat com.zaxxer.hikari.pool.HikariProxyStatement.executeQuery(HikariProxyStatement.java)\n\tat org.finos.legend.engine.plan.execution.stores.relational.result.SQLExecutionResult.<init>(SQLExecutionResult.java:95)\n\t... 101 more\n"},"mode":"DEV","timeStamp":"2023-02-23 01:31:53.071","user":"_UNKNOWN_"}
| **selectSubClauses::mixtureOfCluases::testGroupByAfterJoinOuter** | failing :x: |
]]></system-out>
  </testcase>
  <testcase name="testDoubleSortAscChain[Snowflake]" classname="org.finos.legend.engine.server.test.shared.Relational_DbSpecific_UsingPureClientTestSuite$2" time="0.306">
    <error message="Assert failure at (resource:/platform/pure/basics/tests/assertEq.pure line:34 column:5), &quot;500 &apos;{&quot;code&quot;:-1,&quot;message&quot;:&quot;SnowflakeSQLException: SQL compilation error:&#10;Object &apos;PERSONTABLE&apos; does not exist or not authorized.&quot;,&quot;status&quot;:&quot;error&quot;,&quot;trace&quot;:&quot;java.lang.RuntimeException: net.snowflake.client.jdbc.SnowflakeSQLException: SQL compilation error:&#10;Object &apos;PERSONTABLE&apos; does not exist or not authorized.&#10;at org.finos.legend.engine.plan.execution.stores.relational.result.SQLExecutionResult.&lt;init&gt;(SQLExecutionResult.java:123)&#10;at org.finos.legend.engine.plan.execution.stores.relational.RelationalExecutor.execute(RelationalExecutor.java:241)&#10;at org.finos.legend.engine.plan.execution.stores.relational.plugin.RelationalExecutionNodeExecutor.visit(RelationalExecutionNodeExecutor.java:238)&#10;at org.finos.legend.engine.plan.execution.stores.relational.plugin.RelationalExecutionNodeExecutor.visit(RelationalExecutionNodeExecutor.java:252)&#10;at org.finos.legend.engine.plan.execution.stores.relational.plugin.RelationalExecutionNodeExecutor.visit(RelationalExecutionNodeExecutor.java:92)&#10;at org.finos.legend.engine.protocol.pure.v1.model.executionPlan.nodes.RelationalTdsInstantiationExecutionNode.accept(RelationalTdsInstantiationExecutionNode.java:22)&#10;at org.finos.legend.engine.plan.execution.stores.relational.RelationalExecutionExtension.lambda$getExtraNodeExecutors$fbe53481$1(RelationalExecutionExtension.java:50)&#10;at org.finos.legend.engine.plan.execution.nodes.ExecutionNodeExecutor.lambda$visit$0(ExecutionNodeExecutor.java:164)&#10;at java.base/java.util.stream.ReferencePipeline$3$1.accept(ReferencePipeline.java:195)&#10;at java.base/java.util.Spliterators$ArraySpliterator.tryAdvance(Spliterators.java:958)&#10;at java.base/java.util.stream.ReferencePipeline.forEachWithCancel(ReferencePipeline.java:127)&#10;at java.base/java.util.stream.AbstractPipeline.copyIntoWithCancel(AbstractPipeline.java:502)&#10;at java.base/java.util.stream.AbstractPipeline.copyInto(AbstractPipeline.java:488)&#10;at java.base/java.util.stream.AbstractPipeline.wrapAndCopyInto(AbstractPipeline.java:474)&#10;at java.base/java.util.stream.FindOps$FindOp.evaluateSequential(FindOps.java:150)&#10;at java.base/java.util.stream.AbstractPipeline.evaluate(AbstractPipeline.java:234)&#10;at java.base/java.util.stream.ReferencePipeline.findFirst(ReferencePipeline.java:543)&#10;at org.finos.legend.engine.plan.execution.nodes.ExecutionNodeExecutor.visit(ExecutionNodeExecutor.java:164)&#10;at org.finos.legend.engine.plan.execution.nodes.ExecutionNodeExecutor.visit(ExecutionNodeExecutor.java:107)&#10;at org.finos.legend.engine.protocol.pure.v1.model.executionPlan.nodes.RelationalTdsInstantiationExecutionNode.accept(RelationalTdsInstantiationExecutionNode.java:22)&#10;at org.finos.legend.engine.plan.execution.PlanExecutor.execute(PlanExecutor.java:238)&#10;at org.finos.legend.engine.plan.execution.PlanExecutor.execute(PlanExecutor.java:225)&#10;at org.finos.legend.engine.plan.execution.api.ExecutePlan.doExecutePlanLegacy(ExecutePlan.java:102)&#10;at org.finos.legend.engine.plan.execution.api.ExecutePlan.doExecutePlan(ExecutePlan.java:84)&#10;at org.finos.legend.engine.plan.execution.api.ExecutePlanLegacy.executePlan(ExecutePlanLegacy.java:56)&#10;at jdk.internal.reflect.GeneratedMethodAccessor100.invoke(Unknown Source)&#10;at java.base/jdk.internal.reflect.DelegatingMethodAccessorImpl.invoke(DelegatingMethodAccessorImpl.java:43)&#10;at java.base/java.lang.reflect.Method.invoke(Method.java:566)&#10;at org.glassfish.jersey.server.model.internal.ResourceMethodInvocationHandlerFactory$1.invoke(ResourceMethodInvocationHandlerFactory.java:81)&#10;at org.glassfish.jersey.server.model.internal.AbstractJavaResourceMethodDispatcher$1.run(AbstractJavaResourceMethodDispatcher.java:144)&#10;at org.glassfish.jersey.server.model.internal.AbstractJavaResourceMethodDispatcher.invoke(AbstractJavaResourceMethodDispatcher.java:161)&#10;at org.glassfish.jersey.server.model.internal.JavaResourceMethodDispatcherProvider$ResponseOutInvoker.doDispatch(JavaResourceMethodDispatcherProvider.java:160)&#10;at org.glassfish.jersey.server.model.internal.AbstractJavaResourceMethodDispatcher.dispatch(AbstractJavaResourceMethodDispatcher.java:99)&#10;at org.glassfish.jersey.server.model.ResourceMethodInvoker.invoke(ResourceMethodInvoker.java:389)&#10;at org.glassfish.jersey.server.model.ResourceMethodInvoker.apply(ResourceMethodInvoker.java:347)&#10;at org.glassfish.jersey.server.model.ResourceMethodInvoker.apply(ResourceMethodInvoker.java:102)&#10;at org.glassfish.jersey.server.ServerRuntime$2.run(ServerRuntime.java:326)&#10;at org.glassfish.jersey.internal.Errors$1.call(Errors.java:271)&#10;at org.glassfish.jersey.internal.Errors$1.call(Errors.java:267)&#10;at org.glassfish.jersey.internal.Errors.process(Errors.java:315)&#10;at org.glassfish.jersey.internal.Errors.process(Errors.java:297)&#10;at org.glassfish.jersey.internal.Errors.process(Errors.java:267)&#10;at org.glassfish.jersey.process.internal.RequestScope.runInScope(RequestScope.java:317)&#10;at org.glassfish.jersey.server.ServerRuntime.process(ServerRuntime.java:305)&#10;at org.glassfish.jersey.server.ApplicationHandler.handle(ApplicationHandler.java:1154)&#10;at org.glassfish.jersey.servlet.WebComponent.serviceImpl(WebComponent.java:473)&#10;at org.glassfish.jersey.servlet.WebComponent.service(WebComponent.java:427)&#10;at org.glassfish.jersey.servlet.ServletContainer.service(ServletContainer.java:388)&#10;at org.glassfish.jersey.servlet.ServletContainer.service(ServletContainer.java:341)&#10;at org.glassfish.jersey.servlet.ServletContainer.service(ServletContainer.java:228)&#10;at org.eclipse.jetty.servlet.ServletHolder.handle(ServletHolder.java:799)&#10;at org.eclipse.jetty.servlet.ServletHandler$ChainEnd.doFilter(ServletHandler.java:1631)&#10;at io.dropwizard.servlets.ThreadNameFilter.doFilter(ThreadNameFilter.java:35)&#10;at org.eclipse.jetty.servlet.FilterHolder.doFilter(FilterHolder.java:193)&#10;at org.eclipse.jetty.servlet.ServletHandler$Chain.doFilter(ServletHandler.java:1601)&#10;at io.dropwizard.jersey.filter.AllowedMethodsFilter.handle(AllowedMethodsFilter.java:45)&#10;at io.dropwizard.jersey.filter.AllowedMethodsFilter.doFilter(AllowedMethodsFilter.java:39)&#10;at org.eclipse.jetty.servlet.FilterHolder.doFilter(FilterHolder.java:193)&#10;at org.eclipse.jetty.servlet.ServletHandler$Chain.doFilter(ServletHandler.java:1601)&#10;at org.finos.legend.server.pac4j.internal.UsernameFilter.doFilter(UsernameFilter.java:51)&#10;at org.eclipse.jetty.servlet.FilterHolder.doFilter(FilterHolder.java:193)&#10;at org.eclipse.jetty.servlet.ServletHandler$Chain.doFilter(ServletHandler.java:1601)&#10;at org.pac4j.j2e.filter.SecurityFilter.lambda$internalFilter$0(SecurityFilter.java:95)&#10;at org.pac4j.core.engine.DefaultSecurityLogic.perform(DefaultSecurityLogic.java:140)&#10;at org.pac4j.j2e.filter.SecurityFilter.internalFilter(SecurityFilter.java:93)&#10;at org.pac4j.j2e.filter.AbstractConfigFilter.doFilter(AbstractConfigFilter.java:81)&#10;at org.eclipse.jetty.servlet.FilterHolder.doFilter(FilterHolder.java:193)&#10;at org.eclipse.jetty.servlet.ServletHandler$Chain.doFilter(ServletHandler.java:1601)&#10;at org.eclipse.jetty.servlet.ServletHandler.doHandle(ServletHandler.java:548)&#10;at org.eclipse.jetty.server.handler.ScopedHandler.nextHandle(ScopedHandler.java:233)&#10;at org.eclipse.jetty.server.session.SessionHandler.doHandle(SessionHandler.java:1624)&#10;at org.eclipse.jetty.server.handler.ScopedHandler.nextHandle(ScopedHandler.java:233)&#10;at org.eclipse.jetty.server.handler.ContextHandler.doHandle(ContextHandler.java:1434)&#10;at org.eclipse.jetty.server.handler.ScopedHandler.nextScope(ScopedHandler.java:188)&#10;at org.eclipse.jetty.servlet.ServletHandler.doScope(ServletHandler.java:501)&#10;at org.eclipse.jetty.server.session.SessionHandler.doScope(SessionHandler.java:1594)&#10;at org.eclipse.jetty.server.handler.ScopedHandler.nextScope(ScopedHandler.java:186)&#10;at org.eclipse.jetty.server.handler.ContextHandler.doScope(ContextHandler.java:1349)&#10;at org.eclipse.jetty.server.handler.ScopedHandler.handle(ScopedHandler.java:141)&#10;at org.eclipse.jetty.server.handler.HandlerWrapper.handle(HandlerWrapper.java:127)&#10;at com.codahale.metrics.jetty9.InstrumentedHandler.handle(InstrumentedHandler.java:313)&#10;at io.dropwizard.jetty.ContextRoutingHandler.handle(ContextRoutingHandler.java:37)&#10;at org.eclipse.jetty.server.handler.gzip.GzipHandler.handle(GzipHandler.java:713)&#10;at io.dropwizard.jetty.BiDiGzipHandler.handle(BiDiGzipHandler.java:67)&#10;at org.eclipse.jetty.server.handler.StatisticsHandler.handle(StatisticsHandler.java:179)&#10;at org.eclipse.jetty.server.handler.HandlerWrapper.handle(HandlerWrapper.java:127)&#10;at org.eclipse.jetty.server.Server.handle(Server.java:516)&#10;at org.eclipse.jetty.server.HttpChannel.lambda$handle$1(HttpChannel.java:400)&#10;at org.eclipse.jetty.server.HttpChannel.dispatch(HttpChannel.java:645)&#10;at org.eclipse.jetty.server.HttpChannel.handle(HttpChannel.java:392)&#10;at org.eclipse.jetty.server.HttpConnection.onFillable(HttpConnection.java:277)&#10;at org.eclipse.jetty.io.AbstractConnection$ReadCallback.succeeded(AbstractConnection.java:311)&#10;at org.eclipse.jetty.io.FillInterest.fillable(FillInterest.java:105)&#10;at org.eclipse.jetty.io.ChannelEndPoint$1.run(ChannelEndPoint.java:104)&#10;at org.eclipse.jetty.util.thread.strategy.EatWhatYouKill.runTask(EatWhatYouKill.java:338)&#10;at org.eclipse.jetty.util.thread.strategy.EatWhatYouKill.doProduce(EatWhatYouKill.java:315)&#10;at org.eclipse.jetty.util.thread.strategy.EatWhatYouKill.tryProduce(EatWhatYouKill.java:173)&#10;at org.eclipse.jetty.util.thread.strategy.EatWhatYouKill.run(EatWhatYouKill.java:131)&#10;at org.eclipse.jetty.util.thread.ReservedThreadExecutor$ReservedThread.run(ReservedThreadExecutor.java:409)&#10;at org.eclipse.jetty.util.thread.QueuedThreadPool.runJob(QueuedThreadPool.java:883)&#10;at org.eclipse.jetty.util.thread.QueuedThreadPool$Runner.run(QueuedThreadPool.java:1034)&#10;at java.base/java.lang.Thread.run(Thread.java:829)&#10;Caused by: net.snowflake.client.jdbc.SnowflakeSQLException: SQL compilation error:&#10;Object &apos;PERSONTABLE&apos; does not exist or not authorized.&#10;at net.snowflake.client.jdbc.SnowflakeUtil.checkErrorAndThrowExceptionSub(SnowflakeUtil.java:127)&#10;at net.snowflake.client.jdbc.SnowflakeUtil.checkErrorAndThrowException(SnowflakeUtil.java:67)&#10;at net.snowflake.client.core.StmtUtil.pollForOutput(StmtUtil.java:442)&#10;at net.snowflake.client.core.StmtUtil.execute(StmtUtil.java:345)&#10;at net.snowflake.client.core.SFStatement.executeHelper(SFStatement.java:486)&#10;at net.snowflake.client.core.SFStatement.executeQueryInternal(SFStatement.java:197)&#10;at net.snowflake.client.core.SFStatement.executeQuery(SFStatement.java:134)&#10;at net.snowflake.client.core.SFStatement.execute(SFStatement.java:743)&#10;at net.snowflake.client.core.SFStatement.execute(SFStatement.java:639)&#10;at net.snowflake.client.jdbc.SnowflakeStatementV1.executeQueryInternal(SnowflakeStatementV1.java:238)&#10;at net.snowflake.client.jdbc.SnowflakeStatementV1.executeQuery(SnowflakeStatementV1.java:133)&#10;at com.zaxxer.hikari.pool.ProxyStatement.executeQuery(ProxyStatement.java:110)&#10;at com.zaxxer.hikari.pool.HikariProxyStatement.executeQuery(HikariProxyStatement.java)&#10;at org.finos.legend.engine.plan.execution.stores.relational.result.SQLExecutionResult.&lt;init&gt;(SQLExecutionResult.java:95)&#10;... 101 more&#10;&quot;}&apos;&quot;" type="Assert failure at (resource"><![CDATA[Assert failure at (resource:/platform/pure/basics/tests/assertEq.pure line:34 column:5), "500 '{"code":-1,"message":"SnowflakeSQLException: SQL compilation error:
Object 'PERSONTABLE' does not exist or not authorized.","status":"error","trace":"java.lang.RuntimeException: net.snowflake.client.jdbc.SnowflakeSQLException: SQL compilation error:
Object 'PERSONTABLE' does not exist or not authorized.
at org.finos.legend.engine.plan.execution.stores.relational.result.SQLExecutionResult.<init>(SQLExecutionResult.java:123)
at org.finos.legend.engine.plan.execution.stores.relational.RelationalExecutor.execute(RelationalExecutor.java:241)
at org.finos.legend.engine.plan.execution.stores.relational.plugin.RelationalExecutionNodeExecutor.visit(RelationalExecutionNodeExecutor.java:238)
at org.finos.legend.engine.plan.execution.stores.relational.plugin.RelationalExecutionNodeExecutor.visit(RelationalExecutionNodeExecutor.java:252)
at org.finos.legend.engine.plan.execution.stores.relational.plugin.RelationalExecutionNodeExecutor.visit(RelationalExecutionNodeExecutor.java:92)
at org.finos.legend.engine.protocol.pure.v1.model.executionPlan.nodes.RelationalTdsInstantiationExecutionNode.accept(RelationalTdsInstantiationExecutionNode.java:22)
at org.finos.legend.engine.plan.execution.stores.relational.RelationalExecutionExtension.lambda$getExtraNodeExecutors$fbe53481$1(RelationalExecutionExtension.java:50)
at org.finos.legend.engine.plan.execution.nodes.ExecutionNodeExecutor.lambda$visit$0(ExecutionNodeExecutor.java:164)
at java.base/java.util.stream.ReferencePipeline$3$1.accept(ReferencePipeline.java:195)
at java.base/java.util.Spliterators$ArraySpliterator.tryAdvance(Spliterators.java:958)
at java.base/java.util.stream.ReferencePipeline.forEachWithCancel(ReferencePipeline.java:127)
at java.base/java.util.stream.AbstractPipeline.copyIntoWithCancel(AbstractPipeline.java:502)
at java.base/java.util.stream.AbstractPipeline.copyInto(AbstractPipeline.java:488)
at java.base/java.util.stream.AbstractPipeline.wrapAndCopyInto(AbstractPipeline.java:474)
at java.base/java.util.stream.FindOps$FindOp.evaluateSequential(FindOps.java:150)
at java.base/java.util.stream.AbstractPipeline.evaluate(AbstractPipeline.java:234)
at java.base/java.util.stream.ReferencePipeline.findFirst(ReferencePipeline.java:543)
at org.finos.legend.engine.plan.execution.nodes.ExecutionNodeExecutor.visit(ExecutionNodeExecutor.java:164)
at org.finos.legend.engine.plan.execution.nodes.ExecutionNodeExecutor.visit(ExecutionNodeExecutor.java:107)
at org.finos.legend.engine.protocol.pure.v1.model.executionPlan.nodes.RelationalTdsInstantiationExecutionNode.accept(RelationalTdsInstantiationExecutionNode.java:22)
at org.finos.legend.engine.plan.execution.PlanExecutor.execute(PlanExecutor.java:238)
at org.finos.legend.engine.plan.execution.PlanExecutor.execute(PlanExecutor.java:225)
at org.finos.legend.engine.plan.execution.api.ExecutePlan.doExecutePlanLegacy(ExecutePlan.java:102)
at org.finos.legend.engine.plan.execution.api.ExecutePlan.doExecutePlan(ExecutePlan.java:84)
at org.finos.legend.engine.plan.execution.api.ExecutePlanLegacy.executePlan(ExecutePlanLegacy.java:56)
at jdk.internal.reflect.GeneratedMethodAccessor100.invoke(Unknown Source)
at java.base/jdk.internal.reflect.DelegatingMethodAccessorImpl.invoke(DelegatingMethodAccessorImpl.java:43)
at java.base/java.lang.reflect.Method.invoke(Method.java:566)
at org.glassfish.jersey.server.model.internal.ResourceMethodInvocationHandlerFactory$1.invoke(ResourceMethodInvocationHandlerFactory.java:81)
at org.glassfish.jersey.server.model.internal.AbstractJavaResourceMethodDispatcher$1.run(AbstractJavaResourceMethodDispatcher.java:144)
at org.glassfish.jersey.server.model.internal.AbstractJavaResourceMethodDispatcher.invoke(AbstractJavaResourceMethodDispatcher.java:161)
at org.glassfish.jersey.server.model.internal.JavaResourceMethodDispatcherProvider$ResponseOutInvoker.doDispatch(JavaResourceMethodDispatcherProvider.java:160)
at org.glassfish.jersey.server.model.internal.AbstractJavaResourceMethodDispatcher.dispatch(AbstractJavaResourceMethodDispatcher.java:99)
at org.glassfish.jersey.server.model.ResourceMethodInvoker.invoke(ResourceMethodInvoker.java:389)
at org.glassfish.jersey.server.model.ResourceMethodInvoker.apply(ResourceMethodInvoker.java:347)
at org.glassfish.jersey.server.model.ResourceMethodInvoker.apply(ResourceMethodInvoker.java:102)
at org.glassfish.jersey.server.ServerRuntime$2.run(ServerRuntime.java:326)
at org.glassfish.jersey.internal.Errors$1.call(Errors.java:271)
at org.glassfish.jersey.internal.Errors$1.call(Errors.java:267)
at org.glassfish.jersey.internal.Errors.process(Errors.java:315)
at org.glassfish.jersey.internal.Errors.process(Errors.java:297)
at org.glassfish.jersey.internal.Errors.process(Errors.java:267)
at org.glassfish.jersey.process.internal.RequestScope.runInScope(RequestScope.java:317)
at org.glassfish.jersey.server.ServerRuntime.process(ServerRuntime.java:305)
at org.glassfish.jersey.server.ApplicationHandler.handle(ApplicationHandler.java:1154)
at org.glassfish.jersey.servlet.WebComponent.serviceImpl(WebComponent.java:473)
at org.glassfish.jersey.servlet.WebComponent.service(WebComponent.java:427)
at org.glassfish.jersey.servlet.ServletContainer.service(ServletContainer.java:388)
at org.glassfish.jersey.servlet.ServletContainer.service(ServletContainer.java:341)
at org.glassfish.jersey.servlet.ServletContainer.service(ServletContainer.java:228)
at org.eclipse.jetty.servlet.ServletHolder.handle(ServletHolder.java:799)
at org.eclipse.jetty.servlet.ServletHandler$ChainEnd.doFilter(ServletHandler.java:1631)
at io.dropwizard.servlets.ThreadNameFilter.doFilter(ThreadNameFilter.java:35)
at org.eclipse.jetty.servlet.FilterHolder.doFilter(FilterHolder.java:193)
at org.eclipse.jetty.servlet.ServletHandler$Chain.doFilter(ServletHandler.java:1601)
at io.dropwizard.jersey.filter.AllowedMethodsFilter.handle(AllowedMethodsFilter.java:45)
at io.dropwizard.jersey.filter.AllowedMethodsFilter.doFilter(AllowedMethodsFilter.java:39)
at org.eclipse.jetty.servlet.FilterHolder.doFilter(FilterHolder.java:193)
at org.eclipse.jetty.servlet.ServletHandler$Chain.doFilter(ServletHandler.java:1601)
at org.finos.legend.server.pac4j.internal.UsernameFilter.doFilter(UsernameFilter.java:51)
at org.eclipse.jetty.servlet.FilterHolder.doFilter(FilterHolder.java:193)
at org.eclipse.jetty.servlet.ServletHandler$Chain.doFilter(ServletHandler.java:1601)
at org.pac4j.j2e.filter.SecurityFilter.lambda$internalFilter$0(SecurityFilter.java:95)
at org.pac4j.core.engine.DefaultSecurityLogic.perform(DefaultSecurityLogic.java:140)
at org.pac4j.j2e.filter.SecurityFilter.internalFilter(SecurityFilter.java:93)
at org.pac4j.j2e.filter.AbstractConfigFilter.doFilter(AbstractConfigFilter.java:81)
at org.eclipse.jetty.servlet.FilterHolder.doFilter(FilterHolder.java:193)
at org.eclipse.jetty.servlet.ServletHandler$Chain.doFilter(ServletHandler.java:1601)
at org.eclipse.jetty.servlet.ServletHandler.doHandle(ServletHandler.java:548)
at org.eclipse.jetty.server.handler.ScopedHandler.nextHandle(ScopedHandler.java:233)
at org.eclipse.jetty.server.session.SessionHandler.doHandle(SessionHandler.java:1624)
at org.eclipse.jetty.server.handler.ScopedHandler.nextHandle(ScopedHandler.java:233)
at org.eclipse.jetty.server.handler.ContextHandler.doHandle(ContextHandler.java:1434)
at org.eclipse.jetty.server.handler.ScopedHandler.nextScope(ScopedHandler.java:188)
at org.eclipse.jetty.servlet.ServletHandler.doScope(ServletHandler.java:501)
at org.eclipse.jetty.server.session.SessionHandler.doScope(SessionHandler.java:1594)
at org.eclipse.jetty.server.handler.ScopedHandler.nextScope(ScopedHandler.java:186)
at org.eclipse.jetty.server.handler.ContextHandler.doScope(ContextHandler.java:1349)
at org.eclipse.jetty.server.handler.ScopedHandler.handle(ScopedHandler.java:141)
at org.eclipse.jetty.server.handler.HandlerWrapper.handle(HandlerWrapper.java:127)
at com.codahale.metrics.jetty9.InstrumentedHandler.handle(InstrumentedHandler.java:313)
at io.dropwizard.jetty.ContextRoutingHandler.handle(ContextRoutingHandler.java:37)
at org.eclipse.jetty.server.handler.gzip.GzipHandler.handle(GzipHandler.java:713)
at io.dropwizard.jetty.BiDiGzipHandler.handle(BiDiGzipHandler.java:67)
at org.eclipse.jetty.server.handler.StatisticsHandler.handle(StatisticsHandler.java:179)
at org.eclipse.jetty.server.handler.HandlerWrapper.handle(HandlerWrapper.java:127)
at org.eclipse.jetty.server.Server.handle(Server.java:516)
at org.eclipse.jetty.server.HttpChannel.lambda$handle$1(HttpChannel.java:400)
at org.eclipse.jetty.server.HttpChannel.dispatch(HttpChannel.java:645)
at org.eclipse.jetty.server.HttpChannel.handle(HttpChannel.java:392)
at org.eclipse.jetty.server.HttpConnection.onFillable(HttpConnection.java:277)
at org.eclipse.jetty.io.AbstractConnection$ReadCallback.succeeded(AbstractConnection.java:311)
at org.eclipse.jetty.io.FillInterest.fillable(FillInterest.java:105)
at org.eclipse.jetty.io.ChannelEndPoint$1.run(ChannelEndPoint.java:104)
at org.eclipse.jetty.util.thread.strategy.EatWhatYouKill.runTask(EatWhatYouKill.java:338)
at org.eclipse.jetty.util.thread.strategy.EatWhatYouKill.doProduce(EatWhatYouKill.java:315)
at org.eclipse.jetty.util.thread.strategy.EatWhatYouKill.tryProduce(EatWhatYouKill.java:173)
at org.eclipse.jetty.util.thread.strategy.EatWhatYouKill.run(EatWhatYouKill.java:131)
at org.eclipse.jetty.util.thread.ReservedThreadExecutor$ReservedThread.run(ReservedThreadExecutor.java:409)
at org.eclipse.jetty.util.thread.QueuedThreadPool.runJob(QueuedThreadPool.java:883)
at org.eclipse.jetty.util.thread.QueuedThreadPool$Runner.run(QueuedThreadPool.java:1034)
at java.base/java.lang.Thread.run(Thread.java:829)
Caused by: net.snowflake.client.jdbc.SnowflakeSQLException: SQL compilation error:
Object 'PERSONTABLE' does not exist or not authorized.
at net.snowflake.client.jdbc.SnowflakeUtil.checkErrorAndThrowExceptionSub(SnowflakeUtil.java:127)
at net.snowflake.client.jdbc.SnowflakeUtil.checkErrorAndThrowException(SnowflakeUtil.java:67)
at net.snowflake.client.core.StmtUtil.pollForOutput(StmtUtil.java:442)
at net.snowflake.client.core.StmtUtil.execute(StmtUtil.java:345)
at net.snowflake.client.core.SFStatement.executeHelper(SFStatement.java:486)
at net.snowflake.client.core.SFStatement.executeQueryInternal(SFStatement.java:197)
at net.snowflake.client.core.SFStatement.executeQuery(SFStatement.java:134)
at net.snowflake.client.core.SFStatement.execute(SFStatement.java:743)
at net.snowflake.client.core.SFStatement.execute(SFStatement.java:639)
at net.snowflake.client.jdbc.SnowflakeStatementV1.executeQueryInternal(SnowflakeStatementV1.java:238)
at net.snowflake.client.jdbc.SnowflakeStatementV1.executeQuery(SnowflakeStatementV1.java:133)
at com.zaxxer.hikari.pool.ProxyStatement.executeQuery(ProxyStatement.java:110)
at com.zaxxer.hikari.pool.HikariProxyStatement.executeQuery(HikariProxyStatement.java)
at org.finos.legend.engine.plan.execution.stores.relational.result.SQLExecutionResult.<init>(SQLExecutionResult.java:95)
... 101 more
"}'"
	at org.finos.legend.pure.runtime.java.compiled.generation.processors.support.CompiledSupport.pureAssert(CompiledSupport.java:1994)
	at org.finos.legend.pure.generated.platform_pure_basics_tests_assertEq.Root_meta_pure_functions_asserts_assertEq_Any_1__Any_1__Function_1__Boolean_1_(platform_pure_basics_tests_assertEq.java:44)
	at org.finos.legend.pure.generated.core_pure_protocol_vX_X_X_invocations_execution.Root_meta_protocols_pure_vX_X_X_invocation_execution_execute_executePlan_String_1__String_1__Integer_1__String_1_(core_pure_protocol_vX_X_X_invocations_execution.java:751)
	at org.finos.legend.pure.generated.core_pure_protocol_vX_X_X_invocations_execution.Root_meta_protocols_pure_vX_X_X_invocation_execution_execute_executePlan_ExecutionPlan_1__String_1__Integer_1__Extension_MANY__String_1_(core_pure_protocol_vX_X_X_invocations_execution.java:745)
	at org.finos.legend.pure.generated.core_pure_protocol_vX_X_X_invocations_execution.Root_meta_protocols_pure_vX_X_X_invocation_execution_execute_executePlan_ExecutionPlan_1__ExecutionContext_$0_1$__String_1__Integer_1__Extension_MANY__Result_1_(core_pure_protocol_vX_X_X_invocations_execution.java:738)
	at jdk.internal.reflect.GeneratedMethodAccessor96.invoke(Unknown Source)
	at java.base/jdk.internal.reflect.DelegatingMethodAccessorImpl.invoke(DelegatingMethodAccessorImpl.java:43)
	at java.base/java.lang.reflect.Method.invoke(Method.java:566)
	at org.finos.legend.pure.runtime.java.compiled.metadata.JavaMethodWithParamsSharedPureFunction.execute(JavaMethodWithParamsSharedPureFunction.java:59)
	at org.finos.legend.pure.runtime.java.compiled.generation.processors.support.Pure._evaluateToMany(Pure.java:546)
	at org.finos.legend.pure.generated.CoreGen.evaluateToMany(CoreGen.java:147)
	at org.finos.legend.pure.generated.CoreGen.evaluateToMany(CoreGen.java:134)
	at org.finos.legend.pure.generated.core_pure_router_router_entry$9$1.value(core_pure_router_router_entry.java:318)
	at org.finos.legend.pure.generated.core_pure_router_router_entry$9$1.execute(core_pure_router_router_entry.java:311)
	at org.finos.legend.pure.generated.core_pure_router_router_entry$9$1.execute(core_pure_router_router_entry.java:307)
	at org.finos.legend.pure.runtime.java.compiled.generation.processors.support.Pure.evaluate(Pure.java:485)
	at org.finos.legend.pure.runtime.java.compiled.generation.processors.support.Pure.legendTest(Pure.java:216)
	at org.finos.legend.pure.generated.CoreGen.legendTest(CoreGen.java:61)
	at org.finos.legend.pure.generated.core_pure_router_router_entry$9.valueOf(core_pure_router_router_entry.java:303)
	at org.finos.legend.pure.generated.core_pure_router_router_entry$9.execute(core_pure_router_router_entry.java:298)
	at org.finos.legend.pure.generated.core_pure_router_router_entry$9.execute(core_pure_router_router_entry.java:294)
	at org.finos.legend.pure.runtime.java.compiled.generation.processors.support.Pure.evaluate(Pure.java:485)
	at org.finos.legend.pure.runtime.java.compiled.generation.processors.support.Pure.traceSpan(Pure.java:1482)
	at org.finos.legend.pure.generated.CoreGen.traceSpan(CoreGen.java:203)
	at org.finos.legend.pure.generated.core_pure_router_router_entry.Root_meta_pure_router_executePlan_ExecutionPlan_1__ExecutionContext_1__Extension_MANY__Result_$0_1$_(core_pure_router_router_entry.java:290)
	at org.finos.legend.pure.generated.core_pure_router_router_entry.Root_meta_pure_router_executePlan_ExecutionPlan_1__Extension_MANY__Result_$0_1$_(core_pure_router_router_entry.java:285)
	at org.finos.legend.pure.generated.core_relational_relational_sqlQueryToString_dbTestRunner_executionPlanTestRunner$19.execute(core_relational_relational_sqlQueryToString_dbTestRunner_executionPlanTestRunner.java:305)
	at org.finos.legend.pure.generated.core_relational_relational_sqlQueryToString_dbTestRunner_executionPlanTestRunner.Root_meta_relational_dbTestRunner_executeViaPlan_FunctionDefinition_1__Mapping_1__Database_1__DbTestConfig_1__Extension_MANY__Result_$0_1$_(core_relational_relational_sqlQueryToString_dbTestRunner_executionPlanTestRunner.java:309)
	at org.finos.legend.pure.generated.core_relational_relational_sqlQueryToString_testSuite_selectSubClauses_orderBy.Root_meta_relational_tests_dbSpecificTests_sqlQueryTests_selectSubClauses_orderBy_testDoubleSortAscChain_DbTestConfig_1__Boolean_1_(core_relational_relational_sqlQueryToString_testSuite_selectSubClauses_orderBy.java:556)
	at java.base/jdk.internal.reflect.NativeMethodAccessorImpl.invoke0(Native Method)
	at java.base/jdk.internal.reflect.NativeMethodAccessorImpl.invoke(NativeMethodAccessorImpl.java:62)
	at java.base/jdk.internal.reflect.DelegatingMethodAccessorImpl.invoke(DelegatingMethodAccessorImpl.java:43)
	at java.base/java.lang.reflect.Method.invoke(Method.java:566)
	at org.finos.legend.pure.runtime.java.compiled.testHelper.PureTestBuilderCompiled.executeFn(PureTestBuilderCompiled.java:113)
	at org.finos.legend.pure.runtime.java.compiled.testHelper.PureTestBuilderCompiled.lambda$buildSuite$0(PureTestBuilderCompiled.java:79)
	at org.finos.legend.pure.m3.execution.test.PureTestBuilder$PureTestCase.runTest(PureTestBuilder.java:95)
	at junit.framework.TestCase.runBare(TestCase.java:142)
	at org.finos.legend.engine.server.test.shared.Relational_DbSpecific_UsingPureClientTestSuite$2.runTest(Relational_DbSpecific_UsingPureClientTestSuite.java:90)
	at junit.framework.TestCase.runBare(TestCase.java:142)
	at junit.framework.TestResult$1.protect(TestResult.java:122)
	at junit.framework.TestResult.runProtected(TestResult.java:142)
	at junit.framework.TestResult.run(TestResult.java:125)
	at junit.framework.TestCase.run(TestCase.java:130)
	at junit.framework.TestSuite.runTest(TestSuite.java:241)
	at junit.framework.TestSuite.run(TestSuite.java:236)
	at junit.framework.TestSuite.runTest(TestSuite.java:241)
	at junit.framework.TestSuite.run(TestSuite.java:236)
	at junit.framework.TestSuite.runTest(TestSuite.java:241)
	at junit.framework.TestSuite.run(TestSuite.java:236)
	at junit.framework.TestSuite.runTest(TestSuite.java:241)
	at junit.framework.TestSuite.run(TestSuite.java:236)
	at junit.framework.TestSuite.runTest(TestSuite.java:241)
	at junit.framework.TestSuite.run(TestSuite.java:236)
	at junit.extensions.TestDecorator.basicRun(TestDecorator.java:24)
	at junit.extensions.TestSetup$1.protect(TestSetup.java:23)
	at junit.framework.TestResult.runProtected(TestResult.java:142)
	at junit.extensions.TestSetup.run(TestSetup.java:27)
	at org.junit.internal.runners.JUnit38ClassRunner.run(JUnit38ClassRunner.java:90)
	at org.apache.maven.surefire.junit4.JUnit4Provider.execute(JUnit4Provider.java:365)
	at org.apache.maven.surefire.junit4.JUnit4Provider.executeWithRerun(JUnit4Provider.java:273)
	at org.apache.maven.surefire.junit4.JUnit4Provider.executeTestSet(JUnit4Provider.java:238)
	at org.apache.maven.surefire.junit4.JUnit4Provider.invoke(JUnit4Provider.java:159)
	at org.apache.maven.surefire.booter.ForkedBooter.invokeProviderInSameClassLoader(ForkedBooter.java:384)
	at org.apache.maven.surefire.booter.ForkedBooter.runSuitesInProcess(ForkedBooter.java:345)
	at org.apache.maven.surefire.booter.ForkedBooter.execute(ForkedBooter.java:126)
	at org.apache.maven.surefire.booter.ForkedBooter.main(ForkedBooter.java:418)
]]></error>
    <system-out><![CDATA[Running db test selectSubClauses::orderBy::testDoubleSortAscChain
{"duration":0.0,"eventType":"EXECUTION_PLAN_EXEC_ERROR","info":{"code":-1,"message":"SnowflakeSQLException: SQL compilation error:\nObject 'PERSONTABLE' does not exist or not authorized.","status":"error","trace":"java.lang.RuntimeException: net.snowflake.client.jdbc.SnowflakeSQLException: SQL compilation error:\nObject 'PERSONTABLE' does not exist or not authorized.\n\tat org.finos.legend.engine.plan.execution.stores.relational.result.SQLExecutionResult.<init>(SQLExecutionResult.java:123)\n\tat org.finos.legend.engine.plan.execution.stores.relational.RelationalExecutor.execute(RelationalExecutor.java:241)\n\tat org.finos.legend.engine.plan.execution.stores.relational.plugin.RelationalExecutionNodeExecutor.visit(RelationalExecutionNodeExecutor.java:238)\n\tat org.finos.legend.engine.plan.execution.stores.relational.plugin.RelationalExecutionNodeExecutor.visit(RelationalExecutionNodeExecutor.java:252)\n\tat org.finos.legend.engine.plan.execution.stores.relational.plugin.RelationalExecutionNodeExecutor.visit(RelationalExecutionNodeExecutor.java:92)\n\tat org.finos.legend.engine.protocol.pure.v1.model.executionPlan.nodes.RelationalTdsInstantiationExecutionNode.accept(RelationalTdsInstantiationExecutionNode.java:22)\n\tat org.finos.legend.engine.plan.execution.stores.relational.RelationalExecutionExtension.lambda$getExtraNodeExecutors$fbe53481$1(RelationalExecutionExtension.java:50)\n\tat org.finos.legend.engine.plan.execution.nodes.ExecutionNodeExecutor.lambda$visit$0(ExecutionNodeExecutor.java:164)\n\tat java.base/java.util.stream.ReferencePipeline$3$1.accept(ReferencePipeline.java:195)\n\tat java.base/java.util.Spliterators$ArraySpliterator.tryAdvance(Spliterators.java:958)\n\tat java.base/java.util.stream.ReferencePipeline.forEachWithCancel(ReferencePipeline.java:127)\n\tat java.base/java.util.stream.AbstractPipeline.copyIntoWithCancel(AbstractPipeline.java:502)\n\tat java.base/java.util.stream.AbstractPipeline.copyInto(AbstractPipeline.java:488)\n\tat java.base/java.util.stream.AbstractPipeline.wrapAndCopyInto(AbstractPipeline.java:474)\n\tat java.base/java.util.stream.FindOps$FindOp.evaluateSequential(FindOps.java:150)\n\tat java.base/java.util.stream.AbstractPipeline.evaluate(AbstractPipeline.java:234)\n\tat java.base/java.util.stream.ReferencePipeline.findFirst(ReferencePipeline.java:543)\n\tat org.finos.legend.engine.plan.execution.nodes.ExecutionNodeExecutor.visit(ExecutionNodeExecutor.java:164)\n\tat org.finos.legend.engine.plan.execution.nodes.ExecutionNodeExecutor.visit(ExecutionNodeExecutor.java:107)\n\tat org.finos.legend.engine.protocol.pure.v1.model.executionPlan.nodes.RelationalTdsInstantiationExecutionNode.accept(RelationalTdsInstantiationExecutionNode.java:22)\n\tat org.finos.legend.engine.plan.execution.PlanExecutor.execute(PlanExecutor.java:238)\n\tat org.finos.legend.engine.plan.execution.PlanExecutor.execute(PlanExecutor.java:225)\n\tat org.finos.legend.engine.plan.execution.api.ExecutePlan.doExecutePlanLegacy(ExecutePlan.java:102)\n\tat org.finos.legend.engine.plan.execution.api.ExecutePlan.doExecutePlan(ExecutePlan.java:84)\n\tat org.finos.legend.engine.plan.execution.api.ExecutePlanLegacy.executePlan(ExecutePlanLegacy.java:56)\n\tat jdk.internal.reflect.GeneratedMethodAccessor100.invoke(Unknown Source)\n\tat java.base/jdk.internal.reflect.DelegatingMethodAccessorImpl.invoke(DelegatingMethodAccessorImpl.java:43)\n\tat java.base/java.lang.reflect.Method.invoke(Method.java:566)\n\tat org.glassfish.jersey.server.model.internal.ResourceMethodInvocationHandlerFactory$1.invoke(ResourceMethodInvocationHandlerFactory.java:81)\n\tat org.glassfish.jersey.server.model.internal.AbstractJavaResourceMethodDispatcher$1.run(AbstractJavaResourceMethodDispatcher.java:144)\n\tat org.glassfish.jersey.server.model.internal.AbstractJavaResourceMethodDispatcher.invoke(AbstractJavaResourceMethodDispatcher.java:161)\n\tat org.glassfish.jersey.server.model.internal.JavaResourceMethodDispatcherProvider$ResponseOutInvoker.doDispatch(JavaResourceMethodDispatcherProvider.java:160)\n\tat org.glassfish.jersey.server.model.internal.AbstractJavaResourceMethodDispatcher.dispatch(AbstractJavaResourceMethodDispatcher.java:99)\n\tat org.glassfish.jersey.server.model.ResourceMethodInvoker.invoke(ResourceMethodInvoker.java:389)\n\tat org.glassfish.jersey.server.model.ResourceMethodInvoker.apply(ResourceMethodInvoker.java:347)\n\tat org.glassfish.jersey.server.model.ResourceMethodInvoker.apply(ResourceMethodInvoker.java:102)\n\tat org.glassfish.jersey.server.ServerRuntime$2.run(ServerRuntime.java:326)\n\tat org.glassfish.jersey.internal.Errors$1.call(Errors.java:271)\n\tat org.glassfish.jersey.internal.Errors$1.call(Errors.java:267)\n\tat org.glassfish.jersey.internal.Errors.process(Errors.java:315)\n\tat org.glassfish.jersey.internal.Errors.process(Errors.java:297)\n\tat org.glassfish.jersey.internal.Errors.process(Errors.java:267)\n\tat org.glassfish.jersey.process.internal.RequestScope.runInScope(RequestScope.java:317)\n\tat org.glassfish.jersey.server.ServerRuntime.process(ServerRuntime.java:305)\n\tat org.glassfish.jersey.server.ApplicationHandler.handle(ApplicationHandler.java:1154)\n\tat org.glassfish.jersey.servlet.WebComponent.serviceImpl(WebComponent.java:473)\n\tat org.glassfish.jersey.servlet.WebComponent.service(WebComponent.java:427)\n\tat org.glassfish.jersey.servlet.ServletContainer.service(ServletContainer.java:388)\n\tat org.glassfish.jersey.servlet.ServletContainer.service(ServletContainer.java:341)\n\tat org.glassfish.jersey.servlet.ServletContainer.service(ServletContainer.java:228)\n\tat org.eclipse.jetty.servlet.ServletHolder.handle(ServletHolder.java:799)\n\tat org.eclipse.jetty.servlet.ServletHandler$ChainEnd.doFilter(ServletHandler.java:1631)\n\tat io.dropwizard.servlets.ThreadNameFilter.doFilter(ThreadNameFilter.java:35)\n\tat org.eclipse.jetty.servlet.FilterHolder.doFilter(FilterHolder.java:193)\n\tat org.eclipse.jetty.servlet.ServletHandler$Chain.doFilter(ServletHandler.java:1601)\n\tat io.dropwizard.jersey.filter.AllowedMethodsFilter.handle(AllowedMethodsFilter.java:45)\n\tat io.dropwizard.jersey.filter.AllowedMethodsFilter.doFilter(AllowedMethodsFilter.java:39)\n\tat org.eclipse.jetty.servlet.FilterHolder.doFilter(FilterHolder.java:193)\n\tat org.eclipse.jetty.servlet.ServletHandler$Chain.doFilter(ServletHandler.java:1601)\n\tat org.finos.legend.server.pac4j.internal.UsernameFilter.doFilter(UsernameFilter.java:51)\n\tat org.eclipse.jetty.servlet.FilterHolder.doFilter(FilterHolder.java:193)\n\tat org.eclipse.jetty.servlet.ServletHandler$Chain.doFilter(ServletHandler.java:1601)\n\tat org.pac4j.j2e.filter.SecurityFilter.lambda$internalFilter$0(SecurityFilter.java:95)\n\tat org.pac4j.core.engine.DefaultSecurityLogic.perform(DefaultSecurityLogic.java:140)\n\tat org.pac4j.j2e.filter.SecurityFilter.internalFilter(SecurityFilter.java:93)\n\tat org.pac4j.j2e.filter.AbstractConfigFilter.doFilter(AbstractConfigFilter.java:81)\n\tat org.eclipse.jetty.servlet.FilterHolder.doFilter(FilterHolder.java:193)\n\tat org.eclipse.jetty.servlet.ServletHandler$Chain.doFilter(ServletHandler.java:1601)\n\tat org.eclipse.jetty.servlet.ServletHandler.doHandle(ServletHandler.java:548)\n\tat org.eclipse.jetty.server.handler.ScopedHandler.nextHandle(ScopedHandler.java:233)\n\tat org.eclipse.jetty.server.session.SessionHandler.doHandle(SessionHandler.java:1624)\n\tat org.eclipse.jetty.server.handler.ScopedHandler.nextHandle(ScopedHandler.java:233)\n\tat org.eclipse.jetty.server.handler.ContextHandler.doHandle(ContextHandler.java:1434)\n\tat org.eclipse.jetty.server.handler.ScopedHandler.nextScope(ScopedHandler.java:188)\n\tat org.eclipse.jetty.servlet.ServletHandler.doScope(ServletHandler.java:501)\n\tat org.eclipse.jetty.server.session.SessionHandler.doScope(SessionHandler.java:1594)\n\tat org.eclipse.jetty.server.handler.ScopedHandler.nextScope(ScopedHandler.java:186)\n\tat org.eclipse.jetty.server.handler.ContextHandler.doScope(ContextHandler.java:1349)\n\tat org.eclipse.jetty.server.handler.ScopedHandler.handle(ScopedHandler.java:141)\n\tat org.eclipse.jetty.server.handler.HandlerWrapper.handle(HandlerWrapper.java:127)\n\tat com.codahale.metrics.jetty9.InstrumentedHandler.handle(InstrumentedHandler.java:313)\n\tat io.dropwizard.jetty.ContextRoutingHandler.handle(ContextRoutingHandler.java:37)\n\tat org.eclipse.jetty.server.handler.gzip.GzipHandler.handle(GzipHandler.java:713)\n\tat io.dropwizard.jetty.BiDiGzipHandler.handle(BiDiGzipHandler.java:67)\n\tat org.eclipse.jetty.server.handler.StatisticsHandler.handle(StatisticsHandler.java:179)\n\tat org.eclipse.jetty.server.handler.HandlerWrapper.handle(HandlerWrapper.java:127)\n\tat org.eclipse.jetty.server.Server.handle(Server.java:516)\n\tat org.eclipse.jetty.server.HttpChannel.lambda$handle$1(HttpChannel.java:400)\n\tat org.eclipse.jetty.server.HttpChannel.dispatch(HttpChannel.java:645)\n\tat org.eclipse.jetty.server.HttpChannel.handle(HttpChannel.java:392)\n\tat org.eclipse.jetty.server.HttpConnection.onFillable(HttpConnection.java:277)\n\tat org.eclipse.jetty.io.AbstractConnection$ReadCallback.succeeded(AbstractConnection.java:311)\n\tat org.eclipse.jetty.io.FillInterest.fillable(FillInterest.java:105)\n\tat org.eclipse.jetty.io.ChannelEndPoint$1.run(ChannelEndPoint.java:104)\n\tat org.eclipse.jetty.util.thread.strategy.EatWhatYouKill.runTask(EatWhatYouKill.java:338)\n\tat org.eclipse.jetty.util.thread.strategy.EatWhatYouKill.doProduce(EatWhatYouKill.java:315)\n\tat org.eclipse.jetty.util.thread.strategy.EatWhatYouKill.tryProduce(EatWhatYouKill.java:173)\n\tat org.eclipse.jetty.util.thread.strategy.EatWhatYouKill.run(EatWhatYouKill.java:131)\n\tat org.eclipse.jetty.util.thread.ReservedThreadExecutor$ReservedThread.run(ReservedThreadExecutor.java:409)\n\tat org.eclipse.jetty.util.thread.QueuedThreadPool.runJob(QueuedThreadPool.java:883)\n\tat org.eclipse.jetty.util.thread.QueuedThreadPool$Runner.run(QueuedThreadPool.java:1034)\n\tat java.base/java.lang.Thread.run(Thread.java:829)\nCaused by: net.snowflake.client.jdbc.SnowflakeSQLException: SQL compilation error:\nObject 'PERSONTABLE' does not exist or not authorized.\n\tat net.snowflake.client.jdbc.SnowflakeUtil.checkErrorAndThrowExceptionSub(SnowflakeUtil.java:127)\n\tat net.snowflake.client.jdbc.SnowflakeUtil.checkErrorAndThrowException(SnowflakeUtil.java:67)\n\tat net.snowflake.client.core.StmtUtil.pollForOutput(StmtUtil.java:442)\n\tat net.snowflake.client.core.StmtUtil.execute(StmtUtil.java:345)\n\tat net.snowflake.client.core.SFStatement.executeHelper(SFStatement.java:486)\n\tat net.snowflake.client.core.SFStatement.executeQueryInternal(SFStatement.java:197)\n\tat net.snowflake.client.core.SFStatement.executeQuery(SFStatement.java:134)\n\tat net.snowflake.client.core.SFStatement.execute(SFStatement.java:743)\n\tat net.snowflake.client.core.SFStatement.execute(SFStatement.java:639)\n\tat net.snowflake.client.jdbc.SnowflakeStatementV1.executeQueryInternal(SnowflakeStatementV1.java:238)\n\tat net.snowflake.client.jdbc.SnowflakeStatementV1.executeQuery(SnowflakeStatementV1.java:133)\n\tat com.zaxxer.hikari.pool.ProxyStatement.executeQuery(ProxyStatement.java:110)\n\tat com.zaxxer.hikari.pool.HikariProxyStatement.executeQuery(HikariProxyStatement.java)\n\tat org.finos.legend.engine.plan.execution.stores.relational.result.SQLExecutionResult.<init>(SQLExecutionResult.java:95)\n\t... 101 more\n"},"mode":"DEV","timeStamp":"2023-02-23 01:31:53.369","user":"_UNKNOWN_"}
| **selectSubClauses::orderBy::testDoubleSortAscChain** | failing :x: |
]]></system-out>
  </testcase>
  <testcase name="testDoubleSortAsc[Snowflake]" classname="org.finos.legend.engine.server.test.shared.Relational_DbSpecific_UsingPureClientTestSuite$2" time="0.215">
    <error message="Assert failure at (resource:/platform/pure/basics/tests/assertEq.pure line:34 column:5), &quot;500 &apos;{&quot;code&quot;:-1,&quot;message&quot;:&quot;SnowflakeSQLException: SQL compilation error:&#10;Object &apos;PERSONTABLE&apos; does not exist or not authorized.&quot;,&quot;status&quot;:&quot;error&quot;,&quot;trace&quot;:&quot;java.lang.RuntimeException: net.snowflake.client.jdbc.SnowflakeSQLException: SQL compilation error:&#10;Object &apos;PERSONTABLE&apos; does not exist or not authorized.&#10;at org.finos.legend.engine.plan.execution.stores.relational.result.SQLExecutionResult.&lt;init&gt;(SQLExecutionResult.java:123)&#10;at org.finos.legend.engine.plan.execution.stores.relational.RelationalExecutor.execute(RelationalExecutor.java:241)&#10;at org.finos.legend.engine.plan.execution.stores.relational.plugin.RelationalExecutionNodeExecutor.visit(RelationalExecutionNodeExecutor.java:238)&#10;at org.finos.legend.engine.plan.execution.stores.relational.plugin.RelationalExecutionNodeExecutor.visit(RelationalExecutionNodeExecutor.java:252)&#10;at org.finos.legend.engine.plan.execution.stores.relational.plugin.RelationalExecutionNodeExecutor.visit(RelationalExecutionNodeExecutor.java:92)&#10;at org.finos.legend.engine.protocol.pure.v1.model.executionPlan.nodes.RelationalTdsInstantiationExecutionNode.accept(RelationalTdsInstantiationExecutionNode.java:22)&#10;at org.finos.legend.engine.plan.execution.stores.relational.RelationalExecutionExtension.lambda$getExtraNodeExecutors$fbe53481$1(RelationalExecutionExtension.java:50)&#10;at org.finos.legend.engine.plan.execution.nodes.ExecutionNodeExecutor.lambda$visit$0(ExecutionNodeExecutor.java:164)&#10;at java.base/java.util.stream.ReferencePipeline$3$1.accept(ReferencePipeline.java:195)&#10;at java.base/java.util.Spliterators$ArraySpliterator.tryAdvance(Spliterators.java:958)&#10;at java.base/java.util.stream.ReferencePipeline.forEachWithCancel(ReferencePipeline.java:127)&#10;at java.base/java.util.stream.AbstractPipeline.copyIntoWithCancel(AbstractPipeline.java:502)&#10;at java.base/java.util.stream.AbstractPipeline.copyInto(AbstractPipeline.java:488)&#10;at java.base/java.util.stream.AbstractPipeline.wrapAndCopyInto(AbstractPipeline.java:474)&#10;at java.base/java.util.stream.FindOps$FindOp.evaluateSequential(FindOps.java:150)&#10;at java.base/java.util.stream.AbstractPipeline.evaluate(AbstractPipeline.java:234)&#10;at java.base/java.util.stream.ReferencePipeline.findFirst(ReferencePipeline.java:543)&#10;at org.finos.legend.engine.plan.execution.nodes.ExecutionNodeExecutor.visit(ExecutionNodeExecutor.java:164)&#10;at org.finos.legend.engine.plan.execution.nodes.ExecutionNodeExecutor.visit(ExecutionNodeExecutor.java:107)&#10;at org.finos.legend.engine.protocol.pure.v1.model.executionPlan.nodes.RelationalTdsInstantiationExecutionNode.accept(RelationalTdsInstantiationExecutionNode.java:22)&#10;at org.finos.legend.engine.plan.execution.PlanExecutor.execute(PlanExecutor.java:238)&#10;at org.finos.legend.engine.plan.execution.PlanExecutor.execute(PlanExecutor.java:225)&#10;at org.finos.legend.engine.plan.execution.api.ExecutePlan.doExecutePlanLegacy(ExecutePlan.java:102)&#10;at org.finos.legend.engine.plan.execution.api.ExecutePlan.doExecutePlan(ExecutePlan.java:84)&#10;at org.finos.legend.engine.plan.execution.api.ExecutePlanLegacy.executePlan(ExecutePlanLegacy.java:56)&#10;at jdk.internal.reflect.GeneratedMethodAccessor100.invoke(Unknown Source)&#10;at java.base/jdk.internal.reflect.DelegatingMethodAccessorImpl.invoke(DelegatingMethodAccessorImpl.java:43)&#10;at java.base/java.lang.reflect.Method.invoke(Method.java:566)&#10;at org.glassfish.jersey.server.model.internal.ResourceMethodInvocationHandlerFactory$1.invoke(ResourceMethodInvocationHandlerFactory.java:81)&#10;at org.glassfish.jersey.server.model.internal.AbstractJavaResourceMethodDispatcher$1.run(AbstractJavaResourceMethodDispatcher.java:144)&#10;at org.glassfish.jersey.server.model.internal.AbstractJavaResourceMethodDispatcher.invoke(AbstractJavaResourceMethodDispatcher.java:161)&#10;at org.glassfish.jersey.server.model.internal.JavaResourceMethodDispatcherProvider$ResponseOutInvoker.doDispatch(JavaResourceMethodDispatcherProvider.java:160)&#10;at org.glassfish.jersey.server.model.internal.AbstractJavaResourceMethodDispatcher.dispatch(AbstractJavaResourceMethodDispatcher.java:99)&#10;at org.glassfish.jersey.server.model.ResourceMethodInvoker.invoke(ResourceMethodInvoker.java:389)&#10;at org.glassfish.jersey.server.model.ResourceMethodInvoker.apply(ResourceMethodInvoker.java:347)&#10;at org.glassfish.jersey.server.model.ResourceMethodInvoker.apply(ResourceMethodInvoker.java:102)&#10;at org.glassfish.jersey.server.ServerRuntime$2.run(ServerRuntime.java:326)&#10;at org.glassfish.jersey.internal.Errors$1.call(Errors.java:271)&#10;at org.glassfish.jersey.internal.Errors$1.call(Errors.java:267)&#10;at org.glassfish.jersey.internal.Errors.process(Errors.java:315)&#10;at org.glassfish.jersey.internal.Errors.process(Errors.java:297)&#10;at org.glassfish.jersey.internal.Errors.process(Errors.java:267)&#10;at org.glassfish.jersey.process.internal.RequestScope.runInScope(RequestScope.java:317)&#10;at org.glassfish.jersey.server.ServerRuntime.process(ServerRuntime.java:305)&#10;at org.glassfish.jersey.server.ApplicationHandler.handle(ApplicationHandler.java:1154)&#10;at org.glassfish.jersey.servlet.WebComponent.serviceImpl(WebComponent.java:473)&#10;at org.glassfish.jersey.servlet.WebComponent.service(WebComponent.java:427)&#10;at org.glassfish.jersey.servlet.ServletContainer.service(ServletContainer.java:388)&#10;at org.glassfish.jersey.servlet.ServletContainer.service(ServletContainer.java:341)&#10;at org.glassfish.jersey.servlet.ServletContainer.service(ServletContainer.java:228)&#10;at org.eclipse.jetty.servlet.ServletHolder.handle(ServletHolder.java:799)&#10;at org.eclipse.jetty.servlet.ServletHandler$ChainEnd.doFilter(ServletHandler.java:1631)&#10;at io.dropwizard.servlets.ThreadNameFilter.doFilter(ThreadNameFilter.java:35)&#10;at org.eclipse.jetty.servlet.FilterHolder.doFilter(FilterHolder.java:193)&#10;at org.eclipse.jetty.servlet.ServletHandler$Chain.doFilter(ServletHandler.java:1601)&#10;at io.dropwizard.jersey.filter.AllowedMethodsFilter.handle(AllowedMethodsFilter.java:45)&#10;at io.dropwizard.jersey.filter.AllowedMethodsFilter.doFilter(AllowedMethodsFilter.java:39)&#10;at org.eclipse.jetty.servlet.FilterHolder.doFilter(FilterHolder.java:193)&#10;at org.eclipse.jetty.servlet.ServletHandler$Chain.doFilter(ServletHandler.java:1601)&#10;at org.finos.legend.server.pac4j.internal.UsernameFilter.doFilter(UsernameFilter.java:51)&#10;at org.eclipse.jetty.servlet.FilterHolder.doFilter(FilterHolder.java:193)&#10;at org.eclipse.jetty.servlet.ServletHandler$Chain.doFilter(ServletHandler.java:1601)&#10;at org.pac4j.j2e.filter.SecurityFilter.lambda$internalFilter$0(SecurityFilter.java:95)&#10;at org.pac4j.core.engine.DefaultSecurityLogic.perform(DefaultSecurityLogic.java:140)&#10;at org.pac4j.j2e.filter.SecurityFilter.internalFilter(SecurityFilter.java:93)&#10;at org.pac4j.j2e.filter.AbstractConfigFilter.doFilter(AbstractConfigFilter.java:81)&#10;at org.eclipse.jetty.servlet.FilterHolder.doFilter(FilterHolder.java:193)&#10;at org.eclipse.jetty.servlet.ServletHandler$Chain.doFilter(ServletHandler.java:1601)&#10;at org.eclipse.jetty.servlet.ServletHandler.doHandle(ServletHandler.java:548)&#10;at org.eclipse.jetty.server.handler.ScopedHandler.nextHandle(ScopedHandler.java:233)&#10;at org.eclipse.jetty.server.session.SessionHandler.doHandle(SessionHandler.java:1624)&#10;at org.eclipse.jetty.server.handler.ScopedHandler.nextHandle(ScopedHandler.java:233)&#10;at org.eclipse.jetty.server.handler.ContextHandler.doHandle(ContextHandler.java:1434)&#10;at org.eclipse.jetty.server.handler.ScopedHandler.nextScope(ScopedHandler.java:188)&#10;at org.eclipse.jetty.servlet.ServletHandler.doScope(ServletHandler.java:501)&#10;at org.eclipse.jetty.server.session.SessionHandler.doScope(SessionHandler.java:1594)&#10;at org.eclipse.jetty.server.handler.ScopedHandler.nextScope(ScopedHandler.java:186)&#10;at org.eclipse.jetty.server.handler.ContextHandler.doScope(ContextHandler.java:1349)&#10;at org.eclipse.jetty.server.handler.ScopedHandler.handle(ScopedHandler.java:141)&#10;at org.eclipse.jetty.server.handler.HandlerWrapper.handle(HandlerWrapper.java:127)&#10;at com.codahale.metrics.jetty9.InstrumentedHandler.handle(InstrumentedHandler.java:313)&#10;at io.dropwizard.jetty.ContextRoutingHandler.handle(ContextRoutingHandler.java:37)&#10;at org.eclipse.jetty.server.handler.gzip.GzipHandler.handle(GzipHandler.java:713)&#10;at io.dropwizard.jetty.BiDiGzipHandler.handle(BiDiGzipHandler.java:67)&#10;at org.eclipse.jetty.server.handler.StatisticsHandler.handle(StatisticsHandler.java:179)&#10;at org.eclipse.jetty.server.handler.HandlerWrapper.handle(HandlerWrapper.java:127)&#10;at org.eclipse.jetty.server.Server.handle(Server.java:516)&#10;at org.eclipse.jetty.server.HttpChannel.lambda$handle$1(HttpChannel.java:400)&#10;at org.eclipse.jetty.server.HttpChannel.dispatch(HttpChannel.java:645)&#10;at org.eclipse.jetty.server.HttpChannel.handle(HttpChannel.java:392)&#10;at org.eclipse.jetty.server.HttpConnection.onFillable(HttpConnection.java:277)&#10;at org.eclipse.jetty.io.AbstractConnection$ReadCallback.succeeded(AbstractConnection.java:311)&#10;at org.eclipse.jetty.io.FillInterest.fillable(FillInterest.java:105)&#10;at org.eclipse.jetty.io.ChannelEndPoint$1.run(ChannelEndPoint.java:104)&#10;at org.eclipse.jetty.util.thread.strategy.EatWhatYouKill.runTask(EatWhatYouKill.java:338)&#10;at org.eclipse.jetty.util.thread.strategy.EatWhatYouKill.doProduce(EatWhatYouKill.java:315)&#10;at org.eclipse.jetty.util.thread.strategy.EatWhatYouKill.tryProduce(EatWhatYouKill.java:173)&#10;at org.eclipse.jetty.util.thread.strategy.EatWhatYouKill.run(EatWhatYouKill.java:131)&#10;at org.eclipse.jetty.util.thread.ReservedThreadExecutor$ReservedThread.run(ReservedThreadExecutor.java:409)&#10;at org.eclipse.jetty.util.thread.QueuedThreadPool.runJob(QueuedThreadPool.java:883)&#10;at org.eclipse.jetty.util.thread.QueuedThreadPool$Runner.run(QueuedThreadPool.java:1034)&#10;at java.base/java.lang.Thread.run(Thread.java:829)&#10;Caused by: net.snowflake.client.jdbc.SnowflakeSQLException: SQL compilation error:&#10;Object &apos;PERSONTABLE&apos; does not exist or not authorized.&#10;at net.snowflake.client.jdbc.SnowflakeUtil.checkErrorAndThrowExceptionSub(SnowflakeUtil.java:127)&#10;at net.snowflake.client.jdbc.SnowflakeUtil.checkErrorAndThrowException(SnowflakeUtil.java:67)&#10;at net.snowflake.client.core.StmtUtil.pollForOutput(StmtUtil.java:442)&#10;at net.snowflake.client.core.StmtUtil.execute(StmtUtil.java:345)&#10;at net.snowflake.client.core.SFStatement.executeHelper(SFStatement.java:486)&#10;at net.snowflake.client.core.SFStatement.executeQueryInternal(SFStatement.java:197)&#10;at net.snowflake.client.core.SFStatement.executeQuery(SFStatement.java:134)&#10;at net.snowflake.client.core.SFStatement.execute(SFStatement.java:743)&#10;at net.snowflake.client.core.SFStatement.execute(SFStatement.java:639)&#10;at net.snowflake.client.jdbc.SnowflakeStatementV1.executeQueryInternal(SnowflakeStatementV1.java:238)&#10;at net.snowflake.client.jdbc.SnowflakeStatementV1.executeQuery(SnowflakeStatementV1.java:133)&#10;at com.zaxxer.hikari.pool.ProxyStatement.executeQuery(ProxyStatement.java:110)&#10;at com.zaxxer.hikari.pool.HikariProxyStatement.executeQuery(HikariProxyStatement.java)&#10;at org.finos.legend.engine.plan.execution.stores.relational.result.SQLExecutionResult.&lt;init&gt;(SQLExecutionResult.java:95)&#10;... 101 more&#10;&quot;}&apos;&quot;" type="Assert failure at (resource"><![CDATA[Assert failure at (resource:/platform/pure/basics/tests/assertEq.pure line:34 column:5), "500 '{"code":-1,"message":"SnowflakeSQLException: SQL compilation error:
Object 'PERSONTABLE' does not exist or not authorized.","status":"error","trace":"java.lang.RuntimeException: net.snowflake.client.jdbc.SnowflakeSQLException: SQL compilation error:
Object 'PERSONTABLE' does not exist or not authorized.
at org.finos.legend.engine.plan.execution.stores.relational.result.SQLExecutionResult.<init>(SQLExecutionResult.java:123)
at org.finos.legend.engine.plan.execution.stores.relational.RelationalExecutor.execute(RelationalExecutor.java:241)
at org.finos.legend.engine.plan.execution.stores.relational.plugin.RelationalExecutionNodeExecutor.visit(RelationalExecutionNodeExecutor.java:238)
at org.finos.legend.engine.plan.execution.stores.relational.plugin.RelationalExecutionNodeExecutor.visit(RelationalExecutionNodeExecutor.java:252)
at org.finos.legend.engine.plan.execution.stores.relational.plugin.RelationalExecutionNodeExecutor.visit(RelationalExecutionNodeExecutor.java:92)
at org.finos.legend.engine.protocol.pure.v1.model.executionPlan.nodes.RelationalTdsInstantiationExecutionNode.accept(RelationalTdsInstantiationExecutionNode.java:22)
at org.finos.legend.engine.plan.execution.stores.relational.RelationalExecutionExtension.lambda$getExtraNodeExecutors$fbe53481$1(RelationalExecutionExtension.java:50)
at org.finos.legend.engine.plan.execution.nodes.ExecutionNodeExecutor.lambda$visit$0(ExecutionNodeExecutor.java:164)
at java.base/java.util.stream.ReferencePipeline$3$1.accept(ReferencePipeline.java:195)
at java.base/java.util.Spliterators$ArraySpliterator.tryAdvance(Spliterators.java:958)
at java.base/java.util.stream.ReferencePipeline.forEachWithCancel(ReferencePipeline.java:127)
at java.base/java.util.stream.AbstractPipeline.copyIntoWithCancel(AbstractPipeline.java:502)
at java.base/java.util.stream.AbstractPipeline.copyInto(AbstractPipeline.java:488)
at java.base/java.util.stream.AbstractPipeline.wrapAndCopyInto(AbstractPipeline.java:474)
at java.base/java.util.stream.FindOps$FindOp.evaluateSequential(FindOps.java:150)
at java.base/java.util.stream.AbstractPipeline.evaluate(AbstractPipeline.java:234)
at java.base/java.util.stream.ReferencePipeline.findFirst(ReferencePipeline.java:543)
at org.finos.legend.engine.plan.execution.nodes.ExecutionNodeExecutor.visit(ExecutionNodeExecutor.java:164)
at org.finos.legend.engine.plan.execution.nodes.ExecutionNodeExecutor.visit(ExecutionNodeExecutor.java:107)
at org.finos.legend.engine.protocol.pure.v1.model.executionPlan.nodes.RelationalTdsInstantiationExecutionNode.accept(RelationalTdsInstantiationExecutionNode.java:22)
at org.finos.legend.engine.plan.execution.PlanExecutor.execute(PlanExecutor.java:238)
at org.finos.legend.engine.plan.execution.PlanExecutor.execute(PlanExecutor.java:225)
at org.finos.legend.engine.plan.execution.api.ExecutePlan.doExecutePlanLegacy(ExecutePlan.java:102)
at org.finos.legend.engine.plan.execution.api.ExecutePlan.doExecutePlan(ExecutePlan.java:84)
at org.finos.legend.engine.plan.execution.api.ExecutePlanLegacy.executePlan(ExecutePlanLegacy.java:56)
at jdk.internal.reflect.GeneratedMethodAccessor100.invoke(Unknown Source)
at java.base/jdk.internal.reflect.DelegatingMethodAccessorImpl.invoke(DelegatingMethodAccessorImpl.java:43)
at java.base/java.lang.reflect.Method.invoke(Method.java:566)
at org.glassfish.jersey.server.model.internal.ResourceMethodInvocationHandlerFactory$1.invoke(ResourceMethodInvocationHandlerFactory.java:81)
at org.glassfish.jersey.server.model.internal.AbstractJavaResourceMethodDispatcher$1.run(AbstractJavaResourceMethodDispatcher.java:144)
at org.glassfish.jersey.server.model.internal.AbstractJavaResourceMethodDispatcher.invoke(AbstractJavaResourceMethodDispatcher.java:161)
at org.glassfish.jersey.server.model.internal.JavaResourceMethodDispatcherProvider$ResponseOutInvoker.doDispatch(JavaResourceMethodDispatcherProvider.java:160)
at org.glassfish.jersey.server.model.internal.AbstractJavaResourceMethodDispatcher.dispatch(AbstractJavaResourceMethodDispatcher.java:99)
at org.glassfish.jersey.server.model.ResourceMethodInvoker.invoke(ResourceMethodInvoker.java:389)
at org.glassfish.jersey.server.model.ResourceMethodInvoker.apply(ResourceMethodInvoker.java:347)
at org.glassfish.jersey.server.model.ResourceMethodInvoker.apply(ResourceMethodInvoker.java:102)
at org.glassfish.jersey.server.ServerRuntime$2.run(ServerRuntime.java:326)
at org.glassfish.jersey.internal.Errors$1.call(Errors.java:271)
at org.glassfish.jersey.internal.Errors$1.call(Errors.java:267)
at org.glassfish.jersey.internal.Errors.process(Errors.java:315)
at org.glassfish.jersey.internal.Errors.process(Errors.java:297)
at org.glassfish.jersey.internal.Errors.process(Errors.java:267)
at org.glassfish.jersey.process.internal.RequestScope.runInScope(RequestScope.java:317)
at org.glassfish.jersey.server.ServerRuntime.process(ServerRuntime.java:305)
at org.glassfish.jersey.server.ApplicationHandler.handle(ApplicationHandler.java:1154)
at org.glassfish.jersey.servlet.WebComponent.serviceImpl(WebComponent.java:473)
at org.glassfish.jersey.servlet.WebComponent.service(WebComponent.java:427)
at org.glassfish.jersey.servlet.ServletContainer.service(ServletContainer.java:388)
at org.glassfish.jersey.servlet.ServletContainer.service(ServletContainer.java:341)
at org.glassfish.jersey.servlet.ServletContainer.service(ServletContainer.java:228)
at org.eclipse.jetty.servlet.ServletHolder.handle(ServletHolder.java:799)
at org.eclipse.jetty.servlet.ServletHandler$ChainEnd.doFilter(ServletHandler.java:1631)
at io.dropwizard.servlets.ThreadNameFilter.doFilter(ThreadNameFilter.java:35)
at org.eclipse.jetty.servlet.FilterHolder.doFilter(FilterHolder.java:193)
at org.eclipse.jetty.servlet.ServletHandler$Chain.doFilter(ServletHandler.java:1601)
at io.dropwizard.jersey.filter.AllowedMethodsFilter.handle(AllowedMethodsFilter.java:45)
at io.dropwizard.jersey.filter.AllowedMethodsFilter.doFilter(AllowedMethodsFilter.java:39)
at org.eclipse.jetty.servlet.FilterHolder.doFilter(FilterHolder.java:193)
at org.eclipse.jetty.servlet.ServletHandler$Chain.doFilter(ServletHandler.java:1601)
at org.finos.legend.server.pac4j.internal.UsernameFilter.doFilter(UsernameFilter.java:51)
at org.eclipse.jetty.servlet.FilterHolder.doFilter(FilterHolder.java:193)
at org.eclipse.jetty.servlet.ServletHandler$Chain.doFilter(ServletHandler.java:1601)
at org.pac4j.j2e.filter.SecurityFilter.lambda$internalFilter$0(SecurityFilter.java:95)
at org.pac4j.core.engine.DefaultSecurityLogic.perform(DefaultSecurityLogic.java:140)
at org.pac4j.j2e.filter.SecurityFilter.internalFilter(SecurityFilter.java:93)
at org.pac4j.j2e.filter.AbstractConfigFilter.doFilter(AbstractConfigFilter.java:81)
at org.eclipse.jetty.servlet.FilterHolder.doFilter(FilterHolder.java:193)
at org.eclipse.jetty.servlet.ServletHandler$Chain.doFilter(ServletHandler.java:1601)
at org.eclipse.jetty.servlet.ServletHandler.doHandle(ServletHandler.java:548)
at org.eclipse.jetty.server.handler.ScopedHandler.nextHandle(ScopedHandler.java:233)
at org.eclipse.jetty.server.session.SessionHandler.doHandle(SessionHandler.java:1624)
at org.eclipse.jetty.server.handler.ScopedHandler.nextHandle(ScopedHandler.java:233)
at org.eclipse.jetty.server.handler.ContextHandler.doHandle(ContextHandler.java:1434)
at org.eclipse.jetty.server.handler.ScopedHandler.nextScope(ScopedHandler.java:188)
at org.eclipse.jetty.servlet.ServletHandler.doScope(ServletHandler.java:501)
at org.eclipse.jetty.server.session.SessionHandler.doScope(SessionHandler.java:1594)
at org.eclipse.jetty.server.handler.ScopedHandler.nextScope(ScopedHandler.java:186)
at org.eclipse.jetty.server.handler.ContextHandler.doScope(ContextHandler.java:1349)
at org.eclipse.jetty.server.handler.ScopedHandler.handle(ScopedHandler.java:141)
at org.eclipse.jetty.server.handler.HandlerWrapper.handle(HandlerWrapper.java:127)
at com.codahale.metrics.jetty9.InstrumentedHandler.handle(InstrumentedHandler.java:313)
at io.dropwizard.jetty.ContextRoutingHandler.handle(ContextRoutingHandler.java:37)
at org.eclipse.jetty.server.handler.gzip.GzipHandler.handle(GzipHandler.java:713)
at io.dropwizard.jetty.BiDiGzipHandler.handle(BiDiGzipHandler.java:67)
at org.eclipse.jetty.server.handler.StatisticsHandler.handle(StatisticsHandler.java:179)
at org.eclipse.jetty.server.handler.HandlerWrapper.handle(HandlerWrapper.java:127)
at org.eclipse.jetty.server.Server.handle(Server.java:516)
at org.eclipse.jetty.server.HttpChannel.lambda$handle$1(HttpChannel.java:400)
at org.eclipse.jetty.server.HttpChannel.dispatch(HttpChannel.java:645)
at org.eclipse.jetty.server.HttpChannel.handle(HttpChannel.java:392)
at org.eclipse.jetty.server.HttpConnection.onFillable(HttpConnection.java:277)
at org.eclipse.jetty.io.AbstractConnection$ReadCallback.succeeded(AbstractConnection.java:311)
at org.eclipse.jetty.io.FillInterest.fillable(FillInterest.java:105)
at org.eclipse.jetty.io.ChannelEndPoint$1.run(ChannelEndPoint.java:104)
at org.eclipse.jetty.util.thread.strategy.EatWhatYouKill.runTask(EatWhatYouKill.java:338)
at org.eclipse.jetty.util.thread.strategy.EatWhatYouKill.doProduce(EatWhatYouKill.java:315)
at org.eclipse.jetty.util.thread.strategy.EatWhatYouKill.tryProduce(EatWhatYouKill.java:173)
at org.eclipse.jetty.util.thread.strategy.EatWhatYouKill.run(EatWhatYouKill.java:131)
at org.eclipse.jetty.util.thread.ReservedThreadExecutor$ReservedThread.run(ReservedThreadExecutor.java:409)
at org.eclipse.jetty.util.thread.QueuedThreadPool.runJob(QueuedThreadPool.java:883)
at org.eclipse.jetty.util.thread.QueuedThreadPool$Runner.run(QueuedThreadPool.java:1034)
at java.base/java.lang.Thread.run(Thread.java:829)
Caused by: net.snowflake.client.jdbc.SnowflakeSQLException: SQL compilation error:
Object 'PERSONTABLE' does not exist or not authorized.
at net.snowflake.client.jdbc.SnowflakeUtil.checkErrorAndThrowExceptionSub(SnowflakeUtil.java:127)
at net.snowflake.client.jdbc.SnowflakeUtil.checkErrorAndThrowException(SnowflakeUtil.java:67)
at net.snowflake.client.core.StmtUtil.pollForOutput(StmtUtil.java:442)
at net.snowflake.client.core.StmtUtil.execute(StmtUtil.java:345)
at net.snowflake.client.core.SFStatement.executeHelper(SFStatement.java:486)
at net.snowflake.client.core.SFStatement.executeQueryInternal(SFStatement.java:197)
at net.snowflake.client.core.SFStatement.executeQuery(SFStatement.java:134)
at net.snowflake.client.core.SFStatement.execute(SFStatement.java:743)
at net.snowflake.client.core.SFStatement.execute(SFStatement.java:639)
at net.snowflake.client.jdbc.SnowflakeStatementV1.executeQueryInternal(SnowflakeStatementV1.java:238)
at net.snowflake.client.jdbc.SnowflakeStatementV1.executeQuery(SnowflakeStatementV1.java:133)
at com.zaxxer.hikari.pool.ProxyStatement.executeQuery(ProxyStatement.java:110)
at com.zaxxer.hikari.pool.HikariProxyStatement.executeQuery(HikariProxyStatement.java)
at org.finos.legend.engine.plan.execution.stores.relational.result.SQLExecutionResult.<init>(SQLExecutionResult.java:95)
... 101 more
"}'"
	at org.finos.legend.pure.runtime.java.compiled.generation.processors.support.CompiledSupport.pureAssert(CompiledSupport.java:1994)
	at org.finos.legend.pure.generated.platform_pure_basics_tests_assertEq.Root_meta_pure_functions_asserts_assertEq_Any_1__Any_1__Function_1__Boolean_1_(platform_pure_basics_tests_assertEq.java:44)
	at org.finos.legend.pure.generated.core_pure_protocol_vX_X_X_invocations_execution.Root_meta_protocols_pure_vX_X_X_invocation_execution_execute_executePlan_String_1__String_1__Integer_1__String_1_(core_pure_protocol_vX_X_X_invocations_execution.java:751)
	at org.finos.legend.pure.generated.core_pure_protocol_vX_X_X_invocations_execution.Root_meta_protocols_pure_vX_X_X_invocation_execution_execute_executePlan_ExecutionPlan_1__String_1__Integer_1__Extension_MANY__String_1_(core_pure_protocol_vX_X_X_invocations_execution.java:745)
	at org.finos.legend.pure.generated.core_pure_protocol_vX_X_X_invocations_execution.Root_meta_protocols_pure_vX_X_X_invocation_execution_execute_executePlan_ExecutionPlan_1__ExecutionContext_$0_1$__String_1__Integer_1__Extension_MANY__Result_1_(core_pure_protocol_vX_X_X_invocations_execution.java:738)
	at jdk.internal.reflect.GeneratedMethodAccessor96.invoke(Unknown Source)
	at java.base/jdk.internal.reflect.DelegatingMethodAccessorImpl.invoke(DelegatingMethodAccessorImpl.java:43)
	at java.base/java.lang.reflect.Method.invoke(Method.java:566)
	at org.finos.legend.pure.runtime.java.compiled.metadata.JavaMethodWithParamsSharedPureFunction.execute(JavaMethodWithParamsSharedPureFunction.java:59)
	at org.finos.legend.pure.runtime.java.compiled.generation.processors.support.Pure._evaluateToMany(Pure.java:546)
	at org.finos.legend.pure.generated.CoreGen.evaluateToMany(CoreGen.java:147)
	at org.finos.legend.pure.generated.CoreGen.evaluateToMany(CoreGen.java:134)
	at org.finos.legend.pure.generated.core_pure_router_router_entry$9$1.value(core_pure_router_router_entry.java:318)
	at org.finos.legend.pure.generated.core_pure_router_router_entry$9$1.execute(core_pure_router_router_entry.java:311)
	at org.finos.legend.pure.generated.core_pure_router_router_entry$9$1.execute(core_pure_router_router_entry.java:307)
	at org.finos.legend.pure.runtime.java.compiled.generation.processors.support.Pure.evaluate(Pure.java:485)
	at org.finos.legend.pure.runtime.java.compiled.generation.processors.support.Pure.legendTest(Pure.java:216)
	at org.finos.legend.pure.generated.CoreGen.legendTest(CoreGen.java:61)
	at org.finos.legend.pure.generated.core_pure_router_router_entry$9.valueOf(core_pure_router_router_entry.java:303)
	at org.finos.legend.pure.generated.core_pure_router_router_entry$9.execute(core_pure_router_router_entry.java:298)
	at org.finos.legend.pure.generated.core_pure_router_router_entry$9.execute(core_pure_router_router_entry.java:294)
	at org.finos.legend.pure.runtime.java.compiled.generation.processors.support.Pure.evaluate(Pure.java:485)
	at org.finos.legend.pure.runtime.java.compiled.generation.processors.support.Pure.traceSpan(Pure.java:1482)
	at org.finos.legend.pure.generated.CoreGen.traceSpan(CoreGen.java:203)
	at org.finos.legend.pure.generated.core_pure_router_router_entry.Root_meta_pure_router_executePlan_ExecutionPlan_1__ExecutionContext_1__Extension_MANY__Result_$0_1$_(core_pure_router_router_entry.java:290)
	at org.finos.legend.pure.generated.core_pure_router_router_entry.Root_meta_pure_router_executePlan_ExecutionPlan_1__Extension_MANY__Result_$0_1$_(core_pure_router_router_entry.java:285)
	at org.finos.legend.pure.generated.core_relational_relational_sqlQueryToString_dbTestRunner_executionPlanTestRunner$19.execute(core_relational_relational_sqlQueryToString_dbTestRunner_executionPlanTestRunner.java:305)
	at org.finos.legend.pure.generated.core_relational_relational_sqlQueryToString_dbTestRunner_executionPlanTestRunner.Root_meta_relational_dbTestRunner_executeViaPlan_FunctionDefinition_1__Mapping_1__Database_1__DbTestConfig_1__Extension_MANY__Result_$0_1$_(core_relational_relational_sqlQueryToString_dbTestRunner_executionPlanTestRunner.java:309)
	at org.finos.legend.pure.generated.core_relational_relational_sqlQueryToString_testSuite_selectSubClauses_orderBy.Root_meta_relational_tests_dbSpecificTests_sqlQueryTests_selectSubClauses_orderBy_testDoubleSortAsc_DbTestConfig_1__Boolean_1_(core_relational_relational_sqlQueryToString_testSuite_selectSubClauses_orderBy.java:520)
	at java.base/jdk.internal.reflect.NativeMethodAccessorImpl.invoke0(Native Method)
	at java.base/jdk.internal.reflect.NativeMethodAccessorImpl.invoke(NativeMethodAccessorImpl.java:62)
	at java.base/jdk.internal.reflect.DelegatingMethodAccessorImpl.invoke(DelegatingMethodAccessorImpl.java:43)
	at java.base/java.lang.reflect.Method.invoke(Method.java:566)
	at org.finos.legend.pure.runtime.java.compiled.testHelper.PureTestBuilderCompiled.executeFn(PureTestBuilderCompiled.java:113)
	at org.finos.legend.pure.runtime.java.compiled.testHelper.PureTestBuilderCompiled.lambda$buildSuite$0(PureTestBuilderCompiled.java:79)
	at org.finos.legend.pure.m3.execution.test.PureTestBuilder$PureTestCase.runTest(PureTestBuilder.java:95)
	at junit.framework.TestCase.runBare(TestCase.java:142)
	at org.finos.legend.engine.server.test.shared.Relational_DbSpecific_UsingPureClientTestSuite$2.runTest(Relational_DbSpecific_UsingPureClientTestSuite.java:90)
	at junit.framework.TestCase.runBare(TestCase.java:142)
	at junit.framework.TestResult$1.protect(TestResult.java:122)
	at junit.framework.TestResult.runProtected(TestResult.java:142)
	at junit.framework.TestResult.run(TestResult.java:125)
	at junit.framework.TestCase.run(TestCase.java:130)
	at junit.framework.TestSuite.runTest(TestSuite.java:241)
	at junit.framework.TestSuite.run(TestSuite.java:236)
	at junit.framework.TestSuite.runTest(TestSuite.java:241)
	at junit.framework.TestSuite.run(TestSuite.java:236)
	at junit.framework.TestSuite.runTest(TestSuite.java:241)
	at junit.framework.TestSuite.run(TestSuite.java:236)
	at junit.framework.TestSuite.runTest(TestSuite.java:241)
	at junit.framework.TestSuite.run(TestSuite.java:236)
	at junit.framework.TestSuite.runTest(TestSuite.java:241)
	at junit.framework.TestSuite.run(TestSuite.java:236)
	at junit.extensions.TestDecorator.basicRun(TestDecorator.java:24)
	at junit.extensions.TestSetup$1.protect(TestSetup.java:23)
	at junit.framework.TestResult.runProtected(TestResult.java:142)
	at junit.extensions.TestSetup.run(TestSetup.java:27)
	at org.junit.internal.runners.JUnit38ClassRunner.run(JUnit38ClassRunner.java:90)
	at org.apache.maven.surefire.junit4.JUnit4Provider.execute(JUnit4Provider.java:365)
	at org.apache.maven.surefire.junit4.JUnit4Provider.executeWithRerun(JUnit4Provider.java:273)
	at org.apache.maven.surefire.junit4.JUnit4Provider.executeTestSet(JUnit4Provider.java:238)
	at org.apache.maven.surefire.junit4.JUnit4Provider.invoke(JUnit4Provider.java:159)
	at org.apache.maven.surefire.booter.ForkedBooter.invokeProviderInSameClassLoader(ForkedBooter.java:384)
	at org.apache.maven.surefire.booter.ForkedBooter.runSuitesInProcess(ForkedBooter.java:345)
	at org.apache.maven.surefire.booter.ForkedBooter.execute(ForkedBooter.java:126)
	at org.apache.maven.surefire.booter.ForkedBooter.main(ForkedBooter.java:418)
]]></error>
    <system-out><![CDATA[Running db test selectSubClauses::orderBy::testDoubleSortAsc
{"duration":0.0,"eventType":"EXECUTION_PLAN_EXEC_ERROR","info":{"code":-1,"message":"SnowflakeSQLException: SQL compilation error:\nObject 'PERSONTABLE' does not exist or not authorized.","status":"error","trace":"java.lang.RuntimeException: net.snowflake.client.jdbc.SnowflakeSQLException: SQL compilation error:\nObject 'PERSONTABLE' does not exist or not authorized.\n\tat org.finos.legend.engine.plan.execution.stores.relational.result.SQLExecutionResult.<init>(SQLExecutionResult.java:123)\n\tat org.finos.legend.engine.plan.execution.stores.relational.RelationalExecutor.execute(RelationalExecutor.java:241)\n\tat org.finos.legend.engine.plan.execution.stores.relational.plugin.RelationalExecutionNodeExecutor.visit(RelationalExecutionNodeExecutor.java:238)\n\tat org.finos.legend.engine.plan.execution.stores.relational.plugin.RelationalExecutionNodeExecutor.visit(RelationalExecutionNodeExecutor.java:252)\n\tat org.finos.legend.engine.plan.execution.stores.relational.plugin.RelationalExecutionNodeExecutor.visit(RelationalExecutionNodeExecutor.java:92)\n\tat org.finos.legend.engine.protocol.pure.v1.model.executionPlan.nodes.RelationalTdsInstantiationExecutionNode.accept(RelationalTdsInstantiationExecutionNode.java:22)\n\tat org.finos.legend.engine.plan.execution.stores.relational.RelationalExecutionExtension.lambda$getExtraNodeExecutors$fbe53481$1(RelationalExecutionExtension.java:50)\n\tat org.finos.legend.engine.plan.execution.nodes.ExecutionNodeExecutor.lambda$visit$0(ExecutionNodeExecutor.java:164)\n\tat java.base/java.util.stream.ReferencePipeline$3$1.accept(ReferencePipeline.java:195)\n\tat java.base/java.util.Spliterators$ArraySpliterator.tryAdvance(Spliterators.java:958)\n\tat java.base/java.util.stream.ReferencePipeline.forEachWithCancel(ReferencePipeline.java:127)\n\tat java.base/java.util.stream.AbstractPipeline.copyIntoWithCancel(AbstractPipeline.java:502)\n\tat java.base/java.util.stream.AbstractPipeline.copyInto(AbstractPipeline.java:488)\n\tat java.base/java.util.stream.AbstractPipeline.wrapAndCopyInto(AbstractPipeline.java:474)\n\tat java.base/java.util.stream.FindOps$FindOp.evaluateSequential(FindOps.java:150)\n\tat java.base/java.util.stream.AbstractPipeline.evaluate(AbstractPipeline.java:234)\n\tat java.base/java.util.stream.ReferencePipeline.findFirst(ReferencePipeline.java:543)\n\tat org.finos.legend.engine.plan.execution.nodes.ExecutionNodeExecutor.visit(ExecutionNodeExecutor.java:164)\n\tat org.finos.legend.engine.plan.execution.nodes.ExecutionNodeExecutor.visit(ExecutionNodeExecutor.java:107)\n\tat org.finos.legend.engine.protocol.pure.v1.model.executionPlan.nodes.RelationalTdsInstantiationExecutionNode.accept(RelationalTdsInstantiationExecutionNode.java:22)\n\tat org.finos.legend.engine.plan.execution.PlanExecutor.execute(PlanExecutor.java:238)\n\tat org.finos.legend.engine.plan.execution.PlanExecutor.execute(PlanExecutor.java:225)\n\tat org.finos.legend.engine.plan.execution.api.ExecutePlan.doExecutePlanLegacy(ExecutePlan.java:102)\n\tat org.finos.legend.engine.plan.execution.api.ExecutePlan.doExecutePlan(ExecutePlan.java:84)\n\tat org.finos.legend.engine.plan.execution.api.ExecutePlanLegacy.executePlan(ExecutePlanLegacy.java:56)\n\tat jdk.internal.reflect.GeneratedMethodAccessor100.invoke(Unknown Source)\n\tat java.base/jdk.internal.reflect.DelegatingMethodAccessorImpl.invoke(DelegatingMethodAccessorImpl.java:43)\n\tat java.base/java.lang.reflect.Method.invoke(Method.java:566)\n\tat org.glassfish.jersey.server.model.internal.ResourceMethodInvocationHandlerFactory$1.invoke(ResourceMethodInvocationHandlerFactory.java:81)\n\tat org.glassfish.jersey.server.model.internal.AbstractJavaResourceMethodDispatcher$1.run(AbstractJavaResourceMethodDispatcher.java:144)\n\tat org.glassfish.jersey.server.model.internal.AbstractJavaResourceMethodDispatcher.invoke(AbstractJavaResourceMethodDispatcher.java:161)\n\tat org.glassfish.jersey.server.model.internal.JavaResourceMethodDispatcherProvider$ResponseOutInvoker.doDispatch(JavaResourceMethodDispatcherProvider.java:160)\n\tat org.glassfish.jersey.server.model.internal.AbstractJavaResourceMethodDispatcher.dispatch(AbstractJavaResourceMethodDispatcher.java:99)\n\tat org.glassfish.jersey.server.model.ResourceMethodInvoker.invoke(ResourceMethodInvoker.java:389)\n\tat org.glassfish.jersey.server.model.ResourceMethodInvoker.apply(ResourceMethodInvoker.java:347)\n\tat org.glassfish.jersey.server.model.ResourceMethodInvoker.apply(ResourceMethodInvoker.java:102)\n\tat org.glassfish.jersey.server.ServerRuntime$2.run(ServerRuntime.java:326)\n\tat org.glassfish.jersey.internal.Errors$1.call(Errors.java:271)\n\tat org.glassfish.jersey.internal.Errors$1.call(Errors.java:267)\n\tat org.glassfish.jersey.internal.Errors.process(Errors.java:315)\n\tat org.glassfish.jersey.internal.Errors.process(Errors.java:297)\n\tat org.glassfish.jersey.internal.Errors.process(Errors.java:267)\n\tat org.glassfish.jersey.process.internal.RequestScope.runInScope(RequestScope.java:317)\n\tat org.glassfish.jersey.server.ServerRuntime.process(ServerRuntime.java:305)\n\tat org.glassfish.jersey.server.ApplicationHandler.handle(ApplicationHandler.java:1154)\n\tat org.glassfish.jersey.servlet.WebComponent.serviceImpl(WebComponent.java:473)\n\tat org.glassfish.jersey.servlet.WebComponent.service(WebComponent.java:427)\n\tat org.glassfish.jersey.servlet.ServletContainer.service(ServletContainer.java:388)\n\tat org.glassfish.jersey.servlet.ServletContainer.service(ServletContainer.java:341)\n\tat org.glassfish.jersey.servlet.ServletContainer.service(ServletContainer.java:228)\n\tat org.eclipse.jetty.servlet.ServletHolder.handle(ServletHolder.java:799)\n\tat org.eclipse.jetty.servlet.ServletHandler$ChainEnd.doFilter(ServletHandler.java:1631)\n\tat io.dropwizard.servlets.ThreadNameFilter.doFilter(ThreadNameFilter.java:35)\n\tat org.eclipse.jetty.servlet.FilterHolder.doFilter(FilterHolder.java:193)\n\tat org.eclipse.jetty.servlet.ServletHandler$Chain.doFilter(ServletHandler.java:1601)\n\tat io.dropwizard.jersey.filter.AllowedMethodsFilter.handle(AllowedMethodsFilter.java:45)\n\tat io.dropwizard.jersey.filter.AllowedMethodsFilter.doFilter(AllowedMethodsFilter.java:39)\n\tat org.eclipse.jetty.servlet.FilterHolder.doFilter(FilterHolder.java:193)\n\tat org.eclipse.jetty.servlet.ServletHandler$Chain.doFilter(ServletHandler.java:1601)\n\tat org.finos.legend.server.pac4j.internal.UsernameFilter.doFilter(UsernameFilter.java:51)\n\tat org.eclipse.jetty.servlet.FilterHolder.doFilter(FilterHolder.java:193)\n\tat org.eclipse.jetty.servlet.ServletHandler$Chain.doFilter(ServletHandler.java:1601)\n\tat org.pac4j.j2e.filter.SecurityFilter.lambda$internalFilter$0(SecurityFilter.java:95)\n\tat org.pac4j.core.engine.DefaultSecurityLogic.perform(DefaultSecurityLogic.java:140)\n\tat org.pac4j.j2e.filter.SecurityFilter.internalFilter(SecurityFilter.java:93)\n\tat org.pac4j.j2e.filter.AbstractConfigFilter.doFilter(AbstractConfigFilter.java:81)\n\tat org.eclipse.jetty.servlet.FilterHolder.doFilter(FilterHolder.java:193)\n\tat org.eclipse.jetty.servlet.ServletHandler$Chain.doFilter(ServletHandler.java:1601)\n\tat org.eclipse.jetty.servlet.ServletHandler.doHandle(ServletHandler.java:548)\n\tat org.eclipse.jetty.server.handler.ScopedHandler.nextHandle(ScopedHandler.java:233)\n\tat org.eclipse.jetty.server.session.SessionHandler.doHandle(SessionHandler.java:1624)\n\tat org.eclipse.jetty.server.handler.ScopedHandler.nextHandle(ScopedHandler.java:233)\n\tat org.eclipse.jetty.server.handler.ContextHandler.doHandle(ContextHandler.java:1434)\n\tat org.eclipse.jetty.server.handler.ScopedHandler.nextScope(ScopedHandler.java:188)\n\tat org.eclipse.jetty.servlet.ServletHandler.doScope(ServletHandler.java:501)\n\tat org.eclipse.jetty.server.session.SessionHandler.doScope(SessionHandler.java:1594)\n\tat org.eclipse.jetty.server.handler.ScopedHandler.nextScope(ScopedHandler.java:186)\n\tat org.eclipse.jetty.server.handler.ContextHandler.doScope(ContextHandler.java:1349)\n\tat org.eclipse.jetty.server.handler.ScopedHandler.handle(ScopedHandler.java:141)\n\tat org.eclipse.jetty.server.handler.HandlerWrapper.handle(HandlerWrapper.java:127)\n\tat com.codahale.metrics.jetty9.InstrumentedHandler.handle(InstrumentedHandler.java:313)\n\tat io.dropwizard.jetty.ContextRoutingHandler.handle(ContextRoutingHandler.java:37)\n\tat org.eclipse.jetty.server.handler.gzip.GzipHandler.handle(GzipHandler.java:713)\n\tat io.dropwizard.jetty.BiDiGzipHandler.handle(BiDiGzipHandler.java:67)\n\tat org.eclipse.jetty.server.handler.StatisticsHandler.handle(StatisticsHandler.java:179)\n\tat org.eclipse.jetty.server.handler.HandlerWrapper.handle(HandlerWrapper.java:127)\n\tat org.eclipse.jetty.server.Server.handle(Server.java:516)\n\tat org.eclipse.jetty.server.HttpChannel.lambda$handle$1(HttpChannel.java:400)\n\tat org.eclipse.jetty.server.HttpChannel.dispatch(HttpChannel.java:645)\n\tat org.eclipse.jetty.server.HttpChannel.handle(HttpChannel.java:392)\n\tat org.eclipse.jetty.server.HttpConnection.onFillable(HttpConnection.java:277)\n\tat org.eclipse.jetty.io.AbstractConnection$ReadCallback.succeeded(AbstractConnection.java:311)\n\tat org.eclipse.jetty.io.FillInterest.fillable(FillInterest.java:105)\n\tat org.eclipse.jetty.io.ChannelEndPoint$1.run(ChannelEndPoint.java:104)\n\tat org.eclipse.jetty.util.thread.strategy.EatWhatYouKill.runTask(EatWhatYouKill.java:338)\n\tat org.eclipse.jetty.util.thread.strategy.EatWhatYouKill.doProduce(EatWhatYouKill.java:315)\n\tat org.eclipse.jetty.util.thread.strategy.EatWhatYouKill.tryProduce(EatWhatYouKill.java:173)\n\tat org.eclipse.jetty.util.thread.strategy.EatWhatYouKill.run(EatWhatYouKill.java:131)\n\tat org.eclipse.jetty.util.thread.ReservedThreadExecutor$ReservedThread.run(ReservedThreadExecutor.java:409)\n\tat org.eclipse.jetty.util.thread.QueuedThreadPool.runJob(QueuedThreadPool.java:883)\n\tat org.eclipse.jetty.util.thread.QueuedThreadPool$Runner.run(QueuedThreadPool.java:1034)\n\tat java.base/java.lang.Thread.run(Thread.java:829)\nCaused by: net.snowflake.client.jdbc.SnowflakeSQLException: SQL compilation error:\nObject 'PERSONTABLE' does not exist or not authorized.\n\tat net.snowflake.client.jdbc.SnowflakeUtil.checkErrorAndThrowExceptionSub(SnowflakeUtil.java:127)\n\tat net.snowflake.client.jdbc.SnowflakeUtil.checkErrorAndThrowException(SnowflakeUtil.java:67)\n\tat net.snowflake.client.core.StmtUtil.pollForOutput(StmtUtil.java:442)\n\tat net.snowflake.client.core.StmtUtil.execute(StmtUtil.java:345)\n\tat net.snowflake.client.core.SFStatement.executeHelper(SFStatement.java:486)\n\tat net.snowflake.client.core.SFStatement.executeQueryInternal(SFStatement.java:197)\n\tat net.snowflake.client.core.SFStatement.executeQuery(SFStatement.java:134)\n\tat net.snowflake.client.core.SFStatement.execute(SFStatement.java:743)\n\tat net.snowflake.client.core.SFStatement.execute(SFStatement.java:639)\n\tat net.snowflake.client.jdbc.SnowflakeStatementV1.executeQueryInternal(SnowflakeStatementV1.java:238)\n\tat net.snowflake.client.jdbc.SnowflakeStatementV1.executeQuery(SnowflakeStatementV1.java:133)\n\tat com.zaxxer.hikari.pool.ProxyStatement.executeQuery(ProxyStatement.java:110)\n\tat com.zaxxer.hikari.pool.HikariProxyStatement.executeQuery(HikariProxyStatement.java)\n\tat org.finos.legend.engine.plan.execution.stores.relational.result.SQLExecutionResult.<init>(SQLExecutionResult.java:95)\n\t... 101 more\n"},"mode":"DEV","timeStamp":"2023-02-23 01:31:53.590","user":"_UNKNOWN_"}
| **selectSubClauses::orderBy::testDoubleSortAsc** | failing :x: |
]]></system-out>
  </testcase>
  <testcase name="testDoubleSortDescChain[Snowflake]" classname="org.finos.legend.engine.server.test.shared.Relational_DbSpecific_UsingPureClientTestSuite$2" time="0.268">
    <error message="Assert failure at (resource:/platform/pure/basics/tests/assertEq.pure line:34 column:5), &quot;500 &apos;{&quot;code&quot;:-1,&quot;message&quot;:&quot;SnowflakeSQLException: SQL compilation error:&#10;Object &apos;PERSONTABLE&apos; does not exist or not authorized.&quot;,&quot;status&quot;:&quot;error&quot;,&quot;trace&quot;:&quot;java.lang.RuntimeException: net.snowflake.client.jdbc.SnowflakeSQLException: SQL compilation error:&#10;Object &apos;PERSONTABLE&apos; does not exist or not authorized.&#10;at org.finos.legend.engine.plan.execution.stores.relational.result.SQLExecutionResult.&lt;init&gt;(SQLExecutionResult.java:123)&#10;at org.finos.legend.engine.plan.execution.stores.relational.RelationalExecutor.execute(RelationalExecutor.java:241)&#10;at org.finos.legend.engine.plan.execution.stores.relational.plugin.RelationalExecutionNodeExecutor.visit(RelationalExecutionNodeExecutor.java:238)&#10;at org.finos.legend.engine.plan.execution.stores.relational.plugin.RelationalExecutionNodeExecutor.visit(RelationalExecutionNodeExecutor.java:252)&#10;at org.finos.legend.engine.plan.execution.stores.relational.plugin.RelationalExecutionNodeExecutor.visit(RelationalExecutionNodeExecutor.java:92)&#10;at org.finos.legend.engine.protocol.pure.v1.model.executionPlan.nodes.RelationalTdsInstantiationExecutionNode.accept(RelationalTdsInstantiationExecutionNode.java:22)&#10;at org.finos.legend.engine.plan.execution.stores.relational.RelationalExecutionExtension.lambda$getExtraNodeExecutors$fbe53481$1(RelationalExecutionExtension.java:50)&#10;at org.finos.legend.engine.plan.execution.nodes.ExecutionNodeExecutor.lambda$visit$0(ExecutionNodeExecutor.java:164)&#10;at java.base/java.util.stream.ReferencePipeline$3$1.accept(ReferencePipeline.java:195)&#10;at java.base/java.util.Spliterators$ArraySpliterator.tryAdvance(Spliterators.java:958)&#10;at java.base/java.util.stream.ReferencePipeline.forEachWithCancel(ReferencePipeline.java:127)&#10;at java.base/java.util.stream.AbstractPipeline.copyIntoWithCancel(AbstractPipeline.java:502)&#10;at java.base/java.util.stream.AbstractPipeline.copyInto(AbstractPipeline.java:488)&#10;at java.base/java.util.stream.AbstractPipeline.wrapAndCopyInto(AbstractPipeline.java:474)&#10;at java.base/java.util.stream.FindOps$FindOp.evaluateSequential(FindOps.java:150)&#10;at java.base/java.util.stream.AbstractPipeline.evaluate(AbstractPipeline.java:234)&#10;at java.base/java.util.stream.ReferencePipeline.findFirst(ReferencePipeline.java:543)&#10;at org.finos.legend.engine.plan.execution.nodes.ExecutionNodeExecutor.visit(ExecutionNodeExecutor.java:164)&#10;at org.finos.legend.engine.plan.execution.nodes.ExecutionNodeExecutor.visit(ExecutionNodeExecutor.java:107)&#10;at org.finos.legend.engine.protocol.pure.v1.model.executionPlan.nodes.RelationalTdsInstantiationExecutionNode.accept(RelationalTdsInstantiationExecutionNode.java:22)&#10;at org.finos.legend.engine.plan.execution.PlanExecutor.execute(PlanExecutor.java:238)&#10;at org.finos.legend.engine.plan.execution.PlanExecutor.execute(PlanExecutor.java:225)&#10;at org.finos.legend.engine.plan.execution.api.ExecutePlan.doExecutePlanLegacy(ExecutePlan.java:102)&#10;at org.finos.legend.engine.plan.execution.api.ExecutePlan.doExecutePlan(ExecutePlan.java:84)&#10;at org.finos.legend.engine.plan.execution.api.ExecutePlanLegacy.executePlan(ExecutePlanLegacy.java:56)&#10;at jdk.internal.reflect.GeneratedMethodAccessor100.invoke(Unknown Source)&#10;at java.base/jdk.internal.reflect.DelegatingMethodAccessorImpl.invoke(DelegatingMethodAccessorImpl.java:43)&#10;at java.base/java.lang.reflect.Method.invoke(Method.java:566)&#10;at org.glassfish.jersey.server.model.internal.ResourceMethodInvocationHandlerFactory$1.invoke(ResourceMethodInvocationHandlerFactory.java:81)&#10;at org.glassfish.jersey.server.model.internal.AbstractJavaResourceMethodDispatcher$1.run(AbstractJavaResourceMethodDispatcher.java:144)&#10;at org.glassfish.jersey.server.model.internal.AbstractJavaResourceMethodDispatcher.invoke(AbstractJavaResourceMethodDispatcher.java:161)&#10;at org.glassfish.jersey.server.model.internal.JavaResourceMethodDispatcherProvider$ResponseOutInvoker.doDispatch(JavaResourceMethodDispatcherProvider.java:160)&#10;at org.glassfish.jersey.server.model.internal.AbstractJavaResourceMethodDispatcher.dispatch(AbstractJavaResourceMethodDispatcher.java:99)&#10;at org.glassfish.jersey.server.model.ResourceMethodInvoker.invoke(ResourceMethodInvoker.java:389)&#10;at org.glassfish.jersey.server.model.ResourceMethodInvoker.apply(ResourceMethodInvoker.java:347)&#10;at org.glassfish.jersey.server.model.ResourceMethodInvoker.apply(ResourceMethodInvoker.java:102)&#10;at org.glassfish.jersey.server.ServerRuntime$2.run(ServerRuntime.java:326)&#10;at org.glassfish.jersey.internal.Errors$1.call(Errors.java:271)&#10;at org.glassfish.jersey.internal.Errors$1.call(Errors.java:267)&#10;at org.glassfish.jersey.internal.Errors.process(Errors.java:315)&#10;at org.glassfish.jersey.internal.Errors.process(Errors.java:297)&#10;at org.glassfish.jersey.internal.Errors.process(Errors.java:267)&#10;at org.glassfish.jersey.process.internal.RequestScope.runInScope(RequestScope.java:317)&#10;at org.glassfish.jersey.server.ServerRuntime.process(ServerRuntime.java:305)&#10;at org.glassfish.jersey.server.ApplicationHandler.handle(ApplicationHandler.java:1154)&#10;at org.glassfish.jersey.servlet.WebComponent.serviceImpl(WebComponent.java:473)&#10;at org.glassfish.jersey.servlet.WebComponent.service(WebComponent.java:427)&#10;at org.glassfish.jersey.servlet.ServletContainer.service(ServletContainer.java:388)&#10;at org.glassfish.jersey.servlet.ServletContainer.service(ServletContainer.java:341)&#10;at org.glassfish.jersey.servlet.ServletContainer.service(ServletContainer.java:228)&#10;at org.eclipse.jetty.servlet.ServletHolder.handle(ServletHolder.java:799)&#10;at org.eclipse.jetty.servlet.ServletHandler$ChainEnd.doFilter(ServletHandler.java:1631)&#10;at io.dropwizard.servlets.ThreadNameFilter.doFilter(ThreadNameFilter.java:35)&#10;at org.eclipse.jetty.servlet.FilterHolder.doFilter(FilterHolder.java:193)&#10;at org.eclipse.jetty.servlet.ServletHandler$Chain.doFilter(ServletHandler.java:1601)&#10;at io.dropwizard.jersey.filter.AllowedMethodsFilter.handle(AllowedMethodsFilter.java:45)&#10;at io.dropwizard.jersey.filter.AllowedMethodsFilter.doFilter(AllowedMethodsFilter.java:39)&#10;at org.eclipse.jetty.servlet.FilterHolder.doFilter(FilterHolder.java:193)&#10;at org.eclipse.jetty.servlet.ServletHandler$Chain.doFilter(ServletHandler.java:1601)&#10;at org.finos.legend.server.pac4j.internal.UsernameFilter.doFilter(UsernameFilter.java:51)&#10;at org.eclipse.jetty.servlet.FilterHolder.doFilter(FilterHolder.java:193)&#10;at org.eclipse.jetty.servlet.ServletHandler$Chain.doFilter(ServletHandler.java:1601)&#10;at org.pac4j.j2e.filter.SecurityFilter.lambda$internalFilter$0(SecurityFilter.java:95)&#10;at org.pac4j.core.engine.DefaultSecurityLogic.perform(DefaultSecurityLogic.java:140)&#10;at org.pac4j.j2e.filter.SecurityFilter.internalFilter(SecurityFilter.java:93)&#10;at org.pac4j.j2e.filter.AbstractConfigFilter.doFilter(AbstractConfigFilter.java:81)&#10;at org.eclipse.jetty.servlet.FilterHolder.doFilter(FilterHolder.java:193)&#10;at org.eclipse.jetty.servlet.ServletHandler$Chain.doFilter(ServletHandler.java:1601)&#10;at org.eclipse.jetty.servlet.ServletHandler.doHandle(ServletHandler.java:548)&#10;at org.eclipse.jetty.server.handler.ScopedHandler.nextHandle(ScopedHandler.java:233)&#10;at org.eclipse.jetty.server.session.SessionHandler.doHandle(SessionHandler.java:1624)&#10;at org.eclipse.jetty.server.handler.ScopedHandler.nextHandle(ScopedHandler.java:233)&#10;at org.eclipse.jetty.server.handler.ContextHandler.doHandle(ContextHandler.java:1434)&#10;at org.eclipse.jetty.server.handler.ScopedHandler.nextScope(ScopedHandler.java:188)&#10;at org.eclipse.jetty.servlet.ServletHandler.doScope(ServletHandler.java:501)&#10;at org.eclipse.jetty.server.session.SessionHandler.doScope(SessionHandler.java:1594)&#10;at org.eclipse.jetty.server.handler.ScopedHandler.nextScope(ScopedHandler.java:186)&#10;at org.eclipse.jetty.server.handler.ContextHandler.doScope(ContextHandler.java:1349)&#10;at org.eclipse.jetty.server.handler.ScopedHandler.handle(ScopedHandler.java:141)&#10;at org.eclipse.jetty.server.handler.HandlerWrapper.handle(HandlerWrapper.java:127)&#10;at com.codahale.metrics.jetty9.InstrumentedHandler.handle(InstrumentedHandler.java:313)&#10;at io.dropwizard.jetty.ContextRoutingHandler.handle(ContextRoutingHandler.java:37)&#10;at org.eclipse.jetty.server.handler.gzip.GzipHandler.handle(GzipHandler.java:713)&#10;at io.dropwizard.jetty.BiDiGzipHandler.handle(BiDiGzipHandler.java:67)&#10;at org.eclipse.jetty.server.handler.StatisticsHandler.handle(StatisticsHandler.java:179)&#10;at org.eclipse.jetty.server.handler.HandlerWrapper.handle(HandlerWrapper.java:127)&#10;at org.eclipse.jetty.server.Server.handle(Server.java:516)&#10;at org.eclipse.jetty.server.HttpChannel.lambda$handle$1(HttpChannel.java:400)&#10;at org.eclipse.jetty.server.HttpChannel.dispatch(HttpChannel.java:645)&#10;at org.eclipse.jetty.server.HttpChannel.handle(HttpChannel.java:392)&#10;at org.eclipse.jetty.server.HttpConnection.onFillable(HttpConnection.java:277)&#10;at org.eclipse.jetty.io.AbstractConnection$ReadCallback.succeeded(AbstractConnection.java:311)&#10;at org.eclipse.jetty.io.FillInterest.fillable(FillInterest.java:105)&#10;at org.eclipse.jetty.io.ChannelEndPoint$1.run(ChannelEndPoint.java:104)&#10;at org.eclipse.jetty.util.thread.strategy.EatWhatYouKill.runTask(EatWhatYouKill.java:338)&#10;at org.eclipse.jetty.util.thread.strategy.EatWhatYouKill.doProduce(EatWhatYouKill.java:315)&#10;at org.eclipse.jetty.util.thread.strategy.EatWhatYouKill.tryProduce(EatWhatYouKill.java:173)&#10;at org.eclipse.jetty.util.thread.strategy.EatWhatYouKill.run(EatWhatYouKill.java:131)&#10;at org.eclipse.jetty.util.thread.ReservedThreadExecutor$ReservedThread.run(ReservedThreadExecutor.java:409)&#10;at org.eclipse.jetty.util.thread.QueuedThreadPool.runJob(QueuedThreadPool.java:883)&#10;at org.eclipse.jetty.util.thread.QueuedThreadPool$Runner.run(QueuedThreadPool.java:1034)&#10;at java.base/java.lang.Thread.run(Thread.java:829)&#10;Caused by: net.snowflake.client.jdbc.SnowflakeSQLException: SQL compilation error:&#10;Object &apos;PERSONTABLE&apos; does not exist or not authorized.&#10;at net.snowflake.client.jdbc.SnowflakeUtil.checkErrorAndThrowExceptionSub(SnowflakeUtil.java:127)&#10;at net.snowflake.client.jdbc.SnowflakeUtil.checkErrorAndThrowException(SnowflakeUtil.java:67)&#10;at net.snowflake.client.core.StmtUtil.pollForOutput(StmtUtil.java:442)&#10;at net.snowflake.client.core.StmtUtil.execute(StmtUtil.java:345)&#10;at net.snowflake.client.core.SFStatement.executeHelper(SFStatement.java:486)&#10;at net.snowflake.client.core.SFStatement.executeQueryInternal(SFStatement.java:197)&#10;at net.snowflake.client.core.SFStatement.executeQuery(SFStatement.java:134)&#10;at net.snowflake.client.core.SFStatement.execute(SFStatement.java:743)&#10;at net.snowflake.client.core.SFStatement.execute(SFStatement.java:639)&#10;at net.snowflake.client.jdbc.SnowflakeStatementV1.executeQueryInternal(SnowflakeStatementV1.java:238)&#10;at net.snowflake.client.jdbc.SnowflakeStatementV1.executeQuery(SnowflakeStatementV1.java:133)&#10;at com.zaxxer.hikari.pool.ProxyStatement.executeQuery(ProxyStatement.java:110)&#10;at com.zaxxer.hikari.pool.HikariProxyStatement.executeQuery(HikariProxyStatement.java)&#10;at org.finos.legend.engine.plan.execution.stores.relational.result.SQLExecutionResult.&lt;init&gt;(SQLExecutionResult.java:95)&#10;... 101 more&#10;&quot;}&apos;&quot;" type="Assert failure at (resource"><![CDATA[Assert failure at (resource:/platform/pure/basics/tests/assertEq.pure line:34 column:5), "500 '{"code":-1,"message":"SnowflakeSQLException: SQL compilation error:
Object 'PERSONTABLE' does not exist or not authorized.","status":"error","trace":"java.lang.RuntimeException: net.snowflake.client.jdbc.SnowflakeSQLException: SQL compilation error:
Object 'PERSONTABLE' does not exist or not authorized.
at org.finos.legend.engine.plan.execution.stores.relational.result.SQLExecutionResult.<init>(SQLExecutionResult.java:123)
at org.finos.legend.engine.plan.execution.stores.relational.RelationalExecutor.execute(RelationalExecutor.java:241)
at org.finos.legend.engine.plan.execution.stores.relational.plugin.RelationalExecutionNodeExecutor.visit(RelationalExecutionNodeExecutor.java:238)
at org.finos.legend.engine.plan.execution.stores.relational.plugin.RelationalExecutionNodeExecutor.visit(RelationalExecutionNodeExecutor.java:252)
at org.finos.legend.engine.plan.execution.stores.relational.plugin.RelationalExecutionNodeExecutor.visit(RelationalExecutionNodeExecutor.java:92)
at org.finos.legend.engine.protocol.pure.v1.model.executionPlan.nodes.RelationalTdsInstantiationExecutionNode.accept(RelationalTdsInstantiationExecutionNode.java:22)
at org.finos.legend.engine.plan.execution.stores.relational.RelationalExecutionExtension.lambda$getExtraNodeExecutors$fbe53481$1(RelationalExecutionExtension.java:50)
at org.finos.legend.engine.plan.execution.nodes.ExecutionNodeExecutor.lambda$visit$0(ExecutionNodeExecutor.java:164)
at java.base/java.util.stream.ReferencePipeline$3$1.accept(ReferencePipeline.java:195)
at java.base/java.util.Spliterators$ArraySpliterator.tryAdvance(Spliterators.java:958)
at java.base/java.util.stream.ReferencePipeline.forEachWithCancel(ReferencePipeline.java:127)
at java.base/java.util.stream.AbstractPipeline.copyIntoWithCancel(AbstractPipeline.java:502)
at java.base/java.util.stream.AbstractPipeline.copyInto(AbstractPipeline.java:488)
at java.base/java.util.stream.AbstractPipeline.wrapAndCopyInto(AbstractPipeline.java:474)
at java.base/java.util.stream.FindOps$FindOp.evaluateSequential(FindOps.java:150)
at java.base/java.util.stream.AbstractPipeline.evaluate(AbstractPipeline.java:234)
at java.base/java.util.stream.ReferencePipeline.findFirst(ReferencePipeline.java:543)
at org.finos.legend.engine.plan.execution.nodes.ExecutionNodeExecutor.visit(ExecutionNodeExecutor.java:164)
at org.finos.legend.engine.plan.execution.nodes.ExecutionNodeExecutor.visit(ExecutionNodeExecutor.java:107)
at org.finos.legend.engine.protocol.pure.v1.model.executionPlan.nodes.RelationalTdsInstantiationExecutionNode.accept(RelationalTdsInstantiationExecutionNode.java:22)
at org.finos.legend.engine.plan.execution.PlanExecutor.execute(PlanExecutor.java:238)
at org.finos.legend.engine.plan.execution.PlanExecutor.execute(PlanExecutor.java:225)
at org.finos.legend.engine.plan.execution.api.ExecutePlan.doExecutePlanLegacy(ExecutePlan.java:102)
at org.finos.legend.engine.plan.execution.api.ExecutePlan.doExecutePlan(ExecutePlan.java:84)
at org.finos.legend.engine.plan.execution.api.ExecutePlanLegacy.executePlan(ExecutePlanLegacy.java:56)
at jdk.internal.reflect.GeneratedMethodAccessor100.invoke(Unknown Source)
at java.base/jdk.internal.reflect.DelegatingMethodAccessorImpl.invoke(DelegatingMethodAccessorImpl.java:43)
at java.base/java.lang.reflect.Method.invoke(Method.java:566)
at org.glassfish.jersey.server.model.internal.ResourceMethodInvocationHandlerFactory$1.invoke(ResourceMethodInvocationHandlerFactory.java:81)
at org.glassfish.jersey.server.model.internal.AbstractJavaResourceMethodDispatcher$1.run(AbstractJavaResourceMethodDispatcher.java:144)
at org.glassfish.jersey.server.model.internal.AbstractJavaResourceMethodDispatcher.invoke(AbstractJavaResourceMethodDispatcher.java:161)
at org.glassfish.jersey.server.model.internal.JavaResourceMethodDispatcherProvider$ResponseOutInvoker.doDispatch(JavaResourceMethodDispatcherProvider.java:160)
at org.glassfish.jersey.server.model.internal.AbstractJavaResourceMethodDispatcher.dispatch(AbstractJavaResourceMethodDispatcher.java:99)
at org.glassfish.jersey.server.model.ResourceMethodInvoker.invoke(ResourceMethodInvoker.java:389)
at org.glassfish.jersey.server.model.ResourceMethodInvoker.apply(ResourceMethodInvoker.java:347)
at org.glassfish.jersey.server.model.ResourceMethodInvoker.apply(ResourceMethodInvoker.java:102)
at org.glassfish.jersey.server.ServerRuntime$2.run(ServerRuntime.java:326)
at org.glassfish.jersey.internal.Errors$1.call(Errors.java:271)
at org.glassfish.jersey.internal.Errors$1.call(Errors.java:267)
at org.glassfish.jersey.internal.Errors.process(Errors.java:315)
at org.glassfish.jersey.internal.Errors.process(Errors.java:297)
at org.glassfish.jersey.internal.Errors.process(Errors.java:267)
at org.glassfish.jersey.process.internal.RequestScope.runInScope(RequestScope.java:317)
at org.glassfish.jersey.server.ServerRuntime.process(ServerRuntime.java:305)
at org.glassfish.jersey.server.ApplicationHandler.handle(ApplicationHandler.java:1154)
at org.glassfish.jersey.servlet.WebComponent.serviceImpl(WebComponent.java:473)
at org.glassfish.jersey.servlet.WebComponent.service(WebComponent.java:427)
at org.glassfish.jersey.servlet.ServletContainer.service(ServletContainer.java:388)
at org.glassfish.jersey.servlet.ServletContainer.service(ServletContainer.java:341)
at org.glassfish.jersey.servlet.ServletContainer.service(ServletContainer.java:228)
at org.eclipse.jetty.servlet.ServletHolder.handle(ServletHolder.java:799)
at org.eclipse.jetty.servlet.ServletHandler$ChainEnd.doFilter(ServletHandler.java:1631)
at io.dropwizard.servlets.ThreadNameFilter.doFilter(ThreadNameFilter.java:35)
at org.eclipse.jetty.servlet.FilterHolder.doFilter(FilterHolder.java:193)
at org.eclipse.jetty.servlet.ServletHandler$Chain.doFilter(ServletHandler.java:1601)
at io.dropwizard.jersey.filter.AllowedMethodsFilter.handle(AllowedMethodsFilter.java:45)
at io.dropwizard.jersey.filter.AllowedMethodsFilter.doFilter(AllowedMethodsFilter.java:39)
at org.eclipse.jetty.servlet.FilterHolder.doFilter(FilterHolder.java:193)
at org.eclipse.jetty.servlet.ServletHandler$Chain.doFilter(ServletHandler.java:1601)
at org.finos.legend.server.pac4j.internal.UsernameFilter.doFilter(UsernameFilter.java:51)
at org.eclipse.jetty.servlet.FilterHolder.doFilter(FilterHolder.java:193)
at org.eclipse.jetty.servlet.ServletHandler$Chain.doFilter(ServletHandler.java:1601)
at org.pac4j.j2e.filter.SecurityFilter.lambda$internalFilter$0(SecurityFilter.java:95)
at org.pac4j.core.engine.DefaultSecurityLogic.perform(DefaultSecurityLogic.java:140)
at org.pac4j.j2e.filter.SecurityFilter.internalFilter(SecurityFilter.java:93)
at org.pac4j.j2e.filter.AbstractConfigFilter.doFilter(AbstractConfigFilter.java:81)
at org.eclipse.jetty.servlet.FilterHolder.doFilter(FilterHolder.java:193)
at org.eclipse.jetty.servlet.ServletHandler$Chain.doFilter(ServletHandler.java:1601)
at org.eclipse.jetty.servlet.ServletHandler.doHandle(ServletHandler.java:548)
at org.eclipse.jetty.server.handler.ScopedHandler.nextHandle(ScopedHandler.java:233)
at org.eclipse.jetty.server.session.SessionHandler.doHandle(SessionHandler.java:1624)
at org.eclipse.jetty.server.handler.ScopedHandler.nextHandle(ScopedHandler.java:233)
at org.eclipse.jetty.server.handler.ContextHandler.doHandle(ContextHandler.java:1434)
at org.eclipse.jetty.server.handler.ScopedHandler.nextScope(ScopedHandler.java:188)
at org.eclipse.jetty.servlet.ServletHandler.doScope(ServletHandler.java:501)
at org.eclipse.jetty.server.session.SessionHandler.doScope(SessionHandler.java:1594)
at org.eclipse.jetty.server.handler.ScopedHandler.nextScope(ScopedHandler.java:186)
at org.eclipse.jetty.server.handler.ContextHandler.doScope(ContextHandler.java:1349)
at org.eclipse.jetty.server.handler.ScopedHandler.handle(ScopedHandler.java:141)
at org.eclipse.jetty.server.handler.HandlerWrapper.handle(HandlerWrapper.java:127)
at com.codahale.metrics.jetty9.InstrumentedHandler.handle(InstrumentedHandler.java:313)
at io.dropwizard.jetty.ContextRoutingHandler.handle(ContextRoutingHandler.java:37)
at org.eclipse.jetty.server.handler.gzip.GzipHandler.handle(GzipHandler.java:713)
at io.dropwizard.jetty.BiDiGzipHandler.handle(BiDiGzipHandler.java:67)
at org.eclipse.jetty.server.handler.StatisticsHandler.handle(StatisticsHandler.java:179)
at org.eclipse.jetty.server.handler.HandlerWrapper.handle(HandlerWrapper.java:127)
at org.eclipse.jetty.server.Server.handle(Server.java:516)
at org.eclipse.jetty.server.HttpChannel.lambda$handle$1(HttpChannel.java:400)
at org.eclipse.jetty.server.HttpChannel.dispatch(HttpChannel.java:645)
at org.eclipse.jetty.server.HttpChannel.handle(HttpChannel.java:392)
at org.eclipse.jetty.server.HttpConnection.onFillable(HttpConnection.java:277)
at org.eclipse.jetty.io.AbstractConnection$ReadCallback.succeeded(AbstractConnection.java:311)
at org.eclipse.jetty.io.FillInterest.fillable(FillInterest.java:105)
at org.eclipse.jetty.io.ChannelEndPoint$1.run(ChannelEndPoint.java:104)
at org.eclipse.jetty.util.thread.strategy.EatWhatYouKill.runTask(EatWhatYouKill.java:338)
at org.eclipse.jetty.util.thread.strategy.EatWhatYouKill.doProduce(EatWhatYouKill.java:315)
at org.eclipse.jetty.util.thread.strategy.EatWhatYouKill.tryProduce(EatWhatYouKill.java:173)
at org.eclipse.jetty.util.thread.strategy.EatWhatYouKill.run(EatWhatYouKill.java:131)
at org.eclipse.jetty.util.thread.ReservedThreadExecutor$ReservedThread.run(ReservedThreadExecutor.java:409)
at org.eclipse.jetty.util.thread.QueuedThreadPool.runJob(QueuedThreadPool.java:883)
at org.eclipse.jetty.util.thread.QueuedThreadPool$Runner.run(QueuedThreadPool.java:1034)
at java.base/java.lang.Thread.run(Thread.java:829)
Caused by: net.snowflake.client.jdbc.SnowflakeSQLException: SQL compilation error:
Object 'PERSONTABLE' does not exist or not authorized.
at net.snowflake.client.jdbc.SnowflakeUtil.checkErrorAndThrowExceptionSub(SnowflakeUtil.java:127)
at net.snowflake.client.jdbc.SnowflakeUtil.checkErrorAndThrowException(SnowflakeUtil.java:67)
at net.snowflake.client.core.StmtUtil.pollForOutput(StmtUtil.java:442)
at net.snowflake.client.core.StmtUtil.execute(StmtUtil.java:345)
at net.snowflake.client.core.SFStatement.executeHelper(SFStatement.java:486)
at net.snowflake.client.core.SFStatement.executeQueryInternal(SFStatement.java:197)
at net.snowflake.client.core.SFStatement.executeQuery(SFStatement.java:134)
at net.snowflake.client.core.SFStatement.execute(SFStatement.java:743)
at net.snowflake.client.core.SFStatement.execute(SFStatement.java:639)
at net.snowflake.client.jdbc.SnowflakeStatementV1.executeQueryInternal(SnowflakeStatementV1.java:238)
at net.snowflake.client.jdbc.SnowflakeStatementV1.executeQuery(SnowflakeStatementV1.java:133)
at com.zaxxer.hikari.pool.ProxyStatement.executeQuery(ProxyStatement.java:110)
at com.zaxxer.hikari.pool.HikariProxyStatement.executeQuery(HikariProxyStatement.java)
at org.finos.legend.engine.plan.execution.stores.relational.result.SQLExecutionResult.<init>(SQLExecutionResult.java:95)
... 101 more
"}'"
	at org.finos.legend.pure.runtime.java.compiled.generation.processors.support.CompiledSupport.pureAssert(CompiledSupport.java:1994)
	at org.finos.legend.pure.generated.platform_pure_basics_tests_assertEq.Root_meta_pure_functions_asserts_assertEq_Any_1__Any_1__Function_1__Boolean_1_(platform_pure_basics_tests_assertEq.java:44)
	at org.finos.legend.pure.generated.core_pure_protocol_vX_X_X_invocations_execution.Root_meta_protocols_pure_vX_X_X_invocation_execution_execute_executePlan_String_1__String_1__Integer_1__String_1_(core_pure_protocol_vX_X_X_invocations_execution.java:751)
	at org.finos.legend.pure.generated.core_pure_protocol_vX_X_X_invocations_execution.Root_meta_protocols_pure_vX_X_X_invocation_execution_execute_executePlan_ExecutionPlan_1__String_1__Integer_1__Extension_MANY__String_1_(core_pure_protocol_vX_X_X_invocations_execution.java:745)
	at org.finos.legend.pure.generated.core_pure_protocol_vX_X_X_invocations_execution.Root_meta_protocols_pure_vX_X_X_invocation_execution_execute_executePlan_ExecutionPlan_1__ExecutionContext_$0_1$__String_1__Integer_1__Extension_MANY__Result_1_(core_pure_protocol_vX_X_X_invocations_execution.java:738)
	at jdk.internal.reflect.GeneratedMethodAccessor96.invoke(Unknown Source)
	at java.base/jdk.internal.reflect.DelegatingMethodAccessorImpl.invoke(DelegatingMethodAccessorImpl.java:43)
	at java.base/java.lang.reflect.Method.invoke(Method.java:566)
	at org.finos.legend.pure.runtime.java.compiled.metadata.JavaMethodWithParamsSharedPureFunction.execute(JavaMethodWithParamsSharedPureFunction.java:59)
	at org.finos.legend.pure.runtime.java.compiled.generation.processors.support.Pure._evaluateToMany(Pure.java:546)
	at org.finos.legend.pure.generated.CoreGen.evaluateToMany(CoreGen.java:147)
	at org.finos.legend.pure.generated.CoreGen.evaluateToMany(CoreGen.java:134)
	at org.finos.legend.pure.generated.core_pure_router_router_entry$9$1.value(core_pure_router_router_entry.java:318)
	at org.finos.legend.pure.generated.core_pure_router_router_entry$9$1.execute(core_pure_router_router_entry.java:311)
	at org.finos.legend.pure.generated.core_pure_router_router_entry$9$1.execute(core_pure_router_router_entry.java:307)
	at org.finos.legend.pure.runtime.java.compiled.generation.processors.support.Pure.evaluate(Pure.java:485)
	at org.finos.legend.pure.runtime.java.compiled.generation.processors.support.Pure.legendTest(Pure.java:216)
	at org.finos.legend.pure.generated.CoreGen.legendTest(CoreGen.java:61)
	at org.finos.legend.pure.generated.core_pure_router_router_entry$9.valueOf(core_pure_router_router_entry.java:303)
	at org.finos.legend.pure.generated.core_pure_router_router_entry$9.execute(core_pure_router_router_entry.java:298)
	at org.finos.legend.pure.generated.core_pure_router_router_entry$9.execute(core_pure_router_router_entry.java:294)
	at org.finos.legend.pure.runtime.java.compiled.generation.processors.support.Pure.evaluate(Pure.java:485)
	at org.finos.legend.pure.runtime.java.compiled.generation.processors.support.Pure.traceSpan(Pure.java:1482)
	at org.finos.legend.pure.generated.CoreGen.traceSpan(CoreGen.java:203)
	at org.finos.legend.pure.generated.core_pure_router_router_entry.Root_meta_pure_router_executePlan_ExecutionPlan_1__ExecutionContext_1__Extension_MANY__Result_$0_1$_(core_pure_router_router_entry.java:290)
	at org.finos.legend.pure.generated.core_pure_router_router_entry.Root_meta_pure_router_executePlan_ExecutionPlan_1__Extension_MANY__Result_$0_1$_(core_pure_router_router_entry.java:285)
	at org.finos.legend.pure.generated.core_relational_relational_sqlQueryToString_dbTestRunner_executionPlanTestRunner$19.execute(core_relational_relational_sqlQueryToString_dbTestRunner_executionPlanTestRunner.java:305)
	at org.finos.legend.pure.generated.core_relational_relational_sqlQueryToString_dbTestRunner_executionPlanTestRunner.Root_meta_relational_dbTestRunner_executeViaPlan_FunctionDefinition_1__Mapping_1__Database_1__DbTestConfig_1__Extension_MANY__Result_$0_1$_(core_relational_relational_sqlQueryToString_dbTestRunner_executionPlanTestRunner.java:309)
	at org.finos.legend.pure.generated.core_relational_relational_sqlQueryToString_testSuite_selectSubClauses_orderBy.Root_meta_relational_tests_dbSpecificTests_sqlQueryTests_selectSubClauses_orderBy_testDoubleSortDescChain_DbTestConfig_1__Boolean_1_(core_relational_relational_sqlQueryToString_testSuite_selectSubClauses_orderBy.java:628)
	at java.base/jdk.internal.reflect.NativeMethodAccessorImpl.invoke0(Native Method)
	at java.base/jdk.internal.reflect.NativeMethodAccessorImpl.invoke(NativeMethodAccessorImpl.java:62)
	at java.base/jdk.internal.reflect.DelegatingMethodAccessorImpl.invoke(DelegatingMethodAccessorImpl.java:43)
	at java.base/java.lang.reflect.Method.invoke(Method.java:566)
	at org.finos.legend.pure.runtime.java.compiled.testHelper.PureTestBuilderCompiled.executeFn(PureTestBuilderCompiled.java:113)
	at org.finos.legend.pure.runtime.java.compiled.testHelper.PureTestBuilderCompiled.lambda$buildSuite$0(PureTestBuilderCompiled.java:79)
	at org.finos.legend.pure.m3.execution.test.PureTestBuilder$PureTestCase.runTest(PureTestBuilder.java:95)
	at junit.framework.TestCase.runBare(TestCase.java:142)
	at org.finos.legend.engine.server.test.shared.Relational_DbSpecific_UsingPureClientTestSuite$2.runTest(Relational_DbSpecific_UsingPureClientTestSuite.java:90)
	at junit.framework.TestCase.runBare(TestCase.java:142)
	at junit.framework.TestResult$1.protect(TestResult.java:122)
	at junit.framework.TestResult.runProtected(TestResult.java:142)
	at junit.framework.TestResult.run(TestResult.java:125)
	at junit.framework.TestCase.run(TestCase.java:130)
	at junit.framework.TestSuite.runTest(TestSuite.java:241)
	at junit.framework.TestSuite.run(TestSuite.java:236)
	at junit.framework.TestSuite.runTest(TestSuite.java:241)
	at junit.framework.TestSuite.run(TestSuite.java:236)
	at junit.framework.TestSuite.runTest(TestSuite.java:241)
	at junit.framework.TestSuite.run(TestSuite.java:236)
	at junit.framework.TestSuite.runTest(TestSuite.java:241)
	at junit.framework.TestSuite.run(TestSuite.java:236)
	at junit.framework.TestSuite.runTest(TestSuite.java:241)
	at junit.framework.TestSuite.run(TestSuite.java:236)
	at junit.extensions.TestDecorator.basicRun(TestDecorator.java:24)
	at junit.extensions.TestSetup$1.protect(TestSetup.java:23)
	at junit.framework.TestResult.runProtected(TestResult.java:142)
	at junit.extensions.TestSetup.run(TestSetup.java:27)
	at org.junit.internal.runners.JUnit38ClassRunner.run(JUnit38ClassRunner.java:90)
	at org.apache.maven.surefire.junit4.JUnit4Provider.execute(JUnit4Provider.java:365)
	at org.apache.maven.surefire.junit4.JUnit4Provider.executeWithRerun(JUnit4Provider.java:273)
	at org.apache.maven.surefire.junit4.JUnit4Provider.executeTestSet(JUnit4Provider.java:238)
	at org.apache.maven.surefire.junit4.JUnit4Provider.invoke(JUnit4Provider.java:159)
	at org.apache.maven.surefire.booter.ForkedBooter.invokeProviderInSameClassLoader(ForkedBooter.java:384)
	at org.apache.maven.surefire.booter.ForkedBooter.runSuitesInProcess(ForkedBooter.java:345)
	at org.apache.maven.surefire.booter.ForkedBooter.execute(ForkedBooter.java:126)
	at org.apache.maven.surefire.booter.ForkedBooter.main(ForkedBooter.java:418)
]]></error>
    <system-out><![CDATA[Running db test selectSubClauses::orderBy::testDoubleSortDescChain
{"duration":0.0,"eventType":"EXECUTION_PLAN_EXEC_ERROR","info":{"code":-1,"message":"SnowflakeSQLException: SQL compilation error:\nObject 'PERSONTABLE' does not exist or not authorized.","status":"error","trace":"java.lang.RuntimeException: net.snowflake.client.jdbc.SnowflakeSQLException: SQL compilation error:\nObject 'PERSONTABLE' does not exist or not authorized.\n\tat org.finos.legend.engine.plan.execution.stores.relational.result.SQLExecutionResult.<init>(SQLExecutionResult.java:123)\n\tat org.finos.legend.engine.plan.execution.stores.relational.RelationalExecutor.execute(RelationalExecutor.java:241)\n\tat org.finos.legend.engine.plan.execution.stores.relational.plugin.RelationalExecutionNodeExecutor.visit(RelationalExecutionNodeExecutor.java:238)\n\tat org.finos.legend.engine.plan.execution.stores.relational.plugin.RelationalExecutionNodeExecutor.visit(RelationalExecutionNodeExecutor.java:252)\n\tat org.finos.legend.engine.plan.execution.stores.relational.plugin.RelationalExecutionNodeExecutor.visit(RelationalExecutionNodeExecutor.java:92)\n\tat org.finos.legend.engine.protocol.pure.v1.model.executionPlan.nodes.RelationalTdsInstantiationExecutionNode.accept(RelationalTdsInstantiationExecutionNode.java:22)\n\tat org.finos.legend.engine.plan.execution.stores.relational.RelationalExecutionExtension.lambda$getExtraNodeExecutors$fbe53481$1(RelationalExecutionExtension.java:50)\n\tat org.finos.legend.engine.plan.execution.nodes.ExecutionNodeExecutor.lambda$visit$0(ExecutionNodeExecutor.java:164)\n\tat java.base/java.util.stream.ReferencePipeline$3$1.accept(ReferencePipeline.java:195)\n\tat java.base/java.util.Spliterators$ArraySpliterator.tryAdvance(Spliterators.java:958)\n\tat java.base/java.util.stream.ReferencePipeline.forEachWithCancel(ReferencePipeline.java:127)\n\tat java.base/java.util.stream.AbstractPipeline.copyIntoWithCancel(AbstractPipeline.java:502)\n\tat java.base/java.util.stream.AbstractPipeline.copyInto(AbstractPipeline.java:488)\n\tat java.base/java.util.stream.AbstractPipeline.wrapAndCopyInto(AbstractPipeline.java:474)\n\tat java.base/java.util.stream.FindOps$FindOp.evaluateSequential(FindOps.java:150)\n\tat java.base/java.util.stream.AbstractPipeline.evaluate(AbstractPipeline.java:234)\n\tat java.base/java.util.stream.ReferencePipeline.findFirst(ReferencePipeline.java:543)\n\tat org.finos.legend.engine.plan.execution.nodes.ExecutionNodeExecutor.visit(ExecutionNodeExecutor.java:164)\n\tat org.finos.legend.engine.plan.execution.nodes.ExecutionNodeExecutor.visit(ExecutionNodeExecutor.java:107)\n\tat org.finos.legend.engine.protocol.pure.v1.model.executionPlan.nodes.RelationalTdsInstantiationExecutionNode.accept(RelationalTdsInstantiationExecutionNode.java:22)\n\tat org.finos.legend.engine.plan.execution.PlanExecutor.execute(PlanExecutor.java:238)\n\tat org.finos.legend.engine.plan.execution.PlanExecutor.execute(PlanExecutor.java:225)\n\tat org.finos.legend.engine.plan.execution.api.ExecutePlan.doExecutePlanLegacy(ExecutePlan.java:102)\n\tat org.finos.legend.engine.plan.execution.api.ExecutePlan.doExecutePlan(ExecutePlan.java:84)\n\tat org.finos.legend.engine.plan.execution.api.ExecutePlanLegacy.executePlan(ExecutePlanLegacy.java:56)\n\tat jdk.internal.reflect.GeneratedMethodAccessor100.invoke(Unknown Source)\n\tat java.base/jdk.internal.reflect.DelegatingMethodAccessorImpl.invoke(DelegatingMethodAccessorImpl.java:43)\n\tat java.base/java.lang.reflect.Method.invoke(Method.java:566)\n\tat org.glassfish.jersey.server.model.internal.ResourceMethodInvocationHandlerFactory$1.invoke(ResourceMethodInvocationHandlerFactory.java:81)\n\tat org.glassfish.jersey.server.model.internal.AbstractJavaResourceMethodDispatcher$1.run(AbstractJavaResourceMethodDispatcher.java:144)\n\tat org.glassfish.jersey.server.model.internal.AbstractJavaResourceMethodDispatcher.invoke(AbstractJavaResourceMethodDispatcher.java:161)\n\tat org.glassfish.jersey.server.model.internal.JavaResourceMethodDispatcherProvider$ResponseOutInvoker.doDispatch(JavaResourceMethodDispatcherProvider.java:160)\n\tat org.glassfish.jersey.server.model.internal.AbstractJavaResourceMethodDispatcher.dispatch(AbstractJavaResourceMethodDispatcher.java:99)\n\tat org.glassfish.jersey.server.model.ResourceMethodInvoker.invoke(ResourceMethodInvoker.java:389)\n\tat org.glassfish.jersey.server.model.ResourceMethodInvoker.apply(ResourceMethodInvoker.java:347)\n\tat org.glassfish.jersey.server.model.ResourceMethodInvoker.apply(ResourceMethodInvoker.java:102)\n\tat org.glassfish.jersey.server.ServerRuntime$2.run(ServerRuntime.java:326)\n\tat org.glassfish.jersey.internal.Errors$1.call(Errors.java:271)\n\tat org.glassfish.jersey.internal.Errors$1.call(Errors.java:267)\n\tat org.glassfish.jersey.internal.Errors.process(Errors.java:315)\n\tat org.glassfish.jersey.internal.Errors.process(Errors.java:297)\n\tat org.glassfish.jersey.internal.Errors.process(Errors.java:267)\n\tat org.glassfish.jersey.process.internal.RequestScope.runInScope(RequestScope.java:317)\n\tat org.glassfish.jersey.server.ServerRuntime.process(ServerRuntime.java:305)\n\tat org.glassfish.jersey.server.ApplicationHandler.handle(ApplicationHandler.java:1154)\n\tat org.glassfish.jersey.servlet.WebComponent.serviceImpl(WebComponent.java:473)\n\tat org.glassfish.jersey.servlet.WebComponent.service(WebComponent.java:427)\n\tat org.glassfish.jersey.servlet.ServletContainer.service(ServletContainer.java:388)\n\tat org.glassfish.jersey.servlet.ServletContainer.service(ServletContainer.java:341)\n\tat org.glassfish.jersey.servlet.ServletContainer.service(ServletContainer.java:228)\n\tat org.eclipse.jetty.servlet.ServletHolder.handle(ServletHolder.java:799)\n\tat org.eclipse.jetty.servlet.ServletHandler$ChainEnd.doFilter(ServletHandler.java:1631)\n\tat io.dropwizard.servlets.ThreadNameFilter.doFilter(ThreadNameFilter.java:35)\n\tat org.eclipse.jetty.servlet.FilterHolder.doFilter(FilterHolder.java:193)\n\tat org.eclipse.jetty.servlet.ServletHandler$Chain.doFilter(ServletHandler.java:1601)\n\tat io.dropwizard.jersey.filter.AllowedMethodsFilter.handle(AllowedMethodsFilter.java:45)\n\tat io.dropwizard.jersey.filter.AllowedMethodsFilter.doFilter(AllowedMethodsFilter.java:39)\n\tat org.eclipse.jetty.servlet.FilterHolder.doFilter(FilterHolder.java:193)\n\tat org.eclipse.jetty.servlet.ServletHandler$Chain.doFilter(ServletHandler.java:1601)\n\tat org.finos.legend.server.pac4j.internal.UsernameFilter.doFilter(UsernameFilter.java:51)\n\tat org.eclipse.jetty.servlet.FilterHolder.doFilter(FilterHolder.java:193)\n\tat org.eclipse.jetty.servlet.ServletHandler$Chain.doFilter(ServletHandler.java:1601)\n\tat org.pac4j.j2e.filter.SecurityFilter.lambda$internalFilter$0(SecurityFilter.java:95)\n\tat org.pac4j.core.engine.DefaultSecurityLogic.perform(DefaultSecurityLogic.java:140)\n\tat org.pac4j.j2e.filter.SecurityFilter.internalFilter(SecurityFilter.java:93)\n\tat org.pac4j.j2e.filter.AbstractConfigFilter.doFilter(AbstractConfigFilter.java:81)\n\tat org.eclipse.jetty.servlet.FilterHolder.doFilter(FilterHolder.java:193)\n\tat org.eclipse.jetty.servlet.ServletHandler$Chain.doFilter(ServletHandler.java:1601)\n\tat org.eclipse.jetty.servlet.ServletHandler.doHandle(ServletHandler.java:548)\n\tat org.eclipse.jetty.server.handler.ScopedHandler.nextHandle(ScopedHandler.java:233)\n\tat org.eclipse.jetty.server.session.SessionHandler.doHandle(SessionHandler.java:1624)\n\tat org.eclipse.jetty.server.handler.ScopedHandler.nextHandle(ScopedHandler.java:233)\n\tat org.eclipse.jetty.server.handler.ContextHandler.doHandle(ContextHandler.java:1434)\n\tat org.eclipse.jetty.server.handler.ScopedHandler.nextScope(ScopedHandler.java:188)\n\tat org.eclipse.jetty.servlet.ServletHandler.doScope(ServletHandler.java:501)\n\tat org.eclipse.jetty.server.session.SessionHandler.doScope(SessionHandler.java:1594)\n\tat org.eclipse.jetty.server.handler.ScopedHandler.nextScope(ScopedHandler.java:186)\n\tat org.eclipse.jetty.server.handler.ContextHandler.doScope(ContextHandler.java:1349)\n\tat org.eclipse.jetty.server.handler.ScopedHandler.handle(ScopedHandler.java:141)\n\tat org.eclipse.jetty.server.handler.HandlerWrapper.handle(HandlerWrapper.java:127)\n\tat com.codahale.metrics.jetty9.InstrumentedHandler.handle(InstrumentedHandler.java:313)\n\tat io.dropwizard.jetty.ContextRoutingHandler.handle(ContextRoutingHandler.java:37)\n\tat org.eclipse.jetty.server.handler.gzip.GzipHandler.handle(GzipHandler.java:713)\n\tat io.dropwizard.jetty.BiDiGzipHandler.handle(BiDiGzipHandler.java:67)\n\tat org.eclipse.jetty.server.handler.StatisticsHandler.handle(StatisticsHandler.java:179)\n\tat org.eclipse.jetty.server.handler.HandlerWrapper.handle(HandlerWrapper.java:127)\n\tat org.eclipse.jetty.server.Server.handle(Server.java:516)\n\tat org.eclipse.jetty.server.HttpChannel.lambda$handle$1(HttpChannel.java:400)\n\tat org.eclipse.jetty.server.HttpChannel.dispatch(HttpChannel.java:645)\n\tat org.eclipse.jetty.server.HttpChannel.handle(HttpChannel.java:392)\n\tat org.eclipse.jetty.server.HttpConnection.onFillable(HttpConnection.java:277)\n\tat org.eclipse.jetty.io.AbstractConnection$ReadCallback.succeeded(AbstractConnection.java:311)\n\tat org.eclipse.jetty.io.FillInterest.fillable(FillInterest.java:105)\n\tat org.eclipse.jetty.io.ChannelEndPoint$1.run(ChannelEndPoint.java:104)\n\tat org.eclipse.jetty.util.thread.strategy.EatWhatYouKill.runTask(EatWhatYouKill.java:338)\n\tat org.eclipse.jetty.util.thread.strategy.EatWhatYouKill.doProduce(EatWhatYouKill.java:315)\n\tat org.eclipse.jetty.util.thread.strategy.EatWhatYouKill.tryProduce(EatWhatYouKill.java:173)\n\tat org.eclipse.jetty.util.thread.strategy.EatWhatYouKill.run(EatWhatYouKill.java:131)\n\tat org.eclipse.jetty.util.thread.ReservedThreadExecutor$ReservedThread.run(ReservedThreadExecutor.java:409)\n\tat org.eclipse.jetty.util.thread.QueuedThreadPool.runJob(QueuedThreadPool.java:883)\n\tat org.eclipse.jetty.util.thread.QueuedThreadPool$Runner.run(QueuedThreadPool.java:1034)\n\tat java.base/java.lang.Thread.run(Thread.java:829)\nCaused by: net.snowflake.client.jdbc.SnowflakeSQLException: SQL compilation error:\nObject 'PERSONTABLE' does not exist or not authorized.\n\tat net.snowflake.client.jdbc.SnowflakeUtil.checkErrorAndThrowExceptionSub(SnowflakeUtil.java:127)\n\tat net.snowflake.client.jdbc.SnowflakeUtil.checkErrorAndThrowException(SnowflakeUtil.java:67)\n\tat net.snowflake.client.core.StmtUtil.pollForOutput(StmtUtil.java:442)\n\tat net.snowflake.client.core.StmtUtil.execute(StmtUtil.java:345)\n\tat net.snowflake.client.core.SFStatement.executeHelper(SFStatement.java:486)\n\tat net.snowflake.client.core.SFStatement.executeQueryInternal(SFStatement.java:197)\n\tat net.snowflake.client.core.SFStatement.executeQuery(SFStatement.java:134)\n\tat net.snowflake.client.core.SFStatement.execute(SFStatement.java:743)\n\tat net.snowflake.client.core.SFStatement.execute(SFStatement.java:639)\n\tat net.snowflake.client.jdbc.SnowflakeStatementV1.executeQueryInternal(SnowflakeStatementV1.java:238)\n\tat net.snowflake.client.jdbc.SnowflakeStatementV1.executeQuery(SnowflakeStatementV1.java:133)\n\tat com.zaxxer.hikari.pool.ProxyStatement.executeQuery(ProxyStatement.java:110)\n\tat com.zaxxer.hikari.pool.HikariProxyStatement.executeQuery(HikariProxyStatement.java)\n\tat org.finos.legend.engine.plan.execution.stores.relational.result.SQLExecutionResult.<init>(SQLExecutionResult.java:95)\n\t... 101 more\n"},"mode":"DEV","timeStamp":"2023-02-23 01:31:53.858","user":"_UNKNOWN_"}
| **selectSubClauses::orderBy::testDoubleSortDescChain** | failing :x: |
]]></system-out>
  </testcase>
  <testcase name="testDoubleSortDesc[Snowflake]" classname="org.finos.legend.engine.server.test.shared.Relational_DbSpecific_UsingPureClientTestSuite$2" time="0.208">
    <error message="Assert failure at (resource:/platform/pure/basics/tests/assertEq.pure line:34 column:5), &quot;500 &apos;{&quot;code&quot;:-1,&quot;message&quot;:&quot;SnowflakeSQLException: SQL compilation error:&#10;Object &apos;PERSONTABLE&apos; does not exist or not authorized.&quot;,&quot;status&quot;:&quot;error&quot;,&quot;trace&quot;:&quot;java.lang.RuntimeException: net.snowflake.client.jdbc.SnowflakeSQLException: SQL compilation error:&#10;Object &apos;PERSONTABLE&apos; does not exist or not authorized.&#10;at org.finos.legend.engine.plan.execution.stores.relational.result.SQLExecutionResult.&lt;init&gt;(SQLExecutionResult.java:123)&#10;at org.finos.legend.engine.plan.execution.stores.relational.RelationalExecutor.execute(RelationalExecutor.java:241)&#10;at org.finos.legend.engine.plan.execution.stores.relational.plugin.RelationalExecutionNodeExecutor.visit(RelationalExecutionNodeExecutor.java:238)&#10;at org.finos.legend.engine.plan.execution.stores.relational.plugin.RelationalExecutionNodeExecutor.visit(RelationalExecutionNodeExecutor.java:252)&#10;at org.finos.legend.engine.plan.execution.stores.relational.plugin.RelationalExecutionNodeExecutor.visit(RelationalExecutionNodeExecutor.java:92)&#10;at org.finos.legend.engine.protocol.pure.v1.model.executionPlan.nodes.RelationalTdsInstantiationExecutionNode.accept(RelationalTdsInstantiationExecutionNode.java:22)&#10;at org.finos.legend.engine.plan.execution.stores.relational.RelationalExecutionExtension.lambda$getExtraNodeExecutors$fbe53481$1(RelationalExecutionExtension.java:50)&#10;at org.finos.legend.engine.plan.execution.nodes.ExecutionNodeExecutor.lambda$visit$0(ExecutionNodeExecutor.java:164)&#10;at java.base/java.util.stream.ReferencePipeline$3$1.accept(ReferencePipeline.java:195)&#10;at java.base/java.util.Spliterators$ArraySpliterator.tryAdvance(Spliterators.java:958)&#10;at java.base/java.util.stream.ReferencePipeline.forEachWithCancel(ReferencePipeline.java:127)&#10;at java.base/java.util.stream.AbstractPipeline.copyIntoWithCancel(AbstractPipeline.java:502)&#10;at java.base/java.util.stream.AbstractPipeline.copyInto(AbstractPipeline.java:488)&#10;at java.base/java.util.stream.AbstractPipeline.wrapAndCopyInto(AbstractPipeline.java:474)&#10;at java.base/java.util.stream.FindOps$FindOp.evaluateSequential(FindOps.java:150)&#10;at java.base/java.util.stream.AbstractPipeline.evaluate(AbstractPipeline.java:234)&#10;at java.base/java.util.stream.ReferencePipeline.findFirst(ReferencePipeline.java:543)&#10;at org.finos.legend.engine.plan.execution.nodes.ExecutionNodeExecutor.visit(ExecutionNodeExecutor.java:164)&#10;at org.finos.legend.engine.plan.execution.nodes.ExecutionNodeExecutor.visit(ExecutionNodeExecutor.java:107)&#10;at org.finos.legend.engine.protocol.pure.v1.model.executionPlan.nodes.RelationalTdsInstantiationExecutionNode.accept(RelationalTdsInstantiationExecutionNode.java:22)&#10;at org.finos.legend.engine.plan.execution.PlanExecutor.execute(PlanExecutor.java:238)&#10;at org.finos.legend.engine.plan.execution.PlanExecutor.execute(PlanExecutor.java:225)&#10;at org.finos.legend.engine.plan.execution.api.ExecutePlan.doExecutePlanLegacy(ExecutePlan.java:102)&#10;at org.finos.legend.engine.plan.execution.api.ExecutePlan.doExecutePlan(ExecutePlan.java:84)&#10;at org.finos.legend.engine.plan.execution.api.ExecutePlanLegacy.executePlan(ExecutePlanLegacy.java:56)&#10;at jdk.internal.reflect.GeneratedMethodAccessor100.invoke(Unknown Source)&#10;at java.base/jdk.internal.reflect.DelegatingMethodAccessorImpl.invoke(DelegatingMethodAccessorImpl.java:43)&#10;at java.base/java.lang.reflect.Method.invoke(Method.java:566)&#10;at org.glassfish.jersey.server.model.internal.ResourceMethodInvocationHandlerFactory$1.invoke(ResourceMethodInvocationHandlerFactory.java:81)&#10;at org.glassfish.jersey.server.model.internal.AbstractJavaResourceMethodDispatcher$1.run(AbstractJavaResourceMethodDispatcher.java:144)&#10;at org.glassfish.jersey.server.model.internal.AbstractJavaResourceMethodDispatcher.invoke(AbstractJavaResourceMethodDispatcher.java:161)&#10;at org.glassfish.jersey.server.model.internal.JavaResourceMethodDispatcherProvider$ResponseOutInvoker.doDispatch(JavaResourceMethodDispatcherProvider.java:160)&#10;at org.glassfish.jersey.server.model.internal.AbstractJavaResourceMethodDispatcher.dispatch(AbstractJavaResourceMethodDispatcher.java:99)&#10;at org.glassfish.jersey.server.model.ResourceMethodInvoker.invoke(ResourceMethodInvoker.java:389)&#10;at org.glassfish.jersey.server.model.ResourceMethodInvoker.apply(ResourceMethodInvoker.java:347)&#10;at org.glassfish.jersey.server.model.ResourceMethodInvoker.apply(ResourceMethodInvoker.java:102)&#10;at org.glassfish.jersey.server.ServerRuntime$2.run(ServerRuntime.java:326)&#10;at org.glassfish.jersey.internal.Errors$1.call(Errors.java:271)&#10;at org.glassfish.jersey.internal.Errors$1.call(Errors.java:267)&#10;at org.glassfish.jersey.internal.Errors.process(Errors.java:315)&#10;at org.glassfish.jersey.internal.Errors.process(Errors.java:297)&#10;at org.glassfish.jersey.internal.Errors.process(Errors.java:267)&#10;at org.glassfish.jersey.process.internal.RequestScope.runInScope(RequestScope.java:317)&#10;at org.glassfish.jersey.server.ServerRuntime.process(ServerRuntime.java:305)&#10;at org.glassfish.jersey.server.ApplicationHandler.handle(ApplicationHandler.java:1154)&#10;at org.glassfish.jersey.servlet.WebComponent.serviceImpl(WebComponent.java:473)&#10;at org.glassfish.jersey.servlet.WebComponent.service(WebComponent.java:427)&#10;at org.glassfish.jersey.servlet.ServletContainer.service(ServletContainer.java:388)&#10;at org.glassfish.jersey.servlet.ServletContainer.service(ServletContainer.java:341)&#10;at org.glassfish.jersey.servlet.ServletContainer.service(ServletContainer.java:228)&#10;at org.eclipse.jetty.servlet.ServletHolder.handle(ServletHolder.java:799)&#10;at org.eclipse.jetty.servlet.ServletHandler$ChainEnd.doFilter(ServletHandler.java:1631)&#10;at io.dropwizard.servlets.ThreadNameFilter.doFilter(ThreadNameFilter.java:35)&#10;at org.eclipse.jetty.servlet.FilterHolder.doFilter(FilterHolder.java:193)&#10;at org.eclipse.jetty.servlet.ServletHandler$Chain.doFilter(ServletHandler.java:1601)&#10;at io.dropwizard.jersey.filter.AllowedMethodsFilter.handle(AllowedMethodsFilter.java:45)&#10;at io.dropwizard.jersey.filter.AllowedMethodsFilter.doFilter(AllowedMethodsFilter.java:39)&#10;at org.eclipse.jetty.servlet.FilterHolder.doFilter(FilterHolder.java:193)&#10;at org.eclipse.jetty.servlet.ServletHandler$Chain.doFilter(ServletHandler.java:1601)&#10;at org.finos.legend.server.pac4j.internal.UsernameFilter.doFilter(UsernameFilter.java:51)&#10;at org.eclipse.jetty.servlet.FilterHolder.doFilter(FilterHolder.java:193)&#10;at org.eclipse.jetty.servlet.ServletHandler$Chain.doFilter(ServletHandler.java:1601)&#10;at org.pac4j.j2e.filter.SecurityFilter.lambda$internalFilter$0(SecurityFilter.java:95)&#10;at org.pac4j.core.engine.DefaultSecurityLogic.perform(DefaultSecurityLogic.java:140)&#10;at org.pac4j.j2e.filter.SecurityFilter.internalFilter(SecurityFilter.java:93)&#10;at org.pac4j.j2e.filter.AbstractConfigFilter.doFilter(AbstractConfigFilter.java:81)&#10;at org.eclipse.jetty.servlet.FilterHolder.doFilter(FilterHolder.java:193)&#10;at org.eclipse.jetty.servlet.ServletHandler$Chain.doFilter(ServletHandler.java:1601)&#10;at org.eclipse.jetty.servlet.ServletHandler.doHandle(ServletHandler.java:548)&#10;at org.eclipse.jetty.server.handler.ScopedHandler.nextHandle(ScopedHandler.java:233)&#10;at org.eclipse.jetty.server.session.SessionHandler.doHandle(SessionHandler.java:1624)&#10;at org.eclipse.jetty.server.handler.ScopedHandler.nextHandle(ScopedHandler.java:233)&#10;at org.eclipse.jetty.server.handler.ContextHandler.doHandle(ContextHandler.java:1434)&#10;at org.eclipse.jetty.server.handler.ScopedHandler.nextScope(ScopedHandler.java:188)&#10;at org.eclipse.jetty.servlet.ServletHandler.doScope(ServletHandler.java:501)&#10;at org.eclipse.jetty.server.session.SessionHandler.doScope(SessionHandler.java:1594)&#10;at org.eclipse.jetty.server.handler.ScopedHandler.nextScope(ScopedHandler.java:186)&#10;at org.eclipse.jetty.server.handler.ContextHandler.doScope(ContextHandler.java:1349)&#10;at org.eclipse.jetty.server.handler.ScopedHandler.handle(ScopedHandler.java:141)&#10;at org.eclipse.jetty.server.handler.HandlerWrapper.handle(HandlerWrapper.java:127)&#10;at com.codahale.metrics.jetty9.InstrumentedHandler.handle(InstrumentedHandler.java:313)&#10;at io.dropwizard.jetty.ContextRoutingHandler.handle(ContextRoutingHandler.java:37)&#10;at org.eclipse.jetty.server.handler.gzip.GzipHandler.handle(GzipHandler.java:713)&#10;at io.dropwizard.jetty.BiDiGzipHandler.handle(BiDiGzipHandler.java:67)&#10;at org.eclipse.jetty.server.handler.StatisticsHandler.handle(StatisticsHandler.java:179)&#10;at org.eclipse.jetty.server.handler.HandlerWrapper.handle(HandlerWrapper.java:127)&#10;at org.eclipse.jetty.server.Server.handle(Server.java:516)&#10;at org.eclipse.jetty.server.HttpChannel.lambda$handle$1(HttpChannel.java:400)&#10;at org.eclipse.jetty.server.HttpChannel.dispatch(HttpChannel.java:645)&#10;at org.eclipse.jetty.server.HttpChannel.handle(HttpChannel.java:392)&#10;at org.eclipse.jetty.server.HttpConnection.onFillable(HttpConnection.java:277)&#10;at org.eclipse.jetty.io.AbstractConnection$ReadCallback.succeeded(AbstractConnection.java:311)&#10;at org.eclipse.jetty.io.FillInterest.fillable(FillInterest.java:105)&#10;at org.eclipse.jetty.io.ChannelEndPoint$1.run(ChannelEndPoint.java:104)&#10;at org.eclipse.jetty.util.thread.strategy.EatWhatYouKill.runTask(EatWhatYouKill.java:338)&#10;at org.eclipse.jetty.util.thread.strategy.EatWhatYouKill.doProduce(EatWhatYouKill.java:315)&#10;at org.eclipse.jetty.util.thread.strategy.EatWhatYouKill.tryProduce(EatWhatYouKill.java:173)&#10;at org.eclipse.jetty.util.thread.strategy.EatWhatYouKill.run(EatWhatYouKill.java:131)&#10;at org.eclipse.jetty.util.thread.ReservedThreadExecutor$ReservedThread.run(ReservedThreadExecutor.java:409)&#10;at org.eclipse.jetty.util.thread.QueuedThreadPool.runJob(QueuedThreadPool.java:883)&#10;at org.eclipse.jetty.util.thread.QueuedThreadPool$Runner.run(QueuedThreadPool.java:1034)&#10;at java.base/java.lang.Thread.run(Thread.java:829)&#10;Caused by: net.snowflake.client.jdbc.SnowflakeSQLException: SQL compilation error:&#10;Object &apos;PERSONTABLE&apos; does not exist or not authorized.&#10;at net.snowflake.client.jdbc.SnowflakeUtil.checkErrorAndThrowExceptionSub(SnowflakeUtil.java:127)&#10;at net.snowflake.client.jdbc.SnowflakeUtil.checkErrorAndThrowException(SnowflakeUtil.java:67)&#10;at net.snowflake.client.core.StmtUtil.pollForOutput(StmtUtil.java:442)&#10;at net.snowflake.client.core.StmtUtil.execute(StmtUtil.java:345)&#10;at net.snowflake.client.core.SFStatement.executeHelper(SFStatement.java:486)&#10;at net.snowflake.client.core.SFStatement.executeQueryInternal(SFStatement.java:197)&#10;at net.snowflake.client.core.SFStatement.executeQuery(SFStatement.java:134)&#10;at net.snowflake.client.core.SFStatement.execute(SFStatement.java:743)&#10;at net.snowflake.client.core.SFStatement.execute(SFStatement.java:639)&#10;at net.snowflake.client.jdbc.SnowflakeStatementV1.executeQueryInternal(SnowflakeStatementV1.java:238)&#10;at net.snowflake.client.jdbc.SnowflakeStatementV1.executeQuery(SnowflakeStatementV1.java:133)&#10;at com.zaxxer.hikari.pool.ProxyStatement.executeQuery(ProxyStatement.java:110)&#10;at com.zaxxer.hikari.pool.HikariProxyStatement.executeQuery(HikariProxyStatement.java)&#10;at org.finos.legend.engine.plan.execution.stores.relational.result.SQLExecutionResult.&lt;init&gt;(SQLExecutionResult.java:95)&#10;... 101 more&#10;&quot;}&apos;&quot;" type="Assert failure at (resource"><![CDATA[Assert failure at (resource:/platform/pure/basics/tests/assertEq.pure line:34 column:5), "500 '{"code":-1,"message":"SnowflakeSQLException: SQL compilation error:
Object 'PERSONTABLE' does not exist or not authorized.","status":"error","trace":"java.lang.RuntimeException: net.snowflake.client.jdbc.SnowflakeSQLException: SQL compilation error:
Object 'PERSONTABLE' does not exist or not authorized.
at org.finos.legend.engine.plan.execution.stores.relational.result.SQLExecutionResult.<init>(SQLExecutionResult.java:123)
at org.finos.legend.engine.plan.execution.stores.relational.RelationalExecutor.execute(RelationalExecutor.java:241)
at org.finos.legend.engine.plan.execution.stores.relational.plugin.RelationalExecutionNodeExecutor.visit(RelationalExecutionNodeExecutor.java:238)
at org.finos.legend.engine.plan.execution.stores.relational.plugin.RelationalExecutionNodeExecutor.visit(RelationalExecutionNodeExecutor.java:252)
at org.finos.legend.engine.plan.execution.stores.relational.plugin.RelationalExecutionNodeExecutor.visit(RelationalExecutionNodeExecutor.java:92)
at org.finos.legend.engine.protocol.pure.v1.model.executionPlan.nodes.RelationalTdsInstantiationExecutionNode.accept(RelationalTdsInstantiationExecutionNode.java:22)
at org.finos.legend.engine.plan.execution.stores.relational.RelationalExecutionExtension.lambda$getExtraNodeExecutors$fbe53481$1(RelationalExecutionExtension.java:50)
at org.finos.legend.engine.plan.execution.nodes.ExecutionNodeExecutor.lambda$visit$0(ExecutionNodeExecutor.java:164)
at java.base/java.util.stream.ReferencePipeline$3$1.accept(ReferencePipeline.java:195)
at java.base/java.util.Spliterators$ArraySpliterator.tryAdvance(Spliterators.java:958)
at java.base/java.util.stream.ReferencePipeline.forEachWithCancel(ReferencePipeline.java:127)
at java.base/java.util.stream.AbstractPipeline.copyIntoWithCancel(AbstractPipeline.java:502)
at java.base/java.util.stream.AbstractPipeline.copyInto(AbstractPipeline.java:488)
at java.base/java.util.stream.AbstractPipeline.wrapAndCopyInto(AbstractPipeline.java:474)
at java.base/java.util.stream.FindOps$FindOp.evaluateSequential(FindOps.java:150)
at java.base/java.util.stream.AbstractPipeline.evaluate(AbstractPipeline.java:234)
at java.base/java.util.stream.ReferencePipeline.findFirst(ReferencePipeline.java:543)
at org.finos.legend.engine.plan.execution.nodes.ExecutionNodeExecutor.visit(ExecutionNodeExecutor.java:164)
at org.finos.legend.engine.plan.execution.nodes.ExecutionNodeExecutor.visit(ExecutionNodeExecutor.java:107)
at org.finos.legend.engine.protocol.pure.v1.model.executionPlan.nodes.RelationalTdsInstantiationExecutionNode.accept(RelationalTdsInstantiationExecutionNode.java:22)
at org.finos.legend.engine.plan.execution.PlanExecutor.execute(PlanExecutor.java:238)
at org.finos.legend.engine.plan.execution.PlanExecutor.execute(PlanExecutor.java:225)
at org.finos.legend.engine.plan.execution.api.ExecutePlan.doExecutePlanLegacy(ExecutePlan.java:102)
at org.finos.legend.engine.plan.execution.api.ExecutePlan.doExecutePlan(ExecutePlan.java:84)
at org.finos.legend.engine.plan.execution.api.ExecutePlanLegacy.executePlan(ExecutePlanLegacy.java:56)
at jdk.internal.reflect.GeneratedMethodAccessor100.invoke(Unknown Source)
at java.base/jdk.internal.reflect.DelegatingMethodAccessorImpl.invoke(DelegatingMethodAccessorImpl.java:43)
at java.base/java.lang.reflect.Method.invoke(Method.java:566)
at org.glassfish.jersey.server.model.internal.ResourceMethodInvocationHandlerFactory$1.invoke(ResourceMethodInvocationHandlerFactory.java:81)
at org.glassfish.jersey.server.model.internal.AbstractJavaResourceMethodDispatcher$1.run(AbstractJavaResourceMethodDispatcher.java:144)
at org.glassfish.jersey.server.model.internal.AbstractJavaResourceMethodDispatcher.invoke(AbstractJavaResourceMethodDispatcher.java:161)
at org.glassfish.jersey.server.model.internal.JavaResourceMethodDispatcherProvider$ResponseOutInvoker.doDispatch(JavaResourceMethodDispatcherProvider.java:160)
at org.glassfish.jersey.server.model.internal.AbstractJavaResourceMethodDispatcher.dispatch(AbstractJavaResourceMethodDispatcher.java:99)
at org.glassfish.jersey.server.model.ResourceMethodInvoker.invoke(ResourceMethodInvoker.java:389)
at org.glassfish.jersey.server.model.ResourceMethodInvoker.apply(ResourceMethodInvoker.java:347)
at org.glassfish.jersey.server.model.ResourceMethodInvoker.apply(ResourceMethodInvoker.java:102)
at org.glassfish.jersey.server.ServerRuntime$2.run(ServerRuntime.java:326)
at org.glassfish.jersey.internal.Errors$1.call(Errors.java:271)
at org.glassfish.jersey.internal.Errors$1.call(Errors.java:267)
at org.glassfish.jersey.internal.Errors.process(Errors.java:315)
at org.glassfish.jersey.internal.Errors.process(Errors.java:297)
at org.glassfish.jersey.internal.Errors.process(Errors.java:267)
at org.glassfish.jersey.process.internal.RequestScope.runInScope(RequestScope.java:317)
at org.glassfish.jersey.server.ServerRuntime.process(ServerRuntime.java:305)
at org.glassfish.jersey.server.ApplicationHandler.handle(ApplicationHandler.java:1154)
at org.glassfish.jersey.servlet.WebComponent.serviceImpl(WebComponent.java:473)
at org.glassfish.jersey.servlet.WebComponent.service(WebComponent.java:427)
at org.glassfish.jersey.servlet.ServletContainer.service(ServletContainer.java:388)
at org.glassfish.jersey.servlet.ServletContainer.service(ServletContainer.java:341)
at org.glassfish.jersey.servlet.ServletContainer.service(ServletContainer.java:228)
at org.eclipse.jetty.servlet.ServletHolder.handle(ServletHolder.java:799)
at org.eclipse.jetty.servlet.ServletHandler$ChainEnd.doFilter(ServletHandler.java:1631)
at io.dropwizard.servlets.ThreadNameFilter.doFilter(ThreadNameFilter.java:35)
at org.eclipse.jetty.servlet.FilterHolder.doFilter(FilterHolder.java:193)
at org.eclipse.jetty.servlet.ServletHandler$Chain.doFilter(ServletHandler.java:1601)
at io.dropwizard.jersey.filter.AllowedMethodsFilter.handle(AllowedMethodsFilter.java:45)
at io.dropwizard.jersey.filter.AllowedMethodsFilter.doFilter(AllowedMethodsFilter.java:39)
at org.eclipse.jetty.servlet.FilterHolder.doFilter(FilterHolder.java:193)
at org.eclipse.jetty.servlet.ServletHandler$Chain.doFilter(ServletHandler.java:1601)
at org.finos.legend.server.pac4j.internal.UsernameFilter.doFilter(UsernameFilter.java:51)
at org.eclipse.jetty.servlet.FilterHolder.doFilter(FilterHolder.java:193)
at org.eclipse.jetty.servlet.ServletHandler$Chain.doFilter(ServletHandler.java:1601)
at org.pac4j.j2e.filter.SecurityFilter.lambda$internalFilter$0(SecurityFilter.java:95)
at org.pac4j.core.engine.DefaultSecurityLogic.perform(DefaultSecurityLogic.java:140)
at org.pac4j.j2e.filter.SecurityFilter.internalFilter(SecurityFilter.java:93)
at org.pac4j.j2e.filter.AbstractConfigFilter.doFilter(AbstractConfigFilter.java:81)
at org.eclipse.jetty.servlet.FilterHolder.doFilter(FilterHolder.java:193)
at org.eclipse.jetty.servlet.ServletHandler$Chain.doFilter(ServletHandler.java:1601)
at org.eclipse.jetty.servlet.ServletHandler.doHandle(ServletHandler.java:548)
at org.eclipse.jetty.server.handler.ScopedHandler.nextHandle(ScopedHandler.java:233)
at org.eclipse.jetty.server.session.SessionHandler.doHandle(SessionHandler.java:1624)
at org.eclipse.jetty.server.handler.ScopedHandler.nextHandle(ScopedHandler.java:233)
at org.eclipse.jetty.server.handler.ContextHandler.doHandle(ContextHandler.java:1434)
at org.eclipse.jetty.server.handler.ScopedHandler.nextScope(ScopedHandler.java:188)
at org.eclipse.jetty.servlet.ServletHandler.doScope(ServletHandler.java:501)
at org.eclipse.jetty.server.session.SessionHandler.doScope(SessionHandler.java:1594)
at org.eclipse.jetty.server.handler.ScopedHandler.nextScope(ScopedHandler.java:186)
at org.eclipse.jetty.server.handler.ContextHandler.doScope(ContextHandler.java:1349)
at org.eclipse.jetty.server.handler.ScopedHandler.handle(ScopedHandler.java:141)
at org.eclipse.jetty.server.handler.HandlerWrapper.handle(HandlerWrapper.java:127)
at com.codahale.metrics.jetty9.InstrumentedHandler.handle(InstrumentedHandler.java:313)
at io.dropwizard.jetty.ContextRoutingHandler.handle(ContextRoutingHandler.java:37)
at org.eclipse.jetty.server.handler.gzip.GzipHandler.handle(GzipHandler.java:713)
at io.dropwizard.jetty.BiDiGzipHandler.handle(BiDiGzipHandler.java:67)
at org.eclipse.jetty.server.handler.StatisticsHandler.handle(StatisticsHandler.java:179)
at org.eclipse.jetty.server.handler.HandlerWrapper.handle(HandlerWrapper.java:127)
at org.eclipse.jetty.server.Server.handle(Server.java:516)
at org.eclipse.jetty.server.HttpChannel.lambda$handle$1(HttpChannel.java:400)
at org.eclipse.jetty.server.HttpChannel.dispatch(HttpChannel.java:645)
at org.eclipse.jetty.server.HttpChannel.handle(HttpChannel.java:392)
at org.eclipse.jetty.server.HttpConnection.onFillable(HttpConnection.java:277)
at org.eclipse.jetty.io.AbstractConnection$ReadCallback.succeeded(AbstractConnection.java:311)
at org.eclipse.jetty.io.FillInterest.fillable(FillInterest.java:105)
at org.eclipse.jetty.io.ChannelEndPoint$1.run(ChannelEndPoint.java:104)
at org.eclipse.jetty.util.thread.strategy.EatWhatYouKill.runTask(EatWhatYouKill.java:338)
at org.eclipse.jetty.util.thread.strategy.EatWhatYouKill.doProduce(EatWhatYouKill.java:315)
at org.eclipse.jetty.util.thread.strategy.EatWhatYouKill.tryProduce(EatWhatYouKill.java:173)
at org.eclipse.jetty.util.thread.strategy.EatWhatYouKill.run(EatWhatYouKill.java:131)
at org.eclipse.jetty.util.thread.ReservedThreadExecutor$ReservedThread.run(ReservedThreadExecutor.java:409)
at org.eclipse.jetty.util.thread.QueuedThreadPool.runJob(QueuedThreadPool.java:883)
at org.eclipse.jetty.util.thread.QueuedThreadPool$Runner.run(QueuedThreadPool.java:1034)
at java.base/java.lang.Thread.run(Thread.java:829)
Caused by: net.snowflake.client.jdbc.SnowflakeSQLException: SQL compilation error:
Object 'PERSONTABLE' does not exist or not authorized.
at net.snowflake.client.jdbc.SnowflakeUtil.checkErrorAndThrowExceptionSub(SnowflakeUtil.java:127)
at net.snowflake.client.jdbc.SnowflakeUtil.checkErrorAndThrowException(SnowflakeUtil.java:67)
at net.snowflake.client.core.StmtUtil.pollForOutput(StmtUtil.java:442)
at net.snowflake.client.core.StmtUtil.execute(StmtUtil.java:345)
at net.snowflake.client.core.SFStatement.executeHelper(SFStatement.java:486)
at net.snowflake.client.core.SFStatement.executeQueryInternal(SFStatement.java:197)
at net.snowflake.client.core.SFStatement.executeQuery(SFStatement.java:134)
at net.snowflake.client.core.SFStatement.execute(SFStatement.java:743)
at net.snowflake.client.core.SFStatement.execute(SFStatement.java:639)
at net.snowflake.client.jdbc.SnowflakeStatementV1.executeQueryInternal(SnowflakeStatementV1.java:238)
at net.snowflake.client.jdbc.SnowflakeStatementV1.executeQuery(SnowflakeStatementV1.java:133)
at com.zaxxer.hikari.pool.ProxyStatement.executeQuery(ProxyStatement.java:110)
at com.zaxxer.hikari.pool.HikariProxyStatement.executeQuery(HikariProxyStatement.java)
at org.finos.legend.engine.plan.execution.stores.relational.result.SQLExecutionResult.<init>(SQLExecutionResult.java:95)
... 101 more
"}'"
	at org.finos.legend.pure.runtime.java.compiled.generation.processors.support.CompiledSupport.pureAssert(CompiledSupport.java:1994)
	at org.finos.legend.pure.generated.platform_pure_basics_tests_assertEq.Root_meta_pure_functions_asserts_assertEq_Any_1__Any_1__Function_1__Boolean_1_(platform_pure_basics_tests_assertEq.java:44)
	at org.finos.legend.pure.generated.core_pure_protocol_vX_X_X_invocations_execution.Root_meta_protocols_pure_vX_X_X_invocation_execution_execute_executePlan_String_1__String_1__Integer_1__String_1_(core_pure_protocol_vX_X_X_invocations_execution.java:751)
	at org.finos.legend.pure.generated.core_pure_protocol_vX_X_X_invocations_execution.Root_meta_protocols_pure_vX_X_X_invocation_execution_execute_executePlan_ExecutionPlan_1__String_1__Integer_1__Extension_MANY__String_1_(core_pure_protocol_vX_X_X_invocations_execution.java:745)
	at org.finos.legend.pure.generated.core_pure_protocol_vX_X_X_invocations_execution.Root_meta_protocols_pure_vX_X_X_invocation_execution_execute_executePlan_ExecutionPlan_1__ExecutionContext_$0_1$__String_1__Integer_1__Extension_MANY__Result_1_(core_pure_protocol_vX_X_X_invocations_execution.java:738)
	at jdk.internal.reflect.GeneratedMethodAccessor96.invoke(Unknown Source)
	at java.base/jdk.internal.reflect.DelegatingMethodAccessorImpl.invoke(DelegatingMethodAccessorImpl.java:43)
	at java.base/java.lang.reflect.Method.invoke(Method.java:566)
	at org.finos.legend.pure.runtime.java.compiled.metadata.JavaMethodWithParamsSharedPureFunction.execute(JavaMethodWithParamsSharedPureFunction.java:59)
	at org.finos.legend.pure.runtime.java.compiled.generation.processors.support.Pure._evaluateToMany(Pure.java:546)
	at org.finos.legend.pure.generated.CoreGen.evaluateToMany(CoreGen.java:147)
	at org.finos.legend.pure.generated.CoreGen.evaluateToMany(CoreGen.java:134)
	at org.finos.legend.pure.generated.core_pure_router_router_entry$9$1.value(core_pure_router_router_entry.java:318)
	at org.finos.legend.pure.generated.core_pure_router_router_entry$9$1.execute(core_pure_router_router_entry.java:311)
	at org.finos.legend.pure.generated.core_pure_router_router_entry$9$1.execute(core_pure_router_router_entry.java:307)
	at org.finos.legend.pure.runtime.java.compiled.generation.processors.support.Pure.evaluate(Pure.java:485)
	at org.finos.legend.pure.runtime.java.compiled.generation.processors.support.Pure.legendTest(Pure.java:216)
	at org.finos.legend.pure.generated.CoreGen.legendTest(CoreGen.java:61)
	at org.finos.legend.pure.generated.core_pure_router_router_entry$9.valueOf(core_pure_router_router_entry.java:303)
	at org.finos.legend.pure.generated.core_pure_router_router_entry$9.execute(core_pure_router_router_entry.java:298)
	at org.finos.legend.pure.generated.core_pure_router_router_entry$9.execute(core_pure_router_router_entry.java:294)
	at org.finos.legend.pure.runtime.java.compiled.generation.processors.support.Pure.evaluate(Pure.java:485)
	at org.finos.legend.pure.runtime.java.compiled.generation.processors.support.Pure.traceSpan(Pure.java:1482)
	at org.finos.legend.pure.generated.CoreGen.traceSpan(CoreGen.java:203)
	at org.finos.legend.pure.generated.core_pure_router_router_entry.Root_meta_pure_router_executePlan_ExecutionPlan_1__ExecutionContext_1__Extension_MANY__Result_$0_1$_(core_pure_router_router_entry.java:290)
	at org.finos.legend.pure.generated.core_pure_router_router_entry.Root_meta_pure_router_executePlan_ExecutionPlan_1__Extension_MANY__Result_$0_1$_(core_pure_router_router_entry.java:285)
	at org.finos.legend.pure.generated.core_relational_relational_sqlQueryToString_dbTestRunner_executionPlanTestRunner$19.execute(core_relational_relational_sqlQueryToString_dbTestRunner_executionPlanTestRunner.java:305)
	at org.finos.legend.pure.generated.core_relational_relational_sqlQueryToString_dbTestRunner_executionPlanTestRunner.Root_meta_relational_dbTestRunner_executeViaPlan_FunctionDefinition_1__Mapping_1__Database_1__DbTestConfig_1__Extension_MANY__Result_$0_1$_(core_relational_relational_sqlQueryToString_dbTestRunner_executionPlanTestRunner.java:309)
	at org.finos.legend.pure.generated.core_relational_relational_sqlQueryToString_testSuite_selectSubClauses_orderBy.Root_meta_relational_tests_dbSpecificTests_sqlQueryTests_selectSubClauses_orderBy_testDoubleSortDesc_DbTestConfig_1__Boolean_1_(core_relational_relational_sqlQueryToString_testSuite_selectSubClauses_orderBy.java:592)
	at java.base/jdk.internal.reflect.NativeMethodAccessorImpl.invoke0(Native Method)
	at java.base/jdk.internal.reflect.NativeMethodAccessorImpl.invoke(NativeMethodAccessorImpl.java:62)
	at java.base/jdk.internal.reflect.DelegatingMethodAccessorImpl.invoke(DelegatingMethodAccessorImpl.java:43)
	at java.base/java.lang.reflect.Method.invoke(Method.java:566)
	at org.finos.legend.pure.runtime.java.compiled.testHelper.PureTestBuilderCompiled.executeFn(PureTestBuilderCompiled.java:113)
	at org.finos.legend.pure.runtime.java.compiled.testHelper.PureTestBuilderCompiled.lambda$buildSuite$0(PureTestBuilderCompiled.java:79)
	at org.finos.legend.pure.m3.execution.test.PureTestBuilder$PureTestCase.runTest(PureTestBuilder.java:95)
	at junit.framework.TestCase.runBare(TestCase.java:142)
	at org.finos.legend.engine.server.test.shared.Relational_DbSpecific_UsingPureClientTestSuite$2.runTest(Relational_DbSpecific_UsingPureClientTestSuite.java:90)
	at junit.framework.TestCase.runBare(TestCase.java:142)
	at junit.framework.TestResult$1.protect(TestResult.java:122)
	at junit.framework.TestResult.runProtected(TestResult.java:142)
	at junit.framework.TestResult.run(TestResult.java:125)
	at junit.framework.TestCase.run(TestCase.java:130)
	at junit.framework.TestSuite.runTest(TestSuite.java:241)
	at junit.framework.TestSuite.run(TestSuite.java:236)
	at junit.framework.TestSuite.runTest(TestSuite.java:241)
	at junit.framework.TestSuite.run(TestSuite.java:236)
	at junit.framework.TestSuite.runTest(TestSuite.java:241)
	at junit.framework.TestSuite.run(TestSuite.java:236)
	at junit.framework.TestSuite.runTest(TestSuite.java:241)
	at junit.framework.TestSuite.run(TestSuite.java:236)
	at junit.framework.TestSuite.runTest(TestSuite.java:241)
	at junit.framework.TestSuite.run(TestSuite.java:236)
	at junit.extensions.TestDecorator.basicRun(TestDecorator.java:24)
	at junit.extensions.TestSetup$1.protect(TestSetup.java:23)
	at junit.framework.TestResult.runProtected(TestResult.java:142)
	at junit.extensions.TestSetup.run(TestSetup.java:27)
	at org.junit.internal.runners.JUnit38ClassRunner.run(JUnit38ClassRunner.java:90)
	at org.apache.maven.surefire.junit4.JUnit4Provider.execute(JUnit4Provider.java:365)
	at org.apache.maven.surefire.junit4.JUnit4Provider.executeWithRerun(JUnit4Provider.java:273)
	at org.apache.maven.surefire.junit4.JUnit4Provider.executeTestSet(JUnit4Provider.java:238)
	at org.apache.maven.surefire.junit4.JUnit4Provider.invoke(JUnit4Provider.java:159)
	at org.apache.maven.surefire.booter.ForkedBooter.invokeProviderInSameClassLoader(ForkedBooter.java:384)
	at org.apache.maven.surefire.booter.ForkedBooter.runSuitesInProcess(ForkedBooter.java:345)
	at org.apache.maven.surefire.booter.ForkedBooter.execute(ForkedBooter.java:126)
	at org.apache.maven.surefire.booter.ForkedBooter.main(ForkedBooter.java:418)
]]></error>
    <system-out><![CDATA[Running db test selectSubClauses::orderBy::testDoubleSortDesc
{"duration":0.0,"eventType":"EXECUTION_PLAN_EXEC_ERROR","info":{"code":-1,"message":"SnowflakeSQLException: SQL compilation error:\nObject 'PERSONTABLE' does not exist or not authorized.","status":"error","trace":"java.lang.RuntimeException: net.snowflake.client.jdbc.SnowflakeSQLException: SQL compilation error:\nObject 'PERSONTABLE' does not exist or not authorized.\n\tat org.finos.legend.engine.plan.execution.stores.relational.result.SQLExecutionResult.<init>(SQLExecutionResult.java:123)\n\tat org.finos.legend.engine.plan.execution.stores.relational.RelationalExecutor.execute(RelationalExecutor.java:241)\n\tat org.finos.legend.engine.plan.execution.stores.relational.plugin.RelationalExecutionNodeExecutor.visit(RelationalExecutionNodeExecutor.java:238)\n\tat org.finos.legend.engine.plan.execution.stores.relational.plugin.RelationalExecutionNodeExecutor.visit(RelationalExecutionNodeExecutor.java:252)\n\tat org.finos.legend.engine.plan.execution.stores.relational.plugin.RelationalExecutionNodeExecutor.visit(RelationalExecutionNodeExecutor.java:92)\n\tat org.finos.legend.engine.protocol.pure.v1.model.executionPlan.nodes.RelationalTdsInstantiationExecutionNode.accept(RelationalTdsInstantiationExecutionNode.java:22)\n\tat org.finos.legend.engine.plan.execution.stores.relational.RelationalExecutionExtension.lambda$getExtraNodeExecutors$fbe53481$1(RelationalExecutionExtension.java:50)\n\tat org.finos.legend.engine.plan.execution.nodes.ExecutionNodeExecutor.lambda$visit$0(ExecutionNodeExecutor.java:164)\n\tat java.base/java.util.stream.ReferencePipeline$3$1.accept(ReferencePipeline.java:195)\n\tat java.base/java.util.Spliterators$ArraySpliterator.tryAdvance(Spliterators.java:958)\n\tat java.base/java.util.stream.ReferencePipeline.forEachWithCancel(ReferencePipeline.java:127)\n\tat java.base/java.util.stream.AbstractPipeline.copyIntoWithCancel(AbstractPipeline.java:502)\n\tat java.base/java.util.stream.AbstractPipeline.copyInto(AbstractPipeline.java:488)\n\tat java.base/java.util.stream.AbstractPipeline.wrapAndCopyInto(AbstractPipeline.java:474)\n\tat java.base/java.util.stream.FindOps$FindOp.evaluateSequential(FindOps.java:150)\n\tat java.base/java.util.stream.AbstractPipeline.evaluate(AbstractPipeline.java:234)\n\tat java.base/java.util.stream.ReferencePipeline.findFirst(ReferencePipeline.java:543)\n\tat org.finos.legend.engine.plan.execution.nodes.ExecutionNodeExecutor.visit(ExecutionNodeExecutor.java:164)\n\tat org.finos.legend.engine.plan.execution.nodes.ExecutionNodeExecutor.visit(ExecutionNodeExecutor.java:107)\n\tat org.finos.legend.engine.protocol.pure.v1.model.executionPlan.nodes.RelationalTdsInstantiationExecutionNode.accept(RelationalTdsInstantiationExecutionNode.java:22)\n\tat org.finos.legend.engine.plan.execution.PlanExecutor.execute(PlanExecutor.java:238)\n\tat org.finos.legend.engine.plan.execution.PlanExecutor.execute(PlanExecutor.java:225)\n\tat org.finos.legend.engine.plan.execution.api.ExecutePlan.doExecutePlanLegacy(ExecutePlan.java:102)\n\tat org.finos.legend.engine.plan.execution.api.ExecutePlan.doExecutePlan(ExecutePlan.java:84)\n\tat org.finos.legend.engine.plan.execution.api.ExecutePlanLegacy.executePlan(ExecutePlanLegacy.java:56)\n\tat jdk.internal.reflect.GeneratedMethodAccessor100.invoke(Unknown Source)\n\tat java.base/jdk.internal.reflect.DelegatingMethodAccessorImpl.invoke(DelegatingMethodAccessorImpl.java:43)\n\tat java.base/java.lang.reflect.Method.invoke(Method.java:566)\n\tat org.glassfish.jersey.server.model.internal.ResourceMethodInvocationHandlerFactory$1.invoke(ResourceMethodInvocationHandlerFactory.java:81)\n\tat org.glassfish.jersey.server.model.internal.AbstractJavaResourceMethodDispatcher$1.run(AbstractJavaResourceMethodDispatcher.java:144)\n\tat org.glassfish.jersey.server.model.internal.AbstractJavaResourceMethodDispatcher.invoke(AbstractJavaResourceMethodDispatcher.java:161)\n\tat org.glassfish.jersey.server.model.internal.JavaResourceMethodDispatcherProvider$ResponseOutInvoker.doDispatch(JavaResourceMethodDispatcherProvider.java:160)\n\tat org.glassfish.jersey.server.model.internal.AbstractJavaResourceMethodDispatcher.dispatch(AbstractJavaResourceMethodDispatcher.java:99)\n\tat org.glassfish.jersey.server.model.ResourceMethodInvoker.invoke(ResourceMethodInvoker.java:389)\n\tat org.glassfish.jersey.server.model.ResourceMethodInvoker.apply(ResourceMethodInvoker.java:347)\n\tat org.glassfish.jersey.server.model.ResourceMethodInvoker.apply(ResourceMethodInvoker.java:102)\n\tat org.glassfish.jersey.server.ServerRuntime$2.run(ServerRuntime.java:326)\n\tat org.glassfish.jersey.internal.Errors$1.call(Errors.java:271)\n\tat org.glassfish.jersey.internal.Errors$1.call(Errors.java:267)\n\tat org.glassfish.jersey.internal.Errors.process(Errors.java:315)\n\tat org.glassfish.jersey.internal.Errors.process(Errors.java:297)\n\tat org.glassfish.jersey.internal.Errors.process(Errors.java:267)\n\tat org.glassfish.jersey.process.internal.RequestScope.runInScope(RequestScope.java:317)\n\tat org.glassfish.jersey.server.ServerRuntime.process(ServerRuntime.java:305)\n\tat org.glassfish.jersey.server.ApplicationHandler.handle(ApplicationHandler.java:1154)\n\tat org.glassfish.jersey.servlet.WebComponent.serviceImpl(WebComponent.java:473)\n\tat org.glassfish.jersey.servlet.WebComponent.service(WebComponent.java:427)\n\tat org.glassfish.jersey.servlet.ServletContainer.service(ServletContainer.java:388)\n\tat org.glassfish.jersey.servlet.ServletContainer.service(ServletContainer.java:341)\n\tat org.glassfish.jersey.servlet.ServletContainer.service(ServletContainer.java:228)\n\tat org.eclipse.jetty.servlet.ServletHolder.handle(ServletHolder.java:799)\n\tat org.eclipse.jetty.servlet.ServletHandler$ChainEnd.doFilter(ServletHandler.java:1631)\n\tat io.dropwizard.servlets.ThreadNameFilter.doFilter(ThreadNameFilter.java:35)\n\tat org.eclipse.jetty.servlet.FilterHolder.doFilter(FilterHolder.java:193)\n\tat org.eclipse.jetty.servlet.ServletHandler$Chain.doFilter(ServletHandler.java:1601)\n\tat io.dropwizard.jersey.filter.AllowedMethodsFilter.handle(AllowedMethodsFilter.java:45)\n\tat io.dropwizard.jersey.filter.AllowedMethodsFilter.doFilter(AllowedMethodsFilter.java:39)\n\tat org.eclipse.jetty.servlet.FilterHolder.doFilter(FilterHolder.java:193)\n\tat org.eclipse.jetty.servlet.ServletHandler$Chain.doFilter(ServletHandler.java:1601)\n\tat org.finos.legend.server.pac4j.internal.UsernameFilter.doFilter(UsernameFilter.java:51)\n\tat org.eclipse.jetty.servlet.FilterHolder.doFilter(FilterHolder.java:193)\n\tat org.eclipse.jetty.servlet.ServletHandler$Chain.doFilter(ServletHandler.java:1601)\n\tat org.pac4j.j2e.filter.SecurityFilter.lambda$internalFilter$0(SecurityFilter.java:95)\n\tat org.pac4j.core.engine.DefaultSecurityLogic.perform(DefaultSecurityLogic.java:140)\n\tat org.pac4j.j2e.filter.SecurityFilter.internalFilter(SecurityFilter.java:93)\n\tat org.pac4j.j2e.filter.AbstractConfigFilter.doFilter(AbstractConfigFilter.java:81)\n\tat org.eclipse.jetty.servlet.FilterHolder.doFilter(FilterHolder.java:193)\n\tat org.eclipse.jetty.servlet.ServletHandler$Chain.doFilter(ServletHandler.java:1601)\n\tat org.eclipse.jetty.servlet.ServletHandler.doHandle(ServletHandler.java:548)\n\tat org.eclipse.jetty.server.handler.ScopedHandler.nextHandle(ScopedHandler.java:233)\n\tat org.eclipse.jetty.server.session.SessionHandler.doHandle(SessionHandler.java:1624)\n\tat org.eclipse.jetty.server.handler.ScopedHandler.nextHandle(ScopedHandler.java:233)\n\tat org.eclipse.jetty.server.handler.ContextHandler.doHandle(ContextHandler.java:1434)\n\tat org.eclipse.jetty.server.handler.ScopedHandler.nextScope(ScopedHandler.java:188)\n\tat org.eclipse.jetty.servlet.ServletHandler.doScope(ServletHandler.java:501)\n\tat org.eclipse.jetty.server.session.SessionHandler.doScope(SessionHandler.java:1594)\n\tat org.eclipse.jetty.server.handler.ScopedHandler.nextScope(ScopedHandler.java:186)\n\tat org.eclipse.jetty.server.handler.ContextHandler.doScope(ContextHandler.java:1349)\n\tat org.eclipse.jetty.server.handler.ScopedHandler.handle(ScopedHandler.java:141)\n\tat org.eclipse.jetty.server.handler.HandlerWrapper.handle(HandlerWrapper.java:127)\n\tat com.codahale.metrics.jetty9.InstrumentedHandler.handle(InstrumentedHandler.java:313)\n\tat io.dropwizard.jetty.ContextRoutingHandler.handle(ContextRoutingHandler.java:37)\n\tat org.eclipse.jetty.server.handler.gzip.GzipHandler.handle(GzipHandler.java:713)\n\tat io.dropwizard.jetty.BiDiGzipHandler.handle(BiDiGzipHandler.java:67)\n\tat org.eclipse.jetty.server.handler.StatisticsHandler.handle(StatisticsHandler.java:179)\n\tat org.eclipse.jetty.server.handler.HandlerWrapper.handle(HandlerWrapper.java:127)\n\tat org.eclipse.jetty.server.Server.handle(Server.java:516)\n\tat org.eclipse.jetty.server.HttpChannel.lambda$handle$1(HttpChannel.java:400)\n\tat org.eclipse.jetty.server.HttpChannel.dispatch(HttpChannel.java:645)\n\tat org.eclipse.jetty.server.HttpChannel.handle(HttpChannel.java:392)\n\tat org.eclipse.jetty.server.HttpConnection.onFillable(HttpConnection.java:277)\n\tat org.eclipse.jetty.io.AbstractConnection$ReadCallback.succeeded(AbstractConnection.java:311)\n\tat org.eclipse.jetty.io.FillInterest.fillable(FillInterest.java:105)\n\tat org.eclipse.jetty.io.ChannelEndPoint$1.run(ChannelEndPoint.java:104)\n\tat org.eclipse.jetty.util.thread.strategy.EatWhatYouKill.runTask(EatWhatYouKill.java:338)\n\tat org.eclipse.jetty.util.thread.strategy.EatWhatYouKill.doProduce(EatWhatYouKill.java:315)\n\tat org.eclipse.jetty.util.thread.strategy.EatWhatYouKill.tryProduce(EatWhatYouKill.java:173)\n\tat org.eclipse.jetty.util.thread.strategy.EatWhatYouKill.run(EatWhatYouKill.java:131)\n\tat org.eclipse.jetty.util.thread.ReservedThreadExecutor$ReservedThread.run(ReservedThreadExecutor.java:409)\n\tat org.eclipse.jetty.util.thread.QueuedThreadPool.runJob(QueuedThreadPool.java:883)\n\tat org.eclipse.jetty.util.thread.QueuedThreadPool$Runner.run(QueuedThreadPool.java:1034)\n\tat java.base/java.lang.Thread.run(Thread.java:829)\nCaused by: net.snowflake.client.jdbc.SnowflakeSQLException: SQL compilation error:\nObject 'PERSONTABLE' does not exist or not authorized.\n\tat net.snowflake.client.jdbc.SnowflakeUtil.checkErrorAndThrowExceptionSub(SnowflakeUtil.java:127)\n\tat net.snowflake.client.jdbc.SnowflakeUtil.checkErrorAndThrowException(SnowflakeUtil.java:67)\n\tat net.snowflake.client.core.StmtUtil.pollForOutput(StmtUtil.java:442)\n\tat net.snowflake.client.core.StmtUtil.execute(StmtUtil.java:345)\n\tat net.snowflake.client.core.SFStatement.executeHelper(SFStatement.java:486)\n\tat net.snowflake.client.core.SFStatement.executeQueryInternal(SFStatement.java:197)\n\tat net.snowflake.client.core.SFStatement.executeQuery(SFStatement.java:134)\n\tat net.snowflake.client.core.SFStatement.execute(SFStatement.java:743)\n\tat net.snowflake.client.core.SFStatement.execute(SFStatement.java:639)\n\tat net.snowflake.client.jdbc.SnowflakeStatementV1.executeQueryInternal(SnowflakeStatementV1.java:238)\n\tat net.snowflake.client.jdbc.SnowflakeStatementV1.executeQuery(SnowflakeStatementV1.java:133)\n\tat com.zaxxer.hikari.pool.ProxyStatement.executeQuery(ProxyStatement.java:110)\n\tat com.zaxxer.hikari.pool.HikariProxyStatement.executeQuery(HikariProxyStatement.java)\n\tat org.finos.legend.engine.plan.execution.stores.relational.result.SQLExecutionResult.<init>(SQLExecutionResult.java:95)\n\t... 101 more\n"},"mode":"DEV","timeStamp":"2023-02-23 01:31:54.067","user":"_UNKNOWN_"}
| **selectSubClauses::orderBy::testDoubleSortDesc** | failing :x: |
]]></system-out>
  </testcase>
  <testcase name="testDoubleSortMixedChain[Snowflake]" classname="org.finos.legend.engine.server.test.shared.Relational_DbSpecific_UsingPureClientTestSuite$2" time="0.598">
    <error message="Assert failure at (resource:/platform/pure/basics/tests/assertEq.pure line:34 column:5), &quot;500 &apos;{&quot;code&quot;:-1,&quot;message&quot;:&quot;SnowflakeSQLException: SQL compilation error:&#10;Object &apos;PERSONTABLE&apos; does not exist or not authorized.&quot;,&quot;status&quot;:&quot;error&quot;,&quot;trace&quot;:&quot;java.lang.RuntimeException: net.snowflake.client.jdbc.SnowflakeSQLException: SQL compilation error:&#10;Object &apos;PERSONTABLE&apos; does not exist or not authorized.&#10;at org.finos.legend.engine.plan.execution.stores.relational.result.SQLExecutionResult.&lt;init&gt;(SQLExecutionResult.java:123)&#10;at org.finos.legend.engine.plan.execution.stores.relational.RelationalExecutor.execute(RelationalExecutor.java:241)&#10;at org.finos.legend.engine.plan.execution.stores.relational.plugin.RelationalExecutionNodeExecutor.visit(RelationalExecutionNodeExecutor.java:238)&#10;at org.finos.legend.engine.plan.execution.stores.relational.plugin.RelationalExecutionNodeExecutor.visit(RelationalExecutionNodeExecutor.java:252)&#10;at org.finos.legend.engine.plan.execution.stores.relational.plugin.RelationalExecutionNodeExecutor.visit(RelationalExecutionNodeExecutor.java:92)&#10;at org.finos.legend.engine.protocol.pure.v1.model.executionPlan.nodes.RelationalTdsInstantiationExecutionNode.accept(RelationalTdsInstantiationExecutionNode.java:22)&#10;at org.finos.legend.engine.plan.execution.stores.relational.RelationalExecutionExtension.lambda$getExtraNodeExecutors$fbe53481$1(RelationalExecutionExtension.java:50)&#10;at org.finos.legend.engine.plan.execution.nodes.ExecutionNodeExecutor.lambda$visit$0(ExecutionNodeExecutor.java:164)&#10;at java.base/java.util.stream.ReferencePipeline$3$1.accept(ReferencePipeline.java:195)&#10;at java.base/java.util.Spliterators$ArraySpliterator.tryAdvance(Spliterators.java:958)&#10;at java.base/java.util.stream.ReferencePipeline.forEachWithCancel(ReferencePipeline.java:127)&#10;at java.base/java.util.stream.AbstractPipeline.copyIntoWithCancel(AbstractPipeline.java:502)&#10;at java.base/java.util.stream.AbstractPipeline.copyInto(AbstractPipeline.java:488)&#10;at java.base/java.util.stream.AbstractPipeline.wrapAndCopyInto(AbstractPipeline.java:474)&#10;at java.base/java.util.stream.FindOps$FindOp.evaluateSequential(FindOps.java:150)&#10;at java.base/java.util.stream.AbstractPipeline.evaluate(AbstractPipeline.java:234)&#10;at java.base/java.util.stream.ReferencePipeline.findFirst(ReferencePipeline.java:543)&#10;at org.finos.legend.engine.plan.execution.nodes.ExecutionNodeExecutor.visit(ExecutionNodeExecutor.java:164)&#10;at org.finos.legend.engine.plan.execution.nodes.ExecutionNodeExecutor.visit(ExecutionNodeExecutor.java:107)&#10;at org.finos.legend.engine.protocol.pure.v1.model.executionPlan.nodes.RelationalTdsInstantiationExecutionNode.accept(RelationalTdsInstantiationExecutionNode.java:22)&#10;at org.finos.legend.engine.plan.execution.PlanExecutor.execute(PlanExecutor.java:238)&#10;at org.finos.legend.engine.plan.execution.PlanExecutor.execute(PlanExecutor.java:225)&#10;at org.finos.legend.engine.plan.execution.api.ExecutePlan.doExecutePlanLegacy(ExecutePlan.java:102)&#10;at org.finos.legend.engine.plan.execution.api.ExecutePlan.doExecutePlan(ExecutePlan.java:84)&#10;at org.finos.legend.engine.plan.execution.api.ExecutePlanLegacy.executePlan(ExecutePlanLegacy.java:56)&#10;at jdk.internal.reflect.GeneratedMethodAccessor100.invoke(Unknown Source)&#10;at java.base/jdk.internal.reflect.DelegatingMethodAccessorImpl.invoke(DelegatingMethodAccessorImpl.java:43)&#10;at java.base/java.lang.reflect.Method.invoke(Method.java:566)&#10;at org.glassfish.jersey.server.model.internal.ResourceMethodInvocationHandlerFactory$1.invoke(ResourceMethodInvocationHandlerFactory.java:81)&#10;at org.glassfish.jersey.server.model.internal.AbstractJavaResourceMethodDispatcher$1.run(AbstractJavaResourceMethodDispatcher.java:144)&#10;at org.glassfish.jersey.server.model.internal.AbstractJavaResourceMethodDispatcher.invoke(AbstractJavaResourceMethodDispatcher.java:161)&#10;at org.glassfish.jersey.server.model.internal.JavaResourceMethodDispatcherProvider$ResponseOutInvoker.doDispatch(JavaResourceMethodDispatcherProvider.java:160)&#10;at org.glassfish.jersey.server.model.internal.AbstractJavaResourceMethodDispatcher.dispatch(AbstractJavaResourceMethodDispatcher.java:99)&#10;at org.glassfish.jersey.server.model.ResourceMethodInvoker.invoke(ResourceMethodInvoker.java:389)&#10;at org.glassfish.jersey.server.model.ResourceMethodInvoker.apply(ResourceMethodInvoker.java:347)&#10;at org.glassfish.jersey.server.model.ResourceMethodInvoker.apply(ResourceMethodInvoker.java:102)&#10;at org.glassfish.jersey.server.ServerRuntime$2.run(ServerRuntime.java:326)&#10;at org.glassfish.jersey.internal.Errors$1.call(Errors.java:271)&#10;at org.glassfish.jersey.internal.Errors$1.call(Errors.java:267)&#10;at org.glassfish.jersey.internal.Errors.process(Errors.java:315)&#10;at org.glassfish.jersey.internal.Errors.process(Errors.java:297)&#10;at org.glassfish.jersey.internal.Errors.process(Errors.java:267)&#10;at org.glassfish.jersey.process.internal.RequestScope.runInScope(RequestScope.java:317)&#10;at org.glassfish.jersey.server.ServerRuntime.process(ServerRuntime.java:305)&#10;at org.glassfish.jersey.server.ApplicationHandler.handle(ApplicationHandler.java:1154)&#10;at org.glassfish.jersey.servlet.WebComponent.serviceImpl(WebComponent.java:473)&#10;at org.glassfish.jersey.servlet.WebComponent.service(WebComponent.java:427)&#10;at org.glassfish.jersey.servlet.ServletContainer.service(ServletContainer.java:388)&#10;at org.glassfish.jersey.servlet.ServletContainer.service(ServletContainer.java:341)&#10;at org.glassfish.jersey.servlet.ServletContainer.service(ServletContainer.java:228)&#10;at org.eclipse.jetty.servlet.ServletHolder.handle(ServletHolder.java:799)&#10;at org.eclipse.jetty.servlet.ServletHandler$ChainEnd.doFilter(ServletHandler.java:1631)&#10;at io.dropwizard.servlets.ThreadNameFilter.doFilter(ThreadNameFilter.java:35)&#10;at org.eclipse.jetty.servlet.FilterHolder.doFilter(FilterHolder.java:193)&#10;at org.eclipse.jetty.servlet.ServletHandler$Chain.doFilter(ServletHandler.java:1601)&#10;at io.dropwizard.jersey.filter.AllowedMethodsFilter.handle(AllowedMethodsFilter.java:45)&#10;at io.dropwizard.jersey.filter.AllowedMethodsFilter.doFilter(AllowedMethodsFilter.java:39)&#10;at org.eclipse.jetty.servlet.FilterHolder.doFilter(FilterHolder.java:193)&#10;at org.eclipse.jetty.servlet.ServletHandler$Chain.doFilter(ServletHandler.java:1601)&#10;at org.finos.legend.server.pac4j.internal.UsernameFilter.doFilter(UsernameFilter.java:51)&#10;at org.eclipse.jetty.servlet.FilterHolder.doFilter(FilterHolder.java:193)&#10;at org.eclipse.jetty.servlet.ServletHandler$Chain.doFilter(ServletHandler.java:1601)&#10;at org.pac4j.j2e.filter.SecurityFilter.lambda$internalFilter$0(SecurityFilter.java:95)&#10;at org.pac4j.core.engine.DefaultSecurityLogic.perform(DefaultSecurityLogic.java:140)&#10;at org.pac4j.j2e.filter.SecurityFilter.internalFilter(SecurityFilter.java:93)&#10;at org.pac4j.j2e.filter.AbstractConfigFilter.doFilter(AbstractConfigFilter.java:81)&#10;at org.eclipse.jetty.servlet.FilterHolder.doFilter(FilterHolder.java:193)&#10;at org.eclipse.jetty.servlet.ServletHandler$Chain.doFilter(ServletHandler.java:1601)&#10;at org.eclipse.jetty.servlet.ServletHandler.doHandle(ServletHandler.java:548)&#10;at org.eclipse.jetty.server.handler.ScopedHandler.nextHandle(ScopedHandler.java:233)&#10;at org.eclipse.jetty.server.session.SessionHandler.doHandle(SessionHandler.java:1624)&#10;at org.eclipse.jetty.server.handler.ScopedHandler.nextHandle(ScopedHandler.java:233)&#10;at org.eclipse.jetty.server.handler.ContextHandler.doHandle(ContextHandler.java:1434)&#10;at org.eclipse.jetty.server.handler.ScopedHandler.nextScope(ScopedHandler.java:188)&#10;at org.eclipse.jetty.servlet.ServletHandler.doScope(ServletHandler.java:501)&#10;at org.eclipse.jetty.server.session.SessionHandler.doScope(SessionHandler.java:1594)&#10;at org.eclipse.jetty.server.handler.ScopedHandler.nextScope(ScopedHandler.java:186)&#10;at org.eclipse.jetty.server.handler.ContextHandler.doScope(ContextHandler.java:1349)&#10;at org.eclipse.jetty.server.handler.ScopedHandler.handle(ScopedHandler.java:141)&#10;at org.eclipse.jetty.server.handler.HandlerWrapper.handle(HandlerWrapper.java:127)&#10;at com.codahale.metrics.jetty9.InstrumentedHandler.handle(InstrumentedHandler.java:313)&#10;at io.dropwizard.jetty.ContextRoutingHandler.handle(ContextRoutingHandler.java:37)&#10;at org.eclipse.jetty.server.handler.gzip.GzipHandler.handle(GzipHandler.java:713)&#10;at io.dropwizard.jetty.BiDiGzipHandler.handle(BiDiGzipHandler.java:67)&#10;at org.eclipse.jetty.server.handler.StatisticsHandler.handle(StatisticsHandler.java:179)&#10;at org.eclipse.jetty.server.handler.HandlerWrapper.handle(HandlerWrapper.java:127)&#10;at org.eclipse.jetty.server.Server.handle(Server.java:516)&#10;at org.eclipse.jetty.server.HttpChannel.lambda$handle$1(HttpChannel.java:400)&#10;at org.eclipse.jetty.server.HttpChannel.dispatch(HttpChannel.java:645)&#10;at org.eclipse.jetty.server.HttpChannel.handle(HttpChannel.java:392)&#10;at org.eclipse.jetty.server.HttpConnection.onFillable(HttpConnection.java:277)&#10;at org.eclipse.jetty.io.AbstractConnection$ReadCallback.succeeded(AbstractConnection.java:311)&#10;at org.eclipse.jetty.io.FillInterest.fillable(FillInterest.java:105)&#10;at org.eclipse.jetty.io.ChannelEndPoint$1.run(ChannelEndPoint.java:104)&#10;at org.eclipse.jetty.util.thread.strategy.EatWhatYouKill.runTask(EatWhatYouKill.java:338)&#10;at org.eclipse.jetty.util.thread.strategy.EatWhatYouKill.doProduce(EatWhatYouKill.java:315)&#10;at org.eclipse.jetty.util.thread.strategy.EatWhatYouKill.tryProduce(EatWhatYouKill.java:173)&#10;at org.eclipse.jetty.util.thread.strategy.EatWhatYouKill.run(EatWhatYouKill.java:131)&#10;at org.eclipse.jetty.util.thread.ReservedThreadExecutor$ReservedThread.run(ReservedThreadExecutor.java:409)&#10;at org.eclipse.jetty.util.thread.QueuedThreadPool.runJob(QueuedThreadPool.java:883)&#10;at org.eclipse.jetty.util.thread.QueuedThreadPool$Runner.run(QueuedThreadPool.java:1034)&#10;at java.base/java.lang.Thread.run(Thread.java:829)&#10;Caused by: net.snowflake.client.jdbc.SnowflakeSQLException: SQL compilation error:&#10;Object &apos;PERSONTABLE&apos; does not exist or not authorized.&#10;at net.snowflake.client.jdbc.SnowflakeUtil.checkErrorAndThrowExceptionSub(SnowflakeUtil.java:127)&#10;at net.snowflake.client.jdbc.SnowflakeUtil.checkErrorAndThrowException(SnowflakeUtil.java:67)&#10;at net.snowflake.client.core.StmtUtil.pollForOutput(StmtUtil.java:442)&#10;at net.snowflake.client.core.StmtUtil.execute(StmtUtil.java:345)&#10;at net.snowflake.client.core.SFStatement.executeHelper(SFStatement.java:486)&#10;at net.snowflake.client.core.SFStatement.executeQueryInternal(SFStatement.java:197)&#10;at net.snowflake.client.core.SFStatement.executeQuery(SFStatement.java:134)&#10;at net.snowflake.client.core.SFStatement.execute(SFStatement.java:743)&#10;at net.snowflake.client.core.SFStatement.execute(SFStatement.java:639)&#10;at net.snowflake.client.jdbc.SnowflakeStatementV1.executeQueryInternal(SnowflakeStatementV1.java:238)&#10;at net.snowflake.client.jdbc.SnowflakeStatementV1.executeQuery(SnowflakeStatementV1.java:133)&#10;at com.zaxxer.hikari.pool.ProxyStatement.executeQuery(ProxyStatement.java:110)&#10;at com.zaxxer.hikari.pool.HikariProxyStatement.executeQuery(HikariProxyStatement.java)&#10;at org.finos.legend.engine.plan.execution.stores.relational.result.SQLExecutionResult.&lt;init&gt;(SQLExecutionResult.java:95)&#10;... 101 more&#10;&quot;}&apos;&quot;" type="Assert failure at (resource"><![CDATA[Assert failure at (resource:/platform/pure/basics/tests/assertEq.pure line:34 column:5), "500 '{"code":-1,"message":"SnowflakeSQLException: SQL compilation error:
Object 'PERSONTABLE' does not exist or not authorized.","status":"error","trace":"java.lang.RuntimeException: net.snowflake.client.jdbc.SnowflakeSQLException: SQL compilation error:
Object 'PERSONTABLE' does not exist or not authorized.
at org.finos.legend.engine.plan.execution.stores.relational.result.SQLExecutionResult.<init>(SQLExecutionResult.java:123)
at org.finos.legend.engine.plan.execution.stores.relational.RelationalExecutor.execute(RelationalExecutor.java:241)
at org.finos.legend.engine.plan.execution.stores.relational.plugin.RelationalExecutionNodeExecutor.visit(RelationalExecutionNodeExecutor.java:238)
at org.finos.legend.engine.plan.execution.stores.relational.plugin.RelationalExecutionNodeExecutor.visit(RelationalExecutionNodeExecutor.java:252)
at org.finos.legend.engine.plan.execution.stores.relational.plugin.RelationalExecutionNodeExecutor.visit(RelationalExecutionNodeExecutor.java:92)
at org.finos.legend.engine.protocol.pure.v1.model.executionPlan.nodes.RelationalTdsInstantiationExecutionNode.accept(RelationalTdsInstantiationExecutionNode.java:22)
at org.finos.legend.engine.plan.execution.stores.relational.RelationalExecutionExtension.lambda$getExtraNodeExecutors$fbe53481$1(RelationalExecutionExtension.java:50)
at org.finos.legend.engine.plan.execution.nodes.ExecutionNodeExecutor.lambda$visit$0(ExecutionNodeExecutor.java:164)
at java.base/java.util.stream.ReferencePipeline$3$1.accept(ReferencePipeline.java:195)
at java.base/java.util.Spliterators$ArraySpliterator.tryAdvance(Spliterators.java:958)
at java.base/java.util.stream.ReferencePipeline.forEachWithCancel(ReferencePipeline.java:127)
at java.base/java.util.stream.AbstractPipeline.copyIntoWithCancel(AbstractPipeline.java:502)
at java.base/java.util.stream.AbstractPipeline.copyInto(AbstractPipeline.java:488)
at java.base/java.util.stream.AbstractPipeline.wrapAndCopyInto(AbstractPipeline.java:474)
at java.base/java.util.stream.FindOps$FindOp.evaluateSequential(FindOps.java:150)
at java.base/java.util.stream.AbstractPipeline.evaluate(AbstractPipeline.java:234)
at java.base/java.util.stream.ReferencePipeline.findFirst(ReferencePipeline.java:543)
at org.finos.legend.engine.plan.execution.nodes.ExecutionNodeExecutor.visit(ExecutionNodeExecutor.java:164)
at org.finos.legend.engine.plan.execution.nodes.ExecutionNodeExecutor.visit(ExecutionNodeExecutor.java:107)
at org.finos.legend.engine.protocol.pure.v1.model.executionPlan.nodes.RelationalTdsInstantiationExecutionNode.accept(RelationalTdsInstantiationExecutionNode.java:22)
at org.finos.legend.engine.plan.execution.PlanExecutor.execute(PlanExecutor.java:238)
at org.finos.legend.engine.plan.execution.PlanExecutor.execute(PlanExecutor.java:225)
at org.finos.legend.engine.plan.execution.api.ExecutePlan.doExecutePlanLegacy(ExecutePlan.java:102)
at org.finos.legend.engine.plan.execution.api.ExecutePlan.doExecutePlan(ExecutePlan.java:84)
at org.finos.legend.engine.plan.execution.api.ExecutePlanLegacy.executePlan(ExecutePlanLegacy.java:56)
at jdk.internal.reflect.GeneratedMethodAccessor100.invoke(Unknown Source)
at java.base/jdk.internal.reflect.DelegatingMethodAccessorImpl.invoke(DelegatingMethodAccessorImpl.java:43)
at java.base/java.lang.reflect.Method.invoke(Method.java:566)
at org.glassfish.jersey.server.model.internal.ResourceMethodInvocationHandlerFactory$1.invoke(ResourceMethodInvocationHandlerFactory.java:81)
at org.glassfish.jersey.server.model.internal.AbstractJavaResourceMethodDispatcher$1.run(AbstractJavaResourceMethodDispatcher.java:144)
at org.glassfish.jersey.server.model.internal.AbstractJavaResourceMethodDispatcher.invoke(AbstractJavaResourceMethodDispatcher.java:161)
at org.glassfish.jersey.server.model.internal.JavaResourceMethodDispatcherProvider$ResponseOutInvoker.doDispatch(JavaResourceMethodDispatcherProvider.java:160)
at org.glassfish.jersey.server.model.internal.AbstractJavaResourceMethodDispatcher.dispatch(AbstractJavaResourceMethodDispatcher.java:99)
at org.glassfish.jersey.server.model.ResourceMethodInvoker.invoke(ResourceMethodInvoker.java:389)
at org.glassfish.jersey.server.model.ResourceMethodInvoker.apply(ResourceMethodInvoker.java:347)
at org.glassfish.jersey.server.model.ResourceMethodInvoker.apply(ResourceMethodInvoker.java:102)
at org.glassfish.jersey.server.ServerRuntime$2.run(ServerRuntime.java:326)
at org.glassfish.jersey.internal.Errors$1.call(Errors.java:271)
at org.glassfish.jersey.internal.Errors$1.call(Errors.java:267)
at org.glassfish.jersey.internal.Errors.process(Errors.java:315)
at org.glassfish.jersey.internal.Errors.process(Errors.java:297)
at org.glassfish.jersey.internal.Errors.process(Errors.java:267)
at org.glassfish.jersey.process.internal.RequestScope.runInScope(RequestScope.java:317)
at org.glassfish.jersey.server.ServerRuntime.process(ServerRuntime.java:305)
at org.glassfish.jersey.server.ApplicationHandler.handle(ApplicationHandler.java:1154)
at org.glassfish.jersey.servlet.WebComponent.serviceImpl(WebComponent.java:473)
at org.glassfish.jersey.servlet.WebComponent.service(WebComponent.java:427)
at org.glassfish.jersey.servlet.ServletContainer.service(ServletContainer.java:388)
at org.glassfish.jersey.servlet.ServletContainer.service(ServletContainer.java:341)
at org.glassfish.jersey.servlet.ServletContainer.service(ServletContainer.java:228)
at org.eclipse.jetty.servlet.ServletHolder.handle(ServletHolder.java:799)
at org.eclipse.jetty.servlet.ServletHandler$ChainEnd.doFilter(ServletHandler.java:1631)
at io.dropwizard.servlets.ThreadNameFilter.doFilter(ThreadNameFilter.java:35)
at org.eclipse.jetty.servlet.FilterHolder.doFilter(FilterHolder.java:193)
at org.eclipse.jetty.servlet.ServletHandler$Chain.doFilter(ServletHandler.java:1601)
at io.dropwizard.jersey.filter.AllowedMethodsFilter.handle(AllowedMethodsFilter.java:45)
at io.dropwizard.jersey.filter.AllowedMethodsFilter.doFilter(AllowedMethodsFilter.java:39)
at org.eclipse.jetty.servlet.FilterHolder.doFilter(FilterHolder.java:193)
at org.eclipse.jetty.servlet.ServletHandler$Chain.doFilter(ServletHandler.java:1601)
at org.finos.legend.server.pac4j.internal.UsernameFilter.doFilter(UsernameFilter.java:51)
at org.eclipse.jetty.servlet.FilterHolder.doFilter(FilterHolder.java:193)
at org.eclipse.jetty.servlet.ServletHandler$Chain.doFilter(ServletHandler.java:1601)
at org.pac4j.j2e.filter.SecurityFilter.lambda$internalFilter$0(SecurityFilter.java:95)
at org.pac4j.core.engine.DefaultSecurityLogic.perform(DefaultSecurityLogic.java:140)
at org.pac4j.j2e.filter.SecurityFilter.internalFilter(SecurityFilter.java:93)
at org.pac4j.j2e.filter.AbstractConfigFilter.doFilter(AbstractConfigFilter.java:81)
at org.eclipse.jetty.servlet.FilterHolder.doFilter(FilterHolder.java:193)
at org.eclipse.jetty.servlet.ServletHandler$Chain.doFilter(ServletHandler.java:1601)
at org.eclipse.jetty.servlet.ServletHandler.doHandle(ServletHandler.java:548)
at org.eclipse.jetty.server.handler.ScopedHandler.nextHandle(ScopedHandler.java:233)
at org.eclipse.jetty.server.session.SessionHandler.doHandle(SessionHandler.java:1624)
at org.eclipse.jetty.server.handler.ScopedHandler.nextHandle(ScopedHandler.java:233)
at org.eclipse.jetty.server.handler.ContextHandler.doHandle(ContextHandler.java:1434)
at org.eclipse.jetty.server.handler.ScopedHandler.nextScope(ScopedHandler.java:188)
at org.eclipse.jetty.servlet.ServletHandler.doScope(ServletHandler.java:501)
at org.eclipse.jetty.server.session.SessionHandler.doScope(SessionHandler.java:1594)
at org.eclipse.jetty.server.handler.ScopedHandler.nextScope(ScopedHandler.java:186)
at org.eclipse.jetty.server.handler.ContextHandler.doScope(ContextHandler.java:1349)
at org.eclipse.jetty.server.handler.ScopedHandler.handle(ScopedHandler.java:141)
at org.eclipse.jetty.server.handler.HandlerWrapper.handle(HandlerWrapper.java:127)
at com.codahale.metrics.jetty9.InstrumentedHandler.handle(InstrumentedHandler.java:313)
at io.dropwizard.jetty.ContextRoutingHandler.handle(ContextRoutingHandler.java:37)
at org.eclipse.jetty.server.handler.gzip.GzipHandler.handle(GzipHandler.java:713)
at io.dropwizard.jetty.BiDiGzipHandler.handle(BiDiGzipHandler.java:67)
at org.eclipse.jetty.server.handler.StatisticsHandler.handle(StatisticsHandler.java:179)
at org.eclipse.jetty.server.handler.HandlerWrapper.handle(HandlerWrapper.java:127)
at org.eclipse.jetty.server.Server.handle(Server.java:516)
at org.eclipse.jetty.server.HttpChannel.lambda$handle$1(HttpChannel.java:400)
at org.eclipse.jetty.server.HttpChannel.dispatch(HttpChannel.java:645)
at org.eclipse.jetty.server.HttpChannel.handle(HttpChannel.java:392)
at org.eclipse.jetty.server.HttpConnection.onFillable(HttpConnection.java:277)
at org.eclipse.jetty.io.AbstractConnection$ReadCallback.succeeded(AbstractConnection.java:311)
at org.eclipse.jetty.io.FillInterest.fillable(FillInterest.java:105)
at org.eclipse.jetty.io.ChannelEndPoint$1.run(ChannelEndPoint.java:104)
at org.eclipse.jetty.util.thread.strategy.EatWhatYouKill.runTask(EatWhatYouKill.java:338)
at org.eclipse.jetty.util.thread.strategy.EatWhatYouKill.doProduce(EatWhatYouKill.java:315)
at org.eclipse.jetty.util.thread.strategy.EatWhatYouKill.tryProduce(EatWhatYouKill.java:173)
at org.eclipse.jetty.util.thread.strategy.EatWhatYouKill.run(EatWhatYouKill.java:131)
at org.eclipse.jetty.util.thread.ReservedThreadExecutor$ReservedThread.run(ReservedThreadExecutor.java:409)
at org.eclipse.jetty.util.thread.QueuedThreadPool.runJob(QueuedThreadPool.java:883)
at org.eclipse.jetty.util.thread.QueuedThreadPool$Runner.run(QueuedThreadPool.java:1034)
at java.base/java.lang.Thread.run(Thread.java:829)
Caused by: net.snowflake.client.jdbc.SnowflakeSQLException: SQL compilation error:
Object 'PERSONTABLE' does not exist or not authorized.
at net.snowflake.client.jdbc.SnowflakeUtil.checkErrorAndThrowExceptionSub(SnowflakeUtil.java:127)
at net.snowflake.client.jdbc.SnowflakeUtil.checkErrorAndThrowException(SnowflakeUtil.java:67)
at net.snowflake.client.core.StmtUtil.pollForOutput(StmtUtil.java:442)
at net.snowflake.client.core.StmtUtil.execute(StmtUtil.java:345)
at net.snowflake.client.core.SFStatement.executeHelper(SFStatement.java:486)
at net.snowflake.client.core.SFStatement.executeQueryInternal(SFStatement.java:197)
at net.snowflake.client.core.SFStatement.executeQuery(SFStatement.java:134)
at net.snowflake.client.core.SFStatement.execute(SFStatement.java:743)
at net.snowflake.client.core.SFStatement.execute(SFStatement.java:639)
at net.snowflake.client.jdbc.SnowflakeStatementV1.executeQueryInternal(SnowflakeStatementV1.java:238)
at net.snowflake.client.jdbc.SnowflakeStatementV1.executeQuery(SnowflakeStatementV1.java:133)
at com.zaxxer.hikari.pool.ProxyStatement.executeQuery(ProxyStatement.java:110)
at com.zaxxer.hikari.pool.HikariProxyStatement.executeQuery(HikariProxyStatement.java)
at org.finos.legend.engine.plan.execution.stores.relational.result.SQLExecutionResult.<init>(SQLExecutionResult.java:95)
... 101 more
"}'"
	at org.finos.legend.pure.runtime.java.compiled.generation.processors.support.CompiledSupport.pureAssert(CompiledSupport.java:1994)
	at org.finos.legend.pure.generated.platform_pure_basics_tests_assertEq.Root_meta_pure_functions_asserts_assertEq_Any_1__Any_1__Function_1__Boolean_1_(platform_pure_basics_tests_assertEq.java:44)
	at org.finos.legend.pure.generated.core_pure_protocol_vX_X_X_invocations_execution.Root_meta_protocols_pure_vX_X_X_invocation_execution_execute_executePlan_String_1__String_1__Integer_1__String_1_(core_pure_protocol_vX_X_X_invocations_execution.java:751)
	at org.finos.legend.pure.generated.core_pure_protocol_vX_X_X_invocations_execution.Root_meta_protocols_pure_vX_X_X_invocation_execution_execute_executePlan_ExecutionPlan_1__String_1__Integer_1__Extension_MANY__String_1_(core_pure_protocol_vX_X_X_invocations_execution.java:745)
	at org.finos.legend.pure.generated.core_pure_protocol_vX_X_X_invocations_execution.Root_meta_protocols_pure_vX_X_X_invocation_execution_execute_executePlan_ExecutionPlan_1__ExecutionContext_$0_1$__String_1__Integer_1__Extension_MANY__Result_1_(core_pure_protocol_vX_X_X_invocations_execution.java:738)
	at jdk.internal.reflect.GeneratedMethodAccessor96.invoke(Unknown Source)
	at java.base/jdk.internal.reflect.DelegatingMethodAccessorImpl.invoke(DelegatingMethodAccessorImpl.java:43)
	at java.base/java.lang.reflect.Method.invoke(Method.java:566)
	at org.finos.legend.pure.runtime.java.compiled.metadata.JavaMethodWithParamsSharedPureFunction.execute(JavaMethodWithParamsSharedPureFunction.java:59)
	at org.finos.legend.pure.runtime.java.compiled.generation.processors.support.Pure._evaluateToMany(Pure.java:546)
	at org.finos.legend.pure.generated.CoreGen.evaluateToMany(CoreGen.java:147)
	at org.finos.legend.pure.generated.CoreGen.evaluateToMany(CoreGen.java:134)
	at org.finos.legend.pure.generated.core_pure_router_router_entry$9$1.value(core_pure_router_router_entry.java:318)
	at org.finos.legend.pure.generated.core_pure_router_router_entry$9$1.execute(core_pure_router_router_entry.java:311)
	at org.finos.legend.pure.generated.core_pure_router_router_entry$9$1.execute(core_pure_router_router_entry.java:307)
	at org.finos.legend.pure.runtime.java.compiled.generation.processors.support.Pure.evaluate(Pure.java:485)
	at org.finos.legend.pure.runtime.java.compiled.generation.processors.support.Pure.legendTest(Pure.java:216)
	at org.finos.legend.pure.generated.CoreGen.legendTest(CoreGen.java:61)
	at org.finos.legend.pure.generated.core_pure_router_router_entry$9.valueOf(core_pure_router_router_entry.java:303)
	at org.finos.legend.pure.generated.core_pure_router_router_entry$9.execute(core_pure_router_router_entry.java:298)
	at org.finos.legend.pure.generated.core_pure_router_router_entry$9.execute(core_pure_router_router_entry.java:294)
	at org.finos.legend.pure.runtime.java.compiled.generation.processors.support.Pure.evaluate(Pure.java:485)
	at org.finos.legend.pure.runtime.java.compiled.generation.processors.support.Pure.traceSpan(Pure.java:1482)
	at org.finos.legend.pure.generated.CoreGen.traceSpan(CoreGen.java:203)
	at org.finos.legend.pure.generated.core_pure_router_router_entry.Root_meta_pure_router_executePlan_ExecutionPlan_1__ExecutionContext_1__Extension_MANY__Result_$0_1$_(core_pure_router_router_entry.java:290)
	at org.finos.legend.pure.generated.core_pure_router_router_entry.Root_meta_pure_router_executePlan_ExecutionPlan_1__Extension_MANY__Result_$0_1$_(core_pure_router_router_entry.java:285)
	at org.finos.legend.pure.generated.core_relational_relational_sqlQueryToString_dbTestRunner_executionPlanTestRunner$19.execute(core_relational_relational_sqlQueryToString_dbTestRunner_executionPlanTestRunner.java:305)
	at org.finos.legend.pure.generated.core_relational_relational_sqlQueryToString_dbTestRunner_executionPlanTestRunner.Root_meta_relational_dbTestRunner_executeViaPlan_FunctionDefinition_1__Mapping_1__Database_1__DbTestConfig_1__Extension_MANY__Result_$0_1$_(core_relational_relational_sqlQueryToString_dbTestRunner_executionPlanTestRunner.java:309)
	at org.finos.legend.pure.generated.core_relational_relational_sqlQueryToString_testSuite_selectSubClauses_orderBy.Root_meta_relational_tests_dbSpecificTests_sqlQueryTests_selectSubClauses_orderBy_testDoubleSortMixedChain_DbTestConfig_1__Boolean_1_(core_relational_relational_sqlQueryToString_testSuite_selectSubClauses_orderBy.java:700)
	at java.base/jdk.internal.reflect.NativeMethodAccessorImpl.invoke0(Native Method)
	at java.base/jdk.internal.reflect.NativeMethodAccessorImpl.invoke(NativeMethodAccessorImpl.java:62)
	at java.base/jdk.internal.reflect.DelegatingMethodAccessorImpl.invoke(DelegatingMethodAccessorImpl.java:43)
	at java.base/java.lang.reflect.Method.invoke(Method.java:566)
	at org.finos.legend.pure.runtime.java.compiled.testHelper.PureTestBuilderCompiled.executeFn(PureTestBuilderCompiled.java:113)
	at org.finos.legend.pure.runtime.java.compiled.testHelper.PureTestBuilderCompiled.lambda$buildSuite$0(PureTestBuilderCompiled.java:79)
	at org.finos.legend.pure.m3.execution.test.PureTestBuilder$PureTestCase.runTest(PureTestBuilder.java:95)
	at junit.framework.TestCase.runBare(TestCase.java:142)
	at org.finos.legend.engine.server.test.shared.Relational_DbSpecific_UsingPureClientTestSuite$2.runTest(Relational_DbSpecific_UsingPureClientTestSuite.java:90)
	at junit.framework.TestCase.runBare(TestCase.java:142)
	at junit.framework.TestResult$1.protect(TestResult.java:122)
	at junit.framework.TestResult.runProtected(TestResult.java:142)
	at junit.framework.TestResult.run(TestResult.java:125)
	at junit.framework.TestCase.run(TestCase.java:130)
	at junit.framework.TestSuite.runTest(TestSuite.java:241)
	at junit.framework.TestSuite.run(TestSuite.java:236)
	at junit.framework.TestSuite.runTest(TestSuite.java:241)
	at junit.framework.TestSuite.run(TestSuite.java:236)
	at junit.framework.TestSuite.runTest(TestSuite.java:241)
	at junit.framework.TestSuite.run(TestSuite.java:236)
	at junit.framework.TestSuite.runTest(TestSuite.java:241)
	at junit.framework.TestSuite.run(TestSuite.java:236)
	at junit.framework.TestSuite.runTest(TestSuite.java:241)
	at junit.framework.TestSuite.run(TestSuite.java:236)
	at junit.extensions.TestDecorator.basicRun(TestDecorator.java:24)
	at junit.extensions.TestSetup$1.protect(TestSetup.java:23)
	at junit.framework.TestResult.runProtected(TestResult.java:142)
	at junit.extensions.TestSetup.run(TestSetup.java:27)
	at org.junit.internal.runners.JUnit38ClassRunner.run(JUnit38ClassRunner.java:90)
	at org.apache.maven.surefire.junit4.JUnit4Provider.execute(JUnit4Provider.java:365)
	at org.apache.maven.surefire.junit4.JUnit4Provider.executeWithRerun(JUnit4Provider.java:273)
	at org.apache.maven.surefire.junit4.JUnit4Provider.executeTestSet(JUnit4Provider.java:238)
	at org.apache.maven.surefire.junit4.JUnit4Provider.invoke(JUnit4Provider.java:159)
	at org.apache.maven.surefire.booter.ForkedBooter.invokeProviderInSameClassLoader(ForkedBooter.java:384)
	at org.apache.maven.surefire.booter.ForkedBooter.runSuitesInProcess(ForkedBooter.java:345)
	at org.apache.maven.surefire.booter.ForkedBooter.execute(ForkedBooter.java:126)
	at org.apache.maven.surefire.booter.ForkedBooter.main(ForkedBooter.java:418)
]]></error>
    <system-out><![CDATA[Running db test selectSubClauses::orderBy::testDoubleSortMixedChain
{"duration":0.0,"eventType":"EXECUTION_PLAN_EXEC_ERROR","info":{"code":-1,"message":"SnowflakeSQLException: SQL compilation error:\nObject 'PERSONTABLE' does not exist or not authorized.","status":"error","trace":"java.lang.RuntimeException: net.snowflake.client.jdbc.SnowflakeSQLException: SQL compilation error:\nObject 'PERSONTABLE' does not exist or not authorized.\n\tat org.finos.legend.engine.plan.execution.stores.relational.result.SQLExecutionResult.<init>(SQLExecutionResult.java:123)\n\tat org.finos.legend.engine.plan.execution.stores.relational.RelationalExecutor.execute(RelationalExecutor.java:241)\n\tat org.finos.legend.engine.plan.execution.stores.relational.plugin.RelationalExecutionNodeExecutor.visit(RelationalExecutionNodeExecutor.java:238)\n\tat org.finos.legend.engine.plan.execution.stores.relational.plugin.RelationalExecutionNodeExecutor.visit(RelationalExecutionNodeExecutor.java:252)\n\tat org.finos.legend.engine.plan.execution.stores.relational.plugin.RelationalExecutionNodeExecutor.visit(RelationalExecutionNodeExecutor.java:92)\n\tat org.finos.legend.engine.protocol.pure.v1.model.executionPlan.nodes.RelationalTdsInstantiationExecutionNode.accept(RelationalTdsInstantiationExecutionNode.java:22)\n\tat org.finos.legend.engine.plan.execution.stores.relational.RelationalExecutionExtension.lambda$getExtraNodeExecutors$fbe53481$1(RelationalExecutionExtension.java:50)\n\tat org.finos.legend.engine.plan.execution.nodes.ExecutionNodeExecutor.lambda$visit$0(ExecutionNodeExecutor.java:164)\n\tat java.base/java.util.stream.ReferencePipeline$3$1.accept(ReferencePipeline.java:195)\n\tat java.base/java.util.Spliterators$ArraySpliterator.tryAdvance(Spliterators.java:958)\n\tat java.base/java.util.stream.ReferencePipeline.forEachWithCancel(ReferencePipeline.java:127)\n\tat java.base/java.util.stream.AbstractPipeline.copyIntoWithCancel(AbstractPipeline.java:502)\n\tat java.base/java.util.stream.AbstractPipeline.copyInto(AbstractPipeline.java:488)\n\tat java.base/java.util.stream.AbstractPipeline.wrapAndCopyInto(AbstractPipeline.java:474)\n\tat java.base/java.util.stream.FindOps$FindOp.evaluateSequential(FindOps.java:150)\n\tat java.base/java.util.stream.AbstractPipeline.evaluate(AbstractPipeline.java:234)\n\tat java.base/java.util.stream.ReferencePipeline.findFirst(ReferencePipeline.java:543)\n\tat org.finos.legend.engine.plan.execution.nodes.ExecutionNodeExecutor.visit(ExecutionNodeExecutor.java:164)\n\tat org.finos.legend.engine.plan.execution.nodes.ExecutionNodeExecutor.visit(ExecutionNodeExecutor.java:107)\n\tat org.finos.legend.engine.protocol.pure.v1.model.executionPlan.nodes.RelationalTdsInstantiationExecutionNode.accept(RelationalTdsInstantiationExecutionNode.java:22)\n\tat org.finos.legend.engine.plan.execution.PlanExecutor.execute(PlanExecutor.java:238)\n\tat org.finos.legend.engine.plan.execution.PlanExecutor.execute(PlanExecutor.java:225)\n\tat org.finos.legend.engine.plan.execution.api.ExecutePlan.doExecutePlanLegacy(ExecutePlan.java:102)\n\tat org.finos.legend.engine.plan.execution.api.ExecutePlan.doExecutePlan(ExecutePlan.java:84)\n\tat org.finos.legend.engine.plan.execution.api.ExecutePlanLegacy.executePlan(ExecutePlanLegacy.java:56)\n\tat jdk.internal.reflect.GeneratedMethodAccessor100.invoke(Unknown Source)\n\tat java.base/jdk.internal.reflect.DelegatingMethodAccessorImpl.invoke(DelegatingMethodAccessorImpl.java:43)\n\tat java.base/java.lang.reflect.Method.invoke(Method.java:566)\n\tat org.glassfish.jersey.server.model.internal.ResourceMethodInvocationHandlerFactory$1.invoke(ResourceMethodInvocationHandlerFactory.java:81)\n\tat org.glassfish.jersey.server.model.internal.AbstractJavaResourceMethodDispatcher$1.run(AbstractJavaResourceMethodDispatcher.java:144)\n\tat org.glassfish.jersey.server.model.internal.AbstractJavaResourceMethodDispatcher.invoke(AbstractJavaResourceMethodDispatcher.java:161)\n\tat org.glassfish.jersey.server.model.internal.JavaResourceMethodDispatcherProvider$ResponseOutInvoker.doDispatch(JavaResourceMethodDispatcherProvider.java:160)\n\tat org.glassfish.jersey.server.model.internal.AbstractJavaResourceMethodDispatcher.dispatch(AbstractJavaResourceMethodDispatcher.java:99)\n\tat org.glassfish.jersey.server.model.ResourceMethodInvoker.invoke(ResourceMethodInvoker.java:389)\n\tat org.glassfish.jersey.server.model.ResourceMethodInvoker.apply(ResourceMethodInvoker.java:347)\n\tat org.glassfish.jersey.server.model.ResourceMethodInvoker.apply(ResourceMethodInvoker.java:102)\n\tat org.glassfish.jersey.server.ServerRuntime$2.run(ServerRuntime.java:326)\n\tat org.glassfish.jersey.internal.Errors$1.call(Errors.java:271)\n\tat org.glassfish.jersey.internal.Errors$1.call(Errors.java:267)\n\tat org.glassfish.jersey.internal.Errors.process(Errors.java:315)\n\tat org.glassfish.jersey.internal.Errors.process(Errors.java:297)\n\tat org.glassfish.jersey.internal.Errors.process(Errors.java:267)\n\tat org.glassfish.jersey.process.internal.RequestScope.runInScope(RequestScope.java:317)\n\tat org.glassfish.jersey.server.ServerRuntime.process(ServerRuntime.java:305)\n\tat org.glassfish.jersey.server.ApplicationHandler.handle(ApplicationHandler.java:1154)\n\tat org.glassfish.jersey.servlet.WebComponent.serviceImpl(WebComponent.java:473)\n\tat org.glassfish.jersey.servlet.WebComponent.service(WebComponent.java:427)\n\tat org.glassfish.jersey.servlet.ServletContainer.service(ServletContainer.java:388)\n\tat org.glassfish.jersey.servlet.ServletContainer.service(ServletContainer.java:341)\n\tat org.glassfish.jersey.servlet.ServletContainer.service(ServletContainer.java:228)\n\tat org.eclipse.jetty.servlet.ServletHolder.handle(ServletHolder.java:799)\n\tat org.eclipse.jetty.servlet.ServletHandler$ChainEnd.doFilter(ServletHandler.java:1631)\n\tat io.dropwizard.servlets.ThreadNameFilter.doFilter(ThreadNameFilter.java:35)\n\tat org.eclipse.jetty.servlet.FilterHolder.doFilter(FilterHolder.java:193)\n\tat org.eclipse.jetty.servlet.ServletHandler$Chain.doFilter(ServletHandler.java:1601)\n\tat io.dropwizard.jersey.filter.AllowedMethodsFilter.handle(AllowedMethodsFilter.java:45)\n\tat io.dropwizard.jersey.filter.AllowedMethodsFilter.doFilter(AllowedMethodsFilter.java:39)\n\tat org.eclipse.jetty.servlet.FilterHolder.doFilter(FilterHolder.java:193)\n\tat org.eclipse.jetty.servlet.ServletHandler$Chain.doFilter(ServletHandler.java:1601)\n\tat org.finos.legend.server.pac4j.internal.UsernameFilter.doFilter(UsernameFilter.java:51)\n\tat org.eclipse.jetty.servlet.FilterHolder.doFilter(FilterHolder.java:193)\n\tat org.eclipse.jetty.servlet.ServletHandler$Chain.doFilter(ServletHandler.java:1601)\n\tat org.pac4j.j2e.filter.SecurityFilter.lambda$internalFilter$0(SecurityFilter.java:95)\n\tat org.pac4j.core.engine.DefaultSecurityLogic.perform(DefaultSecurityLogic.java:140)\n\tat org.pac4j.j2e.filter.SecurityFilter.internalFilter(SecurityFilter.java:93)\n\tat org.pac4j.j2e.filter.AbstractConfigFilter.doFilter(AbstractConfigFilter.java:81)\n\tat org.eclipse.jetty.servlet.FilterHolder.doFilter(FilterHolder.java:193)\n\tat org.eclipse.jetty.servlet.ServletHandler$Chain.doFilter(ServletHandler.java:1601)\n\tat org.eclipse.jetty.servlet.ServletHandler.doHandle(ServletHandler.java:548)\n\tat org.eclipse.jetty.server.handler.ScopedHandler.nextHandle(ScopedHandler.java:233)\n\tat org.eclipse.jetty.server.session.SessionHandler.doHandle(SessionHandler.java:1624)\n\tat org.eclipse.jetty.server.handler.ScopedHandler.nextHandle(ScopedHandler.java:233)\n\tat org.eclipse.jetty.server.handler.ContextHandler.doHandle(ContextHandler.java:1434)\n\tat org.eclipse.jetty.server.handler.ScopedHandler.nextScope(ScopedHandler.java:188)\n\tat org.eclipse.jetty.servlet.ServletHandler.doScope(ServletHandler.java:501)\n\tat org.eclipse.jetty.server.session.SessionHandler.doScope(SessionHandler.java:1594)\n\tat org.eclipse.jetty.server.handler.ScopedHandler.nextScope(ScopedHandler.java:186)\n\tat org.eclipse.jetty.server.handler.ContextHandler.doScope(ContextHandler.java:1349)\n\tat org.eclipse.jetty.server.handler.ScopedHandler.handle(ScopedHandler.java:141)\n\tat org.eclipse.jetty.server.handler.HandlerWrapper.handle(HandlerWrapper.java:127)\n\tat com.codahale.metrics.jetty9.InstrumentedHandler.handle(InstrumentedHandler.java:313)\n\tat io.dropwizard.jetty.ContextRoutingHandler.handle(ContextRoutingHandler.java:37)\n\tat org.eclipse.jetty.server.handler.gzip.GzipHandler.handle(GzipHandler.java:713)\n\tat io.dropwizard.jetty.BiDiGzipHandler.handle(BiDiGzipHandler.java:67)\n\tat org.eclipse.jetty.server.handler.StatisticsHandler.handle(StatisticsHandler.java:179)\n\tat org.eclipse.jetty.server.handler.HandlerWrapper.handle(HandlerWrapper.java:127)\n\tat org.eclipse.jetty.server.Server.handle(Server.java:516)\n\tat org.eclipse.jetty.server.HttpChannel.lambda$handle$1(HttpChannel.java:400)\n\tat org.eclipse.jetty.server.HttpChannel.dispatch(HttpChannel.java:645)\n\tat org.eclipse.jetty.server.HttpChannel.handle(HttpChannel.java:392)\n\tat org.eclipse.jetty.server.HttpConnection.onFillable(HttpConnection.java:277)\n\tat org.eclipse.jetty.io.AbstractConnection$ReadCallback.succeeded(AbstractConnection.java:311)\n\tat org.eclipse.jetty.io.FillInterest.fillable(FillInterest.java:105)\n\tat org.eclipse.jetty.io.ChannelEndPoint$1.run(ChannelEndPoint.java:104)\n\tat org.eclipse.jetty.util.thread.strategy.EatWhatYouKill.runTask(EatWhatYouKill.java:338)\n\tat org.eclipse.jetty.util.thread.strategy.EatWhatYouKill.doProduce(EatWhatYouKill.java:315)\n\tat org.eclipse.jetty.util.thread.strategy.EatWhatYouKill.tryProduce(EatWhatYouKill.java:173)\n\tat org.eclipse.jetty.util.thread.strategy.EatWhatYouKill.run(EatWhatYouKill.java:131)\n\tat org.eclipse.jetty.util.thread.ReservedThreadExecutor$ReservedThread.run(ReservedThreadExecutor.java:409)\n\tat org.eclipse.jetty.util.thread.QueuedThreadPool.runJob(QueuedThreadPool.java:883)\n\tat org.eclipse.jetty.util.thread.QueuedThreadPool$Runner.run(QueuedThreadPool.java:1034)\n\tat java.base/java.lang.Thread.run(Thread.java:829)\nCaused by: net.snowflake.client.jdbc.SnowflakeSQLException: SQL compilation error:\nObject 'PERSONTABLE' does not exist or not authorized.\n\tat net.snowflake.client.jdbc.SnowflakeUtil.checkErrorAndThrowExceptionSub(SnowflakeUtil.java:127)\n\tat net.snowflake.client.jdbc.SnowflakeUtil.checkErrorAndThrowException(SnowflakeUtil.java:67)\n\tat net.snowflake.client.core.StmtUtil.pollForOutput(StmtUtil.java:442)\n\tat net.snowflake.client.core.StmtUtil.execute(StmtUtil.java:345)\n\tat net.snowflake.client.core.SFStatement.executeHelper(SFStatement.java:486)\n\tat net.snowflake.client.core.SFStatement.executeQueryInternal(SFStatement.java:197)\n\tat net.snowflake.client.core.SFStatement.executeQuery(SFStatement.java:134)\n\tat net.snowflake.client.core.SFStatement.execute(SFStatement.java:743)\n\tat net.snowflake.client.core.SFStatement.execute(SFStatement.java:639)\n\tat net.snowflake.client.jdbc.SnowflakeStatementV1.executeQueryInternal(SnowflakeStatementV1.java:238)\n\tat net.snowflake.client.jdbc.SnowflakeStatementV1.executeQuery(SnowflakeStatementV1.java:133)\n\tat com.zaxxer.hikari.pool.ProxyStatement.executeQuery(ProxyStatement.java:110)\n\tat com.zaxxer.hikari.pool.HikariProxyStatement.executeQuery(HikariProxyStatement.java)\n\tat org.finos.legend.engine.plan.execution.stores.relational.result.SQLExecutionResult.<init>(SQLExecutionResult.java:95)\n\t... 101 more\n"},"mode":"DEV","timeStamp":"2023-02-23 01:31:54.670","user":"_UNKNOWN_"}
| **selectSubClauses::orderBy::testDoubleSortMixedChain** | failing :x: |
]]></system-out>
  </testcase>
  <testcase name="testDoubleSortMixed[Snowflake]" classname="org.finos.legend.engine.server.test.shared.Relational_DbSpecific_UsingPureClientTestSuite$2" time="0.21">
    <error message="Assert failure at (resource:/platform/pure/basics/tests/assertEq.pure line:34 column:5), &quot;500 &apos;{&quot;code&quot;:-1,&quot;message&quot;:&quot;SnowflakeSQLException: SQL compilation error:&#10;Object &apos;PERSONTABLE&apos; does not exist or not authorized.&quot;,&quot;status&quot;:&quot;error&quot;,&quot;trace&quot;:&quot;java.lang.RuntimeException: net.snowflake.client.jdbc.SnowflakeSQLException: SQL compilation error:&#10;Object &apos;PERSONTABLE&apos; does not exist or not authorized.&#10;at org.finos.legend.engine.plan.execution.stores.relational.result.SQLExecutionResult.&lt;init&gt;(SQLExecutionResult.java:123)&#10;at org.finos.legend.engine.plan.execution.stores.relational.RelationalExecutor.execute(RelationalExecutor.java:241)&#10;at org.finos.legend.engine.plan.execution.stores.relational.plugin.RelationalExecutionNodeExecutor.visit(RelationalExecutionNodeExecutor.java:238)&#10;at org.finos.legend.engine.plan.execution.stores.relational.plugin.RelationalExecutionNodeExecutor.visit(RelationalExecutionNodeExecutor.java:252)&#10;at org.finos.legend.engine.plan.execution.stores.relational.plugin.RelationalExecutionNodeExecutor.visit(RelationalExecutionNodeExecutor.java:92)&#10;at org.finos.legend.engine.protocol.pure.v1.model.executionPlan.nodes.RelationalTdsInstantiationExecutionNode.accept(RelationalTdsInstantiationExecutionNode.java:22)&#10;at org.finos.legend.engine.plan.execution.stores.relational.RelationalExecutionExtension.lambda$getExtraNodeExecutors$fbe53481$1(RelationalExecutionExtension.java:50)&#10;at org.finos.legend.engine.plan.execution.nodes.ExecutionNodeExecutor.lambda$visit$0(ExecutionNodeExecutor.java:164)&#10;at java.base/java.util.stream.ReferencePipeline$3$1.accept(ReferencePipeline.java:195)&#10;at java.base/java.util.Spliterators$ArraySpliterator.tryAdvance(Spliterators.java:958)&#10;at java.base/java.util.stream.ReferencePipeline.forEachWithCancel(ReferencePipeline.java:127)&#10;at java.base/java.util.stream.AbstractPipeline.copyIntoWithCancel(AbstractPipeline.java:502)&#10;at java.base/java.util.stream.AbstractPipeline.copyInto(AbstractPipeline.java:488)&#10;at java.base/java.util.stream.AbstractPipeline.wrapAndCopyInto(AbstractPipeline.java:474)&#10;at java.base/java.util.stream.FindOps$FindOp.evaluateSequential(FindOps.java:150)&#10;at java.base/java.util.stream.AbstractPipeline.evaluate(AbstractPipeline.java:234)&#10;at java.base/java.util.stream.ReferencePipeline.findFirst(ReferencePipeline.java:543)&#10;at org.finos.legend.engine.plan.execution.nodes.ExecutionNodeExecutor.visit(ExecutionNodeExecutor.java:164)&#10;at org.finos.legend.engine.plan.execution.nodes.ExecutionNodeExecutor.visit(ExecutionNodeExecutor.java:107)&#10;at org.finos.legend.engine.protocol.pure.v1.model.executionPlan.nodes.RelationalTdsInstantiationExecutionNode.accept(RelationalTdsInstantiationExecutionNode.java:22)&#10;at org.finos.legend.engine.plan.execution.PlanExecutor.execute(PlanExecutor.java:238)&#10;at org.finos.legend.engine.plan.execution.PlanExecutor.execute(PlanExecutor.java:225)&#10;at org.finos.legend.engine.plan.execution.api.ExecutePlan.doExecutePlanLegacy(ExecutePlan.java:102)&#10;at org.finos.legend.engine.plan.execution.api.ExecutePlan.doExecutePlan(ExecutePlan.java:84)&#10;at org.finos.legend.engine.plan.execution.api.ExecutePlanLegacy.executePlan(ExecutePlanLegacy.java:56)&#10;at jdk.internal.reflect.GeneratedMethodAccessor100.invoke(Unknown Source)&#10;at java.base/jdk.internal.reflect.DelegatingMethodAccessorImpl.invoke(DelegatingMethodAccessorImpl.java:43)&#10;at java.base/java.lang.reflect.Method.invoke(Method.java:566)&#10;at org.glassfish.jersey.server.model.internal.ResourceMethodInvocationHandlerFactory$1.invoke(ResourceMethodInvocationHandlerFactory.java:81)&#10;at org.glassfish.jersey.server.model.internal.AbstractJavaResourceMethodDispatcher$1.run(AbstractJavaResourceMethodDispatcher.java:144)&#10;at org.glassfish.jersey.server.model.internal.AbstractJavaResourceMethodDispatcher.invoke(AbstractJavaResourceMethodDispatcher.java:161)&#10;at org.glassfish.jersey.server.model.internal.JavaResourceMethodDispatcherProvider$ResponseOutInvoker.doDispatch(JavaResourceMethodDispatcherProvider.java:160)&#10;at org.glassfish.jersey.server.model.internal.AbstractJavaResourceMethodDispatcher.dispatch(AbstractJavaResourceMethodDispatcher.java:99)&#10;at org.glassfish.jersey.server.model.ResourceMethodInvoker.invoke(ResourceMethodInvoker.java:389)&#10;at org.glassfish.jersey.server.model.ResourceMethodInvoker.apply(ResourceMethodInvoker.java:347)&#10;at org.glassfish.jersey.server.model.ResourceMethodInvoker.apply(ResourceMethodInvoker.java:102)&#10;at org.glassfish.jersey.server.ServerRuntime$2.run(ServerRuntime.java:326)&#10;at org.glassfish.jersey.internal.Errors$1.call(Errors.java:271)&#10;at org.glassfish.jersey.internal.Errors$1.call(Errors.java:267)&#10;at org.glassfish.jersey.internal.Errors.process(Errors.java:315)&#10;at org.glassfish.jersey.internal.Errors.process(Errors.java:297)&#10;at org.glassfish.jersey.internal.Errors.process(Errors.java:267)&#10;at org.glassfish.jersey.process.internal.RequestScope.runInScope(RequestScope.java:317)&#10;at org.glassfish.jersey.server.ServerRuntime.process(ServerRuntime.java:305)&#10;at org.glassfish.jersey.server.ApplicationHandler.handle(ApplicationHandler.java:1154)&#10;at org.glassfish.jersey.servlet.WebComponent.serviceImpl(WebComponent.java:473)&#10;at org.glassfish.jersey.servlet.WebComponent.service(WebComponent.java:427)&#10;at org.glassfish.jersey.servlet.ServletContainer.service(ServletContainer.java:388)&#10;at org.glassfish.jersey.servlet.ServletContainer.service(ServletContainer.java:341)&#10;at org.glassfish.jersey.servlet.ServletContainer.service(ServletContainer.java:228)&#10;at org.eclipse.jetty.servlet.ServletHolder.handle(ServletHolder.java:799)&#10;at org.eclipse.jetty.servlet.ServletHandler$ChainEnd.doFilter(ServletHandler.java:1631)&#10;at io.dropwizard.servlets.ThreadNameFilter.doFilter(ThreadNameFilter.java:35)&#10;at org.eclipse.jetty.servlet.FilterHolder.doFilter(FilterHolder.java:193)&#10;at org.eclipse.jetty.servlet.ServletHandler$Chain.doFilter(ServletHandler.java:1601)&#10;at io.dropwizard.jersey.filter.AllowedMethodsFilter.handle(AllowedMethodsFilter.java:45)&#10;at io.dropwizard.jersey.filter.AllowedMethodsFilter.doFilter(AllowedMethodsFilter.java:39)&#10;at org.eclipse.jetty.servlet.FilterHolder.doFilter(FilterHolder.java:193)&#10;at org.eclipse.jetty.servlet.ServletHandler$Chain.doFilter(ServletHandler.java:1601)&#10;at org.finos.legend.server.pac4j.internal.UsernameFilter.doFilter(UsernameFilter.java:51)&#10;at org.eclipse.jetty.servlet.FilterHolder.doFilter(FilterHolder.java:193)&#10;at org.eclipse.jetty.servlet.ServletHandler$Chain.doFilter(ServletHandler.java:1601)&#10;at org.pac4j.j2e.filter.SecurityFilter.lambda$internalFilter$0(SecurityFilter.java:95)&#10;at org.pac4j.core.engine.DefaultSecurityLogic.perform(DefaultSecurityLogic.java:140)&#10;at org.pac4j.j2e.filter.SecurityFilter.internalFilter(SecurityFilter.java:93)&#10;at org.pac4j.j2e.filter.AbstractConfigFilter.doFilter(AbstractConfigFilter.java:81)&#10;at org.eclipse.jetty.servlet.FilterHolder.doFilter(FilterHolder.java:193)&#10;at org.eclipse.jetty.servlet.ServletHandler$Chain.doFilter(ServletHandler.java:1601)&#10;at org.eclipse.jetty.servlet.ServletHandler.doHandle(ServletHandler.java:548)&#10;at org.eclipse.jetty.server.handler.ScopedHandler.nextHandle(ScopedHandler.java:233)&#10;at org.eclipse.jetty.server.session.SessionHandler.doHandle(SessionHandler.java:1624)&#10;at org.eclipse.jetty.server.handler.ScopedHandler.nextHandle(ScopedHandler.java:233)&#10;at org.eclipse.jetty.server.handler.ContextHandler.doHandle(ContextHandler.java:1434)&#10;at org.eclipse.jetty.server.handler.ScopedHandler.nextScope(ScopedHandler.java:188)&#10;at org.eclipse.jetty.servlet.ServletHandler.doScope(ServletHandler.java:501)&#10;at org.eclipse.jetty.server.session.SessionHandler.doScope(SessionHandler.java:1594)&#10;at org.eclipse.jetty.server.handler.ScopedHandler.nextScope(ScopedHandler.java:186)&#10;at org.eclipse.jetty.server.handler.ContextHandler.doScope(ContextHandler.java:1349)&#10;at org.eclipse.jetty.server.handler.ScopedHandler.handle(ScopedHandler.java:141)&#10;at org.eclipse.jetty.server.handler.HandlerWrapper.handle(HandlerWrapper.java:127)&#10;at com.codahale.metrics.jetty9.InstrumentedHandler.handle(InstrumentedHandler.java:313)&#10;at io.dropwizard.jetty.ContextRoutingHandler.handle(ContextRoutingHandler.java:37)&#10;at org.eclipse.jetty.server.handler.gzip.GzipHandler.handle(GzipHandler.java:713)&#10;at io.dropwizard.jetty.BiDiGzipHandler.handle(BiDiGzipHandler.java:67)&#10;at org.eclipse.jetty.server.handler.StatisticsHandler.handle(StatisticsHandler.java:179)&#10;at org.eclipse.jetty.server.handler.HandlerWrapper.handle(HandlerWrapper.java:127)&#10;at org.eclipse.jetty.server.Server.handle(Server.java:516)&#10;at org.eclipse.jetty.server.HttpChannel.lambda$handle$1(HttpChannel.java:400)&#10;at org.eclipse.jetty.server.HttpChannel.dispatch(HttpChannel.java:645)&#10;at org.eclipse.jetty.server.HttpChannel.handle(HttpChannel.java:392)&#10;at org.eclipse.jetty.server.HttpConnection.onFillable(HttpConnection.java:277)&#10;at org.eclipse.jetty.io.AbstractConnection$ReadCallback.succeeded(AbstractConnection.java:311)&#10;at org.eclipse.jetty.io.FillInterest.fillable(FillInterest.java:105)&#10;at org.eclipse.jetty.io.ChannelEndPoint$1.run(ChannelEndPoint.java:104)&#10;at org.eclipse.jetty.util.thread.strategy.EatWhatYouKill.runTask(EatWhatYouKill.java:338)&#10;at org.eclipse.jetty.util.thread.strategy.EatWhatYouKill.doProduce(EatWhatYouKill.java:315)&#10;at org.eclipse.jetty.util.thread.strategy.EatWhatYouKill.tryProduce(EatWhatYouKill.java:173)&#10;at org.eclipse.jetty.util.thread.strategy.EatWhatYouKill.run(EatWhatYouKill.java:131)&#10;at org.eclipse.jetty.util.thread.ReservedThreadExecutor$ReservedThread.run(ReservedThreadExecutor.java:409)&#10;at org.eclipse.jetty.util.thread.QueuedThreadPool.runJob(QueuedThreadPool.java:883)&#10;at org.eclipse.jetty.util.thread.QueuedThreadPool$Runner.run(QueuedThreadPool.java:1034)&#10;at java.base/java.lang.Thread.run(Thread.java:829)&#10;Caused by: net.snowflake.client.jdbc.SnowflakeSQLException: SQL compilation error:&#10;Object &apos;PERSONTABLE&apos; does not exist or not authorized.&#10;at net.snowflake.client.jdbc.SnowflakeUtil.checkErrorAndThrowExceptionSub(SnowflakeUtil.java:127)&#10;at net.snowflake.client.jdbc.SnowflakeUtil.checkErrorAndThrowException(SnowflakeUtil.java:67)&#10;at net.snowflake.client.core.StmtUtil.pollForOutput(StmtUtil.java:442)&#10;at net.snowflake.client.core.StmtUtil.execute(StmtUtil.java:345)&#10;at net.snowflake.client.core.SFStatement.executeHelper(SFStatement.java:486)&#10;at net.snowflake.client.core.SFStatement.executeQueryInternal(SFStatement.java:197)&#10;at net.snowflake.client.core.SFStatement.executeQuery(SFStatement.java:134)&#10;at net.snowflake.client.core.SFStatement.execute(SFStatement.java:743)&#10;at net.snowflake.client.core.SFStatement.execute(SFStatement.java:639)&#10;at net.snowflake.client.jdbc.SnowflakeStatementV1.executeQueryInternal(SnowflakeStatementV1.java:238)&#10;at net.snowflake.client.jdbc.SnowflakeStatementV1.executeQuery(SnowflakeStatementV1.java:133)&#10;at com.zaxxer.hikari.pool.ProxyStatement.executeQuery(ProxyStatement.java:110)&#10;at com.zaxxer.hikari.pool.HikariProxyStatement.executeQuery(HikariProxyStatement.java)&#10;at org.finos.legend.engine.plan.execution.stores.relational.result.SQLExecutionResult.&lt;init&gt;(SQLExecutionResult.java:95)&#10;... 101 more&#10;&quot;}&apos;&quot;" type="Assert failure at (resource"><![CDATA[Assert failure at (resource:/platform/pure/basics/tests/assertEq.pure line:34 column:5), "500 '{"code":-1,"message":"SnowflakeSQLException: SQL compilation error:
Object 'PERSONTABLE' does not exist or not authorized.","status":"error","trace":"java.lang.RuntimeException: net.snowflake.client.jdbc.SnowflakeSQLException: SQL compilation error:
Object 'PERSONTABLE' does not exist or not authorized.
at org.finos.legend.engine.plan.execution.stores.relational.result.SQLExecutionResult.<init>(SQLExecutionResult.java:123)
at org.finos.legend.engine.plan.execution.stores.relational.RelationalExecutor.execute(RelationalExecutor.java:241)
at org.finos.legend.engine.plan.execution.stores.relational.plugin.RelationalExecutionNodeExecutor.visit(RelationalExecutionNodeExecutor.java:238)
at org.finos.legend.engine.plan.execution.stores.relational.plugin.RelationalExecutionNodeExecutor.visit(RelationalExecutionNodeExecutor.java:252)
at org.finos.legend.engine.plan.execution.stores.relational.plugin.RelationalExecutionNodeExecutor.visit(RelationalExecutionNodeExecutor.java:92)
at org.finos.legend.engine.protocol.pure.v1.model.executionPlan.nodes.RelationalTdsInstantiationExecutionNode.accept(RelationalTdsInstantiationExecutionNode.java:22)
at org.finos.legend.engine.plan.execution.stores.relational.RelationalExecutionExtension.lambda$getExtraNodeExecutors$fbe53481$1(RelationalExecutionExtension.java:50)
at org.finos.legend.engine.plan.execution.nodes.ExecutionNodeExecutor.lambda$visit$0(ExecutionNodeExecutor.java:164)
at java.base/java.util.stream.ReferencePipeline$3$1.accept(ReferencePipeline.java:195)
at java.base/java.util.Spliterators$ArraySpliterator.tryAdvance(Spliterators.java:958)
at java.base/java.util.stream.ReferencePipeline.forEachWithCancel(ReferencePipeline.java:127)
at java.base/java.util.stream.AbstractPipeline.copyIntoWithCancel(AbstractPipeline.java:502)
at java.base/java.util.stream.AbstractPipeline.copyInto(AbstractPipeline.java:488)
at java.base/java.util.stream.AbstractPipeline.wrapAndCopyInto(AbstractPipeline.java:474)
at java.base/java.util.stream.FindOps$FindOp.evaluateSequential(FindOps.java:150)
at java.base/java.util.stream.AbstractPipeline.evaluate(AbstractPipeline.java:234)
at java.base/java.util.stream.ReferencePipeline.findFirst(ReferencePipeline.java:543)
at org.finos.legend.engine.plan.execution.nodes.ExecutionNodeExecutor.visit(ExecutionNodeExecutor.java:164)
at org.finos.legend.engine.plan.execution.nodes.ExecutionNodeExecutor.visit(ExecutionNodeExecutor.java:107)
at org.finos.legend.engine.protocol.pure.v1.model.executionPlan.nodes.RelationalTdsInstantiationExecutionNode.accept(RelationalTdsInstantiationExecutionNode.java:22)
at org.finos.legend.engine.plan.execution.PlanExecutor.execute(PlanExecutor.java:238)
at org.finos.legend.engine.plan.execution.PlanExecutor.execute(PlanExecutor.java:225)
at org.finos.legend.engine.plan.execution.api.ExecutePlan.doExecutePlanLegacy(ExecutePlan.java:102)
at org.finos.legend.engine.plan.execution.api.ExecutePlan.doExecutePlan(ExecutePlan.java:84)
at org.finos.legend.engine.plan.execution.api.ExecutePlanLegacy.executePlan(ExecutePlanLegacy.java:56)
at jdk.internal.reflect.GeneratedMethodAccessor100.invoke(Unknown Source)
at java.base/jdk.internal.reflect.DelegatingMethodAccessorImpl.invoke(DelegatingMethodAccessorImpl.java:43)
at java.base/java.lang.reflect.Method.invoke(Method.java:566)
at org.glassfish.jersey.server.model.internal.ResourceMethodInvocationHandlerFactory$1.invoke(ResourceMethodInvocationHandlerFactory.java:81)
at org.glassfish.jersey.server.model.internal.AbstractJavaResourceMethodDispatcher$1.run(AbstractJavaResourceMethodDispatcher.java:144)
at org.glassfish.jersey.server.model.internal.AbstractJavaResourceMethodDispatcher.invoke(AbstractJavaResourceMethodDispatcher.java:161)
at org.glassfish.jersey.server.model.internal.JavaResourceMethodDispatcherProvider$ResponseOutInvoker.doDispatch(JavaResourceMethodDispatcherProvider.java:160)
at org.glassfish.jersey.server.model.internal.AbstractJavaResourceMethodDispatcher.dispatch(AbstractJavaResourceMethodDispatcher.java:99)
at org.glassfish.jersey.server.model.ResourceMethodInvoker.invoke(ResourceMethodInvoker.java:389)
at org.glassfish.jersey.server.model.ResourceMethodInvoker.apply(ResourceMethodInvoker.java:347)
at org.glassfish.jersey.server.model.ResourceMethodInvoker.apply(ResourceMethodInvoker.java:102)
at org.glassfish.jersey.server.ServerRuntime$2.run(ServerRuntime.java:326)
at org.glassfish.jersey.internal.Errors$1.call(Errors.java:271)
at org.glassfish.jersey.internal.Errors$1.call(Errors.java:267)
at org.glassfish.jersey.internal.Errors.process(Errors.java:315)
at org.glassfish.jersey.internal.Errors.process(Errors.java:297)
at org.glassfish.jersey.internal.Errors.process(Errors.java:267)
at org.glassfish.jersey.process.internal.RequestScope.runInScope(RequestScope.java:317)
at org.glassfish.jersey.server.ServerRuntime.process(ServerRuntime.java:305)
at org.glassfish.jersey.server.ApplicationHandler.handle(ApplicationHandler.java:1154)
at org.glassfish.jersey.servlet.WebComponent.serviceImpl(WebComponent.java:473)
at org.glassfish.jersey.servlet.WebComponent.service(WebComponent.java:427)
at org.glassfish.jersey.servlet.ServletContainer.service(ServletContainer.java:388)
at org.glassfish.jersey.servlet.ServletContainer.service(ServletContainer.java:341)
at org.glassfish.jersey.servlet.ServletContainer.service(ServletContainer.java:228)
at org.eclipse.jetty.servlet.ServletHolder.handle(ServletHolder.java:799)
at org.eclipse.jetty.servlet.ServletHandler$ChainEnd.doFilter(ServletHandler.java:1631)
at io.dropwizard.servlets.ThreadNameFilter.doFilter(ThreadNameFilter.java:35)
at org.eclipse.jetty.servlet.FilterHolder.doFilter(FilterHolder.java:193)
at org.eclipse.jetty.servlet.ServletHandler$Chain.doFilter(ServletHandler.java:1601)
at io.dropwizard.jersey.filter.AllowedMethodsFilter.handle(AllowedMethodsFilter.java:45)
at io.dropwizard.jersey.filter.AllowedMethodsFilter.doFilter(AllowedMethodsFilter.java:39)
at org.eclipse.jetty.servlet.FilterHolder.doFilter(FilterHolder.java:193)
at org.eclipse.jetty.servlet.ServletHandler$Chain.doFilter(ServletHandler.java:1601)
at org.finos.legend.server.pac4j.internal.UsernameFilter.doFilter(UsernameFilter.java:51)
at org.eclipse.jetty.servlet.FilterHolder.doFilter(FilterHolder.java:193)
at org.eclipse.jetty.servlet.ServletHandler$Chain.doFilter(ServletHandler.java:1601)
at org.pac4j.j2e.filter.SecurityFilter.lambda$internalFilter$0(SecurityFilter.java:95)
at org.pac4j.core.engine.DefaultSecurityLogic.perform(DefaultSecurityLogic.java:140)
at org.pac4j.j2e.filter.SecurityFilter.internalFilter(SecurityFilter.java:93)
at org.pac4j.j2e.filter.AbstractConfigFilter.doFilter(AbstractConfigFilter.java:81)
at org.eclipse.jetty.servlet.FilterHolder.doFilter(FilterHolder.java:193)
at org.eclipse.jetty.servlet.ServletHandler$Chain.doFilter(ServletHandler.java:1601)
at org.eclipse.jetty.servlet.ServletHandler.doHandle(ServletHandler.java:548)
at org.eclipse.jetty.server.handler.ScopedHandler.nextHandle(ScopedHandler.java:233)
at org.eclipse.jetty.server.session.SessionHandler.doHandle(SessionHandler.java:1624)
at org.eclipse.jetty.server.handler.ScopedHandler.nextHandle(ScopedHandler.java:233)
at org.eclipse.jetty.server.handler.ContextHandler.doHandle(ContextHandler.java:1434)
at org.eclipse.jetty.server.handler.ScopedHandler.nextScope(ScopedHandler.java:188)
at org.eclipse.jetty.servlet.ServletHandler.doScope(ServletHandler.java:501)
at org.eclipse.jetty.server.session.SessionHandler.doScope(SessionHandler.java:1594)
at org.eclipse.jetty.server.handler.ScopedHandler.nextScope(ScopedHandler.java:186)
at org.eclipse.jetty.server.handler.ContextHandler.doScope(ContextHandler.java:1349)
at org.eclipse.jetty.server.handler.ScopedHandler.handle(ScopedHandler.java:141)
at org.eclipse.jetty.server.handler.HandlerWrapper.handle(HandlerWrapper.java:127)
at com.codahale.metrics.jetty9.InstrumentedHandler.handle(InstrumentedHandler.java:313)
at io.dropwizard.jetty.ContextRoutingHandler.handle(ContextRoutingHandler.java:37)
at org.eclipse.jetty.server.handler.gzip.GzipHandler.handle(GzipHandler.java:713)
at io.dropwizard.jetty.BiDiGzipHandler.handle(BiDiGzipHandler.java:67)
at org.eclipse.jetty.server.handler.StatisticsHandler.handle(StatisticsHandler.java:179)
at org.eclipse.jetty.server.handler.HandlerWrapper.handle(HandlerWrapper.java:127)
at org.eclipse.jetty.server.Server.handle(Server.java:516)
at org.eclipse.jetty.server.HttpChannel.lambda$handle$1(HttpChannel.java:400)
at org.eclipse.jetty.server.HttpChannel.dispatch(HttpChannel.java:645)
at org.eclipse.jetty.server.HttpChannel.handle(HttpChannel.java:392)
at org.eclipse.jetty.server.HttpConnection.onFillable(HttpConnection.java:277)
at org.eclipse.jetty.io.AbstractConnection$ReadCallback.succeeded(AbstractConnection.java:311)
at org.eclipse.jetty.io.FillInterest.fillable(FillInterest.java:105)
at org.eclipse.jetty.io.ChannelEndPoint$1.run(ChannelEndPoint.java:104)
at org.eclipse.jetty.util.thread.strategy.EatWhatYouKill.runTask(EatWhatYouKill.java:338)
at org.eclipse.jetty.util.thread.strategy.EatWhatYouKill.doProduce(EatWhatYouKill.java:315)
at org.eclipse.jetty.util.thread.strategy.EatWhatYouKill.tryProduce(EatWhatYouKill.java:173)
at org.eclipse.jetty.util.thread.strategy.EatWhatYouKill.run(EatWhatYouKill.java:131)
at org.eclipse.jetty.util.thread.ReservedThreadExecutor$ReservedThread.run(ReservedThreadExecutor.java:409)
at org.eclipse.jetty.util.thread.QueuedThreadPool.runJob(QueuedThreadPool.java:883)
at org.eclipse.jetty.util.thread.QueuedThreadPool$Runner.run(QueuedThreadPool.java:1034)
at java.base/java.lang.Thread.run(Thread.java:829)
Caused by: net.snowflake.client.jdbc.SnowflakeSQLException: SQL compilation error:
Object 'PERSONTABLE' does not exist or not authorized.
at net.snowflake.client.jdbc.SnowflakeUtil.checkErrorAndThrowExceptionSub(SnowflakeUtil.java:127)
at net.snowflake.client.jdbc.SnowflakeUtil.checkErrorAndThrowException(SnowflakeUtil.java:67)
at net.snowflake.client.core.StmtUtil.pollForOutput(StmtUtil.java:442)
at net.snowflake.client.core.StmtUtil.execute(StmtUtil.java:345)
at net.snowflake.client.core.SFStatement.executeHelper(SFStatement.java:486)
at net.snowflake.client.core.SFStatement.executeQueryInternal(SFStatement.java:197)
at net.snowflake.client.core.SFStatement.executeQuery(SFStatement.java:134)
at net.snowflake.client.core.SFStatement.execute(SFStatement.java:743)
at net.snowflake.client.core.SFStatement.execute(SFStatement.java:639)
at net.snowflake.client.jdbc.SnowflakeStatementV1.executeQueryInternal(SnowflakeStatementV1.java:238)
at net.snowflake.client.jdbc.SnowflakeStatementV1.executeQuery(SnowflakeStatementV1.java:133)
at com.zaxxer.hikari.pool.ProxyStatement.executeQuery(ProxyStatement.java:110)
at com.zaxxer.hikari.pool.HikariProxyStatement.executeQuery(HikariProxyStatement.java)
at org.finos.legend.engine.plan.execution.stores.relational.result.SQLExecutionResult.<init>(SQLExecutionResult.java:95)
... 101 more
"}'"
	at org.finos.legend.pure.runtime.java.compiled.generation.processors.support.CompiledSupport.pureAssert(CompiledSupport.java:1994)
	at org.finos.legend.pure.generated.platform_pure_basics_tests_assertEq.Root_meta_pure_functions_asserts_assertEq_Any_1__Any_1__Function_1__Boolean_1_(platform_pure_basics_tests_assertEq.java:44)
	at org.finos.legend.pure.generated.core_pure_protocol_vX_X_X_invocations_execution.Root_meta_protocols_pure_vX_X_X_invocation_execution_execute_executePlan_String_1__String_1__Integer_1__String_1_(core_pure_protocol_vX_X_X_invocations_execution.java:751)
	at org.finos.legend.pure.generated.core_pure_protocol_vX_X_X_invocations_execution.Root_meta_protocols_pure_vX_X_X_invocation_execution_execute_executePlan_ExecutionPlan_1__String_1__Integer_1__Extension_MANY__String_1_(core_pure_protocol_vX_X_X_invocations_execution.java:745)
	at org.finos.legend.pure.generated.core_pure_protocol_vX_X_X_invocations_execution.Root_meta_protocols_pure_vX_X_X_invocation_execution_execute_executePlan_ExecutionPlan_1__ExecutionContext_$0_1$__String_1__Integer_1__Extension_MANY__Result_1_(core_pure_protocol_vX_X_X_invocations_execution.java:738)
	at jdk.internal.reflect.GeneratedMethodAccessor96.invoke(Unknown Source)
	at java.base/jdk.internal.reflect.DelegatingMethodAccessorImpl.invoke(DelegatingMethodAccessorImpl.java:43)
	at java.base/java.lang.reflect.Method.invoke(Method.java:566)
	at org.finos.legend.pure.runtime.java.compiled.metadata.JavaMethodWithParamsSharedPureFunction.execute(JavaMethodWithParamsSharedPureFunction.java:59)
	at org.finos.legend.pure.runtime.java.compiled.generation.processors.support.Pure._evaluateToMany(Pure.java:546)
	at org.finos.legend.pure.generated.CoreGen.evaluateToMany(CoreGen.java:147)
	at org.finos.legend.pure.generated.CoreGen.evaluateToMany(CoreGen.java:134)
	at org.finos.legend.pure.generated.core_pure_router_router_entry$9$1.value(core_pure_router_router_entry.java:318)
	at org.finos.legend.pure.generated.core_pure_router_router_entry$9$1.execute(core_pure_router_router_entry.java:311)
	at org.finos.legend.pure.generated.core_pure_router_router_entry$9$1.execute(core_pure_router_router_entry.java:307)
	at org.finos.legend.pure.runtime.java.compiled.generation.processors.support.Pure.evaluate(Pure.java:485)
	at org.finos.legend.pure.runtime.java.compiled.generation.processors.support.Pure.legendTest(Pure.java:216)
	at org.finos.legend.pure.generated.CoreGen.legendTest(CoreGen.java:61)
	at org.finos.legend.pure.generated.core_pure_router_router_entry$9.valueOf(core_pure_router_router_entry.java:303)
	at org.finos.legend.pure.generated.core_pure_router_router_entry$9.execute(core_pure_router_router_entry.java:298)
	at org.finos.legend.pure.generated.core_pure_router_router_entry$9.execute(core_pure_router_router_entry.java:294)
	at org.finos.legend.pure.runtime.java.compiled.generation.processors.support.Pure.evaluate(Pure.java:485)
	at org.finos.legend.pure.runtime.java.compiled.generation.processors.support.Pure.traceSpan(Pure.java:1482)
	at org.finos.legend.pure.generated.CoreGen.traceSpan(CoreGen.java:203)
	at org.finos.legend.pure.generated.core_pure_router_router_entry.Root_meta_pure_router_executePlan_ExecutionPlan_1__ExecutionContext_1__Extension_MANY__Result_$0_1$_(core_pure_router_router_entry.java:290)
	at org.finos.legend.pure.generated.core_pure_router_router_entry.Root_meta_pure_router_executePlan_ExecutionPlan_1__Extension_MANY__Result_$0_1$_(core_pure_router_router_entry.java:285)
	at org.finos.legend.pure.generated.core_relational_relational_sqlQueryToString_dbTestRunner_executionPlanTestRunner$19.execute(core_relational_relational_sqlQueryToString_dbTestRunner_executionPlanTestRunner.java:305)
	at org.finos.legend.pure.generated.core_relational_relational_sqlQueryToString_dbTestRunner_executionPlanTestRunner.Root_meta_relational_dbTestRunner_executeViaPlan_FunctionDefinition_1__Mapping_1__Database_1__DbTestConfig_1__Extension_MANY__Result_$0_1$_(core_relational_relational_sqlQueryToString_dbTestRunner_executionPlanTestRunner.java:309)
	at org.finos.legend.pure.generated.core_relational_relational_sqlQueryToString_testSuite_selectSubClauses_orderBy.Root_meta_relational_tests_dbSpecificTests_sqlQueryTests_selectSubClauses_orderBy_testDoubleSortMixed_DbTestConfig_1__Boolean_1_(core_relational_relational_sqlQueryToString_testSuite_selectSubClauses_orderBy.java:664)
	at java.base/jdk.internal.reflect.NativeMethodAccessorImpl.invoke0(Native Method)
	at java.base/jdk.internal.reflect.NativeMethodAccessorImpl.invoke(NativeMethodAccessorImpl.java:62)
	at java.base/jdk.internal.reflect.DelegatingMethodAccessorImpl.invoke(DelegatingMethodAccessorImpl.java:43)
	at java.base/java.lang.reflect.Method.invoke(Method.java:566)
	at org.finos.legend.pure.runtime.java.compiled.testHelper.PureTestBuilderCompiled.executeFn(PureTestBuilderCompiled.java:113)
	at org.finos.legend.pure.runtime.java.compiled.testHelper.PureTestBuilderCompiled.lambda$buildSuite$0(PureTestBuilderCompiled.java:79)
	at org.finos.legend.pure.m3.execution.test.PureTestBuilder$PureTestCase.runTest(PureTestBuilder.java:95)
	at junit.framework.TestCase.runBare(TestCase.java:142)
	at org.finos.legend.engine.server.test.shared.Relational_DbSpecific_UsingPureClientTestSuite$2.runTest(Relational_DbSpecific_UsingPureClientTestSuite.java:90)
	at junit.framework.TestCase.runBare(TestCase.java:142)
	at junit.framework.TestResult$1.protect(TestResult.java:122)
	at junit.framework.TestResult.runProtected(TestResult.java:142)
	at junit.framework.TestResult.run(TestResult.java:125)
	at junit.framework.TestCase.run(TestCase.java:130)
	at junit.framework.TestSuite.runTest(TestSuite.java:241)
	at junit.framework.TestSuite.run(TestSuite.java:236)
	at junit.framework.TestSuite.runTest(TestSuite.java:241)
	at junit.framework.TestSuite.run(TestSuite.java:236)
	at junit.framework.TestSuite.runTest(TestSuite.java:241)
	at junit.framework.TestSuite.run(TestSuite.java:236)
	at junit.framework.TestSuite.runTest(TestSuite.java:241)
	at junit.framework.TestSuite.run(TestSuite.java:236)
	at junit.framework.TestSuite.runTest(TestSuite.java:241)
	at junit.framework.TestSuite.run(TestSuite.java:236)
	at junit.extensions.TestDecorator.basicRun(TestDecorator.java:24)
	at junit.extensions.TestSetup$1.protect(TestSetup.java:23)
	at junit.framework.TestResult.runProtected(TestResult.java:142)
	at junit.extensions.TestSetup.run(TestSetup.java:27)
	at org.junit.internal.runners.JUnit38ClassRunner.run(JUnit38ClassRunner.java:90)
	at org.apache.maven.surefire.junit4.JUnit4Provider.execute(JUnit4Provider.java:365)
	at org.apache.maven.surefire.junit4.JUnit4Provider.executeWithRerun(JUnit4Provider.java:273)
	at org.apache.maven.surefire.junit4.JUnit4Provider.executeTestSet(JUnit4Provider.java:238)
	at org.apache.maven.surefire.junit4.JUnit4Provider.invoke(JUnit4Provider.java:159)
	at org.apache.maven.surefire.booter.ForkedBooter.invokeProviderInSameClassLoader(ForkedBooter.java:384)
	at org.apache.maven.surefire.booter.ForkedBooter.runSuitesInProcess(ForkedBooter.java:345)
	at org.apache.maven.surefire.booter.ForkedBooter.execute(ForkedBooter.java:126)
	at org.apache.maven.surefire.booter.ForkedBooter.main(ForkedBooter.java:418)
]]></error>
    <system-out><![CDATA[Running db test selectSubClauses::orderBy::testDoubleSortMixed
{"duration":0.0,"eventType":"EXECUTION_PLAN_EXEC_ERROR","info":{"code":-1,"message":"SnowflakeSQLException: SQL compilation error:\nObject 'PERSONTABLE' does not exist or not authorized.","status":"error","trace":"java.lang.RuntimeException: net.snowflake.client.jdbc.SnowflakeSQLException: SQL compilation error:\nObject 'PERSONTABLE' does not exist or not authorized.\n\tat org.finos.legend.engine.plan.execution.stores.relational.result.SQLExecutionResult.<init>(SQLExecutionResult.java:123)\n\tat org.finos.legend.engine.plan.execution.stores.relational.RelationalExecutor.execute(RelationalExecutor.java:241)\n\tat org.finos.legend.engine.plan.execution.stores.relational.plugin.RelationalExecutionNodeExecutor.visit(RelationalExecutionNodeExecutor.java:238)\n\tat org.finos.legend.engine.plan.execution.stores.relational.plugin.RelationalExecutionNodeExecutor.visit(RelationalExecutionNodeExecutor.java:252)\n\tat org.finos.legend.engine.plan.execution.stores.relational.plugin.RelationalExecutionNodeExecutor.visit(RelationalExecutionNodeExecutor.java:92)\n\tat org.finos.legend.engine.protocol.pure.v1.model.executionPlan.nodes.RelationalTdsInstantiationExecutionNode.accept(RelationalTdsInstantiationExecutionNode.java:22)\n\tat org.finos.legend.engine.plan.execution.stores.relational.RelationalExecutionExtension.lambda$getExtraNodeExecutors$fbe53481$1(RelationalExecutionExtension.java:50)\n\tat org.finos.legend.engine.plan.execution.nodes.ExecutionNodeExecutor.lambda$visit$0(ExecutionNodeExecutor.java:164)\n\tat java.base/java.util.stream.ReferencePipeline$3$1.accept(ReferencePipeline.java:195)\n\tat java.base/java.util.Spliterators$ArraySpliterator.tryAdvance(Spliterators.java:958)\n\tat java.base/java.util.stream.ReferencePipeline.forEachWithCancel(ReferencePipeline.java:127)\n\tat java.base/java.util.stream.AbstractPipeline.copyIntoWithCancel(AbstractPipeline.java:502)\n\tat java.base/java.util.stream.AbstractPipeline.copyInto(AbstractPipeline.java:488)\n\tat java.base/java.util.stream.AbstractPipeline.wrapAndCopyInto(AbstractPipeline.java:474)\n\tat java.base/java.util.stream.FindOps$FindOp.evaluateSequential(FindOps.java:150)\n\tat java.base/java.util.stream.AbstractPipeline.evaluate(AbstractPipeline.java:234)\n\tat java.base/java.util.stream.ReferencePipeline.findFirst(ReferencePipeline.java:543)\n\tat org.finos.legend.engine.plan.execution.nodes.ExecutionNodeExecutor.visit(ExecutionNodeExecutor.java:164)\n\tat org.finos.legend.engine.plan.execution.nodes.ExecutionNodeExecutor.visit(ExecutionNodeExecutor.java:107)\n\tat org.finos.legend.engine.protocol.pure.v1.model.executionPlan.nodes.RelationalTdsInstantiationExecutionNode.accept(RelationalTdsInstantiationExecutionNode.java:22)\n\tat org.finos.legend.engine.plan.execution.PlanExecutor.execute(PlanExecutor.java:238)\n\tat org.finos.legend.engine.plan.execution.PlanExecutor.execute(PlanExecutor.java:225)\n\tat org.finos.legend.engine.plan.execution.api.ExecutePlan.doExecutePlanLegacy(ExecutePlan.java:102)\n\tat org.finos.legend.engine.plan.execution.api.ExecutePlan.doExecutePlan(ExecutePlan.java:84)\n\tat org.finos.legend.engine.plan.execution.api.ExecutePlanLegacy.executePlan(ExecutePlanLegacy.java:56)\n\tat jdk.internal.reflect.GeneratedMethodAccessor100.invoke(Unknown Source)\n\tat java.base/jdk.internal.reflect.DelegatingMethodAccessorImpl.invoke(DelegatingMethodAccessorImpl.java:43)\n\tat java.base/java.lang.reflect.Method.invoke(Method.java:566)\n\tat org.glassfish.jersey.server.model.internal.ResourceMethodInvocationHandlerFactory$1.invoke(ResourceMethodInvocationHandlerFactory.java:81)\n\tat org.glassfish.jersey.server.model.internal.AbstractJavaResourceMethodDispatcher$1.run(AbstractJavaResourceMethodDispatcher.java:144)\n\tat org.glassfish.jersey.server.model.internal.AbstractJavaResourceMethodDispatcher.invoke(AbstractJavaResourceMethodDispatcher.java:161)\n\tat org.glassfish.jersey.server.model.internal.JavaResourceMethodDispatcherProvider$ResponseOutInvoker.doDispatch(JavaResourceMethodDispatcherProvider.java:160)\n\tat org.glassfish.jersey.server.model.internal.AbstractJavaResourceMethodDispatcher.dispatch(AbstractJavaResourceMethodDispatcher.java:99)\n\tat org.glassfish.jersey.server.model.ResourceMethodInvoker.invoke(ResourceMethodInvoker.java:389)\n\tat org.glassfish.jersey.server.model.ResourceMethodInvoker.apply(ResourceMethodInvoker.java:347)\n\tat org.glassfish.jersey.server.model.ResourceMethodInvoker.apply(ResourceMethodInvoker.java:102)\n\tat org.glassfish.jersey.server.ServerRuntime$2.run(ServerRuntime.java:326)\n\tat org.glassfish.jersey.internal.Errors$1.call(Errors.java:271)\n\tat org.glassfish.jersey.internal.Errors$1.call(Errors.java:267)\n\tat org.glassfish.jersey.internal.Errors.process(Errors.java:315)\n\tat org.glassfish.jersey.internal.Errors.process(Errors.java:297)\n\tat org.glassfish.jersey.internal.Errors.process(Errors.java:267)\n\tat org.glassfish.jersey.process.internal.RequestScope.runInScope(RequestScope.java:317)\n\tat org.glassfish.jersey.server.ServerRuntime.process(ServerRuntime.java:305)\n\tat org.glassfish.jersey.server.ApplicationHandler.handle(ApplicationHandler.java:1154)\n\tat org.glassfish.jersey.servlet.WebComponent.serviceImpl(WebComponent.java:473)\n\tat org.glassfish.jersey.servlet.WebComponent.service(WebComponent.java:427)\n\tat org.glassfish.jersey.servlet.ServletContainer.service(ServletContainer.java:388)\n\tat org.glassfish.jersey.servlet.ServletContainer.service(ServletContainer.java:341)\n\tat org.glassfish.jersey.servlet.ServletContainer.service(ServletContainer.java:228)\n\tat org.eclipse.jetty.servlet.ServletHolder.handle(ServletHolder.java:799)\n\tat org.eclipse.jetty.servlet.ServletHandler$ChainEnd.doFilter(ServletHandler.java:1631)\n\tat io.dropwizard.servlets.ThreadNameFilter.doFilter(ThreadNameFilter.java:35)\n\tat org.eclipse.jetty.servlet.FilterHolder.doFilter(FilterHolder.java:193)\n\tat org.eclipse.jetty.servlet.ServletHandler$Chain.doFilter(ServletHandler.java:1601)\n\tat io.dropwizard.jersey.filter.AllowedMethodsFilter.handle(AllowedMethodsFilter.java:45)\n\tat io.dropwizard.jersey.filter.AllowedMethodsFilter.doFilter(AllowedMethodsFilter.java:39)\n\tat org.eclipse.jetty.servlet.FilterHolder.doFilter(FilterHolder.java:193)\n\tat org.eclipse.jetty.servlet.ServletHandler$Chain.doFilter(ServletHandler.java:1601)\n\tat org.finos.legend.server.pac4j.internal.UsernameFilter.doFilter(UsernameFilter.java:51)\n\tat org.eclipse.jetty.servlet.FilterHolder.doFilter(FilterHolder.java:193)\n\tat org.eclipse.jetty.servlet.ServletHandler$Chain.doFilter(ServletHandler.java:1601)\n\tat org.pac4j.j2e.filter.SecurityFilter.lambda$internalFilter$0(SecurityFilter.java:95)\n\tat org.pac4j.core.engine.DefaultSecurityLogic.perform(DefaultSecurityLogic.java:140)\n\tat org.pac4j.j2e.filter.SecurityFilter.internalFilter(SecurityFilter.java:93)\n\tat org.pac4j.j2e.filter.AbstractConfigFilter.doFilter(AbstractConfigFilter.java:81)\n\tat org.eclipse.jetty.servlet.FilterHolder.doFilter(FilterHolder.java:193)\n\tat org.eclipse.jetty.servlet.ServletHandler$Chain.doFilter(ServletHandler.java:1601)\n\tat org.eclipse.jetty.servlet.ServletHandler.doHandle(ServletHandler.java:548)\n\tat org.eclipse.jetty.server.handler.ScopedHandler.nextHandle(ScopedHandler.java:233)\n\tat org.eclipse.jetty.server.session.SessionHandler.doHandle(SessionHandler.java:1624)\n\tat org.eclipse.jetty.server.handler.ScopedHandler.nextHandle(ScopedHandler.java:233)\n\tat org.eclipse.jetty.server.handler.ContextHandler.doHandle(ContextHandler.java:1434)\n\tat org.eclipse.jetty.server.handler.ScopedHandler.nextScope(ScopedHandler.java:188)\n\tat org.eclipse.jetty.servlet.ServletHandler.doScope(ServletHandler.java:501)\n\tat org.eclipse.jetty.server.session.SessionHandler.doScope(SessionHandler.java:1594)\n\tat org.eclipse.jetty.server.handler.ScopedHandler.nextScope(ScopedHandler.java:186)\n\tat org.eclipse.jetty.server.handler.ContextHandler.doScope(ContextHandler.java:1349)\n\tat org.eclipse.jetty.server.handler.ScopedHandler.handle(ScopedHandler.java:141)\n\tat org.eclipse.jetty.server.handler.HandlerWrapper.handle(HandlerWrapper.java:127)\n\tat com.codahale.metrics.jetty9.InstrumentedHandler.handle(InstrumentedHandler.java:313)\n\tat io.dropwizard.jetty.ContextRoutingHandler.handle(ContextRoutingHandler.java:37)\n\tat org.eclipse.jetty.server.handler.gzip.GzipHandler.handle(GzipHandler.java:713)\n\tat io.dropwizard.jetty.BiDiGzipHandler.handle(BiDiGzipHandler.java:67)\n\tat org.eclipse.jetty.server.handler.StatisticsHandler.handle(StatisticsHandler.java:179)\n\tat org.eclipse.jetty.server.handler.HandlerWrapper.handle(HandlerWrapper.java:127)\n\tat org.eclipse.jetty.server.Server.handle(Server.java:516)\n\tat org.eclipse.jetty.server.HttpChannel.lambda$handle$1(HttpChannel.java:400)\n\tat org.eclipse.jetty.server.HttpChannel.dispatch(HttpChannel.java:645)\n\tat org.eclipse.jetty.server.HttpChannel.handle(HttpChannel.java:392)\n\tat org.eclipse.jetty.server.HttpConnection.onFillable(HttpConnection.java:277)\n\tat org.eclipse.jetty.io.AbstractConnection$ReadCallback.succeeded(AbstractConnection.java:311)\n\tat org.eclipse.jetty.io.FillInterest.fillable(FillInterest.java:105)\n\tat org.eclipse.jetty.io.ChannelEndPoint$1.run(ChannelEndPoint.java:104)\n\tat org.eclipse.jetty.util.thread.strategy.EatWhatYouKill.runTask(EatWhatYouKill.java:338)\n\tat org.eclipse.jetty.util.thread.strategy.EatWhatYouKill.doProduce(EatWhatYouKill.java:315)\n\tat org.eclipse.jetty.util.thread.strategy.EatWhatYouKill.tryProduce(EatWhatYouKill.java:173)\n\tat org.eclipse.jetty.util.thread.strategy.EatWhatYouKill.run(EatWhatYouKill.java:131)\n\tat org.eclipse.jetty.util.thread.ReservedThreadExecutor$ReservedThread.run(ReservedThreadExecutor.java:409)\n\tat org.eclipse.jetty.util.thread.QueuedThreadPool.runJob(QueuedThreadPool.java:883)\n\tat org.eclipse.jetty.util.thread.QueuedThreadPool$Runner.run(QueuedThreadPool.java:1034)\n\tat java.base/java.lang.Thread.run(Thread.java:829)\nCaused by: net.snowflake.client.jdbc.SnowflakeSQLException: SQL compilation error:\nObject 'PERSONTABLE' does not exist or not authorized.\n\tat net.snowflake.client.jdbc.SnowflakeUtil.checkErrorAndThrowExceptionSub(SnowflakeUtil.java:127)\n\tat net.snowflake.client.jdbc.SnowflakeUtil.checkErrorAndThrowException(SnowflakeUtil.java:67)\n\tat net.snowflake.client.core.StmtUtil.pollForOutput(StmtUtil.java:442)\n\tat net.snowflake.client.core.StmtUtil.execute(StmtUtil.java:345)\n\tat net.snowflake.client.core.SFStatement.executeHelper(SFStatement.java:486)\n\tat net.snowflake.client.core.SFStatement.executeQueryInternal(SFStatement.java:197)\n\tat net.snowflake.client.core.SFStatement.executeQuery(SFStatement.java:134)\n\tat net.snowflake.client.core.SFStatement.execute(SFStatement.java:743)\n\tat net.snowflake.client.core.SFStatement.execute(SFStatement.java:639)\n\tat net.snowflake.client.jdbc.SnowflakeStatementV1.executeQueryInternal(SnowflakeStatementV1.java:238)\n\tat net.snowflake.client.jdbc.SnowflakeStatementV1.executeQuery(SnowflakeStatementV1.java:133)\n\tat com.zaxxer.hikari.pool.ProxyStatement.executeQuery(ProxyStatement.java:110)\n\tat com.zaxxer.hikari.pool.HikariProxyStatement.executeQuery(HikariProxyStatement.java)\n\tat org.finos.legend.engine.plan.execution.stores.relational.result.SQLExecutionResult.<init>(SQLExecutionResult.java:95)\n\t... 101 more\n"},"mode":"DEV","timeStamp":"2023-02-23 01:31:54.870","user":"_UNKNOWN_"}
| **selectSubClauses::orderBy::testDoubleSortMixed** | failing :x: |
]]></system-out>
  </testcase>
  <testcase name="testSimpleSortAsc[Snowflake]" classname="org.finos.legend.engine.server.test.shared.Relational_DbSpecific_UsingPureClientTestSuite$2" time="0.212">
    <error message="Assert failure at (resource:/platform/pure/basics/tests/assertEq.pure line:34 column:5), &quot;500 &apos;{&quot;code&quot;:-1,&quot;message&quot;:&quot;SnowflakeSQLException: SQL compilation error:&#10;Object &apos;PERSONTABLE&apos; does not exist or not authorized.&quot;,&quot;status&quot;:&quot;error&quot;,&quot;trace&quot;:&quot;java.lang.RuntimeException: net.snowflake.client.jdbc.SnowflakeSQLException: SQL compilation error:&#10;Object &apos;PERSONTABLE&apos; does not exist or not authorized.&#10;at org.finos.legend.engine.plan.execution.stores.relational.result.SQLExecutionResult.&lt;init&gt;(SQLExecutionResult.java:123)&#10;at org.finos.legend.engine.plan.execution.stores.relational.RelationalExecutor.execute(RelationalExecutor.java:241)&#10;at org.finos.legend.engine.plan.execution.stores.relational.plugin.RelationalExecutionNodeExecutor.visit(RelationalExecutionNodeExecutor.java:238)&#10;at org.finos.legend.engine.plan.execution.stores.relational.plugin.RelationalExecutionNodeExecutor.visit(RelationalExecutionNodeExecutor.java:252)&#10;at org.finos.legend.engine.plan.execution.stores.relational.plugin.RelationalExecutionNodeExecutor.visit(RelationalExecutionNodeExecutor.java:92)&#10;at org.finos.legend.engine.protocol.pure.v1.model.executionPlan.nodes.RelationalTdsInstantiationExecutionNode.accept(RelationalTdsInstantiationExecutionNode.java:22)&#10;at org.finos.legend.engine.plan.execution.stores.relational.RelationalExecutionExtension.lambda$getExtraNodeExecutors$fbe53481$1(RelationalExecutionExtension.java:50)&#10;at org.finos.legend.engine.plan.execution.nodes.ExecutionNodeExecutor.lambda$visit$0(ExecutionNodeExecutor.java:164)&#10;at java.base/java.util.stream.ReferencePipeline$3$1.accept(ReferencePipeline.java:195)&#10;at java.base/java.util.Spliterators$ArraySpliterator.tryAdvance(Spliterators.java:958)&#10;at java.base/java.util.stream.ReferencePipeline.forEachWithCancel(ReferencePipeline.java:127)&#10;at java.base/java.util.stream.AbstractPipeline.copyIntoWithCancel(AbstractPipeline.java:502)&#10;at java.base/java.util.stream.AbstractPipeline.copyInto(AbstractPipeline.java:488)&#10;at java.base/java.util.stream.AbstractPipeline.wrapAndCopyInto(AbstractPipeline.java:474)&#10;at java.base/java.util.stream.FindOps$FindOp.evaluateSequential(FindOps.java:150)&#10;at java.base/java.util.stream.AbstractPipeline.evaluate(AbstractPipeline.java:234)&#10;at java.base/java.util.stream.ReferencePipeline.findFirst(ReferencePipeline.java:543)&#10;at org.finos.legend.engine.plan.execution.nodes.ExecutionNodeExecutor.visit(ExecutionNodeExecutor.java:164)&#10;at org.finos.legend.engine.plan.execution.nodes.ExecutionNodeExecutor.visit(ExecutionNodeExecutor.java:107)&#10;at org.finos.legend.engine.protocol.pure.v1.model.executionPlan.nodes.RelationalTdsInstantiationExecutionNode.accept(RelationalTdsInstantiationExecutionNode.java:22)&#10;at org.finos.legend.engine.plan.execution.PlanExecutor.execute(PlanExecutor.java:238)&#10;at org.finos.legend.engine.plan.execution.PlanExecutor.execute(PlanExecutor.java:225)&#10;at org.finos.legend.engine.plan.execution.api.ExecutePlan.doExecutePlanLegacy(ExecutePlan.java:102)&#10;at org.finos.legend.engine.plan.execution.api.ExecutePlan.doExecutePlan(ExecutePlan.java:84)&#10;at org.finos.legend.engine.plan.execution.api.ExecutePlanLegacy.executePlan(ExecutePlanLegacy.java:56)&#10;at jdk.internal.reflect.GeneratedMethodAccessor100.invoke(Unknown Source)&#10;at java.base/jdk.internal.reflect.DelegatingMethodAccessorImpl.invoke(DelegatingMethodAccessorImpl.java:43)&#10;at java.base/java.lang.reflect.Method.invoke(Method.java:566)&#10;at org.glassfish.jersey.server.model.internal.ResourceMethodInvocationHandlerFactory$1.invoke(ResourceMethodInvocationHandlerFactory.java:81)&#10;at org.glassfish.jersey.server.model.internal.AbstractJavaResourceMethodDispatcher$1.run(AbstractJavaResourceMethodDispatcher.java:144)&#10;at org.glassfish.jersey.server.model.internal.AbstractJavaResourceMethodDispatcher.invoke(AbstractJavaResourceMethodDispatcher.java:161)&#10;at org.glassfish.jersey.server.model.internal.JavaResourceMethodDispatcherProvider$ResponseOutInvoker.doDispatch(JavaResourceMethodDispatcherProvider.java:160)&#10;at org.glassfish.jersey.server.model.internal.AbstractJavaResourceMethodDispatcher.dispatch(AbstractJavaResourceMethodDispatcher.java:99)&#10;at org.glassfish.jersey.server.model.ResourceMethodInvoker.invoke(ResourceMethodInvoker.java:389)&#10;at org.glassfish.jersey.server.model.ResourceMethodInvoker.apply(ResourceMethodInvoker.java:347)&#10;at org.glassfish.jersey.server.model.ResourceMethodInvoker.apply(ResourceMethodInvoker.java:102)&#10;at org.glassfish.jersey.server.ServerRuntime$2.run(ServerRuntime.java:326)&#10;at org.glassfish.jersey.internal.Errors$1.call(Errors.java:271)&#10;at org.glassfish.jersey.internal.Errors$1.call(Errors.java:267)&#10;at org.glassfish.jersey.internal.Errors.process(Errors.java:315)&#10;at org.glassfish.jersey.internal.Errors.process(Errors.java:297)&#10;at org.glassfish.jersey.internal.Errors.process(Errors.java:267)&#10;at org.glassfish.jersey.process.internal.RequestScope.runInScope(RequestScope.java:317)&#10;at org.glassfish.jersey.server.ServerRuntime.process(ServerRuntime.java:305)&#10;at org.glassfish.jersey.server.ApplicationHandler.handle(ApplicationHandler.java:1154)&#10;at org.glassfish.jersey.servlet.WebComponent.serviceImpl(WebComponent.java:473)&#10;at org.glassfish.jersey.servlet.WebComponent.service(WebComponent.java:427)&#10;at org.glassfish.jersey.servlet.ServletContainer.service(ServletContainer.java:388)&#10;at org.glassfish.jersey.servlet.ServletContainer.service(ServletContainer.java:341)&#10;at org.glassfish.jersey.servlet.ServletContainer.service(ServletContainer.java:228)&#10;at org.eclipse.jetty.servlet.ServletHolder.handle(ServletHolder.java:799)&#10;at org.eclipse.jetty.servlet.ServletHandler$ChainEnd.doFilter(ServletHandler.java:1631)&#10;at io.dropwizard.servlets.ThreadNameFilter.doFilter(ThreadNameFilter.java:35)&#10;at org.eclipse.jetty.servlet.FilterHolder.doFilter(FilterHolder.java:193)&#10;at org.eclipse.jetty.servlet.ServletHandler$Chain.doFilter(ServletHandler.java:1601)&#10;at io.dropwizard.jersey.filter.AllowedMethodsFilter.handle(AllowedMethodsFilter.java:45)&#10;at io.dropwizard.jersey.filter.AllowedMethodsFilter.doFilter(AllowedMethodsFilter.java:39)&#10;at org.eclipse.jetty.servlet.FilterHolder.doFilter(FilterHolder.java:193)&#10;at org.eclipse.jetty.servlet.ServletHandler$Chain.doFilter(ServletHandler.java:1601)&#10;at org.finos.legend.server.pac4j.internal.UsernameFilter.doFilter(UsernameFilter.java:51)&#10;at org.eclipse.jetty.servlet.FilterHolder.doFilter(FilterHolder.java:193)&#10;at org.eclipse.jetty.servlet.ServletHandler$Chain.doFilter(ServletHandler.java:1601)&#10;at org.pac4j.j2e.filter.SecurityFilter.lambda$internalFilter$0(SecurityFilter.java:95)&#10;at org.pac4j.core.engine.DefaultSecurityLogic.perform(DefaultSecurityLogic.java:140)&#10;at org.pac4j.j2e.filter.SecurityFilter.internalFilter(SecurityFilter.java:93)&#10;at org.pac4j.j2e.filter.AbstractConfigFilter.doFilter(AbstractConfigFilter.java:81)&#10;at org.eclipse.jetty.servlet.FilterHolder.doFilter(FilterHolder.java:193)&#10;at org.eclipse.jetty.servlet.ServletHandler$Chain.doFilter(ServletHandler.java:1601)&#10;at org.eclipse.jetty.servlet.ServletHandler.doHandle(ServletHandler.java:548)&#10;at org.eclipse.jetty.server.handler.ScopedHandler.nextHandle(ScopedHandler.java:233)&#10;at org.eclipse.jetty.server.session.SessionHandler.doHandle(SessionHandler.java:1624)&#10;at org.eclipse.jetty.server.handler.ScopedHandler.nextHandle(ScopedHandler.java:233)&#10;at org.eclipse.jetty.server.handler.ContextHandler.doHandle(ContextHandler.java:1434)&#10;at org.eclipse.jetty.server.handler.ScopedHandler.nextScope(ScopedHandler.java:188)&#10;at org.eclipse.jetty.servlet.ServletHandler.doScope(ServletHandler.java:501)&#10;at org.eclipse.jetty.server.session.SessionHandler.doScope(SessionHandler.java:1594)&#10;at org.eclipse.jetty.server.handler.ScopedHandler.nextScope(ScopedHandler.java:186)&#10;at org.eclipse.jetty.server.handler.ContextHandler.doScope(ContextHandler.java:1349)&#10;at org.eclipse.jetty.server.handler.ScopedHandler.handle(ScopedHandler.java:141)&#10;at org.eclipse.jetty.server.handler.HandlerWrapper.handle(HandlerWrapper.java:127)&#10;at com.codahale.metrics.jetty9.InstrumentedHandler.handle(InstrumentedHandler.java:313)&#10;at io.dropwizard.jetty.ContextRoutingHandler.handle(ContextRoutingHandler.java:37)&#10;at org.eclipse.jetty.server.handler.gzip.GzipHandler.handle(GzipHandler.java:713)&#10;at io.dropwizard.jetty.BiDiGzipHandler.handle(BiDiGzipHandler.java:67)&#10;at org.eclipse.jetty.server.handler.StatisticsHandler.handle(StatisticsHandler.java:179)&#10;at org.eclipse.jetty.server.handler.HandlerWrapper.handle(HandlerWrapper.java:127)&#10;at org.eclipse.jetty.server.Server.handle(Server.java:516)&#10;at org.eclipse.jetty.server.HttpChannel.lambda$handle$1(HttpChannel.java:400)&#10;at org.eclipse.jetty.server.HttpChannel.dispatch(HttpChannel.java:645)&#10;at org.eclipse.jetty.server.HttpChannel.handle(HttpChannel.java:392)&#10;at org.eclipse.jetty.server.HttpConnection.onFillable(HttpConnection.java:277)&#10;at org.eclipse.jetty.io.AbstractConnection$ReadCallback.succeeded(AbstractConnection.java:311)&#10;at org.eclipse.jetty.io.FillInterest.fillable(FillInterest.java:105)&#10;at org.eclipse.jetty.io.ChannelEndPoint$1.run(ChannelEndPoint.java:104)&#10;at org.eclipse.jetty.util.thread.strategy.EatWhatYouKill.runTask(EatWhatYouKill.java:338)&#10;at org.eclipse.jetty.util.thread.strategy.EatWhatYouKill.doProduce(EatWhatYouKill.java:315)&#10;at org.eclipse.jetty.util.thread.strategy.EatWhatYouKill.tryProduce(EatWhatYouKill.java:173)&#10;at org.eclipse.jetty.util.thread.strategy.EatWhatYouKill.run(EatWhatYouKill.java:131)&#10;at org.eclipse.jetty.util.thread.ReservedThreadExecutor$ReservedThread.run(ReservedThreadExecutor.java:409)&#10;at org.eclipse.jetty.util.thread.QueuedThreadPool.runJob(QueuedThreadPool.java:883)&#10;at org.eclipse.jetty.util.thread.QueuedThreadPool$Runner.run(QueuedThreadPool.java:1034)&#10;at java.base/java.lang.Thread.run(Thread.java:829)&#10;Caused by: net.snowflake.client.jdbc.SnowflakeSQLException: SQL compilation error:&#10;Object &apos;PERSONTABLE&apos; does not exist or not authorized.&#10;at net.snowflake.client.jdbc.SnowflakeUtil.checkErrorAndThrowExceptionSub(SnowflakeUtil.java:127)&#10;at net.snowflake.client.jdbc.SnowflakeUtil.checkErrorAndThrowException(SnowflakeUtil.java:67)&#10;at net.snowflake.client.core.StmtUtil.pollForOutput(StmtUtil.java:442)&#10;at net.snowflake.client.core.StmtUtil.execute(StmtUtil.java:345)&#10;at net.snowflake.client.core.SFStatement.executeHelper(SFStatement.java:486)&#10;at net.snowflake.client.core.SFStatement.executeQueryInternal(SFStatement.java:197)&#10;at net.snowflake.client.core.SFStatement.executeQuery(SFStatement.java:134)&#10;at net.snowflake.client.core.SFStatement.execute(SFStatement.java:743)&#10;at net.snowflake.client.core.SFStatement.execute(SFStatement.java:639)&#10;at net.snowflake.client.jdbc.SnowflakeStatementV1.executeQueryInternal(SnowflakeStatementV1.java:238)&#10;at net.snowflake.client.jdbc.SnowflakeStatementV1.executeQuery(SnowflakeStatementV1.java:133)&#10;at com.zaxxer.hikari.pool.ProxyStatement.executeQuery(ProxyStatement.java:110)&#10;at com.zaxxer.hikari.pool.HikariProxyStatement.executeQuery(HikariProxyStatement.java)&#10;at org.finos.legend.engine.plan.execution.stores.relational.result.SQLExecutionResult.&lt;init&gt;(SQLExecutionResult.java:95)&#10;... 101 more&#10;&quot;}&apos;&quot;" type="Assert failure at (resource"><![CDATA[Assert failure at (resource:/platform/pure/basics/tests/assertEq.pure line:34 column:5), "500 '{"code":-1,"message":"SnowflakeSQLException: SQL compilation error:
Object 'PERSONTABLE' does not exist or not authorized.","status":"error","trace":"java.lang.RuntimeException: net.snowflake.client.jdbc.SnowflakeSQLException: SQL compilation error:
Object 'PERSONTABLE' does not exist or not authorized.
at org.finos.legend.engine.plan.execution.stores.relational.result.SQLExecutionResult.<init>(SQLExecutionResult.java:123)
at org.finos.legend.engine.plan.execution.stores.relational.RelationalExecutor.execute(RelationalExecutor.java:241)
at org.finos.legend.engine.plan.execution.stores.relational.plugin.RelationalExecutionNodeExecutor.visit(RelationalExecutionNodeExecutor.java:238)
at org.finos.legend.engine.plan.execution.stores.relational.plugin.RelationalExecutionNodeExecutor.visit(RelationalExecutionNodeExecutor.java:252)
at org.finos.legend.engine.plan.execution.stores.relational.plugin.RelationalExecutionNodeExecutor.visit(RelationalExecutionNodeExecutor.java:92)
at org.finos.legend.engine.protocol.pure.v1.model.executionPlan.nodes.RelationalTdsInstantiationExecutionNode.accept(RelationalTdsInstantiationExecutionNode.java:22)
at org.finos.legend.engine.plan.execution.stores.relational.RelationalExecutionExtension.lambda$getExtraNodeExecutors$fbe53481$1(RelationalExecutionExtension.java:50)
at org.finos.legend.engine.plan.execution.nodes.ExecutionNodeExecutor.lambda$visit$0(ExecutionNodeExecutor.java:164)
at java.base/java.util.stream.ReferencePipeline$3$1.accept(ReferencePipeline.java:195)
at java.base/java.util.Spliterators$ArraySpliterator.tryAdvance(Spliterators.java:958)
at java.base/java.util.stream.ReferencePipeline.forEachWithCancel(ReferencePipeline.java:127)
at java.base/java.util.stream.AbstractPipeline.copyIntoWithCancel(AbstractPipeline.java:502)
at java.base/java.util.stream.AbstractPipeline.copyInto(AbstractPipeline.java:488)
at java.base/java.util.stream.AbstractPipeline.wrapAndCopyInto(AbstractPipeline.java:474)
at java.base/java.util.stream.FindOps$FindOp.evaluateSequential(FindOps.java:150)
at java.base/java.util.stream.AbstractPipeline.evaluate(AbstractPipeline.java:234)
at java.base/java.util.stream.ReferencePipeline.findFirst(ReferencePipeline.java:543)
at org.finos.legend.engine.plan.execution.nodes.ExecutionNodeExecutor.visit(ExecutionNodeExecutor.java:164)
at org.finos.legend.engine.plan.execution.nodes.ExecutionNodeExecutor.visit(ExecutionNodeExecutor.java:107)
at org.finos.legend.engine.protocol.pure.v1.model.executionPlan.nodes.RelationalTdsInstantiationExecutionNode.accept(RelationalTdsInstantiationExecutionNode.java:22)
at org.finos.legend.engine.plan.execution.PlanExecutor.execute(PlanExecutor.java:238)
at org.finos.legend.engine.plan.execution.PlanExecutor.execute(PlanExecutor.java:225)
at org.finos.legend.engine.plan.execution.api.ExecutePlan.doExecutePlanLegacy(ExecutePlan.java:102)
at org.finos.legend.engine.plan.execution.api.ExecutePlan.doExecutePlan(ExecutePlan.java:84)
at org.finos.legend.engine.plan.execution.api.ExecutePlanLegacy.executePlan(ExecutePlanLegacy.java:56)
at jdk.internal.reflect.GeneratedMethodAccessor100.invoke(Unknown Source)
at java.base/jdk.internal.reflect.DelegatingMethodAccessorImpl.invoke(DelegatingMethodAccessorImpl.java:43)
at java.base/java.lang.reflect.Method.invoke(Method.java:566)
at org.glassfish.jersey.server.model.internal.ResourceMethodInvocationHandlerFactory$1.invoke(ResourceMethodInvocationHandlerFactory.java:81)
at org.glassfish.jersey.server.model.internal.AbstractJavaResourceMethodDispatcher$1.run(AbstractJavaResourceMethodDispatcher.java:144)
at org.glassfish.jersey.server.model.internal.AbstractJavaResourceMethodDispatcher.invoke(AbstractJavaResourceMethodDispatcher.java:161)
at org.glassfish.jersey.server.model.internal.JavaResourceMethodDispatcherProvider$ResponseOutInvoker.doDispatch(JavaResourceMethodDispatcherProvider.java:160)
at org.glassfish.jersey.server.model.internal.AbstractJavaResourceMethodDispatcher.dispatch(AbstractJavaResourceMethodDispatcher.java:99)
at org.glassfish.jersey.server.model.ResourceMethodInvoker.invoke(ResourceMethodInvoker.java:389)
at org.glassfish.jersey.server.model.ResourceMethodInvoker.apply(ResourceMethodInvoker.java:347)
at org.glassfish.jersey.server.model.ResourceMethodInvoker.apply(ResourceMethodInvoker.java:102)
at org.glassfish.jersey.server.ServerRuntime$2.run(ServerRuntime.java:326)
at org.glassfish.jersey.internal.Errors$1.call(Errors.java:271)
at org.glassfish.jersey.internal.Errors$1.call(Errors.java:267)
at org.glassfish.jersey.internal.Errors.process(Errors.java:315)
at org.glassfish.jersey.internal.Errors.process(Errors.java:297)
at org.glassfish.jersey.internal.Errors.process(Errors.java:267)
at org.glassfish.jersey.process.internal.RequestScope.runInScope(RequestScope.java:317)
at org.glassfish.jersey.server.ServerRuntime.process(ServerRuntime.java:305)
at org.glassfish.jersey.server.ApplicationHandler.handle(ApplicationHandler.java:1154)
at org.glassfish.jersey.servlet.WebComponent.serviceImpl(WebComponent.java:473)
at org.glassfish.jersey.servlet.WebComponent.service(WebComponent.java:427)
at org.glassfish.jersey.servlet.ServletContainer.service(ServletContainer.java:388)
at org.glassfish.jersey.servlet.ServletContainer.service(ServletContainer.java:341)
at org.glassfish.jersey.servlet.ServletContainer.service(ServletContainer.java:228)
at org.eclipse.jetty.servlet.ServletHolder.handle(ServletHolder.java:799)
at org.eclipse.jetty.servlet.ServletHandler$ChainEnd.doFilter(ServletHandler.java:1631)
at io.dropwizard.servlets.ThreadNameFilter.doFilter(ThreadNameFilter.java:35)
at org.eclipse.jetty.servlet.FilterHolder.doFilter(FilterHolder.java:193)
at org.eclipse.jetty.servlet.ServletHandler$Chain.doFilter(ServletHandler.java:1601)
at io.dropwizard.jersey.filter.AllowedMethodsFilter.handle(AllowedMethodsFilter.java:45)
at io.dropwizard.jersey.filter.AllowedMethodsFilter.doFilter(AllowedMethodsFilter.java:39)
at org.eclipse.jetty.servlet.FilterHolder.doFilter(FilterHolder.java:193)
at org.eclipse.jetty.servlet.ServletHandler$Chain.doFilter(ServletHandler.java:1601)
at org.finos.legend.server.pac4j.internal.UsernameFilter.doFilter(UsernameFilter.java:51)
at org.eclipse.jetty.servlet.FilterHolder.doFilter(FilterHolder.java:193)
at org.eclipse.jetty.servlet.ServletHandler$Chain.doFilter(ServletHandler.java:1601)
at org.pac4j.j2e.filter.SecurityFilter.lambda$internalFilter$0(SecurityFilter.java:95)
at org.pac4j.core.engine.DefaultSecurityLogic.perform(DefaultSecurityLogic.java:140)
at org.pac4j.j2e.filter.SecurityFilter.internalFilter(SecurityFilter.java:93)
at org.pac4j.j2e.filter.AbstractConfigFilter.doFilter(AbstractConfigFilter.java:81)
at org.eclipse.jetty.servlet.FilterHolder.doFilter(FilterHolder.java:193)
at org.eclipse.jetty.servlet.ServletHandler$Chain.doFilter(ServletHandler.java:1601)
at org.eclipse.jetty.servlet.ServletHandler.doHandle(ServletHandler.java:548)
at org.eclipse.jetty.server.handler.ScopedHandler.nextHandle(ScopedHandler.java:233)
at org.eclipse.jetty.server.session.SessionHandler.doHandle(SessionHandler.java:1624)
at org.eclipse.jetty.server.handler.ScopedHandler.nextHandle(ScopedHandler.java:233)
at org.eclipse.jetty.server.handler.ContextHandler.doHandle(ContextHandler.java:1434)
at org.eclipse.jetty.server.handler.ScopedHandler.nextScope(ScopedHandler.java:188)
at org.eclipse.jetty.servlet.ServletHandler.doScope(ServletHandler.java:501)
at org.eclipse.jetty.server.session.SessionHandler.doScope(SessionHandler.java:1594)
at org.eclipse.jetty.server.handler.ScopedHandler.nextScope(ScopedHandler.java:186)
at org.eclipse.jetty.server.handler.ContextHandler.doScope(ContextHandler.java:1349)
at org.eclipse.jetty.server.handler.ScopedHandler.handle(ScopedHandler.java:141)
at org.eclipse.jetty.server.handler.HandlerWrapper.handle(HandlerWrapper.java:127)
at com.codahale.metrics.jetty9.InstrumentedHandler.handle(InstrumentedHandler.java:313)
at io.dropwizard.jetty.ContextRoutingHandler.handle(ContextRoutingHandler.java:37)
at org.eclipse.jetty.server.handler.gzip.GzipHandler.handle(GzipHandler.java:713)
at io.dropwizard.jetty.BiDiGzipHandler.handle(BiDiGzipHandler.java:67)
at org.eclipse.jetty.server.handler.StatisticsHandler.handle(StatisticsHandler.java:179)
at org.eclipse.jetty.server.handler.HandlerWrapper.handle(HandlerWrapper.java:127)
at org.eclipse.jetty.server.Server.handle(Server.java:516)
at org.eclipse.jetty.server.HttpChannel.lambda$handle$1(HttpChannel.java:400)
at org.eclipse.jetty.server.HttpChannel.dispatch(HttpChannel.java:645)
at org.eclipse.jetty.server.HttpChannel.handle(HttpChannel.java:392)
at org.eclipse.jetty.server.HttpConnection.onFillable(HttpConnection.java:277)
at org.eclipse.jetty.io.AbstractConnection$ReadCallback.succeeded(AbstractConnection.java:311)
at org.eclipse.jetty.io.FillInterest.fillable(FillInterest.java:105)
at org.eclipse.jetty.io.ChannelEndPoint$1.run(ChannelEndPoint.java:104)
at org.eclipse.jetty.util.thread.strategy.EatWhatYouKill.runTask(EatWhatYouKill.java:338)
at org.eclipse.jetty.util.thread.strategy.EatWhatYouKill.doProduce(EatWhatYouKill.java:315)
at org.eclipse.jetty.util.thread.strategy.EatWhatYouKill.tryProduce(EatWhatYouKill.java:173)
at org.eclipse.jetty.util.thread.strategy.EatWhatYouKill.run(EatWhatYouKill.java:131)
at org.eclipse.jetty.util.thread.ReservedThreadExecutor$ReservedThread.run(ReservedThreadExecutor.java:409)
at org.eclipse.jetty.util.thread.QueuedThreadPool.runJob(QueuedThreadPool.java:883)
at org.eclipse.jetty.util.thread.QueuedThreadPool$Runner.run(QueuedThreadPool.java:1034)
at java.base/java.lang.Thread.run(Thread.java:829)
Caused by: net.snowflake.client.jdbc.SnowflakeSQLException: SQL compilation error:
Object 'PERSONTABLE' does not exist or not authorized.
at net.snowflake.client.jdbc.SnowflakeUtil.checkErrorAndThrowExceptionSub(SnowflakeUtil.java:127)
at net.snowflake.client.jdbc.SnowflakeUtil.checkErrorAndThrowException(SnowflakeUtil.java:67)
at net.snowflake.client.core.StmtUtil.pollForOutput(StmtUtil.java:442)
at net.snowflake.client.core.StmtUtil.execute(StmtUtil.java:345)
at net.snowflake.client.core.SFStatement.executeHelper(SFStatement.java:486)
at net.snowflake.client.core.SFStatement.executeQueryInternal(SFStatement.java:197)
at net.snowflake.client.core.SFStatement.executeQuery(SFStatement.java:134)
at net.snowflake.client.core.SFStatement.execute(SFStatement.java:743)
at net.snowflake.client.core.SFStatement.execute(SFStatement.java:639)
at net.snowflake.client.jdbc.SnowflakeStatementV1.executeQueryInternal(SnowflakeStatementV1.java:238)
at net.snowflake.client.jdbc.SnowflakeStatementV1.executeQuery(SnowflakeStatementV1.java:133)
at com.zaxxer.hikari.pool.ProxyStatement.executeQuery(ProxyStatement.java:110)
at com.zaxxer.hikari.pool.HikariProxyStatement.executeQuery(HikariProxyStatement.java)
at org.finos.legend.engine.plan.execution.stores.relational.result.SQLExecutionResult.<init>(SQLExecutionResult.java:95)
... 101 more
"}'"
	at org.finos.legend.pure.runtime.java.compiled.generation.processors.support.CompiledSupport.pureAssert(CompiledSupport.java:1994)
	at org.finos.legend.pure.generated.platform_pure_basics_tests_assertEq.Root_meta_pure_functions_asserts_assertEq_Any_1__Any_1__Function_1__Boolean_1_(platform_pure_basics_tests_assertEq.java:44)
	at org.finos.legend.pure.generated.core_pure_protocol_vX_X_X_invocations_execution.Root_meta_protocols_pure_vX_X_X_invocation_execution_execute_executePlan_String_1__String_1__Integer_1__String_1_(core_pure_protocol_vX_X_X_invocations_execution.java:751)
	at org.finos.legend.pure.generated.core_pure_protocol_vX_X_X_invocations_execution.Root_meta_protocols_pure_vX_X_X_invocation_execution_execute_executePlan_ExecutionPlan_1__String_1__Integer_1__Extension_MANY__String_1_(core_pure_protocol_vX_X_X_invocations_execution.java:745)
	at org.finos.legend.pure.generated.core_pure_protocol_vX_X_X_invocations_execution.Root_meta_protocols_pure_vX_X_X_invocation_execution_execute_executePlan_ExecutionPlan_1__ExecutionContext_$0_1$__String_1__Integer_1__Extension_MANY__Result_1_(core_pure_protocol_vX_X_X_invocations_execution.java:738)
	at jdk.internal.reflect.GeneratedMethodAccessor96.invoke(Unknown Source)
	at java.base/jdk.internal.reflect.DelegatingMethodAccessorImpl.invoke(DelegatingMethodAccessorImpl.java:43)
	at java.base/java.lang.reflect.Method.invoke(Method.java:566)
	at org.finos.legend.pure.runtime.java.compiled.metadata.JavaMethodWithParamsSharedPureFunction.execute(JavaMethodWithParamsSharedPureFunction.java:59)
	at org.finos.legend.pure.runtime.java.compiled.generation.processors.support.Pure._evaluateToMany(Pure.java:546)
	at org.finos.legend.pure.generated.CoreGen.evaluateToMany(CoreGen.java:147)
	at org.finos.legend.pure.generated.CoreGen.evaluateToMany(CoreGen.java:134)
	at org.finos.legend.pure.generated.core_pure_router_router_entry$9$1.value(core_pure_router_router_entry.java:318)
	at org.finos.legend.pure.generated.core_pure_router_router_entry$9$1.execute(core_pure_router_router_entry.java:311)
	at org.finos.legend.pure.generated.core_pure_router_router_entry$9$1.execute(core_pure_router_router_entry.java:307)
	at org.finos.legend.pure.runtime.java.compiled.generation.processors.support.Pure.evaluate(Pure.java:485)
	at org.finos.legend.pure.runtime.java.compiled.generation.processors.support.Pure.legendTest(Pure.java:216)
	at org.finos.legend.pure.generated.CoreGen.legendTest(CoreGen.java:61)
	at org.finos.legend.pure.generated.core_pure_router_router_entry$9.valueOf(core_pure_router_router_entry.java:303)
	at org.finos.legend.pure.generated.core_pure_router_router_entry$9.execute(core_pure_router_router_entry.java:298)
	at org.finos.legend.pure.generated.core_pure_router_router_entry$9.execute(core_pure_router_router_entry.java:294)
	at org.finos.legend.pure.runtime.java.compiled.generation.processors.support.Pure.evaluate(Pure.java:485)
	at org.finos.legend.pure.runtime.java.compiled.generation.processors.support.Pure.traceSpan(Pure.java:1482)
	at org.finos.legend.pure.generated.CoreGen.traceSpan(CoreGen.java:203)
	at org.finos.legend.pure.generated.core_pure_router_router_entry.Root_meta_pure_router_executePlan_ExecutionPlan_1__ExecutionContext_1__Extension_MANY__Result_$0_1$_(core_pure_router_router_entry.java:290)
	at org.finos.legend.pure.generated.core_pure_router_router_entry.Root_meta_pure_router_executePlan_ExecutionPlan_1__Extension_MANY__Result_$0_1$_(core_pure_router_router_entry.java:285)
	at org.finos.legend.pure.generated.core_relational_relational_sqlQueryToString_dbTestRunner_executionPlanTestRunner$19.execute(core_relational_relational_sqlQueryToString_dbTestRunner_executionPlanTestRunner.java:305)
	at org.finos.legend.pure.generated.core_relational_relational_sqlQueryToString_dbTestRunner_executionPlanTestRunner.Root_meta_relational_dbTestRunner_executeViaPlan_FunctionDefinition_1__Mapping_1__Database_1__DbTestConfig_1__Extension_MANY__Result_$0_1$_(core_relational_relational_sqlQueryToString_dbTestRunner_executionPlanTestRunner.java:309)
	at org.finos.legend.pure.generated.core_relational_relational_sqlQueryToString_testSuite_selectSubClauses_orderBy.Root_meta_relational_tests_dbSpecificTests_sqlQueryTests_selectSubClauses_orderBy_testSimpleSortAsc_DbTestConfig_1__Boolean_1_(core_relational_relational_sqlQueryToString_testSuite_selectSubClauses_orderBy.java:448)
	at java.base/jdk.internal.reflect.NativeMethodAccessorImpl.invoke0(Native Method)
	at java.base/jdk.internal.reflect.NativeMethodAccessorImpl.invoke(NativeMethodAccessorImpl.java:62)
	at java.base/jdk.internal.reflect.DelegatingMethodAccessorImpl.invoke(DelegatingMethodAccessorImpl.java:43)
	at java.base/java.lang.reflect.Method.invoke(Method.java:566)
	at org.finos.legend.pure.runtime.java.compiled.testHelper.PureTestBuilderCompiled.executeFn(PureTestBuilderCompiled.java:113)
	at org.finos.legend.pure.runtime.java.compiled.testHelper.PureTestBuilderCompiled.lambda$buildSuite$0(PureTestBuilderCompiled.java:79)
	at org.finos.legend.pure.m3.execution.test.PureTestBuilder$PureTestCase.runTest(PureTestBuilder.java:95)
	at junit.framework.TestCase.runBare(TestCase.java:142)
	at org.finos.legend.engine.server.test.shared.Relational_DbSpecific_UsingPureClientTestSuite$2.runTest(Relational_DbSpecific_UsingPureClientTestSuite.java:90)
	at junit.framework.TestCase.runBare(TestCase.java:142)
	at junit.framework.TestResult$1.protect(TestResult.java:122)
	at junit.framework.TestResult.runProtected(TestResult.java:142)
	at junit.framework.TestResult.run(TestResult.java:125)
	at junit.framework.TestCase.run(TestCase.java:130)
	at junit.framework.TestSuite.runTest(TestSuite.java:241)
	at junit.framework.TestSuite.run(TestSuite.java:236)
	at junit.framework.TestSuite.runTest(TestSuite.java:241)
	at junit.framework.TestSuite.run(TestSuite.java:236)
	at junit.framework.TestSuite.runTest(TestSuite.java:241)
	at junit.framework.TestSuite.run(TestSuite.java:236)
	at junit.framework.TestSuite.runTest(TestSuite.java:241)
	at junit.framework.TestSuite.run(TestSuite.java:236)
	at junit.framework.TestSuite.runTest(TestSuite.java:241)
	at junit.framework.TestSuite.run(TestSuite.java:236)
	at junit.extensions.TestDecorator.basicRun(TestDecorator.java:24)
	at junit.extensions.TestSetup$1.protect(TestSetup.java:23)
	at junit.framework.TestResult.runProtected(TestResult.java:142)
	at junit.extensions.TestSetup.run(TestSetup.java:27)
	at org.junit.internal.runners.JUnit38ClassRunner.run(JUnit38ClassRunner.java:90)
	at org.apache.maven.surefire.junit4.JUnit4Provider.execute(JUnit4Provider.java:365)
	at org.apache.maven.surefire.junit4.JUnit4Provider.executeWithRerun(JUnit4Provider.java:273)
	at org.apache.maven.surefire.junit4.JUnit4Provider.executeTestSet(JUnit4Provider.java:238)
	at org.apache.maven.surefire.junit4.JUnit4Provider.invoke(JUnit4Provider.java:159)
	at org.apache.maven.surefire.booter.ForkedBooter.invokeProviderInSameClassLoader(ForkedBooter.java:384)
	at org.apache.maven.surefire.booter.ForkedBooter.runSuitesInProcess(ForkedBooter.java:345)
	at org.apache.maven.surefire.booter.ForkedBooter.execute(ForkedBooter.java:126)
	at org.apache.maven.surefire.booter.ForkedBooter.main(ForkedBooter.java:418)
]]></error>
    <system-out><![CDATA[Running db test selectSubClauses::orderBy::testSimpleSortAsc
{"duration":0.0,"eventType":"EXECUTION_PLAN_EXEC_ERROR","info":{"code":-1,"message":"SnowflakeSQLException: SQL compilation error:\nObject 'PERSONTABLE' does not exist or not authorized.","status":"error","trace":"java.lang.RuntimeException: net.snowflake.client.jdbc.SnowflakeSQLException: SQL compilation error:\nObject 'PERSONTABLE' does not exist or not authorized.\n\tat org.finos.legend.engine.plan.execution.stores.relational.result.SQLExecutionResult.<init>(SQLExecutionResult.java:123)\n\tat org.finos.legend.engine.plan.execution.stores.relational.RelationalExecutor.execute(RelationalExecutor.java:241)\n\tat org.finos.legend.engine.plan.execution.stores.relational.plugin.RelationalExecutionNodeExecutor.visit(RelationalExecutionNodeExecutor.java:238)\n\tat org.finos.legend.engine.plan.execution.stores.relational.plugin.RelationalExecutionNodeExecutor.visit(RelationalExecutionNodeExecutor.java:252)\n\tat org.finos.legend.engine.plan.execution.stores.relational.plugin.RelationalExecutionNodeExecutor.visit(RelationalExecutionNodeExecutor.java:92)\n\tat org.finos.legend.engine.protocol.pure.v1.model.executionPlan.nodes.RelationalTdsInstantiationExecutionNode.accept(RelationalTdsInstantiationExecutionNode.java:22)\n\tat org.finos.legend.engine.plan.execution.stores.relational.RelationalExecutionExtension.lambda$getExtraNodeExecutors$fbe53481$1(RelationalExecutionExtension.java:50)\n\tat org.finos.legend.engine.plan.execution.nodes.ExecutionNodeExecutor.lambda$visit$0(ExecutionNodeExecutor.java:164)\n\tat java.base/java.util.stream.ReferencePipeline$3$1.accept(ReferencePipeline.java:195)\n\tat java.base/java.util.Spliterators$ArraySpliterator.tryAdvance(Spliterators.java:958)\n\tat java.base/java.util.stream.ReferencePipeline.forEachWithCancel(ReferencePipeline.java:127)\n\tat java.base/java.util.stream.AbstractPipeline.copyIntoWithCancel(AbstractPipeline.java:502)\n\tat java.base/java.util.stream.AbstractPipeline.copyInto(AbstractPipeline.java:488)\n\tat java.base/java.util.stream.AbstractPipeline.wrapAndCopyInto(AbstractPipeline.java:474)\n\tat java.base/java.util.stream.FindOps$FindOp.evaluateSequential(FindOps.java:150)\n\tat java.base/java.util.stream.AbstractPipeline.evaluate(AbstractPipeline.java:234)\n\tat java.base/java.util.stream.ReferencePipeline.findFirst(ReferencePipeline.java:543)\n\tat org.finos.legend.engine.plan.execution.nodes.ExecutionNodeExecutor.visit(ExecutionNodeExecutor.java:164)\n\tat org.finos.legend.engine.plan.execution.nodes.ExecutionNodeExecutor.visit(ExecutionNodeExecutor.java:107)\n\tat org.finos.legend.engine.protocol.pure.v1.model.executionPlan.nodes.RelationalTdsInstantiationExecutionNode.accept(RelationalTdsInstantiationExecutionNode.java:22)\n\tat org.finos.legend.engine.plan.execution.PlanExecutor.execute(PlanExecutor.java:238)\n\tat org.finos.legend.engine.plan.execution.PlanExecutor.execute(PlanExecutor.java:225)\n\tat org.finos.legend.engine.plan.execution.api.ExecutePlan.doExecutePlanLegacy(ExecutePlan.java:102)\n\tat org.finos.legend.engine.plan.execution.api.ExecutePlan.doExecutePlan(ExecutePlan.java:84)\n\tat org.finos.legend.engine.plan.execution.api.ExecutePlanLegacy.executePlan(ExecutePlanLegacy.java:56)\n\tat jdk.internal.reflect.GeneratedMethodAccessor100.invoke(Unknown Source)\n\tat java.base/jdk.internal.reflect.DelegatingMethodAccessorImpl.invoke(DelegatingMethodAccessorImpl.java:43)\n\tat java.base/java.lang.reflect.Method.invoke(Method.java:566)\n\tat org.glassfish.jersey.server.model.internal.ResourceMethodInvocationHandlerFactory$1.invoke(ResourceMethodInvocationHandlerFactory.java:81)\n\tat org.glassfish.jersey.server.model.internal.AbstractJavaResourceMethodDispatcher$1.run(AbstractJavaResourceMethodDispatcher.java:144)\n\tat org.glassfish.jersey.server.model.internal.AbstractJavaResourceMethodDispatcher.invoke(AbstractJavaResourceMethodDispatcher.java:161)\n\tat org.glassfish.jersey.server.model.internal.JavaResourceMethodDispatcherProvider$ResponseOutInvoker.doDispatch(JavaResourceMethodDispatcherProvider.java:160)\n\tat org.glassfish.jersey.server.model.internal.AbstractJavaResourceMethodDispatcher.dispatch(AbstractJavaResourceMethodDispatcher.java:99)\n\tat org.glassfish.jersey.server.model.ResourceMethodInvoker.invoke(ResourceMethodInvoker.java:389)\n\tat org.glassfish.jersey.server.model.ResourceMethodInvoker.apply(ResourceMethodInvoker.java:347)\n\tat org.glassfish.jersey.server.model.ResourceMethodInvoker.apply(ResourceMethodInvoker.java:102)\n\tat org.glassfish.jersey.server.ServerRuntime$2.run(ServerRuntime.java:326)\n\tat org.glassfish.jersey.internal.Errors$1.call(Errors.java:271)\n\tat org.glassfish.jersey.internal.Errors$1.call(Errors.java:267)\n\tat org.glassfish.jersey.internal.Errors.process(Errors.java:315)\n\tat org.glassfish.jersey.internal.Errors.process(Errors.java:297)\n\tat org.glassfish.jersey.internal.Errors.process(Errors.java:267)\n\tat org.glassfish.jersey.process.internal.RequestScope.runInScope(RequestScope.java:317)\n\tat org.glassfish.jersey.server.ServerRuntime.process(ServerRuntime.java:305)\n\tat org.glassfish.jersey.server.ApplicationHandler.handle(ApplicationHandler.java:1154)\n\tat org.glassfish.jersey.servlet.WebComponent.serviceImpl(WebComponent.java:473)\n\tat org.glassfish.jersey.servlet.WebComponent.service(WebComponent.java:427)\n\tat org.glassfish.jersey.servlet.ServletContainer.service(ServletContainer.java:388)\n\tat org.glassfish.jersey.servlet.ServletContainer.service(ServletContainer.java:341)\n\tat org.glassfish.jersey.servlet.ServletContainer.service(ServletContainer.java:228)\n\tat org.eclipse.jetty.servlet.ServletHolder.handle(ServletHolder.java:799)\n\tat org.eclipse.jetty.servlet.ServletHandler$ChainEnd.doFilter(ServletHandler.java:1631)\n\tat io.dropwizard.servlets.ThreadNameFilter.doFilter(ThreadNameFilter.java:35)\n\tat org.eclipse.jetty.servlet.FilterHolder.doFilter(FilterHolder.java:193)\n\tat org.eclipse.jetty.servlet.ServletHandler$Chain.doFilter(ServletHandler.java:1601)\n\tat io.dropwizard.jersey.filter.AllowedMethodsFilter.handle(AllowedMethodsFilter.java:45)\n\tat io.dropwizard.jersey.filter.AllowedMethodsFilter.doFilter(AllowedMethodsFilter.java:39)\n\tat org.eclipse.jetty.servlet.FilterHolder.doFilter(FilterHolder.java:193)\n\tat org.eclipse.jetty.servlet.ServletHandler$Chain.doFilter(ServletHandler.java:1601)\n\tat org.finos.legend.server.pac4j.internal.UsernameFilter.doFilter(UsernameFilter.java:51)\n\tat org.eclipse.jetty.servlet.FilterHolder.doFilter(FilterHolder.java:193)\n\tat org.eclipse.jetty.servlet.ServletHandler$Chain.doFilter(ServletHandler.java:1601)\n\tat org.pac4j.j2e.filter.SecurityFilter.lambda$internalFilter$0(SecurityFilter.java:95)\n\tat org.pac4j.core.engine.DefaultSecurityLogic.perform(DefaultSecurityLogic.java:140)\n\tat org.pac4j.j2e.filter.SecurityFilter.internalFilter(SecurityFilter.java:93)\n\tat org.pac4j.j2e.filter.AbstractConfigFilter.doFilter(AbstractConfigFilter.java:81)\n\tat org.eclipse.jetty.servlet.FilterHolder.doFilter(FilterHolder.java:193)\n\tat org.eclipse.jetty.servlet.ServletHandler$Chain.doFilter(ServletHandler.java:1601)\n\tat org.eclipse.jetty.servlet.ServletHandler.doHandle(ServletHandler.java:548)\n\tat org.eclipse.jetty.server.handler.ScopedHandler.nextHandle(ScopedHandler.java:233)\n\tat org.eclipse.jetty.server.session.SessionHandler.doHandle(SessionHandler.java:1624)\n\tat org.eclipse.jetty.server.handler.ScopedHandler.nextHandle(ScopedHandler.java:233)\n\tat org.eclipse.jetty.server.handler.ContextHandler.doHandle(ContextHandler.java:1434)\n\tat org.eclipse.jetty.server.handler.ScopedHandler.nextScope(ScopedHandler.java:188)\n\tat org.eclipse.jetty.servlet.ServletHandler.doScope(ServletHandler.java:501)\n\tat org.eclipse.jetty.server.session.SessionHandler.doScope(SessionHandler.java:1594)\n\tat org.eclipse.jetty.server.handler.ScopedHandler.nextScope(ScopedHandler.java:186)\n\tat org.eclipse.jetty.server.handler.ContextHandler.doScope(ContextHandler.java:1349)\n\tat org.eclipse.jetty.server.handler.ScopedHandler.handle(ScopedHandler.java:141)\n\tat org.eclipse.jetty.server.handler.HandlerWrapper.handle(HandlerWrapper.java:127)\n\tat com.codahale.metrics.jetty9.InstrumentedHandler.handle(InstrumentedHandler.java:313)\n\tat io.dropwizard.jetty.ContextRoutingHandler.handle(ContextRoutingHandler.java:37)\n\tat org.eclipse.jetty.server.handler.gzip.GzipHandler.handle(GzipHandler.java:713)\n\tat io.dropwizard.jetty.BiDiGzipHandler.handle(BiDiGzipHandler.java:67)\n\tat org.eclipse.jetty.server.handler.StatisticsHandler.handle(StatisticsHandler.java:179)\n\tat org.eclipse.jetty.server.handler.HandlerWrapper.handle(HandlerWrapper.java:127)\n\tat org.eclipse.jetty.server.Server.handle(Server.java:516)\n\tat org.eclipse.jetty.server.HttpChannel.lambda$handle$1(HttpChannel.java:400)\n\tat org.eclipse.jetty.server.HttpChannel.dispatch(HttpChannel.java:645)\n\tat org.eclipse.jetty.server.HttpChannel.handle(HttpChannel.java:392)\n\tat org.eclipse.jetty.server.HttpConnection.onFillable(HttpConnection.java:277)\n\tat org.eclipse.jetty.io.AbstractConnection$ReadCallback.succeeded(AbstractConnection.java:311)\n\tat org.eclipse.jetty.io.FillInterest.fillable(FillInterest.java:105)\n\tat org.eclipse.jetty.io.ChannelEndPoint$1.run(ChannelEndPoint.java:104)\n\tat org.eclipse.jetty.util.thread.strategy.EatWhatYouKill.runTask(EatWhatYouKill.java:338)\n\tat org.eclipse.jetty.util.thread.strategy.EatWhatYouKill.doProduce(EatWhatYouKill.java:315)\n\tat org.eclipse.jetty.util.thread.strategy.EatWhatYouKill.tryProduce(EatWhatYouKill.java:173)\n\tat org.eclipse.jetty.util.thread.strategy.EatWhatYouKill.run(EatWhatYouKill.java:131)\n\tat org.eclipse.jetty.util.thread.ReservedThreadExecutor$ReservedThread.run(ReservedThreadExecutor.java:409)\n\tat org.eclipse.jetty.util.thread.QueuedThreadPool.runJob(QueuedThreadPool.java:883)\n\tat org.eclipse.jetty.util.thread.QueuedThreadPool$Runner.run(QueuedThreadPool.java:1034)\n\tat java.base/java.lang.Thread.run(Thread.java:829)\nCaused by: net.snowflake.client.jdbc.SnowflakeSQLException: SQL compilation error:\nObject 'PERSONTABLE' does not exist or not authorized.\n\tat net.snowflake.client.jdbc.SnowflakeUtil.checkErrorAndThrowExceptionSub(SnowflakeUtil.java:127)\n\tat net.snowflake.client.jdbc.SnowflakeUtil.checkErrorAndThrowException(SnowflakeUtil.java:67)\n\tat net.snowflake.client.core.StmtUtil.pollForOutput(StmtUtil.java:442)\n\tat net.snowflake.client.core.StmtUtil.execute(StmtUtil.java:345)\n\tat net.snowflake.client.core.SFStatement.executeHelper(SFStatement.java:486)\n\tat net.snowflake.client.core.SFStatement.executeQueryInternal(SFStatement.java:197)\n\tat net.snowflake.client.core.SFStatement.executeQuery(SFStatement.java:134)\n\tat net.snowflake.client.core.SFStatement.execute(SFStatement.java:743)\n\tat net.snowflake.client.core.SFStatement.execute(SFStatement.java:639)\n\tat net.snowflake.client.jdbc.SnowflakeStatementV1.executeQueryInternal(SnowflakeStatementV1.java:238)\n\tat net.snowflake.client.jdbc.SnowflakeStatementV1.executeQuery(SnowflakeStatementV1.java:133)\n\tat com.zaxxer.hikari.pool.ProxyStatement.executeQuery(ProxyStatement.java:110)\n\tat com.zaxxer.hikari.pool.HikariProxyStatement.executeQuery(HikariProxyStatement.java)\n\tat org.finos.legend.engine.plan.execution.stores.relational.result.SQLExecutionResult.<init>(SQLExecutionResult.java:95)\n\t... 101 more\n"},"mode":"DEV","timeStamp":"2023-02-23 01:31:55.086","user":"_UNKNOWN_"}
| **selectSubClauses::orderBy::testSimpleSortAsc** | failing :x: |
]]></system-out>
  </testcase>
  <testcase name="testSimpleSortDesc[Snowflake]" classname="org.finos.legend.engine.server.test.shared.Relational_DbSpecific_UsingPureClientTestSuite$2" time="0.236">
    <error message="Assert failure at (resource:/platform/pure/basics/tests/assertEq.pure line:34 column:5), &quot;500 &apos;{&quot;code&quot;:-1,&quot;message&quot;:&quot;SnowflakeSQLException: SQL compilation error:&#10;Object &apos;PERSONTABLE&apos; does not exist or not authorized.&quot;,&quot;status&quot;:&quot;error&quot;,&quot;trace&quot;:&quot;java.lang.RuntimeException: net.snowflake.client.jdbc.SnowflakeSQLException: SQL compilation error:&#10;Object &apos;PERSONTABLE&apos; does not exist or not authorized.&#10;at org.finos.legend.engine.plan.execution.stores.relational.result.SQLExecutionResult.&lt;init&gt;(SQLExecutionResult.java:123)&#10;at org.finos.legend.engine.plan.execution.stores.relational.RelationalExecutor.execute(RelationalExecutor.java:241)&#10;at org.finos.legend.engine.plan.execution.stores.relational.plugin.RelationalExecutionNodeExecutor.visit(RelationalExecutionNodeExecutor.java:238)&#10;at org.finos.legend.engine.plan.execution.stores.relational.plugin.RelationalExecutionNodeExecutor.visit(RelationalExecutionNodeExecutor.java:252)&#10;at org.finos.legend.engine.plan.execution.stores.relational.plugin.RelationalExecutionNodeExecutor.visit(RelationalExecutionNodeExecutor.java:92)&#10;at org.finos.legend.engine.protocol.pure.v1.model.executionPlan.nodes.RelationalTdsInstantiationExecutionNode.accept(RelationalTdsInstantiationExecutionNode.java:22)&#10;at org.finos.legend.engine.plan.execution.stores.relational.RelationalExecutionExtension.lambda$getExtraNodeExecutors$fbe53481$1(RelationalExecutionExtension.java:50)&#10;at org.finos.legend.engine.plan.execution.nodes.ExecutionNodeExecutor.lambda$visit$0(ExecutionNodeExecutor.java:164)&#10;at java.base/java.util.stream.ReferencePipeline$3$1.accept(ReferencePipeline.java:195)&#10;at java.base/java.util.Spliterators$ArraySpliterator.tryAdvance(Spliterators.java:958)&#10;at java.base/java.util.stream.ReferencePipeline.forEachWithCancel(ReferencePipeline.java:127)&#10;at java.base/java.util.stream.AbstractPipeline.copyIntoWithCancel(AbstractPipeline.java:502)&#10;at java.base/java.util.stream.AbstractPipeline.copyInto(AbstractPipeline.java:488)&#10;at java.base/java.util.stream.AbstractPipeline.wrapAndCopyInto(AbstractPipeline.java:474)&#10;at java.base/java.util.stream.FindOps$FindOp.evaluateSequential(FindOps.java:150)&#10;at java.base/java.util.stream.AbstractPipeline.evaluate(AbstractPipeline.java:234)&#10;at java.base/java.util.stream.ReferencePipeline.findFirst(ReferencePipeline.java:543)&#10;at org.finos.legend.engine.plan.execution.nodes.ExecutionNodeExecutor.visit(ExecutionNodeExecutor.java:164)&#10;at org.finos.legend.engine.plan.execution.nodes.ExecutionNodeExecutor.visit(ExecutionNodeExecutor.java:107)&#10;at org.finos.legend.engine.protocol.pure.v1.model.executionPlan.nodes.RelationalTdsInstantiationExecutionNode.accept(RelationalTdsInstantiationExecutionNode.java:22)&#10;at org.finos.legend.engine.plan.execution.PlanExecutor.execute(PlanExecutor.java:238)&#10;at org.finos.legend.engine.plan.execution.PlanExecutor.execute(PlanExecutor.java:225)&#10;at org.finos.legend.engine.plan.execution.api.ExecutePlan.doExecutePlanLegacy(ExecutePlan.java:102)&#10;at org.finos.legend.engine.plan.execution.api.ExecutePlan.doExecutePlan(ExecutePlan.java:84)&#10;at org.finos.legend.engine.plan.execution.api.ExecutePlanLegacy.executePlan(ExecutePlanLegacy.java:56)&#10;at jdk.internal.reflect.GeneratedMethodAccessor100.invoke(Unknown Source)&#10;at java.base/jdk.internal.reflect.DelegatingMethodAccessorImpl.invoke(DelegatingMethodAccessorImpl.java:43)&#10;at java.base/java.lang.reflect.Method.invoke(Method.java:566)&#10;at org.glassfish.jersey.server.model.internal.ResourceMethodInvocationHandlerFactory$1.invoke(ResourceMethodInvocationHandlerFactory.java:81)&#10;at org.glassfish.jersey.server.model.internal.AbstractJavaResourceMethodDispatcher$1.run(AbstractJavaResourceMethodDispatcher.java:144)&#10;at org.glassfish.jersey.server.model.internal.AbstractJavaResourceMethodDispatcher.invoke(AbstractJavaResourceMethodDispatcher.java:161)&#10;at org.glassfish.jersey.server.model.internal.JavaResourceMethodDispatcherProvider$ResponseOutInvoker.doDispatch(JavaResourceMethodDispatcherProvider.java:160)&#10;at org.glassfish.jersey.server.model.internal.AbstractJavaResourceMethodDispatcher.dispatch(AbstractJavaResourceMethodDispatcher.java:99)&#10;at org.glassfish.jersey.server.model.ResourceMethodInvoker.invoke(ResourceMethodInvoker.java:389)&#10;at org.glassfish.jersey.server.model.ResourceMethodInvoker.apply(ResourceMethodInvoker.java:347)&#10;at org.glassfish.jersey.server.model.ResourceMethodInvoker.apply(ResourceMethodInvoker.java:102)&#10;at org.glassfish.jersey.server.ServerRuntime$2.run(ServerRuntime.java:326)&#10;at org.glassfish.jersey.internal.Errors$1.call(Errors.java:271)&#10;at org.glassfish.jersey.internal.Errors$1.call(Errors.java:267)&#10;at org.glassfish.jersey.internal.Errors.process(Errors.java:315)&#10;at org.glassfish.jersey.internal.Errors.process(Errors.java:297)&#10;at org.glassfish.jersey.internal.Errors.process(Errors.java:267)&#10;at org.glassfish.jersey.process.internal.RequestScope.runInScope(RequestScope.java:317)&#10;at org.glassfish.jersey.server.ServerRuntime.process(ServerRuntime.java:305)&#10;at org.glassfish.jersey.server.ApplicationHandler.handle(ApplicationHandler.java:1154)&#10;at org.glassfish.jersey.servlet.WebComponent.serviceImpl(WebComponent.java:473)&#10;at org.glassfish.jersey.servlet.WebComponent.service(WebComponent.java:427)&#10;at org.glassfish.jersey.servlet.ServletContainer.service(ServletContainer.java:388)&#10;at org.glassfish.jersey.servlet.ServletContainer.service(ServletContainer.java:341)&#10;at org.glassfish.jersey.servlet.ServletContainer.service(ServletContainer.java:228)&#10;at org.eclipse.jetty.servlet.ServletHolder.handle(ServletHolder.java:799)&#10;at org.eclipse.jetty.servlet.ServletHandler$ChainEnd.doFilter(ServletHandler.java:1631)&#10;at io.dropwizard.servlets.ThreadNameFilter.doFilter(ThreadNameFilter.java:35)&#10;at org.eclipse.jetty.servlet.FilterHolder.doFilter(FilterHolder.java:193)&#10;at org.eclipse.jetty.servlet.ServletHandler$Chain.doFilter(ServletHandler.java:1601)&#10;at io.dropwizard.jersey.filter.AllowedMethodsFilter.handle(AllowedMethodsFilter.java:45)&#10;at io.dropwizard.jersey.filter.AllowedMethodsFilter.doFilter(AllowedMethodsFilter.java:39)&#10;at org.eclipse.jetty.servlet.FilterHolder.doFilter(FilterHolder.java:193)&#10;at org.eclipse.jetty.servlet.ServletHandler$Chain.doFilter(ServletHandler.java:1601)&#10;at org.finos.legend.server.pac4j.internal.UsernameFilter.doFilter(UsernameFilter.java:51)&#10;at org.eclipse.jetty.servlet.FilterHolder.doFilter(FilterHolder.java:193)&#10;at org.eclipse.jetty.servlet.ServletHandler$Chain.doFilter(ServletHandler.java:1601)&#10;at org.pac4j.j2e.filter.SecurityFilter.lambda$internalFilter$0(SecurityFilter.java:95)&#10;at org.pac4j.core.engine.DefaultSecurityLogic.perform(DefaultSecurityLogic.java:140)&#10;at org.pac4j.j2e.filter.SecurityFilter.internalFilter(SecurityFilter.java:93)&#10;at org.pac4j.j2e.filter.AbstractConfigFilter.doFilter(AbstractConfigFilter.java:81)&#10;at org.eclipse.jetty.servlet.FilterHolder.doFilter(FilterHolder.java:193)&#10;at org.eclipse.jetty.servlet.ServletHandler$Chain.doFilter(ServletHandler.java:1601)&#10;at org.eclipse.jetty.servlet.ServletHandler.doHandle(ServletHandler.java:548)&#10;at org.eclipse.jetty.server.handler.ScopedHandler.nextHandle(ScopedHandler.java:233)&#10;at org.eclipse.jetty.server.session.SessionHandler.doHandle(SessionHandler.java:1624)&#10;at org.eclipse.jetty.server.handler.ScopedHandler.nextHandle(ScopedHandler.java:233)&#10;at org.eclipse.jetty.server.handler.ContextHandler.doHandle(ContextHandler.java:1434)&#10;at org.eclipse.jetty.server.handler.ScopedHandler.nextScope(ScopedHandler.java:188)&#10;at org.eclipse.jetty.servlet.ServletHandler.doScope(ServletHandler.java:501)&#10;at org.eclipse.jetty.server.session.SessionHandler.doScope(SessionHandler.java:1594)&#10;at org.eclipse.jetty.server.handler.ScopedHandler.nextScope(ScopedHandler.java:186)&#10;at org.eclipse.jetty.server.handler.ContextHandler.doScope(ContextHandler.java:1349)&#10;at org.eclipse.jetty.server.handler.ScopedHandler.handle(ScopedHandler.java:141)&#10;at org.eclipse.jetty.server.handler.HandlerWrapper.handle(HandlerWrapper.java:127)&#10;at com.codahale.metrics.jetty9.InstrumentedHandler.handle(InstrumentedHandler.java:313)&#10;at io.dropwizard.jetty.ContextRoutingHandler.handle(ContextRoutingHandler.java:37)&#10;at org.eclipse.jetty.server.handler.gzip.GzipHandler.handle(GzipHandler.java:713)&#10;at io.dropwizard.jetty.BiDiGzipHandler.handle(BiDiGzipHandler.java:67)&#10;at org.eclipse.jetty.server.handler.StatisticsHandler.handle(StatisticsHandler.java:179)&#10;at org.eclipse.jetty.server.handler.HandlerWrapper.handle(HandlerWrapper.java:127)&#10;at org.eclipse.jetty.server.Server.handle(Server.java:516)&#10;at org.eclipse.jetty.server.HttpChannel.lambda$handle$1(HttpChannel.java:400)&#10;at org.eclipse.jetty.server.HttpChannel.dispatch(HttpChannel.java:645)&#10;at org.eclipse.jetty.server.HttpChannel.handle(HttpChannel.java:392)&#10;at org.eclipse.jetty.server.HttpConnection.onFillable(HttpConnection.java:277)&#10;at org.eclipse.jetty.io.AbstractConnection$ReadCallback.succeeded(AbstractConnection.java:311)&#10;at org.eclipse.jetty.io.FillInterest.fillable(FillInterest.java:105)&#10;at org.eclipse.jetty.io.ChannelEndPoint$1.run(ChannelEndPoint.java:104)&#10;at org.eclipse.jetty.util.thread.strategy.EatWhatYouKill.runTask(EatWhatYouKill.java:338)&#10;at org.eclipse.jetty.util.thread.strategy.EatWhatYouKill.doProduce(EatWhatYouKill.java:315)&#10;at org.eclipse.jetty.util.thread.strategy.EatWhatYouKill.tryProduce(EatWhatYouKill.java:173)&#10;at org.eclipse.jetty.util.thread.strategy.EatWhatYouKill.run(EatWhatYouKill.java:131)&#10;at org.eclipse.jetty.util.thread.ReservedThreadExecutor$ReservedThread.run(ReservedThreadExecutor.java:409)&#10;at org.eclipse.jetty.util.thread.QueuedThreadPool.runJob(QueuedThreadPool.java:883)&#10;at org.eclipse.jetty.util.thread.QueuedThreadPool$Runner.run(QueuedThreadPool.java:1034)&#10;at java.base/java.lang.Thread.run(Thread.java:829)&#10;Caused by: net.snowflake.client.jdbc.SnowflakeSQLException: SQL compilation error:&#10;Object &apos;PERSONTABLE&apos; does not exist or not authorized.&#10;at net.snowflake.client.jdbc.SnowflakeUtil.checkErrorAndThrowExceptionSub(SnowflakeUtil.java:127)&#10;at net.snowflake.client.jdbc.SnowflakeUtil.checkErrorAndThrowException(SnowflakeUtil.java:67)&#10;at net.snowflake.client.core.StmtUtil.pollForOutput(StmtUtil.java:442)&#10;at net.snowflake.client.core.StmtUtil.execute(StmtUtil.java:345)&#10;at net.snowflake.client.core.SFStatement.executeHelper(SFStatement.java:486)&#10;at net.snowflake.client.core.SFStatement.executeQueryInternal(SFStatement.java:197)&#10;at net.snowflake.client.core.SFStatement.executeQuery(SFStatement.java:134)&#10;at net.snowflake.client.core.SFStatement.execute(SFStatement.java:743)&#10;at net.snowflake.client.core.SFStatement.execute(SFStatement.java:639)&#10;at net.snowflake.client.jdbc.SnowflakeStatementV1.executeQueryInternal(SnowflakeStatementV1.java:238)&#10;at net.snowflake.client.jdbc.SnowflakeStatementV1.executeQuery(SnowflakeStatementV1.java:133)&#10;at com.zaxxer.hikari.pool.ProxyStatement.executeQuery(ProxyStatement.java:110)&#10;at com.zaxxer.hikari.pool.HikariProxyStatement.executeQuery(HikariProxyStatement.java)&#10;at org.finos.legend.engine.plan.execution.stores.relational.result.SQLExecutionResult.&lt;init&gt;(SQLExecutionResult.java:95)&#10;... 101 more&#10;&quot;}&apos;&quot;" type="Assert failure at (resource"><![CDATA[Assert failure at (resource:/platform/pure/basics/tests/assertEq.pure line:34 column:5), "500 '{"code":-1,"message":"SnowflakeSQLException: SQL compilation error:
Object 'PERSONTABLE' does not exist or not authorized.","status":"error","trace":"java.lang.RuntimeException: net.snowflake.client.jdbc.SnowflakeSQLException: SQL compilation error:
Object 'PERSONTABLE' does not exist or not authorized.
at org.finos.legend.engine.plan.execution.stores.relational.result.SQLExecutionResult.<init>(SQLExecutionResult.java:123)
at org.finos.legend.engine.plan.execution.stores.relational.RelationalExecutor.execute(RelationalExecutor.java:241)
at org.finos.legend.engine.plan.execution.stores.relational.plugin.RelationalExecutionNodeExecutor.visit(RelationalExecutionNodeExecutor.java:238)
at org.finos.legend.engine.plan.execution.stores.relational.plugin.RelationalExecutionNodeExecutor.visit(RelationalExecutionNodeExecutor.java:252)
at org.finos.legend.engine.plan.execution.stores.relational.plugin.RelationalExecutionNodeExecutor.visit(RelationalExecutionNodeExecutor.java:92)
at org.finos.legend.engine.protocol.pure.v1.model.executionPlan.nodes.RelationalTdsInstantiationExecutionNode.accept(RelationalTdsInstantiationExecutionNode.java:22)
at org.finos.legend.engine.plan.execution.stores.relational.RelationalExecutionExtension.lambda$getExtraNodeExecutors$fbe53481$1(RelationalExecutionExtension.java:50)
at org.finos.legend.engine.plan.execution.nodes.ExecutionNodeExecutor.lambda$visit$0(ExecutionNodeExecutor.java:164)
at java.base/java.util.stream.ReferencePipeline$3$1.accept(ReferencePipeline.java:195)
at java.base/java.util.Spliterators$ArraySpliterator.tryAdvance(Spliterators.java:958)
at java.base/java.util.stream.ReferencePipeline.forEachWithCancel(ReferencePipeline.java:127)
at java.base/java.util.stream.AbstractPipeline.copyIntoWithCancel(AbstractPipeline.java:502)
at java.base/java.util.stream.AbstractPipeline.copyInto(AbstractPipeline.java:488)
at java.base/java.util.stream.AbstractPipeline.wrapAndCopyInto(AbstractPipeline.java:474)
at java.base/java.util.stream.FindOps$FindOp.evaluateSequential(FindOps.java:150)
at java.base/java.util.stream.AbstractPipeline.evaluate(AbstractPipeline.java:234)
at java.base/java.util.stream.ReferencePipeline.findFirst(ReferencePipeline.java:543)
at org.finos.legend.engine.plan.execution.nodes.ExecutionNodeExecutor.visit(ExecutionNodeExecutor.java:164)
at org.finos.legend.engine.plan.execution.nodes.ExecutionNodeExecutor.visit(ExecutionNodeExecutor.java:107)
at org.finos.legend.engine.protocol.pure.v1.model.executionPlan.nodes.RelationalTdsInstantiationExecutionNode.accept(RelationalTdsInstantiationExecutionNode.java:22)
at org.finos.legend.engine.plan.execution.PlanExecutor.execute(PlanExecutor.java:238)
at org.finos.legend.engine.plan.execution.PlanExecutor.execute(PlanExecutor.java:225)
at org.finos.legend.engine.plan.execution.api.ExecutePlan.doExecutePlanLegacy(ExecutePlan.java:102)
at org.finos.legend.engine.plan.execution.api.ExecutePlan.doExecutePlan(ExecutePlan.java:84)
at org.finos.legend.engine.plan.execution.api.ExecutePlanLegacy.executePlan(ExecutePlanLegacy.java:56)
at jdk.internal.reflect.GeneratedMethodAccessor100.invoke(Unknown Source)
at java.base/jdk.internal.reflect.DelegatingMethodAccessorImpl.invoke(DelegatingMethodAccessorImpl.java:43)
at java.base/java.lang.reflect.Method.invoke(Method.java:566)
at org.glassfish.jersey.server.model.internal.ResourceMethodInvocationHandlerFactory$1.invoke(ResourceMethodInvocationHandlerFactory.java:81)
at org.glassfish.jersey.server.model.internal.AbstractJavaResourceMethodDispatcher$1.run(AbstractJavaResourceMethodDispatcher.java:144)
at org.glassfish.jersey.server.model.internal.AbstractJavaResourceMethodDispatcher.invoke(AbstractJavaResourceMethodDispatcher.java:161)
at org.glassfish.jersey.server.model.internal.JavaResourceMethodDispatcherProvider$ResponseOutInvoker.doDispatch(JavaResourceMethodDispatcherProvider.java:160)
at org.glassfish.jersey.server.model.internal.AbstractJavaResourceMethodDispatcher.dispatch(AbstractJavaResourceMethodDispatcher.java:99)
at org.glassfish.jersey.server.model.ResourceMethodInvoker.invoke(ResourceMethodInvoker.java:389)
at org.glassfish.jersey.server.model.ResourceMethodInvoker.apply(ResourceMethodInvoker.java:347)
at org.glassfish.jersey.server.model.ResourceMethodInvoker.apply(ResourceMethodInvoker.java:102)
at org.glassfish.jersey.server.ServerRuntime$2.run(ServerRuntime.java:326)
at org.glassfish.jersey.internal.Errors$1.call(Errors.java:271)
at org.glassfish.jersey.internal.Errors$1.call(Errors.java:267)
at org.glassfish.jersey.internal.Errors.process(Errors.java:315)
at org.glassfish.jersey.internal.Errors.process(Errors.java:297)
at org.glassfish.jersey.internal.Errors.process(Errors.java:267)
at org.glassfish.jersey.process.internal.RequestScope.runInScope(RequestScope.java:317)
at org.glassfish.jersey.server.ServerRuntime.process(ServerRuntime.java:305)
at org.glassfish.jersey.server.ApplicationHandler.handle(ApplicationHandler.java:1154)
at org.glassfish.jersey.servlet.WebComponent.serviceImpl(WebComponent.java:473)
at org.glassfish.jersey.servlet.WebComponent.service(WebComponent.java:427)
at org.glassfish.jersey.servlet.ServletContainer.service(ServletContainer.java:388)
at org.glassfish.jersey.servlet.ServletContainer.service(ServletContainer.java:341)
at org.glassfish.jersey.servlet.ServletContainer.service(ServletContainer.java:228)
at org.eclipse.jetty.servlet.ServletHolder.handle(ServletHolder.java:799)
at org.eclipse.jetty.servlet.ServletHandler$ChainEnd.doFilter(ServletHandler.java:1631)
at io.dropwizard.servlets.ThreadNameFilter.doFilter(ThreadNameFilter.java:35)
at org.eclipse.jetty.servlet.FilterHolder.doFilter(FilterHolder.java:193)
at org.eclipse.jetty.servlet.ServletHandler$Chain.doFilter(ServletHandler.java:1601)
at io.dropwizard.jersey.filter.AllowedMethodsFilter.handle(AllowedMethodsFilter.java:45)
at io.dropwizard.jersey.filter.AllowedMethodsFilter.doFilter(AllowedMethodsFilter.java:39)
at org.eclipse.jetty.servlet.FilterHolder.doFilter(FilterHolder.java:193)
at org.eclipse.jetty.servlet.ServletHandler$Chain.doFilter(ServletHandler.java:1601)
at org.finos.legend.server.pac4j.internal.UsernameFilter.doFilter(UsernameFilter.java:51)
at org.eclipse.jetty.servlet.FilterHolder.doFilter(FilterHolder.java:193)
at org.eclipse.jetty.servlet.ServletHandler$Chain.doFilter(ServletHandler.java:1601)
at org.pac4j.j2e.filter.SecurityFilter.lambda$internalFilter$0(SecurityFilter.java:95)
at org.pac4j.core.engine.DefaultSecurityLogic.perform(DefaultSecurityLogic.java:140)
at org.pac4j.j2e.filter.SecurityFilter.internalFilter(SecurityFilter.java:93)
at org.pac4j.j2e.filter.AbstractConfigFilter.doFilter(AbstractConfigFilter.java:81)
at org.eclipse.jetty.servlet.FilterHolder.doFilter(FilterHolder.java:193)
at org.eclipse.jetty.servlet.ServletHandler$Chain.doFilter(ServletHandler.java:1601)
at org.eclipse.jetty.servlet.ServletHandler.doHandle(ServletHandler.java:548)
at org.eclipse.jetty.server.handler.ScopedHandler.nextHandle(ScopedHandler.java:233)
at org.eclipse.jetty.server.session.SessionHandler.doHandle(SessionHandler.java:1624)
at org.eclipse.jetty.server.handler.ScopedHandler.nextHandle(ScopedHandler.java:233)
at org.eclipse.jetty.server.handler.ContextHandler.doHandle(ContextHandler.java:1434)
at org.eclipse.jetty.server.handler.ScopedHandler.nextScope(ScopedHandler.java:188)
at org.eclipse.jetty.servlet.ServletHandler.doScope(ServletHandler.java:501)
at org.eclipse.jetty.server.session.SessionHandler.doScope(SessionHandler.java:1594)
at org.eclipse.jetty.server.handler.ScopedHandler.nextScope(ScopedHandler.java:186)
at org.eclipse.jetty.server.handler.ContextHandler.doScope(ContextHandler.java:1349)
at org.eclipse.jetty.server.handler.ScopedHandler.handle(ScopedHandler.java:141)
at org.eclipse.jetty.server.handler.HandlerWrapper.handle(HandlerWrapper.java:127)
at com.codahale.metrics.jetty9.InstrumentedHandler.handle(InstrumentedHandler.java:313)
at io.dropwizard.jetty.ContextRoutingHandler.handle(ContextRoutingHandler.java:37)
at org.eclipse.jetty.server.handler.gzip.GzipHandler.handle(GzipHandler.java:713)
at io.dropwizard.jetty.BiDiGzipHandler.handle(BiDiGzipHandler.java:67)
at org.eclipse.jetty.server.handler.StatisticsHandler.handle(StatisticsHandler.java:179)
at org.eclipse.jetty.server.handler.HandlerWrapper.handle(HandlerWrapper.java:127)
at org.eclipse.jetty.server.Server.handle(Server.java:516)
at org.eclipse.jetty.server.HttpChannel.lambda$handle$1(HttpChannel.java:400)
at org.eclipse.jetty.server.HttpChannel.dispatch(HttpChannel.java:645)
at org.eclipse.jetty.server.HttpChannel.handle(HttpChannel.java:392)
at org.eclipse.jetty.server.HttpConnection.onFillable(HttpConnection.java:277)
at org.eclipse.jetty.io.AbstractConnection$ReadCallback.succeeded(AbstractConnection.java:311)
at org.eclipse.jetty.io.FillInterest.fillable(FillInterest.java:105)
at org.eclipse.jetty.io.ChannelEndPoint$1.run(ChannelEndPoint.java:104)
at org.eclipse.jetty.util.thread.strategy.EatWhatYouKill.runTask(EatWhatYouKill.java:338)
at org.eclipse.jetty.util.thread.strategy.EatWhatYouKill.doProduce(EatWhatYouKill.java:315)
at org.eclipse.jetty.util.thread.strategy.EatWhatYouKill.tryProduce(EatWhatYouKill.java:173)
at org.eclipse.jetty.util.thread.strategy.EatWhatYouKill.run(EatWhatYouKill.java:131)
at org.eclipse.jetty.util.thread.ReservedThreadExecutor$ReservedThread.run(ReservedThreadExecutor.java:409)
at org.eclipse.jetty.util.thread.QueuedThreadPool.runJob(QueuedThreadPool.java:883)
at org.eclipse.jetty.util.thread.QueuedThreadPool$Runner.run(QueuedThreadPool.java:1034)
at java.base/java.lang.Thread.run(Thread.java:829)
Caused by: net.snowflake.client.jdbc.SnowflakeSQLException: SQL compilation error:
Object 'PERSONTABLE' does not exist or not authorized.
at net.snowflake.client.jdbc.SnowflakeUtil.checkErrorAndThrowExceptionSub(SnowflakeUtil.java:127)
at net.snowflake.client.jdbc.SnowflakeUtil.checkErrorAndThrowException(SnowflakeUtil.java:67)
at net.snowflake.client.core.StmtUtil.pollForOutput(StmtUtil.java:442)
at net.snowflake.client.core.StmtUtil.execute(StmtUtil.java:345)
at net.snowflake.client.core.SFStatement.executeHelper(SFStatement.java:486)
at net.snowflake.client.core.SFStatement.executeQueryInternal(SFStatement.java:197)
at net.snowflake.client.core.SFStatement.executeQuery(SFStatement.java:134)
at net.snowflake.client.core.SFStatement.execute(SFStatement.java:743)
at net.snowflake.client.core.SFStatement.execute(SFStatement.java:639)
at net.snowflake.client.jdbc.SnowflakeStatementV1.executeQueryInternal(SnowflakeStatementV1.java:238)
at net.snowflake.client.jdbc.SnowflakeStatementV1.executeQuery(SnowflakeStatementV1.java:133)
at com.zaxxer.hikari.pool.ProxyStatement.executeQuery(ProxyStatement.java:110)
at com.zaxxer.hikari.pool.HikariProxyStatement.executeQuery(HikariProxyStatement.java)
at org.finos.legend.engine.plan.execution.stores.relational.result.SQLExecutionResult.<init>(SQLExecutionResult.java:95)
... 101 more
"}'"
	at org.finos.legend.pure.runtime.java.compiled.generation.processors.support.CompiledSupport.pureAssert(CompiledSupport.java:1994)
	at org.finos.legend.pure.generated.platform_pure_basics_tests_assertEq.Root_meta_pure_functions_asserts_assertEq_Any_1__Any_1__Function_1__Boolean_1_(platform_pure_basics_tests_assertEq.java:44)
	at org.finos.legend.pure.generated.core_pure_protocol_vX_X_X_invocations_execution.Root_meta_protocols_pure_vX_X_X_invocation_execution_execute_executePlan_String_1__String_1__Integer_1__String_1_(core_pure_protocol_vX_X_X_invocations_execution.java:751)
	at org.finos.legend.pure.generated.core_pure_protocol_vX_X_X_invocations_execution.Root_meta_protocols_pure_vX_X_X_invocation_execution_execute_executePlan_ExecutionPlan_1__String_1__Integer_1__Extension_MANY__String_1_(core_pure_protocol_vX_X_X_invocations_execution.java:745)
	at org.finos.legend.pure.generated.core_pure_protocol_vX_X_X_invocations_execution.Root_meta_protocols_pure_vX_X_X_invocation_execution_execute_executePlan_ExecutionPlan_1__ExecutionContext_$0_1$__String_1__Integer_1__Extension_MANY__Result_1_(core_pure_protocol_vX_X_X_invocations_execution.java:738)
	at jdk.internal.reflect.GeneratedMethodAccessor96.invoke(Unknown Source)
	at java.base/jdk.internal.reflect.DelegatingMethodAccessorImpl.invoke(DelegatingMethodAccessorImpl.java:43)
	at java.base/java.lang.reflect.Method.invoke(Method.java:566)
	at org.finos.legend.pure.runtime.java.compiled.metadata.JavaMethodWithParamsSharedPureFunction.execute(JavaMethodWithParamsSharedPureFunction.java:59)
	at org.finos.legend.pure.runtime.java.compiled.generation.processors.support.Pure._evaluateToMany(Pure.java:546)
	at org.finos.legend.pure.generated.CoreGen.evaluateToMany(CoreGen.java:147)
	at org.finos.legend.pure.generated.CoreGen.evaluateToMany(CoreGen.java:134)
	at org.finos.legend.pure.generated.core_pure_router_router_entry$9$1.value(core_pure_router_router_entry.java:318)
	at org.finos.legend.pure.generated.core_pure_router_router_entry$9$1.execute(core_pure_router_router_entry.java:311)
	at org.finos.legend.pure.generated.core_pure_router_router_entry$9$1.execute(core_pure_router_router_entry.java:307)
	at org.finos.legend.pure.runtime.java.compiled.generation.processors.support.Pure.evaluate(Pure.java:485)
	at org.finos.legend.pure.runtime.java.compiled.generation.processors.support.Pure.legendTest(Pure.java:216)
	at org.finos.legend.pure.generated.CoreGen.legendTest(CoreGen.java:61)
	at org.finos.legend.pure.generated.core_pure_router_router_entry$9.valueOf(core_pure_router_router_entry.java:303)
	at org.finos.legend.pure.generated.core_pure_router_router_entry$9.execute(core_pure_router_router_entry.java:298)
	at org.finos.legend.pure.generated.core_pure_router_router_entry$9.execute(core_pure_router_router_entry.java:294)
	at org.finos.legend.pure.runtime.java.compiled.generation.processors.support.Pure.evaluate(Pure.java:485)
	at org.finos.legend.pure.runtime.java.compiled.generation.processors.support.Pure.traceSpan(Pure.java:1482)
	at org.finos.legend.pure.generated.CoreGen.traceSpan(CoreGen.java:203)
	at org.finos.legend.pure.generated.core_pure_router_router_entry.Root_meta_pure_router_executePlan_ExecutionPlan_1__ExecutionContext_1__Extension_MANY__Result_$0_1$_(core_pure_router_router_entry.java:290)
	at org.finos.legend.pure.generated.core_pure_router_router_entry.Root_meta_pure_router_executePlan_ExecutionPlan_1__Extension_MANY__Result_$0_1$_(core_pure_router_router_entry.java:285)
	at org.finos.legend.pure.generated.core_relational_relational_sqlQueryToString_dbTestRunner_executionPlanTestRunner$19.execute(core_relational_relational_sqlQueryToString_dbTestRunner_executionPlanTestRunner.java:305)
	at org.finos.legend.pure.generated.core_relational_relational_sqlQueryToString_dbTestRunner_executionPlanTestRunner.Root_meta_relational_dbTestRunner_executeViaPlan_FunctionDefinition_1__Mapping_1__Database_1__DbTestConfig_1__Extension_MANY__Result_$0_1$_(core_relational_relational_sqlQueryToString_dbTestRunner_executionPlanTestRunner.java:309)
	at org.finos.legend.pure.generated.core_relational_relational_sqlQueryToString_testSuite_selectSubClauses_orderBy.Root_meta_relational_tests_dbSpecificTests_sqlQueryTests_selectSubClauses_orderBy_testSimpleSortDesc_DbTestConfig_1__Boolean_1_(core_relational_relational_sqlQueryToString_testSuite_selectSubClauses_orderBy.java:484)
	at java.base/jdk.internal.reflect.NativeMethodAccessorImpl.invoke0(Native Method)
	at java.base/jdk.internal.reflect.NativeMethodAccessorImpl.invoke(NativeMethodAccessorImpl.java:62)
	at java.base/jdk.internal.reflect.DelegatingMethodAccessorImpl.invoke(DelegatingMethodAccessorImpl.java:43)
	at java.base/java.lang.reflect.Method.invoke(Method.java:566)
	at org.finos.legend.pure.runtime.java.compiled.testHelper.PureTestBuilderCompiled.executeFn(PureTestBuilderCompiled.java:113)
	at org.finos.legend.pure.runtime.java.compiled.testHelper.PureTestBuilderCompiled.lambda$buildSuite$0(PureTestBuilderCompiled.java:79)
	at org.finos.legend.pure.m3.execution.test.PureTestBuilder$PureTestCase.runTest(PureTestBuilder.java:95)
	at junit.framework.TestCase.runBare(TestCase.java:142)
	at org.finos.legend.engine.server.test.shared.Relational_DbSpecific_UsingPureClientTestSuite$2.runTest(Relational_DbSpecific_UsingPureClientTestSuite.java:90)
	at junit.framework.TestCase.runBare(TestCase.java:142)
	at junit.framework.TestResult$1.protect(TestResult.java:122)
	at junit.framework.TestResult.runProtected(TestResult.java:142)
	at junit.framework.TestResult.run(TestResult.java:125)
	at junit.framework.TestCase.run(TestCase.java:130)
	at junit.framework.TestSuite.runTest(TestSuite.java:241)
	at junit.framework.TestSuite.run(TestSuite.java:236)
	at junit.framework.TestSuite.runTest(TestSuite.java:241)
	at junit.framework.TestSuite.run(TestSuite.java:236)
	at junit.framework.TestSuite.runTest(TestSuite.java:241)
	at junit.framework.TestSuite.run(TestSuite.java:236)
	at junit.framework.TestSuite.runTest(TestSuite.java:241)
	at junit.framework.TestSuite.run(TestSuite.java:236)
	at junit.framework.TestSuite.runTest(TestSuite.java:241)
	at junit.framework.TestSuite.run(TestSuite.java:236)
	at junit.extensions.TestDecorator.basicRun(TestDecorator.java:24)
	at junit.extensions.TestSetup$1.protect(TestSetup.java:23)
	at junit.framework.TestResult.runProtected(TestResult.java:142)
	at junit.extensions.TestSetup.run(TestSetup.java:27)
	at org.junit.internal.runners.JUnit38ClassRunner.run(JUnit38ClassRunner.java:90)
	at org.apache.maven.surefire.junit4.JUnit4Provider.execute(JUnit4Provider.java:365)
	at org.apache.maven.surefire.junit4.JUnit4Provider.executeWithRerun(JUnit4Provider.java:273)
	at org.apache.maven.surefire.junit4.JUnit4Provider.executeTestSet(JUnit4Provider.java:238)
	at org.apache.maven.surefire.junit4.JUnit4Provider.invoke(JUnit4Provider.java:159)
	at org.apache.maven.surefire.booter.ForkedBooter.invokeProviderInSameClassLoader(ForkedBooter.java:384)
	at org.apache.maven.surefire.booter.ForkedBooter.runSuitesInProcess(ForkedBooter.java:345)
	at org.apache.maven.surefire.booter.ForkedBooter.execute(ForkedBooter.java:126)
	at org.apache.maven.surefire.booter.ForkedBooter.main(ForkedBooter.java:418)
]]></error>
    <system-out><![CDATA[Running db test selectSubClauses::orderBy::testSimpleSortDesc
{"duration":0.0,"eventType":"EXECUTION_PLAN_EXEC_ERROR","info":{"code":-1,"message":"SnowflakeSQLException: SQL compilation error:\nObject 'PERSONTABLE' does not exist or not authorized.","status":"error","trace":"java.lang.RuntimeException: net.snowflake.client.jdbc.SnowflakeSQLException: SQL compilation error:\nObject 'PERSONTABLE' does not exist or not authorized.\n\tat org.finos.legend.engine.plan.execution.stores.relational.result.SQLExecutionResult.<init>(SQLExecutionResult.java:123)\n\tat org.finos.legend.engine.plan.execution.stores.relational.RelationalExecutor.execute(RelationalExecutor.java:241)\n\tat org.finos.legend.engine.plan.execution.stores.relational.plugin.RelationalExecutionNodeExecutor.visit(RelationalExecutionNodeExecutor.java:238)\n\tat org.finos.legend.engine.plan.execution.stores.relational.plugin.RelationalExecutionNodeExecutor.visit(RelationalExecutionNodeExecutor.java:252)\n\tat org.finos.legend.engine.plan.execution.stores.relational.plugin.RelationalExecutionNodeExecutor.visit(RelationalExecutionNodeExecutor.java:92)\n\tat org.finos.legend.engine.protocol.pure.v1.model.executionPlan.nodes.RelationalTdsInstantiationExecutionNode.accept(RelationalTdsInstantiationExecutionNode.java:22)\n\tat org.finos.legend.engine.plan.execution.stores.relational.RelationalExecutionExtension.lambda$getExtraNodeExecutors$fbe53481$1(RelationalExecutionExtension.java:50)\n\tat org.finos.legend.engine.plan.execution.nodes.ExecutionNodeExecutor.lambda$visit$0(ExecutionNodeExecutor.java:164)\n\tat java.base/java.util.stream.ReferencePipeline$3$1.accept(ReferencePipeline.java:195)\n\tat java.base/java.util.Spliterators$ArraySpliterator.tryAdvance(Spliterators.java:958)\n\tat java.base/java.util.stream.ReferencePipeline.forEachWithCancel(ReferencePipeline.java:127)\n\tat java.base/java.util.stream.AbstractPipeline.copyIntoWithCancel(AbstractPipeline.java:502)\n\tat java.base/java.util.stream.AbstractPipeline.copyInto(AbstractPipeline.java:488)\n\tat java.base/java.util.stream.AbstractPipeline.wrapAndCopyInto(AbstractPipeline.java:474)\n\tat java.base/java.util.stream.FindOps$FindOp.evaluateSequential(FindOps.java:150)\n\tat java.base/java.util.stream.AbstractPipeline.evaluate(AbstractPipeline.java:234)\n\tat java.base/java.util.stream.ReferencePipeline.findFirst(ReferencePipeline.java:543)\n\tat org.finos.legend.engine.plan.execution.nodes.ExecutionNodeExecutor.visit(ExecutionNodeExecutor.java:164)\n\tat org.finos.legend.engine.plan.execution.nodes.ExecutionNodeExecutor.visit(ExecutionNodeExecutor.java:107)\n\tat org.finos.legend.engine.protocol.pure.v1.model.executionPlan.nodes.RelationalTdsInstantiationExecutionNode.accept(RelationalTdsInstantiationExecutionNode.java:22)\n\tat org.finos.legend.engine.plan.execution.PlanExecutor.execute(PlanExecutor.java:238)\n\tat org.finos.legend.engine.plan.execution.PlanExecutor.execute(PlanExecutor.java:225)\n\tat org.finos.legend.engine.plan.execution.api.ExecutePlan.doExecutePlanLegacy(ExecutePlan.java:102)\n\tat org.finos.legend.engine.plan.execution.api.ExecutePlan.doExecutePlan(ExecutePlan.java:84)\n\tat org.finos.legend.engine.plan.execution.api.ExecutePlanLegacy.executePlan(ExecutePlanLegacy.java:56)\n\tat jdk.internal.reflect.GeneratedMethodAccessor100.invoke(Unknown Source)\n\tat java.base/jdk.internal.reflect.DelegatingMethodAccessorImpl.invoke(DelegatingMethodAccessorImpl.java:43)\n\tat java.base/java.lang.reflect.Method.invoke(Method.java:566)\n\tat org.glassfish.jersey.server.model.internal.ResourceMethodInvocationHandlerFactory$1.invoke(ResourceMethodInvocationHandlerFactory.java:81)\n\tat org.glassfish.jersey.server.model.internal.AbstractJavaResourceMethodDispatcher$1.run(AbstractJavaResourceMethodDispatcher.java:144)\n\tat org.glassfish.jersey.server.model.internal.AbstractJavaResourceMethodDispatcher.invoke(AbstractJavaResourceMethodDispatcher.java:161)\n\tat org.glassfish.jersey.server.model.internal.JavaResourceMethodDispatcherProvider$ResponseOutInvoker.doDispatch(JavaResourceMethodDispatcherProvider.java:160)\n\tat org.glassfish.jersey.server.model.internal.AbstractJavaResourceMethodDispatcher.dispatch(AbstractJavaResourceMethodDispatcher.java:99)\n\tat org.glassfish.jersey.server.model.ResourceMethodInvoker.invoke(ResourceMethodInvoker.java:389)\n\tat org.glassfish.jersey.server.model.ResourceMethodInvoker.apply(ResourceMethodInvoker.java:347)\n\tat org.glassfish.jersey.server.model.ResourceMethodInvoker.apply(ResourceMethodInvoker.java:102)\n\tat org.glassfish.jersey.server.ServerRuntime$2.run(ServerRuntime.java:326)\n\tat org.glassfish.jersey.internal.Errors$1.call(Errors.java:271)\n\tat org.glassfish.jersey.internal.Errors$1.call(Errors.java:267)\n\tat org.glassfish.jersey.internal.Errors.process(Errors.java:315)\n\tat org.glassfish.jersey.internal.Errors.process(Errors.java:297)\n\tat org.glassfish.jersey.internal.Errors.process(Errors.java:267)\n\tat org.glassfish.jersey.process.internal.RequestScope.runInScope(RequestScope.java:317)\n\tat org.glassfish.jersey.server.ServerRuntime.process(ServerRuntime.java:305)\n\tat org.glassfish.jersey.server.ApplicationHandler.handle(ApplicationHandler.java:1154)\n\tat org.glassfish.jersey.servlet.WebComponent.serviceImpl(WebComponent.java:473)\n\tat org.glassfish.jersey.servlet.WebComponent.service(WebComponent.java:427)\n\tat org.glassfish.jersey.servlet.ServletContainer.service(ServletContainer.java:388)\n\tat org.glassfish.jersey.servlet.ServletContainer.service(ServletContainer.java:341)\n\tat org.glassfish.jersey.servlet.ServletContainer.service(ServletContainer.java:228)\n\tat org.eclipse.jetty.servlet.ServletHolder.handle(ServletHolder.java:799)\n\tat org.eclipse.jetty.servlet.ServletHandler$ChainEnd.doFilter(ServletHandler.java:1631)\n\tat io.dropwizard.servlets.ThreadNameFilter.doFilter(ThreadNameFilter.java:35)\n\tat org.eclipse.jetty.servlet.FilterHolder.doFilter(FilterHolder.java:193)\n\tat org.eclipse.jetty.servlet.ServletHandler$Chain.doFilter(ServletHandler.java:1601)\n\tat io.dropwizard.jersey.filter.AllowedMethodsFilter.handle(AllowedMethodsFilter.java:45)\n\tat io.dropwizard.jersey.filter.AllowedMethodsFilter.doFilter(AllowedMethodsFilter.java:39)\n\tat org.eclipse.jetty.servlet.FilterHolder.doFilter(FilterHolder.java:193)\n\tat org.eclipse.jetty.servlet.ServletHandler$Chain.doFilter(ServletHandler.java:1601)\n\tat org.finos.legend.server.pac4j.internal.UsernameFilter.doFilter(UsernameFilter.java:51)\n\tat org.eclipse.jetty.servlet.FilterHolder.doFilter(FilterHolder.java:193)\n\tat org.eclipse.jetty.servlet.ServletHandler$Chain.doFilter(ServletHandler.java:1601)\n\tat org.pac4j.j2e.filter.SecurityFilter.lambda$internalFilter$0(SecurityFilter.java:95)\n\tat org.pac4j.core.engine.DefaultSecurityLogic.perform(DefaultSecurityLogic.java:140)\n\tat org.pac4j.j2e.filter.SecurityFilter.internalFilter(SecurityFilter.java:93)\n\tat org.pac4j.j2e.filter.AbstractConfigFilter.doFilter(AbstractConfigFilter.java:81)\n\tat org.eclipse.jetty.servlet.FilterHolder.doFilter(FilterHolder.java:193)\n\tat org.eclipse.jetty.servlet.ServletHandler$Chain.doFilter(ServletHandler.java:1601)\n\tat org.eclipse.jetty.servlet.ServletHandler.doHandle(ServletHandler.java:548)\n\tat org.eclipse.jetty.server.handler.ScopedHandler.nextHandle(ScopedHandler.java:233)\n\tat org.eclipse.jetty.server.session.SessionHandler.doHandle(SessionHandler.java:1624)\n\tat org.eclipse.jetty.server.handler.ScopedHandler.nextHandle(ScopedHandler.java:233)\n\tat org.eclipse.jetty.server.handler.ContextHandler.doHandle(ContextHandler.java:1434)\n\tat org.eclipse.jetty.server.handler.ScopedHandler.nextScope(ScopedHandler.java:188)\n\tat org.eclipse.jetty.servlet.ServletHandler.doScope(ServletHandler.java:501)\n\tat org.eclipse.jetty.server.session.SessionHandler.doScope(SessionHandler.java:1594)\n\tat org.eclipse.jetty.server.handler.ScopedHandler.nextScope(ScopedHandler.java:186)\n\tat org.eclipse.jetty.server.handler.ContextHandler.doScope(ContextHandler.java:1349)\n\tat org.eclipse.jetty.server.handler.ScopedHandler.handle(ScopedHandler.java:141)\n\tat org.eclipse.jetty.server.handler.HandlerWrapper.handle(HandlerWrapper.java:127)\n\tat com.codahale.metrics.jetty9.InstrumentedHandler.handle(InstrumentedHandler.java:313)\n\tat io.dropwizard.jetty.ContextRoutingHandler.handle(ContextRoutingHandler.java:37)\n\tat org.eclipse.jetty.server.handler.gzip.GzipHandler.handle(GzipHandler.java:713)\n\tat io.dropwizard.jetty.BiDiGzipHandler.handle(BiDiGzipHandler.java:67)\n\tat org.eclipse.jetty.server.handler.StatisticsHandler.handle(StatisticsHandler.java:179)\n\tat org.eclipse.jetty.server.handler.HandlerWrapper.handle(HandlerWrapper.java:127)\n\tat org.eclipse.jetty.server.Server.handle(Server.java:516)\n\tat org.eclipse.jetty.server.HttpChannel.lambda$handle$1(HttpChannel.java:400)\n\tat org.eclipse.jetty.server.HttpChannel.dispatch(HttpChannel.java:645)\n\tat org.eclipse.jetty.server.HttpChannel.handle(HttpChannel.java:392)\n\tat org.eclipse.jetty.server.HttpConnection.onFillable(HttpConnection.java:277)\n\tat org.eclipse.jetty.io.AbstractConnection$ReadCallback.succeeded(AbstractConnection.java:311)\n\tat org.eclipse.jetty.io.FillInterest.fillable(FillInterest.java:105)\n\tat org.eclipse.jetty.io.ChannelEndPoint$1.run(ChannelEndPoint.java:104)\n\tat org.eclipse.jetty.util.thread.strategy.EatWhatYouKill.runTask(EatWhatYouKill.java:338)\n\tat org.eclipse.jetty.util.thread.strategy.EatWhatYouKill.doProduce(EatWhatYouKill.java:315)\n\tat org.eclipse.jetty.util.thread.strategy.EatWhatYouKill.tryProduce(EatWhatYouKill.java:173)\n\tat org.eclipse.jetty.util.thread.strategy.EatWhatYouKill.run(EatWhatYouKill.java:131)\n\tat org.eclipse.jetty.util.thread.ReservedThreadExecutor$ReservedThread.run(ReservedThreadExecutor.java:409)\n\tat org.eclipse.jetty.util.thread.QueuedThreadPool.runJob(QueuedThreadPool.java:883)\n\tat org.eclipse.jetty.util.thread.QueuedThreadPool$Runner.run(QueuedThreadPool.java:1034)\n\tat java.base/java.lang.Thread.run(Thread.java:829)\nCaused by: net.snowflake.client.jdbc.SnowflakeSQLException: SQL compilation error:\nObject 'PERSONTABLE' does not exist or not authorized.\n\tat net.snowflake.client.jdbc.SnowflakeUtil.checkErrorAndThrowExceptionSub(SnowflakeUtil.java:127)\n\tat net.snowflake.client.jdbc.SnowflakeUtil.checkErrorAndThrowException(SnowflakeUtil.java:67)\n\tat net.snowflake.client.core.StmtUtil.pollForOutput(StmtUtil.java:442)\n\tat net.snowflake.client.core.StmtUtil.execute(StmtUtil.java:345)\n\tat net.snowflake.client.core.SFStatement.executeHelper(SFStatement.java:486)\n\tat net.snowflake.client.core.SFStatement.executeQueryInternal(SFStatement.java:197)\n\tat net.snowflake.client.core.SFStatement.executeQuery(SFStatement.java:134)\n\tat net.snowflake.client.core.SFStatement.execute(SFStatement.java:743)\n\tat net.snowflake.client.core.SFStatement.execute(SFStatement.java:639)\n\tat net.snowflake.client.jdbc.SnowflakeStatementV1.executeQueryInternal(SnowflakeStatementV1.java:238)\n\tat net.snowflake.client.jdbc.SnowflakeStatementV1.executeQuery(SnowflakeStatementV1.java:133)\n\tat com.zaxxer.hikari.pool.ProxyStatement.executeQuery(ProxyStatement.java:110)\n\tat com.zaxxer.hikari.pool.HikariProxyStatement.executeQuery(HikariProxyStatement.java)\n\tat org.finos.legend.engine.plan.execution.stores.relational.result.SQLExecutionResult.<init>(SQLExecutionResult.java:95)\n\t... 101 more\n"},"mode":"DEV","timeStamp":"2023-02-23 01:31:55.320","user":"_UNKNOWN_"}
| **selectSubClauses::orderBy::testSimpleSortDesc** | failing :x: |
]]></system-out>
  </testcase>
  <testcase name="testSliceWithRestrict[Snowflake]" classname="org.finos.legend.engine.server.test.shared.Relational_DbSpecific_UsingPureClientTestSuite$2" time="0.284">
    <error message="Assert failure at (resource:/platform/pure/basics/tests/assertEq.pure line:34 column:5), &quot;500 &apos;{&quot;code&quot;:-1,&quot;message&quot;:&quot;SnowflakeSQLException: SQL compilation error:&#10;Object &apos;PERSONTABLE&apos; does not exist or not authorized.&quot;,&quot;status&quot;:&quot;error&quot;,&quot;trace&quot;:&quot;java.lang.RuntimeException: net.snowflake.client.jdbc.SnowflakeSQLException: SQL compilation error:&#10;Object &apos;PERSONTABLE&apos; does not exist or not authorized.&#10;at org.finos.legend.engine.plan.execution.stores.relational.result.SQLExecutionResult.&lt;init&gt;(SQLExecutionResult.java:123)&#10;at org.finos.legend.engine.plan.execution.stores.relational.RelationalExecutor.execute(RelationalExecutor.java:241)&#10;at org.finos.legend.engine.plan.execution.stores.relational.plugin.RelationalExecutionNodeExecutor.visit(RelationalExecutionNodeExecutor.java:238)&#10;at org.finos.legend.engine.plan.execution.stores.relational.plugin.RelationalExecutionNodeExecutor.visit(RelationalExecutionNodeExecutor.java:252)&#10;at org.finos.legend.engine.plan.execution.stores.relational.plugin.RelationalExecutionNodeExecutor.visit(RelationalExecutionNodeExecutor.java:92)&#10;at org.finos.legend.engine.protocol.pure.v1.model.executionPlan.nodes.RelationalTdsInstantiationExecutionNode.accept(RelationalTdsInstantiationExecutionNode.java:22)&#10;at org.finos.legend.engine.plan.execution.stores.relational.RelationalExecutionExtension.lambda$getExtraNodeExecutors$fbe53481$1(RelationalExecutionExtension.java:50)&#10;at org.finos.legend.engine.plan.execution.nodes.ExecutionNodeExecutor.lambda$visit$0(ExecutionNodeExecutor.java:164)&#10;at java.base/java.util.stream.ReferencePipeline$3$1.accept(ReferencePipeline.java:195)&#10;at java.base/java.util.Spliterators$ArraySpliterator.tryAdvance(Spliterators.java:958)&#10;at java.base/java.util.stream.ReferencePipeline.forEachWithCancel(ReferencePipeline.java:127)&#10;at java.base/java.util.stream.AbstractPipeline.copyIntoWithCancel(AbstractPipeline.java:502)&#10;at java.base/java.util.stream.AbstractPipeline.copyInto(AbstractPipeline.java:488)&#10;at java.base/java.util.stream.AbstractPipeline.wrapAndCopyInto(AbstractPipeline.java:474)&#10;at java.base/java.util.stream.FindOps$FindOp.evaluateSequential(FindOps.java:150)&#10;at java.base/java.util.stream.AbstractPipeline.evaluate(AbstractPipeline.java:234)&#10;at java.base/java.util.stream.ReferencePipeline.findFirst(ReferencePipeline.java:543)&#10;at org.finos.legend.engine.plan.execution.nodes.ExecutionNodeExecutor.visit(ExecutionNodeExecutor.java:164)&#10;at org.finos.legend.engine.plan.execution.nodes.ExecutionNodeExecutor.visit(ExecutionNodeExecutor.java:107)&#10;at org.finos.legend.engine.protocol.pure.v1.model.executionPlan.nodes.RelationalTdsInstantiationExecutionNode.accept(RelationalTdsInstantiationExecutionNode.java:22)&#10;at org.finos.legend.engine.plan.execution.PlanExecutor.execute(PlanExecutor.java:238)&#10;at org.finos.legend.engine.plan.execution.PlanExecutor.execute(PlanExecutor.java:225)&#10;at org.finos.legend.engine.plan.execution.api.ExecutePlan.doExecutePlanLegacy(ExecutePlan.java:102)&#10;at org.finos.legend.engine.plan.execution.api.ExecutePlan.doExecutePlan(ExecutePlan.java:84)&#10;at org.finos.legend.engine.plan.execution.api.ExecutePlanLegacy.executePlan(ExecutePlanLegacy.java:56)&#10;at jdk.internal.reflect.GeneratedMethodAccessor100.invoke(Unknown Source)&#10;at java.base/jdk.internal.reflect.DelegatingMethodAccessorImpl.invoke(DelegatingMethodAccessorImpl.java:43)&#10;at java.base/java.lang.reflect.Method.invoke(Method.java:566)&#10;at org.glassfish.jersey.server.model.internal.ResourceMethodInvocationHandlerFactory$1.invoke(ResourceMethodInvocationHandlerFactory.java:81)&#10;at org.glassfish.jersey.server.model.internal.AbstractJavaResourceMethodDispatcher$1.run(AbstractJavaResourceMethodDispatcher.java:144)&#10;at org.glassfish.jersey.server.model.internal.AbstractJavaResourceMethodDispatcher.invoke(AbstractJavaResourceMethodDispatcher.java:161)&#10;at org.glassfish.jersey.server.model.internal.JavaResourceMethodDispatcherProvider$ResponseOutInvoker.doDispatch(JavaResourceMethodDispatcherProvider.java:160)&#10;at org.glassfish.jersey.server.model.internal.AbstractJavaResourceMethodDispatcher.dispatch(AbstractJavaResourceMethodDispatcher.java:99)&#10;at org.glassfish.jersey.server.model.ResourceMethodInvoker.invoke(ResourceMethodInvoker.java:389)&#10;at org.glassfish.jersey.server.model.ResourceMethodInvoker.apply(ResourceMethodInvoker.java:347)&#10;at org.glassfish.jersey.server.model.ResourceMethodInvoker.apply(ResourceMethodInvoker.java:102)&#10;at org.glassfish.jersey.server.ServerRuntime$2.run(ServerRuntime.java:326)&#10;at org.glassfish.jersey.internal.Errors$1.call(Errors.java:271)&#10;at org.glassfish.jersey.internal.Errors$1.call(Errors.java:267)&#10;at org.glassfish.jersey.internal.Errors.process(Errors.java:315)&#10;at org.glassfish.jersey.internal.Errors.process(Errors.java:297)&#10;at org.glassfish.jersey.internal.Errors.process(Errors.java:267)&#10;at org.glassfish.jersey.process.internal.RequestScope.runInScope(RequestScope.java:317)&#10;at org.glassfish.jersey.server.ServerRuntime.process(ServerRuntime.java:305)&#10;at org.glassfish.jersey.server.ApplicationHandler.handle(ApplicationHandler.java:1154)&#10;at org.glassfish.jersey.servlet.WebComponent.serviceImpl(WebComponent.java:473)&#10;at org.glassfish.jersey.servlet.WebComponent.service(WebComponent.java:427)&#10;at org.glassfish.jersey.servlet.ServletContainer.service(ServletContainer.java:388)&#10;at org.glassfish.jersey.servlet.ServletContainer.service(ServletContainer.java:341)&#10;at org.glassfish.jersey.servlet.ServletContainer.service(ServletContainer.java:228)&#10;at org.eclipse.jetty.servlet.ServletHolder.handle(ServletHolder.java:799)&#10;at org.eclipse.jetty.servlet.ServletHandler$ChainEnd.doFilter(ServletHandler.java:1631)&#10;at io.dropwizard.servlets.ThreadNameFilter.doFilter(ThreadNameFilter.java:35)&#10;at org.eclipse.jetty.servlet.FilterHolder.doFilter(FilterHolder.java:193)&#10;at org.eclipse.jetty.servlet.ServletHandler$Chain.doFilter(ServletHandler.java:1601)&#10;at io.dropwizard.jersey.filter.AllowedMethodsFilter.handle(AllowedMethodsFilter.java:45)&#10;at io.dropwizard.jersey.filter.AllowedMethodsFilter.doFilter(AllowedMethodsFilter.java:39)&#10;at org.eclipse.jetty.servlet.FilterHolder.doFilter(FilterHolder.java:193)&#10;at org.eclipse.jetty.servlet.ServletHandler$Chain.doFilter(ServletHandler.java:1601)&#10;at org.finos.legend.server.pac4j.internal.UsernameFilter.doFilter(UsernameFilter.java:51)&#10;at org.eclipse.jetty.servlet.FilterHolder.doFilter(FilterHolder.java:193)&#10;at org.eclipse.jetty.servlet.ServletHandler$Chain.doFilter(ServletHandler.java:1601)&#10;at org.pac4j.j2e.filter.SecurityFilter.lambda$internalFilter$0(SecurityFilter.java:95)&#10;at org.pac4j.core.engine.DefaultSecurityLogic.perform(DefaultSecurityLogic.java:140)&#10;at org.pac4j.j2e.filter.SecurityFilter.internalFilter(SecurityFilter.java:93)&#10;at org.pac4j.j2e.filter.AbstractConfigFilter.doFilter(AbstractConfigFilter.java:81)&#10;at org.eclipse.jetty.servlet.FilterHolder.doFilter(FilterHolder.java:193)&#10;at org.eclipse.jetty.servlet.ServletHandler$Chain.doFilter(ServletHandler.java:1601)&#10;at org.eclipse.jetty.servlet.ServletHandler.doHandle(ServletHandler.java:548)&#10;at org.eclipse.jetty.server.handler.ScopedHandler.nextHandle(ScopedHandler.java:233)&#10;at org.eclipse.jetty.server.session.SessionHandler.doHandle(SessionHandler.java:1624)&#10;at org.eclipse.jetty.server.handler.ScopedHandler.nextHandle(ScopedHandler.java:233)&#10;at org.eclipse.jetty.server.handler.ContextHandler.doHandle(ContextHandler.java:1434)&#10;at org.eclipse.jetty.server.handler.ScopedHandler.nextScope(ScopedHandler.java:188)&#10;at org.eclipse.jetty.servlet.ServletHandler.doScope(ServletHandler.java:501)&#10;at org.eclipse.jetty.server.session.SessionHandler.doScope(SessionHandler.java:1594)&#10;at org.eclipse.jetty.server.handler.ScopedHandler.nextScope(ScopedHandler.java:186)&#10;at org.eclipse.jetty.server.handler.ContextHandler.doScope(ContextHandler.java:1349)&#10;at org.eclipse.jetty.server.handler.ScopedHandler.handle(ScopedHandler.java:141)&#10;at org.eclipse.jetty.server.handler.HandlerWrapper.handle(HandlerWrapper.java:127)&#10;at com.codahale.metrics.jetty9.InstrumentedHandler.handle(InstrumentedHandler.java:313)&#10;at io.dropwizard.jetty.ContextRoutingHandler.handle(ContextRoutingHandler.java:37)&#10;at org.eclipse.jetty.server.handler.gzip.GzipHandler.handle(GzipHandler.java:713)&#10;at io.dropwizard.jetty.BiDiGzipHandler.handle(BiDiGzipHandler.java:67)&#10;at org.eclipse.jetty.server.handler.StatisticsHandler.handle(StatisticsHandler.java:179)&#10;at org.eclipse.jetty.server.handler.HandlerWrapper.handle(HandlerWrapper.java:127)&#10;at org.eclipse.jetty.server.Server.handle(Server.java:516)&#10;at org.eclipse.jetty.server.HttpChannel.lambda$handle$1(HttpChannel.java:400)&#10;at org.eclipse.jetty.server.HttpChannel.dispatch(HttpChannel.java:645)&#10;at org.eclipse.jetty.server.HttpChannel.handle(HttpChannel.java:392)&#10;at org.eclipse.jetty.server.HttpConnection.onFillable(HttpConnection.java:277)&#10;at org.eclipse.jetty.io.AbstractConnection$ReadCallback.succeeded(AbstractConnection.java:311)&#10;at org.eclipse.jetty.io.FillInterest.fillable(FillInterest.java:105)&#10;at org.eclipse.jetty.io.ChannelEndPoint$1.run(ChannelEndPoint.java:104)&#10;at org.eclipse.jetty.util.thread.strategy.EatWhatYouKill.runTask(EatWhatYouKill.java:338)&#10;at org.eclipse.jetty.util.thread.strategy.EatWhatYouKill.doProduce(EatWhatYouKill.java:315)&#10;at org.eclipse.jetty.util.thread.strategy.EatWhatYouKill.tryProduce(EatWhatYouKill.java:173)&#10;at org.eclipse.jetty.util.thread.strategy.EatWhatYouKill.run(EatWhatYouKill.java:131)&#10;at org.eclipse.jetty.util.thread.ReservedThreadExecutor$ReservedThread.run(ReservedThreadExecutor.java:409)&#10;at org.eclipse.jetty.util.thread.QueuedThreadPool.runJob(QueuedThreadPool.java:883)&#10;at org.eclipse.jetty.util.thread.QueuedThreadPool$Runner.run(QueuedThreadPool.java:1034)&#10;at java.base/java.lang.Thread.run(Thread.java:829)&#10;Caused by: net.snowflake.client.jdbc.SnowflakeSQLException: SQL compilation error:&#10;Object &apos;PERSONTABLE&apos; does not exist or not authorized.&#10;at net.snowflake.client.jdbc.SnowflakeUtil.checkErrorAndThrowExceptionSub(SnowflakeUtil.java:127)&#10;at net.snowflake.client.jdbc.SnowflakeUtil.checkErrorAndThrowException(SnowflakeUtil.java:67)&#10;at net.snowflake.client.core.StmtUtil.pollForOutput(StmtUtil.java:442)&#10;at net.snowflake.client.core.StmtUtil.execute(StmtUtil.java:345)&#10;at net.snowflake.client.core.SFStatement.executeHelper(SFStatement.java:486)&#10;at net.snowflake.client.core.SFStatement.executeQueryInternal(SFStatement.java:197)&#10;at net.snowflake.client.core.SFStatement.executeQuery(SFStatement.java:134)&#10;at net.snowflake.client.core.SFStatement.execute(SFStatement.java:743)&#10;at net.snowflake.client.core.SFStatement.execute(SFStatement.java:639)&#10;at net.snowflake.client.jdbc.SnowflakeStatementV1.executeQueryInternal(SnowflakeStatementV1.java:238)&#10;at net.snowflake.client.jdbc.SnowflakeStatementV1.executeQuery(SnowflakeStatementV1.java:133)&#10;at com.zaxxer.hikari.pool.ProxyStatement.executeQuery(ProxyStatement.java:110)&#10;at com.zaxxer.hikari.pool.HikariProxyStatement.executeQuery(HikariProxyStatement.java)&#10;at org.finos.legend.engine.plan.execution.stores.relational.result.SQLExecutionResult.&lt;init&gt;(SQLExecutionResult.java:95)&#10;... 101 more&#10;&quot;}&apos;&quot;" type="Assert failure at (resource"><![CDATA[Assert failure at (resource:/platform/pure/basics/tests/assertEq.pure line:34 column:5), "500 '{"code":-1,"message":"SnowflakeSQLException: SQL compilation error:
Object 'PERSONTABLE' does not exist or not authorized.","status":"error","trace":"java.lang.RuntimeException: net.snowflake.client.jdbc.SnowflakeSQLException: SQL compilation error:
Object 'PERSONTABLE' does not exist or not authorized.
at org.finos.legend.engine.plan.execution.stores.relational.result.SQLExecutionResult.<init>(SQLExecutionResult.java:123)
at org.finos.legend.engine.plan.execution.stores.relational.RelationalExecutor.execute(RelationalExecutor.java:241)
at org.finos.legend.engine.plan.execution.stores.relational.plugin.RelationalExecutionNodeExecutor.visit(RelationalExecutionNodeExecutor.java:238)
at org.finos.legend.engine.plan.execution.stores.relational.plugin.RelationalExecutionNodeExecutor.visit(RelationalExecutionNodeExecutor.java:252)
at org.finos.legend.engine.plan.execution.stores.relational.plugin.RelationalExecutionNodeExecutor.visit(RelationalExecutionNodeExecutor.java:92)
at org.finos.legend.engine.protocol.pure.v1.model.executionPlan.nodes.RelationalTdsInstantiationExecutionNode.accept(RelationalTdsInstantiationExecutionNode.java:22)
at org.finos.legend.engine.plan.execution.stores.relational.RelationalExecutionExtension.lambda$getExtraNodeExecutors$fbe53481$1(RelationalExecutionExtension.java:50)
at org.finos.legend.engine.plan.execution.nodes.ExecutionNodeExecutor.lambda$visit$0(ExecutionNodeExecutor.java:164)
at java.base/java.util.stream.ReferencePipeline$3$1.accept(ReferencePipeline.java:195)
at java.base/java.util.Spliterators$ArraySpliterator.tryAdvance(Spliterators.java:958)
at java.base/java.util.stream.ReferencePipeline.forEachWithCancel(ReferencePipeline.java:127)
at java.base/java.util.stream.AbstractPipeline.copyIntoWithCancel(AbstractPipeline.java:502)
at java.base/java.util.stream.AbstractPipeline.copyInto(AbstractPipeline.java:488)
at java.base/java.util.stream.AbstractPipeline.wrapAndCopyInto(AbstractPipeline.java:474)
at java.base/java.util.stream.FindOps$FindOp.evaluateSequential(FindOps.java:150)
at java.base/java.util.stream.AbstractPipeline.evaluate(AbstractPipeline.java:234)
at java.base/java.util.stream.ReferencePipeline.findFirst(ReferencePipeline.java:543)
at org.finos.legend.engine.plan.execution.nodes.ExecutionNodeExecutor.visit(ExecutionNodeExecutor.java:164)
at org.finos.legend.engine.plan.execution.nodes.ExecutionNodeExecutor.visit(ExecutionNodeExecutor.java:107)
at org.finos.legend.engine.protocol.pure.v1.model.executionPlan.nodes.RelationalTdsInstantiationExecutionNode.accept(RelationalTdsInstantiationExecutionNode.java:22)
at org.finos.legend.engine.plan.execution.PlanExecutor.execute(PlanExecutor.java:238)
at org.finos.legend.engine.plan.execution.PlanExecutor.execute(PlanExecutor.java:225)
at org.finos.legend.engine.plan.execution.api.ExecutePlan.doExecutePlanLegacy(ExecutePlan.java:102)
at org.finos.legend.engine.plan.execution.api.ExecutePlan.doExecutePlan(ExecutePlan.java:84)
at org.finos.legend.engine.plan.execution.api.ExecutePlanLegacy.executePlan(ExecutePlanLegacy.java:56)
at jdk.internal.reflect.GeneratedMethodAccessor100.invoke(Unknown Source)
at java.base/jdk.internal.reflect.DelegatingMethodAccessorImpl.invoke(DelegatingMethodAccessorImpl.java:43)
at java.base/java.lang.reflect.Method.invoke(Method.java:566)
at org.glassfish.jersey.server.model.internal.ResourceMethodInvocationHandlerFactory$1.invoke(ResourceMethodInvocationHandlerFactory.java:81)
at org.glassfish.jersey.server.model.internal.AbstractJavaResourceMethodDispatcher$1.run(AbstractJavaResourceMethodDispatcher.java:144)
at org.glassfish.jersey.server.model.internal.AbstractJavaResourceMethodDispatcher.invoke(AbstractJavaResourceMethodDispatcher.java:161)
at org.glassfish.jersey.server.model.internal.JavaResourceMethodDispatcherProvider$ResponseOutInvoker.doDispatch(JavaResourceMethodDispatcherProvider.java:160)
at org.glassfish.jersey.server.model.internal.AbstractJavaResourceMethodDispatcher.dispatch(AbstractJavaResourceMethodDispatcher.java:99)
at org.glassfish.jersey.server.model.ResourceMethodInvoker.invoke(ResourceMethodInvoker.java:389)
at org.glassfish.jersey.server.model.ResourceMethodInvoker.apply(ResourceMethodInvoker.java:347)
at org.glassfish.jersey.server.model.ResourceMethodInvoker.apply(ResourceMethodInvoker.java:102)
at org.glassfish.jersey.server.ServerRuntime$2.run(ServerRuntime.java:326)
at org.glassfish.jersey.internal.Errors$1.call(Errors.java:271)
at org.glassfish.jersey.internal.Errors$1.call(Errors.java:267)
at org.glassfish.jersey.internal.Errors.process(Errors.java:315)
at org.glassfish.jersey.internal.Errors.process(Errors.java:297)
at org.glassfish.jersey.internal.Errors.process(Errors.java:267)
at org.glassfish.jersey.process.internal.RequestScope.runInScope(RequestScope.java:317)
at org.glassfish.jersey.server.ServerRuntime.process(ServerRuntime.java:305)
at org.glassfish.jersey.server.ApplicationHandler.handle(ApplicationHandler.java:1154)
at org.glassfish.jersey.servlet.WebComponent.serviceImpl(WebComponent.java:473)
at org.glassfish.jersey.servlet.WebComponent.service(WebComponent.java:427)
at org.glassfish.jersey.servlet.ServletContainer.service(ServletContainer.java:388)
at org.glassfish.jersey.servlet.ServletContainer.service(ServletContainer.java:341)
at org.glassfish.jersey.servlet.ServletContainer.service(ServletContainer.java:228)
at org.eclipse.jetty.servlet.ServletHolder.handle(ServletHolder.java:799)
at org.eclipse.jetty.servlet.ServletHandler$ChainEnd.doFilter(ServletHandler.java:1631)
at io.dropwizard.servlets.ThreadNameFilter.doFilter(ThreadNameFilter.java:35)
at org.eclipse.jetty.servlet.FilterHolder.doFilter(FilterHolder.java:193)
at org.eclipse.jetty.servlet.ServletHandler$Chain.doFilter(ServletHandler.java:1601)
at io.dropwizard.jersey.filter.AllowedMethodsFilter.handle(AllowedMethodsFilter.java:45)
at io.dropwizard.jersey.filter.AllowedMethodsFilter.doFilter(AllowedMethodsFilter.java:39)
at org.eclipse.jetty.servlet.FilterHolder.doFilter(FilterHolder.java:193)
at org.eclipse.jetty.servlet.ServletHandler$Chain.doFilter(ServletHandler.java:1601)
at org.finos.legend.server.pac4j.internal.UsernameFilter.doFilter(UsernameFilter.java:51)
at org.eclipse.jetty.servlet.FilterHolder.doFilter(FilterHolder.java:193)
at org.eclipse.jetty.servlet.ServletHandler$Chain.doFilter(ServletHandler.java:1601)
at org.pac4j.j2e.filter.SecurityFilter.lambda$internalFilter$0(SecurityFilter.java:95)
at org.pac4j.core.engine.DefaultSecurityLogic.perform(DefaultSecurityLogic.java:140)
at org.pac4j.j2e.filter.SecurityFilter.internalFilter(SecurityFilter.java:93)
at org.pac4j.j2e.filter.AbstractConfigFilter.doFilter(AbstractConfigFilter.java:81)
at org.eclipse.jetty.servlet.FilterHolder.doFilter(FilterHolder.java:193)
at org.eclipse.jetty.servlet.ServletHandler$Chain.doFilter(ServletHandler.java:1601)
at org.eclipse.jetty.servlet.ServletHandler.doHandle(ServletHandler.java:548)
at org.eclipse.jetty.server.handler.ScopedHandler.nextHandle(ScopedHandler.java:233)
at org.eclipse.jetty.server.session.SessionHandler.doHandle(SessionHandler.java:1624)
at org.eclipse.jetty.server.handler.ScopedHandler.nextHandle(ScopedHandler.java:233)
at org.eclipse.jetty.server.handler.ContextHandler.doHandle(ContextHandler.java:1434)
at org.eclipse.jetty.server.handler.ScopedHandler.nextScope(ScopedHandler.java:188)
at org.eclipse.jetty.servlet.ServletHandler.doScope(ServletHandler.java:501)
at org.eclipse.jetty.server.session.SessionHandler.doScope(SessionHandler.java:1594)
at org.eclipse.jetty.server.handler.ScopedHandler.nextScope(ScopedHandler.java:186)
at org.eclipse.jetty.server.handler.ContextHandler.doScope(ContextHandler.java:1349)
at org.eclipse.jetty.server.handler.ScopedHandler.handle(ScopedHandler.java:141)
at org.eclipse.jetty.server.handler.HandlerWrapper.handle(HandlerWrapper.java:127)
at com.codahale.metrics.jetty9.InstrumentedHandler.handle(InstrumentedHandler.java:313)
at io.dropwizard.jetty.ContextRoutingHandler.handle(ContextRoutingHandler.java:37)
at org.eclipse.jetty.server.handler.gzip.GzipHandler.handle(GzipHandler.java:713)
at io.dropwizard.jetty.BiDiGzipHandler.handle(BiDiGzipHandler.java:67)
at org.eclipse.jetty.server.handler.StatisticsHandler.handle(StatisticsHandler.java:179)
at org.eclipse.jetty.server.handler.HandlerWrapper.handle(HandlerWrapper.java:127)
at org.eclipse.jetty.server.Server.handle(Server.java:516)
at org.eclipse.jetty.server.HttpChannel.lambda$handle$1(HttpChannel.java:400)
at org.eclipse.jetty.server.HttpChannel.dispatch(HttpChannel.java:645)
at org.eclipse.jetty.server.HttpChannel.handle(HttpChannel.java:392)
at org.eclipse.jetty.server.HttpConnection.onFillable(HttpConnection.java:277)
at org.eclipse.jetty.io.AbstractConnection$ReadCallback.succeeded(AbstractConnection.java:311)
at org.eclipse.jetty.io.FillInterest.fillable(FillInterest.java:105)
at org.eclipse.jetty.io.ChannelEndPoint$1.run(ChannelEndPoint.java:104)
at org.eclipse.jetty.util.thread.strategy.EatWhatYouKill.runTask(EatWhatYouKill.java:338)
at org.eclipse.jetty.util.thread.strategy.EatWhatYouKill.doProduce(EatWhatYouKill.java:315)
at org.eclipse.jetty.util.thread.strategy.EatWhatYouKill.tryProduce(EatWhatYouKill.java:173)
at org.eclipse.jetty.util.thread.strategy.EatWhatYouKill.run(EatWhatYouKill.java:131)
at org.eclipse.jetty.util.thread.ReservedThreadExecutor$ReservedThread.run(ReservedThreadExecutor.java:409)
at org.eclipse.jetty.util.thread.QueuedThreadPool.runJob(QueuedThreadPool.java:883)
at org.eclipse.jetty.util.thread.QueuedThreadPool$Runner.run(QueuedThreadPool.java:1034)
at java.base/java.lang.Thread.run(Thread.java:829)
Caused by: net.snowflake.client.jdbc.SnowflakeSQLException: SQL compilation error:
Object 'PERSONTABLE' does not exist or not authorized.
at net.snowflake.client.jdbc.SnowflakeUtil.checkErrorAndThrowExceptionSub(SnowflakeUtil.java:127)
at net.snowflake.client.jdbc.SnowflakeUtil.checkErrorAndThrowException(SnowflakeUtil.java:67)
at net.snowflake.client.core.StmtUtil.pollForOutput(StmtUtil.java:442)
at net.snowflake.client.core.StmtUtil.execute(StmtUtil.java:345)
at net.snowflake.client.core.SFStatement.executeHelper(SFStatement.java:486)
at net.snowflake.client.core.SFStatement.executeQueryInternal(SFStatement.java:197)
at net.snowflake.client.core.SFStatement.executeQuery(SFStatement.java:134)
at net.snowflake.client.core.SFStatement.execute(SFStatement.java:743)
at net.snowflake.client.core.SFStatement.execute(SFStatement.java:639)
at net.snowflake.client.jdbc.SnowflakeStatementV1.executeQueryInternal(SnowflakeStatementV1.java:238)
at net.snowflake.client.jdbc.SnowflakeStatementV1.executeQuery(SnowflakeStatementV1.java:133)
at com.zaxxer.hikari.pool.ProxyStatement.executeQuery(ProxyStatement.java:110)
at com.zaxxer.hikari.pool.HikariProxyStatement.executeQuery(HikariProxyStatement.java)
at org.finos.legend.engine.plan.execution.stores.relational.result.SQLExecutionResult.<init>(SQLExecutionResult.java:95)
... 101 more
"}'"
	at org.finos.legend.pure.runtime.java.compiled.generation.processors.support.CompiledSupport.pureAssert(CompiledSupport.java:1994)
	at org.finos.legend.pure.generated.platform_pure_basics_tests_assertEq.Root_meta_pure_functions_asserts_assertEq_Any_1__Any_1__Function_1__Boolean_1_(platform_pure_basics_tests_assertEq.java:44)
	at org.finos.legend.pure.generated.core_pure_protocol_vX_X_X_invocations_execution.Root_meta_protocols_pure_vX_X_X_invocation_execution_execute_executePlan_String_1__String_1__Integer_1__String_1_(core_pure_protocol_vX_X_X_invocations_execution.java:751)
	at org.finos.legend.pure.generated.core_pure_protocol_vX_X_X_invocations_execution.Root_meta_protocols_pure_vX_X_X_invocation_execution_execute_executePlan_ExecutionPlan_1__String_1__Integer_1__Extension_MANY__String_1_(core_pure_protocol_vX_X_X_invocations_execution.java:745)
	at org.finos.legend.pure.generated.core_pure_protocol_vX_X_X_invocations_execution.Root_meta_protocols_pure_vX_X_X_invocation_execution_execute_executePlan_ExecutionPlan_1__ExecutionContext_$0_1$__String_1__Integer_1__Extension_MANY__Result_1_(core_pure_protocol_vX_X_X_invocations_execution.java:738)
	at jdk.internal.reflect.GeneratedMethodAccessor96.invoke(Unknown Source)
	at java.base/jdk.internal.reflect.DelegatingMethodAccessorImpl.invoke(DelegatingMethodAccessorImpl.java:43)
	at java.base/java.lang.reflect.Method.invoke(Method.java:566)
	at org.finos.legend.pure.runtime.java.compiled.metadata.JavaMethodWithParamsSharedPureFunction.execute(JavaMethodWithParamsSharedPureFunction.java:59)
	at org.finos.legend.pure.runtime.java.compiled.generation.processors.support.Pure._evaluateToMany(Pure.java:546)
	at org.finos.legend.pure.generated.CoreGen.evaluateToMany(CoreGen.java:147)
	at org.finos.legend.pure.generated.CoreGen.evaluateToMany(CoreGen.java:134)
	at org.finos.legend.pure.generated.core_pure_router_router_entry$9$1.value(core_pure_router_router_entry.java:318)
	at org.finos.legend.pure.generated.core_pure_router_router_entry$9$1.execute(core_pure_router_router_entry.java:311)
	at org.finos.legend.pure.generated.core_pure_router_router_entry$9$1.execute(core_pure_router_router_entry.java:307)
	at org.finos.legend.pure.runtime.java.compiled.generation.processors.support.Pure.evaluate(Pure.java:485)
	at org.finos.legend.pure.runtime.java.compiled.generation.processors.support.Pure.legendTest(Pure.java:216)
	at org.finos.legend.pure.generated.CoreGen.legendTest(CoreGen.java:61)
	at org.finos.legend.pure.generated.core_pure_router_router_entry$9.valueOf(core_pure_router_router_entry.java:303)
	at org.finos.legend.pure.generated.core_pure_router_router_entry$9.execute(core_pure_router_router_entry.java:298)
	at org.finos.legend.pure.generated.core_pure_router_router_entry$9.execute(core_pure_router_router_entry.java:294)
	at org.finos.legend.pure.runtime.java.compiled.generation.processors.support.Pure.evaluate(Pure.java:485)
	at org.finos.legend.pure.runtime.java.compiled.generation.processors.support.Pure.traceSpan(Pure.java:1482)
	at org.finos.legend.pure.generated.CoreGen.traceSpan(CoreGen.java:203)
	at org.finos.legend.pure.generated.core_pure_router_router_entry.Root_meta_pure_router_executePlan_ExecutionPlan_1__ExecutionContext_1__Extension_MANY__Result_$0_1$_(core_pure_router_router_entry.java:290)
	at org.finos.legend.pure.generated.core_pure_router_router_entry.Root_meta_pure_router_executePlan_ExecutionPlan_1__Extension_MANY__Result_$0_1$_(core_pure_router_router_entry.java:285)
	at org.finos.legend.pure.generated.core_relational_relational_sqlQueryToString_dbTestRunner_executionPlanTestRunner$19.execute(core_relational_relational_sqlQueryToString_dbTestRunner_executionPlanTestRunner.java:305)
	at org.finos.legend.pure.generated.core_relational_relational_sqlQueryToString_dbTestRunner_executionPlanTestRunner.Root_meta_relational_dbTestRunner_executeViaPlan_FunctionDefinition_1__Mapping_1__Database_1__DbTestConfig_1__Extension_MANY__Result_$0_1$_(core_relational_relational_sqlQueryToString_dbTestRunner_executionPlanTestRunner.java:309)
	at org.finos.legend.pure.generated.core_relational_relational_sqlQueryToString_testSuite_selectSubClauses_range.Root_meta_relational_tests_dbSpecificTests_sqlQueryTests_selectSubClauses_slice_testSliceWithRestrict_DbTestConfig_1__Boolean_1_(core_relational_relational_sqlQueryToString_testSuite_selectSubClauses_range.java:524)
	at java.base/jdk.internal.reflect.NativeMethodAccessorImpl.invoke0(Native Method)
	at java.base/jdk.internal.reflect.NativeMethodAccessorImpl.invoke(NativeMethodAccessorImpl.java:62)
	at java.base/jdk.internal.reflect.DelegatingMethodAccessorImpl.invoke(DelegatingMethodAccessorImpl.java:43)
	at java.base/java.lang.reflect.Method.invoke(Method.java:566)
	at org.finos.legend.pure.runtime.java.compiled.testHelper.PureTestBuilderCompiled.executeFn(PureTestBuilderCompiled.java:113)
	at org.finos.legend.pure.runtime.java.compiled.testHelper.PureTestBuilderCompiled.lambda$buildSuite$0(PureTestBuilderCompiled.java:79)
	at org.finos.legend.pure.m3.execution.test.PureTestBuilder$PureTestCase.runTest(PureTestBuilder.java:95)
	at junit.framework.TestCase.runBare(TestCase.java:142)
	at org.finos.legend.engine.server.test.shared.Relational_DbSpecific_UsingPureClientTestSuite$2.runTest(Relational_DbSpecific_UsingPureClientTestSuite.java:90)
	at junit.framework.TestCase.runBare(TestCase.java:142)
	at junit.framework.TestResult$1.protect(TestResult.java:122)
	at junit.framework.TestResult.runProtected(TestResult.java:142)
	at junit.framework.TestResult.run(TestResult.java:125)
	at junit.framework.TestCase.run(TestCase.java:130)
	at junit.framework.TestSuite.runTest(TestSuite.java:241)
	at junit.framework.TestSuite.run(TestSuite.java:236)
	at junit.framework.TestSuite.runTest(TestSuite.java:241)
	at junit.framework.TestSuite.run(TestSuite.java:236)
	at junit.framework.TestSuite.runTest(TestSuite.java:241)
	at junit.framework.TestSuite.run(TestSuite.java:236)
	at junit.framework.TestSuite.runTest(TestSuite.java:241)
	at junit.framework.TestSuite.run(TestSuite.java:236)
	at junit.framework.TestSuite.runTest(TestSuite.java:241)
	at junit.framework.TestSuite.run(TestSuite.java:236)
	at junit.extensions.TestDecorator.basicRun(TestDecorator.java:24)
	at junit.extensions.TestSetup$1.protect(TestSetup.java:23)
	at junit.framework.TestResult.runProtected(TestResult.java:142)
	at junit.extensions.TestSetup.run(TestSetup.java:27)
	at org.junit.internal.runners.JUnit38ClassRunner.run(JUnit38ClassRunner.java:90)
	at org.apache.maven.surefire.junit4.JUnit4Provider.execute(JUnit4Provider.java:365)
	at org.apache.maven.surefire.junit4.JUnit4Provider.executeWithRerun(JUnit4Provider.java:273)
	at org.apache.maven.surefire.junit4.JUnit4Provider.executeTestSet(JUnit4Provider.java:238)
	at org.apache.maven.surefire.junit4.JUnit4Provider.invoke(JUnit4Provider.java:159)
	at org.apache.maven.surefire.booter.ForkedBooter.invokeProviderInSameClassLoader(ForkedBooter.java:384)
	at org.apache.maven.surefire.booter.ForkedBooter.runSuitesInProcess(ForkedBooter.java:345)
	at org.apache.maven.surefire.booter.ForkedBooter.execute(ForkedBooter.java:126)
	at org.apache.maven.surefire.booter.ForkedBooter.main(ForkedBooter.java:418)
]]></error>
    <system-out><![CDATA[Running db test selectSubClauses::slice::testSliceWithRestrict
{"duration":0.0,"eventType":"EXECUTION_PLAN_EXEC_ERROR","info":{"code":-1,"message":"SnowflakeSQLException: SQL compilation error:\nObject 'PERSONTABLE' does not exist or not authorized.","status":"error","trace":"java.lang.RuntimeException: net.snowflake.client.jdbc.SnowflakeSQLException: SQL compilation error:\nObject 'PERSONTABLE' does not exist or not authorized.\n\tat org.finos.legend.engine.plan.execution.stores.relational.result.SQLExecutionResult.<init>(SQLExecutionResult.java:123)\n\tat org.finos.legend.engine.plan.execution.stores.relational.RelationalExecutor.execute(RelationalExecutor.java:241)\n\tat org.finos.legend.engine.plan.execution.stores.relational.plugin.RelationalExecutionNodeExecutor.visit(RelationalExecutionNodeExecutor.java:238)\n\tat org.finos.legend.engine.plan.execution.stores.relational.plugin.RelationalExecutionNodeExecutor.visit(RelationalExecutionNodeExecutor.java:252)\n\tat org.finos.legend.engine.plan.execution.stores.relational.plugin.RelationalExecutionNodeExecutor.visit(RelationalExecutionNodeExecutor.java:92)\n\tat org.finos.legend.engine.protocol.pure.v1.model.executionPlan.nodes.RelationalTdsInstantiationExecutionNode.accept(RelationalTdsInstantiationExecutionNode.java:22)\n\tat org.finos.legend.engine.plan.execution.stores.relational.RelationalExecutionExtension.lambda$getExtraNodeExecutors$fbe53481$1(RelationalExecutionExtension.java:50)\n\tat org.finos.legend.engine.plan.execution.nodes.ExecutionNodeExecutor.lambda$visit$0(ExecutionNodeExecutor.java:164)\n\tat java.base/java.util.stream.ReferencePipeline$3$1.accept(ReferencePipeline.java:195)\n\tat java.base/java.util.Spliterators$ArraySpliterator.tryAdvance(Spliterators.java:958)\n\tat java.base/java.util.stream.ReferencePipeline.forEachWithCancel(ReferencePipeline.java:127)\n\tat java.base/java.util.stream.AbstractPipeline.copyIntoWithCancel(AbstractPipeline.java:502)\n\tat java.base/java.util.stream.AbstractPipeline.copyInto(AbstractPipeline.java:488)\n\tat java.base/java.util.stream.AbstractPipeline.wrapAndCopyInto(AbstractPipeline.java:474)\n\tat java.base/java.util.stream.FindOps$FindOp.evaluateSequential(FindOps.java:150)\n\tat java.base/java.util.stream.AbstractPipeline.evaluate(AbstractPipeline.java:234)\n\tat java.base/java.util.stream.ReferencePipeline.findFirst(ReferencePipeline.java:543)\n\tat org.finos.legend.engine.plan.execution.nodes.ExecutionNodeExecutor.visit(ExecutionNodeExecutor.java:164)\n\tat org.finos.legend.engine.plan.execution.nodes.ExecutionNodeExecutor.visit(ExecutionNodeExecutor.java:107)\n\tat org.finos.legend.engine.protocol.pure.v1.model.executionPlan.nodes.RelationalTdsInstantiationExecutionNode.accept(RelationalTdsInstantiationExecutionNode.java:22)\n\tat org.finos.legend.engine.plan.execution.PlanExecutor.execute(PlanExecutor.java:238)\n\tat org.finos.legend.engine.plan.execution.PlanExecutor.execute(PlanExecutor.java:225)\n\tat org.finos.legend.engine.plan.execution.api.ExecutePlan.doExecutePlanLegacy(ExecutePlan.java:102)\n\tat org.finos.legend.engine.plan.execution.api.ExecutePlan.doExecutePlan(ExecutePlan.java:84)\n\tat org.finos.legend.engine.plan.execution.api.ExecutePlanLegacy.executePlan(ExecutePlanLegacy.java:56)\n\tat jdk.internal.reflect.GeneratedMethodAccessor100.invoke(Unknown Source)\n\tat java.base/jdk.internal.reflect.DelegatingMethodAccessorImpl.invoke(DelegatingMethodAccessorImpl.java:43)\n\tat java.base/java.lang.reflect.Method.invoke(Method.java:566)\n\tat org.glassfish.jersey.server.model.internal.ResourceMethodInvocationHandlerFactory$1.invoke(ResourceMethodInvocationHandlerFactory.java:81)\n\tat org.glassfish.jersey.server.model.internal.AbstractJavaResourceMethodDispatcher$1.run(AbstractJavaResourceMethodDispatcher.java:144)\n\tat org.glassfish.jersey.server.model.internal.AbstractJavaResourceMethodDispatcher.invoke(AbstractJavaResourceMethodDispatcher.java:161)\n\tat org.glassfish.jersey.server.model.internal.JavaResourceMethodDispatcherProvider$ResponseOutInvoker.doDispatch(JavaResourceMethodDispatcherProvider.java:160)\n\tat org.glassfish.jersey.server.model.internal.AbstractJavaResourceMethodDispatcher.dispatch(AbstractJavaResourceMethodDispatcher.java:99)\n\tat org.glassfish.jersey.server.model.ResourceMethodInvoker.invoke(ResourceMethodInvoker.java:389)\n\tat org.glassfish.jersey.server.model.ResourceMethodInvoker.apply(ResourceMethodInvoker.java:347)\n\tat org.glassfish.jersey.server.model.ResourceMethodInvoker.apply(ResourceMethodInvoker.java:102)\n\tat org.glassfish.jersey.server.ServerRuntime$2.run(ServerRuntime.java:326)\n\tat org.glassfish.jersey.internal.Errors$1.call(Errors.java:271)\n\tat org.glassfish.jersey.internal.Errors$1.call(Errors.java:267)\n\tat org.glassfish.jersey.internal.Errors.process(Errors.java:315)\n\tat org.glassfish.jersey.internal.Errors.process(Errors.java:297)\n\tat org.glassfish.jersey.internal.Errors.process(Errors.java:267)\n\tat org.glassfish.jersey.process.internal.RequestScope.runInScope(RequestScope.java:317)\n\tat org.glassfish.jersey.server.ServerRuntime.process(ServerRuntime.java:305)\n\tat org.glassfish.jersey.server.ApplicationHandler.handle(ApplicationHandler.java:1154)\n\tat org.glassfish.jersey.servlet.WebComponent.serviceImpl(WebComponent.java:473)\n\tat org.glassfish.jersey.servlet.WebComponent.service(WebComponent.java:427)\n\tat org.glassfish.jersey.servlet.ServletContainer.service(ServletContainer.java:388)\n\tat org.glassfish.jersey.servlet.ServletContainer.service(ServletContainer.java:341)\n\tat org.glassfish.jersey.servlet.ServletContainer.service(ServletContainer.java:228)\n\tat org.eclipse.jetty.servlet.ServletHolder.handle(ServletHolder.java:799)\n\tat org.eclipse.jetty.servlet.ServletHandler$ChainEnd.doFilter(ServletHandler.java:1631)\n\tat io.dropwizard.servlets.ThreadNameFilter.doFilter(ThreadNameFilter.java:35)\n\tat org.eclipse.jetty.servlet.FilterHolder.doFilter(FilterHolder.java:193)\n\tat org.eclipse.jetty.servlet.ServletHandler$Chain.doFilter(ServletHandler.java:1601)\n\tat io.dropwizard.jersey.filter.AllowedMethodsFilter.handle(AllowedMethodsFilter.java:45)\n\tat io.dropwizard.jersey.filter.AllowedMethodsFilter.doFilter(AllowedMethodsFilter.java:39)\n\tat org.eclipse.jetty.servlet.FilterHolder.doFilter(FilterHolder.java:193)\n\tat org.eclipse.jetty.servlet.ServletHandler$Chain.doFilter(ServletHandler.java:1601)\n\tat org.finos.legend.server.pac4j.internal.UsernameFilter.doFilter(UsernameFilter.java:51)\n\tat org.eclipse.jetty.servlet.FilterHolder.doFilter(FilterHolder.java:193)\n\tat org.eclipse.jetty.servlet.ServletHandler$Chain.doFilter(ServletHandler.java:1601)\n\tat org.pac4j.j2e.filter.SecurityFilter.lambda$internalFilter$0(SecurityFilter.java:95)\n\tat org.pac4j.core.engine.DefaultSecurityLogic.perform(DefaultSecurityLogic.java:140)\n\tat org.pac4j.j2e.filter.SecurityFilter.internalFilter(SecurityFilter.java:93)\n\tat org.pac4j.j2e.filter.AbstractConfigFilter.doFilter(AbstractConfigFilter.java:81)\n\tat org.eclipse.jetty.servlet.FilterHolder.doFilter(FilterHolder.java:193)\n\tat org.eclipse.jetty.servlet.ServletHandler$Chain.doFilter(ServletHandler.java:1601)\n\tat org.eclipse.jetty.servlet.ServletHandler.doHandle(ServletHandler.java:548)\n\tat org.eclipse.jetty.server.handler.ScopedHandler.nextHandle(ScopedHandler.java:233)\n\tat org.eclipse.jetty.server.session.SessionHandler.doHandle(SessionHandler.java:1624)\n\tat org.eclipse.jetty.server.handler.ScopedHandler.nextHandle(ScopedHandler.java:233)\n\tat org.eclipse.jetty.server.handler.ContextHandler.doHandle(ContextHandler.java:1434)\n\tat org.eclipse.jetty.server.handler.ScopedHandler.nextScope(ScopedHandler.java:188)\n\tat org.eclipse.jetty.servlet.ServletHandler.doScope(ServletHandler.java:501)\n\tat org.eclipse.jetty.server.session.SessionHandler.doScope(SessionHandler.java:1594)\n\tat org.eclipse.jetty.server.handler.ScopedHandler.nextScope(ScopedHandler.java:186)\n\tat org.eclipse.jetty.server.handler.ContextHandler.doScope(ContextHandler.java:1349)\n\tat org.eclipse.jetty.server.handler.ScopedHandler.handle(ScopedHandler.java:141)\n\tat org.eclipse.jetty.server.handler.HandlerWrapper.handle(HandlerWrapper.java:127)\n\tat com.codahale.metrics.jetty9.InstrumentedHandler.handle(InstrumentedHandler.java:313)\n\tat io.dropwizard.jetty.ContextRoutingHandler.handle(ContextRoutingHandler.java:37)\n\tat org.eclipse.jetty.server.handler.gzip.GzipHandler.handle(GzipHandler.java:713)\n\tat io.dropwizard.jetty.BiDiGzipHandler.handle(BiDiGzipHandler.java:67)\n\tat org.eclipse.jetty.server.handler.StatisticsHandler.handle(StatisticsHandler.java:179)\n\tat org.eclipse.jetty.server.handler.HandlerWrapper.handle(HandlerWrapper.java:127)\n\tat org.eclipse.jetty.server.Server.handle(Server.java:516)\n\tat org.eclipse.jetty.server.HttpChannel.lambda$handle$1(HttpChannel.java:400)\n\tat org.eclipse.jetty.server.HttpChannel.dispatch(HttpChannel.java:645)\n\tat org.eclipse.jetty.server.HttpChannel.handle(HttpChannel.java:392)\n\tat org.eclipse.jetty.server.HttpConnection.onFillable(HttpConnection.java:277)\n\tat org.eclipse.jetty.io.AbstractConnection$ReadCallback.succeeded(AbstractConnection.java:311)\n\tat org.eclipse.jetty.io.FillInterest.fillable(FillInterest.java:105)\n\tat org.eclipse.jetty.io.ChannelEndPoint$1.run(ChannelEndPoint.java:104)\n\tat org.eclipse.jetty.util.thread.strategy.EatWhatYouKill.runTask(EatWhatYouKill.java:338)\n\tat org.eclipse.jetty.util.thread.strategy.EatWhatYouKill.doProduce(EatWhatYouKill.java:315)\n\tat org.eclipse.jetty.util.thread.strategy.EatWhatYouKill.tryProduce(EatWhatYouKill.java:173)\n\tat org.eclipse.jetty.util.thread.strategy.EatWhatYouKill.run(EatWhatYouKill.java:131)\n\tat org.eclipse.jetty.util.thread.ReservedThreadExecutor$ReservedThread.run(ReservedThreadExecutor.java:409)\n\tat org.eclipse.jetty.util.thread.QueuedThreadPool.runJob(QueuedThreadPool.java:883)\n\tat org.eclipse.jetty.util.thread.QueuedThreadPool$Runner.run(QueuedThreadPool.java:1034)\n\tat java.base/java.lang.Thread.run(Thread.java:829)\nCaused by: net.snowflake.client.jdbc.SnowflakeSQLException: SQL compilation error:\nObject 'PERSONTABLE' does not exist or not authorized.\n\tat net.snowflake.client.jdbc.SnowflakeUtil.checkErrorAndThrowExceptionSub(SnowflakeUtil.java:127)\n\tat net.snowflake.client.jdbc.SnowflakeUtil.checkErrorAndThrowException(SnowflakeUtil.java:67)\n\tat net.snowflake.client.core.StmtUtil.pollForOutput(StmtUtil.java:442)\n\tat net.snowflake.client.core.StmtUtil.execute(StmtUtil.java:345)\n\tat net.snowflake.client.core.SFStatement.executeHelper(SFStatement.java:486)\n\tat net.snowflake.client.core.SFStatement.executeQueryInternal(SFStatement.java:197)\n\tat net.snowflake.client.core.SFStatement.executeQuery(SFStatement.java:134)\n\tat net.snowflake.client.core.SFStatement.execute(SFStatement.java:743)\n\tat net.snowflake.client.core.SFStatement.execute(SFStatement.java:639)\n\tat net.snowflake.client.jdbc.SnowflakeStatementV1.executeQueryInternal(SnowflakeStatementV1.java:238)\n\tat net.snowflake.client.jdbc.SnowflakeStatementV1.executeQuery(SnowflakeStatementV1.java:133)\n\tat com.zaxxer.hikari.pool.ProxyStatement.executeQuery(ProxyStatement.java:110)\n\tat com.zaxxer.hikari.pool.HikariProxyStatement.executeQuery(HikariProxyStatement.java)\n\tat org.finos.legend.engine.plan.execution.stores.relational.result.SQLExecutionResult.<init>(SQLExecutionResult.java:95)\n\t... 101 more\n"},"mode":"DEV","timeStamp":"2023-02-23 01:31:55.609","user":"_UNKNOWN_"}
| **selectSubClauses::slice::testSliceWithRestrict** | failing :x: |
]]></system-out>
  </testcase>
  <testcase name="testSlice[Snowflake]" classname="org.finos.legend.engine.server.test.shared.Relational_DbSpecific_UsingPureClientTestSuite$2" time="1.4">
    <error message="Assert failure at (resource:/platform/pure/basics/tests/assertEq.pure line:34 column:5), &quot;500 &apos;{&quot;code&quot;:-1,&quot;message&quot;:&quot;SnowflakeSQLException: SQL compilation error:&#10;Object &apos;PERSONTABLE&apos; does not exist or not authorized.&quot;,&quot;status&quot;:&quot;error&quot;,&quot;trace&quot;:&quot;java.lang.RuntimeException: net.snowflake.client.jdbc.SnowflakeSQLException: SQL compilation error:&#10;Object &apos;PERSONTABLE&apos; does not exist or not authorized.&#10;at org.finos.legend.engine.plan.execution.stores.relational.result.SQLExecutionResult.&lt;init&gt;(SQLExecutionResult.java:123)&#10;at org.finos.legend.engine.plan.execution.stores.relational.RelationalExecutor.execute(RelationalExecutor.java:241)&#10;at org.finos.legend.engine.plan.execution.stores.relational.plugin.RelationalExecutionNodeExecutor.visit(RelationalExecutionNodeExecutor.java:238)&#10;at org.finos.legend.engine.plan.execution.stores.relational.plugin.RelationalExecutionNodeExecutor.visit(RelationalExecutionNodeExecutor.java:292)&#10;at org.finos.legend.engine.plan.execution.stores.relational.plugin.RelationalExecutionNodeExecutor.visit(RelationalExecutionNodeExecutor.java:92)&#10;at org.finos.legend.engine.protocol.pure.v1.model.executionPlan.nodes.RelationalClassInstantiationExecutionNode.accept(RelationalClassInstantiationExecutionNode.java:22)&#10;at org.finos.legend.engine.plan.execution.stores.relational.RelationalExecutionExtension.lambda$getExtraNodeExecutors$fbe53481$1(RelationalExecutionExtension.java:50)&#10;at org.finos.legend.engine.plan.execution.nodes.ExecutionNodeExecutor.lambda$visit$0(ExecutionNodeExecutor.java:164)&#10;at java.base/java.util.stream.ReferencePipeline$3$1.accept(ReferencePipeline.java:195)&#10;at java.base/java.util.Spliterators$ArraySpliterator.tryAdvance(Spliterators.java:958)&#10;at java.base/java.util.stream.ReferencePipeline.forEachWithCancel(ReferencePipeline.java:127)&#10;at java.base/java.util.stream.AbstractPipeline.copyIntoWithCancel(AbstractPipeline.java:502)&#10;at java.base/java.util.stream.AbstractPipeline.copyInto(AbstractPipeline.java:488)&#10;at java.base/java.util.stream.AbstractPipeline.wrapAndCopyInto(AbstractPipeline.java:474)&#10;at java.base/java.util.stream.FindOps$FindOp.evaluateSequential(FindOps.java:150)&#10;at java.base/java.util.stream.AbstractPipeline.evaluate(AbstractPipeline.java:234)&#10;at java.base/java.util.stream.ReferencePipeline.findFirst(ReferencePipeline.java:543)&#10;at org.finos.legend.engine.plan.execution.nodes.ExecutionNodeExecutor.visit(ExecutionNodeExecutor.java:164)&#10;at org.finos.legend.engine.plan.execution.nodes.ExecutionNodeExecutor.visit(ExecutionNodeExecutor.java:107)&#10;at org.finos.legend.engine.protocol.pure.v1.model.executionPlan.nodes.RelationalClassInstantiationExecutionNode.accept(RelationalClassInstantiationExecutionNode.java:22)&#10;at org.finos.legend.engine.plan.execution.PlanExecutor.execute(PlanExecutor.java:238)&#10;at org.finos.legend.engine.plan.execution.PlanExecutor.execute(PlanExecutor.java:225)&#10;at org.finos.legend.engine.plan.execution.api.ExecutePlan.doExecutePlanLegacy(ExecutePlan.java:102)&#10;at org.finos.legend.engine.plan.execution.api.ExecutePlan.doExecutePlan(ExecutePlan.java:84)&#10;at org.finos.legend.engine.plan.execution.api.ExecutePlanLegacy.executePlan(ExecutePlanLegacy.java:56)&#10;at jdk.internal.reflect.GeneratedMethodAccessor100.invoke(Unknown Source)&#10;at java.base/jdk.internal.reflect.DelegatingMethodAccessorImpl.invoke(DelegatingMethodAccessorImpl.java:43)&#10;at java.base/java.lang.reflect.Method.invoke(Method.java:566)&#10;at org.glassfish.jersey.server.model.internal.ResourceMethodInvocationHandlerFactory$1.invoke(ResourceMethodInvocationHandlerFactory.java:81)&#10;at org.glassfish.jersey.server.model.internal.AbstractJavaResourceMethodDispatcher$1.run(AbstractJavaResourceMethodDispatcher.java:144)&#10;at org.glassfish.jersey.server.model.internal.AbstractJavaResourceMethodDispatcher.invoke(AbstractJavaResourceMethodDispatcher.java:161)&#10;at org.glassfish.jersey.server.model.internal.JavaResourceMethodDispatcherProvider$ResponseOutInvoker.doDispatch(JavaResourceMethodDispatcherProvider.java:160)&#10;at org.glassfish.jersey.server.model.internal.AbstractJavaResourceMethodDispatcher.dispatch(AbstractJavaResourceMethodDispatcher.java:99)&#10;at org.glassfish.jersey.server.model.ResourceMethodInvoker.invoke(ResourceMethodInvoker.java:389)&#10;at org.glassfish.jersey.server.model.ResourceMethodInvoker.apply(ResourceMethodInvoker.java:347)&#10;at org.glassfish.jersey.server.model.ResourceMethodInvoker.apply(ResourceMethodInvoker.java:102)&#10;at org.glassfish.jersey.server.ServerRuntime$2.run(ServerRuntime.java:326)&#10;at org.glassfish.jersey.internal.Errors$1.call(Errors.java:271)&#10;at org.glassfish.jersey.internal.Errors$1.call(Errors.java:267)&#10;at org.glassfish.jersey.internal.Errors.process(Errors.java:315)&#10;at org.glassfish.jersey.internal.Errors.process(Errors.java:297)&#10;at org.glassfish.jersey.internal.Errors.process(Errors.java:267)&#10;at org.glassfish.jersey.process.internal.RequestScope.runInScope(RequestScope.java:317)&#10;at org.glassfish.jersey.server.ServerRuntime.process(ServerRuntime.java:305)&#10;at org.glassfish.jersey.server.ApplicationHandler.handle(ApplicationHandler.java:1154)&#10;at org.glassfish.jersey.servlet.WebComponent.serviceImpl(WebComponent.java:473)&#10;at org.glassfish.jersey.servlet.WebComponent.service(WebComponent.java:427)&#10;at org.glassfish.jersey.servlet.ServletContainer.service(ServletContainer.java:388)&#10;at org.glassfish.jersey.servlet.ServletContainer.service(ServletContainer.java:341)&#10;at org.glassfish.jersey.servlet.ServletContainer.service(ServletContainer.java:228)&#10;at org.eclipse.jetty.servlet.ServletHolder.handle(ServletHolder.java:799)&#10;at org.eclipse.jetty.servlet.ServletHandler$ChainEnd.doFilter(ServletHandler.java:1631)&#10;at io.dropwizard.servlets.ThreadNameFilter.doFilter(ThreadNameFilter.java:35)&#10;at org.eclipse.jetty.servlet.FilterHolder.doFilter(FilterHolder.java:193)&#10;at org.eclipse.jetty.servlet.ServletHandler$Chain.doFilter(ServletHandler.java:1601)&#10;at io.dropwizard.jersey.filter.AllowedMethodsFilter.handle(AllowedMethodsFilter.java:45)&#10;at io.dropwizard.jersey.filter.AllowedMethodsFilter.doFilter(AllowedMethodsFilter.java:39)&#10;at org.eclipse.jetty.servlet.FilterHolder.doFilter(FilterHolder.java:193)&#10;at org.eclipse.jetty.servlet.ServletHandler$Chain.doFilter(ServletHandler.java:1601)&#10;at org.finos.legend.server.pac4j.internal.UsernameFilter.doFilter(UsernameFilter.java:51)&#10;at org.eclipse.jetty.servlet.FilterHolder.doFilter(FilterHolder.java:193)&#10;at org.eclipse.jetty.servlet.ServletHandler$Chain.doFilter(ServletHandler.java:1601)&#10;at org.pac4j.j2e.filter.SecurityFilter.lambda$internalFilter$0(SecurityFilter.java:95)&#10;at org.pac4j.core.engine.DefaultSecurityLogic.perform(DefaultSecurityLogic.java:140)&#10;at org.pac4j.j2e.filter.SecurityFilter.internalFilter(SecurityFilter.java:93)&#10;at org.pac4j.j2e.filter.AbstractConfigFilter.doFilter(AbstractConfigFilter.java:81)&#10;at org.eclipse.jetty.servlet.FilterHolder.doFilter(FilterHolder.java:193)&#10;at org.eclipse.jetty.servlet.ServletHandler$Chain.doFilter(ServletHandler.java:1601)&#10;at org.eclipse.jetty.servlet.ServletHandler.doHandle(ServletHandler.java:548)&#10;at org.eclipse.jetty.server.handler.ScopedHandler.nextHandle(ScopedHandler.java:233)&#10;at org.eclipse.jetty.server.session.SessionHandler.doHandle(SessionHandler.java:1624)&#10;at org.eclipse.jetty.server.handler.ScopedHandler.nextHandle(ScopedHandler.java:233)&#10;at org.eclipse.jetty.server.handler.ContextHandler.doHandle(ContextHandler.java:1434)&#10;at org.eclipse.jetty.server.handler.ScopedHandler.nextScope(ScopedHandler.java:188)&#10;at org.eclipse.jetty.servlet.ServletHandler.doScope(ServletHandler.java:501)&#10;at org.eclipse.jetty.server.session.SessionHandler.doScope(SessionHandler.java:1594)&#10;at org.eclipse.jetty.server.handler.ScopedHandler.nextScope(ScopedHandler.java:186)&#10;at org.eclipse.jetty.server.handler.ContextHandler.doScope(ContextHandler.java:1349)&#10;at org.eclipse.jetty.server.handler.ScopedHandler.handle(ScopedHandler.java:141)&#10;at org.eclipse.jetty.server.handler.HandlerWrapper.handle(HandlerWrapper.java:127)&#10;at com.codahale.metrics.jetty9.InstrumentedHandler.handle(InstrumentedHandler.java:313)&#10;at io.dropwizard.jetty.ContextRoutingHandler.handle(ContextRoutingHandler.java:37)&#10;at org.eclipse.jetty.server.handler.gzip.GzipHandler.handle(GzipHandler.java:713)&#10;at io.dropwizard.jetty.BiDiGzipHandler.handle(BiDiGzipHandler.java:67)&#10;at org.eclipse.jetty.server.handler.StatisticsHandler.handle(StatisticsHandler.java:179)&#10;at org.eclipse.jetty.server.handler.HandlerWrapper.handle(HandlerWrapper.java:127)&#10;at org.eclipse.jetty.server.Server.handle(Server.java:516)&#10;at org.eclipse.jetty.server.HttpChannel.lambda$handle$1(HttpChannel.java:400)&#10;at org.eclipse.jetty.server.HttpChannel.dispatch(HttpChannel.java:645)&#10;at org.eclipse.jetty.server.HttpChannel.handle(HttpChannel.java:392)&#10;at org.eclipse.jetty.server.HttpConnection.onFillable(HttpConnection.java:277)&#10;at org.eclipse.jetty.io.AbstractConnection$ReadCallback.succeeded(AbstractConnection.java:311)&#10;at org.eclipse.jetty.io.FillInterest.fillable(FillInterest.java:105)&#10;at org.eclipse.jetty.io.ChannelEndPoint$1.run(ChannelEndPoint.java:104)&#10;at org.eclipse.jetty.util.thread.strategy.EatWhatYouKill.runTask(EatWhatYouKill.java:338)&#10;at org.eclipse.jetty.util.thread.strategy.EatWhatYouKill.doProduce(EatWhatYouKill.java:315)&#10;at org.eclipse.jetty.util.thread.strategy.EatWhatYouKill.tryProduce(EatWhatYouKill.java:173)&#10;at org.eclipse.jetty.util.thread.strategy.EatWhatYouKill.run(EatWhatYouKill.java:131)&#10;at org.eclipse.jetty.util.thread.ReservedThreadExecutor$ReservedThread.run(ReservedThreadExecutor.java:409)&#10;at org.eclipse.jetty.util.thread.QueuedThreadPool.runJob(QueuedThreadPool.java:883)&#10;at org.eclipse.jetty.util.thread.QueuedThreadPool$Runner.run(QueuedThreadPool.java:1034)&#10;at java.base/java.lang.Thread.run(Thread.java:829)&#10;Caused by: net.snowflake.client.jdbc.SnowflakeSQLException: SQL compilation error:&#10;Object &apos;PERSONTABLE&apos; does not exist or not authorized.&#10;at net.snowflake.client.jdbc.SnowflakeUtil.checkErrorAndThrowExceptionSub(SnowflakeUtil.java:127)&#10;at net.snowflake.client.jdbc.SnowflakeUtil.checkErrorAndThrowException(SnowflakeUtil.java:67)&#10;at net.snowflake.client.core.StmtUtil.pollForOutput(StmtUtil.java:442)&#10;at net.snowflake.client.core.StmtUtil.execute(StmtUtil.java:345)&#10;at net.snowflake.client.core.SFStatement.executeHelper(SFStatement.java:486)&#10;at net.snowflake.client.core.SFStatement.executeQueryInternal(SFStatement.java:197)&#10;at net.snowflake.client.core.SFStatement.executeQuery(SFStatement.java:134)&#10;at net.snowflake.client.core.SFStatement.execute(SFStatement.java:743)&#10;at net.snowflake.client.core.SFStatement.execute(SFStatement.java:639)&#10;at net.snowflake.client.jdbc.SnowflakeStatementV1.executeQueryInternal(SnowflakeStatementV1.java:238)&#10;at net.snowflake.client.jdbc.SnowflakeStatementV1.executeQuery(SnowflakeStatementV1.java:133)&#10;at com.zaxxer.hikari.pool.ProxyStatement.executeQuery(ProxyStatement.java:110)&#10;at com.zaxxer.hikari.pool.HikariProxyStatement.executeQuery(HikariProxyStatement.java)&#10;at org.finos.legend.engine.plan.execution.stores.relational.result.SQLExecutionResult.&lt;init&gt;(SQLExecutionResult.java:95)&#10;... 101 more&#10;&quot;}&apos;&quot;" type="Assert failure at (resource"><![CDATA[Assert failure at (resource:/platform/pure/basics/tests/assertEq.pure line:34 column:5), "500 '{"code":-1,"message":"SnowflakeSQLException: SQL compilation error:
Object 'PERSONTABLE' does not exist or not authorized.","status":"error","trace":"java.lang.RuntimeException: net.snowflake.client.jdbc.SnowflakeSQLException: SQL compilation error:
Object 'PERSONTABLE' does not exist or not authorized.
at org.finos.legend.engine.plan.execution.stores.relational.result.SQLExecutionResult.<init>(SQLExecutionResult.java:123)
at org.finos.legend.engine.plan.execution.stores.relational.RelationalExecutor.execute(RelationalExecutor.java:241)
at org.finos.legend.engine.plan.execution.stores.relational.plugin.RelationalExecutionNodeExecutor.visit(RelationalExecutionNodeExecutor.java:238)
at org.finos.legend.engine.plan.execution.stores.relational.plugin.RelationalExecutionNodeExecutor.visit(RelationalExecutionNodeExecutor.java:292)
at org.finos.legend.engine.plan.execution.stores.relational.plugin.RelationalExecutionNodeExecutor.visit(RelationalExecutionNodeExecutor.java:92)
at org.finos.legend.engine.protocol.pure.v1.model.executionPlan.nodes.RelationalClassInstantiationExecutionNode.accept(RelationalClassInstantiationExecutionNode.java:22)
at org.finos.legend.engine.plan.execution.stores.relational.RelationalExecutionExtension.lambda$getExtraNodeExecutors$fbe53481$1(RelationalExecutionExtension.java:50)
at org.finos.legend.engine.plan.execution.nodes.ExecutionNodeExecutor.lambda$visit$0(ExecutionNodeExecutor.java:164)
at java.base/java.util.stream.ReferencePipeline$3$1.accept(ReferencePipeline.java:195)
at java.base/java.util.Spliterators$ArraySpliterator.tryAdvance(Spliterators.java:958)
at java.base/java.util.stream.ReferencePipeline.forEachWithCancel(ReferencePipeline.java:127)
at java.base/java.util.stream.AbstractPipeline.copyIntoWithCancel(AbstractPipeline.java:502)
at java.base/java.util.stream.AbstractPipeline.copyInto(AbstractPipeline.java:488)
at java.base/java.util.stream.AbstractPipeline.wrapAndCopyInto(AbstractPipeline.java:474)
at java.base/java.util.stream.FindOps$FindOp.evaluateSequential(FindOps.java:150)
at java.base/java.util.stream.AbstractPipeline.evaluate(AbstractPipeline.java:234)
at java.base/java.util.stream.ReferencePipeline.findFirst(ReferencePipeline.java:543)
at org.finos.legend.engine.plan.execution.nodes.ExecutionNodeExecutor.visit(ExecutionNodeExecutor.java:164)
at org.finos.legend.engine.plan.execution.nodes.ExecutionNodeExecutor.visit(ExecutionNodeExecutor.java:107)
at org.finos.legend.engine.protocol.pure.v1.model.executionPlan.nodes.RelationalClassInstantiationExecutionNode.accept(RelationalClassInstantiationExecutionNode.java:22)
at org.finos.legend.engine.plan.execution.PlanExecutor.execute(PlanExecutor.java:238)
at org.finos.legend.engine.plan.execution.PlanExecutor.execute(PlanExecutor.java:225)
at org.finos.legend.engine.plan.execution.api.ExecutePlan.doExecutePlanLegacy(ExecutePlan.java:102)
at org.finos.legend.engine.plan.execution.api.ExecutePlan.doExecutePlan(ExecutePlan.java:84)
at org.finos.legend.engine.plan.execution.api.ExecutePlanLegacy.executePlan(ExecutePlanLegacy.java:56)
at jdk.internal.reflect.GeneratedMethodAccessor100.invoke(Unknown Source)
at java.base/jdk.internal.reflect.DelegatingMethodAccessorImpl.invoke(DelegatingMethodAccessorImpl.java:43)
at java.base/java.lang.reflect.Method.invoke(Method.java:566)
at org.glassfish.jersey.server.model.internal.ResourceMethodInvocationHandlerFactory$1.invoke(ResourceMethodInvocationHandlerFactory.java:81)
at org.glassfish.jersey.server.model.internal.AbstractJavaResourceMethodDispatcher$1.run(AbstractJavaResourceMethodDispatcher.java:144)
at org.glassfish.jersey.server.model.internal.AbstractJavaResourceMethodDispatcher.invoke(AbstractJavaResourceMethodDispatcher.java:161)
at org.glassfish.jersey.server.model.internal.JavaResourceMethodDispatcherProvider$ResponseOutInvoker.doDispatch(JavaResourceMethodDispatcherProvider.java:160)
at org.glassfish.jersey.server.model.internal.AbstractJavaResourceMethodDispatcher.dispatch(AbstractJavaResourceMethodDispatcher.java:99)
at org.glassfish.jersey.server.model.ResourceMethodInvoker.invoke(ResourceMethodInvoker.java:389)
at org.glassfish.jersey.server.model.ResourceMethodInvoker.apply(ResourceMethodInvoker.java:347)
at org.glassfish.jersey.server.model.ResourceMethodInvoker.apply(ResourceMethodInvoker.java:102)
at org.glassfish.jersey.server.ServerRuntime$2.run(ServerRuntime.java:326)
at org.glassfish.jersey.internal.Errors$1.call(Errors.java:271)
at org.glassfish.jersey.internal.Errors$1.call(Errors.java:267)
at org.glassfish.jersey.internal.Errors.process(Errors.java:315)
at org.glassfish.jersey.internal.Errors.process(Errors.java:297)
at org.glassfish.jersey.internal.Errors.process(Errors.java:267)
at org.glassfish.jersey.process.internal.RequestScope.runInScope(RequestScope.java:317)
at org.glassfish.jersey.server.ServerRuntime.process(ServerRuntime.java:305)
at org.glassfish.jersey.server.ApplicationHandler.handle(ApplicationHandler.java:1154)
at org.glassfish.jersey.servlet.WebComponent.serviceImpl(WebComponent.java:473)
at org.glassfish.jersey.servlet.WebComponent.service(WebComponent.java:427)
at org.glassfish.jersey.servlet.ServletContainer.service(ServletContainer.java:388)
at org.glassfish.jersey.servlet.ServletContainer.service(ServletContainer.java:341)
at org.glassfish.jersey.servlet.ServletContainer.service(ServletContainer.java:228)
at org.eclipse.jetty.servlet.ServletHolder.handle(ServletHolder.java:799)
at org.eclipse.jetty.servlet.ServletHandler$ChainEnd.doFilter(ServletHandler.java:1631)
at io.dropwizard.servlets.ThreadNameFilter.doFilter(ThreadNameFilter.java:35)
at org.eclipse.jetty.servlet.FilterHolder.doFilter(FilterHolder.java:193)
at org.eclipse.jetty.servlet.ServletHandler$Chain.doFilter(ServletHandler.java:1601)
at io.dropwizard.jersey.filter.AllowedMethodsFilter.handle(AllowedMethodsFilter.java:45)
at io.dropwizard.jersey.filter.AllowedMethodsFilter.doFilter(AllowedMethodsFilter.java:39)
at org.eclipse.jetty.servlet.FilterHolder.doFilter(FilterHolder.java:193)
at org.eclipse.jetty.servlet.ServletHandler$Chain.doFilter(ServletHandler.java:1601)
at org.finos.legend.server.pac4j.internal.UsernameFilter.doFilter(UsernameFilter.java:51)
at org.eclipse.jetty.servlet.FilterHolder.doFilter(FilterHolder.java:193)
at org.eclipse.jetty.servlet.ServletHandler$Chain.doFilter(ServletHandler.java:1601)
at org.pac4j.j2e.filter.SecurityFilter.lambda$internalFilter$0(SecurityFilter.java:95)
at org.pac4j.core.engine.DefaultSecurityLogic.perform(DefaultSecurityLogic.java:140)
at org.pac4j.j2e.filter.SecurityFilter.internalFilter(SecurityFilter.java:93)
at org.pac4j.j2e.filter.AbstractConfigFilter.doFilter(AbstractConfigFilter.java:81)
at org.eclipse.jetty.servlet.FilterHolder.doFilter(FilterHolder.java:193)
at org.eclipse.jetty.servlet.ServletHandler$Chain.doFilter(ServletHandler.java:1601)
at org.eclipse.jetty.servlet.ServletHandler.doHandle(ServletHandler.java:548)
at org.eclipse.jetty.server.handler.ScopedHandler.nextHandle(ScopedHandler.java:233)
at org.eclipse.jetty.server.session.SessionHandler.doHandle(SessionHandler.java:1624)
at org.eclipse.jetty.server.handler.ScopedHandler.nextHandle(ScopedHandler.java:233)
at org.eclipse.jetty.server.handler.ContextHandler.doHandle(ContextHandler.java:1434)
at org.eclipse.jetty.server.handler.ScopedHandler.nextScope(ScopedHandler.java:188)
at org.eclipse.jetty.servlet.ServletHandler.doScope(ServletHandler.java:501)
at org.eclipse.jetty.server.session.SessionHandler.doScope(SessionHandler.java:1594)
at org.eclipse.jetty.server.handler.ScopedHandler.nextScope(ScopedHandler.java:186)
at org.eclipse.jetty.server.handler.ContextHandler.doScope(ContextHandler.java:1349)
at org.eclipse.jetty.server.handler.ScopedHandler.handle(ScopedHandler.java:141)
at org.eclipse.jetty.server.handler.HandlerWrapper.handle(HandlerWrapper.java:127)
at com.codahale.metrics.jetty9.InstrumentedHandler.handle(InstrumentedHandler.java:313)
at io.dropwizard.jetty.ContextRoutingHandler.handle(ContextRoutingHandler.java:37)
at org.eclipse.jetty.server.handler.gzip.GzipHandler.handle(GzipHandler.java:713)
at io.dropwizard.jetty.BiDiGzipHandler.handle(BiDiGzipHandler.java:67)
at org.eclipse.jetty.server.handler.StatisticsHandler.handle(StatisticsHandler.java:179)
at org.eclipse.jetty.server.handler.HandlerWrapper.handle(HandlerWrapper.java:127)
at org.eclipse.jetty.server.Server.handle(Server.java:516)
at org.eclipse.jetty.server.HttpChannel.lambda$handle$1(HttpChannel.java:400)
at org.eclipse.jetty.server.HttpChannel.dispatch(HttpChannel.java:645)
at org.eclipse.jetty.server.HttpChannel.handle(HttpChannel.java:392)
at org.eclipse.jetty.server.HttpConnection.onFillable(HttpConnection.java:277)
at org.eclipse.jetty.io.AbstractConnection$ReadCallback.succeeded(AbstractConnection.java:311)
at org.eclipse.jetty.io.FillInterest.fillable(FillInterest.java:105)
at org.eclipse.jetty.io.ChannelEndPoint$1.run(ChannelEndPoint.java:104)
at org.eclipse.jetty.util.thread.strategy.EatWhatYouKill.runTask(EatWhatYouKill.java:338)
at org.eclipse.jetty.util.thread.strategy.EatWhatYouKill.doProduce(EatWhatYouKill.java:315)
at org.eclipse.jetty.util.thread.strategy.EatWhatYouKill.tryProduce(EatWhatYouKill.java:173)
at org.eclipse.jetty.util.thread.strategy.EatWhatYouKill.run(EatWhatYouKill.java:131)
at org.eclipse.jetty.util.thread.ReservedThreadExecutor$ReservedThread.run(ReservedThreadExecutor.java:409)
at org.eclipse.jetty.util.thread.QueuedThreadPool.runJob(QueuedThreadPool.java:883)
at org.eclipse.jetty.util.thread.QueuedThreadPool$Runner.run(QueuedThreadPool.java:1034)
at java.base/java.lang.Thread.run(Thread.java:829)
Caused by: net.snowflake.client.jdbc.SnowflakeSQLException: SQL compilation error:
Object 'PERSONTABLE' does not exist or not authorized.
at net.snowflake.client.jdbc.SnowflakeUtil.checkErrorAndThrowExceptionSub(SnowflakeUtil.java:127)
at net.snowflake.client.jdbc.SnowflakeUtil.checkErrorAndThrowException(SnowflakeUtil.java:67)
at net.snowflake.client.core.StmtUtil.pollForOutput(StmtUtil.java:442)
at net.snowflake.client.core.StmtUtil.execute(StmtUtil.java:345)
at net.snowflake.client.core.SFStatement.executeHelper(SFStatement.java:486)
at net.snowflake.client.core.SFStatement.executeQueryInternal(SFStatement.java:197)
at net.snowflake.client.core.SFStatement.executeQuery(SFStatement.java:134)
at net.snowflake.client.core.SFStatement.execute(SFStatement.java:743)
at net.snowflake.client.core.SFStatement.execute(SFStatement.java:639)
at net.snowflake.client.jdbc.SnowflakeStatementV1.executeQueryInternal(SnowflakeStatementV1.java:238)
at net.snowflake.client.jdbc.SnowflakeStatementV1.executeQuery(SnowflakeStatementV1.java:133)
at com.zaxxer.hikari.pool.ProxyStatement.executeQuery(ProxyStatement.java:110)
at com.zaxxer.hikari.pool.HikariProxyStatement.executeQuery(HikariProxyStatement.java)
at org.finos.legend.engine.plan.execution.stores.relational.result.SQLExecutionResult.<init>(SQLExecutionResult.java:95)
... 101 more
"}'"
	at org.finos.legend.pure.runtime.java.compiled.generation.processors.support.CompiledSupport.pureAssert(CompiledSupport.java:1994)
	at org.finos.legend.pure.generated.platform_pure_basics_tests_assertEq.Root_meta_pure_functions_asserts_assertEq_Any_1__Any_1__Function_1__Boolean_1_(platform_pure_basics_tests_assertEq.java:44)
	at org.finos.legend.pure.generated.core_pure_protocol_vX_X_X_invocations_execution.Root_meta_protocols_pure_vX_X_X_invocation_execution_execute_executePlan_String_1__String_1__Integer_1__String_1_(core_pure_protocol_vX_X_X_invocations_execution.java:751)
	at org.finos.legend.pure.generated.core_pure_protocol_vX_X_X_invocations_execution.Root_meta_protocols_pure_vX_X_X_invocation_execution_execute_executePlan_ExecutionPlan_1__String_1__Integer_1__Extension_MANY__String_1_(core_pure_protocol_vX_X_X_invocations_execution.java:745)
	at org.finos.legend.pure.generated.core_pure_protocol_vX_X_X_invocations_execution.Root_meta_protocols_pure_vX_X_X_invocation_execution_execute_executePlan_ExecutionPlan_1__ExecutionContext_$0_1$__String_1__Integer_1__Extension_MANY__Result_1_(core_pure_protocol_vX_X_X_invocations_execution.java:738)
	at jdk.internal.reflect.GeneratedMethodAccessor96.invoke(Unknown Source)
	at java.base/jdk.internal.reflect.DelegatingMethodAccessorImpl.invoke(DelegatingMethodAccessorImpl.java:43)
	at java.base/java.lang.reflect.Method.invoke(Method.java:566)
	at org.finos.legend.pure.runtime.java.compiled.metadata.JavaMethodWithParamsSharedPureFunction.execute(JavaMethodWithParamsSharedPureFunction.java:59)
	at org.finos.legend.pure.runtime.java.compiled.generation.processors.support.Pure._evaluateToMany(Pure.java:546)
	at org.finos.legend.pure.generated.CoreGen.evaluateToMany(CoreGen.java:147)
	at org.finos.legend.pure.generated.CoreGen.evaluateToMany(CoreGen.java:134)
	at org.finos.legend.pure.generated.core_pure_router_router_entry$9$1.value(core_pure_router_router_entry.java:318)
	at org.finos.legend.pure.generated.core_pure_router_router_entry$9$1.execute(core_pure_router_router_entry.java:311)
	at org.finos.legend.pure.generated.core_pure_router_router_entry$9$1.execute(core_pure_router_router_entry.java:307)
	at org.finos.legend.pure.runtime.java.compiled.generation.processors.support.Pure.evaluate(Pure.java:485)
	at org.finos.legend.pure.runtime.java.compiled.generation.processors.support.Pure.legendTest(Pure.java:216)
	at org.finos.legend.pure.generated.CoreGen.legendTest(CoreGen.java:61)
	at org.finos.legend.pure.generated.core_pure_router_router_entry$9.valueOf(core_pure_router_router_entry.java:303)
	at org.finos.legend.pure.generated.core_pure_router_router_entry$9.execute(core_pure_router_router_entry.java:298)
	at org.finos.legend.pure.generated.core_pure_router_router_entry$9.execute(core_pure_router_router_entry.java:294)
	at org.finos.legend.pure.runtime.java.compiled.generation.processors.support.Pure.evaluate(Pure.java:485)
	at org.finos.legend.pure.runtime.java.compiled.generation.processors.support.Pure.traceSpan(Pure.java:1482)
	at org.finos.legend.pure.generated.CoreGen.traceSpan(CoreGen.java:203)
	at org.finos.legend.pure.generated.core_pure_router_router_entry.Root_meta_pure_router_executePlan_ExecutionPlan_1__ExecutionContext_1__Extension_MANY__Result_$0_1$_(core_pure_router_router_entry.java:290)
	at org.finos.legend.pure.generated.core_pure_router_router_entry.Root_meta_pure_router_executePlan_ExecutionPlan_1__Extension_MANY__Result_$0_1$_(core_pure_router_router_entry.java:285)
	at org.finos.legend.pure.generated.core_relational_relational_sqlQueryToString_dbTestRunner_executionPlanTestRunner$19.execute(core_relational_relational_sqlQueryToString_dbTestRunner_executionPlanTestRunner.java:305)
	at org.finos.legend.pure.generated.core_relational_relational_sqlQueryToString_dbTestRunner_executionPlanTestRunner.Root_meta_relational_dbTestRunner_executeViaPlan_FunctionDefinition_1__Mapping_1__Database_1__DbTestConfig_1__Extension_MANY__Result_$0_1$_(core_relational_relational_sqlQueryToString_dbTestRunner_executionPlanTestRunner.java:309)
	at org.finos.legend.pure.generated.core_relational_relational_sqlQueryToString_testSuite_selectSubClauses_range.Root_meta_relational_tests_dbSpecificTests_sqlQueryTests_selectSubClauses_slice_testSlice_DbTestConfig_1__Boolean_1_(core_relational_relational_sqlQueryToString_testSuite_selectSubClauses_range.java:453)
	at java.base/jdk.internal.reflect.NativeMethodAccessorImpl.invoke0(Native Method)
	at java.base/jdk.internal.reflect.NativeMethodAccessorImpl.invoke(NativeMethodAccessorImpl.java:62)
	at java.base/jdk.internal.reflect.DelegatingMethodAccessorImpl.invoke(DelegatingMethodAccessorImpl.java:43)
	at java.base/java.lang.reflect.Method.invoke(Method.java:566)
	at org.finos.legend.pure.runtime.java.compiled.testHelper.PureTestBuilderCompiled.executeFn(PureTestBuilderCompiled.java:113)
	at org.finos.legend.pure.runtime.java.compiled.testHelper.PureTestBuilderCompiled.lambda$buildSuite$0(PureTestBuilderCompiled.java:79)
	at org.finos.legend.pure.m3.execution.test.PureTestBuilder$PureTestCase.runTest(PureTestBuilder.java:95)
	at junit.framework.TestCase.runBare(TestCase.java:142)
	at org.finos.legend.engine.server.test.shared.Relational_DbSpecific_UsingPureClientTestSuite$2.runTest(Relational_DbSpecific_UsingPureClientTestSuite.java:90)
	at junit.framework.TestCase.runBare(TestCase.java:142)
	at junit.framework.TestResult$1.protect(TestResult.java:122)
	at junit.framework.TestResult.runProtected(TestResult.java:142)
	at junit.framework.TestResult.run(TestResult.java:125)
	at junit.framework.TestCase.run(TestCase.java:130)
	at junit.framework.TestSuite.runTest(TestSuite.java:241)
	at junit.framework.TestSuite.run(TestSuite.java:236)
	at junit.framework.TestSuite.runTest(TestSuite.java:241)
	at junit.framework.TestSuite.run(TestSuite.java:236)
	at junit.framework.TestSuite.runTest(TestSuite.java:241)
	at junit.framework.TestSuite.run(TestSuite.java:236)
	at junit.framework.TestSuite.runTest(TestSuite.java:241)
	at junit.framework.TestSuite.run(TestSuite.java:236)
	at junit.framework.TestSuite.runTest(TestSuite.java:241)
	at junit.framework.TestSuite.run(TestSuite.java:236)
	at junit.extensions.TestDecorator.basicRun(TestDecorator.java:24)
	at junit.extensions.TestSetup$1.protect(TestSetup.java:23)
	at junit.framework.TestResult.runProtected(TestResult.java:142)
	at junit.extensions.TestSetup.run(TestSetup.java:27)
	at org.junit.internal.runners.JUnit38ClassRunner.run(JUnit38ClassRunner.java:90)
	at org.apache.maven.surefire.junit4.JUnit4Provider.execute(JUnit4Provider.java:365)
	at org.apache.maven.surefire.junit4.JUnit4Provider.executeWithRerun(JUnit4Provider.java:273)
	at org.apache.maven.surefire.junit4.JUnit4Provider.executeTestSet(JUnit4Provider.java:238)
	at org.apache.maven.surefire.junit4.JUnit4Provider.invoke(JUnit4Provider.java:159)
	at org.apache.maven.surefire.booter.ForkedBooter.invokeProviderInSameClassLoader(ForkedBooter.java:384)
	at org.apache.maven.surefire.booter.ForkedBooter.runSuitesInProcess(ForkedBooter.java:345)
	at org.apache.maven.surefire.booter.ForkedBooter.execute(ForkedBooter.java:126)
	at org.apache.maven.surefire.booter.ForkedBooter.main(ForkedBooter.java:418)
]]></error>
    <system-out><![CDATA[Running db test selectSubClauses::slice::testSlice
{"duration":0.0,"eventType":"EXECUTION_PLAN_EXEC_ERROR","info":{"code":-1,"message":"SnowflakeSQLException: SQL compilation error:\nObject 'PERSONTABLE' does not exist or not authorized.","status":"error","trace":"java.lang.RuntimeException: net.snowflake.client.jdbc.SnowflakeSQLException: SQL compilation error:\nObject 'PERSONTABLE' does not exist or not authorized.\n\tat org.finos.legend.engine.plan.execution.stores.relational.result.SQLExecutionResult.<init>(SQLExecutionResult.java:123)\n\tat org.finos.legend.engine.plan.execution.stores.relational.RelationalExecutor.execute(RelationalExecutor.java:241)\n\tat org.finos.legend.engine.plan.execution.stores.relational.plugin.RelationalExecutionNodeExecutor.visit(RelationalExecutionNodeExecutor.java:238)\n\tat org.finos.legend.engine.plan.execution.stores.relational.plugin.RelationalExecutionNodeExecutor.visit(RelationalExecutionNodeExecutor.java:292)\n\tat org.finos.legend.engine.plan.execution.stores.relational.plugin.RelationalExecutionNodeExecutor.visit(RelationalExecutionNodeExecutor.java:92)\n\tat org.finos.legend.engine.protocol.pure.v1.model.executionPlan.nodes.RelationalClassInstantiationExecutionNode.accept(RelationalClassInstantiationExecutionNode.java:22)\n\tat org.finos.legend.engine.plan.execution.stores.relational.RelationalExecutionExtension.lambda$getExtraNodeExecutors$fbe53481$1(RelationalExecutionExtension.java:50)\n\tat org.finos.legend.engine.plan.execution.nodes.ExecutionNodeExecutor.lambda$visit$0(ExecutionNodeExecutor.java:164)\n\tat java.base/java.util.stream.ReferencePipeline$3$1.accept(ReferencePipeline.java:195)\n\tat java.base/java.util.Spliterators$ArraySpliterator.tryAdvance(Spliterators.java:958)\n\tat java.base/java.util.stream.ReferencePipeline.forEachWithCancel(ReferencePipeline.java:127)\n\tat java.base/java.util.stream.AbstractPipeline.copyIntoWithCancel(AbstractPipeline.java:502)\n\tat java.base/java.util.stream.AbstractPipeline.copyInto(AbstractPipeline.java:488)\n\tat java.base/java.util.stream.AbstractPipeline.wrapAndCopyInto(AbstractPipeline.java:474)\n\tat java.base/java.util.stream.FindOps$FindOp.evaluateSequential(FindOps.java:150)\n\tat java.base/java.util.stream.AbstractPipeline.evaluate(AbstractPipeline.java:234)\n\tat java.base/java.util.stream.ReferencePipeline.findFirst(ReferencePipeline.java:543)\n\tat org.finos.legend.engine.plan.execution.nodes.ExecutionNodeExecutor.visit(ExecutionNodeExecutor.java:164)\n\tat org.finos.legend.engine.plan.execution.nodes.ExecutionNodeExecutor.visit(ExecutionNodeExecutor.java:107)\n\tat org.finos.legend.engine.protocol.pure.v1.model.executionPlan.nodes.RelationalClassInstantiationExecutionNode.accept(RelationalClassInstantiationExecutionNode.java:22)\n\tat org.finos.legend.engine.plan.execution.PlanExecutor.execute(PlanExecutor.java:238)\n\tat org.finos.legend.engine.plan.execution.PlanExecutor.execute(PlanExecutor.java:225)\n\tat org.finos.legend.engine.plan.execution.api.ExecutePlan.doExecutePlanLegacy(ExecutePlan.java:102)\n\tat org.finos.legend.engine.plan.execution.api.ExecutePlan.doExecutePlan(ExecutePlan.java:84)\n\tat org.finos.legend.engine.plan.execution.api.ExecutePlanLegacy.executePlan(ExecutePlanLegacy.java:56)\n\tat jdk.internal.reflect.GeneratedMethodAccessor100.invoke(Unknown Source)\n\tat java.base/jdk.internal.reflect.DelegatingMethodAccessorImpl.invoke(DelegatingMethodAccessorImpl.java:43)\n\tat java.base/java.lang.reflect.Method.invoke(Method.java:566)\n\tat org.glassfish.jersey.server.model.internal.ResourceMethodInvocationHandlerFactory$1.invoke(ResourceMethodInvocationHandlerFactory.java:81)\n\tat org.glassfish.jersey.server.model.internal.AbstractJavaResourceMethodDispatcher$1.run(AbstractJavaResourceMethodDispatcher.java:144)\n\tat org.glassfish.jersey.server.model.internal.AbstractJavaResourceMethodDispatcher.invoke(AbstractJavaResourceMethodDispatcher.java:161)\n\tat org.glassfish.jersey.server.model.internal.JavaResourceMethodDispatcherProvider$ResponseOutInvoker.doDispatch(JavaResourceMethodDispatcherProvider.java:160)\n\tat org.glassfish.jersey.server.model.internal.AbstractJavaResourceMethodDispatcher.dispatch(AbstractJavaResourceMethodDispatcher.java:99)\n\tat org.glassfish.jersey.server.model.ResourceMethodInvoker.invoke(ResourceMethodInvoker.java:389)\n\tat org.glassfish.jersey.server.model.ResourceMethodInvoker.apply(ResourceMethodInvoker.java:347)\n\tat org.glassfish.jersey.server.model.ResourceMethodInvoker.apply(ResourceMethodInvoker.java:102)\n\tat org.glassfish.jersey.server.ServerRuntime$2.run(ServerRuntime.java:326)\n\tat org.glassfish.jersey.internal.Errors$1.call(Errors.java:271)\n\tat org.glassfish.jersey.internal.Errors$1.call(Errors.java:267)\n\tat org.glassfish.jersey.internal.Errors.process(Errors.java:315)\n\tat org.glassfish.jersey.internal.Errors.process(Errors.java:297)\n\tat org.glassfish.jersey.internal.Errors.process(Errors.java:267)\n\tat org.glassfish.jersey.process.internal.RequestScope.runInScope(RequestScope.java:317)\n\tat org.glassfish.jersey.server.ServerRuntime.process(ServerRuntime.java:305)\n\tat org.glassfish.jersey.server.ApplicationHandler.handle(ApplicationHandler.java:1154)\n\tat org.glassfish.jersey.servlet.WebComponent.serviceImpl(WebComponent.java:473)\n\tat org.glassfish.jersey.servlet.WebComponent.service(WebComponent.java:427)\n\tat org.glassfish.jersey.servlet.ServletContainer.service(ServletContainer.java:388)\n\tat org.glassfish.jersey.servlet.ServletContainer.service(ServletContainer.java:341)\n\tat org.glassfish.jersey.servlet.ServletContainer.service(ServletContainer.java:228)\n\tat org.eclipse.jetty.servlet.ServletHolder.handle(ServletHolder.java:799)\n\tat org.eclipse.jetty.servlet.ServletHandler$ChainEnd.doFilter(ServletHandler.java:1631)\n\tat io.dropwizard.servlets.ThreadNameFilter.doFilter(ThreadNameFilter.java:35)\n\tat org.eclipse.jetty.servlet.FilterHolder.doFilter(FilterHolder.java:193)\n\tat org.eclipse.jetty.servlet.ServletHandler$Chain.doFilter(ServletHandler.java:1601)\n\tat io.dropwizard.jersey.filter.AllowedMethodsFilter.handle(AllowedMethodsFilter.java:45)\n\tat io.dropwizard.jersey.filter.AllowedMethodsFilter.doFilter(AllowedMethodsFilter.java:39)\n\tat org.eclipse.jetty.servlet.FilterHolder.doFilter(FilterHolder.java:193)\n\tat org.eclipse.jetty.servlet.ServletHandler$Chain.doFilter(ServletHandler.java:1601)\n\tat org.finos.legend.server.pac4j.internal.UsernameFilter.doFilter(UsernameFilter.java:51)\n\tat org.eclipse.jetty.servlet.FilterHolder.doFilter(FilterHolder.java:193)\n\tat org.eclipse.jetty.servlet.ServletHandler$Chain.doFilter(ServletHandler.java:1601)\n\tat org.pac4j.j2e.filter.SecurityFilter.lambda$internalFilter$0(SecurityFilter.java:95)\n\tat org.pac4j.core.engine.DefaultSecurityLogic.perform(DefaultSecurityLogic.java:140)\n\tat org.pac4j.j2e.filter.SecurityFilter.internalFilter(SecurityFilter.java:93)\n\tat org.pac4j.j2e.filter.AbstractConfigFilter.doFilter(AbstractConfigFilter.java:81)\n\tat org.eclipse.jetty.servlet.FilterHolder.doFilter(FilterHolder.java:193)\n\tat org.eclipse.jetty.servlet.ServletHandler$Chain.doFilter(ServletHandler.java:1601)\n\tat org.eclipse.jetty.servlet.ServletHandler.doHandle(ServletHandler.java:548)\n\tat org.eclipse.jetty.server.handler.ScopedHandler.nextHandle(ScopedHandler.java:233)\n\tat org.eclipse.jetty.server.session.SessionHandler.doHandle(SessionHandler.java:1624)\n\tat org.eclipse.jetty.server.handler.ScopedHandler.nextHandle(ScopedHandler.java:233)\n\tat org.eclipse.jetty.server.handler.ContextHandler.doHandle(ContextHandler.java:1434)\n\tat org.eclipse.jetty.server.handler.ScopedHandler.nextScope(ScopedHandler.java:188)\n\tat org.eclipse.jetty.servlet.ServletHandler.doScope(ServletHandler.java:501)\n\tat org.eclipse.jetty.server.session.SessionHandler.doScope(SessionHandler.java:1594)\n\tat org.eclipse.jetty.server.handler.ScopedHandler.nextScope(ScopedHandler.java:186)\n\tat org.eclipse.jetty.server.handler.ContextHandler.doScope(ContextHandler.java:1349)\n\tat org.eclipse.jetty.server.handler.ScopedHandler.handle(ScopedHandler.java:141)\n\tat org.eclipse.jetty.server.handler.HandlerWrapper.handle(HandlerWrapper.java:127)\n\tat com.codahale.metrics.jetty9.InstrumentedHandler.handle(InstrumentedHandler.java:313)\n\tat io.dropwizard.jetty.ContextRoutingHandler.handle(ContextRoutingHandler.java:37)\n\tat org.eclipse.jetty.server.handler.gzip.GzipHandler.handle(GzipHandler.java:713)\n\tat io.dropwizard.jetty.BiDiGzipHandler.handle(BiDiGzipHandler.java:67)\n\tat org.eclipse.jetty.server.handler.StatisticsHandler.handle(StatisticsHandler.java:179)\n\tat org.eclipse.jetty.server.handler.HandlerWrapper.handle(HandlerWrapper.java:127)\n\tat org.eclipse.jetty.server.Server.handle(Server.java:516)\n\tat org.eclipse.jetty.server.HttpChannel.lambda$handle$1(HttpChannel.java:400)\n\tat org.eclipse.jetty.server.HttpChannel.dispatch(HttpChannel.java:645)\n\tat org.eclipse.jetty.server.HttpChannel.handle(HttpChannel.java:392)\n\tat org.eclipse.jetty.server.HttpConnection.onFillable(HttpConnection.java:277)\n\tat org.eclipse.jetty.io.AbstractConnection$ReadCallback.succeeded(AbstractConnection.java:311)\n\tat org.eclipse.jetty.io.FillInterest.fillable(FillInterest.java:105)\n\tat org.eclipse.jetty.io.ChannelEndPoint$1.run(ChannelEndPoint.java:104)\n\tat org.eclipse.jetty.util.thread.strategy.EatWhatYouKill.runTask(EatWhatYouKill.java:338)\n\tat org.eclipse.jetty.util.thread.strategy.EatWhatYouKill.doProduce(EatWhatYouKill.java:315)\n\tat org.eclipse.jetty.util.thread.strategy.EatWhatYouKill.tryProduce(EatWhatYouKill.java:173)\n\tat org.eclipse.jetty.util.thread.strategy.EatWhatYouKill.run(EatWhatYouKill.java:131)\n\tat org.eclipse.jetty.util.thread.ReservedThreadExecutor$ReservedThread.run(ReservedThreadExecutor.java:409)\n\tat org.eclipse.jetty.util.thread.QueuedThreadPool.runJob(QueuedThreadPool.java:883)\n\tat org.eclipse.jetty.util.thread.QueuedThreadPool$Runner.run(QueuedThreadPool.java:1034)\n\tat java.base/java.lang.Thread.run(Thread.java:829)\nCaused by: net.snowflake.client.jdbc.SnowflakeSQLException: SQL compilation error:\nObject 'PERSONTABLE' does not exist or not authorized.\n\tat net.snowflake.client.jdbc.SnowflakeUtil.checkErrorAndThrowExceptionSub(SnowflakeUtil.java:127)\n\tat net.snowflake.client.jdbc.SnowflakeUtil.checkErrorAndThrowException(SnowflakeUtil.java:67)\n\tat net.snowflake.client.core.StmtUtil.pollForOutput(StmtUtil.java:442)\n\tat net.snowflake.client.core.StmtUtil.execute(StmtUtil.java:345)\n\tat net.snowflake.client.core.SFStatement.executeHelper(SFStatement.java:486)\n\tat net.snowflake.client.core.SFStatement.executeQueryInternal(SFStatement.java:197)\n\tat net.snowflake.client.core.SFStatement.executeQuery(SFStatement.java:134)\n\tat net.snowflake.client.core.SFStatement.execute(SFStatement.java:743)\n\tat net.snowflake.client.core.SFStatement.execute(SFStatement.java:639)\n\tat net.snowflake.client.jdbc.SnowflakeStatementV1.executeQueryInternal(SnowflakeStatementV1.java:238)\n\tat net.snowflake.client.jdbc.SnowflakeStatementV1.executeQuery(SnowflakeStatementV1.java:133)\n\tat com.zaxxer.hikari.pool.ProxyStatement.executeQuery(ProxyStatement.java:110)\n\tat com.zaxxer.hikari.pool.HikariProxyStatement.executeQuery(HikariProxyStatement.java)\n\tat org.finos.legend.engine.plan.execution.stores.relational.result.SQLExecutionResult.<init>(SQLExecutionResult.java:95)\n\t... 101 more\n"},"mode":"DEV","timeStamp":"2023-02-23 01:31:56.996","user":"_UNKNOWN_"}
| **selectSubClauses::slice::testSlice** | failing :x: |
]]></system-out>
  </testcase>
  <testcase name="testSimpleTake[Snowflake]" classname="org.finos.legend.engine.server.test.shared.Relational_DbSpecific_UsingPureClientTestSuite$2" time="1.744">
    <error message="Assert failure at (resource:/platform/pure/basics/tests/assertEq.pure line:34 column:5), &quot;500 &apos;{&quot;code&quot;:-1,&quot;message&quot;:&quot;SnowflakeSQLException: SQL compilation error:&#10;Object &apos;PERSONTABLE&apos; does not exist or not authorized.&quot;,&quot;status&quot;:&quot;error&quot;,&quot;trace&quot;:&quot;java.lang.RuntimeException: net.snowflake.client.jdbc.SnowflakeSQLException: SQL compilation error:&#10;Object &apos;PERSONTABLE&apos; does not exist or not authorized.&#10;at org.finos.legend.engine.plan.execution.stores.relational.result.SQLExecutionResult.&lt;init&gt;(SQLExecutionResult.java:123)&#10;at org.finos.legend.engine.plan.execution.stores.relational.RelationalExecutor.execute(RelationalExecutor.java:241)&#10;at org.finos.legend.engine.plan.execution.stores.relational.plugin.RelationalExecutionNodeExecutor.visit(RelationalExecutionNodeExecutor.java:238)&#10;at org.finos.legend.engine.plan.execution.stores.relational.plugin.RelationalExecutionNodeExecutor.visit(RelationalExecutionNodeExecutor.java:292)&#10;at org.finos.legend.engine.plan.execution.stores.relational.plugin.RelationalExecutionNodeExecutor.visit(RelationalExecutionNodeExecutor.java:92)&#10;at org.finos.legend.engine.protocol.pure.v1.model.executionPlan.nodes.RelationalClassInstantiationExecutionNode.accept(RelationalClassInstantiationExecutionNode.java:22)&#10;at org.finos.legend.engine.plan.execution.stores.relational.RelationalExecutionExtension.lambda$getExtraNodeExecutors$fbe53481$1(RelationalExecutionExtension.java:50)&#10;at org.finos.legend.engine.plan.execution.nodes.ExecutionNodeExecutor.lambda$visit$0(ExecutionNodeExecutor.java:164)&#10;at java.base/java.util.stream.ReferencePipeline$3$1.accept(ReferencePipeline.java:195)&#10;at java.base/java.util.Spliterators$ArraySpliterator.tryAdvance(Spliterators.java:958)&#10;at java.base/java.util.stream.ReferencePipeline.forEachWithCancel(ReferencePipeline.java:127)&#10;at java.base/java.util.stream.AbstractPipeline.copyIntoWithCancel(AbstractPipeline.java:502)&#10;at java.base/java.util.stream.AbstractPipeline.copyInto(AbstractPipeline.java:488)&#10;at java.base/java.util.stream.AbstractPipeline.wrapAndCopyInto(AbstractPipeline.java:474)&#10;at java.base/java.util.stream.FindOps$FindOp.evaluateSequential(FindOps.java:150)&#10;at java.base/java.util.stream.AbstractPipeline.evaluate(AbstractPipeline.java:234)&#10;at java.base/java.util.stream.ReferencePipeline.findFirst(ReferencePipeline.java:543)&#10;at org.finos.legend.engine.plan.execution.nodes.ExecutionNodeExecutor.visit(ExecutionNodeExecutor.java:164)&#10;at org.finos.legend.engine.plan.execution.nodes.ExecutionNodeExecutor.visit(ExecutionNodeExecutor.java:107)&#10;at org.finos.legend.engine.protocol.pure.v1.model.executionPlan.nodes.RelationalClassInstantiationExecutionNode.accept(RelationalClassInstantiationExecutionNode.java:22)&#10;at org.finos.legend.engine.plan.execution.PlanExecutor.execute(PlanExecutor.java:238)&#10;at org.finos.legend.engine.plan.execution.PlanExecutor.execute(PlanExecutor.java:225)&#10;at org.finos.legend.engine.plan.execution.api.ExecutePlan.doExecutePlanLegacy(ExecutePlan.java:102)&#10;at org.finos.legend.engine.plan.execution.api.ExecutePlan.doExecutePlan(ExecutePlan.java:84)&#10;at org.finos.legend.engine.plan.execution.api.ExecutePlanLegacy.executePlan(ExecutePlanLegacy.java:56)&#10;at jdk.internal.reflect.GeneratedMethodAccessor100.invoke(Unknown Source)&#10;at java.base/jdk.internal.reflect.DelegatingMethodAccessorImpl.invoke(DelegatingMethodAccessorImpl.java:43)&#10;at java.base/java.lang.reflect.Method.invoke(Method.java:566)&#10;at org.glassfish.jersey.server.model.internal.ResourceMethodInvocationHandlerFactory$1.invoke(ResourceMethodInvocationHandlerFactory.java:81)&#10;at org.glassfish.jersey.server.model.internal.AbstractJavaResourceMethodDispatcher$1.run(AbstractJavaResourceMethodDispatcher.java:144)&#10;at org.glassfish.jersey.server.model.internal.AbstractJavaResourceMethodDispatcher.invoke(AbstractJavaResourceMethodDispatcher.java:161)&#10;at org.glassfish.jersey.server.model.internal.JavaResourceMethodDispatcherProvider$ResponseOutInvoker.doDispatch(JavaResourceMethodDispatcherProvider.java:160)&#10;at org.glassfish.jersey.server.model.internal.AbstractJavaResourceMethodDispatcher.dispatch(AbstractJavaResourceMethodDispatcher.java:99)&#10;at org.glassfish.jersey.server.model.ResourceMethodInvoker.invoke(ResourceMethodInvoker.java:389)&#10;at org.glassfish.jersey.server.model.ResourceMethodInvoker.apply(ResourceMethodInvoker.java:347)&#10;at org.glassfish.jersey.server.model.ResourceMethodInvoker.apply(ResourceMethodInvoker.java:102)&#10;at org.glassfish.jersey.server.ServerRuntime$2.run(ServerRuntime.java:326)&#10;at org.glassfish.jersey.internal.Errors$1.call(Errors.java:271)&#10;at org.glassfish.jersey.internal.Errors$1.call(Errors.java:267)&#10;at org.glassfish.jersey.internal.Errors.process(Errors.java:315)&#10;at org.glassfish.jersey.internal.Errors.process(Errors.java:297)&#10;at org.glassfish.jersey.internal.Errors.process(Errors.java:267)&#10;at org.glassfish.jersey.process.internal.RequestScope.runInScope(RequestScope.java:317)&#10;at org.glassfish.jersey.server.ServerRuntime.process(ServerRuntime.java:305)&#10;at org.glassfish.jersey.server.ApplicationHandler.handle(ApplicationHandler.java:1154)&#10;at org.glassfish.jersey.servlet.WebComponent.serviceImpl(WebComponent.java:473)&#10;at org.glassfish.jersey.servlet.WebComponent.service(WebComponent.java:427)&#10;at org.glassfish.jersey.servlet.ServletContainer.service(ServletContainer.java:388)&#10;at org.glassfish.jersey.servlet.ServletContainer.service(ServletContainer.java:341)&#10;at org.glassfish.jersey.servlet.ServletContainer.service(ServletContainer.java:228)&#10;at org.eclipse.jetty.servlet.ServletHolder.handle(ServletHolder.java:799)&#10;at org.eclipse.jetty.servlet.ServletHandler$ChainEnd.doFilter(ServletHandler.java:1631)&#10;at io.dropwizard.servlets.ThreadNameFilter.doFilter(ThreadNameFilter.java:35)&#10;at org.eclipse.jetty.servlet.FilterHolder.doFilter(FilterHolder.java:193)&#10;at org.eclipse.jetty.servlet.ServletHandler$Chain.doFilter(ServletHandler.java:1601)&#10;at io.dropwizard.jersey.filter.AllowedMethodsFilter.handle(AllowedMethodsFilter.java:45)&#10;at io.dropwizard.jersey.filter.AllowedMethodsFilter.doFilter(AllowedMethodsFilter.java:39)&#10;at org.eclipse.jetty.servlet.FilterHolder.doFilter(FilterHolder.java:193)&#10;at org.eclipse.jetty.servlet.ServletHandler$Chain.doFilter(ServletHandler.java:1601)&#10;at org.finos.legend.server.pac4j.internal.UsernameFilter.doFilter(UsernameFilter.java:51)&#10;at org.eclipse.jetty.servlet.FilterHolder.doFilter(FilterHolder.java:193)&#10;at org.eclipse.jetty.servlet.ServletHandler$Chain.doFilter(ServletHandler.java:1601)&#10;at org.pac4j.j2e.filter.SecurityFilter.lambda$internalFilter$0(SecurityFilter.java:95)&#10;at org.pac4j.core.engine.DefaultSecurityLogic.perform(DefaultSecurityLogic.java:140)&#10;at org.pac4j.j2e.filter.SecurityFilter.internalFilter(SecurityFilter.java:93)&#10;at org.pac4j.j2e.filter.AbstractConfigFilter.doFilter(AbstractConfigFilter.java:81)&#10;at org.eclipse.jetty.servlet.FilterHolder.doFilter(FilterHolder.java:193)&#10;at org.eclipse.jetty.servlet.ServletHandler$Chain.doFilter(ServletHandler.java:1601)&#10;at org.eclipse.jetty.servlet.ServletHandler.doHandle(ServletHandler.java:548)&#10;at org.eclipse.jetty.server.handler.ScopedHandler.nextHandle(ScopedHandler.java:233)&#10;at org.eclipse.jetty.server.session.SessionHandler.doHandle(SessionHandler.java:1624)&#10;at org.eclipse.jetty.server.handler.ScopedHandler.nextHandle(ScopedHandler.java:233)&#10;at org.eclipse.jetty.server.handler.ContextHandler.doHandle(ContextHandler.java:1434)&#10;at org.eclipse.jetty.server.handler.ScopedHandler.nextScope(ScopedHandler.java:188)&#10;at org.eclipse.jetty.servlet.ServletHandler.doScope(ServletHandler.java:501)&#10;at org.eclipse.jetty.server.session.SessionHandler.doScope(SessionHandler.java:1594)&#10;at org.eclipse.jetty.server.handler.ScopedHandler.nextScope(ScopedHandler.java:186)&#10;at org.eclipse.jetty.server.handler.ContextHandler.doScope(ContextHandler.java:1349)&#10;at org.eclipse.jetty.server.handler.ScopedHandler.handle(ScopedHandler.java:141)&#10;at org.eclipse.jetty.server.handler.HandlerWrapper.handle(HandlerWrapper.java:127)&#10;at com.codahale.metrics.jetty9.InstrumentedHandler.handle(InstrumentedHandler.java:313)&#10;at io.dropwizard.jetty.ContextRoutingHandler.handle(ContextRoutingHandler.java:37)&#10;at org.eclipse.jetty.server.handler.gzip.GzipHandler.handle(GzipHandler.java:713)&#10;at io.dropwizard.jetty.BiDiGzipHandler.handle(BiDiGzipHandler.java:67)&#10;at org.eclipse.jetty.server.handler.StatisticsHandler.handle(StatisticsHandler.java:179)&#10;at org.eclipse.jetty.server.handler.HandlerWrapper.handle(HandlerWrapper.java:127)&#10;at org.eclipse.jetty.server.Server.handle(Server.java:516)&#10;at org.eclipse.jetty.server.HttpChannel.lambda$handle$1(HttpChannel.java:400)&#10;at org.eclipse.jetty.server.HttpChannel.dispatch(HttpChannel.java:645)&#10;at org.eclipse.jetty.server.HttpChannel.handle(HttpChannel.java:392)&#10;at org.eclipse.jetty.server.HttpConnection.onFillable(HttpConnection.java:277)&#10;at org.eclipse.jetty.io.AbstractConnection$ReadCallback.succeeded(AbstractConnection.java:311)&#10;at org.eclipse.jetty.io.FillInterest.fillable(FillInterest.java:105)&#10;at org.eclipse.jetty.io.ChannelEndPoint$1.run(ChannelEndPoint.java:104)&#10;at org.eclipse.jetty.util.thread.strategy.EatWhatYouKill.runTask(EatWhatYouKill.java:338)&#10;at org.eclipse.jetty.util.thread.strategy.EatWhatYouKill.doProduce(EatWhatYouKill.java:315)&#10;at org.eclipse.jetty.util.thread.strategy.EatWhatYouKill.tryProduce(EatWhatYouKill.java:173)&#10;at org.eclipse.jetty.util.thread.strategy.EatWhatYouKill.run(EatWhatYouKill.java:131)&#10;at org.eclipse.jetty.util.thread.ReservedThreadExecutor$ReservedThread.run(ReservedThreadExecutor.java:409)&#10;at org.eclipse.jetty.util.thread.QueuedThreadPool.runJob(QueuedThreadPool.java:883)&#10;at org.eclipse.jetty.util.thread.QueuedThreadPool$Runner.run(QueuedThreadPool.java:1034)&#10;at java.base/java.lang.Thread.run(Thread.java:829)&#10;Caused by: net.snowflake.client.jdbc.SnowflakeSQLException: SQL compilation error:&#10;Object &apos;PERSONTABLE&apos; does not exist or not authorized.&#10;at net.snowflake.client.jdbc.SnowflakeUtil.checkErrorAndThrowExceptionSub(SnowflakeUtil.java:127)&#10;at net.snowflake.client.jdbc.SnowflakeUtil.checkErrorAndThrowException(SnowflakeUtil.java:67)&#10;at net.snowflake.client.core.StmtUtil.pollForOutput(StmtUtil.java:442)&#10;at net.snowflake.client.core.StmtUtil.execute(StmtUtil.java:345)&#10;at net.snowflake.client.core.SFStatement.executeHelper(SFStatement.java:486)&#10;at net.snowflake.client.core.SFStatement.executeQueryInternal(SFStatement.java:197)&#10;at net.snowflake.client.core.SFStatement.executeQuery(SFStatement.java:134)&#10;at net.snowflake.client.core.SFStatement.execute(SFStatement.java:743)&#10;at net.snowflake.client.core.SFStatement.execute(SFStatement.java:639)&#10;at net.snowflake.client.jdbc.SnowflakeStatementV1.executeQueryInternal(SnowflakeStatementV1.java:238)&#10;at net.snowflake.client.jdbc.SnowflakeStatementV1.executeQuery(SnowflakeStatementV1.java:133)&#10;at com.zaxxer.hikari.pool.ProxyStatement.executeQuery(ProxyStatement.java:110)&#10;at com.zaxxer.hikari.pool.HikariProxyStatement.executeQuery(HikariProxyStatement.java)&#10;at org.finos.legend.engine.plan.execution.stores.relational.result.SQLExecutionResult.&lt;init&gt;(SQLExecutionResult.java:95)&#10;... 101 more&#10;&quot;}&apos;&quot;" type="Assert failure at (resource"><![CDATA[Assert failure at (resource:/platform/pure/basics/tests/assertEq.pure line:34 column:5), "500 '{"code":-1,"message":"SnowflakeSQLException: SQL compilation error:
Object 'PERSONTABLE' does not exist or not authorized.","status":"error","trace":"java.lang.RuntimeException: net.snowflake.client.jdbc.SnowflakeSQLException: SQL compilation error:
Object 'PERSONTABLE' does not exist or not authorized.
at org.finos.legend.engine.plan.execution.stores.relational.result.SQLExecutionResult.<init>(SQLExecutionResult.java:123)
at org.finos.legend.engine.plan.execution.stores.relational.RelationalExecutor.execute(RelationalExecutor.java:241)
at org.finos.legend.engine.plan.execution.stores.relational.plugin.RelationalExecutionNodeExecutor.visit(RelationalExecutionNodeExecutor.java:238)
at org.finos.legend.engine.plan.execution.stores.relational.plugin.RelationalExecutionNodeExecutor.visit(RelationalExecutionNodeExecutor.java:292)
at org.finos.legend.engine.plan.execution.stores.relational.plugin.RelationalExecutionNodeExecutor.visit(RelationalExecutionNodeExecutor.java:92)
at org.finos.legend.engine.protocol.pure.v1.model.executionPlan.nodes.RelationalClassInstantiationExecutionNode.accept(RelationalClassInstantiationExecutionNode.java:22)
at org.finos.legend.engine.plan.execution.stores.relational.RelationalExecutionExtension.lambda$getExtraNodeExecutors$fbe53481$1(RelationalExecutionExtension.java:50)
at org.finos.legend.engine.plan.execution.nodes.ExecutionNodeExecutor.lambda$visit$0(ExecutionNodeExecutor.java:164)
at java.base/java.util.stream.ReferencePipeline$3$1.accept(ReferencePipeline.java:195)
at java.base/java.util.Spliterators$ArraySpliterator.tryAdvance(Spliterators.java:958)
at java.base/java.util.stream.ReferencePipeline.forEachWithCancel(ReferencePipeline.java:127)
at java.base/java.util.stream.AbstractPipeline.copyIntoWithCancel(AbstractPipeline.java:502)
at java.base/java.util.stream.AbstractPipeline.copyInto(AbstractPipeline.java:488)
at java.base/java.util.stream.AbstractPipeline.wrapAndCopyInto(AbstractPipeline.java:474)
at java.base/java.util.stream.FindOps$FindOp.evaluateSequential(FindOps.java:150)
at java.base/java.util.stream.AbstractPipeline.evaluate(AbstractPipeline.java:234)
at java.base/java.util.stream.ReferencePipeline.findFirst(ReferencePipeline.java:543)
at org.finos.legend.engine.plan.execution.nodes.ExecutionNodeExecutor.visit(ExecutionNodeExecutor.java:164)
at org.finos.legend.engine.plan.execution.nodes.ExecutionNodeExecutor.visit(ExecutionNodeExecutor.java:107)
at org.finos.legend.engine.protocol.pure.v1.model.executionPlan.nodes.RelationalClassInstantiationExecutionNode.accept(RelationalClassInstantiationExecutionNode.java:22)
at org.finos.legend.engine.plan.execution.PlanExecutor.execute(PlanExecutor.java:238)
at org.finos.legend.engine.plan.execution.PlanExecutor.execute(PlanExecutor.java:225)
at org.finos.legend.engine.plan.execution.api.ExecutePlan.doExecutePlanLegacy(ExecutePlan.java:102)
at org.finos.legend.engine.plan.execution.api.ExecutePlan.doExecutePlan(ExecutePlan.java:84)
at org.finos.legend.engine.plan.execution.api.ExecutePlanLegacy.executePlan(ExecutePlanLegacy.java:56)
at jdk.internal.reflect.GeneratedMethodAccessor100.invoke(Unknown Source)
at java.base/jdk.internal.reflect.DelegatingMethodAccessorImpl.invoke(DelegatingMethodAccessorImpl.java:43)
at java.base/java.lang.reflect.Method.invoke(Method.java:566)
at org.glassfish.jersey.server.model.internal.ResourceMethodInvocationHandlerFactory$1.invoke(ResourceMethodInvocationHandlerFactory.java:81)
at org.glassfish.jersey.server.model.internal.AbstractJavaResourceMethodDispatcher$1.run(AbstractJavaResourceMethodDispatcher.java:144)
at org.glassfish.jersey.server.model.internal.AbstractJavaResourceMethodDispatcher.invoke(AbstractJavaResourceMethodDispatcher.java:161)
at org.glassfish.jersey.server.model.internal.JavaResourceMethodDispatcherProvider$ResponseOutInvoker.doDispatch(JavaResourceMethodDispatcherProvider.java:160)
at org.glassfish.jersey.server.model.internal.AbstractJavaResourceMethodDispatcher.dispatch(AbstractJavaResourceMethodDispatcher.java:99)
at org.glassfish.jersey.server.model.ResourceMethodInvoker.invoke(ResourceMethodInvoker.java:389)
at org.glassfish.jersey.server.model.ResourceMethodInvoker.apply(ResourceMethodInvoker.java:347)
at org.glassfish.jersey.server.model.ResourceMethodInvoker.apply(ResourceMethodInvoker.java:102)
at org.glassfish.jersey.server.ServerRuntime$2.run(ServerRuntime.java:326)
at org.glassfish.jersey.internal.Errors$1.call(Errors.java:271)
at org.glassfish.jersey.internal.Errors$1.call(Errors.java:267)
at org.glassfish.jersey.internal.Errors.process(Errors.java:315)
at org.glassfish.jersey.internal.Errors.process(Errors.java:297)
at org.glassfish.jersey.internal.Errors.process(Errors.java:267)
at org.glassfish.jersey.process.internal.RequestScope.runInScope(RequestScope.java:317)
at org.glassfish.jersey.server.ServerRuntime.process(ServerRuntime.java:305)
at org.glassfish.jersey.server.ApplicationHandler.handle(ApplicationHandler.java:1154)
at org.glassfish.jersey.servlet.WebComponent.serviceImpl(WebComponent.java:473)
at org.glassfish.jersey.servlet.WebComponent.service(WebComponent.java:427)
at org.glassfish.jersey.servlet.ServletContainer.service(ServletContainer.java:388)
at org.glassfish.jersey.servlet.ServletContainer.service(ServletContainer.java:341)
at org.glassfish.jersey.servlet.ServletContainer.service(ServletContainer.java:228)
at org.eclipse.jetty.servlet.ServletHolder.handle(ServletHolder.java:799)
at org.eclipse.jetty.servlet.ServletHandler$ChainEnd.doFilter(ServletHandler.java:1631)
at io.dropwizard.servlets.ThreadNameFilter.doFilter(ThreadNameFilter.java:35)
at org.eclipse.jetty.servlet.FilterHolder.doFilter(FilterHolder.java:193)
at org.eclipse.jetty.servlet.ServletHandler$Chain.doFilter(ServletHandler.java:1601)
at io.dropwizard.jersey.filter.AllowedMethodsFilter.handle(AllowedMethodsFilter.java:45)
at io.dropwizard.jersey.filter.AllowedMethodsFilter.doFilter(AllowedMethodsFilter.java:39)
at org.eclipse.jetty.servlet.FilterHolder.doFilter(FilterHolder.java:193)
at org.eclipse.jetty.servlet.ServletHandler$Chain.doFilter(ServletHandler.java:1601)
at org.finos.legend.server.pac4j.internal.UsernameFilter.doFilter(UsernameFilter.java:51)
at org.eclipse.jetty.servlet.FilterHolder.doFilter(FilterHolder.java:193)
at org.eclipse.jetty.servlet.ServletHandler$Chain.doFilter(ServletHandler.java:1601)
at org.pac4j.j2e.filter.SecurityFilter.lambda$internalFilter$0(SecurityFilter.java:95)
at org.pac4j.core.engine.DefaultSecurityLogic.perform(DefaultSecurityLogic.java:140)
at org.pac4j.j2e.filter.SecurityFilter.internalFilter(SecurityFilter.java:93)
at org.pac4j.j2e.filter.AbstractConfigFilter.doFilter(AbstractConfigFilter.java:81)
at org.eclipse.jetty.servlet.FilterHolder.doFilter(FilterHolder.java:193)
at org.eclipse.jetty.servlet.ServletHandler$Chain.doFilter(ServletHandler.java:1601)
at org.eclipse.jetty.servlet.ServletHandler.doHandle(ServletHandler.java:548)
at org.eclipse.jetty.server.handler.ScopedHandler.nextHandle(ScopedHandler.java:233)
at org.eclipse.jetty.server.session.SessionHandler.doHandle(SessionHandler.java:1624)
at org.eclipse.jetty.server.handler.ScopedHandler.nextHandle(ScopedHandler.java:233)
at org.eclipse.jetty.server.handler.ContextHandler.doHandle(ContextHandler.java:1434)
at org.eclipse.jetty.server.handler.ScopedHandler.nextScope(ScopedHandler.java:188)
at org.eclipse.jetty.servlet.ServletHandler.doScope(ServletHandler.java:501)
at org.eclipse.jetty.server.session.SessionHandler.doScope(SessionHandler.java:1594)
at org.eclipse.jetty.server.handler.ScopedHandler.nextScope(ScopedHandler.java:186)
at org.eclipse.jetty.server.handler.ContextHandler.doScope(ContextHandler.java:1349)
at org.eclipse.jetty.server.handler.ScopedHandler.handle(ScopedHandler.java:141)
at org.eclipse.jetty.server.handler.HandlerWrapper.handle(HandlerWrapper.java:127)
at com.codahale.metrics.jetty9.InstrumentedHandler.handle(InstrumentedHandler.java:313)
at io.dropwizard.jetty.ContextRoutingHandler.handle(ContextRoutingHandler.java:37)
at org.eclipse.jetty.server.handler.gzip.GzipHandler.handle(GzipHandler.java:713)
at io.dropwizard.jetty.BiDiGzipHandler.handle(BiDiGzipHandler.java:67)
at org.eclipse.jetty.server.handler.StatisticsHandler.handle(StatisticsHandler.java:179)
at org.eclipse.jetty.server.handler.HandlerWrapper.handle(HandlerWrapper.java:127)
at org.eclipse.jetty.server.Server.handle(Server.java:516)
at org.eclipse.jetty.server.HttpChannel.lambda$handle$1(HttpChannel.java:400)
at org.eclipse.jetty.server.HttpChannel.dispatch(HttpChannel.java:645)
at org.eclipse.jetty.server.HttpChannel.handle(HttpChannel.java:392)
at org.eclipse.jetty.server.HttpConnection.onFillable(HttpConnection.java:277)
at org.eclipse.jetty.io.AbstractConnection$ReadCallback.succeeded(AbstractConnection.java:311)
at org.eclipse.jetty.io.FillInterest.fillable(FillInterest.java:105)
at org.eclipse.jetty.io.ChannelEndPoint$1.run(ChannelEndPoint.java:104)
at org.eclipse.jetty.util.thread.strategy.EatWhatYouKill.runTask(EatWhatYouKill.java:338)
at org.eclipse.jetty.util.thread.strategy.EatWhatYouKill.doProduce(EatWhatYouKill.java:315)
at org.eclipse.jetty.util.thread.strategy.EatWhatYouKill.tryProduce(EatWhatYouKill.java:173)
at org.eclipse.jetty.util.thread.strategy.EatWhatYouKill.run(EatWhatYouKill.java:131)
at org.eclipse.jetty.util.thread.ReservedThreadExecutor$ReservedThread.run(ReservedThreadExecutor.java:409)
at org.eclipse.jetty.util.thread.QueuedThreadPool.runJob(QueuedThreadPool.java:883)
at org.eclipse.jetty.util.thread.QueuedThreadPool$Runner.run(QueuedThreadPool.java:1034)
at java.base/java.lang.Thread.run(Thread.java:829)
Caused by: net.snowflake.client.jdbc.SnowflakeSQLException: SQL compilation error:
Object 'PERSONTABLE' does not exist or not authorized.
at net.snowflake.client.jdbc.SnowflakeUtil.checkErrorAndThrowExceptionSub(SnowflakeUtil.java:127)
at net.snowflake.client.jdbc.SnowflakeUtil.checkErrorAndThrowException(SnowflakeUtil.java:67)
at net.snowflake.client.core.StmtUtil.pollForOutput(StmtUtil.java:442)
at net.snowflake.client.core.StmtUtil.execute(StmtUtil.java:345)
at net.snowflake.client.core.SFStatement.executeHelper(SFStatement.java:486)
at net.snowflake.client.core.SFStatement.executeQueryInternal(SFStatement.java:197)
at net.snowflake.client.core.SFStatement.executeQuery(SFStatement.java:134)
at net.snowflake.client.core.SFStatement.execute(SFStatement.java:743)
at net.snowflake.client.core.SFStatement.execute(SFStatement.java:639)
at net.snowflake.client.jdbc.SnowflakeStatementV1.executeQueryInternal(SnowflakeStatementV1.java:238)
at net.snowflake.client.jdbc.SnowflakeStatementV1.executeQuery(SnowflakeStatementV1.java:133)
at com.zaxxer.hikari.pool.ProxyStatement.executeQuery(ProxyStatement.java:110)
at com.zaxxer.hikari.pool.HikariProxyStatement.executeQuery(HikariProxyStatement.java)
at org.finos.legend.engine.plan.execution.stores.relational.result.SQLExecutionResult.<init>(SQLExecutionResult.java:95)
... 101 more
"}'"
	at org.finos.legend.pure.runtime.java.compiled.generation.processors.support.CompiledSupport.pureAssert(CompiledSupport.java:1994)
	at org.finos.legend.pure.generated.platform_pure_basics_tests_assertEq.Root_meta_pure_functions_asserts_assertEq_Any_1__Any_1__Function_1__Boolean_1_(platform_pure_basics_tests_assertEq.java:44)
	at org.finos.legend.pure.generated.core_pure_protocol_vX_X_X_invocations_execution.Root_meta_protocols_pure_vX_X_X_invocation_execution_execute_executePlan_String_1__String_1__Integer_1__String_1_(core_pure_protocol_vX_X_X_invocations_execution.java:751)
	at org.finos.legend.pure.generated.core_pure_protocol_vX_X_X_invocations_execution.Root_meta_protocols_pure_vX_X_X_invocation_execution_execute_executePlan_ExecutionPlan_1__String_1__Integer_1__Extension_MANY__String_1_(core_pure_protocol_vX_X_X_invocations_execution.java:745)
	at org.finos.legend.pure.generated.core_pure_protocol_vX_X_X_invocations_execution.Root_meta_protocols_pure_vX_X_X_invocation_execution_execute_executePlan_ExecutionPlan_1__ExecutionContext_$0_1$__String_1__Integer_1__Extension_MANY__Result_1_(core_pure_protocol_vX_X_X_invocations_execution.java:738)
	at jdk.internal.reflect.GeneratedMethodAccessor96.invoke(Unknown Source)
	at java.base/jdk.internal.reflect.DelegatingMethodAccessorImpl.invoke(DelegatingMethodAccessorImpl.java:43)
	at java.base/java.lang.reflect.Method.invoke(Method.java:566)
	at org.finos.legend.pure.runtime.java.compiled.metadata.JavaMethodWithParamsSharedPureFunction.execute(JavaMethodWithParamsSharedPureFunction.java:59)
	at org.finos.legend.pure.runtime.java.compiled.generation.processors.support.Pure._evaluateToMany(Pure.java:546)
	at org.finos.legend.pure.generated.CoreGen.evaluateToMany(CoreGen.java:147)
	at org.finos.legend.pure.generated.CoreGen.evaluateToMany(CoreGen.java:134)
	at org.finos.legend.pure.generated.core_pure_router_router_entry$9$1.value(core_pure_router_router_entry.java:318)
	at org.finos.legend.pure.generated.core_pure_router_router_entry$9$1.execute(core_pure_router_router_entry.java:311)
	at org.finos.legend.pure.generated.core_pure_router_router_entry$9$1.execute(core_pure_router_router_entry.java:307)
	at org.finos.legend.pure.runtime.java.compiled.generation.processors.support.Pure.evaluate(Pure.java:485)
	at org.finos.legend.pure.runtime.java.compiled.generation.processors.support.Pure.legendTest(Pure.java:216)
	at org.finos.legend.pure.generated.CoreGen.legendTest(CoreGen.java:61)
	at org.finos.legend.pure.generated.core_pure_router_router_entry$9.valueOf(core_pure_router_router_entry.java:303)
	at org.finos.legend.pure.generated.core_pure_router_router_entry$9.execute(core_pure_router_router_entry.java:298)
	at org.finos.legend.pure.generated.core_pure_router_router_entry$9.execute(core_pure_router_router_entry.java:294)
	at org.finos.legend.pure.runtime.java.compiled.generation.processors.support.Pure.evaluate(Pure.java:485)
	at org.finos.legend.pure.runtime.java.compiled.generation.processors.support.Pure.traceSpan(Pure.java:1482)
	at org.finos.legend.pure.generated.CoreGen.traceSpan(CoreGen.java:203)
	at org.finos.legend.pure.generated.core_pure_router_router_entry.Root_meta_pure_router_executePlan_ExecutionPlan_1__ExecutionContext_1__Extension_MANY__Result_$0_1$_(core_pure_router_router_entry.java:290)
	at org.finos.legend.pure.generated.core_pure_router_router_entry.Root_meta_pure_router_executePlan_ExecutionPlan_1__Extension_MANY__Result_$0_1$_(core_pure_router_router_entry.java:285)
	at org.finos.legend.pure.generated.core_relational_relational_sqlQueryToString_dbTestRunner_executionPlanTestRunner$19.execute(core_relational_relational_sqlQueryToString_dbTestRunner_executionPlanTestRunner.java:305)
	at org.finos.legend.pure.generated.core_relational_relational_sqlQueryToString_dbTestRunner_executionPlanTestRunner.Root_meta_relational_dbTestRunner_executeViaPlan_FunctionDefinition_1__Mapping_1__Database_1__DbTestConfig_1__Extension_MANY__Result_$0_1$_(core_relational_relational_sqlQueryToString_dbTestRunner_executionPlanTestRunner.java:309)
	at org.finos.legend.pure.generated.core_relational_relational_sqlQueryToString_testSuite_selectSubClauses_range.Root_meta_relational_tests_dbSpecificTests_sqlQueryTests_selectSubClauses_take_testSimpleTake_DbTestConfig_1__Boolean_1_(core_relational_relational_sqlQueryToString_testSuite_selectSubClauses_range.java:652)
	at java.base/jdk.internal.reflect.NativeMethodAccessorImpl.invoke0(Native Method)
	at java.base/jdk.internal.reflect.NativeMethodAccessorImpl.invoke(NativeMethodAccessorImpl.java:62)
	at java.base/jdk.internal.reflect.DelegatingMethodAccessorImpl.invoke(DelegatingMethodAccessorImpl.java:43)
	at java.base/java.lang.reflect.Method.invoke(Method.java:566)
	at org.finos.legend.pure.runtime.java.compiled.testHelper.PureTestBuilderCompiled.executeFn(PureTestBuilderCompiled.java:113)
	at org.finos.legend.pure.runtime.java.compiled.testHelper.PureTestBuilderCompiled.lambda$buildSuite$0(PureTestBuilderCompiled.java:79)
	at org.finos.legend.pure.m3.execution.test.PureTestBuilder$PureTestCase.runTest(PureTestBuilder.java:95)
	at junit.framework.TestCase.runBare(TestCase.java:142)
	at org.finos.legend.engine.server.test.shared.Relational_DbSpecific_UsingPureClientTestSuite$2.runTest(Relational_DbSpecific_UsingPureClientTestSuite.java:90)
	at junit.framework.TestCase.runBare(TestCase.java:142)
	at junit.framework.TestResult$1.protect(TestResult.java:122)
	at junit.framework.TestResult.runProtected(TestResult.java:142)
	at junit.framework.TestResult.run(TestResult.java:125)
	at junit.framework.TestCase.run(TestCase.java:130)
	at junit.framework.TestSuite.runTest(TestSuite.java:241)
	at junit.framework.TestSuite.run(TestSuite.java:236)
	at junit.framework.TestSuite.runTest(TestSuite.java:241)
	at junit.framework.TestSuite.run(TestSuite.java:236)
	at junit.framework.TestSuite.runTest(TestSuite.java:241)
	at junit.framework.TestSuite.run(TestSuite.java:236)
	at junit.framework.TestSuite.runTest(TestSuite.java:241)
	at junit.framework.TestSuite.run(TestSuite.java:236)
	at junit.framework.TestSuite.runTest(TestSuite.java:241)
	at junit.framework.TestSuite.run(TestSuite.java:236)
	at junit.extensions.TestDecorator.basicRun(TestDecorator.java:24)
	at junit.extensions.TestSetup$1.protect(TestSetup.java:23)
	at junit.framework.TestResult.runProtected(TestResult.java:142)
	at junit.extensions.TestSetup.run(TestSetup.java:27)
	at org.junit.internal.runners.JUnit38ClassRunner.run(JUnit38ClassRunner.java:90)
	at org.apache.maven.surefire.junit4.JUnit4Provider.execute(JUnit4Provider.java:365)
	at org.apache.maven.surefire.junit4.JUnit4Provider.executeWithRerun(JUnit4Provider.java:273)
	at org.apache.maven.surefire.junit4.JUnit4Provider.executeTestSet(JUnit4Provider.java:238)
	at org.apache.maven.surefire.junit4.JUnit4Provider.invoke(JUnit4Provider.java:159)
	at org.apache.maven.surefire.booter.ForkedBooter.invokeProviderInSameClassLoader(ForkedBooter.java:384)
	at org.apache.maven.surefire.booter.ForkedBooter.runSuitesInProcess(ForkedBooter.java:345)
	at org.apache.maven.surefire.booter.ForkedBooter.execute(ForkedBooter.java:126)
	at org.apache.maven.surefire.booter.ForkedBooter.main(ForkedBooter.java:418)
]]></error>
    <system-out><![CDATA[Running db test selectSubClauses::take::testSimpleTake
{"duration":0.0,"eventType":"EXECUTION_PLAN_EXEC_ERROR","info":{"code":-1,"message":"SnowflakeSQLException: SQL compilation error:\nObject 'PERSONTABLE' does not exist or not authorized.","status":"error","trace":"java.lang.RuntimeException: net.snowflake.client.jdbc.SnowflakeSQLException: SQL compilation error:\nObject 'PERSONTABLE' does not exist or not authorized.\n\tat org.finos.legend.engine.plan.execution.stores.relational.result.SQLExecutionResult.<init>(SQLExecutionResult.java:123)\n\tat org.finos.legend.engine.plan.execution.stores.relational.RelationalExecutor.execute(RelationalExecutor.java:241)\n\tat org.finos.legend.engine.plan.execution.stores.relational.plugin.RelationalExecutionNodeExecutor.visit(RelationalExecutionNodeExecutor.java:238)\n\tat org.finos.legend.engine.plan.execution.stores.relational.plugin.RelationalExecutionNodeExecutor.visit(RelationalExecutionNodeExecutor.java:292)\n\tat org.finos.legend.engine.plan.execution.stores.relational.plugin.RelationalExecutionNodeExecutor.visit(RelationalExecutionNodeExecutor.java:92)\n\tat org.finos.legend.engine.protocol.pure.v1.model.executionPlan.nodes.RelationalClassInstantiationExecutionNode.accept(RelationalClassInstantiationExecutionNode.java:22)\n\tat org.finos.legend.engine.plan.execution.stores.relational.RelationalExecutionExtension.lambda$getExtraNodeExecutors$fbe53481$1(RelationalExecutionExtension.java:50)\n\tat org.finos.legend.engine.plan.execution.nodes.ExecutionNodeExecutor.lambda$visit$0(ExecutionNodeExecutor.java:164)\n\tat java.base/java.util.stream.ReferencePipeline$3$1.accept(ReferencePipeline.java:195)\n\tat java.base/java.util.Spliterators$ArraySpliterator.tryAdvance(Spliterators.java:958)\n\tat java.base/java.util.stream.ReferencePipeline.forEachWithCancel(ReferencePipeline.java:127)\n\tat java.base/java.util.stream.AbstractPipeline.copyIntoWithCancel(AbstractPipeline.java:502)\n\tat java.base/java.util.stream.AbstractPipeline.copyInto(AbstractPipeline.java:488)\n\tat java.base/java.util.stream.AbstractPipeline.wrapAndCopyInto(AbstractPipeline.java:474)\n\tat java.base/java.util.stream.FindOps$FindOp.evaluateSequential(FindOps.java:150)\n\tat java.base/java.util.stream.AbstractPipeline.evaluate(AbstractPipeline.java:234)\n\tat java.base/java.util.stream.ReferencePipeline.findFirst(ReferencePipeline.java:543)\n\tat org.finos.legend.engine.plan.execution.nodes.ExecutionNodeExecutor.visit(ExecutionNodeExecutor.java:164)\n\tat org.finos.legend.engine.plan.execution.nodes.ExecutionNodeExecutor.visit(ExecutionNodeExecutor.java:107)\n\tat org.finos.legend.engine.protocol.pure.v1.model.executionPlan.nodes.RelationalClassInstantiationExecutionNode.accept(RelationalClassInstantiationExecutionNode.java:22)\n\tat org.finos.legend.engine.plan.execution.PlanExecutor.execute(PlanExecutor.java:238)\n\tat org.finos.legend.engine.plan.execution.PlanExecutor.execute(PlanExecutor.java:225)\n\tat org.finos.legend.engine.plan.execution.api.ExecutePlan.doExecutePlanLegacy(ExecutePlan.java:102)\n\tat org.finos.legend.engine.plan.execution.api.ExecutePlan.doExecutePlan(ExecutePlan.java:84)\n\tat org.finos.legend.engine.plan.execution.api.ExecutePlanLegacy.executePlan(ExecutePlanLegacy.java:56)\n\tat jdk.internal.reflect.GeneratedMethodAccessor100.invoke(Unknown Source)\n\tat java.base/jdk.internal.reflect.DelegatingMethodAccessorImpl.invoke(DelegatingMethodAccessorImpl.java:43)\n\tat java.base/java.lang.reflect.Method.invoke(Method.java:566)\n\tat org.glassfish.jersey.server.model.internal.ResourceMethodInvocationHandlerFactory$1.invoke(ResourceMethodInvocationHandlerFactory.java:81)\n\tat org.glassfish.jersey.server.model.internal.AbstractJavaResourceMethodDispatcher$1.run(AbstractJavaResourceMethodDispatcher.java:144)\n\tat org.glassfish.jersey.server.model.internal.AbstractJavaResourceMethodDispatcher.invoke(AbstractJavaResourceMethodDispatcher.java:161)\n\tat org.glassfish.jersey.server.model.internal.JavaResourceMethodDispatcherProvider$ResponseOutInvoker.doDispatch(JavaResourceMethodDispatcherProvider.java:160)\n\tat org.glassfish.jersey.server.model.internal.AbstractJavaResourceMethodDispatcher.dispatch(AbstractJavaResourceMethodDispatcher.java:99)\n\tat org.glassfish.jersey.server.model.ResourceMethodInvoker.invoke(ResourceMethodInvoker.java:389)\n\tat org.glassfish.jersey.server.model.ResourceMethodInvoker.apply(ResourceMethodInvoker.java:347)\n\tat org.glassfish.jersey.server.model.ResourceMethodInvoker.apply(ResourceMethodInvoker.java:102)\n\tat org.glassfish.jersey.server.ServerRuntime$2.run(ServerRuntime.java:326)\n\tat org.glassfish.jersey.internal.Errors$1.call(Errors.java:271)\n\tat org.glassfish.jersey.internal.Errors$1.call(Errors.java:267)\n\tat org.glassfish.jersey.internal.Errors.process(Errors.java:315)\n\tat org.glassfish.jersey.internal.Errors.process(Errors.java:297)\n\tat org.glassfish.jersey.internal.Errors.process(Errors.java:267)\n\tat org.glassfish.jersey.process.internal.RequestScope.runInScope(RequestScope.java:317)\n\tat org.glassfish.jersey.server.ServerRuntime.process(ServerRuntime.java:305)\n\tat org.glassfish.jersey.server.ApplicationHandler.handle(ApplicationHandler.java:1154)\n\tat org.glassfish.jersey.servlet.WebComponent.serviceImpl(WebComponent.java:473)\n\tat org.glassfish.jersey.servlet.WebComponent.service(WebComponent.java:427)\n\tat org.glassfish.jersey.servlet.ServletContainer.service(ServletContainer.java:388)\n\tat org.glassfish.jersey.servlet.ServletContainer.service(ServletContainer.java:341)\n\tat org.glassfish.jersey.servlet.ServletContainer.service(ServletContainer.java:228)\n\tat org.eclipse.jetty.servlet.ServletHolder.handle(ServletHolder.java:799)\n\tat org.eclipse.jetty.servlet.ServletHandler$ChainEnd.doFilter(ServletHandler.java:1631)\n\tat io.dropwizard.servlets.ThreadNameFilter.doFilter(ThreadNameFilter.java:35)\n\tat org.eclipse.jetty.servlet.FilterHolder.doFilter(FilterHolder.java:193)\n\tat org.eclipse.jetty.servlet.ServletHandler$Chain.doFilter(ServletHandler.java:1601)\n\tat io.dropwizard.jersey.filter.AllowedMethodsFilter.handle(AllowedMethodsFilter.java:45)\n\tat io.dropwizard.jersey.filter.AllowedMethodsFilter.doFilter(AllowedMethodsFilter.java:39)\n\tat org.eclipse.jetty.servlet.FilterHolder.doFilter(FilterHolder.java:193)\n\tat org.eclipse.jetty.servlet.ServletHandler$Chain.doFilter(ServletHandler.java:1601)\n\tat org.finos.legend.server.pac4j.internal.UsernameFilter.doFilter(UsernameFilter.java:51)\n\tat org.eclipse.jetty.servlet.FilterHolder.doFilter(FilterHolder.java:193)\n\tat org.eclipse.jetty.servlet.ServletHandler$Chain.doFilter(ServletHandler.java:1601)\n\tat org.pac4j.j2e.filter.SecurityFilter.lambda$internalFilter$0(SecurityFilter.java:95)\n\tat org.pac4j.core.engine.DefaultSecurityLogic.perform(DefaultSecurityLogic.java:140)\n\tat org.pac4j.j2e.filter.SecurityFilter.internalFilter(SecurityFilter.java:93)\n\tat org.pac4j.j2e.filter.AbstractConfigFilter.doFilter(AbstractConfigFilter.java:81)\n\tat org.eclipse.jetty.servlet.FilterHolder.doFilter(FilterHolder.java:193)\n\tat org.eclipse.jetty.servlet.ServletHandler$Chain.doFilter(ServletHandler.java:1601)\n\tat org.eclipse.jetty.servlet.ServletHandler.doHandle(ServletHandler.java:548)\n\tat org.eclipse.jetty.server.handler.ScopedHandler.nextHandle(ScopedHandler.java:233)\n\tat org.eclipse.jetty.server.session.SessionHandler.doHandle(SessionHandler.java:1624)\n\tat org.eclipse.jetty.server.handler.ScopedHandler.nextHandle(ScopedHandler.java:233)\n\tat org.eclipse.jetty.server.handler.ContextHandler.doHandle(ContextHandler.java:1434)\n\tat org.eclipse.jetty.server.handler.ScopedHandler.nextScope(ScopedHandler.java:188)\n\tat org.eclipse.jetty.servlet.ServletHandler.doScope(ServletHandler.java:501)\n\tat org.eclipse.jetty.server.session.SessionHandler.doScope(SessionHandler.java:1594)\n\tat org.eclipse.jetty.server.handler.ScopedHandler.nextScope(ScopedHandler.java:186)\n\tat org.eclipse.jetty.server.handler.ContextHandler.doScope(ContextHandler.java:1349)\n\tat org.eclipse.jetty.server.handler.ScopedHandler.handle(ScopedHandler.java:141)\n\tat org.eclipse.jetty.server.handler.HandlerWrapper.handle(HandlerWrapper.java:127)\n\tat com.codahale.metrics.jetty9.InstrumentedHandler.handle(InstrumentedHandler.java:313)\n\tat io.dropwizard.jetty.ContextRoutingHandler.handle(ContextRoutingHandler.java:37)\n\tat org.eclipse.jetty.server.handler.gzip.GzipHandler.handle(GzipHandler.java:713)\n\tat io.dropwizard.jetty.BiDiGzipHandler.handle(BiDiGzipHandler.java:67)\n\tat org.eclipse.jetty.server.handler.StatisticsHandler.handle(StatisticsHandler.java:179)\n\tat org.eclipse.jetty.server.handler.HandlerWrapper.handle(HandlerWrapper.java:127)\n\tat org.eclipse.jetty.server.Server.handle(Server.java:516)\n\tat org.eclipse.jetty.server.HttpChannel.lambda$handle$1(HttpChannel.java:400)\n\tat org.eclipse.jetty.server.HttpChannel.dispatch(HttpChannel.java:645)\n\tat org.eclipse.jetty.server.HttpChannel.handle(HttpChannel.java:392)\n\tat org.eclipse.jetty.server.HttpConnection.onFillable(HttpConnection.java:277)\n\tat org.eclipse.jetty.io.AbstractConnection$ReadCallback.succeeded(AbstractConnection.java:311)\n\tat org.eclipse.jetty.io.FillInterest.fillable(FillInterest.java:105)\n\tat org.eclipse.jetty.io.ChannelEndPoint$1.run(ChannelEndPoint.java:104)\n\tat org.eclipse.jetty.util.thread.strategy.EatWhatYouKill.runTask(EatWhatYouKill.java:338)\n\tat org.eclipse.jetty.util.thread.strategy.EatWhatYouKill.doProduce(EatWhatYouKill.java:315)\n\tat org.eclipse.jetty.util.thread.strategy.EatWhatYouKill.tryProduce(EatWhatYouKill.java:173)\n\tat org.eclipse.jetty.util.thread.strategy.EatWhatYouKill.run(EatWhatYouKill.java:131)\n\tat org.eclipse.jetty.util.thread.ReservedThreadExecutor$ReservedThread.run(ReservedThreadExecutor.java:409)\n\tat org.eclipse.jetty.util.thread.QueuedThreadPool.runJob(QueuedThreadPool.java:883)\n\tat org.eclipse.jetty.util.thread.QueuedThreadPool$Runner.run(QueuedThreadPool.java:1034)\n\tat java.base/java.lang.Thread.run(Thread.java:829)\nCaused by: net.snowflake.client.jdbc.SnowflakeSQLException: SQL compilation error:\nObject 'PERSONTABLE' does not exist or not authorized.\n\tat net.snowflake.client.jdbc.SnowflakeUtil.checkErrorAndThrowExceptionSub(SnowflakeUtil.java:127)\n\tat net.snowflake.client.jdbc.SnowflakeUtil.checkErrorAndThrowException(SnowflakeUtil.java:67)\n\tat net.snowflake.client.core.StmtUtil.pollForOutput(StmtUtil.java:442)\n\tat net.snowflake.client.core.StmtUtil.execute(StmtUtil.java:345)\n\tat net.snowflake.client.core.SFStatement.executeHelper(SFStatement.java:486)\n\tat net.snowflake.client.core.SFStatement.executeQueryInternal(SFStatement.java:197)\n\tat net.snowflake.client.core.SFStatement.executeQuery(SFStatement.java:134)\n\tat net.snowflake.client.core.SFStatement.execute(SFStatement.java:743)\n\tat net.snowflake.client.core.SFStatement.execute(SFStatement.java:639)\n\tat net.snowflake.client.jdbc.SnowflakeStatementV1.executeQueryInternal(SnowflakeStatementV1.java:238)\n\tat net.snowflake.client.jdbc.SnowflakeStatementV1.executeQuery(SnowflakeStatementV1.java:133)\n\tat com.zaxxer.hikari.pool.ProxyStatement.executeQuery(ProxyStatement.java:110)\n\tat com.zaxxer.hikari.pool.HikariProxyStatement.executeQuery(HikariProxyStatement.java)\n\tat org.finos.legend.engine.plan.execution.stores.relational.result.SQLExecutionResult.<init>(SQLExecutionResult.java:95)\n\t... 101 more\n"},"mode":"DEV","timeStamp":"2023-02-23 01:31:58.751","user":"_UNKNOWN_"}
| **selectSubClauses::take::testSimpleTake** | failing :x: |
]]></system-out>
  </testcase>
  <testcase name="testConcatenateWithPostOperation[Snowflake]" classname="org.finos.legend.engine.server.test.shared.Relational_DbSpecific_UsingPureClientTestSuite$2" time="0.356">
    <error message="Assert failure at (resource:/platform/pure/basics/tests/assertEq.pure line:34 column:5), &quot;500 &apos;{&quot;code&quot;:-1,&quot;message&quot;:&quot;SnowflakeSQLException: SQL compilation error:&#10;Object &apos;PERSONTABLE&apos; does not exist or not authorized.&quot;,&quot;status&quot;:&quot;error&quot;,&quot;trace&quot;:&quot;java.lang.RuntimeException: net.snowflake.client.jdbc.SnowflakeSQLException: SQL compilation error:&#10;Object &apos;PERSONTABLE&apos; does not exist or not authorized.&#10;at org.finos.legend.engine.plan.execution.stores.relational.result.SQLExecutionResult.&lt;init&gt;(SQLExecutionResult.java:123)&#10;at org.finos.legend.engine.plan.execution.stores.relational.RelationalExecutor.execute(RelationalExecutor.java:241)&#10;at org.finos.legend.engine.plan.execution.stores.relational.plugin.RelationalExecutionNodeExecutor.visit(RelationalExecutionNodeExecutor.java:238)&#10;at org.finos.legend.engine.plan.execution.stores.relational.plugin.RelationalExecutionNodeExecutor.visit(RelationalExecutionNodeExecutor.java:252)&#10;at org.finos.legend.engine.plan.execution.stores.relational.plugin.RelationalExecutionNodeExecutor.visit(RelationalExecutionNodeExecutor.java:92)&#10;at org.finos.legend.engine.protocol.pure.v1.model.executionPlan.nodes.RelationalTdsInstantiationExecutionNode.accept(RelationalTdsInstantiationExecutionNode.java:22)&#10;at org.finos.legend.engine.plan.execution.stores.relational.RelationalExecutionExtension.lambda$getExtraNodeExecutors$fbe53481$1(RelationalExecutionExtension.java:50)&#10;at org.finos.legend.engine.plan.execution.nodes.ExecutionNodeExecutor.lambda$visit$0(ExecutionNodeExecutor.java:164)&#10;at java.base/java.util.stream.ReferencePipeline$3$1.accept(ReferencePipeline.java:195)&#10;at java.base/java.util.Spliterators$ArraySpliterator.tryAdvance(Spliterators.java:958)&#10;at java.base/java.util.stream.ReferencePipeline.forEachWithCancel(ReferencePipeline.java:127)&#10;at java.base/java.util.stream.AbstractPipeline.copyIntoWithCancel(AbstractPipeline.java:502)&#10;at java.base/java.util.stream.AbstractPipeline.copyInto(AbstractPipeline.java:488)&#10;at java.base/java.util.stream.AbstractPipeline.wrapAndCopyInto(AbstractPipeline.java:474)&#10;at java.base/java.util.stream.FindOps$FindOp.evaluateSequential(FindOps.java:150)&#10;at java.base/java.util.stream.AbstractPipeline.evaluate(AbstractPipeline.java:234)&#10;at java.base/java.util.stream.ReferencePipeline.findFirst(ReferencePipeline.java:543)&#10;at org.finos.legend.engine.plan.execution.nodes.ExecutionNodeExecutor.visit(ExecutionNodeExecutor.java:164)&#10;at org.finos.legend.engine.plan.execution.nodes.ExecutionNodeExecutor.visit(ExecutionNodeExecutor.java:107)&#10;at org.finos.legend.engine.protocol.pure.v1.model.executionPlan.nodes.RelationalTdsInstantiationExecutionNode.accept(RelationalTdsInstantiationExecutionNode.java:22)&#10;at org.finos.legend.engine.plan.execution.PlanExecutor.execute(PlanExecutor.java:238)&#10;at org.finos.legend.engine.plan.execution.PlanExecutor.execute(PlanExecutor.java:225)&#10;at org.finos.legend.engine.plan.execution.api.ExecutePlan.doExecutePlanLegacy(ExecutePlan.java:102)&#10;at org.finos.legend.engine.plan.execution.api.ExecutePlan.doExecutePlan(ExecutePlan.java:84)&#10;at org.finos.legend.engine.plan.execution.api.ExecutePlanLegacy.executePlan(ExecutePlanLegacy.java:56)&#10;at jdk.internal.reflect.GeneratedMethodAccessor100.invoke(Unknown Source)&#10;at java.base/jdk.internal.reflect.DelegatingMethodAccessorImpl.invoke(DelegatingMethodAccessorImpl.java:43)&#10;at java.base/java.lang.reflect.Method.invoke(Method.java:566)&#10;at org.glassfish.jersey.server.model.internal.ResourceMethodInvocationHandlerFactory$1.invoke(ResourceMethodInvocationHandlerFactory.java:81)&#10;at org.glassfish.jersey.server.model.internal.AbstractJavaResourceMethodDispatcher$1.run(AbstractJavaResourceMethodDispatcher.java:144)&#10;at org.glassfish.jersey.server.model.internal.AbstractJavaResourceMethodDispatcher.invoke(AbstractJavaResourceMethodDispatcher.java:161)&#10;at org.glassfish.jersey.server.model.internal.JavaResourceMethodDispatcherProvider$ResponseOutInvoker.doDispatch(JavaResourceMethodDispatcherProvider.java:160)&#10;at org.glassfish.jersey.server.model.internal.AbstractJavaResourceMethodDispatcher.dispatch(AbstractJavaResourceMethodDispatcher.java:99)&#10;at org.glassfish.jersey.server.model.ResourceMethodInvoker.invoke(ResourceMethodInvoker.java:389)&#10;at org.glassfish.jersey.server.model.ResourceMethodInvoker.apply(ResourceMethodInvoker.java:347)&#10;at org.glassfish.jersey.server.model.ResourceMethodInvoker.apply(ResourceMethodInvoker.java:102)&#10;at org.glassfish.jersey.server.ServerRuntime$2.run(ServerRuntime.java:326)&#10;at org.glassfish.jersey.internal.Errors$1.call(Errors.java:271)&#10;at org.glassfish.jersey.internal.Errors$1.call(Errors.java:267)&#10;at org.glassfish.jersey.internal.Errors.process(Errors.java:315)&#10;at org.glassfish.jersey.internal.Errors.process(Errors.java:297)&#10;at org.glassfish.jersey.internal.Errors.process(Errors.java:267)&#10;at org.glassfish.jersey.process.internal.RequestScope.runInScope(RequestScope.java:317)&#10;at org.glassfish.jersey.server.ServerRuntime.process(ServerRuntime.java:305)&#10;at org.glassfish.jersey.server.ApplicationHandler.handle(ApplicationHandler.java:1154)&#10;at org.glassfish.jersey.servlet.WebComponent.serviceImpl(WebComponent.java:473)&#10;at org.glassfish.jersey.servlet.WebComponent.service(WebComponent.java:427)&#10;at org.glassfish.jersey.servlet.ServletContainer.service(ServletContainer.java:388)&#10;at org.glassfish.jersey.servlet.ServletContainer.service(ServletContainer.java:341)&#10;at org.glassfish.jersey.servlet.ServletContainer.service(ServletContainer.java:228)&#10;at org.eclipse.jetty.servlet.ServletHolder.handle(ServletHolder.java:799)&#10;at org.eclipse.jetty.servlet.ServletHandler$ChainEnd.doFilter(ServletHandler.java:1631)&#10;at io.dropwizard.servlets.ThreadNameFilter.doFilter(ThreadNameFilter.java:35)&#10;at org.eclipse.jetty.servlet.FilterHolder.doFilter(FilterHolder.java:193)&#10;at org.eclipse.jetty.servlet.ServletHandler$Chain.doFilter(ServletHandler.java:1601)&#10;at io.dropwizard.jersey.filter.AllowedMethodsFilter.handle(AllowedMethodsFilter.java:45)&#10;at io.dropwizard.jersey.filter.AllowedMethodsFilter.doFilter(AllowedMethodsFilter.java:39)&#10;at org.eclipse.jetty.servlet.FilterHolder.doFilter(FilterHolder.java:193)&#10;at org.eclipse.jetty.servlet.ServletHandler$Chain.doFilter(ServletHandler.java:1601)&#10;at org.finos.legend.server.pac4j.internal.UsernameFilter.doFilter(UsernameFilter.java:51)&#10;at org.eclipse.jetty.servlet.FilterHolder.doFilter(FilterHolder.java:193)&#10;at org.eclipse.jetty.servlet.ServletHandler$Chain.doFilter(ServletHandler.java:1601)&#10;at org.pac4j.j2e.filter.SecurityFilter.lambda$internalFilter$0(SecurityFilter.java:95)&#10;at org.pac4j.core.engine.DefaultSecurityLogic.perform(DefaultSecurityLogic.java:140)&#10;at org.pac4j.j2e.filter.SecurityFilter.internalFilter(SecurityFilter.java:93)&#10;at org.pac4j.j2e.filter.AbstractConfigFilter.doFilter(AbstractConfigFilter.java:81)&#10;at org.eclipse.jetty.servlet.FilterHolder.doFilter(FilterHolder.java:193)&#10;at org.eclipse.jetty.servlet.ServletHandler$Chain.doFilter(ServletHandler.java:1601)&#10;at org.eclipse.jetty.servlet.ServletHandler.doHandle(ServletHandler.java:548)&#10;at org.eclipse.jetty.server.handler.ScopedHandler.nextHandle(ScopedHandler.java:233)&#10;at org.eclipse.jetty.server.session.SessionHandler.doHandle(SessionHandler.java:1624)&#10;at org.eclipse.jetty.server.handler.ScopedHandler.nextHandle(ScopedHandler.java:233)&#10;at org.eclipse.jetty.server.handler.ContextHandler.doHandle(ContextHandler.java:1434)&#10;at org.eclipse.jetty.server.handler.ScopedHandler.nextScope(ScopedHandler.java:188)&#10;at org.eclipse.jetty.servlet.ServletHandler.doScope(ServletHandler.java:501)&#10;at org.eclipse.jetty.server.session.SessionHandler.doScope(SessionHandler.java:1594)&#10;at org.eclipse.jetty.server.handler.ScopedHandler.nextScope(ScopedHandler.java:186)&#10;at org.eclipse.jetty.server.handler.ContextHandler.doScope(ContextHandler.java:1349)&#10;at org.eclipse.jetty.server.handler.ScopedHandler.handle(ScopedHandler.java:141)&#10;at org.eclipse.jetty.server.handler.HandlerWrapper.handle(HandlerWrapper.java:127)&#10;at com.codahale.metrics.jetty9.InstrumentedHandler.handle(InstrumentedHandler.java:313)&#10;at io.dropwizard.jetty.ContextRoutingHandler.handle(ContextRoutingHandler.java:37)&#10;at org.eclipse.jetty.server.handler.gzip.GzipHandler.handle(GzipHandler.java:713)&#10;at io.dropwizard.jetty.BiDiGzipHandler.handle(BiDiGzipHandler.java:67)&#10;at org.eclipse.jetty.server.handler.StatisticsHandler.handle(StatisticsHandler.java:179)&#10;at org.eclipse.jetty.server.handler.HandlerWrapper.handle(HandlerWrapper.java:127)&#10;at org.eclipse.jetty.server.Server.handle(Server.java:516)&#10;at org.eclipse.jetty.server.HttpChannel.lambda$handle$1(HttpChannel.java:400)&#10;at org.eclipse.jetty.server.HttpChannel.dispatch(HttpChannel.java:645)&#10;at org.eclipse.jetty.server.HttpChannel.handle(HttpChannel.java:392)&#10;at org.eclipse.jetty.server.HttpConnection.onFillable(HttpConnection.java:277)&#10;at org.eclipse.jetty.io.AbstractConnection$ReadCallback.succeeded(AbstractConnection.java:311)&#10;at org.eclipse.jetty.io.FillInterest.fillable(FillInterest.java:105)&#10;at org.eclipse.jetty.io.ChannelEndPoint$1.run(ChannelEndPoint.java:104)&#10;at org.eclipse.jetty.util.thread.strategy.EatWhatYouKill.runTask(EatWhatYouKill.java:338)&#10;at org.eclipse.jetty.util.thread.strategy.EatWhatYouKill.doProduce(EatWhatYouKill.java:315)&#10;at org.eclipse.jetty.util.thread.strategy.EatWhatYouKill.tryProduce(EatWhatYouKill.java:173)&#10;at org.eclipse.jetty.util.thread.strategy.EatWhatYouKill.run(EatWhatYouKill.java:131)&#10;at org.eclipse.jetty.util.thread.ReservedThreadExecutor$ReservedThread.run(ReservedThreadExecutor.java:409)&#10;at org.eclipse.jetty.util.thread.QueuedThreadPool.runJob(QueuedThreadPool.java:883)&#10;at org.eclipse.jetty.util.thread.QueuedThreadPool$Runner.run(QueuedThreadPool.java:1034)&#10;at java.base/java.lang.Thread.run(Thread.java:829)&#10;Caused by: net.snowflake.client.jdbc.SnowflakeSQLException: SQL compilation error:&#10;Object &apos;PERSONTABLE&apos; does not exist or not authorized.&#10;at net.snowflake.client.jdbc.SnowflakeUtil.checkErrorAndThrowExceptionSub(SnowflakeUtil.java:127)&#10;at net.snowflake.client.jdbc.SnowflakeUtil.checkErrorAndThrowException(SnowflakeUtil.java:67)&#10;at net.snowflake.client.core.StmtUtil.pollForOutput(StmtUtil.java:442)&#10;at net.snowflake.client.core.StmtUtil.execute(StmtUtil.java:345)&#10;at net.snowflake.client.core.SFStatement.executeHelper(SFStatement.java:486)&#10;at net.snowflake.client.core.SFStatement.executeQueryInternal(SFStatement.java:197)&#10;at net.snowflake.client.core.SFStatement.executeQuery(SFStatement.java:134)&#10;at net.snowflake.client.core.SFStatement.execute(SFStatement.java:743)&#10;at net.snowflake.client.core.SFStatement.execute(SFStatement.java:639)&#10;at net.snowflake.client.jdbc.SnowflakeStatementV1.executeQueryInternal(SnowflakeStatementV1.java:238)&#10;at net.snowflake.client.jdbc.SnowflakeStatementV1.executeQuery(SnowflakeStatementV1.java:133)&#10;at com.zaxxer.hikari.pool.ProxyStatement.executeQuery(ProxyStatement.java:110)&#10;at com.zaxxer.hikari.pool.HikariProxyStatement.executeQuery(HikariProxyStatement.java)&#10;at org.finos.legend.engine.plan.execution.stores.relational.result.SQLExecutionResult.&lt;init&gt;(SQLExecutionResult.java:95)&#10;... 101 more&#10;&quot;}&apos;&quot;" type="Assert failure at (resource"><![CDATA[Assert failure at (resource:/platform/pure/basics/tests/assertEq.pure line:34 column:5), "500 '{"code":-1,"message":"SnowflakeSQLException: SQL compilation error:
Object 'PERSONTABLE' does not exist or not authorized.","status":"error","trace":"java.lang.RuntimeException: net.snowflake.client.jdbc.SnowflakeSQLException: SQL compilation error:
Object 'PERSONTABLE' does not exist or not authorized.
at org.finos.legend.engine.plan.execution.stores.relational.result.SQLExecutionResult.<init>(SQLExecutionResult.java:123)
at org.finos.legend.engine.plan.execution.stores.relational.RelationalExecutor.execute(RelationalExecutor.java:241)
at org.finos.legend.engine.plan.execution.stores.relational.plugin.RelationalExecutionNodeExecutor.visit(RelationalExecutionNodeExecutor.java:238)
at org.finos.legend.engine.plan.execution.stores.relational.plugin.RelationalExecutionNodeExecutor.visit(RelationalExecutionNodeExecutor.java:252)
at org.finos.legend.engine.plan.execution.stores.relational.plugin.RelationalExecutionNodeExecutor.visit(RelationalExecutionNodeExecutor.java:92)
at org.finos.legend.engine.protocol.pure.v1.model.executionPlan.nodes.RelationalTdsInstantiationExecutionNode.accept(RelationalTdsInstantiationExecutionNode.java:22)
at org.finos.legend.engine.plan.execution.stores.relational.RelationalExecutionExtension.lambda$getExtraNodeExecutors$fbe53481$1(RelationalExecutionExtension.java:50)
at org.finos.legend.engine.plan.execution.nodes.ExecutionNodeExecutor.lambda$visit$0(ExecutionNodeExecutor.java:164)
at java.base/java.util.stream.ReferencePipeline$3$1.accept(ReferencePipeline.java:195)
at java.base/java.util.Spliterators$ArraySpliterator.tryAdvance(Spliterators.java:958)
at java.base/java.util.stream.ReferencePipeline.forEachWithCancel(ReferencePipeline.java:127)
at java.base/java.util.stream.AbstractPipeline.copyIntoWithCancel(AbstractPipeline.java:502)
at java.base/java.util.stream.AbstractPipeline.copyInto(AbstractPipeline.java:488)
at java.base/java.util.stream.AbstractPipeline.wrapAndCopyInto(AbstractPipeline.java:474)
at java.base/java.util.stream.FindOps$FindOp.evaluateSequential(FindOps.java:150)
at java.base/java.util.stream.AbstractPipeline.evaluate(AbstractPipeline.java:234)
at java.base/java.util.stream.ReferencePipeline.findFirst(ReferencePipeline.java:543)
at org.finos.legend.engine.plan.execution.nodes.ExecutionNodeExecutor.visit(ExecutionNodeExecutor.java:164)
at org.finos.legend.engine.plan.execution.nodes.ExecutionNodeExecutor.visit(ExecutionNodeExecutor.java:107)
at org.finos.legend.engine.protocol.pure.v1.model.executionPlan.nodes.RelationalTdsInstantiationExecutionNode.accept(RelationalTdsInstantiationExecutionNode.java:22)
at org.finos.legend.engine.plan.execution.PlanExecutor.execute(PlanExecutor.java:238)
at org.finos.legend.engine.plan.execution.PlanExecutor.execute(PlanExecutor.java:225)
at org.finos.legend.engine.plan.execution.api.ExecutePlan.doExecutePlanLegacy(ExecutePlan.java:102)
at org.finos.legend.engine.plan.execution.api.ExecutePlan.doExecutePlan(ExecutePlan.java:84)
at org.finos.legend.engine.plan.execution.api.ExecutePlanLegacy.executePlan(ExecutePlanLegacy.java:56)
at jdk.internal.reflect.GeneratedMethodAccessor100.invoke(Unknown Source)
at java.base/jdk.internal.reflect.DelegatingMethodAccessorImpl.invoke(DelegatingMethodAccessorImpl.java:43)
at java.base/java.lang.reflect.Method.invoke(Method.java:566)
at org.glassfish.jersey.server.model.internal.ResourceMethodInvocationHandlerFactory$1.invoke(ResourceMethodInvocationHandlerFactory.java:81)
at org.glassfish.jersey.server.model.internal.AbstractJavaResourceMethodDispatcher$1.run(AbstractJavaResourceMethodDispatcher.java:144)
at org.glassfish.jersey.server.model.internal.AbstractJavaResourceMethodDispatcher.invoke(AbstractJavaResourceMethodDispatcher.java:161)
at org.glassfish.jersey.server.model.internal.JavaResourceMethodDispatcherProvider$ResponseOutInvoker.doDispatch(JavaResourceMethodDispatcherProvider.java:160)
at org.glassfish.jersey.server.model.internal.AbstractJavaResourceMethodDispatcher.dispatch(AbstractJavaResourceMethodDispatcher.java:99)
at org.glassfish.jersey.server.model.ResourceMethodInvoker.invoke(ResourceMethodInvoker.java:389)
at org.glassfish.jersey.server.model.ResourceMethodInvoker.apply(ResourceMethodInvoker.java:347)
at org.glassfish.jersey.server.model.ResourceMethodInvoker.apply(ResourceMethodInvoker.java:102)
at org.glassfish.jersey.server.ServerRuntime$2.run(ServerRuntime.java:326)
at org.glassfish.jersey.internal.Errors$1.call(Errors.java:271)
at org.glassfish.jersey.internal.Errors$1.call(Errors.java:267)
at org.glassfish.jersey.internal.Errors.process(Errors.java:315)
at org.glassfish.jersey.internal.Errors.process(Errors.java:297)
at org.glassfish.jersey.internal.Errors.process(Errors.java:267)
at org.glassfish.jersey.process.internal.RequestScope.runInScope(RequestScope.java:317)
at org.glassfish.jersey.server.ServerRuntime.process(ServerRuntime.java:305)
at org.glassfish.jersey.server.ApplicationHandler.handle(ApplicationHandler.java:1154)
at org.glassfish.jersey.servlet.WebComponent.serviceImpl(WebComponent.java:473)
at org.glassfish.jersey.servlet.WebComponent.service(WebComponent.java:427)
at org.glassfish.jersey.servlet.ServletContainer.service(ServletContainer.java:388)
at org.glassfish.jersey.servlet.ServletContainer.service(ServletContainer.java:341)
at org.glassfish.jersey.servlet.ServletContainer.service(ServletContainer.java:228)
at org.eclipse.jetty.servlet.ServletHolder.handle(ServletHolder.java:799)
at org.eclipse.jetty.servlet.ServletHandler$ChainEnd.doFilter(ServletHandler.java:1631)
at io.dropwizard.servlets.ThreadNameFilter.doFilter(ThreadNameFilter.java:35)
at org.eclipse.jetty.servlet.FilterHolder.doFilter(FilterHolder.java:193)
at org.eclipse.jetty.servlet.ServletHandler$Chain.doFilter(ServletHandler.java:1601)
at io.dropwizard.jersey.filter.AllowedMethodsFilter.handle(AllowedMethodsFilter.java:45)
at io.dropwizard.jersey.filter.AllowedMethodsFilter.doFilter(AllowedMethodsFilter.java:39)
at org.eclipse.jetty.servlet.FilterHolder.doFilter(FilterHolder.java:193)
at org.eclipse.jetty.servlet.ServletHandler$Chain.doFilter(ServletHandler.java:1601)
at org.finos.legend.server.pac4j.internal.UsernameFilter.doFilter(UsernameFilter.java:51)
at org.eclipse.jetty.servlet.FilterHolder.doFilter(FilterHolder.java:193)
at org.eclipse.jetty.servlet.ServletHandler$Chain.doFilter(ServletHandler.java:1601)
at org.pac4j.j2e.filter.SecurityFilter.lambda$internalFilter$0(SecurityFilter.java:95)
at org.pac4j.core.engine.DefaultSecurityLogic.perform(DefaultSecurityLogic.java:140)
at org.pac4j.j2e.filter.SecurityFilter.internalFilter(SecurityFilter.java:93)
at org.pac4j.j2e.filter.AbstractConfigFilter.doFilter(AbstractConfigFilter.java:81)
at org.eclipse.jetty.servlet.FilterHolder.doFilter(FilterHolder.java:193)
at org.eclipse.jetty.servlet.ServletHandler$Chain.doFilter(ServletHandler.java:1601)
at org.eclipse.jetty.servlet.ServletHandler.doHandle(ServletHandler.java:548)
at org.eclipse.jetty.server.handler.ScopedHandler.nextHandle(ScopedHandler.java:233)
at org.eclipse.jetty.server.session.SessionHandler.doHandle(SessionHandler.java:1624)
at org.eclipse.jetty.server.handler.ScopedHandler.nextHandle(ScopedHandler.java:233)
at org.eclipse.jetty.server.handler.ContextHandler.doHandle(ContextHandler.java:1434)
at org.eclipse.jetty.server.handler.ScopedHandler.nextScope(ScopedHandler.java:188)
at org.eclipse.jetty.servlet.ServletHandler.doScope(ServletHandler.java:501)
at org.eclipse.jetty.server.session.SessionHandler.doScope(SessionHandler.java:1594)
at org.eclipse.jetty.server.handler.ScopedHandler.nextScope(ScopedHandler.java:186)
at org.eclipse.jetty.server.handler.ContextHandler.doScope(ContextHandler.java:1349)
at org.eclipse.jetty.server.handler.ScopedHandler.handle(ScopedHandler.java:141)
at org.eclipse.jetty.server.handler.HandlerWrapper.handle(HandlerWrapper.java:127)
at com.codahale.metrics.jetty9.InstrumentedHandler.handle(InstrumentedHandler.java:313)
at io.dropwizard.jetty.ContextRoutingHandler.handle(ContextRoutingHandler.java:37)
at org.eclipse.jetty.server.handler.gzip.GzipHandler.handle(GzipHandler.java:713)
at io.dropwizard.jetty.BiDiGzipHandler.handle(BiDiGzipHandler.java:67)
at org.eclipse.jetty.server.handler.StatisticsHandler.handle(StatisticsHandler.java:179)
at org.eclipse.jetty.server.handler.HandlerWrapper.handle(HandlerWrapper.java:127)
at org.eclipse.jetty.server.Server.handle(Server.java:516)
at org.eclipse.jetty.server.HttpChannel.lambda$handle$1(HttpChannel.java:400)
at org.eclipse.jetty.server.HttpChannel.dispatch(HttpChannel.java:645)
at org.eclipse.jetty.server.HttpChannel.handle(HttpChannel.java:392)
at org.eclipse.jetty.server.HttpConnection.onFillable(HttpConnection.java:277)
at org.eclipse.jetty.io.AbstractConnection$ReadCallback.succeeded(AbstractConnection.java:311)
at org.eclipse.jetty.io.FillInterest.fillable(FillInterest.java:105)
at org.eclipse.jetty.io.ChannelEndPoint$1.run(ChannelEndPoint.java:104)
at org.eclipse.jetty.util.thread.strategy.EatWhatYouKill.runTask(EatWhatYouKill.java:338)
at org.eclipse.jetty.util.thread.strategy.EatWhatYouKill.doProduce(EatWhatYouKill.java:315)
at org.eclipse.jetty.util.thread.strategy.EatWhatYouKill.tryProduce(EatWhatYouKill.java:173)
at org.eclipse.jetty.util.thread.strategy.EatWhatYouKill.run(EatWhatYouKill.java:131)
at org.eclipse.jetty.util.thread.ReservedThreadExecutor$ReservedThread.run(ReservedThreadExecutor.java:409)
at org.eclipse.jetty.util.thread.QueuedThreadPool.runJob(QueuedThreadPool.java:883)
at org.eclipse.jetty.util.thread.QueuedThreadPool$Runner.run(QueuedThreadPool.java:1034)
at java.base/java.lang.Thread.run(Thread.java:829)
Caused by: net.snowflake.client.jdbc.SnowflakeSQLException: SQL compilation error:
Object 'PERSONTABLE' does not exist or not authorized.
at net.snowflake.client.jdbc.SnowflakeUtil.checkErrorAndThrowExceptionSub(SnowflakeUtil.java:127)
at net.snowflake.client.jdbc.SnowflakeUtil.checkErrorAndThrowException(SnowflakeUtil.java:67)
at net.snowflake.client.core.StmtUtil.pollForOutput(StmtUtil.java:442)
at net.snowflake.client.core.StmtUtil.execute(StmtUtil.java:345)
at net.snowflake.client.core.SFStatement.executeHelper(SFStatement.java:486)
at net.snowflake.client.core.SFStatement.executeQueryInternal(SFStatement.java:197)
at net.snowflake.client.core.SFStatement.executeQuery(SFStatement.java:134)
at net.snowflake.client.core.SFStatement.execute(SFStatement.java:743)
at net.snowflake.client.core.SFStatement.execute(SFStatement.java:639)
at net.snowflake.client.jdbc.SnowflakeStatementV1.executeQueryInternal(SnowflakeStatementV1.java:238)
at net.snowflake.client.jdbc.SnowflakeStatementV1.executeQuery(SnowflakeStatementV1.java:133)
at com.zaxxer.hikari.pool.ProxyStatement.executeQuery(ProxyStatement.java:110)
at com.zaxxer.hikari.pool.HikariProxyStatement.executeQuery(HikariProxyStatement.java)
at org.finos.legend.engine.plan.execution.stores.relational.result.SQLExecutionResult.<init>(SQLExecutionResult.java:95)
... 101 more
"}'"
	at org.finos.legend.pure.runtime.java.compiled.generation.processors.support.CompiledSupport.pureAssert(CompiledSupport.java:1994)
	at org.finos.legend.pure.generated.platform_pure_basics_tests_assertEq.Root_meta_pure_functions_asserts_assertEq_Any_1__Any_1__Function_1__Boolean_1_(platform_pure_basics_tests_assertEq.java:44)
	at org.finos.legend.pure.generated.core_pure_protocol_vX_X_X_invocations_execution.Root_meta_protocols_pure_vX_X_X_invocation_execution_execute_executePlan_String_1__String_1__Integer_1__String_1_(core_pure_protocol_vX_X_X_invocations_execution.java:751)
	at org.finos.legend.pure.generated.core_pure_protocol_vX_X_X_invocations_execution.Root_meta_protocols_pure_vX_X_X_invocation_execution_execute_executePlan_ExecutionPlan_1__String_1__Integer_1__Extension_MANY__String_1_(core_pure_protocol_vX_X_X_invocations_execution.java:745)
	at org.finos.legend.pure.generated.core_pure_protocol_vX_X_X_invocations_execution.Root_meta_protocols_pure_vX_X_X_invocation_execution_execute_executePlan_ExecutionPlan_1__ExecutionContext_$0_1$__String_1__Integer_1__Extension_MANY__Result_1_(core_pure_protocol_vX_X_X_invocations_execution.java:738)
	at jdk.internal.reflect.GeneratedMethodAccessor96.invoke(Unknown Source)
	at java.base/jdk.internal.reflect.DelegatingMethodAccessorImpl.invoke(DelegatingMethodAccessorImpl.java:43)
	at java.base/java.lang.reflect.Method.invoke(Method.java:566)
	at org.finos.legend.pure.runtime.java.compiled.metadata.JavaMethodWithParamsSharedPureFunction.execute(JavaMethodWithParamsSharedPureFunction.java:59)
	at org.finos.legend.pure.runtime.java.compiled.generation.processors.support.Pure._evaluateToMany(Pure.java:546)
	at org.finos.legend.pure.generated.CoreGen.evaluateToMany(CoreGen.java:147)
	at org.finos.legend.pure.generated.CoreGen.evaluateToMany(CoreGen.java:134)
	at org.finos.legend.pure.generated.core_pure_router_router_entry$9$1.value(core_pure_router_router_entry.java:318)
	at org.finos.legend.pure.generated.core_pure_router_router_entry$9$1.execute(core_pure_router_router_entry.java:311)
	at org.finos.legend.pure.generated.core_pure_router_router_entry$9$1.execute(core_pure_router_router_entry.java:307)
	at org.finos.legend.pure.runtime.java.compiled.generation.processors.support.Pure.evaluate(Pure.java:485)
	at org.finos.legend.pure.runtime.java.compiled.generation.processors.support.Pure.legendTest(Pure.java:216)
	at org.finos.legend.pure.generated.CoreGen.legendTest(CoreGen.java:61)
	at org.finos.legend.pure.generated.core_pure_router_router_entry$9.valueOf(core_pure_router_router_entry.java:303)
	at org.finos.legend.pure.generated.core_pure_router_router_entry$9.execute(core_pure_router_router_entry.java:298)
	at org.finos.legend.pure.generated.core_pure_router_router_entry$9.execute(core_pure_router_router_entry.java:294)
	at org.finos.legend.pure.runtime.java.compiled.generation.processors.support.Pure.evaluate(Pure.java:485)
	at org.finos.legend.pure.runtime.java.compiled.generation.processors.support.Pure.traceSpan(Pure.java:1482)
	at org.finos.legend.pure.generated.CoreGen.traceSpan(CoreGen.java:203)
	at org.finos.legend.pure.generated.core_pure_router_router_entry.Root_meta_pure_router_executePlan_ExecutionPlan_1__ExecutionContext_1__Extension_MANY__Result_$0_1$_(core_pure_router_router_entry.java:290)
	at org.finos.legend.pure.generated.core_pure_router_router_entry.Root_meta_pure_router_executePlan_ExecutionPlan_1__Extension_MANY__Result_$0_1$_(core_pure_router_router_entry.java:285)
	at org.finos.legend.pure.generated.core_relational_relational_sqlQueryToString_dbTestRunner_executionPlanTestRunner$19.execute(core_relational_relational_sqlQueryToString_dbTestRunner_executionPlanTestRunner.java:305)
	at org.finos.legend.pure.generated.core_relational_relational_sqlQueryToString_dbTestRunner_executionPlanTestRunner.Root_meta_relational_dbTestRunner_executeViaPlan_FunctionDefinition_1__Mapping_1__Database_1__DbTestConfig_1__Extension_MANY__Result_$0_1$_(core_relational_relational_sqlQueryToString_dbTestRunner_executionPlanTestRunner.java:309)
	at org.finos.legend.pure.generated.core_relational_relational_sqlQueryToString_testSuite_selectSubClauses_union.Root_meta_relational_tests_dbSpecificTests_sqlQueryTests_selectSubClauses_union_testConcatenateWithPostOperation_DbTestConfig_1__Boolean_1_(core_relational_relational_sqlQueryToString_testSuite_selectSubClauses_union.java:367)
	at java.base/jdk.internal.reflect.NativeMethodAccessorImpl.invoke0(Native Method)
	at java.base/jdk.internal.reflect.NativeMethodAccessorImpl.invoke(NativeMethodAccessorImpl.java:62)
	at java.base/jdk.internal.reflect.DelegatingMethodAccessorImpl.invoke(DelegatingMethodAccessorImpl.java:43)
	at java.base/java.lang.reflect.Method.invoke(Method.java:566)
	at org.finos.legend.pure.runtime.java.compiled.testHelper.PureTestBuilderCompiled.executeFn(PureTestBuilderCompiled.java:113)
	at org.finos.legend.pure.runtime.java.compiled.testHelper.PureTestBuilderCompiled.lambda$buildSuite$0(PureTestBuilderCompiled.java:79)
	at org.finos.legend.pure.m3.execution.test.PureTestBuilder$PureTestCase.runTest(PureTestBuilder.java:95)
	at junit.framework.TestCase.runBare(TestCase.java:142)
	at org.finos.legend.engine.server.test.shared.Relational_DbSpecific_UsingPureClientTestSuite$2.runTest(Relational_DbSpecific_UsingPureClientTestSuite.java:90)
	at junit.framework.TestCase.runBare(TestCase.java:142)
	at junit.framework.TestResult$1.protect(TestResult.java:122)
	at junit.framework.TestResult.runProtected(TestResult.java:142)
	at junit.framework.TestResult.run(TestResult.java:125)
	at junit.framework.TestCase.run(TestCase.java:130)
	at junit.framework.TestSuite.runTest(TestSuite.java:241)
	at junit.framework.TestSuite.run(TestSuite.java:236)
	at junit.framework.TestSuite.runTest(TestSuite.java:241)
	at junit.framework.TestSuite.run(TestSuite.java:236)
	at junit.framework.TestSuite.runTest(TestSuite.java:241)
	at junit.framework.TestSuite.run(TestSuite.java:236)
	at junit.framework.TestSuite.runTest(TestSuite.java:241)
	at junit.framework.TestSuite.run(TestSuite.java:236)
	at junit.framework.TestSuite.runTest(TestSuite.java:241)
	at junit.framework.TestSuite.run(TestSuite.java:236)
	at junit.extensions.TestDecorator.basicRun(TestDecorator.java:24)
	at junit.extensions.TestSetup$1.protect(TestSetup.java:23)
	at junit.framework.TestResult.runProtected(TestResult.java:142)
	at junit.extensions.TestSetup.run(TestSetup.java:27)
	at org.junit.internal.runners.JUnit38ClassRunner.run(JUnit38ClassRunner.java:90)
	at org.apache.maven.surefire.junit4.JUnit4Provider.execute(JUnit4Provider.java:365)
	at org.apache.maven.surefire.junit4.JUnit4Provider.executeWithRerun(JUnit4Provider.java:273)
	at org.apache.maven.surefire.junit4.JUnit4Provider.executeTestSet(JUnit4Provider.java:238)
	at org.apache.maven.surefire.junit4.JUnit4Provider.invoke(JUnit4Provider.java:159)
	at org.apache.maven.surefire.booter.ForkedBooter.invokeProviderInSameClassLoader(ForkedBooter.java:384)
	at org.apache.maven.surefire.booter.ForkedBooter.runSuitesInProcess(ForkedBooter.java:345)
	at org.apache.maven.surefire.booter.ForkedBooter.execute(ForkedBooter.java:126)
	at org.apache.maven.surefire.booter.ForkedBooter.main(ForkedBooter.java:418)
]]></error>
    <system-out><![CDATA[Running db test selectSubClauses::union::testConcatenateWithPostOperation
{"duration":0.0,"eventType":"EXECUTION_PLAN_EXEC_ERROR","info":{"code":-1,"message":"SnowflakeSQLException: SQL compilation error:\nObject 'PERSONTABLE' does not exist or not authorized.","status":"error","trace":"java.lang.RuntimeException: net.snowflake.client.jdbc.SnowflakeSQLException: SQL compilation error:\nObject 'PERSONTABLE' does not exist or not authorized.\n\tat org.finos.legend.engine.plan.execution.stores.relational.result.SQLExecutionResult.<init>(SQLExecutionResult.java:123)\n\tat org.finos.legend.engine.plan.execution.stores.relational.RelationalExecutor.execute(RelationalExecutor.java:241)\n\tat org.finos.legend.engine.plan.execution.stores.relational.plugin.RelationalExecutionNodeExecutor.visit(RelationalExecutionNodeExecutor.java:238)\n\tat org.finos.legend.engine.plan.execution.stores.relational.plugin.RelationalExecutionNodeExecutor.visit(RelationalExecutionNodeExecutor.java:252)\n\tat org.finos.legend.engine.plan.execution.stores.relational.plugin.RelationalExecutionNodeExecutor.visit(RelationalExecutionNodeExecutor.java:92)\n\tat org.finos.legend.engine.protocol.pure.v1.model.executionPlan.nodes.RelationalTdsInstantiationExecutionNode.accept(RelationalTdsInstantiationExecutionNode.java:22)\n\tat org.finos.legend.engine.plan.execution.stores.relational.RelationalExecutionExtension.lambda$getExtraNodeExecutors$fbe53481$1(RelationalExecutionExtension.java:50)\n\tat org.finos.legend.engine.plan.execution.nodes.ExecutionNodeExecutor.lambda$visit$0(ExecutionNodeExecutor.java:164)\n\tat java.base/java.util.stream.ReferencePipeline$3$1.accept(ReferencePipeline.java:195)\n\tat java.base/java.util.Spliterators$ArraySpliterator.tryAdvance(Spliterators.java:958)\n\tat java.base/java.util.stream.ReferencePipeline.forEachWithCancel(ReferencePipeline.java:127)\n\tat java.base/java.util.stream.AbstractPipeline.copyIntoWithCancel(AbstractPipeline.java:502)\n\tat java.base/java.util.stream.AbstractPipeline.copyInto(AbstractPipeline.java:488)\n\tat java.base/java.util.stream.AbstractPipeline.wrapAndCopyInto(AbstractPipeline.java:474)\n\tat java.base/java.util.stream.FindOps$FindOp.evaluateSequential(FindOps.java:150)\n\tat java.base/java.util.stream.AbstractPipeline.evaluate(AbstractPipeline.java:234)\n\tat java.base/java.util.stream.ReferencePipeline.findFirst(ReferencePipeline.java:543)\n\tat org.finos.legend.engine.plan.execution.nodes.ExecutionNodeExecutor.visit(ExecutionNodeExecutor.java:164)\n\tat org.finos.legend.engine.plan.execution.nodes.ExecutionNodeExecutor.visit(ExecutionNodeExecutor.java:107)\n\tat org.finos.legend.engine.protocol.pure.v1.model.executionPlan.nodes.RelationalTdsInstantiationExecutionNode.accept(RelationalTdsInstantiationExecutionNode.java:22)\n\tat org.finos.legend.engine.plan.execution.PlanExecutor.execute(PlanExecutor.java:238)\n\tat org.finos.legend.engine.plan.execution.PlanExecutor.execute(PlanExecutor.java:225)\n\tat org.finos.legend.engine.plan.execution.api.ExecutePlan.doExecutePlanLegacy(ExecutePlan.java:102)\n\tat org.finos.legend.engine.plan.execution.api.ExecutePlan.doExecutePlan(ExecutePlan.java:84)\n\tat org.finos.legend.engine.plan.execution.api.ExecutePlanLegacy.executePlan(ExecutePlanLegacy.java:56)\n\tat jdk.internal.reflect.GeneratedMethodAccessor100.invoke(Unknown Source)\n\tat java.base/jdk.internal.reflect.DelegatingMethodAccessorImpl.invoke(DelegatingMethodAccessorImpl.java:43)\n\tat java.base/java.lang.reflect.Method.invoke(Method.java:566)\n\tat org.glassfish.jersey.server.model.internal.ResourceMethodInvocationHandlerFactory$1.invoke(ResourceMethodInvocationHandlerFactory.java:81)\n\tat org.glassfish.jersey.server.model.internal.AbstractJavaResourceMethodDispatcher$1.run(AbstractJavaResourceMethodDispatcher.java:144)\n\tat org.glassfish.jersey.server.model.internal.AbstractJavaResourceMethodDispatcher.invoke(AbstractJavaResourceMethodDispatcher.java:161)\n\tat org.glassfish.jersey.server.model.internal.JavaResourceMethodDispatcherProvider$ResponseOutInvoker.doDispatch(JavaResourceMethodDispatcherProvider.java:160)\n\tat org.glassfish.jersey.server.model.internal.AbstractJavaResourceMethodDispatcher.dispatch(AbstractJavaResourceMethodDispatcher.java:99)\n\tat org.glassfish.jersey.server.model.ResourceMethodInvoker.invoke(ResourceMethodInvoker.java:389)\n\tat org.glassfish.jersey.server.model.ResourceMethodInvoker.apply(ResourceMethodInvoker.java:347)\n\tat org.glassfish.jersey.server.model.ResourceMethodInvoker.apply(ResourceMethodInvoker.java:102)\n\tat org.glassfish.jersey.server.ServerRuntime$2.run(ServerRuntime.java:326)\n\tat org.glassfish.jersey.internal.Errors$1.call(Errors.java:271)\n\tat org.glassfish.jersey.internal.Errors$1.call(Errors.java:267)\n\tat org.glassfish.jersey.internal.Errors.process(Errors.java:315)\n\tat org.glassfish.jersey.internal.Errors.process(Errors.java:297)\n\tat org.glassfish.jersey.internal.Errors.process(Errors.java:267)\n\tat org.glassfish.jersey.process.internal.RequestScope.runInScope(RequestScope.java:317)\n\tat org.glassfish.jersey.server.ServerRuntime.process(ServerRuntime.java:305)\n\tat org.glassfish.jersey.server.ApplicationHandler.handle(ApplicationHandler.java:1154)\n\tat org.glassfish.jersey.servlet.WebComponent.serviceImpl(WebComponent.java:473)\n\tat org.glassfish.jersey.servlet.WebComponent.service(WebComponent.java:427)\n\tat org.glassfish.jersey.servlet.ServletContainer.service(ServletContainer.java:388)\n\tat org.glassfish.jersey.servlet.ServletContainer.service(ServletContainer.java:341)\n\tat org.glassfish.jersey.servlet.ServletContainer.service(ServletContainer.java:228)\n\tat org.eclipse.jetty.servlet.ServletHolder.handle(ServletHolder.java:799)\n\tat org.eclipse.jetty.servlet.ServletHandler$ChainEnd.doFilter(ServletHandler.java:1631)\n\tat io.dropwizard.servlets.ThreadNameFilter.doFilter(ThreadNameFilter.java:35)\n\tat org.eclipse.jetty.servlet.FilterHolder.doFilter(FilterHolder.java:193)\n\tat org.eclipse.jetty.servlet.ServletHandler$Chain.doFilter(ServletHandler.java:1601)\n\tat io.dropwizard.jersey.filter.AllowedMethodsFilter.handle(AllowedMethodsFilter.java:45)\n\tat io.dropwizard.jersey.filter.AllowedMethodsFilter.doFilter(AllowedMethodsFilter.java:39)\n\tat org.eclipse.jetty.servlet.FilterHolder.doFilter(FilterHolder.java:193)\n\tat org.eclipse.jetty.servlet.ServletHandler$Chain.doFilter(ServletHandler.java:1601)\n\tat org.finos.legend.server.pac4j.internal.UsernameFilter.doFilter(UsernameFilter.java:51)\n\tat org.eclipse.jetty.servlet.FilterHolder.doFilter(FilterHolder.java:193)\n\tat org.eclipse.jetty.servlet.ServletHandler$Chain.doFilter(ServletHandler.java:1601)\n\tat org.pac4j.j2e.filter.SecurityFilter.lambda$internalFilter$0(SecurityFilter.java:95)\n\tat org.pac4j.core.engine.DefaultSecurityLogic.perform(DefaultSecurityLogic.java:140)\n\tat org.pac4j.j2e.filter.SecurityFilter.internalFilter(SecurityFilter.java:93)\n\tat org.pac4j.j2e.filter.AbstractConfigFilter.doFilter(AbstractConfigFilter.java:81)\n\tat org.eclipse.jetty.servlet.FilterHolder.doFilter(FilterHolder.java:193)\n\tat org.eclipse.jetty.servlet.ServletHandler$Chain.doFilter(ServletHandler.java:1601)\n\tat org.eclipse.jetty.servlet.ServletHandler.doHandle(ServletHandler.java:548)\n\tat org.eclipse.jetty.server.handler.ScopedHandler.nextHandle(ScopedHandler.java:233)\n\tat org.eclipse.jetty.server.session.SessionHandler.doHandle(SessionHandler.java:1624)\n\tat org.eclipse.jetty.server.handler.ScopedHandler.nextHandle(ScopedHandler.java:233)\n\tat org.eclipse.jetty.server.handler.ContextHandler.doHandle(ContextHandler.java:1434)\n\tat org.eclipse.jetty.server.handler.ScopedHandler.nextScope(ScopedHandler.java:188)\n\tat org.eclipse.jetty.servlet.ServletHandler.doScope(ServletHandler.java:501)\n\tat org.eclipse.jetty.server.session.SessionHandler.doScope(SessionHandler.java:1594)\n\tat org.eclipse.jetty.server.handler.ScopedHandler.nextScope(ScopedHandler.java:186)\n\tat org.eclipse.jetty.server.handler.ContextHandler.doScope(ContextHandler.java:1349)\n\tat org.eclipse.jetty.server.handler.ScopedHandler.handle(ScopedHandler.java:141)\n\tat org.eclipse.jetty.server.handler.HandlerWrapper.handle(HandlerWrapper.java:127)\n\tat com.codahale.metrics.jetty9.InstrumentedHandler.handle(InstrumentedHandler.java:313)\n\tat io.dropwizard.jetty.ContextRoutingHandler.handle(ContextRoutingHandler.java:37)\n\tat org.eclipse.jetty.server.handler.gzip.GzipHandler.handle(GzipHandler.java:713)\n\tat io.dropwizard.jetty.BiDiGzipHandler.handle(BiDiGzipHandler.java:67)\n\tat org.eclipse.jetty.server.handler.StatisticsHandler.handle(StatisticsHandler.java:179)\n\tat org.eclipse.jetty.server.handler.HandlerWrapper.handle(HandlerWrapper.java:127)\n\tat org.eclipse.jetty.server.Server.handle(Server.java:516)\n\tat org.eclipse.jetty.server.HttpChannel.lambda$handle$1(HttpChannel.java:400)\n\tat org.eclipse.jetty.server.HttpChannel.dispatch(HttpChannel.java:645)\n\tat org.eclipse.jetty.server.HttpChannel.handle(HttpChannel.java:392)\n\tat org.eclipse.jetty.server.HttpConnection.onFillable(HttpConnection.java:277)\n\tat org.eclipse.jetty.io.AbstractConnection$ReadCallback.succeeded(AbstractConnection.java:311)\n\tat org.eclipse.jetty.io.FillInterest.fillable(FillInterest.java:105)\n\tat org.eclipse.jetty.io.ChannelEndPoint$1.run(ChannelEndPoint.java:104)\n\tat org.eclipse.jetty.util.thread.strategy.EatWhatYouKill.runTask(EatWhatYouKill.java:338)\n\tat org.eclipse.jetty.util.thread.strategy.EatWhatYouKill.doProduce(EatWhatYouKill.java:315)\n\tat org.eclipse.jetty.util.thread.strategy.EatWhatYouKill.tryProduce(EatWhatYouKill.java:173)\n\tat org.eclipse.jetty.util.thread.strategy.EatWhatYouKill.run(EatWhatYouKill.java:131)\n\tat org.eclipse.jetty.util.thread.ReservedThreadExecutor$ReservedThread.run(ReservedThreadExecutor.java:409)\n\tat org.eclipse.jetty.util.thread.QueuedThreadPool.runJob(QueuedThreadPool.java:883)\n\tat org.eclipse.jetty.util.thread.QueuedThreadPool$Runner.run(QueuedThreadPool.java:1034)\n\tat java.base/java.lang.Thread.run(Thread.java:829)\nCaused by: net.snowflake.client.jdbc.SnowflakeSQLException: SQL compilation error:\nObject 'PERSONTABLE' does not exist or not authorized.\n\tat net.snowflake.client.jdbc.SnowflakeUtil.checkErrorAndThrowExceptionSub(SnowflakeUtil.java:127)\n\tat net.snowflake.client.jdbc.SnowflakeUtil.checkErrorAndThrowException(SnowflakeUtil.java:67)\n\tat net.snowflake.client.core.StmtUtil.pollForOutput(StmtUtil.java:442)\n\tat net.snowflake.client.core.StmtUtil.execute(StmtUtil.java:345)\n\tat net.snowflake.client.core.SFStatement.executeHelper(SFStatement.java:486)\n\tat net.snowflake.client.core.SFStatement.executeQueryInternal(SFStatement.java:197)\n\tat net.snowflake.client.core.SFStatement.executeQuery(SFStatement.java:134)\n\tat net.snowflake.client.core.SFStatement.execute(SFStatement.java:743)\n\tat net.snowflake.client.core.SFStatement.execute(SFStatement.java:639)\n\tat net.snowflake.client.jdbc.SnowflakeStatementV1.executeQueryInternal(SnowflakeStatementV1.java:238)\n\tat net.snowflake.client.jdbc.SnowflakeStatementV1.executeQuery(SnowflakeStatementV1.java:133)\n\tat com.zaxxer.hikari.pool.ProxyStatement.executeQuery(ProxyStatement.java:110)\n\tat com.zaxxer.hikari.pool.HikariProxyStatement.executeQuery(HikariProxyStatement.java)\n\tat org.finos.legend.engine.plan.execution.stores.relational.result.SQLExecutionResult.<init>(SQLExecutionResult.java:95)\n\t... 101 more\n"},"mode":"DEV","timeStamp":"2023-02-23 01:31:59.098","user":"_UNKNOWN_"}
| **selectSubClauses::union::testConcatenateWithPostOperation** | failing :x: |
]]></system-out>
  </testcase>
  <testcase name="testConcatenateWithPreOperation[Snowflake]" classname="org.finos.legend.engine.server.test.shared.Relational_DbSpecific_UsingPureClientTestSuite$2" time="0.234">
    <error message="Assert failure at (resource:/platform/pure/basics/tests/assertEq.pure line:34 column:5), &quot;500 &apos;{&quot;code&quot;:-1,&quot;message&quot;:&quot;SnowflakeSQLException: SQL compilation error:&#10;Object &apos;PERSONTABLE&apos; does not exist or not authorized.&quot;,&quot;status&quot;:&quot;error&quot;,&quot;trace&quot;:&quot;java.lang.RuntimeException: net.snowflake.client.jdbc.SnowflakeSQLException: SQL compilation error:&#10;Object &apos;PERSONTABLE&apos; does not exist or not authorized.&#10;at org.finos.legend.engine.plan.execution.stores.relational.result.SQLExecutionResult.&lt;init&gt;(SQLExecutionResult.java:123)&#10;at org.finos.legend.engine.plan.execution.stores.relational.RelationalExecutor.execute(RelationalExecutor.java:241)&#10;at org.finos.legend.engine.plan.execution.stores.relational.plugin.RelationalExecutionNodeExecutor.visit(RelationalExecutionNodeExecutor.java:238)&#10;at org.finos.legend.engine.plan.execution.stores.relational.plugin.RelationalExecutionNodeExecutor.visit(RelationalExecutionNodeExecutor.java:252)&#10;at org.finos.legend.engine.plan.execution.stores.relational.plugin.RelationalExecutionNodeExecutor.visit(RelationalExecutionNodeExecutor.java:92)&#10;at org.finos.legend.engine.protocol.pure.v1.model.executionPlan.nodes.RelationalTdsInstantiationExecutionNode.accept(RelationalTdsInstantiationExecutionNode.java:22)&#10;at org.finos.legend.engine.plan.execution.stores.relational.RelationalExecutionExtension.lambda$getExtraNodeExecutors$fbe53481$1(RelationalExecutionExtension.java:50)&#10;at org.finos.legend.engine.plan.execution.nodes.ExecutionNodeExecutor.lambda$visit$0(ExecutionNodeExecutor.java:164)&#10;at java.base/java.util.stream.ReferencePipeline$3$1.accept(ReferencePipeline.java:195)&#10;at java.base/java.util.Spliterators$ArraySpliterator.tryAdvance(Spliterators.java:958)&#10;at java.base/java.util.stream.ReferencePipeline.forEachWithCancel(ReferencePipeline.java:127)&#10;at java.base/java.util.stream.AbstractPipeline.copyIntoWithCancel(AbstractPipeline.java:502)&#10;at java.base/java.util.stream.AbstractPipeline.copyInto(AbstractPipeline.java:488)&#10;at java.base/java.util.stream.AbstractPipeline.wrapAndCopyInto(AbstractPipeline.java:474)&#10;at java.base/java.util.stream.FindOps$FindOp.evaluateSequential(FindOps.java:150)&#10;at java.base/java.util.stream.AbstractPipeline.evaluate(AbstractPipeline.java:234)&#10;at java.base/java.util.stream.ReferencePipeline.findFirst(ReferencePipeline.java:543)&#10;at org.finos.legend.engine.plan.execution.nodes.ExecutionNodeExecutor.visit(ExecutionNodeExecutor.java:164)&#10;at org.finos.legend.engine.plan.execution.nodes.ExecutionNodeExecutor.visit(ExecutionNodeExecutor.java:107)&#10;at org.finos.legend.engine.protocol.pure.v1.model.executionPlan.nodes.RelationalTdsInstantiationExecutionNode.accept(RelationalTdsInstantiationExecutionNode.java:22)&#10;at org.finos.legend.engine.plan.execution.PlanExecutor.execute(PlanExecutor.java:238)&#10;at org.finos.legend.engine.plan.execution.PlanExecutor.execute(PlanExecutor.java:225)&#10;at org.finos.legend.engine.plan.execution.api.ExecutePlan.doExecutePlanLegacy(ExecutePlan.java:102)&#10;at org.finos.legend.engine.plan.execution.api.ExecutePlan.doExecutePlan(ExecutePlan.java:84)&#10;at org.finos.legend.engine.plan.execution.api.ExecutePlanLegacy.executePlan(ExecutePlanLegacy.java:56)&#10;at jdk.internal.reflect.GeneratedMethodAccessor100.invoke(Unknown Source)&#10;at java.base/jdk.internal.reflect.DelegatingMethodAccessorImpl.invoke(DelegatingMethodAccessorImpl.java:43)&#10;at java.base/java.lang.reflect.Method.invoke(Method.java:566)&#10;at org.glassfish.jersey.server.model.internal.ResourceMethodInvocationHandlerFactory$1.invoke(ResourceMethodInvocationHandlerFactory.java:81)&#10;at org.glassfish.jersey.server.model.internal.AbstractJavaResourceMethodDispatcher$1.run(AbstractJavaResourceMethodDispatcher.java:144)&#10;at org.glassfish.jersey.server.model.internal.AbstractJavaResourceMethodDispatcher.invoke(AbstractJavaResourceMethodDispatcher.java:161)&#10;at org.glassfish.jersey.server.model.internal.JavaResourceMethodDispatcherProvider$ResponseOutInvoker.doDispatch(JavaResourceMethodDispatcherProvider.java:160)&#10;at org.glassfish.jersey.server.model.internal.AbstractJavaResourceMethodDispatcher.dispatch(AbstractJavaResourceMethodDispatcher.java:99)&#10;at org.glassfish.jersey.server.model.ResourceMethodInvoker.invoke(ResourceMethodInvoker.java:389)&#10;at org.glassfish.jersey.server.model.ResourceMethodInvoker.apply(ResourceMethodInvoker.java:347)&#10;at org.glassfish.jersey.server.model.ResourceMethodInvoker.apply(ResourceMethodInvoker.java:102)&#10;at org.glassfish.jersey.server.ServerRuntime$2.run(ServerRuntime.java:326)&#10;at org.glassfish.jersey.internal.Errors$1.call(Errors.java:271)&#10;at org.glassfish.jersey.internal.Errors$1.call(Errors.java:267)&#10;at org.glassfish.jersey.internal.Errors.process(Errors.java:315)&#10;at org.glassfish.jersey.internal.Errors.process(Errors.java:297)&#10;at org.glassfish.jersey.internal.Errors.process(Errors.java:267)&#10;at org.glassfish.jersey.process.internal.RequestScope.runInScope(RequestScope.java:317)&#10;at org.glassfish.jersey.server.ServerRuntime.process(ServerRuntime.java:305)&#10;at org.glassfish.jersey.server.ApplicationHandler.handle(ApplicationHandler.java:1154)&#10;at org.glassfish.jersey.servlet.WebComponent.serviceImpl(WebComponent.java:473)&#10;at org.glassfish.jersey.servlet.WebComponent.service(WebComponent.java:427)&#10;at org.glassfish.jersey.servlet.ServletContainer.service(ServletContainer.java:388)&#10;at org.glassfish.jersey.servlet.ServletContainer.service(ServletContainer.java:341)&#10;at org.glassfish.jersey.servlet.ServletContainer.service(ServletContainer.java:228)&#10;at org.eclipse.jetty.servlet.ServletHolder.handle(ServletHolder.java:799)&#10;at org.eclipse.jetty.servlet.ServletHandler$ChainEnd.doFilter(ServletHandler.java:1631)&#10;at io.dropwizard.servlets.ThreadNameFilter.doFilter(ThreadNameFilter.java:35)&#10;at org.eclipse.jetty.servlet.FilterHolder.doFilter(FilterHolder.java:193)&#10;at org.eclipse.jetty.servlet.ServletHandler$Chain.doFilter(ServletHandler.java:1601)&#10;at io.dropwizard.jersey.filter.AllowedMethodsFilter.handle(AllowedMethodsFilter.java:45)&#10;at io.dropwizard.jersey.filter.AllowedMethodsFilter.doFilter(AllowedMethodsFilter.java:39)&#10;at org.eclipse.jetty.servlet.FilterHolder.doFilter(FilterHolder.java:193)&#10;at org.eclipse.jetty.servlet.ServletHandler$Chain.doFilter(ServletHandler.java:1601)&#10;at org.finos.legend.server.pac4j.internal.UsernameFilter.doFilter(UsernameFilter.java:51)&#10;at org.eclipse.jetty.servlet.FilterHolder.doFilter(FilterHolder.java:193)&#10;at org.eclipse.jetty.servlet.ServletHandler$Chain.doFilter(ServletHandler.java:1601)&#10;at org.pac4j.j2e.filter.SecurityFilter.lambda$internalFilter$0(SecurityFilter.java:95)&#10;at org.pac4j.core.engine.DefaultSecurityLogic.perform(DefaultSecurityLogic.java:140)&#10;at org.pac4j.j2e.filter.SecurityFilter.internalFilter(SecurityFilter.java:93)&#10;at org.pac4j.j2e.filter.AbstractConfigFilter.doFilter(AbstractConfigFilter.java:81)&#10;at org.eclipse.jetty.servlet.FilterHolder.doFilter(FilterHolder.java:193)&#10;at org.eclipse.jetty.servlet.ServletHandler$Chain.doFilter(ServletHandler.java:1601)&#10;at org.eclipse.jetty.servlet.ServletHandler.doHandle(ServletHandler.java:548)&#10;at org.eclipse.jetty.server.handler.ScopedHandler.nextHandle(ScopedHandler.java:233)&#10;at org.eclipse.jetty.server.session.SessionHandler.doHandle(SessionHandler.java:1624)&#10;at org.eclipse.jetty.server.handler.ScopedHandler.nextHandle(ScopedHandler.java:233)&#10;at org.eclipse.jetty.server.handler.ContextHandler.doHandle(ContextHandler.java:1434)&#10;at org.eclipse.jetty.server.handler.ScopedHandler.nextScope(ScopedHandler.java:188)&#10;at org.eclipse.jetty.servlet.ServletHandler.doScope(ServletHandler.java:501)&#10;at org.eclipse.jetty.server.session.SessionHandler.doScope(SessionHandler.java:1594)&#10;at org.eclipse.jetty.server.handler.ScopedHandler.nextScope(ScopedHandler.java:186)&#10;at org.eclipse.jetty.server.handler.ContextHandler.doScope(ContextHandler.java:1349)&#10;at org.eclipse.jetty.server.handler.ScopedHandler.handle(ScopedHandler.java:141)&#10;at org.eclipse.jetty.server.handler.HandlerWrapper.handle(HandlerWrapper.java:127)&#10;at com.codahale.metrics.jetty9.InstrumentedHandler.handle(InstrumentedHandler.java:313)&#10;at io.dropwizard.jetty.ContextRoutingHandler.handle(ContextRoutingHandler.java:37)&#10;at org.eclipse.jetty.server.handler.gzip.GzipHandler.handle(GzipHandler.java:713)&#10;at io.dropwizard.jetty.BiDiGzipHandler.handle(BiDiGzipHandler.java:67)&#10;at org.eclipse.jetty.server.handler.StatisticsHandler.handle(StatisticsHandler.java:179)&#10;at org.eclipse.jetty.server.handler.HandlerWrapper.handle(HandlerWrapper.java:127)&#10;at org.eclipse.jetty.server.Server.handle(Server.java:516)&#10;at org.eclipse.jetty.server.HttpChannel.lambda$handle$1(HttpChannel.java:400)&#10;at org.eclipse.jetty.server.HttpChannel.dispatch(HttpChannel.java:645)&#10;at org.eclipse.jetty.server.HttpChannel.handle(HttpChannel.java:392)&#10;at org.eclipse.jetty.server.HttpConnection.onFillable(HttpConnection.java:277)&#10;at org.eclipse.jetty.io.AbstractConnection$ReadCallback.succeeded(AbstractConnection.java:311)&#10;at org.eclipse.jetty.io.FillInterest.fillable(FillInterest.java:105)&#10;at org.eclipse.jetty.io.ChannelEndPoint$1.run(ChannelEndPoint.java:104)&#10;at org.eclipse.jetty.util.thread.strategy.EatWhatYouKill.runTask(EatWhatYouKill.java:338)&#10;at org.eclipse.jetty.util.thread.strategy.EatWhatYouKill.doProduce(EatWhatYouKill.java:315)&#10;at org.eclipse.jetty.util.thread.strategy.EatWhatYouKill.tryProduce(EatWhatYouKill.java:173)&#10;at org.eclipse.jetty.util.thread.strategy.EatWhatYouKill.run(EatWhatYouKill.java:131)&#10;at org.eclipse.jetty.util.thread.ReservedThreadExecutor$ReservedThread.run(ReservedThreadExecutor.java:409)&#10;at org.eclipse.jetty.util.thread.QueuedThreadPool.runJob(QueuedThreadPool.java:883)&#10;at org.eclipse.jetty.util.thread.QueuedThreadPool$Runner.run(QueuedThreadPool.java:1034)&#10;at java.base/java.lang.Thread.run(Thread.java:829)&#10;Caused by: net.snowflake.client.jdbc.SnowflakeSQLException: SQL compilation error:&#10;Object &apos;PERSONTABLE&apos; does not exist or not authorized.&#10;at net.snowflake.client.jdbc.SnowflakeUtil.checkErrorAndThrowExceptionSub(SnowflakeUtil.java:127)&#10;at net.snowflake.client.jdbc.SnowflakeUtil.checkErrorAndThrowException(SnowflakeUtil.java:67)&#10;at net.snowflake.client.core.StmtUtil.pollForOutput(StmtUtil.java:442)&#10;at net.snowflake.client.core.StmtUtil.execute(StmtUtil.java:345)&#10;at net.snowflake.client.core.SFStatement.executeHelper(SFStatement.java:486)&#10;at net.snowflake.client.core.SFStatement.executeQueryInternal(SFStatement.java:197)&#10;at net.snowflake.client.core.SFStatement.executeQuery(SFStatement.java:134)&#10;at net.snowflake.client.core.SFStatement.execute(SFStatement.java:743)&#10;at net.snowflake.client.core.SFStatement.execute(SFStatement.java:639)&#10;at net.snowflake.client.jdbc.SnowflakeStatementV1.executeQueryInternal(SnowflakeStatementV1.java:238)&#10;at net.snowflake.client.jdbc.SnowflakeStatementV1.executeQuery(SnowflakeStatementV1.java:133)&#10;at com.zaxxer.hikari.pool.ProxyStatement.executeQuery(ProxyStatement.java:110)&#10;at com.zaxxer.hikari.pool.HikariProxyStatement.executeQuery(HikariProxyStatement.java)&#10;at org.finos.legend.engine.plan.execution.stores.relational.result.SQLExecutionResult.&lt;init&gt;(SQLExecutionResult.java:95)&#10;... 101 more&#10;&quot;}&apos;&quot;" type="Assert failure at (resource"><![CDATA[Assert failure at (resource:/platform/pure/basics/tests/assertEq.pure line:34 column:5), "500 '{"code":-1,"message":"SnowflakeSQLException: SQL compilation error:
Object 'PERSONTABLE' does not exist or not authorized.","status":"error","trace":"java.lang.RuntimeException: net.snowflake.client.jdbc.SnowflakeSQLException: SQL compilation error:
Object 'PERSONTABLE' does not exist or not authorized.
at org.finos.legend.engine.plan.execution.stores.relational.result.SQLExecutionResult.<init>(SQLExecutionResult.java:123)
at org.finos.legend.engine.plan.execution.stores.relational.RelationalExecutor.execute(RelationalExecutor.java:241)
at org.finos.legend.engine.plan.execution.stores.relational.plugin.RelationalExecutionNodeExecutor.visit(RelationalExecutionNodeExecutor.java:238)
at org.finos.legend.engine.plan.execution.stores.relational.plugin.RelationalExecutionNodeExecutor.visit(RelationalExecutionNodeExecutor.java:252)
at org.finos.legend.engine.plan.execution.stores.relational.plugin.RelationalExecutionNodeExecutor.visit(RelationalExecutionNodeExecutor.java:92)
at org.finos.legend.engine.protocol.pure.v1.model.executionPlan.nodes.RelationalTdsInstantiationExecutionNode.accept(RelationalTdsInstantiationExecutionNode.java:22)
at org.finos.legend.engine.plan.execution.stores.relational.RelationalExecutionExtension.lambda$getExtraNodeExecutors$fbe53481$1(RelationalExecutionExtension.java:50)
at org.finos.legend.engine.plan.execution.nodes.ExecutionNodeExecutor.lambda$visit$0(ExecutionNodeExecutor.java:164)
at java.base/java.util.stream.ReferencePipeline$3$1.accept(ReferencePipeline.java:195)
at java.base/java.util.Spliterators$ArraySpliterator.tryAdvance(Spliterators.java:958)
at java.base/java.util.stream.ReferencePipeline.forEachWithCancel(ReferencePipeline.java:127)
at java.base/java.util.stream.AbstractPipeline.copyIntoWithCancel(AbstractPipeline.java:502)
at java.base/java.util.stream.AbstractPipeline.copyInto(AbstractPipeline.java:488)
at java.base/java.util.stream.AbstractPipeline.wrapAndCopyInto(AbstractPipeline.java:474)
at java.base/java.util.stream.FindOps$FindOp.evaluateSequential(FindOps.java:150)
at java.base/java.util.stream.AbstractPipeline.evaluate(AbstractPipeline.java:234)
at java.base/java.util.stream.ReferencePipeline.findFirst(ReferencePipeline.java:543)
at org.finos.legend.engine.plan.execution.nodes.ExecutionNodeExecutor.visit(ExecutionNodeExecutor.java:164)
at org.finos.legend.engine.plan.execution.nodes.ExecutionNodeExecutor.visit(ExecutionNodeExecutor.java:107)
at org.finos.legend.engine.protocol.pure.v1.model.executionPlan.nodes.RelationalTdsInstantiationExecutionNode.accept(RelationalTdsInstantiationExecutionNode.java:22)
at org.finos.legend.engine.plan.execution.PlanExecutor.execute(PlanExecutor.java:238)
at org.finos.legend.engine.plan.execution.PlanExecutor.execute(PlanExecutor.java:225)
at org.finos.legend.engine.plan.execution.api.ExecutePlan.doExecutePlanLegacy(ExecutePlan.java:102)
at org.finos.legend.engine.plan.execution.api.ExecutePlan.doExecutePlan(ExecutePlan.java:84)
at org.finos.legend.engine.plan.execution.api.ExecutePlanLegacy.executePlan(ExecutePlanLegacy.java:56)
at jdk.internal.reflect.GeneratedMethodAccessor100.invoke(Unknown Source)
at java.base/jdk.internal.reflect.DelegatingMethodAccessorImpl.invoke(DelegatingMethodAccessorImpl.java:43)
at java.base/java.lang.reflect.Method.invoke(Method.java:566)
at org.glassfish.jersey.server.model.internal.ResourceMethodInvocationHandlerFactory$1.invoke(ResourceMethodInvocationHandlerFactory.java:81)
at org.glassfish.jersey.server.model.internal.AbstractJavaResourceMethodDispatcher$1.run(AbstractJavaResourceMethodDispatcher.java:144)
at org.glassfish.jersey.server.model.internal.AbstractJavaResourceMethodDispatcher.invoke(AbstractJavaResourceMethodDispatcher.java:161)
at org.glassfish.jersey.server.model.internal.JavaResourceMethodDispatcherProvider$ResponseOutInvoker.doDispatch(JavaResourceMethodDispatcherProvider.java:160)
at org.glassfish.jersey.server.model.internal.AbstractJavaResourceMethodDispatcher.dispatch(AbstractJavaResourceMethodDispatcher.java:99)
at org.glassfish.jersey.server.model.ResourceMethodInvoker.invoke(ResourceMethodInvoker.java:389)
at org.glassfish.jersey.server.model.ResourceMethodInvoker.apply(ResourceMethodInvoker.java:347)
at org.glassfish.jersey.server.model.ResourceMethodInvoker.apply(ResourceMethodInvoker.java:102)
at org.glassfish.jersey.server.ServerRuntime$2.run(ServerRuntime.java:326)
at org.glassfish.jersey.internal.Errors$1.call(Errors.java:271)
at org.glassfish.jersey.internal.Errors$1.call(Errors.java:267)
at org.glassfish.jersey.internal.Errors.process(Errors.java:315)
at org.glassfish.jersey.internal.Errors.process(Errors.java:297)
at org.glassfish.jersey.internal.Errors.process(Errors.java:267)
at org.glassfish.jersey.process.internal.RequestScope.runInScope(RequestScope.java:317)
at org.glassfish.jersey.server.ServerRuntime.process(ServerRuntime.java:305)
at org.glassfish.jersey.server.ApplicationHandler.handle(ApplicationHandler.java:1154)
at org.glassfish.jersey.servlet.WebComponent.serviceImpl(WebComponent.java:473)
at org.glassfish.jersey.servlet.WebComponent.service(WebComponent.java:427)
at org.glassfish.jersey.servlet.ServletContainer.service(ServletContainer.java:388)
at org.glassfish.jersey.servlet.ServletContainer.service(ServletContainer.java:341)
at org.glassfish.jersey.servlet.ServletContainer.service(ServletContainer.java:228)
at org.eclipse.jetty.servlet.ServletHolder.handle(ServletHolder.java:799)
at org.eclipse.jetty.servlet.ServletHandler$ChainEnd.doFilter(ServletHandler.java:1631)
at io.dropwizard.servlets.ThreadNameFilter.doFilter(ThreadNameFilter.java:35)
at org.eclipse.jetty.servlet.FilterHolder.doFilter(FilterHolder.java:193)
at org.eclipse.jetty.servlet.ServletHandler$Chain.doFilter(ServletHandler.java:1601)
at io.dropwizard.jersey.filter.AllowedMethodsFilter.handle(AllowedMethodsFilter.java:45)
at io.dropwizard.jersey.filter.AllowedMethodsFilter.doFilter(AllowedMethodsFilter.java:39)
at org.eclipse.jetty.servlet.FilterHolder.doFilter(FilterHolder.java:193)
at org.eclipse.jetty.servlet.ServletHandler$Chain.doFilter(ServletHandler.java:1601)
at org.finos.legend.server.pac4j.internal.UsernameFilter.doFilter(UsernameFilter.java:51)
at org.eclipse.jetty.servlet.FilterHolder.doFilter(FilterHolder.java:193)
at org.eclipse.jetty.servlet.ServletHandler$Chain.doFilter(ServletHandler.java:1601)
at org.pac4j.j2e.filter.SecurityFilter.lambda$internalFilter$0(SecurityFilter.java:95)
at org.pac4j.core.engine.DefaultSecurityLogic.perform(DefaultSecurityLogic.java:140)
at org.pac4j.j2e.filter.SecurityFilter.internalFilter(SecurityFilter.java:93)
at org.pac4j.j2e.filter.AbstractConfigFilter.doFilter(AbstractConfigFilter.java:81)
at org.eclipse.jetty.servlet.FilterHolder.doFilter(FilterHolder.java:193)
at org.eclipse.jetty.servlet.ServletHandler$Chain.doFilter(ServletHandler.java:1601)
at org.eclipse.jetty.servlet.ServletHandler.doHandle(ServletHandler.java:548)
at org.eclipse.jetty.server.handler.ScopedHandler.nextHandle(ScopedHandler.java:233)
at org.eclipse.jetty.server.session.SessionHandler.doHandle(SessionHandler.java:1624)
at org.eclipse.jetty.server.handler.ScopedHandler.nextHandle(ScopedHandler.java:233)
at org.eclipse.jetty.server.handler.ContextHandler.doHandle(ContextHandler.java:1434)
at org.eclipse.jetty.server.handler.ScopedHandler.nextScope(ScopedHandler.java:188)
at org.eclipse.jetty.servlet.ServletHandler.doScope(ServletHandler.java:501)
at org.eclipse.jetty.server.session.SessionHandler.doScope(SessionHandler.java:1594)
at org.eclipse.jetty.server.handler.ScopedHandler.nextScope(ScopedHandler.java:186)
at org.eclipse.jetty.server.handler.ContextHandler.doScope(ContextHandler.java:1349)
at org.eclipse.jetty.server.handler.ScopedHandler.handle(ScopedHandler.java:141)
at org.eclipse.jetty.server.handler.HandlerWrapper.handle(HandlerWrapper.java:127)
at com.codahale.metrics.jetty9.InstrumentedHandler.handle(InstrumentedHandler.java:313)
at io.dropwizard.jetty.ContextRoutingHandler.handle(ContextRoutingHandler.java:37)
at org.eclipse.jetty.server.handler.gzip.GzipHandler.handle(GzipHandler.java:713)
at io.dropwizard.jetty.BiDiGzipHandler.handle(BiDiGzipHandler.java:67)
at org.eclipse.jetty.server.handler.StatisticsHandler.handle(StatisticsHandler.java:179)
at org.eclipse.jetty.server.handler.HandlerWrapper.handle(HandlerWrapper.java:127)
at org.eclipse.jetty.server.Server.handle(Server.java:516)
at org.eclipse.jetty.server.HttpChannel.lambda$handle$1(HttpChannel.java:400)
at org.eclipse.jetty.server.HttpChannel.dispatch(HttpChannel.java:645)
at org.eclipse.jetty.server.HttpChannel.handle(HttpChannel.java:392)
at org.eclipse.jetty.server.HttpConnection.onFillable(HttpConnection.java:277)
at org.eclipse.jetty.io.AbstractConnection$ReadCallback.succeeded(AbstractConnection.java:311)
at org.eclipse.jetty.io.FillInterest.fillable(FillInterest.java:105)
at org.eclipse.jetty.io.ChannelEndPoint$1.run(ChannelEndPoint.java:104)
at org.eclipse.jetty.util.thread.strategy.EatWhatYouKill.runTask(EatWhatYouKill.java:338)
at org.eclipse.jetty.util.thread.strategy.EatWhatYouKill.doProduce(EatWhatYouKill.java:315)
at org.eclipse.jetty.util.thread.strategy.EatWhatYouKill.tryProduce(EatWhatYouKill.java:173)
at org.eclipse.jetty.util.thread.strategy.EatWhatYouKill.run(EatWhatYouKill.java:131)
at org.eclipse.jetty.util.thread.ReservedThreadExecutor$ReservedThread.run(ReservedThreadExecutor.java:409)
at org.eclipse.jetty.util.thread.QueuedThreadPool.runJob(QueuedThreadPool.java:883)
at org.eclipse.jetty.util.thread.QueuedThreadPool$Runner.run(QueuedThreadPool.java:1034)
at java.base/java.lang.Thread.run(Thread.java:829)
Caused by: net.snowflake.client.jdbc.SnowflakeSQLException: SQL compilation error:
Object 'PERSONTABLE' does not exist or not authorized.
at net.snowflake.client.jdbc.SnowflakeUtil.checkErrorAndThrowExceptionSub(SnowflakeUtil.java:127)
at net.snowflake.client.jdbc.SnowflakeUtil.checkErrorAndThrowException(SnowflakeUtil.java:67)
at net.snowflake.client.core.StmtUtil.pollForOutput(StmtUtil.java:442)
at net.snowflake.client.core.StmtUtil.execute(StmtUtil.java:345)
at net.snowflake.client.core.SFStatement.executeHelper(SFStatement.java:486)
at net.snowflake.client.core.SFStatement.executeQueryInternal(SFStatement.java:197)
at net.snowflake.client.core.SFStatement.executeQuery(SFStatement.java:134)
at net.snowflake.client.core.SFStatement.execute(SFStatement.java:743)
at net.snowflake.client.core.SFStatement.execute(SFStatement.java:639)
at net.snowflake.client.jdbc.SnowflakeStatementV1.executeQueryInternal(SnowflakeStatementV1.java:238)
at net.snowflake.client.jdbc.SnowflakeStatementV1.executeQuery(SnowflakeStatementV1.java:133)
at com.zaxxer.hikari.pool.ProxyStatement.executeQuery(ProxyStatement.java:110)
at com.zaxxer.hikari.pool.HikariProxyStatement.executeQuery(HikariProxyStatement.java)
at org.finos.legend.engine.plan.execution.stores.relational.result.SQLExecutionResult.<init>(SQLExecutionResult.java:95)
... 101 more
"}'"
	at org.finos.legend.pure.runtime.java.compiled.generation.processors.support.CompiledSupport.pureAssert(CompiledSupport.java:1994)
	at org.finos.legend.pure.generated.platform_pure_basics_tests_assertEq.Root_meta_pure_functions_asserts_assertEq_Any_1__Any_1__Function_1__Boolean_1_(platform_pure_basics_tests_assertEq.java:44)
	at org.finos.legend.pure.generated.core_pure_protocol_vX_X_X_invocations_execution.Root_meta_protocols_pure_vX_X_X_invocation_execution_execute_executePlan_String_1__String_1__Integer_1__String_1_(core_pure_protocol_vX_X_X_invocations_execution.java:751)
	at org.finos.legend.pure.generated.core_pure_protocol_vX_X_X_invocations_execution.Root_meta_protocols_pure_vX_X_X_invocation_execution_execute_executePlan_ExecutionPlan_1__String_1__Integer_1__Extension_MANY__String_1_(core_pure_protocol_vX_X_X_invocations_execution.java:745)
	at org.finos.legend.pure.generated.core_pure_protocol_vX_X_X_invocations_execution.Root_meta_protocols_pure_vX_X_X_invocation_execution_execute_executePlan_ExecutionPlan_1__ExecutionContext_$0_1$__String_1__Integer_1__Extension_MANY__Result_1_(core_pure_protocol_vX_X_X_invocations_execution.java:738)
	at jdk.internal.reflect.GeneratedMethodAccessor96.invoke(Unknown Source)
	at java.base/jdk.internal.reflect.DelegatingMethodAccessorImpl.invoke(DelegatingMethodAccessorImpl.java:43)
	at java.base/java.lang.reflect.Method.invoke(Method.java:566)
	at org.finos.legend.pure.runtime.java.compiled.metadata.JavaMethodWithParamsSharedPureFunction.execute(JavaMethodWithParamsSharedPureFunction.java:59)
	at org.finos.legend.pure.runtime.java.compiled.generation.processors.support.Pure._evaluateToMany(Pure.java:546)
	at org.finos.legend.pure.generated.CoreGen.evaluateToMany(CoreGen.java:147)
	at org.finos.legend.pure.generated.CoreGen.evaluateToMany(CoreGen.java:134)
	at org.finos.legend.pure.generated.core_pure_router_router_entry$9$1.value(core_pure_router_router_entry.java:318)
	at org.finos.legend.pure.generated.core_pure_router_router_entry$9$1.execute(core_pure_router_router_entry.java:311)
	at org.finos.legend.pure.generated.core_pure_router_router_entry$9$1.execute(core_pure_router_router_entry.java:307)
	at org.finos.legend.pure.runtime.java.compiled.generation.processors.support.Pure.evaluate(Pure.java:485)
	at org.finos.legend.pure.runtime.java.compiled.generation.processors.support.Pure.legendTest(Pure.java:216)
	at org.finos.legend.pure.generated.CoreGen.legendTest(CoreGen.java:61)
	at org.finos.legend.pure.generated.core_pure_router_router_entry$9.valueOf(core_pure_router_router_entry.java:303)
	at org.finos.legend.pure.generated.core_pure_router_router_entry$9.execute(core_pure_router_router_entry.java:298)
	at org.finos.legend.pure.generated.core_pure_router_router_entry$9.execute(core_pure_router_router_entry.java:294)
	at org.finos.legend.pure.runtime.java.compiled.generation.processors.support.Pure.evaluate(Pure.java:485)
	at org.finos.legend.pure.runtime.java.compiled.generation.processors.support.Pure.traceSpan(Pure.java:1482)
	at org.finos.legend.pure.generated.CoreGen.traceSpan(CoreGen.java:203)
	at org.finos.legend.pure.generated.core_pure_router_router_entry.Root_meta_pure_router_executePlan_ExecutionPlan_1__ExecutionContext_1__Extension_MANY__Result_$0_1$_(core_pure_router_router_entry.java:290)
	at org.finos.legend.pure.generated.core_pure_router_router_entry.Root_meta_pure_router_executePlan_ExecutionPlan_1__Extension_MANY__Result_$0_1$_(core_pure_router_router_entry.java:285)
	at org.finos.legend.pure.generated.core_relational_relational_sqlQueryToString_dbTestRunner_executionPlanTestRunner$19.execute(core_relational_relational_sqlQueryToString_dbTestRunner_executionPlanTestRunner.java:305)
	at org.finos.legend.pure.generated.core_relational_relational_sqlQueryToString_dbTestRunner_executionPlanTestRunner.Root_meta_relational_dbTestRunner_executeViaPlan_FunctionDefinition_1__Mapping_1__Database_1__DbTestConfig_1__Extension_MANY__Result_$0_1$_(core_relational_relational_sqlQueryToString_dbTestRunner_executionPlanTestRunner.java:309)
	at org.finos.legend.pure.generated.core_relational_relational_sqlQueryToString_testSuite_selectSubClauses_union.Root_meta_relational_tests_dbSpecificTests_sqlQueryTests_selectSubClauses_union_testConcatenateWithPreOperation_DbTestConfig_1__Boolean_1_(core_relational_relational_sqlQueryToString_testSuite_selectSubClauses_union.java:330)
	at java.base/jdk.internal.reflect.NativeMethodAccessorImpl.invoke0(Native Method)
	at java.base/jdk.internal.reflect.NativeMethodAccessorImpl.invoke(NativeMethodAccessorImpl.java:62)
	at java.base/jdk.internal.reflect.DelegatingMethodAccessorImpl.invoke(DelegatingMethodAccessorImpl.java:43)
	at java.base/java.lang.reflect.Method.invoke(Method.java:566)
	at org.finos.legend.pure.runtime.java.compiled.testHelper.PureTestBuilderCompiled.executeFn(PureTestBuilderCompiled.java:113)
	at org.finos.legend.pure.runtime.java.compiled.testHelper.PureTestBuilderCompiled.lambda$buildSuite$0(PureTestBuilderCompiled.java:79)
	at org.finos.legend.pure.m3.execution.test.PureTestBuilder$PureTestCase.runTest(PureTestBuilder.java:95)
	at junit.framework.TestCase.runBare(TestCase.java:142)
	at org.finos.legend.engine.server.test.shared.Relational_DbSpecific_UsingPureClientTestSuite$2.runTest(Relational_DbSpecific_UsingPureClientTestSuite.java:90)
	at junit.framework.TestCase.runBare(TestCase.java:142)
	at junit.framework.TestResult$1.protect(TestResult.java:122)
	at junit.framework.TestResult.runProtected(TestResult.java:142)
	at junit.framework.TestResult.run(TestResult.java:125)
	at junit.framework.TestCase.run(TestCase.java:130)
	at junit.framework.TestSuite.runTest(TestSuite.java:241)
	at junit.framework.TestSuite.run(TestSuite.java:236)
	at junit.framework.TestSuite.runTest(TestSuite.java:241)
	at junit.framework.TestSuite.run(TestSuite.java:236)
	at junit.framework.TestSuite.runTest(TestSuite.java:241)
	at junit.framework.TestSuite.run(TestSuite.java:236)
	at junit.framework.TestSuite.runTest(TestSuite.java:241)
	at junit.framework.TestSuite.run(TestSuite.java:236)
	at junit.framework.TestSuite.runTest(TestSuite.java:241)
	at junit.framework.TestSuite.run(TestSuite.java:236)
	at junit.extensions.TestDecorator.basicRun(TestDecorator.java:24)
	at junit.extensions.TestSetup$1.protect(TestSetup.java:23)
	at junit.framework.TestResult.runProtected(TestResult.java:142)
	at junit.extensions.TestSetup.run(TestSetup.java:27)
	at org.junit.internal.runners.JUnit38ClassRunner.run(JUnit38ClassRunner.java:90)
	at org.apache.maven.surefire.junit4.JUnit4Provider.execute(JUnit4Provider.java:365)
	at org.apache.maven.surefire.junit4.JUnit4Provider.executeWithRerun(JUnit4Provider.java:273)
	at org.apache.maven.surefire.junit4.JUnit4Provider.executeTestSet(JUnit4Provider.java:238)
	at org.apache.maven.surefire.junit4.JUnit4Provider.invoke(JUnit4Provider.java:159)
	at org.apache.maven.surefire.booter.ForkedBooter.invokeProviderInSameClassLoader(ForkedBooter.java:384)
	at org.apache.maven.surefire.booter.ForkedBooter.runSuitesInProcess(ForkedBooter.java:345)
	at org.apache.maven.surefire.booter.ForkedBooter.execute(ForkedBooter.java:126)
	at org.apache.maven.surefire.booter.ForkedBooter.main(ForkedBooter.java:418)
]]></error>
    <system-out><![CDATA[Running db test selectSubClauses::union::testConcatenateWithPreOperation
{"duration":0.0,"eventType":"EXECUTION_PLAN_EXEC_ERROR","info":{"code":-1,"message":"SnowflakeSQLException: SQL compilation error:\nObject 'PERSONTABLE' does not exist or not authorized.","status":"error","trace":"java.lang.RuntimeException: net.snowflake.client.jdbc.SnowflakeSQLException: SQL compilation error:\nObject 'PERSONTABLE' does not exist or not authorized.\n\tat org.finos.legend.engine.plan.execution.stores.relational.result.SQLExecutionResult.<init>(SQLExecutionResult.java:123)\n\tat org.finos.legend.engine.plan.execution.stores.relational.RelationalExecutor.execute(RelationalExecutor.java:241)\n\tat org.finos.legend.engine.plan.execution.stores.relational.plugin.RelationalExecutionNodeExecutor.visit(RelationalExecutionNodeExecutor.java:238)\n\tat org.finos.legend.engine.plan.execution.stores.relational.plugin.RelationalExecutionNodeExecutor.visit(RelationalExecutionNodeExecutor.java:252)\n\tat org.finos.legend.engine.plan.execution.stores.relational.plugin.RelationalExecutionNodeExecutor.visit(RelationalExecutionNodeExecutor.java:92)\n\tat org.finos.legend.engine.protocol.pure.v1.model.executionPlan.nodes.RelationalTdsInstantiationExecutionNode.accept(RelationalTdsInstantiationExecutionNode.java:22)\n\tat org.finos.legend.engine.plan.execution.stores.relational.RelationalExecutionExtension.lambda$getExtraNodeExecutors$fbe53481$1(RelationalExecutionExtension.java:50)\n\tat org.finos.legend.engine.plan.execution.nodes.ExecutionNodeExecutor.lambda$visit$0(ExecutionNodeExecutor.java:164)\n\tat java.base/java.util.stream.ReferencePipeline$3$1.accept(ReferencePipeline.java:195)\n\tat java.base/java.util.Spliterators$ArraySpliterator.tryAdvance(Spliterators.java:958)\n\tat java.base/java.util.stream.ReferencePipeline.forEachWithCancel(ReferencePipeline.java:127)\n\tat java.base/java.util.stream.AbstractPipeline.copyIntoWithCancel(AbstractPipeline.java:502)\n\tat java.base/java.util.stream.AbstractPipeline.copyInto(AbstractPipeline.java:488)\n\tat java.base/java.util.stream.AbstractPipeline.wrapAndCopyInto(AbstractPipeline.java:474)\n\tat java.base/java.util.stream.FindOps$FindOp.evaluateSequential(FindOps.java:150)\n\tat java.base/java.util.stream.AbstractPipeline.evaluate(AbstractPipeline.java:234)\n\tat java.base/java.util.stream.ReferencePipeline.findFirst(ReferencePipeline.java:543)\n\tat org.finos.legend.engine.plan.execution.nodes.ExecutionNodeExecutor.visit(ExecutionNodeExecutor.java:164)\n\tat org.finos.legend.engine.plan.execution.nodes.ExecutionNodeExecutor.visit(ExecutionNodeExecutor.java:107)\n\tat org.finos.legend.engine.protocol.pure.v1.model.executionPlan.nodes.RelationalTdsInstantiationExecutionNode.accept(RelationalTdsInstantiationExecutionNode.java:22)\n\tat org.finos.legend.engine.plan.execution.PlanExecutor.execute(PlanExecutor.java:238)\n\tat org.finos.legend.engine.plan.execution.PlanExecutor.execute(PlanExecutor.java:225)\n\tat org.finos.legend.engine.plan.execution.api.ExecutePlan.doExecutePlanLegacy(ExecutePlan.java:102)\n\tat org.finos.legend.engine.plan.execution.api.ExecutePlan.doExecutePlan(ExecutePlan.java:84)\n\tat org.finos.legend.engine.plan.execution.api.ExecutePlanLegacy.executePlan(ExecutePlanLegacy.java:56)\n\tat jdk.internal.reflect.GeneratedMethodAccessor100.invoke(Unknown Source)\n\tat java.base/jdk.internal.reflect.DelegatingMethodAccessorImpl.invoke(DelegatingMethodAccessorImpl.java:43)\n\tat java.base/java.lang.reflect.Method.invoke(Method.java:566)\n\tat org.glassfish.jersey.server.model.internal.ResourceMethodInvocationHandlerFactory$1.invoke(ResourceMethodInvocationHandlerFactory.java:81)\n\tat org.glassfish.jersey.server.model.internal.AbstractJavaResourceMethodDispatcher$1.run(AbstractJavaResourceMethodDispatcher.java:144)\n\tat org.glassfish.jersey.server.model.internal.AbstractJavaResourceMethodDispatcher.invoke(AbstractJavaResourceMethodDispatcher.java:161)\n\tat org.glassfish.jersey.server.model.internal.JavaResourceMethodDispatcherProvider$ResponseOutInvoker.doDispatch(JavaResourceMethodDispatcherProvider.java:160)\n\tat org.glassfish.jersey.server.model.internal.AbstractJavaResourceMethodDispatcher.dispatch(AbstractJavaResourceMethodDispatcher.java:99)\n\tat org.glassfish.jersey.server.model.ResourceMethodInvoker.invoke(ResourceMethodInvoker.java:389)\n\tat org.glassfish.jersey.server.model.ResourceMethodInvoker.apply(ResourceMethodInvoker.java:347)\n\tat org.glassfish.jersey.server.model.ResourceMethodInvoker.apply(ResourceMethodInvoker.java:102)\n\tat org.glassfish.jersey.server.ServerRuntime$2.run(ServerRuntime.java:326)\n\tat org.glassfish.jersey.internal.Errors$1.call(Errors.java:271)\n\tat org.glassfish.jersey.internal.Errors$1.call(Errors.java:267)\n\tat org.glassfish.jersey.internal.Errors.process(Errors.java:315)\n\tat org.glassfish.jersey.internal.Errors.process(Errors.java:297)\n\tat org.glassfish.jersey.internal.Errors.process(Errors.java:267)\n\tat org.glassfish.jersey.process.internal.RequestScope.runInScope(RequestScope.java:317)\n\tat org.glassfish.jersey.server.ServerRuntime.process(ServerRuntime.java:305)\n\tat org.glassfish.jersey.server.ApplicationHandler.handle(ApplicationHandler.java:1154)\n\tat org.glassfish.jersey.servlet.WebComponent.serviceImpl(WebComponent.java:473)\n\tat org.glassfish.jersey.servlet.WebComponent.service(WebComponent.java:427)\n\tat org.glassfish.jersey.servlet.ServletContainer.service(ServletContainer.java:388)\n\tat org.glassfish.jersey.servlet.ServletContainer.service(ServletContainer.java:341)\n\tat org.glassfish.jersey.servlet.ServletContainer.service(ServletContainer.java:228)\n\tat org.eclipse.jetty.servlet.ServletHolder.handle(ServletHolder.java:799)\n\tat org.eclipse.jetty.servlet.ServletHandler$ChainEnd.doFilter(ServletHandler.java:1631)\n\tat io.dropwizard.servlets.ThreadNameFilter.doFilter(ThreadNameFilter.java:35)\n\tat org.eclipse.jetty.servlet.FilterHolder.doFilter(FilterHolder.java:193)\n\tat org.eclipse.jetty.servlet.ServletHandler$Chain.doFilter(ServletHandler.java:1601)\n\tat io.dropwizard.jersey.filter.AllowedMethodsFilter.handle(AllowedMethodsFilter.java:45)\n\tat io.dropwizard.jersey.filter.AllowedMethodsFilter.doFilter(AllowedMethodsFilter.java:39)\n\tat org.eclipse.jetty.servlet.FilterHolder.doFilter(FilterHolder.java:193)\n\tat org.eclipse.jetty.servlet.ServletHandler$Chain.doFilter(ServletHandler.java:1601)\n\tat org.finos.legend.server.pac4j.internal.UsernameFilter.doFilter(UsernameFilter.java:51)\n\tat org.eclipse.jetty.servlet.FilterHolder.doFilter(FilterHolder.java:193)\n\tat org.eclipse.jetty.servlet.ServletHandler$Chain.doFilter(ServletHandler.java:1601)\n\tat org.pac4j.j2e.filter.SecurityFilter.lambda$internalFilter$0(SecurityFilter.java:95)\n\tat org.pac4j.core.engine.DefaultSecurityLogic.perform(DefaultSecurityLogic.java:140)\n\tat org.pac4j.j2e.filter.SecurityFilter.internalFilter(SecurityFilter.java:93)\n\tat org.pac4j.j2e.filter.AbstractConfigFilter.doFilter(AbstractConfigFilter.java:81)\n\tat org.eclipse.jetty.servlet.FilterHolder.doFilter(FilterHolder.java:193)\n\tat org.eclipse.jetty.servlet.ServletHandler$Chain.doFilter(ServletHandler.java:1601)\n\tat org.eclipse.jetty.servlet.ServletHandler.doHandle(ServletHandler.java:548)\n\tat org.eclipse.jetty.server.handler.ScopedHandler.nextHandle(ScopedHandler.java:233)\n\tat org.eclipse.jetty.server.session.SessionHandler.doHandle(SessionHandler.java:1624)\n\tat org.eclipse.jetty.server.handler.ScopedHandler.nextHandle(ScopedHandler.java:233)\n\tat org.eclipse.jetty.server.handler.ContextHandler.doHandle(ContextHandler.java:1434)\n\tat org.eclipse.jetty.server.handler.ScopedHandler.nextScope(ScopedHandler.java:188)\n\tat org.eclipse.jetty.servlet.ServletHandler.doScope(ServletHandler.java:501)\n\tat org.eclipse.jetty.server.session.SessionHandler.doScope(SessionHandler.java:1594)\n\tat org.eclipse.jetty.server.handler.ScopedHandler.nextScope(ScopedHandler.java:186)\n\tat org.eclipse.jetty.server.handler.ContextHandler.doScope(ContextHandler.java:1349)\n\tat org.eclipse.jetty.server.handler.ScopedHandler.handle(ScopedHandler.java:141)\n\tat org.eclipse.jetty.server.handler.HandlerWrapper.handle(HandlerWrapper.java:127)\n\tat com.codahale.metrics.jetty9.InstrumentedHandler.handle(InstrumentedHandler.java:313)\n\tat io.dropwizard.jetty.ContextRoutingHandler.handle(ContextRoutingHandler.java:37)\n\tat org.eclipse.jetty.server.handler.gzip.GzipHandler.handle(GzipHandler.java:713)\n\tat io.dropwizard.jetty.BiDiGzipHandler.handle(BiDiGzipHandler.java:67)\n\tat org.eclipse.jetty.server.handler.StatisticsHandler.handle(StatisticsHandler.java:179)\n\tat org.eclipse.jetty.server.handler.HandlerWrapper.handle(HandlerWrapper.java:127)\n\tat org.eclipse.jetty.server.Server.handle(Server.java:516)\n\tat org.eclipse.jetty.server.HttpChannel.lambda$handle$1(HttpChannel.java:400)\n\tat org.eclipse.jetty.server.HttpChannel.dispatch(HttpChannel.java:645)\n\tat org.eclipse.jetty.server.HttpChannel.handle(HttpChannel.java:392)\n\tat org.eclipse.jetty.server.HttpConnection.onFillable(HttpConnection.java:277)\n\tat org.eclipse.jetty.io.AbstractConnection$ReadCallback.succeeded(AbstractConnection.java:311)\n\tat org.eclipse.jetty.io.FillInterest.fillable(FillInterest.java:105)\n\tat org.eclipse.jetty.io.ChannelEndPoint$1.run(ChannelEndPoint.java:104)\n\tat org.eclipse.jetty.util.thread.strategy.EatWhatYouKill.runTask(EatWhatYouKill.java:338)\n\tat org.eclipse.jetty.util.thread.strategy.EatWhatYouKill.doProduce(EatWhatYouKill.java:315)\n\tat org.eclipse.jetty.util.thread.strategy.EatWhatYouKill.tryProduce(EatWhatYouKill.java:173)\n\tat org.eclipse.jetty.util.thread.strategy.EatWhatYouKill.run(EatWhatYouKill.java:131)\n\tat org.eclipse.jetty.util.thread.ReservedThreadExecutor$ReservedThread.run(ReservedThreadExecutor.java:409)\n\tat org.eclipse.jetty.util.thread.QueuedThreadPool.runJob(QueuedThreadPool.java:883)\n\tat org.eclipse.jetty.util.thread.QueuedThreadPool$Runner.run(QueuedThreadPool.java:1034)\n\tat java.base/java.lang.Thread.run(Thread.java:829)\nCaused by: net.snowflake.client.jdbc.SnowflakeSQLException: SQL compilation error:\nObject 'PERSONTABLE' does not exist or not authorized.\n\tat net.snowflake.client.jdbc.SnowflakeUtil.checkErrorAndThrowExceptionSub(SnowflakeUtil.java:127)\n\tat net.snowflake.client.jdbc.SnowflakeUtil.checkErrorAndThrowException(SnowflakeUtil.java:67)\n\tat net.snowflake.client.core.StmtUtil.pollForOutput(StmtUtil.java:442)\n\tat net.snowflake.client.core.StmtUtil.execute(StmtUtil.java:345)\n\tat net.snowflake.client.core.SFStatement.executeHelper(SFStatement.java:486)\n\tat net.snowflake.client.core.SFStatement.executeQueryInternal(SFStatement.java:197)\n\tat net.snowflake.client.core.SFStatement.executeQuery(SFStatement.java:134)\n\tat net.snowflake.client.core.SFStatement.execute(SFStatement.java:743)\n\tat net.snowflake.client.core.SFStatement.execute(SFStatement.java:639)\n\tat net.snowflake.client.jdbc.SnowflakeStatementV1.executeQueryInternal(SnowflakeStatementV1.java:238)\n\tat net.snowflake.client.jdbc.SnowflakeStatementV1.executeQuery(SnowflakeStatementV1.java:133)\n\tat com.zaxxer.hikari.pool.ProxyStatement.executeQuery(ProxyStatement.java:110)\n\tat com.zaxxer.hikari.pool.HikariProxyStatement.executeQuery(HikariProxyStatement.java)\n\tat org.finos.legend.engine.plan.execution.stores.relational.result.SQLExecutionResult.<init>(SQLExecutionResult.java:95)\n\t... 101 more\n"},"mode":"DEV","timeStamp":"2023-02-23 01:31:59.347","user":"_UNKNOWN_"}
| **selectSubClauses::union::testConcatenateWithPreOperation** | failing :x: |
]]></system-out>
  </testcase>
  <testcase name="testSimpleConcatenate[Snowflake]" classname="org.finos.legend.engine.server.test.shared.Relational_DbSpecific_UsingPureClientTestSuite$2" time="0.237">
    <error message="Assert failure at (resource:/platform/pure/basics/tests/assertEq.pure line:34 column:5), &quot;500 &apos;{&quot;code&quot;:-1,&quot;message&quot;:&quot;SnowflakeSQLException: SQL compilation error:&#10;Object &apos;PERSONTABLE&apos; does not exist or not authorized.&quot;,&quot;status&quot;:&quot;error&quot;,&quot;trace&quot;:&quot;java.lang.RuntimeException: net.snowflake.client.jdbc.SnowflakeSQLException: SQL compilation error:&#10;Object &apos;PERSONTABLE&apos; does not exist or not authorized.&#10;at org.finos.legend.engine.plan.execution.stores.relational.result.SQLExecutionResult.&lt;init&gt;(SQLExecutionResult.java:123)&#10;at org.finos.legend.engine.plan.execution.stores.relational.RelationalExecutor.execute(RelationalExecutor.java:241)&#10;at org.finos.legend.engine.plan.execution.stores.relational.plugin.RelationalExecutionNodeExecutor.visit(RelationalExecutionNodeExecutor.java:238)&#10;at org.finos.legend.engine.plan.execution.stores.relational.plugin.RelationalExecutionNodeExecutor.visit(RelationalExecutionNodeExecutor.java:252)&#10;at org.finos.legend.engine.plan.execution.stores.relational.plugin.RelationalExecutionNodeExecutor.visit(RelationalExecutionNodeExecutor.java:92)&#10;at org.finos.legend.engine.protocol.pure.v1.model.executionPlan.nodes.RelationalTdsInstantiationExecutionNode.accept(RelationalTdsInstantiationExecutionNode.java:22)&#10;at org.finos.legend.engine.plan.execution.stores.relational.RelationalExecutionExtension.lambda$getExtraNodeExecutors$fbe53481$1(RelationalExecutionExtension.java:50)&#10;at org.finos.legend.engine.plan.execution.nodes.ExecutionNodeExecutor.lambda$visit$0(ExecutionNodeExecutor.java:164)&#10;at java.base/java.util.stream.ReferencePipeline$3$1.accept(ReferencePipeline.java:195)&#10;at java.base/java.util.Spliterators$ArraySpliterator.tryAdvance(Spliterators.java:958)&#10;at java.base/java.util.stream.ReferencePipeline.forEachWithCancel(ReferencePipeline.java:127)&#10;at java.base/java.util.stream.AbstractPipeline.copyIntoWithCancel(AbstractPipeline.java:502)&#10;at java.base/java.util.stream.AbstractPipeline.copyInto(AbstractPipeline.java:488)&#10;at java.base/java.util.stream.AbstractPipeline.wrapAndCopyInto(AbstractPipeline.java:474)&#10;at java.base/java.util.stream.FindOps$FindOp.evaluateSequential(FindOps.java:150)&#10;at java.base/java.util.stream.AbstractPipeline.evaluate(AbstractPipeline.java:234)&#10;at java.base/java.util.stream.ReferencePipeline.findFirst(ReferencePipeline.java:543)&#10;at org.finos.legend.engine.plan.execution.nodes.ExecutionNodeExecutor.visit(ExecutionNodeExecutor.java:164)&#10;at org.finos.legend.engine.plan.execution.nodes.ExecutionNodeExecutor.visit(ExecutionNodeExecutor.java:107)&#10;at org.finos.legend.engine.protocol.pure.v1.model.executionPlan.nodes.RelationalTdsInstantiationExecutionNode.accept(RelationalTdsInstantiationExecutionNode.java:22)&#10;at org.finos.legend.engine.plan.execution.PlanExecutor.execute(PlanExecutor.java:238)&#10;at org.finos.legend.engine.plan.execution.PlanExecutor.execute(PlanExecutor.java:225)&#10;at org.finos.legend.engine.plan.execution.api.ExecutePlan.doExecutePlanLegacy(ExecutePlan.java:102)&#10;at org.finos.legend.engine.plan.execution.api.ExecutePlan.doExecutePlan(ExecutePlan.java:84)&#10;at org.finos.legend.engine.plan.execution.api.ExecutePlanLegacy.executePlan(ExecutePlanLegacy.java:56)&#10;at jdk.internal.reflect.GeneratedMethodAccessor100.invoke(Unknown Source)&#10;at java.base/jdk.internal.reflect.DelegatingMethodAccessorImpl.invoke(DelegatingMethodAccessorImpl.java:43)&#10;at java.base/java.lang.reflect.Method.invoke(Method.java:566)&#10;at org.glassfish.jersey.server.model.internal.ResourceMethodInvocationHandlerFactory$1.invoke(ResourceMethodInvocationHandlerFactory.java:81)&#10;at org.glassfish.jersey.server.model.internal.AbstractJavaResourceMethodDispatcher$1.run(AbstractJavaResourceMethodDispatcher.java:144)&#10;at org.glassfish.jersey.server.model.internal.AbstractJavaResourceMethodDispatcher.invoke(AbstractJavaResourceMethodDispatcher.java:161)&#10;at org.glassfish.jersey.server.model.internal.JavaResourceMethodDispatcherProvider$ResponseOutInvoker.doDispatch(JavaResourceMethodDispatcherProvider.java:160)&#10;at org.glassfish.jersey.server.model.internal.AbstractJavaResourceMethodDispatcher.dispatch(AbstractJavaResourceMethodDispatcher.java:99)&#10;at org.glassfish.jersey.server.model.ResourceMethodInvoker.invoke(ResourceMethodInvoker.java:389)&#10;at org.glassfish.jersey.server.model.ResourceMethodInvoker.apply(ResourceMethodInvoker.java:347)&#10;at org.glassfish.jersey.server.model.ResourceMethodInvoker.apply(ResourceMethodInvoker.java:102)&#10;at org.glassfish.jersey.server.ServerRuntime$2.run(ServerRuntime.java:326)&#10;at org.glassfish.jersey.internal.Errors$1.call(Errors.java:271)&#10;at org.glassfish.jersey.internal.Errors$1.call(Errors.java:267)&#10;at org.glassfish.jersey.internal.Errors.process(Errors.java:315)&#10;at org.glassfish.jersey.internal.Errors.process(Errors.java:297)&#10;at org.glassfish.jersey.internal.Errors.process(Errors.java:267)&#10;at org.glassfish.jersey.process.internal.RequestScope.runInScope(RequestScope.java:317)&#10;at org.glassfish.jersey.server.ServerRuntime.process(ServerRuntime.java:305)&#10;at org.glassfish.jersey.server.ApplicationHandler.handle(ApplicationHandler.java:1154)&#10;at org.glassfish.jersey.servlet.WebComponent.serviceImpl(WebComponent.java:473)&#10;at org.glassfish.jersey.servlet.WebComponent.service(WebComponent.java:427)&#10;at org.glassfish.jersey.servlet.ServletContainer.service(ServletContainer.java:388)&#10;at org.glassfish.jersey.servlet.ServletContainer.service(ServletContainer.java:341)&#10;at org.glassfish.jersey.servlet.ServletContainer.service(ServletContainer.java:228)&#10;at org.eclipse.jetty.servlet.ServletHolder.handle(ServletHolder.java:799)&#10;at org.eclipse.jetty.servlet.ServletHandler$ChainEnd.doFilter(ServletHandler.java:1631)&#10;at io.dropwizard.servlets.ThreadNameFilter.doFilter(ThreadNameFilter.java:35)&#10;at org.eclipse.jetty.servlet.FilterHolder.doFilter(FilterHolder.java:193)&#10;at org.eclipse.jetty.servlet.ServletHandler$Chain.doFilter(ServletHandler.java:1601)&#10;at io.dropwizard.jersey.filter.AllowedMethodsFilter.handle(AllowedMethodsFilter.java:45)&#10;at io.dropwizard.jersey.filter.AllowedMethodsFilter.doFilter(AllowedMethodsFilter.java:39)&#10;at org.eclipse.jetty.servlet.FilterHolder.doFilter(FilterHolder.java:193)&#10;at org.eclipse.jetty.servlet.ServletHandler$Chain.doFilter(ServletHandler.java:1601)&#10;at org.finos.legend.server.pac4j.internal.UsernameFilter.doFilter(UsernameFilter.java:51)&#10;at org.eclipse.jetty.servlet.FilterHolder.doFilter(FilterHolder.java:193)&#10;at org.eclipse.jetty.servlet.ServletHandler$Chain.doFilter(ServletHandler.java:1601)&#10;at org.pac4j.j2e.filter.SecurityFilter.lambda$internalFilter$0(SecurityFilter.java:95)&#10;at org.pac4j.core.engine.DefaultSecurityLogic.perform(DefaultSecurityLogic.java:140)&#10;at org.pac4j.j2e.filter.SecurityFilter.internalFilter(SecurityFilter.java:93)&#10;at org.pac4j.j2e.filter.AbstractConfigFilter.doFilter(AbstractConfigFilter.java:81)&#10;at org.eclipse.jetty.servlet.FilterHolder.doFilter(FilterHolder.java:193)&#10;at org.eclipse.jetty.servlet.ServletHandler$Chain.doFilter(ServletHandler.java:1601)&#10;at org.eclipse.jetty.servlet.ServletHandler.doHandle(ServletHandler.java:548)&#10;at org.eclipse.jetty.server.handler.ScopedHandler.nextHandle(ScopedHandler.java:233)&#10;at org.eclipse.jetty.server.session.SessionHandler.doHandle(SessionHandler.java:1624)&#10;at org.eclipse.jetty.server.handler.ScopedHandler.nextHandle(ScopedHandler.java:233)&#10;at org.eclipse.jetty.server.handler.ContextHandler.doHandle(ContextHandler.java:1434)&#10;at org.eclipse.jetty.server.handler.ScopedHandler.nextScope(ScopedHandler.java:188)&#10;at org.eclipse.jetty.servlet.ServletHandler.doScope(ServletHandler.java:501)&#10;at org.eclipse.jetty.server.session.SessionHandler.doScope(SessionHandler.java:1594)&#10;at org.eclipse.jetty.server.handler.ScopedHandler.nextScope(ScopedHandler.java:186)&#10;at org.eclipse.jetty.server.handler.ContextHandler.doScope(ContextHandler.java:1349)&#10;at org.eclipse.jetty.server.handler.ScopedHandler.handle(ScopedHandler.java:141)&#10;at org.eclipse.jetty.server.handler.HandlerWrapper.handle(HandlerWrapper.java:127)&#10;at com.codahale.metrics.jetty9.InstrumentedHandler.handle(InstrumentedHandler.java:313)&#10;at io.dropwizard.jetty.ContextRoutingHandler.handle(ContextRoutingHandler.java:37)&#10;at org.eclipse.jetty.server.handler.gzip.GzipHandler.handle(GzipHandler.java:713)&#10;at io.dropwizard.jetty.BiDiGzipHandler.handle(BiDiGzipHandler.java:67)&#10;at org.eclipse.jetty.server.handler.StatisticsHandler.handle(StatisticsHandler.java:179)&#10;at org.eclipse.jetty.server.handler.HandlerWrapper.handle(HandlerWrapper.java:127)&#10;at org.eclipse.jetty.server.Server.handle(Server.java:516)&#10;at org.eclipse.jetty.server.HttpChannel.lambda$handle$1(HttpChannel.java:400)&#10;at org.eclipse.jetty.server.HttpChannel.dispatch(HttpChannel.java:645)&#10;at org.eclipse.jetty.server.HttpChannel.handle(HttpChannel.java:392)&#10;at org.eclipse.jetty.server.HttpConnection.onFillable(HttpConnection.java:277)&#10;at org.eclipse.jetty.io.AbstractConnection$ReadCallback.succeeded(AbstractConnection.java:311)&#10;at org.eclipse.jetty.io.FillInterest.fillable(FillInterest.java:105)&#10;at org.eclipse.jetty.io.ChannelEndPoint$1.run(ChannelEndPoint.java:104)&#10;at org.eclipse.jetty.util.thread.strategy.EatWhatYouKill.runTask(EatWhatYouKill.java:338)&#10;at org.eclipse.jetty.util.thread.strategy.EatWhatYouKill.doProduce(EatWhatYouKill.java:315)&#10;at org.eclipse.jetty.util.thread.strategy.EatWhatYouKill.tryProduce(EatWhatYouKill.java:173)&#10;at org.eclipse.jetty.util.thread.strategy.EatWhatYouKill.run(EatWhatYouKill.java:131)&#10;at org.eclipse.jetty.util.thread.ReservedThreadExecutor$ReservedThread.run(ReservedThreadExecutor.java:409)&#10;at org.eclipse.jetty.util.thread.QueuedThreadPool.runJob(QueuedThreadPool.java:883)&#10;at org.eclipse.jetty.util.thread.QueuedThreadPool$Runner.run(QueuedThreadPool.java:1034)&#10;at java.base/java.lang.Thread.run(Thread.java:829)&#10;Caused by: net.snowflake.client.jdbc.SnowflakeSQLException: SQL compilation error:&#10;Object &apos;PERSONTABLE&apos; does not exist or not authorized.&#10;at net.snowflake.client.jdbc.SnowflakeUtil.checkErrorAndThrowExceptionSub(SnowflakeUtil.java:127)&#10;at net.snowflake.client.jdbc.SnowflakeUtil.checkErrorAndThrowException(SnowflakeUtil.java:67)&#10;at net.snowflake.client.core.StmtUtil.pollForOutput(StmtUtil.java:442)&#10;at net.snowflake.client.core.StmtUtil.execute(StmtUtil.java:345)&#10;at net.snowflake.client.core.SFStatement.executeHelper(SFStatement.java:486)&#10;at net.snowflake.client.core.SFStatement.executeQueryInternal(SFStatement.java:197)&#10;at net.snowflake.client.core.SFStatement.executeQuery(SFStatement.java:134)&#10;at net.snowflake.client.core.SFStatement.execute(SFStatement.java:743)&#10;at net.snowflake.client.core.SFStatement.execute(SFStatement.java:639)&#10;at net.snowflake.client.jdbc.SnowflakeStatementV1.executeQueryInternal(SnowflakeStatementV1.java:238)&#10;at net.snowflake.client.jdbc.SnowflakeStatementV1.executeQuery(SnowflakeStatementV1.java:133)&#10;at com.zaxxer.hikari.pool.ProxyStatement.executeQuery(ProxyStatement.java:110)&#10;at com.zaxxer.hikari.pool.HikariProxyStatement.executeQuery(HikariProxyStatement.java)&#10;at org.finos.legend.engine.plan.execution.stores.relational.result.SQLExecutionResult.&lt;init&gt;(SQLExecutionResult.java:95)&#10;... 101 more&#10;&quot;}&apos;&quot;" type="Assert failure at (resource"><![CDATA[Assert failure at (resource:/platform/pure/basics/tests/assertEq.pure line:34 column:5), "500 '{"code":-1,"message":"SnowflakeSQLException: SQL compilation error:
Object 'PERSONTABLE' does not exist or not authorized.","status":"error","trace":"java.lang.RuntimeException: net.snowflake.client.jdbc.SnowflakeSQLException: SQL compilation error:
Object 'PERSONTABLE' does not exist or not authorized.
at org.finos.legend.engine.plan.execution.stores.relational.result.SQLExecutionResult.<init>(SQLExecutionResult.java:123)
at org.finos.legend.engine.plan.execution.stores.relational.RelationalExecutor.execute(RelationalExecutor.java:241)
at org.finos.legend.engine.plan.execution.stores.relational.plugin.RelationalExecutionNodeExecutor.visit(RelationalExecutionNodeExecutor.java:238)
at org.finos.legend.engine.plan.execution.stores.relational.plugin.RelationalExecutionNodeExecutor.visit(RelationalExecutionNodeExecutor.java:252)
at org.finos.legend.engine.plan.execution.stores.relational.plugin.RelationalExecutionNodeExecutor.visit(RelationalExecutionNodeExecutor.java:92)
at org.finos.legend.engine.protocol.pure.v1.model.executionPlan.nodes.RelationalTdsInstantiationExecutionNode.accept(RelationalTdsInstantiationExecutionNode.java:22)
at org.finos.legend.engine.plan.execution.stores.relational.RelationalExecutionExtension.lambda$getExtraNodeExecutors$fbe53481$1(RelationalExecutionExtension.java:50)
at org.finos.legend.engine.plan.execution.nodes.ExecutionNodeExecutor.lambda$visit$0(ExecutionNodeExecutor.java:164)
at java.base/java.util.stream.ReferencePipeline$3$1.accept(ReferencePipeline.java:195)
at java.base/java.util.Spliterators$ArraySpliterator.tryAdvance(Spliterators.java:958)
at java.base/java.util.stream.ReferencePipeline.forEachWithCancel(ReferencePipeline.java:127)
at java.base/java.util.stream.AbstractPipeline.copyIntoWithCancel(AbstractPipeline.java:502)
at java.base/java.util.stream.AbstractPipeline.copyInto(AbstractPipeline.java:488)
at java.base/java.util.stream.AbstractPipeline.wrapAndCopyInto(AbstractPipeline.java:474)
at java.base/java.util.stream.FindOps$FindOp.evaluateSequential(FindOps.java:150)
at java.base/java.util.stream.AbstractPipeline.evaluate(AbstractPipeline.java:234)
at java.base/java.util.stream.ReferencePipeline.findFirst(ReferencePipeline.java:543)
at org.finos.legend.engine.plan.execution.nodes.ExecutionNodeExecutor.visit(ExecutionNodeExecutor.java:164)
at org.finos.legend.engine.plan.execution.nodes.ExecutionNodeExecutor.visit(ExecutionNodeExecutor.java:107)
at org.finos.legend.engine.protocol.pure.v1.model.executionPlan.nodes.RelationalTdsInstantiationExecutionNode.accept(RelationalTdsInstantiationExecutionNode.java:22)
at org.finos.legend.engine.plan.execution.PlanExecutor.execute(PlanExecutor.java:238)
at org.finos.legend.engine.plan.execution.PlanExecutor.execute(PlanExecutor.java:225)
at org.finos.legend.engine.plan.execution.api.ExecutePlan.doExecutePlanLegacy(ExecutePlan.java:102)
at org.finos.legend.engine.plan.execution.api.ExecutePlan.doExecutePlan(ExecutePlan.java:84)
at org.finos.legend.engine.plan.execution.api.ExecutePlanLegacy.executePlan(ExecutePlanLegacy.java:56)
at jdk.internal.reflect.GeneratedMethodAccessor100.invoke(Unknown Source)
at java.base/jdk.internal.reflect.DelegatingMethodAccessorImpl.invoke(DelegatingMethodAccessorImpl.java:43)
at java.base/java.lang.reflect.Method.invoke(Method.java:566)
at org.glassfish.jersey.server.model.internal.ResourceMethodInvocationHandlerFactory$1.invoke(ResourceMethodInvocationHandlerFactory.java:81)
at org.glassfish.jersey.server.model.internal.AbstractJavaResourceMethodDispatcher$1.run(AbstractJavaResourceMethodDispatcher.java:144)
at org.glassfish.jersey.server.model.internal.AbstractJavaResourceMethodDispatcher.invoke(AbstractJavaResourceMethodDispatcher.java:161)
at org.glassfish.jersey.server.model.internal.JavaResourceMethodDispatcherProvider$ResponseOutInvoker.doDispatch(JavaResourceMethodDispatcherProvider.java:160)
at org.glassfish.jersey.server.model.internal.AbstractJavaResourceMethodDispatcher.dispatch(AbstractJavaResourceMethodDispatcher.java:99)
at org.glassfish.jersey.server.model.ResourceMethodInvoker.invoke(ResourceMethodInvoker.java:389)
at org.glassfish.jersey.server.model.ResourceMethodInvoker.apply(ResourceMethodInvoker.java:347)
at org.glassfish.jersey.server.model.ResourceMethodInvoker.apply(ResourceMethodInvoker.java:102)
at org.glassfish.jersey.server.ServerRuntime$2.run(ServerRuntime.java:326)
at org.glassfish.jersey.internal.Errors$1.call(Errors.java:271)
at org.glassfish.jersey.internal.Errors$1.call(Errors.java:267)
at org.glassfish.jersey.internal.Errors.process(Errors.java:315)
at org.glassfish.jersey.internal.Errors.process(Errors.java:297)
at org.glassfish.jersey.internal.Errors.process(Errors.java:267)
at org.glassfish.jersey.process.internal.RequestScope.runInScope(RequestScope.java:317)
at org.glassfish.jersey.server.ServerRuntime.process(ServerRuntime.java:305)
at org.glassfish.jersey.server.ApplicationHandler.handle(ApplicationHandler.java:1154)
at org.glassfish.jersey.servlet.WebComponent.serviceImpl(WebComponent.java:473)
at org.glassfish.jersey.servlet.WebComponent.service(WebComponent.java:427)
at org.glassfish.jersey.servlet.ServletContainer.service(ServletContainer.java:388)
at org.glassfish.jersey.servlet.ServletContainer.service(ServletContainer.java:341)
at org.glassfish.jersey.servlet.ServletContainer.service(ServletContainer.java:228)
at org.eclipse.jetty.servlet.ServletHolder.handle(ServletHolder.java:799)
at org.eclipse.jetty.servlet.ServletHandler$ChainEnd.doFilter(ServletHandler.java:1631)
at io.dropwizard.servlets.ThreadNameFilter.doFilter(ThreadNameFilter.java:35)
at org.eclipse.jetty.servlet.FilterHolder.doFilter(FilterHolder.java:193)
at org.eclipse.jetty.servlet.ServletHandler$Chain.doFilter(ServletHandler.java:1601)
at io.dropwizard.jersey.filter.AllowedMethodsFilter.handle(AllowedMethodsFilter.java:45)
at io.dropwizard.jersey.filter.AllowedMethodsFilter.doFilter(AllowedMethodsFilter.java:39)
at org.eclipse.jetty.servlet.FilterHolder.doFilter(FilterHolder.java:193)
at org.eclipse.jetty.servlet.ServletHandler$Chain.doFilter(ServletHandler.java:1601)
at org.finos.legend.server.pac4j.internal.UsernameFilter.doFilter(UsernameFilter.java:51)
at org.eclipse.jetty.servlet.FilterHolder.doFilter(FilterHolder.java:193)
at org.eclipse.jetty.servlet.ServletHandler$Chain.doFilter(ServletHandler.java:1601)
at org.pac4j.j2e.filter.SecurityFilter.lambda$internalFilter$0(SecurityFilter.java:95)
at org.pac4j.core.engine.DefaultSecurityLogic.perform(DefaultSecurityLogic.java:140)
at org.pac4j.j2e.filter.SecurityFilter.internalFilter(SecurityFilter.java:93)
at org.pac4j.j2e.filter.AbstractConfigFilter.doFilter(AbstractConfigFilter.java:81)
at org.eclipse.jetty.servlet.FilterHolder.doFilter(FilterHolder.java:193)
at org.eclipse.jetty.servlet.ServletHandler$Chain.doFilter(ServletHandler.java:1601)
at org.eclipse.jetty.servlet.ServletHandler.doHandle(ServletHandler.java:548)
at org.eclipse.jetty.server.handler.ScopedHandler.nextHandle(ScopedHandler.java:233)
at org.eclipse.jetty.server.session.SessionHandler.doHandle(SessionHandler.java:1624)
at org.eclipse.jetty.server.handler.ScopedHandler.nextHandle(ScopedHandler.java:233)
at org.eclipse.jetty.server.handler.ContextHandler.doHandle(ContextHandler.java:1434)
at org.eclipse.jetty.server.handler.ScopedHandler.nextScope(ScopedHandler.java:188)
at org.eclipse.jetty.servlet.ServletHandler.doScope(ServletHandler.java:501)
at org.eclipse.jetty.server.session.SessionHandler.doScope(SessionHandler.java:1594)
at org.eclipse.jetty.server.handler.ScopedHandler.nextScope(ScopedHandler.java:186)
at org.eclipse.jetty.server.handler.ContextHandler.doScope(ContextHandler.java:1349)
at org.eclipse.jetty.server.handler.ScopedHandler.handle(ScopedHandler.java:141)
at org.eclipse.jetty.server.handler.HandlerWrapper.handle(HandlerWrapper.java:127)
at com.codahale.metrics.jetty9.InstrumentedHandler.handle(InstrumentedHandler.java:313)
at io.dropwizard.jetty.ContextRoutingHandler.handle(ContextRoutingHandler.java:37)
at org.eclipse.jetty.server.handler.gzip.GzipHandler.handle(GzipHandler.java:713)
at io.dropwizard.jetty.BiDiGzipHandler.handle(BiDiGzipHandler.java:67)
at org.eclipse.jetty.server.handler.StatisticsHandler.handle(StatisticsHandler.java:179)
at org.eclipse.jetty.server.handler.HandlerWrapper.handle(HandlerWrapper.java:127)
at org.eclipse.jetty.server.Server.handle(Server.java:516)
at org.eclipse.jetty.server.HttpChannel.lambda$handle$1(HttpChannel.java:400)
at org.eclipse.jetty.server.HttpChannel.dispatch(HttpChannel.java:645)
at org.eclipse.jetty.server.HttpChannel.handle(HttpChannel.java:392)
at org.eclipse.jetty.server.HttpConnection.onFillable(HttpConnection.java:277)
at org.eclipse.jetty.io.AbstractConnection$ReadCallback.succeeded(AbstractConnection.java:311)
at org.eclipse.jetty.io.FillInterest.fillable(FillInterest.java:105)
at org.eclipse.jetty.io.ChannelEndPoint$1.run(ChannelEndPoint.java:104)
at org.eclipse.jetty.util.thread.strategy.EatWhatYouKill.runTask(EatWhatYouKill.java:338)
at org.eclipse.jetty.util.thread.strategy.EatWhatYouKill.doProduce(EatWhatYouKill.java:315)
at org.eclipse.jetty.util.thread.strategy.EatWhatYouKill.tryProduce(EatWhatYouKill.java:173)
at org.eclipse.jetty.util.thread.strategy.EatWhatYouKill.run(EatWhatYouKill.java:131)
at org.eclipse.jetty.util.thread.ReservedThreadExecutor$ReservedThread.run(ReservedThreadExecutor.java:409)
at org.eclipse.jetty.util.thread.QueuedThreadPool.runJob(QueuedThreadPool.java:883)
at org.eclipse.jetty.util.thread.QueuedThreadPool$Runner.run(QueuedThreadPool.java:1034)
at java.base/java.lang.Thread.run(Thread.java:829)
Caused by: net.snowflake.client.jdbc.SnowflakeSQLException: SQL compilation error:
Object 'PERSONTABLE' does not exist or not authorized.
at net.snowflake.client.jdbc.SnowflakeUtil.checkErrorAndThrowExceptionSub(SnowflakeUtil.java:127)
at net.snowflake.client.jdbc.SnowflakeUtil.checkErrorAndThrowException(SnowflakeUtil.java:67)
at net.snowflake.client.core.StmtUtil.pollForOutput(StmtUtil.java:442)
at net.snowflake.client.core.StmtUtil.execute(StmtUtil.java:345)
at net.snowflake.client.core.SFStatement.executeHelper(SFStatement.java:486)
at net.snowflake.client.core.SFStatement.executeQueryInternal(SFStatement.java:197)
at net.snowflake.client.core.SFStatement.executeQuery(SFStatement.java:134)
at net.snowflake.client.core.SFStatement.execute(SFStatement.java:743)
at net.snowflake.client.core.SFStatement.execute(SFStatement.java:639)
at net.snowflake.client.jdbc.SnowflakeStatementV1.executeQueryInternal(SnowflakeStatementV1.java:238)
at net.snowflake.client.jdbc.SnowflakeStatementV1.executeQuery(SnowflakeStatementV1.java:133)
at com.zaxxer.hikari.pool.ProxyStatement.executeQuery(ProxyStatement.java:110)
at com.zaxxer.hikari.pool.HikariProxyStatement.executeQuery(HikariProxyStatement.java)
at org.finos.legend.engine.plan.execution.stores.relational.result.SQLExecutionResult.<init>(SQLExecutionResult.java:95)
... 101 more
"}'"
	at org.finos.legend.pure.runtime.java.compiled.generation.processors.support.CompiledSupport.pureAssert(CompiledSupport.java:1994)
	at org.finos.legend.pure.generated.platform_pure_basics_tests_assertEq.Root_meta_pure_functions_asserts_assertEq_Any_1__Any_1__Function_1__Boolean_1_(platform_pure_basics_tests_assertEq.java:44)
	at org.finos.legend.pure.generated.core_pure_protocol_vX_X_X_invocations_execution.Root_meta_protocols_pure_vX_X_X_invocation_execution_execute_executePlan_String_1__String_1__Integer_1__String_1_(core_pure_protocol_vX_X_X_invocations_execution.java:751)
	at org.finos.legend.pure.generated.core_pure_protocol_vX_X_X_invocations_execution.Root_meta_protocols_pure_vX_X_X_invocation_execution_execute_executePlan_ExecutionPlan_1__String_1__Integer_1__Extension_MANY__String_1_(core_pure_protocol_vX_X_X_invocations_execution.java:745)
	at org.finos.legend.pure.generated.core_pure_protocol_vX_X_X_invocations_execution.Root_meta_protocols_pure_vX_X_X_invocation_execution_execute_executePlan_ExecutionPlan_1__ExecutionContext_$0_1$__String_1__Integer_1__Extension_MANY__Result_1_(core_pure_protocol_vX_X_X_invocations_execution.java:738)
	at jdk.internal.reflect.GeneratedMethodAccessor96.invoke(Unknown Source)
	at java.base/jdk.internal.reflect.DelegatingMethodAccessorImpl.invoke(DelegatingMethodAccessorImpl.java:43)
	at java.base/java.lang.reflect.Method.invoke(Method.java:566)
	at org.finos.legend.pure.runtime.java.compiled.metadata.JavaMethodWithParamsSharedPureFunction.execute(JavaMethodWithParamsSharedPureFunction.java:59)
	at org.finos.legend.pure.runtime.java.compiled.generation.processors.support.Pure._evaluateToMany(Pure.java:546)
	at org.finos.legend.pure.generated.CoreGen.evaluateToMany(CoreGen.java:147)
	at org.finos.legend.pure.generated.CoreGen.evaluateToMany(CoreGen.java:134)
	at org.finos.legend.pure.generated.core_pure_router_router_entry$9$1.value(core_pure_router_router_entry.java:318)
	at org.finos.legend.pure.generated.core_pure_router_router_entry$9$1.execute(core_pure_router_router_entry.java:311)
	at org.finos.legend.pure.generated.core_pure_router_router_entry$9$1.execute(core_pure_router_router_entry.java:307)
	at org.finos.legend.pure.runtime.java.compiled.generation.processors.support.Pure.evaluate(Pure.java:485)
	at org.finos.legend.pure.runtime.java.compiled.generation.processors.support.Pure.legendTest(Pure.java:216)
	at org.finos.legend.pure.generated.CoreGen.legendTest(CoreGen.java:61)
	at org.finos.legend.pure.generated.core_pure_router_router_entry$9.valueOf(core_pure_router_router_entry.java:303)
	at org.finos.legend.pure.generated.core_pure_router_router_entry$9.execute(core_pure_router_router_entry.java:298)
	at org.finos.legend.pure.generated.core_pure_router_router_entry$9.execute(core_pure_router_router_entry.java:294)
	at org.finos.legend.pure.runtime.java.compiled.generation.processors.support.Pure.evaluate(Pure.java:485)
	at org.finos.legend.pure.runtime.java.compiled.generation.processors.support.Pure.traceSpan(Pure.java:1482)
	at org.finos.legend.pure.generated.CoreGen.traceSpan(CoreGen.java:203)
	at org.finos.legend.pure.generated.core_pure_router_router_entry.Root_meta_pure_router_executePlan_ExecutionPlan_1__ExecutionContext_1__Extension_MANY__Result_$0_1$_(core_pure_router_router_entry.java:290)
	at org.finos.legend.pure.generated.core_pure_router_router_entry.Root_meta_pure_router_executePlan_ExecutionPlan_1__Extension_MANY__Result_$0_1$_(core_pure_router_router_entry.java:285)
	at org.finos.legend.pure.generated.core_relational_relational_sqlQueryToString_dbTestRunner_executionPlanTestRunner$19.execute(core_relational_relational_sqlQueryToString_dbTestRunner_executionPlanTestRunner.java:305)
	at org.finos.legend.pure.generated.core_relational_relational_sqlQueryToString_dbTestRunner_executionPlanTestRunner.Root_meta_relational_dbTestRunner_executeViaPlan_FunctionDefinition_1__Mapping_1__Database_1__DbTestConfig_1__Extension_MANY__Result_$0_1$_(core_relational_relational_sqlQueryToString_dbTestRunner_executionPlanTestRunner.java:309)
	at org.finos.legend.pure.generated.core_relational_relational_sqlQueryToString_testSuite_selectSubClauses_union.Root_meta_relational_tests_dbSpecificTests_sqlQueryTests_selectSubClauses_union_testSimpleConcatenate_DbTestConfig_1__Boolean_1_(core_relational_relational_sqlQueryToString_testSuite_selectSubClauses_union.java:293)
	at java.base/jdk.internal.reflect.NativeMethodAccessorImpl.invoke0(Native Method)
	at java.base/jdk.internal.reflect.NativeMethodAccessorImpl.invoke(NativeMethodAccessorImpl.java:62)
	at java.base/jdk.internal.reflect.DelegatingMethodAccessorImpl.invoke(DelegatingMethodAccessorImpl.java:43)
	at java.base/java.lang.reflect.Method.invoke(Method.java:566)
	at org.finos.legend.pure.runtime.java.compiled.testHelper.PureTestBuilderCompiled.executeFn(PureTestBuilderCompiled.java:113)
	at org.finos.legend.pure.runtime.java.compiled.testHelper.PureTestBuilderCompiled.lambda$buildSuite$0(PureTestBuilderCompiled.java:79)
	at org.finos.legend.pure.m3.execution.test.PureTestBuilder$PureTestCase.runTest(PureTestBuilder.java:95)
	at junit.framework.TestCase.runBare(TestCase.java:142)
	at org.finos.legend.engine.server.test.shared.Relational_DbSpecific_UsingPureClientTestSuite$2.runTest(Relational_DbSpecific_UsingPureClientTestSuite.java:90)
	at junit.framework.TestCase.runBare(TestCase.java:142)
	at junit.framework.TestResult$1.protect(TestResult.java:122)
	at junit.framework.TestResult.runProtected(TestResult.java:142)
	at junit.framework.TestResult.run(TestResult.java:125)
	at junit.framework.TestCase.run(TestCase.java:130)
	at junit.framework.TestSuite.runTest(TestSuite.java:241)
	at junit.framework.TestSuite.run(TestSuite.java:236)
	at junit.framework.TestSuite.runTest(TestSuite.java:241)
	at junit.framework.TestSuite.run(TestSuite.java:236)
	at junit.framework.TestSuite.runTest(TestSuite.java:241)
	at junit.framework.TestSuite.run(TestSuite.java:236)
	at junit.framework.TestSuite.runTest(TestSuite.java:241)
	at junit.framework.TestSuite.run(TestSuite.java:236)
	at junit.framework.TestSuite.runTest(TestSuite.java:241)
	at junit.framework.TestSuite.run(TestSuite.java:236)
	at junit.extensions.TestDecorator.basicRun(TestDecorator.java:24)
	at junit.extensions.TestSetup$1.protect(TestSetup.java:23)
	at junit.framework.TestResult.runProtected(TestResult.java:142)
	at junit.extensions.TestSetup.run(TestSetup.java:27)
	at org.junit.internal.runners.JUnit38ClassRunner.run(JUnit38ClassRunner.java:90)
	at org.apache.maven.surefire.junit4.JUnit4Provider.execute(JUnit4Provider.java:365)
	at org.apache.maven.surefire.junit4.JUnit4Provider.executeWithRerun(JUnit4Provider.java:273)
	at org.apache.maven.surefire.junit4.JUnit4Provider.executeTestSet(JUnit4Provider.java:238)
	at org.apache.maven.surefire.junit4.JUnit4Provider.invoke(JUnit4Provider.java:159)
	at org.apache.maven.surefire.booter.ForkedBooter.invokeProviderInSameClassLoader(ForkedBooter.java:384)
	at org.apache.maven.surefire.booter.ForkedBooter.runSuitesInProcess(ForkedBooter.java:345)
	at org.apache.maven.surefire.booter.ForkedBooter.execute(ForkedBooter.java:126)
	at org.apache.maven.surefire.booter.ForkedBooter.main(ForkedBooter.java:418)
]]></error>
    <system-out><![CDATA[Running db test selectSubClauses::union::testSimpleConcatenate
{"duration":0.0,"eventType":"EXECUTION_PLAN_EXEC_ERROR","info":{"code":-1,"message":"SnowflakeSQLException: SQL compilation error:\nObject 'PERSONTABLE' does not exist or not authorized.","status":"error","trace":"java.lang.RuntimeException: net.snowflake.client.jdbc.SnowflakeSQLException: SQL compilation error:\nObject 'PERSONTABLE' does not exist or not authorized.\n\tat org.finos.legend.engine.plan.execution.stores.relational.result.SQLExecutionResult.<init>(SQLExecutionResult.java:123)\n\tat org.finos.legend.engine.plan.execution.stores.relational.RelationalExecutor.execute(RelationalExecutor.java:241)\n\tat org.finos.legend.engine.plan.execution.stores.relational.plugin.RelationalExecutionNodeExecutor.visit(RelationalExecutionNodeExecutor.java:238)\n\tat org.finos.legend.engine.plan.execution.stores.relational.plugin.RelationalExecutionNodeExecutor.visit(RelationalExecutionNodeExecutor.java:252)\n\tat org.finos.legend.engine.plan.execution.stores.relational.plugin.RelationalExecutionNodeExecutor.visit(RelationalExecutionNodeExecutor.java:92)\n\tat org.finos.legend.engine.protocol.pure.v1.model.executionPlan.nodes.RelationalTdsInstantiationExecutionNode.accept(RelationalTdsInstantiationExecutionNode.java:22)\n\tat org.finos.legend.engine.plan.execution.stores.relational.RelationalExecutionExtension.lambda$getExtraNodeExecutors$fbe53481$1(RelationalExecutionExtension.java:50)\n\tat org.finos.legend.engine.plan.execution.nodes.ExecutionNodeExecutor.lambda$visit$0(ExecutionNodeExecutor.java:164)\n\tat java.base/java.util.stream.ReferencePipeline$3$1.accept(ReferencePipeline.java:195)\n\tat java.base/java.util.Spliterators$ArraySpliterator.tryAdvance(Spliterators.java:958)\n\tat java.base/java.util.stream.ReferencePipeline.forEachWithCancel(ReferencePipeline.java:127)\n\tat java.base/java.util.stream.AbstractPipeline.copyIntoWithCancel(AbstractPipeline.java:502)\n\tat java.base/java.util.stream.AbstractPipeline.copyInto(AbstractPipeline.java:488)\n\tat java.base/java.util.stream.AbstractPipeline.wrapAndCopyInto(AbstractPipeline.java:474)\n\tat java.base/java.util.stream.FindOps$FindOp.evaluateSequential(FindOps.java:150)\n\tat java.base/java.util.stream.AbstractPipeline.evaluate(AbstractPipeline.java:234)\n\tat java.base/java.util.stream.ReferencePipeline.findFirst(ReferencePipeline.java:543)\n\tat org.finos.legend.engine.plan.execution.nodes.ExecutionNodeExecutor.visit(ExecutionNodeExecutor.java:164)\n\tat org.finos.legend.engine.plan.execution.nodes.ExecutionNodeExecutor.visit(ExecutionNodeExecutor.java:107)\n\tat org.finos.legend.engine.protocol.pure.v1.model.executionPlan.nodes.RelationalTdsInstantiationExecutionNode.accept(RelationalTdsInstantiationExecutionNode.java:22)\n\tat org.finos.legend.engine.plan.execution.PlanExecutor.execute(PlanExecutor.java:238)\n\tat org.finos.legend.engine.plan.execution.PlanExecutor.execute(PlanExecutor.java:225)\n\tat org.finos.legend.engine.plan.execution.api.ExecutePlan.doExecutePlanLegacy(ExecutePlan.java:102)\n\tat org.finos.legend.engine.plan.execution.api.ExecutePlan.doExecutePlan(ExecutePlan.java:84)\n\tat org.finos.legend.engine.plan.execution.api.ExecutePlanLegacy.executePlan(ExecutePlanLegacy.java:56)\n\tat jdk.internal.reflect.GeneratedMethodAccessor100.invoke(Unknown Source)\n\tat java.base/jdk.internal.reflect.DelegatingMethodAccessorImpl.invoke(DelegatingMethodAccessorImpl.java:43)\n\tat java.base/java.lang.reflect.Method.invoke(Method.java:566)\n\tat org.glassfish.jersey.server.model.internal.ResourceMethodInvocationHandlerFactory$1.invoke(ResourceMethodInvocationHandlerFactory.java:81)\n\tat org.glassfish.jersey.server.model.internal.AbstractJavaResourceMethodDispatcher$1.run(AbstractJavaResourceMethodDispatcher.java:144)\n\tat org.glassfish.jersey.server.model.internal.AbstractJavaResourceMethodDispatcher.invoke(AbstractJavaResourceMethodDispatcher.java:161)\n\tat org.glassfish.jersey.server.model.internal.JavaResourceMethodDispatcherProvider$ResponseOutInvoker.doDispatch(JavaResourceMethodDispatcherProvider.java:160)\n\tat org.glassfish.jersey.server.model.internal.AbstractJavaResourceMethodDispatcher.dispatch(AbstractJavaResourceMethodDispatcher.java:99)\n\tat org.glassfish.jersey.server.model.ResourceMethodInvoker.invoke(ResourceMethodInvoker.java:389)\n\tat org.glassfish.jersey.server.model.ResourceMethodInvoker.apply(ResourceMethodInvoker.java:347)\n\tat org.glassfish.jersey.server.model.ResourceMethodInvoker.apply(ResourceMethodInvoker.java:102)\n\tat org.glassfish.jersey.server.ServerRuntime$2.run(ServerRuntime.java:326)\n\tat org.glassfish.jersey.internal.Errors$1.call(Errors.java:271)\n\tat org.glassfish.jersey.internal.Errors$1.call(Errors.java:267)\n\tat org.glassfish.jersey.internal.Errors.process(Errors.java:315)\n\tat org.glassfish.jersey.internal.Errors.process(Errors.java:297)\n\tat org.glassfish.jersey.internal.Errors.process(Errors.java:267)\n\tat org.glassfish.jersey.process.internal.RequestScope.runInScope(RequestScope.java:317)\n\tat org.glassfish.jersey.server.ServerRuntime.process(ServerRuntime.java:305)\n\tat org.glassfish.jersey.server.ApplicationHandler.handle(ApplicationHandler.java:1154)\n\tat org.glassfish.jersey.servlet.WebComponent.serviceImpl(WebComponent.java:473)\n\tat org.glassfish.jersey.servlet.WebComponent.service(WebComponent.java:427)\n\tat org.glassfish.jersey.servlet.ServletContainer.service(ServletContainer.java:388)\n\tat org.glassfish.jersey.servlet.ServletContainer.service(ServletContainer.java:341)\n\tat org.glassfish.jersey.servlet.ServletContainer.service(ServletContainer.java:228)\n\tat org.eclipse.jetty.servlet.ServletHolder.handle(ServletHolder.java:799)\n\tat org.eclipse.jetty.servlet.ServletHandler$ChainEnd.doFilter(ServletHandler.java:1631)\n\tat io.dropwizard.servlets.ThreadNameFilter.doFilter(ThreadNameFilter.java:35)\n\tat org.eclipse.jetty.servlet.FilterHolder.doFilter(FilterHolder.java:193)\n\tat org.eclipse.jetty.servlet.ServletHandler$Chain.doFilter(ServletHandler.java:1601)\n\tat io.dropwizard.jersey.filter.AllowedMethodsFilter.handle(AllowedMethodsFilter.java:45)\n\tat io.dropwizard.jersey.filter.AllowedMethodsFilter.doFilter(AllowedMethodsFilter.java:39)\n\tat org.eclipse.jetty.servlet.FilterHolder.doFilter(FilterHolder.java:193)\n\tat org.eclipse.jetty.servlet.ServletHandler$Chain.doFilter(ServletHandler.java:1601)\n\tat org.finos.legend.server.pac4j.internal.UsernameFilter.doFilter(UsernameFilter.java:51)\n\tat org.eclipse.jetty.servlet.FilterHolder.doFilter(FilterHolder.java:193)\n\tat org.eclipse.jetty.servlet.ServletHandler$Chain.doFilter(ServletHandler.java:1601)\n\tat org.pac4j.j2e.filter.SecurityFilter.lambda$internalFilter$0(SecurityFilter.java:95)\n\tat org.pac4j.core.engine.DefaultSecurityLogic.perform(DefaultSecurityLogic.java:140)\n\tat org.pac4j.j2e.filter.SecurityFilter.internalFilter(SecurityFilter.java:93)\n\tat org.pac4j.j2e.filter.AbstractConfigFilter.doFilter(AbstractConfigFilter.java:81)\n\tat org.eclipse.jetty.servlet.FilterHolder.doFilter(FilterHolder.java:193)\n\tat org.eclipse.jetty.servlet.ServletHandler$Chain.doFilter(ServletHandler.java:1601)\n\tat org.eclipse.jetty.servlet.ServletHandler.doHandle(ServletHandler.java:548)\n\tat org.eclipse.jetty.server.handler.ScopedHandler.nextHandle(ScopedHandler.java:233)\n\tat org.eclipse.jetty.server.session.SessionHandler.doHandle(SessionHandler.java:1624)\n\tat org.eclipse.jetty.server.handler.ScopedHandler.nextHandle(ScopedHandler.java:233)\n\tat org.eclipse.jetty.server.handler.ContextHandler.doHandle(ContextHandler.java:1434)\n\tat org.eclipse.jetty.server.handler.ScopedHandler.nextScope(ScopedHandler.java:188)\n\tat org.eclipse.jetty.servlet.ServletHandler.doScope(ServletHandler.java:501)\n\tat org.eclipse.jetty.server.session.SessionHandler.doScope(SessionHandler.java:1594)\n\tat org.eclipse.jetty.server.handler.ScopedHandler.nextScope(ScopedHandler.java:186)\n\tat org.eclipse.jetty.server.handler.ContextHandler.doScope(ContextHandler.java:1349)\n\tat org.eclipse.jetty.server.handler.ScopedHandler.handle(ScopedHandler.java:141)\n\tat org.eclipse.jetty.server.handler.HandlerWrapper.handle(HandlerWrapper.java:127)\n\tat com.codahale.metrics.jetty9.InstrumentedHandler.handle(InstrumentedHandler.java:313)\n\tat io.dropwizard.jetty.ContextRoutingHandler.handle(ContextRoutingHandler.java:37)\n\tat org.eclipse.jetty.server.handler.gzip.GzipHandler.handle(GzipHandler.java:713)\n\tat io.dropwizard.jetty.BiDiGzipHandler.handle(BiDiGzipHandler.java:67)\n\tat org.eclipse.jetty.server.handler.StatisticsHandler.handle(StatisticsHandler.java:179)\n\tat org.eclipse.jetty.server.handler.HandlerWrapper.handle(HandlerWrapper.java:127)\n\tat org.eclipse.jetty.server.Server.handle(Server.java:516)\n\tat org.eclipse.jetty.server.HttpChannel.lambda$handle$1(HttpChannel.java:400)\n\tat org.eclipse.jetty.server.HttpChannel.dispatch(HttpChannel.java:645)\n\tat org.eclipse.jetty.server.HttpChannel.handle(HttpChannel.java:392)\n\tat org.eclipse.jetty.server.HttpConnection.onFillable(HttpConnection.java:277)\n\tat org.eclipse.jetty.io.AbstractConnection$ReadCallback.succeeded(AbstractConnection.java:311)\n\tat org.eclipse.jetty.io.FillInterest.fillable(FillInterest.java:105)\n\tat org.eclipse.jetty.io.ChannelEndPoint$1.run(ChannelEndPoint.java:104)\n\tat org.eclipse.jetty.util.thread.strategy.EatWhatYouKill.runTask(EatWhatYouKill.java:338)\n\tat org.eclipse.jetty.util.thread.strategy.EatWhatYouKill.doProduce(EatWhatYouKill.java:315)\n\tat org.eclipse.jetty.util.thread.strategy.EatWhatYouKill.tryProduce(EatWhatYouKill.java:173)\n\tat org.eclipse.jetty.util.thread.strategy.EatWhatYouKill.run(EatWhatYouKill.java:131)\n\tat org.eclipse.jetty.util.thread.ReservedThreadExecutor$ReservedThread.run(ReservedThreadExecutor.java:409)\n\tat org.eclipse.jetty.util.thread.QueuedThreadPool.runJob(QueuedThreadPool.java:883)\n\tat org.eclipse.jetty.util.thread.QueuedThreadPool$Runner.run(QueuedThreadPool.java:1034)\n\tat java.base/java.lang.Thread.run(Thread.java:829)\nCaused by: net.snowflake.client.jdbc.SnowflakeSQLException: SQL compilation error:\nObject 'PERSONTABLE' does not exist or not authorized.\n\tat net.snowflake.client.jdbc.SnowflakeUtil.checkErrorAndThrowExceptionSub(SnowflakeUtil.java:127)\n\tat net.snowflake.client.jdbc.SnowflakeUtil.checkErrorAndThrowException(SnowflakeUtil.java:67)\n\tat net.snowflake.client.core.StmtUtil.pollForOutput(StmtUtil.java:442)\n\tat net.snowflake.client.core.StmtUtil.execute(StmtUtil.java:345)\n\tat net.snowflake.client.core.SFStatement.executeHelper(SFStatement.java:486)\n\tat net.snowflake.client.core.SFStatement.executeQueryInternal(SFStatement.java:197)\n\tat net.snowflake.client.core.SFStatement.executeQuery(SFStatement.java:134)\n\tat net.snowflake.client.core.SFStatement.execute(SFStatement.java:743)\n\tat net.snowflake.client.core.SFStatement.execute(SFStatement.java:639)\n\tat net.snowflake.client.jdbc.SnowflakeStatementV1.executeQueryInternal(SnowflakeStatementV1.java:238)\n\tat net.snowflake.client.jdbc.SnowflakeStatementV1.executeQuery(SnowflakeStatementV1.java:133)\n\tat com.zaxxer.hikari.pool.ProxyStatement.executeQuery(ProxyStatement.java:110)\n\tat com.zaxxer.hikari.pool.HikariProxyStatement.executeQuery(HikariProxyStatement.java)\n\tat org.finos.legend.engine.plan.execution.stores.relational.result.SQLExecutionResult.<init>(SQLExecutionResult.java:95)\n\t... 101 more\n"},"mode":"DEV","timeStamp":"2023-02-23 01:31:59.577","user":"_UNKNOWN_"}
| **selectSubClauses::union::testSimpleConcatenate** | failing :x: |
]]></system-out>
  </testcase>
  <testcase name="testUnionOnViewsMapping[Snowflake]" classname="org.finos.legend.engine.server.test.shared.Relational_DbSpecific_UsingPureClientTestSuite$2" time="0.737">
    <error message="Assert failure at (resource:/platform/pure/basics/tests/assertEq.pure line:34 column:5), &quot;500 &apos;{&quot;code&quot;:-1,&quot;message&quot;:&quot;SnowflakeSQLException: SQL compilation error:&#10;Object &apos;ORDERPNLTABLE&apos; does not exist or not authorized.&quot;,&quot;status&quot;:&quot;error&quot;,&quot;trace&quot;:&quot;java.lang.RuntimeException: net.snowflake.client.jdbc.SnowflakeSQLException: SQL compilation error:&#10;Object &apos;ORDERPNLTABLE&apos; does not exist or not authorized.&#10;at org.finos.legend.engine.plan.execution.stores.relational.result.SQLExecutionResult.&lt;init&gt;(SQLExecutionResult.java:123)&#10;at org.finos.legend.engine.plan.execution.stores.relational.RelationalExecutor.execute(RelationalExecutor.java:241)&#10;at org.finos.legend.engine.plan.execution.stores.relational.plugin.RelationalExecutionNodeExecutor.visit(RelationalExecutionNodeExecutor.java:238)&#10;at org.finos.legend.engine.plan.execution.stores.relational.plugin.RelationalExecutionNodeExecutor.visit(RelationalExecutionNodeExecutor.java:252)&#10;at org.finos.legend.engine.plan.execution.stores.relational.plugin.RelationalExecutionNodeExecutor.visit(RelationalExecutionNodeExecutor.java:92)&#10;at org.finos.legend.engine.protocol.pure.v1.model.executionPlan.nodes.RelationalTdsInstantiationExecutionNode.accept(RelationalTdsInstantiationExecutionNode.java:22)&#10;at org.finos.legend.engine.plan.execution.stores.relational.RelationalExecutionExtension.lambda$getExtraNodeExecutors$fbe53481$1(RelationalExecutionExtension.java:50)&#10;at org.finos.legend.engine.plan.execution.nodes.ExecutionNodeExecutor.lambda$visit$0(ExecutionNodeExecutor.java:164)&#10;at java.base/java.util.stream.ReferencePipeline$3$1.accept(ReferencePipeline.java:195)&#10;at java.base/java.util.Spliterators$ArraySpliterator.tryAdvance(Spliterators.java:958)&#10;at java.base/java.util.stream.ReferencePipeline.forEachWithCancel(ReferencePipeline.java:127)&#10;at java.base/java.util.stream.AbstractPipeline.copyIntoWithCancel(AbstractPipeline.java:502)&#10;at java.base/java.util.stream.AbstractPipeline.copyInto(AbstractPipeline.java:488)&#10;at java.base/java.util.stream.AbstractPipeline.wrapAndCopyInto(AbstractPipeline.java:474)&#10;at java.base/java.util.stream.FindOps$FindOp.evaluateSequential(FindOps.java:150)&#10;at java.base/java.util.stream.AbstractPipeline.evaluate(AbstractPipeline.java:234)&#10;at java.base/java.util.stream.ReferencePipeline.findFirst(ReferencePipeline.java:543)&#10;at org.finos.legend.engine.plan.execution.nodes.ExecutionNodeExecutor.visit(ExecutionNodeExecutor.java:164)&#10;at org.finos.legend.engine.plan.execution.nodes.ExecutionNodeExecutor.visit(ExecutionNodeExecutor.java:107)&#10;at org.finos.legend.engine.protocol.pure.v1.model.executionPlan.nodes.RelationalTdsInstantiationExecutionNode.accept(RelationalTdsInstantiationExecutionNode.java:22)&#10;at org.finos.legend.engine.plan.execution.PlanExecutor.execute(PlanExecutor.java:238)&#10;at org.finos.legend.engine.plan.execution.PlanExecutor.execute(PlanExecutor.java:225)&#10;at org.finos.legend.engine.plan.execution.api.ExecutePlan.doExecutePlanLegacy(ExecutePlan.java:102)&#10;at org.finos.legend.engine.plan.execution.api.ExecutePlan.doExecutePlan(ExecutePlan.java:84)&#10;at org.finos.legend.engine.plan.execution.api.ExecutePlanLegacy.executePlan(ExecutePlanLegacy.java:56)&#10;at jdk.internal.reflect.GeneratedMethodAccessor100.invoke(Unknown Source)&#10;at java.base/jdk.internal.reflect.DelegatingMethodAccessorImpl.invoke(DelegatingMethodAccessorImpl.java:43)&#10;at java.base/java.lang.reflect.Method.invoke(Method.java:566)&#10;at org.glassfish.jersey.server.model.internal.ResourceMethodInvocationHandlerFactory$1.invoke(ResourceMethodInvocationHandlerFactory.java:81)&#10;at org.glassfish.jersey.server.model.internal.AbstractJavaResourceMethodDispatcher$1.run(AbstractJavaResourceMethodDispatcher.java:144)&#10;at org.glassfish.jersey.server.model.internal.AbstractJavaResourceMethodDispatcher.invoke(AbstractJavaResourceMethodDispatcher.java:161)&#10;at org.glassfish.jersey.server.model.internal.JavaResourceMethodDispatcherProvider$ResponseOutInvoker.doDispatch(JavaResourceMethodDispatcherProvider.java:160)&#10;at org.glassfish.jersey.server.model.internal.AbstractJavaResourceMethodDispatcher.dispatch(AbstractJavaResourceMethodDispatcher.java:99)&#10;at org.glassfish.jersey.server.model.ResourceMethodInvoker.invoke(ResourceMethodInvoker.java:389)&#10;at org.glassfish.jersey.server.model.ResourceMethodInvoker.apply(ResourceMethodInvoker.java:347)&#10;at org.glassfish.jersey.server.model.ResourceMethodInvoker.apply(ResourceMethodInvoker.java:102)&#10;at org.glassfish.jersey.server.ServerRuntime$2.run(ServerRuntime.java:326)&#10;at org.glassfish.jersey.internal.Errors$1.call(Errors.java:271)&#10;at org.glassfish.jersey.internal.Errors$1.call(Errors.java:267)&#10;at org.glassfish.jersey.internal.Errors.process(Errors.java:315)&#10;at org.glassfish.jersey.internal.Errors.process(Errors.java:297)&#10;at org.glassfish.jersey.internal.Errors.process(Errors.java:267)&#10;at org.glassfish.jersey.process.internal.RequestScope.runInScope(RequestScope.java:317)&#10;at org.glassfish.jersey.server.ServerRuntime.process(ServerRuntime.java:305)&#10;at org.glassfish.jersey.server.ApplicationHandler.handle(ApplicationHandler.java:1154)&#10;at org.glassfish.jersey.servlet.WebComponent.serviceImpl(WebComponent.java:473)&#10;at org.glassfish.jersey.servlet.WebComponent.service(WebComponent.java:427)&#10;at org.glassfish.jersey.servlet.ServletContainer.service(ServletContainer.java:388)&#10;at org.glassfish.jersey.servlet.ServletContainer.service(ServletContainer.java:341)&#10;at org.glassfish.jersey.servlet.ServletContainer.service(ServletContainer.java:228)&#10;at org.eclipse.jetty.servlet.ServletHolder.handle(ServletHolder.java:799)&#10;at org.eclipse.jetty.servlet.ServletHandler$ChainEnd.doFilter(ServletHandler.java:1631)&#10;at io.dropwizard.servlets.ThreadNameFilter.doFilter(ThreadNameFilter.java:35)&#10;at org.eclipse.jetty.servlet.FilterHolder.doFilter(FilterHolder.java:193)&#10;at org.eclipse.jetty.servlet.ServletHandler$Chain.doFilter(ServletHandler.java:1601)&#10;at io.dropwizard.jersey.filter.AllowedMethodsFilter.handle(AllowedMethodsFilter.java:45)&#10;at io.dropwizard.jersey.filter.AllowedMethodsFilter.doFilter(AllowedMethodsFilter.java:39)&#10;at org.eclipse.jetty.servlet.FilterHolder.doFilter(FilterHolder.java:193)&#10;at org.eclipse.jetty.servlet.ServletHandler$Chain.doFilter(ServletHandler.java:1601)&#10;at org.finos.legend.server.pac4j.internal.UsernameFilter.doFilter(UsernameFilter.java:51)&#10;at org.eclipse.jetty.servlet.FilterHolder.doFilter(FilterHolder.java:193)&#10;at org.eclipse.jetty.servlet.ServletHandler$Chain.doFilter(ServletHandler.java:1601)&#10;at org.pac4j.j2e.filter.SecurityFilter.lambda$internalFilter$0(SecurityFilter.java:95)&#10;at org.pac4j.core.engine.DefaultSecurityLogic.perform(DefaultSecurityLogic.java:140)&#10;at org.pac4j.j2e.filter.SecurityFilter.internalFilter(SecurityFilter.java:93)&#10;at org.pac4j.j2e.filter.AbstractConfigFilter.doFilter(AbstractConfigFilter.java:81)&#10;at org.eclipse.jetty.servlet.FilterHolder.doFilter(FilterHolder.java:193)&#10;at org.eclipse.jetty.servlet.ServletHandler$Chain.doFilter(ServletHandler.java:1601)&#10;at org.eclipse.jetty.servlet.ServletHandler.doHandle(ServletHandler.java:548)&#10;at org.eclipse.jetty.server.handler.ScopedHandler.nextHandle(ScopedHandler.java:233)&#10;at org.eclipse.jetty.server.session.SessionHandler.doHandle(SessionHandler.java:1624)&#10;at org.eclipse.jetty.server.handler.ScopedHandler.nextHandle(ScopedHandler.java:233)&#10;at org.eclipse.jetty.server.handler.ContextHandler.doHandle(ContextHandler.java:1434)&#10;at org.eclipse.jetty.server.handler.ScopedHandler.nextScope(ScopedHandler.java:188)&#10;at org.eclipse.jetty.servlet.ServletHandler.doScope(ServletHandler.java:501)&#10;at org.eclipse.jetty.server.session.SessionHandler.doScope(SessionHandler.java:1594)&#10;at org.eclipse.jetty.server.handler.ScopedHandler.nextScope(ScopedHandler.java:186)&#10;at org.eclipse.jetty.server.handler.ContextHandler.doScope(ContextHandler.java:1349)&#10;at org.eclipse.jetty.server.handler.ScopedHandler.handle(ScopedHandler.java:141)&#10;at org.eclipse.jetty.server.handler.HandlerWrapper.handle(HandlerWrapper.java:127)&#10;at com.codahale.metrics.jetty9.InstrumentedHandler.handle(InstrumentedHandler.java:313)&#10;at io.dropwizard.jetty.ContextRoutingHandler.handle(ContextRoutingHandler.java:37)&#10;at org.eclipse.jetty.server.handler.gzip.GzipHandler.handle(GzipHandler.java:713)&#10;at io.dropwizard.jetty.BiDiGzipHandler.handle(BiDiGzipHandler.java:67)&#10;at org.eclipse.jetty.server.handler.StatisticsHandler.handle(StatisticsHandler.java:179)&#10;at org.eclipse.jetty.server.handler.HandlerWrapper.handle(HandlerWrapper.java:127)&#10;at org.eclipse.jetty.server.Server.handle(Server.java:516)&#10;at org.eclipse.jetty.server.HttpChannel.lambda$handle$1(HttpChannel.java:400)&#10;at org.eclipse.jetty.server.HttpChannel.dispatch(HttpChannel.java:645)&#10;at org.eclipse.jetty.server.HttpChannel.handle(HttpChannel.java:392)&#10;at org.eclipse.jetty.server.HttpConnection.onFillable(HttpConnection.java:277)&#10;at org.eclipse.jetty.io.AbstractConnection$ReadCallback.succeeded(AbstractConnection.java:311)&#10;at org.eclipse.jetty.io.FillInterest.fillable(FillInterest.java:105)&#10;at org.eclipse.jetty.io.ChannelEndPoint$1.run(ChannelEndPoint.java:104)&#10;at org.eclipse.jetty.util.thread.strategy.EatWhatYouKill.runTask(EatWhatYouKill.java:338)&#10;at org.eclipse.jetty.util.thread.strategy.EatWhatYouKill.doProduce(EatWhatYouKill.java:315)&#10;at org.eclipse.jetty.util.thread.strategy.EatWhatYouKill.tryProduce(EatWhatYouKill.java:173)&#10;at org.eclipse.jetty.util.thread.strategy.EatWhatYouKill.run(EatWhatYouKill.java:131)&#10;at org.eclipse.jetty.util.thread.ReservedThreadExecutor$ReservedThread.run(ReservedThreadExecutor.java:409)&#10;at org.eclipse.jetty.util.thread.QueuedThreadPool.runJob(QueuedThreadPool.java:883)&#10;at org.eclipse.jetty.util.thread.QueuedThreadPool$Runner.run(QueuedThreadPool.java:1034)&#10;at java.base/java.lang.Thread.run(Thread.java:829)&#10;Caused by: net.snowflake.client.jdbc.SnowflakeSQLException: SQL compilation error:&#10;Object &apos;ORDERPNLTABLE&apos; does not exist or not authorized.&#10;at net.snowflake.client.jdbc.SnowflakeUtil.checkErrorAndThrowExceptionSub(SnowflakeUtil.java:127)&#10;at net.snowflake.client.jdbc.SnowflakeUtil.checkErrorAndThrowException(SnowflakeUtil.java:67)&#10;at net.snowflake.client.core.StmtUtil.pollForOutput(StmtUtil.java:442)&#10;at net.snowflake.client.core.StmtUtil.execute(StmtUtil.java:345)&#10;at net.snowflake.client.core.SFStatement.executeHelper(SFStatement.java:486)&#10;at net.snowflake.client.core.SFStatement.executeQueryInternal(SFStatement.java:197)&#10;at net.snowflake.client.core.SFStatement.executeQuery(SFStatement.java:134)&#10;at net.snowflake.client.core.SFStatement.execute(SFStatement.java:743)&#10;at net.snowflake.client.core.SFStatement.execute(SFStatement.java:639)&#10;at net.snowflake.client.jdbc.SnowflakeStatementV1.executeQueryInternal(SnowflakeStatementV1.java:238)&#10;at net.snowflake.client.jdbc.SnowflakeStatementV1.executeQuery(SnowflakeStatementV1.java:133)&#10;at com.zaxxer.hikari.pool.ProxyStatement.executeQuery(ProxyStatement.java:110)&#10;at com.zaxxer.hikari.pool.HikariProxyStatement.executeQuery(HikariProxyStatement.java)&#10;at org.finos.legend.engine.plan.execution.stores.relational.result.SQLExecutionResult.&lt;init&gt;(SQLExecutionResult.java:95)&#10;... 101 more&#10;&quot;}&apos;&quot;" type="Assert failure at (resource"><![CDATA[Assert failure at (resource:/platform/pure/basics/tests/assertEq.pure line:34 column:5), "500 '{"code":-1,"message":"SnowflakeSQLException: SQL compilation error:
Object 'ORDERPNLTABLE' does not exist or not authorized.","status":"error","trace":"java.lang.RuntimeException: net.snowflake.client.jdbc.SnowflakeSQLException: SQL compilation error:
Object 'ORDERPNLTABLE' does not exist or not authorized.
at org.finos.legend.engine.plan.execution.stores.relational.result.SQLExecutionResult.<init>(SQLExecutionResult.java:123)
at org.finos.legend.engine.plan.execution.stores.relational.RelationalExecutor.execute(RelationalExecutor.java:241)
at org.finos.legend.engine.plan.execution.stores.relational.plugin.RelationalExecutionNodeExecutor.visit(RelationalExecutionNodeExecutor.java:238)
at org.finos.legend.engine.plan.execution.stores.relational.plugin.RelationalExecutionNodeExecutor.visit(RelationalExecutionNodeExecutor.java:252)
at org.finos.legend.engine.plan.execution.stores.relational.plugin.RelationalExecutionNodeExecutor.visit(RelationalExecutionNodeExecutor.java:92)
at org.finos.legend.engine.protocol.pure.v1.model.executionPlan.nodes.RelationalTdsInstantiationExecutionNode.accept(RelationalTdsInstantiationExecutionNode.java:22)
at org.finos.legend.engine.plan.execution.stores.relational.RelationalExecutionExtension.lambda$getExtraNodeExecutors$fbe53481$1(RelationalExecutionExtension.java:50)
at org.finos.legend.engine.plan.execution.nodes.ExecutionNodeExecutor.lambda$visit$0(ExecutionNodeExecutor.java:164)
at java.base/java.util.stream.ReferencePipeline$3$1.accept(ReferencePipeline.java:195)
at java.base/java.util.Spliterators$ArraySpliterator.tryAdvance(Spliterators.java:958)
at java.base/java.util.stream.ReferencePipeline.forEachWithCancel(ReferencePipeline.java:127)
at java.base/java.util.stream.AbstractPipeline.copyIntoWithCancel(AbstractPipeline.java:502)
at java.base/java.util.stream.AbstractPipeline.copyInto(AbstractPipeline.java:488)
at java.base/java.util.stream.AbstractPipeline.wrapAndCopyInto(AbstractPipeline.java:474)
at java.base/java.util.stream.FindOps$FindOp.evaluateSequential(FindOps.java:150)
at java.base/java.util.stream.AbstractPipeline.evaluate(AbstractPipeline.java:234)
at java.base/java.util.stream.ReferencePipeline.findFirst(ReferencePipeline.java:543)
at org.finos.legend.engine.plan.execution.nodes.ExecutionNodeExecutor.visit(ExecutionNodeExecutor.java:164)
at org.finos.legend.engine.plan.execution.nodes.ExecutionNodeExecutor.visit(ExecutionNodeExecutor.java:107)
at org.finos.legend.engine.protocol.pure.v1.model.executionPlan.nodes.RelationalTdsInstantiationExecutionNode.accept(RelationalTdsInstantiationExecutionNode.java:22)
at org.finos.legend.engine.plan.execution.PlanExecutor.execute(PlanExecutor.java:238)
at org.finos.legend.engine.plan.execution.PlanExecutor.execute(PlanExecutor.java:225)
at org.finos.legend.engine.plan.execution.api.ExecutePlan.doExecutePlanLegacy(ExecutePlan.java:102)
at org.finos.legend.engine.plan.execution.api.ExecutePlan.doExecutePlan(ExecutePlan.java:84)
at org.finos.legend.engine.plan.execution.api.ExecutePlanLegacy.executePlan(ExecutePlanLegacy.java:56)
at jdk.internal.reflect.GeneratedMethodAccessor100.invoke(Unknown Source)
at java.base/jdk.internal.reflect.DelegatingMethodAccessorImpl.invoke(DelegatingMethodAccessorImpl.java:43)
at java.base/java.lang.reflect.Method.invoke(Method.java:566)
at org.glassfish.jersey.server.model.internal.ResourceMethodInvocationHandlerFactory$1.invoke(ResourceMethodInvocationHandlerFactory.java:81)
at org.glassfish.jersey.server.model.internal.AbstractJavaResourceMethodDispatcher$1.run(AbstractJavaResourceMethodDispatcher.java:144)
at org.glassfish.jersey.server.model.internal.AbstractJavaResourceMethodDispatcher.invoke(AbstractJavaResourceMethodDispatcher.java:161)
at org.glassfish.jersey.server.model.internal.JavaResourceMethodDispatcherProvider$ResponseOutInvoker.doDispatch(JavaResourceMethodDispatcherProvider.java:160)
at org.glassfish.jersey.server.model.internal.AbstractJavaResourceMethodDispatcher.dispatch(AbstractJavaResourceMethodDispatcher.java:99)
at org.glassfish.jersey.server.model.ResourceMethodInvoker.invoke(ResourceMethodInvoker.java:389)
at org.glassfish.jersey.server.model.ResourceMethodInvoker.apply(ResourceMethodInvoker.java:347)
at org.glassfish.jersey.server.model.ResourceMethodInvoker.apply(ResourceMethodInvoker.java:102)
at org.glassfish.jersey.server.ServerRuntime$2.run(ServerRuntime.java:326)
at org.glassfish.jersey.internal.Errors$1.call(Errors.java:271)
at org.glassfish.jersey.internal.Errors$1.call(Errors.java:267)
at org.glassfish.jersey.internal.Errors.process(Errors.java:315)
at org.glassfish.jersey.internal.Errors.process(Errors.java:297)
at org.glassfish.jersey.internal.Errors.process(Errors.java:267)
at org.glassfish.jersey.process.internal.RequestScope.runInScope(RequestScope.java:317)
at org.glassfish.jersey.server.ServerRuntime.process(ServerRuntime.java:305)
at org.glassfish.jersey.server.ApplicationHandler.handle(ApplicationHandler.java:1154)
at org.glassfish.jersey.servlet.WebComponent.serviceImpl(WebComponent.java:473)
at org.glassfish.jersey.servlet.WebComponent.service(WebComponent.java:427)
at org.glassfish.jersey.servlet.ServletContainer.service(ServletContainer.java:388)
at org.glassfish.jersey.servlet.ServletContainer.service(ServletContainer.java:341)
at org.glassfish.jersey.servlet.ServletContainer.service(ServletContainer.java:228)
at org.eclipse.jetty.servlet.ServletHolder.handle(ServletHolder.java:799)
at org.eclipse.jetty.servlet.ServletHandler$ChainEnd.doFilter(ServletHandler.java:1631)
at io.dropwizard.servlets.ThreadNameFilter.doFilter(ThreadNameFilter.java:35)
at org.eclipse.jetty.servlet.FilterHolder.doFilter(FilterHolder.java:193)
at org.eclipse.jetty.servlet.ServletHandler$Chain.doFilter(ServletHandler.java:1601)
at io.dropwizard.jersey.filter.AllowedMethodsFilter.handle(AllowedMethodsFilter.java:45)
at io.dropwizard.jersey.filter.AllowedMethodsFilter.doFilter(AllowedMethodsFilter.java:39)
at org.eclipse.jetty.servlet.FilterHolder.doFilter(FilterHolder.java:193)
at org.eclipse.jetty.servlet.ServletHandler$Chain.doFilter(ServletHandler.java:1601)
at org.finos.legend.server.pac4j.internal.UsernameFilter.doFilter(UsernameFilter.java:51)
at org.eclipse.jetty.servlet.FilterHolder.doFilter(FilterHolder.java:193)
at org.eclipse.jetty.servlet.ServletHandler$Chain.doFilter(ServletHandler.java:1601)
at org.pac4j.j2e.filter.SecurityFilter.lambda$internalFilter$0(SecurityFilter.java:95)
at org.pac4j.core.engine.DefaultSecurityLogic.perform(DefaultSecurityLogic.java:140)
at org.pac4j.j2e.filter.SecurityFilter.internalFilter(SecurityFilter.java:93)
at org.pac4j.j2e.filter.AbstractConfigFilter.doFilter(AbstractConfigFilter.java:81)
at org.eclipse.jetty.servlet.FilterHolder.doFilter(FilterHolder.java:193)
at org.eclipse.jetty.servlet.ServletHandler$Chain.doFilter(ServletHandler.java:1601)
at org.eclipse.jetty.servlet.ServletHandler.doHandle(ServletHandler.java:548)
at org.eclipse.jetty.server.handler.ScopedHandler.nextHandle(ScopedHandler.java:233)
at org.eclipse.jetty.server.session.SessionHandler.doHandle(SessionHandler.java:1624)
at org.eclipse.jetty.server.handler.ScopedHandler.nextHandle(ScopedHandler.java:233)
at org.eclipse.jetty.server.handler.ContextHandler.doHandle(ContextHandler.java:1434)
at org.eclipse.jetty.server.handler.ScopedHandler.nextScope(ScopedHandler.java:188)
at org.eclipse.jetty.servlet.ServletHandler.doScope(ServletHandler.java:501)
at org.eclipse.jetty.server.session.SessionHandler.doScope(SessionHandler.java:1594)
at org.eclipse.jetty.server.handler.ScopedHandler.nextScope(ScopedHandler.java:186)
at org.eclipse.jetty.server.handler.ContextHandler.doScope(ContextHandler.java:1349)
at org.eclipse.jetty.server.handler.ScopedHandler.handle(ScopedHandler.java:141)
at org.eclipse.jetty.server.handler.HandlerWrapper.handle(HandlerWrapper.java:127)
at com.codahale.metrics.jetty9.InstrumentedHandler.handle(InstrumentedHandler.java:313)
at io.dropwizard.jetty.ContextRoutingHandler.handle(ContextRoutingHandler.java:37)
at org.eclipse.jetty.server.handler.gzip.GzipHandler.handle(GzipHandler.java:713)
at io.dropwizard.jetty.BiDiGzipHandler.handle(BiDiGzipHandler.java:67)
at org.eclipse.jetty.server.handler.StatisticsHandler.handle(StatisticsHandler.java:179)
at org.eclipse.jetty.server.handler.HandlerWrapper.handle(HandlerWrapper.java:127)
at org.eclipse.jetty.server.Server.handle(Server.java:516)
at org.eclipse.jetty.server.HttpChannel.lambda$handle$1(HttpChannel.java:400)
at org.eclipse.jetty.server.HttpChannel.dispatch(HttpChannel.java:645)
at org.eclipse.jetty.server.HttpChannel.handle(HttpChannel.java:392)
at org.eclipse.jetty.server.HttpConnection.onFillable(HttpConnection.java:277)
at org.eclipse.jetty.io.AbstractConnection$ReadCallback.succeeded(AbstractConnection.java:311)
at org.eclipse.jetty.io.FillInterest.fillable(FillInterest.java:105)
at org.eclipse.jetty.io.ChannelEndPoint$1.run(ChannelEndPoint.java:104)
at org.eclipse.jetty.util.thread.strategy.EatWhatYouKill.runTask(EatWhatYouKill.java:338)
at org.eclipse.jetty.util.thread.strategy.EatWhatYouKill.doProduce(EatWhatYouKill.java:315)
at org.eclipse.jetty.util.thread.strategy.EatWhatYouKill.tryProduce(EatWhatYouKill.java:173)
at org.eclipse.jetty.util.thread.strategy.EatWhatYouKill.run(EatWhatYouKill.java:131)
at org.eclipse.jetty.util.thread.ReservedThreadExecutor$ReservedThread.run(ReservedThreadExecutor.java:409)
at org.eclipse.jetty.util.thread.QueuedThreadPool.runJob(QueuedThreadPool.java:883)
at org.eclipse.jetty.util.thread.QueuedThreadPool$Runner.run(QueuedThreadPool.java:1034)
at java.base/java.lang.Thread.run(Thread.java:829)
Caused by: net.snowflake.client.jdbc.SnowflakeSQLException: SQL compilation error:
Object 'ORDERPNLTABLE' does not exist or not authorized.
at net.snowflake.client.jdbc.SnowflakeUtil.checkErrorAndThrowExceptionSub(SnowflakeUtil.java:127)
at net.snowflake.client.jdbc.SnowflakeUtil.checkErrorAndThrowException(SnowflakeUtil.java:67)
at net.snowflake.client.core.StmtUtil.pollForOutput(StmtUtil.java:442)
at net.snowflake.client.core.StmtUtil.execute(StmtUtil.java:345)
at net.snowflake.client.core.SFStatement.executeHelper(SFStatement.java:486)
at net.snowflake.client.core.SFStatement.executeQueryInternal(SFStatement.java:197)
at net.snowflake.client.core.SFStatement.executeQuery(SFStatement.java:134)
at net.snowflake.client.core.SFStatement.execute(SFStatement.java:743)
at net.snowflake.client.core.SFStatement.execute(SFStatement.java:639)
at net.snowflake.client.jdbc.SnowflakeStatementV1.executeQueryInternal(SnowflakeStatementV1.java:238)
at net.snowflake.client.jdbc.SnowflakeStatementV1.executeQuery(SnowflakeStatementV1.java:133)
at com.zaxxer.hikari.pool.ProxyStatement.executeQuery(ProxyStatement.java:110)
at com.zaxxer.hikari.pool.HikariProxyStatement.executeQuery(HikariProxyStatement.java)
at org.finos.legend.engine.plan.execution.stores.relational.result.SQLExecutionResult.<init>(SQLExecutionResult.java:95)
... 101 more
"}'"
	at org.finos.legend.pure.runtime.java.compiled.generation.processors.support.CompiledSupport.pureAssert(CompiledSupport.java:1994)
	at org.finos.legend.pure.generated.platform_pure_basics_tests_assertEq.Root_meta_pure_functions_asserts_assertEq_Any_1__Any_1__Function_1__Boolean_1_(platform_pure_basics_tests_assertEq.java:44)
	at org.finos.legend.pure.generated.core_pure_protocol_vX_X_X_invocations_execution.Root_meta_protocols_pure_vX_X_X_invocation_execution_execute_executePlan_String_1__String_1__Integer_1__String_1_(core_pure_protocol_vX_X_X_invocations_execution.java:751)
	at org.finos.legend.pure.generated.core_pure_protocol_vX_X_X_invocations_execution.Root_meta_protocols_pure_vX_X_X_invocation_execution_execute_executePlan_ExecutionPlan_1__String_1__Integer_1__Extension_MANY__String_1_(core_pure_protocol_vX_X_X_invocations_execution.java:745)
	at org.finos.legend.pure.generated.core_pure_protocol_vX_X_X_invocations_execution.Root_meta_protocols_pure_vX_X_X_invocation_execution_execute_executePlan_ExecutionPlan_1__ExecutionContext_$0_1$__String_1__Integer_1__Extension_MANY__Result_1_(core_pure_protocol_vX_X_X_invocations_execution.java:738)
	at jdk.internal.reflect.GeneratedMethodAccessor96.invoke(Unknown Source)
	at java.base/jdk.internal.reflect.DelegatingMethodAccessorImpl.invoke(DelegatingMethodAccessorImpl.java:43)
	at java.base/java.lang.reflect.Method.invoke(Method.java:566)
	at org.finos.legend.pure.runtime.java.compiled.metadata.JavaMethodWithParamsSharedPureFunction.execute(JavaMethodWithParamsSharedPureFunction.java:59)
	at org.finos.legend.pure.runtime.java.compiled.generation.processors.support.Pure._evaluateToMany(Pure.java:546)
	at org.finos.legend.pure.generated.CoreGen.evaluateToMany(CoreGen.java:147)
	at org.finos.legend.pure.generated.CoreGen.evaluateToMany(CoreGen.java:134)
	at org.finos.legend.pure.generated.core_pure_router_router_entry$9$1.value(core_pure_router_router_entry.java:318)
	at org.finos.legend.pure.generated.core_pure_router_router_entry$9$1.execute(core_pure_router_router_entry.java:311)
	at org.finos.legend.pure.generated.core_pure_router_router_entry$9$1.execute(core_pure_router_router_entry.java:307)
	at org.finos.legend.pure.runtime.java.compiled.generation.processors.support.Pure.evaluate(Pure.java:485)
	at org.finos.legend.pure.runtime.java.compiled.generation.processors.support.Pure.legendTest(Pure.java:216)
	at org.finos.legend.pure.generated.CoreGen.legendTest(CoreGen.java:61)
	at org.finos.legend.pure.generated.core_pure_router_router_entry$9.valueOf(core_pure_router_router_entry.java:303)
	at org.finos.legend.pure.generated.core_pure_router_router_entry$9.execute(core_pure_router_router_entry.java:298)
	at org.finos.legend.pure.generated.core_pure_router_router_entry$9.execute(core_pure_router_router_entry.java:294)
	at org.finos.legend.pure.runtime.java.compiled.generation.processors.support.Pure.evaluate(Pure.java:485)
	at org.finos.legend.pure.runtime.java.compiled.generation.processors.support.Pure.traceSpan(Pure.java:1482)
	at org.finos.legend.pure.generated.CoreGen.traceSpan(CoreGen.java:203)
	at org.finos.legend.pure.generated.core_pure_router_router_entry.Root_meta_pure_router_executePlan_ExecutionPlan_1__ExecutionContext_1__Extension_MANY__Result_$0_1$_(core_pure_router_router_entry.java:290)
	at org.finos.legend.pure.generated.core_pure_router_router_entry.Root_meta_pure_router_executePlan_ExecutionPlan_1__Extension_MANY__Result_$0_1$_(core_pure_router_router_entry.java:285)
	at org.finos.legend.pure.generated.core_relational_relational_sqlQueryToString_dbTestRunner_executionPlanTestRunner$19.execute(core_relational_relational_sqlQueryToString_dbTestRunner_executionPlanTestRunner.java:305)
	at org.finos.legend.pure.generated.core_relational_relational_sqlQueryToString_dbTestRunner_executionPlanTestRunner.Root_meta_relational_dbTestRunner_executeViaPlan_FunctionDefinition_1__Mapping_1__Database_1__DbTestConfig_1__Extension_MANY__Result_$0_1$_(core_relational_relational_sqlQueryToString_dbTestRunner_executionPlanTestRunner.java:309)
	at org.finos.legend.pure.generated.core_relational_relational_sqlQueryToString_testSuite_selectSubClauses_view.Root_meta_relational_tests_dbSpecificTests_sqlQueryTests_selectSubClauses_view_testUnionOnViewsMapping_DbTestConfig_1__Boolean_1_(core_relational_relational_sqlQueryToString_testSuite_selectSubClauses_view.java:296)
	at java.base/jdk.internal.reflect.NativeMethodAccessorImpl.invoke0(Native Method)
	at java.base/jdk.internal.reflect.NativeMethodAccessorImpl.invoke(NativeMethodAccessorImpl.java:62)
	at java.base/jdk.internal.reflect.DelegatingMethodAccessorImpl.invoke(DelegatingMethodAccessorImpl.java:43)
	at java.base/java.lang.reflect.Method.invoke(Method.java:566)
	at org.finos.legend.pure.runtime.java.compiled.testHelper.PureTestBuilderCompiled.executeFn(PureTestBuilderCompiled.java:113)
	at org.finos.legend.pure.runtime.java.compiled.testHelper.PureTestBuilderCompiled.lambda$buildSuite$0(PureTestBuilderCompiled.java:79)
	at org.finos.legend.pure.m3.execution.test.PureTestBuilder$PureTestCase.runTest(PureTestBuilder.java:95)
	at junit.framework.TestCase.runBare(TestCase.java:142)
	at org.finos.legend.engine.server.test.shared.Relational_DbSpecific_UsingPureClientTestSuite$2.runTest(Relational_DbSpecific_UsingPureClientTestSuite.java:90)
	at junit.framework.TestCase.runBare(TestCase.java:142)
	at junit.framework.TestResult$1.protect(TestResult.java:122)
	at junit.framework.TestResult.runProtected(TestResult.java:142)
	at junit.framework.TestResult.run(TestResult.java:125)
	at junit.framework.TestCase.run(TestCase.java:130)
	at junit.framework.TestSuite.runTest(TestSuite.java:241)
	at junit.framework.TestSuite.run(TestSuite.java:236)
	at junit.framework.TestSuite.runTest(TestSuite.java:241)
	at junit.framework.TestSuite.run(TestSuite.java:236)
	at junit.framework.TestSuite.runTest(TestSuite.java:241)
	at junit.framework.TestSuite.run(TestSuite.java:236)
	at junit.framework.TestSuite.runTest(TestSuite.java:241)
	at junit.framework.TestSuite.run(TestSuite.java:236)
	at junit.framework.TestSuite.runTest(TestSuite.java:241)
	at junit.framework.TestSuite.run(TestSuite.java:236)
	at junit.extensions.TestDecorator.basicRun(TestDecorator.java:24)
	at junit.extensions.TestSetup$1.protect(TestSetup.java:23)
	at junit.framework.TestResult.runProtected(TestResult.java:142)
	at junit.extensions.TestSetup.run(TestSetup.java:27)
	at org.junit.internal.runners.JUnit38ClassRunner.run(JUnit38ClassRunner.java:90)
	at org.apache.maven.surefire.junit4.JUnit4Provider.execute(JUnit4Provider.java:365)
	at org.apache.maven.surefire.junit4.JUnit4Provider.executeWithRerun(JUnit4Provider.java:273)
	at org.apache.maven.surefire.junit4.JUnit4Provider.executeTestSet(JUnit4Provider.java:238)
	at org.apache.maven.surefire.junit4.JUnit4Provider.invoke(JUnit4Provider.java:159)
	at org.apache.maven.surefire.booter.ForkedBooter.invokeProviderInSameClassLoader(ForkedBooter.java:384)
	at org.apache.maven.surefire.booter.ForkedBooter.runSuitesInProcess(ForkedBooter.java:345)
	at org.apache.maven.surefire.booter.ForkedBooter.execute(ForkedBooter.java:126)
	at org.apache.maven.surefire.booter.ForkedBooter.main(ForkedBooter.java:418)
]]></error>
    <system-out><![CDATA[Running db test selectSubClauses::view::testUnionOnViewsMapping
{"duration":0.0,"eventType":"EXECUTION_PLAN_EXEC_ERROR","info":{"code":-1,"message":"SnowflakeSQLException: SQL compilation error:\nObject 'ORDERPNLTABLE' does not exist or not authorized.","status":"error","trace":"java.lang.RuntimeException: net.snowflake.client.jdbc.SnowflakeSQLException: SQL compilation error:\nObject 'ORDERPNLTABLE' does not exist or not authorized.\n\tat org.finos.legend.engine.plan.execution.stores.relational.result.SQLExecutionResult.<init>(SQLExecutionResult.java:123)\n\tat org.finos.legend.engine.plan.execution.stores.relational.RelationalExecutor.execute(RelationalExecutor.java:241)\n\tat org.finos.legend.engine.plan.execution.stores.relational.plugin.RelationalExecutionNodeExecutor.visit(RelationalExecutionNodeExecutor.java:238)\n\tat org.finos.legend.engine.plan.execution.stores.relational.plugin.RelationalExecutionNodeExecutor.visit(RelationalExecutionNodeExecutor.java:252)\n\tat org.finos.legend.engine.plan.execution.stores.relational.plugin.RelationalExecutionNodeExecutor.visit(RelationalExecutionNodeExecutor.java:92)\n\tat org.finos.legend.engine.protocol.pure.v1.model.executionPlan.nodes.RelationalTdsInstantiationExecutionNode.accept(RelationalTdsInstantiationExecutionNode.java:22)\n\tat org.finos.legend.engine.plan.execution.stores.relational.RelationalExecutionExtension.lambda$getExtraNodeExecutors$fbe53481$1(RelationalExecutionExtension.java:50)\n\tat org.finos.legend.engine.plan.execution.nodes.ExecutionNodeExecutor.lambda$visit$0(ExecutionNodeExecutor.java:164)\n\tat java.base/java.util.stream.ReferencePipeline$3$1.accept(ReferencePipeline.java:195)\n\tat java.base/java.util.Spliterators$ArraySpliterator.tryAdvance(Spliterators.java:958)\n\tat java.base/java.util.stream.ReferencePipeline.forEachWithCancel(ReferencePipeline.java:127)\n\tat java.base/java.util.stream.AbstractPipeline.copyIntoWithCancel(AbstractPipeline.java:502)\n\tat java.base/java.util.stream.AbstractPipeline.copyInto(AbstractPipeline.java:488)\n\tat java.base/java.util.stream.AbstractPipeline.wrapAndCopyInto(AbstractPipeline.java:474)\n\tat java.base/java.util.stream.FindOps$FindOp.evaluateSequential(FindOps.java:150)\n\tat java.base/java.util.stream.AbstractPipeline.evaluate(AbstractPipeline.java:234)\n\tat java.base/java.util.stream.ReferencePipeline.findFirst(ReferencePipeline.java:543)\n\tat org.finos.legend.engine.plan.execution.nodes.ExecutionNodeExecutor.visit(ExecutionNodeExecutor.java:164)\n\tat org.finos.legend.engine.plan.execution.nodes.ExecutionNodeExecutor.visit(ExecutionNodeExecutor.java:107)\n\tat org.finos.legend.engine.protocol.pure.v1.model.executionPlan.nodes.RelationalTdsInstantiationExecutionNode.accept(RelationalTdsInstantiationExecutionNode.java:22)\n\tat org.finos.legend.engine.plan.execution.PlanExecutor.execute(PlanExecutor.java:238)\n\tat org.finos.legend.engine.plan.execution.PlanExecutor.execute(PlanExecutor.java:225)\n\tat org.finos.legend.engine.plan.execution.api.ExecutePlan.doExecutePlanLegacy(ExecutePlan.java:102)\n\tat org.finos.legend.engine.plan.execution.api.ExecutePlan.doExecutePlan(ExecutePlan.java:84)\n\tat org.finos.legend.engine.plan.execution.api.ExecutePlanLegacy.executePlan(ExecutePlanLegacy.java:56)\n\tat jdk.internal.reflect.GeneratedMethodAccessor100.invoke(Unknown Source)\n\tat java.base/jdk.internal.reflect.DelegatingMethodAccessorImpl.invoke(DelegatingMethodAccessorImpl.java:43)\n\tat java.base/java.lang.reflect.Method.invoke(Method.java:566)\n\tat org.glassfish.jersey.server.model.internal.ResourceMethodInvocationHandlerFactory$1.invoke(ResourceMethodInvocationHandlerFactory.java:81)\n\tat org.glassfish.jersey.server.model.internal.AbstractJavaResourceMethodDispatcher$1.run(AbstractJavaResourceMethodDispatcher.java:144)\n\tat org.glassfish.jersey.server.model.internal.AbstractJavaResourceMethodDispatcher.invoke(AbstractJavaResourceMethodDispatcher.java:161)\n\tat org.glassfish.jersey.server.model.internal.JavaResourceMethodDispatcherProvider$ResponseOutInvoker.doDispatch(JavaResourceMethodDispatcherProvider.java:160)\n\tat org.glassfish.jersey.server.model.internal.AbstractJavaResourceMethodDispatcher.dispatch(AbstractJavaResourceMethodDispatcher.java:99)\n\tat org.glassfish.jersey.server.model.ResourceMethodInvoker.invoke(ResourceMethodInvoker.java:389)\n\tat org.glassfish.jersey.server.model.ResourceMethodInvoker.apply(ResourceMethodInvoker.java:347)\n\tat org.glassfish.jersey.server.model.ResourceMethodInvoker.apply(ResourceMethodInvoker.java:102)\n\tat org.glassfish.jersey.server.ServerRuntime$2.run(ServerRuntime.java:326)\n\tat org.glassfish.jersey.internal.Errors$1.call(Errors.java:271)\n\tat org.glassfish.jersey.internal.Errors$1.call(Errors.java:267)\n\tat org.glassfish.jersey.internal.Errors.process(Errors.java:315)\n\tat org.glassfish.jersey.internal.Errors.process(Errors.java:297)\n\tat org.glassfish.jersey.internal.Errors.process(Errors.java:267)\n\tat org.glassfish.jersey.process.internal.RequestScope.runInScope(RequestScope.java:317)\n\tat org.glassfish.jersey.server.ServerRuntime.process(ServerRuntime.java:305)\n\tat org.glassfish.jersey.server.ApplicationHandler.handle(ApplicationHandler.java:1154)\n\tat org.glassfish.jersey.servlet.WebComponent.serviceImpl(WebComponent.java:473)\n\tat org.glassfish.jersey.servlet.WebComponent.service(WebComponent.java:427)\n\tat org.glassfish.jersey.servlet.ServletContainer.service(ServletContainer.java:388)\n\tat org.glassfish.jersey.servlet.ServletContainer.service(ServletContainer.java:341)\n\tat org.glassfish.jersey.servlet.ServletContainer.service(ServletContainer.java:228)\n\tat org.eclipse.jetty.servlet.ServletHolder.handle(ServletHolder.java:799)\n\tat org.eclipse.jetty.servlet.ServletHandler$ChainEnd.doFilter(ServletHandler.java:1631)\n\tat io.dropwizard.servlets.ThreadNameFilter.doFilter(ThreadNameFilter.java:35)\n\tat org.eclipse.jetty.servlet.FilterHolder.doFilter(FilterHolder.java:193)\n\tat org.eclipse.jetty.servlet.ServletHandler$Chain.doFilter(ServletHandler.java:1601)\n\tat io.dropwizard.jersey.filter.AllowedMethodsFilter.handle(AllowedMethodsFilter.java:45)\n\tat io.dropwizard.jersey.filter.AllowedMethodsFilter.doFilter(AllowedMethodsFilter.java:39)\n\tat org.eclipse.jetty.servlet.FilterHolder.doFilter(FilterHolder.java:193)\n\tat org.eclipse.jetty.servlet.ServletHandler$Chain.doFilter(ServletHandler.java:1601)\n\tat org.finos.legend.server.pac4j.internal.UsernameFilter.doFilter(UsernameFilter.java:51)\n\tat org.eclipse.jetty.servlet.FilterHolder.doFilter(FilterHolder.java:193)\n\tat org.eclipse.jetty.servlet.ServletHandler$Chain.doFilter(ServletHandler.java:1601)\n\tat org.pac4j.j2e.filter.SecurityFilter.lambda$internalFilter$0(SecurityFilter.java:95)\n\tat org.pac4j.core.engine.DefaultSecurityLogic.perform(DefaultSecurityLogic.java:140)\n\tat org.pac4j.j2e.filter.SecurityFilter.internalFilter(SecurityFilter.java:93)\n\tat org.pac4j.j2e.filter.AbstractConfigFilter.doFilter(AbstractConfigFilter.java:81)\n\tat org.eclipse.jetty.servlet.FilterHolder.doFilter(FilterHolder.java:193)\n\tat org.eclipse.jetty.servlet.ServletHandler$Chain.doFilter(ServletHandler.java:1601)\n\tat org.eclipse.jetty.servlet.ServletHandler.doHandle(ServletHandler.java:548)\n\tat org.eclipse.jetty.server.handler.ScopedHandler.nextHandle(ScopedHandler.java:233)\n\tat org.eclipse.jetty.server.session.SessionHandler.doHandle(SessionHandler.java:1624)\n\tat org.eclipse.jetty.server.handler.ScopedHandler.nextHandle(ScopedHandler.java:233)\n\tat org.eclipse.jetty.server.handler.ContextHandler.doHandle(ContextHandler.java:1434)\n\tat org.eclipse.jetty.server.handler.ScopedHandler.nextScope(ScopedHandler.java:188)\n\tat org.eclipse.jetty.servlet.ServletHandler.doScope(ServletHandler.java:501)\n\tat org.eclipse.jetty.server.session.SessionHandler.doScope(SessionHandler.java:1594)\n\tat org.eclipse.jetty.server.handler.ScopedHandler.nextScope(ScopedHandler.java:186)\n\tat org.eclipse.jetty.server.handler.ContextHandler.doScope(ContextHandler.java:1349)\n\tat org.eclipse.jetty.server.handler.ScopedHandler.handle(ScopedHandler.java:141)\n\tat org.eclipse.jetty.server.handler.HandlerWrapper.handle(HandlerWrapper.java:127)\n\tat com.codahale.metrics.jetty9.InstrumentedHandler.handle(InstrumentedHandler.java:313)\n\tat io.dropwizard.jetty.ContextRoutingHandler.handle(ContextRoutingHandler.java:37)\n\tat org.eclipse.jetty.server.handler.gzip.GzipHandler.handle(GzipHandler.java:713)\n\tat io.dropwizard.jetty.BiDiGzipHandler.handle(BiDiGzipHandler.java:67)\n\tat org.eclipse.jetty.server.handler.StatisticsHandler.handle(StatisticsHandler.java:179)\n\tat org.eclipse.jetty.server.handler.HandlerWrapper.handle(HandlerWrapper.java:127)\n\tat org.eclipse.jetty.server.Server.handle(Server.java:516)\n\tat org.eclipse.jetty.server.HttpChannel.lambda$handle$1(HttpChannel.java:400)\n\tat org.eclipse.jetty.server.HttpChannel.dispatch(HttpChannel.java:645)\n\tat org.eclipse.jetty.server.HttpChannel.handle(HttpChannel.java:392)\n\tat org.eclipse.jetty.server.HttpConnection.onFillable(HttpConnection.java:277)\n\tat org.eclipse.jetty.io.AbstractConnection$ReadCallback.succeeded(AbstractConnection.java:311)\n\tat org.eclipse.jetty.io.FillInterest.fillable(FillInterest.java:105)\n\tat org.eclipse.jetty.io.ChannelEndPoint$1.run(ChannelEndPoint.java:104)\n\tat org.eclipse.jetty.util.thread.strategy.EatWhatYouKill.runTask(EatWhatYouKill.java:338)\n\tat org.eclipse.jetty.util.thread.strategy.EatWhatYouKill.doProduce(EatWhatYouKill.java:315)\n\tat org.eclipse.jetty.util.thread.strategy.EatWhatYouKill.tryProduce(EatWhatYouKill.java:173)\n\tat org.eclipse.jetty.util.thread.strategy.EatWhatYouKill.run(EatWhatYouKill.java:131)\n\tat org.eclipse.jetty.util.thread.ReservedThreadExecutor$ReservedThread.run(ReservedThreadExecutor.java:409)\n\tat org.eclipse.jetty.util.thread.QueuedThreadPool.runJob(QueuedThreadPool.java:883)\n\tat org.eclipse.jetty.util.thread.QueuedThreadPool$Runner.run(QueuedThreadPool.java:1034)\n\tat java.base/java.lang.Thread.run(Thread.java:829)\nCaused by: net.snowflake.client.jdbc.SnowflakeSQLException: SQL compilation error:\nObject 'ORDERPNLTABLE' does not exist or not authorized.\n\tat net.snowflake.client.jdbc.SnowflakeUtil.checkErrorAndThrowExceptionSub(SnowflakeUtil.java:127)\n\tat net.snowflake.client.jdbc.SnowflakeUtil.checkErrorAndThrowException(SnowflakeUtil.java:67)\n\tat net.snowflake.client.core.StmtUtil.pollForOutput(StmtUtil.java:442)\n\tat net.snowflake.client.core.StmtUtil.execute(StmtUtil.java:345)\n\tat net.snowflake.client.core.SFStatement.executeHelper(SFStatement.java:486)\n\tat net.snowflake.client.core.SFStatement.executeQueryInternal(SFStatement.java:197)\n\tat net.snowflake.client.core.SFStatement.executeQuery(SFStatement.java:134)\n\tat net.snowflake.client.core.SFStatement.execute(SFStatement.java:743)\n\tat net.snowflake.client.core.SFStatement.execute(SFStatement.java:639)\n\tat net.snowflake.client.jdbc.SnowflakeStatementV1.executeQueryInternal(SnowflakeStatementV1.java:238)\n\tat net.snowflake.client.jdbc.SnowflakeStatementV1.executeQuery(SnowflakeStatementV1.java:133)\n\tat com.zaxxer.hikari.pool.ProxyStatement.executeQuery(ProxyStatement.java:110)\n\tat com.zaxxer.hikari.pool.HikariProxyStatement.executeQuery(HikariProxyStatement.java)\n\tat org.finos.legend.engine.plan.execution.stores.relational.result.SQLExecutionResult.<init>(SQLExecutionResult.java:95)\n\t... 101 more\n"},"mode":"DEV","timeStamp":"2023-02-23 01:32:00.316","user":"_UNKNOWN_"}
| **selectSubClauses::view::testUnionOnViewsMapping** | failing :x: |
]]></system-out>
  </testcase>
  <testcase name="testViewAllOneSimpleProperty[Snowflake]" classname="org.finos.legend.engine.server.test.shared.Relational_DbSpecific_UsingPureClientTestSuite$2" time="0.292">
    <error message="Assert failure at (resource:/platform/pure/basics/tests/assertEq.pure line:34 column:5), &quot;500 &apos;{&quot;code&quot;:-1,&quot;message&quot;:&quot;SnowflakeSQLException: SQL compilation error:&#10;Object &apos;ORDERPNLTABLE&apos; does not exist or not authorized.&quot;,&quot;status&quot;:&quot;error&quot;,&quot;trace&quot;:&quot;java.lang.RuntimeException: net.snowflake.client.jdbc.SnowflakeSQLException: SQL compilation error:&#10;Object &apos;ORDERPNLTABLE&apos; does not exist or not authorized.&#10;at org.finos.legend.engine.plan.execution.stores.relational.result.SQLExecutionResult.&lt;init&gt;(SQLExecutionResult.java:123)&#10;at org.finos.legend.engine.plan.execution.stores.relational.RelationalExecutor.execute(RelationalExecutor.java:241)&#10;at org.finos.legend.engine.plan.execution.stores.relational.plugin.RelationalExecutionNodeExecutor.visit(RelationalExecutionNodeExecutor.java:238)&#10;at org.finos.legend.engine.plan.execution.stores.relational.plugin.RelationalExecutionNodeExecutor.visit(RelationalExecutionNodeExecutor.java:252)&#10;at org.finos.legend.engine.plan.execution.stores.relational.plugin.RelationalExecutionNodeExecutor.visit(RelationalExecutionNodeExecutor.java:92)&#10;at org.finos.legend.engine.protocol.pure.v1.model.executionPlan.nodes.RelationalTdsInstantiationExecutionNode.accept(RelationalTdsInstantiationExecutionNode.java:22)&#10;at org.finos.legend.engine.plan.execution.stores.relational.RelationalExecutionExtension.lambda$getExtraNodeExecutors$fbe53481$1(RelationalExecutionExtension.java:50)&#10;at org.finos.legend.engine.plan.execution.nodes.ExecutionNodeExecutor.lambda$visit$0(ExecutionNodeExecutor.java:164)&#10;at java.base/java.util.stream.ReferencePipeline$3$1.accept(ReferencePipeline.java:195)&#10;at java.base/java.util.Spliterators$ArraySpliterator.tryAdvance(Spliterators.java:958)&#10;at java.base/java.util.stream.ReferencePipeline.forEachWithCancel(ReferencePipeline.java:127)&#10;at java.base/java.util.stream.AbstractPipeline.copyIntoWithCancel(AbstractPipeline.java:502)&#10;at java.base/java.util.stream.AbstractPipeline.copyInto(AbstractPipeline.java:488)&#10;at java.base/java.util.stream.AbstractPipeline.wrapAndCopyInto(AbstractPipeline.java:474)&#10;at java.base/java.util.stream.FindOps$FindOp.evaluateSequential(FindOps.java:150)&#10;at java.base/java.util.stream.AbstractPipeline.evaluate(AbstractPipeline.java:234)&#10;at java.base/java.util.stream.ReferencePipeline.findFirst(ReferencePipeline.java:543)&#10;at org.finos.legend.engine.plan.execution.nodes.ExecutionNodeExecutor.visit(ExecutionNodeExecutor.java:164)&#10;at org.finos.legend.engine.plan.execution.nodes.ExecutionNodeExecutor.visit(ExecutionNodeExecutor.java:107)&#10;at org.finos.legend.engine.protocol.pure.v1.model.executionPlan.nodes.RelationalTdsInstantiationExecutionNode.accept(RelationalTdsInstantiationExecutionNode.java:22)&#10;at org.finos.legend.engine.plan.execution.PlanExecutor.execute(PlanExecutor.java:238)&#10;at org.finos.legend.engine.plan.execution.PlanExecutor.execute(PlanExecutor.java:225)&#10;at org.finos.legend.engine.plan.execution.api.ExecutePlan.doExecutePlanLegacy(ExecutePlan.java:102)&#10;at org.finos.legend.engine.plan.execution.api.ExecutePlan.doExecutePlan(ExecutePlan.java:84)&#10;at org.finos.legend.engine.plan.execution.api.ExecutePlanLegacy.executePlan(ExecutePlanLegacy.java:56)&#10;at jdk.internal.reflect.GeneratedMethodAccessor100.invoke(Unknown Source)&#10;at java.base/jdk.internal.reflect.DelegatingMethodAccessorImpl.invoke(DelegatingMethodAccessorImpl.java:43)&#10;at java.base/java.lang.reflect.Method.invoke(Method.java:566)&#10;at org.glassfish.jersey.server.model.internal.ResourceMethodInvocationHandlerFactory$1.invoke(ResourceMethodInvocationHandlerFactory.java:81)&#10;at org.glassfish.jersey.server.model.internal.AbstractJavaResourceMethodDispatcher$1.run(AbstractJavaResourceMethodDispatcher.java:144)&#10;at org.glassfish.jersey.server.model.internal.AbstractJavaResourceMethodDispatcher.invoke(AbstractJavaResourceMethodDispatcher.java:161)&#10;at org.glassfish.jersey.server.model.internal.JavaResourceMethodDispatcherProvider$ResponseOutInvoker.doDispatch(JavaResourceMethodDispatcherProvider.java:160)&#10;at org.glassfish.jersey.server.model.internal.AbstractJavaResourceMethodDispatcher.dispatch(AbstractJavaResourceMethodDispatcher.java:99)&#10;at org.glassfish.jersey.server.model.ResourceMethodInvoker.invoke(ResourceMethodInvoker.java:389)&#10;at org.glassfish.jersey.server.model.ResourceMethodInvoker.apply(ResourceMethodInvoker.java:347)&#10;at org.glassfish.jersey.server.model.ResourceMethodInvoker.apply(ResourceMethodInvoker.java:102)&#10;at org.glassfish.jersey.server.ServerRuntime$2.run(ServerRuntime.java:326)&#10;at org.glassfish.jersey.internal.Errors$1.call(Errors.java:271)&#10;at org.glassfish.jersey.internal.Errors$1.call(Errors.java:267)&#10;at org.glassfish.jersey.internal.Errors.process(Errors.java:315)&#10;at org.glassfish.jersey.internal.Errors.process(Errors.java:297)&#10;at org.glassfish.jersey.internal.Errors.process(Errors.java:267)&#10;at org.glassfish.jersey.process.internal.RequestScope.runInScope(RequestScope.java:317)&#10;at org.glassfish.jersey.server.ServerRuntime.process(ServerRuntime.java:305)&#10;at org.glassfish.jersey.server.ApplicationHandler.handle(ApplicationHandler.java:1154)&#10;at org.glassfish.jersey.servlet.WebComponent.serviceImpl(WebComponent.java:473)&#10;at org.glassfish.jersey.servlet.WebComponent.service(WebComponent.java:427)&#10;at org.glassfish.jersey.servlet.ServletContainer.service(ServletContainer.java:388)&#10;at org.glassfish.jersey.servlet.ServletContainer.service(ServletContainer.java:341)&#10;at org.glassfish.jersey.servlet.ServletContainer.service(ServletContainer.java:228)&#10;at org.eclipse.jetty.servlet.ServletHolder.handle(ServletHolder.java:799)&#10;at org.eclipse.jetty.servlet.ServletHandler$ChainEnd.doFilter(ServletHandler.java:1631)&#10;at io.dropwizard.servlets.ThreadNameFilter.doFilter(ThreadNameFilter.java:35)&#10;at org.eclipse.jetty.servlet.FilterHolder.doFilter(FilterHolder.java:193)&#10;at org.eclipse.jetty.servlet.ServletHandler$Chain.doFilter(ServletHandler.java:1601)&#10;at io.dropwizard.jersey.filter.AllowedMethodsFilter.handle(AllowedMethodsFilter.java:45)&#10;at io.dropwizard.jersey.filter.AllowedMethodsFilter.doFilter(AllowedMethodsFilter.java:39)&#10;at org.eclipse.jetty.servlet.FilterHolder.doFilter(FilterHolder.java:193)&#10;at org.eclipse.jetty.servlet.ServletHandler$Chain.doFilter(ServletHandler.java:1601)&#10;at org.finos.legend.server.pac4j.internal.UsernameFilter.doFilter(UsernameFilter.java:51)&#10;at org.eclipse.jetty.servlet.FilterHolder.doFilter(FilterHolder.java:193)&#10;at org.eclipse.jetty.servlet.ServletHandler$Chain.doFilter(ServletHandler.java:1601)&#10;at org.pac4j.j2e.filter.SecurityFilter.lambda$internalFilter$0(SecurityFilter.java:95)&#10;at org.pac4j.core.engine.DefaultSecurityLogic.perform(DefaultSecurityLogic.java:140)&#10;at org.pac4j.j2e.filter.SecurityFilter.internalFilter(SecurityFilter.java:93)&#10;at org.pac4j.j2e.filter.AbstractConfigFilter.doFilter(AbstractConfigFilter.java:81)&#10;at org.eclipse.jetty.servlet.FilterHolder.doFilter(FilterHolder.java:193)&#10;at org.eclipse.jetty.servlet.ServletHandler$Chain.doFilter(ServletHandler.java:1601)&#10;at org.eclipse.jetty.servlet.ServletHandler.doHandle(ServletHandler.java:548)&#10;at org.eclipse.jetty.server.handler.ScopedHandler.nextHandle(ScopedHandler.java:233)&#10;at org.eclipse.jetty.server.session.SessionHandler.doHandle(SessionHandler.java:1624)&#10;at org.eclipse.jetty.server.handler.ScopedHandler.nextHandle(ScopedHandler.java:233)&#10;at org.eclipse.jetty.server.handler.ContextHandler.doHandle(ContextHandler.java:1434)&#10;at org.eclipse.jetty.server.handler.ScopedHandler.nextScope(ScopedHandler.java:188)&#10;at org.eclipse.jetty.servlet.ServletHandler.doScope(ServletHandler.java:501)&#10;at org.eclipse.jetty.server.session.SessionHandler.doScope(SessionHandler.java:1594)&#10;at org.eclipse.jetty.server.handler.ScopedHandler.nextScope(ScopedHandler.java:186)&#10;at org.eclipse.jetty.server.handler.ContextHandler.doScope(ContextHandler.java:1349)&#10;at org.eclipse.jetty.server.handler.ScopedHandler.handle(ScopedHandler.java:141)&#10;at org.eclipse.jetty.server.handler.HandlerWrapper.handle(HandlerWrapper.java:127)&#10;at com.codahale.metrics.jetty9.InstrumentedHandler.handle(InstrumentedHandler.java:313)&#10;at io.dropwizard.jetty.ContextRoutingHandler.handle(ContextRoutingHandler.java:37)&#10;at org.eclipse.jetty.server.handler.gzip.GzipHandler.handle(GzipHandler.java:713)&#10;at io.dropwizard.jetty.BiDiGzipHandler.handle(BiDiGzipHandler.java:67)&#10;at org.eclipse.jetty.server.handler.StatisticsHandler.handle(StatisticsHandler.java:179)&#10;at org.eclipse.jetty.server.handler.HandlerWrapper.handle(HandlerWrapper.java:127)&#10;at org.eclipse.jetty.server.Server.handle(Server.java:516)&#10;at org.eclipse.jetty.server.HttpChannel.lambda$handle$1(HttpChannel.java:400)&#10;at org.eclipse.jetty.server.HttpChannel.dispatch(HttpChannel.java:645)&#10;at org.eclipse.jetty.server.HttpChannel.handle(HttpChannel.java:392)&#10;at org.eclipse.jetty.server.HttpConnection.onFillable(HttpConnection.java:277)&#10;at org.eclipse.jetty.io.AbstractConnection$ReadCallback.succeeded(AbstractConnection.java:311)&#10;at org.eclipse.jetty.io.FillInterest.fillable(FillInterest.java:105)&#10;at org.eclipse.jetty.io.ChannelEndPoint$1.run(ChannelEndPoint.java:104)&#10;at org.eclipse.jetty.util.thread.strategy.EatWhatYouKill.runTask(EatWhatYouKill.java:338)&#10;at org.eclipse.jetty.util.thread.strategy.EatWhatYouKill.doProduce(EatWhatYouKill.java:315)&#10;at org.eclipse.jetty.util.thread.strategy.EatWhatYouKill.tryProduce(EatWhatYouKill.java:173)&#10;at org.eclipse.jetty.util.thread.strategy.EatWhatYouKill.run(EatWhatYouKill.java:131)&#10;at org.eclipse.jetty.util.thread.ReservedThreadExecutor$ReservedThread.run(ReservedThreadExecutor.java:409)&#10;at org.eclipse.jetty.util.thread.QueuedThreadPool.runJob(QueuedThreadPool.java:883)&#10;at org.eclipse.jetty.util.thread.QueuedThreadPool$Runner.run(QueuedThreadPool.java:1034)&#10;at java.base/java.lang.Thread.run(Thread.java:829)&#10;Caused by: net.snowflake.client.jdbc.SnowflakeSQLException: SQL compilation error:&#10;Object &apos;ORDERPNLTABLE&apos; does not exist or not authorized.&#10;at net.snowflake.client.jdbc.SnowflakeUtil.checkErrorAndThrowExceptionSub(SnowflakeUtil.java:127)&#10;at net.snowflake.client.jdbc.SnowflakeUtil.checkErrorAndThrowException(SnowflakeUtil.java:67)&#10;at net.snowflake.client.core.StmtUtil.pollForOutput(StmtUtil.java:442)&#10;at net.snowflake.client.core.StmtUtil.execute(StmtUtil.java:345)&#10;at net.snowflake.client.core.SFStatement.executeHelper(SFStatement.java:486)&#10;at net.snowflake.client.core.SFStatement.executeQueryInternal(SFStatement.java:197)&#10;at net.snowflake.client.core.SFStatement.executeQuery(SFStatement.java:134)&#10;at net.snowflake.client.core.SFStatement.execute(SFStatement.java:743)&#10;at net.snowflake.client.core.SFStatement.execute(SFStatement.java:639)&#10;at net.snowflake.client.jdbc.SnowflakeStatementV1.executeQueryInternal(SnowflakeStatementV1.java:238)&#10;at net.snowflake.client.jdbc.SnowflakeStatementV1.executeQuery(SnowflakeStatementV1.java:133)&#10;at com.zaxxer.hikari.pool.ProxyStatement.executeQuery(ProxyStatement.java:110)&#10;at com.zaxxer.hikari.pool.HikariProxyStatement.executeQuery(HikariProxyStatement.java)&#10;at org.finos.legend.engine.plan.execution.stores.relational.result.SQLExecutionResult.&lt;init&gt;(SQLExecutionResult.java:95)&#10;... 101 more&#10;&quot;}&apos;&quot;" type="Assert failure at (resource"><![CDATA[Assert failure at (resource:/platform/pure/basics/tests/assertEq.pure line:34 column:5), "500 '{"code":-1,"message":"SnowflakeSQLException: SQL compilation error:
Object 'ORDERPNLTABLE' does not exist or not authorized.","status":"error","trace":"java.lang.RuntimeException: net.snowflake.client.jdbc.SnowflakeSQLException: SQL compilation error:
Object 'ORDERPNLTABLE' does not exist or not authorized.
at org.finos.legend.engine.plan.execution.stores.relational.result.SQLExecutionResult.<init>(SQLExecutionResult.java:123)
at org.finos.legend.engine.plan.execution.stores.relational.RelationalExecutor.execute(RelationalExecutor.java:241)
at org.finos.legend.engine.plan.execution.stores.relational.plugin.RelationalExecutionNodeExecutor.visit(RelationalExecutionNodeExecutor.java:238)
at org.finos.legend.engine.plan.execution.stores.relational.plugin.RelationalExecutionNodeExecutor.visit(RelationalExecutionNodeExecutor.java:252)
at org.finos.legend.engine.plan.execution.stores.relational.plugin.RelationalExecutionNodeExecutor.visit(RelationalExecutionNodeExecutor.java:92)
at org.finos.legend.engine.protocol.pure.v1.model.executionPlan.nodes.RelationalTdsInstantiationExecutionNode.accept(RelationalTdsInstantiationExecutionNode.java:22)
at org.finos.legend.engine.plan.execution.stores.relational.RelationalExecutionExtension.lambda$getExtraNodeExecutors$fbe53481$1(RelationalExecutionExtension.java:50)
at org.finos.legend.engine.plan.execution.nodes.ExecutionNodeExecutor.lambda$visit$0(ExecutionNodeExecutor.java:164)
at java.base/java.util.stream.ReferencePipeline$3$1.accept(ReferencePipeline.java:195)
at java.base/java.util.Spliterators$ArraySpliterator.tryAdvance(Spliterators.java:958)
at java.base/java.util.stream.ReferencePipeline.forEachWithCancel(ReferencePipeline.java:127)
at java.base/java.util.stream.AbstractPipeline.copyIntoWithCancel(AbstractPipeline.java:502)
at java.base/java.util.stream.AbstractPipeline.copyInto(AbstractPipeline.java:488)
at java.base/java.util.stream.AbstractPipeline.wrapAndCopyInto(AbstractPipeline.java:474)
at java.base/java.util.stream.FindOps$FindOp.evaluateSequential(FindOps.java:150)
at java.base/java.util.stream.AbstractPipeline.evaluate(AbstractPipeline.java:234)
at java.base/java.util.stream.ReferencePipeline.findFirst(ReferencePipeline.java:543)
at org.finos.legend.engine.plan.execution.nodes.ExecutionNodeExecutor.visit(ExecutionNodeExecutor.java:164)
at org.finos.legend.engine.plan.execution.nodes.ExecutionNodeExecutor.visit(ExecutionNodeExecutor.java:107)
at org.finos.legend.engine.protocol.pure.v1.model.executionPlan.nodes.RelationalTdsInstantiationExecutionNode.accept(RelationalTdsInstantiationExecutionNode.java:22)
at org.finos.legend.engine.plan.execution.PlanExecutor.execute(PlanExecutor.java:238)
at org.finos.legend.engine.plan.execution.PlanExecutor.execute(PlanExecutor.java:225)
at org.finos.legend.engine.plan.execution.api.ExecutePlan.doExecutePlanLegacy(ExecutePlan.java:102)
at org.finos.legend.engine.plan.execution.api.ExecutePlan.doExecutePlan(ExecutePlan.java:84)
at org.finos.legend.engine.plan.execution.api.ExecutePlanLegacy.executePlan(ExecutePlanLegacy.java:56)
at jdk.internal.reflect.GeneratedMethodAccessor100.invoke(Unknown Source)
at java.base/jdk.internal.reflect.DelegatingMethodAccessorImpl.invoke(DelegatingMethodAccessorImpl.java:43)
at java.base/java.lang.reflect.Method.invoke(Method.java:566)
at org.glassfish.jersey.server.model.internal.ResourceMethodInvocationHandlerFactory$1.invoke(ResourceMethodInvocationHandlerFactory.java:81)
at org.glassfish.jersey.server.model.internal.AbstractJavaResourceMethodDispatcher$1.run(AbstractJavaResourceMethodDispatcher.java:144)
at org.glassfish.jersey.server.model.internal.AbstractJavaResourceMethodDispatcher.invoke(AbstractJavaResourceMethodDispatcher.java:161)
at org.glassfish.jersey.server.model.internal.JavaResourceMethodDispatcherProvider$ResponseOutInvoker.doDispatch(JavaResourceMethodDispatcherProvider.java:160)
at org.glassfish.jersey.server.model.internal.AbstractJavaResourceMethodDispatcher.dispatch(AbstractJavaResourceMethodDispatcher.java:99)
at org.glassfish.jersey.server.model.ResourceMethodInvoker.invoke(ResourceMethodInvoker.java:389)
at org.glassfish.jersey.server.model.ResourceMethodInvoker.apply(ResourceMethodInvoker.java:347)
at org.glassfish.jersey.server.model.ResourceMethodInvoker.apply(ResourceMethodInvoker.java:102)
at org.glassfish.jersey.server.ServerRuntime$2.run(ServerRuntime.java:326)
at org.glassfish.jersey.internal.Errors$1.call(Errors.java:271)
at org.glassfish.jersey.internal.Errors$1.call(Errors.java:267)
at org.glassfish.jersey.internal.Errors.process(Errors.java:315)
at org.glassfish.jersey.internal.Errors.process(Errors.java:297)
at org.glassfish.jersey.internal.Errors.process(Errors.java:267)
at org.glassfish.jersey.process.internal.RequestScope.runInScope(RequestScope.java:317)
at org.glassfish.jersey.server.ServerRuntime.process(ServerRuntime.java:305)
at org.glassfish.jersey.server.ApplicationHandler.handle(ApplicationHandler.java:1154)
at org.glassfish.jersey.servlet.WebComponent.serviceImpl(WebComponent.java:473)
at org.glassfish.jersey.servlet.WebComponent.service(WebComponent.java:427)
at org.glassfish.jersey.servlet.ServletContainer.service(ServletContainer.java:388)
at org.glassfish.jersey.servlet.ServletContainer.service(ServletContainer.java:341)
at org.glassfish.jersey.servlet.ServletContainer.service(ServletContainer.java:228)
at org.eclipse.jetty.servlet.ServletHolder.handle(ServletHolder.java:799)
at org.eclipse.jetty.servlet.ServletHandler$ChainEnd.doFilter(ServletHandler.java:1631)
at io.dropwizard.servlets.ThreadNameFilter.doFilter(ThreadNameFilter.java:35)
at org.eclipse.jetty.servlet.FilterHolder.doFilter(FilterHolder.java:193)
at org.eclipse.jetty.servlet.ServletHandler$Chain.doFilter(ServletHandler.java:1601)
at io.dropwizard.jersey.filter.AllowedMethodsFilter.handle(AllowedMethodsFilter.java:45)
at io.dropwizard.jersey.filter.AllowedMethodsFilter.doFilter(AllowedMethodsFilter.java:39)
at org.eclipse.jetty.servlet.FilterHolder.doFilter(FilterHolder.java:193)
at org.eclipse.jetty.servlet.ServletHandler$Chain.doFilter(ServletHandler.java:1601)
at org.finos.legend.server.pac4j.internal.UsernameFilter.doFilter(UsernameFilter.java:51)
at org.eclipse.jetty.servlet.FilterHolder.doFilter(FilterHolder.java:193)
at org.eclipse.jetty.servlet.ServletHandler$Chain.doFilter(ServletHandler.java:1601)
at org.pac4j.j2e.filter.SecurityFilter.lambda$internalFilter$0(SecurityFilter.java:95)
at org.pac4j.core.engine.DefaultSecurityLogic.perform(DefaultSecurityLogic.java:140)
at org.pac4j.j2e.filter.SecurityFilter.internalFilter(SecurityFilter.java:93)
at org.pac4j.j2e.filter.AbstractConfigFilter.doFilter(AbstractConfigFilter.java:81)
at org.eclipse.jetty.servlet.FilterHolder.doFilter(FilterHolder.java:193)
at org.eclipse.jetty.servlet.ServletHandler$Chain.doFilter(ServletHandler.java:1601)
at org.eclipse.jetty.servlet.ServletHandler.doHandle(ServletHandler.java:548)
at org.eclipse.jetty.server.handler.ScopedHandler.nextHandle(ScopedHandler.java:233)
at org.eclipse.jetty.server.session.SessionHandler.doHandle(SessionHandler.java:1624)
at org.eclipse.jetty.server.handler.ScopedHandler.nextHandle(ScopedHandler.java:233)
at org.eclipse.jetty.server.handler.ContextHandler.doHandle(ContextHandler.java:1434)
at org.eclipse.jetty.server.handler.ScopedHandler.nextScope(ScopedHandler.java:188)
at org.eclipse.jetty.servlet.ServletHandler.doScope(ServletHandler.java:501)
at org.eclipse.jetty.server.session.SessionHandler.doScope(SessionHandler.java:1594)
at org.eclipse.jetty.server.handler.ScopedHandler.nextScope(ScopedHandler.java:186)
at org.eclipse.jetty.server.handler.ContextHandler.doScope(ContextHandler.java:1349)
at org.eclipse.jetty.server.handler.ScopedHandler.handle(ScopedHandler.java:141)
at org.eclipse.jetty.server.handler.HandlerWrapper.handle(HandlerWrapper.java:127)
at com.codahale.metrics.jetty9.InstrumentedHandler.handle(InstrumentedHandler.java:313)
at io.dropwizard.jetty.ContextRoutingHandler.handle(ContextRoutingHandler.java:37)
at org.eclipse.jetty.server.handler.gzip.GzipHandler.handle(GzipHandler.java:713)
at io.dropwizard.jetty.BiDiGzipHandler.handle(BiDiGzipHandler.java:67)
at org.eclipse.jetty.server.handler.StatisticsHandler.handle(StatisticsHandler.java:179)
at org.eclipse.jetty.server.handler.HandlerWrapper.handle(HandlerWrapper.java:127)
at org.eclipse.jetty.server.Server.handle(Server.java:516)
at org.eclipse.jetty.server.HttpChannel.lambda$handle$1(HttpChannel.java:400)
at org.eclipse.jetty.server.HttpChannel.dispatch(HttpChannel.java:645)
at org.eclipse.jetty.server.HttpChannel.handle(HttpChannel.java:392)
at org.eclipse.jetty.server.HttpConnection.onFillable(HttpConnection.java:277)
at org.eclipse.jetty.io.AbstractConnection$ReadCallback.succeeded(AbstractConnection.java:311)
at org.eclipse.jetty.io.FillInterest.fillable(FillInterest.java:105)
at org.eclipse.jetty.io.ChannelEndPoint$1.run(ChannelEndPoint.java:104)
at org.eclipse.jetty.util.thread.strategy.EatWhatYouKill.runTask(EatWhatYouKill.java:338)
at org.eclipse.jetty.util.thread.strategy.EatWhatYouKill.doProduce(EatWhatYouKill.java:315)
at org.eclipse.jetty.util.thread.strategy.EatWhatYouKill.tryProduce(EatWhatYouKill.java:173)
at org.eclipse.jetty.util.thread.strategy.EatWhatYouKill.run(EatWhatYouKill.java:131)
at org.eclipse.jetty.util.thread.ReservedThreadExecutor$ReservedThread.run(ReservedThreadExecutor.java:409)
at org.eclipse.jetty.util.thread.QueuedThreadPool.runJob(QueuedThreadPool.java:883)
at org.eclipse.jetty.util.thread.QueuedThreadPool$Runner.run(QueuedThreadPool.java:1034)
at java.base/java.lang.Thread.run(Thread.java:829)
Caused by: net.snowflake.client.jdbc.SnowflakeSQLException: SQL compilation error:
Object 'ORDERPNLTABLE' does not exist or not authorized.
at net.snowflake.client.jdbc.SnowflakeUtil.checkErrorAndThrowExceptionSub(SnowflakeUtil.java:127)
at net.snowflake.client.jdbc.SnowflakeUtil.checkErrorAndThrowException(SnowflakeUtil.java:67)
at net.snowflake.client.core.StmtUtil.pollForOutput(StmtUtil.java:442)
at net.snowflake.client.core.StmtUtil.execute(StmtUtil.java:345)
at net.snowflake.client.core.SFStatement.executeHelper(SFStatement.java:486)
at net.snowflake.client.core.SFStatement.executeQueryInternal(SFStatement.java:197)
at net.snowflake.client.core.SFStatement.executeQuery(SFStatement.java:134)
at net.snowflake.client.core.SFStatement.execute(SFStatement.java:743)
at net.snowflake.client.core.SFStatement.execute(SFStatement.java:639)
at net.snowflake.client.jdbc.SnowflakeStatementV1.executeQueryInternal(SnowflakeStatementV1.java:238)
at net.snowflake.client.jdbc.SnowflakeStatementV1.executeQuery(SnowflakeStatementV1.java:133)
at com.zaxxer.hikari.pool.ProxyStatement.executeQuery(ProxyStatement.java:110)
at com.zaxxer.hikari.pool.HikariProxyStatement.executeQuery(HikariProxyStatement.java)
at org.finos.legend.engine.plan.execution.stores.relational.result.SQLExecutionResult.<init>(SQLExecutionResult.java:95)
... 101 more
"}'"
	at org.finos.legend.pure.runtime.java.compiled.generation.processors.support.CompiledSupport.pureAssert(CompiledSupport.java:1994)
	at org.finos.legend.pure.generated.platform_pure_basics_tests_assertEq.Root_meta_pure_functions_asserts_assertEq_Any_1__Any_1__Function_1__Boolean_1_(platform_pure_basics_tests_assertEq.java:44)
	at org.finos.legend.pure.generated.core_pure_protocol_vX_X_X_invocations_execution.Root_meta_protocols_pure_vX_X_X_invocation_execution_execute_executePlan_String_1__String_1__Integer_1__String_1_(core_pure_protocol_vX_X_X_invocations_execution.java:751)
	at org.finos.legend.pure.generated.core_pure_protocol_vX_X_X_invocations_execution.Root_meta_protocols_pure_vX_X_X_invocation_execution_execute_executePlan_ExecutionPlan_1__String_1__Integer_1__Extension_MANY__String_1_(core_pure_protocol_vX_X_X_invocations_execution.java:745)
	at org.finos.legend.pure.generated.core_pure_protocol_vX_X_X_invocations_execution.Root_meta_protocols_pure_vX_X_X_invocation_execution_execute_executePlan_ExecutionPlan_1__ExecutionContext_$0_1$__String_1__Integer_1__Extension_MANY__Result_1_(core_pure_protocol_vX_X_X_invocations_execution.java:738)
	at jdk.internal.reflect.GeneratedMethodAccessor96.invoke(Unknown Source)
	at java.base/jdk.internal.reflect.DelegatingMethodAccessorImpl.invoke(DelegatingMethodAccessorImpl.java:43)
	at java.base/java.lang.reflect.Method.invoke(Method.java:566)
	at org.finos.legend.pure.runtime.java.compiled.metadata.JavaMethodWithParamsSharedPureFunction.execute(JavaMethodWithParamsSharedPureFunction.java:59)
	at org.finos.legend.pure.runtime.java.compiled.generation.processors.support.Pure._evaluateToMany(Pure.java:546)
	at org.finos.legend.pure.generated.CoreGen.evaluateToMany(CoreGen.java:147)
	at org.finos.legend.pure.generated.CoreGen.evaluateToMany(CoreGen.java:134)
	at org.finos.legend.pure.generated.core_pure_router_router_entry$9$1.value(core_pure_router_router_entry.java:318)
	at org.finos.legend.pure.generated.core_pure_router_router_entry$9$1.execute(core_pure_router_router_entry.java:311)
	at org.finos.legend.pure.generated.core_pure_router_router_entry$9$1.execute(core_pure_router_router_entry.java:307)
	at org.finos.legend.pure.runtime.java.compiled.generation.processors.support.Pure.evaluate(Pure.java:485)
	at org.finos.legend.pure.runtime.java.compiled.generation.processors.support.Pure.legendTest(Pure.java:216)
	at org.finos.legend.pure.generated.CoreGen.legendTest(CoreGen.java:61)
	at org.finos.legend.pure.generated.core_pure_router_router_entry$9.valueOf(core_pure_router_router_entry.java:303)
	at org.finos.legend.pure.generated.core_pure_router_router_entry$9.execute(core_pure_router_router_entry.java:298)
	at org.finos.legend.pure.generated.core_pure_router_router_entry$9.execute(core_pure_router_router_entry.java:294)
	at org.finos.legend.pure.runtime.java.compiled.generation.processors.support.Pure.evaluate(Pure.java:485)
	at org.finos.legend.pure.runtime.java.compiled.generation.processors.support.Pure.traceSpan(Pure.java:1482)
	at org.finos.legend.pure.generated.CoreGen.traceSpan(CoreGen.java:203)
	at org.finos.legend.pure.generated.core_pure_router_router_entry.Root_meta_pure_router_executePlan_ExecutionPlan_1__ExecutionContext_1__Extension_MANY__Result_$0_1$_(core_pure_router_router_entry.java:290)
	at org.finos.legend.pure.generated.core_pure_router_router_entry.Root_meta_pure_router_executePlan_ExecutionPlan_1__Extension_MANY__Result_$0_1$_(core_pure_router_router_entry.java:285)
	at org.finos.legend.pure.generated.core_relational_relational_sqlQueryToString_dbTestRunner_executionPlanTestRunner$19.execute(core_relational_relational_sqlQueryToString_dbTestRunner_executionPlanTestRunner.java:305)
	at org.finos.legend.pure.generated.core_relational_relational_sqlQueryToString_dbTestRunner_executionPlanTestRunner.Root_meta_relational_dbTestRunner_executeViaPlan_FunctionDefinition_1__Mapping_1__Database_1__DbTestConfig_1__Extension_MANY__Result_$0_1$_(core_relational_relational_sqlQueryToString_dbTestRunner_executionPlanTestRunner.java:309)
	at org.finos.legend.pure.generated.core_relational_relational_sqlQueryToString_testSuite_selectSubClauses_view.Root_meta_relational_tests_dbSpecificTests_sqlQueryTests_selectSubClauses_view_testViewAllOneSimpleProperty_DbTestConfig_1__Boolean_1_(core_relational_relational_sqlQueryToString_testSuite_selectSubClauses_view.java:260)
	at java.base/jdk.internal.reflect.NativeMethodAccessorImpl.invoke0(Native Method)
	at java.base/jdk.internal.reflect.NativeMethodAccessorImpl.invoke(NativeMethodAccessorImpl.java:62)
	at java.base/jdk.internal.reflect.DelegatingMethodAccessorImpl.invoke(DelegatingMethodAccessorImpl.java:43)
	at java.base/java.lang.reflect.Method.invoke(Method.java:566)
	at org.finos.legend.pure.runtime.java.compiled.testHelper.PureTestBuilderCompiled.executeFn(PureTestBuilderCompiled.java:113)
	at org.finos.legend.pure.runtime.java.compiled.testHelper.PureTestBuilderCompiled.lambda$buildSuite$0(PureTestBuilderCompiled.java:79)
	at org.finos.legend.pure.m3.execution.test.PureTestBuilder$PureTestCase.runTest(PureTestBuilder.java:95)
	at junit.framework.TestCase.runBare(TestCase.java:142)
	at org.finos.legend.engine.server.test.shared.Relational_DbSpecific_UsingPureClientTestSuite$2.runTest(Relational_DbSpecific_UsingPureClientTestSuite.java:90)
	at junit.framework.TestCase.runBare(TestCase.java:142)
	at junit.framework.TestResult$1.protect(TestResult.java:122)
	at junit.framework.TestResult.runProtected(TestResult.java:142)
	at junit.framework.TestResult.run(TestResult.java:125)
	at junit.framework.TestCase.run(TestCase.java:130)
	at junit.framework.TestSuite.runTest(TestSuite.java:241)
	at junit.framework.TestSuite.run(TestSuite.java:236)
	at junit.framework.TestSuite.runTest(TestSuite.java:241)
	at junit.framework.TestSuite.run(TestSuite.java:236)
	at junit.framework.TestSuite.runTest(TestSuite.java:241)
	at junit.framework.TestSuite.run(TestSuite.java:236)
	at junit.framework.TestSuite.runTest(TestSuite.java:241)
	at junit.framework.TestSuite.run(TestSuite.java:236)
	at junit.framework.TestSuite.runTest(TestSuite.java:241)
	at junit.framework.TestSuite.run(TestSuite.java:236)
	at junit.extensions.TestDecorator.basicRun(TestDecorator.java:24)
	at junit.extensions.TestSetup$1.protect(TestSetup.java:23)
	at junit.framework.TestResult.runProtected(TestResult.java:142)
	at junit.extensions.TestSetup.run(TestSetup.java:27)
	at org.junit.internal.runners.JUnit38ClassRunner.run(JUnit38ClassRunner.java:90)
	at org.apache.maven.surefire.junit4.JUnit4Provider.execute(JUnit4Provider.java:365)
	at org.apache.maven.surefire.junit4.JUnit4Provider.executeWithRerun(JUnit4Provider.java:273)
	at org.apache.maven.surefire.junit4.JUnit4Provider.executeTestSet(JUnit4Provider.java:238)
	at org.apache.maven.surefire.junit4.JUnit4Provider.invoke(JUnit4Provider.java:159)
	at org.apache.maven.surefire.booter.ForkedBooter.invokeProviderInSameClassLoader(ForkedBooter.java:384)
	at org.apache.maven.surefire.booter.ForkedBooter.runSuitesInProcess(ForkedBooter.java:345)
	at org.apache.maven.surefire.booter.ForkedBooter.execute(ForkedBooter.java:126)
	at org.apache.maven.surefire.booter.ForkedBooter.main(ForkedBooter.java:418)
]]></error>
    <system-out><![CDATA[Running db test selectSubClauses::view::testViewAllOneSimpleProperty
{"duration":0.0,"eventType":"EXECUTION_PLAN_EXEC_ERROR","info":{"code":-1,"message":"SnowflakeSQLException: SQL compilation error:\nObject 'ORDERPNLTABLE' does not exist or not authorized.","status":"error","trace":"java.lang.RuntimeException: net.snowflake.client.jdbc.SnowflakeSQLException: SQL compilation error:\nObject 'ORDERPNLTABLE' does not exist or not authorized.\n\tat org.finos.legend.engine.plan.execution.stores.relational.result.SQLExecutionResult.<init>(SQLExecutionResult.java:123)\n\tat org.finos.legend.engine.plan.execution.stores.relational.RelationalExecutor.execute(RelationalExecutor.java:241)\n\tat org.finos.legend.engine.plan.execution.stores.relational.plugin.RelationalExecutionNodeExecutor.visit(RelationalExecutionNodeExecutor.java:238)\n\tat org.finos.legend.engine.plan.execution.stores.relational.plugin.RelationalExecutionNodeExecutor.visit(RelationalExecutionNodeExecutor.java:252)\n\tat org.finos.legend.engine.plan.execution.stores.relational.plugin.RelationalExecutionNodeExecutor.visit(RelationalExecutionNodeExecutor.java:92)\n\tat org.finos.legend.engine.protocol.pure.v1.model.executionPlan.nodes.RelationalTdsInstantiationExecutionNode.accept(RelationalTdsInstantiationExecutionNode.java:22)\n\tat org.finos.legend.engine.plan.execution.stores.relational.RelationalExecutionExtension.lambda$getExtraNodeExecutors$fbe53481$1(RelationalExecutionExtension.java:50)\n\tat org.finos.legend.engine.plan.execution.nodes.ExecutionNodeExecutor.lambda$visit$0(ExecutionNodeExecutor.java:164)\n\tat java.base/java.util.stream.ReferencePipeline$3$1.accept(ReferencePipeline.java:195)\n\tat java.base/java.util.Spliterators$ArraySpliterator.tryAdvance(Spliterators.java:958)\n\tat java.base/java.util.stream.ReferencePipeline.forEachWithCancel(ReferencePipeline.java:127)\n\tat java.base/java.util.stream.AbstractPipeline.copyIntoWithCancel(AbstractPipeline.java:502)\n\tat java.base/java.util.stream.AbstractPipeline.copyInto(AbstractPipeline.java:488)\n\tat java.base/java.util.stream.AbstractPipeline.wrapAndCopyInto(AbstractPipeline.java:474)\n\tat java.base/java.util.stream.FindOps$FindOp.evaluateSequential(FindOps.java:150)\n\tat java.base/java.util.stream.AbstractPipeline.evaluate(AbstractPipeline.java:234)\n\tat java.base/java.util.stream.ReferencePipeline.findFirst(ReferencePipeline.java:543)\n\tat org.finos.legend.engine.plan.execution.nodes.ExecutionNodeExecutor.visit(ExecutionNodeExecutor.java:164)\n\tat org.finos.legend.engine.plan.execution.nodes.ExecutionNodeExecutor.visit(ExecutionNodeExecutor.java:107)\n\tat org.finos.legend.engine.protocol.pure.v1.model.executionPlan.nodes.RelationalTdsInstantiationExecutionNode.accept(RelationalTdsInstantiationExecutionNode.java:22)\n\tat org.finos.legend.engine.plan.execution.PlanExecutor.execute(PlanExecutor.java:238)\n\tat org.finos.legend.engine.plan.execution.PlanExecutor.execute(PlanExecutor.java:225)\n\tat org.finos.legend.engine.plan.execution.api.ExecutePlan.doExecutePlanLegacy(ExecutePlan.java:102)\n\tat org.finos.legend.engine.plan.execution.api.ExecutePlan.doExecutePlan(ExecutePlan.java:84)\n\tat org.finos.legend.engine.plan.execution.api.ExecutePlanLegacy.executePlan(ExecutePlanLegacy.java:56)\n\tat jdk.internal.reflect.GeneratedMethodAccessor100.invoke(Unknown Source)\n\tat java.base/jdk.internal.reflect.DelegatingMethodAccessorImpl.invoke(DelegatingMethodAccessorImpl.java:43)\n\tat java.base/java.lang.reflect.Method.invoke(Method.java:566)\n\tat org.glassfish.jersey.server.model.internal.ResourceMethodInvocationHandlerFactory$1.invoke(ResourceMethodInvocationHandlerFactory.java:81)\n\tat org.glassfish.jersey.server.model.internal.AbstractJavaResourceMethodDispatcher$1.run(AbstractJavaResourceMethodDispatcher.java:144)\n\tat org.glassfish.jersey.server.model.internal.AbstractJavaResourceMethodDispatcher.invoke(AbstractJavaResourceMethodDispatcher.java:161)\n\tat org.glassfish.jersey.server.model.internal.JavaResourceMethodDispatcherProvider$ResponseOutInvoker.doDispatch(JavaResourceMethodDispatcherProvider.java:160)\n\tat org.glassfish.jersey.server.model.internal.AbstractJavaResourceMethodDispatcher.dispatch(AbstractJavaResourceMethodDispatcher.java:99)\n\tat org.glassfish.jersey.server.model.ResourceMethodInvoker.invoke(ResourceMethodInvoker.java:389)\n\tat org.glassfish.jersey.server.model.ResourceMethodInvoker.apply(ResourceMethodInvoker.java:347)\n\tat org.glassfish.jersey.server.model.ResourceMethodInvoker.apply(ResourceMethodInvoker.java:102)\n\tat org.glassfish.jersey.server.ServerRuntime$2.run(ServerRuntime.java:326)\n\tat org.glassfish.jersey.internal.Errors$1.call(Errors.java:271)\n\tat org.glassfish.jersey.internal.Errors$1.call(Errors.java:267)\n\tat org.glassfish.jersey.internal.Errors.process(Errors.java:315)\n\tat org.glassfish.jersey.internal.Errors.process(Errors.java:297)\n\tat org.glassfish.jersey.internal.Errors.process(Errors.java:267)\n\tat org.glassfish.jersey.process.internal.RequestScope.runInScope(RequestScope.java:317)\n\tat org.glassfish.jersey.server.ServerRuntime.process(ServerRuntime.java:305)\n\tat org.glassfish.jersey.server.ApplicationHandler.handle(ApplicationHandler.java:1154)\n\tat org.glassfish.jersey.servlet.WebComponent.serviceImpl(WebComponent.java:473)\n\tat org.glassfish.jersey.servlet.WebComponent.service(WebComponent.java:427)\n\tat org.glassfish.jersey.servlet.ServletContainer.service(ServletContainer.java:388)\n\tat org.glassfish.jersey.servlet.ServletContainer.service(ServletContainer.java:341)\n\tat org.glassfish.jersey.servlet.ServletContainer.service(ServletContainer.java:228)\n\tat org.eclipse.jetty.servlet.ServletHolder.handle(ServletHolder.java:799)\n\tat org.eclipse.jetty.servlet.ServletHandler$ChainEnd.doFilter(ServletHandler.java:1631)\n\tat io.dropwizard.servlets.ThreadNameFilter.doFilter(ThreadNameFilter.java:35)\n\tat org.eclipse.jetty.servlet.FilterHolder.doFilter(FilterHolder.java:193)\n\tat org.eclipse.jetty.servlet.ServletHandler$Chain.doFilter(ServletHandler.java:1601)\n\tat io.dropwizard.jersey.filter.AllowedMethodsFilter.handle(AllowedMethodsFilter.java:45)\n\tat io.dropwizard.jersey.filter.AllowedMethodsFilter.doFilter(AllowedMethodsFilter.java:39)\n\tat org.eclipse.jetty.servlet.FilterHolder.doFilter(FilterHolder.java:193)\n\tat org.eclipse.jetty.servlet.ServletHandler$Chain.doFilter(ServletHandler.java:1601)\n\tat org.finos.legend.server.pac4j.internal.UsernameFilter.doFilter(UsernameFilter.java:51)\n\tat org.eclipse.jetty.servlet.FilterHolder.doFilter(FilterHolder.java:193)\n\tat org.eclipse.jetty.servlet.ServletHandler$Chain.doFilter(ServletHandler.java:1601)\n\tat org.pac4j.j2e.filter.SecurityFilter.lambda$internalFilter$0(SecurityFilter.java:95)\n\tat org.pac4j.core.engine.DefaultSecurityLogic.perform(DefaultSecurityLogic.java:140)\n\tat org.pac4j.j2e.filter.SecurityFilter.internalFilter(SecurityFilter.java:93)\n\tat org.pac4j.j2e.filter.AbstractConfigFilter.doFilter(AbstractConfigFilter.java:81)\n\tat org.eclipse.jetty.servlet.FilterHolder.doFilter(FilterHolder.java:193)\n\tat org.eclipse.jetty.servlet.ServletHandler$Chain.doFilter(ServletHandler.java:1601)\n\tat org.eclipse.jetty.servlet.ServletHandler.doHandle(ServletHandler.java:548)\n\tat org.eclipse.jetty.server.handler.ScopedHandler.nextHandle(ScopedHandler.java:233)\n\tat org.eclipse.jetty.server.session.SessionHandler.doHandle(SessionHandler.java:1624)\n\tat org.eclipse.jetty.server.handler.ScopedHandler.nextHandle(ScopedHandler.java:233)\n\tat org.eclipse.jetty.server.handler.ContextHandler.doHandle(ContextHandler.java:1434)\n\tat org.eclipse.jetty.server.handler.ScopedHandler.nextScope(ScopedHandler.java:188)\n\tat org.eclipse.jetty.servlet.ServletHandler.doScope(ServletHandler.java:501)\n\tat org.eclipse.jetty.server.session.SessionHandler.doScope(SessionHandler.java:1594)\n\tat org.eclipse.jetty.server.handler.ScopedHandler.nextScope(ScopedHandler.java:186)\n\tat org.eclipse.jetty.server.handler.ContextHandler.doScope(ContextHandler.java:1349)\n\tat org.eclipse.jetty.server.handler.ScopedHandler.handle(ScopedHandler.java:141)\n\tat org.eclipse.jetty.server.handler.HandlerWrapper.handle(HandlerWrapper.java:127)\n\tat com.codahale.metrics.jetty9.InstrumentedHandler.handle(InstrumentedHandler.java:313)\n\tat io.dropwizard.jetty.ContextRoutingHandler.handle(ContextRoutingHandler.java:37)\n\tat org.eclipse.jetty.server.handler.gzip.GzipHandler.handle(GzipHandler.java:713)\n\tat io.dropwizard.jetty.BiDiGzipHandler.handle(BiDiGzipHandler.java:67)\n\tat org.eclipse.jetty.server.handler.StatisticsHandler.handle(StatisticsHandler.java:179)\n\tat org.eclipse.jetty.server.handler.HandlerWrapper.handle(HandlerWrapper.java:127)\n\tat org.eclipse.jetty.server.Server.handle(Server.java:516)\n\tat org.eclipse.jetty.server.HttpChannel.lambda$handle$1(HttpChannel.java:400)\n\tat org.eclipse.jetty.server.HttpChannel.dispatch(HttpChannel.java:645)\n\tat org.eclipse.jetty.server.HttpChannel.handle(HttpChannel.java:392)\n\tat org.eclipse.jetty.server.HttpConnection.onFillable(HttpConnection.java:277)\n\tat org.eclipse.jetty.io.AbstractConnection$ReadCallback.succeeded(AbstractConnection.java:311)\n\tat org.eclipse.jetty.io.FillInterest.fillable(FillInterest.java:105)\n\tat org.eclipse.jetty.io.ChannelEndPoint$1.run(ChannelEndPoint.java:104)\n\tat org.eclipse.jetty.util.thread.strategy.EatWhatYouKill.runTask(EatWhatYouKill.java:338)\n\tat org.eclipse.jetty.util.thread.strategy.EatWhatYouKill.doProduce(EatWhatYouKill.java:315)\n\tat org.eclipse.jetty.util.thread.strategy.EatWhatYouKill.tryProduce(EatWhatYouKill.java:173)\n\tat org.eclipse.jetty.util.thread.strategy.EatWhatYouKill.run(EatWhatYouKill.java:131)\n\tat org.eclipse.jetty.util.thread.ReservedThreadExecutor$ReservedThread.run(ReservedThreadExecutor.java:409)\n\tat org.eclipse.jetty.util.thread.QueuedThreadPool.runJob(QueuedThreadPool.java:883)\n\tat org.eclipse.jetty.util.thread.QueuedThreadPool$Runner.run(QueuedThreadPool.java:1034)\n\tat java.base/java.lang.Thread.run(Thread.java:829)\nCaused by: net.snowflake.client.jdbc.SnowflakeSQLException: SQL compilation error:\nObject 'ORDERPNLTABLE' does not exist or not authorized.\n\tat net.snowflake.client.jdbc.SnowflakeUtil.checkErrorAndThrowExceptionSub(SnowflakeUtil.java:127)\n\tat net.snowflake.client.jdbc.SnowflakeUtil.checkErrorAndThrowException(SnowflakeUtil.java:67)\n\tat net.snowflake.client.core.StmtUtil.pollForOutput(StmtUtil.java:442)\n\tat net.snowflake.client.core.StmtUtil.execute(StmtUtil.java:345)\n\tat net.snowflake.client.core.SFStatement.executeHelper(SFStatement.java:486)\n\tat net.snowflake.client.core.SFStatement.executeQueryInternal(SFStatement.java:197)\n\tat net.snowflake.client.core.SFStatement.executeQuery(SFStatement.java:134)\n\tat net.snowflake.client.core.SFStatement.execute(SFStatement.java:743)\n\tat net.snowflake.client.core.SFStatement.execute(SFStatement.java:639)\n\tat net.snowflake.client.jdbc.SnowflakeStatementV1.executeQueryInternal(SnowflakeStatementV1.java:238)\n\tat net.snowflake.client.jdbc.SnowflakeStatementV1.executeQuery(SnowflakeStatementV1.java:133)\n\tat com.zaxxer.hikari.pool.ProxyStatement.executeQuery(ProxyStatement.java:110)\n\tat com.zaxxer.hikari.pool.HikariProxyStatement.executeQuery(HikariProxyStatement.java)\n\tat org.finos.legend.engine.plan.execution.stores.relational.result.SQLExecutionResult.<init>(SQLExecutionResult.java:95)\n\t... 101 more\n"},"mode":"DEV","timeStamp":"2023-02-23 01:32:00.608","user":"_UNKNOWN_"}
| **selectSubClauses::view::testViewAllOneSimpleProperty** | failing :x: |
]]></system-out>
  </testcase>
  <testcase name="testViewOnView[Snowflake]" classname="org.finos.legend.engine.server.test.shared.Relational_DbSpecific_UsingPureClientTestSuite$2" time="0.464">
    <error message="Assert failure at (resource:/platform/pure/basics/tests/assertEq.pure line:34 column:5), &quot;500 &apos;{&quot;code&quot;:-1,&quot;message&quot;:&quot;SnowflakeSQLException: SQL compilation error:&#10;Object &apos;ORDERPNLTABLE&apos; does not exist or not authorized.&quot;,&quot;status&quot;:&quot;error&quot;,&quot;trace&quot;:&quot;java.lang.RuntimeException: net.snowflake.client.jdbc.SnowflakeSQLException: SQL compilation error:&#10;Object &apos;ORDERPNLTABLE&apos; does not exist or not authorized.&#10;at org.finos.legend.engine.plan.execution.stores.relational.result.SQLExecutionResult.&lt;init&gt;(SQLExecutionResult.java:123)&#10;at org.finos.legend.engine.plan.execution.stores.relational.RelationalExecutor.execute(RelationalExecutor.java:241)&#10;at org.finos.legend.engine.plan.execution.stores.relational.plugin.RelationalExecutionNodeExecutor.visit(RelationalExecutionNodeExecutor.java:238)&#10;at org.finos.legend.engine.plan.execution.stores.relational.plugin.RelationalExecutionNodeExecutor.visit(RelationalExecutionNodeExecutor.java:252)&#10;at org.finos.legend.engine.plan.execution.stores.relational.plugin.RelationalExecutionNodeExecutor.visit(RelationalExecutionNodeExecutor.java:92)&#10;at org.finos.legend.engine.protocol.pure.v1.model.executionPlan.nodes.RelationalTdsInstantiationExecutionNode.accept(RelationalTdsInstantiationExecutionNode.java:22)&#10;at org.finos.legend.engine.plan.execution.stores.relational.RelationalExecutionExtension.lambda$getExtraNodeExecutors$fbe53481$1(RelationalExecutionExtension.java:50)&#10;at org.finos.legend.engine.plan.execution.nodes.ExecutionNodeExecutor.lambda$visit$0(ExecutionNodeExecutor.java:164)&#10;at java.base/java.util.stream.ReferencePipeline$3$1.accept(ReferencePipeline.java:195)&#10;at java.base/java.util.Spliterators$ArraySpliterator.tryAdvance(Spliterators.java:958)&#10;at java.base/java.util.stream.ReferencePipeline.forEachWithCancel(ReferencePipeline.java:127)&#10;at java.base/java.util.stream.AbstractPipeline.copyIntoWithCancel(AbstractPipeline.java:502)&#10;at java.base/java.util.stream.AbstractPipeline.copyInto(AbstractPipeline.java:488)&#10;at java.base/java.util.stream.AbstractPipeline.wrapAndCopyInto(AbstractPipeline.java:474)&#10;at java.base/java.util.stream.FindOps$FindOp.evaluateSequential(FindOps.java:150)&#10;at java.base/java.util.stream.AbstractPipeline.evaluate(AbstractPipeline.java:234)&#10;at java.base/java.util.stream.ReferencePipeline.findFirst(ReferencePipeline.java:543)&#10;at org.finos.legend.engine.plan.execution.nodes.ExecutionNodeExecutor.visit(ExecutionNodeExecutor.java:164)&#10;at org.finos.legend.engine.plan.execution.nodes.ExecutionNodeExecutor.visit(ExecutionNodeExecutor.java:107)&#10;at org.finos.legend.engine.protocol.pure.v1.model.executionPlan.nodes.RelationalTdsInstantiationExecutionNode.accept(RelationalTdsInstantiationExecutionNode.java:22)&#10;at org.finos.legend.engine.plan.execution.PlanExecutor.execute(PlanExecutor.java:238)&#10;at org.finos.legend.engine.plan.execution.PlanExecutor.execute(PlanExecutor.java:225)&#10;at org.finos.legend.engine.plan.execution.api.ExecutePlan.doExecutePlanLegacy(ExecutePlan.java:102)&#10;at org.finos.legend.engine.plan.execution.api.ExecutePlan.doExecutePlan(ExecutePlan.java:84)&#10;at org.finos.legend.engine.plan.execution.api.ExecutePlanLegacy.executePlan(ExecutePlanLegacy.java:56)&#10;at jdk.internal.reflect.GeneratedMethodAccessor100.invoke(Unknown Source)&#10;at java.base/jdk.internal.reflect.DelegatingMethodAccessorImpl.invoke(DelegatingMethodAccessorImpl.java:43)&#10;at java.base/java.lang.reflect.Method.invoke(Method.java:566)&#10;at org.glassfish.jersey.server.model.internal.ResourceMethodInvocationHandlerFactory$1.invoke(ResourceMethodInvocationHandlerFactory.java:81)&#10;at org.glassfish.jersey.server.model.internal.AbstractJavaResourceMethodDispatcher$1.run(AbstractJavaResourceMethodDispatcher.java:144)&#10;at org.glassfish.jersey.server.model.internal.AbstractJavaResourceMethodDispatcher.invoke(AbstractJavaResourceMethodDispatcher.java:161)&#10;at org.glassfish.jersey.server.model.internal.JavaResourceMethodDispatcherProvider$ResponseOutInvoker.doDispatch(JavaResourceMethodDispatcherProvider.java:160)&#10;at org.glassfish.jersey.server.model.internal.AbstractJavaResourceMethodDispatcher.dispatch(AbstractJavaResourceMethodDispatcher.java:99)&#10;at org.glassfish.jersey.server.model.ResourceMethodInvoker.invoke(ResourceMethodInvoker.java:389)&#10;at org.glassfish.jersey.server.model.ResourceMethodInvoker.apply(ResourceMethodInvoker.java:347)&#10;at org.glassfish.jersey.server.model.ResourceMethodInvoker.apply(ResourceMethodInvoker.java:102)&#10;at org.glassfish.jersey.server.ServerRuntime$2.run(ServerRuntime.java:326)&#10;at org.glassfish.jersey.internal.Errors$1.call(Errors.java:271)&#10;at org.glassfish.jersey.internal.Errors$1.call(Errors.java:267)&#10;at org.glassfish.jersey.internal.Errors.process(Errors.java:315)&#10;at org.glassfish.jersey.internal.Errors.process(Errors.java:297)&#10;at org.glassfish.jersey.internal.Errors.process(Errors.java:267)&#10;at org.glassfish.jersey.process.internal.RequestScope.runInScope(RequestScope.java:317)&#10;at org.glassfish.jersey.server.ServerRuntime.process(ServerRuntime.java:305)&#10;at org.glassfish.jersey.server.ApplicationHandler.handle(ApplicationHandler.java:1154)&#10;at org.glassfish.jersey.servlet.WebComponent.serviceImpl(WebComponent.java:473)&#10;at org.glassfish.jersey.servlet.WebComponent.service(WebComponent.java:427)&#10;at org.glassfish.jersey.servlet.ServletContainer.service(ServletContainer.java:388)&#10;at org.glassfish.jersey.servlet.ServletContainer.service(ServletContainer.java:341)&#10;at org.glassfish.jersey.servlet.ServletContainer.service(ServletContainer.java:228)&#10;at org.eclipse.jetty.servlet.ServletHolder.handle(ServletHolder.java:799)&#10;at org.eclipse.jetty.servlet.ServletHandler$ChainEnd.doFilter(ServletHandler.java:1631)&#10;at io.dropwizard.servlets.ThreadNameFilter.doFilter(ThreadNameFilter.java:35)&#10;at org.eclipse.jetty.servlet.FilterHolder.doFilter(FilterHolder.java:193)&#10;at org.eclipse.jetty.servlet.ServletHandler$Chain.doFilter(ServletHandler.java:1601)&#10;at io.dropwizard.jersey.filter.AllowedMethodsFilter.handle(AllowedMethodsFilter.java:45)&#10;at io.dropwizard.jersey.filter.AllowedMethodsFilter.doFilter(AllowedMethodsFilter.java:39)&#10;at org.eclipse.jetty.servlet.FilterHolder.doFilter(FilterHolder.java:193)&#10;at org.eclipse.jetty.servlet.ServletHandler$Chain.doFilter(ServletHandler.java:1601)&#10;at org.finos.legend.server.pac4j.internal.UsernameFilter.doFilter(UsernameFilter.java:51)&#10;at org.eclipse.jetty.servlet.FilterHolder.doFilter(FilterHolder.java:193)&#10;at org.eclipse.jetty.servlet.ServletHandler$Chain.doFilter(ServletHandler.java:1601)&#10;at org.pac4j.j2e.filter.SecurityFilter.lambda$internalFilter$0(SecurityFilter.java:95)&#10;at org.pac4j.core.engine.DefaultSecurityLogic.perform(DefaultSecurityLogic.java:140)&#10;at org.pac4j.j2e.filter.SecurityFilter.internalFilter(SecurityFilter.java:93)&#10;at org.pac4j.j2e.filter.AbstractConfigFilter.doFilter(AbstractConfigFilter.java:81)&#10;at org.eclipse.jetty.servlet.FilterHolder.doFilter(FilterHolder.java:193)&#10;at org.eclipse.jetty.servlet.ServletHandler$Chain.doFilter(ServletHandler.java:1601)&#10;at org.eclipse.jetty.servlet.ServletHandler.doHandle(ServletHandler.java:548)&#10;at org.eclipse.jetty.server.handler.ScopedHandler.nextHandle(ScopedHandler.java:233)&#10;at org.eclipse.jetty.server.session.SessionHandler.doHandle(SessionHandler.java:1624)&#10;at org.eclipse.jetty.server.handler.ScopedHandler.nextHandle(ScopedHandler.java:233)&#10;at org.eclipse.jetty.server.handler.ContextHandler.doHandle(ContextHandler.java:1434)&#10;at org.eclipse.jetty.server.handler.ScopedHandler.nextScope(ScopedHandler.java:188)&#10;at org.eclipse.jetty.servlet.ServletHandler.doScope(ServletHandler.java:501)&#10;at org.eclipse.jetty.server.session.SessionHandler.doScope(SessionHandler.java:1594)&#10;at org.eclipse.jetty.server.handler.ScopedHandler.nextScope(ScopedHandler.java:186)&#10;at org.eclipse.jetty.server.handler.ContextHandler.doScope(ContextHandler.java:1349)&#10;at org.eclipse.jetty.server.handler.ScopedHandler.handle(ScopedHandler.java:141)&#10;at org.eclipse.jetty.server.handler.HandlerWrapper.handle(HandlerWrapper.java:127)&#10;at com.codahale.metrics.jetty9.InstrumentedHandler.handle(InstrumentedHandler.java:313)&#10;at io.dropwizard.jetty.ContextRoutingHandler.handle(ContextRoutingHandler.java:37)&#10;at org.eclipse.jetty.server.handler.gzip.GzipHandler.handle(GzipHandler.java:713)&#10;at io.dropwizard.jetty.BiDiGzipHandler.handle(BiDiGzipHandler.java:67)&#10;at org.eclipse.jetty.server.handler.StatisticsHandler.handle(StatisticsHandler.java:179)&#10;at org.eclipse.jetty.server.handler.HandlerWrapper.handle(HandlerWrapper.java:127)&#10;at org.eclipse.jetty.server.Server.handle(Server.java:516)&#10;at org.eclipse.jetty.server.HttpChannel.lambda$handle$1(HttpChannel.java:400)&#10;at org.eclipse.jetty.server.HttpChannel.dispatch(HttpChannel.java:645)&#10;at org.eclipse.jetty.server.HttpChannel.handle(HttpChannel.java:392)&#10;at org.eclipse.jetty.server.HttpConnection.onFillable(HttpConnection.java:277)&#10;at org.eclipse.jetty.io.AbstractConnection$ReadCallback.succeeded(AbstractConnection.java:311)&#10;at org.eclipse.jetty.io.FillInterest.fillable(FillInterest.java:105)&#10;at org.eclipse.jetty.io.ChannelEndPoint$1.run(ChannelEndPoint.java:104)&#10;at org.eclipse.jetty.util.thread.strategy.EatWhatYouKill.runTask(EatWhatYouKill.java:338)&#10;at org.eclipse.jetty.util.thread.strategy.EatWhatYouKill.doProduce(EatWhatYouKill.java:315)&#10;at org.eclipse.jetty.util.thread.strategy.EatWhatYouKill.tryProduce(EatWhatYouKill.java:173)&#10;at org.eclipse.jetty.util.thread.strategy.EatWhatYouKill.run(EatWhatYouKill.java:131)&#10;at org.eclipse.jetty.util.thread.ReservedThreadExecutor$ReservedThread.run(ReservedThreadExecutor.java:409)&#10;at org.eclipse.jetty.util.thread.QueuedThreadPool.runJob(QueuedThreadPool.java:883)&#10;at org.eclipse.jetty.util.thread.QueuedThreadPool$Runner.run(QueuedThreadPool.java:1034)&#10;at java.base/java.lang.Thread.run(Thread.java:829)&#10;Caused by: net.snowflake.client.jdbc.SnowflakeSQLException: SQL compilation error:&#10;Object &apos;ORDERPNLTABLE&apos; does not exist or not authorized.&#10;at net.snowflake.client.jdbc.SnowflakeUtil.checkErrorAndThrowExceptionSub(SnowflakeUtil.java:127)&#10;at net.snowflake.client.jdbc.SnowflakeUtil.checkErrorAndThrowException(SnowflakeUtil.java:67)&#10;at net.snowflake.client.core.StmtUtil.pollForOutput(StmtUtil.java:442)&#10;at net.snowflake.client.core.StmtUtil.execute(StmtUtil.java:345)&#10;at net.snowflake.client.core.SFStatement.executeHelper(SFStatement.java:486)&#10;at net.snowflake.client.core.SFStatement.executeQueryInternal(SFStatement.java:197)&#10;at net.snowflake.client.core.SFStatement.executeQuery(SFStatement.java:134)&#10;at net.snowflake.client.core.SFStatement.execute(SFStatement.java:743)&#10;at net.snowflake.client.core.SFStatement.execute(SFStatement.java:639)&#10;at net.snowflake.client.jdbc.SnowflakeStatementV1.executeQueryInternal(SnowflakeStatementV1.java:238)&#10;at net.snowflake.client.jdbc.SnowflakeStatementV1.executeQuery(SnowflakeStatementV1.java:133)&#10;at com.zaxxer.hikari.pool.ProxyStatement.executeQuery(ProxyStatement.java:110)&#10;at com.zaxxer.hikari.pool.HikariProxyStatement.executeQuery(HikariProxyStatement.java)&#10;at org.finos.legend.engine.plan.execution.stores.relational.result.SQLExecutionResult.&lt;init&gt;(SQLExecutionResult.java:95)&#10;... 101 more&#10;&quot;}&apos;&quot;" type="Assert failure at (resource"><![CDATA[Assert failure at (resource:/platform/pure/basics/tests/assertEq.pure line:34 column:5), "500 '{"code":-1,"message":"SnowflakeSQLException: SQL compilation error:
Object 'ORDERPNLTABLE' does not exist or not authorized.","status":"error","trace":"java.lang.RuntimeException: net.snowflake.client.jdbc.SnowflakeSQLException: SQL compilation error:
Object 'ORDERPNLTABLE' does not exist or not authorized.
at org.finos.legend.engine.plan.execution.stores.relational.result.SQLExecutionResult.<init>(SQLExecutionResult.java:123)
at org.finos.legend.engine.plan.execution.stores.relational.RelationalExecutor.execute(RelationalExecutor.java:241)
at org.finos.legend.engine.plan.execution.stores.relational.plugin.RelationalExecutionNodeExecutor.visit(RelationalExecutionNodeExecutor.java:238)
at org.finos.legend.engine.plan.execution.stores.relational.plugin.RelationalExecutionNodeExecutor.visit(RelationalExecutionNodeExecutor.java:252)
at org.finos.legend.engine.plan.execution.stores.relational.plugin.RelationalExecutionNodeExecutor.visit(RelationalExecutionNodeExecutor.java:92)
at org.finos.legend.engine.protocol.pure.v1.model.executionPlan.nodes.RelationalTdsInstantiationExecutionNode.accept(RelationalTdsInstantiationExecutionNode.java:22)
at org.finos.legend.engine.plan.execution.stores.relational.RelationalExecutionExtension.lambda$getExtraNodeExecutors$fbe53481$1(RelationalExecutionExtension.java:50)
at org.finos.legend.engine.plan.execution.nodes.ExecutionNodeExecutor.lambda$visit$0(ExecutionNodeExecutor.java:164)
at java.base/java.util.stream.ReferencePipeline$3$1.accept(ReferencePipeline.java:195)
at java.base/java.util.Spliterators$ArraySpliterator.tryAdvance(Spliterators.java:958)
at java.base/java.util.stream.ReferencePipeline.forEachWithCancel(ReferencePipeline.java:127)
at java.base/java.util.stream.AbstractPipeline.copyIntoWithCancel(AbstractPipeline.java:502)
at java.base/java.util.stream.AbstractPipeline.copyInto(AbstractPipeline.java:488)
at java.base/java.util.stream.AbstractPipeline.wrapAndCopyInto(AbstractPipeline.java:474)
at java.base/java.util.stream.FindOps$FindOp.evaluateSequential(FindOps.java:150)
at java.base/java.util.stream.AbstractPipeline.evaluate(AbstractPipeline.java:234)
at java.base/java.util.stream.ReferencePipeline.findFirst(ReferencePipeline.java:543)
at org.finos.legend.engine.plan.execution.nodes.ExecutionNodeExecutor.visit(ExecutionNodeExecutor.java:164)
at org.finos.legend.engine.plan.execution.nodes.ExecutionNodeExecutor.visit(ExecutionNodeExecutor.java:107)
at org.finos.legend.engine.protocol.pure.v1.model.executionPlan.nodes.RelationalTdsInstantiationExecutionNode.accept(RelationalTdsInstantiationExecutionNode.java:22)
at org.finos.legend.engine.plan.execution.PlanExecutor.execute(PlanExecutor.java:238)
at org.finos.legend.engine.plan.execution.PlanExecutor.execute(PlanExecutor.java:225)
at org.finos.legend.engine.plan.execution.api.ExecutePlan.doExecutePlanLegacy(ExecutePlan.java:102)
at org.finos.legend.engine.plan.execution.api.ExecutePlan.doExecutePlan(ExecutePlan.java:84)
at org.finos.legend.engine.plan.execution.api.ExecutePlanLegacy.executePlan(ExecutePlanLegacy.java:56)
at jdk.internal.reflect.GeneratedMethodAccessor100.invoke(Unknown Source)
at java.base/jdk.internal.reflect.DelegatingMethodAccessorImpl.invoke(DelegatingMethodAccessorImpl.java:43)
at java.base/java.lang.reflect.Method.invoke(Method.java:566)
at org.glassfish.jersey.server.model.internal.ResourceMethodInvocationHandlerFactory$1.invoke(ResourceMethodInvocationHandlerFactory.java:81)
at org.glassfish.jersey.server.model.internal.AbstractJavaResourceMethodDispatcher$1.run(AbstractJavaResourceMethodDispatcher.java:144)
at org.glassfish.jersey.server.model.internal.AbstractJavaResourceMethodDispatcher.invoke(AbstractJavaResourceMethodDispatcher.java:161)
at org.glassfish.jersey.server.model.internal.JavaResourceMethodDispatcherProvider$ResponseOutInvoker.doDispatch(JavaResourceMethodDispatcherProvider.java:160)
at org.glassfish.jersey.server.model.internal.AbstractJavaResourceMethodDispatcher.dispatch(AbstractJavaResourceMethodDispatcher.java:99)
at org.glassfish.jersey.server.model.ResourceMethodInvoker.invoke(ResourceMethodInvoker.java:389)
at org.glassfish.jersey.server.model.ResourceMethodInvoker.apply(ResourceMethodInvoker.java:347)
at org.glassfish.jersey.server.model.ResourceMethodInvoker.apply(ResourceMethodInvoker.java:102)
at org.glassfish.jersey.server.ServerRuntime$2.run(ServerRuntime.java:326)
at org.glassfish.jersey.internal.Errors$1.call(Errors.java:271)
at org.glassfish.jersey.internal.Errors$1.call(Errors.java:267)
at org.glassfish.jersey.internal.Errors.process(Errors.java:315)
at org.glassfish.jersey.internal.Errors.process(Errors.java:297)
at org.glassfish.jersey.internal.Errors.process(Errors.java:267)
at org.glassfish.jersey.process.internal.RequestScope.runInScope(RequestScope.java:317)
at org.glassfish.jersey.server.ServerRuntime.process(ServerRuntime.java:305)
at org.glassfish.jersey.server.ApplicationHandler.handle(ApplicationHandler.java:1154)
at org.glassfish.jersey.servlet.WebComponent.serviceImpl(WebComponent.java:473)
at org.glassfish.jersey.servlet.WebComponent.service(WebComponent.java:427)
at org.glassfish.jersey.servlet.ServletContainer.service(ServletContainer.java:388)
at org.glassfish.jersey.servlet.ServletContainer.service(ServletContainer.java:341)
at org.glassfish.jersey.servlet.ServletContainer.service(ServletContainer.java:228)
at org.eclipse.jetty.servlet.ServletHolder.handle(ServletHolder.java:799)
at org.eclipse.jetty.servlet.ServletHandler$ChainEnd.doFilter(ServletHandler.java:1631)
at io.dropwizard.servlets.ThreadNameFilter.doFilter(ThreadNameFilter.java:35)
at org.eclipse.jetty.servlet.FilterHolder.doFilter(FilterHolder.java:193)
at org.eclipse.jetty.servlet.ServletHandler$Chain.doFilter(ServletHandler.java:1601)
at io.dropwizard.jersey.filter.AllowedMethodsFilter.handle(AllowedMethodsFilter.java:45)
at io.dropwizard.jersey.filter.AllowedMethodsFilter.doFilter(AllowedMethodsFilter.java:39)
at org.eclipse.jetty.servlet.FilterHolder.doFilter(FilterHolder.java:193)
at org.eclipse.jetty.servlet.ServletHandler$Chain.doFilter(ServletHandler.java:1601)
at org.finos.legend.server.pac4j.internal.UsernameFilter.doFilter(UsernameFilter.java:51)
at org.eclipse.jetty.servlet.FilterHolder.doFilter(FilterHolder.java:193)
at org.eclipse.jetty.servlet.ServletHandler$Chain.doFilter(ServletHandler.java:1601)
at org.pac4j.j2e.filter.SecurityFilter.lambda$internalFilter$0(SecurityFilter.java:95)
at org.pac4j.core.engine.DefaultSecurityLogic.perform(DefaultSecurityLogic.java:140)
at org.pac4j.j2e.filter.SecurityFilter.internalFilter(SecurityFilter.java:93)
at org.pac4j.j2e.filter.AbstractConfigFilter.doFilter(AbstractConfigFilter.java:81)
at org.eclipse.jetty.servlet.FilterHolder.doFilter(FilterHolder.java:193)
at org.eclipse.jetty.servlet.ServletHandler$Chain.doFilter(ServletHandler.java:1601)
at org.eclipse.jetty.servlet.ServletHandler.doHandle(ServletHandler.java:548)
at org.eclipse.jetty.server.handler.ScopedHandler.nextHandle(ScopedHandler.java:233)
at org.eclipse.jetty.server.session.SessionHandler.doHandle(SessionHandler.java:1624)
at org.eclipse.jetty.server.handler.ScopedHandler.nextHandle(ScopedHandler.java:233)
at org.eclipse.jetty.server.handler.ContextHandler.doHandle(ContextHandler.java:1434)
at org.eclipse.jetty.server.handler.ScopedHandler.nextScope(ScopedHandler.java:188)
at org.eclipse.jetty.servlet.ServletHandler.doScope(ServletHandler.java:501)
at org.eclipse.jetty.server.session.SessionHandler.doScope(SessionHandler.java:1594)
at org.eclipse.jetty.server.handler.ScopedHandler.nextScope(ScopedHandler.java:186)
at org.eclipse.jetty.server.handler.ContextHandler.doScope(ContextHandler.java:1349)
at org.eclipse.jetty.server.handler.ScopedHandler.handle(ScopedHandler.java:141)
at org.eclipse.jetty.server.handler.HandlerWrapper.handle(HandlerWrapper.java:127)
at com.codahale.metrics.jetty9.InstrumentedHandler.handle(InstrumentedHandler.java:313)
at io.dropwizard.jetty.ContextRoutingHandler.handle(ContextRoutingHandler.java:37)
at org.eclipse.jetty.server.handler.gzip.GzipHandler.handle(GzipHandler.java:713)
at io.dropwizard.jetty.BiDiGzipHandler.handle(BiDiGzipHandler.java:67)
at org.eclipse.jetty.server.handler.StatisticsHandler.handle(StatisticsHandler.java:179)
at org.eclipse.jetty.server.handler.HandlerWrapper.handle(HandlerWrapper.java:127)
at org.eclipse.jetty.server.Server.handle(Server.java:516)
at org.eclipse.jetty.server.HttpChannel.lambda$handle$1(HttpChannel.java:400)
at org.eclipse.jetty.server.HttpChannel.dispatch(HttpChannel.java:645)
at org.eclipse.jetty.server.HttpChannel.handle(HttpChannel.java:392)
at org.eclipse.jetty.server.HttpConnection.onFillable(HttpConnection.java:277)
at org.eclipse.jetty.io.AbstractConnection$ReadCallback.succeeded(AbstractConnection.java:311)
at org.eclipse.jetty.io.FillInterest.fillable(FillInterest.java:105)
at org.eclipse.jetty.io.ChannelEndPoint$1.run(ChannelEndPoint.java:104)
at org.eclipse.jetty.util.thread.strategy.EatWhatYouKill.runTask(EatWhatYouKill.java:338)
at org.eclipse.jetty.util.thread.strategy.EatWhatYouKill.doProduce(EatWhatYouKill.java:315)
at org.eclipse.jetty.util.thread.strategy.EatWhatYouKill.tryProduce(EatWhatYouKill.java:173)
at org.eclipse.jetty.util.thread.strategy.EatWhatYouKill.run(EatWhatYouKill.java:131)
at org.eclipse.jetty.util.thread.ReservedThreadExecutor$ReservedThread.run(ReservedThreadExecutor.java:409)
at org.eclipse.jetty.util.thread.QueuedThreadPool.runJob(QueuedThreadPool.java:883)
at org.eclipse.jetty.util.thread.QueuedThreadPool$Runner.run(QueuedThreadPool.java:1034)
at java.base/java.lang.Thread.run(Thread.java:829)
Caused by: net.snowflake.client.jdbc.SnowflakeSQLException: SQL compilation error:
Object 'ORDERPNLTABLE' does not exist or not authorized.
at net.snowflake.client.jdbc.SnowflakeUtil.checkErrorAndThrowExceptionSub(SnowflakeUtil.java:127)
at net.snowflake.client.jdbc.SnowflakeUtil.checkErrorAndThrowException(SnowflakeUtil.java:67)
at net.snowflake.client.core.StmtUtil.pollForOutput(StmtUtil.java:442)
at net.snowflake.client.core.StmtUtil.execute(StmtUtil.java:345)
at net.snowflake.client.core.SFStatement.executeHelper(SFStatement.java:486)
at net.snowflake.client.core.SFStatement.executeQueryInternal(SFStatement.java:197)
at net.snowflake.client.core.SFStatement.executeQuery(SFStatement.java:134)
at net.snowflake.client.core.SFStatement.execute(SFStatement.java:743)
at net.snowflake.client.core.SFStatement.execute(SFStatement.java:639)
at net.snowflake.client.jdbc.SnowflakeStatementV1.executeQueryInternal(SnowflakeStatementV1.java:238)
at net.snowflake.client.jdbc.SnowflakeStatementV1.executeQuery(SnowflakeStatementV1.java:133)
at com.zaxxer.hikari.pool.ProxyStatement.executeQuery(ProxyStatement.java:110)
at com.zaxxer.hikari.pool.HikariProxyStatement.executeQuery(HikariProxyStatement.java)
at org.finos.legend.engine.plan.execution.stores.relational.result.SQLExecutionResult.<init>(SQLExecutionResult.java:95)
... 101 more
"}'"
	at org.finos.legend.pure.runtime.java.compiled.generation.processors.support.CompiledSupport.pureAssert(CompiledSupport.java:1994)
	at org.finos.legend.pure.generated.platform_pure_basics_tests_assertEq.Root_meta_pure_functions_asserts_assertEq_Any_1__Any_1__Function_1__Boolean_1_(platform_pure_basics_tests_assertEq.java:44)
	at org.finos.legend.pure.generated.core_pure_protocol_vX_X_X_invocations_execution.Root_meta_protocols_pure_vX_X_X_invocation_execution_execute_executePlan_String_1__String_1__Integer_1__String_1_(core_pure_protocol_vX_X_X_invocations_execution.java:751)
	at org.finos.legend.pure.generated.core_pure_protocol_vX_X_X_invocations_execution.Root_meta_protocols_pure_vX_X_X_invocation_execution_execute_executePlan_ExecutionPlan_1__String_1__Integer_1__Extension_MANY__String_1_(core_pure_protocol_vX_X_X_invocations_execution.java:745)
	at org.finos.legend.pure.generated.core_pure_protocol_vX_X_X_invocations_execution.Root_meta_protocols_pure_vX_X_X_invocation_execution_execute_executePlan_ExecutionPlan_1__ExecutionContext_$0_1$__String_1__Integer_1__Extension_MANY__Result_1_(core_pure_protocol_vX_X_X_invocations_execution.java:738)
	at jdk.internal.reflect.GeneratedMethodAccessor96.invoke(Unknown Source)
	at java.base/jdk.internal.reflect.DelegatingMethodAccessorImpl.invoke(DelegatingMethodAccessorImpl.java:43)
	at java.base/java.lang.reflect.Method.invoke(Method.java:566)
	at org.finos.legend.pure.runtime.java.compiled.metadata.JavaMethodWithParamsSharedPureFunction.execute(JavaMethodWithParamsSharedPureFunction.java:59)
	at org.finos.legend.pure.runtime.java.compiled.generation.processors.support.Pure._evaluateToMany(Pure.java:546)
	at org.finos.legend.pure.generated.CoreGen.evaluateToMany(CoreGen.java:147)
	at org.finos.legend.pure.generated.CoreGen.evaluateToMany(CoreGen.java:134)
	at org.finos.legend.pure.generated.core_pure_router_router_entry$9$1.value(core_pure_router_router_entry.java:318)
	at org.finos.legend.pure.generated.core_pure_router_router_entry$9$1.execute(core_pure_router_router_entry.java:311)
	at org.finos.legend.pure.generated.core_pure_router_router_entry$9$1.execute(core_pure_router_router_entry.java:307)
	at org.finos.legend.pure.runtime.java.compiled.generation.processors.support.Pure.evaluate(Pure.java:485)
	at org.finos.legend.pure.runtime.java.compiled.generation.processors.support.Pure.legendTest(Pure.java:216)
	at org.finos.legend.pure.generated.CoreGen.legendTest(CoreGen.java:61)
	at org.finos.legend.pure.generated.core_pure_router_router_entry$9.valueOf(core_pure_router_router_entry.java:303)
	at org.finos.legend.pure.generated.core_pure_router_router_entry$9.execute(core_pure_router_router_entry.java:298)
	at org.finos.legend.pure.generated.core_pure_router_router_entry$9.execute(core_pure_router_router_entry.java:294)
	at org.finos.legend.pure.runtime.java.compiled.generation.processors.support.Pure.evaluate(Pure.java:485)
	at org.finos.legend.pure.runtime.java.compiled.generation.processors.support.Pure.traceSpan(Pure.java:1482)
	at org.finos.legend.pure.generated.CoreGen.traceSpan(CoreGen.java:203)
	at org.finos.legend.pure.generated.core_pure_router_router_entry.Root_meta_pure_router_executePlan_ExecutionPlan_1__ExecutionContext_1__Extension_MANY__Result_$0_1$_(core_pure_router_router_entry.java:290)
	at org.finos.legend.pure.generated.core_pure_router_router_entry.Root_meta_pure_router_executePlan_ExecutionPlan_1__Extension_MANY__Result_$0_1$_(core_pure_router_router_entry.java:285)
	at org.finos.legend.pure.generated.core_relational_relational_sqlQueryToString_dbTestRunner_executionPlanTestRunner$19.execute(core_relational_relational_sqlQueryToString_dbTestRunner_executionPlanTestRunner.java:305)
	at org.finos.legend.pure.generated.core_relational_relational_sqlQueryToString_dbTestRunner_executionPlanTestRunner.Root_meta_relational_dbTestRunner_executeViaPlan_FunctionDefinition_1__Mapping_1__Database_1__DbTestConfig_1__Extension_MANY__Result_$0_1$_(core_relational_relational_sqlQueryToString_dbTestRunner_executionPlanTestRunner.java:309)
	at org.finos.legend.pure.generated.core_relational_relational_sqlQueryToString_testSuite_selectSubClauses_view.Root_meta_relational_tests_dbSpecificTests_sqlQueryTests_selectSubClauses_view_testViewOnView_DbTestConfig_1__Boolean_1_(core_relational_relational_sqlQueryToString_testSuite_selectSubClauses_view.java:332)
	at java.base/jdk.internal.reflect.NativeMethodAccessorImpl.invoke0(Native Method)
	at java.base/jdk.internal.reflect.NativeMethodAccessorImpl.invoke(NativeMethodAccessorImpl.java:62)
	at java.base/jdk.internal.reflect.DelegatingMethodAccessorImpl.invoke(DelegatingMethodAccessorImpl.java:43)
	at java.base/java.lang.reflect.Method.invoke(Method.java:566)
	at org.finos.legend.pure.runtime.java.compiled.testHelper.PureTestBuilderCompiled.executeFn(PureTestBuilderCompiled.java:113)
	at org.finos.legend.pure.runtime.java.compiled.testHelper.PureTestBuilderCompiled.lambda$buildSuite$0(PureTestBuilderCompiled.java:79)
	at org.finos.legend.pure.m3.execution.test.PureTestBuilder$PureTestCase.runTest(PureTestBuilder.java:95)
	at junit.framework.TestCase.runBare(TestCase.java:142)
	at org.finos.legend.engine.server.test.shared.Relational_DbSpecific_UsingPureClientTestSuite$2.runTest(Relational_DbSpecific_UsingPureClientTestSuite.java:90)
	at junit.framework.TestCase.runBare(TestCase.java:142)
	at junit.framework.TestResult$1.protect(TestResult.java:122)
	at junit.framework.TestResult.runProtected(TestResult.java:142)
	at junit.framework.TestResult.run(TestResult.java:125)
	at junit.framework.TestCase.run(TestCase.java:130)
	at junit.framework.TestSuite.runTest(TestSuite.java:241)
	at junit.framework.TestSuite.run(TestSuite.java:236)
	at junit.framework.TestSuite.runTest(TestSuite.java:241)
	at junit.framework.TestSuite.run(TestSuite.java:236)
	at junit.framework.TestSuite.runTest(TestSuite.java:241)
	at junit.framework.TestSuite.run(TestSuite.java:236)
	at junit.framework.TestSuite.runTest(TestSuite.java:241)
	at junit.framework.TestSuite.run(TestSuite.java:236)
	at junit.framework.TestSuite.runTest(TestSuite.java:241)
	at junit.framework.TestSuite.run(TestSuite.java:236)
	at junit.extensions.TestDecorator.basicRun(TestDecorator.java:24)
	at junit.extensions.TestSetup$1.protect(TestSetup.java:23)
	at junit.framework.TestResult.runProtected(TestResult.java:142)
	at junit.extensions.TestSetup.run(TestSetup.java:27)
	at org.junit.internal.runners.JUnit38ClassRunner.run(JUnit38ClassRunner.java:90)
	at org.apache.maven.surefire.junit4.JUnit4Provider.execute(JUnit4Provider.java:365)
	at org.apache.maven.surefire.junit4.JUnit4Provider.executeWithRerun(JUnit4Provider.java:273)
	at org.apache.maven.surefire.junit4.JUnit4Provider.executeTestSet(JUnit4Provider.java:238)
	at org.apache.maven.surefire.junit4.JUnit4Provider.invoke(JUnit4Provider.java:159)
	at org.apache.maven.surefire.booter.ForkedBooter.invokeProviderInSameClassLoader(ForkedBooter.java:384)
	at org.apache.maven.surefire.booter.ForkedBooter.runSuitesInProcess(ForkedBooter.java:345)
	at org.apache.maven.surefire.booter.ForkedBooter.execute(ForkedBooter.java:126)
	at org.apache.maven.surefire.booter.ForkedBooter.main(ForkedBooter.java:418)
]]></error>
    <system-out><![CDATA[Running db test selectSubClauses::view::testViewOnView
{"duration":0.0,"eventType":"EXECUTION_PLAN_EXEC_ERROR","info":{"code":-1,"message":"SnowflakeSQLException: SQL compilation error:\nObject 'ORDERPNLTABLE' does not exist or not authorized.","status":"error","trace":"java.lang.RuntimeException: net.snowflake.client.jdbc.SnowflakeSQLException: SQL compilation error:\nObject 'ORDERPNLTABLE' does not exist or not authorized.\n\tat org.finos.legend.engine.plan.execution.stores.relational.result.SQLExecutionResult.<init>(SQLExecutionResult.java:123)\n\tat org.finos.legend.engine.plan.execution.stores.relational.RelationalExecutor.execute(RelationalExecutor.java:241)\n\tat org.finos.legend.engine.plan.execution.stores.relational.plugin.RelationalExecutionNodeExecutor.visit(RelationalExecutionNodeExecutor.java:238)\n\tat org.finos.legend.engine.plan.execution.stores.relational.plugin.RelationalExecutionNodeExecutor.visit(RelationalExecutionNodeExecutor.java:252)\n\tat org.finos.legend.engine.plan.execution.stores.relational.plugin.RelationalExecutionNodeExecutor.visit(RelationalExecutionNodeExecutor.java:92)\n\tat org.finos.legend.engine.protocol.pure.v1.model.executionPlan.nodes.RelationalTdsInstantiationExecutionNode.accept(RelationalTdsInstantiationExecutionNode.java:22)\n\tat org.finos.legend.engine.plan.execution.stores.relational.RelationalExecutionExtension.lambda$getExtraNodeExecutors$fbe53481$1(RelationalExecutionExtension.java:50)\n\tat org.finos.legend.engine.plan.execution.nodes.ExecutionNodeExecutor.lambda$visit$0(ExecutionNodeExecutor.java:164)\n\tat java.base/java.util.stream.ReferencePipeline$3$1.accept(ReferencePipeline.java:195)\n\tat java.base/java.util.Spliterators$ArraySpliterator.tryAdvance(Spliterators.java:958)\n\tat java.base/java.util.stream.ReferencePipeline.forEachWithCancel(ReferencePipeline.java:127)\n\tat java.base/java.util.stream.AbstractPipeline.copyIntoWithCancel(AbstractPipeline.java:502)\n\tat java.base/java.util.stream.AbstractPipeline.copyInto(AbstractPipeline.java:488)\n\tat java.base/java.util.stream.AbstractPipeline.wrapAndCopyInto(AbstractPipeline.java:474)\n\tat java.base/java.util.stream.FindOps$FindOp.evaluateSequential(FindOps.java:150)\n\tat java.base/java.util.stream.AbstractPipeline.evaluate(AbstractPipeline.java:234)\n\tat java.base/java.util.stream.ReferencePipeline.findFirst(ReferencePipeline.java:543)\n\tat org.finos.legend.engine.plan.execution.nodes.ExecutionNodeExecutor.visit(ExecutionNodeExecutor.java:164)\n\tat org.finos.legend.engine.plan.execution.nodes.ExecutionNodeExecutor.visit(ExecutionNodeExecutor.java:107)\n\tat org.finos.legend.engine.protocol.pure.v1.model.executionPlan.nodes.RelationalTdsInstantiationExecutionNode.accept(RelationalTdsInstantiationExecutionNode.java:22)\n\tat org.finos.legend.engine.plan.execution.PlanExecutor.execute(PlanExecutor.java:238)\n\tat org.finos.legend.engine.plan.execution.PlanExecutor.execute(PlanExecutor.java:225)\n\tat org.finos.legend.engine.plan.execution.api.ExecutePlan.doExecutePlanLegacy(ExecutePlan.java:102)\n\tat org.finos.legend.engine.plan.execution.api.ExecutePlan.doExecutePlan(ExecutePlan.java:84)\n\tat org.finos.legend.engine.plan.execution.api.ExecutePlanLegacy.executePlan(ExecutePlanLegacy.java:56)\n\tat jdk.internal.reflect.GeneratedMethodAccessor100.invoke(Unknown Source)\n\tat java.base/jdk.internal.reflect.DelegatingMethodAccessorImpl.invoke(DelegatingMethodAccessorImpl.java:43)\n\tat java.base/java.lang.reflect.Method.invoke(Method.java:566)\n\tat org.glassfish.jersey.server.model.internal.ResourceMethodInvocationHandlerFactory$1.invoke(ResourceMethodInvocationHandlerFactory.java:81)\n\tat org.glassfish.jersey.server.model.internal.AbstractJavaResourceMethodDispatcher$1.run(AbstractJavaResourceMethodDispatcher.java:144)\n\tat org.glassfish.jersey.server.model.internal.AbstractJavaResourceMethodDispatcher.invoke(AbstractJavaResourceMethodDispatcher.java:161)\n\tat org.glassfish.jersey.server.model.internal.JavaResourceMethodDispatcherProvider$ResponseOutInvoker.doDispatch(JavaResourceMethodDispatcherProvider.java:160)\n\tat org.glassfish.jersey.server.model.internal.AbstractJavaResourceMethodDispatcher.dispatch(AbstractJavaResourceMethodDispatcher.java:99)\n\tat org.glassfish.jersey.server.model.ResourceMethodInvoker.invoke(ResourceMethodInvoker.java:389)\n\tat org.glassfish.jersey.server.model.ResourceMethodInvoker.apply(ResourceMethodInvoker.java:347)\n\tat org.glassfish.jersey.server.model.ResourceMethodInvoker.apply(ResourceMethodInvoker.java:102)\n\tat org.glassfish.jersey.server.ServerRuntime$2.run(ServerRuntime.java:326)\n\tat org.glassfish.jersey.internal.Errors$1.call(Errors.java:271)\n\tat org.glassfish.jersey.internal.Errors$1.call(Errors.java:267)\n\tat org.glassfish.jersey.internal.Errors.process(Errors.java:315)\n\tat org.glassfish.jersey.internal.Errors.process(Errors.java:297)\n\tat org.glassfish.jersey.internal.Errors.process(Errors.java:267)\n\tat org.glassfish.jersey.process.internal.RequestScope.runInScope(RequestScope.java:317)\n\tat org.glassfish.jersey.server.ServerRuntime.process(ServerRuntime.java:305)\n\tat org.glassfish.jersey.server.ApplicationHandler.handle(ApplicationHandler.java:1154)\n\tat org.glassfish.jersey.servlet.WebComponent.serviceImpl(WebComponent.java:473)\n\tat org.glassfish.jersey.servlet.WebComponent.service(WebComponent.java:427)\n\tat org.glassfish.jersey.servlet.ServletContainer.service(ServletContainer.java:388)\n\tat org.glassfish.jersey.servlet.ServletContainer.service(ServletContainer.java:341)\n\tat org.glassfish.jersey.servlet.ServletContainer.service(ServletContainer.java:228)\n\tat org.eclipse.jetty.servlet.ServletHolder.handle(ServletHolder.java:799)\n\tat org.eclipse.jetty.servlet.ServletHandler$ChainEnd.doFilter(ServletHandler.java:1631)\n\tat io.dropwizard.servlets.ThreadNameFilter.doFilter(ThreadNameFilter.java:35)\n\tat org.eclipse.jetty.servlet.FilterHolder.doFilter(FilterHolder.java:193)\n\tat org.eclipse.jetty.servlet.ServletHandler$Chain.doFilter(ServletHandler.java:1601)\n\tat io.dropwizard.jersey.filter.AllowedMethodsFilter.handle(AllowedMethodsFilter.java:45)\n\tat io.dropwizard.jersey.filter.AllowedMethodsFilter.doFilter(AllowedMethodsFilter.java:39)\n\tat org.eclipse.jetty.servlet.FilterHolder.doFilter(FilterHolder.java:193)\n\tat org.eclipse.jetty.servlet.ServletHandler$Chain.doFilter(ServletHandler.java:1601)\n\tat org.finos.legend.server.pac4j.internal.UsernameFilter.doFilter(UsernameFilter.java:51)\n\tat org.eclipse.jetty.servlet.FilterHolder.doFilter(FilterHolder.java:193)\n\tat org.eclipse.jetty.servlet.ServletHandler$Chain.doFilter(ServletHandler.java:1601)\n\tat org.pac4j.j2e.filter.SecurityFilter.lambda$internalFilter$0(SecurityFilter.java:95)\n\tat org.pac4j.core.engine.DefaultSecurityLogic.perform(DefaultSecurityLogic.java:140)\n\tat org.pac4j.j2e.filter.SecurityFilter.internalFilter(SecurityFilter.java:93)\n\tat org.pac4j.j2e.filter.AbstractConfigFilter.doFilter(AbstractConfigFilter.java:81)\n\tat org.eclipse.jetty.servlet.FilterHolder.doFilter(FilterHolder.java:193)\n\tat org.eclipse.jetty.servlet.ServletHandler$Chain.doFilter(ServletHandler.java:1601)\n\tat org.eclipse.jetty.servlet.ServletHandler.doHandle(ServletHandler.java:548)\n\tat org.eclipse.jetty.server.handler.ScopedHandler.nextHandle(ScopedHandler.java:233)\n\tat org.eclipse.jetty.server.session.SessionHandler.doHandle(SessionHandler.java:1624)\n\tat org.eclipse.jetty.server.handler.ScopedHandler.nextHandle(ScopedHandler.java:233)\n\tat org.eclipse.jetty.server.handler.ContextHandler.doHandle(ContextHandler.java:1434)\n\tat org.eclipse.jetty.server.handler.ScopedHandler.nextScope(ScopedHandler.java:188)\n\tat org.eclipse.jetty.servlet.ServletHandler.doScope(ServletHandler.java:501)\n\tat org.eclipse.jetty.server.session.SessionHandler.doScope(SessionHandler.java:1594)\n\tat org.eclipse.jetty.server.handler.ScopedHandler.nextScope(ScopedHandler.java:186)\n\tat org.eclipse.jetty.server.handler.ContextHandler.doScope(ContextHandler.java:1349)\n\tat org.eclipse.jetty.server.handler.ScopedHandler.handle(ScopedHandler.java:141)\n\tat org.eclipse.jetty.server.handler.HandlerWrapper.handle(HandlerWrapper.java:127)\n\tat com.codahale.metrics.jetty9.InstrumentedHandler.handle(InstrumentedHandler.java:313)\n\tat io.dropwizard.jetty.ContextRoutingHandler.handle(ContextRoutingHandler.java:37)\n\tat org.eclipse.jetty.server.handler.gzip.GzipHandler.handle(GzipHandler.java:713)\n\tat io.dropwizard.jetty.BiDiGzipHandler.handle(BiDiGzipHandler.java:67)\n\tat org.eclipse.jetty.server.handler.StatisticsHandler.handle(StatisticsHandler.java:179)\n\tat org.eclipse.jetty.server.handler.HandlerWrapper.handle(HandlerWrapper.java:127)\n\tat org.eclipse.jetty.server.Server.handle(Server.java:516)\n\tat org.eclipse.jetty.server.HttpChannel.lambda$handle$1(HttpChannel.java:400)\n\tat org.eclipse.jetty.server.HttpChannel.dispatch(HttpChannel.java:645)\n\tat org.eclipse.jetty.server.HttpChannel.handle(HttpChannel.java:392)\n\tat org.eclipse.jetty.server.HttpConnection.onFillable(HttpConnection.java:277)\n\tat org.eclipse.jetty.io.AbstractConnection$ReadCallback.succeeded(AbstractConnection.java:311)\n\tat org.eclipse.jetty.io.FillInterest.fillable(FillInterest.java:105)\n\tat org.eclipse.jetty.io.ChannelEndPoint$1.run(ChannelEndPoint.java:104)\n\tat org.eclipse.jetty.util.thread.strategy.EatWhatYouKill.runTask(EatWhatYouKill.java:338)\n\tat org.eclipse.jetty.util.thread.strategy.EatWhatYouKill.doProduce(EatWhatYouKill.java:315)\n\tat org.eclipse.jetty.util.thread.strategy.EatWhatYouKill.tryProduce(EatWhatYouKill.java:173)\n\tat org.eclipse.jetty.util.thread.strategy.EatWhatYouKill.run(EatWhatYouKill.java:131)\n\tat org.eclipse.jetty.util.thread.ReservedThreadExecutor$ReservedThread.run(ReservedThreadExecutor.java:409)\n\tat org.eclipse.jetty.util.thread.QueuedThreadPool.runJob(QueuedThreadPool.java:883)\n\tat org.eclipse.jetty.util.thread.QueuedThreadPool$Runner.run(QueuedThreadPool.java:1034)\n\tat java.base/java.lang.Thread.run(Thread.java:829)\nCaused by: net.snowflake.client.jdbc.SnowflakeSQLException: SQL compilation error:\nObject 'ORDERPNLTABLE' does not exist or not authorized.\n\tat net.snowflake.client.jdbc.SnowflakeUtil.checkErrorAndThrowExceptionSub(SnowflakeUtil.java:127)\n\tat net.snowflake.client.jdbc.SnowflakeUtil.checkErrorAndThrowException(SnowflakeUtil.java:67)\n\tat net.snowflake.client.core.StmtUtil.pollForOutput(StmtUtil.java:442)\n\tat net.snowflake.client.core.StmtUtil.execute(StmtUtil.java:345)\n\tat net.snowflake.client.core.SFStatement.executeHelper(SFStatement.java:486)\n\tat net.snowflake.client.core.SFStatement.executeQueryInternal(SFStatement.java:197)\n\tat net.snowflake.client.core.SFStatement.executeQuery(SFStatement.java:134)\n\tat net.snowflake.client.core.SFStatement.execute(SFStatement.java:743)\n\tat net.snowflake.client.core.SFStatement.execute(SFStatement.java:639)\n\tat net.snowflake.client.jdbc.SnowflakeStatementV1.executeQueryInternal(SnowflakeStatementV1.java:238)\n\tat net.snowflake.client.jdbc.SnowflakeStatementV1.executeQuery(SnowflakeStatementV1.java:133)\n\tat com.zaxxer.hikari.pool.ProxyStatement.executeQuery(ProxyStatement.java:110)\n\tat com.zaxxer.hikari.pool.HikariProxyStatement.executeQuery(HikariProxyStatement.java)\n\tat org.finos.legend.engine.plan.execution.stores.relational.result.SQLExecutionResult.<init>(SQLExecutionResult.java:95)\n\t... 101 more\n"},"mode":"DEV","timeStamp":"2023-02-23 01:32:01.065","user":"_UNKNOWN_"}
| **selectSubClauses::view::testViewOnView** | failing :x: |
]]></system-out>
  </testcase>
  <testcase name="testWindowWithSortSingle[Snowflake]" classname="org.finos.legend.engine.server.test.shared.Relational_DbSpecific_UsingPureClientTestSuite$2" time="0.672">
    <error message="Assert failure at (resource:/platform/pure/basics/tests/assertEq.pure line:34 column:5), &quot;500 &apos;{&quot;code&quot;:-1,&quot;message&quot;:&quot;SnowflakeSQLException: SQL compilation error:&#10;Object &apos;PERSONTABLE&apos; does not exist or not authorized.&quot;,&quot;status&quot;:&quot;error&quot;,&quot;trace&quot;:&quot;java.lang.RuntimeException: net.snowflake.client.jdbc.SnowflakeSQLException: SQL compilation error:&#10;Object &apos;PERSONTABLE&apos; does not exist or not authorized.&#10;at org.finos.legend.engine.plan.execution.stores.relational.result.SQLExecutionResult.&lt;init&gt;(SQLExecutionResult.java:123)&#10;at org.finos.legend.engine.plan.execution.stores.relational.RelationalExecutor.execute(RelationalExecutor.java:241)&#10;at org.finos.legend.engine.plan.execution.stores.relational.plugin.RelationalExecutionNodeExecutor.visit(RelationalExecutionNodeExecutor.java:238)&#10;at org.finos.legend.engine.plan.execution.stores.relational.plugin.RelationalExecutionNodeExecutor.visit(RelationalExecutionNodeExecutor.java:252)&#10;at org.finos.legend.engine.plan.execution.stores.relational.plugin.RelationalExecutionNodeExecutor.visit(RelationalExecutionNodeExecutor.java:92)&#10;at org.finos.legend.engine.protocol.pure.v1.model.executionPlan.nodes.RelationalTdsInstantiationExecutionNode.accept(RelationalTdsInstantiationExecutionNode.java:22)&#10;at org.finos.legend.engine.plan.execution.stores.relational.RelationalExecutionExtension.lambda$getExtraNodeExecutors$fbe53481$1(RelationalExecutionExtension.java:50)&#10;at org.finos.legend.engine.plan.execution.nodes.ExecutionNodeExecutor.lambda$visit$0(ExecutionNodeExecutor.java:164)&#10;at java.base/java.util.stream.ReferencePipeline$3$1.accept(ReferencePipeline.java:195)&#10;at java.base/java.util.Spliterators$ArraySpliterator.tryAdvance(Spliterators.java:958)&#10;at java.base/java.util.stream.ReferencePipeline.forEachWithCancel(ReferencePipeline.java:127)&#10;at java.base/java.util.stream.AbstractPipeline.copyIntoWithCancel(AbstractPipeline.java:502)&#10;at java.base/java.util.stream.AbstractPipeline.copyInto(AbstractPipeline.java:488)&#10;at java.base/java.util.stream.AbstractPipeline.wrapAndCopyInto(AbstractPipeline.java:474)&#10;at java.base/java.util.stream.FindOps$FindOp.evaluateSequential(FindOps.java:150)&#10;at java.base/java.util.stream.AbstractPipeline.evaluate(AbstractPipeline.java:234)&#10;at java.base/java.util.stream.ReferencePipeline.findFirst(ReferencePipeline.java:543)&#10;at org.finos.legend.engine.plan.execution.nodes.ExecutionNodeExecutor.visit(ExecutionNodeExecutor.java:164)&#10;at org.finos.legend.engine.plan.execution.nodes.ExecutionNodeExecutor.visit(ExecutionNodeExecutor.java:107)&#10;at org.finos.legend.engine.protocol.pure.v1.model.executionPlan.nodes.RelationalTdsInstantiationExecutionNode.accept(RelationalTdsInstantiationExecutionNode.java:22)&#10;at org.finos.legend.engine.plan.execution.PlanExecutor.execute(PlanExecutor.java:238)&#10;at org.finos.legend.engine.plan.execution.PlanExecutor.execute(PlanExecutor.java:225)&#10;at org.finos.legend.engine.plan.execution.api.ExecutePlan.doExecutePlanLegacy(ExecutePlan.java:102)&#10;at org.finos.legend.engine.plan.execution.api.ExecutePlan.doExecutePlan(ExecutePlan.java:84)&#10;at org.finos.legend.engine.plan.execution.api.ExecutePlanLegacy.executePlan(ExecutePlanLegacy.java:56)&#10;at jdk.internal.reflect.GeneratedMethodAccessor100.invoke(Unknown Source)&#10;at java.base/jdk.internal.reflect.DelegatingMethodAccessorImpl.invoke(DelegatingMethodAccessorImpl.java:43)&#10;at java.base/java.lang.reflect.Method.invoke(Method.java:566)&#10;at org.glassfish.jersey.server.model.internal.ResourceMethodInvocationHandlerFactory$1.invoke(ResourceMethodInvocationHandlerFactory.java:81)&#10;at org.glassfish.jersey.server.model.internal.AbstractJavaResourceMethodDispatcher$1.run(AbstractJavaResourceMethodDispatcher.java:144)&#10;at org.glassfish.jersey.server.model.internal.AbstractJavaResourceMethodDispatcher.invoke(AbstractJavaResourceMethodDispatcher.java:161)&#10;at org.glassfish.jersey.server.model.internal.JavaResourceMethodDispatcherProvider$ResponseOutInvoker.doDispatch(JavaResourceMethodDispatcherProvider.java:160)&#10;at org.glassfish.jersey.server.model.internal.AbstractJavaResourceMethodDispatcher.dispatch(AbstractJavaResourceMethodDispatcher.java:99)&#10;at org.glassfish.jersey.server.model.ResourceMethodInvoker.invoke(ResourceMethodInvoker.java:389)&#10;at org.glassfish.jersey.server.model.ResourceMethodInvoker.apply(ResourceMethodInvoker.java:347)&#10;at org.glassfish.jersey.server.model.ResourceMethodInvoker.apply(ResourceMethodInvoker.java:102)&#10;at org.glassfish.jersey.server.ServerRuntime$2.run(ServerRuntime.java:326)&#10;at org.glassfish.jersey.internal.Errors$1.call(Errors.java:271)&#10;at org.glassfish.jersey.internal.Errors$1.call(Errors.java:267)&#10;at org.glassfish.jersey.internal.Errors.process(Errors.java:315)&#10;at org.glassfish.jersey.internal.Errors.process(Errors.java:297)&#10;at org.glassfish.jersey.internal.Errors.process(Errors.java:267)&#10;at org.glassfish.jersey.process.internal.RequestScope.runInScope(RequestScope.java:317)&#10;at org.glassfish.jersey.server.ServerRuntime.process(ServerRuntime.java:305)&#10;at org.glassfish.jersey.server.ApplicationHandler.handle(ApplicationHandler.java:1154)&#10;at org.glassfish.jersey.servlet.WebComponent.serviceImpl(WebComponent.java:473)&#10;at org.glassfish.jersey.servlet.WebComponent.service(WebComponent.java:427)&#10;at org.glassfish.jersey.servlet.ServletContainer.service(ServletContainer.java:388)&#10;at org.glassfish.jersey.servlet.ServletContainer.service(ServletContainer.java:341)&#10;at org.glassfish.jersey.servlet.ServletContainer.service(ServletContainer.java:228)&#10;at org.eclipse.jetty.servlet.ServletHolder.handle(ServletHolder.java:799)&#10;at org.eclipse.jetty.servlet.ServletHandler$ChainEnd.doFilter(ServletHandler.java:1631)&#10;at io.dropwizard.servlets.ThreadNameFilter.doFilter(ThreadNameFilter.java:35)&#10;at org.eclipse.jetty.servlet.FilterHolder.doFilter(FilterHolder.java:193)&#10;at org.eclipse.jetty.servlet.ServletHandler$Chain.doFilter(ServletHandler.java:1601)&#10;at io.dropwizard.jersey.filter.AllowedMethodsFilter.handle(AllowedMethodsFilter.java:45)&#10;at io.dropwizard.jersey.filter.AllowedMethodsFilter.doFilter(AllowedMethodsFilter.java:39)&#10;at org.eclipse.jetty.servlet.FilterHolder.doFilter(FilterHolder.java:193)&#10;at org.eclipse.jetty.servlet.ServletHandler$Chain.doFilter(ServletHandler.java:1601)&#10;at org.finos.legend.server.pac4j.internal.UsernameFilter.doFilter(UsernameFilter.java:51)&#10;at org.eclipse.jetty.servlet.FilterHolder.doFilter(FilterHolder.java:193)&#10;at org.eclipse.jetty.servlet.ServletHandler$Chain.doFilter(ServletHandler.java:1601)&#10;at org.pac4j.j2e.filter.SecurityFilter.lambda$internalFilter$0(SecurityFilter.java:95)&#10;at org.pac4j.core.engine.DefaultSecurityLogic.perform(DefaultSecurityLogic.java:140)&#10;at org.pac4j.j2e.filter.SecurityFilter.internalFilter(SecurityFilter.java:93)&#10;at org.pac4j.j2e.filter.AbstractConfigFilter.doFilter(AbstractConfigFilter.java:81)&#10;at org.eclipse.jetty.servlet.FilterHolder.doFilter(FilterHolder.java:193)&#10;at org.eclipse.jetty.servlet.ServletHandler$Chain.doFilter(ServletHandler.java:1601)&#10;at org.eclipse.jetty.servlet.ServletHandler.doHandle(ServletHandler.java:548)&#10;at org.eclipse.jetty.server.handler.ScopedHandler.nextHandle(ScopedHandler.java:233)&#10;at org.eclipse.jetty.server.session.SessionHandler.doHandle(SessionHandler.java:1624)&#10;at org.eclipse.jetty.server.handler.ScopedHandler.nextHandle(ScopedHandler.java:233)&#10;at org.eclipse.jetty.server.handler.ContextHandler.doHandle(ContextHandler.java:1434)&#10;at org.eclipse.jetty.server.handler.ScopedHandler.nextScope(ScopedHandler.java:188)&#10;at org.eclipse.jetty.servlet.ServletHandler.doScope(ServletHandler.java:501)&#10;at org.eclipse.jetty.server.session.SessionHandler.doScope(SessionHandler.java:1594)&#10;at org.eclipse.jetty.server.handler.ScopedHandler.nextScope(ScopedHandler.java:186)&#10;at org.eclipse.jetty.server.handler.ContextHandler.doScope(ContextHandler.java:1349)&#10;at org.eclipse.jetty.server.handler.ScopedHandler.handle(ScopedHandler.java:141)&#10;at org.eclipse.jetty.server.handler.HandlerWrapper.handle(HandlerWrapper.java:127)&#10;at com.codahale.metrics.jetty9.InstrumentedHandler.handle(InstrumentedHandler.java:313)&#10;at io.dropwizard.jetty.ContextRoutingHandler.handle(ContextRoutingHandler.java:37)&#10;at org.eclipse.jetty.server.handler.gzip.GzipHandler.handle(GzipHandler.java:713)&#10;at io.dropwizard.jetty.BiDiGzipHandler.handle(BiDiGzipHandler.java:67)&#10;at org.eclipse.jetty.server.handler.StatisticsHandler.handle(StatisticsHandler.java:179)&#10;at org.eclipse.jetty.server.handler.HandlerWrapper.handle(HandlerWrapper.java:127)&#10;at org.eclipse.jetty.server.Server.handle(Server.java:516)&#10;at org.eclipse.jetty.server.HttpChannel.lambda$handle$1(HttpChannel.java:400)&#10;at org.eclipse.jetty.server.HttpChannel.dispatch(HttpChannel.java:645)&#10;at org.eclipse.jetty.server.HttpChannel.handle(HttpChannel.java:392)&#10;at org.eclipse.jetty.server.HttpConnection.onFillable(HttpConnection.java:277)&#10;at org.eclipse.jetty.io.AbstractConnection$ReadCallback.succeeded(AbstractConnection.java:311)&#10;at org.eclipse.jetty.io.FillInterest.fillable(FillInterest.java:105)&#10;at org.eclipse.jetty.io.ChannelEndPoint$1.run(ChannelEndPoint.java:104)&#10;at org.eclipse.jetty.util.thread.strategy.EatWhatYouKill.runTask(EatWhatYouKill.java:338)&#10;at org.eclipse.jetty.util.thread.strategy.EatWhatYouKill.doProduce(EatWhatYouKill.java:315)&#10;at org.eclipse.jetty.util.thread.strategy.EatWhatYouKill.tryProduce(EatWhatYouKill.java:173)&#10;at org.eclipse.jetty.util.thread.strategy.EatWhatYouKill.run(EatWhatYouKill.java:131)&#10;at org.eclipse.jetty.util.thread.ReservedThreadExecutor$ReservedThread.run(ReservedThreadExecutor.java:409)&#10;at org.eclipse.jetty.util.thread.QueuedThreadPool.runJob(QueuedThreadPool.java:883)&#10;at org.eclipse.jetty.util.thread.QueuedThreadPool$Runner.run(QueuedThreadPool.java:1034)&#10;at java.base/java.lang.Thread.run(Thread.java:829)&#10;Caused by: net.snowflake.client.jdbc.SnowflakeSQLException: SQL compilation error:&#10;Object &apos;PERSONTABLE&apos; does not exist or not authorized.&#10;at net.snowflake.client.jdbc.SnowflakeUtil.checkErrorAndThrowExceptionSub(SnowflakeUtil.java:127)&#10;at net.snowflake.client.jdbc.SnowflakeUtil.checkErrorAndThrowException(SnowflakeUtil.java:67)&#10;at net.snowflake.client.core.StmtUtil.pollForOutput(StmtUtil.java:442)&#10;at net.snowflake.client.core.StmtUtil.execute(StmtUtil.java:345)&#10;at net.snowflake.client.core.SFStatement.executeHelper(SFStatement.java:486)&#10;at net.snowflake.client.core.SFStatement.executeQueryInternal(SFStatement.java:197)&#10;at net.snowflake.client.core.SFStatement.executeQuery(SFStatement.java:134)&#10;at net.snowflake.client.core.SFStatement.execute(SFStatement.java:743)&#10;at net.snowflake.client.core.SFStatement.execute(SFStatement.java:639)&#10;at net.snowflake.client.jdbc.SnowflakeStatementV1.executeQueryInternal(SnowflakeStatementV1.java:238)&#10;at net.snowflake.client.jdbc.SnowflakeStatementV1.executeQuery(SnowflakeStatementV1.java:133)&#10;at com.zaxxer.hikari.pool.ProxyStatement.executeQuery(ProxyStatement.java:110)&#10;at com.zaxxer.hikari.pool.HikariProxyStatement.executeQuery(HikariProxyStatement.java)&#10;at org.finos.legend.engine.plan.execution.stores.relational.result.SQLExecutionResult.&lt;init&gt;(SQLExecutionResult.java:95)&#10;... 101 more&#10;&quot;}&apos;&quot;" type="Assert failure at (resource"><![CDATA[Assert failure at (resource:/platform/pure/basics/tests/assertEq.pure line:34 column:5), "500 '{"code":-1,"message":"SnowflakeSQLException: SQL compilation error:
Object 'PERSONTABLE' does not exist or not authorized.","status":"error","trace":"java.lang.RuntimeException: net.snowflake.client.jdbc.SnowflakeSQLException: SQL compilation error:
Object 'PERSONTABLE' does not exist or not authorized.
at org.finos.legend.engine.plan.execution.stores.relational.result.SQLExecutionResult.<init>(SQLExecutionResult.java:123)
at org.finos.legend.engine.plan.execution.stores.relational.RelationalExecutor.execute(RelationalExecutor.java:241)
at org.finos.legend.engine.plan.execution.stores.relational.plugin.RelationalExecutionNodeExecutor.visit(RelationalExecutionNodeExecutor.java:238)
at org.finos.legend.engine.plan.execution.stores.relational.plugin.RelationalExecutionNodeExecutor.visit(RelationalExecutionNodeExecutor.java:252)
at org.finos.legend.engine.plan.execution.stores.relational.plugin.RelationalExecutionNodeExecutor.visit(RelationalExecutionNodeExecutor.java:92)
at org.finos.legend.engine.protocol.pure.v1.model.executionPlan.nodes.RelationalTdsInstantiationExecutionNode.accept(RelationalTdsInstantiationExecutionNode.java:22)
at org.finos.legend.engine.plan.execution.stores.relational.RelationalExecutionExtension.lambda$getExtraNodeExecutors$fbe53481$1(RelationalExecutionExtension.java:50)
at org.finos.legend.engine.plan.execution.nodes.ExecutionNodeExecutor.lambda$visit$0(ExecutionNodeExecutor.java:164)
at java.base/java.util.stream.ReferencePipeline$3$1.accept(ReferencePipeline.java:195)
at java.base/java.util.Spliterators$ArraySpliterator.tryAdvance(Spliterators.java:958)
at java.base/java.util.stream.ReferencePipeline.forEachWithCancel(ReferencePipeline.java:127)
at java.base/java.util.stream.AbstractPipeline.copyIntoWithCancel(AbstractPipeline.java:502)
at java.base/java.util.stream.AbstractPipeline.copyInto(AbstractPipeline.java:488)
at java.base/java.util.stream.AbstractPipeline.wrapAndCopyInto(AbstractPipeline.java:474)
at java.base/java.util.stream.FindOps$FindOp.evaluateSequential(FindOps.java:150)
at java.base/java.util.stream.AbstractPipeline.evaluate(AbstractPipeline.java:234)
at java.base/java.util.stream.ReferencePipeline.findFirst(ReferencePipeline.java:543)
at org.finos.legend.engine.plan.execution.nodes.ExecutionNodeExecutor.visit(ExecutionNodeExecutor.java:164)
at org.finos.legend.engine.plan.execution.nodes.ExecutionNodeExecutor.visit(ExecutionNodeExecutor.java:107)
at org.finos.legend.engine.protocol.pure.v1.model.executionPlan.nodes.RelationalTdsInstantiationExecutionNode.accept(RelationalTdsInstantiationExecutionNode.java:22)
at org.finos.legend.engine.plan.execution.PlanExecutor.execute(PlanExecutor.java:238)
at org.finos.legend.engine.plan.execution.PlanExecutor.execute(PlanExecutor.java:225)
at org.finos.legend.engine.plan.execution.api.ExecutePlan.doExecutePlanLegacy(ExecutePlan.java:102)
at org.finos.legend.engine.plan.execution.api.ExecutePlan.doExecutePlan(ExecutePlan.java:84)
at org.finos.legend.engine.plan.execution.api.ExecutePlanLegacy.executePlan(ExecutePlanLegacy.java:56)
at jdk.internal.reflect.GeneratedMethodAccessor100.invoke(Unknown Source)
at java.base/jdk.internal.reflect.DelegatingMethodAccessorImpl.invoke(DelegatingMethodAccessorImpl.java:43)
at java.base/java.lang.reflect.Method.invoke(Method.java:566)
at org.glassfish.jersey.server.model.internal.ResourceMethodInvocationHandlerFactory$1.invoke(ResourceMethodInvocationHandlerFactory.java:81)
at org.glassfish.jersey.server.model.internal.AbstractJavaResourceMethodDispatcher$1.run(AbstractJavaResourceMethodDispatcher.java:144)
at org.glassfish.jersey.server.model.internal.AbstractJavaResourceMethodDispatcher.invoke(AbstractJavaResourceMethodDispatcher.java:161)
at org.glassfish.jersey.server.model.internal.JavaResourceMethodDispatcherProvider$ResponseOutInvoker.doDispatch(JavaResourceMethodDispatcherProvider.java:160)
at org.glassfish.jersey.server.model.internal.AbstractJavaResourceMethodDispatcher.dispatch(AbstractJavaResourceMethodDispatcher.java:99)
at org.glassfish.jersey.server.model.ResourceMethodInvoker.invoke(ResourceMethodInvoker.java:389)
at org.glassfish.jersey.server.model.ResourceMethodInvoker.apply(ResourceMethodInvoker.java:347)
at org.glassfish.jersey.server.model.ResourceMethodInvoker.apply(ResourceMethodInvoker.java:102)
at org.glassfish.jersey.server.ServerRuntime$2.run(ServerRuntime.java:326)
at org.glassfish.jersey.internal.Errors$1.call(Errors.java:271)
at org.glassfish.jersey.internal.Errors$1.call(Errors.java:267)
at org.glassfish.jersey.internal.Errors.process(Errors.java:315)
at org.glassfish.jersey.internal.Errors.process(Errors.java:297)
at org.glassfish.jersey.internal.Errors.process(Errors.java:267)
at org.glassfish.jersey.process.internal.RequestScope.runInScope(RequestScope.java:317)
at org.glassfish.jersey.server.ServerRuntime.process(ServerRuntime.java:305)
at org.glassfish.jersey.server.ApplicationHandler.handle(ApplicationHandler.java:1154)
at org.glassfish.jersey.servlet.WebComponent.serviceImpl(WebComponent.java:473)
at org.glassfish.jersey.servlet.WebComponent.service(WebComponent.java:427)
at org.glassfish.jersey.servlet.ServletContainer.service(ServletContainer.java:388)
at org.glassfish.jersey.servlet.ServletContainer.service(ServletContainer.java:341)
at org.glassfish.jersey.servlet.ServletContainer.service(ServletContainer.java:228)
at org.eclipse.jetty.servlet.ServletHolder.handle(ServletHolder.java:799)
at org.eclipse.jetty.servlet.ServletHandler$ChainEnd.doFilter(ServletHandler.java:1631)
at io.dropwizard.servlets.ThreadNameFilter.doFilter(ThreadNameFilter.java:35)
at org.eclipse.jetty.servlet.FilterHolder.doFilter(FilterHolder.java:193)
at org.eclipse.jetty.servlet.ServletHandler$Chain.doFilter(ServletHandler.java:1601)
at io.dropwizard.jersey.filter.AllowedMethodsFilter.handle(AllowedMethodsFilter.java:45)
at io.dropwizard.jersey.filter.AllowedMethodsFilter.doFilter(AllowedMethodsFilter.java:39)
at org.eclipse.jetty.servlet.FilterHolder.doFilter(FilterHolder.java:193)
at org.eclipse.jetty.servlet.ServletHandler$Chain.doFilter(ServletHandler.java:1601)
at org.finos.legend.server.pac4j.internal.UsernameFilter.doFilter(UsernameFilter.java:51)
at org.eclipse.jetty.servlet.FilterHolder.doFilter(FilterHolder.java:193)
at org.eclipse.jetty.servlet.ServletHandler$Chain.doFilter(ServletHandler.java:1601)
at org.pac4j.j2e.filter.SecurityFilter.lambda$internalFilter$0(SecurityFilter.java:95)
at org.pac4j.core.engine.DefaultSecurityLogic.perform(DefaultSecurityLogic.java:140)
at org.pac4j.j2e.filter.SecurityFilter.internalFilter(SecurityFilter.java:93)
at org.pac4j.j2e.filter.AbstractConfigFilter.doFilter(AbstractConfigFilter.java:81)
at org.eclipse.jetty.servlet.FilterHolder.doFilter(FilterHolder.java:193)
at org.eclipse.jetty.servlet.ServletHandler$Chain.doFilter(ServletHandler.java:1601)
at org.eclipse.jetty.servlet.ServletHandler.doHandle(ServletHandler.java:548)
at org.eclipse.jetty.server.handler.ScopedHandler.nextHandle(ScopedHandler.java:233)
at org.eclipse.jetty.server.session.SessionHandler.doHandle(SessionHandler.java:1624)
at org.eclipse.jetty.server.handler.ScopedHandler.nextHandle(ScopedHandler.java:233)
at org.eclipse.jetty.server.handler.ContextHandler.doHandle(ContextHandler.java:1434)
at org.eclipse.jetty.server.handler.ScopedHandler.nextScope(ScopedHandler.java:188)
at org.eclipse.jetty.servlet.ServletHandler.doScope(ServletHandler.java:501)
at org.eclipse.jetty.server.session.SessionHandler.doScope(SessionHandler.java:1594)
at org.eclipse.jetty.server.handler.ScopedHandler.nextScope(ScopedHandler.java:186)
at org.eclipse.jetty.server.handler.ContextHandler.doScope(ContextHandler.java:1349)
at org.eclipse.jetty.server.handler.ScopedHandler.handle(ScopedHandler.java:141)
at org.eclipse.jetty.server.handler.HandlerWrapper.handle(HandlerWrapper.java:127)
at com.codahale.metrics.jetty9.InstrumentedHandler.handle(InstrumentedHandler.java:313)
at io.dropwizard.jetty.ContextRoutingHandler.handle(ContextRoutingHandler.java:37)
at org.eclipse.jetty.server.handler.gzip.GzipHandler.handle(GzipHandler.java:713)
at io.dropwizard.jetty.BiDiGzipHandler.handle(BiDiGzipHandler.java:67)
at org.eclipse.jetty.server.handler.StatisticsHandler.handle(StatisticsHandler.java:179)
at org.eclipse.jetty.server.handler.HandlerWrapper.handle(HandlerWrapper.java:127)
at org.eclipse.jetty.server.Server.handle(Server.java:516)
at org.eclipse.jetty.server.HttpChannel.lambda$handle$1(HttpChannel.java:400)
at org.eclipse.jetty.server.HttpChannel.dispatch(HttpChannel.java:645)
at org.eclipse.jetty.server.HttpChannel.handle(HttpChannel.java:392)
at org.eclipse.jetty.server.HttpConnection.onFillable(HttpConnection.java:277)
at org.eclipse.jetty.io.AbstractConnection$ReadCallback.succeeded(AbstractConnection.java:311)
at org.eclipse.jetty.io.FillInterest.fillable(FillInterest.java:105)
at org.eclipse.jetty.io.ChannelEndPoint$1.run(ChannelEndPoint.java:104)
at org.eclipse.jetty.util.thread.strategy.EatWhatYouKill.runTask(EatWhatYouKill.java:338)
at org.eclipse.jetty.util.thread.strategy.EatWhatYouKill.doProduce(EatWhatYouKill.java:315)
at org.eclipse.jetty.util.thread.strategy.EatWhatYouKill.tryProduce(EatWhatYouKill.java:173)
at org.eclipse.jetty.util.thread.strategy.EatWhatYouKill.run(EatWhatYouKill.java:131)
at org.eclipse.jetty.util.thread.ReservedThreadExecutor$ReservedThread.run(ReservedThreadExecutor.java:409)
at org.eclipse.jetty.util.thread.QueuedThreadPool.runJob(QueuedThreadPool.java:883)
at org.eclipse.jetty.util.thread.QueuedThreadPool$Runner.run(QueuedThreadPool.java:1034)
at java.base/java.lang.Thread.run(Thread.java:829)
Caused by: net.snowflake.client.jdbc.SnowflakeSQLException: SQL compilation error:
Object 'PERSONTABLE' does not exist or not authorized.
at net.snowflake.client.jdbc.SnowflakeUtil.checkErrorAndThrowExceptionSub(SnowflakeUtil.java:127)
at net.snowflake.client.jdbc.SnowflakeUtil.checkErrorAndThrowException(SnowflakeUtil.java:67)
at net.snowflake.client.core.StmtUtil.pollForOutput(StmtUtil.java:442)
at net.snowflake.client.core.StmtUtil.execute(StmtUtil.java:345)
at net.snowflake.client.core.SFStatement.executeHelper(SFStatement.java:486)
at net.snowflake.client.core.SFStatement.executeQueryInternal(SFStatement.java:197)
at net.snowflake.client.core.SFStatement.executeQuery(SFStatement.java:134)
at net.snowflake.client.core.SFStatement.execute(SFStatement.java:743)
at net.snowflake.client.core.SFStatement.execute(SFStatement.java:639)
at net.snowflake.client.jdbc.SnowflakeStatementV1.executeQueryInternal(SnowflakeStatementV1.java:238)
at net.snowflake.client.jdbc.SnowflakeStatementV1.executeQuery(SnowflakeStatementV1.java:133)
at com.zaxxer.hikari.pool.ProxyStatement.executeQuery(ProxyStatement.java:110)
at com.zaxxer.hikari.pool.HikariProxyStatement.executeQuery(HikariProxyStatement.java)
at org.finos.legend.engine.plan.execution.stores.relational.result.SQLExecutionResult.<init>(SQLExecutionResult.java:95)
... 101 more
"}'"
	at org.finos.legend.pure.runtime.java.compiled.generation.processors.support.CompiledSupport.pureAssert(CompiledSupport.java:1994)
	at org.finos.legend.pure.generated.platform_pure_basics_tests_assertEq.Root_meta_pure_functions_asserts_assertEq_Any_1__Any_1__Function_1__Boolean_1_(platform_pure_basics_tests_assertEq.java:44)
	at org.finos.legend.pure.generated.core_pure_protocol_vX_X_X_invocations_execution.Root_meta_protocols_pure_vX_X_X_invocation_execution_execute_executePlan_String_1__String_1__Integer_1__String_1_(core_pure_protocol_vX_X_X_invocations_execution.java:751)
	at org.finos.legend.pure.generated.core_pure_protocol_vX_X_X_invocations_execution.Root_meta_protocols_pure_vX_X_X_invocation_execution_execute_executePlan_ExecutionPlan_1__String_1__Integer_1__Extension_MANY__String_1_(core_pure_protocol_vX_X_X_invocations_execution.java:745)
	at org.finos.legend.pure.generated.core_pure_protocol_vX_X_X_invocations_execution.Root_meta_protocols_pure_vX_X_X_invocation_execution_execute_executePlan_ExecutionPlan_1__ExecutionContext_$0_1$__String_1__Integer_1__Extension_MANY__Result_1_(core_pure_protocol_vX_X_X_invocations_execution.java:738)
	at jdk.internal.reflect.GeneratedMethodAccessor96.invoke(Unknown Source)
	at java.base/jdk.internal.reflect.DelegatingMethodAccessorImpl.invoke(DelegatingMethodAccessorImpl.java:43)
	at java.base/java.lang.reflect.Method.invoke(Method.java:566)
	at org.finos.legend.pure.runtime.java.compiled.metadata.JavaMethodWithParamsSharedPureFunction.execute(JavaMethodWithParamsSharedPureFunction.java:59)
	at org.finos.legend.pure.runtime.java.compiled.generation.processors.support.Pure._evaluateToMany(Pure.java:546)
	at org.finos.legend.pure.generated.CoreGen.evaluateToMany(CoreGen.java:147)
	at org.finos.legend.pure.generated.CoreGen.evaluateToMany(CoreGen.java:134)
	at org.finos.legend.pure.generated.core_pure_router_router_entry$9$1.value(core_pure_router_router_entry.java:318)
	at org.finos.legend.pure.generated.core_pure_router_router_entry$9$1.execute(core_pure_router_router_entry.java:311)
	at org.finos.legend.pure.generated.core_pure_router_router_entry$9$1.execute(core_pure_router_router_entry.java:307)
	at org.finos.legend.pure.runtime.java.compiled.generation.processors.support.Pure.evaluate(Pure.java:485)
	at org.finos.legend.pure.runtime.java.compiled.generation.processors.support.Pure.legendTest(Pure.java:216)
	at org.finos.legend.pure.generated.CoreGen.legendTest(CoreGen.java:61)
	at org.finos.legend.pure.generated.core_pure_router_router_entry$9.valueOf(core_pure_router_router_entry.java:303)
	at org.finos.legend.pure.generated.core_pure_router_router_entry$9.execute(core_pure_router_router_entry.java:298)
	at org.finos.legend.pure.generated.core_pure_router_router_entry$9.execute(core_pure_router_router_entry.java:294)
	at org.finos.legend.pure.runtime.java.compiled.generation.processors.support.Pure.evaluate(Pure.java:485)
	at org.finos.legend.pure.runtime.java.compiled.generation.processors.support.Pure.traceSpan(Pure.java:1482)
	at org.finos.legend.pure.generated.CoreGen.traceSpan(CoreGen.java:203)
	at org.finos.legend.pure.generated.core_pure_router_router_entry.Root_meta_pure_router_executePlan_ExecutionPlan_1__ExecutionContext_1__Extension_MANY__Result_$0_1$_(core_pure_router_router_entry.java:290)
	at org.finos.legend.pure.generated.core_pure_router_router_entry.Root_meta_pure_router_executePlan_ExecutionPlan_1__Extension_MANY__Result_$0_1$_(core_pure_router_router_entry.java:285)
	at org.finos.legend.pure.generated.core_relational_relational_sqlQueryToString_dbTestRunner_executionPlanTestRunner$19.execute(core_relational_relational_sqlQueryToString_dbTestRunner_executionPlanTestRunner.java:305)
	at org.finos.legend.pure.generated.core_relational_relational_sqlQueryToString_dbTestRunner_executionPlanTestRunner.Root_meta_relational_dbTestRunner_executeViaPlan_FunctionDefinition_1__Mapping_1__Database_1__DbTestConfig_1__Extension_MANY__Result_$0_1$_(core_relational_relational_sqlQueryToString_dbTestRunner_executionPlanTestRunner.java:309)
	at org.finos.legend.pure.generated.core_relational_relational_sqlQueryToString_testSuite_selectSubClauses_windowColumn.Root_meta_relational_tests_dbSpecificTests_sqlQueryTests_selectSubClauses_windowColumn_testWindowWithSortSingle_DbTestConfig_1__Boolean_1_(core_relational_relational_sqlQueryToString_testSuite_selectSubClauses_windowColumn.java:935)
	at java.base/jdk.internal.reflect.NativeMethodAccessorImpl.invoke0(Native Method)
	at java.base/jdk.internal.reflect.NativeMethodAccessorImpl.invoke(NativeMethodAccessorImpl.java:62)
	at java.base/jdk.internal.reflect.DelegatingMethodAccessorImpl.invoke(DelegatingMethodAccessorImpl.java:43)
	at java.base/java.lang.reflect.Method.invoke(Method.java:566)
	at org.finos.legend.pure.runtime.java.compiled.testHelper.PureTestBuilderCompiled.executeFn(PureTestBuilderCompiled.java:113)
	at org.finos.legend.pure.runtime.java.compiled.testHelper.PureTestBuilderCompiled.lambda$buildSuite$0(PureTestBuilderCompiled.java:79)
	at org.finos.legend.pure.m3.execution.test.PureTestBuilder$PureTestCase.runTest(PureTestBuilder.java:95)
	at junit.framework.TestCase.runBare(TestCase.java:142)
	at org.finos.legend.engine.server.test.shared.Relational_DbSpecific_UsingPureClientTestSuite$2.runTest(Relational_DbSpecific_UsingPureClientTestSuite.java:90)
	at junit.framework.TestCase.runBare(TestCase.java:142)
	at junit.framework.TestResult$1.protect(TestResult.java:122)
	at junit.framework.TestResult.runProtected(TestResult.java:142)
	at junit.framework.TestResult.run(TestResult.java:125)
	at junit.framework.TestCase.run(TestCase.java:130)
	at junit.framework.TestSuite.runTest(TestSuite.java:241)
	at junit.framework.TestSuite.run(TestSuite.java:236)
	at junit.framework.TestSuite.runTest(TestSuite.java:241)
	at junit.framework.TestSuite.run(TestSuite.java:236)
	at junit.framework.TestSuite.runTest(TestSuite.java:241)
	at junit.framework.TestSuite.run(TestSuite.java:236)
	at junit.framework.TestSuite.runTest(TestSuite.java:241)
	at junit.framework.TestSuite.run(TestSuite.java:236)
	at junit.framework.TestSuite.runTest(TestSuite.java:241)
	at junit.framework.TestSuite.run(TestSuite.java:236)
	at junit.extensions.TestDecorator.basicRun(TestDecorator.java:24)
	at junit.extensions.TestSetup$1.protect(TestSetup.java:23)
	at junit.framework.TestResult.runProtected(TestResult.java:142)
	at junit.extensions.TestSetup.run(TestSetup.java:27)
	at org.junit.internal.runners.JUnit38ClassRunner.run(JUnit38ClassRunner.java:90)
	at org.apache.maven.surefire.junit4.JUnit4Provider.execute(JUnit4Provider.java:365)
	at org.apache.maven.surefire.junit4.JUnit4Provider.executeWithRerun(JUnit4Provider.java:273)
	at org.apache.maven.surefire.junit4.JUnit4Provider.executeTestSet(JUnit4Provider.java:238)
	at org.apache.maven.surefire.junit4.JUnit4Provider.invoke(JUnit4Provider.java:159)
	at org.apache.maven.surefire.booter.ForkedBooter.invokeProviderInSameClassLoader(ForkedBooter.java:384)
	at org.apache.maven.surefire.booter.ForkedBooter.runSuitesInProcess(ForkedBooter.java:345)
	at org.apache.maven.surefire.booter.ForkedBooter.execute(ForkedBooter.java:126)
	at org.apache.maven.surefire.booter.ForkedBooter.main(ForkedBooter.java:418)
]]></error>
    <system-out><![CDATA[Running db test selectSubClauses::windowColumn::testWindowWithSortSingle
{"duration":0.0,"eventType":"EXECUTION_PLAN_EXEC_ERROR","info":{"code":-1,"message":"SnowflakeSQLException: SQL compilation error:\nObject 'PERSONTABLE' does not exist or not authorized.","status":"error","trace":"java.lang.RuntimeException: net.snowflake.client.jdbc.SnowflakeSQLException: SQL compilation error:\nObject 'PERSONTABLE' does not exist or not authorized.\n\tat org.finos.legend.engine.plan.execution.stores.relational.result.SQLExecutionResult.<init>(SQLExecutionResult.java:123)\n\tat org.finos.legend.engine.plan.execution.stores.relational.RelationalExecutor.execute(RelationalExecutor.java:241)\n\tat org.finos.legend.engine.plan.execution.stores.relational.plugin.RelationalExecutionNodeExecutor.visit(RelationalExecutionNodeExecutor.java:238)\n\tat org.finos.legend.engine.plan.execution.stores.relational.plugin.RelationalExecutionNodeExecutor.visit(RelationalExecutionNodeExecutor.java:252)\n\tat org.finos.legend.engine.plan.execution.stores.relational.plugin.RelationalExecutionNodeExecutor.visit(RelationalExecutionNodeExecutor.java:92)\n\tat org.finos.legend.engine.protocol.pure.v1.model.executionPlan.nodes.RelationalTdsInstantiationExecutionNode.accept(RelationalTdsInstantiationExecutionNode.java:22)\n\tat org.finos.legend.engine.plan.execution.stores.relational.RelationalExecutionExtension.lambda$getExtraNodeExecutors$fbe53481$1(RelationalExecutionExtension.java:50)\n\tat org.finos.legend.engine.plan.execution.nodes.ExecutionNodeExecutor.lambda$visit$0(ExecutionNodeExecutor.java:164)\n\tat java.base/java.util.stream.ReferencePipeline$3$1.accept(ReferencePipeline.java:195)\n\tat java.base/java.util.Spliterators$ArraySpliterator.tryAdvance(Spliterators.java:958)\n\tat java.base/java.util.stream.ReferencePipeline.forEachWithCancel(ReferencePipeline.java:127)\n\tat java.base/java.util.stream.AbstractPipeline.copyIntoWithCancel(AbstractPipeline.java:502)\n\tat java.base/java.util.stream.AbstractPipeline.copyInto(AbstractPipeline.java:488)\n\tat java.base/java.util.stream.AbstractPipeline.wrapAndCopyInto(AbstractPipeline.java:474)\n\tat java.base/java.util.stream.FindOps$FindOp.evaluateSequential(FindOps.java:150)\n\tat java.base/java.util.stream.AbstractPipeline.evaluate(AbstractPipeline.java:234)\n\tat java.base/java.util.stream.ReferencePipeline.findFirst(ReferencePipeline.java:543)\n\tat org.finos.legend.engine.plan.execution.nodes.ExecutionNodeExecutor.visit(ExecutionNodeExecutor.java:164)\n\tat org.finos.legend.engine.plan.execution.nodes.ExecutionNodeExecutor.visit(ExecutionNodeExecutor.java:107)\n\tat org.finos.legend.engine.protocol.pure.v1.model.executionPlan.nodes.RelationalTdsInstantiationExecutionNode.accept(RelationalTdsInstantiationExecutionNode.java:22)\n\tat org.finos.legend.engine.plan.execution.PlanExecutor.execute(PlanExecutor.java:238)\n\tat org.finos.legend.engine.plan.execution.PlanExecutor.execute(PlanExecutor.java:225)\n\tat org.finos.legend.engine.plan.execution.api.ExecutePlan.doExecutePlanLegacy(ExecutePlan.java:102)\n\tat org.finos.legend.engine.plan.execution.api.ExecutePlan.doExecutePlan(ExecutePlan.java:84)\n\tat org.finos.legend.engine.plan.execution.api.ExecutePlanLegacy.executePlan(ExecutePlanLegacy.java:56)\n\tat jdk.internal.reflect.GeneratedMethodAccessor100.invoke(Unknown Source)\n\tat java.base/jdk.internal.reflect.DelegatingMethodAccessorImpl.invoke(DelegatingMethodAccessorImpl.java:43)\n\tat java.base/java.lang.reflect.Method.invoke(Method.java:566)\n\tat org.glassfish.jersey.server.model.internal.ResourceMethodInvocationHandlerFactory$1.invoke(ResourceMethodInvocationHandlerFactory.java:81)\n\tat org.glassfish.jersey.server.model.internal.AbstractJavaResourceMethodDispatcher$1.run(AbstractJavaResourceMethodDispatcher.java:144)\n\tat org.glassfish.jersey.server.model.internal.AbstractJavaResourceMethodDispatcher.invoke(AbstractJavaResourceMethodDispatcher.java:161)\n\tat org.glassfish.jersey.server.model.internal.JavaResourceMethodDispatcherProvider$ResponseOutInvoker.doDispatch(JavaResourceMethodDispatcherProvider.java:160)\n\tat org.glassfish.jersey.server.model.internal.AbstractJavaResourceMethodDispatcher.dispatch(AbstractJavaResourceMethodDispatcher.java:99)\n\tat org.glassfish.jersey.server.model.ResourceMethodInvoker.invoke(ResourceMethodInvoker.java:389)\n\tat org.glassfish.jersey.server.model.ResourceMethodInvoker.apply(ResourceMethodInvoker.java:347)\n\tat org.glassfish.jersey.server.model.ResourceMethodInvoker.apply(ResourceMethodInvoker.java:102)\n\tat org.glassfish.jersey.server.ServerRuntime$2.run(ServerRuntime.java:326)\n\tat org.glassfish.jersey.internal.Errors$1.call(Errors.java:271)\n\tat org.glassfish.jersey.internal.Errors$1.call(Errors.java:267)\n\tat org.glassfish.jersey.internal.Errors.process(Errors.java:315)\n\tat org.glassfish.jersey.internal.Errors.process(Errors.java:297)\n\tat org.glassfish.jersey.internal.Errors.process(Errors.java:267)\n\tat org.glassfish.jersey.process.internal.RequestScope.runInScope(RequestScope.java:317)\n\tat org.glassfish.jersey.server.ServerRuntime.process(ServerRuntime.java:305)\n\tat org.glassfish.jersey.server.ApplicationHandler.handle(ApplicationHandler.java:1154)\n\tat org.glassfish.jersey.servlet.WebComponent.serviceImpl(WebComponent.java:473)\n\tat org.glassfish.jersey.servlet.WebComponent.service(WebComponent.java:427)\n\tat org.glassfish.jersey.servlet.ServletContainer.service(ServletContainer.java:388)\n\tat org.glassfish.jersey.servlet.ServletContainer.service(ServletContainer.java:341)\n\tat org.glassfish.jersey.servlet.ServletContainer.service(ServletContainer.java:228)\n\tat org.eclipse.jetty.servlet.ServletHolder.handle(ServletHolder.java:799)\n\tat org.eclipse.jetty.servlet.ServletHandler$ChainEnd.doFilter(ServletHandler.java:1631)\n\tat io.dropwizard.servlets.ThreadNameFilter.doFilter(ThreadNameFilter.java:35)\n\tat org.eclipse.jetty.servlet.FilterHolder.doFilter(FilterHolder.java:193)\n\tat org.eclipse.jetty.servlet.ServletHandler$Chain.doFilter(ServletHandler.java:1601)\n\tat io.dropwizard.jersey.filter.AllowedMethodsFilter.handle(AllowedMethodsFilter.java:45)\n\tat io.dropwizard.jersey.filter.AllowedMethodsFilter.doFilter(AllowedMethodsFilter.java:39)\n\tat org.eclipse.jetty.servlet.FilterHolder.doFilter(FilterHolder.java:193)\n\tat org.eclipse.jetty.servlet.ServletHandler$Chain.doFilter(ServletHandler.java:1601)\n\tat org.finos.legend.server.pac4j.internal.UsernameFilter.doFilter(UsernameFilter.java:51)\n\tat org.eclipse.jetty.servlet.FilterHolder.doFilter(FilterHolder.java:193)\n\tat org.eclipse.jetty.servlet.ServletHandler$Chain.doFilter(ServletHandler.java:1601)\n\tat org.pac4j.j2e.filter.SecurityFilter.lambda$internalFilter$0(SecurityFilter.java:95)\n\tat org.pac4j.core.engine.DefaultSecurityLogic.perform(DefaultSecurityLogic.java:140)\n\tat org.pac4j.j2e.filter.SecurityFilter.internalFilter(SecurityFilter.java:93)\n\tat org.pac4j.j2e.filter.AbstractConfigFilter.doFilter(AbstractConfigFilter.java:81)\n\tat org.eclipse.jetty.servlet.FilterHolder.doFilter(FilterHolder.java:193)\n\tat org.eclipse.jetty.servlet.ServletHandler$Chain.doFilter(ServletHandler.java:1601)\n\tat org.eclipse.jetty.servlet.ServletHandler.doHandle(ServletHandler.java:548)\n\tat org.eclipse.jetty.server.handler.ScopedHandler.nextHandle(ScopedHandler.java:233)\n\tat org.eclipse.jetty.server.session.SessionHandler.doHandle(SessionHandler.java:1624)\n\tat org.eclipse.jetty.server.handler.ScopedHandler.nextHandle(ScopedHandler.java:233)\n\tat org.eclipse.jetty.server.handler.ContextHandler.doHandle(ContextHandler.java:1434)\n\tat org.eclipse.jetty.server.handler.ScopedHandler.nextScope(ScopedHandler.java:188)\n\tat org.eclipse.jetty.servlet.ServletHandler.doScope(ServletHandler.java:501)\n\tat org.eclipse.jetty.server.session.SessionHandler.doScope(SessionHandler.java:1594)\n\tat org.eclipse.jetty.server.handler.ScopedHandler.nextScope(ScopedHandler.java:186)\n\tat org.eclipse.jetty.server.handler.ContextHandler.doScope(ContextHandler.java:1349)\n\tat org.eclipse.jetty.server.handler.ScopedHandler.handle(ScopedHandler.java:141)\n\tat org.eclipse.jetty.server.handler.HandlerWrapper.handle(HandlerWrapper.java:127)\n\tat com.codahale.metrics.jetty9.InstrumentedHandler.handle(InstrumentedHandler.java:313)\n\tat io.dropwizard.jetty.ContextRoutingHandler.handle(ContextRoutingHandler.java:37)\n\tat org.eclipse.jetty.server.handler.gzip.GzipHandler.handle(GzipHandler.java:713)\n\tat io.dropwizard.jetty.BiDiGzipHandler.handle(BiDiGzipHandler.java:67)\n\tat org.eclipse.jetty.server.handler.StatisticsHandler.handle(StatisticsHandler.java:179)\n\tat org.eclipse.jetty.server.handler.HandlerWrapper.handle(HandlerWrapper.java:127)\n\tat org.eclipse.jetty.server.Server.handle(Server.java:516)\n\tat org.eclipse.jetty.server.HttpChannel.lambda$handle$1(HttpChannel.java:400)\n\tat org.eclipse.jetty.server.HttpChannel.dispatch(HttpChannel.java:645)\n\tat org.eclipse.jetty.server.HttpChannel.handle(HttpChannel.java:392)\n\tat org.eclipse.jetty.server.HttpConnection.onFillable(HttpConnection.java:277)\n\tat org.eclipse.jetty.io.AbstractConnection$ReadCallback.succeeded(AbstractConnection.java:311)\n\tat org.eclipse.jetty.io.FillInterest.fillable(FillInterest.java:105)\n\tat org.eclipse.jetty.io.ChannelEndPoint$1.run(ChannelEndPoint.java:104)\n\tat org.eclipse.jetty.util.thread.strategy.EatWhatYouKill.runTask(EatWhatYouKill.java:338)\n\tat org.eclipse.jetty.util.thread.strategy.EatWhatYouKill.doProduce(EatWhatYouKill.java:315)\n\tat org.eclipse.jetty.util.thread.strategy.EatWhatYouKill.tryProduce(EatWhatYouKill.java:173)\n\tat org.eclipse.jetty.util.thread.strategy.EatWhatYouKill.run(EatWhatYouKill.java:131)\n\tat org.eclipse.jetty.util.thread.ReservedThreadExecutor$ReservedThread.run(ReservedThreadExecutor.java:409)\n\tat org.eclipse.jetty.util.thread.QueuedThreadPool.runJob(QueuedThreadPool.java:883)\n\tat org.eclipse.jetty.util.thread.QueuedThreadPool$Runner.run(QueuedThreadPool.java:1034)\n\tat java.base/java.lang.Thread.run(Thread.java:829)\nCaused by: net.snowflake.client.jdbc.SnowflakeSQLException: SQL compilation error:\nObject 'PERSONTABLE' does not exist or not authorized.\n\tat net.snowflake.client.jdbc.SnowflakeUtil.checkErrorAndThrowExceptionSub(SnowflakeUtil.java:127)\n\tat net.snowflake.client.jdbc.SnowflakeUtil.checkErrorAndThrowException(SnowflakeUtil.java:67)\n\tat net.snowflake.client.core.StmtUtil.pollForOutput(StmtUtil.java:442)\n\tat net.snowflake.client.core.StmtUtil.execute(StmtUtil.java:345)\n\tat net.snowflake.client.core.SFStatement.executeHelper(SFStatement.java:486)\n\tat net.snowflake.client.core.SFStatement.executeQueryInternal(SFStatement.java:197)\n\tat net.snowflake.client.core.SFStatement.executeQuery(SFStatement.java:134)\n\tat net.snowflake.client.core.SFStatement.execute(SFStatement.java:743)\n\tat net.snowflake.client.core.SFStatement.execute(SFStatement.java:639)\n\tat net.snowflake.client.jdbc.SnowflakeStatementV1.executeQueryInternal(SnowflakeStatementV1.java:238)\n\tat net.snowflake.client.jdbc.SnowflakeStatementV1.executeQuery(SnowflakeStatementV1.java:133)\n\tat com.zaxxer.hikari.pool.ProxyStatement.executeQuery(ProxyStatement.java:110)\n\tat com.zaxxer.hikari.pool.HikariProxyStatement.executeQuery(HikariProxyStatement.java)\n\tat org.finos.legend.engine.plan.execution.stores.relational.result.SQLExecutionResult.<init>(SQLExecutionResult.java:95)\n\t... 101 more\n"},"mode":"DEV","timeStamp":"2023-02-23 01:32:01.738","user":"_UNKNOWN_"}
| **selectSubClauses::windowColumn::testWindowWithSortSingle** | failing :x: |
]]></system-out>
  </testcase>
  <testcase name="testWindowWithoutSortMultiple[Snowflake]" classname="org.finos.legend.engine.server.test.shared.Relational_DbSpecific_UsingPureClientTestSuite$2" time="0.512">
    <error message="Assert failure at (resource:/platform/pure/basics/tests/assertEq.pure line:34 column:5), &quot;500 &apos;{&quot;code&quot;:-1,&quot;message&quot;:&quot;SnowflakeSQLException: SQL compilation error:&#10;Object &apos;PERSONTABLE&apos; does not exist or not authorized.&quot;,&quot;status&quot;:&quot;error&quot;,&quot;trace&quot;:&quot;java.lang.RuntimeException: net.snowflake.client.jdbc.SnowflakeSQLException: SQL compilation error:&#10;Object &apos;PERSONTABLE&apos; does not exist or not authorized.&#10;at org.finos.legend.engine.plan.execution.stores.relational.result.SQLExecutionResult.&lt;init&gt;(SQLExecutionResult.java:123)&#10;at org.finos.legend.engine.plan.execution.stores.relational.RelationalExecutor.execute(RelationalExecutor.java:241)&#10;at org.finos.legend.engine.plan.execution.stores.relational.plugin.RelationalExecutionNodeExecutor.visit(RelationalExecutionNodeExecutor.java:238)&#10;at org.finos.legend.engine.plan.execution.stores.relational.plugin.RelationalExecutionNodeExecutor.visit(RelationalExecutionNodeExecutor.java:252)&#10;at org.finos.legend.engine.plan.execution.stores.relational.plugin.RelationalExecutionNodeExecutor.visit(RelationalExecutionNodeExecutor.java:92)&#10;at org.finos.legend.engine.protocol.pure.v1.model.executionPlan.nodes.RelationalTdsInstantiationExecutionNode.accept(RelationalTdsInstantiationExecutionNode.java:22)&#10;at org.finos.legend.engine.plan.execution.stores.relational.RelationalExecutionExtension.lambda$getExtraNodeExecutors$fbe53481$1(RelationalExecutionExtension.java:50)&#10;at org.finos.legend.engine.plan.execution.nodes.ExecutionNodeExecutor.lambda$visit$0(ExecutionNodeExecutor.java:164)&#10;at java.base/java.util.stream.ReferencePipeline$3$1.accept(ReferencePipeline.java:195)&#10;at java.base/java.util.Spliterators$ArraySpliterator.tryAdvance(Spliterators.java:958)&#10;at java.base/java.util.stream.ReferencePipeline.forEachWithCancel(ReferencePipeline.java:127)&#10;at java.base/java.util.stream.AbstractPipeline.copyIntoWithCancel(AbstractPipeline.java:502)&#10;at java.base/java.util.stream.AbstractPipeline.copyInto(AbstractPipeline.java:488)&#10;at java.base/java.util.stream.AbstractPipeline.wrapAndCopyInto(AbstractPipeline.java:474)&#10;at java.base/java.util.stream.FindOps$FindOp.evaluateSequential(FindOps.java:150)&#10;at java.base/java.util.stream.AbstractPipeline.evaluate(AbstractPipeline.java:234)&#10;at java.base/java.util.stream.ReferencePipeline.findFirst(ReferencePipeline.java:543)&#10;at org.finos.legend.engine.plan.execution.nodes.ExecutionNodeExecutor.visit(ExecutionNodeExecutor.java:164)&#10;at org.finos.legend.engine.plan.execution.nodes.ExecutionNodeExecutor.visit(ExecutionNodeExecutor.java:107)&#10;at org.finos.legend.engine.protocol.pure.v1.model.executionPlan.nodes.RelationalTdsInstantiationExecutionNode.accept(RelationalTdsInstantiationExecutionNode.java:22)&#10;at org.finos.legend.engine.plan.execution.PlanExecutor.execute(PlanExecutor.java:238)&#10;at org.finos.legend.engine.plan.execution.PlanExecutor.execute(PlanExecutor.java:225)&#10;at org.finos.legend.engine.plan.execution.api.ExecutePlan.doExecutePlanLegacy(ExecutePlan.java:102)&#10;at org.finos.legend.engine.plan.execution.api.ExecutePlan.doExecutePlan(ExecutePlan.java:84)&#10;at org.finos.legend.engine.plan.execution.api.ExecutePlanLegacy.executePlan(ExecutePlanLegacy.java:56)&#10;at jdk.internal.reflect.GeneratedMethodAccessor100.invoke(Unknown Source)&#10;at java.base/jdk.internal.reflect.DelegatingMethodAccessorImpl.invoke(DelegatingMethodAccessorImpl.java:43)&#10;at java.base/java.lang.reflect.Method.invoke(Method.java:566)&#10;at org.glassfish.jersey.server.model.internal.ResourceMethodInvocationHandlerFactory$1.invoke(ResourceMethodInvocationHandlerFactory.java:81)&#10;at org.glassfish.jersey.server.model.internal.AbstractJavaResourceMethodDispatcher$1.run(AbstractJavaResourceMethodDispatcher.java:144)&#10;at org.glassfish.jersey.server.model.internal.AbstractJavaResourceMethodDispatcher.invoke(AbstractJavaResourceMethodDispatcher.java:161)&#10;at org.glassfish.jersey.server.model.internal.JavaResourceMethodDispatcherProvider$ResponseOutInvoker.doDispatch(JavaResourceMethodDispatcherProvider.java:160)&#10;at org.glassfish.jersey.server.model.internal.AbstractJavaResourceMethodDispatcher.dispatch(AbstractJavaResourceMethodDispatcher.java:99)&#10;at org.glassfish.jersey.server.model.ResourceMethodInvoker.invoke(ResourceMethodInvoker.java:389)&#10;at org.glassfish.jersey.server.model.ResourceMethodInvoker.apply(ResourceMethodInvoker.java:347)&#10;at org.glassfish.jersey.server.model.ResourceMethodInvoker.apply(ResourceMethodInvoker.java:102)&#10;at org.glassfish.jersey.server.ServerRuntime$2.run(ServerRuntime.java:326)&#10;at org.glassfish.jersey.internal.Errors$1.call(Errors.java:271)&#10;at org.glassfish.jersey.internal.Errors$1.call(Errors.java:267)&#10;at org.glassfish.jersey.internal.Errors.process(Errors.java:315)&#10;at org.glassfish.jersey.internal.Errors.process(Errors.java:297)&#10;at org.glassfish.jersey.internal.Errors.process(Errors.java:267)&#10;at org.glassfish.jersey.process.internal.RequestScope.runInScope(RequestScope.java:317)&#10;at org.glassfish.jersey.server.ServerRuntime.process(ServerRuntime.java:305)&#10;at org.glassfish.jersey.server.ApplicationHandler.handle(ApplicationHandler.java:1154)&#10;at org.glassfish.jersey.servlet.WebComponent.serviceImpl(WebComponent.java:473)&#10;at org.glassfish.jersey.servlet.WebComponent.service(WebComponent.java:427)&#10;at org.glassfish.jersey.servlet.ServletContainer.service(ServletContainer.java:388)&#10;at org.glassfish.jersey.servlet.ServletContainer.service(ServletContainer.java:341)&#10;at org.glassfish.jersey.servlet.ServletContainer.service(ServletContainer.java:228)&#10;at org.eclipse.jetty.servlet.ServletHolder.handle(ServletHolder.java:799)&#10;at org.eclipse.jetty.servlet.ServletHandler$ChainEnd.doFilter(ServletHandler.java:1631)&#10;at io.dropwizard.servlets.ThreadNameFilter.doFilter(ThreadNameFilter.java:35)&#10;at org.eclipse.jetty.servlet.FilterHolder.doFilter(FilterHolder.java:193)&#10;at org.eclipse.jetty.servlet.ServletHandler$Chain.doFilter(ServletHandler.java:1601)&#10;at io.dropwizard.jersey.filter.AllowedMethodsFilter.handle(AllowedMethodsFilter.java:45)&#10;at io.dropwizard.jersey.filter.AllowedMethodsFilter.doFilter(AllowedMethodsFilter.java:39)&#10;at org.eclipse.jetty.servlet.FilterHolder.doFilter(FilterHolder.java:193)&#10;at org.eclipse.jetty.servlet.ServletHandler$Chain.doFilter(ServletHandler.java:1601)&#10;at org.finos.legend.server.pac4j.internal.UsernameFilter.doFilter(UsernameFilter.java:51)&#10;at org.eclipse.jetty.servlet.FilterHolder.doFilter(FilterHolder.java:193)&#10;at org.eclipse.jetty.servlet.ServletHandler$Chain.doFilter(ServletHandler.java:1601)&#10;at org.pac4j.j2e.filter.SecurityFilter.lambda$internalFilter$0(SecurityFilter.java:95)&#10;at org.pac4j.core.engine.DefaultSecurityLogic.perform(DefaultSecurityLogic.java:140)&#10;at org.pac4j.j2e.filter.SecurityFilter.internalFilter(SecurityFilter.java:93)&#10;at org.pac4j.j2e.filter.AbstractConfigFilter.doFilter(AbstractConfigFilter.java:81)&#10;at org.eclipse.jetty.servlet.FilterHolder.doFilter(FilterHolder.java:193)&#10;at org.eclipse.jetty.servlet.ServletHandler$Chain.doFilter(ServletHandler.java:1601)&#10;at org.eclipse.jetty.servlet.ServletHandler.doHandle(ServletHandler.java:548)&#10;at org.eclipse.jetty.server.handler.ScopedHandler.nextHandle(ScopedHandler.java:233)&#10;at org.eclipse.jetty.server.session.SessionHandler.doHandle(SessionHandler.java:1624)&#10;at org.eclipse.jetty.server.handler.ScopedHandler.nextHandle(ScopedHandler.java:233)&#10;at org.eclipse.jetty.server.handler.ContextHandler.doHandle(ContextHandler.java:1434)&#10;at org.eclipse.jetty.server.handler.ScopedHandler.nextScope(ScopedHandler.java:188)&#10;at org.eclipse.jetty.servlet.ServletHandler.doScope(ServletHandler.java:501)&#10;at org.eclipse.jetty.server.session.SessionHandler.doScope(SessionHandler.java:1594)&#10;at org.eclipse.jetty.server.handler.ScopedHandler.nextScope(ScopedHandler.java:186)&#10;at org.eclipse.jetty.server.handler.ContextHandler.doScope(ContextHandler.java:1349)&#10;at org.eclipse.jetty.server.handler.ScopedHandler.handle(ScopedHandler.java:141)&#10;at org.eclipse.jetty.server.handler.HandlerWrapper.handle(HandlerWrapper.java:127)&#10;at com.codahale.metrics.jetty9.InstrumentedHandler.handle(InstrumentedHandler.java:313)&#10;at io.dropwizard.jetty.ContextRoutingHandler.handle(ContextRoutingHandler.java:37)&#10;at org.eclipse.jetty.server.handler.gzip.GzipHandler.handle(GzipHandler.java:713)&#10;at io.dropwizard.jetty.BiDiGzipHandler.handle(BiDiGzipHandler.java:67)&#10;at org.eclipse.jetty.server.handler.StatisticsHandler.handle(StatisticsHandler.java:179)&#10;at org.eclipse.jetty.server.handler.HandlerWrapper.handle(HandlerWrapper.java:127)&#10;at org.eclipse.jetty.server.Server.handle(Server.java:516)&#10;at org.eclipse.jetty.server.HttpChannel.lambda$handle$1(HttpChannel.java:400)&#10;at org.eclipse.jetty.server.HttpChannel.dispatch(HttpChannel.java:645)&#10;at org.eclipse.jetty.server.HttpChannel.handle(HttpChannel.java:392)&#10;at org.eclipse.jetty.server.HttpConnection.onFillable(HttpConnection.java:277)&#10;at org.eclipse.jetty.io.AbstractConnection$ReadCallback.succeeded(AbstractConnection.java:311)&#10;at org.eclipse.jetty.io.FillInterest.fillable(FillInterest.java:105)&#10;at org.eclipse.jetty.io.ChannelEndPoint$1.run(ChannelEndPoint.java:104)&#10;at org.eclipse.jetty.util.thread.strategy.EatWhatYouKill.runTask(EatWhatYouKill.java:338)&#10;at org.eclipse.jetty.util.thread.strategy.EatWhatYouKill.doProduce(EatWhatYouKill.java:315)&#10;at org.eclipse.jetty.util.thread.strategy.EatWhatYouKill.tryProduce(EatWhatYouKill.java:173)&#10;at org.eclipse.jetty.util.thread.strategy.EatWhatYouKill.run(EatWhatYouKill.java:131)&#10;at org.eclipse.jetty.util.thread.ReservedThreadExecutor$ReservedThread.run(ReservedThreadExecutor.java:409)&#10;at org.eclipse.jetty.util.thread.QueuedThreadPool.runJob(QueuedThreadPool.java:883)&#10;at org.eclipse.jetty.util.thread.QueuedThreadPool$Runner.run(QueuedThreadPool.java:1034)&#10;at java.base/java.lang.Thread.run(Thread.java:829)&#10;Caused by: net.snowflake.client.jdbc.SnowflakeSQLException: SQL compilation error:&#10;Object &apos;PERSONTABLE&apos; does not exist or not authorized.&#10;at net.snowflake.client.jdbc.SnowflakeUtil.checkErrorAndThrowExceptionSub(SnowflakeUtil.java:127)&#10;at net.snowflake.client.jdbc.SnowflakeUtil.checkErrorAndThrowException(SnowflakeUtil.java:67)&#10;at net.snowflake.client.core.StmtUtil.pollForOutput(StmtUtil.java:442)&#10;at net.snowflake.client.core.StmtUtil.execute(StmtUtil.java:345)&#10;at net.snowflake.client.core.SFStatement.executeHelper(SFStatement.java:486)&#10;at net.snowflake.client.core.SFStatement.executeQueryInternal(SFStatement.java:197)&#10;at net.snowflake.client.core.SFStatement.executeQuery(SFStatement.java:134)&#10;at net.snowflake.client.core.SFStatement.execute(SFStatement.java:743)&#10;at net.snowflake.client.core.SFStatement.execute(SFStatement.java:639)&#10;at net.snowflake.client.jdbc.SnowflakeStatementV1.executeQueryInternal(SnowflakeStatementV1.java:238)&#10;at net.snowflake.client.jdbc.SnowflakeStatementV1.executeQuery(SnowflakeStatementV1.java:133)&#10;at com.zaxxer.hikari.pool.ProxyStatement.executeQuery(ProxyStatement.java:110)&#10;at com.zaxxer.hikari.pool.HikariProxyStatement.executeQuery(HikariProxyStatement.java)&#10;at org.finos.legend.engine.plan.execution.stores.relational.result.SQLExecutionResult.&lt;init&gt;(SQLExecutionResult.java:95)&#10;... 101 more&#10;&quot;}&apos;&quot;" type="Assert failure at (resource"><![CDATA[Assert failure at (resource:/platform/pure/basics/tests/assertEq.pure line:34 column:5), "500 '{"code":-1,"message":"SnowflakeSQLException: SQL compilation error:
Object 'PERSONTABLE' does not exist or not authorized.","status":"error","trace":"java.lang.RuntimeException: net.snowflake.client.jdbc.SnowflakeSQLException: SQL compilation error:
Object 'PERSONTABLE' does not exist or not authorized.
at org.finos.legend.engine.plan.execution.stores.relational.result.SQLExecutionResult.<init>(SQLExecutionResult.java:123)
at org.finos.legend.engine.plan.execution.stores.relational.RelationalExecutor.execute(RelationalExecutor.java:241)
at org.finos.legend.engine.plan.execution.stores.relational.plugin.RelationalExecutionNodeExecutor.visit(RelationalExecutionNodeExecutor.java:238)
at org.finos.legend.engine.plan.execution.stores.relational.plugin.RelationalExecutionNodeExecutor.visit(RelationalExecutionNodeExecutor.java:252)
at org.finos.legend.engine.plan.execution.stores.relational.plugin.RelationalExecutionNodeExecutor.visit(RelationalExecutionNodeExecutor.java:92)
at org.finos.legend.engine.protocol.pure.v1.model.executionPlan.nodes.RelationalTdsInstantiationExecutionNode.accept(RelationalTdsInstantiationExecutionNode.java:22)
at org.finos.legend.engine.plan.execution.stores.relational.RelationalExecutionExtension.lambda$getExtraNodeExecutors$fbe53481$1(RelationalExecutionExtension.java:50)
at org.finos.legend.engine.plan.execution.nodes.ExecutionNodeExecutor.lambda$visit$0(ExecutionNodeExecutor.java:164)
at java.base/java.util.stream.ReferencePipeline$3$1.accept(ReferencePipeline.java:195)
at java.base/java.util.Spliterators$ArraySpliterator.tryAdvance(Spliterators.java:958)
at java.base/java.util.stream.ReferencePipeline.forEachWithCancel(ReferencePipeline.java:127)
at java.base/java.util.stream.AbstractPipeline.copyIntoWithCancel(AbstractPipeline.java:502)
at java.base/java.util.stream.AbstractPipeline.copyInto(AbstractPipeline.java:488)
at java.base/java.util.stream.AbstractPipeline.wrapAndCopyInto(AbstractPipeline.java:474)
at java.base/java.util.stream.FindOps$FindOp.evaluateSequential(FindOps.java:150)
at java.base/java.util.stream.AbstractPipeline.evaluate(AbstractPipeline.java:234)
at java.base/java.util.stream.ReferencePipeline.findFirst(ReferencePipeline.java:543)
at org.finos.legend.engine.plan.execution.nodes.ExecutionNodeExecutor.visit(ExecutionNodeExecutor.java:164)
at org.finos.legend.engine.plan.execution.nodes.ExecutionNodeExecutor.visit(ExecutionNodeExecutor.java:107)
at org.finos.legend.engine.protocol.pure.v1.model.executionPlan.nodes.RelationalTdsInstantiationExecutionNode.accept(RelationalTdsInstantiationExecutionNode.java:22)
at org.finos.legend.engine.plan.execution.PlanExecutor.execute(PlanExecutor.java:238)
at org.finos.legend.engine.plan.execution.PlanExecutor.execute(PlanExecutor.java:225)
at org.finos.legend.engine.plan.execution.api.ExecutePlan.doExecutePlanLegacy(ExecutePlan.java:102)
at org.finos.legend.engine.plan.execution.api.ExecutePlan.doExecutePlan(ExecutePlan.java:84)
at org.finos.legend.engine.plan.execution.api.ExecutePlanLegacy.executePlan(ExecutePlanLegacy.java:56)
at jdk.internal.reflect.GeneratedMethodAccessor100.invoke(Unknown Source)
at java.base/jdk.internal.reflect.DelegatingMethodAccessorImpl.invoke(DelegatingMethodAccessorImpl.java:43)
at java.base/java.lang.reflect.Method.invoke(Method.java:566)
at org.glassfish.jersey.server.model.internal.ResourceMethodInvocationHandlerFactory$1.invoke(ResourceMethodInvocationHandlerFactory.java:81)
at org.glassfish.jersey.server.model.internal.AbstractJavaResourceMethodDispatcher$1.run(AbstractJavaResourceMethodDispatcher.java:144)
at org.glassfish.jersey.server.model.internal.AbstractJavaResourceMethodDispatcher.invoke(AbstractJavaResourceMethodDispatcher.java:161)
at org.glassfish.jersey.server.model.internal.JavaResourceMethodDispatcherProvider$ResponseOutInvoker.doDispatch(JavaResourceMethodDispatcherProvider.java:160)
at org.glassfish.jersey.server.model.internal.AbstractJavaResourceMethodDispatcher.dispatch(AbstractJavaResourceMethodDispatcher.java:99)
at org.glassfish.jersey.server.model.ResourceMethodInvoker.invoke(ResourceMethodInvoker.java:389)
at org.glassfish.jersey.server.model.ResourceMethodInvoker.apply(ResourceMethodInvoker.java:347)
at org.glassfish.jersey.server.model.ResourceMethodInvoker.apply(ResourceMethodInvoker.java:102)
at org.glassfish.jersey.server.ServerRuntime$2.run(ServerRuntime.java:326)
at org.glassfish.jersey.internal.Errors$1.call(Errors.java:271)
at org.glassfish.jersey.internal.Errors$1.call(Errors.java:267)
at org.glassfish.jersey.internal.Errors.process(Errors.java:315)
at org.glassfish.jersey.internal.Errors.process(Errors.java:297)
at org.glassfish.jersey.internal.Errors.process(Errors.java:267)
at org.glassfish.jersey.process.internal.RequestScope.runInScope(RequestScope.java:317)
at org.glassfish.jersey.server.ServerRuntime.process(ServerRuntime.java:305)
at org.glassfish.jersey.server.ApplicationHandler.handle(ApplicationHandler.java:1154)
at org.glassfish.jersey.servlet.WebComponent.serviceImpl(WebComponent.java:473)
at org.glassfish.jersey.servlet.WebComponent.service(WebComponent.java:427)
at org.glassfish.jersey.servlet.ServletContainer.service(ServletContainer.java:388)
at org.glassfish.jersey.servlet.ServletContainer.service(ServletContainer.java:341)
at org.glassfish.jersey.servlet.ServletContainer.service(ServletContainer.java:228)
at org.eclipse.jetty.servlet.ServletHolder.handle(ServletHolder.java:799)
at org.eclipse.jetty.servlet.ServletHandler$ChainEnd.doFilter(ServletHandler.java:1631)
at io.dropwizard.servlets.ThreadNameFilter.doFilter(ThreadNameFilter.java:35)
at org.eclipse.jetty.servlet.FilterHolder.doFilter(FilterHolder.java:193)
at org.eclipse.jetty.servlet.ServletHandler$Chain.doFilter(ServletHandler.java:1601)
at io.dropwizard.jersey.filter.AllowedMethodsFilter.handle(AllowedMethodsFilter.java:45)
at io.dropwizard.jersey.filter.AllowedMethodsFilter.doFilter(AllowedMethodsFilter.java:39)
at org.eclipse.jetty.servlet.FilterHolder.doFilter(FilterHolder.java:193)
at org.eclipse.jetty.servlet.ServletHandler$Chain.doFilter(ServletHandler.java:1601)
at org.finos.legend.server.pac4j.internal.UsernameFilter.doFilter(UsernameFilter.java:51)
at org.eclipse.jetty.servlet.FilterHolder.doFilter(FilterHolder.java:193)
at org.eclipse.jetty.servlet.ServletHandler$Chain.doFilter(ServletHandler.java:1601)
at org.pac4j.j2e.filter.SecurityFilter.lambda$internalFilter$0(SecurityFilter.java:95)
at org.pac4j.core.engine.DefaultSecurityLogic.perform(DefaultSecurityLogic.java:140)
at org.pac4j.j2e.filter.SecurityFilter.internalFilter(SecurityFilter.java:93)
at org.pac4j.j2e.filter.AbstractConfigFilter.doFilter(AbstractConfigFilter.java:81)
at org.eclipse.jetty.servlet.FilterHolder.doFilter(FilterHolder.java:193)
at org.eclipse.jetty.servlet.ServletHandler$Chain.doFilter(ServletHandler.java:1601)
at org.eclipse.jetty.servlet.ServletHandler.doHandle(ServletHandler.java:548)
at org.eclipse.jetty.server.handler.ScopedHandler.nextHandle(ScopedHandler.java:233)
at org.eclipse.jetty.server.session.SessionHandler.doHandle(SessionHandler.java:1624)
at org.eclipse.jetty.server.handler.ScopedHandler.nextHandle(ScopedHandler.java:233)
at org.eclipse.jetty.server.handler.ContextHandler.doHandle(ContextHandler.java:1434)
at org.eclipse.jetty.server.handler.ScopedHandler.nextScope(ScopedHandler.java:188)
at org.eclipse.jetty.servlet.ServletHandler.doScope(ServletHandler.java:501)
at org.eclipse.jetty.server.session.SessionHandler.doScope(SessionHandler.java:1594)
at org.eclipse.jetty.server.handler.ScopedHandler.nextScope(ScopedHandler.java:186)
at org.eclipse.jetty.server.handler.ContextHandler.doScope(ContextHandler.java:1349)
at org.eclipse.jetty.server.handler.ScopedHandler.handle(ScopedHandler.java:141)
at org.eclipse.jetty.server.handler.HandlerWrapper.handle(HandlerWrapper.java:127)
at com.codahale.metrics.jetty9.InstrumentedHandler.handle(InstrumentedHandler.java:313)
at io.dropwizard.jetty.ContextRoutingHandler.handle(ContextRoutingHandler.java:37)
at org.eclipse.jetty.server.handler.gzip.GzipHandler.handle(GzipHandler.java:713)
at io.dropwizard.jetty.BiDiGzipHandler.handle(BiDiGzipHandler.java:67)
at org.eclipse.jetty.server.handler.StatisticsHandler.handle(StatisticsHandler.java:179)
at org.eclipse.jetty.server.handler.HandlerWrapper.handle(HandlerWrapper.java:127)
at org.eclipse.jetty.server.Server.handle(Server.java:516)
at org.eclipse.jetty.server.HttpChannel.lambda$handle$1(HttpChannel.java:400)
at org.eclipse.jetty.server.HttpChannel.dispatch(HttpChannel.java:645)
at org.eclipse.jetty.server.HttpChannel.handle(HttpChannel.java:392)
at org.eclipse.jetty.server.HttpConnection.onFillable(HttpConnection.java:277)
at org.eclipse.jetty.io.AbstractConnection$ReadCallback.succeeded(AbstractConnection.java:311)
at org.eclipse.jetty.io.FillInterest.fillable(FillInterest.java:105)
at org.eclipse.jetty.io.ChannelEndPoint$1.run(ChannelEndPoint.java:104)
at org.eclipse.jetty.util.thread.strategy.EatWhatYouKill.runTask(EatWhatYouKill.java:338)
at org.eclipse.jetty.util.thread.strategy.EatWhatYouKill.doProduce(EatWhatYouKill.java:315)
at org.eclipse.jetty.util.thread.strategy.EatWhatYouKill.tryProduce(EatWhatYouKill.java:173)
at org.eclipse.jetty.util.thread.strategy.EatWhatYouKill.run(EatWhatYouKill.java:131)
at org.eclipse.jetty.util.thread.ReservedThreadExecutor$ReservedThread.run(ReservedThreadExecutor.java:409)
at org.eclipse.jetty.util.thread.QueuedThreadPool.runJob(QueuedThreadPool.java:883)
at org.eclipse.jetty.util.thread.QueuedThreadPool$Runner.run(QueuedThreadPool.java:1034)
at java.base/java.lang.Thread.run(Thread.java:829)
Caused by: net.snowflake.client.jdbc.SnowflakeSQLException: SQL compilation error:
Object 'PERSONTABLE' does not exist or not authorized.
at net.snowflake.client.jdbc.SnowflakeUtil.checkErrorAndThrowExceptionSub(SnowflakeUtil.java:127)
at net.snowflake.client.jdbc.SnowflakeUtil.checkErrorAndThrowException(SnowflakeUtil.java:67)
at net.snowflake.client.core.StmtUtil.pollForOutput(StmtUtil.java:442)
at net.snowflake.client.core.StmtUtil.execute(StmtUtil.java:345)
at net.snowflake.client.core.SFStatement.executeHelper(SFStatement.java:486)
at net.snowflake.client.core.SFStatement.executeQueryInternal(SFStatement.java:197)
at net.snowflake.client.core.SFStatement.executeQuery(SFStatement.java:134)
at net.snowflake.client.core.SFStatement.execute(SFStatement.java:743)
at net.snowflake.client.core.SFStatement.execute(SFStatement.java:639)
at net.snowflake.client.jdbc.SnowflakeStatementV1.executeQueryInternal(SnowflakeStatementV1.java:238)
at net.snowflake.client.jdbc.SnowflakeStatementV1.executeQuery(SnowflakeStatementV1.java:133)
at com.zaxxer.hikari.pool.ProxyStatement.executeQuery(ProxyStatement.java:110)
at com.zaxxer.hikari.pool.HikariProxyStatement.executeQuery(HikariProxyStatement.java)
at org.finos.legend.engine.plan.execution.stores.relational.result.SQLExecutionResult.<init>(SQLExecutionResult.java:95)
... 101 more
"}'"
	at org.finos.legend.pure.runtime.java.compiled.generation.processors.support.CompiledSupport.pureAssert(CompiledSupport.java:1994)
	at org.finos.legend.pure.generated.platform_pure_basics_tests_assertEq.Root_meta_pure_functions_asserts_assertEq_Any_1__Any_1__Function_1__Boolean_1_(platform_pure_basics_tests_assertEq.java:44)
	at org.finos.legend.pure.generated.core_pure_protocol_vX_X_X_invocations_execution.Root_meta_protocols_pure_vX_X_X_invocation_execution_execute_executePlan_String_1__String_1__Integer_1__String_1_(core_pure_protocol_vX_X_X_invocations_execution.java:751)
	at org.finos.legend.pure.generated.core_pure_protocol_vX_X_X_invocations_execution.Root_meta_protocols_pure_vX_X_X_invocation_execution_execute_executePlan_ExecutionPlan_1__String_1__Integer_1__Extension_MANY__String_1_(core_pure_protocol_vX_X_X_invocations_execution.java:745)
	at org.finos.legend.pure.generated.core_pure_protocol_vX_X_X_invocations_execution.Root_meta_protocols_pure_vX_X_X_invocation_execution_execute_executePlan_ExecutionPlan_1__ExecutionContext_$0_1$__String_1__Integer_1__Extension_MANY__Result_1_(core_pure_protocol_vX_X_X_invocations_execution.java:738)
	at jdk.internal.reflect.GeneratedMethodAccessor96.invoke(Unknown Source)
	at java.base/jdk.internal.reflect.DelegatingMethodAccessorImpl.invoke(DelegatingMethodAccessorImpl.java:43)
	at java.base/java.lang.reflect.Method.invoke(Method.java:566)
	at org.finos.legend.pure.runtime.java.compiled.metadata.JavaMethodWithParamsSharedPureFunction.execute(JavaMethodWithParamsSharedPureFunction.java:59)
	at org.finos.legend.pure.runtime.java.compiled.generation.processors.support.Pure._evaluateToMany(Pure.java:546)
	at org.finos.legend.pure.generated.CoreGen.evaluateToMany(CoreGen.java:147)
	at org.finos.legend.pure.generated.CoreGen.evaluateToMany(CoreGen.java:134)
	at org.finos.legend.pure.generated.core_pure_router_router_entry$9$1.value(core_pure_router_router_entry.java:318)
	at org.finos.legend.pure.generated.core_pure_router_router_entry$9$1.execute(core_pure_router_router_entry.java:311)
	at org.finos.legend.pure.generated.core_pure_router_router_entry$9$1.execute(core_pure_router_router_entry.java:307)
	at org.finos.legend.pure.runtime.java.compiled.generation.processors.support.Pure.evaluate(Pure.java:485)
	at org.finos.legend.pure.runtime.java.compiled.generation.processors.support.Pure.legendTest(Pure.java:216)
	at org.finos.legend.pure.generated.CoreGen.legendTest(CoreGen.java:61)
	at org.finos.legend.pure.generated.core_pure_router_router_entry$9.valueOf(core_pure_router_router_entry.java:303)
	at org.finos.legend.pure.generated.core_pure_router_router_entry$9.execute(core_pure_router_router_entry.java:298)
	at org.finos.legend.pure.generated.core_pure_router_router_entry$9.execute(core_pure_router_router_entry.java:294)
	at org.finos.legend.pure.runtime.java.compiled.generation.processors.support.Pure.evaluate(Pure.java:485)
	at org.finos.legend.pure.runtime.java.compiled.generation.processors.support.Pure.traceSpan(Pure.java:1482)
	at org.finos.legend.pure.generated.CoreGen.traceSpan(CoreGen.java:203)
	at org.finos.legend.pure.generated.core_pure_router_router_entry.Root_meta_pure_router_executePlan_ExecutionPlan_1__ExecutionContext_1__Extension_MANY__Result_$0_1$_(core_pure_router_router_entry.java:290)
	at org.finos.legend.pure.generated.core_pure_router_router_entry.Root_meta_pure_router_executePlan_ExecutionPlan_1__Extension_MANY__Result_$0_1$_(core_pure_router_router_entry.java:285)
	at org.finos.legend.pure.generated.core_relational_relational_sqlQueryToString_dbTestRunner_executionPlanTestRunner$19.execute(core_relational_relational_sqlQueryToString_dbTestRunner_executionPlanTestRunner.java:305)
	at org.finos.legend.pure.generated.core_relational_relational_sqlQueryToString_dbTestRunner_executionPlanTestRunner.Root_meta_relational_dbTestRunner_executeViaPlan_FunctionDefinition_1__Mapping_1__Database_1__DbTestConfig_1__Extension_MANY__Result_$0_1$_(core_relational_relational_sqlQueryToString_dbTestRunner_executionPlanTestRunner.java:309)
	at org.finos.legend.pure.generated.core_relational_relational_sqlQueryToString_testSuite_selectSubClauses_windowColumn.Root_meta_relational_tests_dbSpecificTests_sqlQueryTests_selectSubClauses_windowColumn_testWindowWithoutSortMultiple_DbTestConfig_1__Boolean_1_(core_relational_relational_sqlQueryToString_testSuite_selectSubClauses_windowColumn.java:1017)
	at java.base/jdk.internal.reflect.NativeMethodAccessorImpl.invoke0(Native Method)
	at java.base/jdk.internal.reflect.NativeMethodAccessorImpl.invoke(NativeMethodAccessorImpl.java:62)
	at java.base/jdk.internal.reflect.DelegatingMethodAccessorImpl.invoke(DelegatingMethodAccessorImpl.java:43)
	at java.base/java.lang.reflect.Method.invoke(Method.java:566)
	at org.finos.legend.pure.runtime.java.compiled.testHelper.PureTestBuilderCompiled.executeFn(PureTestBuilderCompiled.java:113)
	at org.finos.legend.pure.runtime.java.compiled.testHelper.PureTestBuilderCompiled.lambda$buildSuite$0(PureTestBuilderCompiled.java:79)
	at org.finos.legend.pure.m3.execution.test.PureTestBuilder$PureTestCase.runTest(PureTestBuilder.java:95)
	at junit.framework.TestCase.runBare(TestCase.java:142)
	at org.finos.legend.engine.server.test.shared.Relational_DbSpecific_UsingPureClientTestSuite$2.runTest(Relational_DbSpecific_UsingPureClientTestSuite.java:90)
	at junit.framework.TestCase.runBare(TestCase.java:142)
	at junit.framework.TestResult$1.protect(TestResult.java:122)
	at junit.framework.TestResult.runProtected(TestResult.java:142)
	at junit.framework.TestResult.run(TestResult.java:125)
	at junit.framework.TestCase.run(TestCase.java:130)
	at junit.framework.TestSuite.runTest(TestSuite.java:241)
	at junit.framework.TestSuite.run(TestSuite.java:236)
	at junit.framework.TestSuite.runTest(TestSuite.java:241)
	at junit.framework.TestSuite.run(TestSuite.java:236)
	at junit.framework.TestSuite.runTest(TestSuite.java:241)
	at junit.framework.TestSuite.run(TestSuite.java:236)
	at junit.framework.TestSuite.runTest(TestSuite.java:241)
	at junit.framework.TestSuite.run(TestSuite.java:236)
	at junit.framework.TestSuite.runTest(TestSuite.java:241)
	at junit.framework.TestSuite.run(TestSuite.java:236)
	at junit.extensions.TestDecorator.basicRun(TestDecorator.java:24)
	at junit.extensions.TestSetup$1.protect(TestSetup.java:23)
	at junit.framework.TestResult.runProtected(TestResult.java:142)
	at junit.extensions.TestSetup.run(TestSetup.java:27)
	at org.junit.internal.runners.JUnit38ClassRunner.run(JUnit38ClassRunner.java:90)
	at org.apache.maven.surefire.junit4.JUnit4Provider.execute(JUnit4Provider.java:365)
	at org.apache.maven.surefire.junit4.JUnit4Provider.executeWithRerun(JUnit4Provider.java:273)
	at org.apache.maven.surefire.junit4.JUnit4Provider.executeTestSet(JUnit4Provider.java:238)
	at org.apache.maven.surefire.junit4.JUnit4Provider.invoke(JUnit4Provider.java:159)
	at org.apache.maven.surefire.booter.ForkedBooter.invokeProviderInSameClassLoader(ForkedBooter.java:384)
	at org.apache.maven.surefire.booter.ForkedBooter.runSuitesInProcess(ForkedBooter.java:345)
	at org.apache.maven.surefire.booter.ForkedBooter.execute(ForkedBooter.java:126)
	at org.apache.maven.surefire.booter.ForkedBooter.main(ForkedBooter.java:418)
]]></error>
    <system-out><![CDATA[Running db test selectSubClauses::windowColumn::testWindowWithoutSortMultiple
{"duration":0.0,"eventType":"EXECUTION_PLAN_EXEC_ERROR","info":{"code":-1,"message":"SnowflakeSQLException: SQL compilation error:\nObject 'PERSONTABLE' does not exist or not authorized.","status":"error","trace":"java.lang.RuntimeException: net.snowflake.client.jdbc.SnowflakeSQLException: SQL compilation error:\nObject 'PERSONTABLE' does not exist or not authorized.\n\tat org.finos.legend.engine.plan.execution.stores.relational.result.SQLExecutionResult.<init>(SQLExecutionResult.java:123)\n\tat org.finos.legend.engine.plan.execution.stores.relational.RelationalExecutor.execute(RelationalExecutor.java:241)\n\tat org.finos.legend.engine.plan.execution.stores.relational.plugin.RelationalExecutionNodeExecutor.visit(RelationalExecutionNodeExecutor.java:238)\n\tat org.finos.legend.engine.plan.execution.stores.relational.plugin.RelationalExecutionNodeExecutor.visit(RelationalExecutionNodeExecutor.java:252)\n\tat org.finos.legend.engine.plan.execution.stores.relational.plugin.RelationalExecutionNodeExecutor.visit(RelationalExecutionNodeExecutor.java:92)\n\tat org.finos.legend.engine.protocol.pure.v1.model.executionPlan.nodes.RelationalTdsInstantiationExecutionNode.accept(RelationalTdsInstantiationExecutionNode.java:22)\n\tat org.finos.legend.engine.plan.execution.stores.relational.RelationalExecutionExtension.lambda$getExtraNodeExecutors$fbe53481$1(RelationalExecutionExtension.java:50)\n\tat org.finos.legend.engine.plan.execution.nodes.ExecutionNodeExecutor.lambda$visit$0(ExecutionNodeExecutor.java:164)\n\tat java.base/java.util.stream.ReferencePipeline$3$1.accept(ReferencePipeline.java:195)\n\tat java.base/java.util.Spliterators$ArraySpliterator.tryAdvance(Spliterators.java:958)\n\tat java.base/java.util.stream.ReferencePipeline.forEachWithCancel(ReferencePipeline.java:127)\n\tat java.base/java.util.stream.AbstractPipeline.copyIntoWithCancel(AbstractPipeline.java:502)\n\tat java.base/java.util.stream.AbstractPipeline.copyInto(AbstractPipeline.java:488)\n\tat java.base/java.util.stream.AbstractPipeline.wrapAndCopyInto(AbstractPipeline.java:474)\n\tat java.base/java.util.stream.FindOps$FindOp.evaluateSequential(FindOps.java:150)\n\tat java.base/java.util.stream.AbstractPipeline.evaluate(AbstractPipeline.java:234)\n\tat java.base/java.util.stream.ReferencePipeline.findFirst(ReferencePipeline.java:543)\n\tat org.finos.legend.engine.plan.execution.nodes.ExecutionNodeExecutor.visit(ExecutionNodeExecutor.java:164)\n\tat org.finos.legend.engine.plan.execution.nodes.ExecutionNodeExecutor.visit(ExecutionNodeExecutor.java:107)\n\tat org.finos.legend.engine.protocol.pure.v1.model.executionPlan.nodes.RelationalTdsInstantiationExecutionNode.accept(RelationalTdsInstantiationExecutionNode.java:22)\n\tat org.finos.legend.engine.plan.execution.PlanExecutor.execute(PlanExecutor.java:238)\n\tat org.finos.legend.engine.plan.execution.PlanExecutor.execute(PlanExecutor.java:225)\n\tat org.finos.legend.engine.plan.execution.api.ExecutePlan.doExecutePlanLegacy(ExecutePlan.java:102)\n\tat org.finos.legend.engine.plan.execution.api.ExecutePlan.doExecutePlan(ExecutePlan.java:84)\n\tat org.finos.legend.engine.plan.execution.api.ExecutePlanLegacy.executePlan(ExecutePlanLegacy.java:56)\n\tat jdk.internal.reflect.GeneratedMethodAccessor100.invoke(Unknown Source)\n\tat java.base/jdk.internal.reflect.DelegatingMethodAccessorImpl.invoke(DelegatingMethodAccessorImpl.java:43)\n\tat java.base/java.lang.reflect.Method.invoke(Method.java:566)\n\tat org.glassfish.jersey.server.model.internal.ResourceMethodInvocationHandlerFactory$1.invoke(ResourceMethodInvocationHandlerFactory.java:81)\n\tat org.glassfish.jersey.server.model.internal.AbstractJavaResourceMethodDispatcher$1.run(AbstractJavaResourceMethodDispatcher.java:144)\n\tat org.glassfish.jersey.server.model.internal.AbstractJavaResourceMethodDispatcher.invoke(AbstractJavaResourceMethodDispatcher.java:161)\n\tat org.glassfish.jersey.server.model.internal.JavaResourceMethodDispatcherProvider$ResponseOutInvoker.doDispatch(JavaResourceMethodDispatcherProvider.java:160)\n\tat org.glassfish.jersey.server.model.internal.AbstractJavaResourceMethodDispatcher.dispatch(AbstractJavaResourceMethodDispatcher.java:99)\n\tat org.glassfish.jersey.server.model.ResourceMethodInvoker.invoke(ResourceMethodInvoker.java:389)\n\tat org.glassfish.jersey.server.model.ResourceMethodInvoker.apply(ResourceMethodInvoker.java:347)\n\tat org.glassfish.jersey.server.model.ResourceMethodInvoker.apply(ResourceMethodInvoker.java:102)\n\tat org.glassfish.jersey.server.ServerRuntime$2.run(ServerRuntime.java:326)\n\tat org.glassfish.jersey.internal.Errors$1.call(Errors.java:271)\n\tat org.glassfish.jersey.internal.Errors$1.call(Errors.java:267)\n\tat org.glassfish.jersey.internal.Errors.process(Errors.java:315)\n\tat org.glassfish.jersey.internal.Errors.process(Errors.java:297)\n\tat org.glassfish.jersey.internal.Errors.process(Errors.java:267)\n\tat org.glassfish.jersey.process.internal.RequestScope.runInScope(RequestScope.java:317)\n\tat org.glassfish.jersey.server.ServerRuntime.process(ServerRuntime.java:305)\n\tat org.glassfish.jersey.server.ApplicationHandler.handle(ApplicationHandler.java:1154)\n\tat org.glassfish.jersey.servlet.WebComponent.serviceImpl(WebComponent.java:473)\n\tat org.glassfish.jersey.servlet.WebComponent.service(WebComponent.java:427)\n\tat org.glassfish.jersey.servlet.ServletContainer.service(ServletContainer.java:388)\n\tat org.glassfish.jersey.servlet.ServletContainer.service(ServletContainer.java:341)\n\tat org.glassfish.jersey.servlet.ServletContainer.service(ServletContainer.java:228)\n\tat org.eclipse.jetty.servlet.ServletHolder.handle(ServletHolder.java:799)\n\tat org.eclipse.jetty.servlet.ServletHandler$ChainEnd.doFilter(ServletHandler.java:1631)\n\tat io.dropwizard.servlets.ThreadNameFilter.doFilter(ThreadNameFilter.java:35)\n\tat org.eclipse.jetty.servlet.FilterHolder.doFilter(FilterHolder.java:193)\n\tat org.eclipse.jetty.servlet.ServletHandler$Chain.doFilter(ServletHandler.java:1601)\n\tat io.dropwizard.jersey.filter.AllowedMethodsFilter.handle(AllowedMethodsFilter.java:45)\n\tat io.dropwizard.jersey.filter.AllowedMethodsFilter.doFilter(AllowedMethodsFilter.java:39)\n\tat org.eclipse.jetty.servlet.FilterHolder.doFilter(FilterHolder.java:193)\n\tat org.eclipse.jetty.servlet.ServletHandler$Chain.doFilter(ServletHandler.java:1601)\n\tat org.finos.legend.server.pac4j.internal.UsernameFilter.doFilter(UsernameFilter.java:51)\n\tat org.eclipse.jetty.servlet.FilterHolder.doFilter(FilterHolder.java:193)\n\tat org.eclipse.jetty.servlet.ServletHandler$Chain.doFilter(ServletHandler.java:1601)\n\tat org.pac4j.j2e.filter.SecurityFilter.lambda$internalFilter$0(SecurityFilter.java:95)\n\tat org.pac4j.core.engine.DefaultSecurityLogic.perform(DefaultSecurityLogic.java:140)\n\tat org.pac4j.j2e.filter.SecurityFilter.internalFilter(SecurityFilter.java:93)\n\tat org.pac4j.j2e.filter.AbstractConfigFilter.doFilter(AbstractConfigFilter.java:81)\n\tat org.eclipse.jetty.servlet.FilterHolder.doFilter(FilterHolder.java:193)\n\tat org.eclipse.jetty.servlet.ServletHandler$Chain.doFilter(ServletHandler.java:1601)\n\tat org.eclipse.jetty.servlet.ServletHandler.doHandle(ServletHandler.java:548)\n\tat org.eclipse.jetty.server.handler.ScopedHandler.nextHandle(ScopedHandler.java:233)\n\tat org.eclipse.jetty.server.session.SessionHandler.doHandle(SessionHandler.java:1624)\n\tat org.eclipse.jetty.server.handler.ScopedHandler.nextHandle(ScopedHandler.java:233)\n\tat org.eclipse.jetty.server.handler.ContextHandler.doHandle(ContextHandler.java:1434)\n\tat org.eclipse.jetty.server.handler.ScopedHandler.nextScope(ScopedHandler.java:188)\n\tat org.eclipse.jetty.servlet.ServletHandler.doScope(ServletHandler.java:501)\n\tat org.eclipse.jetty.server.session.SessionHandler.doScope(SessionHandler.java:1594)\n\tat org.eclipse.jetty.server.handler.ScopedHandler.nextScope(ScopedHandler.java:186)\n\tat org.eclipse.jetty.server.handler.ContextHandler.doScope(ContextHandler.java:1349)\n\tat org.eclipse.jetty.server.handler.ScopedHandler.handle(ScopedHandler.java:141)\n\tat org.eclipse.jetty.server.handler.HandlerWrapper.handle(HandlerWrapper.java:127)\n\tat com.codahale.metrics.jetty9.InstrumentedHandler.handle(InstrumentedHandler.java:313)\n\tat io.dropwizard.jetty.ContextRoutingHandler.handle(ContextRoutingHandler.java:37)\n\tat org.eclipse.jetty.server.handler.gzip.GzipHandler.handle(GzipHandler.java:713)\n\tat io.dropwizard.jetty.BiDiGzipHandler.handle(BiDiGzipHandler.java:67)\n\tat org.eclipse.jetty.server.handler.StatisticsHandler.handle(StatisticsHandler.java:179)\n\tat org.eclipse.jetty.server.handler.HandlerWrapper.handle(HandlerWrapper.java:127)\n\tat org.eclipse.jetty.server.Server.handle(Server.java:516)\n\tat org.eclipse.jetty.server.HttpChannel.lambda$handle$1(HttpChannel.java:400)\n\tat org.eclipse.jetty.server.HttpChannel.dispatch(HttpChannel.java:645)\n\tat org.eclipse.jetty.server.HttpChannel.handle(HttpChannel.java:392)\n\tat org.eclipse.jetty.server.HttpConnection.onFillable(HttpConnection.java:277)\n\tat org.eclipse.jetty.io.AbstractConnection$ReadCallback.succeeded(AbstractConnection.java:311)\n\tat org.eclipse.jetty.io.FillInterest.fillable(FillInterest.java:105)\n\tat org.eclipse.jetty.io.ChannelEndPoint$1.run(ChannelEndPoint.java:104)\n\tat org.eclipse.jetty.util.thread.strategy.EatWhatYouKill.runTask(EatWhatYouKill.java:338)\n\tat org.eclipse.jetty.util.thread.strategy.EatWhatYouKill.doProduce(EatWhatYouKill.java:315)\n\tat org.eclipse.jetty.util.thread.strategy.EatWhatYouKill.tryProduce(EatWhatYouKill.java:173)\n\tat org.eclipse.jetty.util.thread.strategy.EatWhatYouKill.run(EatWhatYouKill.java:131)\n\tat org.eclipse.jetty.util.thread.ReservedThreadExecutor$ReservedThread.run(ReservedThreadExecutor.java:409)\n\tat org.eclipse.jetty.util.thread.QueuedThreadPool.runJob(QueuedThreadPool.java:883)\n\tat org.eclipse.jetty.util.thread.QueuedThreadPool$Runner.run(QueuedThreadPool.java:1034)\n\tat java.base/java.lang.Thread.run(Thread.java:829)\nCaused by: net.snowflake.client.jdbc.SnowflakeSQLException: SQL compilation error:\nObject 'PERSONTABLE' does not exist or not authorized.\n\tat net.snowflake.client.jdbc.SnowflakeUtil.checkErrorAndThrowExceptionSub(SnowflakeUtil.java:127)\n\tat net.snowflake.client.jdbc.SnowflakeUtil.checkErrorAndThrowException(SnowflakeUtil.java:67)\n\tat net.snowflake.client.core.StmtUtil.pollForOutput(StmtUtil.java:442)\n\tat net.snowflake.client.core.StmtUtil.execute(StmtUtil.java:345)\n\tat net.snowflake.client.core.SFStatement.executeHelper(SFStatement.java:486)\n\tat net.snowflake.client.core.SFStatement.executeQueryInternal(SFStatement.java:197)\n\tat net.snowflake.client.core.SFStatement.executeQuery(SFStatement.java:134)\n\tat net.snowflake.client.core.SFStatement.execute(SFStatement.java:743)\n\tat net.snowflake.client.core.SFStatement.execute(SFStatement.java:639)\n\tat net.snowflake.client.jdbc.SnowflakeStatementV1.executeQueryInternal(SnowflakeStatementV1.java:238)\n\tat net.snowflake.client.jdbc.SnowflakeStatementV1.executeQuery(SnowflakeStatementV1.java:133)\n\tat com.zaxxer.hikari.pool.ProxyStatement.executeQuery(ProxyStatement.java:110)\n\tat com.zaxxer.hikari.pool.HikariProxyStatement.executeQuery(HikariProxyStatement.java)\n\tat org.finos.legend.engine.plan.execution.stores.relational.result.SQLExecutionResult.<init>(SQLExecutionResult.java:95)\n\t... 101 more\n"},"mode":"DEV","timeStamp":"2023-02-23 01:32:02.243","user":"_UNKNOWN_"}
| **selectSubClauses::windowColumn::testWindowWithoutSortMultiple** | failing :x: |
]]></system-out>
  </testcase>
  <testcase name="windowAvg[Snowflake]" classname="org.finos.legend.engine.server.test.shared.Relational_DbSpecific_UsingPureClientTestSuite$2" time="0.312">
    <error message="Assert failure at (resource:/platform/pure/basics/tests/assertEq.pure line:34 column:5), &quot;500 &apos;{&quot;code&quot;:-1,&quot;message&quot;:&quot;SnowflakeSQLException: SQL compilation error:&#10;Object &apos;PERSONTABLE&apos; does not exist or not authorized.&quot;,&quot;status&quot;:&quot;error&quot;,&quot;trace&quot;:&quot;java.lang.RuntimeException: net.snowflake.client.jdbc.SnowflakeSQLException: SQL compilation error:&#10;Object &apos;PERSONTABLE&apos; does not exist or not authorized.&#10;at org.finos.legend.engine.plan.execution.stores.relational.result.SQLExecutionResult.&lt;init&gt;(SQLExecutionResult.java:123)&#10;at org.finos.legend.engine.plan.execution.stores.relational.RelationalExecutor.execute(RelationalExecutor.java:241)&#10;at org.finos.legend.engine.plan.execution.stores.relational.plugin.RelationalExecutionNodeExecutor.visit(RelationalExecutionNodeExecutor.java:238)&#10;at org.finos.legend.engine.plan.execution.stores.relational.plugin.RelationalExecutionNodeExecutor.visit(RelationalExecutionNodeExecutor.java:252)&#10;at org.finos.legend.engine.plan.execution.stores.relational.plugin.RelationalExecutionNodeExecutor.visit(RelationalExecutionNodeExecutor.java:92)&#10;at org.finos.legend.engine.protocol.pure.v1.model.executionPlan.nodes.RelationalTdsInstantiationExecutionNode.accept(RelationalTdsInstantiationExecutionNode.java:22)&#10;at org.finos.legend.engine.plan.execution.stores.relational.RelationalExecutionExtension.lambda$getExtraNodeExecutors$fbe53481$1(RelationalExecutionExtension.java:50)&#10;at org.finos.legend.engine.plan.execution.nodes.ExecutionNodeExecutor.lambda$visit$0(ExecutionNodeExecutor.java:164)&#10;at java.base/java.util.stream.ReferencePipeline$3$1.accept(ReferencePipeline.java:195)&#10;at java.base/java.util.Spliterators$ArraySpliterator.tryAdvance(Spliterators.java:958)&#10;at java.base/java.util.stream.ReferencePipeline.forEachWithCancel(ReferencePipeline.java:127)&#10;at java.base/java.util.stream.AbstractPipeline.copyIntoWithCancel(AbstractPipeline.java:502)&#10;at java.base/java.util.stream.AbstractPipeline.copyInto(AbstractPipeline.java:488)&#10;at java.base/java.util.stream.AbstractPipeline.wrapAndCopyInto(AbstractPipeline.java:474)&#10;at java.base/java.util.stream.FindOps$FindOp.evaluateSequential(FindOps.java:150)&#10;at java.base/java.util.stream.AbstractPipeline.evaluate(AbstractPipeline.java:234)&#10;at java.base/java.util.stream.ReferencePipeline.findFirst(ReferencePipeline.java:543)&#10;at org.finos.legend.engine.plan.execution.nodes.ExecutionNodeExecutor.visit(ExecutionNodeExecutor.java:164)&#10;at org.finos.legend.engine.plan.execution.nodes.ExecutionNodeExecutor.visit(ExecutionNodeExecutor.java:107)&#10;at org.finos.legend.engine.protocol.pure.v1.model.executionPlan.nodes.RelationalTdsInstantiationExecutionNode.accept(RelationalTdsInstantiationExecutionNode.java:22)&#10;at org.finos.legend.engine.plan.execution.PlanExecutor.execute(PlanExecutor.java:238)&#10;at org.finos.legend.engine.plan.execution.PlanExecutor.execute(PlanExecutor.java:225)&#10;at org.finos.legend.engine.plan.execution.api.ExecutePlan.doExecutePlanLegacy(ExecutePlan.java:102)&#10;at org.finos.legend.engine.plan.execution.api.ExecutePlan.doExecutePlan(ExecutePlan.java:84)&#10;at org.finos.legend.engine.plan.execution.api.ExecutePlanLegacy.executePlan(ExecutePlanLegacy.java:56)&#10;at jdk.internal.reflect.GeneratedMethodAccessor100.invoke(Unknown Source)&#10;at java.base/jdk.internal.reflect.DelegatingMethodAccessorImpl.invoke(DelegatingMethodAccessorImpl.java:43)&#10;at java.base/java.lang.reflect.Method.invoke(Method.java:566)&#10;at org.glassfish.jersey.server.model.internal.ResourceMethodInvocationHandlerFactory$1.invoke(ResourceMethodInvocationHandlerFactory.java:81)&#10;at org.glassfish.jersey.server.model.internal.AbstractJavaResourceMethodDispatcher$1.run(AbstractJavaResourceMethodDispatcher.java:144)&#10;at org.glassfish.jersey.server.model.internal.AbstractJavaResourceMethodDispatcher.invoke(AbstractJavaResourceMethodDispatcher.java:161)&#10;at org.glassfish.jersey.server.model.internal.JavaResourceMethodDispatcherProvider$ResponseOutInvoker.doDispatch(JavaResourceMethodDispatcherProvider.java:160)&#10;at org.glassfish.jersey.server.model.internal.AbstractJavaResourceMethodDispatcher.dispatch(AbstractJavaResourceMethodDispatcher.java:99)&#10;at org.glassfish.jersey.server.model.ResourceMethodInvoker.invoke(ResourceMethodInvoker.java:389)&#10;at org.glassfish.jersey.server.model.ResourceMethodInvoker.apply(ResourceMethodInvoker.java:347)&#10;at org.glassfish.jersey.server.model.ResourceMethodInvoker.apply(ResourceMethodInvoker.java:102)&#10;at org.glassfish.jersey.server.ServerRuntime$2.run(ServerRuntime.java:326)&#10;at org.glassfish.jersey.internal.Errors$1.call(Errors.java:271)&#10;at org.glassfish.jersey.internal.Errors$1.call(Errors.java:267)&#10;at org.glassfish.jersey.internal.Errors.process(Errors.java:315)&#10;at org.glassfish.jersey.internal.Errors.process(Errors.java:297)&#10;at org.glassfish.jersey.internal.Errors.process(Errors.java:267)&#10;at org.glassfish.jersey.process.internal.RequestScope.runInScope(RequestScope.java:317)&#10;at org.glassfish.jersey.server.ServerRuntime.process(ServerRuntime.java:305)&#10;at org.glassfish.jersey.server.ApplicationHandler.handle(ApplicationHandler.java:1154)&#10;at org.glassfish.jersey.servlet.WebComponent.serviceImpl(WebComponent.java:473)&#10;at org.glassfish.jersey.servlet.WebComponent.service(WebComponent.java:427)&#10;at org.glassfish.jersey.servlet.ServletContainer.service(ServletContainer.java:388)&#10;at org.glassfish.jersey.servlet.ServletContainer.service(ServletContainer.java:341)&#10;at org.glassfish.jersey.servlet.ServletContainer.service(ServletContainer.java:228)&#10;at org.eclipse.jetty.servlet.ServletHolder.handle(ServletHolder.java:799)&#10;at org.eclipse.jetty.servlet.ServletHandler$ChainEnd.doFilter(ServletHandler.java:1631)&#10;at io.dropwizard.servlets.ThreadNameFilter.doFilter(ThreadNameFilter.java:35)&#10;at org.eclipse.jetty.servlet.FilterHolder.doFilter(FilterHolder.java:193)&#10;at org.eclipse.jetty.servlet.ServletHandler$Chain.doFilter(ServletHandler.java:1601)&#10;at io.dropwizard.jersey.filter.AllowedMethodsFilter.handle(AllowedMethodsFilter.java:45)&#10;at io.dropwizard.jersey.filter.AllowedMethodsFilter.doFilter(AllowedMethodsFilter.java:39)&#10;at org.eclipse.jetty.servlet.FilterHolder.doFilter(FilterHolder.java:193)&#10;at org.eclipse.jetty.servlet.ServletHandler$Chain.doFilter(ServletHandler.java:1601)&#10;at org.finos.legend.server.pac4j.internal.UsernameFilter.doFilter(UsernameFilter.java:51)&#10;at org.eclipse.jetty.servlet.FilterHolder.doFilter(FilterHolder.java:193)&#10;at org.eclipse.jetty.servlet.ServletHandler$Chain.doFilter(ServletHandler.java:1601)&#10;at org.pac4j.j2e.filter.SecurityFilter.lambda$internalFilter$0(SecurityFilter.java:95)&#10;at org.pac4j.core.engine.DefaultSecurityLogic.perform(DefaultSecurityLogic.java:140)&#10;at org.pac4j.j2e.filter.SecurityFilter.internalFilter(SecurityFilter.java:93)&#10;at org.pac4j.j2e.filter.AbstractConfigFilter.doFilter(AbstractConfigFilter.java:81)&#10;at org.eclipse.jetty.servlet.FilterHolder.doFilter(FilterHolder.java:193)&#10;at org.eclipse.jetty.servlet.ServletHandler$Chain.doFilter(ServletHandler.java:1601)&#10;at org.eclipse.jetty.servlet.ServletHandler.doHandle(ServletHandler.java:548)&#10;at org.eclipse.jetty.server.handler.ScopedHandler.nextHandle(ScopedHandler.java:233)&#10;at org.eclipse.jetty.server.session.SessionHandler.doHandle(SessionHandler.java:1624)&#10;at org.eclipse.jetty.server.handler.ScopedHandler.nextHandle(ScopedHandler.java:233)&#10;at org.eclipse.jetty.server.handler.ContextHandler.doHandle(ContextHandler.java:1434)&#10;at org.eclipse.jetty.server.handler.ScopedHandler.nextScope(ScopedHandler.java:188)&#10;at org.eclipse.jetty.servlet.ServletHandler.doScope(ServletHandler.java:501)&#10;at org.eclipse.jetty.server.session.SessionHandler.doScope(SessionHandler.java:1594)&#10;at org.eclipse.jetty.server.handler.ScopedHandler.nextScope(ScopedHandler.java:186)&#10;at org.eclipse.jetty.server.handler.ContextHandler.doScope(ContextHandler.java:1349)&#10;at org.eclipse.jetty.server.handler.ScopedHandler.handle(ScopedHandler.java:141)&#10;at org.eclipse.jetty.server.handler.HandlerWrapper.handle(HandlerWrapper.java:127)&#10;at com.codahale.metrics.jetty9.InstrumentedHandler.handle(InstrumentedHandler.java:313)&#10;at io.dropwizard.jetty.ContextRoutingHandler.handle(ContextRoutingHandler.java:37)&#10;at org.eclipse.jetty.server.handler.gzip.GzipHandler.handle(GzipHandler.java:713)&#10;at io.dropwizard.jetty.BiDiGzipHandler.handle(BiDiGzipHandler.java:67)&#10;at org.eclipse.jetty.server.handler.StatisticsHandler.handle(StatisticsHandler.java:179)&#10;at org.eclipse.jetty.server.handler.HandlerWrapper.handle(HandlerWrapper.java:127)&#10;at org.eclipse.jetty.server.Server.handle(Server.java:516)&#10;at org.eclipse.jetty.server.HttpChannel.lambda$handle$1(HttpChannel.java:400)&#10;at org.eclipse.jetty.server.HttpChannel.dispatch(HttpChannel.java:645)&#10;at org.eclipse.jetty.server.HttpChannel.handle(HttpChannel.java:392)&#10;at org.eclipse.jetty.server.HttpConnection.onFillable(HttpConnection.java:277)&#10;at org.eclipse.jetty.io.AbstractConnection$ReadCallback.succeeded(AbstractConnection.java:311)&#10;at org.eclipse.jetty.io.FillInterest.fillable(FillInterest.java:105)&#10;at org.eclipse.jetty.io.ChannelEndPoint$1.run(ChannelEndPoint.java:104)&#10;at org.eclipse.jetty.util.thread.strategy.EatWhatYouKill.runTask(EatWhatYouKill.java:338)&#10;at org.eclipse.jetty.util.thread.strategy.EatWhatYouKill.doProduce(EatWhatYouKill.java:315)&#10;at org.eclipse.jetty.util.thread.strategy.EatWhatYouKill.tryProduce(EatWhatYouKill.java:173)&#10;at org.eclipse.jetty.util.thread.strategy.EatWhatYouKill.run(EatWhatYouKill.java:131)&#10;at org.eclipse.jetty.util.thread.ReservedThreadExecutor$ReservedThread.run(ReservedThreadExecutor.java:409)&#10;at org.eclipse.jetty.util.thread.QueuedThreadPool.runJob(QueuedThreadPool.java:883)&#10;at org.eclipse.jetty.util.thread.QueuedThreadPool$Runner.run(QueuedThreadPool.java:1034)&#10;at java.base/java.lang.Thread.run(Thread.java:829)&#10;Caused by: net.snowflake.client.jdbc.SnowflakeSQLException: SQL compilation error:&#10;Object &apos;PERSONTABLE&apos; does not exist or not authorized.&#10;at net.snowflake.client.jdbc.SnowflakeUtil.checkErrorAndThrowExceptionSub(SnowflakeUtil.java:127)&#10;at net.snowflake.client.jdbc.SnowflakeUtil.checkErrorAndThrowException(SnowflakeUtil.java:67)&#10;at net.snowflake.client.core.StmtUtil.pollForOutput(StmtUtil.java:442)&#10;at net.snowflake.client.core.StmtUtil.execute(StmtUtil.java:345)&#10;at net.snowflake.client.core.SFStatement.executeHelper(SFStatement.java:486)&#10;at net.snowflake.client.core.SFStatement.executeQueryInternal(SFStatement.java:197)&#10;at net.snowflake.client.core.SFStatement.executeQuery(SFStatement.java:134)&#10;at net.snowflake.client.core.SFStatement.execute(SFStatement.java:743)&#10;at net.snowflake.client.core.SFStatement.execute(SFStatement.java:639)&#10;at net.snowflake.client.jdbc.SnowflakeStatementV1.executeQueryInternal(SnowflakeStatementV1.java:238)&#10;at net.snowflake.client.jdbc.SnowflakeStatementV1.executeQuery(SnowflakeStatementV1.java:133)&#10;at com.zaxxer.hikari.pool.ProxyStatement.executeQuery(ProxyStatement.java:110)&#10;at com.zaxxer.hikari.pool.HikariProxyStatement.executeQuery(HikariProxyStatement.java)&#10;at org.finos.legend.engine.plan.execution.stores.relational.result.SQLExecutionResult.&lt;init&gt;(SQLExecutionResult.java:95)&#10;... 101 more&#10;&quot;}&apos;&quot;" type="Assert failure at (resource"><![CDATA[Assert failure at (resource:/platform/pure/basics/tests/assertEq.pure line:34 column:5), "500 '{"code":-1,"message":"SnowflakeSQLException: SQL compilation error:
Object 'PERSONTABLE' does not exist or not authorized.","status":"error","trace":"java.lang.RuntimeException: net.snowflake.client.jdbc.SnowflakeSQLException: SQL compilation error:
Object 'PERSONTABLE' does not exist or not authorized.
at org.finos.legend.engine.plan.execution.stores.relational.result.SQLExecutionResult.<init>(SQLExecutionResult.java:123)
at org.finos.legend.engine.plan.execution.stores.relational.RelationalExecutor.execute(RelationalExecutor.java:241)
at org.finos.legend.engine.plan.execution.stores.relational.plugin.RelationalExecutionNodeExecutor.visit(RelationalExecutionNodeExecutor.java:238)
at org.finos.legend.engine.plan.execution.stores.relational.plugin.RelationalExecutionNodeExecutor.visit(RelationalExecutionNodeExecutor.java:252)
at org.finos.legend.engine.plan.execution.stores.relational.plugin.RelationalExecutionNodeExecutor.visit(RelationalExecutionNodeExecutor.java:92)
at org.finos.legend.engine.protocol.pure.v1.model.executionPlan.nodes.RelationalTdsInstantiationExecutionNode.accept(RelationalTdsInstantiationExecutionNode.java:22)
at org.finos.legend.engine.plan.execution.stores.relational.RelationalExecutionExtension.lambda$getExtraNodeExecutors$fbe53481$1(RelationalExecutionExtension.java:50)
at org.finos.legend.engine.plan.execution.nodes.ExecutionNodeExecutor.lambda$visit$0(ExecutionNodeExecutor.java:164)
at java.base/java.util.stream.ReferencePipeline$3$1.accept(ReferencePipeline.java:195)
at java.base/java.util.Spliterators$ArraySpliterator.tryAdvance(Spliterators.java:958)
at java.base/java.util.stream.ReferencePipeline.forEachWithCancel(ReferencePipeline.java:127)
at java.base/java.util.stream.AbstractPipeline.copyIntoWithCancel(AbstractPipeline.java:502)
at java.base/java.util.stream.AbstractPipeline.copyInto(AbstractPipeline.java:488)
at java.base/java.util.stream.AbstractPipeline.wrapAndCopyInto(AbstractPipeline.java:474)
at java.base/java.util.stream.FindOps$FindOp.evaluateSequential(FindOps.java:150)
at java.base/java.util.stream.AbstractPipeline.evaluate(AbstractPipeline.java:234)
at java.base/java.util.stream.ReferencePipeline.findFirst(ReferencePipeline.java:543)
at org.finos.legend.engine.plan.execution.nodes.ExecutionNodeExecutor.visit(ExecutionNodeExecutor.java:164)
at org.finos.legend.engine.plan.execution.nodes.ExecutionNodeExecutor.visit(ExecutionNodeExecutor.java:107)
at org.finos.legend.engine.protocol.pure.v1.model.executionPlan.nodes.RelationalTdsInstantiationExecutionNode.accept(RelationalTdsInstantiationExecutionNode.java:22)
at org.finos.legend.engine.plan.execution.PlanExecutor.execute(PlanExecutor.java:238)
at org.finos.legend.engine.plan.execution.PlanExecutor.execute(PlanExecutor.java:225)
at org.finos.legend.engine.plan.execution.api.ExecutePlan.doExecutePlanLegacy(ExecutePlan.java:102)
at org.finos.legend.engine.plan.execution.api.ExecutePlan.doExecutePlan(ExecutePlan.java:84)
at org.finos.legend.engine.plan.execution.api.ExecutePlanLegacy.executePlan(ExecutePlanLegacy.java:56)
at jdk.internal.reflect.GeneratedMethodAccessor100.invoke(Unknown Source)
at java.base/jdk.internal.reflect.DelegatingMethodAccessorImpl.invoke(DelegatingMethodAccessorImpl.java:43)
at java.base/java.lang.reflect.Method.invoke(Method.java:566)
at org.glassfish.jersey.server.model.internal.ResourceMethodInvocationHandlerFactory$1.invoke(ResourceMethodInvocationHandlerFactory.java:81)
at org.glassfish.jersey.server.model.internal.AbstractJavaResourceMethodDispatcher$1.run(AbstractJavaResourceMethodDispatcher.java:144)
at org.glassfish.jersey.server.model.internal.AbstractJavaResourceMethodDispatcher.invoke(AbstractJavaResourceMethodDispatcher.java:161)
at org.glassfish.jersey.server.model.internal.JavaResourceMethodDispatcherProvider$ResponseOutInvoker.doDispatch(JavaResourceMethodDispatcherProvider.java:160)
at org.glassfish.jersey.server.model.internal.AbstractJavaResourceMethodDispatcher.dispatch(AbstractJavaResourceMethodDispatcher.java:99)
at org.glassfish.jersey.server.model.ResourceMethodInvoker.invoke(ResourceMethodInvoker.java:389)
at org.glassfish.jersey.server.model.ResourceMethodInvoker.apply(ResourceMethodInvoker.java:347)
at org.glassfish.jersey.server.model.ResourceMethodInvoker.apply(ResourceMethodInvoker.java:102)
at org.glassfish.jersey.server.ServerRuntime$2.run(ServerRuntime.java:326)
at org.glassfish.jersey.internal.Errors$1.call(Errors.java:271)
at org.glassfish.jersey.internal.Errors$1.call(Errors.java:267)
at org.glassfish.jersey.internal.Errors.process(Errors.java:315)
at org.glassfish.jersey.internal.Errors.process(Errors.java:297)
at org.glassfish.jersey.internal.Errors.process(Errors.java:267)
at org.glassfish.jersey.process.internal.RequestScope.runInScope(RequestScope.java:317)
at org.glassfish.jersey.server.ServerRuntime.process(ServerRuntime.java:305)
at org.glassfish.jersey.server.ApplicationHandler.handle(ApplicationHandler.java:1154)
at org.glassfish.jersey.servlet.WebComponent.serviceImpl(WebComponent.java:473)
at org.glassfish.jersey.servlet.WebComponent.service(WebComponent.java:427)
at org.glassfish.jersey.servlet.ServletContainer.service(ServletContainer.java:388)
at org.glassfish.jersey.servlet.ServletContainer.service(ServletContainer.java:341)
at org.glassfish.jersey.servlet.ServletContainer.service(ServletContainer.java:228)
at org.eclipse.jetty.servlet.ServletHolder.handle(ServletHolder.java:799)
at org.eclipse.jetty.servlet.ServletHandler$ChainEnd.doFilter(ServletHandler.java:1631)
at io.dropwizard.servlets.ThreadNameFilter.doFilter(ThreadNameFilter.java:35)
at org.eclipse.jetty.servlet.FilterHolder.doFilter(FilterHolder.java:193)
at org.eclipse.jetty.servlet.ServletHandler$Chain.doFilter(ServletHandler.java:1601)
at io.dropwizard.jersey.filter.AllowedMethodsFilter.handle(AllowedMethodsFilter.java:45)
at io.dropwizard.jersey.filter.AllowedMethodsFilter.doFilter(AllowedMethodsFilter.java:39)
at org.eclipse.jetty.servlet.FilterHolder.doFilter(FilterHolder.java:193)
at org.eclipse.jetty.servlet.ServletHandler$Chain.doFilter(ServletHandler.java:1601)
at org.finos.legend.server.pac4j.internal.UsernameFilter.doFilter(UsernameFilter.java:51)
at org.eclipse.jetty.servlet.FilterHolder.doFilter(FilterHolder.java:193)
at org.eclipse.jetty.servlet.ServletHandler$Chain.doFilter(ServletHandler.java:1601)
at org.pac4j.j2e.filter.SecurityFilter.lambda$internalFilter$0(SecurityFilter.java:95)
at org.pac4j.core.engine.DefaultSecurityLogic.perform(DefaultSecurityLogic.java:140)
at org.pac4j.j2e.filter.SecurityFilter.internalFilter(SecurityFilter.java:93)
at org.pac4j.j2e.filter.AbstractConfigFilter.doFilter(AbstractConfigFilter.java:81)
at org.eclipse.jetty.servlet.FilterHolder.doFilter(FilterHolder.java:193)
at org.eclipse.jetty.servlet.ServletHandler$Chain.doFilter(ServletHandler.java:1601)
at org.eclipse.jetty.servlet.ServletHandler.doHandle(ServletHandler.java:548)
at org.eclipse.jetty.server.handler.ScopedHandler.nextHandle(ScopedHandler.java:233)
at org.eclipse.jetty.server.session.SessionHandler.doHandle(SessionHandler.java:1624)
at org.eclipse.jetty.server.handler.ScopedHandler.nextHandle(ScopedHandler.java:233)
at org.eclipse.jetty.server.handler.ContextHandler.doHandle(ContextHandler.java:1434)
at org.eclipse.jetty.server.handler.ScopedHandler.nextScope(ScopedHandler.java:188)
at org.eclipse.jetty.servlet.ServletHandler.doScope(ServletHandler.java:501)
at org.eclipse.jetty.server.session.SessionHandler.doScope(SessionHandler.java:1594)
at org.eclipse.jetty.server.handler.ScopedHandler.nextScope(ScopedHandler.java:186)
at org.eclipse.jetty.server.handler.ContextHandler.doScope(ContextHandler.java:1349)
at org.eclipse.jetty.server.handler.ScopedHandler.handle(ScopedHandler.java:141)
at org.eclipse.jetty.server.handler.HandlerWrapper.handle(HandlerWrapper.java:127)
at com.codahale.metrics.jetty9.InstrumentedHandler.handle(InstrumentedHandler.java:313)
at io.dropwizard.jetty.ContextRoutingHandler.handle(ContextRoutingHandler.java:37)
at org.eclipse.jetty.server.handler.gzip.GzipHandler.handle(GzipHandler.java:713)
at io.dropwizard.jetty.BiDiGzipHandler.handle(BiDiGzipHandler.java:67)
at org.eclipse.jetty.server.handler.StatisticsHandler.handle(StatisticsHandler.java:179)
at org.eclipse.jetty.server.handler.HandlerWrapper.handle(HandlerWrapper.java:127)
at org.eclipse.jetty.server.Server.handle(Server.java:516)
at org.eclipse.jetty.server.HttpChannel.lambda$handle$1(HttpChannel.java:400)
at org.eclipse.jetty.server.HttpChannel.dispatch(HttpChannel.java:645)
at org.eclipse.jetty.server.HttpChannel.handle(HttpChannel.java:392)
at org.eclipse.jetty.server.HttpConnection.onFillable(HttpConnection.java:277)
at org.eclipse.jetty.io.AbstractConnection$ReadCallback.succeeded(AbstractConnection.java:311)
at org.eclipse.jetty.io.FillInterest.fillable(FillInterest.java:105)
at org.eclipse.jetty.io.ChannelEndPoint$1.run(ChannelEndPoint.java:104)
at org.eclipse.jetty.util.thread.strategy.EatWhatYouKill.runTask(EatWhatYouKill.java:338)
at org.eclipse.jetty.util.thread.strategy.EatWhatYouKill.doProduce(EatWhatYouKill.java:315)
at org.eclipse.jetty.util.thread.strategy.EatWhatYouKill.tryProduce(EatWhatYouKill.java:173)
at org.eclipse.jetty.util.thread.strategy.EatWhatYouKill.run(EatWhatYouKill.java:131)
at org.eclipse.jetty.util.thread.ReservedThreadExecutor$ReservedThread.run(ReservedThreadExecutor.java:409)
at org.eclipse.jetty.util.thread.QueuedThreadPool.runJob(QueuedThreadPool.java:883)
at org.eclipse.jetty.util.thread.QueuedThreadPool$Runner.run(QueuedThreadPool.java:1034)
at java.base/java.lang.Thread.run(Thread.java:829)
Caused by: net.snowflake.client.jdbc.SnowflakeSQLException: SQL compilation error:
Object 'PERSONTABLE' does not exist or not authorized.
at net.snowflake.client.jdbc.SnowflakeUtil.checkErrorAndThrowExceptionSub(SnowflakeUtil.java:127)
at net.snowflake.client.jdbc.SnowflakeUtil.checkErrorAndThrowException(SnowflakeUtil.java:67)
at net.snowflake.client.core.StmtUtil.pollForOutput(StmtUtil.java:442)
at net.snowflake.client.core.StmtUtil.execute(StmtUtil.java:345)
at net.snowflake.client.core.SFStatement.executeHelper(SFStatement.java:486)
at net.snowflake.client.core.SFStatement.executeQueryInternal(SFStatement.java:197)
at net.snowflake.client.core.SFStatement.executeQuery(SFStatement.java:134)
at net.snowflake.client.core.SFStatement.execute(SFStatement.java:743)
at net.snowflake.client.core.SFStatement.execute(SFStatement.java:639)
at net.snowflake.client.jdbc.SnowflakeStatementV1.executeQueryInternal(SnowflakeStatementV1.java:238)
at net.snowflake.client.jdbc.SnowflakeStatementV1.executeQuery(SnowflakeStatementV1.java:133)
at com.zaxxer.hikari.pool.ProxyStatement.executeQuery(ProxyStatement.java:110)
at com.zaxxer.hikari.pool.HikariProxyStatement.executeQuery(HikariProxyStatement.java)
at org.finos.legend.engine.plan.execution.stores.relational.result.SQLExecutionResult.<init>(SQLExecutionResult.java:95)
... 101 more
"}'"
	at org.finos.legend.pure.runtime.java.compiled.generation.processors.support.CompiledSupport.pureAssert(CompiledSupport.java:1994)
	at org.finos.legend.pure.generated.platform_pure_basics_tests_assertEq.Root_meta_pure_functions_asserts_assertEq_Any_1__Any_1__Function_1__Boolean_1_(platform_pure_basics_tests_assertEq.java:44)
	at org.finos.legend.pure.generated.core_pure_protocol_vX_X_X_invocations_execution.Root_meta_protocols_pure_vX_X_X_invocation_execution_execute_executePlan_String_1__String_1__Integer_1__String_1_(core_pure_protocol_vX_X_X_invocations_execution.java:751)
	at org.finos.legend.pure.generated.core_pure_protocol_vX_X_X_invocations_execution.Root_meta_protocols_pure_vX_X_X_invocation_execution_execute_executePlan_ExecutionPlan_1__String_1__Integer_1__Extension_MANY__String_1_(core_pure_protocol_vX_X_X_invocations_execution.java:745)
	at org.finos.legend.pure.generated.core_pure_protocol_vX_X_X_invocations_execution.Root_meta_protocols_pure_vX_X_X_invocation_execution_execute_executePlan_ExecutionPlan_1__ExecutionContext_$0_1$__String_1__Integer_1__Extension_MANY__Result_1_(core_pure_protocol_vX_X_X_invocations_execution.java:738)
	at jdk.internal.reflect.GeneratedMethodAccessor96.invoke(Unknown Source)
	at java.base/jdk.internal.reflect.DelegatingMethodAccessorImpl.invoke(DelegatingMethodAccessorImpl.java:43)
	at java.base/java.lang.reflect.Method.invoke(Method.java:566)
	at org.finos.legend.pure.runtime.java.compiled.metadata.JavaMethodWithParamsSharedPureFunction.execute(JavaMethodWithParamsSharedPureFunction.java:59)
	at org.finos.legend.pure.runtime.java.compiled.generation.processors.support.Pure._evaluateToMany(Pure.java:546)
	at org.finos.legend.pure.generated.CoreGen.evaluateToMany(CoreGen.java:147)
	at org.finos.legend.pure.generated.CoreGen.evaluateToMany(CoreGen.java:134)
	at org.finos.legend.pure.generated.core_pure_router_router_entry$9$1.value(core_pure_router_router_entry.java:318)
	at org.finos.legend.pure.generated.core_pure_router_router_entry$9$1.execute(core_pure_router_router_entry.java:311)
	at org.finos.legend.pure.generated.core_pure_router_router_entry$9$1.execute(core_pure_router_router_entry.java:307)
	at org.finos.legend.pure.runtime.java.compiled.generation.processors.support.Pure.evaluate(Pure.java:485)
	at org.finos.legend.pure.runtime.java.compiled.generation.processors.support.Pure.legendTest(Pure.java:216)
	at org.finos.legend.pure.generated.CoreGen.legendTest(CoreGen.java:61)
	at org.finos.legend.pure.generated.core_pure_router_router_entry$9.valueOf(core_pure_router_router_entry.java:303)
	at org.finos.legend.pure.generated.core_pure_router_router_entry$9.execute(core_pure_router_router_entry.java:298)
	at org.finos.legend.pure.generated.core_pure_router_router_entry$9.execute(core_pure_router_router_entry.java:294)
	at org.finos.legend.pure.runtime.java.compiled.generation.processors.support.Pure.evaluate(Pure.java:485)
	at org.finos.legend.pure.runtime.java.compiled.generation.processors.support.Pure.traceSpan(Pure.java:1482)
	at org.finos.legend.pure.generated.CoreGen.traceSpan(CoreGen.java:203)
	at org.finos.legend.pure.generated.core_pure_router_router_entry.Root_meta_pure_router_executePlan_ExecutionPlan_1__ExecutionContext_1__Extension_MANY__Result_$0_1$_(core_pure_router_router_entry.java:290)
	at org.finos.legend.pure.generated.core_pure_router_router_entry.Root_meta_pure_router_executePlan_ExecutionPlan_1__Extension_MANY__Result_$0_1$_(core_pure_router_router_entry.java:285)
	at org.finos.legend.pure.generated.core_relational_relational_sqlQueryToString_dbTestRunner_executionPlanTestRunner$19.execute(core_relational_relational_sqlQueryToString_dbTestRunner_executionPlanTestRunner.java:305)
	at org.finos.legend.pure.generated.core_relational_relational_sqlQueryToString_dbTestRunner_executionPlanTestRunner.Root_meta_relational_dbTestRunner_executeViaPlan_FunctionDefinition_1__Mapping_1__Database_1__DbTestConfig_1__Extension_MANY__Result_$0_1$_(core_relational_relational_sqlQueryToString_dbTestRunner_executionPlanTestRunner.java:309)
	at org.finos.legend.pure.generated.core_relational_relational_sqlQueryToString_testSuite_selectSubClauses_windowColumn.Root_meta_relational_tests_dbSpecificTests_sqlQueryTests_selectSubClauses_windowColumn_windowAvg_DbTestConfig_1__Boolean_1_(core_relational_relational_sqlQueryToString_testSuite_selectSubClauses_windowColumn.java:894)
	at java.base/jdk.internal.reflect.NativeMethodAccessorImpl.invoke0(Native Method)
	at java.base/jdk.internal.reflect.NativeMethodAccessorImpl.invoke(NativeMethodAccessorImpl.java:62)
	at java.base/jdk.internal.reflect.DelegatingMethodAccessorImpl.invoke(DelegatingMethodAccessorImpl.java:43)
	at java.base/java.lang.reflect.Method.invoke(Method.java:566)
	at org.finos.legend.pure.runtime.java.compiled.testHelper.PureTestBuilderCompiled.executeFn(PureTestBuilderCompiled.java:113)
	at org.finos.legend.pure.runtime.java.compiled.testHelper.PureTestBuilderCompiled.lambda$buildSuite$0(PureTestBuilderCompiled.java:79)
	at org.finos.legend.pure.m3.execution.test.PureTestBuilder$PureTestCase.runTest(PureTestBuilder.java:95)
	at junit.framework.TestCase.runBare(TestCase.java:142)
	at org.finos.legend.engine.server.test.shared.Relational_DbSpecific_UsingPureClientTestSuite$2.runTest(Relational_DbSpecific_UsingPureClientTestSuite.java:90)
	at junit.framework.TestCase.runBare(TestCase.java:142)
	at junit.framework.TestResult$1.protect(TestResult.java:122)
	at junit.framework.TestResult.runProtected(TestResult.java:142)
	at junit.framework.TestResult.run(TestResult.java:125)
	at junit.framework.TestCase.run(TestCase.java:130)
	at junit.framework.TestSuite.runTest(TestSuite.java:241)
	at junit.framework.TestSuite.run(TestSuite.java:236)
	at junit.framework.TestSuite.runTest(TestSuite.java:241)
	at junit.framework.TestSuite.run(TestSuite.java:236)
	at junit.framework.TestSuite.runTest(TestSuite.java:241)
	at junit.framework.TestSuite.run(TestSuite.java:236)
	at junit.framework.TestSuite.runTest(TestSuite.java:241)
	at junit.framework.TestSuite.run(TestSuite.java:236)
	at junit.framework.TestSuite.runTest(TestSuite.java:241)
	at junit.framework.TestSuite.run(TestSuite.java:236)
	at junit.extensions.TestDecorator.basicRun(TestDecorator.java:24)
	at junit.extensions.TestSetup$1.protect(TestSetup.java:23)
	at junit.framework.TestResult.runProtected(TestResult.java:142)
	at junit.extensions.TestSetup.run(TestSetup.java:27)
	at org.junit.internal.runners.JUnit38ClassRunner.run(JUnit38ClassRunner.java:90)
	at org.apache.maven.surefire.junit4.JUnit4Provider.execute(JUnit4Provider.java:365)
	at org.apache.maven.surefire.junit4.JUnit4Provider.executeWithRerun(JUnit4Provider.java:273)
	at org.apache.maven.surefire.junit4.JUnit4Provider.executeTestSet(JUnit4Provider.java:238)
	at org.apache.maven.surefire.junit4.JUnit4Provider.invoke(JUnit4Provider.java:159)
	at org.apache.maven.surefire.booter.ForkedBooter.invokeProviderInSameClassLoader(ForkedBooter.java:384)
	at org.apache.maven.surefire.booter.ForkedBooter.runSuitesInProcess(ForkedBooter.java:345)
	at org.apache.maven.surefire.booter.ForkedBooter.execute(ForkedBooter.java:126)
	at org.apache.maven.surefire.booter.ForkedBooter.main(ForkedBooter.java:418)
]]></error>
    <system-out><![CDATA[Running db test selectSubClauses::windowColumn::windowAvg
{"duration":0.0,"eventType":"EXECUTION_PLAN_EXEC_ERROR","info":{"code":-1,"message":"SnowflakeSQLException: SQL compilation error:\nObject 'PERSONTABLE' does not exist or not authorized.","status":"error","trace":"java.lang.RuntimeException: net.snowflake.client.jdbc.SnowflakeSQLException: SQL compilation error:\nObject 'PERSONTABLE' does not exist or not authorized.\n\tat org.finos.legend.engine.plan.execution.stores.relational.result.SQLExecutionResult.<init>(SQLExecutionResult.java:123)\n\tat org.finos.legend.engine.plan.execution.stores.relational.RelationalExecutor.execute(RelationalExecutor.java:241)\n\tat org.finos.legend.engine.plan.execution.stores.relational.plugin.RelationalExecutionNodeExecutor.visit(RelationalExecutionNodeExecutor.java:238)\n\tat org.finos.legend.engine.plan.execution.stores.relational.plugin.RelationalExecutionNodeExecutor.visit(RelationalExecutionNodeExecutor.java:252)\n\tat org.finos.legend.engine.plan.execution.stores.relational.plugin.RelationalExecutionNodeExecutor.visit(RelationalExecutionNodeExecutor.java:92)\n\tat org.finos.legend.engine.protocol.pure.v1.model.executionPlan.nodes.RelationalTdsInstantiationExecutionNode.accept(RelationalTdsInstantiationExecutionNode.java:22)\n\tat org.finos.legend.engine.plan.execution.stores.relational.RelationalExecutionExtension.lambda$getExtraNodeExecutors$fbe53481$1(RelationalExecutionExtension.java:50)\n\tat org.finos.legend.engine.plan.execution.nodes.ExecutionNodeExecutor.lambda$visit$0(ExecutionNodeExecutor.java:164)\n\tat java.base/java.util.stream.ReferencePipeline$3$1.accept(ReferencePipeline.java:195)\n\tat java.base/java.util.Spliterators$ArraySpliterator.tryAdvance(Spliterators.java:958)\n\tat java.base/java.util.stream.ReferencePipeline.forEachWithCancel(ReferencePipeline.java:127)\n\tat java.base/java.util.stream.AbstractPipeline.copyIntoWithCancel(AbstractPipeline.java:502)\n\tat java.base/java.util.stream.AbstractPipeline.copyInto(AbstractPipeline.java:488)\n\tat java.base/java.util.stream.AbstractPipeline.wrapAndCopyInto(AbstractPipeline.java:474)\n\tat java.base/java.util.stream.FindOps$FindOp.evaluateSequential(FindOps.java:150)\n\tat java.base/java.util.stream.AbstractPipeline.evaluate(AbstractPipeline.java:234)\n\tat java.base/java.util.stream.ReferencePipeline.findFirst(ReferencePipeline.java:543)\n\tat org.finos.legend.engine.plan.execution.nodes.ExecutionNodeExecutor.visit(ExecutionNodeExecutor.java:164)\n\tat org.finos.legend.engine.plan.execution.nodes.ExecutionNodeExecutor.visit(ExecutionNodeExecutor.java:107)\n\tat org.finos.legend.engine.protocol.pure.v1.model.executionPlan.nodes.RelationalTdsInstantiationExecutionNode.accept(RelationalTdsInstantiationExecutionNode.java:22)\n\tat org.finos.legend.engine.plan.execution.PlanExecutor.execute(PlanExecutor.java:238)\n\tat org.finos.legend.engine.plan.execution.PlanExecutor.execute(PlanExecutor.java:225)\n\tat org.finos.legend.engine.plan.execution.api.ExecutePlan.doExecutePlanLegacy(ExecutePlan.java:102)\n\tat org.finos.legend.engine.plan.execution.api.ExecutePlan.doExecutePlan(ExecutePlan.java:84)\n\tat org.finos.legend.engine.plan.execution.api.ExecutePlanLegacy.executePlan(ExecutePlanLegacy.java:56)\n\tat jdk.internal.reflect.GeneratedMethodAccessor100.invoke(Unknown Source)\n\tat java.base/jdk.internal.reflect.DelegatingMethodAccessorImpl.invoke(DelegatingMethodAccessorImpl.java:43)\n\tat java.base/java.lang.reflect.Method.invoke(Method.java:566)\n\tat org.glassfish.jersey.server.model.internal.ResourceMethodInvocationHandlerFactory$1.invoke(ResourceMethodInvocationHandlerFactory.java:81)\n\tat org.glassfish.jersey.server.model.internal.AbstractJavaResourceMethodDispatcher$1.run(AbstractJavaResourceMethodDispatcher.java:144)\n\tat org.glassfish.jersey.server.model.internal.AbstractJavaResourceMethodDispatcher.invoke(AbstractJavaResourceMethodDispatcher.java:161)\n\tat org.glassfish.jersey.server.model.internal.JavaResourceMethodDispatcherProvider$ResponseOutInvoker.doDispatch(JavaResourceMethodDispatcherProvider.java:160)\n\tat org.glassfish.jersey.server.model.internal.AbstractJavaResourceMethodDispatcher.dispatch(AbstractJavaResourceMethodDispatcher.java:99)\n\tat org.glassfish.jersey.server.model.ResourceMethodInvoker.invoke(ResourceMethodInvoker.java:389)\n\tat org.glassfish.jersey.server.model.ResourceMethodInvoker.apply(ResourceMethodInvoker.java:347)\n\tat org.glassfish.jersey.server.model.ResourceMethodInvoker.apply(ResourceMethodInvoker.java:102)\n\tat org.glassfish.jersey.server.ServerRuntime$2.run(ServerRuntime.java:326)\n\tat org.glassfish.jersey.internal.Errors$1.call(Errors.java:271)\n\tat org.glassfish.jersey.internal.Errors$1.call(Errors.java:267)\n\tat org.glassfish.jersey.internal.Errors.process(Errors.java:315)\n\tat org.glassfish.jersey.internal.Errors.process(Errors.java:297)\n\tat org.glassfish.jersey.internal.Errors.process(Errors.java:267)\n\tat org.glassfish.jersey.process.internal.RequestScope.runInScope(RequestScope.java:317)\n\tat org.glassfish.jersey.server.ServerRuntime.process(ServerRuntime.java:305)\n\tat org.glassfish.jersey.server.ApplicationHandler.handle(ApplicationHandler.java:1154)\n\tat org.glassfish.jersey.servlet.WebComponent.serviceImpl(WebComponent.java:473)\n\tat org.glassfish.jersey.servlet.WebComponent.service(WebComponent.java:427)\n\tat org.glassfish.jersey.servlet.ServletContainer.service(ServletContainer.java:388)\n\tat org.glassfish.jersey.servlet.ServletContainer.service(ServletContainer.java:341)\n\tat org.glassfish.jersey.servlet.ServletContainer.service(ServletContainer.java:228)\n\tat org.eclipse.jetty.servlet.ServletHolder.handle(ServletHolder.java:799)\n\tat org.eclipse.jetty.servlet.ServletHandler$ChainEnd.doFilter(ServletHandler.java:1631)\n\tat io.dropwizard.servlets.ThreadNameFilter.doFilter(ThreadNameFilter.java:35)\n\tat org.eclipse.jetty.servlet.FilterHolder.doFilter(FilterHolder.java:193)\n\tat org.eclipse.jetty.servlet.ServletHandler$Chain.doFilter(ServletHandler.java:1601)\n\tat io.dropwizard.jersey.filter.AllowedMethodsFilter.handle(AllowedMethodsFilter.java:45)\n\tat io.dropwizard.jersey.filter.AllowedMethodsFilter.doFilter(AllowedMethodsFilter.java:39)\n\tat org.eclipse.jetty.servlet.FilterHolder.doFilter(FilterHolder.java:193)\n\tat org.eclipse.jetty.servlet.ServletHandler$Chain.doFilter(ServletHandler.java:1601)\n\tat org.finos.legend.server.pac4j.internal.UsernameFilter.doFilter(UsernameFilter.java:51)\n\tat org.eclipse.jetty.servlet.FilterHolder.doFilter(FilterHolder.java:193)\n\tat org.eclipse.jetty.servlet.ServletHandler$Chain.doFilter(ServletHandler.java:1601)\n\tat org.pac4j.j2e.filter.SecurityFilter.lambda$internalFilter$0(SecurityFilter.java:95)\n\tat org.pac4j.core.engine.DefaultSecurityLogic.perform(DefaultSecurityLogic.java:140)\n\tat org.pac4j.j2e.filter.SecurityFilter.internalFilter(SecurityFilter.java:93)\n\tat org.pac4j.j2e.filter.AbstractConfigFilter.doFilter(AbstractConfigFilter.java:81)\n\tat org.eclipse.jetty.servlet.FilterHolder.doFilter(FilterHolder.java:193)\n\tat org.eclipse.jetty.servlet.ServletHandler$Chain.doFilter(ServletHandler.java:1601)\n\tat org.eclipse.jetty.servlet.ServletHandler.doHandle(ServletHandler.java:548)\n\tat org.eclipse.jetty.server.handler.ScopedHandler.nextHandle(ScopedHandler.java:233)\n\tat org.eclipse.jetty.server.session.SessionHandler.doHandle(SessionHandler.java:1624)\n\tat org.eclipse.jetty.server.handler.ScopedHandler.nextHandle(ScopedHandler.java:233)\n\tat org.eclipse.jetty.server.handler.ContextHandler.doHandle(ContextHandler.java:1434)\n\tat org.eclipse.jetty.server.handler.ScopedHandler.nextScope(ScopedHandler.java:188)\n\tat org.eclipse.jetty.servlet.ServletHandler.doScope(ServletHandler.java:501)\n\tat org.eclipse.jetty.server.session.SessionHandler.doScope(SessionHandler.java:1594)\n\tat org.eclipse.jetty.server.handler.ScopedHandler.nextScope(ScopedHandler.java:186)\n\tat org.eclipse.jetty.server.handler.ContextHandler.doScope(ContextHandler.java:1349)\n\tat org.eclipse.jetty.server.handler.ScopedHandler.handle(ScopedHandler.java:141)\n\tat org.eclipse.jetty.server.handler.HandlerWrapper.handle(HandlerWrapper.java:127)\n\tat com.codahale.metrics.jetty9.InstrumentedHandler.handle(InstrumentedHandler.java:313)\n\tat io.dropwizard.jetty.ContextRoutingHandler.handle(ContextRoutingHandler.java:37)\n\tat org.eclipse.jetty.server.handler.gzip.GzipHandler.handle(GzipHandler.java:713)\n\tat io.dropwizard.jetty.BiDiGzipHandler.handle(BiDiGzipHandler.java:67)\n\tat org.eclipse.jetty.server.handler.StatisticsHandler.handle(StatisticsHandler.java:179)\n\tat org.eclipse.jetty.server.handler.HandlerWrapper.handle(HandlerWrapper.java:127)\n\tat org.eclipse.jetty.server.Server.handle(Server.java:516)\n\tat org.eclipse.jetty.server.HttpChannel.lambda$handle$1(HttpChannel.java:400)\n\tat org.eclipse.jetty.server.HttpChannel.dispatch(HttpChannel.java:645)\n\tat org.eclipse.jetty.server.HttpChannel.handle(HttpChannel.java:392)\n\tat org.eclipse.jetty.server.HttpConnection.onFillable(HttpConnection.java:277)\n\tat org.eclipse.jetty.io.AbstractConnection$ReadCallback.succeeded(AbstractConnection.java:311)\n\tat org.eclipse.jetty.io.FillInterest.fillable(FillInterest.java:105)\n\tat org.eclipse.jetty.io.ChannelEndPoint$1.run(ChannelEndPoint.java:104)\n\tat org.eclipse.jetty.util.thread.strategy.EatWhatYouKill.runTask(EatWhatYouKill.java:338)\n\tat org.eclipse.jetty.util.thread.strategy.EatWhatYouKill.doProduce(EatWhatYouKill.java:315)\n\tat org.eclipse.jetty.util.thread.strategy.EatWhatYouKill.tryProduce(EatWhatYouKill.java:173)\n\tat org.eclipse.jetty.util.thread.strategy.EatWhatYouKill.run(EatWhatYouKill.java:131)\n\tat org.eclipse.jetty.util.thread.ReservedThreadExecutor$ReservedThread.run(ReservedThreadExecutor.java:409)\n\tat org.eclipse.jetty.util.thread.QueuedThreadPool.runJob(QueuedThreadPool.java:883)\n\tat org.eclipse.jetty.util.thread.QueuedThreadPool$Runner.run(QueuedThreadPool.java:1034)\n\tat java.base/java.lang.Thread.run(Thread.java:829)\nCaused by: net.snowflake.client.jdbc.SnowflakeSQLException: SQL compilation error:\nObject 'PERSONTABLE' does not exist or not authorized.\n\tat net.snowflake.client.jdbc.SnowflakeUtil.checkErrorAndThrowExceptionSub(SnowflakeUtil.java:127)\n\tat net.snowflake.client.jdbc.SnowflakeUtil.checkErrorAndThrowException(SnowflakeUtil.java:67)\n\tat net.snowflake.client.core.StmtUtil.pollForOutput(StmtUtil.java:442)\n\tat net.snowflake.client.core.StmtUtil.execute(StmtUtil.java:345)\n\tat net.snowflake.client.core.SFStatement.executeHelper(SFStatement.java:486)\n\tat net.snowflake.client.core.SFStatement.executeQueryInternal(SFStatement.java:197)\n\tat net.snowflake.client.core.SFStatement.executeQuery(SFStatement.java:134)\n\tat net.snowflake.client.core.SFStatement.execute(SFStatement.java:743)\n\tat net.snowflake.client.core.SFStatement.execute(SFStatement.java:639)\n\tat net.snowflake.client.jdbc.SnowflakeStatementV1.executeQueryInternal(SnowflakeStatementV1.java:238)\n\tat net.snowflake.client.jdbc.SnowflakeStatementV1.executeQuery(SnowflakeStatementV1.java:133)\n\tat com.zaxxer.hikari.pool.ProxyStatement.executeQuery(ProxyStatement.java:110)\n\tat com.zaxxer.hikari.pool.HikariProxyStatement.executeQuery(HikariProxyStatement.java)\n\tat org.finos.legend.engine.plan.execution.stores.relational.result.SQLExecutionResult.<init>(SQLExecutionResult.java:95)\n\t... 101 more\n"},"mode":"DEV","timeStamp":"2023-02-23 01:32:02.564","user":"_UNKNOWN_"}
| **selectSubClauses::windowColumn::windowAvg** | failing :x: |
]]></system-out>
  </testcase>
  <testcase name="windowWithSortMultiple[Snowflake]" classname="org.finos.legend.engine.server.test.shared.Relational_DbSpecific_UsingPureClientTestSuite$2" time="0.442">
    <error message="Assert failure at (resource:/platform/pure/basics/tests/assertEq.pure line:34 column:5), &quot;500 &apos;{&quot;code&quot;:-1,&quot;message&quot;:&quot;SnowflakeSQLException: SQL compilation error:&#10;Object &apos;PERSONTABLE&apos; does not exist or not authorized.&quot;,&quot;status&quot;:&quot;error&quot;,&quot;trace&quot;:&quot;java.lang.RuntimeException: net.snowflake.client.jdbc.SnowflakeSQLException: SQL compilation error:&#10;Object &apos;PERSONTABLE&apos; does not exist or not authorized.&#10;at org.finos.legend.engine.plan.execution.stores.relational.result.SQLExecutionResult.&lt;init&gt;(SQLExecutionResult.java:123)&#10;at org.finos.legend.engine.plan.execution.stores.relational.RelationalExecutor.execute(RelationalExecutor.java:241)&#10;at org.finos.legend.engine.plan.execution.stores.relational.plugin.RelationalExecutionNodeExecutor.visit(RelationalExecutionNodeExecutor.java:238)&#10;at org.finos.legend.engine.plan.execution.stores.relational.plugin.RelationalExecutionNodeExecutor.visit(RelationalExecutionNodeExecutor.java:252)&#10;at org.finos.legend.engine.plan.execution.stores.relational.plugin.RelationalExecutionNodeExecutor.visit(RelationalExecutionNodeExecutor.java:92)&#10;at org.finos.legend.engine.protocol.pure.v1.model.executionPlan.nodes.RelationalTdsInstantiationExecutionNode.accept(RelationalTdsInstantiationExecutionNode.java:22)&#10;at org.finos.legend.engine.plan.execution.stores.relational.RelationalExecutionExtension.lambda$getExtraNodeExecutors$fbe53481$1(RelationalExecutionExtension.java:50)&#10;at org.finos.legend.engine.plan.execution.nodes.ExecutionNodeExecutor.lambda$visit$0(ExecutionNodeExecutor.java:164)&#10;at java.base/java.util.stream.ReferencePipeline$3$1.accept(ReferencePipeline.java:195)&#10;at java.base/java.util.Spliterators$ArraySpliterator.tryAdvance(Spliterators.java:958)&#10;at java.base/java.util.stream.ReferencePipeline.forEachWithCancel(ReferencePipeline.java:127)&#10;at java.base/java.util.stream.AbstractPipeline.copyIntoWithCancel(AbstractPipeline.java:502)&#10;at java.base/java.util.stream.AbstractPipeline.copyInto(AbstractPipeline.java:488)&#10;at java.base/java.util.stream.AbstractPipeline.wrapAndCopyInto(AbstractPipeline.java:474)&#10;at java.base/java.util.stream.FindOps$FindOp.evaluateSequential(FindOps.java:150)&#10;at java.base/java.util.stream.AbstractPipeline.evaluate(AbstractPipeline.java:234)&#10;at java.base/java.util.stream.ReferencePipeline.findFirst(ReferencePipeline.java:543)&#10;at org.finos.legend.engine.plan.execution.nodes.ExecutionNodeExecutor.visit(ExecutionNodeExecutor.java:164)&#10;at org.finos.legend.engine.plan.execution.nodes.ExecutionNodeExecutor.visit(ExecutionNodeExecutor.java:107)&#10;at org.finos.legend.engine.protocol.pure.v1.model.executionPlan.nodes.RelationalTdsInstantiationExecutionNode.accept(RelationalTdsInstantiationExecutionNode.java:22)&#10;at org.finos.legend.engine.plan.execution.PlanExecutor.execute(PlanExecutor.java:238)&#10;at org.finos.legend.engine.plan.execution.PlanExecutor.execute(PlanExecutor.java:225)&#10;at org.finos.legend.engine.plan.execution.api.ExecutePlan.doExecutePlanLegacy(ExecutePlan.java:102)&#10;at org.finos.legend.engine.plan.execution.api.ExecutePlan.doExecutePlan(ExecutePlan.java:84)&#10;at org.finos.legend.engine.plan.execution.api.ExecutePlanLegacy.executePlan(ExecutePlanLegacy.java:56)&#10;at jdk.internal.reflect.GeneratedMethodAccessor100.invoke(Unknown Source)&#10;at java.base/jdk.internal.reflect.DelegatingMethodAccessorImpl.invoke(DelegatingMethodAccessorImpl.java:43)&#10;at java.base/java.lang.reflect.Method.invoke(Method.java:566)&#10;at org.glassfish.jersey.server.model.internal.ResourceMethodInvocationHandlerFactory$1.invoke(ResourceMethodInvocationHandlerFactory.java:81)&#10;at org.glassfish.jersey.server.model.internal.AbstractJavaResourceMethodDispatcher$1.run(AbstractJavaResourceMethodDispatcher.java:144)&#10;at org.glassfish.jersey.server.model.internal.AbstractJavaResourceMethodDispatcher.invoke(AbstractJavaResourceMethodDispatcher.java:161)&#10;at org.glassfish.jersey.server.model.internal.JavaResourceMethodDispatcherProvider$ResponseOutInvoker.doDispatch(JavaResourceMethodDispatcherProvider.java:160)&#10;at org.glassfish.jersey.server.model.internal.AbstractJavaResourceMethodDispatcher.dispatch(AbstractJavaResourceMethodDispatcher.java:99)&#10;at org.glassfish.jersey.server.model.ResourceMethodInvoker.invoke(ResourceMethodInvoker.java:389)&#10;at org.glassfish.jersey.server.model.ResourceMethodInvoker.apply(ResourceMethodInvoker.java:347)&#10;at org.glassfish.jersey.server.model.ResourceMethodInvoker.apply(ResourceMethodInvoker.java:102)&#10;at org.glassfish.jersey.server.ServerRuntime$2.run(ServerRuntime.java:326)&#10;at org.glassfish.jersey.internal.Errors$1.call(Errors.java:271)&#10;at org.glassfish.jersey.internal.Errors$1.call(Errors.java:267)&#10;at org.glassfish.jersey.internal.Errors.process(Errors.java:315)&#10;at org.glassfish.jersey.internal.Errors.process(Errors.java:297)&#10;at org.glassfish.jersey.internal.Errors.process(Errors.java:267)&#10;at org.glassfish.jersey.process.internal.RequestScope.runInScope(RequestScope.java:317)&#10;at org.glassfish.jersey.server.ServerRuntime.process(ServerRuntime.java:305)&#10;at org.glassfish.jersey.server.ApplicationHandler.handle(ApplicationHandler.java:1154)&#10;at org.glassfish.jersey.servlet.WebComponent.serviceImpl(WebComponent.java:473)&#10;at org.glassfish.jersey.servlet.WebComponent.service(WebComponent.java:427)&#10;at org.glassfish.jersey.servlet.ServletContainer.service(ServletContainer.java:388)&#10;at org.glassfish.jersey.servlet.ServletContainer.service(ServletContainer.java:341)&#10;at org.glassfish.jersey.servlet.ServletContainer.service(ServletContainer.java:228)&#10;at org.eclipse.jetty.servlet.ServletHolder.handle(ServletHolder.java:799)&#10;at org.eclipse.jetty.servlet.ServletHandler$ChainEnd.doFilter(ServletHandler.java:1631)&#10;at io.dropwizard.servlets.ThreadNameFilter.doFilter(ThreadNameFilter.java:35)&#10;at org.eclipse.jetty.servlet.FilterHolder.doFilter(FilterHolder.java:193)&#10;at org.eclipse.jetty.servlet.ServletHandler$Chain.doFilter(ServletHandler.java:1601)&#10;at io.dropwizard.jersey.filter.AllowedMethodsFilter.handle(AllowedMethodsFilter.java:45)&#10;at io.dropwizard.jersey.filter.AllowedMethodsFilter.doFilter(AllowedMethodsFilter.java:39)&#10;at org.eclipse.jetty.servlet.FilterHolder.doFilter(FilterHolder.java:193)&#10;at org.eclipse.jetty.servlet.ServletHandler$Chain.doFilter(ServletHandler.java:1601)&#10;at org.finos.legend.server.pac4j.internal.UsernameFilter.doFilter(UsernameFilter.java:51)&#10;at org.eclipse.jetty.servlet.FilterHolder.doFilter(FilterHolder.java:193)&#10;at org.eclipse.jetty.servlet.ServletHandler$Chain.doFilter(ServletHandler.java:1601)&#10;at org.pac4j.j2e.filter.SecurityFilter.lambda$internalFilter$0(SecurityFilter.java:95)&#10;at org.pac4j.core.engine.DefaultSecurityLogic.perform(DefaultSecurityLogic.java:140)&#10;at org.pac4j.j2e.filter.SecurityFilter.internalFilter(SecurityFilter.java:93)&#10;at org.pac4j.j2e.filter.AbstractConfigFilter.doFilter(AbstractConfigFilter.java:81)&#10;at org.eclipse.jetty.servlet.FilterHolder.doFilter(FilterHolder.java:193)&#10;at org.eclipse.jetty.servlet.ServletHandler$Chain.doFilter(ServletHandler.java:1601)&#10;at org.eclipse.jetty.servlet.ServletHandler.doHandle(ServletHandler.java:548)&#10;at org.eclipse.jetty.server.handler.ScopedHandler.nextHandle(ScopedHandler.java:233)&#10;at org.eclipse.jetty.server.session.SessionHandler.doHandle(SessionHandler.java:1624)&#10;at org.eclipse.jetty.server.handler.ScopedHandler.nextHandle(ScopedHandler.java:233)&#10;at org.eclipse.jetty.server.handler.ContextHandler.doHandle(ContextHandler.java:1434)&#10;at org.eclipse.jetty.server.handler.ScopedHandler.nextScope(ScopedHandler.java:188)&#10;at org.eclipse.jetty.servlet.ServletHandler.doScope(ServletHandler.java:501)&#10;at org.eclipse.jetty.server.session.SessionHandler.doScope(SessionHandler.java:1594)&#10;at org.eclipse.jetty.server.handler.ScopedHandler.nextScope(ScopedHandler.java:186)&#10;at org.eclipse.jetty.server.handler.ContextHandler.doScope(ContextHandler.java:1349)&#10;at org.eclipse.jetty.server.handler.ScopedHandler.handle(ScopedHandler.java:141)&#10;at org.eclipse.jetty.server.handler.HandlerWrapper.handle(HandlerWrapper.java:127)&#10;at com.codahale.metrics.jetty9.InstrumentedHandler.handle(InstrumentedHandler.java:313)&#10;at io.dropwizard.jetty.ContextRoutingHandler.handle(ContextRoutingHandler.java:37)&#10;at org.eclipse.jetty.server.handler.gzip.GzipHandler.handle(GzipHandler.java:713)&#10;at io.dropwizard.jetty.BiDiGzipHandler.handle(BiDiGzipHandler.java:67)&#10;at org.eclipse.jetty.server.handler.StatisticsHandler.handle(StatisticsHandler.java:179)&#10;at org.eclipse.jetty.server.handler.HandlerWrapper.handle(HandlerWrapper.java:127)&#10;at org.eclipse.jetty.server.Server.handle(Server.java:516)&#10;at org.eclipse.jetty.server.HttpChannel.lambda$handle$1(HttpChannel.java:400)&#10;at org.eclipse.jetty.server.HttpChannel.dispatch(HttpChannel.java:645)&#10;at org.eclipse.jetty.server.HttpChannel.handle(HttpChannel.java:392)&#10;at org.eclipse.jetty.server.HttpConnection.onFillable(HttpConnection.java:277)&#10;at org.eclipse.jetty.io.AbstractConnection$ReadCallback.succeeded(AbstractConnection.java:311)&#10;at org.eclipse.jetty.io.FillInterest.fillable(FillInterest.java:105)&#10;at org.eclipse.jetty.io.ChannelEndPoint$1.run(ChannelEndPoint.java:104)&#10;at org.eclipse.jetty.util.thread.strategy.EatWhatYouKill.runTask(EatWhatYouKill.java:338)&#10;at org.eclipse.jetty.util.thread.strategy.EatWhatYouKill.doProduce(EatWhatYouKill.java:315)&#10;at org.eclipse.jetty.util.thread.strategy.EatWhatYouKill.tryProduce(EatWhatYouKill.java:173)&#10;at org.eclipse.jetty.util.thread.strategy.EatWhatYouKill.run(EatWhatYouKill.java:131)&#10;at org.eclipse.jetty.util.thread.ReservedThreadExecutor$ReservedThread.run(ReservedThreadExecutor.java:409)&#10;at org.eclipse.jetty.util.thread.QueuedThreadPool.runJob(QueuedThreadPool.java:883)&#10;at org.eclipse.jetty.util.thread.QueuedThreadPool$Runner.run(QueuedThreadPool.java:1034)&#10;at java.base/java.lang.Thread.run(Thread.java:829)&#10;Caused by: net.snowflake.client.jdbc.SnowflakeSQLException: SQL compilation error:&#10;Object &apos;PERSONTABLE&apos; does not exist or not authorized.&#10;at net.snowflake.client.jdbc.SnowflakeUtil.checkErrorAndThrowExceptionSub(SnowflakeUtil.java:127)&#10;at net.snowflake.client.jdbc.SnowflakeUtil.checkErrorAndThrowException(SnowflakeUtil.java:67)&#10;at net.snowflake.client.core.StmtUtil.pollForOutput(StmtUtil.java:442)&#10;at net.snowflake.client.core.StmtUtil.execute(StmtUtil.java:345)&#10;at net.snowflake.client.core.SFStatement.executeHelper(SFStatement.java:486)&#10;at net.snowflake.client.core.SFStatement.executeQueryInternal(SFStatement.java:197)&#10;at net.snowflake.client.core.SFStatement.executeQuery(SFStatement.java:134)&#10;at net.snowflake.client.core.SFStatement.execute(SFStatement.java:743)&#10;at net.snowflake.client.core.SFStatement.execute(SFStatement.java:639)&#10;at net.snowflake.client.jdbc.SnowflakeStatementV1.executeQueryInternal(SnowflakeStatementV1.java:238)&#10;at net.snowflake.client.jdbc.SnowflakeStatementV1.executeQuery(SnowflakeStatementV1.java:133)&#10;at com.zaxxer.hikari.pool.ProxyStatement.executeQuery(ProxyStatement.java:110)&#10;at com.zaxxer.hikari.pool.HikariProxyStatement.executeQuery(HikariProxyStatement.java)&#10;at org.finos.legend.engine.plan.execution.stores.relational.result.SQLExecutionResult.&lt;init&gt;(SQLExecutionResult.java:95)&#10;... 101 more&#10;&quot;}&apos;&quot;" type="Assert failure at (resource"><![CDATA[Assert failure at (resource:/platform/pure/basics/tests/assertEq.pure line:34 column:5), "500 '{"code":-1,"message":"SnowflakeSQLException: SQL compilation error:
Object 'PERSONTABLE' does not exist or not authorized.","status":"error","trace":"java.lang.RuntimeException: net.snowflake.client.jdbc.SnowflakeSQLException: SQL compilation error:
Object 'PERSONTABLE' does not exist or not authorized.
at org.finos.legend.engine.plan.execution.stores.relational.result.SQLExecutionResult.<init>(SQLExecutionResult.java:123)
at org.finos.legend.engine.plan.execution.stores.relational.RelationalExecutor.execute(RelationalExecutor.java:241)
at org.finos.legend.engine.plan.execution.stores.relational.plugin.RelationalExecutionNodeExecutor.visit(RelationalExecutionNodeExecutor.java:238)
at org.finos.legend.engine.plan.execution.stores.relational.plugin.RelationalExecutionNodeExecutor.visit(RelationalExecutionNodeExecutor.java:252)
at org.finos.legend.engine.plan.execution.stores.relational.plugin.RelationalExecutionNodeExecutor.visit(RelationalExecutionNodeExecutor.java:92)
at org.finos.legend.engine.protocol.pure.v1.model.executionPlan.nodes.RelationalTdsInstantiationExecutionNode.accept(RelationalTdsInstantiationExecutionNode.java:22)
at org.finos.legend.engine.plan.execution.stores.relational.RelationalExecutionExtension.lambda$getExtraNodeExecutors$fbe53481$1(RelationalExecutionExtension.java:50)
at org.finos.legend.engine.plan.execution.nodes.ExecutionNodeExecutor.lambda$visit$0(ExecutionNodeExecutor.java:164)
at java.base/java.util.stream.ReferencePipeline$3$1.accept(ReferencePipeline.java:195)
at java.base/java.util.Spliterators$ArraySpliterator.tryAdvance(Spliterators.java:958)
at java.base/java.util.stream.ReferencePipeline.forEachWithCancel(ReferencePipeline.java:127)
at java.base/java.util.stream.AbstractPipeline.copyIntoWithCancel(AbstractPipeline.java:502)
at java.base/java.util.stream.AbstractPipeline.copyInto(AbstractPipeline.java:488)
at java.base/java.util.stream.AbstractPipeline.wrapAndCopyInto(AbstractPipeline.java:474)
at java.base/java.util.stream.FindOps$FindOp.evaluateSequential(FindOps.java:150)
at java.base/java.util.stream.AbstractPipeline.evaluate(AbstractPipeline.java:234)
at java.base/java.util.stream.ReferencePipeline.findFirst(ReferencePipeline.java:543)
at org.finos.legend.engine.plan.execution.nodes.ExecutionNodeExecutor.visit(ExecutionNodeExecutor.java:164)
at org.finos.legend.engine.plan.execution.nodes.ExecutionNodeExecutor.visit(ExecutionNodeExecutor.java:107)
at org.finos.legend.engine.protocol.pure.v1.model.executionPlan.nodes.RelationalTdsInstantiationExecutionNode.accept(RelationalTdsInstantiationExecutionNode.java:22)
at org.finos.legend.engine.plan.execution.PlanExecutor.execute(PlanExecutor.java:238)
at org.finos.legend.engine.plan.execution.PlanExecutor.execute(PlanExecutor.java:225)
at org.finos.legend.engine.plan.execution.api.ExecutePlan.doExecutePlanLegacy(ExecutePlan.java:102)
at org.finos.legend.engine.plan.execution.api.ExecutePlan.doExecutePlan(ExecutePlan.java:84)
at org.finos.legend.engine.plan.execution.api.ExecutePlanLegacy.executePlan(ExecutePlanLegacy.java:56)
at jdk.internal.reflect.GeneratedMethodAccessor100.invoke(Unknown Source)
at java.base/jdk.internal.reflect.DelegatingMethodAccessorImpl.invoke(DelegatingMethodAccessorImpl.java:43)
at java.base/java.lang.reflect.Method.invoke(Method.java:566)
at org.glassfish.jersey.server.model.internal.ResourceMethodInvocationHandlerFactory$1.invoke(ResourceMethodInvocationHandlerFactory.java:81)
at org.glassfish.jersey.server.model.internal.AbstractJavaResourceMethodDispatcher$1.run(AbstractJavaResourceMethodDispatcher.java:144)
at org.glassfish.jersey.server.model.internal.AbstractJavaResourceMethodDispatcher.invoke(AbstractJavaResourceMethodDispatcher.java:161)
at org.glassfish.jersey.server.model.internal.JavaResourceMethodDispatcherProvider$ResponseOutInvoker.doDispatch(JavaResourceMethodDispatcherProvider.java:160)
at org.glassfish.jersey.server.model.internal.AbstractJavaResourceMethodDispatcher.dispatch(AbstractJavaResourceMethodDispatcher.java:99)
at org.glassfish.jersey.server.model.ResourceMethodInvoker.invoke(ResourceMethodInvoker.java:389)
at org.glassfish.jersey.server.model.ResourceMethodInvoker.apply(ResourceMethodInvoker.java:347)
at org.glassfish.jersey.server.model.ResourceMethodInvoker.apply(ResourceMethodInvoker.java:102)
at org.glassfish.jersey.server.ServerRuntime$2.run(ServerRuntime.java:326)
at org.glassfish.jersey.internal.Errors$1.call(Errors.java:271)
at org.glassfish.jersey.internal.Errors$1.call(Errors.java:267)
at org.glassfish.jersey.internal.Errors.process(Errors.java:315)
at org.glassfish.jersey.internal.Errors.process(Errors.java:297)
at org.glassfish.jersey.internal.Errors.process(Errors.java:267)
at org.glassfish.jersey.process.internal.RequestScope.runInScope(RequestScope.java:317)
at org.glassfish.jersey.server.ServerRuntime.process(ServerRuntime.java:305)
at org.glassfish.jersey.server.ApplicationHandler.handle(ApplicationHandler.java:1154)
at org.glassfish.jersey.servlet.WebComponent.serviceImpl(WebComponent.java:473)
at org.glassfish.jersey.servlet.WebComponent.service(WebComponent.java:427)
at org.glassfish.jersey.servlet.ServletContainer.service(ServletContainer.java:388)
at org.glassfish.jersey.servlet.ServletContainer.service(ServletContainer.java:341)
at org.glassfish.jersey.servlet.ServletContainer.service(ServletContainer.java:228)
at org.eclipse.jetty.servlet.ServletHolder.handle(ServletHolder.java:799)
at org.eclipse.jetty.servlet.ServletHandler$ChainEnd.doFilter(ServletHandler.java:1631)
at io.dropwizard.servlets.ThreadNameFilter.doFilter(ThreadNameFilter.java:35)
at org.eclipse.jetty.servlet.FilterHolder.doFilter(FilterHolder.java:193)
at org.eclipse.jetty.servlet.ServletHandler$Chain.doFilter(ServletHandler.java:1601)
at io.dropwizard.jersey.filter.AllowedMethodsFilter.handle(AllowedMethodsFilter.java:45)
at io.dropwizard.jersey.filter.AllowedMethodsFilter.doFilter(AllowedMethodsFilter.java:39)
at org.eclipse.jetty.servlet.FilterHolder.doFilter(FilterHolder.java:193)
at org.eclipse.jetty.servlet.ServletHandler$Chain.doFilter(ServletHandler.java:1601)
at org.finos.legend.server.pac4j.internal.UsernameFilter.doFilter(UsernameFilter.java:51)
at org.eclipse.jetty.servlet.FilterHolder.doFilter(FilterHolder.java:193)
at org.eclipse.jetty.servlet.ServletHandler$Chain.doFilter(ServletHandler.java:1601)
at org.pac4j.j2e.filter.SecurityFilter.lambda$internalFilter$0(SecurityFilter.java:95)
at org.pac4j.core.engine.DefaultSecurityLogic.perform(DefaultSecurityLogic.java:140)
at org.pac4j.j2e.filter.SecurityFilter.internalFilter(SecurityFilter.java:93)
at org.pac4j.j2e.filter.AbstractConfigFilter.doFilter(AbstractConfigFilter.java:81)
at org.eclipse.jetty.servlet.FilterHolder.doFilter(FilterHolder.java:193)
at org.eclipse.jetty.servlet.ServletHandler$Chain.doFilter(ServletHandler.java:1601)
at org.eclipse.jetty.servlet.ServletHandler.doHandle(ServletHandler.java:548)
at org.eclipse.jetty.server.handler.ScopedHandler.nextHandle(ScopedHandler.java:233)
at org.eclipse.jetty.server.session.SessionHandler.doHandle(SessionHandler.java:1624)
at org.eclipse.jetty.server.handler.ScopedHandler.nextHandle(ScopedHandler.java:233)
at org.eclipse.jetty.server.handler.ContextHandler.doHandle(ContextHandler.java:1434)
at org.eclipse.jetty.server.handler.ScopedHandler.nextScope(ScopedHandler.java:188)
at org.eclipse.jetty.servlet.ServletHandler.doScope(ServletHandler.java:501)
at org.eclipse.jetty.server.session.SessionHandler.doScope(SessionHandler.java:1594)
at org.eclipse.jetty.server.handler.ScopedHandler.nextScope(ScopedHandler.java:186)
at org.eclipse.jetty.server.handler.ContextHandler.doScope(ContextHandler.java:1349)
at org.eclipse.jetty.server.handler.ScopedHandler.handle(ScopedHandler.java:141)
at org.eclipse.jetty.server.handler.HandlerWrapper.handle(HandlerWrapper.java:127)
at com.codahale.metrics.jetty9.InstrumentedHandler.handle(InstrumentedHandler.java:313)
at io.dropwizard.jetty.ContextRoutingHandler.handle(ContextRoutingHandler.java:37)
at org.eclipse.jetty.server.handler.gzip.GzipHandler.handle(GzipHandler.java:713)
at io.dropwizard.jetty.BiDiGzipHandler.handle(BiDiGzipHandler.java:67)
at org.eclipse.jetty.server.handler.StatisticsHandler.handle(StatisticsHandler.java:179)
at org.eclipse.jetty.server.handler.HandlerWrapper.handle(HandlerWrapper.java:127)
at org.eclipse.jetty.server.Server.handle(Server.java:516)
at org.eclipse.jetty.server.HttpChannel.lambda$handle$1(HttpChannel.java:400)
at org.eclipse.jetty.server.HttpChannel.dispatch(HttpChannel.java:645)
at org.eclipse.jetty.server.HttpChannel.handle(HttpChannel.java:392)
at org.eclipse.jetty.server.HttpConnection.onFillable(HttpConnection.java:277)
at org.eclipse.jetty.io.AbstractConnection$ReadCallback.succeeded(AbstractConnection.java:311)
at org.eclipse.jetty.io.FillInterest.fillable(FillInterest.java:105)
at org.eclipse.jetty.io.ChannelEndPoint$1.run(ChannelEndPoint.java:104)
at org.eclipse.jetty.util.thread.strategy.EatWhatYouKill.runTask(EatWhatYouKill.java:338)
at org.eclipse.jetty.util.thread.strategy.EatWhatYouKill.doProduce(EatWhatYouKill.java:315)
at org.eclipse.jetty.util.thread.strategy.EatWhatYouKill.tryProduce(EatWhatYouKill.java:173)
at org.eclipse.jetty.util.thread.strategy.EatWhatYouKill.run(EatWhatYouKill.java:131)
at org.eclipse.jetty.util.thread.ReservedThreadExecutor$ReservedThread.run(ReservedThreadExecutor.java:409)
at org.eclipse.jetty.util.thread.QueuedThreadPool.runJob(QueuedThreadPool.java:883)
at org.eclipse.jetty.util.thread.QueuedThreadPool$Runner.run(QueuedThreadPool.java:1034)
at java.base/java.lang.Thread.run(Thread.java:829)
Caused by: net.snowflake.client.jdbc.SnowflakeSQLException: SQL compilation error:
Object 'PERSONTABLE' does not exist or not authorized.
at net.snowflake.client.jdbc.SnowflakeUtil.checkErrorAndThrowExceptionSub(SnowflakeUtil.java:127)
at net.snowflake.client.jdbc.SnowflakeUtil.checkErrorAndThrowException(SnowflakeUtil.java:67)
at net.snowflake.client.core.StmtUtil.pollForOutput(StmtUtil.java:442)
at net.snowflake.client.core.StmtUtil.execute(StmtUtil.java:345)
at net.snowflake.client.core.SFStatement.executeHelper(SFStatement.java:486)
at net.snowflake.client.core.SFStatement.executeQueryInternal(SFStatement.java:197)
at net.snowflake.client.core.SFStatement.executeQuery(SFStatement.java:134)
at net.snowflake.client.core.SFStatement.execute(SFStatement.java:743)
at net.snowflake.client.core.SFStatement.execute(SFStatement.java:639)
at net.snowflake.client.jdbc.SnowflakeStatementV1.executeQueryInternal(SnowflakeStatementV1.java:238)
at net.snowflake.client.jdbc.SnowflakeStatementV1.executeQuery(SnowflakeStatementV1.java:133)
at com.zaxxer.hikari.pool.ProxyStatement.executeQuery(ProxyStatement.java:110)
at com.zaxxer.hikari.pool.HikariProxyStatement.executeQuery(HikariProxyStatement.java)
at org.finos.legend.engine.plan.execution.stores.relational.result.SQLExecutionResult.<init>(SQLExecutionResult.java:95)
... 101 more
"}'"
	at org.finos.legend.pure.runtime.java.compiled.generation.processors.support.CompiledSupport.pureAssert(CompiledSupport.java:1994)
	at org.finos.legend.pure.generated.platform_pure_basics_tests_assertEq.Root_meta_pure_functions_asserts_assertEq_Any_1__Any_1__Function_1__Boolean_1_(platform_pure_basics_tests_assertEq.java:44)
	at org.finos.legend.pure.generated.core_pure_protocol_vX_X_X_invocations_execution.Root_meta_protocols_pure_vX_X_X_invocation_execution_execute_executePlan_String_1__String_1__Integer_1__String_1_(core_pure_protocol_vX_X_X_invocations_execution.java:751)
	at org.finos.legend.pure.generated.core_pure_protocol_vX_X_X_invocations_execution.Root_meta_protocols_pure_vX_X_X_invocation_execution_execute_executePlan_ExecutionPlan_1__String_1__Integer_1__Extension_MANY__String_1_(core_pure_protocol_vX_X_X_invocations_execution.java:745)
	at org.finos.legend.pure.generated.core_pure_protocol_vX_X_X_invocations_execution.Root_meta_protocols_pure_vX_X_X_invocation_execution_execute_executePlan_ExecutionPlan_1__ExecutionContext_$0_1$__String_1__Integer_1__Extension_MANY__Result_1_(core_pure_protocol_vX_X_X_invocations_execution.java:738)
	at jdk.internal.reflect.GeneratedMethodAccessor96.invoke(Unknown Source)
	at java.base/jdk.internal.reflect.DelegatingMethodAccessorImpl.invoke(DelegatingMethodAccessorImpl.java:43)
	at java.base/java.lang.reflect.Method.invoke(Method.java:566)
	at org.finos.legend.pure.runtime.java.compiled.metadata.JavaMethodWithParamsSharedPureFunction.execute(JavaMethodWithParamsSharedPureFunction.java:59)
	at org.finos.legend.pure.runtime.java.compiled.generation.processors.support.Pure._evaluateToMany(Pure.java:546)
	at org.finos.legend.pure.generated.CoreGen.evaluateToMany(CoreGen.java:147)
	at org.finos.legend.pure.generated.CoreGen.evaluateToMany(CoreGen.java:134)
	at org.finos.legend.pure.generated.core_pure_router_router_entry$9$1.value(core_pure_router_router_entry.java:318)
	at org.finos.legend.pure.generated.core_pure_router_router_entry$9$1.execute(core_pure_router_router_entry.java:311)
	at org.finos.legend.pure.generated.core_pure_router_router_entry$9$1.execute(core_pure_router_router_entry.java:307)
	at org.finos.legend.pure.runtime.java.compiled.generation.processors.support.Pure.evaluate(Pure.java:485)
	at org.finos.legend.pure.runtime.java.compiled.generation.processors.support.Pure.legendTest(Pure.java:216)
	at org.finos.legend.pure.generated.CoreGen.legendTest(CoreGen.java:61)
	at org.finos.legend.pure.generated.core_pure_router_router_entry$9.valueOf(core_pure_router_router_entry.java:303)
	at org.finos.legend.pure.generated.core_pure_router_router_entry$9.execute(core_pure_router_router_entry.java:298)
	at org.finos.legend.pure.generated.core_pure_router_router_entry$9.execute(core_pure_router_router_entry.java:294)
	at org.finos.legend.pure.runtime.java.compiled.generation.processors.support.Pure.evaluate(Pure.java:485)
	at org.finos.legend.pure.runtime.java.compiled.generation.processors.support.Pure.traceSpan(Pure.java:1482)
	at org.finos.legend.pure.generated.CoreGen.traceSpan(CoreGen.java:203)
	at org.finos.legend.pure.generated.core_pure_router_router_entry.Root_meta_pure_router_executePlan_ExecutionPlan_1__ExecutionContext_1__Extension_MANY__Result_$0_1$_(core_pure_router_router_entry.java:290)
	at org.finos.legend.pure.generated.core_pure_router_router_entry.Root_meta_pure_router_executePlan_ExecutionPlan_1__Extension_MANY__Result_$0_1$_(core_pure_router_router_entry.java:285)
	at org.finos.legend.pure.generated.core_relational_relational_sqlQueryToString_dbTestRunner_executionPlanTestRunner$19.execute(core_relational_relational_sqlQueryToString_dbTestRunner_executionPlanTestRunner.java:305)
	at org.finos.legend.pure.generated.core_relational_relational_sqlQueryToString_dbTestRunner_executionPlanTestRunner.Root_meta_relational_dbTestRunner_executeViaPlan_FunctionDefinition_1__Mapping_1__Database_1__DbTestConfig_1__Extension_MANY__Result_$0_1$_(core_relational_relational_sqlQueryToString_dbTestRunner_executionPlanTestRunner.java:309)
	at org.finos.legend.pure.generated.core_relational_relational_sqlQueryToString_testSuite_selectSubClauses_windowColumn.Root_meta_relational_tests_dbSpecificTests_sqlQueryTests_selectSubClauses_windowColumn_windowWithSortMultiple_DbTestConfig_1__Boolean_1_(core_relational_relational_sqlQueryToString_testSuite_selectSubClauses_windowColumn.java:976)
	at java.base/jdk.internal.reflect.NativeMethodAccessorImpl.invoke0(Native Method)
	at java.base/jdk.internal.reflect.NativeMethodAccessorImpl.invoke(NativeMethodAccessorImpl.java:62)
	at java.base/jdk.internal.reflect.DelegatingMethodAccessorImpl.invoke(DelegatingMethodAccessorImpl.java:43)
	at java.base/java.lang.reflect.Method.invoke(Method.java:566)
	at org.finos.legend.pure.runtime.java.compiled.testHelper.PureTestBuilderCompiled.executeFn(PureTestBuilderCompiled.java:113)
	at org.finos.legend.pure.runtime.java.compiled.testHelper.PureTestBuilderCompiled.lambda$buildSuite$0(PureTestBuilderCompiled.java:79)
	at org.finos.legend.pure.m3.execution.test.PureTestBuilder$PureTestCase.runTest(PureTestBuilder.java:95)
	at junit.framework.TestCase.runBare(TestCase.java:142)
	at org.finos.legend.engine.server.test.shared.Relational_DbSpecific_UsingPureClientTestSuite$2.runTest(Relational_DbSpecific_UsingPureClientTestSuite.java:90)
	at junit.framework.TestCase.runBare(TestCase.java:142)
	at junit.framework.TestResult$1.protect(TestResult.java:122)
	at junit.framework.TestResult.runProtected(TestResult.java:142)
	at junit.framework.TestResult.run(TestResult.java:125)
	at junit.framework.TestCase.run(TestCase.java:130)
	at junit.framework.TestSuite.runTest(TestSuite.java:241)
	at junit.framework.TestSuite.run(TestSuite.java:236)
	at junit.framework.TestSuite.runTest(TestSuite.java:241)
	at junit.framework.TestSuite.run(TestSuite.java:236)
	at junit.framework.TestSuite.runTest(TestSuite.java:241)
	at junit.framework.TestSuite.run(TestSuite.java:236)
	at junit.framework.TestSuite.runTest(TestSuite.java:241)
	at junit.framework.TestSuite.run(TestSuite.java:236)
	at junit.framework.TestSuite.runTest(TestSuite.java:241)
	at junit.framework.TestSuite.run(TestSuite.java:236)
	at junit.extensions.TestDecorator.basicRun(TestDecorator.java:24)
	at junit.extensions.TestSetup$1.protect(TestSetup.java:23)
	at junit.framework.TestResult.runProtected(TestResult.java:142)
	at junit.extensions.TestSetup.run(TestSetup.java:27)
	at org.junit.internal.runners.JUnit38ClassRunner.run(JUnit38ClassRunner.java:90)
	at org.apache.maven.surefire.junit4.JUnit4Provider.execute(JUnit4Provider.java:365)
	at org.apache.maven.surefire.junit4.JUnit4Provider.executeWithRerun(JUnit4Provider.java:273)
	at org.apache.maven.surefire.junit4.JUnit4Provider.executeTestSet(JUnit4Provider.java:238)
	at org.apache.maven.surefire.junit4.JUnit4Provider.invoke(JUnit4Provider.java:159)
	at org.apache.maven.surefire.booter.ForkedBooter.invokeProviderInSameClassLoader(ForkedBooter.java:384)
	at org.apache.maven.surefire.booter.ForkedBooter.runSuitesInProcess(ForkedBooter.java:345)
	at org.apache.maven.surefire.booter.ForkedBooter.execute(ForkedBooter.java:126)
	at org.apache.maven.surefire.booter.ForkedBooter.main(ForkedBooter.java:418)
]]></error>
    <system-out><![CDATA[Running db test selectSubClauses::windowColumn::windowWithSortMultiple
{"duration":0.0,"eventType":"EXECUTION_PLAN_EXEC_ERROR","info":{"code":-1,"message":"SnowflakeSQLException: SQL compilation error:\nObject 'PERSONTABLE' does not exist or not authorized.","status":"error","trace":"java.lang.RuntimeException: net.snowflake.client.jdbc.SnowflakeSQLException: SQL compilation error:\nObject 'PERSONTABLE' does not exist or not authorized.\n\tat org.finos.legend.engine.plan.execution.stores.relational.result.SQLExecutionResult.<init>(SQLExecutionResult.java:123)\n\tat org.finos.legend.engine.plan.execution.stores.relational.RelationalExecutor.execute(RelationalExecutor.java:241)\n\tat org.finos.legend.engine.plan.execution.stores.relational.plugin.RelationalExecutionNodeExecutor.visit(RelationalExecutionNodeExecutor.java:238)\n\tat org.finos.legend.engine.plan.execution.stores.relational.plugin.RelationalExecutionNodeExecutor.visit(RelationalExecutionNodeExecutor.java:252)\n\tat org.finos.legend.engine.plan.execution.stores.relational.plugin.RelationalExecutionNodeExecutor.visit(RelationalExecutionNodeExecutor.java:92)\n\tat org.finos.legend.engine.protocol.pure.v1.model.executionPlan.nodes.RelationalTdsInstantiationExecutionNode.accept(RelationalTdsInstantiationExecutionNode.java:22)\n\tat org.finos.legend.engine.plan.execution.stores.relational.RelationalExecutionExtension.lambda$getExtraNodeExecutors$fbe53481$1(RelationalExecutionExtension.java:50)\n\tat org.finos.legend.engine.plan.execution.nodes.ExecutionNodeExecutor.lambda$visit$0(ExecutionNodeExecutor.java:164)\n\tat java.base/java.util.stream.ReferencePipeline$3$1.accept(ReferencePipeline.java:195)\n\tat java.base/java.util.Spliterators$ArraySpliterator.tryAdvance(Spliterators.java:958)\n\tat java.base/java.util.stream.ReferencePipeline.forEachWithCancel(ReferencePipeline.java:127)\n\tat java.base/java.util.stream.AbstractPipeline.copyIntoWithCancel(AbstractPipeline.java:502)\n\tat java.base/java.util.stream.AbstractPipeline.copyInto(AbstractPipeline.java:488)\n\tat java.base/java.util.stream.AbstractPipeline.wrapAndCopyInto(AbstractPipeline.java:474)\n\tat java.base/java.util.stream.FindOps$FindOp.evaluateSequential(FindOps.java:150)\n\tat java.base/java.util.stream.AbstractPipeline.evaluate(AbstractPipeline.java:234)\n\tat java.base/java.util.stream.ReferencePipeline.findFirst(ReferencePipeline.java:543)\n\tat org.finos.legend.engine.plan.execution.nodes.ExecutionNodeExecutor.visit(ExecutionNodeExecutor.java:164)\n\tat org.finos.legend.engine.plan.execution.nodes.ExecutionNodeExecutor.visit(ExecutionNodeExecutor.java:107)\n\tat org.finos.legend.engine.protocol.pure.v1.model.executionPlan.nodes.RelationalTdsInstantiationExecutionNode.accept(RelationalTdsInstantiationExecutionNode.java:22)\n\tat org.finos.legend.engine.plan.execution.PlanExecutor.execute(PlanExecutor.java:238)\n\tat org.finos.legend.engine.plan.execution.PlanExecutor.execute(PlanExecutor.java:225)\n\tat org.finos.legend.engine.plan.execution.api.ExecutePlan.doExecutePlanLegacy(ExecutePlan.java:102)\n\tat org.finos.legend.engine.plan.execution.api.ExecutePlan.doExecutePlan(ExecutePlan.java:84)\n\tat org.finos.legend.engine.plan.execution.api.ExecutePlanLegacy.executePlan(ExecutePlanLegacy.java:56)\n\tat jdk.internal.reflect.GeneratedMethodAccessor100.invoke(Unknown Source)\n\tat java.base/jdk.internal.reflect.DelegatingMethodAccessorImpl.invoke(DelegatingMethodAccessorImpl.java:43)\n\tat java.base/java.lang.reflect.Method.invoke(Method.java:566)\n\tat org.glassfish.jersey.server.model.internal.ResourceMethodInvocationHandlerFactory$1.invoke(ResourceMethodInvocationHandlerFactory.java:81)\n\tat org.glassfish.jersey.server.model.internal.AbstractJavaResourceMethodDispatcher$1.run(AbstractJavaResourceMethodDispatcher.java:144)\n\tat org.glassfish.jersey.server.model.internal.AbstractJavaResourceMethodDispatcher.invoke(AbstractJavaResourceMethodDispatcher.java:161)\n\tat org.glassfish.jersey.server.model.internal.JavaResourceMethodDispatcherProvider$ResponseOutInvoker.doDispatch(JavaResourceMethodDispatcherProvider.java:160)\n\tat org.glassfish.jersey.server.model.internal.AbstractJavaResourceMethodDispatcher.dispatch(AbstractJavaResourceMethodDispatcher.java:99)\n\tat org.glassfish.jersey.server.model.ResourceMethodInvoker.invoke(ResourceMethodInvoker.java:389)\n\tat org.glassfish.jersey.server.model.ResourceMethodInvoker.apply(ResourceMethodInvoker.java:347)\n\tat org.glassfish.jersey.server.model.ResourceMethodInvoker.apply(ResourceMethodInvoker.java:102)\n\tat org.glassfish.jersey.server.ServerRuntime$2.run(ServerRuntime.java:326)\n\tat org.glassfish.jersey.internal.Errors$1.call(Errors.java:271)\n\tat org.glassfish.jersey.internal.Errors$1.call(Errors.java:267)\n\tat org.glassfish.jersey.internal.Errors.process(Errors.java:315)\n\tat org.glassfish.jersey.internal.Errors.process(Errors.java:297)\n\tat org.glassfish.jersey.internal.Errors.process(Errors.java:267)\n\tat org.glassfish.jersey.process.internal.RequestScope.runInScope(RequestScope.java:317)\n\tat org.glassfish.jersey.server.ServerRuntime.process(ServerRuntime.java:305)\n\tat org.glassfish.jersey.server.ApplicationHandler.handle(ApplicationHandler.java:1154)\n\tat org.glassfish.jersey.servlet.WebComponent.serviceImpl(WebComponent.java:473)\n\tat org.glassfish.jersey.servlet.WebComponent.service(WebComponent.java:427)\n\tat org.glassfish.jersey.servlet.ServletContainer.service(ServletContainer.java:388)\n\tat org.glassfish.jersey.servlet.ServletContainer.service(ServletContainer.java:341)\n\tat org.glassfish.jersey.servlet.ServletContainer.service(ServletContainer.java:228)\n\tat org.eclipse.jetty.servlet.ServletHolder.handle(ServletHolder.java:799)\n\tat org.eclipse.jetty.servlet.ServletHandler$ChainEnd.doFilter(ServletHandler.java:1631)\n\tat io.dropwizard.servlets.ThreadNameFilter.doFilter(ThreadNameFilter.java:35)\n\tat org.eclipse.jetty.servlet.FilterHolder.doFilter(FilterHolder.java:193)\n\tat org.eclipse.jetty.servlet.ServletHandler$Chain.doFilter(ServletHandler.java:1601)\n\tat io.dropwizard.jersey.filter.AllowedMethodsFilter.handle(AllowedMethodsFilter.java:45)\n\tat io.dropwizard.jersey.filter.AllowedMethodsFilter.doFilter(AllowedMethodsFilter.java:39)\n\tat org.eclipse.jetty.servlet.FilterHolder.doFilter(FilterHolder.java:193)\n\tat org.eclipse.jetty.servlet.ServletHandler$Chain.doFilter(ServletHandler.java:1601)\n\tat org.finos.legend.server.pac4j.internal.UsernameFilter.doFilter(UsernameFilter.java:51)\n\tat org.eclipse.jetty.servlet.FilterHolder.doFilter(FilterHolder.java:193)\n\tat org.eclipse.jetty.servlet.ServletHandler$Chain.doFilter(ServletHandler.java:1601)\n\tat org.pac4j.j2e.filter.SecurityFilter.lambda$internalFilter$0(SecurityFilter.java:95)\n\tat org.pac4j.core.engine.DefaultSecurityLogic.perform(DefaultSecurityLogic.java:140)\n\tat org.pac4j.j2e.filter.SecurityFilter.internalFilter(SecurityFilter.java:93)\n\tat org.pac4j.j2e.filter.AbstractConfigFilter.doFilter(AbstractConfigFilter.java:81)\n\tat org.eclipse.jetty.servlet.FilterHolder.doFilter(FilterHolder.java:193)\n\tat org.eclipse.jetty.servlet.ServletHandler$Chain.doFilter(ServletHandler.java:1601)\n\tat org.eclipse.jetty.servlet.ServletHandler.doHandle(ServletHandler.java:548)\n\tat org.eclipse.jetty.server.handler.ScopedHandler.nextHandle(ScopedHandler.java:233)\n\tat org.eclipse.jetty.server.session.SessionHandler.doHandle(SessionHandler.java:1624)\n\tat org.eclipse.jetty.server.handler.ScopedHandler.nextHandle(ScopedHandler.java:233)\n\tat org.eclipse.jetty.server.handler.ContextHandler.doHandle(ContextHandler.java:1434)\n\tat org.eclipse.jetty.server.handler.ScopedHandler.nextScope(ScopedHandler.java:188)\n\tat org.eclipse.jetty.servlet.ServletHandler.doScope(ServletHandler.java:501)\n\tat org.eclipse.jetty.server.session.SessionHandler.doScope(SessionHandler.java:1594)\n\tat org.eclipse.jetty.server.handler.ScopedHandler.nextScope(ScopedHandler.java:186)\n\tat org.eclipse.jetty.server.handler.ContextHandler.doScope(ContextHandler.java:1349)\n\tat org.eclipse.jetty.server.handler.ScopedHandler.handle(ScopedHandler.java:141)\n\tat org.eclipse.jetty.server.handler.HandlerWrapper.handle(HandlerWrapper.java:127)\n\tat com.codahale.metrics.jetty9.InstrumentedHandler.handle(InstrumentedHandler.java:313)\n\tat io.dropwizard.jetty.ContextRoutingHandler.handle(ContextRoutingHandler.java:37)\n\tat org.eclipse.jetty.server.handler.gzip.GzipHandler.handle(GzipHandler.java:713)\n\tat io.dropwizard.jetty.BiDiGzipHandler.handle(BiDiGzipHandler.java:67)\n\tat org.eclipse.jetty.server.handler.StatisticsHandler.handle(StatisticsHandler.java:179)\n\tat org.eclipse.jetty.server.handler.HandlerWrapper.handle(HandlerWrapper.java:127)\n\tat org.eclipse.jetty.server.Server.handle(Server.java:516)\n\tat org.eclipse.jetty.server.HttpChannel.lambda$handle$1(HttpChannel.java:400)\n\tat org.eclipse.jetty.server.HttpChannel.dispatch(HttpChannel.java:645)\n\tat org.eclipse.jetty.server.HttpChannel.handle(HttpChannel.java:392)\n\tat org.eclipse.jetty.server.HttpConnection.onFillable(HttpConnection.java:277)\n\tat org.eclipse.jetty.io.AbstractConnection$ReadCallback.succeeded(AbstractConnection.java:311)\n\tat org.eclipse.jetty.io.FillInterest.fillable(FillInterest.java:105)\n\tat org.eclipse.jetty.io.ChannelEndPoint$1.run(ChannelEndPoint.java:104)\n\tat org.eclipse.jetty.util.thread.strategy.EatWhatYouKill.runTask(EatWhatYouKill.java:338)\n\tat org.eclipse.jetty.util.thread.strategy.EatWhatYouKill.doProduce(EatWhatYouKill.java:315)\n\tat org.eclipse.jetty.util.thread.strategy.EatWhatYouKill.tryProduce(EatWhatYouKill.java:173)\n\tat org.eclipse.jetty.util.thread.strategy.EatWhatYouKill.run(EatWhatYouKill.java:131)\n\tat org.eclipse.jetty.util.thread.ReservedThreadExecutor$ReservedThread.run(ReservedThreadExecutor.java:409)\n\tat org.eclipse.jetty.util.thread.QueuedThreadPool.runJob(QueuedThreadPool.java:883)\n\tat org.eclipse.jetty.util.thread.QueuedThreadPool$Runner.run(QueuedThreadPool.java:1034)\n\tat java.base/java.lang.Thread.run(Thread.java:829)\nCaused by: net.snowflake.client.jdbc.SnowflakeSQLException: SQL compilation error:\nObject 'PERSONTABLE' does not exist or not authorized.\n\tat net.snowflake.client.jdbc.SnowflakeUtil.checkErrorAndThrowExceptionSub(SnowflakeUtil.java:127)\n\tat net.snowflake.client.jdbc.SnowflakeUtil.checkErrorAndThrowException(SnowflakeUtil.java:67)\n\tat net.snowflake.client.core.StmtUtil.pollForOutput(StmtUtil.java:442)\n\tat net.snowflake.client.core.StmtUtil.execute(StmtUtil.java:345)\n\tat net.snowflake.client.core.SFStatement.executeHelper(SFStatement.java:486)\n\tat net.snowflake.client.core.SFStatement.executeQueryInternal(SFStatement.java:197)\n\tat net.snowflake.client.core.SFStatement.executeQuery(SFStatement.java:134)\n\tat net.snowflake.client.core.SFStatement.execute(SFStatement.java:743)\n\tat net.snowflake.client.core.SFStatement.execute(SFStatement.java:639)\n\tat net.snowflake.client.jdbc.SnowflakeStatementV1.executeQueryInternal(SnowflakeStatementV1.java:238)\n\tat net.snowflake.client.jdbc.SnowflakeStatementV1.executeQuery(SnowflakeStatementV1.java:133)\n\tat com.zaxxer.hikari.pool.ProxyStatement.executeQuery(ProxyStatement.java:110)\n\tat com.zaxxer.hikari.pool.HikariProxyStatement.executeQuery(HikariProxyStatement.java)\n\tat org.finos.legend.engine.plan.execution.stores.relational.result.SQLExecutionResult.<init>(SQLExecutionResult.java:95)\n\t... 101 more\n"},"mode":"DEV","timeStamp":"2023-02-23 01:32:03.012","user":"_UNKNOWN_"}
| **selectSubClauses::windowColumn::windowWithSortMultiple** | failing :x: |
]]></system-out>
  </testcase>
</testsuite>